#
# There is insufficient memory for the Java Runtime Environment to continue.
# Native memory allocation (mmap) failed to map 444596224 bytes for G1 virtual space
# Possible reasons:
#   The system is out of physical RAM or swap space
#   The process is running with CompressedOops enabled, and the Java Heap may be blocking the growth of the native heap
# Possible solutions:
#   Reduce memory load on the system
#   Increase physical memory or swap space
#   Check if swap backing store is full
#   Decrease Java heap size (-Xmx/-Xms)
#   Decrease number of Java threads
#   Decrease Java thread stack sizes (-Xss)
#   Set larger code cache with -XX:ReservedCodeCacheSize=
#   JVM is running with Unscaled Compressed Oops mode in which the Java heap is
#     placed in the first 4GB address space. The Java Heap base address is the
#     maximum limit for the native heap growth. Please use -XX:HeapBaseMinAddress
#     to set the Java Heap base and to place the Java Heap above 4GB virtual address.
# This output file may be truncated or incomplete.
#
#  Out of Memory Error (os_windows.cpp:3466), pid=8008, tid=9128
#
# JRE version: Java(TM) SE Runtime Environment (16.0.2+7) (build 16.0.2+7-67)
# Java VM: Java HotSpot(TM) 64-Bit Server VM (16.0.2+7-67, mixed mode, sharing, tiered, compressed oops, compressed class ptrs, g1 gc, windows-amd64)
# No core dump will be written. Minidumps are not enabled by default on client versions of Windows
#

---------------  S U M M A R Y ------------

Command Line: --add-opens=java.base/java.util=ALL-UNNAMED --add-opens=java.base/java.lang=ALL-UNNAMED --add-opens=java.base/java.lang.invoke=ALL-UNNAMED --add-opens=java.base/java.util=ALL-UNNAMED --add-opens=java.prefs/java.util.prefs=ALL-UNNAMED --add-opens=java.prefs/java.util.prefs=ALL-UNNAMED --add-opens=java.base/java.nio.charset=ALL-UNNAMED --add-opens=java.base/java.net=ALL-UNNAMED --add-opens=java.base/java.util.concurrent.atomic=ALL-UNNAMED -Xmx2048m -Dfile.encoding=UTF-8 -Duser.country=US -Duser.language=en -Duser.variant org.gradle.launcher.daemon.bootstrap.GradleDaemon 7.3.3

Host: Intel(R) Core(TM) i7-1065G7 CPU @ 1.30GHz, 8 cores, 7G,  Windows 10 , 64 bit Build 19041 (10.0.19041.1889)
Time: Mon Aug 22 15:28:48 2022 Egypt Standard Time elapsed time: 1298.163383 seconds (0d 0h 21m 38s)

---------------  T H R E A D  ---------------

Current thread (0x0000011cb72ab1b0):  VMThread "VM Thread" [stack: 0x0000001ac2400000,0x0000001ac2500000] [id=9128]

Stack: [0x0000001ac2400000,0x0000001ac2500000]
Native frames: (J=compiled Java code, j=interpreted, Vv=VM code, C=native code)
V  [jvm.dll+0x6681ca]
V  [jvm.dll+0x7c9e69]
V  [jvm.dll+0x7cb61e]
V  [jvm.dll+0x7cbc73]
V  [jvm.dll+0x242c55]
V  [jvm.dll+0x664f89]
V  [jvm.dll+0x659b75]
V  [jvm.dll+0x2fbfbb]
V  [jvm.dll+0x3031b6]
V  [jvm.dll+0x35299e]
V  [jvm.dll+0x352bcf]
V  [jvm.dll+0x2d3028]
V  [jvm.dll+0x2d0bb5]
V  [jvm.dll+0x2d01ec]
V  [jvm.dll+0x3152d2]
V  [jvm.dll+0x7d00ab]
V  [jvm.dll+0x7d0da4]
V  [jvm.dll+0x7d12a9]
V  [jvm.dll+0x7d1564]
V  [jvm.dll+0x7d1630]
V  [jvm.dll+0x7795aa]
V  [jvm.dll+0x667066]
C  [ucrtbase.dll+0x21bb2]
C  [KERNEL32.DLL+0x17034]
C  [ntdll.dll+0x52651]

VM_Operation (0x0000001ac3afb840): G1CollectForAllocation, mode: safepoint, requested by thread 0x0000011cbbdeb730


---------------  P R O C E S S  ---------------

Threads class SMR info:
_java_thread_list=0x0000011cb9801700, length=49, elements={
0x0000011c99233ac0, 0x0000011cb72af250, 0x0000011cb72afb60, 0x0000011cb72bb290,
0x0000011cb72bbba0, 0x0000011cb72bec60, 0x0000011cb72c0d20, 0x0000011cb72c5890,
0x0000011cb72c7990, 0x0000011cb72ccaa0, 0x0000011cb7da9840, 0x0000011cb7dbb880,
0x0000011cb9657590, 0x0000011cb85f2c90, 0x0000011cb85f0cb0, 0x0000011cba19a040,
0x0000011cba19c570, 0x0000011cba19bad0, 0x0000011cba19e550, 0x0000011cba19c020,
0x0000011cba19fa90, 0x0000011cba198b00, 0x0000011cba19cac0, 0x0000011cba1995a0,
0x0000011cba19b030, 0x0000011cbbdec1d0, 0x0000011cbbdecc70, 0x0000011cbbded710,
0x0000011cbbdee700, 0x0000011cbbde9ca0, 0x0000011cbe2a3f60, 0x0000011cbe2a3a10,
0x0000011cbe30a550, 0x0000011cbbda7e70, 0x0000011cc73cb930, 0x0000011cc73ca3f0,
0x0000011cc73cc3d0, 0x0000011cc73cc920, 0x0000011cc73c8eb0, 0x0000011cc73c4ef0,
0x0000011cbe30e510, 0x0000011cbbde8760, 0x0000011cbbde8cb0, 0x0000011cbbdeb1e0,
0x0000011cbbdeb730, 0x0000011cbbdedc60, 0x0000011cbbde9200, 0x0000011cbbdebc80,
0x0000011cbbdeec50
}

Java Threads: ( => current thread )
  0x0000011c99233ac0 JavaThread "main" [_thread_blocked, id=8892, stack(0x0000001ac1e00000,0x0000001ac1f00000)]
  0x0000011cb72af250 JavaThread "Reference Handler" daemon [_thread_blocked, id=9152, stack(0x0000001ac2500000,0x0000001ac2600000)]
  0x0000011cb72afb60 JavaThread "Finalizer" daemon [_thread_blocked, id=9140, stack(0x0000001ac2600000,0x0000001ac2700000)]
  0x0000011cb72bb290 JavaThread "Signal Dispatcher" daemon [_thread_blocked, id=9332, stack(0x0000001ac2700000,0x0000001ac2800000)]
  0x0000011cb72bbba0 JavaThread "Attach Listener" daemon [_thread_blocked, id=9036, stack(0x0000001ac2800000,0x0000001ac2900000)]
  0x0000011cb72bec60 JavaThread "Service Thread" daemon [_thread_blocked, id=9132, stack(0x0000001ac2900000,0x0000001ac2a00000)]
  0x0000011cb72c0d20 JavaThread "Monitor Deflation Thread" daemon [_thread_blocked, id=8928, stack(0x0000001ac2a00000,0x0000001ac2b00000)]
  0x0000011cb72c5890 JavaThread "C2 CompilerThread0" daemon [_thread_blocked, id=9328, stack(0x0000001ac2b00000,0x0000001ac2c00000)]
  0x0000011cb72c7990 JavaThread "C1 CompilerThread0" daemon [_thread_blocked, id=9320, stack(0x0000001ac2c00000,0x0000001ac2d00000)]
  0x0000011cb72ccaa0 JavaThread "Sweeper thread" daemon [_thread_blocked, id=9312, stack(0x0000001ac2d00000,0x0000001ac2e00000)]
  0x0000011cb7da9840 JavaThread "Common-Cleaner" daemon [_thread_blocked, id=8668, stack(0x0000001ac2e00000,0x0000001ac2f00000)]
  0x0000011cb7dbb880 JavaThread "Notification Thread" daemon [_thread_blocked, id=9044, stack(0x0000001ac2f00000,0x0000001ac3000000)]
  0x0000011cb9657590 JavaThread "Daemon health stats" [_thread_blocked, id=9884, stack(0x0000001ac3700000,0x0000001ac3800000)]
  0x0000011cb85f2c90 JavaThread "Incoming local TCP Connector on port 59842" [_thread_in_native, id=10392, stack(0x0000001ac3600000,0x0000001ac3700000)]
  0x0000011cb85f0cb0 JavaThread "Daemon periodic checks" [_thread_blocked, id=10244, stack(0x0000001ac3800000,0x0000001ac3900000)]
  0x0000011cba19a040 JavaThread "Cache worker for journal cache (C:\Users\ITECH\.gradle\caches\journal-1)" [_thread_blocked, id=4580, stack(0x0000001ac4000000,0x0000001ac4100000)]
  0x0000011cba19c570 JavaThread "File lock request listener" [_thread_in_native, id=11760, stack(0x0000001ac4100000,0x0000001ac4200000)]
  0x0000011cba19bad0 JavaThread "Cache worker for file hash cache (C:\Users\ITECH\.gradle\caches\7.3.3\fileHashes)" [_thread_blocked, id=1452, stack(0x0000001ac4200000,0x0000001ac4300000)]
  0x0000011cba19e550 JavaThread "File watcher server" daemon [_thread_blocked, id=1316, stack(0x0000001ac4800000,0x0000001ac4900000)]
  0x0000011cba19c020 JavaThread "File watcher consumer" daemon [_thread_blocked, id=11344, stack(0x0000001ac4900000,0x0000001ac4a00000)]
  0x0000011cba19fa90 JavaThread "Cache worker for execution history cache (C:\Users\ITECH\.gradle\caches\7.3.3\executionHistory)" [_thread_blocked, id=5696, stack(0x0000001ac4e00000,0x0000001ac4f00000)]
  0x0000011cba198b00 JavaThread "jar transforms" [_thread_blocked, id=13196, stack(0x0000001ac4f00000,0x0000001ac5000000)]
  0x0000011cba19cac0 JavaThread "Cache worker for file content cache (C:\Users\ITECH\.gradle\caches\7.3.3\fileContent)" [_thread_blocked, id=12748, stack(0x0000001ac5000000,0x0000001ac5100000)]
  0x0000011cba1995a0 JavaThread "jar transforms Thread 2" [_thread_blocked, id=12360, stack(0x0000001ac5100000,0x0000001ac5200000)]
  0x0000011cba19b030 JavaThread "jar transforms Thread 3" [_thread_blocked, id=10032, stack(0x0000001ac5300000,0x0000001ac5400000)]
  0x0000011cbbdec1d0 JavaThread "jar transforms Thread 4" [_thread_blocked, id=5456, stack(0x0000001aca500000,0x0000001aca600000)]
  0x0000011cbbdecc70 JavaThread "jar transforms Thread 5" [_thread_blocked, id=13140, stack(0x0000001aca600000,0x0000001aca700000)]
  0x0000011cbbded710 JavaThread "jar transforms Thread 6" [_thread_blocked, id=12084, stack(0x0000001aca700000,0x0000001aca800000)]
  0x0000011cbbdee700 JavaThread "jar transforms Thread 7" [_thread_blocked, id=13192, stack(0x0000001aca800000,0x0000001aca900000)]
  0x0000011cbbde9ca0 JavaThread "jar transforms Thread 8" [_thread_blocked, id=13136, stack(0x0000001aca900000,0x0000001acaa00000)]
  0x0000011cbe2a3f60 JavaThread "Memory manager" [_thread_blocked, id=2316, stack(0x0000001aca400000,0x0000001aca500000)]
  0x0000011cbe2a3a10 JavaThread "pool-3-thread-1" [_thread_blocked, id=10016, stack(0x0000001acac00000,0x0000001acad00000)]
  0x0000011cbe30a550 JavaThread "Cache worker for Java compile cache (C:\Users\ITECH\.gradle\caches\7.3.3\javaCompile)" [_thread_blocked, id=9428, stack(0x0000001acc400000,0x0000001acc500000)]
  0x0000011cbbda7e70 JavaThread "pool-8-thread-1" [_thread_blocked, id=4688, stack(0x0000001aca300000,0x0000001aca400000)]
  0x0000011cc73cb930 JavaThread "ForkJoinPool.commonPool-worker-1" daemon [_thread_blocked, id=12936, stack(0x0000001accc00000,0x0000001accd00000)]
  0x0000011cc73ca3f0 JavaThread "ForkJoinPool.commonPool-worker-3" daemon [_thread_blocked, id=6312, stack(0x0000001accd00000,0x0000001acce00000)]
  0x0000011cc73cc3d0 JavaThread "ForkJoinPool.commonPool-worker-7" daemon [_thread_blocked, id=13172, stack(0x0000001accf00000,0x0000001acd000000)]
  0x0000011cc73cc920 JavaThread "ForkJoinPool.commonPool-worker-9" daemon [_thread_blocked, id=11440, stack(0x0000001acd000000,0x0000001acd100000)]
  0x0000011cc73c8eb0 JavaThread "ForkJoinPool.commonPool-worker-11" daemon [_thread_blocked, id=3632, stack(0x0000001acd100000,0x0000001acd200000)]
  0x0000011cc73c4ef0 JavaThread "ForkJoinPool.commonPool-worker-13" daemon [_thread_blocked, id=9304, stack(0x0000001acd200000,0x0000001acd300000)]
  0x0000011cbe30e510 JavaThread "pool-13-thread-1" [_thread_blocked, id=3968, stack(0x0000001acaa00000,0x0000001acab00000)]
  0x0000011cbbde8760 JavaThread "Daemon Thread 3" [_thread_blocked, id=11936, stack(0x0000001ac1b00000,0x0000001ac1c00000)]
  0x0000011cbbde8cb0 JavaThread "Handler for socket connection from /127.0.0.1:59842 to /127.0.0.1:59950" [_thread_in_native, id=2056, stack(0x0000001ac3100000,0x0000001ac3200000)]
  0x0000011cbbdeb1e0 JavaThread "Cancel handler" [_thread_blocked, id=8240, stack(0x0000001ac3900000,0x0000001ac3a00000)]
  0x0000011cbbdeb730 JavaThread "Daemon worker Thread 3" [_thread_blocked, id=10028, stack(0x0000001ac3a00000,0x0000001ac3b00000)]
  0x0000011cbbdedc60 JavaThread "Asynchronous log dispatcher for DefaultDaemonConnection: socket connection from /127.0.0.1:59842 to /127.0.0.1:59950" [_thread_blocked, id=7020, stack(0x0000001ac3b00000,0x0000001ac3c00000)]
  0x0000011cbbde9200 JavaThread "Stdin handler" [_thread_blocked, id=8992, stack(0x0000001ac3c00000,0x0000001ac3d00000)]
  0x0000011cbbdebc80 JavaThread "Daemon client event forwarder" [_thread_blocked, id=9248, stack(0x0000001ac3d00000,0x0000001ac3e00000)]
  0x0000011cbbdeec50 JavaThread "Cache worker for file hash cache (C:\Users\ITECH\AndroidStudioProjects\yummy\.gradle\7.3.3\fileHashes)" [_thread_blocked, id=5532, stack(0x0000001ac3e00000,0x0000001ac3f00000)]

Other Threads:
=>0x0000011cb72ab1b0 VMThread "VM Thread" [stack: 0x0000001ac2400000,0x0000001ac2500000] [id=9128]
  0x0000011cb7dbcad0 WatcherThread [stack: 0x0000001ac3000000,0x0000001ac3100000] [id=8868]
  0x0000011c9926cb50 GCTaskThread "GC Thread#0" [stack: 0x0000001ac1f00000,0x0000001ac2000000] [id=9092]
  0x0000011cb890d9e0 GCTaskThread "GC Thread#1" [stack: 0x0000001ac3200000,0x0000001ac3300000] [id=9064]
  0x0000011cb8b89f30 GCTaskThread "GC Thread#2" [stack: 0x0000001ac3300000,0x0000001ac3400000] [id=9116]
  0x0000011cb8b8a820 GCTaskThread "GC Thread#3" [stack: 0x0000001ac3400000,0x0000001ac3500000] [id=9308]
  0x0000011cb8b06c00 GCTaskThread "GC Thread#4" [stack: 0x0000001ac3500000,0x0000001ac3600000] [id=9628]
  0x0000011cb8d02ff0 GCTaskThread "GC Thread#5" [stack: 0x0000001ac4500000,0x0000001ac4600000] [id=3224]
  0x0000011cbc0835d0 GCTaskThread "GC Thread#6" [stack: 0x0000001ac4600000,0x0000001ac4700000] [id=10936]
  0x0000011cbd59b5c0 GCTaskThread "GC Thread#7" [stack: 0x0000001ac4700000,0x0000001ac4800000] [id=12464]
  0x0000011c9927d940 ConcurrentGCThread "G1 Main Marker" [stack: 0x0000001ac2000000,0x0000001ac2100000] [id=8520]
  0x0000011c9927f890 ConcurrentGCThread "G1 Conc#0" [stack: 0x0000001ac2100000,0x0000001ac2200000] [id=8216]
  0x0000011cbd59bef0 ConcurrentGCThread "G1 Conc#1" [stack: 0x0000001ac4d00000,0x0000001ac4e00000] [id=11108]
  0x0000011c99308040 ConcurrentGCThread "G1 Refine#0" [stack: 0x0000001ac2200000,0x0000001ac2300000] [id=8568]
  0x0000011cb8126420 ConcurrentGCThread "G1 Refine#1" [stack: 0x0000001acb600000,0x0000001acb700000] [id=3532]
  0x0000011cb8122ce0 ConcurrentGCThread "G1 Refine#2" [stack: 0x0000001acbf00000,0x0000001acc000000] [id=3528]
  0x0000011cb8124060 ConcurrentGCThread "G1 Refine#3" [stack: 0x0000001acc000000,0x0000001acc100000] [id=4400]
  0x0000011cbd8620b0 ConcurrentGCThread "G1 Refine#4" [stack: 0x0000001acd700000,0x0000001acd800000] [id=2256]
  0x0000011cbd8616f0 ConcurrentGCThread "G1 Refine#5" [stack: 0x0000001acd800000,0x0000001acd900000] [id=8404]
  0x0000011cbd8647b0 ConcurrentGCThread "G1 Refine#6" [stack: 0x0000001acd900000,0x0000001acda00000] [id=11332]
  0x0000011cbd8630f0 ConcurrentGCThread "G1 Refine#7" [stack: 0x0000001acd500000,0x0000001acd600000] [id=3492]
  0x0000011c99309780 ConcurrentGCThread "G1 Service" [stack: 0x0000001ac2300000,0x0000001ac2400000] [id=9160]

Threads with active compile tasks:
C2 CompilerThread0  1298193 22595       4       org.gradle.internal.logging.sink.OutputEventTransformer::onOutput (399 bytes)

VM state: at safepoint (normal execution)

VM Mutex/Monitor currently owned by a thread:  ([mutex/lock_event])
[0x0000011c9922fb80] Threads_lock - owner thread: 0x0000011cb72ab1b0
[0x0000011c9922fe50] Heap_lock - owner thread: 0x0000011cbbdeb730

Heap address: 0x0000000080000000, size: 2048 MB, Compressed Oops mode: 32-bit

CDS archive(s) mapped at: [0x0000000800000000-0x0000000800bb0000-0x0000000800bb0000), size 12255232, SharedBaseAddress: 0x0000000800000000, ArchiveRelocationMode: 0.
Compressed class space mapped at: 0x0000000800c00000-0x0000000840c00000, reserved size: 1073741824
Narrow klass base: 0x0000000800000000, Narrow klass shift: 3, Narrow klass range: 0x100000000

GC Precious Log:
 CPUs: 8 total, 8 available
 Memory: 7959M
 Large Page Support: Disabled
 NUMA Support: Disabled
 Compressed Oops: Enabled (32-bit)
 Heap Region Size: 1M
 Heap Min Capacity: 8M
 Heap Initial Capacity: 126M
 Heap Max Capacity: 2G
 Pre-touch: Disabled
 Parallel Workers: 8
 Concurrent Workers: 2
 Concurrent Refinement Workers: 8
 Periodic GC: Disabled

Heap:
 garbage-first heap   total 368640K, used 175515K [0x0000000080000000, 0x0000000100000000)
  region size 1024K, 2 young (2048K), 2 survivors (2048K)
 Metaspace       used 117598K, committed 118400K, reserved 1155072K
  class space    used 15397K, committed 15808K, reserved 1048576K

Heap Regions: E=young(eden), S=young(survivor), O=old, HS=humongous(starts), HC=humongous(continues), CS=collection set, F=free, OA=open archive, CA=closed archive, TAMS=top-at-mark-start (previous, next)
|   0|0x0000000080000000, 0x0000000080100000, 0x0000000080100000|100%| O|  |TAMS 0x0000000080100000, 0x0000000080000000| Untracked 
|   1|0x0000000080100000, 0x0000000080200000, 0x0000000080200000|100%| O|  |TAMS 0x0000000080200000, 0x0000000080100000| Untracked 
|   2|0x0000000080200000, 0x0000000080300000, 0x0000000080300000|100%| O|  |TAMS 0x0000000080300000, 0x0000000080200000| Untracked 
|   3|0x0000000080300000, 0x0000000080400000, 0x0000000080400000|100%|HS|  |TAMS 0x0000000080400000, 0x0000000080300000| Complete 
|   4|0x0000000080400000, 0x0000000080500000, 0x0000000080500000|100%|HC|  |TAMS 0x0000000080500000, 0x0000000080400000| Complete 
|   5|0x0000000080500000, 0x0000000080600000, 0x0000000080600000|100%|HC|  |TAMS 0x0000000080600000, 0x0000000080500000| Complete 
|   6|0x0000000080600000, 0x0000000080700000, 0x0000000080700000|100%| O|  |TAMS 0x0000000080700000, 0x0000000080600000| Untracked 
|   7|0x0000000080700000, 0x0000000080800000, 0x0000000080800000|100%| O|  |TAMS 0x0000000080800000, 0x0000000080700000| Untracked 
|   8|0x0000000080800000, 0x0000000080900000, 0x0000000080900000|100%| O|  |TAMS 0x0000000080900000, 0x0000000080800000| Untracked 
|   9|0x0000000080900000, 0x0000000080a00000, 0x0000000080a00000|100%| O|  |TAMS 0x0000000080a00000, 0x0000000080900000| Untracked 
|  10|0x0000000080a00000, 0x0000000080b00000, 0x0000000080b00000|100%| O|  |TAMS 0x0000000080b00000, 0x0000000080a00000| Untracked 
|  11|0x0000000080b00000, 0x0000000080c00000, 0x0000000080c00000|100%| O|  |TAMS 0x0000000080c00000, 0x0000000080b00000| Untracked 
|  12|0x0000000080c00000, 0x0000000080d00000, 0x0000000080d00000|100%| O|  |TAMS 0x0000000080d00000, 0x0000000080c00000| Untracked 
|  13|0x0000000080d00000, 0x0000000080e00000, 0x0000000080e00000|100%| O|  |TAMS 0x0000000080e00000, 0x0000000080d00000| Untracked 
|  14|0x0000000080e00000, 0x0000000080f00000, 0x0000000080f00000|100%| O|  |TAMS 0x0000000080f00000, 0x0000000080e00000| Untracked 
|  15|0x0000000080f00000, 0x0000000081000000, 0x0000000081000000|100%| O|  |TAMS 0x0000000081000000, 0x0000000080f00000| Untracked 
|  16|0x0000000081000000, 0x0000000081100000, 0x0000000081100000|100%| O|  |TAMS 0x0000000081100000, 0x0000000081000000| Untracked 
|  17|0x0000000081100000, 0x0000000081200000, 0x0000000081200000|100%| O|  |TAMS 0x0000000081200000, 0x0000000081100000| Untracked 
|  18|0x0000000081200000, 0x0000000081300000, 0x0000000081300000|100%|HS|  |TAMS 0x0000000081200000, 0x0000000081200000| Complete 
|  19|0x0000000081300000, 0x0000000081400000, 0x0000000081400000|100%| O|  |TAMS 0x0000000081300000, 0x0000000081300000| Untracked 
|  20|0x0000000081400000, 0x0000000081500000, 0x0000000081500000|100%| O|  |TAMS 0x0000000081500000, 0x0000000081400000| Untracked 
|  21|0x0000000081500000, 0x0000000081600000, 0x0000000081600000|100%| O|  |TAMS 0x0000000081600000, 0x0000000081500000| Untracked 
|  22|0x0000000081600000, 0x0000000081700000, 0x0000000081700000|100%| O|  |TAMS 0x0000000081700000, 0x0000000081600000| Untracked 
|  23|0x0000000081700000, 0x0000000081800000, 0x0000000081800000|100%| O|  |TAMS 0x0000000081800000, 0x0000000081700000| Untracked 
|  24|0x0000000081800000, 0x0000000081900000, 0x0000000081900000|100%|HS|  |TAMS 0x0000000081900000, 0x0000000081800000| Complete 
|  25|0x0000000081900000, 0x0000000081a00000, 0x0000000081a00000|100%|HS|  |TAMS 0x0000000081a00000, 0x0000000081900000| Complete 
|  26|0x0000000081a00000, 0x0000000081b00000, 0x0000000081b00000|100%|HS|  |TAMS 0x0000000081b00000, 0x0000000081a00000| Complete 
|  27|0x0000000081b00000, 0x0000000081c00000, 0x0000000081c00000|100%|HS|  |TAMS 0x0000000081c00000, 0x0000000081b00000| Complete 
|  28|0x0000000081c00000, 0x0000000081d00000, 0x0000000081d00000|100%| O|  |TAMS 0x0000000081d00000, 0x0000000081c00000| Untracked 
|  29|0x0000000081d00000, 0x0000000081e00000, 0x0000000081e00000|100%| O|  |TAMS 0x0000000081d00000, 0x0000000081d00000| Untracked 
|  30|0x0000000081e00000, 0x0000000081f00000, 0x0000000081f00000|100%| O|  |TAMS 0x0000000081f00000, 0x0000000081e00000| Untracked 
|  31|0x0000000081f00000, 0x0000000082000000, 0x0000000082000000|100%| O|  |TAMS 0x0000000082000000, 0x0000000081f00000| Untracked 
|  32|0x0000000082000000, 0x0000000082100000, 0x0000000082100000|100%| O|  |TAMS 0x0000000082100000, 0x0000000082000000| Untracked 
|  33|0x0000000082100000, 0x0000000082200000, 0x0000000082200000|100%| O|  |TAMS 0x0000000082200000, 0x0000000082100000| Untracked 
|  34|0x0000000082200000, 0x0000000082300000, 0x0000000082300000|100%| O|  |TAMS 0x0000000082300000, 0x0000000082200000| Untracked 
|  35|0x0000000082300000, 0x0000000082300000, 0x0000000082400000|  0%| F|  |TAMS 0x0000000082300000, 0x0000000082300000| Untracked 
|  36|0x0000000082400000, 0x0000000082400000, 0x0000000082500000|  0%| F|  |TAMS 0x0000000082400000, 0x0000000082400000| Untracked 
|  37|0x0000000082500000, 0x0000000082600000, 0x0000000082600000|100%|HS|  |TAMS 0x0000000082600000, 0x0000000082500000| Complete 
|  38|0x0000000082600000, 0x0000000082700000, 0x0000000082700000|100%|HC|  |TAMS 0x0000000082700000, 0x0000000082600000| Complete 
|  39|0x0000000082700000, 0x0000000082800000, 0x0000000082800000|100%| O|  |TAMS 0x0000000082800000, 0x0000000082700000| Untracked 
|  40|0x0000000082800000, 0x0000000082900000, 0x0000000082900000|100%| O|  |TAMS 0x0000000082900000, 0x0000000082800000| Untracked 
|  41|0x0000000082900000, 0x0000000082a00000, 0x0000000082a00000|100%| O|  |TAMS 0x0000000082a00000, 0x0000000082900000| Untracked 
|  42|0x0000000082a00000, 0x0000000082b00000, 0x0000000082b00000|100%| O|  |TAMS 0x0000000082b00000, 0x0000000082a00000| Untracked 
|  43|0x0000000082b00000, 0x0000000082c00000, 0x0000000082c00000|100%| O|  |TAMS 0x0000000082c00000, 0x0000000082b00000| Untracked 
|  44|0x0000000082c00000, 0x0000000082d00000, 0x0000000082d00000|100%| O|  |TAMS 0x0000000082d00000, 0x0000000082c00000| Untracked 
|  45|0x0000000082d00000, 0x0000000082e00000, 0x0000000082e00000|100%| O|  |TAMS 0x0000000082e00000, 0x0000000082d00000| Untracked 
|  46|0x0000000082e00000, 0x0000000082f00000, 0x0000000082f00000|100%| O|  |TAMS 0x0000000082f00000, 0x0000000082e00000| Untracked 
|  47|0x0000000082f00000, 0x0000000083000000, 0x0000000083000000|100%| O|  |TAMS 0x0000000083000000, 0x0000000082f00000| Untracked 
|  48|0x0000000083000000, 0x0000000083100000, 0x0000000083100000|100%| O|  |TAMS 0x0000000083100000, 0x0000000083000000| Untracked 
|  49|0x0000000083100000, 0x0000000083100000, 0x0000000083200000|  0%| F|  |TAMS 0x0000000083100000, 0x0000000083100000| Untracked 
|  50|0x0000000083200000, 0x0000000083300000, 0x0000000083300000|100%| O|  |TAMS 0x0000000083300000, 0x0000000083200000| Untracked 
|  51|0x0000000083300000, 0x0000000083400000, 0x0000000083400000|100%| O|  |TAMS 0x0000000083400000, 0x0000000083300000| Untracked 
|  52|0x0000000083400000, 0x0000000083500000, 0x0000000083500000|100%| O|  |TAMS 0x0000000083500000, 0x0000000083400000| Untracked 
|  53|0x0000000083500000, 0x0000000083600000, 0x0000000083600000|100%| O|  |TAMS 0x0000000083600000, 0x0000000083500000| Untracked 
|  54|0x0000000083600000, 0x0000000083600000, 0x0000000083700000|  0%| F|  |TAMS 0x0000000083600000, 0x0000000083600000| Untracked 
|  55|0x0000000083700000, 0x0000000083700000, 0x0000000083800000|  0%| F|  |TAMS 0x0000000083700000, 0x0000000083700000| Untracked 
|  56|0x0000000083800000, 0x0000000083900000, 0x0000000083900000|100%| O|  |TAMS 0x0000000083900000, 0x0000000083800000| Untracked 
|  57|0x0000000083900000, 0x0000000083900000, 0x0000000083a00000|  0%| F|  |TAMS 0x0000000083900000, 0x0000000083900000| Untracked 
|  58|0x0000000083a00000, 0x0000000083b00000, 0x0000000083b00000|100%| O|  |TAMS 0x0000000083b00000, 0x0000000083a00000| Untracked 
|  59|0x0000000083b00000, 0x0000000083c00000, 0x0000000083c00000|100%| O|  |TAMS 0x0000000083c00000, 0x0000000083b00000| Untracked 
|  60|0x0000000083c00000, 0x0000000083d00000, 0x0000000083d00000|100%| O|  |TAMS 0x0000000083d00000, 0x0000000083c00000| Untracked 
|  61|0x0000000083d00000, 0x0000000083e00000, 0x0000000083e00000|100%| O|  |TAMS 0x0000000083e00000, 0x0000000083d00000| Untracked 
|  62|0x0000000083e00000, 0x0000000083f00000, 0x0000000083f00000|100%| O|  |TAMS 0x0000000083f00000, 0x0000000083e00000| Untracked 
|  63|0x0000000083f00000, 0x0000000083f00000, 0x0000000084000000|  0%| F|  |TAMS 0x0000000083f00000, 0x0000000083f00000| Untracked 
|  64|0x0000000084000000, 0x0000000084100000, 0x0000000084100000|100%| O|  |TAMS 0x0000000084000000, 0x0000000084000000| Untracked 
|  65|0x0000000084100000, 0x0000000084200000, 0x0000000084200000|100%| O|  |TAMS 0x0000000084100000, 0x0000000084100000| Untracked 
|  66|0x0000000084200000, 0x0000000084200000, 0x0000000084300000|  0%| F|  |TAMS 0x0000000084200000, 0x0000000084200000| Untracked 
|  67|0x0000000084300000, 0x0000000084400000, 0x0000000084400000|100%| O|  |TAMS 0x0000000084300000, 0x0000000084300000| Untracked 
|  68|0x0000000084400000, 0x0000000084500000, 0x0000000084500000|100%| O|  |TAMS 0x0000000084400000, 0x0000000084400000| Untracked 
|  69|0x0000000084500000, 0x0000000084600000, 0x0000000084600000|100%| O|  |TAMS 0x0000000084500000, 0x0000000084500000| Untracked 
|  70|0x0000000084600000, 0x0000000084700000, 0x0000000084700000|100%| O|  |TAMS 0x0000000084700000, 0x0000000084600000| Untracked 
|  71|0x0000000084700000, 0x0000000084800000, 0x0000000084800000|100%| O|  |TAMS 0x0000000084700000, 0x0000000084700000| Untracked 
|  72|0x0000000084800000, 0x0000000084900000, 0x0000000084900000|100%| O|  |TAMS 0x0000000084800000, 0x0000000084800000| Untracked 
|  73|0x0000000084900000, 0x0000000084a00000, 0x0000000084a00000|100%| O|  |TAMS 0x0000000084900000, 0x0000000084900000| Untracked 
|  74|0x0000000084a00000, 0x0000000084b00000, 0x0000000084b00000|100%|HS|  |TAMS 0x0000000084b00000, 0x0000000084a00000| Complete 
|  75|0x0000000084b00000, 0x0000000084b00000, 0x0000000084c00000|  0%| F|  |TAMS 0x0000000084b00000, 0x0000000084b00000| Untracked 
|  76|0x0000000084c00000, 0x0000000084d00000, 0x0000000084d00000|100%| O|  |TAMS 0x0000000084d00000, 0x0000000084c00000| Untracked 
|  77|0x0000000084d00000, 0x0000000084e00000, 0x0000000084e00000|100%| O|  |TAMS 0x0000000084e00000, 0x0000000084d00000| Untracked 
|  78|0x0000000084e00000, 0x0000000084f00000, 0x0000000084f00000|100%| O|  |TAMS 0x0000000084e00000, 0x0000000084e00000| Untracked 
|  79|0x0000000084f00000, 0x0000000084f00000, 0x0000000085000000|  0%| F|  |TAMS 0x0000000084f00000, 0x0000000084f00000| Untracked 
|  80|0x0000000085000000, 0x0000000085000000, 0x0000000085100000|  0%| F|  |TAMS 0x0000000085000000, 0x0000000085000000| Untracked 
|  81|0x0000000085100000, 0x0000000085200000, 0x0000000085200000|100%| O|  |TAMS 0x0000000085100000, 0x0000000085100000| Untracked 
|  82|0x0000000085200000, 0x0000000085200000, 0x0000000085300000|  0%| F|  |TAMS 0x0000000085200000, 0x0000000085200000| Untracked 
|  83|0x0000000085300000, 0x0000000085300000, 0x0000000085400000|  0%| F|  |TAMS 0x0000000085300000, 0x0000000085300000| Untracked 
|  84|0x0000000085400000, 0x0000000085500000, 0x0000000085500000|100%| O|  |TAMS 0x0000000085400000, 0x0000000085400000| Untracked 
|  85|0x0000000085500000, 0x0000000085600000, 0x0000000085600000|100%| O|  |TAMS 0x0000000085600000, 0x0000000085500000| Untracked 
|  86|0x0000000085600000, 0x0000000085600000, 0x0000000085700000|  0%| F|  |TAMS 0x0000000085600000, 0x0000000085600000| Untracked 
|  87|0x0000000085700000, 0x0000000085800000, 0x0000000085800000|100%| O|  |TAMS 0x0000000085700000, 0x0000000085700000| Untracked 
|  88|0x0000000085800000, 0x0000000085900000, 0x0000000085900000|100%| O|  |TAMS 0x0000000085800000, 0x0000000085800000| Untracked 
|  89|0x0000000085900000, 0x0000000085900000, 0x0000000085a00000|  0%| F|  |TAMS 0x0000000085900000, 0x0000000085900000| Untracked 
|  90|0x0000000085a00000, 0x0000000085a00000, 0x0000000085b00000|  0%| F|  |TAMS 0x0000000085a00000, 0x0000000085a00000| Untracked 
|  91|0x0000000085b00000, 0x0000000085c00000, 0x0000000085c00000|100%| O|  |TAMS 0x0000000085b00000, 0x0000000085b00000| Untracked 
|  92|0x0000000085c00000, 0x0000000085d00000, 0x0000000085d00000|100%| O|  |TAMS 0x0000000085c00000, 0x0000000085c00000| Untracked 
|  93|0x0000000085d00000, 0x0000000085e00000, 0x0000000085e00000|100%| O|  |TAMS 0x0000000085e00000, 0x0000000085d00000| Untracked 
|  94|0x0000000085e00000, 0x0000000085f00000, 0x0000000085f00000|100%| O|  |TAMS 0x0000000085e00000, 0x0000000085e00000| Untracked 
|  95|0x0000000085f00000, 0x0000000086000000, 0x0000000086000000|100%| O|  |TAMS 0x0000000085f00000, 0x0000000085f00000| Untracked 
|  96|0x0000000086000000, 0x0000000086000000, 0x0000000086100000|  0%| F|  |TAMS 0x0000000086000000, 0x0000000086000000| Untracked 
|  97|0x0000000086100000, 0x0000000086200000, 0x0000000086200000|100%| O|  |TAMS 0x0000000086100000, 0x0000000086100000| Untracked 
|  98|0x0000000086200000, 0x0000000086300000, 0x0000000086300000|100%| O|  |TAMS 0x0000000086200000, 0x0000000086200000| Untracked 
|  99|0x0000000086300000, 0x0000000086400000, 0x0000000086400000|100%| O|  |TAMS 0x0000000086300000, 0x0000000086300000| Untracked 
| 100|0x0000000086400000, 0x0000000086500000, 0x0000000086500000|100%| O|  |TAMS 0x0000000086400000, 0x0000000086400000| Untracked 
| 101|0x0000000086500000, 0x0000000086600000, 0x0000000086600000|100%| O|  |TAMS 0x0000000086500000, 0x0000000086500000| Untracked 
| 102|0x0000000086600000, 0x0000000086700000, 0x0000000086700000|100%| O|  |TAMS 0x0000000086600000, 0x0000000086600000| Untracked 
| 103|0x0000000086700000, 0x0000000086800000, 0x0000000086800000|100%| O|  |TAMS 0x0000000086700000, 0x0000000086700000| Untracked 
| 104|0x0000000086800000, 0x0000000086900000, 0x0000000086900000|100%| O|  |TAMS 0x0000000086800000, 0x0000000086800000| Untracked 
| 105|0x0000000086900000, 0x0000000086a00000, 0x0000000086a00000|100%| O|  |TAMS 0x0000000086900000, 0x0000000086900000| Untracked 
| 106|0x0000000086a00000, 0x0000000086b00000, 0x0000000086b00000|100%| O|  |TAMS 0x0000000086b00000, 0x0000000086a00000| Untracked 
| 107|0x0000000086b00000, 0x0000000086c00000, 0x0000000086c00000|100%| O|  |TAMS 0x0000000086b00000, 0x0000000086b00000| Untracked 
| 108|0x0000000086c00000, 0x0000000086d00000, 0x0000000086d00000|100%| O|  |TAMS 0x0000000086c00000, 0x0000000086c00000| Untracked 
| 109|0x0000000086d00000, 0x0000000086e00000, 0x0000000086e00000|100%| O|  |TAMS 0x0000000086e00000, 0x0000000086d00000| Untracked 
| 110|0x0000000086e00000, 0x0000000086f00000, 0x0000000086f00000|100%| O|  |TAMS 0x0000000086e00000, 0x0000000086e00000| Untracked 
| 111|0x0000000086f00000, 0x0000000087000000, 0x0000000087000000|100%| O|  |TAMS 0x0000000086f00000, 0x0000000086f00000| Untracked 
| 112|0x0000000087000000, 0x0000000087100000, 0x0000000087100000|100%| O|  |TAMS 0x0000000087000000, 0x0000000087000000| Untracked 
| 113|0x0000000087100000, 0x0000000087200000, 0x0000000087200000|100%|HS|  |TAMS 0x0000000087200000, 0x0000000087100000| Complete 
| 114|0x0000000087200000, 0x0000000087300000, 0x0000000087300000|100%|HC|  |TAMS 0x0000000087300000, 0x0000000087200000| Complete 
| 115|0x0000000087300000, 0x0000000087400000, 0x0000000087400000|100%| O|  |TAMS 0x0000000087300000, 0x0000000087300000| Untracked 
| 116|0x0000000087400000, 0x0000000087500000, 0x0000000087500000|100%| O|  |TAMS 0x0000000087400000, 0x0000000087400000| Untracked 
| 117|0x0000000087500000, 0x0000000087600000, 0x0000000087600000|100%| O|  |TAMS 0x0000000087500000, 0x0000000087500000| Untracked 
| 118|0x0000000087600000, 0x0000000087700000, 0x0000000087700000|100%|HS|  |TAMS 0x0000000087700000, 0x0000000087600000| Complete 
| 119|0x0000000087700000, 0x0000000087800000, 0x0000000087800000|100%| O|  |TAMS 0x0000000087700000, 0x0000000087700000| Untracked 
| 120|0x0000000087800000, 0x0000000087900000, 0x0000000087900000|100%| O|  |TAMS 0x0000000087800000, 0x0000000087800000| Untracked 
| 121|0x0000000087900000, 0x0000000087a00000, 0x0000000087a00000|100%| O|  |TAMS 0x0000000087a00000, 0x0000000087900000| Untracked 
| 122|0x0000000087a00000, 0x0000000087b00000, 0x0000000087b00000|100%| O|  |TAMS 0x0000000087b00000, 0x0000000087a00000| Untracked 
| 123|0x0000000087b00000, 0x0000000087b00000, 0x0000000087c00000|  0%| F|  |TAMS 0x0000000087b00000, 0x0000000087b00000| Untracked 
| 124|0x0000000087c00000, 0x0000000087d00000, 0x0000000087d00000|100%| O|  |TAMS 0x0000000087d00000, 0x0000000087c00000| Untracked 
| 125|0x0000000087d00000, 0x0000000087e00000, 0x0000000087e00000|100%|HS|  |TAMS 0x0000000087e00000, 0x0000000087d00000| Complete 
| 126|0x0000000087e00000, 0x0000000087f00000, 0x0000000087f00000|100%|HC|  |TAMS 0x0000000087f00000, 0x0000000087e00000| Complete 
| 127|0x0000000087f00000, 0x0000000088000000, 0x0000000088000000|100%|HC|  |TAMS 0x0000000088000000, 0x0000000087f00000| Complete 
| 128|0x0000000088000000, 0x0000000088100000, 0x0000000088100000|100%|HC|  |TAMS 0x0000000088100000, 0x0000000088000000| Complete 
| 129|0x0000000088100000, 0x0000000088200000, 0x0000000088200000|100%|HC|  |TAMS 0x0000000088200000, 0x0000000088100000| Complete 
| 130|0x0000000088200000, 0x0000000088300000, 0x0000000088300000|100%|HC|  |TAMS 0x0000000088300000, 0x0000000088200000| Complete 
| 131|0x0000000088300000, 0x0000000088400000, 0x0000000088400000|100%| O|  |TAMS 0x0000000088300000, 0x0000000088300000| Untracked 
| 132|0x0000000088400000, 0x0000000088500000, 0x0000000088500000|100%| O|  |TAMS 0x0000000088400000, 0x0000000088400000| Untracked 
| 133|0x0000000088500000, 0x0000000088600000, 0x0000000088600000|100%| O|  |TAMS 0x0000000088500000, 0x0000000088500000| Untracked 
| 134|0x0000000088600000, 0x0000000088700000, 0x0000000088700000|100%| O|  |TAMS 0x0000000088600000, 0x0000000088600000| Untracked 
| 135|0x0000000088700000, 0x0000000088800000, 0x0000000088800000|100%| O|  |TAMS 0x0000000088700000, 0x0000000088700000| Untracked 
| 136|0x0000000088800000, 0x0000000088900000, 0x0000000088900000|100%| O|  |TAMS 0x0000000088900000, 0x0000000088800000| Untracked 
| 137|0x0000000088900000, 0x0000000088a00000, 0x0000000088a00000|100%| O|  |TAMS 0x0000000088a00000, 0x0000000088900000| Untracked 
| 138|0x0000000088a00000, 0x0000000088b00000, 0x0000000088b00000|100%| O|  |TAMS 0x0000000088b00000, 0x0000000088a00000| Untracked 
| 139|0x0000000088b00000, 0x0000000088b00000, 0x0000000088c00000|  0%| F|  |TAMS 0x0000000088b00000, 0x0000000088b00000| Untracked 
| 140|0x0000000088c00000, 0x0000000088d00000, 0x0000000088d00000|100%| O|  |TAMS 0x0000000088d00000, 0x0000000088c00000| Untracked 
| 141|0x0000000088d00000, 0x0000000088e00000, 0x0000000088e00000|100%| O|  |TAMS 0x0000000088e00000, 0x0000000088d00000| Untracked 
| 142|0x0000000088e00000, 0x0000000088f00000, 0x0000000088f00000|100%| O|  |TAMS 0x0000000088e00000, 0x0000000088e00000| Untracked 
| 143|0x0000000088f00000, 0x0000000089000000, 0x0000000089000000|100%| O|  |TAMS 0x0000000088f00000, 0x0000000088f00000| Untracked 
| 144|0x0000000089000000, 0x0000000089100000, 0x0000000089100000|100%| O|  |TAMS 0x0000000089000000, 0x0000000089000000| Untracked 
| 145|0x0000000089100000, 0x0000000089200000, 0x0000000089200000|100%| O|  |TAMS 0x0000000089100000, 0x0000000089100000| Untracked 
| 146|0x0000000089200000, 0x0000000089300000, 0x0000000089300000|100%| O|  |TAMS 0x0000000089200000, 0x0000000089200000| Untracked 
| 147|0x0000000089300000, 0x0000000089400000, 0x0000000089400000|100%| O|  |TAMS 0x0000000089300000, 0x0000000089300000| Untracked 
| 148|0x0000000089400000, 0x0000000089500000, 0x0000000089500000|100%| O|  |TAMS 0x0000000089400000, 0x0000000089400000| Untracked 
| 149|0x0000000089500000, 0x0000000089600000, 0x0000000089600000|100%| O|  |TAMS 0x0000000089600000, 0x0000000089500000| Untracked 
| 150|0x0000000089600000, 0x0000000089600000, 0x0000000089700000|  0%| F|  |TAMS 0x0000000089600000, 0x0000000089600000| Untracked 
| 151|0x0000000089700000, 0x0000000089800000, 0x0000000089800000|100%| O|  |TAMS 0x0000000089800000, 0x0000000089700000| Untracked 
| 152|0x0000000089800000, 0x0000000089900000, 0x0000000089900000|100%| O|  |TAMS 0x0000000089900000, 0x0000000089800000| Untracked 
| 153|0x0000000089900000, 0x0000000089a00000, 0x0000000089a00000|100%| O|  |TAMS 0x0000000089a00000, 0x0000000089900000| Untracked 
| 154|0x0000000089a00000, 0x0000000089b00000, 0x0000000089b00000|100%| O|  |TAMS 0x0000000089b00000, 0x0000000089a00000| Untracked 
| 155|0x0000000089b00000, 0x0000000089c00000, 0x0000000089c00000|100%| O|  |TAMS 0x0000000089c00000, 0x0000000089b00000| Untracked 
| 156|0x0000000089c00000, 0x0000000089d00000, 0x0000000089d00000|100%| O|  |TAMS 0x0000000089d00000, 0x0000000089c00000| Untracked 
| 157|0x0000000089d00000, 0x0000000089e00000, 0x0000000089e00000|100%| O|  |TAMS 0x0000000089d00000, 0x0000000089d00000| Untracked 
| 158|0x0000000089e00000, 0x0000000089e00000, 0x0000000089f00000|  0%| F|  |TAMS 0x0000000089e00000, 0x0000000089e00000| Untracked 
| 159|0x0000000089f00000, 0x000000008a000000, 0x000000008a000000|100%| O|  |TAMS 0x0000000089f00000, 0x0000000089f00000| Untracked 
| 160|0x000000008a000000, 0x000000008a100000, 0x000000008a100000|100%| O|  |TAMS 0x000000008a000000, 0x000000008a000000| Untracked 
| 161|0x000000008a100000, 0x000000008a100000, 0x000000008a200000|  0%| F|  |TAMS 0x000000008a100000, 0x000000008a100000| Untracked 
| 162|0x000000008a200000, 0x000000008a200000, 0x000000008a300000|  0%| F|  |TAMS 0x000000008a200000, 0x000000008a200000| Untracked 
| 163|0x000000008a300000, 0x000000008a400000, 0x000000008a400000|100%| O|  |TAMS 0x000000008a400000, 0x000000008a300000| Untracked 
| 164|0x000000008a400000, 0x000000008a400000, 0x000000008a500000|  0%| F|  |TAMS 0x000000008a400000, 0x000000008a400000| Untracked 
| 165|0x000000008a500000, 0x000000008a500000, 0x000000008a600000|  0%| F|  |TAMS 0x000000008a500000, 0x000000008a500000| Untracked 
| 166|0x000000008a600000, 0x000000008a600000, 0x000000008a700000|  0%| F|  |TAMS 0x000000008a600000, 0x000000008a600000| Untracked 
| 167|0x000000008a700000, 0x000000008a700000, 0x000000008a800000|  0%| F|  |TAMS 0x000000008a700000, 0x000000008a700000| Untracked 
| 168|0x000000008a800000, 0x000000008a800000, 0x000000008a900000|  0%| F|  |TAMS 0x000000008a800000, 0x000000008a800000| Untracked 
| 169|0x000000008a900000, 0x000000008a900000, 0x000000008aa00000|  0%| F|  |TAMS 0x000000008a900000, 0x000000008a900000| Untracked 
| 170|0x000000008aa00000, 0x000000008aa00000, 0x000000008ab00000|  0%| F|  |TAMS 0x000000008aa00000, 0x000000008aa00000| Untracked 
| 171|0x000000008ab00000, 0x000000008ab00000, 0x000000008ac00000|  0%| F|  |TAMS 0x000000008ab00000, 0x000000008ab00000| Untracked 
| 172|0x000000008ac00000, 0x000000008ac00000, 0x000000008ad00000|  0%| F|  |TAMS 0x000000008ac00000, 0x000000008ac00000| Untracked 
| 173|0x000000008ad00000, 0x000000008ad00000, 0x000000008ae00000|  0%| F|  |TAMS 0x000000008ad00000, 0x000000008ad00000| Untracked 
| 174|0x000000008ae00000, 0x000000008ae00000, 0x000000008af00000|  0%| F|  |TAMS 0x000000008ae00000, 0x000000008ae00000| Untracked 
| 175|0x000000008af00000, 0x000000008af00000, 0x000000008b000000|  0%| F|  |TAMS 0x000000008af00000, 0x000000008af00000| Untracked 
| 176|0x000000008b000000, 0x000000008b000000, 0x000000008b100000|  0%| F|  |TAMS 0x000000008b000000, 0x000000008b000000| Untracked 
| 177|0x000000008b100000, 0x000000008b100000, 0x000000008b200000|  0%| F|  |TAMS 0x000000008b100000, 0x000000008b100000| Untracked 
| 178|0x000000008b200000, 0x000000008b200000, 0x000000008b300000|  0%| F|  |TAMS 0x000000008b200000, 0x000000008b200000| Untracked 
| 179|0x000000008b300000, 0x000000008b300000, 0x000000008b400000|  0%| F|  |TAMS 0x000000008b300000, 0x000000008b300000| Untracked 
| 180|0x000000008b400000, 0x000000008b400000, 0x000000008b500000|  0%| F|  |TAMS 0x000000008b400000, 0x000000008b400000| Untracked 
| 181|0x000000008b500000, 0x000000008b500000, 0x000000008b600000|  0%| F|  |TAMS 0x000000008b500000, 0x000000008b500000| Untracked 
| 182|0x000000008b600000, 0x000000008b700000, 0x000000008b700000|100%| O|  |TAMS 0x000000008b700000, 0x000000008b600000| Untracked 
| 183|0x000000008b700000, 0x000000008b800000, 0x000000008b800000|100%| O|  |TAMS 0x000000008b800000, 0x000000008b700000| Untracked 
| 184|0x000000008b800000, 0x000000008b900000, 0x000000008b900000|100%| O|  |TAMS 0x000000008b900000, 0x000000008b800000| Untracked 
| 185|0x000000008b900000, 0x000000008ba00000, 0x000000008ba00000|100%| O|  |TAMS 0x000000008ba00000, 0x000000008b900000| Untracked 
| 186|0x000000008ba00000, 0x000000008bb00000, 0x000000008bb00000|100%| O|  |TAMS 0x000000008bb00000, 0x000000008ba00000| Untracked 
| 187|0x000000008bb00000, 0x000000008bc00000, 0x000000008bc00000|100%| O|  |TAMS 0x000000008bc00000, 0x000000008bb00000| Untracked 
| 188|0x000000008bc00000, 0x000000008bd00000, 0x000000008bd00000|100%| O|  |TAMS 0x000000008bd00000, 0x000000008bc00000| Untracked 
| 189|0x000000008bd00000, 0x000000008be00000, 0x000000008be00000|100%| O|  |TAMS 0x000000008be00000, 0x000000008bd00000| Untracked 
| 190|0x000000008be00000, 0x000000008be00000, 0x000000008bf00000|  0%| F|  |TAMS 0x000000008be00000, 0x000000008be00000| Untracked 
| 191|0x000000008bf00000, 0x000000008bf00000, 0x000000008c000000|  0%| F|  |TAMS 0x000000008bf00000, 0x000000008bf00000| Untracked 
| 192|0x000000008c000000, 0x000000008c000000, 0x000000008c100000|  0%| F|  |TAMS 0x000000008c000000, 0x000000008c000000| Untracked 
| 193|0x000000008c100000, 0x000000008c100000, 0x000000008c200000|  0%| F|  |TAMS 0x000000008c100000, 0x000000008c100000| Untracked 
| 194|0x000000008c200000, 0x000000008c200000, 0x000000008c300000|  0%| F|  |TAMS 0x000000008c200000, 0x000000008c200000| Untracked 
| 195|0x000000008c300000, 0x000000008c300000, 0x000000008c400000|  0%| F|  |TAMS 0x000000008c300000, 0x000000008c300000| Untracked 
| 196|0x000000008c400000, 0x000000008c400000, 0x000000008c500000|  0%| F|  |TAMS 0x000000008c400000, 0x000000008c400000| Untracked 
| 197|0x000000008c500000, 0x000000008c500000, 0x000000008c600000|  0%| F|  |TAMS 0x000000008c500000, 0x000000008c500000| Untracked 
| 198|0x000000008c600000, 0x000000008c600000, 0x000000008c700000|  0%| F|  |TAMS 0x000000008c600000, 0x000000008c600000| Untracked 
| 199|0x000000008c700000, 0x000000008c800000, 0x000000008c800000|100%| O|  |TAMS 0x000000008c800000, 0x000000008c700000| Untracked 
| 200|0x000000008c800000, 0x000000008c900000, 0x000000008c900000|100%| O|  |TAMS 0x000000008c900000, 0x000000008c800000| Untracked 
| 201|0x000000008c900000, 0x000000008ca00000, 0x000000008ca00000|100%| O|  |TAMS 0x000000008c9f8600, 0x000000008c900000| Untracked 
| 202|0x000000008ca00000, 0x000000008cb00000, 0x000000008cb00000|100%| O|  |TAMS 0x000000008ca00000, 0x000000008ca00000| Untracked 
| 203|0x000000008cb00000, 0x000000008cc00000, 0x000000008cc00000|100%| O|  |TAMS 0x000000008cb00000, 0x000000008cb00000| Untracked 
| 204|0x000000008cc00000, 0x000000008cd00000, 0x000000008cd00000|100%| O|  |TAMS 0x000000008cc00000, 0x000000008cc00000| Untracked 
| 205|0x000000008cd00000, 0x000000008ce00000, 0x000000008ce00000|100%|HS|  |TAMS 0x000000008cd00000, 0x000000008cd00000| Complete 
| 206|0x000000008ce00000, 0x000000008cf00000, 0x000000008cf00000|100%|HS|  |TAMS 0x000000008ce00000, 0x000000008ce00000| Complete 
| 207|0x000000008cf00000, 0x000000008d000000, 0x000000008d000000|100%|HS|  |TAMS 0x000000008cf00000, 0x000000008cf00000| Complete 
| 208|0x000000008d000000, 0x000000008d100000, 0x000000008d100000|100%|HS|  |TAMS 0x000000008d000000, 0x000000008d000000| Complete 
| 209|0x000000008d100000, 0x000000008d200000, 0x000000008d200000|100%|HC|  |TAMS 0x000000008d100000, 0x000000008d100000| Complete 
| 210|0x000000008d200000, 0x000000008d300000, 0x000000008d300000|100%|HC|  |TAMS 0x000000008d200000, 0x000000008d200000| Complete 
| 211|0x000000008d300000, 0x000000008d400000, 0x000000008d400000|100%|HC|  |TAMS 0x000000008d300000, 0x000000008d300000| Complete 
| 212|0x000000008d400000, 0x000000008d500000, 0x000000008d500000|100%|HC|  |TAMS 0x000000008d400000, 0x000000008d400000| Complete 
| 213|0x000000008d500000, 0x000000008d600000, 0x000000008d600000|100%|HC|  |TAMS 0x000000008d500000, 0x000000008d500000| Complete 
| 214|0x000000008d600000, 0x000000008d700000, 0x000000008d700000|100%|HC|  |TAMS 0x000000008d600000, 0x000000008d600000| Complete 
| 215|0x000000008d700000, 0x000000008d800000, 0x000000008d800000|100%| O|  |TAMS 0x000000008d700000, 0x000000008d700000| Untracked 
| 216|0x000000008d800000, 0x000000008d900000, 0x000000008d900000|100%| O|  |TAMS 0x000000008d800000, 0x000000008d800000| Untracked 
| 217|0x000000008d900000, 0x000000008da00000, 0x000000008da00000|100%| O|  |TAMS 0x000000008d900000, 0x000000008d900000| Untracked 
| 218|0x000000008da00000, 0x000000008db00000, 0x000000008db00000|100%| O|  |TAMS 0x000000008da00000, 0x000000008da00000| Untracked 
| 219|0x000000008db00000, 0x000000008dc00000, 0x000000008dc00000|100%| O|  |TAMS 0x000000008db00000, 0x000000008db00000| Untracked 
| 220|0x000000008dc00000, 0x000000008dc00000, 0x000000008dd00000|  0%| F|  |TAMS 0x000000008dc00000, 0x000000008dc00000| Untracked 
| 221|0x000000008dd00000, 0x000000008dd00000, 0x000000008de00000|  0%| F|  |TAMS 0x000000008dd00000, 0x000000008dd00000| Untracked 
| 222|0x000000008de00000, 0x000000008de00000, 0x000000008df00000|  0%| F|  |TAMS 0x000000008de00000, 0x000000008de00000| Untracked 
| 223|0x000000008df00000, 0x000000008df00000, 0x000000008e000000|  0%| F|  |TAMS 0x000000008df00000, 0x000000008df00000| Untracked 
| 224|0x000000008e000000, 0x000000008e000000, 0x000000008e100000|  0%| F|  |TAMS 0x000000008e000000, 0x000000008e000000| Untracked 
| 225|0x000000008e100000, 0x000000008e100000, 0x000000008e200000|  0%| F|  |TAMS 0x000000008e100000, 0x000000008e100000| Untracked 
| 226|0x000000008e200000, 0x000000008e200000, 0x000000008e300000|  0%| F|  |TAMS 0x000000008e200000, 0x000000008e200000| Untracked 
| 227|0x000000008e300000, 0x000000008e300000, 0x000000008e400000|  0%| F|  |TAMS 0x000000008e300000, 0x000000008e300000| Untracked 
| 228|0x000000008e400000, 0x000000008e400000, 0x000000008e500000|  0%| F|  |TAMS 0x000000008e400000, 0x000000008e400000| Untracked 
| 229|0x000000008e500000, 0x000000008e500000, 0x000000008e600000|  0%| F|  |TAMS 0x000000008e500000, 0x000000008e500000| Untracked 
| 230|0x000000008e600000, 0x000000008e600000, 0x000000008e700000|  0%| F|  |TAMS 0x000000008e600000, 0x000000008e600000| Untracked 
| 231|0x000000008e700000, 0x000000008e700000, 0x000000008e800000|  0%| F|  |TAMS 0x000000008e700000, 0x000000008e700000| Untracked 
| 232|0x000000008e800000, 0x000000008e800000, 0x000000008e900000|  0%| F|  |TAMS 0x000000008e800000, 0x000000008e800000| Untracked 
| 233|0x000000008e900000, 0x000000008e900000, 0x000000008ea00000|  0%| F|  |TAMS 0x000000008e900000, 0x000000008e900000| Untracked 
| 234|0x000000008ea00000, 0x000000008ea00000, 0x000000008eb00000|  0%| F|  |TAMS 0x000000008ea00000, 0x000000008ea00000| Untracked 
| 235|0x000000008eb00000, 0x000000008eb00000, 0x000000008ec00000|  0%| F|  |TAMS 0x000000008eb00000, 0x000000008eb00000| Untracked 
| 236|0x000000008ec00000, 0x000000008ec00000, 0x000000008ed00000|  0%| F|  |TAMS 0x000000008ec00000, 0x000000008ec00000| Untracked 
| 237|0x000000008ed00000, 0x000000008ed00000, 0x000000008ee00000|  0%| F|  |TAMS 0x000000008ed00000, 0x000000008ed00000| Untracked 
| 238|0x000000008ee00000, 0x000000008ee00000, 0x000000008ef00000|  0%| F|  |TAMS 0x000000008ee00000, 0x000000008ee00000| Untracked 
| 239|0x000000008ef00000, 0x000000008ef00000, 0x000000008f000000|  0%| F|  |TAMS 0x000000008ef00000, 0x000000008ef00000| Untracked 
| 240|0x000000008f000000, 0x000000008f000000, 0x000000008f100000|  0%| F|  |TAMS 0x000000008f000000, 0x000000008f000000| Untracked 
| 241|0x000000008f100000, 0x000000008f100000, 0x000000008f200000|  0%| F|  |TAMS 0x000000008f100000, 0x000000008f100000| Untracked 
| 242|0x000000008f200000, 0x000000008f200000, 0x000000008f300000|  0%| F|  |TAMS 0x000000008f200000, 0x000000008f200000| Untracked 
| 243|0x000000008f300000, 0x000000008f300000, 0x000000008f400000|  0%| F|  |TAMS 0x000000008f300000, 0x000000008f300000| Untracked 
| 244|0x000000008f400000, 0x000000008f400000, 0x000000008f500000|  0%| F|  |TAMS 0x000000008f400000, 0x000000008f400000| Untracked 
| 245|0x000000008f500000, 0x000000008f500000, 0x000000008f600000|  0%| F|  |TAMS 0x000000008f500000, 0x000000008f500000| Untracked 
| 246|0x000000008f600000, 0x000000008f600000, 0x000000008f700000|  0%| F|  |TAMS 0x000000008f600000, 0x000000008f600000| Untracked 
| 247|0x000000008f700000, 0x000000008f700000, 0x000000008f800000|  0%| F|  |TAMS 0x000000008f700000, 0x000000008f700000| Untracked 
| 248|0x000000008f800000, 0x000000008f800000, 0x000000008f900000|  0%| F|  |TAMS 0x000000008f800000, 0x000000008f800000| Untracked 
| 249|0x000000008f900000, 0x000000008f900000, 0x000000008fa00000|  0%| F|  |TAMS 0x000000008f900000, 0x000000008f900000| Untracked 
| 250|0x000000008fa00000, 0x000000008fa00000, 0x000000008fb00000|  0%| F|  |TAMS 0x000000008fa00000, 0x000000008fa00000| Untracked 
| 251|0x000000008fb00000, 0x000000008fb00000, 0x000000008fc00000|  0%| F|  |TAMS 0x000000008fb00000, 0x000000008fb00000| Untracked 
| 252|0x000000008fc00000, 0x000000008fc00000, 0x000000008fd00000|  0%| F|  |TAMS 0x000000008fc00000, 0x000000008fc00000| Untracked 
| 253|0x000000008fd00000, 0x000000008fd00000, 0x000000008fe00000|  0%| F|  |TAMS 0x000000008fd00000, 0x000000008fd00000| Untracked 
| 254|0x000000008fe00000, 0x000000008fe00000, 0x000000008ff00000|  0%| F|  |TAMS 0x000000008fe00000, 0x000000008fe00000| Untracked 
| 255|0x000000008ff00000, 0x000000008ff00000, 0x0000000090000000|  0%| F|  |TAMS 0x000000008ff00000, 0x000000008ff00000| Untracked 
| 256|0x0000000090000000, 0x0000000090000000, 0x0000000090100000|  0%| F|  |TAMS 0x0000000090000000, 0x0000000090000000| Untracked 
| 257|0x0000000090100000, 0x0000000090100000, 0x0000000090200000|  0%| F|  |TAMS 0x0000000090100000, 0x0000000090100000| Untracked 
| 258|0x0000000090200000, 0x0000000090200000, 0x0000000090300000|  0%| F|  |TAMS 0x0000000090200000, 0x0000000090200000| Untracked 
| 259|0x0000000090300000, 0x0000000090366db0, 0x0000000090400000| 40%| S|CS|TAMS 0x0000000090300000, 0x0000000090300000| Complete 
| 260|0x0000000090400000, 0x0000000090500000, 0x0000000090500000|100%| S|CS|TAMS 0x0000000090400000, 0x0000000090400000| Complete 
| 261|0x0000000090500000, 0x0000000090500000, 0x0000000090600000|  0%| F|  |TAMS 0x0000000090500000, 0x0000000090500000| Untracked 
| 262|0x0000000090600000, 0x0000000090600000, 0x0000000090700000|  0%| F|  |TAMS 0x0000000090600000, 0x0000000090600000| Untracked 
| 263|0x0000000090700000, 0x0000000090700000, 0x0000000090800000|  0%| F|  |TAMS 0x0000000090700000, 0x0000000090700000| Untracked 
| 264|0x0000000090800000, 0x0000000090800000, 0x0000000090900000|  0%| F|  |TAMS 0x0000000090800000, 0x0000000090800000| Untracked 
| 265|0x0000000090900000, 0x0000000090900000, 0x0000000090a00000|  0%| F|  |TAMS 0x0000000090900000, 0x0000000090900000| Untracked 
| 266|0x0000000090a00000, 0x0000000090a00000, 0x0000000090b00000|  0%| F|  |TAMS 0x0000000090a00000, 0x0000000090a00000| Untracked 
| 267|0x0000000090b00000, 0x0000000090b00000, 0x0000000090c00000|  0%| F|  |TAMS 0x0000000090b00000, 0x0000000090b00000| Untracked 
| 268|0x0000000090c00000, 0x0000000090c00000, 0x0000000090d00000|  0%| F|  |TAMS 0x0000000090c00000, 0x0000000090c00000| Untracked 
| 269|0x0000000090d00000, 0x0000000090d00000, 0x0000000090e00000|  0%| F|  |TAMS 0x0000000090d00000, 0x0000000090d00000| Untracked 
| 270|0x0000000090e00000, 0x0000000090e00000, 0x0000000090f00000|  0%| F|  |TAMS 0x0000000090e00000, 0x0000000090e00000| Untracked 
| 271|0x0000000090f00000, 0x0000000090f00000, 0x0000000091000000|  0%| F|  |TAMS 0x0000000090f00000, 0x0000000090f00000| Untracked 
| 272|0x0000000091000000, 0x0000000091000000, 0x0000000091100000|  0%| F|  |TAMS 0x0000000091000000, 0x0000000091000000| Untracked 
| 273|0x0000000091100000, 0x0000000091100000, 0x0000000091200000|  0%| F|  |TAMS 0x0000000091100000, 0x0000000091100000| Untracked 
| 274|0x0000000091200000, 0x0000000091200000, 0x0000000091300000|  0%| F|  |TAMS 0x0000000091200000, 0x0000000091200000| Untracked 
| 275|0x0000000091300000, 0x0000000091300000, 0x0000000091400000|  0%| F|  |TAMS 0x0000000091300000, 0x0000000091300000| Untracked 
| 276|0x0000000091400000, 0x0000000091400000, 0x0000000091500000|  0%| F|  |TAMS 0x0000000091400000, 0x0000000091400000| Untracked 
| 277|0x0000000091500000, 0x0000000091500000, 0x0000000091600000|  0%| F|  |TAMS 0x0000000091500000, 0x0000000091500000| Untracked 
| 278|0x0000000091600000, 0x0000000091600000, 0x0000000091700000|  0%| F|  |TAMS 0x0000000091600000, 0x0000000091600000| Untracked 
| 279|0x0000000091700000, 0x0000000091700000, 0x0000000091800000|  0%| F|  |TAMS 0x0000000091700000, 0x0000000091700000| Untracked 
| 280|0x0000000091800000, 0x0000000091800000, 0x0000000091900000|  0%| F|  |TAMS 0x0000000091800000, 0x0000000091800000| Untracked 
| 281|0x0000000091900000, 0x0000000091900000, 0x0000000091a00000|  0%| F|  |TAMS 0x0000000091900000, 0x0000000091900000| Untracked 
| 282|0x0000000091a00000, 0x0000000091a00000, 0x0000000091b00000|  0%| F|  |TAMS 0x0000000091a00000, 0x0000000091a00000| Untracked 
| 283|0x0000000091b00000, 0x0000000091b00000, 0x0000000091c00000|  0%| F|  |TAMS 0x0000000091b00000, 0x0000000091b00000| Untracked 
| 284|0x0000000091c00000, 0x0000000091c00000, 0x0000000091d00000|  0%| F|  |TAMS 0x0000000091c00000, 0x0000000091c00000| Untracked 
| 285|0x0000000091d00000, 0x0000000091d00000, 0x0000000091e00000|  0%| F|  |TAMS 0x0000000091d00000, 0x0000000091d00000| Untracked 
| 286|0x0000000091e00000, 0x0000000091e00000, 0x0000000091f00000|  0%| F|  |TAMS 0x0000000091e00000, 0x0000000091e00000| Untracked 
| 287|0x0000000091f00000, 0x0000000091f00000, 0x0000000092000000|  0%| F|  |TAMS 0x0000000091f00000, 0x0000000091f00000| Untracked 
| 288|0x0000000092000000, 0x0000000092000000, 0x0000000092100000|  0%| F|  |TAMS 0x0000000092000000, 0x0000000092000000| Untracked 
| 289|0x0000000092100000, 0x0000000092100000, 0x0000000092200000|  0%| F|  |TAMS 0x0000000092100000, 0x0000000092100000| Untracked 
| 290|0x0000000092200000, 0x0000000092200000, 0x0000000092300000|  0%| F|  |TAMS 0x0000000092200000, 0x0000000092200000| Untracked 
| 291|0x0000000092300000, 0x0000000092300000, 0x0000000092400000|  0%| F|  |TAMS 0x0000000092300000, 0x0000000092300000| Untracked 
| 292|0x0000000092400000, 0x0000000092400000, 0x0000000092500000|  0%| F|  |TAMS 0x0000000092400000, 0x0000000092400000| Untracked 
| 293|0x0000000092500000, 0x0000000092500000, 0x0000000092600000|  0%| F|  |TAMS 0x0000000092500000, 0x0000000092500000| Untracked 
| 294|0x0000000092600000, 0x0000000092600000, 0x0000000092700000|  0%| F|  |TAMS 0x0000000092600000, 0x0000000092600000| Untracked 
| 295|0x0000000092700000, 0x0000000092700000, 0x0000000092800000|  0%| F|  |TAMS 0x0000000092700000, 0x0000000092700000| Untracked 
| 296|0x0000000092800000, 0x0000000092800000, 0x0000000092900000|  0%| F|  |TAMS 0x0000000092800000, 0x0000000092800000| Untracked 
| 297|0x0000000092900000, 0x0000000092900000, 0x0000000092a00000|  0%| F|  |TAMS 0x0000000092900000, 0x0000000092900000| Untracked 
| 298|0x0000000092a00000, 0x0000000092a00000, 0x0000000092b00000|  0%| F|  |TAMS 0x0000000092a00000, 0x0000000092a00000| Untracked 
| 299|0x0000000092b00000, 0x0000000092b00000, 0x0000000092c00000|  0%| F|  |TAMS 0x0000000092b00000, 0x0000000092b00000| Untracked 
| 300|0x0000000092c00000, 0x0000000092c00000, 0x0000000092d00000|  0%| F|  |TAMS 0x0000000092c00000, 0x0000000092c00000| Untracked 
| 301|0x0000000092d00000, 0x0000000092d00000, 0x0000000092e00000|  0%| F|  |TAMS 0x0000000092d00000, 0x0000000092d00000| Untracked 
| 302|0x0000000092e00000, 0x0000000092e00000, 0x0000000092f00000|  0%| F|  |TAMS 0x0000000092e00000, 0x0000000092e00000| Untracked 
| 303|0x0000000092f00000, 0x0000000092f00000, 0x0000000093000000|  0%| F|  |TAMS 0x0000000092f00000, 0x0000000092f00000| Untracked 
| 304|0x0000000093000000, 0x0000000093000000, 0x0000000093100000|  0%| F|  |TAMS 0x0000000093000000, 0x0000000093000000| Untracked 
| 305|0x0000000093100000, 0x0000000093100000, 0x0000000093200000|  0%| F|  |TAMS 0x0000000093100000, 0x0000000093100000| Untracked 
| 306|0x0000000093200000, 0x0000000093200000, 0x0000000093300000|  0%| F|  |TAMS 0x0000000093200000, 0x0000000093200000| Untracked 
| 307|0x0000000093300000, 0x0000000093300000, 0x0000000093400000|  0%| F|  |TAMS 0x0000000093300000, 0x0000000093300000| Untracked 
| 308|0x0000000093400000, 0x0000000093400000, 0x0000000093500000|  0%| F|  |TAMS 0x0000000093400000, 0x0000000093400000| Untracked 
| 309|0x0000000093500000, 0x0000000093500000, 0x0000000093600000|  0%| F|  |TAMS 0x0000000093500000, 0x0000000093500000| Untracked 
| 310|0x0000000093600000, 0x0000000093600000, 0x0000000093700000|  0%| F|  |TAMS 0x0000000093600000, 0x0000000093600000| Untracked 
| 311|0x0000000093700000, 0x0000000093700000, 0x0000000093800000|  0%| F|  |TAMS 0x0000000093700000, 0x0000000093700000| Untracked 
| 312|0x0000000093800000, 0x0000000093800000, 0x0000000093900000|  0%| F|  |TAMS 0x0000000093800000, 0x0000000093800000| Untracked 
| 313|0x0000000093900000, 0x0000000093900000, 0x0000000093a00000|  0%| F|  |TAMS 0x0000000093900000, 0x0000000093900000| Untracked 
| 314|0x0000000093a00000, 0x0000000093a00000, 0x0000000093b00000|  0%| F|  |TAMS 0x0000000093a00000, 0x0000000093a00000| Untracked 
| 315|0x0000000093b00000, 0x0000000093b00000, 0x0000000093c00000|  0%| F|  |TAMS 0x0000000093b00000, 0x0000000093b00000| Untracked 
| 316|0x0000000093c00000, 0x0000000093c00000, 0x0000000093d00000|  0%| F|  |TAMS 0x0000000093c00000, 0x0000000093c00000| Untracked 
| 317|0x0000000093d00000, 0x0000000093d00000, 0x0000000093e00000|  0%| F|  |TAMS 0x0000000093d00000, 0x0000000093d00000| Untracked 
| 318|0x0000000093e00000, 0x0000000093e00000, 0x0000000093f00000|  0%| F|  |TAMS 0x0000000093e00000, 0x0000000093e00000| Untracked 
| 319|0x0000000093f00000, 0x0000000093f00000, 0x0000000094000000|  0%| F|  |TAMS 0x0000000093f00000, 0x0000000093f00000| Untracked 
| 320|0x0000000094000000, 0x0000000094000000, 0x0000000094100000|  0%| F|  |TAMS 0x0000000094000000, 0x0000000094000000| Untracked 
| 321|0x0000000094100000, 0x0000000094100000, 0x0000000094200000|  0%| F|  |TAMS 0x0000000094100000, 0x0000000094100000| Untracked 
| 322|0x0000000094200000, 0x0000000094200000, 0x0000000094300000|  0%| F|  |TAMS 0x0000000094200000, 0x0000000094200000| Untracked 
| 323|0x0000000094300000, 0x0000000094300000, 0x0000000094400000|  0%| F|  |TAMS 0x0000000094300000, 0x0000000094300000| Untracked 
| 324|0x0000000094400000, 0x0000000094400000, 0x0000000094500000|  0%| F|  |TAMS 0x0000000094400000, 0x0000000094400000| Untracked 
| 325|0x0000000094500000, 0x0000000094500000, 0x0000000094600000|  0%| F|  |TAMS 0x0000000094500000, 0x0000000094500000| Untracked 
| 326|0x0000000094600000, 0x0000000094600000, 0x0000000094700000|  0%| F|  |TAMS 0x0000000094600000, 0x0000000094600000| Untracked 
| 327|0x0000000094700000, 0x0000000094700000, 0x0000000094800000|  0%| F|  |TAMS 0x0000000094700000, 0x0000000094700000| Untracked 
| 328|0x0000000094800000, 0x0000000094800000, 0x0000000094900000|  0%| F|  |TAMS 0x0000000094800000, 0x0000000094800000| Untracked 
| 329|0x0000000094900000, 0x0000000094900000, 0x0000000094a00000|  0%| F|  |TAMS 0x0000000094900000, 0x0000000094900000| Untracked 
| 330|0x0000000094a00000, 0x0000000094a00000, 0x0000000094b00000|  0%| F|  |TAMS 0x0000000094a00000, 0x0000000094a00000| Untracked 
| 331|0x0000000094b00000, 0x0000000094b00000, 0x0000000094c00000|  0%| F|  |TAMS 0x0000000094b00000, 0x0000000094b00000| Untracked 
| 332|0x0000000094c00000, 0x0000000094c00000, 0x0000000094d00000|  0%| F|  |TAMS 0x0000000094c00000, 0x0000000094c00000| Untracked 
| 333|0x0000000094d00000, 0x0000000094d00000, 0x0000000094e00000|  0%| F|  |TAMS 0x0000000094d00000, 0x0000000094d00000| Untracked 
| 334|0x0000000094e00000, 0x0000000094e00000, 0x0000000094f00000|  0%| F|  |TAMS 0x0000000094e00000, 0x0000000094e00000| Untracked 
| 335|0x0000000094f00000, 0x0000000094f00000, 0x0000000095000000|  0%| F|  |TAMS 0x0000000094f00000, 0x0000000094f00000| Untracked 
| 336|0x0000000095000000, 0x0000000095000000, 0x0000000095100000|  0%| F|  |TAMS 0x0000000095000000, 0x0000000095000000| Untracked 
| 337|0x0000000095100000, 0x0000000095100000, 0x0000000095200000|  0%| F|  |TAMS 0x0000000095100000, 0x0000000095100000| Untracked 
| 338|0x0000000095200000, 0x0000000095200000, 0x0000000095300000|  0%| F|  |TAMS 0x0000000095200000, 0x0000000095200000| Untracked 
| 339|0x0000000095300000, 0x0000000095300000, 0x0000000095400000|  0%| F|  |TAMS 0x0000000095300000, 0x0000000095300000| Untracked 
| 340|0x0000000095400000, 0x0000000095400000, 0x0000000095500000|  0%| F|  |TAMS 0x0000000095400000, 0x0000000095400000| Untracked 
| 341|0x0000000095500000, 0x0000000095500000, 0x0000000095600000|  0%| F|  |TAMS 0x0000000095500000, 0x0000000095500000| Untracked 
| 342|0x0000000095600000, 0x0000000095600000, 0x0000000095700000|  0%| F|  |TAMS 0x0000000095600000, 0x0000000095600000| Untracked 
| 343|0x0000000095700000, 0x0000000095700000, 0x0000000095800000|  0%| F|  |TAMS 0x0000000095700000, 0x0000000095700000| Untracked 
| 344|0x0000000095800000, 0x0000000095800000, 0x0000000095900000|  0%| F|  |TAMS 0x0000000095800000, 0x0000000095800000| Untracked 
| 345|0x0000000095900000, 0x0000000095900000, 0x0000000095a00000|  0%| F|  |TAMS 0x0000000095900000, 0x0000000095900000| Untracked 
| 346|0x0000000095a00000, 0x0000000095a00000, 0x0000000095b00000|  0%| F|  |TAMS 0x0000000095a00000, 0x0000000095a00000| Untracked 
| 347|0x0000000095b00000, 0x0000000095b00000, 0x0000000095c00000|  0%| F|  |TAMS 0x0000000095b00000, 0x0000000095b00000| Untracked 
| 348|0x0000000095c00000, 0x0000000095c00000, 0x0000000095d00000|  0%| F|  |TAMS 0x0000000095c00000, 0x0000000095c00000| Untracked 
| 349|0x0000000095d00000, 0x0000000095d00000, 0x0000000095e00000|  0%| F|  |TAMS 0x0000000095d00000, 0x0000000095d00000| Untracked 
| 350|0x0000000095e00000, 0x0000000095e00000, 0x0000000095f00000|  0%| F|  |TAMS 0x0000000095e00000, 0x0000000095e00000| Untracked 
| 351|0x0000000095f00000, 0x0000000095f00000, 0x0000000096000000|  0%| F|  |TAMS 0x0000000095f00000, 0x0000000095f00000| Untracked 
| 352|0x0000000096000000, 0x0000000096000000, 0x0000000096100000|  0%| F|  |TAMS 0x0000000096000000, 0x0000000096000000| Untracked 
| 353|0x0000000096100000, 0x0000000096100000, 0x0000000096200000|  0%| F|  |TAMS 0x0000000096100000, 0x0000000096100000| Untracked 
| 354|0x0000000096200000, 0x0000000096200000, 0x0000000096300000|  0%| F|  |TAMS 0x0000000096200000, 0x0000000096200000| Untracked 
| 355|0x0000000096300000, 0x0000000096300000, 0x0000000096400000|  0%| F|  |TAMS 0x0000000096300000, 0x0000000096300000| Untracked 
| 356|0x0000000096400000, 0x0000000096400000, 0x0000000096500000|  0%| F|  |TAMS 0x0000000096400000, 0x0000000096400000| Untracked 
| 357|0x0000000096500000, 0x0000000096500000, 0x0000000096600000|  0%| F|  |TAMS 0x0000000096500000, 0x0000000096500000| Untracked 
| 358|0x0000000096600000, 0x0000000096600000, 0x0000000096700000|  0%| F|  |TAMS 0x0000000096600000, 0x0000000096600000| Untracked 
| 359|0x0000000096700000, 0x0000000096700000, 0x0000000096800000|  0%| F|  |TAMS 0x0000000096700000, 0x0000000096700000| Untracked 

Card table byte_map: [0x0000011cb00e0000,0x0000011cb04e0000] _byte_map_base: 0x0000011cafce0000

Marking Bits (Prev, Next): (CMBitMap*) 0x0000011c9926cef0, (CMBitMap*) 0x0000011c9926cf30
 Prev Bits: [0x0000011cb08e0000, 0x0000011cb28e0000)
 Next Bits: [0x0000011cb28e0000, 0x0000011cb48e0000)

Polling page: 0x0000011c97190000

Metaspace:

Usage:
  Non-class:     99.81 MB used.
      Class:     15.04 MB used.
       Both:    114.84 MB used.

Virtual space:
  Non-class space:      104.00 MB reserved,     100.19 MB ( 96%) committed,  13 nodes.
      Class space:        1.00 GB reserved,      15.44 MB (  2%) committed,  1 nodes.
              Both:        1.10 GB reserved,     115.62 MB ( 10%) committed. 

Chunk freelists:
   Non-Class:  3.22 MB
       Class:  599.00 KB
        Both:  3.80 MB

MaxMetaspaceSize: 17179869184.00 GB
CompressedClassSpaceSize: 1.00 GB
 - commit_granule_bytes: 65536.
 - commit_granule_words: 8192.
 - virtual_space_node_default_size: 1048576.
 - enlarge_chunks_in_place: 1.
 - new_chunks_are_fully_committed: 0.
 - uncommit_free_chunks: 1.
 - use_allocation_guard: 0.
 - handle_deallocations: 1.


Internal statistics:

num_allocs_failed_limit: 6.
num_arena_births: 1168.
num_arena_deaths: 74.
num_vsnodes_births: 14.
num_vsnodes_deaths: 0.
num_space_committed: 1849.
num_space_uncommitted: 0.
num_chunks_returned_to_freelist: 114.
num_chunks_taken_from_freelist: 6002.
num_chunk_merges: 41.
num_chunk_splits: 3999.
num_chunks_enlarged: 2730.
num_purges: 6.

CodeHeap 'non-profiled nmethods': size=120000Kb used=14344Kb max_used=14344Kb free=105656Kb
 bounds [0x0000011ca8480000, 0x0000011ca9290000, 0x0000011caf9b0000]
CodeHeap 'profiled nmethods': size=120000Kb used=35972Kb max_used=35972Kb free=84027Kb
 bounds [0x0000011ca0f50000, 0x0000011ca3280000, 0x0000011ca8480000]
CodeHeap 'non-nmethods': size=5760Kb used=2482Kb max_used=2573Kb free=3277Kb
 bounds [0x0000011ca09b0000, 0x0000011ca0c40000, 0x0000011ca0f50000]
 total_blobs=19351 nmethods=18341 adapters=921
 compilation: enabled
              stopped_count=0, restarted_count=0
 full_count=0

Compilation events (20 events):
Event: 1289.339 Thread 0x0000011cb72c7990 nmethod 22592 0x0000011ca326cc10 code [0x0000011ca326ce40, 0x0000011ca326d518]
Event: 1289.339 Thread 0x0000011cb72c7990 22593   !   3       jdk.proxy1.$Proxy63::onOsMemoryStatus (34 bytes)
Event: 1289.339 Thread 0x0000011cb72c7990 nmethod 22593 0x0000011ca326d990 code [0x0000011ca326db60, 0x0000011ca326e098]
Event: 1289.339 Thread 0x0000011cb72c7990 22594   !   3       org.gradle.launcher.daemon.server.health.LowMemoryDaemonExpirationStrategy::onOsMemoryStatus (63 bytes)
Event: 1289.340 Thread 0x0000011cb72c7990 nmethod 22594 0x0000011ca326e310 code [0x0000011ca326e560, 0x0000011ca326f028]
Event: 1298.131 Thread 0x0000011cb72c5890 22595       4       org.gradle.internal.logging.sink.OutputEventTransformer::onOutput (399 bytes)
Event: 1298.137 Thread 0x0000011cb72c7990 22597       3       org.gradle.internal.SystemProperties::isNonStandardImportantProperty (10 bytes)
Event: 1298.138 Thread 0x0000011cb72c7990 nmethod 22597 0x0000011ca326f410 code [0x0000011ca326f5e0, 0x0000011ca326f8c8]
Event: 1298.138 Thread 0x0000011cb72c7990 22598  s    3       java.util.Properties::setProperty (7 bytes)
Event: 1298.138 Thread 0x0000011cb72c7990 nmethod 22598 0x0000011ca326fa10 code [0x0000011ca326fbc0, 0x0000011ca326fe48]
Event: 1298.138 Thread 0x0000011cb72c7990 22599       3       java.lang.System::setProperty (38 bytes)
Event: 1298.139 Thread 0x0000011cb72c7990 nmethod 22599 0x0000011ca326ff10 code [0x0000011ca32701a0, 0x0000011ca3270d48]
Event: 1298.140 Thread 0x0000011cb72c7990 22600       3       java.util.logging.Logger::updateEffectiveLevel (126 bytes)
Event: 1298.141 Thread 0x0000011cb72c7990 nmethod 22600 0x0000011ca3271190 code [0x0000011ca32713e0, 0x0000011ca3271f48]
Event: 1298.141 Thread 0x0000011cb72c7990 22601       3       org.gradle.internal.service.DefaultServiceRegistry$ConstructorService::<init> (59 bytes)
Event: 1298.143 Thread 0x0000011cb72c7990 nmethod 22601 0x0000011ca3272290 code [0x0000011ca32725e0, 0x0000011ca3273bb8]
Event: 1298.147 Thread 0x0000011cb72c7990 22603       3       org.gradle.internal.instantiation.generator.DefaultInstantiatorFactory::inject (8 bytes)
Event: 1298.148 Thread 0x0000011cb72c7990 nmethod 22603 0x0000011ca3274310 code [0x0000011ca32744a0, 0x0000011ca32745d8]
Event: 1298.149 Thread 0x0000011cb72c7990 22604       3       org.gradle.internal.service.DefaultServiceRegistry$FactoryService::getAll (26 bytes)
Event: 1298.150 Thread 0x0000011cb72c7990 nmethod 22604 0x0000011ca3274690 code [0x0000011ca3274880, 0x0000011ca3274c78]

GC Heap History (20 events):
Event: 1175.098 GC heap after
{Heap after GC invocations=63 (full 0):
 garbage-first heap   total 327680K, used 146598K [0x0000000080000000, 0x0000000100000000)
  region size 1024K, 3 young (3072K), 3 survivors (3072K)
 Metaspace       used 115158K, committed 115840K, reserved 1155072K
  class space    used 15342K, committed 15680K, reserved 1048576K
}
Event: 1176.303 GC heap before
{Heap before GC invocations=63 (full 0):
 garbage-first heap   total 327680K, used 241830K [0x0000000080000000, 0x0000000100000000)
  region size 1024K, 95 young (97280K), 3 survivors (3072K)
 Metaspace       used 115816K, committed 116480K, reserved 1155072K
  class space    used 15353K, committed 15680K, reserved 1048576K
}
Event: 1176.316 GC heap after
{Heap after GC invocations=64 (full 0):
 garbage-first heap   total 327680K, used 171813K [0x0000000080000000, 0x0000000100000000)
  region size 1024K, 14 young (14336K), 14 survivors (14336K)
 Metaspace       used 115816K, committed 116480K, reserved 1155072K
  class space    used 15353K, committed 15680K, reserved 1048576K
}
Event: 1178.390 GC heap before
{Heap before GC invocations=65 (full 0):
 garbage-first heap   total 348160K, used 280357K [0x0000000080000000, 0x0000000100000000)
  region size 1024K, 91 young (93184K), 14 survivors (14336K)
 Metaspace       used 116130K, committed 116800K, reserved 1155072K
  class space    used 15358K, committed 15680K, reserved 1048576K
}
Event: 1178.403 GC heap after
{Heap after GC invocations=66 (full 0):
 garbage-first heap   total 348160K, used 176357K [0x0000000080000000, 0x0000000100000000)
  region size 1024K, 5 young (5120K), 5 survivors (5120K)
 Metaspace       used 116130K, committed 116800K, reserved 1155072K
  class space    used 15358K, committed 15680K, reserved 1048576K
}
Event: 1178.648 GC heap before
{Heap before GC invocations=66 (full 0):
 garbage-first heap   total 348160K, used 189669K [0x0000000080000000, 0x0000000100000000)
  region size 1024K, 17 young (17408K), 5 survivors (5120K)
 Metaspace       used 116254K, committed 116928K, reserved 1155072K
  class space    used 15358K, committed 15680K, reserved 1048576K
}
Event: 1178.663 GC heap after
{Heap after GC invocations=67 (full 0):
 garbage-first heap   total 348160K, used 159744K [0x0000000080000000, 0x0000000100000000)
  region size 1024K, 3 young (3072K), 3 survivors (3072K)
 Metaspace       used 116254K, committed 116928K, reserved 1155072K
  class space    used 15358K, committed 15680K, reserved 1048576K
}
Event: 1179.572 GC heap before
{Heap before GC invocations=67 (full 0):
 garbage-first heap   total 348160K, used 269312K [0x0000000080000000, 0x0000000100000000)
  region size 1024K, 110 young (112640K), 3 survivors (3072K)
 Metaspace       used 116613K, committed 117248K, reserved 1155072K
  class space    used 15362K, committed 15680K, reserved 1048576K
}
Event: 1179.578 GC heap after
{Heap after GC invocations=68 (full 0):
 garbage-first heap   total 348160K, used 165042K [0x0000000080000000, 0x0000000100000000)
  region size 1024K, 9 young (9216K), 9 survivors (9216K)
 Metaspace       used 116613K, committed 117248K, reserved 1155072K
  class space    used 15362K, committed 15680K, reserved 1048576K
}
Event: 1180.266 GC heap before
{Heap before GC invocations=68 (full 0):
 garbage-first heap   total 348160K, used 296114K [0x0000000080000000, 0x0000000100000000)
  region size 1024K, 114 young (116736K), 9 survivors (9216K)
 Metaspace       used 116863K, committed 117504K, reserved 1155072K
  class space    used 15366K, committed 15680K, reserved 1048576K
}
Event: 1180.292 GC heap after
{Heap after GC invocations=69 (full 0):
 garbage-first heap   total 348160K, used 201697K [0x0000000080000000, 0x0000000100000000)
  region size 1024K, 15 young (15360K), 15 survivors (15360K)
 Metaspace       used 116863K, committed 117504K, reserved 1155072K
  class space    used 15366K, committed 15680K, reserved 1048576K
}
Event: 1180.885 GC heap before
{Heap before GC invocations=69 (full 0):
 garbage-first heap   total 348160K, used 271329K [0x0000000080000000, 0x0000000100000000)
  region size 1024K, 77 young (78848K), 15 survivors (15360K)
 Metaspace       used 116872K, committed 117504K, reserved 1155072K
  class space    used 15366K, committed 15680K, reserved 1048576K
}
Event: 1180.902 GC heap after
{Heap after GC invocations=70 (full 0):
 garbage-first heap   total 348160K, used 217392K [0x0000000080000000, 0x0000000100000000)
  region size 1024K, 8 young (8192K), 8 survivors (8192K)
 Metaspace       used 116872K, committed 117504K, reserved 1155072K
  class space    used 15366K, committed 15680K, reserved 1048576K
}
Event: 1181.150 GC heap before
{Heap before GC invocations=71 (full 0):
 garbage-first heap   total 368640K, used 264496K [0x0000000080000000, 0x0000000100000000)
  region size 1024K, 63 young (64512K), 8 survivors (8192K)
 Metaspace       used 116873K, committed 117504K, reserved 1155072K
  class space    used 15366K, committed 15680K, reserved 1048576K
}
Event: 1181.162 GC heap after
{Heap after GC invocations=72 (full 0):
 garbage-first heap   total 368640K, used 218880K [0x0000000080000000, 0x0000000100000000)
  region size 1024K, 8 young (8192K), 8 survivors (8192K)
 Metaspace       used 116873K, committed 117504K, reserved 1155072K
  class space    used 15366K, committed 15680K, reserved 1048576K
}
Event: 1181.197 GC heap before
{Heap before GC invocations=72 (full 0):
 garbage-first heap   total 368640K, used 229120K [0x0000000080000000, 0x0000000100000000)
  region size 1024K, 18 young (18432K), 8 survivors (8192K)
 Metaspace       used 116873K, committed 117504K, reserved 1155072K
  class space    used 15366K, committed 15680K, reserved 1048576K
}
Event: 1181.209 GC heap after
{Heap after GC invocations=73 (full 0):
 garbage-first heap   total 368640K, used 189563K [0x0000000080000000, 0x0000000100000000)
  region size 1024K, 2 young (2048K), 2 survivors (2048K)
 Metaspace       used 116873K, committed 117504K, reserved 1155072K
  class space    used 15366K, committed 15680K, reserved 1048576K
}
Event: 1181.370 GC heap before
{Heap before GC invocations=73 (full 0):
 garbage-first heap   total 368640K, used 205947K [0x0000000080000000, 0x0000000100000000)
  region size 1024K, 18 young (18432K), 2 survivors (2048K)
 Metaspace       used 116880K, committed 117504K, reserved 1155072K
  class space    used 15366K, committed 15680K, reserved 1048576K
}
Event: 1181.386 GC heap after
{Heap after GC invocations=74 (full 0):
 garbage-first heap   total 368640K, used 174934K [0x0000000080000000, 0x0000000100000000)
  region size 1024K, 1 young (1024K), 1 survivors (1024K)
 Metaspace       used 116880K, committed 117504K, reserved 1155072K
  class space    used 15366K, committed 15680K, reserved 1048576K
}
Event: 1298.153 GC heap before
{Heap before GC invocations=74 (full 0):
 garbage-first heap   total 368640K, used 326486K [0x0000000080000000, 0x0000000100000000)
  region size 1024K, 99 young (101376K), 1 survivors (1024K)
 Metaspace       used 117598K, committed 118400K, reserved 1155072K
  class space    used 15397K, committed 15808K, reserved 1048576K
}

Deoptimization events (20 events):
Event: 1185.805 Thread 0x0000011cbbdedc60 Uncommon trap: trap_request=0xffffff54 fr.pc=0x0000011ca92414f8 relative=0x00000000000005d8
Event: 1185.805 Thread 0x0000011cbbdedc60 Uncommon trap: reason=speculate_null_assert action=make_not_entrant pc=0x0000011ca92414f8 method=org.gradle.api.internal.file.collections.UnpackingVisitor.add(Ljava/lang/Object;)V @ 346 c2
Event: 1185.805 Thread 0x0000011cbbdedc60 DEOPT PACKING pc=0x0000011ca92414f8 sp=0x0000001ac31f8a80
Event: 1185.805 Thread 0x0000011cbbdedc60 DEOPT UNPACKING pc=0x0000011ca09ff92e sp=0x0000001ac31f8a28 mode 2
Event: 1185.934 Thread 0x0000011cbbdef1a0 Uncommon trap: trap_request=0xffffffde fr.pc=0x0000011ca8afc4a8 relative=0x0000000000003288
Event: 1185.934 Thread 0x0000011cbbdef1a0 Uncommon trap: reason=class_check action=maybe_recompile pc=0x0000011ca8afc4a8 method=org.gradle.internal.snapshot.impl.DefaultValueSnapshotter.processValue(Ljava/lang/Object;Lorg/gradle/internal/snapshot/impl/DefaultValueSnapshotter$ValueVisitor;)Ljava/l
Event: 1185.935 Thread 0x0000011cbbdef1a0 DEOPT PACKING pc=0x0000011ca8afc4a8 sp=0x0000001acb1fa500
Event: 1185.935 Thread 0x0000011cbbdef1a0 DEOPT UNPACKING pc=0x0000011ca09ff92e sp=0x0000001acb1fa4e0 mode 2
Event: 1298.141 Thread 0x0000011cbbdeb730 Uncommon trap: trap_request=0xffffffde fr.pc=0x0000011ca8a5b304 relative=0x0000000000001024
Event: 1298.141 Thread 0x0000011cbbdeb730 Uncommon trap: reason=class_check action=maybe_recompile pc=0x0000011ca8a5b304 method=org.gradle.internal.work.DefaultWorkerLeaseService$DefaultWorkerLease.acquireLock()Z @ 4 c2
Event: 1298.141 Thread 0x0000011cbbdeb730 DEOPT PACKING pc=0x0000011ca8a5b304 sp=0x0000001ac3afd9d0
Event: 1298.141 Thread 0x0000011cbbdeb730 DEOPT UNPACKING pc=0x0000011ca09ff92e sp=0x0000001ac3afd890 mode 2
Event: 1298.147 Thread 0x0000011cbbdeb730 Uncommon trap: trap_request=0xffffffbe fr.pc=0x0000011ca9254488 relative=0x0000000000000268
Event: 1298.147 Thread 0x0000011cbbdeb730 Uncommon trap: reason=profile_predicate action=maybe_recompile pc=0x0000011ca9254488 method=java.util.HashMap.keysToArray([Ljava/lang/Object;)[Ljava/lang/Object; @ 36 c2
Event: 1298.147 Thread 0x0000011cbbdeb730 DEOPT PACKING pc=0x0000011ca9254488 sp=0x0000001ac3afbd50
Event: 1298.147 Thread 0x0000011cbbdeb730 DEOPT UNPACKING pc=0x0000011ca09ff92e sp=0x0000001ac3afbcf0 mode 2
Event: 1298.150 Thread 0x0000011cbbdeb730 Uncommon trap: trap_request=0xffffffbe fr.pc=0x0000011ca9254488 relative=0x0000000000000268
Event: 1298.150 Thread 0x0000011cbbdeb730 Uncommon trap: reason=profile_predicate action=maybe_recompile pc=0x0000011ca9254488 method=java.util.HashMap.keysToArray([Ljava/lang/Object;)[Ljava/lang/Object; @ 36 c2
Event: 1298.150 Thread 0x0000011cbbdeb730 DEOPT PACKING pc=0x0000011ca9254488 sp=0x0000001ac3afcb50
Event: 1298.150 Thread 0x0000011cbbdeb730 DEOPT UNPACKING pc=0x0000011ca09ff92e sp=0x0000001ac3afcaf0 mode 2

Classes unloaded (20 events):
Event: 32.423 Thread 0x0000011cb72ab1b0 Unloading class 0x0000000801a35400 'java/lang/invoke/LambdaForm$DMH+0x0000000801a35400'
Event: 32.423 Thread 0x0000011cb72ab1b0 Unloading class 0x0000000801a35000 'java/lang/invoke/LambdaForm$DMH+0x0000000801a35000'
Event: 32.423 Thread 0x0000011cb72ab1b0 Unloading class 0x0000000801a34400 'java/lang/invoke/LambdaForm$DMH+0x0000000801a34400'
Event: 32.423 Thread 0x0000011cb72ab1b0 Unloading class 0x0000000801a09400 'java/lang/invoke/LambdaForm$DMH+0x0000000801a09400'
Event: 32.423 Thread 0x0000011cb72ab1b0 Unloading class 0x0000000801a09000 'java/lang/invoke/LambdaForm$DMH+0x0000000801a09000'
Event: 32.423 Thread 0x0000011cb72ab1b0 Unloading class 0x0000000801a08c00 'java/lang/invoke/LambdaForm$DMH+0x0000000801a08c00'
Event: 32.423 Thread 0x0000011cb72ab1b0 Unloading class 0x0000000801a08000 'java/lang/invoke/LambdaForm$DMH+0x0000000801a08000'
Event: 32.423 Thread 0x0000011cb72ab1b0 Unloading class 0x0000000801a08800 'java/lang/invoke/LambdaForm$DMH+0x0000000801a08800'
Event: 32.423 Thread 0x0000011cb72ab1b0 Unloading class 0x0000000801969800 'java/lang/invoke/LambdaForm$DMH+0x0000000801969800'
Event: 32.423 Thread 0x0000011cb72ab1b0 Unloading class 0x0000000801969400 'java/lang/invoke/LambdaForm$DMH+0x0000000801969400'
Event: 32.423 Thread 0x0000011cb72ab1b0 Unloading class 0x0000000801969000 'java/lang/invoke/LambdaForm$DMH+0x0000000801969000'
Event: 32.423 Thread 0x0000011cb72ab1b0 Unloading class 0x0000000801968000 'java/lang/invoke/LambdaForm$DMH+0x0000000801968000'
Event: 32.423 Thread 0x0000011cb72ab1b0 Unloading class 0x0000000801968800 'java/lang/invoke/LambdaForm$DMH+0x0000000801968800'
Event: 32.423 Thread 0x0000011cb72ab1b0 Unloading class 0x0000000801968c00 'java/lang/invoke/LambdaForm$DMH+0x0000000801968c00'
Event: 33.594 Thread 0x0000011cb72ab1b0 Unloading class 0x0000000801ae1800 'java/lang/invoke/LambdaForm$DMH+0x0000000801ae1800'
Event: 33.594 Thread 0x0000011cb72ab1b0 Unloading class 0x0000000801ae0400 'java/lang/invoke/LambdaForm$DMH+0x0000000801ae0400'
Event: 33.594 Thread 0x0000011cb72ab1b0 Unloading class 0x0000000801ae1400 'java/lang/invoke/LambdaForm$DMH+0x0000000801ae1400'
Event: 33.594 Thread 0x0000011cb72ab1b0 Unloading class 0x0000000801ae0000 'java/lang/invoke/LambdaForm$DMH+0x0000000801ae0000'
Event: 33.594 Thread 0x0000011cb72ab1b0 Unloading class 0x0000000801ae1000 'java/lang/invoke/LambdaForm$DMH+0x0000000801ae1000'
Event: 33.594 Thread 0x0000011cb72ab1b0 Unloading class 0x0000000801ae0c00 'java/lang/invoke/LambdaForm$DMH+0x0000000801ae0c00'

Classes redefined (0 events):
No events

Internal exceptions (20 events):
Event: 1179.315 Thread 0x0000011cc2bf4450 Exception <a 'sun/nio/fs/WindowsException'{0x00000000923e1818}> (0x00000000923e1818) 
thrown [t:\workspace\open\src\hotspot\share\prims\jni.cpp, line 579]
Event: 1179.388 Thread 0x0000011cc2bf4450 Exception <a 'sun/nio/fs/WindowsException'{0x0000000091c438a8}> (0x0000000091c438a8) 
thrown [t:\workspace\open\src\hotspot\share\prims\jni.cpp, line 579]
Event: 1179.802 Thread 0x0000011cc2bf5ee0 Exception <a 'sun/nio/fs/WindowsException'{0x00000000946c9cb8}> (0x00000000946c9cb8) 
thrown [t:\workspace\open\src\hotspot\share\prims\jni.cpp, line 579]
Event: 1181.455 Thread 0x0000011cc73c6ed0 Exception <a 'sun/nio/fs/WindowsException'{0x0000000096454e38}> (0x0000000096454e38) 
thrown [t:\workspace\open\src\hotspot\share\prims\jni.cpp, line 579]
Event: 1181.843 Thread 0x0000011cc73c5440 Exception <a 'sun/nio/fs/WindowsException'{0x0000000095898538}> (0x0000000095898538) 
thrown [t:\workspace\open\src\hotspot\share\prims\jni.cpp, line 579]
Event: 1181.844 Thread 0x0000011cbbdedc60 Exception <a 'sun/nio/fs/WindowsException'{0x00000000958912e8}> (0x00000000958912e8) 
thrown [t:\workspace\open\src\hotspot\share\prims\jni.cpp, line 579]
Event: 1181.844 Thread 0x0000011cbbdedc60 Exception <a 'sun/nio/fs/WindowsException'{0x00000000958916a8}> (0x00000000958916a8) 
thrown [t:\workspace\open\src\hotspot\share\prims\jni.cpp, line 579]
Event: 1181.844 Thread 0x0000011cbbdedc60 Exception <a 'sun/nio/fs/WindowsException'{0x0000000095893008}> (0x0000000095893008) 
thrown [t:\workspace\open\src\hotspot\share\prims\jni.cpp, line 579]
Event: 1185.494 Thread 0x0000011cbbdedc60 Exception <a 'sun/nio/fs/WindowsException'{0x0000000092ea6248}> (0x0000000092ea6248) 
thrown [t:\workspace\open\src\hotspot\share\prims\jni.cpp, line 579]
Event: 1185.548 Thread 0x0000011cbbdedc60 Exception <a 'java/lang/NoClassDefFoundError'{0x0000000092ba07f8}: org/jetbrains/kotlin/gradle/plugin/KotlinBasePluginWrapper> (0x0000000092ba07f8) 
thrown [t:\workspace\open\src\hotspot\share\oops\constantPool.cpp, line 809]
Event: 1185.573 Thread 0x0000011cbbdedc60 Exception <a 'sun/nio/fs/WindowsException'{0x0000000092adcb10}> (0x0000000092adcb10) 
thrown [t:\workspace\open\src\hotspot\share\prims\jni.cpp, line 579]
Event: 1185.578 Thread 0x0000011cbbdedc60 Exception <a 'sun/nio/fs/WindowsException'{0x0000000092976350}> (0x0000000092976350) 
thrown [t:\workspace\open\src\hotspot\share\prims\jni.cpp, line 579]
Event: 1185.579 Thread 0x0000011cbbdedc60 Exception <a 'sun/nio/fs/WindowsException'{0x0000000092977a08}> (0x0000000092977a08) 
thrown [t:\workspace\open\src\hotspot\share\prims\jni.cpp, line 579]
Event: 1185.579 Thread 0x0000011cbbdedc60 Exception <a 'sun/nio/fs/WindowsException'{0x0000000092978dd0}> (0x0000000092978dd0) 
thrown [t:\workspace\open\src\hotspot\share\prims\jni.cpp, line 579]
Event: 1185.579 Thread 0x0000011cbbdedc60 Exception <a 'sun/nio/fs/WindowsException'{0x000000009297a198}> (0x000000009297a198) 
thrown [t:\workspace\open\src\hotspot\share\prims\jni.cpp, line 579]
Event: 1185.649 Thread 0x0000011cbbdedc60 Exception <a 'sun/nio/fs/WindowsException'{0x00000000925f02c0}> (0x00000000925f02c0) 
thrown [t:\workspace\open\src\hotspot\share\prims\jni.cpp, line 579]
Event: 1186.008 Thread 0x0000011cbbdedc60 Exception <a 'sun/nio/fs/WindowsException'{0x0000000090e6f660}> (0x0000000090e6f660) 
thrown [t:\workspace\open\src\hotspot\share\prims\jni.cpp, line 579]
Event: 1186.008 Thread 0x0000011cbbdedc60 Exception <a 'sun/nio/fs/WindowsException'{0x0000000090e6fa20}> (0x0000000090e6fa20) 
thrown [t:\workspace\open\src\hotspot\share\prims\jni.cpp, line 579]
Event: 1186.008 Thread 0x0000011cbbdedc60 Exception <a 'sun/nio/fs/WindowsException'{0x0000000090e71380}> (0x0000000090e71380) 
thrown [t:\workspace\open\src\hotspot\share\prims\jni.cpp, line 579]
Event: 1186.014 Thread 0x0000011cbbdeac90 Exception <a 'sun/nio/fs/WindowsException'{0x0000000090e820b0}> (0x0000000090e820b0) 
thrown [t:\workspace\open\src\hotspot\share\prims\jni.cpp, line 579]

Events (20 events):
Event: 1246.430 Executing  VM operation: Cleanup done
Event: 1262.538 Executing  VM operation: Cleanup
Event: 1262.538 Executing  VM operation: Cleanup done
Event: 1281.662 Executing  VM operation: Cleanup
Event: 1281.662 Executing  VM operation: Cleanup done
Event: 1282.666 Executing  VM operation: Cleanup
Event: 1282.666 Executing  VM operation: Cleanup done
Event: 1284.676 Executing  VM operation: Cleanup
Event: 1284.676 Executing  VM operation: Cleanup done
Event: 1291.726 Executing  VM operation: Cleanup
Event: 1291.727 Executing  VM operation: Cleanup done
Event: 1298.128 Thread 0x0000011cbbde8760 Thread added: 0x0000011cbbde8760
Event: 1298.128 Thread 0x0000011cbbde8cb0 Thread added: 0x0000011cbbde8cb0
Event: 1298.131 Thread 0x0000011cbbdeb1e0 Thread added: 0x0000011cbbdeb1e0
Event: 1298.136 Thread 0x0000011cbbdeb730 Thread added: 0x0000011cbbdeb730
Event: 1298.139 Thread 0x0000011cbbdedc60 Thread added: 0x0000011cbbdedc60
Event: 1298.140 Thread 0x0000011cbbde9200 Thread added: 0x0000011cbbde9200
Event: 1298.140 Thread 0x0000011cbbdebc80 Thread added: 0x0000011cbbdebc80
Event: 1298.145 Thread 0x0000011cbbdeec50 Thread added: 0x0000011cbbdeec50
Event: 1298.153 Executing  VM operation: G1CollectForAllocation


Dynamic libraries:
0x00007ff749930000 - 0x00007ff749940000 	C:\Program Files\Java\jdk-16.0.2\bin\java.exe
0x00007ffa6d030000 - 0x00007ffa6d228000 	C:\WINDOWS\SYSTEM32\ntdll.dll
0x00007ffa6bd60000 - 0x00007ffa6be1d000 	C:\WINDOWS\System32\KERNEL32.DLL
0x00007ffa6a7c0000 - 0x00007ffa6aa8e000 	C:\WINDOWS\System32\KERNELBASE.dll
0x00007ffa6ac80000 - 0x00007ffa6ad80000 	C:\WINDOWS\System32\ucrtbase.dll
0x00007ffa4ff40000 - 0x00007ffa4ff58000 	C:\Program Files\Java\jdk-16.0.2\bin\jli.dll
0x00007ffa54bc0000 - 0x00007ffa54bd9000 	C:\Program Files\Java\jdk-16.0.2\bin\VCRUNTIME140.dll
0x00007ffa6c0b0000 - 0x00007ffa6c15e000 	C:\WINDOWS\System32\ADVAPI32.dll
0x00007ffa6bfa0000 - 0x00007ffa6c03e000 	C:\WINDOWS\System32\msvcrt.dll
0x00007ffa6bb10000 - 0x00007ffa6bbac000 	C:\WINDOWS\System32\sechost.dll
0x00007ffa6cb60000 - 0x00007ffa6cc85000 	C:\WINDOWS\System32\RPCRT4.dll
0x00007ffa6b970000 - 0x00007ffa6bb10000 	C:\WINDOWS\System32\USER32.dll
0x00007ffa53e60000 - 0x00007ffa540fa000 	C:\WINDOWS\WinSxS\amd64_microsoft.windows.common-controls_6595b64144ccf1df_6.0.19041.1110_none_60b5254171f9507e\COMCTL32.dll
0x00007ffa6aba0000 - 0x00007ffa6abc2000 	C:\WINDOWS\System32\win32u.dll
0x00007ffa6b240000 - 0x00007ffa6b26a000 	C:\WINDOWS\System32\GDI32.dll
0x00007ffa6aa90000 - 0x00007ffa6ab9b000 	C:\WINDOWS\System32\gdi32full.dll
0x00007ffa6ae90000 - 0x00007ffa6af2d000 	C:\WINDOWS\System32\msvcp_win.dll
0x00007ffa64710000 - 0x00007ffa6471a000 	C:\WINDOWS\SYSTEM32\VERSION.dll
0x00007ffa6c2f0000 - 0x00007ffa6c320000 	C:\WINDOWS\System32\IMM32.DLL
0x00007ffa4f8a0000 - 0x00007ffa4f8ac000 	C:\Program Files\Java\jdk-16.0.2\bin\vcruntime140_1.dll
0x00007ffa33fb0000 - 0x00007ffa34041000 	C:\Program Files\Java\jdk-16.0.2\bin\msvcp140.dll
0x00007ff9e8900000 - 0x00007ff9e94ab000 	C:\Program Files\Java\jdk-16.0.2\bin\server\jvm.dll
0x00007ffa6c0a0000 - 0x00007ffa6c0a8000 	C:\WINDOWS\System32\PSAPI.DLL
0x00007ffa45080000 - 0x00007ffa45089000 	C:\WINDOWS\SYSTEM32\WSOCK32.dll
0x00007ffa685d0000 - 0x00007ffa685f7000 	C:\WINDOWS\SYSTEM32\WINMM.dll
0x00007ffa6bbb0000 - 0x00007ffa6bc1b000 	C:\WINDOWS\System32\WS2_32.dll
0x00007ffa69010000 - 0x00007ffa69022000 	C:\WINDOWS\SYSTEM32\kernel.appcore.dll
0x00007ffa4f890000 - 0x00007ffa4f89a000 	C:\Program Files\Java\jdk-16.0.2\bin\jimage.dll
0x00007ffa683e0000 - 0x00007ffa685c4000 	C:\WINDOWS\SYSTEM32\DBGHELP.DLL
0x00007ffa683b0000 - 0x00007ffa683dc000 	C:\WINDOWS\SYSTEM32\dbgcore.DLL
0x00007ffa6ae00000 - 0x00007ffa6ae82000 	C:\WINDOWS\System32\bcryptPrimitives.dll
0x00007ffa33f80000 - 0x00007ffa33fa5000 	C:\Program Files\Java\jdk-16.0.2\bin\java.dll
0x00007ffa6c330000 - 0x00007ffa6ca74000 	C:\WINDOWS\System32\SHELL32.dll
0x00007ffa68830000 - 0x00007ffa68fc4000 	C:\WINDOWS\SYSTEM32\windows.storage.dll
0x00007ffa6cc90000 - 0x00007ffa6cfe4000 	C:\WINDOWS\System32\combase.dll
0x00007ffa6a1b0000 - 0x00007ffa6a1e0000 	C:\WINDOWS\SYSTEM32\Wldp.dll
0x00007ffa6b370000 - 0x00007ffa6b41d000 	C:\WINDOWS\System32\SHCORE.dll
0x00007ffa6b4a0000 - 0x00007ffa6b4f5000 	C:\WINDOWS\System32\shlwapi.dll
0x00007ffa6a690000 - 0x00007ffa6a6af000 	C:\WINDOWS\SYSTEM32\profapi.dll
0x00007ffa4bef0000 - 0x00007ffa4bf09000 	C:\Program Files\Java\jdk-16.0.2\bin\net.dll
0x00007ffa55690000 - 0x00007ffa5579a000 	C:\WINDOWS\SYSTEM32\WINHTTP.dll
0x00007ffa69f10000 - 0x00007ffa69f7a000 	C:\WINDOWS\system32\mswsock.dll
0x00007ffa416d0000 - 0x00007ffa416e3000 	C:\Program Files\Java\jdk-16.0.2\bin\nio.dll
0x00007ffa33f60000 - 0x00007ffa33f78000 	C:\Program Files\Java\jdk-16.0.2\bin\zip.dll
0x00007ffa4db00000 - 0x00007ffa4db10000 	C:\Program Files\Java\jdk-16.0.2\bin\verify.dll
0x00007ffa34050000 - 0x00007ffa34077000 	C:\Users\ITECH\.gradle\native\e1d6ef7f7dcc3fd88c89a11ec53ec762bb8ba0a96d01ffa2cd45eb1d1d8dd5c5\windows-amd64\native-platform.dll
0x00007ffa33d10000 - 0x00007ffa33e54000 	C:\Users\ITECH\.gradle\native\5664cfc778a61ccfe75a443a1ab52a65af34e5dc3c78e0209fed803814484fcb\windows-amd64\native-platform-file-events.dll
0x00007ffa454d0000 - 0x00007ffa454d9000 	C:\Program Files\Java\jdk-16.0.2\bin\management.dll
0x00007ffa43060000 - 0x00007ffa4306b000 	C:\Program Files\Java\jdk-16.0.2\bin\management_ext.dll
0x00007ffa6a100000 - 0x00007ffa6a118000 	C:\WINDOWS\SYSTEM32\CRYPTSP.dll
0x00007ffa69820000 - 0x00007ffa69854000 	C:\WINDOWS\system32\rsaenh.dll
0x00007ffa6ad80000 - 0x00007ffa6ada7000 	C:\WINDOWS\System32\bcrypt.dll
0x00007ffa6a650000 - 0x00007ffa6a67e000 	C:\WINDOWS\SYSTEM32\USERENV.dll
0x00007ffa6a120000 - 0x00007ffa6a12c000 	C:\WINDOWS\SYSTEM32\CRYPTBASE.dll
0x00007ffa69bb0000 - 0x00007ffa69beb000 	C:\WINDOWS\SYSTEM32\IPHLPAPI.DLL
0x00007ffa6c320000 - 0x00007ffa6c328000 	C:\WINDOWS\System32\NSI.dll
0x00007ffa5ef60000 - 0x00007ffa5ef77000 	C:\WINDOWS\SYSTEM32\dhcpcsvc6.DLL
0x00007ffa5f940000 - 0x00007ffa5f95d000 	C:\WINDOWS\SYSTEM32\dhcpcsvc.DLL
0x00007ffa69c00000 - 0x00007ffa69cca000 	C:\WINDOWS\SYSTEM32\DNSAPI.dll
0x00007ffa33f50000 - 0x00007ffa33f5e000 	C:\Program Files\Java\jdk-16.0.2\bin\sunmscapi.dll
0x00007ffa6af30000 - 0x00007ffa6b086000 	C:\WINDOWS\System32\CRYPT32.dll
0x00007ffa6a220000 - 0x00007ffa6a247000 	C:\WINDOWS\SYSTEM32\ncrypt.dll
0x00007ffa6a1e0000 - 0x00007ffa6a21b000 	C:\WINDOWS\SYSTEM32\NTASN1.dll
0x00007ffa1cca0000 - 0x00007ffa1cca7000 	C:\WINDOWS\system32\wshunix.dll
0x00007ffa69450000 - 0x00007ffa69483000 	C:\WINDOWS\SYSTEM32\ntmarta.dll

dbghelp: loaded successfully - version: 4.0.5 - missing functions: none
symbol engine: initialized successfully - sym options: 0x614 - pdb path: .;C:\Program Files\Java\jdk-16.0.2\bin;C:\WINDOWS\SYSTEM32;C:\WINDOWS\WinSxS\amd64_microsoft.windows.common-controls_6595b64144ccf1df_6.0.19041.1110_none_60b5254171f9507e;C:\Program Files\Java\jdk-16.0.2\bin\server;C:\Users\ITECH\.gradle\native\e1d6ef7f7dcc3fd88c89a11ec53ec762bb8ba0a96d01ffa2cd45eb1d1d8dd5c5\windows-amd64;C:\Users\ITECH\.gradle\native\5664cfc778a61ccfe75a443a1ab52a65af34e5dc3c78e0209fed803814484fcb\windows-amd64

VM Arguments:
jvm_args: --add-opens=java.base/java.util=ALL-UNNAMED --add-opens=java.base/java.lang=ALL-UNNAMED --add-opens=java.base/java.lang.invoke=ALL-UNNAMED --add-opens=java.base/java.util=ALL-UNNAMED --add-opens=java.prefs/java.util.prefs=ALL-UNNAMED --add-opens=java.prefs/java.util.prefs=ALL-UNNAMED --add-opens=java.base/java.nio.charset=ALL-UNNAMED --add-opens=java.base/java.net=ALL-UNNAMED --add-opens=java.base/java.util.concurrent.atomic=ALL-UNNAMED -Xmx2048m -Dfile.encoding=UTF-8 -Duser.country=US -Duser.language=en -Duser.variant 
java_command: org.gradle.launcher.daemon.bootstrap.GradleDaemon 7.3.3
java_class_path (initial): C:\Users\ITECH\.gradle\wrapper\dists\gradle-7.3.3-bin\6a41zxkdtcxs8rphpq6y0069z\gradle-7.3.3\lib\gradle-launcher-7.3.3.jar
Launcher Type: SUN_STANDARD

[Global flags]
     intx CICompilerCount                          = 4                                         {product} {ergonomic}
     uint ConcGCThreads                            = 2                                         {product} {ergonomic}
     uint G1ConcRefinementThreads                  = 8                                         {product} {ergonomic}
   size_t G1HeapRegionSize                         = 1048576                                   {product} {ergonomic}
    uintx GCDrainStackTargetSize                   = 64                                        {product} {ergonomic}
   size_t InitialHeapSize                          = 132120576                                 {product} {ergonomic}
   size_t MarkStackSize                            = 4194304                                   {product} {ergonomic}
   size_t MaxHeapSize                              = 2147483648                                {product} {command line}
   size_t MaxNewSize                               = 1287651328                                {product} {ergonomic}
   size_t MinHeapDeltaBytes                        = 1048576                                   {product} {ergonomic}
   size_t MinHeapSize                              = 8388608                                   {product} {ergonomic}
    uintx NonNMethodCodeHeapSize                   = 5839372                                {pd product} {ergonomic}
    uintx NonProfiledCodeHeapSize                  = 122909434                              {pd product} {ergonomic}
    uintx ProfiledCodeHeapSize                     = 122909434                              {pd product} {ergonomic}
    uintx ReservedCodeCacheSize                    = 251658240                              {pd product} {ergonomic}
     bool SegmentedCodeCache                       = true                                      {product} {ergonomic}
   size_t SoftMaxHeapSize                          = 2147483648                             {manageable} {ergonomic}
     bool UseCompressedClassPointers               = true                           {product lp64_product} {ergonomic}
     bool UseCompressedOops                        = true                           {product lp64_product} {ergonomic}
     bool UseG1GC                                  = true                                      {product} {ergonomic}
     bool UseLargePagesIndividualAllocation        = false                                  {pd product} {ergonomic}

Logging:
Log output configuration:
 #0: stdout all=warning uptime,level,tags
 #1: stderr all=off uptime,level,tags

Environment Variables:
JAVA_HOME=C:\Program Files\Java\jdk-16.0.2
PATH=C:\Program Files\Python37\Scripts\;C:\Program Files\Python37\;C:\ProgramData\Oracle\Java\javapath;C:\app\ITECH\product\11.2.0\dbhome_1\bin;C:\Program Files\Common Files\Oracle\Java\javapath;C:\Program Files (x86)\Common Files\Oracle\Java\javapath;C:\WINDOWS\system32;C:\WINDOWS;C:\WINDOWS\System32\Wbem;C:\WINDOWS\System32\WindowsPowerShell\v1.0\;C:\WINDOWS\System32\OpenSSH\;C:\Program Files\Microsoft SQL Server\130\Tools\Binn\;C:\Program Files\Microsoft SQL Server\Client SDK\ODBC\170\Tools\Binn\;C:\Program Files\dotnet\;C:\Program Files\nodejs\;C:\Program Files\Java\jdk-16.0.2\bin;C:\Program Files\Git\cmd;C:\Program Files\Java\jdk-16.0.2\bin;
USERNAME=ITECH
OS=Windows_NT
PROCESSOR_IDENTIFIER=Intel64 Family 6 Model 126 Stepping 5, GenuineIntel



---------------  S Y S T E M  ---------------

OS:
 Windows 10 , 64 bit Build 19041 (10.0.19041.1889)
OS uptime: 0 days 0:26 hours

CPU: total 8 (initial active 8) (4 cores per cpu, 2 threads per core) family 6 model 126 stepping 5 microcode 0xb0, cx8, cmov, fxsr, ht, mmx, 3dnowpref, sse, sse2, sse3, ssse3, sse4.1, sse4.2, popcnt, lzcnt, tsc, tscinvbit, avx, avx2, aes, erms, clmul, bmi1, bmi2, adx, avx512f, avx512dq, avx512cd, avx512bw, avx512vl, sha, fma, vzeroupper, avx512_vpopcntdq, avx512_vpclmulqdq, avx512_vaes, avx512_vnni, clflush, clflushopt, avx512_vmbi2, avx512_vmbi

Memory: 4k page, system-wide physical 7959M (1134M free)
TotalPageFile size 7959M (AvailPageFile size 178M)
current process WorkingSet (physical memory assigned to process): 668M, peak: 760M
current process commit charge ("private bytes"): 705M, peak: 1129M

vm_info: Java HotSpot(TM) 64-Bit Server VM (16.0.2+7-67) for windows-amd64 JRE (16.0.2+7-67), built on Jun  8 2021 23:24:19 by "mach5one" with MS VC++ 16.7 (VS2019)

END.
