#
# There is insufficient memory for the Java Runtime Environment to continue.
# Native memory allocation (mmap) failed to map 311427072 bytes for G1 virtual space
# Possible reasons:
#   The system is out of physical RAM or swap space
#   The process is running with CompressedOops enabled, and the Java Heap may be blocking the growth of the native heap
# Possible solutions:
#   Reduce memory load on the system
#   Increase physical memory or swap space
#   Check if swap backing store is full
#   Decrease Java heap size (-Xmx/-Xms)
#   Decrease number of Java threads
#   Decrease Java thread stack sizes (-Xss)
#   Set larger code cache with -XX:ReservedCodeCacheSize=
#   JVM is running with Unscaled Compressed Oops mode in which the Java heap is
#     placed in the first 4GB address space. The Java Heap base address is the
#     maximum limit for the native heap growth. Please use -XX:HeapBaseMinAddress
#     to set the Java Heap base and to place the Java Heap above 4GB virtual address.
# This output file may be truncated or incomplete.
#
#  Out of Memory Error (os_windows.cpp:3466), pid=6528, tid=4608
#
# JRE version: Java(TM) SE Runtime Environment (16.0.2+7) (build 16.0.2+7-67)
# Java VM: Java HotSpot(TM) 64-Bit Server VM (16.0.2+7-67, mixed mode, sharing, tiered, compressed oops, compressed class ptrs, g1 gc, windows-amd64)
# No core dump will be written. Minidumps are not enabled by default on client versions of Windows
#

---------------  S U M M A R Y ------------

Command Line: --add-opens=java.base/java.util=ALL-UNNAMED --add-opens=java.base/java.lang=ALL-UNNAMED --add-opens=java.base/java.lang.invoke=ALL-UNNAMED --add-opens=java.base/java.util=ALL-UNNAMED --add-opens=java.prefs/java.util.prefs=ALL-UNNAMED --add-opens=java.prefs/java.util.prefs=ALL-UNNAMED --add-opens=java.base/java.nio.charset=ALL-UNNAMED --add-opens=java.base/java.net=ALL-UNNAMED --add-opens=java.base/java.util.concurrent.atomic=ALL-UNNAMED -Xmx2048m -Dfile.encoding=UTF-8 -Duser.country=US -Duser.language=en -Duser.variant org.gradle.launcher.daemon.bootstrap.GradleDaemon 7.3.3

Host: Intel(R) Core(TM) i7-1065G7 CPU @ 1.30GHz, 8 cores, 7G,  Windows 10 , 64 bit Build 19041 (10.0.19041.1889)
Time: Mon Aug 22 12:08:25 2022 Egypt Standard Time elapsed time: 756.312633 seconds (0d 0h 12m 36s)

---------------  T H R E A D  ---------------

Current thread (0x000001b048027ee0):  VMThread "VM Thread" [stack: 0x000000410b900000,0x000000410ba00000] [id=4608]

Stack: [0x000000410b900000,0x000000410ba00000]
Native frames: (J=compiled Java code, j=interpreted, Vv=VM code, C=native code)
V  [jvm.dll+0x6681ca]
V  [jvm.dll+0x7c9e69]
V  [jvm.dll+0x7cb61e]
V  [jvm.dll+0x7cbc73]
V  [jvm.dll+0x242c55]
V  [jvm.dll+0x664f89]
V  [jvm.dll+0x659b75]
V  [jvm.dll+0x2fbfbb]
V  [jvm.dll+0x3031b6]
V  [jvm.dll+0x35299e]
V  [jvm.dll+0x352bcf]
V  [jvm.dll+0x2d3028]
V  [jvm.dll+0x2d0bb5]
V  [jvm.dll+0x2d01ec]
V  [jvm.dll+0x315693]
V  [jvm.dll+0x7d00ab]
V  [jvm.dll+0x7d0da4]
V  [jvm.dll+0x7d12a9]
V  [jvm.dll+0x7d1564]
V  [jvm.dll+0x7d1630]
V  [jvm.dll+0x7795aa]
V  [jvm.dll+0x667066]
C  [ucrtbase.dll+0x21bb2]
C  [KERNEL32.DLL+0x17034]
C  [ntdll.dll+0x52651]

VM_Operation (0x0000004114efd2d0): G1TryInitiateConcMark, mode: safepoint, requested by thread 0x000001b051e9b9f0


---------------  P R O C E S S  ---------------

Threads class SMR info:
_java_thread_list=0x000001b0514f0280, length=162, elements={
0x000001b02800e980, 0x000001b04802c080, 0x000001b04802cb90, 0x000001b04803b860,
0x000001b048040290, 0x000001b048042bb0, 0x000001b048043c60, 0x000001b0480450f0,
0x000001b0480472a0, 0x000001b048054230, 0x000001b048cbcad0, 0x000001b048cc1000,
0x000001b04a9cf520, 0x000001b049c97010, 0x000001b04a6c7a10, 0x000001b049b74510,
0x000001b049b764f0, 0x000001b049b74a60, 0x000001b049b76a40, 0x000001b049b74fb0,
0x000001b04afe7020, 0x000001b04afeafe0, 0x000001b04afe6ad0, 0x000001b04afeaa90,
0x000001b04afe8ab0, 0x000001b04f294d90, 0x000001b04f298800, 0x000001b04f2972c0,
0x000001b04f294840, 0x000001b04f2997f0, 0x000001b04f291dc0, 0x000001b04f292860,
0x000001b04807d390, 0x000001b04e8433b0, 0x000001b04e733120, 0x000001b04e8448f0,
0x000001b04e843e50, 0x000001b04e83e400, 0x000001b04e8403e0, 0x000001b04e83cec0,
0x000001b04e842e60, 0x000001b04e83fe90, 0x000001b04e83d960, 0x000001b04e842910,
0x000001b04e83e950, 0x000001b04e83d410, 0x000001b04e840e80, 0x000001b04e843900,
0x000001b04e841920, 0x000001b04e841e70, 0x000001b04e83f940, 0x000001b04e83deb0,
0x000001b04e8443a0, 0x000001b04e83eea0, 0x000001b04e83f3f0, 0x000001b04807d8e0,
0x000001b04807de30, 0x000001b048081350, 0x000001b04807e380, 0x000001b04807e8d0,
0x000001b048079e70, 0x000001b04807be50, 0x000001b04807a3c0, 0x000001b0480818a0,
0x000001b04807b3b0, 0x000001b04807ee20, 0x000001b04807c8f0, 0x000001b04807f8c0,
0x000001b04807c3a0, 0x000001b04807f370, 0x000001b04807fe10, 0x000001b048080360,
0x000001b0480808b0, 0x000001b04f296d70, 0x000001b04f297810, 0x000001b04f292310,
0x000001b04f292db0, 0x000001b04f293300, 0x000001b04f293da0, 0x000001b04f2942f0,
0x000001b04f295830, 0x000001b04f295d80, 0x000001b04f2962d0, 0x000001b04e734bb0,
0x000001b04e735650, 0x000001b04e7360f0, 0x000001b04e734110, 0x000001b04e732bd0,
0x000001b04e735100, 0x000001b04e733670, 0x000001b04e733bc0, 0x000001b04e734660,
0x000001b04afeba80, 0x000001b04afec520, 0x000001b04afecfc0, 0x000001b04afe9000,
0x000001b04afe9aa0, 0x000001b04afea540, 0x000001b04afe8560, 0x000001b04afed510,
0x000001b04afe5ae0, 0x000001b049b76f90, 0x000001b049b75a50, 0x000001b049b774e0,
0x000001b049b75fa0, 0x000001b049b73fc0, 0x000001b04e897000, 0x000001b04e896ab0,
0x000001b04e89ba60, 0x000001b04e89c500, 0x000001b04e894ad0, 0x000001b04e898a90,
0x000001b04e897550, 0x000001b04e895020, 0x000001b04e896560, 0x000001b04e89bfb0,
0x000001b04e899530, 0x000001b04e898540, 0x000001b04e898fe0, 0x000001b04e895570,
0x000001b04e897aa0, 0x000001b04e899a80, 0x000001b04e895ac0, 0x000001b04e89afc0,
0x000001b04e897ff0, 0x000001b04e896010, 0x000001b04e899fd0, 0x000001b04e89a520,
0x000001b04e89b510, 0x000001b051e9d9d0, 0x000001b051ea2430, 0x000001b051ea2980,
0x000001b051ea2ed0, 0x000001b051e9e9c0, 0x000001b051ea3420, 0x000001b051e9df20,
0x000001b051e9f9b0, 0x000001b051e9ef10, 0x000001b051ea09a0, 0x000001b051ea0ef0,
0x000001b051e9b9f0, 0x000001b051ea0450, 0x000001b051e9f460, 0x000001b051e9d480,
0x000001b051e9ff00, 0x000001b051ea1ee0, 0x000001b051ea1990, 0x000001b048080e00,
0x000001b04ad9b330, 0x000001b04e68da00, 0x000001b04e690680, 0x000001b04ad99df0,
0x000001b04ad99350, 0x000001b04ad998a0, 0x000001b04ad96e20, 0x000001b04ad97370,
0x000001b04ad96380, 0x000001b04ad9bdd0, 0x000001b04ad9c320, 0x000001b04ad9a890,
0x000001b04ad9b880, 0x000001b04ad98360
}

Java Threads: ( => current thread )
  0x000001b02800e980 JavaThread "main" [_thread_blocked, id=7680, stack(0x000000410b300000,0x000000410b400000)]
  0x000001b04802c080 JavaThread "Reference Handler" daemon [_thread_blocked, id=13216, stack(0x000000410ba00000,0x000000410bb00000)]
  0x000001b04802cb90 JavaThread "Finalizer" daemon [_thread_blocked, id=7000, stack(0x000000410bb00000,0x000000410bc00000)]
  0x000001b04803b860 JavaThread "Signal Dispatcher" daemon [_thread_blocked, id=144, stack(0x000000410bc00000,0x000000410bd00000)]
  0x000001b048040290 JavaThread "Attach Listener" daemon [_thread_blocked, id=10680, stack(0x000000410bd00000,0x000000410be00000)]
  0x000001b048042bb0 JavaThread "Service Thread" daemon [_thread_blocked, id=9528, stack(0x000000410be00000,0x000000410bf00000)]
  0x000001b048043c60 JavaThread "Monitor Deflation Thread" daemon [_thread_blocked, id=11160, stack(0x000000410bf00000,0x000000410c000000)]
  0x000001b0480450f0 JavaThread "C2 CompilerThread0" daemon [_thread_blocked, id=9208, stack(0x000000410c000000,0x000000410c100000)]
  0x000001b0480472a0 JavaThread "C1 CompilerThread0" daemon [_thread_blocked, id=2904, stack(0x000000410c100000,0x000000410c200000)]
  0x000001b048054230 JavaThread "Sweeper thread" daemon [_thread_blocked, id=12196, stack(0x000000410c200000,0x000000410c300000)]
  0x000001b048cbcad0 JavaThread "Common-Cleaner" daemon [_thread_blocked, id=5456, stack(0x000000410c300000,0x000000410c400000)]
  0x000001b048cc1000 JavaThread "Notification Thread" daemon [_thread_blocked, id=8540, stack(0x000000410c400000,0x000000410c500000)]
  0x000001b04a9cf520 JavaThread "Daemon health stats" [_thread_blocked, id=4688, stack(0x000000410cc00000,0x000000410cd00000)]
  0x000001b049c97010 JavaThread "Incoming local TCP Connector on port 54521" [_thread_in_native, id=8596, stack(0x000000410cd00000,0x000000410ce00000)]
  0x000001b04a6c7a10 JavaThread "Daemon periodic checks" [_thread_blocked, id=1996, stack(0x000000410ce00000,0x000000410cf00000)]
  0x000001b049b74510 JavaThread "Cache worker for journal cache (C:\Users\ITECH\.gradle\caches\journal-1)" [_thread_blocked, id=11940, stack(0x000000410d600000,0x000000410d700000)]
  0x000001b049b764f0 JavaThread "File lock request listener" [_thread_in_native, id=1976, stack(0x000000410d700000,0x000000410d800000)]
  0x000001b049b74a60 JavaThread "Cache worker for file hash cache (C:\Users\ITECH\.gradle\caches\7.3.3\fileHashes)" [_thread_blocked, id=5108, stack(0x000000410d800000,0x000000410d900000)]
  0x000001b049b76a40 JavaThread "File watcher server" daemon [_thread_blocked, id=5652, stack(0x000000410dd00000,0x000000410de00000)]
  0x000001b049b74fb0 JavaThread "File watcher consumer" daemon [_thread_blocked, id=6564, stack(0x000000410de00000,0x000000410df00000)]
  0x000001b04afe7020 JavaThread "Cache worker for execution history cache (C:\Users\ITECH\.gradle\caches\7.3.3\executionHistory)" [_thread_blocked, id=9176, stack(0x000000410e300000,0x000000410e400000)]
  0x000001b04afeafe0 JavaThread "jar transforms" [_thread_blocked, id=6420, stack(0x000000410e400000,0x000000410e500000)]
  0x000001b04afe6ad0 JavaThread "Cache worker for file content cache (C:\Users\ITECH\.gradle\caches\7.3.3\fileContent)" [_thread_blocked, id=11084, stack(0x000000410e500000,0x000000410e600000)]
  0x000001b04afeaa90 JavaThread "jar transforms Thread 2" [_thread_blocked, id=11308, stack(0x000000410e600000,0x000000410e700000)]
  0x000001b04afe8ab0 JavaThread "jar transforms Thread 3" [_thread_blocked, id=3348, stack(0x000000410e800000,0x000000410e900000)]
  0x000001b04f294d90 JavaThread "jar transforms Thread 4" [_thread_blocked, id=5312, stack(0x0000004113a00000,0x0000004113b00000)]
  0x000001b04f298800 JavaThread "jar transforms Thread 5" [_thread_blocked, id=10476, stack(0x0000004113b00000,0x0000004113c00000)]
  0x000001b04f2972c0 JavaThread "jar transforms Thread 6" [_thread_blocked, id=10312, stack(0x0000004113c00000,0x0000004113d00000)]
  0x000001b04f294840 JavaThread "jar transforms Thread 7" [_thread_blocked, id=6268, stack(0x0000004113d00000,0x0000004113e00000)]
  0x000001b04f2997f0 JavaThread "jar transforms Thread 8" [_thread_blocked, id=5112, stack(0x0000004113e00000,0x0000004113f00000)]
  0x000001b04f291dc0 JavaThread "Memory manager" [_thread_blocked, id=10524, stack(0x0000004113f00000,0x0000004114000000)]
  0x000001b04f292860 JavaThread "pool-3-thread-1" [_thread_blocked, id=8888, stack(0x0000004114100000,0x0000004114200000)]
  0x000001b04807d390 JavaThread "ForkJoinPool.commonPool-worker-11" daemon [_thread_blocked, id=2700, stack(0x0000004114f00000,0x0000004115000000)]
  0x000001b04e8433b0 JavaThread "pool-7-thread-1" [_thread_blocked, id=9832, stack(0x0000004114200000,0x0000004114300000)]
  0x000001b04e733120 JavaThread "pool-10-thread-1" [_thread_blocked, id=852, stack(0x0000004114500000,0x0000004114600000)]
  0x000001b04e8448f0 JavaThread "Daemon Thread 2" [_thread_blocked, id=1120, stack(0x000000410b000000,0x000000410b100000)]
  0x000001b04e843e50 JavaThread "Handler for socket connection from /127.0.0.1:54521 to /127.0.0.1:51766" [_thread_in_native, id=13280, stack(0x000000410b100000,0x000000410b200000)]
  0x000001b04e83e400 JavaThread "Cancel handler" [_thread_blocked, id=6272, stack(0x000000410b200000,0x000000410b300000)]
  0x000001b04e8403e0 JavaThread "Daemon worker Thread 2" [_thread_blocked, id=12356, stack(0x000000410c600000,0x000000410c700000)]
  0x000001b04e83cec0 JavaThread "Asynchronous log dispatcher for DefaultDaemonConnection: socket connection from /127.0.0.1:54521 to /127.0.0.1:51766" [_thread_blocked, id=5008, stack(0x000000410c700000,0x000000410c800000)]
  0x000001b04e842e60 JavaThread "Stdin handler" [_thread_blocked, id=11468, stack(0x000000410cf00000,0x000000410d000000)]
  0x000001b04e83fe90 JavaThread "Daemon client event forwarder" [_thread_blocked, id=604, stack(0x000000410d000000,0x000000410d100000)]
  0x000001b04e83d960 JavaThread "Cache worker for file hash cache (C:\Users\ITECH\AndroidStudioProjects\yummy\.gradle\7.3.3\fileHashes)" [_thread_blocked, id=13124, stack(0x000000410d100000,0x000000410d200000)]
  0x000001b04e842910 JavaThread "Cache worker for checksums cache (C:\Users\ITECH\AndroidStudioProjects\yummy\.gradle\7.3.3\checksums)" [_thread_blocked, id=3856, stack(0x000000410d300000,0x000000410d400000)]
  0x000001b04e83e950 JavaThread "Cache worker for cache directory md-supplier (C:\Users\ITECH\.gradle\caches\7.3.3\md-supplier)" [_thread_blocked, id=11256, stack(0x000000410d400000,0x000000410d500000)]
  0x000001b04e83d410 JavaThread "Cache worker for cache directory md-rule (C:\Users\ITECH\.gradle\caches\7.3.3\md-rule)" [_thread_blocked, id=6964, stack(0x000000410d500000,0x000000410d600000)]
  0x000001b04e840e80 JavaThread "Cache worker for dependencies-accessors (C:\Users\ITECH\AndroidStudioProjects\yummy\.gradle\7.3.3\dependencies-accessors)" [_thread_blocked, id=6884, stack(0x000000410dc00000,0x000000410dd00000)]
  0x000001b04e843900 JavaThread "Cache worker for Build Output Cleanup Cache (C:\Users\ITECH\AndroidStudioProjects\yummy\.gradle\buildOutputCleanup)" [_thread_blocked, id=8036, stack(0x000000410df00000,0x000000410e000000)]
  0x000001b04e841920 JavaThread "Unconstrained build operations" [_thread_blocked, id=6548, stack(0x000000410e000000,0x000000410e100000)]
  0x000001b04e841e70 JavaThread "Unconstrained build operations Thread 2" [_thread_blocked, id=5892, stack(0x000000410e100000,0x000000410e200000)]
  0x000001b04e83f940 JavaThread "Unconstrained build operations Thread 3" [_thread_blocked, id=11044, stack(0x000000410e700000,0x000000410e800000)]
  0x000001b04e83deb0 JavaThread "Unconstrained build operations Thread 4" [_thread_blocked, id=8984, stack(0x000000410e900000,0x000000410ea00000)]
  0x000001b04e8443a0 JavaThread "Unconstrained build operations Thread 5" [_thread_blocked, id=1756, stack(0x000000410ea00000,0x000000410eb00000)]
  0x000001b04e83eea0 JavaThread "Unconstrained build operations Thread 6" [_thread_blocked, id=9804, stack(0x000000410eb00000,0x000000410ec00000)]
  0x000001b04e83f3f0 JavaThread "Unconstrained build operations Thread 7" [_thread_blocked, id=11248, stack(0x000000410ec00000,0x000000410ed00000)]
  0x000001b04807d8e0 JavaThread "Unconstrained build operations Thread 8" [_thread_blocked, id=8068, stack(0x000000410ed00000,0x000000410ee00000)]
  0x000001b04807de30 JavaThread "Unconstrained build operations Thread 9" [_thread_blocked, id=12104, stack(0x000000410ee00000,0x000000410ef00000)]
  0x000001b048081350 JavaThread "Unconstrained build operations Thread 10" [_thread_blocked, id=9200, stack(0x000000410ef00000,0x000000410f000000)]
  0x000001b04807e380 JavaThread "Unconstrained build operations Thread 11" [_thread_blocked, id=2688, stack(0x000000410f000000,0x000000410f100000)]
  0x000001b04807e8d0 JavaThread "Unconstrained build operations Thread 12" [_thread_blocked, id=10072, stack(0x000000410f100000,0x000000410f200000)]
  0x000001b048079e70 JavaThread "Unconstrained build operations Thread 13" [_thread_blocked, id=1344, stack(0x000000410f200000,0x000000410f300000)]
  0x000001b04807be50 JavaThread "Unconstrained build operations Thread 14" [_thread_blocked, id=13244, stack(0x000000410f300000,0x000000410f400000)]
  0x000001b04807a3c0 JavaThread "Unconstrained build operations Thread 15" [_thread_blocked, id=5104, stack(0x000000410f400000,0x000000410f500000)]
  0x000001b0480818a0 JavaThread "Unconstrained build operations Thread 16" [_thread_blocked, id=13088, stack(0x000000410f500000,0x000000410f600000)]
  0x000001b04807b3b0 JavaThread "Unconstrained build operations Thread 17" [_thread_blocked, id=10832, stack(0x000000410f600000,0x000000410f700000)]
  0x000001b04807ee20 JavaThread "Unconstrained build operations Thread 18" [_thread_blocked, id=4552, stack(0x000000410f700000,0x000000410f800000)]
  0x000001b04807c8f0 JavaThread "Unconstrained build operations Thread 19" [_thread_blocked, id=7320, stack(0x000000410f800000,0x000000410f900000)]
  0x000001b04807f8c0 JavaThread "Unconstrained build operations Thread 20" [_thread_blocked, id=5148, stack(0x000000410f900000,0x000000410fa00000)]
  0x000001b04807c3a0 JavaThread "Unconstrained build operations Thread 21" [_thread_blocked, id=8188, stack(0x000000410fa00000,0x000000410fb00000)]
  0x000001b04807f370 JavaThread "Unconstrained build operations Thread 22" [_thread_blocked, id=12060, stack(0x000000410fb00000,0x000000410fc00000)]
  0x000001b04807fe10 JavaThread "Unconstrained build operations Thread 23" [_thread_blocked, id=4560, stack(0x000000410fc00000,0x000000410fd00000)]
  0x000001b048080360 JavaThread "Unconstrained build operations Thread 24" [_thread_blocked, id=12048, stack(0x000000410fd00000,0x000000410fe00000)]
  0x000001b0480808b0 JavaThread "Unconstrained build operations Thread 25" [_thread_blocked, id=5676, stack(0x000000410fe00000,0x000000410ff00000)]
  0x000001b04f296d70 JavaThread "Unconstrained build operations Thread 26" [_thread_blocked, id=452, stack(0x000000410ff00000,0x0000004110000000)]
  0x000001b04f297810 JavaThread "Unconstrained build operations Thread 27" [_thread_blocked, id=10436, stack(0x0000004110000000,0x0000004110100000)]
  0x000001b04f292310 JavaThread "Unconstrained build operations Thread 28" [_thread_blocked, id=6676, stack(0x0000004110100000,0x0000004110200000)]
  0x000001b04f292db0 JavaThread "Unconstrained build operations Thread 29" [_thread_blocked, id=8908, stack(0x0000004110200000,0x0000004110300000)]
  0x000001b04f293300 JavaThread "Unconstrained build operations Thread 30" [_thread_blocked, id=7388, stack(0x0000004110300000,0x0000004110400000)]
  0x000001b04f293da0 JavaThread "Unconstrained build operations Thread 31" [_thread_blocked, id=11660, stack(0x0000004110400000,0x0000004110500000)]
  0x000001b04f2942f0 JavaThread "Unconstrained build operations Thread 32" [_thread_blocked, id=9232, stack(0x0000004110500000,0x0000004110600000)]
  0x000001b04f295830 JavaThread "Unconstrained build operations Thread 33" [_thread_blocked, id=4368, stack(0x0000004110600000,0x0000004110700000)]
  0x000001b04f295d80 JavaThread "Unconstrained build operations Thread 34" [_thread_blocked, id=7104, stack(0x0000004110700000,0x0000004110800000)]
  0x000001b04f2962d0 JavaThread "Unconstrained build operations Thread 35" [_thread_blocked, id=8220, stack(0x0000004110800000,0x0000004110900000)]
  0x000001b04e734bb0 JavaThread "Unconstrained build operations Thread 36" [_thread_blocked, id=12900, stack(0x0000004110900000,0x0000004110a00000)]
  0x000001b04e735650 JavaThread "Unconstrained build operations Thread 37" [_thread_blocked, id=9948, stack(0x0000004110a00000,0x0000004110b00000)]
  0x000001b04e7360f0 JavaThread "Unconstrained build operations Thread 38" [_thread_blocked, id=10852, stack(0x0000004110b00000,0x0000004110c00000)]
  0x000001b04e734110 JavaThread "Unconstrained build operations Thread 39" [_thread_blocked, id=8724, stack(0x0000004110c00000,0x0000004110d00000)]
  0x000001b04e732bd0 JavaThread "Unconstrained build operations Thread 40" [_thread_blocked, id=1456, stack(0x0000004110d00000,0x0000004110e00000)]
  0x000001b04e735100 JavaThread "Unconstrained build operations Thread 41" [_thread_blocked, id=5444, stack(0x0000004110e00000,0x0000004110f00000)]
  0x000001b04e733670 JavaThread "Unconstrained build operations Thread 42" [_thread_blocked, id=1492, stack(0x0000004110f00000,0x0000004111000000)]
  0x000001b04e733bc0 JavaThread "Unconstrained build operations Thread 43" [_thread_blocked, id=5680, stack(0x0000004111000000,0x0000004111100000)]
  0x000001b04e734660 JavaThread "Unconstrained build operations Thread 44" [_thread_blocked, id=13284, stack(0x0000004111100000,0x0000004111200000)]
  0x000001b04afeba80 JavaThread "Unconstrained build operations Thread 45" [_thread_blocked, id=5664, stack(0x0000004111200000,0x0000004111300000)]
  0x000001b04afec520 JavaThread "Unconstrained build operations Thread 46" [_thread_blocked, id=13288, stack(0x0000004111300000,0x0000004111400000)]
  0x000001b04afecfc0 JavaThread "Unconstrained build operations Thread 47" [_thread_blocked, id=10984, stack(0x0000004111400000,0x0000004111500000)]
  0x000001b04afe9000 JavaThread "Unconstrained build operations Thread 48" [_thread_blocked, id=11972, stack(0x0000004111500000,0x0000004111600000)]
  0x000001b04afe9aa0 JavaThread "Unconstrained build operations Thread 49" [_thread_blocked, id=4360, stack(0x0000004111600000,0x0000004111700000)]
  0x000001b04afea540 JavaThread "Unconstrained build operations Thread 50" [_thread_blocked, id=8452, stack(0x0000004111700000,0x0000004111800000)]
  0x000001b04afe8560 JavaThread "Unconstrained build operations Thread 51" [_thread_blocked, id=13300, stack(0x0000004111800000,0x0000004111900000)]
  0x000001b04afed510 JavaThread "Unconstrained build operations Thread 52" [_thread_blocked, id=1752, stack(0x0000004111900000,0x0000004111a00000)]
  0x000001b04afe5ae0 JavaThread "Unconstrained build operations Thread 53" [_thread_blocked, id=10232, stack(0x0000004111a00000,0x0000004111b00000)]
  0x000001b049b76f90 JavaThread "Unconstrained build operations Thread 54" [_thread_blocked, id=1880, stack(0x0000004111b00000,0x0000004111c00000)]
  0x000001b049b75a50 JavaThread "Unconstrained build operations Thread 55" [_thread_blocked, id=7268, stack(0x0000004111c00000,0x0000004111d00000)]
  0x000001b049b774e0 JavaThread "Unconstrained build operations Thread 56" [_thread_blocked, id=4864, stack(0x0000004111d00000,0x0000004111e00000)]
  0x000001b049b75fa0 JavaThread "Unconstrained build operations Thread 57" [_thread_blocked, id=11012, stack(0x0000004111e00000,0x0000004111f00000)]
  0x000001b049b73fc0 JavaThread "Unconstrained build operations Thread 58" [_thread_blocked, id=11848, stack(0x0000004111f00000,0x0000004112000000)]
  0x000001b04e897000 JavaThread "Unconstrained build operations Thread 59" [_thread_blocked, id=9392, stack(0x0000004112000000,0x0000004112100000)]
  0x000001b04e896ab0 JavaThread "Unconstrained build operations Thread 60" [_thread_blocked, id=8288, stack(0x0000004112100000,0x0000004112200000)]
  0x000001b04e89ba60 JavaThread "Unconstrained build operations Thread 61" [_thread_blocked, id=1364, stack(0x0000004112200000,0x0000004112300000)]
  0x000001b04e89c500 JavaThread "Unconstrained build operations Thread 62" [_thread_blocked, id=12864, stack(0x0000004112300000,0x0000004112400000)]
  0x000001b04e894ad0 JavaThread "Unconstrained build operations Thread 63" [_thread_blocked, id=4404, stack(0x0000004112400000,0x0000004112500000)]
  0x000001b04e898a90 JavaThread "Unconstrained build operations Thread 64" [_thread_blocked, id=4888, stack(0x0000004112500000,0x0000004112600000)]
  0x000001b04e897550 JavaThread "Unconstrained build operations Thread 65" [_thread_blocked, id=2948, stack(0x0000004112600000,0x0000004112700000)]
  0x000001b04e895020 JavaThread "Unconstrained build operations Thread 66" [_thread_blocked, id=1604, stack(0x0000004112700000,0x0000004112800000)]
  0x000001b04e896560 JavaThread "Unconstrained build operations Thread 67" [_thread_blocked, id=6464, stack(0x0000004112800000,0x0000004112900000)]
  0x000001b04e89bfb0 JavaThread "Unconstrained build operations Thread 68" [_thread_blocked, id=11772, stack(0x0000004112900000,0x0000004112a00000)]
  0x000001b04e899530 JavaThread "Unconstrained build operations Thread 69" [_thread_blocked, id=11664, stack(0x0000004112a00000,0x0000004112b00000)]
  0x000001b04e898540 JavaThread "Unconstrained build operations Thread 70" [_thread_blocked, id=2908, stack(0x0000004112b00000,0x0000004112c00000)]
  0x000001b04e898fe0 JavaThread "Unconstrained build operations Thread 71" [_thread_blocked, id=11980, stack(0x0000004112c00000,0x0000004112d00000)]
  0x000001b04e895570 JavaThread "Unconstrained build operations Thread 72" [_thread_blocked, id=9188, stack(0x0000004112d00000,0x0000004112e00000)]
  0x000001b04e897aa0 JavaThread "Unconstrained build operations Thread 73" [_thread_blocked, id=7516, stack(0x0000004112e00000,0x0000004112f00000)]
  0x000001b04e899a80 JavaThread "Unconstrained build operations Thread 74" [_thread_blocked, id=9520, stack(0x0000004112f00000,0x0000004113000000)]
  0x000001b04e895ac0 JavaThread "Unconstrained build operations Thread 75" [_thread_blocked, id=1156, stack(0x0000004113000000,0x0000004113100000)]
  0x000001b04e89afc0 JavaThread "Unconstrained build operations Thread 76" [_thread_blocked, id=7820, stack(0x0000004113100000,0x0000004113200000)]
  0x000001b04e897ff0 JavaThread "Unconstrained build operations Thread 77" [_thread_blocked, id=3352, stack(0x0000004113200000,0x0000004113300000)]
  0x000001b04e896010 JavaThread "Unconstrained build operations Thread 78" [_thread_blocked, id=6508, stack(0x0000004113300000,0x0000004113400000)]
  0x000001b04e899fd0 JavaThread "Unconstrained build operations Thread 79" [_thread_blocked, id=7048, stack(0x0000004113400000,0x0000004113500000)]
  0x000001b04e89a520 JavaThread "Unconstrained build operations Thread 80" [_thread_blocked, id=7032, stack(0x0000004113500000,0x0000004113600000)]
  0x000001b04e89b510 JavaThread "build event listener" [_thread_blocked, id=8904, stack(0x0000004113700000,0x0000004113800000)]
  0x000001b051e9d9d0 JavaThread "pool-13-thread-1" [_thread_blocked, id=11456, stack(0x0000004113800000,0x0000004113900000)]
  0x000001b051ea2430 JavaThread "build event listener" [_thread_blocked, id=6776, stack(0x0000004113900000,0x0000004113a00000)]
  0x000001b051ea2980 JavaThread "Execution worker for ':'" [_thread_blocked, id=9828, stack(0x0000004114000000,0x0000004114100000)]
  0x000001b051ea2ed0 JavaThread "Execution worker for ':' Thread 2" [_thread_blocked, id=9460, stack(0x0000004114300000,0x0000004114400000)]
  0x000001b051e9e9c0 JavaThread "Execution worker for ':' Thread 3" [_thread_blocked, id=9928, stack(0x0000004114400000,0x0000004114500000)]
  0x000001b051ea3420 JavaThread "Execution worker for ':' Thread 4" [_thread_blocked, id=7316, stack(0x0000004114600000,0x0000004114700000)]
  0x000001b051e9df20 JavaThread "Execution worker for ':' Thread 5" [_thread_blocked, id=4860, stack(0x0000004114700000,0x0000004114800000)]
  0x000001b051e9f9b0 JavaThread "Execution worker for ':' Thread 6" [_thread_blocked, id=1228, stack(0x0000004114800000,0x0000004114900000)]
  0x000001b051e9ef10 JavaThread "Execution worker for ':' Thread 7" [_thread_blocked, id=12184, stack(0x0000004114900000,0x0000004114a00000)]
  0x000001b051ea09a0 JavaThread "Cache worker for execution history cache (C:\Users\ITECH\AndroidStudioProjects\yummy\.gradle\7.3.3\executionHistory)" [_thread_blocked, id=12932, stack(0x0000004114a00000,0x0000004114b00000)]
  0x000001b051ea0ef0 JavaThread "WorkerExecutor Queue" [_thread_blocked, id=8604, stack(0x0000004114d00000,0x0000004114e00000)]
  0x000001b051e9b9f0 JavaThread "WorkerExecutor Queue Thread 2" [_thread_blocked, id=11380, stack(0x0000004114e00000,0x0000004114f00000)]
  0x000001b051ea0450 JavaThread "WorkerExecutor Queue Thread 3" [_thread_blocked, id=3308, stack(0x0000004115000000,0x0000004115100000)]
  0x000001b051e9f460 JavaThread "WorkerExecutor Queue Thread 4" [_thread_blocked, id=10160, stack(0x0000004115200000,0x0000004115300000)]
  0x000001b051e9d480 JavaThread "WorkerExecutor Queue Thread 5" [_thread_blocked, id=8920, stack(0x0000004115600000,0x0000004115700000)]
  0x000001b051e9ff00 JavaThread "WorkerExecutor Queue Thread 6" [_thread_blocked, id=7708, stack(0x0000004115700000,0x0000004115800000)]
  0x000001b051ea1ee0 JavaThread "WorkerExecutor Queue Thread 7" [_thread_blocked, id=6032, stack(0x0000004115800000,0x0000004115900000)]
  0x000001b051ea1990 JavaThread "pool-14-thread-1" [_thread_blocked, id=3908, stack(0x0000004115900000,0x0000004115a00000)]
  0x000001b048080e00 JavaThread "stderr" [_thread_in_native, id=1396, stack(0x0000004115a00000,0x0000004115b00000)]
  0x000001b04ad9b330 JavaThread "stdout" [_thread_in_native, id=8104, stack(0x0000004115b00000,0x0000004115c00000)]
  0x000001b04e68da00 JavaThread "C2 CompilerThread1" daemon [_thread_blocked, id=2656, stack(0x000000410d200000,0x000000410d300000)]
  0x000001b04e690680 JavaThread "C2 CompilerThread2" daemon [_thread_blocked, id=3672, stack(0x0000004113600000,0x0000004113700000)]
  0x000001b04ad99df0 JavaThread "Cache worker for Java compile cache (C:\Users\ITECH\.gradle\caches\7.3.3\javaCompile)" [_thread_blocked, id=4024, stack(0x0000004115c00000,0x0000004115d00000)]
  0x000001b04ad99350 JavaThread "Build operations" [_thread_blocked, id=12532, stack(0x0000004115d00000,0x0000004115e00000)]
  0x000001b04ad998a0 JavaThread "Build operations Thread 2" [_thread_blocked, id=12492, stack(0x0000004115e00000,0x0000004115f00000)]
  0x000001b04ad96e20 JavaThread "Build operations Thread 3" [_thread_blocked, id=9420, stack(0x0000004115f00000,0x0000004116000000)]
  0x000001b04ad97370 JavaThread "Build operations Thread 4" [_thread_blocked, id=6832, stack(0x0000004116000000,0x0000004116100000)]
  0x000001b04ad96380 JavaThread "Build operations Thread 5" [_thread_blocked, id=9576, stack(0x0000004116100000,0x0000004116200000)]
  0x000001b04ad9bdd0 JavaThread "Build operations Thread 6" [_thread_blocked, id=13164, stack(0x0000004116200000,0x0000004116300000)]
  0x000001b04ad9c320 JavaThread "Build operations Thread 7" [_thread_blocked, id=12188, stack(0x0000004116300000,0x0000004116400000)]
  0x000001b04ad9a890 JavaThread "Build operations Thread 8" [_thread_blocked, id=8636, stack(0x0000004116400000,0x0000004116500000)]
  0x000001b04ad9b880 JavaThread "WorkerExecutor Queue Thread 8" [_thread_blocked, id=10408, stack(0x0000004116500000,0x0000004116600000)]
  0x000001b04ad98360 JavaThread "WorkerExecutor Queue Thread 9" [_thread_blocked, id=444, stack(0x0000004116600000,0x0000004116700000)]

Other Threads:
=>0x000001b048027ee0 VMThread "VM Thread" [stack: 0x000000410b900000,0x000000410ba00000] [id=4608]
  0x000001b048cc1520 WatcherThread [stack: 0x000000410c500000,0x000000410c600000] [id=4576]
  0x000001b02804cd50 GCTaskThread "GC Thread#0" [stack: 0x000000410b400000,0x000000410b500000] [id=12764]
  0x000001b0497a8e20 GCTaskThread "GC Thread#1" [stack: 0x000000410c800000,0x000000410c900000] [id=10636]
  0x000001b0497a9130 GCTaskThread "GC Thread#2" [stack: 0x000000410c900000,0x000000410ca00000] [id=3084]
  0x000001b0497977b0 GCTaskThread "GC Thread#3" [stack: 0x000000410ca00000,0x000000410cb00000] [id=2768]
  0x000001b049b09c30 GCTaskThread "GC Thread#4" [stack: 0x000000410cb00000,0x000000410cc00000] [id=5348]
  0x000001b049e2f030 GCTaskThread "GC Thread#5" [stack: 0x000000410d900000,0x000000410da00000] [id=2804]
  0x000001b04b1e4fd0 GCTaskThread "GC Thread#6" [stack: 0x000000410da00000,0x000000410db00000] [id=13128]
  0x000001b04e97d0f0 GCTaskThread "GC Thread#7" [stack: 0x000000410db00000,0x000000410dc00000] [id=11636]
  0x000001b02805ecb0 ConcurrentGCThread "G1 Main Marker" [stack: 0x000000410b500000,0x000000410b600000] [id=7520]
  0x000001b028060640 ConcurrentGCThread "G1 Conc#0" [stack: 0x000000410b600000,0x000000410b700000] [id=8760]
  0x000001b04e97c7c0 ConcurrentGCThread "G1 Conc#1" [stack: 0x000000410e200000,0x000000410e300000] [id=12820]
  0x000001b0280e8780 ConcurrentGCThread "G1 Refine#0" [stack: 0x000000410b700000,0x000000410b800000] [id=12752]
  0x000001b04aa30a20 ConcurrentGCThread "G1 Refine#1" [stack: 0x0000004114b00000,0x0000004114c00000] [id=7548]
  0x000001b051d77480 ConcurrentGCThread "G1 Refine#2" [stack: 0x0000004114c00000,0x0000004114d00000] [id=6080]
  0x000001b04cde83d0 ConcurrentGCThread "G1 Refine#3" [stack: 0x0000004115300000,0x0000004115400000] [id=4976]
  0x000001b04e5bfdf0 ConcurrentGCThread "G1 Refine#4" [stack: 0x0000004115400000,0x0000004115500000] [id=10388]
  0x000001b051602b30 ConcurrentGCThread "G1 Refine#5" [stack: 0x0000004115500000,0x0000004115600000] [id=7204]
  0x000001b0280e9110 ConcurrentGCThread "G1 Service" [stack: 0x000000410b800000,0x000000410b900000] [id=9984]

Threads with active compile tasks:
C2 CompilerThread0   756334 20088 %     4       org.gradle.internal.instantiation.generator.AbstractClassGenerator::inspectType @ 107 (560 bytes)
C2 CompilerThread1   756334 20107   !   4       java.io.ObjectInputStream::readObject0 (681 bytes)
C2 CompilerThread2   756334 20064       4       java.io.ObjectOutputStream::writeString (74 bytes)

VM state: at safepoint (normal execution)

VM Mutex/Monitor currently owned by a thread:  ([mutex/lock_event])
[0x000001b02800aee0] Threads_lock - owner thread: 0x000001b048027ee0
[0x000001b028009f20] Heap_lock - owner thread: 0x000001b051e9b9f0

Heap address: 0x0000000080000000, size: 2048 MB, Compressed Oops mode: 32-bit

CDS archive(s) mapped at: [0x0000000800000000-0x0000000800bb0000-0x0000000800bb0000), size 12255232, SharedBaseAddress: 0x0000000800000000, ArchiveRelocationMode: 0.
Compressed class space mapped at: 0x0000000800c00000-0x0000000840c00000, reserved size: 1073741824
Narrow klass base: 0x0000000800000000, Narrow klass shift: 3, Narrow klass range: 0x100000000

GC Precious Log:
 CPUs: 8 total, 8 available
 Memory: 7959M
 Large Page Support: Disabled
 NUMA Support: Disabled
 Compressed Oops: Enabled (32-bit)
 Heap Region Size: 1M
 Heap Min Capacity: 8M
 Heap Initial Capacity: 126M
 Heap Max Capacity: 2G
 Pre-touch: Disabled
 Parallel Workers: 8
 Concurrent Workers: 2
 Concurrent Refinement Workers: 8
 Periodic GC: Disabled

Heap:
 garbage-first heap   total 227328K, used 110963K [0x0000000080000000, 0x0000000100000000)
  region size 1024K, 3 young (3072K), 3 survivors (3072K)
 Metaspace       used 117057K, committed 117888K, reserved 1155072K
  class space    used 14996K, committed 15424K, reserved 1048576K

Heap Regions: E=young(eden), S=young(survivor), O=old, HS=humongous(starts), HC=humongous(continues), CS=collection set, F=free, OA=open archive, CA=closed archive, TAMS=top-at-mark-start (previous, next)
|   0|0x0000000080000000, 0x0000000080100000, 0x0000000080100000|100%| O|  |TAMS 0x0000000080100000, 0x0000000080100000| Untracked 
|   1|0x0000000080100000, 0x0000000080200000, 0x0000000080200000|100%| O|  |TAMS 0x0000000080200000, 0x0000000080200000| Untracked 
|   2|0x0000000080200000, 0x0000000080300000, 0x0000000080300000|100%| O|  |TAMS 0x0000000080300000, 0x0000000080300000| Untracked 
|   3|0x0000000080300000, 0x0000000080400000, 0x0000000080400000|100%|HS|  |TAMS 0x0000000080400000, 0x0000000080400000| Complete 
|   4|0x0000000080400000, 0x0000000080500000, 0x0000000080500000|100%|HC|  |TAMS 0x0000000080500000, 0x0000000080500000| Complete 
|   5|0x0000000080500000, 0x0000000080600000, 0x0000000080600000|100%|HC|  |TAMS 0x0000000080600000, 0x0000000080600000| Complete 
|   6|0x0000000080600000, 0x0000000080700000, 0x0000000080700000|100%| O|  |TAMS 0x0000000080700000, 0x0000000080700000| Untracked 
|   7|0x0000000080700000, 0x0000000080800000, 0x0000000080800000|100%| O|  |TAMS 0x0000000080800000, 0x0000000080800000| Untracked 
|   8|0x0000000080800000, 0x0000000080900000, 0x0000000080900000|100%| O|  |TAMS 0x0000000080900000, 0x0000000080900000| Untracked 
|   9|0x0000000080900000, 0x0000000080a00000, 0x0000000080a00000|100%| O|  |TAMS 0x0000000080a00000, 0x0000000080a00000| Untracked 
|  10|0x0000000080a00000, 0x0000000080b00000, 0x0000000080b00000|100%| O|  |TAMS 0x0000000080b00000, 0x0000000080b00000| Untracked 
|  11|0x0000000080b00000, 0x0000000080c00000, 0x0000000080c00000|100%| O|  |TAMS 0x0000000080c00000, 0x0000000080c00000| Untracked 
|  12|0x0000000080c00000, 0x0000000080d00000, 0x0000000080d00000|100%| O|  |TAMS 0x0000000080d00000, 0x0000000080d00000| Untracked 
|  13|0x0000000080d00000, 0x0000000080e00000, 0x0000000080e00000|100%| O|  |TAMS 0x0000000080e00000, 0x0000000080e00000| Untracked 
|  14|0x0000000080e00000, 0x0000000080f00000, 0x0000000080f00000|100%| O|  |TAMS 0x0000000080f00000, 0x0000000080f00000| Untracked 
|  15|0x0000000080f00000, 0x0000000081000000, 0x0000000081000000|100%| O|  |TAMS 0x0000000081000000, 0x0000000081000000| Untracked 
|  16|0x0000000081000000, 0x0000000081100000, 0x0000000081100000|100%| O|  |TAMS 0x0000000081100000, 0x0000000081100000| Untracked 
|  17|0x0000000081100000, 0x00000000811f4e00, 0x0000000081200000| 95%| O|  |TAMS 0x00000000811f4e00, 0x00000000811f4e00| Untracked 
|  18|0x0000000081200000, 0x0000000081300000, 0x0000000081300000|100%| O|  |TAMS 0x0000000081200000, 0x0000000081300000| Untracked 
|  19|0x0000000081300000, 0x0000000081400000, 0x0000000081400000|100%| O|  |TAMS 0x0000000081400000, 0x0000000081400000| Untracked 
|  20|0x0000000081400000, 0x0000000081500000, 0x0000000081500000|100%| O|  |TAMS 0x0000000081500000, 0x0000000081500000| Untracked 
|  21|0x0000000081500000, 0x0000000081600000, 0x0000000081600000|100%| O|  |TAMS 0x0000000081600000, 0x0000000081600000| Untracked 
|  22|0x0000000081600000, 0x0000000081700000, 0x0000000081700000|100%| O|  |TAMS 0x0000000081700000, 0x0000000081700000| Untracked 
|  23|0x0000000081700000, 0x0000000081800000, 0x0000000081800000|100%| O|  |TAMS 0x0000000081800000, 0x0000000081800000| Untracked 
|  24|0x0000000081800000, 0x0000000081900000, 0x0000000081900000|100%| O|  |TAMS 0x0000000081900000, 0x0000000081900000| Untracked 
|  25|0x0000000081900000, 0x0000000081a00000, 0x0000000081a00000|100%| O|  |TAMS 0x0000000081a00000, 0x0000000081a00000| Untracked 
|  26|0x0000000081a00000, 0x0000000081b00000, 0x0000000081b00000|100%|HS|  |TAMS 0x0000000081b00000, 0x0000000081b00000| Complete 
|  27|0x0000000081b00000, 0x0000000081c00000, 0x0000000081c00000|100%|HS|  |TAMS 0x0000000081c00000, 0x0000000081c00000| Complete 
|  28|0x0000000081c00000, 0x0000000081d00000, 0x0000000081d00000|100%| O|  |TAMS 0x0000000081c00000, 0x0000000081d00000| Untracked 
|  29|0x0000000081d00000, 0x0000000081e00000, 0x0000000081e00000|100%| O|  |TAMS 0x0000000081d00000, 0x0000000081e00000| Untracked 
|  30|0x0000000081e00000, 0x0000000081f00000, 0x0000000081f00000|100%| O|  |TAMS 0x0000000081f00000, 0x0000000081f00000| Untracked 
|  31|0x0000000081f00000, 0x0000000082000000, 0x0000000082000000|100%| O|  |TAMS 0x0000000082000000, 0x0000000082000000| Untracked 
|  32|0x0000000082000000, 0x0000000082100000, 0x0000000082100000|100%| O|  |TAMS 0x0000000082100000, 0x0000000082100000| Untracked 
|  33|0x0000000082100000, 0x0000000082200000, 0x0000000082200000|100%|HS|  |TAMS 0x0000000082200000, 0x0000000082200000| Complete 
|  34|0x0000000082200000, 0x0000000082300000, 0x0000000082300000|100%|HC|  |TAMS 0x0000000082300000, 0x0000000082300000| Complete 
|  35|0x0000000082300000, 0x0000000082400000, 0x0000000082400000|100%| O|  |TAMS 0x0000000082400000, 0x0000000082400000| Untracked 
|  36|0x0000000082400000, 0x0000000082500000, 0x0000000082500000|100%| O|  |TAMS 0x0000000082500000, 0x0000000082500000| Untracked 
|  37|0x0000000082500000, 0x0000000082600000, 0x0000000082600000|100%| O|  |TAMS 0x0000000082600000, 0x0000000082600000| Untracked 
|  38|0x0000000082600000, 0x0000000082700000, 0x0000000082700000|100%| O|  |TAMS 0x0000000082600000, 0x0000000082700000| Untracked 
|  39|0x0000000082700000, 0x0000000082800000, 0x0000000082800000|100%| O|  |TAMS 0x0000000082800000, 0x0000000082800000| Untracked 
|  40|0x0000000082800000, 0x0000000082900000, 0x0000000082900000|100%| O|  |TAMS 0x0000000082900000, 0x0000000082900000| Untracked 
|  41|0x0000000082900000, 0x0000000082a00000, 0x0000000082a00000|100%| O|  |TAMS 0x0000000082a00000, 0x0000000082a00000| Untracked 
|  42|0x0000000082a00000, 0x0000000082b00000, 0x0000000082b00000|100%| O|  |TAMS 0x0000000082b00000, 0x0000000082b00000| Untracked 
|  43|0x0000000082b00000, 0x0000000082c00000, 0x0000000082c00000|100%| O|  |TAMS 0x0000000082c00000, 0x0000000082c00000| Untracked 
|  44|0x0000000082c00000, 0x0000000082d00000, 0x0000000082d00000|100%| O|  |TAMS 0x0000000082d00000, 0x0000000082d00000| Untracked 
|  45|0x0000000082d00000, 0x0000000082e00000, 0x0000000082e00000|100%| O|  |TAMS 0x0000000082e00000, 0x0000000082e00000| Untracked 
|  46|0x0000000082e00000, 0x0000000082f00000, 0x0000000082f00000|100%| O|  |TAMS 0x0000000082f00000, 0x0000000082f00000| Untracked 
|  47|0x0000000082f00000, 0x0000000083000000, 0x0000000083000000|100%| O|  |TAMS 0x0000000083000000, 0x0000000083000000| Untracked 
|  48|0x0000000083000000, 0x0000000083100000, 0x0000000083100000|100%| O|  |TAMS 0x0000000083100000, 0x0000000083100000| Untracked 
|  49|0x0000000083100000, 0x0000000083200000, 0x0000000083200000|100%| O|  |TAMS 0x0000000083100000, 0x0000000083200000| Untracked 
|  50|0x0000000083200000, 0x0000000083300000, 0x0000000083300000|100%| O|  |TAMS 0x0000000083300000, 0x0000000083300000| Untracked 
|  51|0x0000000083300000, 0x0000000083400000, 0x0000000083400000|100%| O|  |TAMS 0x0000000083400000, 0x0000000083400000| Untracked 
|  52|0x0000000083400000, 0x0000000083500000, 0x0000000083500000|100%| O|  |TAMS 0x0000000083500000, 0x0000000083500000| Untracked 
|  53|0x0000000083500000, 0x0000000083600000, 0x0000000083600000|100%| O|  |TAMS 0x0000000083600000, 0x0000000083600000| Untracked 
|  54|0x0000000083600000, 0x0000000083700000, 0x0000000083700000|100%| O|  |TAMS 0x0000000083600000, 0x0000000083700000| Untracked 
|  55|0x0000000083700000, 0x0000000083800000, 0x0000000083800000|100%| O|  |TAMS 0x0000000083700000, 0x0000000083800000| Untracked 
|  56|0x0000000083800000, 0x0000000083900000, 0x0000000083900000|100%| O|  |TAMS 0x0000000083900000, 0x0000000083900000| Untracked 
|  57|0x0000000083900000, 0x0000000083a00000, 0x0000000083a00000|100%| O|  |TAMS 0x0000000083900000, 0x0000000083a00000| Untracked 
|  58|0x0000000083a00000, 0x0000000083b00000, 0x0000000083b00000|100%| O|  |TAMS 0x0000000083b00000, 0x0000000083b00000| Untracked 
|  59|0x0000000083b00000, 0x0000000083c00000, 0x0000000083c00000|100%| O|  |TAMS 0x0000000083b00000, 0x0000000083c00000| Untracked 
|  60|0x0000000083c00000, 0x0000000083d00000, 0x0000000083d00000|100%| O|  |TAMS 0x0000000083d00000, 0x0000000083d00000| Untracked 
|  61|0x0000000083d00000, 0x0000000083e00000, 0x0000000083e00000|100%| O|  |TAMS 0x0000000083e00000, 0x0000000083e00000| Untracked 
|  62|0x0000000083e00000, 0x0000000083f00000, 0x0000000083f00000|100%| O|  |TAMS 0x0000000083e00000, 0x0000000083f00000| Untracked 
|  63|0x0000000083f00000, 0x0000000084000000, 0x0000000084000000|100%| O|  |TAMS 0x0000000083f00000, 0x0000000084000000| Untracked 
|  64|0x0000000084000000, 0x0000000084100000, 0x0000000084100000|100%| O|  |TAMS 0x0000000084000000, 0x0000000084100000| Untracked 
|  65|0x0000000084100000, 0x0000000084200000, 0x0000000084200000|100%| O|  |TAMS 0x0000000084100000, 0x0000000084200000| Untracked 
|  66|0x0000000084200000, 0x0000000084300000, 0x0000000084300000|100%| O|  |TAMS 0x0000000084300000, 0x0000000084300000| Untracked 
|  67|0x0000000084300000, 0x0000000084400000, 0x0000000084400000|100%| O|  |TAMS 0x0000000084300000, 0x0000000084400000| Untracked 
|  68|0x0000000084400000, 0x0000000084500000, 0x0000000084500000|100%| O|  |TAMS 0x0000000084500000, 0x0000000084500000| Untracked 
|  69|0x0000000084500000, 0x0000000084600000, 0x0000000084600000|100%| O|  |TAMS 0x0000000084600000, 0x0000000084600000| Untracked 
|  70|0x0000000084600000, 0x0000000084600000, 0x0000000084700000|  0%| F|  |TAMS 0x0000000084600000, 0x0000000084600000| Untracked 
|  71|0x0000000084700000, 0x0000000084800000, 0x0000000084800000|100%|HS|  |TAMS 0x0000000084700000, 0x0000000084800000| Complete 
|  72|0x0000000084800000, 0x0000000084900000, 0x0000000084900000|100%| O|  |TAMS 0x0000000084800000, 0x0000000084900000| Untracked 
|  73|0x0000000084900000, 0x0000000084a00000, 0x0000000084a00000|100%| O|  |TAMS 0x0000000084a00000, 0x0000000084a00000| Untracked 
|  74|0x0000000084a00000, 0x0000000084b00000, 0x0000000084b00000|100%| O|  |TAMS 0x0000000084b00000, 0x0000000084b00000| Untracked 
|  75|0x0000000084b00000, 0x0000000084c00000, 0x0000000084c00000|100%| O|  |TAMS 0x0000000084c00000, 0x0000000084c00000| Untracked 
|  76|0x0000000084c00000, 0x0000000084d00000, 0x0000000084d00000|100%| O|  |TAMS 0x0000000084c00000, 0x0000000084c75400| Untracked 
|  77|0x0000000084d00000, 0x0000000084e00000, 0x0000000084e00000|100%| O|  |TAMS 0x0000000084e00000, 0x0000000084e00000| Untracked 
|  78|0x0000000084e00000, 0x0000000084f00000, 0x0000000084f00000|100%| O|  |TAMS 0x0000000084e00000, 0x0000000084e00000| Untracked 
|  79|0x0000000084f00000, 0x0000000085000000, 0x0000000085000000|100%| O|  |TAMS 0x0000000084f00000, 0x0000000084f00000| Untracked 
|  80|0x0000000085000000, 0x0000000085100000, 0x0000000085100000|100%| O|  |TAMS 0x0000000085000000, 0x0000000085000000| Untracked 
|  81|0x0000000085100000, 0x0000000085200000, 0x0000000085200000|100%| O|  |TAMS 0x0000000085100000, 0x0000000085100000| Untracked 
|  82|0x0000000085200000, 0x0000000085300000, 0x0000000085300000|100%| O|  |TAMS 0x0000000085300000, 0x0000000085300000| Untracked 
|  83|0x0000000085300000, 0x0000000085400000, 0x0000000085400000|100%| O|  |TAMS 0x0000000085400000, 0x0000000085400000| Untracked 
|  84|0x0000000085400000, 0x0000000085500000, 0x0000000085500000|100%|HS|  |TAMS 0x0000000085400000, 0x0000000085500000| Complete 
|  85|0x0000000085500000, 0x0000000085600000, 0x0000000085600000|100%|HC|  |TAMS 0x0000000085500000, 0x0000000085600000| Complete 
|  86|0x0000000085600000, 0x0000000085700000, 0x0000000085700000|100%|HC|  |TAMS 0x0000000085600000, 0x0000000085700000| Complete 
|  87|0x0000000085700000, 0x0000000085800000, 0x0000000085800000|100%|HC|  |TAMS 0x0000000085700000, 0x0000000085800000| Complete 
|  88|0x0000000085800000, 0x0000000085900000, 0x0000000085900000|100%|HC|  |TAMS 0x0000000085800000, 0x0000000085900000| Complete 
|  89|0x0000000085900000, 0x0000000085a00000, 0x0000000085a00000|100%|HC|  |TAMS 0x0000000085900000, 0x0000000085a00000| Complete 
|  90|0x0000000085a00000, 0x0000000085b00000, 0x0000000085b00000|100%| O|  |TAMS 0x0000000085a00000, 0x0000000085a00000| Untracked 
|  91|0x0000000085b00000, 0x0000000085c00000, 0x0000000085c00000|100%| O|  |TAMS 0x0000000085b00000, 0x0000000085b00000| Untracked 
|  92|0x0000000085c00000, 0x0000000085c67e00, 0x0000000085d00000| 40%| O|  |TAMS 0x0000000085c00000, 0x0000000085c00000| Untracked 
|  93|0x0000000085d00000, 0x0000000085d00000, 0x0000000085e00000|  0%| F|  |TAMS 0x0000000085d00000, 0x0000000085d00000| Untracked 
|  94|0x0000000085e00000, 0x0000000085e00000, 0x0000000085f00000|  0%| F|  |TAMS 0x0000000085e00000, 0x0000000085e00000| Untracked 
|  95|0x0000000085f00000, 0x0000000085f00000, 0x0000000086000000|  0%| F|  |TAMS 0x0000000085f00000, 0x0000000085f00000| Untracked 
|  96|0x0000000086000000, 0x0000000086000000, 0x0000000086100000|  0%| F|  |TAMS 0x0000000086000000, 0x0000000086000000| Untracked 
|  97|0x0000000086100000, 0x0000000086100000, 0x0000000086200000|  0%| F|  |TAMS 0x0000000086100000, 0x0000000086100000| Untracked 
|  98|0x0000000086200000, 0x0000000086200000, 0x0000000086300000|  0%| F|  |TAMS 0x0000000086200000, 0x0000000086200000| Untracked 
|  99|0x0000000086300000, 0x0000000086300000, 0x0000000086400000|  0%| F|  |TAMS 0x0000000086300000, 0x0000000086300000| Untracked 
| 100|0x0000000086400000, 0x0000000086400000, 0x0000000086500000|  0%| F|  |TAMS 0x0000000086400000, 0x0000000086400000| Untracked 
| 101|0x0000000086500000, 0x0000000086500000, 0x0000000086600000|  0%| F|  |TAMS 0x0000000086500000, 0x0000000086500000| Untracked 
| 102|0x0000000086600000, 0x0000000086600000, 0x0000000086700000|  0%| F|  |TAMS 0x0000000086600000, 0x0000000086600000| Untracked 
| 103|0x0000000086700000, 0x0000000086700000, 0x0000000086800000|  0%| F|  |TAMS 0x0000000086700000, 0x0000000086700000| Untracked 
| 104|0x0000000086800000, 0x0000000086800000, 0x0000000086900000|  0%| F|  |TAMS 0x0000000086800000, 0x0000000086800000| Untracked 
| 105|0x0000000086900000, 0x0000000086900000, 0x0000000086a00000|  0%| F|  |TAMS 0x0000000086900000, 0x0000000086900000| Untracked 
| 106|0x0000000086a00000, 0x0000000086a00000, 0x0000000086b00000|  0%| F|  |TAMS 0x0000000086a00000, 0x0000000086a00000| Untracked 
| 107|0x0000000086b00000, 0x0000000086c00000, 0x0000000086c00000|100%| O|  |TAMS 0x0000000086c00000, 0x0000000086c00000| Untracked 
| 108|0x0000000086c00000, 0x0000000086d00000, 0x0000000086d00000|100%| O|  |TAMS 0x0000000086d00000, 0x0000000086d00000| Untracked 
| 109|0x0000000086d00000, 0x0000000086e00000, 0x0000000086e00000|100%| O|  |TAMS 0x0000000086e00000, 0x0000000086e00000| Untracked 
| 110|0x0000000086e00000, 0x0000000086f00000, 0x0000000086f00000|100%| O|  |TAMS 0x0000000086f00000, 0x0000000086f00000| Untracked 
| 111|0x0000000086f00000, 0x0000000087000000, 0x0000000087000000|100%| O|  |TAMS 0x0000000087000000, 0x0000000087000000| Untracked 
| 112|0x0000000087000000, 0x0000000087000000, 0x0000000087100000|  0%| F|  |TAMS 0x0000000087000000, 0x0000000087000000| Untracked 
| 113|0x0000000087100000, 0x0000000087100000, 0x0000000087200000|  0%| F|  |TAMS 0x0000000087100000, 0x0000000087100000| Untracked 
| 114|0x0000000087200000, 0x0000000087200000, 0x0000000087300000|  0%| F|  |TAMS 0x0000000087200000, 0x0000000087200000| Untracked 
| 115|0x0000000087300000, 0x0000000087300000, 0x0000000087400000|  0%| F|  |TAMS 0x0000000087300000, 0x0000000087300000| Untracked 
| 116|0x0000000087400000, 0x0000000087400000, 0x0000000087500000|  0%| F|  |TAMS 0x0000000087400000, 0x0000000087400000| Untracked 
| 117|0x0000000087500000, 0x0000000087500000, 0x0000000087600000|  0%| F|  |TAMS 0x0000000087500000, 0x0000000087500000| Untracked 
| 118|0x0000000087600000, 0x0000000087600000, 0x0000000087700000|  0%| F|  |TAMS 0x0000000087600000, 0x0000000087600000| Untracked 
| 119|0x0000000087700000, 0x0000000087700000, 0x0000000087800000|  0%| F|  |TAMS 0x0000000087700000, 0x0000000087700000| Untracked 
| 120|0x0000000087800000, 0x0000000087800000, 0x0000000087900000|  0%| F|  |TAMS 0x0000000087800000, 0x0000000087800000| Untracked 
| 121|0x0000000087900000, 0x0000000087900000, 0x0000000087a00000|  0%| F|  |TAMS 0x0000000087900000, 0x0000000087900000| Untracked 
| 122|0x0000000087a00000, 0x0000000087b00000, 0x0000000087b00000|100%| O|  |TAMS 0x0000000087b00000, 0x0000000087b00000| Untracked 
| 123|0x0000000087b00000, 0x0000000087c00000, 0x0000000087c00000|100%| O|  |TAMS 0x0000000087c00000, 0x0000000087c00000| Untracked 
| 124|0x0000000087c00000, 0x0000000087d00000, 0x0000000087d00000|100%| O|  |TAMS 0x0000000087d00000, 0x0000000087d00000| Untracked 
| 125|0x0000000087d00000, 0x0000000087d00000, 0x0000000087e00000|  0%| F|  |TAMS 0x0000000087d00000, 0x0000000087d00000| Untracked 
| 126|0x0000000087e00000, 0x0000000087f00000, 0x0000000087f00000|100%| O|  |TAMS 0x0000000087f00000, 0x0000000087f00000| Untracked 
| 127|0x0000000087f00000, 0x0000000088000000, 0x0000000088000000|100%| O|  |TAMS 0x0000000088000000, 0x0000000088000000| Untracked 
| 128|0x0000000088000000, 0x0000000088100000, 0x0000000088100000|100%| O|  |TAMS 0x0000000088100000, 0x0000000088100000| Untracked 
| 129|0x0000000088100000, 0x0000000088200000, 0x0000000088200000|100%| O|  |TAMS 0x0000000088200000, 0x0000000088200000| Untracked 
| 130|0x0000000088200000, 0x0000000088300000, 0x0000000088300000|100%| O|  |TAMS 0x0000000088300000, 0x0000000088300000| Untracked 
| 131|0x0000000088300000, 0x0000000088400000, 0x0000000088400000|100%| O|  |TAMS 0x0000000088342600, 0x0000000088400000| Untracked 
| 132|0x0000000088400000, 0x0000000088400000, 0x0000000088500000|  0%| F|  |TAMS 0x0000000088400000, 0x0000000088400000| Untracked 
| 133|0x0000000088500000, 0x0000000088500000, 0x0000000088600000|  0%| F|  |TAMS 0x0000000088500000, 0x0000000088500000| Untracked 
| 134|0x0000000088600000, 0x0000000088600000, 0x0000000088700000|  0%| F|  |TAMS 0x0000000088600000, 0x0000000088600000| Untracked 
| 135|0x0000000088700000, 0x0000000088700000, 0x0000000088800000|  0%| F|  |TAMS 0x0000000088700000, 0x0000000088700000| Untracked 
| 136|0x0000000088800000, 0x0000000088800000, 0x0000000088900000|  0%| F|  |TAMS 0x0000000088800000, 0x0000000088800000| Untracked 
| 137|0x0000000088900000, 0x0000000088900000, 0x0000000088a00000|  0%| F|  |TAMS 0x0000000088900000, 0x0000000088900000| Untracked 
| 138|0x0000000088a00000, 0x0000000088a00000, 0x0000000088b00000|  0%| F|  |TAMS 0x0000000088a00000, 0x0000000088a00000| Untracked 
| 139|0x0000000088b00000, 0x0000000088b00000, 0x0000000088c00000|  0%| F|  |TAMS 0x0000000088b00000, 0x0000000088b00000| Untracked 
| 140|0x0000000088c00000, 0x0000000088c00000, 0x0000000088d00000|  0%| F|  |TAMS 0x0000000088c00000, 0x0000000088c00000| Untracked 
| 141|0x0000000088d00000, 0x0000000088d00000, 0x0000000088e00000|  0%| F|  |TAMS 0x0000000088d00000, 0x0000000088d00000| Untracked 
| 142|0x0000000088e00000, 0x0000000088e00000, 0x0000000088f00000|  0%| F|  |TAMS 0x0000000088e00000, 0x0000000088e00000| Untracked 
| 143|0x0000000088f00000, 0x0000000088f00000, 0x0000000089000000|  0%| F|  |TAMS 0x0000000088f00000, 0x0000000088f00000| Untracked 
| 144|0x0000000089000000, 0x0000000089000000, 0x0000000089100000|  0%| F|  |TAMS 0x0000000089000000, 0x0000000089000000| Untracked 
| 145|0x0000000089100000, 0x0000000089100000, 0x0000000089200000|  0%| F|  |TAMS 0x0000000089100000, 0x0000000089100000| Untracked 
| 146|0x0000000089200000, 0x0000000089200000, 0x0000000089300000|  0%| F|  |TAMS 0x0000000089200000, 0x0000000089200000| Untracked 
| 147|0x0000000089300000, 0x0000000089300000, 0x0000000089400000|  0%| F|  |TAMS 0x0000000089300000, 0x0000000089300000| Untracked 
| 148|0x0000000089400000, 0x0000000089400000, 0x0000000089500000|  0%| F|  |TAMS 0x0000000089400000, 0x0000000089400000| Untracked 
| 149|0x0000000089500000, 0x0000000089500000, 0x0000000089600000|  0%| F|  |TAMS 0x0000000089500000, 0x0000000089500000| Untracked 
| 150|0x0000000089600000, 0x0000000089600000, 0x0000000089700000|  0%| F|  |TAMS 0x0000000089600000, 0x0000000089600000| Untracked 
| 151|0x0000000089700000, 0x0000000089700000, 0x0000000089800000|  0%| F|  |TAMS 0x0000000089700000, 0x0000000089700000| Untracked 
| 152|0x0000000089800000, 0x0000000089800000, 0x0000000089900000|  0%| F|  |TAMS 0x0000000089800000, 0x0000000089800000| Untracked 
| 153|0x0000000089900000, 0x0000000089900000, 0x0000000089a00000|  0%| F|  |TAMS 0x0000000089900000, 0x0000000089900000| Untracked 
| 154|0x0000000089a00000, 0x0000000089a00000, 0x0000000089b00000|  0%| F|  |TAMS 0x0000000089a00000, 0x0000000089a00000| Untracked 
| 155|0x0000000089b00000, 0x0000000089b00000, 0x0000000089c00000|  0%| F|  |TAMS 0x0000000089b00000, 0x0000000089b00000| Untracked 
| 156|0x0000000089c00000, 0x0000000089c00000, 0x0000000089d00000|  0%| F|  |TAMS 0x0000000089c00000, 0x0000000089c00000| Untracked 
| 157|0x0000000089d00000, 0x0000000089d00000, 0x0000000089e00000|  0%| F|  |TAMS 0x0000000089d00000, 0x0000000089d00000| Untracked 
| 158|0x0000000089e00000, 0x0000000089e00000, 0x0000000089f00000|  0%| F|  |TAMS 0x0000000089e00000, 0x0000000089e00000| Untracked 
| 159|0x0000000089f00000, 0x0000000089f00000, 0x000000008a000000|  0%| F|  |TAMS 0x0000000089f00000, 0x0000000089f00000| Untracked 
| 160|0x000000008a000000, 0x000000008a000000, 0x000000008a100000|  0%| F|  |TAMS 0x000000008a000000, 0x000000008a000000| Untracked 
| 161|0x000000008a100000, 0x000000008a100000, 0x000000008a200000|  0%| F|  |TAMS 0x000000008a100000, 0x000000008a100000| Untracked 
| 162|0x000000008a200000, 0x000000008a200000, 0x000000008a300000|  0%| F|  |TAMS 0x000000008a200000, 0x000000008a200000| Untracked 
| 163|0x000000008a300000, 0x000000008a300000, 0x000000008a400000|  0%| F|  |TAMS 0x000000008a300000, 0x000000008a300000| Untracked 
| 164|0x000000008a400000, 0x000000008a400000, 0x000000008a500000|  0%| F|  |TAMS 0x000000008a400000, 0x000000008a400000| Untracked 
| 165|0x000000008a500000, 0x000000008a500000, 0x000000008a600000|  0%| F|  |TAMS 0x000000008a500000, 0x000000008a500000| Untracked 
| 166|0x000000008a600000, 0x000000008a600000, 0x000000008a700000|  0%| F|  |TAMS 0x000000008a600000, 0x000000008a600000| Untracked 
| 167|0x000000008a700000, 0x000000008a700000, 0x000000008a800000|  0%| F|  |TAMS 0x000000008a700000, 0x000000008a700000| Untracked 
| 168|0x000000008a800000, 0x000000008a800000, 0x000000008a900000|  0%| F|  |TAMS 0x000000008a800000, 0x000000008a800000| Untracked 
| 169|0x000000008a900000, 0x000000008a900000, 0x000000008aa00000|  0%| F|  |TAMS 0x000000008a900000, 0x000000008a900000| Untracked 
| 170|0x000000008aa00000, 0x000000008aa00000, 0x000000008ab00000|  0%| F|  |TAMS 0x000000008aa00000, 0x000000008aa00000| Untracked 
| 171|0x000000008ab00000, 0x000000008ab00000, 0x000000008ac00000|  0%| F|  |TAMS 0x000000008ab00000, 0x000000008ab00000| Untracked 
| 172|0x000000008ac00000, 0x000000008ac00000, 0x000000008ad00000|  0%| F|  |TAMS 0x000000008ac00000, 0x000000008ac00000| Untracked 
| 173|0x000000008ad00000, 0x000000008ad00000, 0x000000008ae00000|  0%| F|  |TAMS 0x000000008ad00000, 0x000000008ad00000| Untracked 
| 174|0x000000008ae00000, 0x000000008ae00000, 0x000000008af00000|  0%| F|  |TAMS 0x000000008ae00000, 0x000000008ae00000| Untracked 
| 175|0x000000008af00000, 0x000000008af00000, 0x000000008b000000|  0%| F|  |TAMS 0x000000008af00000, 0x000000008af00000| Untracked 
| 176|0x000000008b000000, 0x000000008b000000, 0x000000008b100000|  0%| F|  |TAMS 0x000000008b000000, 0x000000008b000000| Untracked 
| 177|0x000000008b100000, 0x000000008b100000, 0x000000008b200000|  0%| F|  |TAMS 0x000000008b100000, 0x000000008b100000| Untracked 
| 178|0x000000008b200000, 0x000000008b300000, 0x000000008b300000|100%| S|CS|TAMS 0x000000008b200000, 0x000000008b200000| Complete 
| 179|0x000000008b300000, 0x000000008b400000, 0x000000008b400000|100%| S|CS|TAMS 0x000000008b300000, 0x000000008b300000| Complete 
| 180|0x000000008b400000, 0x000000008b500000, 0x000000008b500000|100%| S|CS|TAMS 0x000000008b400000, 0x000000008b400000| Complete 
| 181|0x000000008b500000, 0x000000008b500000, 0x000000008b600000|  0%| F|  |TAMS 0x000000008b500000, 0x000000008b500000| Untracked 
| 182|0x000000008b600000, 0x000000008b600000, 0x000000008b700000|  0%| F|  |TAMS 0x000000008b600000, 0x000000008b600000| Untracked 
| 183|0x000000008b700000, 0x000000008b700000, 0x000000008b800000|  0%| F|  |TAMS 0x000000008b700000, 0x000000008b700000| Untracked 
| 184|0x000000008b800000, 0x000000008b800000, 0x000000008b900000|  0%| F|  |TAMS 0x000000008b800000, 0x000000008b800000| Untracked 
| 185|0x000000008b900000, 0x000000008b900000, 0x000000008ba00000|  0%| F|  |TAMS 0x000000008b900000, 0x000000008b900000| Untracked 
| 186|0x000000008ba00000, 0x000000008ba00000, 0x000000008bb00000|  0%| F|  |TAMS 0x000000008ba00000, 0x000000008ba00000| Untracked 
| 187|0x000000008bb00000, 0x000000008bb00000, 0x000000008bc00000|  0%| F|  |TAMS 0x000000008bb00000, 0x000000008bb00000| Untracked 
| 188|0x000000008bc00000, 0x000000008bc00000, 0x000000008bd00000|  0%| F|  |TAMS 0x000000008bc00000, 0x000000008bc00000| Untracked 
| 189|0x000000008bd00000, 0x000000008bd00000, 0x000000008be00000|  0%| F|  |TAMS 0x000000008bd00000, 0x000000008bd00000| Untracked 
| 190|0x000000008be00000, 0x000000008be00000, 0x000000008bf00000|  0%| F|  |TAMS 0x000000008be00000, 0x000000008be00000| Untracked 
| 191|0x000000008bf00000, 0x000000008bf00000, 0x000000008c000000|  0%| F|  |TAMS 0x000000008bf00000, 0x000000008bf00000| Untracked 
| 192|0x000000008c000000, 0x000000008c000000, 0x000000008c100000|  0%| F|  |TAMS 0x000000008c000000, 0x000000008c000000| Untracked 
| 193|0x000000008c100000, 0x000000008c100000, 0x000000008c200000|  0%| F|  |TAMS 0x000000008c100000, 0x000000008c100000| Untracked 
| 194|0x000000008c200000, 0x000000008c200000, 0x000000008c300000|  0%| F|  |TAMS 0x000000008c200000, 0x000000008c200000| Untracked 
| 195|0x000000008c300000, 0x000000008c300000, 0x000000008c400000|  0%| F|  |TAMS 0x000000008c300000, 0x000000008c300000| Untracked 
| 196|0x000000008c400000, 0x000000008c400000, 0x000000008c500000|  0%| F|  |TAMS 0x000000008c400000, 0x000000008c400000| Untracked 
| 197|0x000000008c500000, 0x000000008c500000, 0x000000008c600000|  0%| F|  |TAMS 0x000000008c500000, 0x000000008c500000| Untracked 
| 198|0x000000008c600000, 0x000000008c600000, 0x000000008c700000|  0%| F|  |TAMS 0x000000008c600000, 0x000000008c600000| Untracked 
| 199|0x000000008c700000, 0x000000008c700000, 0x000000008c800000|  0%| F|  |TAMS 0x000000008c700000, 0x000000008c700000| Untracked 
| 200|0x000000008c800000, 0x000000008c800000, 0x000000008c900000|  0%| F|  |TAMS 0x000000008c800000, 0x000000008c800000| Untracked 
| 201|0x000000008c900000, 0x000000008c900000, 0x000000008ca00000|  0%| F|  |TAMS 0x000000008c900000, 0x000000008c900000| Untracked 
| 202|0x000000008ca00000, 0x000000008ca00000, 0x000000008cb00000|  0%| F|  |TAMS 0x000000008ca00000, 0x000000008ca00000| Untracked 
| 203|0x000000008cb00000, 0x000000008cb00000, 0x000000008cc00000|  0%| F|  |TAMS 0x000000008cb00000, 0x000000008cb00000| Untracked 
| 204|0x000000008cc00000, 0x000000008cc00000, 0x000000008cd00000|  0%| F|  |TAMS 0x000000008cc00000, 0x000000008cc00000| Untracked 
| 205|0x000000008cd00000, 0x000000008cd00000, 0x000000008ce00000|  0%| F|  |TAMS 0x000000008cd00000, 0x000000008cd00000| Untracked 
| 206|0x000000008ce00000, 0x000000008ce00000, 0x000000008cf00000|  0%| F|  |TAMS 0x000000008ce00000, 0x000000008ce00000| Untracked 
| 207|0x000000008cf00000, 0x000000008cf00000, 0x000000008d000000|  0%| F|  |TAMS 0x000000008cf00000, 0x000000008cf00000| Untracked 
| 208|0x000000008d000000, 0x000000008d000000, 0x000000008d100000|  0%| F|  |TAMS 0x000000008d000000, 0x000000008d000000| Untracked 
| 209|0x000000008d100000, 0x000000008d100000, 0x000000008d200000|  0%| F|  |TAMS 0x000000008d100000, 0x000000008d100000| Untracked 
| 210|0x000000008d200000, 0x000000008d200000, 0x000000008d300000|  0%| F|  |TAMS 0x000000008d200000, 0x000000008d200000| Untracked 
| 211|0x000000008d300000, 0x000000008d300000, 0x000000008d400000|  0%| F|  |TAMS 0x000000008d300000, 0x000000008d300000| Untracked 
| 212|0x000000008d400000, 0x000000008d400000, 0x000000008d500000|  0%| F|  |TAMS 0x000000008d400000, 0x000000008d400000| Untracked 
| 213|0x000000008d500000, 0x000000008d500000, 0x000000008d600000|  0%| F|  |TAMS 0x000000008d500000, 0x000000008d500000| Untracked 
| 214|0x000000008d600000, 0x000000008d600000, 0x000000008d700000|  0%| F|  |TAMS 0x000000008d600000, 0x000000008d600000| Untracked 
| 215|0x000000008d700000, 0x000000008d700000, 0x000000008d800000|  0%| F|  |TAMS 0x000000008d700000, 0x000000008d700000| Untracked 
| 216|0x000000008d800000, 0x000000008d800000, 0x000000008d900000|  0%| F|  |TAMS 0x000000008d800000, 0x000000008d800000| Untracked 
| 217|0x000000008d900000, 0x000000008d900000, 0x000000008da00000|  0%| F|  |TAMS 0x000000008d900000, 0x000000008d900000| Untracked 
| 218|0x000000008da00000, 0x000000008da00000, 0x000000008db00000|  0%| F|  |TAMS 0x000000008da00000, 0x000000008da00000| Untracked 
| 219|0x000000008db00000, 0x000000008db00000, 0x000000008dc00000|  0%| F|  |TAMS 0x000000008db00000, 0x000000008db00000| Untracked 
| 220|0x000000008dc00000, 0x000000008dc00000, 0x000000008dd00000|  0%| F|  |TAMS 0x000000008dc00000, 0x000000008dc00000| Untracked 
| 221|0x000000008dd00000, 0x000000008dd00000, 0x000000008de00000|  0%| F|  |TAMS 0x000000008dd00000, 0x000000008dd00000| Untracked 

Card table byte_map: [0x000001b040dd0000,0x000001b0411d0000] _byte_map_base: 0x000001b0409d0000

Marking Bits (Prev, Next): (CMBitMap*) 0x000001b02804e2e0, (CMBitMap*) 0x000001b02804e320
 Prev Bits: [0x000001b0415d0000, 0x000001b0435d0000)
 Next Bits: [0x000001b0435d0000, 0x000001b0455d0000)

Polling page: 0x000001b0280f0000

Metaspace:

Usage:
  Non-class:     99.67 MB used.
      Class:     14.64 MB used.
       Both:    114.31 MB used.

Virtual space:
  Non-class space:      104.00 MB reserved,     100.06 MB ( 96%) committed,  13 nodes.
      Class space:        1.00 GB reserved,      15.06 MB (  1%) committed,  1 nodes.
              Both:        1.10 GB reserved,     115.12 MB ( 10%) committed. 

Chunk freelists:
   Non-Class:  3.31 MB
       Class:  976.00 KB
        Both:  4.27 MB

MaxMetaspaceSize: 17179869184.00 GB
CompressedClassSpaceSize: 1.00 GB
 - commit_granule_bytes: 65536.
 - commit_granule_words: 8192.
 - virtual_space_node_default_size: 1048576.
 - enlarge_chunks_in_place: 1.
 - new_chunks_are_fully_committed: 0.
 - uncommit_free_chunks: 1.
 - use_allocation_guard: 0.
 - handle_deallocations: 1.


Internal statistics:

num_allocs_failed_limit: 6.
num_arena_births: 1218.
num_arena_deaths: 14.
num_vsnodes_births: 14.
num_vsnodes_deaths: 0.
num_space_committed: 1841.
num_space_uncommitted: 0.
num_chunks_returned_to_freelist: 23.
num_chunks_taken_from_freelist: 5928.
num_chunk_merges: 10.
num_chunk_splits: 3991.
num_chunks_enlarged: 2738.
num_purges: 2.

CodeHeap 'non-profiled nmethods': size=120000Kb used=10107Kb max_used=10176Kb free=109892Kb
 bounds [0x000001b038a30000, 0x000001b039430000, 0x000001b03ff60000]
CodeHeap 'profiled nmethods': size=120000Kb used=32018Kb max_used=32018Kb free=87981Kb
 bounds [0x000001b031500000, 0x000001b033450000, 0x000001b038a30000]
CodeHeap 'non-nmethods': size=5760Kb used=2493Kb max_used=2547Kb free=3266Kb
 bounds [0x000001b030f60000, 0x000001b0311f0000, 0x000001b031500000]
 total_blobs=17867 nmethods=16853 adapters=925
 compilation: enabled
              stopped_count=0, restarted_count=0
 full_count=0

Compilation events (20 events):
Event: 756.291 Thread 0x000001b04e690680 nmethod 20098 0x000001b038e3af10 code [0x000001b038e3b1e0, 0x000001b038e3d0b0]
Event: 756.291 Thread 0x000001b04e690680 20084       4       org.objectweb.asm.MethodWriter::visitLdcInsn (215 bytes)
Event: 756.295 Thread 0x000001b04e690680 nmethod 20084 0x000001b03915c710 code [0x000001b03915c8e0, 0x000001b03915cd90]
Event: 756.295 Thread 0x000001b04e690680 20087       4       java.io.ObjectInputStream$HandleTable::assign (48 bytes)
Event: 756.296 Thread 0x000001b04e690680 nmethod 20087 0x000001b038e3a990 code [0x000001b038e3ab20, 0x000001b038e3ad88]
Event: 756.297 Thread 0x000001b04e690680 20064       4       java.io.ObjectOutputStream::writeString (74 bytes)
Event: 756.298 Thread 0x000001b0480472a0 20116       3       org.gradle.internal.classpath.Instrumented::systemProperty (30 bytes)
Event: 756.298 Thread 0x000001b0480472a0 nmethod 20116 0x000001b033442410 code [0x000001b033442620, 0x000001b033442d38]
Event: 756.299 Thread 0x000001b0480472a0 20117       3       org.gradle.internal.classpath.Instrumented::systemProperty (7 bytes)
Event: 756.299 Thread 0x000001b0480472a0 nmethod 20117 0x000001b033442f90 code [0x000001b033443140, 0x000001b033443268]
Event: 756.299 Thread 0x000001b0480472a0 20118       3       org.gradle.internal.classpath.Instrumented$$Lambda$387/0x000000080101baa8::systemPropertyQueried (7 bytes)
Event: 756.299 Thread 0x000001b0480472a0 nmethod 20118 0x000001b033443310 code [0x000001b0334434c0, 0x000001b033443618]
Event: 756.299 Thread 0x000001b0480472a0 20119       3       org.gradle.internal.classpath.Instrumented::lambda$static$0 (1 bytes)
Event: 756.299 Thread 0x000001b0480472a0 nmethod 20119 0x000001b033443710 code [0x000001b0334438a0, 0x000001b033443998]
Event: 756.302 Thread 0x000001b0480472a0 20120       3       com.android.tools.r8.dex.c::d (31 bytes)
Event: 756.302 Thread 0x000001b0480472a0 nmethod 20120 0x000001b033443a10 code [0x000001b033443bc0, 0x000001b033443e08]
Event: 756.302 Thread 0x000001b0480472a0 20121       3       com.android.tools.r8.internal.gc::g (8 bytes)
Event: 756.302 Thread 0x000001b0480472a0 nmethod 20121 0x000001b033443f10 code [0x000001b0334440c0, 0x000001b0334442a8]
Event: 756.302 Thread 0x000001b0480472a0 20122       3       com.android.tools.r8.dex.c::f (34 bytes)
Event: 756.302 Thread 0x000001b0480472a0 nmethod 20122 0x000001b033444390 code [0x000001b033444540, 0x000001b0334447a8]

GC Heap History (20 events):
Event: 751.400 GC heap after
{Heap after GC invocations=48 (full 0):
 garbage-first heap   total 191488K, used 106249K [0x0000000080000000, 0x0000000100000000)
  region size 1024K, 2 young (2048K), 2 survivors (2048K)
 Metaspace       used 87977K, committed 88704K, reserved 1130496K
  class space    used 11396K, committed 11776K, reserved 1048576K
}
Event: 751.697 GC heap before
{Heap before GC invocations=49 (full 0):
 garbage-first heap   total 203776K, used 151305K [0x0000000080000000, 0x0000000100000000)
  region size 1024K, 36 young (36864K), 2 survivors (2048K)
 Metaspace       used 88065K, committed 88832K, reserved 1130496K
  class space    used 11402K, committed 11776K, reserved 1048576K
}
Event: 751.701 GC heap after
{Heap after GC invocations=50 (full 0):
 garbage-first heap   total 203776K, used 113034K [0x0000000080000000, 0x0000000100000000)
  region size 1024K, 5 young (5120K), 5 survivors (5120K)
 Metaspace       used 88065K, committed 88832K, reserved 1130496K
  class space    used 11402K, committed 11776K, reserved 1048576K
}
Event: 751.706 GC heap before
{Heap before GC invocations=50 (full 0):
 garbage-first heap   total 203776K, used 113034K [0x0000000080000000, 0x0000000100000000)
  region size 1024K, 6 young (6144K), 5 survivors (5120K)
 Metaspace       used 88065K, committed 88832K, reserved 1130496K
  class space    used 11402K, committed 11776K, reserved 1048576K
}
Event: 751.710 GC heap after
{Heap after GC invocations=51 (full 0):
 garbage-first heap   total 203776K, used 113737K [0x0000000080000000, 0x0000000100000000)
  region size 1024K, 1 young (1024K), 1 survivors (1024K)
 Metaspace       used 88065K, committed 88832K, reserved 1130496K
  class space    used 11402K, committed 11776K, reserved 1048576K
}
Event: 752.179 GC heap before
{Heap before GC invocations=52 (full 0):
 garbage-first heap   total 227328K, used 161865K [0x0000000080000000, 0x0000000100000000)
  region size 1024K, 34 young (34816K), 1 survivors (1024K)
 Metaspace       used 92049K, committed 92800K, reserved 1130496K
  class space    used 11792K, committed 12160K, reserved 1048576K
}
Event: 752.183 GC heap after
{Heap after GC invocations=53 (full 0):
 garbage-first heap   total 227328K, used 119960K [0x0000000080000000, 0x0000000100000000)
  region size 1024K, 3 young (3072K), 3 survivors (3072K)
 Metaspace       used 92049K, committed 92800K, reserved 1130496K
  class space    used 11792K, committed 12160K, reserved 1048576K
}
Event: 752.241 GC heap before
{Heap before GC invocations=53 (full 0):
 garbage-first heap   total 227328K, used 128152K [0x0000000080000000, 0x0000000100000000)
  region size 1024K, 11 young (11264K), 3 survivors (3072K)
 Metaspace       used 92244K, committed 92992K, reserved 1130496K
  class space    used 11811K, committed 12160K, reserved 1048576K
}
Event: 752.257 GC heap after
{Heap after GC invocations=54 (full 0):
 garbage-first heap   total 227328K, used 108105K [0x0000000080000000, 0x0000000100000000)
  region size 1024K, 2 young (2048K), 2 survivors (2048K)
 Metaspace       used 92244K, committed 92992K, reserved 1130496K
  class space    used 11811K, committed 12160K, reserved 1048576K
}
Event: 753.840 GC heap before
{Heap before GC invocations=54 (full 0):
 garbage-first heap   total 227328K, used 161353K [0x0000000080000000, 0x0000000100000000)
  region size 1024K, 55 young (56320K), 2 survivors (2048K)
 Metaspace       used 95343K, committed 96064K, reserved 1138688K
  class space    used 12080K, committed 12416K, reserved 1048576K
}
Event: 753.845 GC heap after
{Heap after GC invocations=55 (full 0):
 garbage-first heap   total 227328K, used 111837K [0x0000000080000000, 0x0000000100000000)
  region size 1024K, 5 young (5120K), 5 survivors (5120K)
 Metaspace       used 95343K, committed 96064K, reserved 1138688K
  class space    used 12080K, committed 12416K, reserved 1048576K
}
Event: 754.197 GC heap before
{Heap before GC invocations=56 (full 0):
 garbage-first heap   total 227328K, used 160989K [0x0000000080000000, 0x0000000100000000)
  region size 1024K, 60 young (61440K), 5 survivors (5120K)
 Metaspace       used 96136K, committed 96896K, reserved 1138688K
  class space    used 12158K, committed 12480K, reserved 1048576K
}
Event: 754.201 GC heap after
{Heap after GC invocations=57 (full 0):
 garbage-first heap   total 227328K, used 108413K [0x0000000080000000, 0x0000000100000000)
  region size 1024K, 7 young (7168K), 7 survivors (7168K)
 Metaspace       used 96136K, committed 96896K, reserved 1138688K
  class space    used 12158K, committed 12480K, reserved 1048576K
}
Event: 754.213 GC heap before
{Heap before GC invocations=57 (full 0):
 garbage-first heap   total 227328K, used 112509K [0x0000000080000000, 0x0000000100000000)
  region size 1024K, 11 young (11264K), 7 survivors (7168K)
 Metaspace       used 96236K, committed 97024K, reserved 1138688K
  class space    used 12175K, committed 12544K, reserved 1048576K
}
Event: 754.224 GC heap after
{Heap after GC invocations=58 (full 0):
 garbage-first heap   total 227328K, used 92125K [0x0000000080000000, 0x0000000100000000)
  region size 1024K, 2 young (2048K), 2 survivors (2048K)
 Metaspace       used 96236K, committed 97024K, reserved 1138688K
  class space    used 12175K, committed 12544K, reserved 1048576K
}
Event: 755.334 GC heap before
{Heap before GC invocations=58 (full 0):
 garbage-first heap   total 227328K, used 169949K [0x0000000080000000, 0x0000000100000000)
  region size 1024K, 74 young (75776K), 2 survivors (2048K)
 Metaspace       used 105426K, committed 106176K, reserved 1146880K
  class space    used 13270K, committed 13632K, reserved 1048576K
}
Event: 755.338 GC heap after
{Heap after GC invocations=59 (full 0):
 garbage-first heap   total 227328K, used 97220K [0x0000000080000000, 0x0000000100000000)
  region size 1024K, 5 young (5120K), 5 survivors (5120K)
 Metaspace       used 105426K, committed 106176K, reserved 1146880K
  class space    used 13270K, committed 13632K, reserved 1048576K
}
Event: 755.918 GC heap before
{Heap before GC invocations=59 (full 0):
 garbage-first heap   total 227328K, used 169924K [0x0000000080000000, 0x0000000100000000)
  region size 1024K, 77 young (78848K), 5 survivors (5120K)
 Metaspace       used 114527K, committed 115392K, reserved 1155072K
  class space    used 14720K, committed 15168K, reserved 1048576K
}
Event: 755.929 GC heap after
{Heap after GC invocations=60 (full 0):
 garbage-first heap   total 227328K, used 103848K [0x0000000080000000, 0x0000000100000000)
  region size 1024K, 10 young (10240K), 10 survivors (10240K)
 Metaspace       used 114527K, committed 115392K, reserved 1155072K
  class space    used 14720K, committed 15168K, reserved 1048576K
}
Event: 756.303 GC heap before
{Heap before GC invocations=60 (full 0):
 garbage-first heap   total 227328K, used 151976K [0x0000000080000000, 0x0000000100000000)
  region size 1024K, 51 young (52224K), 10 survivors (10240K)
 Metaspace       used 117057K, committed 117888K, reserved 1155072K
  class space    used 14996K, committed 15424K, reserved 1048576K
}

Deoptimization events (20 events):
Event: 756.182 Thread 0x000001b051e9f460 DEOPT PACKING pc=0x000001b0333cc8d2 sp=0x00000041152fc860
Event: 756.182 Thread 0x000001b051e9f460 DEOPT UNPACKING pc=0x000001b030fae77e sp=0x00000041152fbd50 mode 0
Event: 756.186 Thread 0x000001b051e9f460 Uncommon trap: trap_request=0xffffffde fr.pc=0x000001b038d50b98 relative=0x0000000000000078
Event: 756.186 Thread 0x000001b051e9f460 Uncommon trap: reason=class_check action=maybe_recompile pc=0x000001b038d50b98 method=java.security.MessageDigest$Delegate.engineDigest([BII)I @ 7 c2
Event: 756.186 Thread 0x000001b051e9f460 DEOPT PACKING pc=0x000001b038d50b98 sp=0x00000041152fcc90
Event: 756.186 Thread 0x000001b051e9f460 DEOPT UNPACKING pc=0x000001b030faf92e sp=0x00000041152fcc18 mode 2
Event: 756.205 Thread 0x000001b051e9df20 Uncommon trap: trap_request=0xffffff54 fr.pc=0x000001b03941dc78 relative=0x00000000000005d8
Event: 756.205 Thread 0x000001b051e9df20 Uncommon trap: reason=speculate_null_assert action=make_not_entrant pc=0x000001b03941dc78 method=org.gradle.api.internal.file.collections.UnpackingVisitor.add(Ljava/lang/Object;)V @ 346 c2
Event: 756.205 Thread 0x000001b051e9df20 DEOPT PACKING pc=0x000001b03941dc78 sp=0x00000041147fbec0
Event: 756.205 Thread 0x000001b051e9df20 DEOPT UNPACKING pc=0x000001b030faf92e sp=0x00000041147fbe58 mode 2
Event: 756.212 Thread 0x000001b051e9df20 DEOPT PACKING pc=0x000001b03278eed4 sp=0x00000041147fd410
Event: 756.212 Thread 0x000001b051e9df20 DEOPT UNPACKING pc=0x000001b030fae77e sp=0x00000041147fc930 mode 0
Event: 756.229 Thread 0x000001b051e9df20 Uncommon trap: trap_request=0xffffffde fr.pc=0x000001b0391337a8 relative=0x0000000000002008
Event: 756.229 Thread 0x000001b051e9df20 Uncommon trap: reason=class_check action=maybe_recompile pc=0x000001b0391337a8 method=org.gradle.internal.snapshot.impl.DefaultValueSnapshotter.processValue(Ljava/lang/Object;Lorg/gradle/internal/snapshot/impl/DefaultValueSnapshotter$ValueVisitor;)Ljava/l
Event: 756.229 Thread 0x000001b051e9df20 DEOPT PACKING pc=0x000001b0391337a8 sp=0x00000041147fa760
Event: 756.229 Thread 0x000001b051e9df20 DEOPT UNPACKING pc=0x000001b030faf92e sp=0x00000041147fa748 mode 2
Event: 756.275 Thread 0x000001b051e9b9f0 Uncommon trap: trap_request=0xffffff45 fr.pc=0x000001b03926e1a4 relative=0x0000000000000ea4
Event: 756.275 Thread 0x000001b051e9b9f0 Uncommon trap: reason=unstable_if action=reinterpret pc=0x000001b03926e1a4 method=java.util.zip.ZipFile.getZipEntry(Ljava/lang/String;I)Ljava/util/zip/ZipEntry; @ 127 c2
Event: 756.275 Thread 0x000001b051e9b9f0 DEOPT PACKING pc=0x000001b03926e1a4 sp=0x0000004114efdf80
Event: 756.275 Thread 0x000001b051e9b9f0 DEOPT UNPACKING pc=0x000001b030faf92e sp=0x0000004114efdeb8 mode 2

Classes unloaded (7 events):
Event: 8.732 Thread 0x000001b048027ee0 Unloading class 0x0000000801611c00 'java/lang/invoke/LambdaForm$DMH+0x0000000801611c00'
Event: 8.732 Thread 0x000001b048027ee0 Unloading class 0x0000000801611800 'java/lang/invoke/LambdaForm$DMH+0x0000000801611800'
Event: 8.732 Thread 0x000001b048027ee0 Unloading class 0x0000000801611400 'java/lang/invoke/LambdaForm$DMH+0x0000000801611400'
Event: 8.732 Thread 0x000001b048027ee0 Unloading class 0x0000000801611000 'java/lang/invoke/LambdaForm$DMH+0x0000000801611000'
Event: 8.732 Thread 0x000001b048027ee0 Unloading class 0x0000000801610c00 'java/lang/invoke/LambdaForm$DMH+0x0000000801610c00'
Event: 8.732 Thread 0x000001b048027ee0 Unloading class 0x0000000801610400 'java/lang/invoke/LambdaForm$DMH+0x0000000801610400'
Event: 8.732 Thread 0x000001b048027ee0 Unloading class 0x0000000801610800 'java/lang/invoke/LambdaForm$DMH+0x0000000801610800'

Classes redefined (0 events):
No events

Internal exceptions (20 events):
Event: 755.763 Thread 0x000001b04ad9b880 Exception <a 'java/lang/IncompatibleClassChangeError'{0x000000008a58c6b0}: Found class java.lang.Object, but interface was expected> (0x000000008a58c6b0) 
thrown [t:\workspace\open\src\hotspot\share\interpreter\linkResolver.cpp, line 857]
Event: 755.763 Thread 0x000001b051ea0ef0 Exception <a 'java/lang/IncompatibleClassChangeError'{0x000000008a50c9a0}: Found class java.lang.Object, but interface was expected> (0x000000008a50c9a0) 
thrown [t:\workspace\open\src\hotspot\share\interpreter\linkResolver.cpp, line 857]
Event: 755.763 Thread 0x000001b051e9f460 Exception <a 'java/lang/IncompatibleClassChangeError'{0x000000008a6ce860}: Found class java.lang.Object, but interface was expected> (0x000000008a6ce860) 
thrown [t:\workspace\open\src\hotspot\share\interpreter\linkResolver.cpp, line 857]
Event: 755.763 Thread 0x000001b051ea1ee0 Exception <a 'java/lang/IncompatibleClassChangeError'{0x000000008a504208}: Found class java.lang.Object, but interface was expected> (0x000000008a504208) 
thrown [t:\workspace\open\src\hotspot\share\interpreter\linkResolver.cpp, line 857]
Event: 755.763 Thread 0x000001b04ad9b880 Exception <a 'java/lang/IncompatibleClassChangeError'{0x000000008a593970}: Found class java.lang.Object, but interface was expected> (0x000000008a593970) 
thrown [t:\workspace\open\src\hotspot\share\interpreter\linkResolver.cpp, line 857]
Event: 755.763 Thread 0x000001b051e9f460 Exception <a 'java/lang/IncompatibleClassChangeError'{0x000000008a6d1ce0}: Found class java.lang.Object, but interface was expected> (0x000000008a6d1ce0) 
thrown [t:\workspace\open\src\hotspot\share\interpreter\linkResolver.cpp, line 857]
Event: 755.763 Thread 0x000001b051ea1ee0 Exception <a 'java/lang/IncompatibleClassChangeError'{0x000000008a507688}: Found class java.lang.Object, but interface was expected> (0x000000008a507688) 
thrown [t:\workspace\open\src\hotspot\share\interpreter\linkResolver.cpp, line 857]
Event: 755.763 Thread 0x000001b051ea0ef0 Exception <a 'java/lang/IncompatibleClassChangeError'{0x000000008a50fe20}: Found class java.lang.Object, but interface was expected> (0x000000008a50fe20) 
thrown [t:\workspace\open\src\hotspot\share\interpreter\linkResolver.cpp, line 857]
Event: 755.779 Thread 0x000001b051ea0ef0 Exception <a 'java/lang/NoSuchMethodError'{0x000000008a484c00}: 'void java.lang.invoke.DirectMethodHandle$Holder.invokeSpecial(java.lang.Object, java.lang.Object, int, java.lang.Object)'> (0x000000008a484c00) 
thrown [t:\workspace\open\src\hotspot\share\interpreter\linkResolver.cpp, line 790]
Event: 755.779 Thread 0x000001b051e9f460 Exception <a 'java/lang/NoSuchMethodError'{0x000000008a6eb3a0}: 'void java.lang.invoke.DirectMethodHandle$Holder.invokeSpecial(java.lang.Object, java.lang.Object, int, java.lang.Object)'> (0x000000008a6eb3a0) 
thrown [t:\workspace\open\src\hotspot\share\interpreter\linkResolver.cpp, line 790]
Event: 755.779 Thread 0x000001b04ad9b880 Exception <a 'java/lang/NoSuchMethodError'{0x000000008a4f4f88}: 'void java.lang.invoke.DirectMethodHandle$Holder.invokeSpecial(java.lang.Object, java.lang.Object, int, java.lang.Object)'> (0x000000008a4f4f88) 
thrown [t:\workspace\open\src\hotspot\share\interpreter\linkResolver.cpp, line 790]
Event: 755.825 Thread 0x000001b051ea1ee0 Exception <a 'java/lang/NoSuchMethodError'{0x000000008a1a8978}: 'int java.lang.invoke.DirectMethodHandle$Holder.invokeSpecial(java.lang.Object, java.lang.Object, java.lang.Object, int)'> (0x000000008a1a8978) 
thrown [t:\workspace\open\src\hotspot\share\interpreter\linkResolver.cpp, line 790]
Event: 755.987 Thread 0x000001b051ea0ef0 Exception <a 'java/lang/NoSuchMethodError'{0x000000008d7808c8}: 'java.lang.Object java.lang.invoke.Invokers$Holder.linkToTargetMethod(java.lang.Object, int, java.lang.Object, java.lang.Object, java.lang.Object, java.lang.Object)'> (0x000000008d7808c8) 
thrown [t:\workspace\open\src\hotspot\share\interpreter\linkResolver.cpp, line 790]
Event: 755.988 Thread 0x000001b051ea0ef0 Exception <a 'java/lang/NoSuchMethodError'{0x000000008d78e6a0}: 'java.lang.Object java.lang.invoke.DirectMethodHandle$Holder.newInvokeSpecial(java.lang.Object, java.lang.Object, java.lang.Object, java.lang.Object, int, java.lang.Object, java.lang.Object)'> (0x000000008d78e6a0) 
thrown [t:\workspace\open\src\hotspot\share\interpreter\linkResolver.cpp, line 790]
Event: 755.988 Thread 0x000001b051ea0ef0 Exception <a 'java/lang/NoSuchMethodError'{0x000000008d793458}: 'java.lang.Object java.lang.invoke.Invokers$Holder.linkToTargetMethod(java.lang.Object, java.lang.Object, java.lang.Object, int, java.lang.Object, java.lang.Object, java.lang.Object)'> (0x000000008d793458) 
thrown [t:\workspace\open\src\hotspot\share\interpreter\linkResolver.cpp, line 790]
Event: 755.991 Thread 0x000001b051ea0ef0 Exception <a 'java/lang/NoSuchMethodError'{0x000000008d62aae0}: 'void java.lang.invoke.DirectMethodHandle$Holder.invokeStatic(java.lang.Object, java.lang.Object, java.lang.Object, java.lang.Object, java.lang.Object, java.lang.Object, java.lang.Object, java.lang.Object)'> (0x000000008d62aae0) 
thrown [t:\workspace\open\src\hotspot\share\interpreter\linkResolver.cpp, line 790]
Event: 756.036 Thread 0x000001b051ea0ef0 Exception <a 'java/lang/IncompatibleClassChangeError'{0x000000008d1b8ef0}: Found class java.lang.Object, but interface was expected> (0x000000008d1b8ef0) 
thrown [t:\workspace\open\src\hotspot\share\interpreter\linkResolver.cpp, line 857]
Event: 756.085 Thread 0x000001b051ea0ef0 Exception <a 'java/lang/NoSuchMethodError'{0x000000008c96fe08}: 'void java.lang.invoke.DirectMethodHandle$Holder.invokeSpecial(java.lang.Object, java.lang.Object, int)'> (0x000000008c96fe08) 
thrown [t:\workspace\open\src\hotspot\share\interpreter\linkResolver.cpp, line 790]
Event: 756.107 Thread 0x000001b051e9f460 Implicit null exception at 0x000001b0390d06ac to 0x000001b0390d07b4
Event: 756.287 Thread 0x000001b051e9b9f0 Exception <a 'sun/nio/fs/WindowsException'{0x000000008b8faca0}> (0x000000008b8faca0) 
thrown [t:\workspace\open\src\hotspot\share\prims\jni.cpp, line 579]

Events (20 events):
Event: 756.068 loading class java/nio/ShortBuffer done
Event: 756.086 loading class java/nio/ByteBufferAsShortBufferL
Event: 756.086 loading class java/nio/ByteBufferAsShortBufferL done
Event: 756.107 loading class java/util/zip/Adler32
Event: 756.107 loading class java/util/zip/Adler32 done
Event: 756.110 Executing  VM operation: HandshakeAllThreads
Event: 756.110 Executing  VM operation: HandshakeAllThreads done
Event: 756.113 loading class java/util/zip/ZipOutputStream$XEntry
Event: 756.113 loading class java/util/zip/ZipOutputStream$XEntry done
Event: 756.114 Executing  VM operation: ICBufferFull
Event: 756.114 loading class java/util/Vector$Itr
Event: 756.114 Executing  VM operation: ICBufferFull done
Event: 756.115 Executing  VM operation: ICBufferFull
Event: 756.115 loading class java/util/Vector$Itr done
Event: 756.115 Executing  VM operation: ICBufferFull done
Event: 756.243 loading class java/io/PushbackInputStream
Event: 756.243 loading class java/io/PushbackInputStream done
Event: 756.298 Executing  VM operation: ICBufferFull
Event: 756.298 Executing  VM operation: ICBufferFull done
Event: 756.302 Executing  VM operation: G1TryInitiateConcMark


Dynamic libraries:
0x00007ff74d8a0000 - 0x00007ff74d8b0000 	C:\Program Files\Java\jdk-16.0.2\bin\java.exe
0x00007ff803810000 - 0x00007ff803a08000 	C:\WINDOWS\SYSTEM32\ntdll.dll
0x00007ff801930000 - 0x00007ff8019ed000 	C:\WINDOWS\System32\KERNEL32.DLL
0x00007ff8015a0000 - 0x00007ff80186e000 	C:\WINDOWS\System32\KERNELBASE.dll
0x00007ff8011d0000 - 0x00007ff8012d0000 	C:\WINDOWS\System32\ucrtbase.dll
0x00007ffff9fb0000 - 0x00007ffff9fc8000 	C:\Program Files\Java\jdk-16.0.2\bin\jli.dll
0x00007ffff9f90000 - 0x00007ffff9fa9000 	C:\Program Files\Java\jdk-16.0.2\bin\VCRUNTIME140.dll
0x00007ff8032b0000 - 0x00007ff80335e000 	C:\WINDOWS\System32\ADVAPI32.dll
0x00007ff802f30000 - 0x00007ff802fce000 	C:\WINDOWS\System32\msvcrt.dll
0x00007ff802000000 - 0x00007ff80209c000 	C:\WINDOWS\System32\sechost.dll
0x00007ff802fd0000 - 0x00007ff8030f5000 	C:\WINDOWS\System32\RPCRT4.dll
0x00007ff8020a0000 - 0x00007ff802240000 	C:\WINDOWS\System32\USER32.dll
0x00007ff800f30000 - 0x00007ff800f52000 	C:\WINDOWS\System32\win32u.dll
0x00007fffead00000 - 0x00007fffeaf9a000 	C:\WINDOWS\WinSxS\amd64_microsoft.windows.common-controls_6595b64144ccf1df_6.0.19041.1110_none_60b5254171f9507e\COMCTL32.dll
0x00007ff803520000 - 0x00007ff80354a000 	C:\WINDOWS\System32\GDI32.dll
0x00007ff801020000 - 0x00007ff80112b000 	C:\WINDOWS\System32\gdi32full.dll
0x00007ff801130000 - 0x00007ff8011cd000 	C:\WINDOWS\System32\msvcp_win.dll
0x00007ffffb480000 - 0x00007ffffb48a000 	C:\WINDOWS\SYSTEM32\VERSION.dll
0x00007ff803360000 - 0x00007ff803390000 	C:\WINDOWS\System32\IMM32.DLL
0x00007ffff4640000 - 0x00007ffff464c000 	C:\Program Files\Java\jdk-16.0.2\bin\vcruntime140_1.dll
0x00007fffc64f0000 - 0x00007fffc6581000 	C:\Program Files\Java\jdk-16.0.2\bin\msvcp140.dll
0x00007fffc0ca0000 - 0x00007fffc184b000 	C:\Program Files\Java\jdk-16.0.2\bin\server\jvm.dll
0x00007ff8022a0000 - 0x00007ff8022a8000 	C:\WINDOWS\System32\PSAPI.DLL
0x00007ffffc410000 - 0x00007ffffc419000 	C:\WINDOWS\SYSTEM32\WSOCK32.dll
0x00007ffffeda0000 - 0x00007ffffedc7000 	C:\WINDOWS\SYSTEM32\WINMM.dll
0x00007ff801eb0000 - 0x00007ff801f1b000 	C:\WINDOWS\System32\WS2_32.dll
0x00007fffff7e0000 - 0x00007fffff7f2000 	C:\WINDOWS\SYSTEM32\kernel.appcore.dll
0x00007ffff4580000 - 0x00007ffff458a000 	C:\Program Files\Java\jdk-16.0.2\bin\jimage.dll
0x00007ffffebb0000 - 0x00007ffffed94000 	C:\WINDOWS\SYSTEM32\DBGHELP.DLL
0x00007ffffeb80000 - 0x00007ffffebac000 	C:\WINDOWS\SYSTEM32\dbgcore.DLL
0x00007ff800f60000 - 0x00007ff800fe2000 	C:\WINDOWS\System32\bcryptPrimitives.dll
0x00007ffff4550000 - 0x00007ffff4575000 	C:\Program Files\Java\jdk-16.0.2\bin\java.dll
0x00007ff8027e0000 - 0x00007ff802f24000 	C:\WINDOWS\System32\SHELL32.dll
0x00007fffff000000 - 0x00007fffff794000 	C:\WINDOWS\SYSTEM32\windows.storage.dll
0x00007ff8019f0000 - 0x00007ff801d44000 	C:\WINDOWS\System32\combase.dll
0x00007ff800990000 - 0x00007ff8009c0000 	C:\WINDOWS\SYSTEM32\Wldp.dll
0x00007ff8022b0000 - 0x00007ff80235d000 	C:\WINDOWS\System32\SHCORE.dll
0x00007ff801f20000 - 0x00007ff801f75000 	C:\WINDOWS\System32\shlwapi.dll
0x00007ff800e70000 - 0x00007ff800e8f000 	C:\WINDOWS\SYSTEM32\profapi.dll
0x00007ffff4530000 - 0x00007ffff4549000 	C:\Program Files\Java\jdk-16.0.2\bin\net.dll
0x00007fffeb9a0000 - 0x00007fffebaaa000 	C:\WINDOWS\SYSTEM32\WINHTTP.dll
0x00007ff8006f0000 - 0x00007ff80075a000 	C:\WINDOWS\system32\mswsock.dll
0x00007fffe0400000 - 0x00007fffe0413000 	C:\Program Files\Java\jdk-16.0.2\bin\nio.dll
0x00007fffdbce0000 - 0x00007fffdbcf8000 	C:\Program Files\Java\jdk-16.0.2\bin\zip.dll
0x00007fffef410000 - 0x00007fffef420000 	C:\Program Files\Java\jdk-16.0.2\bin\verify.dll
0x00007fffe6350000 - 0x00007fffe6377000 	C:\Users\ITECH\.gradle\native\e1d6ef7f7dcc3fd88c89a11ec53ec762bb8ba0a96d01ffa2cd45eb1d1d8dd5c5\windows-amd64\native-platform.dll
0x00007fffc63a0000 - 0x00007fffc64e4000 	C:\Users\ITECH\.gradle\native\5664cfc778a61ccfe75a443a1ab52a65af34e5dc3c78e0209fed803814484fcb\windows-amd64\native-platform-file-events.dll
0x00007fffeecd0000 - 0x00007fffeecd9000 	C:\Program Files\Java\jdk-16.0.2\bin\management.dll
0x00007fffee9c0000 - 0x00007fffee9cb000 	C:\Program Files\Java\jdk-16.0.2\bin\management_ext.dll
0x00007ff8008e0000 - 0x00007ff8008f8000 	C:\WINDOWS\SYSTEM32\CRYPTSP.dll
0x00007ff800000000 - 0x00007ff800034000 	C:\WINDOWS\system32\rsaenh.dll
0x00007ff800ff0000 - 0x00007ff801017000 	C:\WINDOWS\System32\bcrypt.dll
0x00007ff800df0000 - 0x00007ff800e1e000 	C:\WINDOWS\SYSTEM32\USERENV.dll
0x00007ff800900000 - 0x00007ff80090c000 	C:\WINDOWS\SYSTEM32\CRYPTBASE.dll
0x00007ff800390000 - 0x00007ff8003cb000 	C:\WINDOWS\SYSTEM32\IPHLPAPI.DLL
0x00007ff801870000 - 0x00007ff801878000 	C:\WINDOWS\System32\NSI.dll
0x00007ffff6270000 - 0x00007ffff6287000 	C:\WINDOWS\SYSTEM32\dhcpcsvc6.DLL
0x00007ffff6740000 - 0x00007ffff675d000 	C:\WINDOWS\SYSTEM32\dhcpcsvc.DLL
0x00007ff8003d0000 - 0x00007ff80049a000 	C:\WINDOWS\SYSTEM32\DNSAPI.dll
0x00007fffe9870000 - 0x00007fffe987e000 	C:\Program Files\Java\jdk-16.0.2\bin\sunmscapi.dll
0x00007ff8013f0000 - 0x00007ff801546000 	C:\WINDOWS\System32\CRYPT32.dll
0x00007ff800a00000 - 0x00007ff800a27000 	C:\WINDOWS\SYSTEM32\ncrypt.dll
0x00007ff8009c0000 - 0x00007ff8009fb000 	C:\WINDOWS\SYSTEM32\NTASN1.dll
0x00007fffd89b0000 - 0x00007fffd89b7000 	C:\WINDOWS\system32\wshunix.dll
0x00007fffffc20000 - 0x00007fffffc53000 	C:\WINDOWS\SYSTEM32\ntmarta.dll

dbghelp: loaded successfully - version: 4.0.5 - missing functions: none
symbol engine: initialized successfully - sym options: 0x614 - pdb path: .;C:\Program Files\Java\jdk-16.0.2\bin;C:\WINDOWS\SYSTEM32;C:\WINDOWS\WinSxS\amd64_microsoft.windows.common-controls_6595b64144ccf1df_6.0.19041.1110_none_60b5254171f9507e;C:\Program Files\Java\jdk-16.0.2\bin\server;C:\Users\ITECH\.gradle\native\e1d6ef7f7dcc3fd88c89a11ec53ec762bb8ba0a96d01ffa2cd45eb1d1d8dd5c5\windows-amd64;C:\Users\ITECH\.gradle\native\5664cfc778a61ccfe75a443a1ab52a65af34e5dc3c78e0209fed803814484fcb\windows-amd64

VM Arguments:
jvm_args: --add-opens=java.base/java.util=ALL-UNNAMED --add-opens=java.base/java.lang=ALL-UNNAMED --add-opens=java.base/java.lang.invoke=ALL-UNNAMED --add-opens=java.base/java.util=ALL-UNNAMED --add-opens=java.prefs/java.util.prefs=ALL-UNNAMED --add-opens=java.prefs/java.util.prefs=ALL-UNNAMED --add-opens=java.base/java.nio.charset=ALL-UNNAMED --add-opens=java.base/java.net=ALL-UNNAMED --add-opens=java.base/java.util.concurrent.atomic=ALL-UNNAMED -Xmx2048m -Dfile.encoding=UTF-8 -Duser.country=US -Duser.language=en -Duser.variant 
java_command: org.gradle.launcher.daemon.bootstrap.GradleDaemon 7.3.3
java_class_path (initial): C:\Users\ITECH\.gradle\wrapper\dists\gradle-7.3.3-bin\6a41zxkdtcxs8rphpq6y0069z\gradle-7.3.3\lib\gradle-launcher-7.3.3.jar
Launcher Type: SUN_STANDARD

[Global flags]
     intx CICompilerCount                          = 4                                         {product} {ergonomic}
     uint ConcGCThreads                            = 2                                         {product} {ergonomic}
     uint G1ConcRefinementThreads                  = 8                                         {product} {ergonomic}
   size_t G1HeapRegionSize                         = 1048576                                   {product} {ergonomic}
    uintx GCDrainStackTargetSize                   = 64                                        {product} {ergonomic}
   size_t InitialHeapSize                          = 132120576                                 {product} {ergonomic}
   size_t MarkStackSize                            = 4194304                                   {product} {ergonomic}
   size_t MaxHeapSize                              = 2147483648                                {product} {command line}
   size_t MaxNewSize                               = 1287651328                                {product} {ergonomic}
   size_t MinHeapDeltaBytes                        = 1048576                                   {product} {ergonomic}
   size_t MinHeapSize                              = 8388608                                   {product} {ergonomic}
    uintx NonNMethodCodeHeapSize                   = 5839372                                {pd product} {ergonomic}
    uintx NonProfiledCodeHeapSize                  = 122909434                              {pd product} {ergonomic}
    uintx ProfiledCodeHeapSize                     = 122909434                              {pd product} {ergonomic}
    uintx ReservedCodeCacheSize                    = 251658240                              {pd product} {ergonomic}
     bool SegmentedCodeCache                       = true                                      {product} {ergonomic}
   size_t SoftMaxHeapSize                          = 2147483648                             {manageable} {ergonomic}
     bool UseCompressedClassPointers               = true                           {product lp64_product} {ergonomic}
     bool UseCompressedOops                        = true                           {product lp64_product} {ergonomic}
     bool UseG1GC                                  = true                                      {product} {ergonomic}
     bool UseLargePagesIndividualAllocation        = false                                  {pd product} {ergonomic}

Logging:
Log output configuration:
 #0: stdout all=warning uptime,level,tags
 #1: stderr all=off uptime,level,tags

Environment Variables:
JAVA_HOME=C:\Program Files\Java\jdk-16.0.2
PATH=C:\Program Files\Python37\Scripts\;C:\Program Files\Python37\;C:\ProgramData\Oracle\Java\javapath;C:\app\ITECH\product\11.2.0\dbhome_1\bin;C:\Program Files\Common Files\Oracle\Java\javapath;C:\Program Files (x86)\Common Files\Oracle\Java\javapath;C:\WINDOWS\system32;C:\WINDOWS;C:\WINDOWS\System32\Wbem;C:\WINDOWS\System32\WindowsPowerShell\v1.0\;C:\WINDOWS\System32\OpenSSH\;C:\Program Files\Microsoft SQL Server\130\Tools\Binn\;C:\Program Files\Microsoft SQL Server\Client SDK\ODBC\170\Tools\Binn\;C:\Program Files\dotnet\;C:\Program Files\nodejs\;C:\Program Files\Java\jdk-16.0.2\bin;C:\Program Files\Git\cmd;C:\Program Files\Java\jdk-16.0.2\bin;
USERNAME=ITECH
OS=Windows_NT
PROCESSOR_IDENTIFIER=Intel64 Family 6 Model 126 Stepping 5, GenuineIntel



---------------  S Y S T E M  ---------------

OS:
 Windows 10 , 64 bit Build 19041 (10.0.19041.1889)
OS uptime: 0 days 15:02 hours

CPU: total 8 (initial active 8) (4 cores per cpu, 2 threads per core) family 6 model 126 stepping 5 microcode 0xb0, cx8, cmov, fxsr, ht, mmx, 3dnowpref, sse, sse2, sse3, ssse3, sse4.1, sse4.2, popcnt, lzcnt, tsc, tscinvbit, avx, avx2, aes, erms, clmul, bmi1, bmi2, adx, avx512f, avx512dq, avx512cd, avx512bw, avx512vl, sha, fma, vzeroupper, avx512_vpopcntdq, avx512_vpclmulqdq, avx512_vaes, avx512_vnni, clflush, clflushopt, avx512_vmbi2, avx512_vmbi

Memory: 4k page, system-wide physical 7959M (1130M free)
TotalPageFile size 7959M (AvailPageFile size 82M)
current process WorkingSet (physical memory assigned to process): 556M, peak: 560M
current process commit charge ("private bytes"): 591M, peak: 888M

vm_info: Java HotSpot(TM) 64-Bit Server VM (16.0.2+7-67) for windows-amd64 JRE (16.0.2+7-67), built on Jun  8 2021 23:24:19 by "mach5one" with MS VC++ 16.7 (VS2019)

END.
