#
# There is insufficient memory for the Java Runtime Environment to continue.
# Native memory allocation (malloc) failed to allocate 1300176 bytes for Chunk::new
# Possible reasons:
#   The system is out of physical RAM or swap space
#   The process is running with CompressedOops enabled, and the Java Heap may be blocking the growth of the native heap
# Possible solutions:
#   Reduce memory load on the system
#   Increase physical memory or swap space
#   Check if swap backing store is full
#   Decrease Java heap size (-Xmx/-Xms)
#   Decrease number of Java threads
#   Decrease Java thread stack sizes (-Xss)
#   Set larger code cache with -XX:ReservedCodeCacheSize=
#   JVM is running with Unscaled Compressed Oops mode in which the Java heap is
#     placed in the first 4GB address space. The Java Heap base address is the
#     maximum limit for the native heap growth. Please use -XX:HeapBaseMinAddress
#     to set the Java Heap base and to place the Java Heap above 4GB virtual address.
# This output file may be truncated or incomplete.
#
#  Out of Memory Error (arena.cpp:195), pid=6328, tid=1420
#
# JRE version: Java(TM) SE Runtime Environment (16.0.2+7) (build 16.0.2+7-67)
# Java VM: Java HotSpot(TM) 64-Bit Server VM (16.0.2+7-67, mixed mode, sharing, tiered, compressed oops, compressed class ptrs, g1 gc, windows-amd64)
# No core dump will be written. Minidumps are not enabled by default on client versions of Windows
#

---------------  S U M M A R Y ------------

Command Line: --add-opens=java.base/java.util=ALL-UNNAMED --add-opens=java.base/java.lang=ALL-UNNAMED --add-opens=java.base/java.lang.invoke=ALL-UNNAMED --add-opens=java.base/java.util=ALL-UNNAMED --add-opens=java.prefs/java.util.prefs=ALL-UNNAMED --add-opens=java.prefs/java.util.prefs=ALL-UNNAMED --add-opens=java.base/java.nio.charset=ALL-UNNAMED --add-opens=java.base/java.net=ALL-UNNAMED --add-opens=java.base/java.util.concurrent.atomic=ALL-UNNAMED -Xmx2048m -Dfile.encoding=UTF-8 -Duser.country=US -Duser.language=en -Duser.variant org.gradle.launcher.daemon.bootstrap.GradleDaemon 7.3.3

Host: Intel(R) Core(TM) i7-1065G7 CPU @ 1.30GHz, 8 cores, 7G,  Windows 10 , 64 bit Build 19041 (10.0.19041.1889)
Time: Mon Aug 22 18:15:52 2022 Egypt Standard Time elapsed time: 16.922951 seconds (0d 0h 0m 16s)

---------------  T H R E A D  ---------------

Current thread (0x0000023812fc3020):  JavaThread "C2 CompilerThread1" daemon [_thread_in_native, id=1420, stack(0x0000004f72800000,0x0000004f72900000)]


Current CompileTask:
C2:  16923 15696 %     4       com.android.tools.r8.dex.j::m @ 64 (2094 bytes)

Stack: [0x0000004f72800000,0x0000004f72900000]
Native frames: (J=compiled Java code, j=interpreted, Vv=VM code, C=native code)
V  [jvm.dll+0x6681ca]
V  [jvm.dll+0x7c9e69]
V  [jvm.dll+0x7cb61e]
V  [jvm.dll+0x7cbc73]
V  [jvm.dll+0x242c55]
V  [jvm.dll+0xadeba]
V  [jvm.dll+0xae45c]
V  [jvm.dll+0x35a882]
V  [jvm.dll+0x324de1]
V  [jvm.dll+0x32428a]
V  [jvm.dll+0x215cec]
V  [jvm.dll+0x215100]
V  [jvm.dll+0x1a1beb]
V  [jvm.dll+0x225158]
V  [jvm.dll+0x22319c]
V  [jvm.dll+0x77fa62]
V  [jvm.dll+0x7795aa]
V  [jvm.dll+0x667066]
C  [ucrtbase.dll+0x21bb2]
C  [KERNEL32.DLL+0x17034]
C  [ntdll.dll+0x52651]


---------------  P R O C E S S  ---------------

Threads class SMR info:
_java_thread_list=0x00000238140b8aa0, length=166, elements={
0x000002387329c7c0, 0x0000023811372d30, 0x0000023811373840, 0x000002381137e550,
0x0000023811382f80, 0x00000238113878b0, 0x00000238113881c0, 0x0000023811388eb0,
0x000002381138a8c0, 0x0000023811398b30, 0x00000238120b2850, 0x00000238120b3db0,
0x00000238145c89f0, 0x0000023813c74480, 0x0000023814415060, 0x0000023814414ab0,
0x0000023813479940, 0x0000023813c5b040, 0x0000023814333ac0, 0x0000023814333570,
0x0000023814334010, 0x0000023814330af0, 0x0000023814331040, 0x0000023814332580,
0x0000023814331590, 0x0000023814332ad0, 0x0000023814331ae0, 0x0000023814333020,
0x0000023814332030, 0x0000023814d05eb0, 0x0000023814d06ea0, 0x0000023814d073f0,
0x0000023814d05410, 0x0000023814d05960, 0x0000023814d06400, 0x0000023814d04420,
0x0000023814d06950, 0x0000023814d04970, 0x0000023814d04ec0, 0x0000023814ad1fd0,
0x0000023814ad0540, 0x0000023814ad1a80, 0x0000023814ad3a60, 0x0000023814ad2520,
0x0000023814ad2a70, 0x0000023814acf000, 0x0000023814ad3fb0, 0x0000023814ad2fc0,
0x0000023814acf550, 0x0000023814ad4500, 0x0000023814ad0a90, 0x0000023814ad4a50,
0x0000023814ad3510, 0x0000023814ace010, 0x0000023814acd020, 0x0000023814ad0fe0,
0x0000023814ace560, 0x0000023814acd570, 0x0000023814acdac0, 0x0000023814aceab0,
0x0000023814ad1530, 0x0000023814acfaa0, 0x0000023814acfff0, 0x00000238152b1d10,
0x00000238152b5230, 0x00000238152b6770, 0x00000238152b2d00, 0x00000238152b5780,
0x00000238152b27b0, 0x00000238152b6220, 0x00000238152b07d0, 0x00000238152b3250,
0x00000238152b4790, 0x00000238152b5cd0, 0x00000238152b0280, 0x00000238152b37a0,
0x00000238152b1270, 0x00000238152b3cf0, 0x00000238152b7210, 0x00000238152b0d20,
0x00000238152b17c0, 0x00000238152b2260, 0x00000238152b4ce0, 0x00000238152b4240,
0x00000238152b6cc0, 0x00000238152b7760, 0x00000238152afd30, 0x0000023814ecf4d0,
0x0000023814ecdf90, 0x0000023814ece4e0, 0x0000023814ecea30, 0x0000023814ecff70,
0x0000023814ecef80, 0x0000023814ecfa20, 0x0000023814ed14b0, 0x0000023814ed04c0,
0x0000023814ed0a10, 0x0000023814ed0f60, 0x000002381838c930, 0x0000023818388ec0,
0x0000023818385ef0, 0x0000023818389eb0, 0x000002381838b3f0, 0x0000023818387430,
0x0000023818388970, 0x000002381838a400, 0x0000023818386440, 0x0000023818386ee0,
0x000002381838be90, 0x0000023818386990, 0x000002381838b940, 0x000002381838a950,
0x000002381838c3e0, 0x0000023818385450, 0x000002381838aea0, 0x000002381838ce80,
0x00000238183859a0, 0x0000023818387980, 0x0000023818387ed0, 0x0000023818388420,
0x0000023818389410, 0x0000023818389960, 0x0000023814b744f0, 0x0000023814b794a0,
0x0000023814b72fb0, 0x0000023814b799f0, 0x0000023814b754e0, 0x0000023814b71fc0,
0x0000023814b72510, 0x0000023814b76a20, 0x0000023814b78a00, 0x0000023814b784b0,
0x0000023814b76f70, 0x0000023814b774c0, 0x0000023814b75a30, 0x0000023814b77a10,
0x000002381841e750, 0x0000023818424c40, 0x00000238184201e0, 0x0000023812fc3020,
0x000002381d4cf270, 0x000002381841fc90, 0x000002381841e200, 0x0000023818422710,
0x000002381841d760, 0x0000023818425190, 0x00000238184246f0, 0x000002381841f1f0,
0x0000023818420730, 0x0000023818420c80, 0x00000238184231b0, 0x00000238184241a0,
0x000002381841dcb0, 0x0000023818421c70, 0x0000023814b78f50, 0x000002381ef2b570,
0x000002381ef2b020, 0x000002381ef2ea90, 0x000002381ef2cab0, 0x000002381ef29040,
0x000002381ef2d000, 0x000002381ef2bac0, 0x000002381ef27060, 0x000002381ef2daa0,
0x000002381ef2d550, 0x000002381ef28af0
}

Java Threads: ( => current thread )
  0x000002387329c7c0 JavaThread "main" [_thread_blocked, id=9444, stack(0x0000004f71500000,0x0000004f71600000)]
  0x0000023811372d30 JavaThread "Reference Handler" daemon [_thread_blocked, id=11424, stack(0x0000004f71c00000,0x0000004f71d00000)]
  0x0000023811373840 JavaThread "Finalizer" daemon [_thread_blocked, id=3428, stack(0x0000004f71d00000,0x0000004f71e00000)]
  0x000002381137e550 JavaThread "Signal Dispatcher" daemon [_thread_blocked, id=2564, stack(0x0000004f71e00000,0x0000004f71f00000)]
  0x0000023811382f80 JavaThread "Attach Listener" daemon [_thread_blocked, id=5112, stack(0x0000004f71f00000,0x0000004f72000000)]
  0x00000238113878b0 JavaThread "Service Thread" daemon [_thread_blocked, id=10120, stack(0x0000004f72000000,0x0000004f72100000)]
  0x00000238113881c0 JavaThread "Monitor Deflation Thread" daemon [_thread_blocked, id=7020, stack(0x0000004f72100000,0x0000004f72200000)]
  0x0000023811388eb0 JavaThread "C2 CompilerThread0" daemon [_thread_in_native, id=11492, stack(0x0000004f72200000,0x0000004f72300000)]
  0x000002381138a8c0 JavaThread "C1 CompilerThread0" daemon [_thread_in_native, id=4756, stack(0x0000004f72300000,0x0000004f72400000)]
  0x0000023811398b30 JavaThread "Sweeper thread" daemon [_thread_blocked, id=8100, stack(0x0000004f72400000,0x0000004f72500000)]
  0x00000238120b2850 JavaThread "Common-Cleaner" daemon [_thread_blocked, id=7396, stack(0x0000004f72500000,0x0000004f72600000)]
  0x00000238120b3db0 JavaThread "Notification Thread" daemon [_thread_blocked, id=9908, stack(0x0000004f72600000,0x0000004f72700000)]
  0x00000238145c89f0 JavaThread "Daemon health stats" [_thread_blocked, id=1404, stack(0x0000004f72e00000,0x0000004f72f00000)]
  0x0000023813c74480 JavaThread "Incoming local TCP Connector on port 60588" [_thread_in_native, id=7308, stack(0x0000004f72f00000,0x0000004f73000000)]
  0x0000023814415060 JavaThread "Daemon periodic checks" [_thread_blocked, id=14204, stack(0x0000004f73000000,0x0000004f73100000)]
  0x0000023814414ab0 JavaThread "Daemon" [_thread_blocked, id=11924, stack(0x0000004f73100000,0x0000004f73200000)]
  0x0000023813479940 JavaThread "Handler for socket connection from /127.0.0.1:60588 to /127.0.0.1:60589" [_thread_in_native, id=6428, stack(0x0000004f73200000,0x0000004f73300000)]
  0x0000023813c5b040 JavaThread "Cancel handler" [_thread_blocked, id=3912, stack(0x0000004f73300000,0x0000004f73400000)]
  0x0000023814333ac0 JavaThread "Daemon worker" [_thread_blocked, id=11508, stack(0x0000004f73400000,0x0000004f73500000)]
  0x0000023814333570 JavaThread "Asynchronous log dispatcher for DefaultDaemonConnection: socket connection from /127.0.0.1:60588 to /127.0.0.1:60589" [_thread_blocked, id=6796, stack(0x0000004f73500000,0x0000004f73600000)]
  0x0000023814334010 JavaThread "Stdin handler" [_thread_blocked, id=12092, stack(0x0000004f73600000,0x0000004f73700000)]
  0x0000023814330af0 JavaThread "Daemon client event forwarder" [_thread_blocked, id=13996, stack(0x0000004f73700000,0x0000004f73800000)]
  0x0000023814331040 JavaThread "Cache worker for journal cache (C:\Users\ITECH\.gradle\caches\journal-1)" [_thread_blocked, id=2992, stack(0x0000004f73800000,0x0000004f73900000)]
  0x0000023814332580 JavaThread "File lock request listener" [_thread_in_native, id=6376, stack(0x0000004f73900000,0x0000004f73a00000)]
  0x0000023814331590 JavaThread "Cache worker for file hash cache (C:\Users\ITECH\.gradle\caches\7.3.3\fileHashes)" [_thread_blocked, id=12624, stack(0x0000004f73a00000,0x0000004f73b00000)]
  0x0000023814332ad0 JavaThread "Cache worker for file hash cache (C:\Users\ITECH\AndroidStudioProjects\yummy\.gradle\7.3.3\fileHashes)" [_thread_blocked, id=5340, stack(0x0000004f73e00000,0x0000004f73f00000)]
  0x0000023814331ae0 JavaThread "File watcher server" daemon [_thread_in_native, id=1580, stack(0x0000004f73f00000,0x0000004f74000000)]
  0x0000023814333020 JavaThread "File watcher consumer" daemon [_thread_blocked, id=9268, stack(0x0000004f74000000,0x0000004f74100000)]
  0x0000023814332030 JavaThread "Cache worker for checksums cache (C:\Users\ITECH\AndroidStudioProjects\yummy\.gradle\7.3.3\checksums)" [_thread_blocked, id=9500, stack(0x0000004f74100000,0x0000004f74200000)]
  0x0000023814d05eb0 JavaThread "Cache worker for cache directory md-supplier (C:\Users\ITECH\.gradle\caches\7.3.3\md-supplier)" [_thread_blocked, id=9624, stack(0x0000004f74200000,0x0000004f74300000)]
  0x0000023814d06ea0 JavaThread "Cache worker for cache directory md-rule (C:\Users\ITECH\.gradle\caches\7.3.3\md-rule)" [_thread_blocked, id=5400, stack(0x0000004f74300000,0x0000004f74400000)]
  0x0000023814d073f0 JavaThread "Cache worker for execution history cache (C:\Users\ITECH\.gradle\caches\7.3.3\executionHistory)" [_thread_blocked, id=12380, stack(0x0000004f74500000,0x0000004f74600000)]
  0x0000023814d05410 JavaThread "jar transforms" [_thread_blocked, id=3356, stack(0x0000004f74600000,0x0000004f74700000)]
  0x0000023814d05960 JavaThread "Cache worker for file content cache (C:\Users\ITECH\.gradle\caches\7.3.3\fileContent)" [_thread_blocked, id=10820, stack(0x0000004f74700000,0x0000004f74800000)]
  0x0000023814d06400 JavaThread "jar transforms Thread 2" [_thread_blocked, id=13276, stack(0x0000004f74800000,0x0000004f74900000)]
  0x0000023814d04420 JavaThread "Cache worker for dependencies-accessors (C:\Users\ITECH\AndroidStudioProjects\yummy\.gradle\7.3.3\dependencies-accessors)" [_thread_blocked, id=4656, stack(0x0000004f74900000,0x0000004f74a00000)]
  0x0000023814d06950 JavaThread "jar transforms Thread 3" [_thread_blocked, id=1112, stack(0x0000004f74a00000,0x0000004f74b00000)]
  0x0000023814d04970 JavaThread "Cache worker for Build Output Cleanup Cache (C:\Users\ITECH\AndroidStudioProjects\yummy\.gradle\buildOutputCleanup)" [_thread_blocked, id=11772, stack(0x0000004f74b00000,0x0000004f74c00000)]
  0x0000023814d04ec0 JavaThread "Unconstrained build operations" [_thread_blocked, id=12408, stack(0x0000004f74c00000,0x0000004f74d00000)]
  0x0000023814ad1fd0 JavaThread "Unconstrained build operations Thread 2" [_thread_blocked, id=9584, stack(0x0000004f74d00000,0x0000004f74e00000)]
  0x0000023814ad0540 JavaThread "Unconstrained build operations Thread 3" [_thread_blocked, id=9048, stack(0x0000004f74e00000,0x0000004f74f00000)]
  0x0000023814ad1a80 JavaThread "Unconstrained build operations Thread 4" [_thread_blocked, id=8292, stack(0x0000004f74f00000,0x0000004f75000000)]
  0x0000023814ad3a60 JavaThread "Unconstrained build operations Thread 5" [_thread_blocked, id=12988, stack(0x0000004f75000000,0x0000004f75100000)]
  0x0000023814ad2520 JavaThread "Unconstrained build operations Thread 6" [_thread_blocked, id=8756, stack(0x0000004f75100000,0x0000004f75200000)]
  0x0000023814ad2a70 JavaThread "Unconstrained build operations Thread 7" [_thread_blocked, id=3016, stack(0x0000004f75200000,0x0000004f75300000)]
  0x0000023814acf000 JavaThread "Unconstrained build operations Thread 8" [_thread_blocked, id=13708, stack(0x0000004f75300000,0x0000004f75400000)]
  0x0000023814ad3fb0 JavaThread "Unconstrained build operations Thread 9" [_thread_blocked, id=4104, stack(0x0000004f75400000,0x0000004f75500000)]
  0x0000023814ad2fc0 JavaThread "Unconstrained build operations Thread 10" [_thread_blocked, id=12976, stack(0x0000004f75500000,0x0000004f75600000)]
  0x0000023814acf550 JavaThread "Unconstrained build operations Thread 11" [_thread_blocked, id=3672, stack(0x0000004f75600000,0x0000004f75700000)]
  0x0000023814ad4500 JavaThread "Unconstrained build operations Thread 12" [_thread_blocked, id=4292, stack(0x0000004f75700000,0x0000004f75800000)]
  0x0000023814ad0a90 JavaThread "Unconstrained build operations Thread 13" [_thread_blocked, id=8844, stack(0x0000004f75800000,0x0000004f75900000)]
  0x0000023814ad4a50 JavaThread "Unconstrained build operations Thread 14" [_thread_blocked, id=13656, stack(0x0000004f75900000,0x0000004f75a00000)]
  0x0000023814ad3510 JavaThread "Unconstrained build operations Thread 15" [_thread_blocked, id=12908, stack(0x0000004f75a00000,0x0000004f75b00000)]
  0x0000023814ace010 JavaThread "Unconstrained build operations Thread 16" [_thread_blocked, id=3924, stack(0x0000004f75b00000,0x0000004f75c00000)]
  0x0000023814acd020 JavaThread "Unconstrained build operations Thread 17" [_thread_blocked, id=13368, stack(0x0000004f75c00000,0x0000004f75d00000)]
  0x0000023814ad0fe0 JavaThread "Unconstrained build operations Thread 18" [_thread_blocked, id=10664, stack(0x0000004f75d00000,0x0000004f75e00000)]
  0x0000023814ace560 JavaThread "Unconstrained build operations Thread 19" [_thread_blocked, id=1744, stack(0x0000004f75e00000,0x0000004f75f00000)]
  0x0000023814acd570 JavaThread "Unconstrained build operations Thread 20" [_thread_blocked, id=3284, stack(0x0000004f75f00000,0x0000004f76000000)]
  0x0000023814acdac0 JavaThread "Unconstrained build operations Thread 21" [_thread_blocked, id=13952, stack(0x0000004f76000000,0x0000004f76100000)]
  0x0000023814aceab0 JavaThread "Unconstrained build operations Thread 22" [_thread_blocked, id=3272, stack(0x0000004f76100000,0x0000004f76200000)]
  0x0000023814ad1530 JavaThread "Unconstrained build operations Thread 23" [_thread_blocked, id=10696, stack(0x0000004f76200000,0x0000004f76300000)]
  0x0000023814acfaa0 JavaThread "Unconstrained build operations Thread 24" [_thread_blocked, id=5424, stack(0x0000004f76300000,0x0000004f76400000)]
  0x0000023814acfff0 JavaThread "Unconstrained build operations Thread 25" [_thread_blocked, id=4512, stack(0x0000004f76400000,0x0000004f76500000)]
  0x00000238152b1d10 JavaThread "Unconstrained build operations Thread 26" [_thread_blocked, id=6592, stack(0x0000004f76500000,0x0000004f76600000)]
  0x00000238152b5230 JavaThread "Unconstrained build operations Thread 27" [_thread_blocked, id=7648, stack(0x0000004f76600000,0x0000004f76700000)]
  0x00000238152b6770 JavaThread "Unconstrained build operations Thread 28" [_thread_blocked, id=3788, stack(0x0000004f76700000,0x0000004f76800000)]
  0x00000238152b2d00 JavaThread "Unconstrained build operations Thread 29" [_thread_blocked, id=13712, stack(0x0000004f76800000,0x0000004f76900000)]
  0x00000238152b5780 JavaThread "Unconstrained build operations Thread 30" [_thread_blocked, id=10172, stack(0x0000004f76900000,0x0000004f76a00000)]
  0x00000238152b27b0 JavaThread "Unconstrained build operations Thread 31" [_thread_blocked, id=5380, stack(0x0000004f76a00000,0x0000004f76b00000)]
  0x00000238152b6220 JavaThread "Unconstrained build operations Thread 32" [_thread_blocked, id=13036, stack(0x0000004f76b00000,0x0000004f76c00000)]
  0x00000238152b07d0 JavaThread "Unconstrained build operations Thread 33" [_thread_blocked, id=9868, stack(0x0000004f76c00000,0x0000004f76d00000)]
  0x00000238152b3250 JavaThread "Unconstrained build operations Thread 34" [_thread_blocked, id=14208, stack(0x0000004f76d00000,0x0000004f76e00000)]
  0x00000238152b4790 JavaThread "Unconstrained build operations Thread 35" [_thread_blocked, id=5696, stack(0x0000004f76e00000,0x0000004f76f00000)]
  0x00000238152b5cd0 JavaThread "Unconstrained build operations Thread 36" [_thread_blocked, id=13392, stack(0x0000004f76f00000,0x0000004f77000000)]
  0x00000238152b0280 JavaThread "Unconstrained build operations Thread 37" [_thread_blocked, id=8032, stack(0x0000004f77000000,0x0000004f77100000)]
  0x00000238152b37a0 JavaThread "Unconstrained build operations Thread 38" [_thread_blocked, id=600, stack(0x0000004f77100000,0x0000004f77200000)]
  0x00000238152b1270 JavaThread "Unconstrained build operations Thread 39" [_thread_blocked, id=8008, stack(0x0000004f77200000,0x0000004f77300000)]
  0x00000238152b3cf0 JavaThread "Unconstrained build operations Thread 40" [_thread_blocked, id=9332, stack(0x0000004f77300000,0x0000004f77400000)]
  0x00000238152b7210 JavaThread "Unconstrained build operations Thread 41" [_thread_blocked, id=8904, stack(0x0000004f77400000,0x0000004f77500000)]
  0x00000238152b0d20 JavaThread "Unconstrained build operations Thread 42" [_thread_blocked, id=11136, stack(0x0000004f77500000,0x0000004f77600000)]
  0x00000238152b17c0 JavaThread "Unconstrained build operations Thread 43" [_thread_blocked, id=10488, stack(0x0000004f77600000,0x0000004f77700000)]
  0x00000238152b2260 JavaThread "Unconstrained build operations Thread 44" [_thread_blocked, id=9904, stack(0x0000004f77700000,0x0000004f77800000)]
  0x00000238152b4ce0 JavaThread "Unconstrained build operations Thread 45" [_thread_blocked, id=13504, stack(0x0000004f77800000,0x0000004f77900000)]
  0x00000238152b4240 JavaThread "Unconstrained build operations Thread 46" [_thread_blocked, id=11524, stack(0x0000004f77900000,0x0000004f77a00000)]
  0x00000238152b6cc0 JavaThread "Unconstrained build operations Thread 47" [_thread_blocked, id=10688, stack(0x0000004f77a00000,0x0000004f77b00000)]
  0x00000238152b7760 JavaThread "Unconstrained build operations Thread 48" [_thread_blocked, id=12096, stack(0x0000004f77b00000,0x0000004f77c00000)]
  0x00000238152afd30 JavaThread "Unconstrained build operations Thread 49" [_thread_blocked, id=10548, stack(0x0000004f77c00000,0x0000004f77d00000)]
  0x0000023814ecf4d0 JavaThread "Unconstrained build operations Thread 50" [_thread_blocked, id=6908, stack(0x0000004f77d00000,0x0000004f77e00000)]
  0x0000023814ecdf90 JavaThread "Unconstrained build operations Thread 51" [_thread_blocked, id=10684, stack(0x0000004f77e00000,0x0000004f77f00000)]
  0x0000023814ece4e0 JavaThread "Unconstrained build operations Thread 52" [_thread_blocked, id=12396, stack(0x0000004f77f00000,0x0000004f78000000)]
  0x0000023814ecea30 JavaThread "Unconstrained build operations Thread 53" [_thread_blocked, id=9484, stack(0x0000004f78000000,0x0000004f78100000)]
  0x0000023814ecff70 JavaThread "Unconstrained build operations Thread 54" [_thread_blocked, id=6020, stack(0x0000004f78100000,0x0000004f78200000)]
  0x0000023814ecef80 JavaThread "Unconstrained build operations Thread 55" [_thread_blocked, id=13324, stack(0x0000004f78200000,0x0000004f78300000)]
  0x0000023814ecfa20 JavaThread "Unconstrained build operations Thread 56" [_thread_blocked, id=6308, stack(0x0000004f78300000,0x0000004f78400000)]
  0x0000023814ed14b0 JavaThread "Unconstrained build operations Thread 57" [_thread_blocked, id=7088, stack(0x0000004f78400000,0x0000004f78500000)]
  0x0000023814ed04c0 JavaThread "Unconstrained build operations Thread 58" [_thread_blocked, id=6732, stack(0x0000004f78500000,0x0000004f78600000)]
  0x0000023814ed0a10 JavaThread "Unconstrained build operations Thread 59" [_thread_blocked, id=7548, stack(0x0000004f78600000,0x0000004f78700000)]
  0x0000023814ed0f60 JavaThread "Unconstrained build operations Thread 60" [_thread_blocked, id=13400, stack(0x0000004f78700000,0x0000004f78800000)]
  0x000002381838c930 JavaThread "Unconstrained build operations Thread 61" [_thread_blocked, id=11284, stack(0x0000004f78800000,0x0000004f78900000)]
  0x0000023818388ec0 JavaThread "Unconstrained build operations Thread 62" [_thread_blocked, id=4168, stack(0x0000004f78900000,0x0000004f78a00000)]
  0x0000023818385ef0 JavaThread "Unconstrained build operations Thread 63" [_thread_blocked, id=8676, stack(0x0000004f78a00000,0x0000004f78b00000)]
  0x0000023818389eb0 JavaThread "Unconstrained build operations Thread 64" [_thread_blocked, id=3172, stack(0x0000004f78b00000,0x0000004f78c00000)]
  0x000002381838b3f0 JavaThread "Unconstrained build operations Thread 65" [_thread_blocked, id=4524, stack(0x0000004f78c00000,0x0000004f78d00000)]
  0x0000023818387430 JavaThread "Unconstrained build operations Thread 66" [_thread_blocked, id=7280, stack(0x0000004f78d00000,0x0000004f78e00000)]
  0x0000023818388970 JavaThread "Unconstrained build operations Thread 67" [_thread_blocked, id=12820, stack(0x0000004f78e00000,0x0000004f78f00000)]
  0x000002381838a400 JavaThread "Unconstrained build operations Thread 68" [_thread_blocked, id=12580, stack(0x0000004f78f00000,0x0000004f79000000)]
  0x0000023818386440 JavaThread "Unconstrained build operations Thread 69" [_thread_blocked, id=4988, stack(0x0000004f79000000,0x0000004f79100000)]
  0x0000023818386ee0 JavaThread "Unconstrained build operations Thread 70" [_thread_blocked, id=13752, stack(0x0000004f79100000,0x0000004f79200000)]
  0x000002381838be90 JavaThread "Unconstrained build operations Thread 71" [_thread_blocked, id=3492, stack(0x0000004f79200000,0x0000004f79300000)]
  0x0000023818386990 JavaThread "Unconstrained build operations Thread 72" [_thread_blocked, id=13976, stack(0x0000004f79300000,0x0000004f79400000)]
  0x000002381838b940 JavaThread "Unconstrained build operations Thread 73" [_thread_blocked, id=5168, stack(0x0000004f79400000,0x0000004f79500000)]
  0x000002381838a950 JavaThread "Unconstrained build operations Thread 74" [_thread_blocked, id=11608, stack(0x0000004f79500000,0x0000004f79600000)]
  0x000002381838c3e0 JavaThread "Unconstrained build operations Thread 75" [_thread_blocked, id=2420, stack(0x0000004f79600000,0x0000004f79700000)]
  0x0000023818385450 JavaThread "Unconstrained build operations Thread 76" [_thread_blocked, id=9720, stack(0x0000004f79700000,0x0000004f79800000)]
  0x000002381838aea0 JavaThread "Unconstrained build operations Thread 77" [_thread_blocked, id=3228, stack(0x0000004f79800000,0x0000004f79900000)]
  0x000002381838ce80 JavaThread "Unconstrained build operations Thread 78" [_thread_blocked, id=13516, stack(0x0000004f79900000,0x0000004f79a00000)]
  0x00000238183859a0 JavaThread "Unconstrained build operations Thread 79" [_thread_blocked, id=13920, stack(0x0000004f79a00000,0x0000004f79b00000)]
  0x0000023818387980 JavaThread "Unconstrained build operations Thread 80" [_thread_blocked, id=7016, stack(0x0000004f79b00000,0x0000004f79c00000)]
  0x0000023818387ed0 JavaThread "jar transforms Thread 4" [_thread_blocked, id=3176, stack(0x0000004f79c00000,0x0000004f79d00000)]
  0x0000023818388420 JavaThread "jar transforms Thread 5" [_thread_blocked, id=2608, stack(0x0000004f79d00000,0x0000004f79e00000)]
  0x0000023818389410 JavaThread "jar transforms Thread 6" [_thread_blocked, id=2024, stack(0x0000004f79e00000,0x0000004f79f00000)]
  0x0000023818389960 JavaThread "jar transforms Thread 7" [_thread_blocked, id=1496, stack(0x0000004f79f00000,0x0000004f7a000000)]
  0x0000023814b744f0 JavaThread "jar transforms Thread 8" [_thread_blocked, id=7584, stack(0x0000004f7a000000,0x0000004f7a100000)]
  0x0000023814b794a0 JavaThread "Memory manager" [_thread_blocked, id=7828, stack(0x0000004f7a100000,0x0000004f7a200000)]
  0x0000023814b72fb0 JavaThread "build event listener" [_thread_blocked, id=10184, stack(0x0000004f7a900000,0x0000004f7aa00000)]
  0x0000023814b799f0 JavaThread "pool-3-thread-1" [_thread_blocked, id=1256, stack(0x0000004f7aa00000,0x0000004f7ab00000)]
  0x0000023814b754e0 JavaThread "build event listener" [_thread_blocked, id=3684, stack(0x0000004f7ab00000,0x0000004f7ac00000)]
  0x0000023814b71fc0 JavaThread "Execution worker for ':'" [_thread_blocked, id=7488, stack(0x0000004f7ac00000,0x0000004f7ad00000)]
  0x0000023814b72510 JavaThread "Execution worker for ':' Thread 2" [_thread_blocked, id=11848, stack(0x0000004f7ad00000,0x0000004f7ae00000)]
  0x0000023814b76a20 JavaThread "Execution worker for ':' Thread 3" [_thread_blocked, id=11000, stack(0x0000004f7ae00000,0x0000004f7af00000)]
  0x0000023814b78a00 JavaThread "Execution worker for ':' Thread 4" [_thread_blocked, id=11676, stack(0x0000004f7af00000,0x0000004f7b000000)]
  0x0000023814b784b0 JavaThread "Execution worker for ':' Thread 5" [_thread_blocked, id=3988, stack(0x0000004f7b000000,0x0000004f7b100000)]
  0x0000023814b76f70 JavaThread "Execution worker for ':' Thread 6" [_thread_blocked, id=5988, stack(0x0000004f7b100000,0x0000004f7b200000)]
  0x0000023814b774c0 JavaThread "Execution worker for ':' Thread 7" [_thread_blocked, id=3520, stack(0x0000004f7b200000,0x0000004f7b300000)]
  0x0000023814b75a30 JavaThread "Cache worker for execution history cache (C:\Users\ITECH\AndroidStudioProjects\yummy\.gradle\7.3.3\executionHistory)" [_thread_blocked, id=10480, stack(0x0000004f7b300000,0x0000004f7b400000)]
  0x0000023814b77a10 JavaThread "WorkerExecutor Queue" [_thread_blocked, id=9168, stack(0x0000004f7b400000,0x0000004f7b500000)]
  0x000002381841e750 JavaThread "pool-4-thread-1" [_thread_blocked, id=10364, stack(0x0000004f7b500000,0x0000004f7b600000)]
  0x0000023818424c40 JavaThread "stderr" [_thread_in_native, id=14228, stack(0x0000004f7b600000,0x0000004f7b700000)]
  0x00000238184201e0 JavaThread "stdout" [_thread_in_native, id=5140, stack(0x0000004f7b700000,0x0000004f7b800000)]
=>0x0000023812fc3020 JavaThread "C2 CompilerThread1" daemon [_thread_in_native, id=1420, stack(0x0000004f72800000,0x0000004f72900000)]
  0x000002381d4cf270 JavaThread "C2 CompilerThread2" daemon [_thread_in_native, id=13964, stack(0x0000004f72d00000,0x0000004f72e00000)]
  0x000002381841fc90 JavaThread "Cache worker for Java compile cache (C:\Users\ITECH\.gradle\caches\7.3.3\javaCompile)" [_thread_blocked, id=13040, stack(0x0000004f7b800000,0x0000004f7b900000)]
  0x000002381841e200 JavaThread "Build operations" [_thread_blocked, id=4224, stack(0x0000004f7b900000,0x0000004f7ba00000)]
  0x0000023818422710 JavaThread "Build operations Thread 2" [_thread_blocked, id=6204, stack(0x0000004f7ba00000,0x0000004f7bb00000)]
  0x000002381841d760 JavaThread "Build operations Thread 3" [_thread_blocked, id=1620, stack(0x0000004f7bb00000,0x0000004f7bc00000)]
  0x0000023818425190 JavaThread "Build operations Thread 4" [_thread_blocked, id=11616, stack(0x0000004f7bc00000,0x0000004f7bd00000)]
  0x00000238184246f0 JavaThread "Build operations Thread 5" [_thread_blocked, id=9024, stack(0x0000004f7bd00000,0x0000004f7be00000)]
  0x000002381841f1f0 JavaThread "Build operations Thread 6" [_thread_blocked, id=11940, stack(0x0000004f7be00000,0x0000004f7bf00000)]
  0x0000023818420730 JavaThread "Build operations Thread 7" [_thread_blocked, id=13556, stack(0x0000004f7bf00000,0x0000004f7c000000)]
  0x0000023818420c80 JavaThread "Build operations Thread 8" [_thread_blocked, id=5668, stack(0x0000004f7c000000,0x0000004f7c100000)]
  0x00000238184231b0 JavaThread "WorkerExecutor Queue Thread 2" [_thread_blocked, id=3612, stack(0x0000004f7c100000,0x0000004f7c200000)]
  0x00000238184241a0 JavaThread "WorkerExecutor Queue Thread 3" [_thread_blocked, id=14236, stack(0x0000004f7c200000,0x0000004f7c300000)]
  0x000002381841dcb0 JavaThread "WorkerExecutor Queue Thread 4" [_thread_blocked, id=3316, stack(0x0000004f7c300000,0x0000004f7c400000)]
  0x0000023818421c70 JavaThread "WorkerExecutor Queue Thread 5" [_thread_blocked, id=12340, stack(0x0000004f7c400000,0x0000004f7c500000)]
  0x0000023814b78f50 JavaThread "WorkerExecutor Queue Thread 6" [_thread_blocked, id=7744, stack(0x0000004f7c500000,0x0000004f7c600000)]
  0x000002381ef2b570 JavaThread "WorkerExecutor Queue Thread 7" [_thread_blocked, id=9784, stack(0x0000004f7c600000,0x0000004f7c700000)]
  0x000002381ef2b020 JavaThread "WorkerExecutor Queue Thread 8" [_thread_blocked, id=13412, stack(0x0000004f7c700000,0x0000004f7c800000)]
  0x000002381ef2ea90 JavaThread "WorkerExecutor Queue Thread 9" [_thread_blocked, id=6472, stack(0x0000004f7c800000,0x0000004f7c900000)]
  0x000002381ef2cab0 JavaThread "ForkJoinPool-1-worker-3" daemon [_thread_in_Java, id=9004, stack(0x0000004f7c900000,0x0000004f7ca00000)]
  0x000002381ef29040 JavaThread "ForkJoinPool-1-worker-5" daemon [_thread_blocked, id=14216, stack(0x0000004f7ca00000,0x0000004f7cb00000)]
  0x000002381ef2d000 JavaThread "ForkJoinPool-1-worker-7" daemon [_thread_blocked, id=7808, stack(0x0000004f7cb00000,0x0000004f7cc00000)]
  0x000002381ef2bac0 JavaThread "ForkJoinPool-1-worker-9" daemon [_thread_blocked, id=9940, stack(0x0000004f7cc00000,0x0000004f7cd00000)]
  0x000002381ef27060 JavaThread "ForkJoinPool-1-worker-11" daemon [_thread_blocked, id=10812, stack(0x0000004f7cd00000,0x0000004f7ce00000)]
  0x000002381ef2daa0 JavaThread "ForkJoinPool-1-worker-13" daemon [_thread_blocked, id=11788, stack(0x0000004f7ce00000,0x0000004f7cf00000)]
  0x000002381ef2d550 JavaThread "ForkJoinPool-1-worker-15" daemon [_thread_blocked, id=6184, stack(0x0000004f7cf00000,0x0000004f7d000000)]
  0x000002381ef28af0 JavaThread "ForkJoinPool-1-worker-1" daemon [_thread_blocked, id=3792, stack(0x0000004f7d000000,0x0000004f7d100000)]

Other Threads:
  0x000002381136f330 VMThread "VM Thread" [stack: 0x0000004f71b00000,0x0000004f71c00000] [id=1164]
  0x00000238120b4cf0 WatcherThread [stack: 0x0000004f72700000,0x0000004f72800000] [id=12272]
  0x00000238732daff0 GCTaskThread "GC Thread#0" [stack: 0x0000004f71600000,0x0000004f71700000] [id=11188]
  0x0000023812e69010 GCTaskThread "GC Thread#1" [stack: 0x0000004f72900000,0x0000004f72a00000] [id=10044]
  0x0000023812e69320 GCTaskThread "GC Thread#2" [stack: 0x0000004f72a00000,0x0000004f72b00000] [id=11552]
  0x00000238134da110 GCTaskThread "GC Thread#3" [stack: 0x0000004f72b00000,0x0000004f72c00000] [id=2840]
  0x00000238134db680 GCTaskThread "GC Thread#4" [stack: 0x0000004f72c00000,0x0000004f72d00000] [id=2996]
  0x00000238134db060 GCTaskThread "GC Thread#5" [stack: 0x0000004f73b00000,0x0000004f73c00000] [id=7764]
  0x00000238134dad50 GCTaskThread "GC Thread#6" [stack: 0x0000004f73c00000,0x0000004f73d00000] [id=1600]
  0x0000023815a909d0 GCTaskThread "GC Thread#7" [stack: 0x0000004f73d00000,0x0000004f73e00000] [id=11984]
  0x00000238732ed050 ConcurrentGCThread "G1 Main Marker" [stack: 0x0000004f71700000,0x0000004f71800000] [id=1332]
  0x00000238732ef200 ConcurrentGCThread "G1 Conc#0" [stack: 0x0000004f71800000,0x0000004f71900000] [id=4852]
  0x0000023815a90ce0 ConcurrentGCThread "G1 Conc#1" [stack: 0x0000004f74400000,0x0000004f74500000] [id=11192]
  0x0000023873379a40 ConcurrentGCThread "G1 Refine#0" [stack: 0x0000004f71900000,0x0000004f71a00000] [id=1228]
  0x0000023816eb3b50 ConcurrentGCThread "G1 Refine#1" [stack: 0x0000004f7a200000,0x0000004f7a300000] [id=13064]
  0x0000023816eb27d0 ConcurrentGCThread "G1 Refine#2" [stack: 0x0000004f7a300000,0x0000004f7a400000] [id=10536]
  0x0000023816eb2490 ConcurrentGCThread "G1 Refine#3" [stack: 0x0000004f7a400000,0x0000004f7a500000] [id=13212]
  0x0000023816eb4510 ConcurrentGCThread "G1 Refine#4" [stack: 0x0000004f7a500000,0x0000004f7a600000] [id=9620]
  0x0000023816eb1e10 ConcurrentGCThread "G1 Refine#5" [stack: 0x0000004f7a600000,0x0000004f7a700000] [id=8004]
  0x0000023816eb2150 ConcurrentGCThread "G1 Refine#6" [stack: 0x0000004f7a700000,0x0000004f7a800000] [id=9828]
  0x0000023816eb2b10 ConcurrentGCThread "G1 Refine#7" [stack: 0x0000004f7a800000,0x0000004f7a900000] [id=10660]
  0x000002387337a450 ConcurrentGCThread "G1 Service" [stack: 0x0000004f71a00000,0x0000004f71b00000] [id=8872]

Threads with active compile tasks:
C2 CompilerThread0    16958 15739       4       com.android.tools.r8.graph.S0::<init> (62 bytes)
C1 CompilerThread0    16958 15879       2       com.android.tools.r8.dex.j::e (664 bytes)
C2 CompilerThread1    16958 15696 %     4       com.android.tools.r8.dex.j::m @ 64 (2094 bytes)
C2 CompilerThread2    16958 15738       4       com.android.tools.r8.graph.w0::a (31 bytes)

VM state: not at safepoint (normal execution)

VM Mutex/Monitor currently owned by a thread: None

Heap address: 0x0000000080000000, size: 2048 MB, Compressed Oops mode: 32-bit

CDS archive(s) mapped at: [0x0000000800000000-0x0000000800bb0000-0x0000000800bb0000), size 12255232, SharedBaseAddress: 0x0000000800000000, ArchiveRelocationMode: 0.
Compressed class space mapped at: 0x0000000800c00000-0x0000000840c00000, reserved size: 1073741824
Narrow klass base: 0x0000000800000000, Narrow klass shift: 3, Narrow klass range: 0x100000000

GC Precious Log:
 CPUs: 8 total, 8 available
 Memory: 7959M
 Large Page Support: Disabled
 NUMA Support: Disabled
 Compressed Oops: Enabled (32-bit)
 Heap Region Size: 1M
 Heap Min Capacity: 8M
 Heap Initial Capacity: 126M
 Heap Max Capacity: 2G
 Pre-touch: Disabled
 Parallel Workers: 8
 Concurrent Workers: 2
 Concurrent Refinement Workers: 8
 Periodic GC: Disabled

Heap:
 garbage-first heap   total 204800K, used 185478K [0x0000000080000000, 0x0000000100000000)
  region size 1024K, 51 young (52224K), 3 survivors (3072K)
 Metaspace       used 106086K, committed 106752K, reserved 1146880K
  class space    used 14647K, committed 14976K, reserved 1048576K

Heap Regions: E=young(eden), S=young(survivor), O=old, HS=humongous(starts), HC=humongous(continues), CS=collection set, F=free, OA=open archive, CA=closed archive, TAMS=top-at-mark-start (previous, next)
|   0|0x0000000080000000, 0x0000000080100000, 0x0000000080100000|100%| O|  |TAMS 0x0000000080100000, 0x0000000080000000| Untracked 
|   1|0x0000000080100000, 0x0000000080200000, 0x0000000080200000|100%| O|  |TAMS 0x0000000080200000, 0x0000000080100000| Complete 
|   2|0x0000000080200000, 0x0000000080300000, 0x0000000080300000|100%| O|  |TAMS 0x0000000080300000, 0x0000000080200000| Untracked 
|   3|0x0000000080300000, 0x0000000080400000, 0x0000000080400000|100%|HS|  |TAMS 0x0000000080400000, 0x0000000080300000| Complete 
|   4|0x0000000080400000, 0x0000000080500000, 0x0000000080500000|100%|HC|  |TAMS 0x0000000080500000, 0x0000000080400000| Complete 
|   5|0x0000000080500000, 0x0000000080600000, 0x0000000080600000|100%|HC|  |TAMS 0x0000000080600000, 0x0000000080500000| Complete 
|   6|0x0000000080600000, 0x0000000080700000, 0x0000000080700000|100%| O|  |TAMS 0x0000000080700000, 0x0000000080600000| Untracked 
|   7|0x0000000080700000, 0x0000000080800000, 0x0000000080800000|100%| O|  |TAMS 0x0000000080800000, 0x0000000080700000| Untracked 
|   8|0x0000000080800000, 0x0000000080900000, 0x0000000080900000|100%| O|  |TAMS 0x0000000080900000, 0x0000000080800000| Untracked 
|   9|0x0000000080900000, 0x0000000080a00000, 0x0000000080a00000|100%| O|  |TAMS 0x0000000080a00000, 0x0000000080900000| Complete 
|  10|0x0000000080a00000, 0x0000000080b00000, 0x0000000080b00000|100%| O|  |TAMS 0x0000000080b00000, 0x0000000080a00000| Untracked 
|  11|0x0000000080b00000, 0x0000000080c00000, 0x0000000080c00000|100%| O|  |TAMS 0x0000000080c00000, 0x0000000080b00000| Complete 
|  12|0x0000000080c00000, 0x0000000080d00000, 0x0000000080d00000|100%| O|  |TAMS 0x0000000080d00000, 0x0000000080c00000| Untracked 
|  13|0x0000000080d00000, 0x0000000080e00000, 0x0000000080e00000|100%| O|  |TAMS 0x0000000080e00000, 0x0000000080d00000| Untracked 
|  14|0x0000000080e00000, 0x0000000080f00000, 0x0000000080f00000|100%| O|  |TAMS 0x0000000080f00000, 0x0000000080e00000| Untracked 
|  15|0x0000000080f00000, 0x0000000081000000, 0x0000000081000000|100%| O|  |TAMS 0x0000000081000000, 0x0000000080f00000| Untracked 
|  16|0x0000000081000000, 0x0000000081100000, 0x0000000081100000|100%| O|  |TAMS 0x0000000081100000, 0x0000000081000000| Untracked 
|  17|0x0000000081100000, 0x0000000081200000, 0x0000000081200000|100%| O|  |TAMS 0x0000000081200000, 0x0000000081100000| Untracked 
|  18|0x0000000081200000, 0x0000000081300000, 0x0000000081300000|100%| O|  |TAMS 0x0000000081300000, 0x0000000081200000| Untracked 
|  19|0x0000000081300000, 0x0000000081400000, 0x0000000081400000|100%| O|  |TAMS 0x0000000081400000, 0x0000000081300000| Untracked 
|  20|0x0000000081400000, 0x0000000081500000, 0x0000000081500000|100%|HS|  |TAMS 0x0000000081500000, 0x0000000081400000| Complete 
|  21|0x0000000081500000, 0x0000000081600000, 0x0000000081600000|100%| O|  |TAMS 0x0000000081600000, 0x0000000081500000| Untracked 
|  22|0x0000000081600000, 0x0000000081700000, 0x0000000081700000|100%| O|  |TAMS 0x0000000081700000, 0x0000000081600000| Complete 
|  23|0x0000000081700000, 0x0000000081800000, 0x0000000081800000|100%| O|  |TAMS 0x0000000081800000, 0x0000000081700000| Untracked 
|  24|0x0000000081800000, 0x0000000081900000, 0x0000000081900000|100%| O|  |TAMS 0x0000000081900000, 0x0000000081800000| Untracked 
|  25|0x0000000081900000, 0x0000000081a00000, 0x0000000081a00000|100%|HS|  |TAMS 0x0000000081a00000, 0x0000000081900000| Complete 
|  26|0x0000000081a00000, 0x0000000081b00000, 0x0000000081b00000|100%|HS|  |TAMS 0x0000000081b00000, 0x0000000081a00000| Complete 
|  27|0x0000000081b00000, 0x0000000081c00000, 0x0000000081c00000|100%|HC|  |TAMS 0x0000000081c00000, 0x0000000081b00000| Complete 
|  28|0x0000000081c00000, 0x0000000081d00000, 0x0000000081d00000|100%| O|  |TAMS 0x0000000081d00000, 0x0000000081c00000| Untracked 
|  29|0x0000000081d00000, 0x0000000081e00000, 0x0000000081e00000|100%| O|  |TAMS 0x0000000081e00000, 0x0000000081d00000| Untracked 
|  30|0x0000000081e00000, 0x0000000081f00000, 0x0000000081f00000|100%| O|  |TAMS 0x0000000081f00000, 0x0000000081e00000| Untracked 
|  31|0x0000000081f00000, 0x0000000082000000, 0x0000000082000000|100%| O|  |TAMS 0x0000000082000000, 0x0000000081f00000| Untracked 
|  32|0x0000000082000000, 0x0000000082100000, 0x0000000082100000|100%| O|  |TAMS 0x0000000082100000, 0x0000000082000000| Untracked 
|  33|0x0000000082100000, 0x0000000082200000, 0x0000000082200000|100%| O|  |TAMS 0x0000000082200000, 0x0000000082100000| Untracked 
|  34|0x0000000082200000, 0x0000000082300000, 0x0000000082300000|100%| O|  |TAMS 0x0000000082300000, 0x0000000082200000| Complete 
|  35|0x0000000082300000, 0x0000000082400000, 0x0000000082400000|100%| O|  |TAMS 0x0000000082400000, 0x0000000082300000| Untracked 
|  36|0x0000000082400000, 0x0000000082500000, 0x0000000082500000|100%| O|  |TAMS 0x0000000082500000, 0x0000000082400000| Untracked 
|  37|0x0000000082500000, 0x0000000082600000, 0x0000000082600000|100%| O|  |TAMS 0x0000000082600000, 0x0000000082500000| Untracked 
|  38|0x0000000082600000, 0x0000000082700000, 0x0000000082700000|100%| O|  |TAMS 0x0000000082700000, 0x0000000082600000| Untracked 
|  39|0x0000000082700000, 0x0000000082800000, 0x0000000082800000|100%| O|  |TAMS 0x0000000082800000, 0x0000000082700000| Untracked 
|  40|0x0000000082800000, 0x0000000082900000, 0x0000000082900000|100%| O|  |TAMS 0x0000000082900000, 0x0000000082800000| Complete 
|  41|0x0000000082900000, 0x0000000082a00000, 0x0000000082a00000|100%| O|  |TAMS 0x0000000082a00000, 0x0000000082900000| Untracked 
|  42|0x0000000082a00000, 0x0000000082b00000, 0x0000000082b00000|100%| O|  |TAMS 0x0000000082b00000, 0x0000000082a00000| Complete 
|  43|0x0000000082b00000, 0x0000000082c00000, 0x0000000082c00000|100%| O|  |TAMS 0x0000000082c00000, 0x0000000082b00000| Untracked 
|  44|0x0000000082c00000, 0x0000000082d00000, 0x0000000082d00000|100%| O|  |TAMS 0x0000000082d00000, 0x0000000082c00000| Untracked 
|  45|0x0000000082d00000, 0x0000000082e00000, 0x0000000082e00000|100%| O|  |TAMS 0x0000000082e00000, 0x0000000082d00000| Untracked 
|  46|0x0000000082e00000, 0x0000000082f00000, 0x0000000082f00000|100%| O|  |TAMS 0x0000000082f00000, 0x0000000082e00000| Untracked 
|  47|0x0000000082f00000, 0x0000000083000000, 0x0000000083000000|100%| O|  |TAMS 0x0000000083000000, 0x0000000082f00000| Untracked 
|  48|0x0000000083000000, 0x0000000083100000, 0x0000000083100000|100%| O|  |TAMS 0x0000000083100000, 0x0000000083000000| Complete 
|  49|0x0000000083100000, 0x0000000083200000, 0x0000000083200000|100%| O|  |TAMS 0x0000000083200000, 0x0000000083100000| Untracked 
|  50|0x0000000083200000, 0x0000000083300000, 0x0000000083300000|100%| O|  |TAMS 0x0000000083300000, 0x0000000083200000| Untracked 
|  51|0x0000000083300000, 0x0000000083400000, 0x0000000083400000|100%| O|  |TAMS 0x0000000083400000, 0x0000000083300000| Complete 
|  52|0x0000000083400000, 0x0000000083500000, 0x0000000083500000|100%| O|  |TAMS 0x0000000083500000, 0x0000000083400000| Untracked 
|  53|0x0000000083500000, 0x0000000083600000, 0x0000000083600000|100%| O|  |TAMS 0x0000000083600000, 0x0000000083500000| Untracked 
|  54|0x0000000083600000, 0x0000000083700000, 0x0000000083700000|100%| O|  |TAMS 0x0000000083700000, 0x0000000083600000| Untracked 
|  55|0x0000000083700000, 0x0000000083800000, 0x0000000083800000|100%| O|  |TAMS 0x0000000083800000, 0x0000000083700000| Complete 
|  56|0x0000000083800000, 0x0000000083900000, 0x0000000083900000|100%| O|  |TAMS 0x0000000083900000, 0x0000000083800000| Complete 
|  57|0x0000000083900000, 0x0000000083a00000, 0x0000000083a00000|100%| O|  |TAMS 0x0000000083a00000, 0x0000000083900000| Untracked 
|  58|0x0000000083a00000, 0x0000000083b00000, 0x0000000083b00000|100%| O|  |TAMS 0x0000000083b00000, 0x0000000083a00000| Untracked 
|  59|0x0000000083b00000, 0x0000000083c00000, 0x0000000083c00000|100%| O|  |TAMS 0x0000000083c00000, 0x0000000083b00000| Untracked 
|  60|0x0000000083c00000, 0x0000000083d00000, 0x0000000083d00000|100%| O|  |TAMS 0x0000000083d00000, 0x0000000083c00000| Untracked 
|  61|0x0000000083d00000, 0x0000000083e00000, 0x0000000083e00000|100%| O|  |TAMS 0x0000000083e00000, 0x0000000083d00000| Untracked 
|  62|0x0000000083e00000, 0x0000000083f00000, 0x0000000083f00000|100%| O|  |TAMS 0x0000000083f00000, 0x0000000083e00000| Untracked 
|  63|0x0000000083f00000, 0x0000000084000000, 0x0000000084000000|100%| O|  |TAMS 0x0000000084000000, 0x0000000083f00000| Untracked 
|  64|0x0000000084000000, 0x0000000084100000, 0x0000000084100000|100%| O|  |TAMS 0x0000000084100000, 0x0000000084000000| Untracked 
|  65|0x0000000084100000, 0x0000000084200000, 0x0000000084200000|100%| O|  |TAMS 0x0000000084200000, 0x0000000084100000| Untracked 
|  66|0x0000000084200000, 0x0000000084300000, 0x0000000084300000|100%| O|  |TAMS 0x0000000084300000, 0x0000000084200000| Complete 
|  67|0x0000000084300000, 0x0000000084400000, 0x0000000084400000|100%| O|  |TAMS 0x0000000084400000, 0x0000000084300000| Complete 
|  68|0x0000000084400000, 0x0000000084500000, 0x0000000084500000|100%| O|  |TAMS 0x0000000084500000, 0x0000000084400000| Untracked 
|  69|0x0000000084500000, 0x0000000084600000, 0x0000000084600000|100%| O|  |TAMS 0x0000000084600000, 0x0000000084500000| Untracked 
|  70|0x0000000084600000, 0x0000000084700000, 0x0000000084700000|100%| O|  |TAMS 0x0000000084700000, 0x0000000084600000| Untracked 
|  71|0x0000000084700000, 0x0000000084800000, 0x0000000084800000|100%| O|  |TAMS 0x0000000084800000, 0x0000000084700000| Untracked 
|  72|0x0000000084800000, 0x0000000084900000, 0x0000000084900000|100%| O|  |TAMS 0x0000000084900000, 0x0000000084800000| Untracked 
|  73|0x0000000084900000, 0x0000000084a00000, 0x0000000084a00000|100%| O|  |TAMS 0x0000000084a00000, 0x0000000084900000| Complete 
|  74|0x0000000084a00000, 0x0000000084b00000, 0x0000000084b00000|100%| O|  |TAMS 0x0000000084b00000, 0x0000000084a00000| Untracked 
|  75|0x0000000084b00000, 0x0000000084c00000, 0x0000000084c00000|100%| O|  |TAMS 0x0000000084c00000, 0x0000000084b00000| Untracked 
|  76|0x0000000084c00000, 0x0000000084d00000, 0x0000000084d00000|100%| O|  |TAMS 0x0000000084d00000, 0x0000000084c00000| Untracked 
|  77|0x0000000084d00000, 0x0000000084e00000, 0x0000000084e00000|100%| O|  |TAMS 0x0000000084e00000, 0x0000000084d00000| Untracked 
|  78|0x0000000084e00000, 0x0000000084f00000, 0x0000000084f00000|100%| O|  |TAMS 0x0000000084f00000, 0x0000000084e00000| Untracked 
|  79|0x0000000084f00000, 0x0000000085000000, 0x0000000085000000|100%| O|  |TAMS 0x0000000085000000, 0x0000000084f00000| Complete 
|  80|0x0000000085000000, 0x0000000085100000, 0x0000000085100000|100%| O|  |TAMS 0x0000000085100000, 0x0000000085000000| Complete 
|  81|0x0000000085100000, 0x0000000085200000, 0x0000000085200000|100%|HS|  |TAMS 0x0000000085200000, 0x0000000085100000| Complete 
|  82|0x0000000085200000, 0x0000000085300000, 0x0000000085300000|100%|HC|  |TAMS 0x0000000085300000, 0x0000000085200000| Complete 
|  83|0x0000000085300000, 0x0000000085400000, 0x0000000085400000|100%| O|  |TAMS 0x0000000085400000, 0x0000000085300000| Complete 
|  84|0x0000000085400000, 0x0000000085500000, 0x0000000085500000|100%| O|  |TAMS 0x0000000085500000, 0x0000000085400000| Complete 
|  85|0x0000000085500000, 0x0000000085600000, 0x0000000085600000|100%| O|  |TAMS 0x0000000085600000, 0x0000000085500000| Complete 
|  86|0x0000000085600000, 0x0000000085700000, 0x0000000085700000|100%| O|  |TAMS 0x0000000085700000, 0x0000000085600000| Complete 
|  87|0x0000000085700000, 0x0000000085800000, 0x0000000085800000|100%| O|  |TAMS 0x0000000085800000, 0x0000000085700000| Complete 
|  88|0x0000000085800000, 0x0000000085900000, 0x0000000085900000|100%| O|  |TAMS 0x0000000085900000, 0x0000000085800000| Complete 
|  89|0x0000000085900000, 0x0000000085a00000, 0x0000000085a00000|100%| O|  |TAMS 0x0000000085a00000, 0x0000000085900000| Complete 
|  90|0x0000000085a00000, 0x0000000085b00000, 0x0000000085b00000|100%| O|  |TAMS 0x0000000085b00000, 0x0000000085a00000| Complete 
|  91|0x0000000085b00000, 0x0000000085c00000, 0x0000000085c00000|100%| O|  |TAMS 0x0000000085c00000, 0x0000000085b00000| Complete 
|  92|0x0000000085c00000, 0x0000000085d00000, 0x0000000085d00000|100%| O|  |TAMS 0x0000000085d00000, 0x0000000085c00000| Complete 
|  93|0x0000000085d00000, 0x0000000085e00000, 0x0000000085e00000|100%| O|  |TAMS 0x0000000085e00000, 0x0000000085d00000| Complete 
|  94|0x0000000085e00000, 0x0000000085f00000, 0x0000000085f00000|100%| O|  |TAMS 0x0000000085f00000, 0x0000000085e00000| Complete 
|  95|0x0000000085f00000, 0x0000000086000000, 0x0000000086000000|100%| O|  |TAMS 0x0000000086000000, 0x0000000085f00000| Complete 
|  96|0x0000000086000000, 0x0000000086100000, 0x0000000086100000|100%| O|  |TAMS 0x0000000086100000, 0x0000000086000000| Complete 
|  97|0x0000000086100000, 0x0000000086200000, 0x0000000086200000|100%| O|  |TAMS 0x0000000086200000, 0x0000000086100000| Untracked 
|  98|0x0000000086200000, 0x0000000086300000, 0x0000000086300000|100%| O|  |TAMS 0x0000000086300000, 0x0000000086200000| Complete 
|  99|0x0000000086300000, 0x0000000086400000, 0x0000000086400000|100%| O|  |TAMS 0x0000000086400000, 0x0000000086300000| Untracked 
| 100|0x0000000086400000, 0x0000000086500000, 0x0000000086500000|100%| O|  |TAMS 0x0000000086500000, 0x0000000086400000| Complete 
| 101|0x0000000086500000, 0x0000000086600000, 0x0000000086600000|100%| O|  |TAMS 0x0000000086600000, 0x0000000086500000| Complete 
| 102|0x0000000086600000, 0x0000000086700000, 0x0000000086700000|100%| O|  |TAMS 0x0000000086700000, 0x0000000086600000| Untracked 
| 103|0x0000000086700000, 0x0000000086800000, 0x0000000086800000|100%| O|  |TAMS 0x0000000086800000, 0x0000000086700000| Untracked 
| 104|0x0000000086800000, 0x0000000086900000, 0x0000000086900000|100%| O|  |TAMS 0x0000000086900000, 0x0000000086800000| Untracked 
| 105|0x0000000086900000, 0x0000000086a00000, 0x0000000086a00000|100%| O|  |TAMS 0x0000000086a00000, 0x0000000086900000| Complete 
| 106|0x0000000086a00000, 0x0000000086b00000, 0x0000000086b00000|100%| O|  |TAMS 0x0000000086b00000, 0x0000000086a00000| Complete 
| 107|0x0000000086b00000, 0x0000000086c00000, 0x0000000086c00000|100%| O|  |TAMS 0x0000000086c00000, 0x0000000086b00000| Complete 
| 108|0x0000000086c00000, 0x0000000086cf1a00, 0x0000000086d00000| 94%| O|  |TAMS 0x0000000086cf1a00, 0x0000000086c00000| Untracked 
| 109|0x0000000086d00000, 0x0000000086e00000, 0x0000000086e00000|100%|HS|  |TAMS 0x0000000086d00000, 0x0000000086d00000| Complete 
| 110|0x0000000086e00000, 0x0000000086f00000, 0x0000000086f00000|100%|HS|  |TAMS 0x0000000086e00000, 0x0000000086e00000| Complete 
| 111|0x0000000086f00000, 0x0000000087000000, 0x0000000087000000|100%|HC|  |TAMS 0x0000000086f00000, 0x0000000086f00000| Complete 
| 112|0x0000000087000000, 0x0000000087100000, 0x0000000087100000|100%|HC|  |TAMS 0x0000000087000000, 0x0000000087000000| Complete 
| 113|0x0000000087100000, 0x0000000087200000, 0x0000000087200000|100%|HC|  |TAMS 0x0000000087100000, 0x0000000087100000| Complete 
| 114|0x0000000087200000, 0x0000000087300000, 0x0000000087300000|100%|HC|  |TAMS 0x0000000087200000, 0x0000000087200000| Complete 
| 115|0x0000000087300000, 0x0000000087400000, 0x0000000087400000|100%|HC|  |TAMS 0x0000000087300000, 0x0000000087300000| Complete 
| 116|0x0000000087400000, 0x0000000087500000, 0x0000000087500000|100%|HS|  |TAMS 0x0000000087400000, 0x0000000087400000| Complete 
| 117|0x0000000087500000, 0x0000000087600000, 0x0000000087600000|100%|HS|  |TAMS 0x0000000087500000, 0x0000000087500000| Complete 
| 118|0x0000000087600000, 0x0000000087700000, 0x0000000087700000|100%|HC|  |TAMS 0x0000000087600000, 0x0000000087600000| Complete 
| 119|0x0000000087700000, 0x0000000087800000, 0x0000000087800000|100%|HS|  |TAMS 0x0000000087700000, 0x0000000087700000| Complete 
| 120|0x0000000087800000, 0x0000000087900000, 0x0000000087900000|100%|HC|  |TAMS 0x0000000087800000, 0x0000000087800000| Complete 
| 121|0x0000000087900000, 0x0000000087a00000, 0x0000000087a00000|100%|HC|  |TAMS 0x0000000087900000, 0x0000000087900000| Complete 
| 122|0x0000000087a00000, 0x0000000087b00000, 0x0000000087b00000|100%|HS|  |TAMS 0x0000000087a00000, 0x0000000087a00000| Complete 
| 123|0x0000000087b00000, 0x0000000087c00000, 0x0000000087c00000|100%|HC|  |TAMS 0x0000000087b00000, 0x0000000087b00000| Complete 
| 124|0x0000000087c00000, 0x0000000087d00000, 0x0000000087d00000|100%|HC|  |TAMS 0x0000000087c00000, 0x0000000087c00000| Complete 
| 125|0x0000000087d00000, 0x0000000087e00000, 0x0000000087e00000|100%|HC|  |TAMS 0x0000000087d00000, 0x0000000087d00000| Complete 
| 126|0x0000000087e00000, 0x0000000087f00000, 0x0000000087f00000|100%|HC|  |TAMS 0x0000000087e00000, 0x0000000087e00000| Complete 
| 127|0x0000000087f00000, 0x0000000088000000, 0x0000000088000000|100%|HS|  |TAMS 0x0000000087f00000, 0x0000000087f00000| Complete 
| 128|0x0000000088000000, 0x0000000088100000, 0x0000000088100000|100%|HC|  |TAMS 0x0000000088000000, 0x0000000088000000| Complete 
| 129|0x0000000088100000, 0x0000000088200000, 0x0000000088200000|100%|HC|  |TAMS 0x0000000088100000, 0x0000000088100000| Complete 
| 130|0x0000000088200000, 0x0000000088300000, 0x0000000088300000|100%|HC|  |TAMS 0x0000000088200000, 0x0000000088200000| Complete 
| 131|0x0000000088300000, 0x0000000088400000, 0x0000000088400000|100%|HC|  |TAMS 0x0000000088300000, 0x0000000088300000| Complete 
| 132|0x0000000088400000, 0x0000000088500000, 0x0000000088500000|100%|HC|  |TAMS 0x0000000088400000, 0x0000000088400000| Complete 
| 133|0x0000000088500000, 0x0000000088500000, 0x0000000088600000|  0%| F|  |TAMS 0x0000000088500000, 0x0000000088500000| Untracked 
| 134|0x0000000088600000, 0x0000000088600000, 0x0000000088700000|  0%| F|  |TAMS 0x0000000088600000, 0x0000000088600000| Untracked 
| 135|0x0000000088700000, 0x0000000088700000, 0x0000000088800000|  0%| F|  |TAMS 0x0000000088700000, 0x0000000088700000| Untracked 
| 136|0x0000000088800000, 0x0000000088800000, 0x0000000088900000|  0%| F|  |TAMS 0x0000000088800000, 0x0000000088800000| Untracked 
| 137|0x0000000088900000, 0x0000000088900000, 0x0000000088a00000|  0%| F|  |TAMS 0x0000000088900000, 0x0000000088900000| Untracked 
| 138|0x0000000088a00000, 0x0000000088a00000, 0x0000000088b00000|  0%| F|  |TAMS 0x0000000088a00000, 0x0000000088a00000| Untracked 
| 139|0x0000000088b00000, 0x0000000088b00000, 0x0000000088c00000|  0%| F|  |TAMS 0x0000000088b00000, 0x0000000088b00000| Untracked 
| 140|0x0000000088c00000, 0x0000000088c00000, 0x0000000088d00000|  0%| F|  |TAMS 0x0000000088c00000, 0x0000000088c00000| Untracked 
| 141|0x0000000088d00000, 0x0000000088d00000, 0x0000000088e00000|  0%| F|  |TAMS 0x0000000088d00000, 0x0000000088d00000| Untracked 
| 142|0x0000000088e00000, 0x0000000088e00000, 0x0000000088f00000|  0%| F|  |TAMS 0x0000000088e00000, 0x0000000088e00000| Untracked 
| 143|0x0000000088f00000, 0x0000000088f00000, 0x0000000089000000|  0%| F|  |TAMS 0x0000000088f00000, 0x0000000088f00000| Untracked 
| 144|0x0000000089000000, 0x0000000089000000, 0x0000000089100000|  0%| F|  |TAMS 0x0000000089000000, 0x0000000089000000| Untracked 
| 145|0x0000000089100000, 0x0000000089100000, 0x0000000089200000|  0%| F|  |TAMS 0x0000000089100000, 0x0000000089100000| Untracked 
| 146|0x0000000089200000, 0x0000000089200000, 0x0000000089300000|  0%| F|  |TAMS 0x0000000089200000, 0x0000000089200000| Untracked 
| 147|0x0000000089300000, 0x0000000089300000, 0x0000000089400000|  0%| F|  |TAMS 0x0000000089300000, 0x0000000089300000| Untracked 
| 148|0x0000000089400000, 0x0000000089450268, 0x0000000089500000| 31%| E|  |TAMS 0x0000000089400000, 0x0000000089400000| Complete 
| 149|0x0000000089500000, 0x0000000089600000, 0x0000000089600000|100%| E|CS|TAMS 0x0000000089500000, 0x0000000089500000| Complete 
| 150|0x0000000089600000, 0x0000000089700000, 0x0000000089700000|100%| E|CS|TAMS 0x0000000089600000, 0x0000000089600000| Complete 
| 151|0x0000000089700000, 0x0000000089800000, 0x0000000089800000|100%| E|CS|TAMS 0x0000000089700000, 0x0000000089700000| Complete 
| 152|0x0000000089800000, 0x0000000089900000, 0x0000000089900000|100%| E|CS|TAMS 0x0000000089800000, 0x0000000089800000| Complete 
| 153|0x0000000089900000, 0x0000000089a00000, 0x0000000089a00000|100%| E|CS|TAMS 0x0000000089900000, 0x0000000089900000| Complete 
| 154|0x0000000089a00000, 0x0000000089b00000, 0x0000000089b00000|100%| E|CS|TAMS 0x0000000089a00000, 0x0000000089a00000| Complete 
| 155|0x0000000089b00000, 0x0000000089c00000, 0x0000000089c00000|100%| E|CS|TAMS 0x0000000089b00000, 0x0000000089b00000| Complete 
| 156|0x0000000089c00000, 0x0000000089d00000, 0x0000000089d00000|100%| E|CS|TAMS 0x0000000089c00000, 0x0000000089c00000| Complete 
| 157|0x0000000089d00000, 0x0000000089e00000, 0x0000000089e00000|100%| E|CS|TAMS 0x0000000089d00000, 0x0000000089d00000| Complete 
| 158|0x0000000089e00000, 0x0000000089f00000, 0x0000000089f00000|100%| E|CS|TAMS 0x0000000089e00000, 0x0000000089e00000| Complete 
| 159|0x0000000089f00000, 0x000000008a000000, 0x000000008a000000|100%| E|CS|TAMS 0x0000000089f00000, 0x0000000089f00000| Complete 
| 160|0x000000008a000000, 0x000000008a100000, 0x000000008a100000|100%| E|CS|TAMS 0x000000008a000000, 0x000000008a000000| Complete 
| 161|0x000000008a100000, 0x000000008a200000, 0x000000008a200000|100%| E|CS|TAMS 0x000000008a100000, 0x000000008a100000| Complete 
| 162|0x000000008a200000, 0x000000008a300000, 0x000000008a300000|100%| E|CS|TAMS 0x000000008a200000, 0x000000008a200000| Complete 
| 163|0x000000008a300000, 0x000000008a400000, 0x000000008a400000|100%| E|CS|TAMS 0x000000008a300000, 0x000000008a300000| Complete 
| 164|0x000000008a400000, 0x000000008a500000, 0x000000008a500000|100%| E|CS|TAMS 0x000000008a400000, 0x000000008a400000| Complete 
| 165|0x000000008a500000, 0x000000008a600000, 0x000000008a600000|100%| E|CS|TAMS 0x000000008a500000, 0x000000008a500000| Complete 
| 166|0x000000008a600000, 0x000000008a700000, 0x000000008a700000|100%| E|CS|TAMS 0x000000008a600000, 0x000000008a600000| Complete 
| 167|0x000000008a700000, 0x000000008a800000, 0x000000008a800000|100%| E|CS|TAMS 0x000000008a700000, 0x000000008a700000| Complete 
| 168|0x000000008a800000, 0x000000008a900000, 0x000000008a900000|100%| E|  |TAMS 0x000000008a800000, 0x000000008a800000| Complete 
| 169|0x000000008a900000, 0x000000008aa00000, 0x000000008aa00000|100%| E|CS|TAMS 0x000000008a900000, 0x000000008a900000| Complete 
| 170|0x000000008aa00000, 0x000000008ab00000, 0x000000008ab00000|100%| E|CS|TAMS 0x000000008aa00000, 0x000000008aa00000| Complete 
| 171|0x000000008ab00000, 0x000000008ac00000, 0x000000008ac00000|100%| E|CS|TAMS 0x000000008ab00000, 0x000000008ab00000| Complete 
| 172|0x000000008ac00000, 0x000000008ad00000, 0x000000008ad00000|100%| E|CS|TAMS 0x000000008ac00000, 0x000000008ac00000| Complete 
| 173|0x000000008ad00000, 0x000000008ae00000, 0x000000008ae00000|100%| E|CS|TAMS 0x000000008ad00000, 0x000000008ad00000| Complete 
| 174|0x000000008ae00000, 0x000000008af00000, 0x000000008af00000|100%| E|CS|TAMS 0x000000008ae00000, 0x000000008ae00000| Complete 
| 175|0x000000008af00000, 0x000000008b000000, 0x000000008b000000|100%| E|CS|TAMS 0x000000008af00000, 0x000000008af00000| Complete 
| 176|0x000000008b000000, 0x000000008b100000, 0x000000008b100000|100%| E|CS|TAMS 0x000000008b000000, 0x000000008b000000| Complete 
| 177|0x000000008b100000, 0x000000008b200000, 0x000000008b200000|100%| E|CS|TAMS 0x000000008b100000, 0x000000008b100000| Complete 
| 178|0x000000008b200000, 0x000000008b300000, 0x000000008b300000|100%| E|CS|TAMS 0x000000008b200000, 0x000000008b200000| Complete 
| 179|0x000000008b300000, 0x000000008b400000, 0x000000008b400000|100%| E|CS|TAMS 0x000000008b300000, 0x000000008b300000| Complete 
| 180|0x000000008b400000, 0x000000008b500000, 0x000000008b500000|100%| E|CS|TAMS 0x000000008b400000, 0x000000008b400000| Complete 
| 181|0x000000008b500000, 0x000000008b600000, 0x000000008b600000|100%| E|CS|TAMS 0x000000008b500000, 0x000000008b500000| Complete 
| 182|0x000000008b600000, 0x000000008b700000, 0x000000008b700000|100%| E|CS|TAMS 0x000000008b600000, 0x000000008b600000| Complete 
| 183|0x000000008b700000, 0x000000008b800000, 0x000000008b800000|100%| E|CS|TAMS 0x000000008b700000, 0x000000008b700000| Complete 
| 184|0x000000008b800000, 0x000000008b900000, 0x000000008b900000|100%| E|CS|TAMS 0x000000008b800000, 0x000000008b800000| Complete 
| 185|0x000000008b900000, 0x000000008ba00000, 0x000000008ba00000|100%| E|CS|TAMS 0x000000008b900000, 0x000000008b900000| Complete 
| 186|0x000000008ba00000, 0x000000008bb00000, 0x000000008bb00000|100%| E|CS|TAMS 0x000000008ba00000, 0x000000008ba00000| Complete 
| 187|0x000000008bb00000, 0x000000008bc00000, 0x000000008bc00000|100%| E|CS|TAMS 0x000000008bb00000, 0x000000008bb00000| Complete 
| 188|0x000000008bc00000, 0x000000008bd00000, 0x000000008bd00000|100%| E|CS|TAMS 0x000000008bc00000, 0x000000008bc00000| Complete 
| 189|0x000000008bd00000, 0x000000008be00000, 0x000000008be00000|100%| E|CS|TAMS 0x000000008bd00000, 0x000000008bd00000| Complete 
| 190|0x000000008be00000, 0x000000008bf00000, 0x000000008bf00000|100%| E|CS|TAMS 0x000000008be00000, 0x000000008be00000| Complete 
| 191|0x000000008bf00000, 0x000000008c000000, 0x000000008c000000|100%| E|CS|TAMS 0x000000008bf00000, 0x000000008bf00000| Complete 
| 192|0x000000008c000000, 0x000000008c100000, 0x000000008c100000|100%| E|CS|TAMS 0x000000008c000000, 0x000000008c000000| Complete 
| 193|0x000000008c100000, 0x000000008c130030, 0x000000008c200000| 18%| S|CS|TAMS 0x000000008c100000, 0x000000008c100000| Complete 
| 194|0x000000008c200000, 0x000000008c300000, 0x000000008c300000|100%| S|CS|TAMS 0x000000008c200000, 0x000000008c200000| Complete 
| 195|0x000000008c300000, 0x000000008c400000, 0x000000008c400000|100%| S|CS|TAMS 0x000000008c300000, 0x000000008c300000| Complete 
| 196|0x000000008c400000, 0x000000008c500000, 0x000000008c500000|100%| E|CS|TAMS 0x000000008c400000, 0x000000008c400000| Complete 
| 197|0x000000008c500000, 0x000000008c600000, 0x000000008c600000|100%| E|CS|TAMS 0x000000008c500000, 0x000000008c500000| Complete 
| 198|0x000000008c600000, 0x000000008c700000, 0x000000008c700000|100%| E|CS|TAMS 0x000000008c600000, 0x000000008c600000| Complete 
| 199|0x000000008c700000, 0x000000008c800000, 0x000000008c800000|100%| E|CS|TAMS 0x000000008c700000, 0x000000008c700000| Complete 

Card table byte_map: [0x000002387b150000,0x000002387b550000] _byte_map_base: 0x000002387ad50000

Marking Bits (Prev, Next): (CMBitMap*) 0x00000238732dc600, (CMBitMap*) 0x00000238732dc640
 Prev Bits: [0x000002387b950000, 0x000002387d950000)
 Next Bits: [0x000002387d950000, 0x000002387f950000)

Polling page: 0x0000023872a80000

Metaspace:

Usage:
  Non-class:     89.30 MB used.
      Class:     14.30 MB used.
       Both:    103.60 MB used.

Virtual space:
  Non-class space:       96.00 MB reserved,      89.62 MB ( 93%) committed,  12 nodes.
      Class space:        1.00 GB reserved,      14.62 MB (  1%) committed,  1 nodes.
              Both:        1.09 GB reserved,     104.25 MB (  9%) committed. 

Chunk freelists:
   Non-Class:  1.88 MB
       Class:  1.30 MB
        Both:  3.17 MB

MaxMetaspaceSize: 17179869184.00 GB
CompressedClassSpaceSize: 1.00 GB
 - commit_granule_bytes: 65536.
 - commit_granule_words: 8192.
 - virtual_space_node_default_size: 1048576.
 - enlarge_chunks_in_place: 1.
 - new_chunks_are_fully_committed: 0.
 - uncommit_free_chunks: 1.
 - use_allocation_guard: 0.
 - handle_deallocations: 1.


Internal statistics:

num_allocs_failed_limit: 6.
num_arena_births: 928.
num_arena_deaths: 52.
num_vsnodes_births: 13.
num_vsnodes_deaths: 0.
num_space_committed: 1668.
num_space_uncommitted: 0.
num_chunks_returned_to_freelist: 83.
num_chunks_taken_from_freelist: 5138.
num_chunk_merges: 39.
num_chunk_splits: 3538.
num_chunks_enlarged: 2513.
num_purges: 4.

CodeHeap 'non-profiled nmethods': size=120000Kb used=8001Kb max_used=8001Kb free=111998Kb
 bounds [0x0000023807ad0000, 0x00000238082b0000, 0x000002380f000000]
CodeHeap 'profiled nmethods': size=120000Kb used=25628Kb max_used=25628Kb free=94371Kb
 bounds [0x00000238005a0000, 0x0000023801eb0000, 0x0000023807ad0000]
CodeHeap 'non-nmethods': size=5760Kb used=2466Kb max_used=2557Kb free=3293Kb
 bounds [0x0000023800000000, 0x0000023800290000, 0x00000238005a0000]
 total_blobs=14410 nmethods=13424 adapters=897
 compilation: enabled
              stopped_count=0, restarted_count=0
 full_count=0

Compilation events (20 events):
Event: 16.917 Thread 0x000002381138a8c0 nmethod 15810 0x0000023801e73290 code [0x0000023801e73440, 0x0000023801e73588]
Event: 16.917 Thread 0x000002381138a8c0 15816       2       com.android.tools.r8.code.G::<init> (6 bytes)
Event: 16.917 Thread 0x000002381138a8c0 nmethod 15816 0x0000023801e73690 code [0x0000023801e73820, 0x0000023801e73978]
Event: 16.917 Thread 0x000002381138a8c0 15814       2       com.android.tools.r8.graph.D1$b::g (4 bytes)
Event: 16.917 Thread 0x000002381138a8c0 nmethod 15814 0x0000023801e73a90 code [0x0000023801e73c20, 0x0000023801e73d18]
Event: 16.917 Thread 0x000002381138a8c0 15806       2       com.android.tools.r8.graph.O::d0 (86 bytes)
Event: 16.918 Thread 0x000002381138a8c0 nmethod 15806 0x0000023801e73d90 code [0x0000023801e73f60, 0x0000023801e74178]
Event: 16.918 Thread 0x000002381138a8c0 15766       2       com.android.tools.r8.internal.z::get (36 bytes)
Event: 16.918 Thread 0x000002381138a8c0 nmethod 15766 0x0000023801e74290 code [0x0000023801e74460, 0x0000023801e74698]
Event: 16.918 Thread 0x000002381138a8c0 15817       2       com.android.tools.r8.code.H::<init> (6 bytes)
Event: 16.918 Thread 0x000002381138a8c0 nmethod 15817 0x0000023801e74790 code [0x0000023801e74920, 0x0000023801e74a78]
Event: 16.918 Thread 0x000002381138a8c0 15818       2       com.android.tools.r8.code.F::<init> (6 bytes)
Event: 16.918 Thread 0x000002381138a8c0 nmethod 15818 0x0000023801e74b90 code [0x0000023801e74d20, 0x0000023801e74e78]
Event: 16.918 Thread 0x000002381138a8c0 15815       2       com.android.tools.r8.internal.ec::a (47 bytes)
Event: 16.918 Thread 0x000002381138a8c0 nmethod 15815 0x0000023801e74f90 code [0x0000023801e75160, 0x0000023801e75368]
Event: 16.918 Thread 0x000002381138a8c0 15820       2       com.android.tools.r8.dex.j::a (273 bytes)
Event: 16.920 Thread 0x000002381138a8c0 nmethod 15820 0x0000023801e75510 code [0x0000023801e757a0, 0x0000023801e76428]
Event: 16.920 Thread 0x000002381138a8c0 15825 %     3       com.android.tools.r8.internal.Zg::c @ 29 (70 bytes)
Event: 16.920 Thread 0x000002381138a8c0 nmethod 15825% 0x0000023801e76b90 code [0x0000023801e76d80, 0x0000023801e77378]
Event: 16.921 Thread 0x000002381138a8c0 15826 % !   3       com.android.tools.r8.graph.d1::h0 @ 71 (125 bytes)

GC Heap History (20 events):
Event: 9.099 GC heap before
{Heap before GC invocations=23 (full 0):
 garbage-first heap   total 192512K, used 148815K [0x0000000080000000, 0x0000000100000000)
  region size 1024K, 96 young (98304K), 9 survivors (9216K)
 Metaspace       used 73529K, committed 74112K, reserved 1114112K
  class space    used 9958K, committed 10240K, reserved 1048576K
}
Event: 9.109 GC heap after
{Heap after GC invocations=24 (full 0):
 garbage-first heap   total 192512K, used 68969K [0x0000000080000000, 0x0000000100000000)
  region size 1024K, 9 young (9216K), 9 survivors (9216K)
 Metaspace       used 73529K, committed 74112K, reserved 1114112K
  class space    used 9958K, committed 10240K, reserved 1048576K
}
Event: 9.876 GC heap before
{Heap before GC invocations=24 (full 0):
 garbage-first heap   total 192512K, used 149865K [0x0000000080000000, 0x0000000100000000)
  region size 1024K, 89 young (91136K), 9 survivors (9216K)
 Metaspace       used 75070K, committed 75584K, reserved 1114112K
  class space    used 10119K, committed 10368K, reserved 1048576K
}
Event: 9.886 GC heap after
{Heap after GC invocations=25 (full 0):
 garbage-first heap   total 192512K, used 76001K [0x0000000080000000, 0x0000000100000000)
  region size 1024K, 7 young (7168K), 7 survivors (7168K)
 Metaspace       used 75070K, committed 75584K, reserved 1114112K
  class space    used 10119K, committed 10368K, reserved 1048576K
}
Event: 10.750 GC heap before
{Heap before GC invocations=25 (full 0):
 garbage-first heap   total 192512K, used 151777K [0x0000000080000000, 0x0000000100000000)
  region size 1024K, 82 young (83968K), 7 survivors (7168K)
 Metaspace       used 79068K, committed 79616K, reserved 1122304K
  class space    used 10620K, committed 10880K, reserved 1048576K
}
Event: 10.758 GC heap after
{Heap after GC invocations=26 (full 0):
 garbage-first heap   total 192512K, used 81662K [0x0000000080000000, 0x0000000100000000)
  region size 1024K, 6 young (6144K), 6 survivors (6144K)
 Metaspace       used 79068K, committed 79616K, reserved 1122304K
  class space    used 10620K, committed 10880K, reserved 1048576K
}
Event: 12.781 GC heap before
{Heap before GC invocations=26 (full 0):
 garbage-first heap   total 192512K, used 154366K [0x0000000080000000, 0x0000000100000000)
  region size 1024K, 78 young (79872K), 6 survivors (6144K)
 Metaspace       used 81379K, committed 81984K, reserved 1122304K
  class space    used 10913K, committed 11200K, reserved 1048576K
}
Event: 12.788 GC heap after
{Heap after GC invocations=27 (full 0):
 garbage-first heap   total 192512K, used 86736K [0x0000000080000000, 0x0000000100000000)
  region size 1024K, 5 young (5120K), 5 survivors (5120K)
 Metaspace       used 81379K, committed 81984K, reserved 1122304K
  class space    used 10913K, committed 11200K, reserved 1048576K
}
Event: 14.357 GC heap before
{Heap before GC invocations=27 (full 0):
 garbage-first heap   total 192512K, used 156368K [0x0000000080000000, 0x0000000100000000)
  region size 1024K, 72 young (73728K), 5 survivors (5120K)
 Metaspace       used 90448K, committed 91136K, reserved 1130496K
  class space    used 11962K, committed 12288K, reserved 1048576K
}
Event: 14.369 GC heap after
{Heap after GC invocations=28 (full 0):
 garbage-first heap   total 192512K, used 100629K [0x0000000080000000, 0x0000000100000000)
  region size 1024K, 9 young (9216K), 9 survivors (9216K)
 Metaspace       used 90448K, committed 91136K, reserved 1130496K
  class space    used 11962K, committed 12288K, reserved 1048576K
}
Event: 14.819 GC heap before
{Heap before GC invocations=28 (full 0):
 garbage-first heap   total 192512K, used 140565K [0x0000000080000000, 0x0000000100000000)
  region size 1024K, 49 young (50176K), 9 survivors (9216K)
 Metaspace       used 91090K, committed 91712K, reserved 1130496K
  class space    used 12009K, committed 12352K, reserved 1048576K
}
Event: 14.828 GC heap after
{Heap after GC invocations=29 (full 0):
 garbage-first heap   total 192512K, used 101272K [0x0000000080000000, 0x0000000100000000)
  region size 1024K, 2 young (2048K), 2 survivors (2048K)
 Metaspace       used 91090K, committed 91712K, reserved 1130496K
  class space    used 12009K, committed 12352K, reserved 1048576K
}
Event: 15.351 GC heap before
{Heap before GC invocations=30 (full 0):
 garbage-first heap   total 192512K, used 157592K [0x0000000080000000, 0x0000000100000000)
  region size 1024K, 56 young (57344K), 2 survivors (2048K)
 Metaspace       used 97323K, committed 97984K, reserved 1138688K
  class space    used 12941K, committed 13248K, reserved 1048576K
}
Event: 15.360 GC heap after
{Heap after GC invocations=31 (full 0):
 garbage-first heap   total 192512K, used 109568K [0x0000000080000000, 0x0000000100000000)
  region size 1024K, 7 young (7168K), 7 survivors (7168K)
 Metaspace       used 97323K, committed 97984K, reserved 1138688K
  class space    used 12941K, committed 13248K, reserved 1048576K
}
Event: 15.790 GC heap before
{Heap before GC invocations=31 (full 0):
 garbage-first heap   total 192512K, used 154624K [0x0000000080000000, 0x0000000100000000)
  region size 1024K, 52 young (53248K), 7 survivors (7168K)
 Metaspace       used 102308K, committed 102976K, reserved 1138688K
  class space    used 14013K, committed 14336K, reserved 1048576K
}
Event: 15.802 GC heap after
{Heap after GC invocations=32 (full 0):
 garbage-first heap   total 192512K, used 114186K [0x0000000080000000, 0x0000000100000000)
  region size 1024K, 5 young (5120K), 5 survivors (5120K)
 Metaspace       used 102308K, committed 102976K, reserved 1138688K
  class space    used 14013K, committed 14336K, reserved 1048576K
}
Event: 16.258 GC heap before
{Heap before GC invocations=33 (full 0):
 garbage-first heap   total 204800K, used 155146K [0x0000000080000000, 0x0000000100000000)
  region size 1024K, 46 young (47104K), 5 survivors (5120K)
 Metaspace       used 104365K, committed 105024K, reserved 1146880K
  class space    used 14325K, committed 14656K, reserved 1048576K
}
Event: 16.263 GC heap after
{Heap after GC invocations=34 (full 0):
 garbage-first heap   total 204800K, used 114038K [0x0000000080000000, 0x0000000100000000)
  region size 1024K, 3 young (3072K), 3 survivors (3072K)
 Metaspace       used 104365K, committed 105024K, reserved 1146880K
  class space    used 14325K, committed 14656K, reserved 1048576K
}
Event: 16.328 GC heap before
{Heap before GC invocations=34 (full 0):
 garbage-first heap   total 204800K, used 116086K [0x0000000080000000, 0x0000000100000000)
  region size 1024K, 7 young (7168K), 3 survivors (3072K)
 Metaspace       used 104408K, committed 105088K, reserved 1146880K
  class space    used 14325K, committed 14656K, reserved 1048576K
}
Event: 16.330 GC heap after
{Heap after GC invocations=35 (full 0):
 garbage-first heap   total 204800K, used 113798K [0x0000000080000000, 0x0000000100000000)
  region size 1024K, 3 young (3072K), 3 survivors (3072K)
 Metaspace       used 104408K, committed 105088K, reserved 1146880K
  class space    used 14325K, committed 14656K, reserved 1048576K
}

Deoptimization events (20 events):
Event: 16.632 Thread 0x0000023818421c70 DEOPT PACKING pc=0x0000023807afa738 sp=0x0000004f7c4fd4c0
Event: 16.632 Thread 0x0000023818421c70 DEOPT UNPACKING pc=0x000002380004f92e sp=0x0000004f7c4fd258 mode 2
Event: 16.652 Thread 0x0000023818421c70 Uncommon trap: trap_request=0xffffff76 fr.pc=0x0000023808268c70 relative=0x0000000000000250
Event: 16.652 Thread 0x0000023818421c70 Uncommon trap: reason=predicate action=maybe_recompile pc=0x0000023808268c70 method=com.android.tools.r8.graph.d1.a([C)I @ 8 c2
Event: 16.652 Thread 0x0000023818421c70 DEOPT PACKING pc=0x0000023808268c70 sp=0x0000004f7c4fd5c0
Event: 16.652 Thread 0x0000023818421c70 DEOPT UNPACKING pc=0x000002380004f92e sp=0x0000004f7c4fd558 mode 2
Event: 16.758 Thread 0x0000023818421c70 DEOPT PACKING pc=0x0000023801e44ea1 sp=0x0000004f7c4fd040
Event: 16.758 Thread 0x0000023818421c70 DEOPT UNPACKING pc=0x000002380004e77e sp=0x0000004f7c4fc560 mode 0
Event: 16.759 Thread 0x0000023818421c70 Uncommon trap: trap_request=0xffffff45 fr.pc=0x0000023807bee1d0 relative=0x0000000000000610
Event: 16.759 Thread 0x0000023818421c70 Uncommon trap: reason=unstable_if action=reinterpret pc=0x0000023807bee1d0 method=java.lang.Long.parseLong(Ljava/lang/String;I)J @ 120 c2
Event: 16.759 Thread 0x0000023818421c70 DEOPT PACKING pc=0x0000023807bee1d0 sp=0x0000004f7c4fd230
Event: 16.759 Thread 0x0000023818421c70 DEOPT UNPACKING pc=0x000002380004f92e sp=0x0000004f7c4fd190 mode 2
Event: 16.898 Thread 0x000002381ef27060 Uncommon trap: trap_request=0xffffff45 fr.pc=0x0000023807fb0400 relative=0x0000000000000360
Event: 16.898 Thread 0x000002381ef2daa0 Uncommon trap: trap_request=0xffffff45 fr.pc=0x0000023807fb0400 relative=0x0000000000000360
Event: 16.898 Thread 0x000002381ef2daa0 Uncommon trap: reason=unstable_if action=reinterpret pc=0x0000023807fb0400 method=java.util.concurrent.ConcurrentLinkedQueue.offer(Ljava/lang/Object;)Z @ 42 c2
Event: 16.898 Thread 0x000002381ef27060 Uncommon trap: reason=unstable_if action=reinterpret pc=0x0000023807fb0400 method=java.util.concurrent.ConcurrentLinkedQueue.offer(Ljava/lang/Object;)Z @ 42 c2
Event: 16.899 Thread 0x000002381ef2daa0 DEOPT PACKING pc=0x0000023807fb0400 sp=0x0000004f7ceff060
Event: 16.899 Thread 0x000002381ef27060 DEOPT PACKING pc=0x0000023807fb0400 sp=0x0000004f7cdfee30
Event: 16.899 Thread 0x000002381ef2daa0 DEOPT UNPACKING pc=0x000002380004f92e sp=0x0000004f7ceff000 mode 2
Event: 16.899 Thread 0x000002381ef27060 DEOPT UNPACKING pc=0x000002380004f92e sp=0x0000004f7cdfedd0 mode 2

Classes unloaded (20 events):
Event: 14.926 Thread 0x000002381136f330 Unloading class 0x0000000801614400 'java/lang/invoke/LambdaForm$DMH+0x0000000801614400'
Event: 16.462 Thread 0x000002381136f330 Unloading class 0x00000008019f9000 'java/lang/invoke/LambdaForm$DMH+0x00000008019f9000'
Event: 16.462 Thread 0x000002381136f330 Unloading class 0x00000008019f8c00 'java/lang/invoke/LambdaForm$DMH+0x00000008019f8c00'
Event: 16.462 Thread 0x000002381136f330 Unloading class 0x00000008019f8800 'java/lang/invoke/LambdaForm$DMH+0x00000008019f8800'
Event: 16.462 Thread 0x000002381136f330 Unloading class 0x00000008019f8400 'java/lang/invoke/LambdaForm$DMH+0x00000008019f8400'
Event: 16.462 Thread 0x000002381136f330 Unloading class 0x00000008019f4c00 'java/lang/invoke/LambdaForm$DMH+0x00000008019f4c00'
Event: 16.462 Thread 0x000002381136f330 Unloading class 0x00000008019f4800 'java/lang/invoke/LambdaForm$DMH+0x00000008019f4800'
Event: 16.462 Thread 0x000002381136f330 Unloading class 0x00000008019f8000 'java/lang/invoke/LambdaForm$DMH+0x00000008019f8000'
Event: 16.462 Thread 0x000002381136f330 Unloading class 0x00000008019cd400 'java/lang/invoke/LambdaForm$DMH+0x00000008019cd400'
Event: 16.462 Thread 0x000002381136f330 Unloading class 0x00000008019cd000 'java/lang/invoke/LambdaForm$DMH+0x00000008019cd000'
Event: 16.462 Thread 0x000002381136f330 Unloading class 0x00000008019ccc00 'java/lang/invoke/LambdaForm$DMH+0x00000008019ccc00'
Event: 16.462 Thread 0x000002381136f330 Unloading class 0x00000008019cc400 'java/lang/invoke/LambdaForm$DMH+0x00000008019cc400'
Event: 16.462 Thread 0x000002381136f330 Unloading class 0x00000008019cc800 'java/lang/invoke/LambdaForm$DMH+0x00000008019cc800'
Event: 16.462 Thread 0x000002381136f330 Unloading class 0x0000000801925c00 'java/lang/invoke/LambdaForm$DMH+0x0000000801925c00'
Event: 16.462 Thread 0x000002381136f330 Unloading class 0x0000000801925800 'java/lang/invoke/LambdaForm$DMH+0x0000000801925800'
Event: 16.462 Thread 0x000002381136f330 Unloading class 0x0000000801925000 'java/lang/invoke/LambdaForm$DMH+0x0000000801925000'
Event: 16.462 Thread 0x000002381136f330 Unloading class 0x0000000801925400 'java/lang/invoke/LambdaForm$DMH+0x0000000801925400'
Event: 16.462 Thread 0x000002381136f330 Unloading class 0x0000000801924c00 'java/lang/invoke/LambdaForm$DMH+0x0000000801924c00'
Event: 16.462 Thread 0x000002381136f330 Unloading class 0x0000000801924800 'java/lang/invoke/LambdaForm$DMH+0x0000000801924800'
Event: 16.462 Thread 0x000002381136f330 Unloading class 0x0000000801924400 'java/lang/invoke/LambdaForm$DMH+0x0000000801924400'

Classes redefined (0 events):
No events

Internal exceptions (20 events):
Event: 16.158 Thread 0x0000023814b77a10 Exception <a 'sun/nio/fs/WindowsException'{0x000000008b0e3bf0}> (0x000000008b0e3bf0) 
thrown [t:\workspace\open\src\hotspot\share\prims\jni.cpp, line 579]
Event: 16.158 Thread 0x00000238184231b0 Exception <a 'sun/nio/fs/WindowsException'{0x000000008ab0c050}> (0x000000008ab0c050) 
thrown [t:\workspace\open\src\hotspot\share\prims\jni.cpp, line 579]
Event: 16.158 Thread 0x00000238184241a0 Exception <a 'sun/nio/fs/WindowsException'{0x000000008abfd8a8}> (0x000000008abfd8a8) 
thrown [t:\workspace\open\src\hotspot\share\prims\jni.cpp, line 579]
Event: 16.161 Thread 0x000002381841dcb0 Exception <a 'sun/nio/fs/WindowsException'{0x000000008aa8b0a0}> (0x000000008aa8b0a0) 
thrown [t:\workspace\open\src\hotspot\share\prims\jni.cpp, line 579]
Event: 16.163 Thread 0x00000238184231b0 Exception <a 'sun/nio/fs/WindowsException'{0x000000008aaf00f8}> (0x000000008aaf00f8) 
thrown [t:\workspace\open\src\hotspot\share\prims\jni.cpp, line 579]
Event: 16.164 Thread 0x0000023814b77a10 Exception <a 'sun/nio/fs/WindowsException'{0x000000008aa97450}> (0x000000008aa97450) 
thrown [t:\workspace\open\src\hotspot\share\prims\jni.cpp, line 579]
Event: 16.164 Thread 0x000002381841dcb0 Exception <a 'sun/nio/fs/WindowsException'{0x000000008a9c02b8}> (0x000000008a9c02b8) 
thrown [t:\workspace\open\src\hotspot\share\prims\jni.cpp, line 579]
Event: 16.166 Thread 0x0000023814b77a10 Exception <a 'sun/nio/fs/WindowsException'{0x000000008aa9dd60}> (0x000000008aa9dd60) 
thrown [t:\workspace\open\src\hotspot\share\prims\jni.cpp, line 579]
Event: 16.167 Thread 0x000002381841dcb0 Exception <a 'sun/nio/fs/WindowsException'{0x000000008a9c68f8}> (0x000000008a9c68f8) 
thrown [t:\workspace\open\src\hotspot\share\prims\jni.cpp, line 579]
Event: 16.169 Thread 0x000002381841dcb0 Exception <a 'sun/nio/fs/WindowsException'{0x000000008a9cd1c0}> (0x000000008a9cd1c0) 
thrown [t:\workspace\open\src\hotspot\share\prims\jni.cpp, line 579]
Event: 16.171 Thread 0x0000023814b77a10 Exception <a 'sun/nio/fs/WindowsException'{0x000000008aaa5c30}> (0x000000008aaa5c30) 
thrown [t:\workspace\open\src\hotspot\share\prims\jni.cpp, line 579]
Event: 16.171 Thread 0x000002381841dcb0 Exception <a 'sun/nio/fs/WindowsException'{0x000000008a8c68b8}> (0x000000008a8c68b8) 
thrown [t:\workspace\open\src\hotspot\share\prims\jni.cpp, line 579]
Event: 16.174 Thread 0x000002381841dcb0 Exception <a 'sun/nio/fs/WindowsException'{0x000000008a640010}> (0x000000008a640010) 
thrown [t:\workspace\open\src\hotspot\share\prims\jni.cpp, line 579]
Event: 16.602 Thread 0x0000023818421c70 Exception <a 'sun/nio/fs/WindowsException'{0x000000008be82b88}> (0x000000008be82b88) 
thrown [t:\workspace\open\src\hotspot\share\prims\jni.cpp, line 579]
Event: 16.898 Thread 0x000002381ef2daa0 Exception <a 'java/lang/NoSuchMethodError'{0x0000000089abcca8}: 'long java.lang.invoke.DirectMethodHandle$Holder.invokeStatic(java.lang.Object, java.lang.Object, java.lang.Object)'> (0x0000000089abcca8) 
thrown [t:\workspace\open\src\hotspot\share\interpreter\linkResolver.cpp, line 790]
Event: 16.898 Thread 0x000002381ef28af0 Exception <a 'java/lang/NoSuchMethodError'{0x0000000089ab00b0}: 'long java.lang.invoke.DirectMethodHandle$Holder.invokeStatic(java.lang.Object, java.lang.Object, java.lang.Object)'> (0x0000000089ab00b0) 
thrown [t:\workspace\open\src\hotspot\share\interpreter\linkResolver.cpp, line 790]
Event: 16.898 Thread 0x000002381ef27060 Exception <a 'java/lang/NoSuchMethodError'{0x0000000089cebaf0}: 'long java.lang.invoke.DirectMethodHandle$Holder.invokeStatic(java.lang.Object, java.lang.Object, java.lang.Object)'> (0x0000000089cebaf0) 
thrown [t:\workspace\open\src\hotspot\share\interpreter\linkResolver.cpp, line 790]
Event: 16.898 Thread 0x000002381ef2d000 Exception <a 'java/lang/NoSuchMethodError'{0x0000000089ac83c8}: 'long java.lang.invoke.DirectMethodHandle$Holder.invokeStatic(java.lang.Object, java.lang.Object, java.lang.Object)'> (0x0000000089ac83c8) 
thrown [t:\workspace\open\src\hotspot\share\interpreter\linkResolver.cpp, line 790]
Event: 16.898 Thread 0x000002381ef2cab0 Exception <a 'java/lang/NoSuchMethodError'{0x0000000089ce17c8}: 'long java.lang.invoke.DirectMethodHandle$Holder.invokeStatic(java.lang.Object, java.lang.Object, java.lang.Object)'> (0x0000000089ce17c8) 
thrown [t:\workspace\open\src\hotspot\share\interpreter\linkResolver.cpp, line 790]
Event: 16.898 Thread 0x000002381ef2bac0 Exception <a 'java/lang/NoSuchMethodError'{0x0000000089cf7448}: 'long java.lang.invoke.DirectMethodHandle$Holder.invokeStatic(java.lang.Object, java.lang.Object, java.lang.Object)'> (0x0000000089cf7448) 
thrown [t:\workspace\open\src\hotspot\share\interpreter\linkResolver.cpp, line 790]

Events (20 events):
Event: 16.865 loading class java/util/concurrent/ForkJoinTask$AdaptedRunnableAction
Event: 16.865 loading class java/util/concurrent/ForkJoinTask$AdaptedRunnableAction done
Event: 16.866 Thread 0x000002381ef2cab0 Thread added: 0x000002381ef2cab0
Event: 16.866 Thread 0x000002381ef29040 Thread added: 0x000002381ef29040
Event: 16.867 Thread 0x000002381ef2d000 Thread added: 0x000002381ef2d000
Event: 16.867 Thread 0x000002381ef2bac0 Thread added: 0x000002381ef2bac0
Event: 16.867 Thread 0x000002381ef27060 Thread added: 0x000002381ef27060
Event: 16.867 Thread 0x000002381ef2daa0 Thread added: 0x000002381ef2daa0
Event: 16.868 Thread 0x000002381ef2d550 Thread added: 0x000002381ef2d550
Event: 16.868 Thread 0x000002381ef28af0 Thread added: 0x000002381ef28af0
Event: 16.893 loading class java/nio/HeapShortBuffer
Event: 16.893 loading class java/nio/HeapShortBuffer done
Event: 16.895 Executing  VM operation: HandshakeAllThreads
Event: 16.895 Executing  VM operation: HandshakeAllThreads done
Event: 16.897 loading class java/util/AbstractList$RandomAccessSubList
Event: 16.898 loading class java/util/AbstractList$SubList
Event: 16.898 loading class java/util/AbstractList$SubList done
Event: 16.898 loading class java/util/AbstractList$RandomAccessSubList done
Event: 16.899 loading class java/util/AbstractList$SubList$1
Event: 16.899 loading class java/util/AbstractList$SubList$1 done


Dynamic libraries:
0x00007ff6660f0000 - 0x00007ff666100000 	C:\Program Files\Java\jdk-16.0.2\bin\java.exe
0x00007ffef1ab0000 - 0x00007ffef1ca8000 	C:\WINDOWS\SYSTEM32\ntdll.dll
0x00007ffef0990000 - 0x00007ffef0a4d000 	C:\WINDOWS\System32\KERNEL32.DLL
0x00007ffeef410000 - 0x00007ffeef6de000 	C:\WINDOWS\System32\KERNELBASE.dll
0x00007ffeef9c0000 - 0x00007ffeefac0000 	C:\WINDOWS\System32\ucrtbase.dll
0x00007ffed54d0000 - 0x00007ffed54e9000 	C:\Program Files\Java\jdk-16.0.2\bin\VCRUNTIME140.dll
0x00007ffed7cf0000 - 0x00007ffed7d08000 	C:\Program Files\Java\jdk-16.0.2\bin\jli.dll
0x00007ffef0630000 - 0x00007ffef06de000 	C:\WINDOWS\System32\ADVAPI32.dll
0x00007ffef08f0000 - 0x00007ffef098e000 	C:\WINDOWS\System32\msvcrt.dll
0x00007ffef0c00000 - 0x00007ffef0c9c000 	C:\WINDOWS\System32\sechost.dll
0x00007ffef0ca0000 - 0x00007ffef0dc5000 	C:\WINDOWS\System32\RPCRT4.dll
0x00007ffef0dd0000 - 0x00007ffef0f70000 	C:\WINDOWS\System32\USER32.dll
0x00007ffeef280000 - 0x00007ffeef2a2000 	C:\WINDOWS\System32\win32u.dll
0x00007ffed7360000 - 0x00007ffed75fa000 	C:\WINDOWS\WinSxS\amd64_microsoft.windows.common-controls_6595b64144ccf1df_6.0.19041.1110_none_60b5254171f9507e\COMCTL32.dll
0x00007ffef13b0000 - 0x00007ffef13da000 	C:\WINDOWS\System32\GDI32.dll
0x00007ffeef770000 - 0x00007ffeef87b000 	C:\WINDOWS\System32\gdi32full.dll
0x00007ffeef8b0000 - 0x00007ffeef94d000 	C:\WINDOWS\System32\msvcp_win.dll
0x00007ffee8d00000 - 0x00007ffee8d0a000 	C:\WINDOWS\SYSTEM32\VERSION.dll
0x00007ffeefb10000 - 0x00007ffeefb40000 	C:\WINDOWS\System32\IMM32.DLL
0x00007ffee8660000 - 0x00007ffee866c000 	C:\Program Files\Java\jdk-16.0.2\bin\vcruntime140_1.dll
0x00007ffecf690000 - 0x00007ffecf721000 	C:\Program Files\Java\jdk-16.0.2\bin\msvcp140.dll
0x00007ffe842e0000 - 0x00007ffe84e8b000 	C:\Program Files\Java\jdk-16.0.2\bin\server\jvm.dll
0x00007ffef08e0000 - 0x00007ffef08e8000 	C:\WINDOWS\System32\PSAPI.DLL
0x00007ffeec360000 - 0x00007ffeec369000 	C:\WINDOWS\SYSTEM32\WSOCK32.dll
0x00007ffeed050000 - 0x00007ffeed077000 	C:\WINDOWS\SYSTEM32\WINMM.dll
0x00007ffef1330000 - 0x00007ffef139b000 	C:\WINDOWS\System32\WS2_32.dll
0x00007ffeeda90000 - 0x00007ffeedaa2000 	C:\WINDOWS\SYSTEM32\kernel.appcore.dll
0x00007ffee6bc0000 - 0x00007ffee6bca000 	C:\Program Files\Java\jdk-16.0.2\bin\jimage.dll
0x00007ffeece60000 - 0x00007ffeed044000 	C:\WINDOWS\SYSTEM32\DBGHELP.DLL
0x00007ffeece30000 - 0x00007ffeece5c000 	C:\WINDOWS\SYSTEM32\dbgcore.DLL
0x00007ffeef6e0000 - 0x00007ffeef762000 	C:\WINDOWS\System32\bcryptPrimitives.dll
0x00007ffed4d00000 - 0x00007ffed4d25000 	C:\Program Files\Java\jdk-16.0.2\bin\java.dll
0x00007ffeefee0000 - 0x00007ffef0624000 	C:\WINDOWS\System32\SHELL32.dll
0x00007ffeed2b0000 - 0x00007ffeeda44000 	C:\WINDOWS\SYSTEM32\windows.storage.dll
0x00007ffef0f70000 - 0x00007ffef12c4000 	C:\WINDOWS\System32\combase.dll
0x00007ffeeec30000 - 0x00007ffeeec60000 	C:\WINDOWS\SYSTEM32\Wldp.dll
0x00007ffef07d0000 - 0x00007ffef087d000 	C:\WINDOWS\System32\SHCORE.dll
0x00007ffef06e0000 - 0x00007ffef0735000 	C:\WINDOWS\System32\shlwapi.dll
0x00007ffeef110000 - 0x00007ffeef12f000 	C:\WINDOWS\SYSTEM32\profapi.dll
0x00007ffed4650000 - 0x00007ffed4669000 	C:\Program Files\Java\jdk-16.0.2\bin\net.dll
0x00007ffeda9b0000 - 0x00007ffedaaba000 	C:\WINDOWS\SYSTEM32\WINHTTP.dll
0x00007ffeee990000 - 0x00007ffeee9fa000 	C:\WINDOWS\system32\mswsock.dll
0x00007ffed4630000 - 0x00007ffed4643000 	C:\Program Files\Java\jdk-16.0.2\bin\nio.dll
0x00007ffed4610000 - 0x00007ffed4628000 	C:\Program Files\Java\jdk-16.0.2\bin\zip.dll
0x00007ffed4600000 - 0x00007ffed4610000 	C:\Program Files\Java\jdk-16.0.2\bin\verify.dll
0x00007ffee8d50000 - 0x00007ffee8d77000 	C:\Users\ITECH\.gradle\native\e1d6ef7f7dcc3fd88c89a11ec53ec762bb8ba0a96d01ffa2cd45eb1d1d8dd5c5\windows-amd64\native-platform.dll
0x00007ffec50a0000 - 0x00007ffec51e4000 	C:\Users\ITECH\.gradle\native\5664cfc778a61ccfe75a443a1ab52a65af34e5dc3c78e0209fed803814484fcb\windows-amd64\native-platform-file-events.dll
0x00007ffed45f0000 - 0x00007ffed45f9000 	C:\Program Files\Java\jdk-16.0.2\bin\management.dll
0x00007ffed45e0000 - 0x00007ffed45eb000 	C:\Program Files\Java\jdk-16.0.2\bin\management_ext.dll
0x00007ffeeeb80000 - 0x00007ffeeeb98000 	C:\WINDOWS\SYSTEM32\CRYPTSP.dll
0x00007ffeee2a0000 - 0x00007ffeee2d4000 	C:\WINDOWS\system32\rsaenh.dll
0x00007ffeef880000 - 0x00007ffeef8a7000 	C:\WINDOWS\System32\bcrypt.dll
0x00007ffeef0d0000 - 0x00007ffeef0fe000 	C:\WINDOWS\SYSTEM32\USERENV.dll
0x00007ffeeeba0000 - 0x00007ffeeebac000 	C:\WINDOWS\SYSTEM32\CRYPTBASE.dll
0x00007ffeee630000 - 0x00007ffeee66b000 	C:\WINDOWS\SYSTEM32\IPHLPAPI.DLL
0x00007ffef13a0000 - 0x00007ffef13a8000 	C:\WINDOWS\System32\NSI.dll
0x00007ffee34c0000 - 0x00007ffee34d7000 	C:\WINDOWS\SYSTEM32\dhcpcsvc6.DLL
0x00007ffee37f0000 - 0x00007ffee380d000 	C:\WINDOWS\SYSTEM32\dhcpcsvc.DLL
0x00007ffeee680000 - 0x00007ffeee74a000 	C:\WINDOWS\SYSTEM32\DNSAPI.dll
0x00007ffed2dc0000 - 0x00007ffed2dce000 	C:\Program Files\Java\jdk-16.0.2\bin\sunmscapi.dll
0x00007ffeef2b0000 - 0x00007ffeef406000 	C:\WINDOWS\System32\CRYPT32.dll
0x00007ffeeeca0000 - 0x00007ffeeecc7000 	C:\WINDOWS\SYSTEM32\ncrypt.dll
0x00007ffeeec60000 - 0x00007ffeeec9b000 	C:\WINDOWS\SYSTEM32\NTASN1.dll
0x00007ffea0400000 - 0x00007ffea0407000 	C:\WINDOWS\system32\wshunix.dll

dbghelp: loaded successfully - version: 4.0.5 - missing functions: none
symbol engine: initialized successfully - sym options: 0x614 - pdb path: .;C:\Program Files\Java\jdk-16.0.2\bin;C:\WINDOWS\SYSTEM32;C:\WINDOWS\WinSxS\amd64_microsoft.windows.common-controls_6595b64144ccf1df_6.0.19041.1110_none_60b5254171f9507e;C:\Program Files\Java\jdk-16.0.2\bin\server;C:\Users\ITECH\.gradle\native\e1d6ef7f7dcc3fd88c89a11ec53ec762bb8ba0a96d01ffa2cd45eb1d1d8dd5c5\windows-amd64;C:\Users\ITECH\.gradle\native\5664cfc778a61ccfe75a443a1ab52a65af34e5dc3c78e0209fed803814484fcb\windows-amd64

VM Arguments:
jvm_args: --add-opens=java.base/java.util=ALL-UNNAMED --add-opens=java.base/java.lang=ALL-UNNAMED --add-opens=java.base/java.lang.invoke=ALL-UNNAMED --add-opens=java.base/java.util=ALL-UNNAMED --add-opens=java.prefs/java.util.prefs=ALL-UNNAMED --add-opens=java.prefs/java.util.prefs=ALL-UNNAMED --add-opens=java.base/java.nio.charset=ALL-UNNAMED --add-opens=java.base/java.net=ALL-UNNAMED --add-opens=java.base/java.util.concurrent.atomic=ALL-UNNAMED -Xmx2048m -Dfile.encoding=UTF-8 -Duser.country=US -Duser.language=en -Duser.variant 
java_command: org.gradle.launcher.daemon.bootstrap.GradleDaemon 7.3.3
java_class_path (initial): C:\Users\ITECH\.gradle\wrapper\dists\gradle-7.3.3-bin\6a41zxkdtcxs8rphpq6y0069z\gradle-7.3.3\lib\gradle-launcher-7.3.3.jar
Launcher Type: SUN_STANDARD

[Global flags]
     intx CICompilerCount                          = 4                                         {product} {ergonomic}
     uint ConcGCThreads                            = 2                                         {product} {ergonomic}
     uint G1ConcRefinementThreads                  = 8                                         {product} {ergonomic}
   size_t G1HeapRegionSize                         = 1048576                                   {product} {ergonomic}
    uintx GCDrainStackTargetSize                   = 64                                        {product} {ergonomic}
   size_t InitialHeapSize                          = 132120576                                 {product} {ergonomic}
   size_t MarkStackSize                            = 4194304                                   {product} {ergonomic}
   size_t MaxHeapSize                              = 2147483648                                {product} {command line}
   size_t MaxNewSize                               = 1287651328                                {product} {ergonomic}
   size_t MinHeapDeltaBytes                        = 1048576                                   {product} {ergonomic}
   size_t MinHeapSize                              = 8388608                                   {product} {ergonomic}
    uintx NonNMethodCodeHeapSize                   = 5839372                                {pd product} {ergonomic}
    uintx NonProfiledCodeHeapSize                  = 122909434                              {pd product} {ergonomic}
    uintx ProfiledCodeHeapSize                     = 122909434                              {pd product} {ergonomic}
    uintx ReservedCodeCacheSize                    = 251658240                              {pd product} {ergonomic}
     bool SegmentedCodeCache                       = true                                      {product} {ergonomic}
   size_t SoftMaxHeapSize                          = 2147483648                             {manageable} {ergonomic}
     bool UseCompressedClassPointers               = true                           {product lp64_product} {ergonomic}
     bool UseCompressedOops                        = true                           {product lp64_product} {ergonomic}
     bool UseG1GC                                  = true                                      {product} {ergonomic}
     bool UseLargePagesIndividualAllocation        = false                                  {pd product} {ergonomic}

Logging:
Log output configuration:
 #0: stdout all=warning uptime,level,tags
 #1: stderr all=off uptime,level,tags

Environment Variables:
JAVA_HOME=C:\Program Files\Java\jdk-16.0.2
PATH=C:\Program Files\Python37\Scripts\;C:\Program Files\Python37\;C:\ProgramData\Oracle\Java\javapath;C:\app\ITECH\product\11.2.0\dbhome_1\bin;C:\Program Files\Common Files\Oracle\Java\javapath;C:\Program Files (x86)\Common Files\Oracle\Java\javapath;C:\WINDOWS\system32;C:\WINDOWS;C:\WINDOWS\System32\Wbem;C:\WINDOWS\System32\WindowsPowerShell\v1.0\;C:\WINDOWS\System32\OpenSSH\;C:\Program Files\Microsoft SQL Server\130\Tools\Binn\;C:\Program Files\Microsoft SQL Server\Client SDK\ODBC\170\Tools\Binn\;C:\Program Files\dotnet\;C:\Program Files\nodejs\;C:\Program Files\Java\jdk-16.0.2\bin;C:\Program Files\Git\cmd;C:\Program Files\Java\jdk-16.0.2\bin;
USERNAME=ITECH
OS=Windows_NT
PROCESSOR_IDENTIFIER=Intel64 Family 6 Model 126 Stepping 5, GenuineIntel



---------------  S Y S T E M  ---------------

OS:
 Windows 10 , 64 bit Build 19041 (10.0.19041.1889)
OS uptime: 0 days 0:58 hours

CPU: total 8 (initial active 8) (4 cores per cpu, 2 threads per core) family 6 model 126 stepping 5 microcode 0xb0, cx8, cmov, fxsr, ht, mmx, 3dnowpref, sse, sse2, sse3, ssse3, sse4.1, sse4.2, popcnt, lzcnt, tsc, tscinvbit, avx, avx2, aes, erms, clmul, bmi1, bmi2, adx, avx512f, avx512dq, avx512cd, avx512bw, avx512vl, sha, fma, vzeroupper, avx512_vpopcntdq, avx512_vpclmulqdq, avx512_vaes, avx512_vnni, clflush, clflushopt, avx512_vmbi2, avx512_vmbi

Memory: 4k page, system-wide physical 7959M (1716M free)
TotalPageFile size 7959M (AvailPageFile size 9M)
current process WorkingSet (physical memory assigned to process): 523M, peak: 527M
current process commit charge ("private bytes"): 560M, peak: 566M

vm_info: Java HotSpot(TM) 64-Bit Server VM (16.0.2+7-67) for windows-amd64 JRE (16.0.2+7-67), built on Jun  8 2021 23:24:19 by "mach5one" with MS VC++ 16.7 (VS2019)

END.
