#
# There is insufficient memory for the Java Runtime Environment to continue.
# Native memory allocation (malloc) failed to allocate 1192016 bytes for Chunk::new
# Possible reasons:
#   The system is out of physical RAM or swap space
#   The process is running with CompressedOops enabled, and the Java Heap may be blocking the growth of the native heap
# Possible solutions:
#   Reduce memory load on the system
#   Increase physical memory or swap space
#   Check if swap backing store is full
#   Decrease Java heap size (-Xmx/-Xms)
#   Decrease number of Java threads
#   Decrease Java thread stack sizes (-Xss)
#   Set larger code cache with -XX:ReservedCodeCacheSize=
#   JVM is running with Unscaled Compressed Oops mode in which the Java heap is
#     placed in the first 4GB address space. The Java Heap base address is the
#     maximum limit for the native heap growth. Please use -XX:HeapBaseMinAddress
#     to set the Java Heap base and to place the Java Heap above 4GB virtual address.
# This output file may be truncated or incomplete.
#
#  Out of Memory Error (arena.cpp:195), pid=724, tid=12536
#
# JRE version: Java(TM) SE Runtime Environment (16.0.2+7) (build 16.0.2+7-67)
# Java VM: Java HotSpot(TM) 64-Bit Server VM (16.0.2+7-67, mixed mode, sharing, tiered, compressed oops, compressed class ptrs, g1 gc, windows-amd64)
# No core dump will be written. Minidumps are not enabled by default on client versions of Windows
#

---------------  S U M M A R Y ------------

Command Line: --add-opens=java.base/java.util=ALL-UNNAMED --add-opens=java.base/java.lang=ALL-UNNAMED --add-opens=java.base/java.lang.invoke=ALL-UNNAMED --add-opens=java.base/java.util=ALL-UNNAMED --add-opens=java.prefs/java.util.prefs=ALL-UNNAMED --add-opens=java.prefs/java.util.prefs=ALL-UNNAMED --add-opens=java.base/java.nio.charset=ALL-UNNAMED --add-opens=java.base/java.net=ALL-UNNAMED --add-opens=java.base/java.util.concurrent.atomic=ALL-UNNAMED -Xmx2048m -Dfile.encoding=UTF-8 -Duser.country=US -Duser.language=en -Duser.variant org.gradle.launcher.daemon.bootstrap.GradleDaemon 7.3.3

Host: Intel(R) Core(TM) i7-1065G7 CPU @ 1.30GHz, 8 cores, 7G,  Windows 10 , 64 bit Build 19041 (10.0.19041.1889)
Time: Fri Aug 19 16:04:52 2022 Egypt Standard Time elapsed time: 10.064451 seconds (0d 0h 0m 10s)

---------------  T H R E A D  ---------------

Current thread (0x000002c440fca670):  JavaThread "C2 CompilerThread0" daemon [_thread_in_native, id=12536, stack(0x000000fe6e800000,0x000000fe6e900000)]


Current CompileTask:
C2:  10064 9236   !   4       java.nio.file.FileTreeWalker::next (144 bytes)

Stack: [0x000000fe6e800000,0x000000fe6e900000]
Native frames: (J=compiled Java code, j=interpreted, Vv=VM code, C=native code)
V  [jvm.dll+0x6681ca]
V  [jvm.dll+0x7c9e69]
V  [jvm.dll+0x7cb61e]
V  [jvm.dll+0x7cbc73]
V  [jvm.dll+0x242c55]
V  [jvm.dll+0xadeba]
V  [jvm.dll+0xae45c]
V  [jvm.dll+0x35a882]
V  [jvm.dll+0x324de1]
V  [jvm.dll+0x32428a]
V  [jvm.dll+0x215cec]
V  [jvm.dll+0x215100]
V  [jvm.dll+0x1a1beb]
V  [jvm.dll+0x225158]
V  [jvm.dll+0x22319c]
V  [jvm.dll+0x77fa62]
V  [jvm.dll+0x7795aa]
V  [jvm.dll+0x667066]
C  [ucrtbase.dll+0x21bb2]
C  [KERNEL32.DLL+0x17034]
C  [ntdll.dll+0x52651]


---------------  P R O C E S S  ---------------

Threads class SMR info:
_java_thread_list=0x000002c44547dd30, length=137, elements={
0x000002c422f206d0, 0x000002c440fb1be0, 0x000002c440fb24f0, 0x000002c440fbfd00,
0x000002c440fc0610, 0x000002c440fc2f30, 0x000002c440fc4e60, 0x000002c440fca670,
0x000002c440fd43f0, 0x000002c440fd8d60, 0x000002c441cb8130, 0x000002c441cb8bd0,
0x000002c441cb9120, 0x000002c441cba110, 0x000002c441cb9bc0, 0x000002c441cb7be0,
0x000002c441cb9670, 0x000002c441cba660, 0x000002c441cbabb0, 0x000002c441cb7690,
0x000002c444bb7500, 0x000002c444bbb4c0, 0x000002c444bbbf60, 0x000002c444bb4530,
0x000002c444bb6a60, 0x000002c444bb5fc0, 0x000002c444bb6fb0, 0x000002c444bb8a40,
0x000002c444bb4fd0, 0x000002c444bba4d0, 0x000002c444bb9f80, 0x000002c444bb5520,
0x000002c444bb7a50, 0x000002c444bbaa20, 0x000002c444bb5a70, 0x000002c444bbaf70,
0x000002c444bb6510, 0x000002c444bb94e0, 0x000002c444bb9a30, 0x000002c444bbba10,
0x000002c4456e4760, 0x000002c4456e5750, 0x000002c4456e2780, 0x000002c4456e5ca0,
0x000002c4456e2cd0, 0x000002c4456e4210, 0x000002c4456e4cb0, 0x000002c4456e5200,
0x000002c4456e3220, 0x000002c4456e3770, 0x000002c4456e3cc0, 0x000002c44419f2e0,
0x000002c44419e2f0, 0x000002c44419dda0, 0x000002c44419bdc0, 0x000002c44419e840,
0x000002c44419fd80, 0x000002c4441a12c0, 0x000002c44419ed90, 0x000002c44419f830,
0x000002c44419c310, 0x000002c4441a02d0, 0x000002c44419b320, 0x000002c44419b870,
0x000002c4441a1810, 0x000002c44419c860, 0x000002c44419cdb0, 0x000002c4441a22b0,
0x000002c4441a1d60, 0x000002c4441a2800, 0x000002c4441a0820, 0x000002c44419d300,
0x000002c44419add0, 0x000002c44419d850, 0x000002c4441a0d70, 0x000002c4451d69b0,
0x000002c4451d5f10, 0x000002c4451d6f00, 0x000002c4451d29f0, 0x000002c4451d24a0,
0x000002c4451d59c0, 0x000002c4451d7450, 0x000002c4451d79a0, 0x000002c4451d8ee0,
0x000002c4451d8440, 0x000002c4451d49d0, 0x000002c4451d6460, 0x000002c4451d4f20,
0x000002c4451d4480, 0x000002c4451d5470, 0x000002c4451d7ef0, 0x000002c4451d8990,
0x000002c4451d9430, 0x000002c4451d9980, 0x000002c4451d9ed0, 0x000002c4451d3490,
0x000002c4451d2f40, 0x000002c4451d39e0, 0x000002c4451d3f30, 0x000002c44522ba50,
0x000002c44522fa10, 0x000002c4452329e0, 0x000002c445230a00, 0x000002c44522ff60,
0x000002c44522ca40, 0x000002c4452314a0, 0x000002c44522bfa0, 0x000002c44522c4f0,
0x000002c44522e4d0, 0x000002c44522cf90, 0x000002c44522d4e0, 0x000002c445230f50,
0x000002c44522da30, 0x000002c44522df80, 0x000002c4452319f0, 0x000002c44522ea20,
0x000002c44522ef70, 0x000002c44522f4c0, 0x000002c4452304b0, 0x000002c445231f40,
0x000002c445232490, 0x000002c44522afb0, 0x000002c44522b500, 0x000002c4476c67d0,
0x000002c447e19840, 0x000002c44436edc0, 0x000002c447e1d2b0, 0x000002c447e15dd0,
0x000002c447e16870, 0x000002c447e17310, 0x000002c447e1ad80, 0x000002c447e1b2d0,
0x000002c447e1a830, 0x000002c447e16320, 0x000002c447e18850, 0x000002c447e17860,
0x000002c447e192f0
}

Java Threads: ( => current thread )
  0x000002c422f206d0 JavaThread "main" [_thread_blocked, id=3188, stack(0x000000fe6db00000,0x000000fe6dc00000)]
  0x000002c440fb1be0 JavaThread "Reference Handler" daemon [_thread_blocked, id=2348, stack(0x000000fe6e200000,0x000000fe6e300000)]
  0x000002c440fb24f0 JavaThread "Finalizer" daemon [_thread_blocked, id=11612, stack(0x000000fe6e300000,0x000000fe6e400000)]
  0x000002c440fbfd00 JavaThread "Signal Dispatcher" daemon [_thread_blocked, id=10128, stack(0x000000fe6e400000,0x000000fe6e500000)]
  0x000002c440fc0610 JavaThread "Attach Listener" daemon [_thread_blocked, id=8328, stack(0x000000fe6e500000,0x000000fe6e600000)]
  0x000002c440fc2f30 JavaThread "Service Thread" daemon [_thread_blocked, id=6384, stack(0x000000fe6e600000,0x000000fe6e700000)]
  0x000002c440fc4e60 JavaThread "Monitor Deflation Thread" daemon [_thread_blocked, id=10152, stack(0x000000fe6e700000,0x000000fe6e800000)]
=>0x000002c440fca670 JavaThread "C2 CompilerThread0" daemon [_thread_in_native, id=12536, stack(0x000000fe6e800000,0x000000fe6e900000)]
  0x000002c440fd43f0 JavaThread "C1 CompilerThread0" daemon [_thread_blocked, id=12424, stack(0x000000fe6e900000,0x000000fe6ea00000)]
  0x000002c440fd8d60 JavaThread "Sweeper thread" daemon [_thread_blocked, id=7892, stack(0x000000fe6ea00000,0x000000fe6eb00000)]
  0x000002c441cb8130 JavaThread "Common-Cleaner" daemon [_thread_blocked, id=4632, stack(0x000000fe6eb00000,0x000000fe6ec00000)]
  0x000002c441cb8bd0 JavaThread "Notification Thread" daemon [_thread_blocked, id=4976, stack(0x000000fe6ec00000,0x000000fe6ed00000)]
  0x000002c441cb9120 JavaThread "Daemon health stats" [_thread_blocked, id=10008, stack(0x000000fe6f400000,0x000000fe6f500000)]
  0x000002c441cba110 JavaThread "Incoming local TCP Connector on port 64198" [_thread_in_native, id=8680, stack(0x000000fe6f500000,0x000000fe6f600000)]
  0x000002c441cb9bc0 JavaThread "Daemon periodic checks" [_thread_blocked, id=8788, stack(0x000000fe6f600000,0x000000fe6f700000)]
  0x000002c441cb7be0 JavaThread "Daemon" [_thread_blocked, id=5444, stack(0x000000fe6f700000,0x000000fe6f800000)]
  0x000002c441cb9670 JavaThread "Handler for socket connection from /127.0.0.1:64198 to /127.0.0.1:64199" [_thread_in_native, id=12968, stack(0x000000fe6f800000,0x000000fe6f900000)]
  0x000002c441cba660 JavaThread "Cancel handler" [_thread_blocked, id=5980, stack(0x000000fe6f900000,0x000000fe6fa00000)]
  0x000002c441cbabb0 JavaThread "Daemon worker" [_thread_blocked, id=5644, stack(0x000000fe6fa00000,0x000000fe6fb00000)]
  0x000002c441cb7690 JavaThread "Asynchronous log dispatcher for DefaultDaemonConnection: socket connection from /127.0.0.1:64198 to /127.0.0.1:64199" [_thread_blocked, id=10076, stack(0x000000fe6fb00000,0x000000fe6fc00000)]
  0x000002c444bb7500 JavaThread "Stdin handler" [_thread_blocked, id=1312, stack(0x000000fe6fc00000,0x000000fe6fd00000)]
  0x000002c444bbb4c0 JavaThread "Daemon client event forwarder" [_thread_blocked, id=4040, stack(0x000000fe6fd00000,0x000000fe6fe00000)]
  0x000002c444bbbf60 JavaThread "Cache worker for journal cache (C:\Users\ITECH\.gradle\caches\journal-1)" [_thread_blocked, id=4264, stack(0x000000fe6fe00000,0x000000fe6ff00000)]
  0x000002c444bb4530 JavaThread "File lock request listener" [_thread_in_native, id=1888, stack(0x000000fe6ff00000,0x000000fe70000000)]
  0x000002c444bb6a60 JavaThread "Cache worker for file hash cache (C:\Users\ITECH\.gradle\caches\7.3.3\fileHashes)" [_thread_blocked, id=11500, stack(0x000000fe70000000,0x000000fe70100000)]
  0x000002c444bb5fc0 JavaThread "Cache worker for file hash cache (C:\Users\ITECH\AndroidStudioProjects\yummy\.gradle\7.3.3\fileHashes)" [_thread_blocked, id=12540, stack(0x000000fe70100000,0x000000fe70200000)]
  0x000002c444bb6fb0 JavaThread "File watcher server" daemon [_thread_in_native, id=9108, stack(0x000000fe70500000,0x000000fe70600000)]
  0x000002c444bb8a40 JavaThread "File watcher consumer" daemon [_thread_blocked, id=7300, stack(0x000000fe70600000,0x000000fe70700000)]
  0x000002c444bb4fd0 JavaThread "Cache worker for checksums cache (C:\Users\ITECH\AndroidStudioProjects\yummy\.gradle\7.3.3\checksums)" [_thread_blocked, id=8796, stack(0x000000fe70700000,0x000000fe70800000)]
  0x000002c444bba4d0 JavaThread "Cache worker for cache directory md-supplier (C:\Users\ITECH\.gradle\caches\7.3.3\md-supplier)" [_thread_blocked, id=4964, stack(0x000000fe70800000,0x000000fe70900000)]
  0x000002c444bb9f80 JavaThread "Cache worker for cache directory md-rule (C:\Users\ITECH\.gradle\caches\7.3.3\md-rule)" [_thread_blocked, id=1640, stack(0x000000fe70900000,0x000000fe70a00000)]
  0x000002c444bb5520 JavaThread "Cache worker for execution history cache (C:\Users\ITECH\.gradle\caches\7.3.3\executionHistory)" [_thread_blocked, id=1156, stack(0x000000fe70b00000,0x000000fe70c00000)]
  0x000002c444bb7a50 JavaThread "jar transforms" [_thread_blocked, id=8908, stack(0x000000fe70c00000,0x000000fe70d00000)]
  0x000002c444bbaa20 JavaThread "Cache worker for file content cache (C:\Users\ITECH\.gradle\caches\7.3.3\fileContent)" [_thread_blocked, id=9028, stack(0x000000fe70d00000,0x000000fe70e00000)]
  0x000002c444bb5a70 JavaThread "jar transforms Thread 2" [_thread_blocked, id=10908, stack(0x000000fe70e00000,0x000000fe70f00000)]
  0x000002c444bbaf70 JavaThread "Cache worker for dependencies-accessors (C:\Users\ITECH\AndroidStudioProjects\yummy\.gradle\7.3.3\dependencies-accessors)" [_thread_blocked, id=11400, stack(0x000000fe70f00000,0x000000fe71000000)]
  0x000002c444bb6510 JavaThread "jar transforms Thread 3" [_thread_blocked, id=11048, stack(0x000000fe71000000,0x000000fe71100000)]
  0x000002c444bb94e0 JavaThread "Cache worker for Build Output Cleanup Cache (C:\Users\ITECH\AndroidStudioProjects\yummy\.gradle\buildOutputCleanup)" [_thread_blocked, id=5616, stack(0x000000fe71100000,0x000000fe71200000)]
  0x000002c444bb9a30 JavaThread "Unconstrained build operations" [_thread_blocked, id=3720, stack(0x000000fe71200000,0x000000fe71300000)]
  0x000002c444bbba10 JavaThread "Unconstrained build operations Thread 2" [_thread_blocked, id=9540, stack(0x000000fe71300000,0x000000fe71400000)]
  0x000002c4456e4760 JavaThread "Unconstrained build operations Thread 3" [_thread_blocked, id=5804, stack(0x000000fe71400000,0x000000fe71500000)]
  0x000002c4456e5750 JavaThread "Unconstrained build operations Thread 4" [_thread_blocked, id=1168, stack(0x000000fe71500000,0x000000fe71600000)]
  0x000002c4456e2780 JavaThread "Unconstrained build operations Thread 5" [_thread_blocked, id=5996, stack(0x000000fe71600000,0x000000fe71700000)]
  0x000002c4456e5ca0 JavaThread "Unconstrained build operations Thread 6" [_thread_blocked, id=5760, stack(0x000000fe71700000,0x000000fe71800000)]
  0x000002c4456e2cd0 JavaThread "Unconstrained build operations Thread 7" [_thread_blocked, id=13308, stack(0x000000fe71800000,0x000000fe71900000)]
  0x000002c4456e4210 JavaThread "Unconstrained build operations Thread 8" [_thread_blocked, id=268, stack(0x000000fe71900000,0x000000fe71a00000)]
  0x000002c4456e4cb0 JavaThread "Unconstrained build operations Thread 9" [_thread_blocked, id=7512, stack(0x000000fe71a00000,0x000000fe71b00000)]
  0x000002c4456e5200 JavaThread "Unconstrained build operations Thread 10" [_thread_blocked, id=3352, stack(0x000000fe71b00000,0x000000fe71c00000)]
  0x000002c4456e3220 JavaThread "Unconstrained build operations Thread 11" [_thread_blocked, id=9228, stack(0x000000fe71c00000,0x000000fe71d00000)]
  0x000002c4456e3770 JavaThread "Unconstrained build operations Thread 12" [_thread_blocked, id=9856, stack(0x000000fe71d00000,0x000000fe71e00000)]
  0x000002c4456e3cc0 JavaThread "Unconstrained build operations Thread 13" [_thread_blocked, id=7716, stack(0x000000fe71e00000,0x000000fe71f00000)]
  0x000002c44419f2e0 JavaThread "Unconstrained build operations Thread 14" [_thread_blocked, id=2040, stack(0x000000fe71f00000,0x000000fe72000000)]
  0x000002c44419e2f0 JavaThread "Unconstrained build operations Thread 15" [_thread_blocked, id=3656, stack(0x000000fe72000000,0x000000fe72100000)]
  0x000002c44419dda0 JavaThread "Unconstrained build operations Thread 16" [_thread_blocked, id=12088, stack(0x000000fe72100000,0x000000fe72200000)]
  0x000002c44419bdc0 JavaThread "Unconstrained build operations Thread 17" [_thread_blocked, id=6792, stack(0x000000fe72200000,0x000000fe72300000)]
  0x000002c44419e840 JavaThread "Unconstrained build operations Thread 18" [_thread_blocked, id=11468, stack(0x000000fe72300000,0x000000fe72400000)]
  0x000002c44419fd80 JavaThread "Unconstrained build operations Thread 19" [_thread_blocked, id=5524, stack(0x000000fe72400000,0x000000fe72500000)]
  0x000002c4441a12c0 JavaThread "Unconstrained build operations Thread 20" [_thread_blocked, id=13040, stack(0x000000fe72500000,0x000000fe72600000)]
  0x000002c44419ed90 JavaThread "Unconstrained build operations Thread 21" [_thread_blocked, id=9496, stack(0x000000fe72600000,0x000000fe72700000)]
  0x000002c44419f830 JavaThread "Unconstrained build operations Thread 22" [_thread_blocked, id=11060, stack(0x000000fe72700000,0x000000fe72800000)]
  0x000002c44419c310 JavaThread "Unconstrained build operations Thread 23" [_thread_blocked, id=8576, stack(0x000000fe72800000,0x000000fe72900000)]
  0x000002c4441a02d0 JavaThread "Unconstrained build operations Thread 24" [_thread_blocked, id=7808, stack(0x000000fe72900000,0x000000fe72a00000)]
  0x000002c44419b320 JavaThread "Unconstrained build operations Thread 25" [_thread_blocked, id=6616, stack(0x000000fe72a00000,0x000000fe72b00000)]
  0x000002c44419b870 JavaThread "Unconstrained build operations Thread 26" [_thread_blocked, id=13272, stack(0x000000fe72b00000,0x000000fe72c00000)]
  0x000002c4441a1810 JavaThread "Unconstrained build operations Thread 27" [_thread_blocked, id=10864, stack(0x000000fe72c00000,0x000000fe72d00000)]
  0x000002c44419c860 JavaThread "Unconstrained build operations Thread 28" [_thread_blocked, id=6844, stack(0x000000fe72d00000,0x000000fe72e00000)]
  0x000002c44419cdb0 JavaThread "Unconstrained build operations Thread 29" [_thread_blocked, id=320, stack(0x000000fe72e00000,0x000000fe72f00000)]
  0x000002c4441a22b0 JavaThread "Unconstrained build operations Thread 30" [_thread_blocked, id=11316, stack(0x000000fe72f00000,0x000000fe73000000)]
  0x000002c4441a1d60 JavaThread "Unconstrained build operations Thread 31" [_thread_blocked, id=11076, stack(0x000000fe73000000,0x000000fe73100000)]
  0x000002c4441a2800 JavaThread "Unconstrained build operations Thread 32" [_thread_blocked, id=9280, stack(0x000000fe73100000,0x000000fe73200000)]
  0x000002c4441a0820 JavaThread "Unconstrained build operations Thread 33" [_thread_blocked, id=9528, stack(0x000000fe73200000,0x000000fe73300000)]
  0x000002c44419d300 JavaThread "Unconstrained build operations Thread 34" [_thread_blocked, id=1284, stack(0x000000fe73300000,0x000000fe73400000)]
  0x000002c44419add0 JavaThread "Unconstrained build operations Thread 35" [_thread_blocked, id=9272, stack(0x000000fe73400000,0x000000fe73500000)]
  0x000002c44419d850 JavaThread "Unconstrained build operations Thread 36" [_thread_blocked, id=10532, stack(0x000000fe73500000,0x000000fe73600000)]
  0x000002c4441a0d70 JavaThread "Unconstrained build operations Thread 37" [_thread_blocked, id=12428, stack(0x000000fe73600000,0x000000fe73700000)]
  0x000002c4451d69b0 JavaThread "Unconstrained build operations Thread 38" [_thread_blocked, id=12980, stack(0x000000fe73700000,0x000000fe73800000)]
  0x000002c4451d5f10 JavaThread "Unconstrained build operations Thread 39" [_thread_blocked, id=9884, stack(0x000000fe73800000,0x000000fe73900000)]
  0x000002c4451d6f00 JavaThread "Unconstrained build operations Thread 40" [_thread_blocked, id=10168, stack(0x000000fe73900000,0x000000fe73a00000)]
  0x000002c4451d29f0 JavaThread "Unconstrained build operations Thread 41" [_thread_blocked, id=7284, stack(0x000000fe73a00000,0x000000fe73b00000)]
  0x000002c4451d24a0 JavaThread "Unconstrained build operations Thread 42" [_thread_blocked, id=2676, stack(0x000000fe73b00000,0x000000fe73c00000)]
  0x000002c4451d59c0 JavaThread "Unconstrained build operations Thread 43" [_thread_blocked, id=9560, stack(0x000000fe73c00000,0x000000fe73d00000)]
  0x000002c4451d7450 JavaThread "Unconstrained build operations Thread 44" [_thread_blocked, id=11656, stack(0x000000fe73d00000,0x000000fe73e00000)]
  0x000002c4451d79a0 JavaThread "Unconstrained build operations Thread 45" [_thread_blocked, id=10904, stack(0x000000fe73e00000,0x000000fe73f00000)]
  0x000002c4451d8ee0 JavaThread "Unconstrained build operations Thread 46" [_thread_blocked, id=6376, stack(0x000000fe73f00000,0x000000fe74000000)]
  0x000002c4451d8440 JavaThread "Unconstrained build operations Thread 47" [_thread_blocked, id=6340, stack(0x000000fe74000000,0x000000fe74100000)]
  0x000002c4451d49d0 JavaThread "Unconstrained build operations Thread 48" [_thread_blocked, id=6948, stack(0x000000fe74100000,0x000000fe74200000)]
  0x000002c4451d6460 JavaThread "Unconstrained build operations Thread 49" [_thread_blocked, id=6304, stack(0x000000fe74200000,0x000000fe74300000)]
  0x000002c4451d4f20 JavaThread "Unconstrained build operations Thread 50" [_thread_blocked, id=8048, stack(0x000000fe74300000,0x000000fe74400000)]
  0x000002c4451d4480 JavaThread "Unconstrained build operations Thread 51" [_thread_blocked, id=9588, stack(0x000000fe74400000,0x000000fe74500000)]
  0x000002c4451d5470 JavaThread "Unconstrained build operations Thread 52" [_thread_blocked, id=13212, stack(0x000000fe74500000,0x000000fe74600000)]
  0x000002c4451d7ef0 JavaThread "Unconstrained build operations Thread 53" [_thread_blocked, id=9772, stack(0x000000fe74600000,0x000000fe74700000)]
  0x000002c4451d8990 JavaThread "Unconstrained build operations Thread 54" [_thread_blocked, id=4004, stack(0x000000fe74700000,0x000000fe74800000)]
  0x000002c4451d9430 JavaThread "Unconstrained build operations Thread 55" [_thread_blocked, id=13008, stack(0x000000fe74800000,0x000000fe74900000)]
  0x000002c4451d9980 JavaThread "Unconstrained build operations Thread 56" [_thread_blocked, id=6612, stack(0x000000fe74900000,0x000000fe74a00000)]
  0x000002c4451d9ed0 JavaThread "Unconstrained build operations Thread 57" [_thread_blocked, id=9760, stack(0x000000fe74a00000,0x000000fe74b00000)]
  0x000002c4451d3490 JavaThread "Unconstrained build operations Thread 58" [_thread_blocked, id=9412, stack(0x000000fe74b00000,0x000000fe74c00000)]
  0x000002c4451d2f40 JavaThread "Unconstrained build operations Thread 59" [_thread_blocked, id=3196, stack(0x000000fe74c00000,0x000000fe74d00000)]
  0x000002c4451d39e0 JavaThread "Unconstrained build operations Thread 60" [_thread_blocked, id=1628, stack(0x000000fe74d00000,0x000000fe74e00000)]
  0x000002c4451d3f30 JavaThread "Unconstrained build operations Thread 61" [_thread_blocked, id=10688, stack(0x000000fe74e00000,0x000000fe74f00000)]
  0x000002c44522ba50 JavaThread "Unconstrained build operations Thread 62" [_thread_blocked, id=4868, stack(0x000000fe74f00000,0x000000fe75000000)]
  0x000002c44522fa10 JavaThread "Unconstrained build operations Thread 63" [_thread_blocked, id=11144, stack(0x000000fe75000000,0x000000fe75100000)]
  0x000002c4452329e0 JavaThread "Unconstrained build operations Thread 64" [_thread_blocked, id=12152, stack(0x000000fe75100000,0x000000fe75200000)]
  0x000002c445230a00 JavaThread "Unconstrained build operations Thread 65" [_thread_blocked, id=5584, stack(0x000000fe75200000,0x000000fe75300000)]
  0x000002c44522ff60 JavaThread "Unconstrained build operations Thread 66" [_thread_blocked, id=600, stack(0x000000fe75300000,0x000000fe75400000)]
  0x000002c44522ca40 JavaThread "Unconstrained build operations Thread 67" [_thread_blocked, id=4952, stack(0x000000fe75400000,0x000000fe75500000)]
  0x000002c4452314a0 JavaThread "Unconstrained build operations Thread 68" [_thread_blocked, id=12868, stack(0x000000fe75500000,0x000000fe75600000)]
  0x000002c44522bfa0 JavaThread "Unconstrained build operations Thread 69" [_thread_blocked, id=3264, stack(0x000000fe75600000,0x000000fe75700000)]
  0x000002c44522c4f0 JavaThread "Unconstrained build operations Thread 70" [_thread_blocked, id=11872, stack(0x000000fe75700000,0x000000fe75800000)]
  0x000002c44522e4d0 JavaThread "Unconstrained build operations Thread 71" [_thread_blocked, id=3256, stack(0x000000fe75800000,0x000000fe75900000)]
  0x000002c44522cf90 JavaThread "Unconstrained build operations Thread 72" [_thread_blocked, id=5504, stack(0x000000fe75900000,0x000000fe75a00000)]
  0x000002c44522d4e0 JavaThread "Unconstrained build operations Thread 73" [_thread_blocked, id=1096, stack(0x000000fe75a00000,0x000000fe75b00000)]
  0x000002c445230f50 JavaThread "Unconstrained build operations Thread 74" [_thread_blocked, id=12128, stack(0x000000fe75b00000,0x000000fe75c00000)]
  0x000002c44522da30 JavaThread "Unconstrained build operations Thread 75" [_thread_blocked, id=3928, stack(0x000000fe75c00000,0x000000fe75d00000)]
  0x000002c44522df80 JavaThread "Unconstrained build operations Thread 76" [_thread_blocked, id=1736, stack(0x000000fe75d00000,0x000000fe75e00000)]
  0x000002c4452319f0 JavaThread "Unconstrained build operations Thread 77" [_thread_blocked, id=9728, stack(0x000000fe75e00000,0x000000fe75f00000)]
  0x000002c44522ea20 JavaThread "Unconstrained build operations Thread 78" [_thread_blocked, id=12408, stack(0x000000fe75f00000,0x000000fe76000000)]
  0x000002c44522ef70 JavaThread "Unconstrained build operations Thread 79" [_thread_blocked, id=10108, stack(0x000000fe76000000,0x000000fe76100000)]
  0x000002c44522f4c0 JavaThread "Unconstrained build operations Thread 80" [_thread_blocked, id=2136, stack(0x000000fe76100000,0x000000fe76200000)]
  0x000002c4452304b0 JavaThread "jar transforms Thread 4" [_thread_blocked, id=4432, stack(0x000000fe76200000,0x000000fe76300000)]
  0x000002c445231f40 JavaThread "jar transforms Thread 5" [_thread_blocked, id=2592, stack(0x000000fe76300000,0x000000fe76400000)]
  0x000002c445232490 JavaThread "jar transforms Thread 6" [_thread_blocked, id=13068, stack(0x000000fe76400000,0x000000fe76500000)]
  0x000002c44522afb0 JavaThread "jar transforms Thread 7" [_thread_blocked, id=2436, stack(0x000000fe76500000,0x000000fe76600000)]
  0x000002c44522b500 JavaThread "jar transforms Thread 8" [_thread_blocked, id=3940, stack(0x000000fe76600000,0x000000fe76700000)]
  0x000002c4476c67d0 JavaThread "C2 CompilerThread1" daemon [_thread_in_native, id=5200, stack(0x000000fe6ee00000,0x000000fe6ef00000)]
  0x000002c447e19840 JavaThread "Memory manager" [_thread_blocked, id=11916, stack(0x000000fe6f300000,0x000000fe6f400000)]
  0x000002c44436edc0 JavaThread "C2 CompilerThread2" daemon [_thread_in_native, id=1980, stack(0x000000fe76700000,0x000000fe76800000)]
  0x000002c447e1d2b0 JavaThread "build event listener" [_thread_blocked, id=7052, stack(0x000000fe76800000,0x000000fe76900000)]
  0x000002c447e15dd0 JavaThread "pool-3-thread-1" [_thread_blocked, id=6532, stack(0x000000fe76900000,0x000000fe76a00000)]
  0x000002c447e16870 JavaThread "build event listener" [_thread_blocked, id=1412, stack(0x000000fe76a00000,0x000000fe76b00000)]
  0x000002c447e17310 JavaThread "Execution worker for ':'" [_thread_blocked, id=2900, stack(0x000000fe76b00000,0x000000fe76c00000)]
  0x000002c447e1ad80 JavaThread "Execution worker for ':' Thread 2" [_thread_blocked, id=6900, stack(0x000000fe76c00000,0x000000fe76d00000)]
  0x000002c447e1b2d0 JavaThread "Execution worker for ':' Thread 3" [_thread_blocked, id=2596, stack(0x000000fe76d00000,0x000000fe76e00000)]
  0x000002c447e1a830 JavaThread "Execution worker for ':' Thread 4" [_thread_blocked, id=2768, stack(0x000000fe76e00000,0x000000fe76f00000)]
  0x000002c447e16320 JavaThread "Execution worker for ':' Thread 5" [_thread_blocked, id=9952, stack(0x000000fe76f00000,0x000000fe77000000)]
  0x000002c447e18850 JavaThread "Execution worker for ':' Thread 6" [_thread_blocked, id=9956, stack(0x000000fe77000000,0x000000fe77100000)]
  0x000002c447e17860 JavaThread "Execution worker for ':' Thread 7" [_thread_blocked, id=2096, stack(0x000000fe77100000,0x000000fe77200000)]
  0x000002c447e192f0 JavaThread "Cache worker for execution history cache (C:\Users\ITECH\AndroidStudioProjects\yummy\.gradle\7.3.3\executionHistory)" [_thread_blocked, id=10544, stack(0x000000fe77200000,0x000000fe77300000)]

Other Threads:
  0x000002c440fae2e0 VMThread "VM Thread" [stack: 0x000000fe6e100000,0x000000fe6e200000] [id=12340]
  0x000002c441cc5680 WatcherThread [stack: 0x000000fe6ed00000,0x000000fe6ee00000] [id=4860]
  0x000002c422f5d6e0 GCTaskThread "GC Thread#0" [stack: 0x000000fe6dc00000,0x000000fe6dd00000] [id=12464]
  0x000002c44289ac40 GCTaskThread "GC Thread#1" [stack: 0x000000fe6ef00000,0x000000fe6f000000] [id=8580]
  0x000002c44296e830 GCTaskThread "GC Thread#2" [stack: 0x000000fe6f000000,0x000000fe6f100000] [id=2332]
  0x000002c442136e40 GCTaskThread "GC Thread#3" [stack: 0x000000fe6f100000,0x000000fe6f200000] [id=3544]
  0x000002c4427b8550 GCTaskThread "GC Thread#4" [stack: 0x000000fe6f200000,0x000000fe6f300000] [id=11308]
  0x000002c442da93b0 GCTaskThread "GC Thread#5" [stack: 0x000000fe70200000,0x000000fe70300000] [id=12184]
  0x000002c442da96c0 GCTaskThread "GC Thread#6" [stack: 0x000000fe70300000,0x000000fe70400000] [id=2832]
  0x000002c442da8460 GCTaskThread "GC Thread#7" [stack: 0x000000fe70400000,0x000000fe70500000] [id=7992]
  0x000002c422f6e4d0 ConcurrentGCThread "G1 Main Marker" [stack: 0x000000fe6dd00000,0x000000fe6de00000] [id=1204]
  0x000002c422f6f410 ConcurrentGCThread "G1 Conc#0" [stack: 0x000000fe6de00000,0x000000fe6df00000] [id=9336]
  0x000002c442da9ce0 ConcurrentGCThread "G1 Conc#1" [stack: 0x000000fe70a00000,0x000000fe70b00000] [id=11292]
  0x000002c422ff80b0 ConcurrentGCThread "G1 Refine#0" [stack: 0x000000fe6df00000,0x000000fe6e000000] [id=5148]
  0x000002c422ff97f0 ConcurrentGCThread "G1 Service" [stack: 0x000000fe6e000000,0x000000fe6e100000] [id=11068]

Threads with active compile tasks:
C2 CompilerThread0    10095 9236   !   4       java.nio.file.FileTreeWalker::next (144 bytes)
C2 CompilerThread1    10095 9286       4       java.math.BigInteger::makePositive (259 bytes)
C2 CompilerThread2    10095 9259       4       sun.invoke.util.BytecodeDescriptor::unparseSig (49 bytes)

VM state: not at safepoint (normal execution)

VM Mutex/Monitor currently owned by a thread: None

OutOfMemory and StackOverflow Exception counts:
OutOfMemoryError java_heap_errors=1
LinkageErrors=138

Heap address: 0x0000000080000000, size: 2048 MB, Compressed Oops mode: 32-bit

CDS archive(s) mapped at: [0x0000000800000000-0x0000000800bb0000-0x0000000800bb0000), size 12255232, SharedBaseAddress: 0x0000000800000000, ArchiveRelocationMode: 0.
Compressed class space mapped at: 0x0000000800c00000-0x0000000840c00000, reserved size: 1073741824
Narrow klass base: 0x0000000800000000, Narrow klass shift: 3, Narrow klass range: 0x100000000

GC Precious Log:
 CPUs: 8 total, 8 available
 Memory: 7959M
 Large Page Support: Disabled
 NUMA Support: Disabled
 Compressed Oops: Enabled (32-bit)
 Heap Region Size: 1M
 Heap Min Capacity: 8M
 Heap Initial Capacity: 126M
 Heap Max Capacity: 2G
 Pre-touch: Disabled
 Parallel Workers: 8
 Concurrent Workers: 2
 Concurrent Refinement Workers: 8
 Periodic GC: Disabled

Heap:
 garbage-first heap   total 132096K, used 76941K [0x0000000080000000, 0x0000000100000000)
  region size 1024K, 8 young (8192K), 4 survivors (4096K)
 Metaspace       used 74287K, committed 74880K, reserved 1114112K
  class space    used 10047K, committed 10304K, reserved 1048576K

Heap Regions: E=young(eden), S=young(survivor), O=old, HS=humongous(starts), HC=humongous(continues), CS=collection set, F=free, OA=open archive, CA=closed archive, TAMS=top-at-mark-start (previous, next)
|   0|0x0000000080000000, 0x0000000080100000, 0x0000000080100000|100%| O|  |TAMS 0x0000000080100000, 0x0000000080100000| Untracked 
|   1|0x0000000080100000, 0x0000000080200000, 0x0000000080200000|100%| O|  |TAMS 0x0000000080200000, 0x0000000080200000| Untracked 
|   2|0x0000000080200000, 0x0000000080300000, 0x0000000080300000|100%| O|  |TAMS 0x0000000080300000, 0x0000000080300000| Untracked 
|   3|0x0000000080300000, 0x0000000080400000, 0x0000000080400000|100%|HS|  |TAMS 0x0000000080400000, 0x0000000080400000| Complete 
|   4|0x0000000080400000, 0x0000000080500000, 0x0000000080500000|100%|HC|  |TAMS 0x0000000080500000, 0x0000000080500000| Complete 
|   5|0x0000000080500000, 0x0000000080600000, 0x0000000080600000|100%|HC|  |TAMS 0x0000000080600000, 0x0000000080600000| Complete 
|   6|0x0000000080600000, 0x0000000080700000, 0x0000000080700000|100%| O|  |TAMS 0x0000000080700000, 0x0000000080700000| Untracked 
|   7|0x0000000080700000, 0x0000000080800000, 0x0000000080800000|100%| O|  |TAMS 0x0000000080800000, 0x0000000080800000| Untracked 
|   8|0x0000000080800000, 0x0000000080900000, 0x0000000080900000|100%| O|  |TAMS 0x0000000080900000, 0x0000000080900000| Untracked 
|   9|0x0000000080900000, 0x0000000080a00000, 0x0000000080a00000|100%| O|  |TAMS 0x0000000080a00000, 0x0000000080a00000| Untracked 
|  10|0x0000000080a00000, 0x0000000080b00000, 0x0000000080b00000|100%| O|  |TAMS 0x0000000080b00000, 0x0000000080b00000| Untracked 
|  11|0x0000000080b00000, 0x0000000080c00000, 0x0000000080c00000|100%| O|  |TAMS 0x0000000080c00000, 0x0000000080c00000| Untracked 
|  12|0x0000000080c00000, 0x0000000080d00000, 0x0000000080d00000|100%| O|  |TAMS 0x0000000080d00000, 0x0000000080d00000| Untracked 
|  13|0x0000000080d00000, 0x0000000080e00000, 0x0000000080e00000|100%| O|  |TAMS 0x0000000080e00000, 0x0000000080e00000| Untracked 
|  14|0x0000000080e00000, 0x0000000080f00000, 0x0000000080f00000|100%| O|  |TAMS 0x0000000080f00000, 0x0000000080f00000| Untracked 
|  15|0x0000000080f00000, 0x0000000081000000, 0x0000000081000000|100%| O|  |TAMS 0x0000000081000000, 0x0000000081000000| Untracked 
|  16|0x0000000081000000, 0x0000000081100000, 0x0000000081100000|100%| O|  |TAMS 0x0000000081100000, 0x0000000081100000| Untracked 
|  17|0x0000000081100000, 0x0000000081200000, 0x0000000081200000|100%| O|  |TAMS 0x0000000081200000, 0x0000000081200000| Untracked 
|  18|0x0000000081200000, 0x0000000081207e00, 0x0000000081300000|  3%| O|  |TAMS 0x0000000081207e00, 0x0000000081207e00| Untracked 
|  19|0x0000000081300000, 0x0000000081400000, 0x0000000081400000|100%| O|  |TAMS 0x0000000081400000, 0x0000000081400000| Untracked 
|  20|0x0000000081400000, 0x0000000081500000, 0x0000000081500000|100%| O|  |TAMS 0x0000000081500000, 0x0000000081500000| Untracked 
|  21|0x0000000081500000, 0x0000000081600000, 0x0000000081600000|100%| O|  |TAMS 0x0000000081600000, 0x0000000081600000| Untracked 
|  22|0x0000000081600000, 0x0000000081700000, 0x0000000081700000|100%| O|  |TAMS 0x0000000081700000, 0x0000000081700000| Untracked 
|  23|0x0000000081700000, 0x0000000081800000, 0x0000000081800000|100%| O|  |TAMS 0x0000000081800000, 0x0000000081800000| Untracked 
|  24|0x0000000081800000, 0x0000000081900000, 0x0000000081900000|100%| O|  |TAMS 0x0000000081900000, 0x0000000081900000| Untracked 
|  25|0x0000000081900000, 0x0000000081a00000, 0x0000000081a00000|100%| O|  |TAMS 0x0000000081a00000, 0x0000000081a00000| Untracked 
|  26|0x0000000081a00000, 0x0000000081b00000, 0x0000000081b00000|100%|HS|  |TAMS 0x0000000081b00000, 0x0000000081b00000| Complete 
|  27|0x0000000081b00000, 0x0000000081c00000, 0x0000000081c00000|100%|HS|  |TAMS 0x0000000081c00000, 0x0000000081c00000| Complete 
|  28|0x0000000081c00000, 0x0000000081d00000, 0x0000000081d00000|100%| O|  |TAMS 0x0000000081d00000, 0x0000000081d00000| Untracked 
|  29|0x0000000081d00000, 0x0000000081e00000, 0x0000000081e00000|100%| O|  |TAMS 0x0000000081e00000, 0x0000000081e00000| Untracked 
|  30|0x0000000081e00000, 0x0000000081f00000, 0x0000000081f00000|100%| O|  |TAMS 0x0000000081f00000, 0x0000000081f00000| Untracked 
|  31|0x0000000081f00000, 0x0000000082000000, 0x0000000082000000|100%| O|  |TAMS 0x0000000082000000, 0x0000000082000000| Untracked 
|  32|0x0000000082000000, 0x0000000082100000, 0x0000000082100000|100%| O|  |TAMS 0x0000000082100000, 0x0000000082100000| Untracked 
|  33|0x0000000082100000, 0x0000000082200000, 0x0000000082200000|100%| O|  |TAMS 0x0000000082200000, 0x0000000082200000| Untracked 
|  34|0x0000000082200000, 0x0000000082300000, 0x0000000082300000|100%| O|  |TAMS 0x0000000082300000, 0x0000000082300000| Untracked 
|  35|0x0000000082300000, 0x0000000082400000, 0x0000000082400000|100%| O|  |TAMS 0x0000000082400000, 0x0000000082400000| Untracked 
|  36|0x0000000082400000, 0x0000000082500000, 0x0000000082500000|100%| O|  |TAMS 0x0000000082500000, 0x0000000082500000| Untracked 
|  37|0x0000000082500000, 0x0000000082600000, 0x0000000082600000|100%|HS|  |TAMS 0x0000000082600000, 0x0000000082600000| Complete 
|  38|0x0000000082600000, 0x0000000082700000, 0x0000000082700000|100%|HC|  |TAMS 0x0000000082700000, 0x0000000082700000| Complete 
|  39|0x0000000082700000, 0x0000000082800000, 0x0000000082800000|100%| O|  |TAMS 0x0000000082800000, 0x0000000082800000| Untracked 
|  40|0x0000000082800000, 0x0000000082900000, 0x0000000082900000|100%| O|  |TAMS 0x0000000082900000, 0x0000000082900000| Untracked 
|  41|0x0000000082900000, 0x0000000082a00000, 0x0000000082a00000|100%| O|  |TAMS 0x0000000082a00000, 0x0000000082a00000| Untracked 
|  42|0x0000000082a00000, 0x0000000082b00000, 0x0000000082b00000|100%| O|  |TAMS 0x0000000082b00000, 0x0000000082b00000| Untracked 
|  43|0x0000000082b00000, 0x0000000082c00000, 0x0000000082c00000|100%| O|  |TAMS 0x0000000082c00000, 0x0000000082c00000| Untracked 
|  44|0x0000000082c00000, 0x0000000082d00000, 0x0000000082d00000|100%| O|  |TAMS 0x0000000082d00000, 0x0000000082d00000| Untracked 
|  45|0x0000000082d00000, 0x0000000082e00000, 0x0000000082e00000|100%| O|  |TAMS 0x0000000082e00000, 0x0000000082e00000| Untracked 
|  46|0x0000000082e00000, 0x0000000082f00000, 0x0000000082f00000|100%| O|  |TAMS 0x0000000082f00000, 0x0000000082f00000| Untracked 
|  47|0x0000000082f00000, 0x0000000083000000, 0x0000000083000000|100%| O|  |TAMS 0x0000000083000000, 0x0000000083000000| Untracked 
|  48|0x0000000083000000, 0x0000000083100000, 0x0000000083100000|100%| O|  |TAMS 0x0000000083100000, 0x0000000083100000| Untracked 
|  49|0x0000000083100000, 0x0000000083200000, 0x0000000083200000|100%| O|  |TAMS 0x0000000083200000, 0x0000000083200000| Untracked 
|  50|0x0000000083200000, 0x0000000083300000, 0x0000000083300000|100%| O|  |TAMS 0x0000000083300000, 0x0000000083300000| Untracked 
|  51|0x0000000083300000, 0x0000000083400000, 0x0000000083400000|100%| O|  |TAMS 0x0000000083400000, 0x0000000083400000| Untracked 
|  52|0x0000000083400000, 0x0000000083500000, 0x0000000083500000|100%| O|  |TAMS 0x0000000083500000, 0x0000000083500000| Untracked 
|  53|0x0000000083500000, 0x0000000083600000, 0x0000000083600000|100%| O|  |TAMS 0x0000000083600000, 0x0000000083600000| Untracked 
|  54|0x0000000083600000, 0x0000000083700000, 0x0000000083700000|100%| O|  |TAMS 0x0000000083700000, 0x0000000083700000| Untracked 
|  55|0x0000000083700000, 0x0000000083800000, 0x0000000083800000|100%| O|  |TAMS 0x0000000083800000, 0x0000000083800000| Untracked 
|  56|0x0000000083800000, 0x0000000083900000, 0x0000000083900000|100%| O|  |TAMS 0x0000000083900000, 0x0000000083900000| Untracked 
|  57|0x0000000083900000, 0x0000000083a00000, 0x0000000083a00000|100%| O|  |TAMS 0x0000000083a00000, 0x0000000083a00000| Untracked 
|  58|0x0000000083a00000, 0x0000000083b00000, 0x0000000083b00000|100%| O|  |TAMS 0x0000000083b00000, 0x0000000083b00000| Untracked 
|  59|0x0000000083b00000, 0x0000000083c00000, 0x0000000083c00000|100%| O|  |TAMS 0x0000000083c00000, 0x0000000083c00000| Untracked 
|  60|0x0000000083c00000, 0x0000000083d00000, 0x0000000083d00000|100%| O|  |TAMS 0x0000000083d00000, 0x0000000083d00000| Untracked 
|  61|0x0000000083d00000, 0x0000000083e00000, 0x0000000083e00000|100%| O|  |TAMS 0x0000000083d4c200, 0x0000000083e00000| Untracked 
|  62|0x0000000083e00000, 0x0000000083f00000, 0x0000000083f00000|100%| O|  |TAMS 0x0000000083e00000, 0x0000000083f00000| Untracked 
|  63|0x0000000083f00000, 0x0000000084000000, 0x0000000084000000|100%| O|  |TAMS 0x0000000083f00000, 0x0000000084000000| Untracked 
|  64|0x0000000084000000, 0x0000000084100000, 0x0000000084100000|100%| O|  |TAMS 0x0000000084000000, 0x0000000084100000| Untracked 
|  65|0x0000000084100000, 0x0000000084200000, 0x0000000084200000|100%| O|  |TAMS 0x0000000084100000, 0x0000000084200000| Untracked 
|  66|0x0000000084200000, 0x0000000084300000, 0x0000000084300000|100%| O|  |TAMS 0x0000000084200000, 0x0000000084300000| Untracked 
|  67|0x0000000084300000, 0x0000000084333000, 0x0000000084400000| 19%| O|  |TAMS 0x0000000084300000, 0x0000000084333000| Untracked 
|  68|0x0000000084400000, 0x0000000084500000, 0x0000000084500000|100%|HS|  |TAMS 0x0000000084400000, 0x0000000084400000| Complete 
|  69|0x0000000084500000, 0x0000000084600000, 0x0000000084600000|100%|HC|  |TAMS 0x0000000084500000, 0x0000000084500000| Complete 
|  70|0x0000000084600000, 0x0000000084600000, 0x0000000084700000|  0%| F|  |TAMS 0x0000000084600000, 0x0000000084600000| Untracked 
|  71|0x0000000084700000, 0x0000000084700000, 0x0000000084800000|  0%| F|  |TAMS 0x0000000084700000, 0x0000000084700000| Untracked 
|  72|0x0000000084800000, 0x0000000084800000, 0x0000000084900000|  0%| F|  |TAMS 0x0000000084800000, 0x0000000084800000| Untracked 
|  73|0x0000000084900000, 0x0000000084900000, 0x0000000084a00000|  0%| F|  |TAMS 0x0000000084900000, 0x0000000084900000| Untracked 
|  74|0x0000000084a00000, 0x0000000084a00000, 0x0000000084b00000|  0%| F|  |TAMS 0x0000000084a00000, 0x0000000084a00000| Untracked 
|  75|0x0000000084b00000, 0x0000000084b00000, 0x0000000084c00000|  0%| F|  |TAMS 0x0000000084b00000, 0x0000000084b00000| Untracked 
|  76|0x0000000084c00000, 0x0000000084c00000, 0x0000000084d00000|  0%| F|  |TAMS 0x0000000084c00000, 0x0000000084c00000| Untracked 
|  77|0x0000000084d00000, 0x0000000084d00000, 0x0000000084e00000|  0%| F|  |TAMS 0x0000000084d00000, 0x0000000084d00000| Untracked 
|  78|0x0000000084e00000, 0x0000000084e00000, 0x0000000084f00000|  0%| F|  |TAMS 0x0000000084e00000, 0x0000000084e00000| Untracked 
|  79|0x0000000084f00000, 0x0000000084f00000, 0x0000000085000000|  0%| F|  |TAMS 0x0000000084f00000, 0x0000000084f00000| Untracked 
|  80|0x0000000085000000, 0x0000000085000000, 0x0000000085100000|  0%| F|  |TAMS 0x0000000085000000, 0x0000000085000000| Untracked 
|  81|0x0000000085100000, 0x0000000085100000, 0x0000000085200000|  0%| F|  |TAMS 0x0000000085100000, 0x0000000085100000| Untracked 
|  82|0x0000000085200000, 0x0000000085200000, 0x0000000085300000|  0%| F|  |TAMS 0x0000000085200000, 0x0000000085200000| Untracked 
|  83|0x0000000085300000, 0x0000000085300000, 0x0000000085400000|  0%| F|  |TAMS 0x0000000085300000, 0x0000000085300000| Untracked 
|  84|0x0000000085400000, 0x0000000085400000, 0x0000000085500000|  0%| F|  |TAMS 0x0000000085400000, 0x0000000085400000| Untracked 
|  85|0x0000000085500000, 0x0000000085500000, 0x0000000085600000|  0%| F|  |TAMS 0x0000000085500000, 0x0000000085500000| Untracked 
|  86|0x0000000085600000, 0x0000000085600000, 0x0000000085700000|  0%| F|  |TAMS 0x0000000085600000, 0x0000000085600000| Untracked 
|  87|0x0000000085700000, 0x0000000085700000, 0x0000000085800000|  0%| F|  |TAMS 0x0000000085700000, 0x0000000085700000| Untracked 
|  88|0x0000000085800000, 0x0000000085800000, 0x0000000085900000|  0%| F|  |TAMS 0x0000000085800000, 0x0000000085800000| Untracked 
|  89|0x0000000085900000, 0x0000000085900000, 0x0000000085a00000|  0%| F|  |TAMS 0x0000000085900000, 0x0000000085900000| Untracked 
|  90|0x0000000085a00000, 0x0000000085a00000, 0x0000000085b00000|  0%| F|  |TAMS 0x0000000085a00000, 0x0000000085a00000| Untracked 
|  91|0x0000000085b00000, 0x0000000085b00000, 0x0000000085c00000|  0%| F|  |TAMS 0x0000000085b00000, 0x0000000085b00000| Untracked 
|  92|0x0000000085c00000, 0x0000000085c00000, 0x0000000085d00000|  0%| F|  |TAMS 0x0000000085c00000, 0x0000000085c00000| Untracked 
|  93|0x0000000085d00000, 0x0000000085d00000, 0x0000000085e00000|  0%| F|  |TAMS 0x0000000085d00000, 0x0000000085d00000| Untracked 
|  94|0x0000000085e00000, 0x0000000085e00000, 0x0000000085f00000|  0%| F|  |TAMS 0x0000000085e00000, 0x0000000085e00000| Untracked 
|  95|0x0000000085f00000, 0x0000000085f00000, 0x0000000086000000|  0%| F|  |TAMS 0x0000000085f00000, 0x0000000085f00000| Untracked 
|  96|0x0000000086000000, 0x0000000086000000, 0x0000000086100000|  0%| F|  |TAMS 0x0000000086000000, 0x0000000086000000| Untracked 
|  97|0x0000000086100000, 0x0000000086100000, 0x0000000086200000|  0%| F|  |TAMS 0x0000000086100000, 0x0000000086100000| Untracked 
|  98|0x0000000086200000, 0x0000000086200000, 0x0000000086300000|  0%| F|  |TAMS 0x0000000086200000, 0x0000000086200000| Untracked 
|  99|0x0000000086300000, 0x0000000086300000, 0x0000000086400000|  0%| F|  |TAMS 0x0000000086300000, 0x0000000086300000| Untracked 
| 100|0x0000000086400000, 0x0000000086400000, 0x0000000086500000|  0%| F|  |TAMS 0x0000000086400000, 0x0000000086400000| Untracked 
| 101|0x0000000086500000, 0x0000000086500000, 0x0000000086600000|  0%| F|  |TAMS 0x0000000086500000, 0x0000000086500000| Untracked 
| 102|0x0000000086600000, 0x0000000086600000, 0x0000000086700000|  0%| F|  |TAMS 0x0000000086600000, 0x0000000086600000| Untracked 
| 103|0x0000000086700000, 0x00000000867e8860, 0x0000000086800000| 90%| S|CS|TAMS 0x0000000086700000, 0x0000000086700000| Complete 
| 104|0x0000000086800000, 0x0000000086900000, 0x0000000086900000|100%| S|CS|TAMS 0x0000000086800000, 0x0000000086800000| Complete 
| 105|0x0000000086900000, 0x0000000086a00000, 0x0000000086a00000|100%| S|CS|TAMS 0x0000000086900000, 0x0000000086900000| Complete 
| 106|0x0000000086a00000, 0x0000000086b00000, 0x0000000086b00000|100%| S|CS|TAMS 0x0000000086a00000, 0x0000000086a00000| Complete 
| 107|0x0000000086b00000, 0x0000000086b00000, 0x0000000086c00000|  0%| F|  |TAMS 0x0000000086b00000, 0x0000000086b00000| Untracked 
| 108|0x0000000086c00000, 0x0000000086c00000, 0x0000000086d00000|  0%| F|  |TAMS 0x0000000086c00000, 0x0000000086c00000| Untracked 
| 109|0x0000000086d00000, 0x0000000086d00000, 0x0000000086e00000|  0%| F|  |TAMS 0x0000000086d00000, 0x0000000086d00000| Untracked 
| 110|0x0000000086e00000, 0x0000000086e00000, 0x0000000086f00000|  0%| F|  |TAMS 0x0000000086e00000, 0x0000000086e00000| Untracked 
| 111|0x0000000086f00000, 0x0000000086f00000, 0x0000000087000000|  0%| F|  |TAMS 0x0000000086f00000, 0x0000000086f00000| Untracked 
| 112|0x0000000087000000, 0x0000000087000000, 0x0000000087100000|  0%| F|  |TAMS 0x0000000087000000, 0x0000000087000000| Untracked 
| 113|0x0000000087100000, 0x0000000087100000, 0x0000000087200000|  0%| F|  |TAMS 0x0000000087100000, 0x0000000087100000| Untracked 
| 114|0x0000000087200000, 0x0000000087200000, 0x0000000087300000|  0%| F|  |TAMS 0x0000000087200000, 0x0000000087200000| Untracked 
| 115|0x0000000087300000, 0x0000000087300000, 0x0000000087400000|  0%| F|  |TAMS 0x0000000087300000, 0x0000000087300000| Untracked 
| 116|0x0000000087400000, 0x0000000087400000, 0x0000000087500000|  0%| F|  |TAMS 0x0000000087400000, 0x0000000087400000| Untracked 
| 117|0x0000000087500000, 0x0000000087500000, 0x0000000087600000|  0%| F|  |TAMS 0x0000000087500000, 0x0000000087500000| Untracked 
| 118|0x0000000087600000, 0x0000000087600000, 0x0000000087700000|  0%| F|  |TAMS 0x0000000087600000, 0x0000000087600000| Untracked 
| 119|0x0000000087700000, 0x0000000087700000, 0x0000000087800000|  0%| F|  |TAMS 0x0000000087700000, 0x0000000087700000| Untracked 
| 120|0x0000000087800000, 0x0000000087800000, 0x0000000087900000|  0%| F|  |TAMS 0x0000000087800000, 0x0000000087800000| Untracked 
| 121|0x0000000087900000, 0x0000000087900000, 0x0000000087a00000|  0%| F|  |TAMS 0x0000000087900000, 0x0000000087900000| Untracked 
| 122|0x0000000087a00000, 0x0000000087a00000, 0x0000000087b00000|  0%| F|  |TAMS 0x0000000087a00000, 0x0000000087a00000| Untracked 
| 123|0x0000000087b00000, 0x0000000087b00000, 0x0000000087c00000|  0%| F|  |TAMS 0x0000000087b00000, 0x0000000087b00000| Untracked 
| 124|0x0000000087c00000, 0x0000000087c00000, 0x0000000087d00000|  0%| F|  |TAMS 0x0000000087c00000, 0x0000000087c00000| Untracked 
| 125|0x0000000087d00000, 0x0000000087dad1d8, 0x0000000087e00000| 67%| E|  |TAMS 0x0000000087d00000, 0x0000000087d00000| Complete 
| 126|0x0000000087e00000, 0x0000000087f00000, 0x0000000087f00000|100%| E|CS|TAMS 0x0000000087e00000, 0x0000000087e00000| Complete 
| 127|0x0000000087f00000, 0x0000000088000000, 0x0000000088000000|100%| E|CS|TAMS 0x0000000087f00000, 0x0000000087f00000| Complete 
| 128|0x0000000088000000, 0x0000000088100000, 0x0000000088100000|100%| E|CS|TAMS 0x0000000088000000, 0x0000000088000000| Complete 

Card table byte_map: [0x000002c439dd0000,0x000002c43a1d0000] _byte_map_base: 0x000002c4399d0000

Marking Bits (Prev, Next): (CMBitMap*) 0x000002c422f5da80, (CMBitMap*) 0x000002c422f5dac0
 Prev Bits: [0x000002c43a5d0000, 0x000002c43c5d0000)
 Next Bits: [0x000002c43c5d0000, 0x000002c43e5d0000)

Polling page: 0x000002c420ec0000

Metaspace:

Usage:
  Non-class:     62.73 MB used.
      Class:      9.81 MB used.
       Both:     72.55 MB used.

Virtual space:
  Non-class space:       64.00 MB reserved,      63.06 MB ( 99%) committed,  8 nodes.
      Class space:        1.00 GB reserved,      10.06 MB ( <1%) committed,  1 nodes.
              Both:        1.06 GB reserved,      73.12 MB (  7%) committed. 

Chunk freelists:
   Non-Class:  699.00 KB
       Class:  1.77 MB
        Both:  2.46 MB

MaxMetaspaceSize: 17179869184.00 GB
CompressedClassSpaceSize: 1.00 GB
 - commit_granule_bytes: 65536.
 - commit_granule_words: 8192.
 - virtual_space_node_default_size: 1048576.
 - enlarge_chunks_in_place: 1.
 - new_chunks_are_fully_committed: 0.
 - uncommit_free_chunks: 1.
 - use_allocation_guard: 0.
 - handle_deallocations: 1.


Internal statistics:

num_allocs_failed_limit: 6.
num_arena_births: 726.
num_arena_deaths: 0.
num_vsnodes_births: 9.
num_vsnodes_deaths: 0.
num_space_committed: 1170.
num_space_uncommitted: 0.
num_chunks_returned_to_freelist: 6.
num_chunks_taken_from_freelist: 3671.
num_chunk_merges: 6.
num_chunk_splits: 2450.
num_chunks_enlarged: 1652.
num_purges: 0.

CodeHeap 'non-profiled nmethods': size=120000Kb used=5304Kb max_used=5304Kb free=114695Kb
 bounds [0x000002c432170000, 0x000002c4326a0000, 0x000002c4396a0000]
CodeHeap 'profiled nmethods': size=120000Kb used=16766Kb max_used=16766Kb free=103233Kb
 bounds [0x000002c42ac40000, 0x000002c42bcb0000, 0x000002c432170000]
CodeHeap 'non-nmethods': size=5760Kb used=2396Kb max_used=2474Kb free=3364Kb
 bounds [0x000002c42a6a0000, 0x000002c42a920000, 0x000002c42ac40000]
 total_blobs=9369 nmethods=8464 adapters=817
 compilation: enabled
              stopped_count=0, restarted_count=0
 full_count=0

Compilation events (20 events):
Event: 10.032 Thread 0x000002c440fd43f0 nmethod 9245 0x000002c42bc8f690 code [0x000002c42bc8f840, 0x000002c42bc8fa58]
Event: 10.060 Thread 0x000002c4476c67d0 9247       4       sun.nio.fs.WindowsFileAttributes::isSymbolicLink (15 bytes)
Event: 10.060 Thread 0x000002c44436edc0 9248       4       java.lang.StringLatin1::compareToCI (108 bytes)
Event: 10.060 Thread 0x000002c4476c67d0 nmethod 9247 0x000002c43269ad90 code [0x000002c43269af20, 0x000002c43269afb8]
Event: 10.060 Thread 0x000002c440fd43f0 9249       3       org.gradle.internal.vfs.impl.AbstractVirtualFileSystem$$Lambda$364/0x000000080100f7f8::apply (20 bytes)
Event: 10.061 Thread 0x000002c440fd43f0 nmethod 9249 0x000002c42bc8fb10 code [0x000002c42bc8fd40, 0x000002c42bc90698]
Event: 10.061 Thread 0x000002c440fd43f0 9250       3       org.gradle.internal.vfs.impl.AbstractVirtualFileSystem::lambda$store$1 (13 bytes)
Event: 10.061 Thread 0x000002c440fd43f0 nmethod 9250 0x000002c42bc90990 code [0x000002c42bc90ba0, 0x000002c42bc91378]
Event: 10.061 Thread 0x000002c440fd43f0 9251       3       org.gradle.internal.vfs.impl.AbstractVirtualFileSystem$$Lambda$365/0x000000080100fc48::<init> (20 bytes)
Event: 10.061 Thread 0x000002c440fd43f0 nmethod 9251 0x000002c42bc91610 code [0x000002c42bc917c0, 0x000002c42bc91a38]
Event: 10.061 Thread 0x000002c440fd43f0 9252       3       org.gradle.internal.vfs.impl.AbstractVirtualFileSystem$$Lambda$365/0x000000080100fc48::update (17 bytes)
Event: 10.061 Thread 0x000002c440fd43f0 nmethod 9252 0x000002c42bc91b10 code [0x000002c42bc91cc0, 0x000002c42bc91f08]
Event: 10.061 Thread 0x000002c440fd43f0 9253       3       org.gradle.internal.vfs.impl.AbstractVirtualFileSystem::lambda$store$0 (10 bytes)
Event: 10.061 Thread 0x000002c440fd43f0 nmethod 9253 0x000002c42bc92010 code [0x000002c42bc921c0, 0x000002c42bc92368]
Event: 10.061 Thread 0x000002c440fd43f0 9254       3       org.gradle.internal.watch.registry.impl.SnapshotCollectingDiffListener$$Lambda$368/0x00000008010150c8::accept (14 bytes)
Event: 10.062 Thread 0x000002c440fd43f0 nmethod 9254 0x000002c42bc92490 code [0x000002c42bc92640, 0x000002c42bc92928]
Event: 10.062 Thread 0x000002c440fd43f0 9255       3       org.gradle.internal.vfs.impl.DefaultFileSystemAccess$$Lambda$351/0x00000008010035f8::get (20 bytes)
Event: 10.063 Thread 0x000002c440fd43f0 nmethod 9255 0x000002c42bc92a10 code [0x000002c42bc92bc0, 0x000002c42bc92d28]
Event: 10.063 Thread 0x000002c440fd43f0 9256       3       net.rubygrapefruit.platform.internal.WindowsFileStat::<init> (10 bytes)
Event: 10.063 Thread 0x000002c440fd43f0 nmethod 9256 0x000002c42bc92e10 code [0x000002c42bc92fc0, 0x000002c42bc93178]

GC Heap History (20 events):
Event: 6.628 GC heap before
{Heap before GC invocations=21 (full 0):
 garbage-first heap   total 91136K, used 72043K [0x0000000080000000, 0x0000000100000000)
  region size 1024K, 25 young (25600K), 4 survivors (4096K)
 Metaspace       used 55239K, committed 55744K, reserved 1097728K
  class space    used 7254K, committed 7488K, reserved 1048576K
}
Event: 6.633 GC heap after
{Heap after GC invocations=22 (full 0):
 garbage-first heap   total 91136K, used 52389K [0x0000000080000000, 0x0000000100000000)
  region size 1024K, 2 young (2048K), 2 survivors (2048K)
 Metaspace       used 55239K, committed 55744K, reserved 1097728K
  class space    used 7254K, committed 7488K, reserved 1048576K
}
Event: 6.904 GC heap before
{Heap before GC invocations=23 (full 0):
 garbage-first heap   total 96256K, used 72869K [0x0000000080000000, 0x0000000100000000)
  region size 1024K, 22 young (22528K), 2 survivors (2048K)
 Metaspace       used 56132K, committed 56576K, reserved 1105920K
  class space    used 7388K, committed 7616K, reserved 1048576K
}
Event: 6.907 GC heap after
{Heap after GC invocations=24 (full 0):
 garbage-first heap   total 96256K, used 53998K [0x0000000080000000, 0x0000000100000000)
  region size 1024K, 2 young (2048K), 2 survivors (2048K)
 Metaspace       used 56132K, committed 56576K, reserved 1105920K
  class space    used 7388K, committed 7616K, reserved 1048576K
}
Event: 7.130 GC heap before
{Heap before GC invocations=24 (full 0):
 garbage-first heap   total 96256K, used 76526K [0x0000000080000000, 0x0000000100000000)
  region size 1024K, 24 young (24576K), 2 survivors (2048K)
 Metaspace       used 57233K, committed 57728K, reserved 1105920K
  class space    used 7507K, committed 7744K, reserved 1048576K
}
Event: 7.134 GC heap after
{Heap after GC invocations=25 (full 0):
 garbage-first heap   total 96256K, used 56112K [0x0000000080000000, 0x0000000100000000)
  region size 1024K, 3 young (3072K), 3 survivors (3072K)
 Metaspace       used 57233K, committed 57728K, reserved 1105920K
  class space    used 7507K, committed 7744K, reserved 1048576K
}
Event: 7.533 GC heap before
{Heap before GC invocations=26 (full 0):
 garbage-first heap   total 101376K, used 77616K [0x0000000080000000, 0x0000000100000000)
  region size 1024K, 24 young (24576K), 3 survivors (3072K)
 Metaspace       used 59916K, committed 60416K, reserved 1105920K
  class space    used 8011K, committed 8256K, reserved 1048576K
}
Event: 7.537 GC heap after
{Heap after GC invocations=27 (full 0):
 garbage-first heap   total 101376K, used 57457K [0x0000000080000000, 0x0000000100000000)
  region size 1024K, 2 young (2048K), 2 survivors (2048K)
 Metaspace       used 59916K, committed 60416K, reserved 1105920K
  class space    used 8011K, committed 8256K, reserved 1048576K
}
Event: 7.885 GC heap before
{Heap before GC invocations=27 (full 0):
 garbage-first heap   total 101376K, used 82033K [0x0000000080000000, 0x0000000100000000)
  region size 1024K, 26 young (26624K), 2 survivors (2048K)
 Metaspace       used 62568K, committed 63104K, reserved 1105920K
  class space    used 8426K, committed 8704K, reserved 1048576K
}
Event: 7.890 GC heap after
{Heap after GC invocations=28 (full 0):
 garbage-first heap   total 101376K, used 59310K [0x0000000080000000, 0x0000000100000000)
  region size 1024K, 4 young (4096K), 4 survivors (4096K)
 Metaspace       used 62568K, committed 63104K, reserved 1105920K
  class space    used 8426K, committed 8704K, reserved 1048576K
}
Event: 8.203 GC heap before
{Heap before GC invocations=29 (full 0):
 garbage-first heap   total 107520K, used 82862K [0x0000000080000000, 0x0000000100000000)
  region size 1024K, 27 young (27648K), 4 survivors (4096K)
 Metaspace       used 64357K, committed 64896K, reserved 1105920K
  class space    used 8679K, committed 8960K, reserved 1048576K
}
Event: 8.207 GC heap after
{Heap after GC invocations=30 (full 0):
 garbage-first heap   total 107520K, used 60891K [0x0000000080000000, 0x0000000100000000)
  region size 1024K, 4 young (4096K), 4 survivors (4096K)
 Metaspace       used 64357K, committed 64896K, reserved 1105920K
  class space    used 8679K, committed 8960K, reserved 1048576K
}
Event: 8.568 GC heap before
{Heap before GC invocations=30 (full 0):
 garbage-first heap   total 107520K, used 87515K [0x0000000080000000, 0x0000000100000000)
  region size 1024K, 30 young (30720K), 4 survivors (4096K)
 Metaspace       used 67459K, committed 68032K, reserved 1114112K
  class space    used 9146K, committed 9408K, reserved 1048576K
}
Event: 8.573 GC heap after
{Heap after GC invocations=31 (full 0):
 garbage-first heap   total 129024K, used 62804K [0x0000000080000000, 0x0000000100000000)
  region size 1024K, 4 young (4096K), 4 survivors (4096K)
 Metaspace       used 67459K, committed 68032K, reserved 1114112K
  class space    used 9146K, committed 9408K, reserved 1048576K
}
Event: 9.411 GC heap before
{Heap before GC invocations=32 (full 0):
 garbage-first heap   total 129024K, used 104788K [0x0000000080000000, 0x0000000100000000)
  region size 1024K, 45 young (46080K), 4 survivors (4096K)
 Metaspace       used 72760K, committed 73280K, reserved 1114112K
  class space    used 9805K, committed 10048K, reserved 1048576K
}
Event: 9.417 GC heap after
{Heap after GC invocations=33 (full 0):
 garbage-first heap   total 129024K, used 67920K [0x0000000080000000, 0x0000000100000000)
  region size 1024K, 6 young (6144K), 6 survivors (6144K)
 Metaspace       used 72760K, committed 73280K, reserved 1114112K
  class space    used 9805K, committed 10048K, reserved 1048576K
}
Event: 9.828 GC heap before
{Heap before GC invocations=33 (full 0):
 garbage-first heap   total 129024K, used 102736K [0x0000000080000000, 0x0000000100000000)
  region size 1024K, 41 young (41984K), 6 survivors (6144K)
 Metaspace       used 73594K, committed 74112K, reserved 1114112K
  class space    used 9944K, committed 10176K, reserved 1048576K
}
Event: 9.836 GC heap after
{Heap after GC invocations=34 (full 0):
 garbage-first heap   total 129024K, used 70796K [0x0000000080000000, 0x0000000100000000)
  region size 1024K, 3 young (3072K), 3 survivors (3072K)
 Metaspace       used 73594K, committed 74112K, reserved 1114112K
  class space    used 9944K, committed 10176K, reserved 1048576K
}
Event: 10.049 GC heap before
{Heap before GC invocations=35 (full 0):
 garbage-first heap   total 132096K, used 91276K [0x0000000080000000, 0x0000000100000000)
  region size 1024K, 25 young (25600K), 3 survivors (3072K)
 Metaspace       used 74166K, committed 74688K, reserved 1114112K
  class space    used 10025K, committed 10304K, reserved 1048576K
}
Event: 10.052 GC heap after
{Heap after GC invocations=36 (full 0):
 garbage-first heap   total 132096K, used 71821K [0x0000000080000000, 0x0000000100000000)
  region size 1024K, 4 young (4096K), 4 survivors (4096K)
 Metaspace       used 74166K, committed 74688K, reserved 1114112K
  class space    used 10025K, committed 10304K, reserved 1048576K
}

Deoptimization events (20 events):
Event: 9.974 Thread 0x000002c4451d9ed0 DEOPT PACKING pc=0x000002c432681a94 sp=0x000000fe74afe8c0
Event: 9.974 Thread 0x000002c4451d9ed0 DEOPT UNPACKING pc=0x000002c42a6ef92e sp=0x000000fe74afe7f8 mode 2
Event: 10.014 Thread 0x000002c447e17860 Uncommon trap: trap_request=0xffffff45 fr.pc=0x000002c4326914dc relative=0x00000000000001bc
Event: 10.014 Thread 0x000002c447e17860 Uncommon trap: reason=unstable_if action=reinterpret pc=0x000002c4326914dc method=org.gradle.internal.hash.HashCode.equals(Ljava/lang/Object;)Z @ 66 c2
Event: 10.014 Thread 0x000002c447e17860 DEOPT PACKING pc=0x000002c4326914dc sp=0x000000fe771fc760
Event: 10.014 Thread 0x000002c447e17860 DEOPT UNPACKING pc=0x000002c42a6ef92e sp=0x000000fe771fc6d8 mode 2
Event: 10.054 Thread 0x000002c447e17860 Uncommon trap: trap_request=0xffffffc6 fr.pc=0x000002c43261e740 relative=0x00000000000009c0
Event: 10.054 Thread 0x000002c447e17860 Uncommon trap: reason=bimorphic_or_optimized_type_check action=maybe_recompile pc=0x000002c43261e740 method=com.google.common.collect.AbstractMapBasedMultimap$WrappedCollection.refreshIfEmpty()V @ 59 c2
Event: 10.054 Thread 0x000002c447e17860 DEOPT PACKING pc=0x000002c43261e740 sp=0x000000fe771fb510
Event: 10.054 Thread 0x000002c447e17860 DEOPT UNPACKING pc=0x000002c42a6ef92e sp=0x000000fe771fb4c8 mode 2
Event: 10.054 Thread 0x000002c447e17860 Uncommon trap: trap_request=0xffffffc6 fr.pc=0x000002c43261e740 relative=0x00000000000009c0
Event: 10.054 Thread 0x000002c447e17860 Uncommon trap: reason=bimorphic_or_optimized_type_check action=maybe_recompile pc=0x000002c43261e740 method=com.google.common.collect.AbstractMapBasedMultimap$WrappedCollection.refreshIfEmpty()V @ 59 c2
Event: 10.054 Thread 0x000002c447e17860 DEOPT PACKING pc=0x000002c43261e740 sp=0x000000fe771fb4d0
Event: 10.054 Thread 0x000002c447e17860 DEOPT UNPACKING pc=0x000002c42a6ef92e sp=0x000000fe771fb488 mode 2
Event: 10.054 Thread 0x000002c447e17860 Uncommon trap: trap_request=0xffffffc6 fr.pc=0x000002c43261e740 relative=0x00000000000009c0
Event: 10.054 Thread 0x000002c447e17860 Uncommon trap: reason=bimorphic_or_optimized_type_check action=maybe_recompile pc=0x000002c43261e740 method=com.google.common.collect.AbstractMapBasedMultimap$WrappedCollection.refreshIfEmpty()V @ 59 c2
Event: 10.054 Thread 0x000002c447e17860 DEOPT PACKING pc=0x000002c43261e740 sp=0x000000fe771fb500
Event: 10.054 Thread 0x000002c447e17860 DEOPT UNPACKING pc=0x000002c42a6ef92e sp=0x000000fe771fb4b8 mode 2
Event: 10.060 Thread 0x000002c447e17860 DEOPT PACKING pc=0x000002c42bb44127 sp=0x000000fe771faa40
Event: 10.060 Thread 0x000002c447e17860 DEOPT UNPACKING pc=0x000002c42a6ee77e sp=0x000000fe771f9f08 mode 0

Classes unloaded (0 events):
No events

Classes redefined (0 events):
No events

Internal exceptions (20 events):
Event: 9.257 Thread 0x000002c441cbabb0 Implicit null exception at 0x000002c43248e7d7 to 0x000002c43248e970
Event: 9.267 Thread 0x000002c441cbabb0 Exception <a 'java/lang/IncompatibleClassChangeError'{0x0000000085aa4790}: Found class java.lang.Object, but interface was expected> (0x0000000085aa4790) 
thrown [t:\workspace\open\src\hotspot\share\interpreter\linkResolver.cpp, line 857]
Event: 9.296 Thread 0x000002c441cbabb0 Exception <a 'java/lang/NoSuchMethodError'{0x00000000858c8910}: 'int java.lang.invoke.DirectMethodHandle$Holder.invokeStaticInit(java.lang.Object, java.lang.Object, java.lang.Object, java.lang.Object, java.lang.Object)'> (0x00000000858c8910) 
thrown [t:\workspace\open\src\hotspot\share\interpreter\linkResolver.cpp, line 790]
Event: 9.468 Thread 0x000002c447e1b2d0 Exception <a 'java/lang/NoSuchMethodError'{0x0000000087cf20c0}: 'void java.lang.invoke.DirectMethodHandle$Holder.invokeStatic(java.lang.Object, java.lang.Object, java.lang.Object, java.lang.Object, int, java.lang.Object, java.lang.Object)'> (0x0000000087cf20c0) 
thrown [t:\workspace\open\src\hotspot\share\interpreter\linkResolver.cpp, line 790]
Event: 9.502 Thread 0x000002c44419bdc0 Exception <a 'java/lang/NoSuchMethodError'{0x000000008762a9b0}: 'java.lang.Object java.lang.invoke.DirectMethodHandle$Holder.invokeSpecialIFC(java.lang.Object, java.lang.Object, java.lang.Object)'> (0x000000008762a9b0) 
thrown [t:\workspace\open\src\hotspot\share\interpreter\linkResolver.cpp, line 790]
Event: 9.502 Thread 0x000002c4456e3cc0 Exception <a 'java/lang/NoSuchMethodError'{0x0000000087607da0}: 'java.lang.Object java.lang.invoke.DirectMethodHandle$Holder.invokeSpecialIFC(java.lang.Object, java.lang.Object, java.lang.Object)'> (0x0000000087607da0) 
thrown [t:\workspace\open\src\hotspot\share\interpreter\linkResolver.cpp, line 790]
Event: 9.502 Thread 0x000002c4456e3770 Exception <a 'java/lang/NoSuchMethodError'{0x00000000877f8ab8}: 'java.lang.Object java.lang.invoke.DirectMethodHandle$Holder.invokeSpecialIFC(java.lang.Object, java.lang.Object, java.lang.Object)'> (0x00000000877f8ab8) 
thrown [t:\workspace\open\src\hotspot\share\interpreter\linkResolver.cpp, line 790]
Event: 9.502 Thread 0x000002c447e1b2d0 Exception <a 'java/lang/NoSuchMethodError'{0x00000000877958a0}: 'java.lang.Object java.lang.invoke.DirectMethodHandle$Holder.invokeSpecialIFC(java.lang.Object, java.lang.Object, java.lang.Object)'> (0x00000000877958a0) 
thrown [t:\workspace\open\src\hotspot\share\interpreter\linkResolver.cpp, line 790]
Event: 9.502 Thread 0x000002c44419fd80 Exception <a 'java/lang/NoSuchMethodError'{0x0000000087613108}: 'java.lang.Object java.lang.invoke.DirectMethodHandle$Holder.invokeSpecialIFC(java.lang.Object, java.lang.Object, java.lang.Object)'> (0x0000000087613108) 
thrown [t:\workspace\open\src\hotspot\share\interpreter\linkResolver.cpp, line 790]
Event: 9.502 Thread 0x000002c4456e4210 Exception <a 'java/lang/NoSuchMethodError'{0x00000000877ed958}: 'java.lang.Object java.lang.invoke.DirectMethodHandle$Holder.invokeSpecialIFC(java.lang.Object, java.lang.Object, java.lang.Object)'> (0x00000000877ed958) 
thrown [t:\workspace\open\src\hotspot\share\interpreter\linkResolver.cpp, line 790]
Event: 9.502 Thread 0x000002c4456e2cd0 Exception <a 'java/lang/NoSuchMethodError'{0x0000000087637980}: 'java.lang.Object java.lang.invoke.DirectMethodHandle$Holder.invokeSpecialIFC(java.lang.Object, java.lang.Object, java.lang.Object)'> (0x0000000087637980) 
thrown [t:\workspace\open\src\hotspot\share\interpreter\linkResolver.cpp, line 790]
Event: 9.502 Thread 0x000002c4456e5ca0 Exception <a 'java/lang/NoSuchMethodError'{0x0000000087622818}: 'java.lang.Object java.lang.invoke.DirectMethodHandle$Holder.invokeSpecialIFC(java.lang.Object, java.lang.Object, java.lang.Object)'> (0x0000000087622818) 
thrown [t:\workspace\open\src\hotspot\share\interpreter\linkResolver.cpp, line 790]
Event: 9.870 Thread 0x000002c4451d3490 Implicit null exception at 0x000002c43266eedb to 0x000002c43266ef70
Event: 9.870 Thread 0x000002c4441a1d60 Implicit null exception at 0x000002c43266eedb to 0x000002c43266ef70
Event: 9.870 Thread 0x000002c4451d9980 Implicit null exception at 0x000002c43266eedb to 0x000002c43266ef70
Event: 9.974 Thread 0x000002c4451d9ed0 Implicit null exception at 0x000002c432681243 to 0x000002c432681a6c
Event: 10.030 Thread 0x000002c447e17860 Exception <a 'java/lang/NoSuchMethodError'{0x0000000086dca860}: 'void java.lang.invoke.DirectMethodHandle$Holder.invokeVirtual(java.lang.Object, java.lang.Object)'> (0x0000000086dca860) 
thrown [t:\workspace\open\src\hotspot\share\interpreter\linkResolver.cpp, line 790]
Event: 10.052 Thread 0x000002c447e17860 Exception <a 'java/lang/OutOfMemoryError'{0x0000000088000a60}> (0x0000000088000a60) 
thrown [t:\workspace\open\src\hotspot\share\prims\jni.cpp, line 600]
Event: 10.054 Thread 0x000002c447e17860 Exception <a 'java/lang/ClassNotFoundException'{0x000000008800c140}: sun/misc/SharedSecrets> (0x000000008800c140) 
thrown [t:\workspace\open\src\hotspot\share\classfile\systemDictionary.cpp, line 256]
Event: 10.054 Thread 0x000002c447e17860 Exception <a 'java/lang/reflect/InvocationTargetException'{0x000000008800cec0}> (0x000000008800cec0) 
thrown [t:\workspace\open\src\hotspot\share\runtime\reflection.cpp, line 1157]

Events (20 events):
Event: 9.897 Executing  VM operation: G1Concurrent
Event: 9.900 Executing  VM operation: G1Concurrent done
Event: 9.936 Executing  VM operation: G1Concurrent
Event: 9.937 Executing  VM operation: G1Concurrent done
Event: 9.948 Executing  VM operation: ICBufferFull
Event: 9.948 Executing  VM operation: ICBufferFull done
Event: 9.958 Executing  VM operation: ICBufferFull
Event: 9.958 Executing  VM operation: ICBufferFull done
Event: 9.964 Executing  VM operation: ICBufferFull
Event: 9.964 Executing  VM operation: ICBufferFull done
Event: 9.968 loading class java/util/stream/SortedOps$SizedRefSortingSink
Event: 9.968 loading class java/util/stream/SortedOps$SizedRefSortingSink done
Event: 10.007 Executing  VM operation: ICBufferFull
Event: 10.007 Executing  VM operation: ICBufferFull done
Event: 10.015 Executing  VM operation: HandshakeAllThreads
Event: 10.016 Executing  VM operation: HandshakeAllThreads done
Event: 10.049 Executing  VM operation: G1TryInitiateConcMark
Event: 10.052 Executing  VM operation: G1TryInitiateConcMark done
Event: 10.054 loading class sun/misc/SharedSecrets
Event: 10.054 loading class sun/misc/SharedSecrets done


Dynamic libraries:
0x00007ff793950000 - 0x00007ff793960000 	C:\Program Files\Java\jdk-16.0.2\bin\java.exe
0x00007ffcbfd50000 - 0x00007ffcbff48000 	C:\WINDOWS\SYSTEM32\ntdll.dll
0x00007ffcbf520000 - 0x00007ffcbf5dd000 	C:\WINDOWS\System32\KERNEL32.DLL
0x00007ffcbd6f0000 - 0x00007ffcbd9be000 	C:\WINDOWS\System32\KERNELBASE.dll
0x00007ffcbd9f0000 - 0x00007ffcbdaf0000 	C:\WINDOWS\System32\ucrtbase.dll
0x00007ffca4330000 - 0x00007ffca4348000 	C:\Program Files\Java\jdk-16.0.2\bin\jli.dll
0x00007ffca45f0000 - 0x00007ffca4609000 	C:\Program Files\Java\jdk-16.0.2\bin\VCRUNTIME140.dll
0x00007ffcbe490000 - 0x00007ffcbe53e000 	C:\WINDOWS\System32\ADVAPI32.dll
0x00007ffcbe620000 - 0x00007ffcbe6be000 	C:\WINDOWS\System32\msvcrt.dll
0x00007ffcbfc60000 - 0x00007ffcbfcfc000 	C:\WINDOWS\System32\sechost.dll
0x00007ffcbfb30000 - 0x00007ffcbfc55000 	C:\WINDOWS\System32\RPCRT4.dll
0x00007ffcbf7c0000 - 0x00007ffcbf960000 	C:\WINDOWS\System32\USER32.dll
0x00007ffcbd630000 - 0x00007ffcbd652000 	C:\WINDOWS\System32\win32u.dll
0x00007ffca5b10000 - 0x00007ffca5daa000 	C:\WINDOWS\WinSxS\amd64_microsoft.windows.common-controls_6595b64144ccf1df_6.0.19041.1110_none_60b5254171f9507e\COMCTL32.dll
0x00007ffcbe730000 - 0x00007ffcbe75a000 	C:\WINDOWS\System32\GDI32.dll
0x00007ffcbd470000 - 0x00007ffcbd57b000 	C:\WINDOWS\System32\gdi32full.dll
0x00007ffcbdaf0000 - 0x00007ffcbdb8d000 	C:\WINDOWS\System32\msvcp_win.dll
0x00007ffcb6bc0000 - 0x00007ffcb6bca000 	C:\WINDOWS\SYSTEM32\VERSION.dll
0x00007ffcbf5e0000 - 0x00007ffcbf610000 	C:\WINDOWS\System32\IMM32.DLL
0x00007ffcb7830000 - 0x00007ffcb783c000 	C:\Program Files\Java\jdk-16.0.2\bin\vcruntime140_1.dll
0x00007ffca2850000 - 0x00007ffca28e1000 	C:\Program Files\Java\jdk-16.0.2\bin\msvcp140.dll
0x00007ffc54710000 - 0x00007ffc552bb000 	C:\Program Files\Java\jdk-16.0.2\bin\server\jvm.dll
0x00007ffcbe460000 - 0x00007ffcbe468000 	C:\WINDOWS\System32\PSAPI.DLL
0x00007ffcb88b0000 - 0x00007ffcb88b9000 	C:\WINDOWS\SYSTEM32\WSOCK32.dll
0x00007ffcbb2f0000 - 0x00007ffcbb317000 	C:\WINDOWS\SYSTEM32\WINMM.dll
0x00007ffcbe6c0000 - 0x00007ffcbe72b000 	C:\WINDOWS\System32\WS2_32.dll
0x00007ffcbbd30000 - 0x00007ffcbbd42000 	C:\WINDOWS\SYSTEM32\kernel.appcore.dll
0x00007ffcb77e0000 - 0x00007ffcb77ea000 	C:\Program Files\Java\jdk-16.0.2\bin\jimage.dll
0x00007ffcbb100000 - 0x00007ffcbb2e4000 	C:\WINDOWS\SYSTEM32\DBGHELP.DLL
0x00007ffcbb0d0000 - 0x00007ffcbb0fc000 	C:\WINDOWS\SYSTEM32\dbgcore.DLL
0x00007ffcbd660000 - 0x00007ffcbd6e2000 	C:\WINDOWS\System32\bcryptPrimitives.dll
0x00007ffca38c0000 - 0x00007ffca38e5000 	C:\Program Files\Java\jdk-16.0.2\bin\java.dll
0x00007ffcbe760000 - 0x00007ffcbeea4000 	C:\WINDOWS\System32\SHELL32.dll
0x00007ffcbb550000 - 0x00007ffcbbce4000 	C:\WINDOWS\SYSTEM32\windows.storage.dll
0x00007ffcbeec0000 - 0x00007ffcbf214000 	C:\WINDOWS\System32\combase.dll
0x00007ffcbced0000 - 0x00007ffcbcf00000 	C:\WINDOWS\SYSTEM32\Wldp.dll
0x00007ffcbfa80000 - 0x00007ffcbfb2d000 	C:\WINDOWS\System32\SHCORE.dll
0x00007ffcbf460000 - 0x00007ffcbf4b5000 	C:\WINDOWS\System32\shlwapi.dll
0x00007ffcbd3b0000 - 0x00007ffcbd3cf000 	C:\WINDOWS\SYSTEM32\profapi.dll
0x00007ffca3760000 - 0x00007ffca3779000 	C:\Program Files\Java\jdk-16.0.2\bin\net.dll
0x00007ffca7f40000 - 0x00007ffca804a000 	C:\WINDOWS\SYSTEM32\WINHTTP.dll
0x00007ffcbcc30000 - 0x00007ffcbcc9a000 	C:\WINDOWS\system32\mswsock.dll
0x00007ffca2830000 - 0x00007ffca2843000 	C:\Program Files\Java\jdk-16.0.2\bin\nio.dll
0x00007ffca2810000 - 0x00007ffca2828000 	C:\Program Files\Java\jdk-16.0.2\bin\zip.dll
0x00007ffcb7740000 - 0x00007ffcb7750000 	C:\Program Files\Java\jdk-16.0.2\bin\verify.dll
0x00007ffcaca90000 - 0x00007ffcacab7000 	C:\Users\ITECH\.gradle\native\e1d6ef7f7dcc3fd88c89a11ec53ec762bb8ba0a96d01ffa2cd45eb1d1d8dd5c5\windows-amd64\native-platform.dll
0x00007ffc93c50000 - 0x00007ffc93d94000 	C:\Users\ITECH\.gradle\native\5664cfc778a61ccfe75a443a1ab52a65af34e5dc3c78e0209fed803814484fcb\windows-amd64\native-platform-file-events.dll
0x00007ffcb4eb0000 - 0x00007ffcb4eb9000 	C:\Program Files\Java\jdk-16.0.2\bin\management.dll
0x00007ffcacb70000 - 0x00007ffcacb7b000 	C:\Program Files\Java\jdk-16.0.2\bin\management_ext.dll
0x00007ffcbce20000 - 0x00007ffcbce38000 	C:\WINDOWS\SYSTEM32\CRYPTSP.dll
0x00007ffcbc540000 - 0x00007ffcbc574000 	C:\WINDOWS\system32\rsaenh.dll
0x00007ffcbd9c0000 - 0x00007ffcbd9e7000 	C:\WINDOWS\System32\bcrypt.dll
0x00007ffcbd370000 - 0x00007ffcbd39e000 	C:\WINDOWS\SYSTEM32\USERENV.dll
0x00007ffcbce40000 - 0x00007ffcbce4c000 	C:\WINDOWS\SYSTEM32\CRYPTBASE.dll
0x00007ffcbc8d0000 - 0x00007ffcbc90b000 	C:\WINDOWS\SYSTEM32\IPHLPAPI.DLL
0x00007ffcbfd00000 - 0x00007ffcbfd08000 	C:\WINDOWS\System32\NSI.dll
0x00007ffcb1790000 - 0x00007ffcb17a7000 	C:\WINDOWS\SYSTEM32\dhcpcsvc6.DLL
0x00007ffcb1d50000 - 0x00007ffcb1d6d000 	C:\WINDOWS\SYSTEM32\dhcpcsvc.DLL
0x00007ffcbc920000 - 0x00007ffcbc9ea000 	C:\WINDOWS\SYSTEM32\DNSAPI.dll
0x00007ffca45e0000 - 0x00007ffca45ee000 	C:\Program Files\Java\jdk-16.0.2\bin\sunmscapi.dll
0x00007ffcbdb90000 - 0x00007ffcbdce6000 	C:\WINDOWS\System32\CRYPT32.dll
0x00007ffcbcf40000 - 0x00007ffcbcf67000 	C:\WINDOWS\SYSTEM32\ncrypt.dll
0x00007ffcbcf00000 - 0x00007ffcbcf3b000 	C:\WINDOWS\SYSTEM32\NTASN1.dll
0x00007ffc6f6b0000 - 0x00007ffc6f6b7000 	C:\WINDOWS\system32\wshunix.dll

dbghelp: loaded successfully - version: 4.0.5 - missing functions: none
symbol engine: initialized successfully - sym options: 0x614 - pdb path: .;C:\Program Files\Java\jdk-16.0.2\bin;C:\WINDOWS\SYSTEM32;C:\WINDOWS\WinSxS\amd64_microsoft.windows.common-controls_6595b64144ccf1df_6.0.19041.1110_none_60b5254171f9507e;C:\Program Files\Java\jdk-16.0.2\bin\server;C:\Users\ITECH\.gradle\native\e1d6ef7f7dcc3fd88c89a11ec53ec762bb8ba0a96d01ffa2cd45eb1d1d8dd5c5\windows-amd64;C:\Users\ITECH\.gradle\native\5664cfc778a61ccfe75a443a1ab52a65af34e5dc3c78e0209fed803814484fcb\windows-amd64

VM Arguments:
jvm_args: --add-opens=java.base/java.util=ALL-UNNAMED --add-opens=java.base/java.lang=ALL-UNNAMED --add-opens=java.base/java.lang.invoke=ALL-UNNAMED --add-opens=java.base/java.util=ALL-UNNAMED --add-opens=java.prefs/java.util.prefs=ALL-UNNAMED --add-opens=java.prefs/java.util.prefs=ALL-UNNAMED --add-opens=java.base/java.nio.charset=ALL-UNNAMED --add-opens=java.base/java.net=ALL-UNNAMED --add-opens=java.base/java.util.concurrent.atomic=ALL-UNNAMED -Xmx2048m -Dfile.encoding=UTF-8 -Duser.country=US -Duser.language=en -Duser.variant 
java_command: org.gradle.launcher.daemon.bootstrap.GradleDaemon 7.3.3
java_class_path (initial): C:\Users\ITECH\.gradle\wrapper\dists\gradle-7.3.3-bin\6a41zxkdtcxs8rphpq6y0069z\gradle-7.3.3\lib\gradle-launcher-7.3.3.jar
Launcher Type: SUN_STANDARD

[Global flags]
     intx CICompilerCount                          = 4                                         {product} {ergonomic}
     uint ConcGCThreads                            = 2                                         {product} {ergonomic}
     uint G1ConcRefinementThreads                  = 8                                         {product} {ergonomic}
   size_t G1HeapRegionSize                         = 1048576                                   {product} {ergonomic}
    uintx GCDrainStackTargetSize                   = 64                                        {product} {ergonomic}
   size_t InitialHeapSize                          = 132120576                                 {product} {ergonomic}
   size_t MarkStackSize                            = 4194304                                   {product} {ergonomic}
   size_t MaxHeapSize                              = 2147483648                                {product} {command line}
   size_t MaxNewSize                               = 1287651328                                {product} {ergonomic}
   size_t MinHeapDeltaBytes                        = 1048576                                   {product} {ergonomic}
   size_t MinHeapSize                              = 8388608                                   {product} {ergonomic}
    uintx NonNMethodCodeHeapSize                   = 5839372                                {pd product} {ergonomic}
    uintx NonProfiledCodeHeapSize                  = 122909434                              {pd product} {ergonomic}
    uintx ProfiledCodeHeapSize                     = 122909434                              {pd product} {ergonomic}
    uintx ReservedCodeCacheSize                    = 251658240                              {pd product} {ergonomic}
     bool SegmentedCodeCache                       = true                                      {product} {ergonomic}
   size_t SoftMaxHeapSize                          = 2147483648                             {manageable} {ergonomic}
     bool UseCompressedClassPointers               = true                           {product lp64_product} {ergonomic}
     bool UseCompressedOops                        = true                           {product lp64_product} {ergonomic}
     bool UseG1GC                                  = true                                      {product} {ergonomic}
     bool UseLargePagesIndividualAllocation        = false                                  {pd product} {ergonomic}

Logging:
Log output configuration:
 #0: stdout all=warning uptime,level,tags
 #1: stderr all=off uptime,level,tags

Environment Variables:
JAVA_HOME=C:\Program Files\Java\jdk-16.0.2
PATH=C:\Program Files\Python37\Scripts\;C:\Program Files\Python37\;C:\ProgramData\Oracle\Java\javapath;C:\app\ITECH\product\11.2.0\dbhome_1\bin;C:\Program Files\Common Files\Oracle\Java\javapath;C:\Program Files (x86)\Common Files\Oracle\Java\javapath;C:\WINDOWS\system32;C:\WINDOWS;C:\WINDOWS\System32\Wbem;C:\WINDOWS\System32\WindowsPowerShell\v1.0\;C:\WINDOWS\System32\OpenSSH\;C:\Program Files\Microsoft SQL Server\130\Tools\Binn\;C:\Program Files\Microsoft SQL Server\Client SDK\ODBC\170\Tools\Binn\;C:\Program Files\dotnet\;C:\Program Files\nodejs\;C:\Program Files\Java\jdk-16.0.2\bin;C:\Program Files\Git\cmd;C:\Program Files\Java\jdk-16.0.2\bin;
USERNAME=ITECH
OS=Windows_NT
PROCESSOR_IDENTIFIER=Intel64 Family 6 Model 126 Stepping 5, GenuineIntel



---------------  S Y S T E M  ---------------

OS:
 Windows 10 , 64 bit Build 19041 (10.0.19041.1889)
OS uptime: 0 days 1:05 hours

CPU: total 8 (initial active 8) (4 cores per cpu, 2 threads per core) family 6 model 126 stepping 5 microcode 0xb0, cx8, cmov, fxsr, ht, mmx, 3dnowpref, sse, sse2, sse3, ssse3, sse4.1, sse4.2, popcnt, lzcnt, tsc, tscinvbit, avx, avx2, aes, erms, clmul, bmi1, bmi2, adx, avx512f, avx512dq, avx512cd, avx512bw, avx512vl, sha, fma, vzeroupper, avx512_vpopcntdq, avx512_vpclmulqdq, avx512_vaes, avx512_vnni, clflush, clflushopt, avx512_vmbi2, avx512_vmbi

Memory: 4k page, system-wide physical 7959M (765M free)
TotalPageFile size 7959M (AvailPageFile size 3M)
current process WorkingSet (physical memory assigned to process): 391M, peak: 391M
current process commit charge ("private bytes"): 433M, peak: 434M

vm_info: Java HotSpot(TM) 64-Bit Server VM (16.0.2+7-67) for windows-amd64 JRE (16.0.2+7-67), built on Jun  8 2021 23:24:19 by "mach5one" with MS VC++ 16.7 (VS2019)

END.
