#
# There is insufficient memory for the Java Runtime Environment to continue.
# Native memory allocation (mmap) failed to map 55574528 bytes for G1 virtual space
# Possible reasons:
#   The system is out of physical RAM or swap space
#   The process is running with CompressedOops enabled, and the Java Heap may be blocking the growth of the native heap
# Possible solutions:
#   Reduce memory load on the system
#   Increase physical memory or swap space
#   Check if swap backing store is full
#   Decrease Java heap size (-Xmx/-Xms)
#   Decrease number of Java threads
#   Decrease Java thread stack sizes (-Xss)
#   Set larger code cache with -XX:ReservedCodeCacheSize=
#   JVM is running with Unscaled Compressed Oops mode in which the Java heap is
#     placed in the first 4GB address space. The Java Heap base address is the
#     maximum limit for the native heap growth. Please use -XX:HeapBaseMinAddress
#     to set the Java Heap base and to place the Java Heap above 4GB virtual address.
# This output file may be truncated or incomplete.
#
#  Out of Memory Error (os_windows.cpp:3466), pid=4692, tid=10312
#
# JRE version: Java(TM) SE Runtime Environment (16.0.2+7) (build 16.0.2+7-67)
# Java VM: Java HotSpot(TM) 64-Bit Server VM (16.0.2+7-67, mixed mode, sharing, tiered, compressed oops, compressed class ptrs, g1 gc, windows-amd64)
# No core dump will be written. Minidumps are not enabled by default on client versions of Windows
#

---------------  S U M M A R Y ------------

Command Line: --add-opens=java.base/java.util=ALL-UNNAMED --add-opens=java.base/java.lang=ALL-UNNAMED --add-opens=java.base/java.lang.invoke=ALL-UNNAMED --add-opens=java.base/java.util=ALL-UNNAMED --add-opens=java.prefs/java.util.prefs=ALL-UNNAMED --add-opens=java.prefs/java.util.prefs=ALL-UNNAMED --add-opens=java.base/java.nio.charset=ALL-UNNAMED --add-opens=java.base/java.net=ALL-UNNAMED --add-opens=java.base/java.util.concurrent.atomic=ALL-UNNAMED -Xmx2048m -Dfile.encoding=UTF-8 -Duser.country=US -Duser.language=en -Duser.variant org.gradle.launcher.daemon.bootstrap.GradleDaemon 7.3.3

Host: Intel(R) Core(TM) i7-1065G7 CPU @ 1.30GHz, 8 cores, 7G,  Windows 10 , 64 bit Build 19041 (10.0.19041.1889)
Time: Wed Aug 17 16:34:55 2022 Egypt Standard Time elapsed time: 10.969790 seconds (0d 0h 0m 10s)

---------------  T H R E A D  ---------------

Current thread (0x000001c7f6e7cfb0):  VMThread "VM Thread" [stack: 0x00000064c7900000,0x00000064c7a00000] [id=10312]

Stack: [0x00000064c7900000,0x00000064c7a00000]
Native frames: (J=compiled Java code, j=interpreted, Vv=VM code, C=native code)
V  [jvm.dll+0x6681ca]
V  [jvm.dll+0x7c9e69]
V  [jvm.dll+0x7cb61e]
V  [jvm.dll+0x7cbc73]
V  [jvm.dll+0x242c55]
V  [jvm.dll+0x664f89]
V  [jvm.dll+0x659b75]
V  [jvm.dll+0x2fbfbb]
V  [jvm.dll+0x3031b6]
V  [jvm.dll+0x35299e]
V  [jvm.dll+0x352bcf]
V  [jvm.dll+0x2d3028]
V  [jvm.dll+0x2d6596]
V  [jvm.dll+0x2e0aa7]
V  [jvm.dll+0x315550]
V  [jvm.dll+0x7d00ab]
V  [jvm.dll+0x7d0da4]
V  [jvm.dll+0x7d12a9]
V  [jvm.dll+0x7d1564]
V  [jvm.dll+0x7d1630]
V  [jvm.dll+0x7795aa]
V  [jvm.dll+0x667066]
C  [ucrtbase.dll+0x21bb2]
C  [KERNEL32.DLL+0x17034]
C  [ntdll.dll+0x52651]

VM_Operation (0x00000064c75ff2d0): G1Concurrent, mode: safepoint, requested by thread 0x000001c7d8e4c070


---------------  P R O C E S S  ---------------

Threads class SMR info:
_java_thread_list=0x000001c7fcaa3ee0, length=137, elements={
0x000001c7d8dfc5e0, 0x000001c7f6e809b0, 0x000001c7f6e814c0, 0x000001c7f6e8ce50,
0x000001c7f6e8e970, 0x000001c7f6e952b0, 0x000001c7f6e96bd0, 0x000001c7f6ec8980,
0x000001c7f6ec92d0, 0x000001c7f6ecbc30, 0x000001c7f79dcce0, 0x000001c7f79e0220,
0x000001c7f7a1d670, 0x000001c7fa27e600, 0x000001c7f8b1a570, 0x000001c7fa604cd0,
0x000001c7fa4135c0, 0x000001c7f89f3200, 0x000001c7fa49e3d0, 0x000001c7f8c77b90,
0x000001c7f8c76650, 0x000001c7f8c770f0, 0x000001c7f8c77640, 0x000001c7f8c780e0,
0x000001c7f8c78630, 0x000001c7f8c78b80, 0x000001c7f8c790d0, 0x000001c7f8c76ba0,
0x000001c7f8c79620, 0x000001c7f8c79b70, 0x000001c7fcf86c40, 0x000001c7fcf89170,
0x000001c7fcf8bbf0, 0x000001c7fcf84c60, 0x000001c7fcf87190, 0x000001c7fcf88c20,
0x000001c7fcf8ac00, 0x000001c7fcf8a160, 0x000001c7fcf896c0, 0x000001c7fcf87c30,
0x000001c7fcf8b150, 0x000001c7fcf89c10, 0x000001c7fcf8a6b0, 0x000001c7fcf85700,
0x000001c7fcf88180, 0x000001c7fcf8b6a0, 0x000001c7fcf841c0, 0x000001c7fcf84710,
0x000001c7fcf886d0, 0x000001c7fcf851b0, 0x000001c7fcf85c50, 0x000001c7fcf861a0,
0x000001c7f953c080, 0x000001c7f953e060, 0x000001c7f9540ae0, 0x000001c7f953bb30,
0x000001c7f9541030, 0x000001c7f953a0a0, 0x000001c7f953a5f0, 0x000001c7f9540590,
0x000001c7f9541ad0, 0x000001c7f953ab40, 0x000001c7f953faf0, 0x000001c7f953db10,
0x000001c7f953b090, 0x000001c7f953c5d0, 0x000001c7f9540040, 0x000001c7f953f050,
0x000001c7f9541580, 0x000001c7f953e5b0, 0x000001c7f953b5e0, 0x000001c7f953cb20,
0x000001c7f953d070, 0x000001c7f953d5c0, 0x000001c7f953eb00, 0x000001c7f953f5a0,
0x000001c7fb1e6540, 0x000001c7fb1e9fb0, 0x000001c7fb1e5000, 0x000001c7fb1e9510,
0x000001c7fb1e5ff0, 0x000001c7fb1eb4f0, 0x000001c7fb1e6a90, 0x000001c7fb1eba40,
0x000001c7fb1e6fe0, 0x000001c7fb1ea500, 0x000001c7fb1eaa50, 0x000001c7fb1eafa0,
0x000001c7fb1e7530, 0x000001c7fb1e7a80, 0x000001c7fb1e4010, 0x000001c7fb1e5550,
0x000001c7fb1e4560, 0x000001c7fb1e8a70, 0x000001c7fb1e7fd0, 0x000001c7fb1e8520,
0x000001c7fb1e5aa0, 0x000001c7fb1e4ab0, 0x000001c7fb1e9a60, 0x000001c7fb1e8fc0,
0x000001c7fa9f9610, 0x000001c7fa9ff060, 0x000001c7fa9f9b60, 0x000001c7fa9fdb20,
0x000001c7fa9fab50, 0x000001c7fa9fa0b0, 0x000001c7fa9f8620, 0x000001c7fa9fa600,
0x000001c7fa9fe070, 0x000001c7fa9fd080, 0x000001c7fa9fb0a0, 0x000001c7fa9fc090,
0x000001c7fa9fcb30, 0x000001c7fa9f80d0, 0x000001c7fa9fb5f0, 0x000001c7fa9f90c0,
0x000001c7fa9fe5c0, 0x000001c7fa9fd5d0, 0x000001c7fa9feb10, 0x000001c7fa9fbb40,
0x000001c7fa9ff5b0, 0x000001c7fa9ffb00, 0x000001c7fa9f8b70, 0x000001c7fa9fc5e0,
0x000001c7f9c3b840, 0x000001c78016b280, 0x000001c78016cd10, 0x000001c78016d260,
0x000001c780171cc0, 0x000001c78016fce0, 0x000001c78016d7b0, 0x000001c780170cd0,
0x000001c780171770, 0x000001c78016f790, 0x000001c78016ad30, 0x000001c78016dd00,
0x000001c78016a7e0
}

Java Threads: ( => current thread )
  0x000001c7d8dfc5e0 JavaThread "main" [_thread_blocked, id=11544, stack(0x00000064c7300000,0x00000064c7400000)]
  0x000001c7f6e809b0 JavaThread "Reference Handler" daemon [_thread_blocked, id=9916, stack(0x00000064c7a00000,0x00000064c7b00000)]
  0x000001c7f6e814c0 JavaThread "Finalizer" daemon [_thread_blocked, id=10560, stack(0x00000064c7b00000,0x00000064c7c00000)]
  0x000001c7f6e8ce50 JavaThread "Signal Dispatcher" daemon [_thread_blocked, id=11012, stack(0x00000064c7c00000,0x00000064c7d00000)]
  0x000001c7f6e8e970 JavaThread "Attach Listener" daemon [_thread_blocked, id=132, stack(0x00000064c7d00000,0x00000064c7e00000)]
  0x000001c7f6e952b0 JavaThread "Service Thread" daemon [_thread_blocked, id=6176, stack(0x00000064c7e00000,0x00000064c7f00000)]
  0x000001c7f6e96bd0 JavaThread "Monitor Deflation Thread" daemon [_thread_blocked, id=8376, stack(0x00000064c7f00000,0x00000064c8000000)]
  0x000001c7f6ec8980 JavaThread "C2 CompilerThread0" daemon [_thread_blocked, id=9940, stack(0x00000064c8000000,0x00000064c8100000)]
  0x000001c7f6ec92d0 JavaThread "C1 CompilerThread0" daemon [_thread_blocked, id=10196, stack(0x00000064c8100000,0x00000064c8200000)]
  0x000001c7f6ecbc30 JavaThread "Sweeper thread" daemon [_thread_blocked, id=2640, stack(0x00000064c8200000,0x00000064c8300000)]
  0x000001c7f79dcce0 JavaThread "Common-Cleaner" daemon [_thread_blocked, id=9576, stack(0x00000064c8300000,0x00000064c8400000)]
  0x000001c7f79e0220 JavaThread "Notification Thread" daemon [_thread_blocked, id=8796, stack(0x00000064c8400000,0x00000064c8500000)]
  0x000001c7f7a1d670 JavaThread "C2 CompilerThread1" daemon [_thread_blocked, id=10204, stack(0x00000064c8600000,0x00000064c8700000)]
  0x000001c7fa27e600 JavaThread "Daemon health stats" [_thread_blocked, id=12528, stack(0x00000064c8c00000,0x00000064c8d00000)]
  0x000001c7f8b1a570 JavaThread "Incoming local TCP Connector on port 56699" [_thread_in_native, id=10468, stack(0x00000064c8d00000,0x00000064c8e00000)]
  0x000001c7fa604cd0 JavaThread "Daemon periodic checks" [_thread_blocked, id=10748, stack(0x00000064c8e00000,0x00000064c8f00000)]
  0x000001c7fa4135c0 JavaThread "Daemon" [_thread_blocked, id=9468, stack(0x00000064c8f00000,0x00000064c9000000)]
  0x000001c7f89f3200 JavaThread "Handler for socket connection from /127.0.0.1:56699 to /127.0.0.1:56700" [_thread_in_native, id=3768, stack(0x00000064c9000000,0x00000064c9100000)]
  0x000001c7fa49e3d0 JavaThread "Cancel handler" [_thread_blocked, id=6636, stack(0x00000064c9100000,0x00000064c9200000)]
  0x000001c7f8c77b90 JavaThread "Daemon worker" [_thread_blocked, id=4968, stack(0x00000064c9200000,0x00000064c9300000)]
  0x000001c7f8c76650 JavaThread "Asynchronous log dispatcher for DefaultDaemonConnection: socket connection from /127.0.0.1:56699 to /127.0.0.1:56700" [_thread_blocked, id=9164, stack(0x00000064c9300000,0x00000064c9400000)]
  0x000001c7f8c770f0 JavaThread "Stdin handler" [_thread_blocked, id=1912, stack(0x00000064c9400000,0x00000064c9500000)]
  0x000001c7f8c77640 JavaThread "Daemon client event forwarder" [_thread_blocked, id=5032, stack(0x00000064c9500000,0x00000064c9600000)]
  0x000001c7f8c780e0 JavaThread "Cache worker for journal cache (C:\Users\ITECH\.gradle\caches\journal-1)" [_thread_blocked, id=2196, stack(0x00000064c9600000,0x00000064c9700000)]
  0x000001c7f8c78630 JavaThread "File lock request listener" [_thread_in_native, id=3716, stack(0x00000064c9700000,0x00000064c9800000)]
  0x000001c7f8c78b80 JavaThread "Cache worker for file hash cache (C:\Users\ITECH\.gradle\caches\7.3.3\fileHashes)" [_thread_blocked, id=10396, stack(0x00000064c9800000,0x00000064c9900000)]
  0x000001c7f8c790d0 JavaThread "Cache worker for file hash cache (C:\Users\ITECH\AndroidStudioProjects\yummy\.gradle\7.3.3\fileHashes)" [_thread_blocked, id=10232, stack(0x00000064c9c00000,0x00000064c9d00000)]
  0x000001c7f8c76ba0 JavaThread "File watcher server" daemon [_thread_blocked, id=8916, stack(0x00000064c9d00000,0x00000064c9e00000)]
  0x000001c7f8c79620 JavaThread "File watcher consumer" daemon [_thread_blocked, id=4624, stack(0x00000064c9e00000,0x00000064c9f00000)]
  0x000001c7f8c79b70 JavaThread "Cache worker for checksums cache (C:\Users\ITECH\AndroidStudioProjects\yummy\.gradle\7.3.3\checksums)" [_thread_blocked, id=5680, stack(0x00000064c9f00000,0x00000064ca000000)]
  0x000001c7fcf86c40 JavaThread "Cache worker for cache directory md-supplier (C:\Users\ITECH\.gradle\caches\7.3.3\md-supplier)" [_thread_blocked, id=13144, stack(0x00000064ca000000,0x00000064ca100000)]
  0x000001c7fcf89170 JavaThread "Cache worker for cache directory md-rule (C:\Users\ITECH\.gradle\caches\7.3.3\md-rule)" [_thread_blocked, id=4504, stack(0x00000064ca100000,0x00000064ca200000)]
  0x000001c7fcf8bbf0 JavaThread "Cache worker for execution history cache (C:\Users\ITECH\.gradle\caches\7.3.3\executionHistory)" [_thread_blocked, id=2856, stack(0x00000064ca300000,0x00000064ca400000)]
  0x000001c7fcf84c60 JavaThread "jar transforms" [_thread_blocked, id=4584, stack(0x00000064ca400000,0x00000064ca500000)]
  0x000001c7fcf87190 JavaThread "Cache worker for file content cache (C:\Users\ITECH\.gradle\caches\7.3.3\fileContent)" [_thread_blocked, id=4332, stack(0x00000064ca500000,0x00000064ca600000)]
  0x000001c7fcf88c20 JavaThread "jar transforms Thread 2" [_thread_blocked, id=7180, stack(0x00000064ca600000,0x00000064ca700000)]
  0x000001c7fcf8ac00 JavaThread "Cache worker for dependencies-accessors (C:\Users\ITECH\AndroidStudioProjects\yummy\.gradle\7.3.3\dependencies-accessors)" [_thread_blocked, id=13280, stack(0x00000064ca700000,0x00000064ca800000)]
  0x000001c7fcf8a160 JavaThread "jar transforms Thread 3" [_thread_blocked, id=4156, stack(0x00000064ca800000,0x00000064ca900000)]
  0x000001c7fcf896c0 JavaThread "Cache worker for Build Output Cleanup Cache (C:\Users\ITECH\AndroidStudioProjects\yummy\.gradle\buildOutputCleanup)" [_thread_blocked, id=7536, stack(0x00000064ca900000,0x00000064caa00000)]
  0x000001c7fcf87c30 JavaThread "Unconstrained build operations" [_thread_blocked, id=10672, stack(0x00000064caa00000,0x00000064cab00000)]
  0x000001c7fcf8b150 JavaThread "Unconstrained build operations Thread 2" [_thread_blocked, id=7220, stack(0x00000064cab00000,0x00000064cac00000)]
  0x000001c7fcf89c10 JavaThread "Unconstrained build operations Thread 3" [_thread_blocked, id=13048, stack(0x00000064cac00000,0x00000064cad00000)]
  0x000001c7fcf8a6b0 JavaThread "Unconstrained build operations Thread 4" [_thread_blocked, id=3060, stack(0x00000064cad00000,0x00000064cae00000)]
  0x000001c7fcf85700 JavaThread "Unconstrained build operations Thread 5" [_thread_blocked, id=8948, stack(0x00000064cae00000,0x00000064caf00000)]
  0x000001c7fcf88180 JavaThread "Unconstrained build operations Thread 6" [_thread_blocked, id=2060, stack(0x00000064caf00000,0x00000064cb000000)]
  0x000001c7fcf8b6a0 JavaThread "Unconstrained build operations Thread 7" [_thread_blocked, id=7692, stack(0x00000064cb000000,0x00000064cb100000)]
  0x000001c7fcf841c0 JavaThread "Unconstrained build operations Thread 8" [_thread_blocked, id=5584, stack(0x00000064cb100000,0x00000064cb200000)]
  0x000001c7fcf84710 JavaThread "Unconstrained build operations Thread 9" [_thread_blocked, id=11044, stack(0x00000064cb200000,0x00000064cb300000)]
  0x000001c7fcf886d0 JavaThread "Unconstrained build operations Thread 10" [_thread_blocked, id=10664, stack(0x00000064cb300000,0x00000064cb400000)]
  0x000001c7fcf851b0 JavaThread "Unconstrained build operations Thread 11" [_thread_blocked, id=10120, stack(0x00000064cb400000,0x00000064cb500000)]
  0x000001c7fcf85c50 JavaThread "Unconstrained build operations Thread 12" [_thread_blocked, id=2840, stack(0x00000064cb500000,0x00000064cb600000)]
  0x000001c7fcf861a0 JavaThread "Unconstrained build operations Thread 13" [_thread_blocked, id=12100, stack(0x00000064cb600000,0x00000064cb700000)]
  0x000001c7f953c080 JavaThread "Unconstrained build operations Thread 14" [_thread_blocked, id=6160, stack(0x00000064cb700000,0x00000064cb800000)]
  0x000001c7f953e060 JavaThread "Unconstrained build operations Thread 15" [_thread_blocked, id=6540, stack(0x00000064cb800000,0x00000064cb900000)]
  0x000001c7f9540ae0 JavaThread "Unconstrained build operations Thread 16" [_thread_blocked, id=6000, stack(0x00000064cb900000,0x00000064cba00000)]
  0x000001c7f953bb30 JavaThread "Unconstrained build operations Thread 17" [_thread_blocked, id=7096, stack(0x00000064cba00000,0x00000064cbb00000)]
  0x000001c7f9541030 JavaThread "Unconstrained build operations Thread 18" [_thread_blocked, id=12604, stack(0x00000064cbb00000,0x00000064cbc00000)]
  0x000001c7f953a0a0 JavaThread "Unconstrained build operations Thread 19" [_thread_blocked, id=13092, stack(0x00000064cbc00000,0x00000064cbd00000)]
  0x000001c7f953a5f0 JavaThread "Unconstrained build operations Thread 20" [_thread_blocked, id=3916, stack(0x00000064cbd00000,0x00000064cbe00000)]
  0x000001c7f9540590 JavaThread "Unconstrained build operations Thread 21" [_thread_blocked, id=9300, stack(0x00000064cbe00000,0x00000064cbf00000)]
  0x000001c7f9541ad0 JavaThread "Unconstrained build operations Thread 22" [_thread_blocked, id=10164, stack(0x00000064cbf00000,0x00000064cc000000)]
  0x000001c7f953ab40 JavaThread "Unconstrained build operations Thread 23" [_thread_blocked, id=6988, stack(0x00000064cc000000,0x00000064cc100000)]
  0x000001c7f953faf0 JavaThread "Unconstrained build operations Thread 24" [_thread_blocked, id=11428, stack(0x00000064cc100000,0x00000064cc200000)]
  0x000001c7f953db10 JavaThread "Unconstrained build operations Thread 25" [_thread_blocked, id=11284, stack(0x00000064cc200000,0x00000064cc300000)]
  0x000001c7f953b090 JavaThread "Unconstrained build operations Thread 26" [_thread_blocked, id=7032, stack(0x00000064cc300000,0x00000064cc400000)]
  0x000001c7f953c5d0 JavaThread "Unconstrained build operations Thread 27" [_thread_blocked, id=10236, stack(0x00000064cc400000,0x00000064cc500000)]
  0x000001c7f9540040 JavaThread "Unconstrained build operations Thread 28" [_thread_blocked, id=8764, stack(0x00000064cc500000,0x00000064cc600000)]
  0x000001c7f953f050 JavaThread "Unconstrained build operations Thread 29" [_thread_blocked, id=2768, stack(0x00000064cc600000,0x00000064cc700000)]
  0x000001c7f9541580 JavaThread "Unconstrained build operations Thread 30" [_thread_blocked, id=9988, stack(0x00000064cc700000,0x00000064cc800000)]
  0x000001c7f953e5b0 JavaThread "Unconstrained build operations Thread 31" [_thread_blocked, id=6656, stack(0x00000064cc800000,0x00000064cc900000)]
  0x000001c7f953b5e0 JavaThread "Unconstrained build operations Thread 32" [_thread_blocked, id=11052, stack(0x00000064cc900000,0x00000064cca00000)]
  0x000001c7f953cb20 JavaThread "Unconstrained build operations Thread 33" [_thread_blocked, id=4224, stack(0x00000064cca00000,0x00000064ccb00000)]
  0x000001c7f953d070 JavaThread "Unconstrained build operations Thread 34" [_thread_blocked, id=1784, stack(0x00000064ccb00000,0x00000064ccc00000)]
  0x000001c7f953d5c0 JavaThread "Unconstrained build operations Thread 35" [_thread_blocked, id=4304, stack(0x00000064ccc00000,0x00000064ccd00000)]
  0x000001c7f953eb00 JavaThread "Unconstrained build operations Thread 36" [_thread_blocked, id=9032, stack(0x00000064ccd00000,0x00000064cce00000)]
  0x000001c7f953f5a0 JavaThread "Unconstrained build operations Thread 37" [_thread_blocked, id=12676, stack(0x00000064cce00000,0x00000064ccf00000)]
  0x000001c7fb1e6540 JavaThread "Unconstrained build operations Thread 38" [_thread_blocked, id=12892, stack(0x00000064ccf00000,0x00000064cd000000)]
  0x000001c7fb1e9fb0 JavaThread "Unconstrained build operations Thread 39" [_thread_blocked, id=3588, stack(0x00000064cd000000,0x00000064cd100000)]
  0x000001c7fb1e5000 JavaThread "Unconstrained build operations Thread 40" [_thread_blocked, id=7224, stack(0x00000064cd100000,0x00000064cd200000)]
  0x000001c7fb1e9510 JavaThread "Unconstrained build operations Thread 41" [_thread_blocked, id=8836, stack(0x00000064cd200000,0x00000064cd300000)]
  0x000001c7fb1e5ff0 JavaThread "Unconstrained build operations Thread 42" [_thread_blocked, id=3520, stack(0x00000064cd300000,0x00000064cd400000)]
  0x000001c7fb1eb4f0 JavaThread "Unconstrained build operations Thread 43" [_thread_blocked, id=1028, stack(0x00000064cd400000,0x00000064cd500000)]
  0x000001c7fb1e6a90 JavaThread "Unconstrained build operations Thread 44" [_thread_blocked, id=13212, stack(0x00000064cd500000,0x00000064cd600000)]
  0x000001c7fb1eba40 JavaThread "Unconstrained build operations Thread 45" [_thread_blocked, id=8524, stack(0x00000064cd600000,0x00000064cd700000)]
  0x000001c7fb1e6fe0 JavaThread "Unconstrained build operations Thread 46" [_thread_blocked, id=10460, stack(0x00000064cd700000,0x00000064cd800000)]
  0x000001c7fb1ea500 JavaThread "Unconstrained build operations Thread 47" [_thread_blocked, id=244, stack(0x00000064cd800000,0x00000064cd900000)]
  0x000001c7fb1eaa50 JavaThread "Unconstrained build operations Thread 48" [_thread_blocked, id=10424, stack(0x00000064cd900000,0x00000064cda00000)]
  0x000001c7fb1eafa0 JavaThread "Unconstrained build operations Thread 49" [_thread_blocked, id=4576, stack(0x00000064cda00000,0x00000064cdb00000)]
  0x000001c7fb1e7530 JavaThread "Unconstrained build operations Thread 50" [_thread_blocked, id=4440, stack(0x00000064cdb00000,0x00000064cdc00000)]
  0x000001c7fb1e7a80 JavaThread "Unconstrained build operations Thread 51" [_thread_blocked, id=900, stack(0x00000064cdc00000,0x00000064cdd00000)]
  0x000001c7fb1e4010 JavaThread "Unconstrained build operations Thread 52" [_thread_blocked, id=5600, stack(0x00000064cdd00000,0x00000064cde00000)]
  0x000001c7fb1e5550 JavaThread "Unconstrained build operations Thread 53" [_thread_blocked, id=7292, stack(0x00000064cde00000,0x00000064cdf00000)]
  0x000001c7fb1e4560 JavaThread "Unconstrained build operations Thread 54" [_thread_blocked, id=3300, stack(0x00000064cdf00000,0x00000064ce000000)]
  0x000001c7fb1e8a70 JavaThread "Unconstrained build operations Thread 55" [_thread_blocked, id=10632, stack(0x00000064ce000000,0x00000064ce100000)]
  0x000001c7fb1e7fd0 JavaThread "Unconstrained build operations Thread 56" [_thread_blocked, id=3744, stack(0x00000064ce100000,0x00000064ce200000)]
  0x000001c7fb1e8520 JavaThread "Unconstrained build operations Thread 57" [_thread_blocked, id=9796, stack(0x00000064ce200000,0x00000064ce300000)]
  0x000001c7fb1e5aa0 JavaThread "Unconstrained build operations Thread 58" [_thread_blocked, id=13152, stack(0x00000064ce300000,0x00000064ce400000)]
  0x000001c7fb1e4ab0 JavaThread "Unconstrained build operations Thread 59" [_thread_blocked, id=10108, stack(0x00000064ce400000,0x00000064ce500000)]
  0x000001c7fb1e9a60 JavaThread "Unconstrained build operations Thread 60" [_thread_blocked, id=9564, stack(0x00000064ce500000,0x00000064ce600000)]
  0x000001c7fb1e8fc0 JavaThread "Unconstrained build operations Thread 61" [_thread_blocked, id=7324, stack(0x00000064ce600000,0x00000064ce700000)]
  0x000001c7fa9f9610 JavaThread "Unconstrained build operations Thread 62" [_thread_blocked, id=5492, stack(0x00000064ce700000,0x00000064ce800000)]
  0x000001c7fa9ff060 JavaThread "Unconstrained build operations Thread 63" [_thread_blocked, id=12456, stack(0x00000064ce800000,0x00000064ce900000)]
  0x000001c7fa9f9b60 JavaThread "Unconstrained build operations Thread 64" [_thread_blocked, id=4144, stack(0x00000064ce900000,0x00000064cea00000)]
  0x000001c7fa9fdb20 JavaThread "Unconstrained build operations Thread 65" [_thread_blocked, id=5180, stack(0x00000064cea00000,0x00000064ceb00000)]
  0x000001c7fa9fab50 JavaThread "Unconstrained build operations Thread 66" [_thread_blocked, id=592, stack(0x00000064ceb00000,0x00000064cec00000)]
  0x000001c7fa9fa0b0 JavaThread "Unconstrained build operations Thread 67" [_thread_blocked, id=8628, stack(0x00000064cec00000,0x00000064ced00000)]
  0x000001c7fa9f8620 JavaThread "Unconstrained build operations Thread 68" [_thread_blocked, id=2504, stack(0x00000064ced00000,0x00000064cee00000)]
  0x000001c7fa9fa600 JavaThread "Unconstrained build operations Thread 69" [_thread_blocked, id=9700, stack(0x00000064cee00000,0x00000064cef00000)]
  0x000001c7fa9fe070 JavaThread "Unconstrained build operations Thread 70" [_thread_blocked, id=6816, stack(0x00000064cef00000,0x00000064cf000000)]
  0x000001c7fa9fd080 JavaThread "Unconstrained build operations Thread 71" [_thread_blocked, id=10268, stack(0x00000064cf000000,0x00000064cf100000)]
  0x000001c7fa9fb0a0 JavaThread "Unconstrained build operations Thread 72" [_thread_blocked, id=948, stack(0x00000064cf100000,0x00000064cf200000)]
  0x000001c7fa9fc090 JavaThread "Unconstrained build operations Thread 73" [_thread_blocked, id=1604, stack(0x00000064cf200000,0x00000064cf300000)]
  0x000001c7fa9fcb30 JavaThread "Unconstrained build operations Thread 74" [_thread_blocked, id=3928, stack(0x00000064cf300000,0x00000064cf400000)]
  0x000001c7fa9f80d0 JavaThread "Unconstrained build operations Thread 75" [_thread_blocked, id=9944, stack(0x00000064cf400000,0x00000064cf500000)]
  0x000001c7fa9fb5f0 JavaThread "Unconstrained build operations Thread 76" [_thread_blocked, id=7844, stack(0x00000064cf500000,0x00000064cf600000)]
  0x000001c7fa9f90c0 JavaThread "Unconstrained build operations Thread 77" [_thread_blocked, id=10872, stack(0x00000064cf600000,0x00000064cf700000)]
  0x000001c7fa9fe5c0 JavaThread "Unconstrained build operations Thread 78" [_thread_blocked, id=5636, stack(0x00000064cf700000,0x00000064cf800000)]
  0x000001c7fa9fd5d0 JavaThread "Unconstrained build operations Thread 79" [_thread_blocked, id=10788, stack(0x00000064cf800000,0x00000064cf900000)]
  0x000001c7fa9feb10 JavaThread "Unconstrained build operations Thread 80" [_thread_blocked, id=3648, stack(0x00000064cf900000,0x00000064cfa00000)]
  0x000001c7fa9fbb40 JavaThread "jar transforms Thread 4" [_thread_blocked, id=9060, stack(0x00000064cfa00000,0x00000064cfb00000)]
  0x000001c7fa9ff5b0 JavaThread "jar transforms Thread 5" [_thread_blocked, id=9140, stack(0x00000064cfb00000,0x00000064cfc00000)]
  0x000001c7fa9ffb00 JavaThread "jar transforms Thread 6" [_thread_blocked, id=10088, stack(0x00000064cfc00000,0x00000064cfd00000)]
  0x000001c7fa9f8b70 JavaThread "jar transforms Thread 7" [_thread_blocked, id=6696, stack(0x00000064cfd00000,0x00000064cfe00000)]
  0x000001c7fa9fc5e0 JavaThread "jar transforms Thread 8" [_thread_blocked, id=9652, stack(0x00000064cfe00000,0x00000064cff00000)]
  0x000001c7f9c3b840 JavaThread "C2 CompilerThread2" daemon [_thread_blocked, id=10192, stack(0x00000064c8700000,0x00000064c8800000)]
  0x000001c78016b280 JavaThread "Memory manager" [_thread_blocked, id=11392, stack(0x00000064cff00000,0x00000064d0000000)]
  0x000001c78016cd10 JavaThread "build event listener" [_thread_blocked, id=4028, stack(0x00000064d0000000,0x00000064d0100000)]
  0x000001c78016d260 JavaThread "pool-3-thread-1" [_thread_blocked, id=2956, stack(0x00000064d0100000,0x00000064d0200000)]
  0x000001c780171cc0 JavaThread "build event listener" [_thread_blocked, id=1340, stack(0x00000064d0200000,0x00000064d0300000)]
  0x000001c78016fce0 JavaThread "Execution worker for ':'" [_thread_blocked, id=9532, stack(0x00000064d0300000,0x00000064d0400000)]
  0x000001c78016d7b0 JavaThread "Execution worker for ':' Thread 2" [_thread_blocked, id=1380, stack(0x00000064d0400000,0x00000064d0500000)]
  0x000001c780170cd0 JavaThread "Execution worker for ':' Thread 3" [_thread_blocked, id=13284, stack(0x00000064d0500000,0x00000064d0600000)]
  0x000001c780171770 JavaThread "Execution worker for ':' Thread 4" [_thread_blocked, id=4708, stack(0x00000064d0600000,0x00000064d0700000)]
  0x000001c78016f790 JavaThread "Execution worker for ':' Thread 5" [_thread_blocked, id=2636, stack(0x00000064d0700000,0x00000064d0800000)]
  0x000001c78016ad30 JavaThread "Execution worker for ':' Thread 6" [_thread_blocked, id=2656, stack(0x00000064d0800000,0x00000064d0900000)]
  0x000001c78016dd00 JavaThread "Execution worker for ':' Thread 7" [_thread_blocked, id=2808, stack(0x00000064d0900000,0x00000064d0a00000)]
  0x000001c78016a7e0 JavaThread "Cache worker for execution history cache (C:\Users\ITECH\AndroidStudioProjects\yummy\.gradle\7.3.3\executionHistory)" [_thread_blocked, id=2896, stack(0x00000064d0a00000,0x00000064d0b00000)]

Other Threads:
=>0x000001c7f6e7cfb0 VMThread "VM Thread" [stack: 0x00000064c7900000,0x00000064c7a00000] [id=10312]
  0x000001c7f79e1750 WatcherThread [stack: 0x00000064c8500000,0x00000064c8600000] [id=608]
  0x000001c7d8e3a010 GCTaskThread "GC Thread#0" [stack: 0x00000064c7400000,0x00000064c7500000] [id=5292]
  0x000001c7f894ae40 GCTaskThread "GC Thread#1" [stack: 0x00000064c8800000,0x00000064c8900000] [id=10820]
  0x000001c7f8a22b40 GCTaskThread "GC Thread#2" [stack: 0x00000064c8900000,0x00000064c8a00000] [id=8984]
  0x000001c7f80177d0 GCTaskThread "GC Thread#3" [stack: 0x00000064c8a00000,0x00000064c8b00000] [id=6624]
  0x000001c7f8fdc7e0 GCTaskThread "GC Thread#4" [stack: 0x00000064c8b00000,0x00000064c8c00000] [id=10892]
  0x000001c7f9d31f20 GCTaskThread "GC Thread#5" [stack: 0x00000064c9900000,0x00000064c9a00000] [id=12328]
  0x000001c7f9d32230 GCTaskThread "GC Thread#6" [stack: 0x00000064c9a00000,0x00000064c9b00000] [id=9404]
  0x000001c7f9d32b60 GCTaskThread "GC Thread#7" [stack: 0x00000064c9b00000,0x00000064c9c00000] [id=10400]
  0x000001c7d8e4c070 ConcurrentGCThread "G1 Main Marker" [stack: 0x00000064c7500000,0x00000064c7600000] [id=12452]
  0x000001c7d8e4da80 ConcurrentGCThread "G1 Conc#0" [stack: 0x00000064c7600000,0x00000064c7700000] [id=9960]
  0x000001c7f9d33180 ConcurrentGCThread "G1 Conc#1" [stack: 0x00000064ca200000,0x00000064ca300000] [id=1344]
  0x000001c7d8eda0c0 ConcurrentGCThread "G1 Refine#0" [stack: 0x00000064c7700000,0x00000064c7800000] [id=11336]
  0x000001c7fde250b0 ConcurrentGCThread "G1 Refine#1" [stack: 0x00000064d0b00000,0x00000064d0c00000] [id=4536]
  0x000001c7faa8af00 ConcurrentGCThread "G1 Refine#2" [stack: 0x00000064d0c00000,0x00000064d0d00000] [id=2908]
  0x000001c7d8edaa50 ConcurrentGCThread "G1 Service" [stack: 0x00000064c7800000,0x00000064c7900000] [id=11748]

Threads with active compile tasks:
C2 CompilerThread0    10999 9810       4       sun.nio.cs.UTF_8$Encoder::encodeArrayLoop (489 bytes)
C2 CompilerThread1    10999 9804       4       com.android.utils.XmlUtils::append (645 bytes)
C2 CompilerThread2    10999 9771       4       com.android.ide.common.resources.NodeUtils::updateNamespace (161 bytes)

VM state: at safepoint (normal execution)

VM Mutex/Monitor currently owned by a thread:  ([mutex/lock_event])
[0x000001c7d8df8d60] Threads_lock - owner thread: 0x000001c7f6e7cfb0
[0x000001c7d8df9ff0] Heap_lock - owner thread: 0x000001c7d8e4c070

Heap address: 0x0000000080000000, size: 2048 MB, Compressed Oops mode: 32-bit

CDS archive(s) mapped at: [0x0000000800000000-0x0000000800bb0000-0x0000000800bb0000), size 12255232, SharedBaseAddress: 0x0000000800000000, ArchiveRelocationMode: 0.
Compressed class space mapped at: 0x0000000800c00000-0x0000000840c00000, reserved size: 1073741824
Narrow klass base: 0x0000000800000000, Narrow klass shift: 3, Narrow klass range: 0x100000000

GC Precious Log:
 CPUs: 8 total, 8 available
 Memory: 7959M
 Large Page Support: Disabled
 NUMA Support: Disabled
 Compressed Oops: Enabled (32-bit)
 Heap Region Size: 1M
 Heap Min Capacity: 8M
 Heap Initial Capacity: 126M
 Heap Max Capacity: 2G
 Pre-touch: Disabled
 Parallel Workers: 8
 Concurrent Workers: 2
 Concurrent Refinement Workers: 8
 Periodic GC: Disabled

Heap:
 garbage-first heap   total 130048K, used 108558K [0x0000000080000000, 0x0000000100000000)
  region size 1024K, 6 young (6144K), 4 survivors (4096K)
 Metaspace       used 75442K, committed 75904K, reserved 1122304K
  class space    used 10151K, committed 10368K, reserved 1048576K

Heap Regions: E=young(eden), S=young(survivor), O=old, HS=humongous(starts), HC=humongous(continues), CS=collection set, F=free, OA=open archive, CA=closed archive, TAMS=top-at-mark-start (previous, next)
|   0|0x0000000080000000, 0x0000000080100000, 0x0000000080100000|100%| O|  |TAMS 0x0000000080100000, 0x0000000080000000| Updating 
|   1|0x0000000080100000, 0x0000000080200000, 0x0000000080200000|100%| O|  |TAMS 0x0000000080200000, 0x0000000080100000| Updating 
|   2|0x0000000080200000, 0x0000000080300000, 0x0000000080300000|100%| O|  |TAMS 0x0000000080300000, 0x0000000080200000| Updating 
|   3|0x0000000080300000, 0x0000000080400000, 0x0000000080400000|100%|HS|  |TAMS 0x0000000080400000, 0x0000000080300000| Complete 
|   4|0x0000000080400000, 0x0000000080500000, 0x0000000080500000|100%|HC|  |TAMS 0x0000000080500000, 0x0000000080400000| Complete 
|   5|0x0000000080500000, 0x0000000080600000, 0x0000000080600000|100%|HC|  |TAMS 0x0000000080600000, 0x0000000080500000| Complete 
|   6|0x0000000080600000, 0x0000000080700000, 0x0000000080700000|100%| O|  |TAMS 0x0000000080700000, 0x0000000080600000| Updating 
|   7|0x0000000080700000, 0x0000000080800000, 0x0000000080800000|100%| O|  |TAMS 0x0000000080800000, 0x0000000080700000| Updating 
|   8|0x0000000080800000, 0x0000000080900000, 0x0000000080900000|100%| O|  |TAMS 0x0000000080900000, 0x0000000080800000| Updating 
|   9|0x0000000080900000, 0x0000000080a00000, 0x0000000080a00000|100%| O|  |TAMS 0x0000000080a00000, 0x0000000080900000| Updating 
|  10|0x0000000080a00000, 0x0000000080b00000, 0x0000000080b00000|100%| O|  |TAMS 0x0000000080b00000, 0x0000000080a00000| Updating 
|  11|0x0000000080b00000, 0x0000000080c00000, 0x0000000080c00000|100%| O|  |TAMS 0x0000000080c00000, 0x0000000080b00000| Updating 
|  12|0x0000000080c00000, 0x0000000080d00000, 0x0000000080d00000|100%| O|  |TAMS 0x0000000080d00000, 0x0000000080c00000| Updating 
|  13|0x0000000080d00000, 0x0000000080e00000, 0x0000000080e00000|100%| O|  |TAMS 0x0000000080e00000, 0x0000000080d00000| Updating 
|  14|0x0000000080e00000, 0x0000000080f00000, 0x0000000080f00000|100%| O|  |TAMS 0x0000000080f00000, 0x0000000080e00000| Updating 
|  15|0x0000000080f00000, 0x0000000081000000, 0x0000000081000000|100%| O|  |TAMS 0x0000000081000000, 0x0000000080f00000| Updating 
|  16|0x0000000081000000, 0x0000000081100000, 0x0000000081100000|100%| O|  |TAMS 0x0000000081100000, 0x0000000081000000| Updating 
|  17|0x0000000081100000, 0x0000000081200000, 0x0000000081200000|100%| O|  |TAMS 0x0000000081200000, 0x0000000081100000| Updating 
|  18|0x0000000081200000, 0x0000000081203a00, 0x0000000081300000|  1%| O|  |TAMS 0x0000000081203a00, 0x0000000081200000| Updating 
|  19|0x0000000081300000, 0x0000000081400000, 0x0000000081400000|100%| O|  |TAMS 0x0000000081400000, 0x0000000081300000| Updating 
|  20|0x0000000081400000, 0x0000000081500000, 0x0000000081500000|100%| O|  |TAMS 0x0000000081500000, 0x0000000081400000| Updating 
|  21|0x0000000081500000, 0x0000000081600000, 0x0000000081600000|100%| O|  |TAMS 0x0000000081600000, 0x0000000081500000| Updating 
|  22|0x0000000081600000, 0x0000000081700000, 0x0000000081700000|100%| O|  |TAMS 0x0000000081700000, 0x0000000081600000| Updating 
|  23|0x0000000081700000, 0x0000000081800000, 0x0000000081800000|100%| O|  |TAMS 0x0000000081800000, 0x0000000081700000| Updating 
|  24|0x0000000081800000, 0x0000000081900000, 0x0000000081900000|100%| O|  |TAMS 0x0000000081900000, 0x0000000081800000| Updating 
|  25|0x0000000081900000, 0x0000000081a00000, 0x0000000081a00000|100%| O|  |TAMS 0x0000000081a00000, 0x0000000081900000| Updating 
|  26|0x0000000081a00000, 0x0000000081b00000, 0x0000000081b00000|100%| O|  |TAMS 0x0000000081b00000, 0x0000000081a00000| Updating 
|  27|0x0000000081b00000, 0x0000000081c00000, 0x0000000081c00000|100%|HS|  |TAMS 0x0000000081c00000, 0x0000000081b00000| Complete 
|  28|0x0000000081c00000, 0x0000000081d00000, 0x0000000081d00000|100%|HS|  |TAMS 0x0000000081d00000, 0x0000000081c00000| Complete 
|  29|0x0000000081d00000, 0x0000000081e00000, 0x0000000081e00000|100%|HS|  |TAMS 0x0000000081e00000, 0x0000000081d00000| Complete 
|  30|0x0000000081e00000, 0x0000000081f00000, 0x0000000081f00000|100%|HC|  |TAMS 0x0000000081f00000, 0x0000000081e00000| Complete 
|  31|0x0000000081f00000, 0x0000000082000000, 0x0000000082000000|100%| O|  |TAMS 0x0000000082000000, 0x0000000081f00000| Updating 
|  32|0x0000000082000000, 0x0000000082100000, 0x0000000082100000|100%| O|  |TAMS 0x0000000082100000, 0x0000000082000000| Updating 
|  33|0x0000000082100000, 0x0000000082200000, 0x0000000082200000|100%| O|  |TAMS 0x0000000082200000, 0x0000000082100000| Updating 
|  34|0x0000000082200000, 0x0000000082300000, 0x0000000082300000|100%| O|  |TAMS 0x0000000082300000, 0x0000000082200000| Updating 
|  35|0x0000000082300000, 0x0000000082400000, 0x0000000082400000|100%| O|  |TAMS 0x0000000082400000, 0x0000000082300000| Updating 
|  36|0x0000000082400000, 0x0000000082500000, 0x0000000082500000|100%| O|  |TAMS 0x0000000082500000, 0x0000000082400000| Updating 
|  37|0x0000000082500000, 0x0000000082600000, 0x0000000082600000|100%| O|  |TAMS 0x0000000082600000, 0x0000000082500000| Updating 
|  38|0x0000000082600000, 0x0000000082700000, 0x0000000082700000|100%| O|  |TAMS 0x0000000082700000, 0x0000000082600000| Updating 
|  39|0x0000000082700000, 0x0000000082800000, 0x0000000082800000|100%| O|  |TAMS 0x0000000082800000, 0x0000000082700000| Updating 
|  40|0x0000000082800000, 0x0000000082900000, 0x0000000082900000|100%| O|  |TAMS 0x0000000082900000, 0x0000000082800000| Updating 
|  41|0x0000000082900000, 0x0000000082a00000, 0x0000000082a00000|100%| O|  |TAMS 0x0000000082a00000, 0x0000000082900000| Updating 
|  42|0x0000000082a00000, 0x0000000082b00000, 0x0000000082b00000|100%| O|  |TAMS 0x0000000082b00000, 0x0000000082a00000| Updating 
|  43|0x0000000082b00000, 0x0000000082c00000, 0x0000000082c00000|100%| O|  |TAMS 0x0000000082c00000, 0x0000000082b00000| Updating 
|  44|0x0000000082c00000, 0x0000000082d00000, 0x0000000082d00000|100%| O|  |TAMS 0x0000000082d00000, 0x0000000082c00000| Updating 
|  45|0x0000000082d00000, 0x0000000082e00000, 0x0000000082e00000|100%| O|  |TAMS 0x0000000082e00000, 0x0000000082d00000| Updating 
|  46|0x0000000082e00000, 0x0000000082f00000, 0x0000000082f00000|100%| O|  |TAMS 0x0000000082f00000, 0x0000000082e00000| Updating 
|  47|0x0000000082f00000, 0x0000000083000000, 0x0000000083000000|100%| O|  |TAMS 0x0000000083000000, 0x0000000082f00000| Updating 
|  48|0x0000000083000000, 0x0000000083100000, 0x0000000083100000|100%| O|  |TAMS 0x0000000083100000, 0x0000000083000000| Updating 
|  49|0x0000000083100000, 0x0000000083200000, 0x0000000083200000|100%| O|  |TAMS 0x0000000083200000, 0x0000000083100000| Updating 
|  50|0x0000000083200000, 0x0000000083300000, 0x0000000083300000|100%| O|  |TAMS 0x0000000083300000, 0x0000000083200000| Updating 
|  51|0x0000000083300000, 0x0000000083400000, 0x0000000083400000|100%| O|  |TAMS 0x0000000083400000, 0x0000000083300000| Updating 
|  52|0x0000000083400000, 0x0000000083500000, 0x0000000083500000|100%| O|  |TAMS 0x0000000083500000, 0x0000000083400000| Updating 
|  53|0x0000000083500000, 0x0000000083600000, 0x0000000083600000|100%| O|  |TAMS 0x0000000083600000, 0x0000000083500000| Updating 
|  54|0x0000000083600000, 0x0000000083700000, 0x0000000083700000|100%| O|  |TAMS 0x0000000083700000, 0x0000000083600000| Updating 
|  55|0x0000000083700000, 0x0000000083800000, 0x0000000083800000|100%| O|  |TAMS 0x0000000083800000, 0x0000000083700000| Updating 
|  56|0x0000000083800000, 0x0000000083900000, 0x0000000083900000|100%| O|  |TAMS 0x0000000083900000, 0x0000000083800000| Updating 
|  57|0x0000000083900000, 0x0000000083a00000, 0x0000000083a00000|100%| O|  |TAMS 0x0000000083a00000, 0x0000000083900000| Updating 
|  58|0x0000000083a00000, 0x0000000083b00000, 0x0000000083b00000|100%| O|  |TAMS 0x0000000083b00000, 0x0000000083a00000| Updating 
|  59|0x0000000083b00000, 0x0000000083c00000, 0x0000000083c00000|100%| O|  |TAMS 0x0000000083c00000, 0x0000000083b00000| Updating 
|  60|0x0000000083c00000, 0x0000000083d00000, 0x0000000083d00000|100%| O|  |TAMS 0x0000000083d00000, 0x0000000083c00000| Updating 
|  61|0x0000000083d00000, 0x0000000083e00000, 0x0000000083e00000|100%| O|  |TAMS 0x0000000083e00000, 0x0000000083d00000| Updating 
|  62|0x0000000083e00000, 0x0000000083f00000, 0x0000000083f00000|100%| O|  |TAMS 0x0000000083f00000, 0x0000000083e00000| Updating 
|  63|0x0000000083f00000, 0x0000000084000000, 0x0000000084000000|100%| O|  |TAMS 0x0000000084000000, 0x0000000083f00000| Updating 
|  64|0x0000000084000000, 0x0000000084100000, 0x0000000084100000|100%| O|  |TAMS 0x0000000084100000, 0x0000000084000000| Updating 
|  65|0x0000000084100000, 0x0000000084200000, 0x0000000084200000|100%| O|  |TAMS 0x0000000084200000, 0x0000000084100000| Updating 
|  66|0x0000000084200000, 0x0000000084300000, 0x0000000084300000|100%| O|  |TAMS 0x0000000084300000, 0x0000000084200000| Updating 
|  67|0x0000000084300000, 0x0000000084400000, 0x0000000084400000|100%| O|  |TAMS 0x0000000084400000, 0x0000000084300000| Updating 
|  68|0x0000000084400000, 0x0000000084500000, 0x0000000084500000|100%| O|  |TAMS 0x0000000084400000, 0x0000000084400000| Untracked 
|  69|0x0000000084500000, 0x0000000084600000, 0x0000000084600000|100%| O|  |TAMS 0x0000000084500000, 0x0000000084500000| Untracked 
|  70|0x0000000084600000, 0x0000000084700000, 0x0000000084700000|100%| O|  |TAMS 0x0000000084700000, 0x0000000084600000| Updating 
|  71|0x0000000084700000, 0x0000000084800000, 0x0000000084800000|100%| O|  |TAMS 0x0000000084800000, 0x0000000084700000| Updating 
|  72|0x0000000084800000, 0x0000000084900000, 0x0000000084900000|100%| O|  |TAMS 0x0000000084900000, 0x0000000084800000| Updating 
|  73|0x0000000084900000, 0x0000000084a00000, 0x0000000084a00000|100%| O|  |TAMS 0x0000000084a00000, 0x0000000084900000| Updating 
|  74|0x0000000084a00000, 0x0000000084b00000, 0x0000000084b00000|100%| O|  |TAMS 0x0000000084b00000, 0x0000000084a00000| Updating 
|  75|0x0000000084b00000, 0x0000000084c00000, 0x0000000084c00000|100%| O|  |TAMS 0x0000000084c00000, 0x0000000084b00000| Updating 
|  76|0x0000000084c00000, 0x0000000084d00000, 0x0000000084d00000|100%| O|  |TAMS 0x0000000084d00000, 0x0000000084c00000| Updating 
|  77|0x0000000084d00000, 0x0000000084e00000, 0x0000000084e00000|100%| O|  |TAMS 0x0000000084e00000, 0x0000000084d00000| Updating 
|  78|0x0000000084e00000, 0x0000000084f00000, 0x0000000084f00000|100%| O|  |TAMS 0x0000000084f00000, 0x0000000084e00000| Updating 
|  79|0x0000000084f00000, 0x0000000085000000, 0x0000000085000000|100%| O|  |TAMS 0x0000000085000000, 0x0000000084f00000| Updating 
|  80|0x0000000085000000, 0x0000000085100000, 0x0000000085100000|100%| O|  |TAMS 0x00000000850b9400, 0x0000000085000000| Updating 
|  81|0x0000000085100000, 0x0000000085200000, 0x0000000085200000|100%| O|  |TAMS 0x0000000085100000, 0x0000000085100000| Untracked 
|  82|0x0000000085200000, 0x0000000085300000, 0x0000000085300000|100%| O|  |TAMS 0x0000000085200000, 0x0000000085200000| Untracked 
|  83|0x0000000085300000, 0x0000000085400000, 0x0000000085400000|100%| O|  |TAMS 0x0000000085300000, 0x0000000085300000| Untracked 
|  84|0x0000000085400000, 0x0000000085500000, 0x0000000085500000|100%|HS|  |TAMS 0x0000000085400000, 0x0000000085400000| Complete 
|  85|0x0000000085500000, 0x0000000085600000, 0x0000000085600000|100%|HS|  |TAMS 0x0000000085500000, 0x0000000085500000| Complete 
|  86|0x0000000085600000, 0x0000000085700000, 0x0000000085700000|100%|HC|  |TAMS 0x0000000085600000, 0x0000000085600000| Complete 
|  87|0x0000000085700000, 0x0000000085800000, 0x0000000085800000|100%|HS|  |TAMS 0x0000000085700000, 0x0000000085700000| Complete 
|  88|0x0000000085800000, 0x0000000085900000, 0x0000000085900000|100%|HC|  |TAMS 0x0000000085800000, 0x0000000085800000| Complete 
|  89|0x0000000085900000, 0x0000000085a00000, 0x0000000085a00000|100%| O|  |TAMS 0x0000000085900000, 0x0000000085900000| Untracked 
|  90|0x0000000085a00000, 0x0000000085b00000, 0x0000000085b00000|100%| O|  |TAMS 0x0000000085a00000, 0x0000000085a00000| Untracked 
|  91|0x0000000085b00000, 0x0000000085c00000, 0x0000000085c00000|100%| O|  |TAMS 0x0000000085b00000, 0x0000000085b00000| Untracked 
|  92|0x0000000085c00000, 0x0000000085d00000, 0x0000000085d00000|100%|HS|  |TAMS 0x0000000085c00000, 0x0000000085c00000| Complete 
|  93|0x0000000085d00000, 0x0000000085e00000, 0x0000000085e00000|100%|HC|  |TAMS 0x0000000085d00000, 0x0000000085d00000| Complete 
|  94|0x0000000085e00000, 0x0000000085f00000, 0x0000000085f00000|100%|HC|  |TAMS 0x0000000085e00000, 0x0000000085e00000| Complete 
|  95|0x0000000085f00000, 0x0000000086000000, 0x0000000086000000|100%|HC|  |TAMS 0x0000000085f00000, 0x0000000085f00000| Complete 
|  96|0x0000000086000000, 0x0000000086100000, 0x0000000086100000|100%|HS|  |TAMS 0x0000000086000000, 0x0000000086000000| Complete 
|  97|0x0000000086100000, 0x0000000086200000, 0x0000000086200000|100%|HC|  |TAMS 0x0000000086100000, 0x0000000086100000| Complete 
|  98|0x0000000086200000, 0x0000000086300000, 0x0000000086300000|100%|HC|  |TAMS 0x0000000086200000, 0x0000000086200000| Complete 
|  99|0x0000000086300000, 0x0000000086400000, 0x0000000086400000|100%|HS|  |TAMS 0x0000000086300000, 0x0000000086300000| Complete 
| 100|0x0000000086400000, 0x0000000086500000, 0x0000000086500000|100%|HC|  |TAMS 0x0000000086400000, 0x0000000086400000| Complete 
| 101|0x0000000086500000, 0x0000000086600000, 0x0000000086600000|100%|HC|  |TAMS 0x0000000086500000, 0x0000000086500000| Complete 
| 102|0x0000000086600000, 0x0000000086600000, 0x0000000086700000|  0%| F|  |TAMS 0x0000000086600000, 0x0000000086600000| Untracked 
| 103|0x0000000086700000, 0x0000000086700000, 0x0000000086800000|  0%| F|  |TAMS 0x0000000086700000, 0x0000000086700000| Untracked 
| 104|0x0000000086800000, 0x0000000086800000, 0x0000000086900000|  0%| F|  |TAMS 0x0000000086800000, 0x0000000086800000| Untracked 
| 105|0x0000000086900000, 0x0000000086900000, 0x0000000086a00000|  0%| F|  |TAMS 0x0000000086900000, 0x0000000086900000| Untracked 
| 106|0x0000000086a00000, 0x0000000086a00000, 0x0000000086b00000|  0%| F|  |TAMS 0x0000000086a00000, 0x0000000086a00000| Untracked 
| 107|0x0000000086b00000, 0x0000000086b00000, 0x0000000086c00000|  0%| F|  |TAMS 0x0000000086b00000, 0x0000000086b00000| Untracked 
| 108|0x0000000086c00000, 0x0000000086c00000, 0x0000000086d00000|  0%| F|  |TAMS 0x0000000086c00000, 0x0000000086c00000| Untracked 
| 109|0x0000000086d00000, 0x0000000086d00000, 0x0000000086e00000|  0%| F|  |TAMS 0x0000000086d00000, 0x0000000086d00000| Untracked 
| 110|0x0000000086e00000, 0x0000000086e00000, 0x0000000086f00000|  0%| F|  |TAMS 0x0000000086e00000, 0x0000000086e00000| Untracked 
| 111|0x0000000086f00000, 0x0000000086f00000, 0x0000000087000000|  0%| F|  |TAMS 0x0000000086f00000, 0x0000000086f00000| Untracked 
| 112|0x0000000087000000, 0x0000000087000000, 0x0000000087100000|  0%| F|  |TAMS 0x0000000087000000, 0x0000000087000000| Untracked 
| 113|0x0000000087100000, 0x0000000087100000, 0x0000000087200000|  0%| F|  |TAMS 0x0000000087100000, 0x0000000087100000| Untracked 
| 114|0x0000000087200000, 0x0000000087200000, 0x0000000087300000|  0%| F|  |TAMS 0x0000000087200000, 0x0000000087200000| Untracked 
| 115|0x0000000087300000, 0x0000000087400000, 0x0000000087400000|100%| S|CS|TAMS 0x0000000087300000, 0x0000000087300000| Complete 
| 116|0x0000000087400000, 0x0000000087500000, 0x0000000087500000|100%| S|CS|TAMS 0x0000000087400000, 0x0000000087400000| Complete 
| 117|0x0000000087500000, 0x0000000087600000, 0x0000000087600000|100%| S|CS|TAMS 0x0000000087500000, 0x0000000087500000| Complete 
| 118|0x0000000087600000, 0x0000000087700000, 0x0000000087700000|100%| S|CS|TAMS 0x0000000087600000, 0x0000000087600000| Complete 
| 119|0x0000000087700000, 0x0000000087700000, 0x0000000087800000|  0%| F|  |TAMS 0x0000000087700000, 0x0000000087700000| Untracked 
| 120|0x0000000087800000, 0x0000000087800000, 0x0000000087900000|  0%| F|  |TAMS 0x0000000087800000, 0x0000000087800000| Untracked 
| 121|0x0000000087900000, 0x0000000087900000, 0x0000000087a00000|  0%| F|  |TAMS 0x0000000087900000, 0x0000000087900000| Untracked 
| 122|0x0000000087a00000, 0x0000000087a00000, 0x0000000087b00000|  0%| F|  |TAMS 0x0000000087a00000, 0x0000000087a00000| Untracked 
| 123|0x0000000087b00000, 0x0000000087b00000, 0x0000000087c00000|  0%| F|  |TAMS 0x0000000087b00000, 0x0000000087b00000| Untracked 
| 124|0x0000000087c00000, 0x0000000087c00000, 0x0000000087d00000|  0%| F|  |TAMS 0x0000000087c00000, 0x0000000087c00000| Untracked 
| 125|0x0000000087d00000, 0x0000000087d96da8, 0x0000000087e00000| 58%| E|  |TAMS 0x0000000087d00000, 0x0000000087d00000| Complete 
| 126|0x0000000087e00000, 0x0000000087f00000, 0x0000000087f00000|100%| E|CS|TAMS 0x0000000087e00000, 0x0000000087e00000| Complete 

Card table byte_map: [0x000001c7efcb0000,0x000001c7f00b0000] _byte_map_base: 0x000001c7ef8b0000

Marking Bits (Prev, Next): (CMBitMap*) 0x000001c7d8e3b660, (CMBitMap*) 0x000001c7d8e3b620
 Prev Bits: [0x000001c7f24b0000, 0x000001c7f44b0000)
 Next Bits: [0x000001c7f04b0000, 0x000001c7f24b0000)

Polling page: 0x000001c7d6de0000

Metaspace:

Usage:
  Non-class:     63.76 MB used.
      Class:      9.91 MB used.
       Both:     73.67 MB used.

Virtual space:
  Non-class space:       72.00 MB reserved,      64.00 MB ( 89%) committed,  9 nodes.
      Class space:        1.00 GB reserved,      10.12 MB ( <1%) committed,  1 nodes.
              Both:        1.07 GB reserved,      74.12 MB (  7%) committed. 

Chunk freelists:
   Non-Class:  3.70 MB
       Class:  1.69 MB
        Both:  5.40 MB

MaxMetaspaceSize: 17179869184.00 GB
CompressedClassSpaceSize: 1.00 GB
 - commit_granule_bytes: 65536.
 - commit_granule_words: 8192.
 - virtual_space_node_default_size: 1048576.
 - enlarge_chunks_in_place: 1.
 - new_chunks_are_fully_committed: 0.
 - uncommit_free_chunks: 1.
 - use_allocation_guard: 0.
 - handle_deallocations: 1.


Internal statistics:

num_allocs_failed_limit: 6.
num_arena_births: 714.
num_arena_deaths: 14.
num_vsnodes_births: 10.
num_vsnodes_deaths: 0.
num_space_committed: 1186.
num_space_uncommitted: 0.
num_chunks_returned_to_freelist: 25.
num_chunks_taken_from_freelist: 3711.
num_chunk_merges: 14.
num_chunk_splits: 2474.
num_chunks_enlarged: 1663.
num_purges: 2.

CodeHeap 'non-profiled nmethods': size=120000Kb used=5597Kb max_used=5597Kb free=114403Kb
 bounds [0x000001c7e8050000, 0x000001c7e85d0000, 0x000001c7ef580000]
CodeHeap 'profiled nmethods': size=120000Kb used=17909Kb max_used=17909Kb free=102090Kb
 bounds [0x000001c7e0b20000, 0x000001c7e1ca0000, 0x000001c7e8050000]
CodeHeap 'non-nmethods': size=5760Kb used=2396Kb max_used=2458Kb free=3364Kb
 bounds [0x000001c7e0580000, 0x000001c7e0800000, 0x000001c7e0b20000]
 total_blobs=9815 nmethods=8906 adapters=821
 compilation: enabled
              stopped_count=0, restarted_count=0
 full_count=0

Compilation events (20 events):
Event: 10.897 Thread 0x000001c7f7a1d670 nmethod 9798 0x000001c7e85c2d10 code [0x000001c7e85c2ec0, 0x000001c7e85c3558]
Event: 10.897 Thread 0x000001c7f7a1d670 9797       4       java.util.HashMap::removeNode (291 bytes)
Event: 10.900 Thread 0x000001c7f6ec8980 nmethod 9795 0x000001c7e85c3810 code [0x000001c7e85c39a0, 0x000001c7e85c3cf8]
Event: 10.901 Thread 0x000001c7f6ec8980 9742       4       org.apache.xerces.dom.ParentNode::nodeListGetLength (141 bytes)
Event: 10.903 Thread 0x000001c7f6ec92d0 9802 %     3       java.lang.StringUTF16::lastIndexOf @ 17 (47 bytes)
Event: 10.904 Thread 0x000001c7f6ec92d0 nmethod 9802% 0x000001c7e1c9ba90 code [0x000001c7e1c9bc60, 0x000001c7e1c9c008]
Event: 10.908 Thread 0x000001c7f6ec92d0 9803       3       java.lang.StringUTF16::lastIndexOf (47 bytes)
Event: 10.908 Thread 0x000001c7f6ec92d0 nmethod 9803 0x000001c7e1c9c190 code [0x000001c7e1c9c360, 0x000001c7e1c9c6a8]
Event: 10.910 Thread 0x000001c7f6ec8980 nmethod 9742 0x000001c7e85c3e90 code [0x000001c7e85c4020, 0x000001c7e85c4578]
Event: 10.910 Thread 0x000001c7f6ec8980 9799       4       java.util.HashMap::remove (26 bytes)
Event: 10.917 Thread 0x000001c7f7a1d670 nmethod 9797 0x000001c7e85c4710 code [0x000001c7e85c48e0, 0x000001c7e85c55c8]
Event: 10.917 Thread 0x000001c7f7a1d670 9804       4       com.android.utils.XmlUtils::append (645 bytes)
Event: 10.931 Thread 0x000001c7f6ec92d0 9806 %     3       java.lang.StringUTF16::getChars @ 16 (42 bytes)
Event: 10.932 Thread 0x000001c7f6ec92d0 nmethod 9806% 0x000001c7e1c9c810 code [0x000001c7e1c9c9e0, 0x000001c7e1c9cda8]
Event: 10.932 Thread 0x000001c7f6ec92d0 9807       3       java.lang.StringUTF16::getChars (42 bytes)
Event: 10.932 Thread 0x000001c7f6ec92d0 nmethod 9807 0x000001c7e1c9cf90 code [0x000001c7e1c9d160, 0x000001c7e1c9d4a8]
Event: 10.935 Thread 0x000001c7f6ec8980 nmethod 9799 0x000001c7e85c5a90 code [0x000001c7e85c5c60, 0x000001c7e85c6948]
Event: 10.935 Thread 0x000001c7f6ec8980 9805       4       com.google.common.base.CharMatcher::countIn (39 bytes)
Event: 10.942 Thread 0x000001c7f6ec8980 nmethod 9805 0x000001c7e85c6e10 code [0x000001c7e85c6fa0, 0x000001c7e85c7298]
Event: 10.942 Thread 0x000001c7f6ec8980 9810       4       sun.nio.cs.UTF_8$Encoder::encodeArrayLoop (489 bytes)

GC Heap History (20 events):
Event: 6.931 GC heap before
{Heap before GC invocations=22 (full 0):
 garbage-first heap   total 98304K, used 77368K [0x0000000080000000, 0x0000000100000000)
  region size 1024K, 26 young (26624K), 4 survivors (4096K)
 Metaspace       used 57735K, committed 58240K, reserved 1105920K
  class space    used 7598K, committed 7872K, reserved 1048576K
}
Event: 6.937 GC heap after
{Heap after GC invocations=23 (full 0):
 garbage-first heap   total 98304K, used 56463K [0x0000000080000000, 0x0000000100000000)
  region size 1024K, 2 young (2048K), 2 survivors (2048K)
 Metaspace       used 57735K, committed 58240K, reserved 1105920K
  class space    used 7598K, committed 7872K, reserved 1048576K
}
Event: 7.325 GC heap before
{Heap before GC invocations=24 (full 0):
 garbage-first heap   total 101376K, used 78991K [0x0000000080000000, 0x0000000100000000)
  region size 1024K, 24 young (24576K), 2 survivors (2048K)
 Metaspace       used 60761K, committed 61248K, reserved 1105920K
  class space    used 8173K, committed 8448K, reserved 1048576K
}
Event: 7.329 GC heap after
{Heap after GC invocations=25 (full 0):
 garbage-first heap   total 101376K, used 57998K [0x0000000080000000, 0x0000000100000000)
  region size 1024K, 2 young (2048K), 2 survivors (2048K)
 Metaspace       used 60761K, committed 61248K, reserved 1105920K
  class space    used 8173K, committed 8448K, reserved 1048576K
}
Event: 7.800 GC heap before
{Heap before GC invocations=25 (full 0):
 garbage-first heap   total 101376K, used 81550K [0x0000000080000000, 0x0000000100000000)
  region size 1024K, 25 young (25600K), 2 survivors (2048K)
 Metaspace       used 63019K, committed 63552K, reserved 1105920K
  class space    used 8496K, committed 8768K, reserved 1048576K
}
Event: 7.805 GC heap after
{Heap after GC invocations=26 (full 0):
 garbage-first heap   total 101376K, used 59753K [0x0000000080000000, 0x0000000100000000)
  region size 1024K, 4 young (4096K), 4 survivors (4096K)
 Metaspace       used 63019K, committed 63552K, reserved 1105920K
  class space    used 8496K, committed 8768K, reserved 1048576K
}
Event: 8.154 GC heap before
{Heap before GC invocations=27 (full 0):
 garbage-first heap   total 107520K, used 81257K [0x0000000080000000, 0x0000000100000000)
  region size 1024K, 25 young (25600K), 4 survivors (4096K)
 Metaspace       used 64577K, committed 65088K, reserved 1105920K
  class space    used 8708K, committed 8960K, reserved 1048576K
}
Event: 8.158 GC heap after
{Heap after GC invocations=28 (full 0):
 garbage-first heap   total 107520K, used 61032K [0x0000000080000000, 0x0000000100000000)
  region size 1024K, 4 young (4096K), 4 survivors (4096K)
 Metaspace       used 64577K, committed 65088K, reserved 1105920K
  class space    used 8708K, committed 8960K, reserved 1048576K
}
Event: 8.657 GC heap before
{Heap before GC invocations=28 (full 0):
 garbage-first heap   total 107520K, used 85608K [0x0000000080000000, 0x0000000100000000)
  region size 1024K, 29 young (29696K), 4 survivors (4096K)
 Metaspace       used 68630K, committed 69184K, reserved 1114112K
  class space    used 9277K, committed 9536K, reserved 1048576K
}
Event: 8.663 GC heap after
{Heap after GC invocations=29 (full 0):
 garbage-first heap   total 129024K, used 63200K [0x0000000080000000, 0x0000000100000000)
  region size 1024K, 4 young (4096K), 4 survivors (4096K)
 Metaspace       used 68630K, committed 69184K, reserved 1114112K
  class space    used 9277K, committed 9536K, reserved 1048576K
}
Event: 9.504 GC heap before
{Heap before GC invocations=30 (full 0):
 garbage-first heap   total 129024K, used 103136K [0x0000000080000000, 0x0000000100000000)
  region size 1024K, 44 young (45056K), 4 survivors (4096K)
 Metaspace       used 72901K, committed 73536K, reserved 1114112K
  class space    used 9820K, committed 10112K, reserved 1048576K
}
Event: 9.512 GC heap after
{Heap after GC invocations=31 (full 0):
 garbage-first heap   total 129024K, used 68038K [0x0000000080000000, 0x0000000100000000)
  region size 1024K, 6 young (6144K), 6 survivors (6144K)
 Metaspace       used 72901K, committed 73536K, reserved 1114112K
  class space    used 9820K, committed 10112K, reserved 1048576K
}
Event: 9.926 GC heap before
{Heap before GC invocations=31 (full 0):
 garbage-first heap   total 129024K, used 102854K [0x0000000080000000, 0x0000000100000000)
  region size 1024K, 41 young (41984K), 6 survivors (6144K)
 Metaspace       used 73584K, committed 74112K, reserved 1114112K
  class space    used 9938K, committed 10176K, reserved 1048576K
}
Event: 9.935 GC heap after
{Heap after GC invocations=32 (full 0):
 garbage-first heap   total 129024K, used 70679K [0x0000000080000000, 0x0000000100000000)
  region size 1024K, 3 young (3072K), 3 survivors (3072K)
 Metaspace       used 73584K, committed 74112K, reserved 1114112K
  class space    used 9938K, committed 10176K, reserved 1048576K
}
Event: 10.248 GC heap before
{Heap before GC invocations=33 (full 0):
 garbage-first heap   total 130048K, used 88087K [0x0000000080000000, 0x0000000100000000)
  region size 1024K, 22 young (22528K), 3 survivors (3072K)
 Metaspace       used 74158K, committed 74752K, reserved 1114112K
  class space    used 10018K, committed 10304K, reserved 1048576K
}
Event: 10.252 GC heap after
{Heap after GC invocations=34 (full 0):
 garbage-first heap   total 130048K, used 71800K [0x0000000080000000, 0x0000000100000000)
  region size 1024K, 4 young (4096K), 4 survivors (4096K)
 Metaspace       used 74158K, committed 74752K, reserved 1114112K
  class space    used 10018K, committed 10304K, reserved 1048576K
}
Event: 10.740 GC heap before
{Heap before GC invocations=35 (full 0):
 garbage-first heap   total 130048K, used 107640K [0x0000000080000000, 0x0000000100000000)
  region size 1024K, 38 young (38912K), 4 survivors (4096K)
 Metaspace       used 75357K, committed 75840K, reserved 1122304K
  class space    used 10149K, committed 10368K, reserved 1048576K
}
Event: 10.749 GC heap after
{Heap after GC invocations=36 (full 0):
 garbage-first heap   total 130048K, used 84723K [0x0000000080000000, 0x0000000100000000)
  region size 1024K, 5 young (5120K), 5 survivors (5120K)
 Metaspace       used 75357K, committed 75840K, reserved 1122304K
  class space    used 10149K, committed 10368K, reserved 1048576K
}
Event: 10.858 GC heap before
{Heap before GC invocations=36 (full 0):
 garbage-first heap   total 130048K, used 90867K [0x0000000080000000, 0x0000000100000000)
  region size 1024K, 13 young (13312K), 5 survivors (5120K)
 Metaspace       used 75402K, committed 75904K, reserved 1122304K
  class space    used 10149K, committed 10368K, reserved 1048576K
}
Event: 10.866 GC heap after
{Heap after GC invocations=37 (full 0):
 garbage-first heap   total 130048K, used 92174K [0x0000000080000000, 0x0000000100000000)
  region size 1024K, 4 young (4096K), 4 survivors (4096K)
 Metaspace       used 75402K, committed 75904K, reserved 1122304K
  class space    used 10149K, committed 10368K, reserved 1048576K
}

Deoptimization events (20 events):
Event: 10.729 Thread 0x000001c780170cd0 Uncommon trap: trap_request=0xffffff45 fr.pc=0x000001c7e858fcec relative=0x000000000000054c
Event: 10.729 Thread 0x000001c780170cd0 Uncommon trap: reason=unstable_if action=reinterpret pc=0x000001c7e858fcec method=org.apache.xerces.dom.AttrImpl.getValue()Ljava/lang/String; @ 15 c2
Event: 10.729 Thread 0x000001c780170cd0 DEOPT PACKING pc=0x000001c7e858fcec sp=0x00000064d05fa6c0
Event: 10.729 Thread 0x000001c780170cd0 DEOPT UNPACKING pc=0x000001c7e05cf92e sp=0x00000064d05fa6a0 mode 2
Event: 10.841 Thread 0x000001c780170cd0 DEOPT PACKING pc=0x000001c7e1c77d1b sp=0x00000064d05fa390
Event: 10.841 Thread 0x000001c780170cd0 DEOPT UNPACKING pc=0x000001c7e05ce77e sp=0x00000064d05f9850 mode 0
Event: 10.849 Thread 0x000001c780170cd0 DEOPT PACKING pc=0x000001c7e1c82880 sp=0x00000064d05fa570
Event: 10.849 Thread 0x000001c780170cd0 DEOPT UNPACKING pc=0x000001c7e05ce77e sp=0x00000064d05f9a80 mode 0
Event: 10.853 Thread 0x000001c780170cd0 DEOPT PACKING pc=0x000001c7e1c87c60 sp=0x00000064d05f9f30
Event: 10.853 Thread 0x000001c780170cd0 DEOPT UNPACKING pc=0x000001c7e05ce77e sp=0x00000064d05f9440 mode 0
Event: 10.876 Thread 0x000001c780170cd0 Uncommon trap: trap_request=0xffffff45 fr.pc=0x000001c7e85c09d8 relative=0x00000000000003b8
Event: 10.876 Thread 0x000001c780170cd0 Uncommon trap: reason=unstable_if action=reinterpret pc=0x000001c7e85c09d8 method=com.android.utils.XmlUtils.toXmlAttributeValue(Ljava/lang/String;)Ljava/lang/String; @ 33 c2
Event: 10.876 Thread 0x000001c780170cd0 DEOPT PACKING pc=0x000001c7e85c09d8 sp=0x00000064d05fa600
Event: 10.876 Thread 0x000001c780170cd0 DEOPT UNPACKING pc=0x000001c7e05cf92e sp=0x00000064d05fa580 mode 2
Event: 10.908 Thread 0x000001c780170cd0 DEOPT PACKING pc=0x000001c7e1c8dfe9 sp=0x00000064d05fa030
Event: 10.908 Thread 0x000001c780170cd0 DEOPT UNPACKING pc=0x000001c7e05ce77e sp=0x00000064d05f94c8 mode 0
Event: 10.928 Thread 0x000001c780170cd0 Uncommon trap: trap_request=0xffffff45 fr.pc=0x000001c7e8063f68 relative=0x00000000000002c8
Event: 10.928 Thread 0x000001c780170cd0 Uncommon trap: reason=unstable_if action=reinterpret pc=0x000001c7e8063f68 method=java.lang.String.getChars(II[CI)V @ 23 c2
Event: 10.928 Thread 0x000001c780170cd0 DEOPT PACKING pc=0x000001c7e8063f68 sp=0x00000064d05fa7a0
Event: 10.928 Thread 0x000001c780170cd0 DEOPT UNPACKING pc=0x000001c7e05cf92e sp=0x00000064d05fa760 mode 2

Classes unloaded (7 events):
Event: 10.959 Thread 0x000001c7f6e7cfb0 Unloading class 0x0000000801611c00 'java/lang/invoke/LambdaForm$DMH+0x0000000801611c00'
Event: 10.959 Thread 0x000001c7f6e7cfb0 Unloading class 0x0000000801611800 'java/lang/invoke/LambdaForm$DMH+0x0000000801611800'
Event: 10.959 Thread 0x000001c7f6e7cfb0 Unloading class 0x0000000801611400 'java/lang/invoke/LambdaForm$DMH+0x0000000801611400'
Event: 10.959 Thread 0x000001c7f6e7cfb0 Unloading class 0x0000000801611000 'java/lang/invoke/LambdaForm$DMH+0x0000000801611000'
Event: 10.959 Thread 0x000001c7f6e7cfb0 Unloading class 0x0000000801610800 'java/lang/invoke/LambdaForm$DMH+0x0000000801610800'
Event: 10.959 Thread 0x000001c7f6e7cfb0 Unloading class 0x0000000801610000 'java/lang/invoke/LambdaForm$DMH+0x0000000801610000'
Event: 10.959 Thread 0x000001c7f6e7cfb0 Unloading class 0x0000000801610c00 'java/lang/invoke/LambdaForm$DMH+0x0000000801610c00'

Classes redefined (0 events):
No events

Internal exceptions (20 events):
Event: 9.194 Thread 0x000001c78016cd10 Exception <a 'java/lang/NoSuchMethodError'{0x00000000860398d0}: static Lcom/android/ide/common/attribution/AndroidGradlePluginAttributionData$BuildInfo;.<clinit>()V> (0x00000000860398d0) 
thrown [t:\workspace\open\src\hotspot\share\prims\jni.cpp, line 1210]
Event: 9.197 Thread 0x000001c78016cd10 Exception <a 'java/lang/NoSuchMethodError'{0x000000008604ddb8}: static Lcom/android/ide/common/attribution/AndroidGradlePluginAttributionData$JavaInfo;.<clinit>()V> (0x000000008604ddb8) 
thrown [t:\workspace\open\src\hotspot\share\prims\jni.cpp, line 1210]
Event: 9.202 Thread 0x000001c78016cd10 Exception <a 'java/lang/NoSuchMethodError'{0x0000000085fe9488}: static [Ljava/lang/String;.<clinit>()V> (0x0000000085fe9488) 
thrown [t:\workspace\open\src\hotspot\share\prims\jni.cpp, line 1210]
Event: 9.207 Thread 0x000001c780170cd0 Exception <a 'java/lang/IncompatibleClassChangeError'{0x0000000085fbd980}: Found class java.lang.Object, but interface was expected> (0x0000000085fbd980) 
thrown [t:\workspace\open\src\hotspot\share\interpreter\linkResolver.cpp, line 857]
Event: 9.236 Thread 0x000001c7f8c77640 Exception <a 'java/lang/NoSuchMethodError'{0x0000000085d707a8}: static Lorg/gradle/internal/build/event/types/DefaultTaskSkippedResult;.<clinit>()V> (0x0000000085d707a8) 
thrown [t:\workspace\open\src\hotspot\share\prims\jni.cpp, line 1210]
Event: 9.237 Thread 0x000001c780170cd0 Exception <a 'java/lang/NoSuchMethodError'{0x0000000085d17e88}: 'java.lang.Object java.lang.invoke.DirectMethodHandle$Holder.invokeInterface(java.lang.Object, java.lang.Object, int)'> (0x0000000085d17e88) 
thrown [t:\workspace\open\src\hotspot\share\interpreter\linkResolver.cpp, line 790]
Event: 9.240 Thread 0x000001c780170cd0 Exception <a 'java/lang/NoSuchMethodError'{0x0000000085d290c8}: 'void java.lang.invoke.DirectMethodHandle$Holder.invokeStatic(java.lang.Object, java.lang.Object, java.lang.Object, int)'> (0x0000000085d290c8) 
thrown [t:\workspace\open\src\hotspot\share\interpreter\linkResolver.cpp, line 790]
Event: 9.284 Thread 0x000001c780170cd0 Implicit null exception at 0x000001c7e834cd57 to 0x000001c7e834cef0
Event: 9.294 Thread 0x000001c780170cd0 Exception <a 'java/lang/IncompatibleClassChangeError'{0x0000000085cb6b90}: Found class java.lang.Object, but interface was expected> (0x0000000085cb6b90) 
thrown [t:\workspace\open\src\hotspot\share\interpreter\linkResolver.cpp, line 857]
Event: 9.326 Thread 0x000001c780170cd0 Exception <a 'java/lang/NoSuchMethodError'{0x0000000085a7fc58}: 'int java.lang.invoke.DirectMethodHandle$Holder.invokeStaticInit(java.lang.Object, java.lang.Object, java.lang.Object, java.lang.Object, java.lang.Object)'> (0x0000000085a7fc58) 
thrown [t:\workspace\open\src\hotspot\share\interpreter\linkResolver.cpp, line 790]
Event: 9.523 Thread 0x000001c780170cd0 Exception <a 'java/lang/NoSuchMethodError'{0x0000000087d4efa8}: 'void java.lang.invoke.DirectMethodHandle$Holder.invokeStatic(java.lang.Object, java.lang.Object, java.lang.Object, java.lang.Object, int, java.lang.Object, java.lang.Object)'> (0x0000000087d4efa8) 
thrown [t:\workspace\open\src\hotspot\share\interpreter\linkResolver.cpp, line 790]
Event: 9.558 Thread 0x000001c7fa9f8620 Exception <a 'java/lang/NoSuchMethodError'{0x000000008783c100}: 'java.lang.Object java.lang.invoke.DirectMethodHandle$Holder.invokeSpecialIFC(java.lang.Object, java.lang.Object, java.lang.Object)'> (0x000000008783c100) 
thrown [t:\workspace\open\src\hotspot\share\interpreter\linkResolver.cpp, line 790]
Event: 9.558 Thread 0x000001c7f953b090 Exception <a 'java/lang/NoSuchMethodError'{0x0000000087845240}: 'java.lang.Object java.lang.invoke.DirectMethodHandle$Holder.invokeSpecialIFC(java.lang.Object, java.lang.Object, java.lang.Object)'> (0x0000000087845240) 
thrown [t:\workspace\open\src\hotspot\share\interpreter\linkResolver.cpp, line 790]
Event: 9.558 Thread 0x000001c7fcf841c0 Exception <a 'java/lang/NoSuchMethodError'{0x0000000087831218}: 'java.lang.Object java.lang.invoke.DirectMethodHandle$Holder.invokeSpecialIFC(java.lang.Object, java.lang.Object, java.lang.Object)'> (0x0000000087831218) 
thrown [t:\workspace\open\src\hotspot\share\interpreter\linkResolver.cpp, line 790]
Event: 9.558 Thread 0x000001c7fcf886d0 Exception <a 'java/lang/NoSuchMethodError'{0x00000000879ee010}: 'java.lang.Object java.lang.invoke.DirectMethodHandle$Holder.invokeSpecialIFC(java.lang.Object, java.lang.Object, java.lang.Object)'> (0x00000000879ee010) 
thrown [t:\workspace\open\src\hotspot\share\interpreter\linkResolver.cpp, line 790]
Event: 9.558 Thread 0x000001c7fa9fab50 Exception <a 'java/lang/NoSuchMethodError'{0x0000000087817ed8}: 'java.lang.Object java.lang.invoke.DirectMethodHandle$Holder.invokeSpecialIFC(java.lang.Object, java.lang.Object, java.lang.Object)'> (0x0000000087817ed8) 
thrown [t:\workspace\open\src\hotspot\share\interpreter\linkResolver.cpp, line 790]
Event: 9.558 Thread 0x000001c7fa9fcb30 Exception <a 'java/lang/NoSuchMethodError'{0x00000000879fb440}: 'java.lang.Object java.lang.invoke.DirectMethodHandle$Holder.invokeSpecialIFC(java.lang.Object, java.lang.Object, java.lang.Object)'> (0x00000000879fb440) 
thrown [t:\workspace\open\src\hotspot\share\interpreter\linkResolver.cpp, line 790]
Event: 9.558 Thread 0x000001c7f9541ad0 Exception <a 'java/lang/NoSuchMethodError'{0x00000000878224f8}: 'java.lang.Object java.lang.invoke.DirectMethodHandle$Holder.invokeSpecialIFC(java.lang.Object, java.lang.Object, java.lang.Object)'> (0x00000000878224f8) 
thrown [t:\workspace\open\src\hotspot\share\interpreter\linkResolver.cpp, line 790]
Event: 9.558 Thread 0x000001c7fcf87c30 Exception <a 'java/lang/NoSuchMethodError'{0x000000008780be98}: 'java.lang.Object java.lang.invoke.DirectMethodHandle$Holder.invokeSpecialIFC(java.lang.Object, java.lang.Object, java.lang.Object)'> (0x000000008780be98) 
thrown [t:\workspace\open\src\hotspot\share\interpreter\linkResolver.cpp, line 790]
Event: 9.825 Thread 0x000001c7fcf88180 Exception <a 'java/lang/NoSuchMethodError'{0x0000000087b256a0}: 'void java.lang.invoke.DirectMethodHandle$Holder.invokeVirtual(java.lang.Object, java.lang.Object)'> (0x0000000087b256a0) 
thrown [t:\workspace\open\src\hotspot\share\interpreter\linkResolver.cpp, line 790]

Events (20 events):
Event: 10.389 Executing  VM operation: G1Concurrent done
Event: 10.564 loading class java/util/stream/Nodes$IntFixedNodeBuilder
Event: 10.564 loading class java/util/stream/Node$Builder$OfInt
Event: 10.564 loading class java/util/stream/Node$Builder$OfInt done
Event: 10.564 loading class java/util/stream/Nodes$IntArrayNode
Event: 10.564 loading class java/util/stream/Nodes$IntArrayNode done
Event: 10.564 loading class java/util/stream/Nodes$IntFixedNodeBuilder done
Event: 10.573 Executing  VM operation: HandshakeAllThreads
Event: 10.573 Executing  VM operation: HandshakeAllThreads done
Event: 10.646 loading class java/util/concurrent/ConcurrentLinkedDeque
Event: 10.647 loading class java/util/concurrent/ConcurrentLinkedDeque done
Event: 10.647 loading class java/util/concurrent/ConcurrentLinkedDeque$Node
Event: 10.647 loading class java/util/concurrent/ConcurrentLinkedDeque$Node done
Event: 10.664 Executing  VM operation: HandshakeAllThreads
Event: 10.664 Executing  VM operation: HandshakeAllThreads done
Event: 10.740 Executing  VM operation: G1CollectForAllocation
Event: 10.749 Executing  VM operation: G1CollectForAllocation done
Event: 10.858 Executing  VM operation: G1TryInitiateConcMark
Event: 10.866 Executing  VM operation: G1TryInitiateConcMark done
Event: 10.958 Executing  VM operation: G1Concurrent


Dynamic libraries:
0x00007ff74f6f0000 - 0x00007ff74f700000 	C:\Program Files\Java\jdk-16.0.2\bin\java.exe
0x00007ffb1c030000 - 0x00007ffb1c228000 	C:\WINDOWS\SYSTEM32\ntdll.dll
0x00007ffb1b070000 - 0x00007ffb1b12d000 	C:\WINDOWS\System32\KERNEL32.DLL
0x00007ffb19780000 - 0x00007ffb19a4e000 	C:\WINDOWS\System32\KERNELBASE.dll
0x00007ffb19a50000 - 0x00007ffb19b50000 	C:\WINDOWS\System32\ucrtbase.dll
0x00007ffaf1120000 - 0x00007ffaf1139000 	C:\Program Files\Java\jdk-16.0.2\bin\VCRUNTIME140.dll
0x00007ffaf00d0000 - 0x00007ffaf00e8000 	C:\Program Files\Java\jdk-16.0.2\bin\jli.dll
0x00007ffb1bdf0000 - 0x00007ffb1be9e000 	C:\WINDOWS\System32\ADVAPI32.dll
0x00007ffb1bea0000 - 0x00007ffb1bf3e000 	C:\WINDOWS\System32\msvcrt.dll
0x00007ffb1bd20000 - 0x00007ffb1bdbc000 	C:\WINDOWS\System32\sechost.dll
0x00007ffb1aa70000 - 0x00007ffb1ab95000 	C:\WINDOWS\System32\RPCRT4.dll
0x00007ffb1ada0000 - 0x00007ffb1af40000 	C:\WINDOWS\System32\USER32.dll
0x00007ffb01ab0000 - 0x00007ffb01d4a000 	C:\WINDOWS\WinSxS\amd64_microsoft.windows.common-controls_6595b64144ccf1df_6.0.19041.1110_none_60b5254171f9507e\COMCTL32.dll
0x00007ffb19f00000 - 0x00007ffb19f22000 	C:\WINDOWS\System32\win32u.dll
0x00007ffb1a0f0000 - 0x00007ffb1a11a000 	C:\WINDOWS\System32\GDI32.dll
0x00007ffb19df0000 - 0x00007ffb19efb000 	C:\WINDOWS\System32\gdi32full.dll
0x00007ffb19c10000 - 0x00007ffb19cad000 	C:\WINDOWS\System32\msvcp_win.dll
0x00007ffb115f0000 - 0x00007ffb115fa000 	C:\WINDOWS\SYSTEM32\VERSION.dll
0x00007ffb1bdc0000 - 0x00007ffb1bdf0000 	C:\WINDOWS\System32\IMM32.DLL
0x00007ffaf7df0000 - 0x00007ffaf7dfc000 	C:\Program Files\Java\jdk-16.0.2\bin\vcruntime140_1.dll
0x00007ffae37a0000 - 0x00007ffae3831000 	C:\Program Files\Java\jdk-16.0.2\bin\msvcp140.dll
0x00007ffab0890000 - 0x00007ffab143b000 	C:\Program Files\Java\jdk-16.0.2\bin\server\jvm.dll
0x00007ffb1af40000 - 0x00007ffb1af48000 	C:\WINDOWS\System32\PSAPI.DLL
0x00007ffb14c50000 - 0x00007ffb14c59000 	C:\WINDOWS\SYSTEM32\WSOCK32.dll
0x00007ffb175d0000 - 0x00007ffb175f7000 	C:\WINDOWS\SYSTEM32\WINMM.dll
0x00007ffb1ba80000 - 0x00007ffb1baeb000 	C:\WINDOWS\System32\WS2_32.dll
0x00007ffb17fe0000 - 0x00007ffb17ff2000 	C:\WINDOWS\SYSTEM32\kernel.appcore.dll
0x00007ffaf4f50000 - 0x00007ffaf4f5a000 	C:\Program Files\Java\jdk-16.0.2\bin\jimage.dll
0x00007ffb173e0000 - 0x00007ffb175c4000 	C:\WINDOWS\SYSTEM32\DBGHELP.DLL
0x00007ffb173b0000 - 0x00007ffb173dc000 	C:\WINDOWS\SYSTEM32\dbgcore.DLL
0x00007ffb19cb0000 - 0x00007ffb19d32000 	C:\WINDOWS\System32\bcryptPrimitives.dll
0x00007ffaef810000 - 0x00007ffaef835000 	C:\Program Files\Java\jdk-16.0.2\bin\java.dll
0x00007ffb1a1b0000 - 0x00007ffb1a8f4000 	C:\WINDOWS\System32\SHELL32.dll
0x00007ffb17830000 - 0x00007ffb17fc4000 	C:\WINDOWS\SYSTEM32\windows.storage.dll
0x00007ffb1b5a0000 - 0x00007ffb1b8f4000 	C:\WINDOWS\System32\combase.dll
0x00007ffb191b0000 - 0x00007ffb191e0000 	C:\WINDOWS\SYSTEM32\Wldp.dll
0x00007ffb1afc0000 - 0x00007ffb1b06d000 	C:\WINDOWS\System32\SHCORE.dll
0x00007ffb1ba20000 - 0x00007ffb1ba75000 	C:\WINDOWS\System32\shlwapi.dll
0x00007ffb19690000 - 0x00007ffb196af000 	C:\WINDOWS\SYSTEM32\profapi.dll
0x00007ffaefdc0000 - 0x00007ffaefdd9000 	C:\Program Files\Java\jdk-16.0.2\bin\net.dll
0x00007ffb05630000 - 0x00007ffb0573a000 	C:\WINDOWS\SYSTEM32\WINHTTP.dll
0x00007ffb18f10000 - 0x00007ffb18f7a000 	C:\WINDOWS\system32\mswsock.dll
0x00007ffaef960000 - 0x00007ffaef973000 	C:\Program Files\Java\jdk-16.0.2\bin\nio.dll
0x00007ffaee730000 - 0x00007ffaee748000 	C:\Program Files\Java\jdk-16.0.2\bin\zip.dll
0x00007ffaf25d0000 - 0x00007ffaf25e0000 	C:\Program Files\Java\jdk-16.0.2\bin\verify.dll
0x00007ffaf0170000 - 0x00007ffaf0197000 	C:\Users\ITECH\.gradle\native\e1d6ef7f7dcc3fd88c89a11ec53ec762bb8ba0a96d01ffa2cd45eb1d1d8dd5c5\windows-amd64\native-platform.dll
0x00007ffae27a0000 - 0x00007ffae28e4000 	C:\Users\ITECH\.gradle\native\5664cfc778a61ccfe75a443a1ab52a65af34e5dc3c78e0209fed803814484fcb\windows-amd64\native-platform-file-events.dll
0x00007ffaf2500000 - 0x00007ffaf2509000 	C:\Program Files\Java\jdk-16.0.2\bin\management.dll
0x00007ffaf12b0000 - 0x00007ffaf12bb000 	C:\Program Files\Java\jdk-16.0.2\bin\management_ext.dll
0x00007ffb19100000 - 0x00007ffb19118000 	C:\WINDOWS\SYSTEM32\CRYPTSP.dll
0x00007ffb18820000 - 0x00007ffb18854000 	C:\WINDOWS\system32\rsaenh.dll
0x00007ffb19750000 - 0x00007ffb19777000 	C:\WINDOWS\System32\bcrypt.dll
0x00007ffb19650000 - 0x00007ffb1967e000 	C:\WINDOWS\SYSTEM32\USERENV.dll
0x00007ffb19120000 - 0x00007ffb1912c000 	C:\WINDOWS\SYSTEM32\CRYPTBASE.dll
0x00007ffb18bb0000 - 0x00007ffb18beb000 	C:\WINDOWS\SYSTEM32\IPHLPAPI.DLL
0x00007ffb1a1a0000 - 0x00007ffb1a1a8000 	C:\WINDOWS\System32\NSI.dll
0x00007ffb0e180000 - 0x00007ffb0e197000 	C:\WINDOWS\SYSTEM32\dhcpcsvc6.DLL
0x00007ffb0ed40000 - 0x00007ffb0ed5d000 	C:\WINDOWS\SYSTEM32\dhcpcsvc.DLL
0x00007ffb18c00000 - 0x00007ffb18cca000 	C:\WINDOWS\SYSTEM32\DNSAPI.dll
0x00007ffaf10b0000 - 0x00007ffaf10be000 	C:\Program Files\Java\jdk-16.0.2\bin\sunmscapi.dll
0x00007ffb19f30000 - 0x00007ffb1a086000 	C:\WINDOWS\System32\CRYPT32.dll
0x00007ffb19220000 - 0x00007ffb19247000 	C:\WINDOWS\SYSTEM32\ncrypt.dll
0x00007ffb191e0000 - 0x00007ffb1921b000 	C:\WINDOWS\SYSTEM32\NTASN1.dll
0x00007ffacca80000 - 0x00007ffacca87000 	C:\WINDOWS\system32\wshunix.dll

dbghelp: loaded successfully - version: 4.0.5 - missing functions: none
symbol engine: initialized successfully - sym options: 0x614 - pdb path: .;C:\Program Files\Java\jdk-16.0.2\bin;C:\WINDOWS\SYSTEM32;C:\WINDOWS\WinSxS\amd64_microsoft.windows.common-controls_6595b64144ccf1df_6.0.19041.1110_none_60b5254171f9507e;C:\Program Files\Java\jdk-16.0.2\bin\server;C:\Users\ITECH\.gradle\native\e1d6ef7f7dcc3fd88c89a11ec53ec762bb8ba0a96d01ffa2cd45eb1d1d8dd5c5\windows-amd64;C:\Users\ITECH\.gradle\native\5664cfc778a61ccfe75a443a1ab52a65af34e5dc3c78e0209fed803814484fcb\windows-amd64

VM Arguments:
jvm_args: --add-opens=java.base/java.util=ALL-UNNAMED --add-opens=java.base/java.lang=ALL-UNNAMED --add-opens=java.base/java.lang.invoke=ALL-UNNAMED --add-opens=java.base/java.util=ALL-UNNAMED --add-opens=java.prefs/java.util.prefs=ALL-UNNAMED --add-opens=java.prefs/java.util.prefs=ALL-UNNAMED --add-opens=java.base/java.nio.charset=ALL-UNNAMED --add-opens=java.base/java.net=ALL-UNNAMED --add-opens=java.base/java.util.concurrent.atomic=ALL-UNNAMED -Xmx2048m -Dfile.encoding=UTF-8 -Duser.country=US -Duser.language=en -Duser.variant 
java_command: org.gradle.launcher.daemon.bootstrap.GradleDaemon 7.3.3
java_class_path (initial): C:\Users\ITECH\.gradle\wrapper\dists\gradle-7.3.3-bin\6a41zxkdtcxs8rphpq6y0069z\gradle-7.3.3\lib\gradle-launcher-7.3.3.jar
Launcher Type: SUN_STANDARD

[Global flags]
     intx CICompilerCount                          = 4                                         {product} {ergonomic}
     uint ConcGCThreads                            = 2                                         {product} {ergonomic}
     uint G1ConcRefinementThreads                  = 8                                         {product} {ergonomic}
   size_t G1HeapRegionSize                         = 1048576                                   {product} {ergonomic}
    uintx GCDrainStackTargetSize                   = 64                                        {product} {ergonomic}
   size_t InitialHeapSize                          = 132120576                                 {product} {ergonomic}
   size_t MarkStackSize                            = 4194304                                   {product} {ergonomic}
   size_t MaxHeapSize                              = 2147483648                                {product} {command line}
   size_t MaxNewSize                               = 1287651328                                {product} {ergonomic}
   size_t MinHeapDeltaBytes                        = 1048576                                   {product} {ergonomic}
   size_t MinHeapSize                              = 8388608                                   {product} {ergonomic}
    uintx NonNMethodCodeHeapSize                   = 5839372                                {pd product} {ergonomic}
    uintx NonProfiledCodeHeapSize                  = 122909434                              {pd product} {ergonomic}
    uintx ProfiledCodeHeapSize                     = 122909434                              {pd product} {ergonomic}
    uintx ReservedCodeCacheSize                    = 251658240                              {pd product} {ergonomic}
     bool SegmentedCodeCache                       = true                                      {product} {ergonomic}
   size_t SoftMaxHeapSize                          = 2147483648                             {manageable} {ergonomic}
     bool UseCompressedClassPointers               = true                           {product lp64_product} {ergonomic}
     bool UseCompressedOops                        = true                           {product lp64_product} {ergonomic}
     bool UseG1GC                                  = true                                      {product} {ergonomic}
     bool UseLargePagesIndividualAllocation        = false                                  {pd product} {ergonomic}

Logging:
Log output configuration:
 #0: stdout all=warning uptime,level,tags
 #1: stderr all=off uptime,level,tags

Environment Variables:
JAVA_HOME=C:\Program Files\Java\jdk-16.0.2
PATH=C:\Program Files\Python37\Scripts\;C:\Program Files\Python37\;C:\ProgramData\Oracle\Java\javapath;C:\app\ITECH\product\11.2.0\dbhome_1\bin;C:\Program Files\Common Files\Oracle\Java\javapath;C:\Program Files (x86)\Common Files\Oracle\Java\javapath;C:\WINDOWS\system32;C:\WINDOWS;C:\WINDOWS\System32\Wbem;C:\WINDOWS\System32\WindowsPowerShell\v1.0\;C:\WINDOWS\System32\OpenSSH\;C:\Program Files\Microsoft SQL Server\130\Tools\Binn\;C:\Program Files\Microsoft SQL Server\Client SDK\ODBC\170\Tools\Binn\;C:\Program Files\dotnet\;C:\Program Files\nodejs\;C:\Program Files\Java\jdk-16.0.2\bin;C:\Program Files\Git\cmd;C:\Program Files\Java\jdk-16.0.2\bin;
USERNAME=ITECH
OS=Windows_NT
PROCESSOR_IDENTIFIER=Intel64 Family 6 Model 126 Stepping 5, GenuineIntel



---------------  S Y S T E M  ---------------

OS:
 Windows 10 , 64 bit Build 19041 (10.0.19041.1889)
OS uptime: 0 days 3:50 hours

CPU: total 8 (initial active 8) (4 cores per cpu, 2 threads per core) family 6 model 126 stepping 5 microcode 0xb0, cx8, cmov, fxsr, ht, mmx, 3dnowpref, sse, sse2, sse3, ssse3, sse4.1, sse4.2, popcnt, lzcnt, tsc, tscinvbit, avx, avx2, aes, erms, clmul, bmi1, bmi2, adx, avx512f, avx512dq, avx512cd, avx512bw, avx512vl, sha, fma, vzeroupper, avx512_vpopcntdq, avx512_vpclmulqdq, avx512_vaes, avx512_vnni, clflush, clflushopt, avx512_vmbi2, avx512_vmbi

Memory: 4k page, system-wide physical 7959M (871M free)
TotalPageFile size 7959M (AvailPageFile size 55M)
current process WorkingSet (physical memory assigned to process): 358M, peak: 384M
current process commit charge ("private bytes"): 401M, peak: 454M

vm_info: Java HotSpot(TM) 64-Bit Server VM (16.0.2+7-67) for windows-amd64 JRE (16.0.2+7-67), built on Jun  8 2021 23:24:19 by "mach5one" with MS VC++ 16.7 (VS2019)

END.
