#
# There is insufficient memory for the Java Runtime Environment to continue.
# Native memory allocation (mmap) failed to map 35651584 bytes for G1 virtual space
# Possible reasons:
#   The system is out of physical RAM or swap space
#   The process is running with CompressedOops enabled, and the Java Heap may be blocking the growth of the native heap
# Possible solutions:
#   Reduce memory load on the system
#   Increase physical memory or swap space
#   Check if swap backing store is full
#   Decrease Java heap size (-Xmx/-Xms)
#   Decrease number of Java threads
#   Decrease Java thread stack sizes (-Xss)
#   Set larger code cache with -XX:ReservedCodeCacheSize=
#   JVM is running with Unscaled Compressed Oops mode in which the Java heap is
#     placed in the first 4GB address space. The Java Heap base address is the
#     maximum limit for the native heap growth. Please use -XX:HeapBaseMinAddress
#     to set the Java Heap base and to place the Java Heap above 4GB virtual address.
# This output file may be truncated or incomplete.
#
#  Out of Memory Error (os_windows.cpp:3466), pid=1636, tid=8616
#
# JRE version: Java(TM) SE Runtime Environment (16.0.2+7) (build 16.0.2+7-67)
# Java VM: Java HotSpot(TM) 64-Bit Server VM (16.0.2+7-67, mixed mode, sharing, tiered, compressed oops, compressed class ptrs, g1 gc, windows-amd64)
# No core dump will be written. Minidumps are not enabled by default on client versions of Windows
#

---------------  S U M M A R Y ------------

Command Line: --add-opens=java.base/java.util=ALL-UNNAMED --add-opens=java.base/java.lang=ALL-UNNAMED --add-opens=java.base/java.lang.invoke=ALL-UNNAMED --add-opens=java.base/java.util=ALL-UNNAMED --add-opens=java.prefs/java.util.prefs=ALL-UNNAMED --add-opens=java.prefs/java.util.prefs=ALL-UNNAMED --add-opens=java.base/java.nio.charset=ALL-UNNAMED --add-opens=java.base/java.net=ALL-UNNAMED --add-opens=java.base/java.util.concurrent.atomic=ALL-UNNAMED -Xmx2048m -Dfile.encoding=UTF-8 -Duser.country=US -Duser.language=en -Duser.variant org.gradle.launcher.daemon.bootstrap.GradleDaemon 7.3.3

Host: Intel(R) Core(TM) i7-1065G7 CPU @ 1.30GHz, 8 cores, 7G,  Windows 10 , 64 bit Build 19041 (10.0.19041.1889)
Time: Thu Aug 18 00:32:34 2022 Egypt Standard Time elapsed time: 11.721493 seconds (0d 0h 0m 11s)

---------------  T H R E A D  ---------------

Current thread (0x00000215feb79a20):  VMThread "VM Thread" [stack: 0x0000009287100000,0x0000009287200000] [id=8616]

Stack: [0x0000009287100000,0x0000009287200000]
Native frames: (J=compiled Java code, j=interpreted, Vv=VM code, C=native code)
V  [jvm.dll+0x6681ca]
V  [jvm.dll+0x7c9e69]
V  [jvm.dll+0x7cb61e]
V  [jvm.dll+0x7cbc73]
V  [jvm.dll+0x242c55]
V  [jvm.dll+0x664f89]
V  [jvm.dll+0x659b75]
V  [jvm.dll+0x2fbfbb]
V  [jvm.dll+0x3031b6]
V  [jvm.dll+0x35299e]
V  [jvm.dll+0x352bcf]
V  [jvm.dll+0x2d3028]
V  [jvm.dll+0x2d0bb5]
V  [jvm.dll+0x2d01ec]
V  [jvm.dll+0x3152d2]
V  [jvm.dll+0x7d00ab]
V  [jvm.dll+0x7d0da4]
V  [jvm.dll+0x7d12a9]
V  [jvm.dll+0x7d1564]
V  [jvm.dll+0x7d1630]
V  [jvm.dll+0x7795aa]
V  [jvm.dll+0x667066]
C  [ucrtbase.dll+0x21bb2]
C  [KERNEL32.DLL+0x17034]
C  [ntdll.dll+0x52651]

VM_Operation (0x000000928fff6e20): G1CollectForAllocation, mode: safepoint, requested by thread 0x000002159e80abf0


---------------  P R O C E S S  ---------------

Threads class SMR info:
_java_thread_list=0x000002159fce0b00, length=140, elements={
0x00000215fd17b3e0, 0x00000215feb7dcb0, 0x00000215feb7e8b0, 0x00000215feb8aa70,
0x00000215feb8b670, 0x00000215feb941b0, 0x00000215feb94bb0, 0x00000215feb9a0b0,
0x00000215feb9c6b0, 0x00000215feb9d890, 0x00000215ff8a98d0, 0x00000215ff8afe10,
0x00000215ff92a470, 0x000002159e174fb0, 0x000002159f2f2180, 0x000002159cfd1120,
0x000002159e3c5850, 0x000002159e3c5d70, 0x000002159d7cfdb0, 0x000002159d0b0cf0,
0x000002159d0b07a0, 0x000002159d0b1240, 0x000002159eff3d70, 0x000002159eff67f0,
0x000002159eff1d90, 0x000002159eff2d80, 0x000002159eff42c0, 0x000002159eff4810,
0x000002159efefdb0, 0x000002159eff32d0, 0x000002159eff77e0, 0x000002159eff62a0,
0x000002159eff1840, 0x000002159eff0300, 0x000002159eff4d60, 0x000002159eff52b0,
0x000002159eff0da0, 0x000002159eff5d50, 0x000002159eff12f0, 0x000002159eff5800,
0x000002159eff2830, 0x000002159f292e70, 0x000002159f2913e0, 0x000002159f2953a0,
0x000002159f294900, 0x000002159f28eeb0, 0x000002159f28f400, 0x000002159f2923d0,
0x000002159f291930, 0x000002159f292920, 0x000002159f28f950, 0x000002159f291e80,
0x000002159f296390, 0x000002159f2933c0, 0x000002159f293910, 0x000002159f2968e0,
0x000002159f28fea0, 0x000002159f293e60, 0x000002159f2903f0, 0x000002159f2943b0,
0x000002159f294e50, 0x000002159f2958f0, 0x000002159f295e40, 0x000002159f290940,
0x000002159f290e90, 0x00000215a1adf030, 0x00000215a1adcb00, 0x00000215a1adbb10,
0x00000215a1adf580, 0x00000215a1ada080, 0x00000215a1ae0ac0, 0x00000215a1ad95e0,
0x00000215a1ade590, 0x00000215a1add050, 0x00000215a1adc060, 0x00000215a1adb5c0,
0x00000215a1ada5d0, 0x00000215a1add5a0, 0x00000215a1ae0570, 0x00000215a1ae1010,
0x00000215a1addaf0, 0x00000215a1adc5b0, 0x00000215a1ae0020, 0x00000215a1adfad0,
0x00000215a1adeae0, 0x00000215a1ad9b30, 0x00000215a1ade040, 0x00000215a1adab20,
0x00000215a1adb070, 0x000002159faf1130, 0x000002159faf50f0, 0x000002159faf4ba0,
0x000002159faf0140, 0x000002159faf1680, 0x000002159faf70d0, 0x000002159faf3660,
0x000002159faf4650, 0x000002159faf5640, 0x000002159faf60e0, 0x000002159faf6630,
0x000002159faf6b80, 0x000002159faf1bd0, 0x000002159faf5b90, 0x000002159faf2120,
0x000002159faf7620, 0x000002159faf2670, 0x000002159faf7b70, 0x000002159faf0690,
0x000002159faf0be0, 0x000002159faf2bc0, 0x000002159faf3110, 0x000002159faf3bb0,
0x000002159faf4100, 0x00000215a19275c0, 0x00000215a1929050, 0x00000215a1929af0,
0x00000215a192c570, 0x00000215a192a040, 0x00000215a192c020, 0x00000215a19285b0,
0x00000215a1928b00, 0x00000215a19295a0, 0x00000215a192a590, 0x00000215a192dab0,
0x00000215a192bad0, 0x000002159faafc90, 0x00000215a1927b10, 0x00000215a1926080,
0x00000215a1927070, 0x00000215a1928060, 0x000002159e807180, 0x000002159e8076d0,
0x000002159e8086c0, 0x000002159e80abf0, 0x000002159e808c10, 0x000002159e80b140,
0x000002159e8056f0, 0x000002159e809c00, 0x000002159e803710, 0x000002159e8041b0
}

Java Threads: ( => current thread )
  0x00000215fd17b3e0 JavaThread "main" [_thread_blocked, id=5300, stack(0x0000009286b00000,0x0000009286c00000)]
  0x00000215feb7dcb0 JavaThread "Reference Handler" daemon [_thread_blocked, id=8920, stack(0x0000009287200000,0x0000009287300000)]
  0x00000215feb7e8b0 JavaThread "Finalizer" daemon [_thread_blocked, id=10652, stack(0x0000009287300000,0x0000009287400000)]
  0x00000215feb8aa70 JavaThread "Signal Dispatcher" daemon [_thread_blocked, id=7180, stack(0x0000009287400000,0x0000009287500000)]
  0x00000215feb8b670 JavaThread "Attach Listener" daemon [_thread_blocked, id=7940, stack(0x0000009287500000,0x0000009287600000)]
  0x00000215feb941b0 JavaThread "Service Thread" daemon [_thread_blocked, id=6548, stack(0x0000009287600000,0x0000009287700000)]
  0x00000215feb94bb0 JavaThread "Monitor Deflation Thread" daemon [_thread_blocked, id=9060, stack(0x0000009287700000,0x0000009287800000)]
  0x00000215feb9a0b0 JavaThread "C2 CompilerThread0" daemon [_thread_blocked, id=8096, stack(0x0000009287800000,0x0000009287900000)]
  0x00000215feb9c6b0 JavaThread "C1 CompilerThread0" daemon [_thread_blocked, id=2096, stack(0x0000009287900000,0x0000009287a00000)]
  0x00000215feb9d890 JavaThread "Sweeper thread" daemon [_thread_blocked, id=2328, stack(0x0000009287a00000,0x0000009287b00000)]
  0x00000215ff8a98d0 JavaThread "Common-Cleaner" daemon [_thread_blocked, id=7248, stack(0x0000009287b00000,0x0000009287c00000)]
  0x00000215ff8afe10 JavaThread "Notification Thread" daemon [_thread_blocked, id=1780, stack(0x0000009287c00000,0x0000009287d00000)]
  0x00000215ff92a470 JavaThread "C2 CompilerThread1" daemon [_thread_blocked, id=7444, stack(0x0000009287e00000,0x0000009287f00000)]
  0x000002159e174fb0 JavaThread "Daemon health stats" [_thread_blocked, id=7152, stack(0x0000009288400000,0x0000009288500000)]
  0x000002159f2f2180 JavaThread "Incoming local TCP Connector on port 64427" [_thread_in_native, id=3236, stack(0x0000009288500000,0x0000009288600000)]
  0x000002159cfd1120 JavaThread "Daemon periodic checks" [_thread_blocked, id=1568, stack(0x0000009288600000,0x0000009288700000)]
  0x000002159e3c5850 JavaThread "Daemon" [_thread_blocked, id=5552, stack(0x0000009288700000,0x0000009288800000)]
  0x000002159e3c5d70 JavaThread "Handler for socket connection from /127.0.0.1:64427 to /127.0.0.1:64428" [_thread_in_native, id=7292, stack(0x0000009288800000,0x0000009288900000)]
  0x000002159d7cfdb0 JavaThread "Cancel handler" [_thread_blocked, id=5340, stack(0x0000009288900000,0x0000009288a00000)]
  0x000002159d0b0cf0 JavaThread "Daemon worker" [_thread_blocked, id=5032, stack(0x0000009288a00000,0x0000009288b00000)]
  0x000002159d0b07a0 JavaThread "Asynchronous log dispatcher for DefaultDaemonConnection: socket connection from /127.0.0.1:64427 to /127.0.0.1:64428" [_thread_blocked, id=13200, stack(0x0000009288b00000,0x0000009288c00000)]
  0x000002159d0b1240 JavaThread "Stdin handler" [_thread_blocked, id=5320, stack(0x0000009288c00000,0x0000009288d00000)]
  0x000002159eff3d70 JavaThread "Daemon client event forwarder" [_thread_blocked, id=10992, stack(0x0000009288d00000,0x0000009288e00000)]
  0x000002159eff67f0 JavaThread "Cache worker for journal cache (C:\Users\ITECH\.gradle\caches\journal-1)" [_thread_blocked, id=9056, stack(0x0000009288e00000,0x0000009288f00000)]
  0x000002159eff1d90 JavaThread "File lock request listener" [_thread_in_native, id=244, stack(0x0000009288f00000,0x0000009289000000)]
  0x000002159eff2d80 JavaThread "Cache worker for file hash cache (C:\Users\ITECH\.gradle\caches\7.3.3\fileHashes)" [_thread_blocked, id=3440, stack(0x0000009289000000,0x0000009289100000)]
  0x000002159eff42c0 JavaThread "Cache worker for file hash cache (C:\Users\ITECH\AndroidStudioProjects\yummy\.gradle\7.3.3\fileHashes)" [_thread_blocked, id=13140, stack(0x0000009289400000,0x0000009289500000)]
  0x000002159eff4810 JavaThread "File watcher server" daemon [_thread_blocked, id=12624, stack(0x0000009289500000,0x0000009289600000)]
  0x000002159efefdb0 JavaThread "File watcher consumer" daemon [_thread_blocked, id=13244, stack(0x0000009289600000,0x0000009289700000)]
  0x000002159eff32d0 JavaThread "Cache worker for checksums cache (C:\Users\ITECH\AndroidStudioProjects\yummy\.gradle\7.3.3\checksums)" [_thread_blocked, id=13252, stack(0x0000009289700000,0x0000009289800000)]
  0x000002159eff77e0 JavaThread "Cache worker for cache directory md-supplier (C:\Users\ITECH\.gradle\caches\7.3.3\md-supplier)" [_thread_blocked, id=3804, stack(0x0000009289800000,0x0000009289900000)]
  0x000002159eff62a0 JavaThread "Cache worker for cache directory md-rule (C:\Users\ITECH\.gradle\caches\7.3.3\md-rule)" [_thread_blocked, id=8584, stack(0x0000009289900000,0x0000009289a00000)]
  0x000002159eff1840 JavaThread "Cache worker for execution history cache (C:\Users\ITECH\.gradle\caches\7.3.3\executionHistory)" [_thread_blocked, id=5344, stack(0x0000009289b00000,0x0000009289c00000)]
  0x000002159eff0300 JavaThread "jar transforms" [_thread_blocked, id=3464, stack(0x0000009289c00000,0x0000009289d00000)]
  0x000002159eff4d60 JavaThread "Cache worker for file content cache (C:\Users\ITECH\.gradle\caches\7.3.3\fileContent)" [_thread_blocked, id=12952, stack(0x0000009289d00000,0x0000009289e00000)]
  0x000002159eff52b0 JavaThread "jar transforms Thread 2" [_thread_blocked, id=8640, stack(0x0000009289e00000,0x0000009289f00000)]
  0x000002159eff0da0 JavaThread "Cache worker for dependencies-accessors (C:\Users\ITECH\AndroidStudioProjects\yummy\.gradle\7.3.3\dependencies-accessors)" [_thread_blocked, id=9032, stack(0x0000009289f00000,0x000000928a000000)]
  0x000002159eff5d50 JavaThread "jar transforms Thread 3" [_thread_blocked, id=12652, stack(0x000000928a000000,0x000000928a100000)]
  0x000002159eff12f0 JavaThread "Cache worker for Build Output Cleanup Cache (C:\Users\ITECH\AndroidStudioProjects\yummy\.gradle\buildOutputCleanup)" [_thread_blocked, id=10776, stack(0x000000928a100000,0x000000928a200000)]
  0x000002159eff5800 JavaThread "Unconstrained build operations" [_thread_blocked, id=12116, stack(0x000000928a200000,0x000000928a300000)]
  0x000002159eff2830 JavaThread "Unconstrained build operations Thread 2" [_thread_blocked, id=8004, stack(0x000000928a300000,0x000000928a400000)]
  0x000002159f292e70 JavaThread "Unconstrained build operations Thread 3" [_thread_blocked, id=2588, stack(0x000000928a400000,0x000000928a500000)]
  0x000002159f2913e0 JavaThread "Unconstrained build operations Thread 4" [_thread_blocked, id=12660, stack(0x000000928a500000,0x000000928a600000)]
  0x000002159f2953a0 JavaThread "Unconstrained build operations Thread 5" [_thread_blocked, id=9112, stack(0x000000928a600000,0x000000928a700000)]
  0x000002159f294900 JavaThread "Unconstrained build operations Thread 6" [_thread_blocked, id=5156, stack(0x000000928a700000,0x000000928a800000)]
  0x000002159f28eeb0 JavaThread "Unconstrained build operations Thread 7" [_thread_blocked, id=8744, stack(0x000000928a800000,0x000000928a900000)]
  0x000002159f28f400 JavaThread "Unconstrained build operations Thread 8" [_thread_blocked, id=5428, stack(0x000000928a900000,0x000000928aa00000)]
  0x000002159f2923d0 JavaThread "Unconstrained build operations Thread 9" [_thread_blocked, id=3960, stack(0x000000928aa00000,0x000000928ab00000)]
  0x000002159f291930 JavaThread "Unconstrained build operations Thread 10" [_thread_blocked, id=2204, stack(0x000000928ab00000,0x000000928ac00000)]
  0x000002159f292920 JavaThread "Unconstrained build operations Thread 11" [_thread_blocked, id=10232, stack(0x000000928ac00000,0x000000928ad00000)]
  0x000002159f28f950 JavaThread "Unconstrained build operations Thread 12" [_thread_blocked, id=9004, stack(0x000000928ad00000,0x000000928ae00000)]
  0x000002159f291e80 JavaThread "Unconstrained build operations Thread 13" [_thread_blocked, id=10152, stack(0x000000928ae00000,0x000000928af00000)]
  0x000002159f296390 JavaThread "Unconstrained build operations Thread 14" [_thread_blocked, id=10012, stack(0x000000928af00000,0x000000928b000000)]
  0x000002159f2933c0 JavaThread "Unconstrained build operations Thread 15" [_thread_blocked, id=9992, stack(0x000000928b000000,0x000000928b100000)]
  0x000002159f293910 JavaThread "Unconstrained build operations Thread 16" [_thread_blocked, id=4540, stack(0x000000928b100000,0x000000928b200000)]
  0x000002159f2968e0 JavaThread "Unconstrained build operations Thread 17" [_thread_blocked, id=4300, stack(0x000000928b200000,0x000000928b300000)]
  0x000002159f28fea0 JavaThread "Unconstrained build operations Thread 18" [_thread_blocked, id=10316, stack(0x000000928b300000,0x000000928b400000)]
  0x000002159f293e60 JavaThread "Unconstrained build operations Thread 19" [_thread_blocked, id=1440, stack(0x000000928b400000,0x000000928b500000)]
  0x000002159f2903f0 JavaThread "Unconstrained build operations Thread 20" [_thread_blocked, id=10400, stack(0x000000928b500000,0x000000928b600000)]
  0x000002159f2943b0 JavaThread "Unconstrained build operations Thread 21" [_thread_blocked, id=10460, stack(0x000000928b600000,0x000000928b700000)]
  0x000002159f294e50 JavaThread "Unconstrained build operations Thread 22" [_thread_blocked, id=10484, stack(0x000000928b700000,0x000000928b800000)]
  0x000002159f2958f0 JavaThread "Unconstrained build operations Thread 23" [_thread_blocked, id=10500, stack(0x000000928b800000,0x000000928b900000)]
  0x000002159f295e40 JavaThread "Unconstrained build operations Thread 24" [_thread_blocked, id=10104, stack(0x000000928b900000,0x000000928ba00000)]
  0x000002159f290940 JavaThread "Unconstrained build operations Thread 25" [_thread_blocked, id=10556, stack(0x000000928ba00000,0x000000928bb00000)]
  0x000002159f290e90 JavaThread "Unconstrained build operations Thread 26" [_thread_blocked, id=10568, stack(0x000000928bb00000,0x000000928bc00000)]
  0x00000215a1adf030 JavaThread "Unconstrained build operations Thread 27" [_thread_blocked, id=10560, stack(0x000000928bc00000,0x000000928bd00000)]
  0x00000215a1adcb00 JavaThread "Unconstrained build operations Thread 28" [_thread_blocked, id=12792, stack(0x000000928bd00000,0x000000928be00000)]
  0x00000215a1adbb10 JavaThread "Unconstrained build operations Thread 29" [_thread_blocked, id=8288, stack(0x000000928be00000,0x000000928bf00000)]
  0x00000215a1adf580 JavaThread "Unconstrained build operations Thread 30" [_thread_blocked, id=13192, stack(0x000000928bf00000,0x000000928c000000)]
  0x00000215a1ada080 JavaThread "Unconstrained build operations Thread 31" [_thread_blocked, id=11596, stack(0x000000928c000000,0x000000928c100000)]
  0x00000215a1ae0ac0 JavaThread "Unconstrained build operations Thread 32" [_thread_blocked, id=2872, stack(0x000000928c100000,0x000000928c200000)]
  0x00000215a1ad95e0 JavaThread "Unconstrained build operations Thread 33" [_thread_blocked, id=10964, stack(0x000000928c200000,0x000000928c300000)]
  0x00000215a1ade590 JavaThread "Unconstrained build operations Thread 34" [_thread_blocked, id=2024, stack(0x000000928c300000,0x000000928c400000)]
  0x00000215a1add050 JavaThread "Unconstrained build operations Thread 35" [_thread_blocked, id=12812, stack(0x000000928c400000,0x000000928c500000)]
  0x00000215a1adc060 JavaThread "Unconstrained build operations Thread 36" [_thread_blocked, id=2940, stack(0x000000928c500000,0x000000928c600000)]
  0x00000215a1adb5c0 JavaThread "Unconstrained build operations Thread 37" [_thread_blocked, id=8392, stack(0x000000928c600000,0x000000928c700000)]
  0x00000215a1ada5d0 JavaThread "Unconstrained build operations Thread 38" [_thread_blocked, id=10936, stack(0x000000928c700000,0x000000928c800000)]
  0x00000215a1add5a0 JavaThread "Unconstrained build operations Thread 39" [_thread_blocked, id=11248, stack(0x000000928c800000,0x000000928c900000)]
  0x00000215a1ae0570 JavaThread "Unconstrained build operations Thread 40" [_thread_blocked, id=3784, stack(0x000000928c900000,0x000000928ca00000)]
  0x00000215a1ae1010 JavaThread "Unconstrained build operations Thread 41" [_thread_blocked, id=9196, stack(0x000000928ca00000,0x000000928cb00000)]
  0x00000215a1addaf0 JavaThread "Unconstrained build operations Thread 42" [_thread_blocked, id=12248, stack(0x000000928cb00000,0x000000928cc00000)]
  0x00000215a1adc5b0 JavaThread "Unconstrained build operations Thread 43" [_thread_blocked, id=10172, stack(0x000000928cc00000,0x000000928cd00000)]
  0x00000215a1ae0020 JavaThread "Unconstrained build operations Thread 44" [_thread_blocked, id=12216, stack(0x000000928cd00000,0x000000928ce00000)]
  0x00000215a1adfad0 JavaThread "Unconstrained build operations Thread 45" [_thread_blocked, id=2460, stack(0x000000928ce00000,0x000000928cf00000)]
  0x00000215a1adeae0 JavaThread "Unconstrained build operations Thread 46" [_thread_blocked, id=9712, stack(0x000000928cf00000,0x000000928d000000)]
  0x00000215a1ad9b30 JavaThread "Unconstrained build operations Thread 47" [_thread_blocked, id=6876, stack(0x000000928d000000,0x000000928d100000)]
  0x00000215a1ade040 JavaThread "Unconstrained build operations Thread 48" [_thread_blocked, id=2164, stack(0x000000928d100000,0x000000928d200000)]
  0x00000215a1adab20 JavaThread "Unconstrained build operations Thread 49" [_thread_blocked, id=11880, stack(0x000000928d200000,0x000000928d300000)]
  0x00000215a1adb070 JavaThread "Unconstrained build operations Thread 50" [_thread_blocked, id=2016, stack(0x000000928d300000,0x000000928d400000)]
  0x000002159faf1130 JavaThread "Unconstrained build operations Thread 51" [_thread_blocked, id=10524, stack(0x000000928d400000,0x000000928d500000)]
  0x000002159faf50f0 JavaThread "Unconstrained build operations Thread 52" [_thread_blocked, id=3740, stack(0x000000928d500000,0x000000928d600000)]
  0x000002159faf4ba0 JavaThread "Unconstrained build operations Thread 53" [_thread_blocked, id=8524, stack(0x000000928d600000,0x000000928d700000)]
  0x000002159faf0140 JavaThread "Unconstrained build operations Thread 54" [_thread_blocked, id=12936, stack(0x000000928d700000,0x000000928d800000)]
  0x000002159faf1680 JavaThread "Unconstrained build operations Thread 55" [_thread_blocked, id=10156, stack(0x000000928d800000,0x000000928d900000)]
  0x000002159faf70d0 JavaThread "Unconstrained build operations Thread 56" [_thread_blocked, id=3736, stack(0x000000928d900000,0x000000928da00000)]
  0x000002159faf3660 JavaThread "Unconstrained build operations Thread 57" [_thread_blocked, id=3812, stack(0x000000928da00000,0x000000928db00000)]
  0x000002159faf4650 JavaThread "Unconstrained build operations Thread 58" [_thread_blocked, id=7564, stack(0x000000928db00000,0x000000928dc00000)]
  0x000002159faf5640 JavaThread "Unconstrained build operations Thread 59" [_thread_blocked, id=3508, stack(0x000000928dc00000,0x000000928dd00000)]
  0x000002159faf60e0 JavaThread "Unconstrained build operations Thread 60" [_thread_blocked, id=12380, stack(0x000000928dd00000,0x000000928de00000)]
  0x000002159faf6630 JavaThread "Unconstrained build operations Thread 61" [_thread_blocked, id=1628, stack(0x000000928de00000,0x000000928df00000)]
  0x000002159faf6b80 JavaThread "Unconstrained build operations Thread 62" [_thread_blocked, id=8496, stack(0x000000928df00000,0x000000928e000000)]
  0x000002159faf1bd0 JavaThread "Unconstrained build operations Thread 63" [_thread_blocked, id=12076, stack(0x000000928e000000,0x000000928e100000)]
  0x000002159faf5b90 JavaThread "Unconstrained build operations Thread 64" [_thread_blocked, id=7580, stack(0x000000928e100000,0x000000928e200000)]
  0x000002159faf2120 JavaThread "Unconstrained build operations Thread 65" [_thread_blocked, id=6656, stack(0x000000928e200000,0x000000928e300000)]
  0x000002159faf7620 JavaThread "Unconstrained build operations Thread 66" [_thread_blocked, id=11012, stack(0x000000928e300000,0x000000928e400000)]
  0x000002159faf2670 JavaThread "Unconstrained build operations Thread 67" [_thread_blocked, id=10916, stack(0x000000928e400000,0x000000928e500000)]
  0x000002159faf7b70 JavaThread "Unconstrained build operations Thread 68" [_thread_blocked, id=10148, stack(0x000000928e500000,0x000000928e600000)]
  0x000002159faf0690 JavaThread "Unconstrained build operations Thread 69" [_thread_blocked, id=9908, stack(0x000000928e600000,0x000000928e700000)]
  0x000002159faf0be0 JavaThread "Unconstrained build operations Thread 70" [_thread_blocked, id=9460, stack(0x000000928e700000,0x000000928e800000)]
  0x000002159faf2bc0 JavaThread "Unconstrained build operations Thread 71" [_thread_blocked, id=8436, stack(0x000000928e800000,0x000000928e900000)]
  0x000002159faf3110 JavaThread "Unconstrained build operations Thread 72" [_thread_blocked, id=8200, stack(0x000000928e900000,0x000000928ea00000)]
  0x000002159faf3bb0 JavaThread "Unconstrained build operations Thread 73" [_thread_blocked, id=6416, stack(0x000000928ea00000,0x000000928eb00000)]
  0x000002159faf4100 JavaThread "Unconstrained build operations Thread 74" [_thread_blocked, id=4952, stack(0x000000928eb00000,0x000000928ec00000)]
  0x00000215a19275c0 JavaThread "Unconstrained build operations Thread 75" [_thread_blocked, id=9668, stack(0x000000928ec00000,0x000000928ed00000)]
  0x00000215a1929050 JavaThread "Unconstrained build operations Thread 76" [_thread_blocked, id=320, stack(0x000000928ed00000,0x000000928ee00000)]
  0x00000215a1929af0 JavaThread "Unconstrained build operations Thread 77" [_thread_blocked, id=1516, stack(0x000000928ee00000,0x000000928ef00000)]
  0x00000215a192c570 JavaThread "Unconstrained build operations Thread 78" [_thread_blocked, id=2656, stack(0x000000928ef00000,0x000000928f000000)]
  0x00000215a192a040 JavaThread "Unconstrained build operations Thread 79" [_thread_blocked, id=4380, stack(0x000000928f000000,0x000000928f100000)]
  0x00000215a192c020 JavaThread "Unconstrained build operations Thread 80" [_thread_blocked, id=1936, stack(0x000000928f100000,0x000000928f200000)]
  0x00000215a19285b0 JavaThread "jar transforms Thread 4" [_thread_blocked, id=11932, stack(0x000000928f200000,0x000000928f300000)]
  0x00000215a1928b00 JavaThread "jar transforms Thread 5" [_thread_blocked, id=2192, stack(0x000000928f300000,0x000000928f400000)]
  0x00000215a19295a0 JavaThread "jar transforms Thread 6" [_thread_blocked, id=5328, stack(0x000000928f400000,0x000000928f500000)]
  0x00000215a192a590 JavaThread "jar transforms Thread 7" [_thread_blocked, id=9748, stack(0x000000928f500000,0x000000928f600000)]
  0x00000215a192dab0 JavaThread "jar transforms Thread 8" [_thread_blocked, id=5256, stack(0x000000928f600000,0x000000928f700000)]
  0x00000215a192bad0 JavaThread "Memory manager" [_thread_blocked, id=12880, stack(0x000000928f700000,0x000000928f800000)]
  0x000002159faafc90 JavaThread "C2 CompilerThread2" daemon [_thread_blocked, id=1400, stack(0x0000009288300000,0x0000009288400000)]
  0x00000215a1927b10 JavaThread "build event listener" [_thread_blocked, id=1920, stack(0x000000928f800000,0x000000928f900000)]
  0x00000215a1926080 JavaThread "pool-3-thread-1" [_thread_blocked, id=5512, stack(0x000000928f900000,0x000000928fa00000)]
  0x00000215a1927070 JavaThread "build event listener" [_thread_blocked, id=7392, stack(0x000000928fa00000,0x000000928fb00000)]
  0x00000215a1928060 JavaThread "Execution worker for ':'" [_thread_blocked, id=11328, stack(0x000000928fb00000,0x000000928fc00000)]
  0x000002159e807180 JavaThread "Execution worker for ':' Thread 2" [_thread_blocked, id=6860, stack(0x000000928fc00000,0x000000928fd00000)]
  0x000002159e8076d0 JavaThread "Execution worker for ':' Thread 3" [_thread_blocked, id=7996, stack(0x000000928fd00000,0x000000928fe00000)]
  0x000002159e8086c0 JavaThread "Execution worker for ':' Thread 4" [_thread_blocked, id=2236, stack(0x000000928fe00000,0x000000928ff00000)]
  0x000002159e80abf0 JavaThread "Execution worker for ':' Thread 5" [_thread_blocked, id=7992, stack(0x000000928ff00000,0x0000009290000000)]
  0x000002159e808c10 JavaThread "Execution worker for ':' Thread 6" [_thread_blocked, id=2928, stack(0x0000009290000000,0x0000009290100000)]
  0x000002159e80b140 JavaThread "Execution worker for ':' Thread 7" [_thread_blocked, id=3976, stack(0x0000009290100000,0x0000009290200000)]
  0x000002159e8056f0 JavaThread "Cache worker for execution history cache (C:\Users\ITECH\AndroidStudioProjects\yummy\.gradle\7.3.3\executionHistory)" [_thread_blocked, id=3004, stack(0x0000009290200000,0x0000009290300000)]
  0x000002159e809c00 JavaThread "WorkerExecutor Queue" [_thread_blocked, id=7428, stack(0x0000009290700000,0x0000009290800000)]
  0x000002159e803710 JavaThread "WorkerExecutor Queue Thread 2" [_thread_blocked, id=6824, stack(0x0000009290800000,0x0000009290900000)]
  0x000002159e8041b0 JavaThread "WorkerExecutor Queue Thread 3" [_thread_blocked, id=3608, stack(0x0000009290900000,0x0000009290a00000)]

Other Threads:
=>0x00000215feb79a20 VMThread "VM Thread" [stack: 0x0000009287100000,0x0000009287200000] [id=8616]
  0x00000215ff8b0330 WatcherThread [stack: 0x0000009287d00000,0x0000009287e00000] [id=1052]
  0x00000215fd1b8dd0 GCTaskThread "GC Thread#0" [stack: 0x0000009286c00000,0x0000009286d00000] [id=528]
  0x000002159cbd4dd0 GCTaskThread "GC Thread#1" [stack: 0x0000009287f00000,0x0000009288000000] [id=2900]
  0x000002159cbd50e0 GCTaskThread "GC Thread#2" [stack: 0x0000009288000000,0x0000009288100000] [id=8100]
  0x000002159d008080 GCTaskThread "GC Thread#3" [stack: 0x0000009288100000,0x0000009288200000] [id=3396]
  0x000002159d155830 GCTaskThread "GC Thread#4" [stack: 0x0000009288200000,0x0000009288300000] [id=3696]
  0x000002159e468100 GCTaskThread "GC Thread#5" [stack: 0x0000009289100000,0x0000009289200000] [id=13128]
  0x000002159e467ae0 GCTaskThread "GC Thread#6" [stack: 0x0000009289200000,0x0000009289300000] [id=12464]
  0x000002159e468d40 GCTaskThread "GC Thread#7" [stack: 0x0000009289300000,0x0000009289400000] [id=13068]
  0x00000215fd1caf20 ConcurrentGCThread "G1 Main Marker" [stack: 0x0000009286d00000,0x0000009286e00000] [id=13144]
  0x00000215fd1cca20 ConcurrentGCThread "G1 Conc#0" [stack: 0x0000009286e00000,0x0000009286f00000] [id=776]
  0x000002159e468720 ConcurrentGCThread "G1 Conc#1" [stack: 0x0000009289a00000,0x0000009289b00000] [id=7516]
  0x00000215fd253df0 ConcurrentGCThread "G1 Refine#0" [stack: 0x0000009286f00000,0x0000009287000000] [id=7160]
  0x00000215a10f33e0 ConcurrentGCThread "G1 Refine#1" [stack: 0x0000009290300000,0x0000009290400000] [id=7204]
  0x00000215a10f3720 ConcurrentGCThread "G1 Refine#2" [stack: 0x0000009290400000,0x0000009290500000] [id=6304]
  0x00000215a10f23a0 ConcurrentGCThread "G1 Refine#3" [stack: 0x0000009290500000,0x0000009290600000] [id=5252]
  0x00000215a10f5460 ConcurrentGCThread "G1 Refine#4" [stack: 0x0000009290600000,0x0000009290700000] [id=5500]
  0x00000215fd255880 ConcurrentGCThread "G1 Service" [stack: 0x0000009287000000,0x0000009287100000] [id=9848]

Threads with active compile tasks:

VM state: at safepoint (normal execution)

VM Mutex/Monitor currently owned by a thread:  ([mutex/lock_event])
[0x00000215fd1783d0] Threads_lock - owner thread: 0x00000215feb79a20
[0x00000215fd178fa0] Heap_lock - owner thread: 0x000002159e80abf0

Heap address: 0x0000000080000000, size: 2048 MB, Compressed Oops mode: 32-bit

CDS archive(s) mapped at: [0x0000000800000000-0x0000000800bb0000-0x0000000800bb0000), size 12255232, SharedBaseAddress: 0x0000000800000000, ArchiveRelocationMode: 0.
Compressed class space mapped at: 0x0000000800c00000-0x0000000840c00000, reserved size: 1073741824
Narrow klass base: 0x0000000800000000, Narrow klass shift: 3, Narrow klass range: 0x100000000

GC Precious Log:
 CPUs: 8 total, 8 available
 Memory: 7959M
 Large Page Support: Disabled
 NUMA Support: Disabled
 Compressed Oops: Enabled (32-bit)
 Heap Region Size: 1M
 Heap Min Capacity: 8M
 Heap Initial Capacity: 126M
 Heap Max Capacity: 2G
 Pre-touch: Disabled
 Parallel Workers: 8
 Concurrent Workers: 2
 Concurrent Refinement Workers: 8
 Periodic GC: Disabled

Heap:
 garbage-first heap   total 174080K, used 96887K [0x0000000080000000, 0x0000000100000000)
  region size 1024K, 3 young (3072K), 3 survivors (3072K)
 Metaspace       used 80258K, committed 80832K, reserved 1122304K
  class space    used 10730K, committed 11008K, reserved 1048576K

Heap Regions: E=young(eden), S=young(survivor), O=old, HS=humongous(starts), HC=humongous(continues), CS=collection set, F=free, OA=open archive, CA=closed archive, TAMS=top-at-mark-start (previous, next)
|   0|0x0000000080000000, 0x0000000080100000, 0x0000000080100000|100%| O|  |TAMS 0x0000000080100000, 0x0000000080100000| Untracked 
|   1|0x0000000080100000, 0x0000000080200000, 0x0000000080200000|100%| O|  |TAMS 0x0000000080200000, 0x0000000080200000| Untracked 
|   2|0x0000000080200000, 0x0000000080300000, 0x0000000080300000|100%| O|  |TAMS 0x0000000080300000, 0x0000000080300000| Untracked 
|   3|0x0000000080300000, 0x0000000080400000, 0x0000000080400000|100%|HS|  |TAMS 0x0000000080400000, 0x0000000080400000| Complete 
|   4|0x0000000080400000, 0x0000000080500000, 0x0000000080500000|100%|HC|  |TAMS 0x0000000080500000, 0x0000000080500000| Complete 
|   5|0x0000000080500000, 0x0000000080600000, 0x0000000080600000|100%|HC|  |TAMS 0x0000000080600000, 0x0000000080600000| Complete 
|   6|0x0000000080600000, 0x0000000080700000, 0x0000000080700000|100%| O|  |TAMS 0x0000000080700000, 0x0000000080700000| Untracked 
|   7|0x0000000080700000, 0x0000000080800000, 0x0000000080800000|100%| O|  |TAMS 0x0000000080800000, 0x0000000080800000| Untracked 
|   8|0x0000000080800000, 0x0000000080900000, 0x0000000080900000|100%| O|  |TAMS 0x0000000080900000, 0x0000000080900000| Untracked 
|   9|0x0000000080900000, 0x0000000080a00000, 0x0000000080a00000|100%| O|  |TAMS 0x0000000080a00000, 0x0000000080a00000| Untracked 
|  10|0x0000000080a00000, 0x0000000080b00000, 0x0000000080b00000|100%| O|  |TAMS 0x0000000080b00000, 0x0000000080b00000| Untracked 
|  11|0x0000000080b00000, 0x0000000080c00000, 0x0000000080c00000|100%| O|  |TAMS 0x0000000080c00000, 0x0000000080c00000| Untracked 
|  12|0x0000000080c00000, 0x0000000080d00000, 0x0000000080d00000|100%| O|  |TAMS 0x0000000080d00000, 0x0000000080d00000| Untracked 
|  13|0x0000000080d00000, 0x0000000080e00000, 0x0000000080e00000|100%| O|  |TAMS 0x0000000080e00000, 0x0000000080e00000| Untracked 
|  14|0x0000000080e00000, 0x0000000080f00000, 0x0000000080f00000|100%| O|  |TAMS 0x0000000080f00000, 0x0000000080f00000| Untracked 
|  15|0x0000000080f00000, 0x0000000081000000, 0x0000000081000000|100%| O|  |TAMS 0x0000000081000000, 0x0000000081000000| Untracked 
|  16|0x0000000081000000, 0x0000000081100000, 0x0000000081100000|100%| O|  |TAMS 0x0000000081100000, 0x0000000081100000| Untracked 
|  17|0x0000000081100000, 0x0000000081200000, 0x0000000081200000|100%| O|  |TAMS 0x0000000081200000, 0x0000000081200000| Untracked 
|  18|0x0000000081200000, 0x0000000081272200, 0x0000000081300000| 44%| O|  |TAMS 0x0000000081272200, 0x0000000081272200| Untracked 
|  19|0x0000000081300000, 0x0000000081400000, 0x0000000081400000|100%| O|  |TAMS 0x0000000081400000, 0x0000000081400000| Untracked 
|  20|0x0000000081400000, 0x0000000081500000, 0x0000000081500000|100%| O|  |TAMS 0x0000000081500000, 0x0000000081500000| Untracked 
|  21|0x0000000081500000, 0x0000000081600000, 0x0000000081600000|100%| O|  |TAMS 0x0000000081600000, 0x0000000081600000| Untracked 
|  22|0x0000000081600000, 0x0000000081700000, 0x0000000081700000|100%| O|  |TAMS 0x0000000081700000, 0x0000000081700000| Untracked 
|  23|0x0000000081700000, 0x0000000081800000, 0x0000000081800000|100%| O|  |TAMS 0x0000000081800000, 0x0000000081800000| Untracked 
|  24|0x0000000081800000, 0x0000000081900000, 0x0000000081900000|100%| O|  |TAMS 0x0000000081900000, 0x0000000081900000| Untracked 
|  25|0x0000000081900000, 0x0000000081a00000, 0x0000000081a00000|100%| O|  |TAMS 0x0000000081a00000, 0x0000000081a00000| Untracked 
|  26|0x0000000081a00000, 0x0000000081b00000, 0x0000000081b00000|100%|HS|  |TAMS 0x0000000081b00000, 0x0000000081b00000| Complete 
|  27|0x0000000081b00000, 0x0000000081c00000, 0x0000000081c00000|100%|HS|  |TAMS 0x0000000081c00000, 0x0000000081c00000| Complete 
|  28|0x0000000081c00000, 0x0000000081d00000, 0x0000000081d00000|100%| O|  |TAMS 0x0000000081d00000, 0x0000000081d00000| Untracked 
|  29|0x0000000081d00000, 0x0000000081e00000, 0x0000000081e00000|100%| O|  |TAMS 0x0000000081e00000, 0x0000000081e00000| Untracked 
|  30|0x0000000081e00000, 0x0000000081f00000, 0x0000000081f00000|100%| O|  |TAMS 0x0000000081f00000, 0x0000000081f00000| Untracked 
|  31|0x0000000081f00000, 0x0000000082000000, 0x0000000082000000|100%| O|  |TAMS 0x0000000082000000, 0x0000000082000000| Untracked 
|  32|0x0000000082000000, 0x0000000082100000, 0x0000000082100000|100%| O|  |TAMS 0x0000000082100000, 0x0000000082100000| Untracked 
|  33|0x0000000082100000, 0x0000000082200000, 0x0000000082200000|100%| O|  |TAMS 0x0000000082200000, 0x0000000082200000| Untracked 
|  34|0x0000000082200000, 0x0000000082300000, 0x0000000082300000|100%| O|  |TAMS 0x0000000082300000, 0x0000000082300000| Untracked 
|  35|0x0000000082300000, 0x0000000082400000, 0x0000000082400000|100%| O|  |TAMS 0x0000000082400000, 0x0000000082400000| Untracked 
|  36|0x0000000082400000, 0x0000000082500000, 0x0000000082500000|100%| O|  |TAMS 0x0000000082500000, 0x0000000082500000| Untracked 
|  37|0x0000000082500000, 0x0000000082600000, 0x0000000082600000|100%|HS|  |TAMS 0x0000000082600000, 0x0000000082600000| Complete 
|  38|0x0000000082600000, 0x0000000082700000, 0x0000000082700000|100%|HC|  |TAMS 0x0000000082700000, 0x0000000082700000| Complete 
|  39|0x0000000082700000, 0x0000000082800000, 0x0000000082800000|100%| O|  |TAMS 0x0000000082800000, 0x0000000082800000| Untracked 
|  40|0x0000000082800000, 0x0000000082900000, 0x0000000082900000|100%| O|  |TAMS 0x0000000082900000, 0x0000000082900000| Untracked 
|  41|0x0000000082900000, 0x0000000082a00000, 0x0000000082a00000|100%| O|  |TAMS 0x0000000082a00000, 0x0000000082a00000| Untracked 
|  42|0x0000000082a00000, 0x0000000082b00000, 0x0000000082b00000|100%| O|  |TAMS 0x0000000082b00000, 0x0000000082b00000| Untracked 
|  43|0x0000000082b00000, 0x0000000082c00000, 0x0000000082c00000|100%| O|  |TAMS 0x0000000082c00000, 0x0000000082c00000| Untracked 
|  44|0x0000000082c00000, 0x0000000082d00000, 0x0000000082d00000|100%| O|  |TAMS 0x0000000082d00000, 0x0000000082d00000| Untracked 
|  45|0x0000000082d00000, 0x0000000082e00000, 0x0000000082e00000|100%| O|  |TAMS 0x0000000082e00000, 0x0000000082e00000| Untracked 
|  46|0x0000000082e00000, 0x0000000082f00000, 0x0000000082f00000|100%| O|  |TAMS 0x0000000082f00000, 0x0000000082f00000| Untracked 
|  47|0x0000000082f00000, 0x0000000083000000, 0x0000000083000000|100%| O|  |TAMS 0x0000000083000000, 0x0000000083000000| Untracked 
|  48|0x0000000083000000, 0x0000000083100000, 0x0000000083100000|100%| O|  |TAMS 0x0000000083100000, 0x0000000083100000| Untracked 
|  49|0x0000000083100000, 0x0000000083200000, 0x0000000083200000|100%| O|  |TAMS 0x0000000083200000, 0x0000000083200000| Untracked 
|  50|0x0000000083200000, 0x0000000083300000, 0x0000000083300000|100%| O|  |TAMS 0x0000000083300000, 0x0000000083300000| Untracked 
|  51|0x0000000083300000, 0x0000000083400000, 0x0000000083400000|100%| O|  |TAMS 0x0000000083400000, 0x0000000083400000| Untracked 
|  52|0x0000000083400000, 0x0000000083500000, 0x0000000083500000|100%| O|  |TAMS 0x0000000083500000, 0x0000000083500000| Untracked 
|  53|0x0000000083500000, 0x0000000083600000, 0x0000000083600000|100%| O|  |TAMS 0x0000000083600000, 0x0000000083600000| Untracked 
|  54|0x0000000083600000, 0x0000000083700000, 0x0000000083700000|100%| O|  |TAMS 0x0000000083700000, 0x0000000083700000| Untracked 
|  55|0x0000000083700000, 0x0000000083800000, 0x0000000083800000|100%| O|  |TAMS 0x0000000083800000, 0x0000000083800000| Untracked 
|  56|0x0000000083800000, 0x0000000083900000, 0x0000000083900000|100%| O|  |TAMS 0x0000000083900000, 0x0000000083900000| Untracked 
|  57|0x0000000083900000, 0x0000000083a00000, 0x0000000083a00000|100%| O|  |TAMS 0x0000000083a00000, 0x0000000083a00000| Untracked 
|  58|0x0000000083a00000, 0x0000000083b00000, 0x0000000083b00000|100%| O|  |TAMS 0x0000000083b00000, 0x0000000083b00000| Untracked 
|  59|0x0000000083b00000, 0x0000000083c00000, 0x0000000083c00000|100%| O|  |TAMS 0x0000000083c00000, 0x0000000083c00000| Untracked 
|  60|0x0000000083c00000, 0x0000000083d00000, 0x0000000083d00000|100%| O|  |TAMS 0x0000000083d00000, 0x0000000083d00000| Untracked 
|  61|0x0000000083d00000, 0x0000000083e00000, 0x0000000083e00000|100%| O|  |TAMS 0x0000000083e00000, 0x0000000083e00000| Untracked 
|  62|0x0000000083e00000, 0x0000000083f00000, 0x0000000083f00000|100%| O|  |TAMS 0x0000000083f00000, 0x0000000083f00000| Untracked 
|  63|0x0000000083f00000, 0x0000000084000000, 0x0000000084000000|100%| O|  |TAMS 0x0000000084000000, 0x0000000084000000| Untracked 
|  64|0x0000000084000000, 0x0000000084100000, 0x0000000084100000|100%| O|  |TAMS 0x0000000084100000, 0x0000000084100000| Untracked 
|  65|0x0000000084100000, 0x0000000084200000, 0x0000000084200000|100%| O|  |TAMS 0x0000000084200000, 0x0000000084200000| Untracked 
|  66|0x0000000084200000, 0x0000000084300000, 0x0000000084300000|100%| O|  |TAMS 0x0000000084300000, 0x0000000084300000| Untracked 
|  67|0x0000000084300000, 0x0000000084400000, 0x0000000084400000|100%| O|  |TAMS 0x0000000084400000, 0x0000000084400000| Untracked 
|  68|0x0000000084400000, 0x0000000084500000, 0x0000000084500000|100%| O|  |TAMS 0x0000000084400000, 0x0000000084500000| Untracked 
|  69|0x0000000084500000, 0x0000000084600000, 0x0000000084600000|100%| O|  |TAMS 0x0000000084500000, 0x0000000084600000| Untracked 
|  70|0x0000000084600000, 0x0000000084700000, 0x0000000084700000|100%| O|  |TAMS 0x0000000084700000, 0x0000000084700000| Untracked 
|  71|0x0000000084700000, 0x0000000084800000, 0x0000000084800000|100%| O|  |TAMS 0x0000000084800000, 0x0000000084800000| Untracked 
|  72|0x0000000084800000, 0x0000000084900000, 0x0000000084900000|100%| O|  |TAMS 0x0000000084900000, 0x0000000084900000| Untracked 
|  73|0x0000000084900000, 0x0000000084a00000, 0x0000000084a00000|100%| O|  |TAMS 0x0000000084a00000, 0x0000000084a00000| Untracked 
|  74|0x0000000084a00000, 0x0000000084b00000, 0x0000000084b00000|100%| O|  |TAMS 0x0000000084b00000, 0x0000000084b00000| Untracked 
|  75|0x0000000084b00000, 0x0000000084c00000, 0x0000000084c00000|100%| O|  |TAMS 0x0000000084c00000, 0x0000000084c00000| Untracked 
|  76|0x0000000084c00000, 0x0000000084d00000, 0x0000000084d00000|100%| O|  |TAMS 0x0000000084d00000, 0x0000000084d00000| Untracked 
|  77|0x0000000084d00000, 0x0000000084e00000, 0x0000000084e00000|100%| O|  |TAMS 0x0000000084e00000, 0x0000000084e00000| Untracked 
|  78|0x0000000084e00000, 0x0000000084f00000, 0x0000000084f00000|100%| O|  |TAMS 0x0000000084f00000, 0x0000000084f00000| Untracked 
|  79|0x0000000084f00000, 0x0000000085000000, 0x0000000085000000|100%| O|  |TAMS 0x0000000085000000, 0x0000000085000000| Untracked 
|  80|0x0000000085000000, 0x0000000085100000, 0x0000000085100000|100%| O|  |TAMS 0x00000000850e7c00, 0x0000000085100000| Untracked 
|  81|0x0000000085100000, 0x0000000085200000, 0x0000000085200000|100%| O|  |TAMS 0x0000000085100000, 0x0000000085200000| Untracked 
|  82|0x0000000085200000, 0x0000000085300000, 0x0000000085300000|100%| O|  |TAMS 0x0000000085200000, 0x0000000085300000| Untracked 
|  83|0x0000000085300000, 0x0000000085400000, 0x0000000085400000|100%| O|  |TAMS 0x0000000085300000, 0x0000000085400000| Untracked 
|  84|0x0000000085400000, 0x0000000085500000, 0x0000000085500000|100%| O|  |TAMS 0x0000000085400000, 0x0000000085500000| Untracked 
|  85|0x0000000085500000, 0x0000000085500000, 0x0000000085600000|  0%| F|  |TAMS 0x0000000085500000, 0x0000000085500000| Untracked 
|  86|0x0000000085600000, 0x0000000085600000, 0x0000000085700000|  0%| F|  |TAMS 0x0000000085600000, 0x0000000085600000| Untracked 
|  87|0x0000000085700000, 0x0000000085700000, 0x0000000085800000|  0%| F|  |TAMS 0x0000000085700000, 0x0000000085700000| Untracked 
|  88|0x0000000085800000, 0x0000000085800000, 0x0000000085900000|  0%| F|  |TAMS 0x0000000085800000, 0x0000000085800000| Untracked 
|  89|0x0000000085900000, 0x0000000085900000, 0x0000000085a00000|  0%| F|  |TAMS 0x0000000085900000, 0x0000000085900000| Untracked 
|  90|0x0000000085a00000, 0x0000000085b00000, 0x0000000085b00000|100%| O|  |TAMS 0x0000000085a00000, 0x0000000085b00000| Untracked 
|  91|0x0000000085b00000, 0x0000000085c00000, 0x0000000085c00000|100%| O|  |TAMS 0x0000000085b00000, 0x0000000085c00000| Untracked 
|  92|0x0000000085c00000, 0x0000000085d00000, 0x0000000085d00000|100%| O|  |TAMS 0x0000000085c00000, 0x0000000085d00000| Untracked 
|  93|0x0000000085d00000, 0x0000000085d00000, 0x0000000085e00000|  0%| F|  |TAMS 0x0000000085d00000, 0x0000000085d00000| Untracked 
|  94|0x0000000085e00000, 0x0000000085e00000, 0x0000000085f00000|  0%| F|  |TAMS 0x0000000085e00000, 0x0000000085e00000| Untracked 
|  95|0x0000000085f00000, 0x0000000085f00000, 0x0000000086000000|  0%| F|  |TAMS 0x0000000085f00000, 0x0000000085f00000| Untracked 
|  96|0x0000000086000000, 0x0000000086000000, 0x0000000086100000|  0%| F|  |TAMS 0x0000000086000000, 0x0000000086000000| Untracked 
|  97|0x0000000086100000, 0x0000000086100000, 0x0000000086200000|  0%| F|  |TAMS 0x0000000086100000, 0x0000000086100000| Untracked 
|  98|0x0000000086200000, 0x0000000086200000, 0x0000000086300000|  0%| F|  |TAMS 0x0000000086200000, 0x0000000086200000| Untracked 
|  99|0x0000000086300000, 0x0000000086300000, 0x0000000086400000|  0%| F|  |TAMS 0x0000000086300000, 0x0000000086300000| Untracked 
| 100|0x0000000086400000, 0x0000000086400000, 0x0000000086500000|  0%| F|  |TAMS 0x0000000086400000, 0x0000000086400000| Untracked 
| 101|0x0000000086500000, 0x0000000086500000, 0x0000000086600000|  0%| F|  |TAMS 0x0000000086500000, 0x0000000086500000| Untracked 
| 102|0x0000000086600000, 0x0000000086600000, 0x0000000086700000|  0%| F|  |TAMS 0x0000000086600000, 0x0000000086600000| Untracked 
| 103|0x0000000086700000, 0x0000000086700000, 0x0000000086800000|  0%| F|  |TAMS 0x0000000086700000, 0x0000000086700000| Untracked 
| 104|0x0000000086800000, 0x0000000086800000, 0x0000000086900000|  0%| F|  |TAMS 0x0000000086800000, 0x0000000086800000| Untracked 
| 105|0x0000000086900000, 0x0000000086900000, 0x0000000086a00000|  0%| F|  |TAMS 0x0000000086900000, 0x0000000086900000| Untracked 
| 106|0x0000000086a00000, 0x0000000086a00000, 0x0000000086b00000|  0%| F|  |TAMS 0x0000000086a00000, 0x0000000086a00000| Untracked 
| 107|0x0000000086b00000, 0x0000000086c00000, 0x0000000086c00000|100%| O|  |TAMS 0x0000000086b00000, 0x0000000086c00000| Untracked 
| 108|0x0000000086c00000, 0x0000000086d00000, 0x0000000086d00000|100%| O|  |TAMS 0x0000000086c00000, 0x0000000086d00000| Untracked 
| 109|0x0000000086d00000, 0x0000000086e00000, 0x0000000086e00000|100%| O|  |TAMS 0x0000000086d00000, 0x0000000086e00000| Untracked 
| 110|0x0000000086e00000, 0x0000000086f00000, 0x0000000086f00000|100%| O|  |TAMS 0x0000000086e00000, 0x0000000086f00000| Untracked 
| 111|0x0000000086f00000, 0x0000000086fca600, 0x0000000087000000| 79%| O|  |TAMS 0x0000000086f00000, 0x0000000086fca600| Untracked 
| 112|0x0000000087000000, 0x0000000087000000, 0x0000000087100000|  0%| F|  |TAMS 0x0000000087000000, 0x0000000087000000| Untracked 
| 113|0x0000000087100000, 0x0000000087100000, 0x0000000087200000|  0%| F|  |TAMS 0x0000000087100000, 0x0000000087100000| Untracked 
| 114|0x0000000087200000, 0x0000000087200000, 0x0000000087300000|  0%| F|  |TAMS 0x0000000087200000, 0x0000000087200000| Untracked 
| 115|0x0000000087300000, 0x0000000087300000, 0x0000000087400000|  0%| F|  |TAMS 0x0000000087300000, 0x0000000087300000| Untracked 
| 116|0x0000000087400000, 0x0000000087400000, 0x0000000087500000|  0%| F|  |TAMS 0x0000000087400000, 0x0000000087400000| Untracked 
| 117|0x0000000087500000, 0x0000000087500000, 0x0000000087600000|  0%| F|  |TAMS 0x0000000087500000, 0x0000000087500000| Untracked 
| 118|0x0000000087600000, 0x0000000087600000, 0x0000000087700000|  0%| F|  |TAMS 0x0000000087600000, 0x0000000087600000| Untracked 
| 119|0x0000000087700000, 0x0000000087700000, 0x0000000087800000|  0%| F|  |TAMS 0x0000000087700000, 0x0000000087700000| Untracked 
| 120|0x0000000087800000, 0x0000000087800000, 0x0000000087900000|  0%| F|  |TAMS 0x0000000087800000, 0x0000000087800000| Untracked 
| 121|0x0000000087900000, 0x0000000087900000, 0x0000000087a00000|  0%| F|  |TAMS 0x0000000087900000, 0x0000000087900000| Untracked 
| 122|0x0000000087a00000, 0x0000000087a00000, 0x0000000087b00000|  0%| F|  |TAMS 0x0000000087a00000, 0x0000000087a00000| Untracked 
| 123|0x0000000087b00000, 0x0000000087b00000, 0x0000000087c00000|  0%| F|  |TAMS 0x0000000087b00000, 0x0000000087b00000| Untracked 
| 124|0x0000000087c00000, 0x0000000087c00000, 0x0000000087d00000|  0%| F|  |TAMS 0x0000000087c00000, 0x0000000087c00000| Untracked 
| 125|0x0000000087d00000, 0x0000000087d00000, 0x0000000087e00000|  0%| F|  |TAMS 0x0000000087d00000, 0x0000000087d00000| Untracked 
| 126|0x0000000087e00000, 0x0000000087e00000, 0x0000000087f00000|  0%| F|  |TAMS 0x0000000087e00000, 0x0000000087e00000| Untracked 
| 127|0x0000000087f00000, 0x0000000087f00000, 0x0000000088000000|  0%| F|  |TAMS 0x0000000087f00000, 0x0000000087f00000| Untracked 
| 128|0x0000000088000000, 0x0000000088000000, 0x0000000088100000|  0%| F|  |TAMS 0x0000000088000000, 0x0000000088000000| Untracked 
| 129|0x0000000088100000, 0x0000000088100000, 0x0000000088200000|  0%| F|  |TAMS 0x0000000088100000, 0x0000000088100000| Untracked 
| 130|0x0000000088200000, 0x0000000088200000, 0x0000000088300000|  0%| F|  |TAMS 0x0000000088200000, 0x0000000088200000| Untracked 
| 131|0x0000000088300000, 0x0000000088300000, 0x0000000088400000|  0%| F|  |TAMS 0x0000000088300000, 0x0000000088300000| Untracked 
| 132|0x0000000088400000, 0x00000000884617e8, 0x0000000088500000| 38%| S|CS|TAMS 0x0000000088400000, 0x0000000088400000| Complete 
| 133|0x0000000088500000, 0x0000000088600000, 0x0000000088600000|100%| S|CS|TAMS 0x0000000088500000, 0x0000000088500000| Complete 
| 134|0x0000000088600000, 0x0000000088700000, 0x0000000088700000|100%| S|CS|TAMS 0x0000000088600000, 0x0000000088600000| Complete 
| 135|0x0000000088700000, 0x0000000088700000, 0x0000000088800000|  0%| F|  |TAMS 0x0000000088700000, 0x0000000088700000| Untracked 
| 136|0x0000000088800000, 0x0000000088800000, 0x0000000088900000|  0%| F|  |TAMS 0x0000000088800000, 0x0000000088800000| Untracked 
| 137|0x0000000088900000, 0x0000000088900000, 0x0000000088a00000|  0%| F|  |TAMS 0x0000000088900000, 0x0000000088900000| Untracked 
| 138|0x0000000088a00000, 0x0000000088a00000, 0x0000000088b00000|  0%| F|  |TAMS 0x0000000088a00000, 0x0000000088a00000| Untracked 
| 139|0x0000000088b00000, 0x0000000088b00000, 0x0000000088c00000|  0%| F|  |TAMS 0x0000000088b00000, 0x0000000088b00000| Untracked 
| 140|0x0000000088c00000, 0x0000000088c00000, 0x0000000088d00000|  0%| F|  |TAMS 0x0000000088c00000, 0x0000000088c00000| Untracked 
| 141|0x0000000088d00000, 0x0000000088d00000, 0x0000000088e00000|  0%| F|  |TAMS 0x0000000088d00000, 0x0000000088d00000| Untracked 
| 142|0x0000000088e00000, 0x0000000088e00000, 0x0000000088f00000|  0%| F|  |TAMS 0x0000000088e00000, 0x0000000088e00000| Untracked 
| 143|0x0000000088f00000, 0x0000000088f00000, 0x0000000089000000|  0%| F|  |TAMS 0x0000000088f00000, 0x0000000088f00000| Untracked 
| 144|0x0000000089000000, 0x0000000089000000, 0x0000000089100000|  0%| F|  |TAMS 0x0000000089000000, 0x0000000089000000| Untracked 
| 145|0x0000000089100000, 0x0000000089100000, 0x0000000089200000|  0%| F|  |TAMS 0x0000000089100000, 0x0000000089100000| Untracked 
| 146|0x0000000089200000, 0x0000000089200000, 0x0000000089300000|  0%| F|  |TAMS 0x0000000089200000, 0x0000000089200000| Untracked 
| 147|0x0000000089300000, 0x0000000089300000, 0x0000000089400000|  0%| F|  |TAMS 0x0000000089300000, 0x0000000089300000| Untracked 
| 148|0x0000000089400000, 0x0000000089400000, 0x0000000089500000|  0%| F|  |TAMS 0x0000000089400000, 0x0000000089400000| Untracked 
| 149|0x0000000089500000, 0x0000000089500000, 0x0000000089600000|  0%| F|  |TAMS 0x0000000089500000, 0x0000000089500000| Untracked 
| 150|0x0000000089600000, 0x0000000089600000, 0x0000000089700000|  0%| F|  |TAMS 0x0000000089600000, 0x0000000089600000| Untracked 
| 151|0x0000000089700000, 0x0000000089700000, 0x0000000089800000|  0%| F|  |TAMS 0x0000000089700000, 0x0000000089700000| Untracked 
| 152|0x0000000089800000, 0x0000000089800000, 0x0000000089900000|  0%| F|  |TAMS 0x0000000089800000, 0x0000000089800000| Untracked 
| 153|0x0000000089900000, 0x0000000089900000, 0x0000000089a00000|  0%| F|  |TAMS 0x0000000089900000, 0x0000000089900000| Untracked 
| 154|0x0000000089a00000, 0x0000000089a00000, 0x0000000089b00000|  0%| F|  |TAMS 0x0000000089a00000, 0x0000000089a00000| Untracked 
| 155|0x0000000089b00000, 0x0000000089b00000, 0x0000000089c00000|  0%| F|  |TAMS 0x0000000089b00000, 0x0000000089b00000| Untracked 
| 156|0x0000000089c00000, 0x0000000089c00000, 0x0000000089d00000|  0%| F|  |TAMS 0x0000000089c00000, 0x0000000089c00000| Untracked 
| 157|0x0000000089d00000, 0x0000000089d00000, 0x0000000089e00000|  0%| F|  |TAMS 0x0000000089d00000, 0x0000000089d00000| Untracked 
| 158|0x0000000089e00000, 0x0000000089e00000, 0x0000000089f00000|  0%| F|  |TAMS 0x0000000089e00000, 0x0000000089e00000| Untracked 
| 159|0x0000000089f00000, 0x0000000089f00000, 0x000000008a000000|  0%| F|  |TAMS 0x0000000089f00000, 0x0000000089f00000| Untracked 
| 160|0x000000008a000000, 0x000000008a000000, 0x000000008a100000|  0%| F|  |TAMS 0x000000008a000000, 0x000000008a000000| Untracked 
| 161|0x000000008a100000, 0x000000008a100000, 0x000000008a200000|  0%| F|  |TAMS 0x000000008a100000, 0x000000008a100000| Untracked 
| 162|0x000000008a200000, 0x000000008a200000, 0x000000008a300000|  0%| F|  |TAMS 0x000000008a200000, 0x000000008a200000| Untracked 
| 163|0x000000008a300000, 0x000000008a300000, 0x000000008a400000|  0%| F|  |TAMS 0x000000008a300000, 0x000000008a300000| Untracked 
| 164|0x000000008a400000, 0x000000008a400000, 0x000000008a500000|  0%| F|  |TAMS 0x000000008a400000, 0x000000008a400000| Untracked 
| 165|0x000000008a500000, 0x000000008a500000, 0x000000008a600000|  0%| F|  |TAMS 0x000000008a500000, 0x000000008a500000| Untracked 
| 166|0x000000008a600000, 0x000000008a600000, 0x000000008a700000|  0%| F|  |TAMS 0x000000008a600000, 0x000000008a600000| Untracked 
| 167|0x000000008a700000, 0x000000008a700000, 0x000000008a800000|  0%| F|  |TAMS 0x000000008a700000, 0x000000008a700000| Untracked 
| 168|0x000000008a800000, 0x000000008a800000, 0x000000008a900000|  0%| F|  |TAMS 0x000000008a800000, 0x000000008a800000| Untracked 
| 169|0x000000008a900000, 0x000000008a900000, 0x000000008aa00000|  0%| F|  |TAMS 0x000000008a900000, 0x000000008a900000| Untracked 

Card table byte_map: [0x00000215fd9a0000,0x00000215fdda0000] _byte_map_base: 0x00000215fd5a0000

Marking Bits (Prev, Next): (CMBitMap*) 0x00000215fd1ba4d0, (CMBitMap*) 0x00000215fd1ba510
 Prev Bits: [0x00000215966a0000, 0x00000215986a0000)
 Next Bits: [0x00000215986a0000, 0x000002159a6a0000)

Polling page: 0x00000215fb0e0000

Metaspace:

Usage:
  Non-class:     67.90 MB used.
      Class:     10.48 MB used.
       Both:     78.38 MB used.

Virtual space:
  Non-class space:       72.00 MB reserved,      68.19 MB ( 95%) committed,  9 nodes.
      Class space:        1.00 GB reserved,      10.75 MB (  1%) committed,  1 nodes.
              Both:        1.07 GB reserved,      78.94 MB (  7%) committed. 

Chunk freelists:
   Non-Class:  3.70 MB
       Class:  1.14 MB
        Both:  4.84 MB

MaxMetaspaceSize: 17179869184.00 GB
CompressedClassSpaceSize: 1.00 GB
 - commit_granule_bytes: 65536.
 - commit_granule_words: 8192.
 - virtual_space_node_default_size: 1048576.
 - enlarge_chunks_in_place: 1.
 - new_chunks_are_fully_committed: 0.
 - uncommit_free_chunks: 1.
 - use_allocation_guard: 0.
 - handle_deallocations: 1.


Internal statistics:

num_allocs_failed_limit: 6.
num_arena_births: 750.
num_arena_deaths: 14.
num_vsnodes_births: 10.
num_vsnodes_deaths: 0.
num_space_committed: 1263.
num_space_uncommitted: 0.
num_chunks_returned_to_freelist: 25.
num_chunks_taken_from_freelist: 3951.
num_chunk_merges: 14.
num_chunk_splits: 2643.
num_chunks_enlarged: 1784.
num_purges: 2.

CodeHeap 'non-profiled nmethods': size=120000Kb used=5742Kb max_used=5811Kb free=114257Kb
 bounds [0x000002158f170000, 0x000002158f720000, 0x00000215966a0000]
CodeHeap 'profiled nmethods': size=120000Kb used=17380Kb max_used=17519Kb free=102619Kb
 bounds [0x0000021587c40000, 0x0000021588d60000, 0x000002158f170000]
CodeHeap 'non-nmethods': size=5760Kb used=2415Kb max_used=2484Kb free=3344Kb
 bounds [0x00000215876a0000, 0x0000021587920000, 0x0000021587c40000]
 total_blobs=10003 nmethods=9073 adapters=842
 compilation: enabled
              stopped_count=0, restarted_count=0
 full_count=0

Compilation events (20 events):
Event: 11.656 Thread 0x000002159faafc90 10613       4       org.gradle.internal.snapshot.VfsRelativePath::computeCombinedCompare (20 bytes)
Event: 11.656 Thread 0x000002159faafc90 nmethod 10613 0x000002158f716a90 code [0x000002158f716c00, 0x000002158f716c78]
Event: 11.656 Thread 0x000002159faafc90 10621       4       java.math.BigInteger::getInt (63 bytes)
Event: 11.659 Thread 0x000002159faafc90 nmethod 10621 0x000002158f716d90 code [0x000002158f716f20, 0x000002158f7170e8]
Event: 11.664 Thread 0x00000215feb9c6b0 10623       3       com.google.gson.internal.bind.TypeAdapters$33::create (30 bytes)
Event: 11.664 Thread 0x00000215feb9c6b0 nmethod 10623 0x0000021588cb1290 code [0x0000021588cb1440, 0x0000021588cb1638]
Event: 11.673 Thread 0x00000215feb9a0b0 nmethod 10596 0x000002158f717290 code [0x000002158f717580, 0x000002158f719200]
Event: 11.675 Thread 0x00000215feb9c6b0 10624       3       kotlin.reflect.jvm.internal.pcollections.HashPMap::getEntries (22 bytes)
Event: 11.675 Thread 0x00000215feb9c6b0 nmethod 10624 0x0000021588cb0c10 code [0x0000021588cb0de0, 0x0000021588cb1168]
Event: 11.675 Thread 0x00000215feb9c6b0 10625       3       kotlin.reflect.jvm.internal.pcollections.IntTreePMap::get (10 bytes)
Event: 11.675 Thread 0x00000215feb9c6b0 nmethod 10625 0x0000021588cb0810 code [0x0000021588cb09c0, 0x0000021588cb0b08]
Event: 11.682 Thread 0x00000215ff92a470 nmethod 10617 0x000002158f71a610 code [0x000002158f71a880, 0x000002158f71c078]
Event: 11.687 Thread 0x00000215feb9c6b0 10626       3       kotlin.reflect.jvm.internal.impl.name.FqNameUnsafe::isRoot (8 bytes)
Event: 11.687 Thread 0x00000215feb9c6b0 nmethod 10626 0x0000021587f16e10 code [0x0000021587f16fc0, 0x0000021587f17198]
Event: 11.688 Thread 0x00000215feb9c6b0 10627       3       kotlin.reflect.jvm.internal.impl.name.FqName::asString (16 bytes)
Event: 11.688 Thread 0x00000215feb9c6b0 nmethod 10627 0x00000215882aa910 code [0x00000215882aaae0, 0x00000215882aad38]
Event: 11.688 Thread 0x00000215feb9c6b0 10629       3       kotlin.reflect.jvm.internal.impl.name.FqName::toUnsafe (13 bytes)
Event: 11.688 Thread 0x00000215feb9c6b0 nmethod 10629 0x0000021587f0ae10 code [0x0000021587f0afc0, 0x0000021587f0b148]
Event: 11.688 Thread 0x00000215feb9c6b0 10628       3       kotlin.reflect.jvm.internal.impl.name.FqNameUnsafe::asString (13 bytes)
Event: 11.688 Thread 0x00000215feb9c6b0 nmethod 10628 0x000002158801a610 code [0x000002158801a7c0, 0x000002158801a948]

GC Heap History (20 events):
Event: 7.927 GC heap after
{Heap after GC invocations=27 (full 0):
 garbage-first heap   total 102400K, used 57333K [0x0000000080000000, 0x0000000100000000)
  region size 1024K, 2 young (2048K), 2 survivors (2048K)
 Metaspace       used 58716K, committed 59264K, reserved 1105920K
  class space    used 7764K, committed 8000K, reserved 1048576K
}
Event: 8.231 GC heap before
{Heap before GC invocations=27 (full 0):
 garbage-first heap   total 102400K, used 81909K [0x0000000080000000, 0x0000000100000000)
  region size 1024K, 26 young (26624K), 2 survivors (2048K)
 Metaspace       used 61879K, committed 62400K, reserved 1105920K
  class space    used 8324K, committed 8576K, reserved 1048576K
}
Event: 8.234 GC heap after
{Heap after GC invocations=28 (full 0):
 garbage-first heap   total 122880K, used 58947K [0x0000000080000000, 0x0000000100000000)
  region size 1024K, 3 young (3072K), 3 survivors (3072K)
 Metaspace       used 61879K, committed 62400K, reserved 1105920K
  class space    used 8324K, committed 8576K, reserved 1048576K
}
Event: 8.745 GC heap before
{Heap before GC invocations=29 (full 0):
 garbage-first heap   total 122880K, used 98883K [0x0000000080000000, 0x0000000100000000)
  region size 1024K, 42 young (43008K), 3 survivors (3072K)
 Metaspace       used 65168K, committed 65664K, reserved 1105920K
  class space    used 8783K, committed 9024K, reserved 1048576K
}
Event: 8.750 GC heap after
{Heap after GC invocations=30 (full 0):
 garbage-first heap   total 122880K, used 61771K [0x0000000080000000, 0x0000000100000000)
  region size 1024K, 6 young (6144K), 6 survivors (6144K)
 Metaspace       used 65168K, committed 65664K, reserved 1105920K
  class space    used 8783K, committed 9024K, reserved 1048576K
}
Event: 9.291 GC heap before
{Heap before GC invocations=30 (full 0):
 garbage-first heap   total 122880K, used 98635K [0x0000000080000000, 0x0000000100000000)
  region size 1024K, 42 young (43008K), 6 survivors (6144K)
 Metaspace       used 69964K, committed 70528K, reserved 1114112K
  class space    used 9431K, committed 9728K, reserved 1048576K
}
Event: 9.297 GC heap after
{Heap after GC invocations=31 (full 0):
 garbage-first heap   total 122880K, used 64678K [0x0000000080000000, 0x0000000100000000)
  region size 1024K, 6 young (6144K), 6 survivors (6144K)
 Metaspace       used 69964K, committed 70528K, reserved 1114112K
  class space    used 9431K, committed 9728K, reserved 1048576K
}
Event: 9.824 GC heap before
{Heap before GC invocations=32 (full 0):
 garbage-first heap   total 122880K, used 99494K [0x0000000080000000, 0x0000000100000000)
  region size 1024K, 41 young (41984K), 6 survivors (6144K)
 Metaspace       used 73372K, committed 73920K, reserved 1114112K
  class space    used 9950K, committed 10240K, reserved 1048576K
}
Event: 9.832 GC heap after
{Heap after GC invocations=33 (full 0):
 garbage-first heap   total 122880K, used 68835K [0x0000000080000000, 0x0000000100000000)
  region size 1024K, 6 young (6144K), 6 survivors (6144K)
 Metaspace       used 73372K, committed 73920K, reserved 1114112K
  class space    used 9950K, committed 10240K, reserved 1048576K
}
Event: 10.123 GC heap before
{Heap before GC invocations=33 (full 0):
 garbage-first heap   total 122880K, used 99555K [0x0000000080000000, 0x0000000100000000)
  region size 1024K, 37 young (37888K), 6 survivors (6144K)
 Metaspace       used 73648K, committed 74176K, reserved 1114112K
  class space    used 9956K, committed 10240K, reserved 1048576K
}
Event: 10.129 GC heap after
{Heap after GC invocations=34 (full 0):
 garbage-first heap   total 122880K, used 71262K [0x0000000080000000, 0x0000000100000000)
  region size 1024K, 3 young (3072K), 3 survivors (3072K)
 Metaspace       used 73648K, committed 74176K, reserved 1114112K
  class space    used 9956K, committed 10240K, reserved 1048576K
}
Event: 10.280 GC heap before
{Heap before GC invocations=35 (full 0):
 garbage-first heap   total 130048K, used 82526K [0x0000000080000000, 0x0000000100000000)
  region size 1024K, 16 young (16384K), 3 survivors (3072K)
 Metaspace       used 74144K, committed 74688K, reserved 1114112K
  class space    used 10033K, committed 10304K, reserved 1048576K
}
Event: 10.282 GC heap after
{Heap after GC invocations=36 (full 0):
 garbage-first heap   total 130048K, used 71702K [0x0000000080000000, 0x0000000100000000)
  region size 1024K, 3 young (3072K), 3 survivors (3072K)
 Metaspace       used 74144K, committed 74688K, reserved 1114112K
  class space    used 10033K, committed 10304K, reserved 1048576K
}
Event: 10.714 GC heap before
{Heap before GC invocations=37 (full 0):
 garbage-first heap   total 130048K, used 107542K [0x0000000080000000, 0x0000000100000000)
  region size 1024K, 37 young (37888K), 3 survivors (3072K)
 Metaspace       used 75317K, committed 75904K, reserved 1122304K
  class space    used 10160K, committed 10432K, reserved 1048576K
}
Event: 10.722 GC heap after
{Heap after GC invocations=38 (full 0):
 garbage-first heap   total 130048K, used 85351K [0x0000000080000000, 0x0000000100000000)
  region size 1024K, 5 young (5120K), 5 survivors (5120K)
 Metaspace       used 75317K, committed 75904K, reserved 1122304K
  class space    used 10160K, committed 10432K, reserved 1048576K
}
Event: 10.878 GC heap before
{Heap before GC invocations=38 (full 0):
 garbage-first heap   total 130048K, used 105831K [0x0000000080000000, 0x0000000100000000)
  region size 1024K, 25 young (25600K), 5 survivors (5120K)
 Metaspace       used 75412K, committed 75968K, reserved 1122304K
  class space    used 10164K, committed 10432K, reserved 1048576K
}
Event: 10.887 GC heap after
{Heap after GC invocations=39 (full 0):
 garbage-first heap   total 130048K, used 93640K [0x0000000080000000, 0x0000000100000000)
  region size 1024K, 4 young (4096K), 4 survivors (4096K)
 Metaspace       used 75412K, committed 75968K, reserved 1122304K
  class space    used 10164K, committed 10432K, reserved 1048576K
}
Event: 11.175 GC heap before
{Heap before GC invocations=40 (full 0):
 garbage-first heap   total 174080K, used 120264K [0x0000000080000000, 0x0000000100000000)
  region size 1024K, 16 young (16384K), 4 survivors (4096K)
 Metaspace       used 76824K, committed 77376K, reserved 1122304K
  class space    used 10340K, committed 10560K, reserved 1048576K
}
Event: 11.181 GC heap after
{Heap after GC invocations=41 (full 0):
 garbage-first heap   total 174080K, used 95702K [0x0000000080000000, 0x0000000100000000)
  region size 1024K, 2 young (2048K), 2 survivors (2048K)
 Metaspace       used 76824K, committed 77376K, reserved 1122304K
  class space    used 10340K, committed 10560K, reserved 1048576K
}
Event: 11.712 GC heap before
{Heap before GC invocations=41 (full 0):
 garbage-first heap   total 174080K, used 128470K [0x0000000080000000, 0x0000000100000000)
  region size 1024K, 35 young (35840K), 2 survivors (2048K)
 Metaspace       used 80258K, committed 80832K, reserved 1122304K
  class space    used 10730K, committed 11008K, reserved 1048576K
}

Deoptimization events (20 events):
Event: 11.646 Thread 0x000002159e8056f0 Uncommon trap: trap_request=0xffffffbe fr.pc=0x000002158f7141e0 relative=0x00000000000005a0
Event: 11.646 Thread 0x000002159e8056f0 Uncommon trap: reason=profile_predicate action=maybe_recompile pc=0x000002158f7141e0 method=com.esotericsoftware.kryo.io.Output.writeString(Ljava/lang/CharSequence;)V @ 67 c2
Event: 11.646 Thread 0x000002159e8056f0 DEOPT PACKING pc=0x000002158f7141e0 sp=0x00000092902fe2f0
Event: 11.646 Thread 0x000002159e8056f0 DEOPT UNPACKING pc=0x00000215876ef92e sp=0x00000092902fe218 mode 2
Event: 11.648 Thread 0x000002159eff42c0 Uncommon trap: trap_request=0xffffffbe fr.pc=0x000002158f7141e0 relative=0x00000000000005a0
Event: 11.648 Thread 0x000002159eff42c0 Uncommon trap: reason=profile_predicate action=maybe_recompile pc=0x000002158f7141e0 method=com.esotericsoftware.kryo.io.Output.writeString(Ljava/lang/CharSequence;)V @ 67 c2
Event: 11.648 Thread 0x000002159eff42c0 DEOPT PACKING pc=0x000002158f7141e0 sp=0x00000092894fe590
Event: 11.648 Thread 0x000002159eff42c0 DEOPT UNPACKING pc=0x00000215876ef92e sp=0x00000092894fe4a8 mode 2
Event: 11.648 Thread 0x000002159eff42c0 Uncommon trap: trap_request=0xffffffbe fr.pc=0x000002158f7141e0 relative=0x00000000000005a0
Event: 11.648 Thread 0x000002159eff42c0 Uncommon trap: reason=profile_predicate action=maybe_recompile pc=0x000002158f7141e0 method=com.esotericsoftware.kryo.io.Output.writeString(Ljava/lang/CharSequence;)V @ 67 c2
Event: 11.648 Thread 0x000002159eff42c0 DEOPT PACKING pc=0x000002158f7141e0 sp=0x00000092894fe590
Event: 11.648 Thread 0x000002159eff42c0 DEOPT UNPACKING pc=0x00000215876ef92e sp=0x00000092894fe4a8 mode 2
Event: 11.653 Thread 0x000002159d0b07a0 Uncommon trap: trap_request=0xffffffbe fr.pc=0x000002158f7136d8 relative=0x0000000000000578
Event: 11.653 Thread 0x000002159d0b07a0 Uncommon trap: reason=profile_predicate action=maybe_recompile pc=0x000002158f7136d8 method=com.esotericsoftware.kryo.io.Output.writeString(Ljava/lang/CharSequence;)V @ 67 c2
Event: 11.653 Thread 0x000002159d0b07a0 DEOPT PACKING pc=0x000002158f7136d8 sp=0x0000009288bfec70
Event: 11.653 Thread 0x000002159d0b07a0 DEOPT UNPACKING pc=0x00000215876ef92e sp=0x0000009288bfec00 mode 2
Event: 11.664 Thread 0x000002159e80abf0 Uncommon trap: trap_request=0xffffff45 fr.pc=0x000002158f2b3eb4 relative=0x00000000000000f4
Event: 11.664 Thread 0x000002159e80abf0 Uncommon trap: reason=unstable_if action=reinterpret pc=0x000002158f2b3eb4 method=com.google.gson.stream.JsonReader.peek()Lcom/google/gson/stream/JsonToken; @ 15 c2
Event: 11.664 Thread 0x000002159e80abf0 DEOPT PACKING pc=0x000002158f2b3eb4 sp=0x000000928fffa5a0
Event: 11.664 Thread 0x000002159e80abf0 DEOPT UNPACKING pc=0x00000215876ef92e sp=0x000000928fffa528 mode 2

Classes unloaded (7 events):
Event: 10.342 Thread 0x00000215feb79a20 Unloading class 0x0000000801615c00 'java/lang/invoke/LambdaForm$DMH+0x0000000801615c00'
Event: 10.342 Thread 0x00000215feb79a20 Unloading class 0x0000000801615800 'java/lang/invoke/LambdaForm$DMH+0x0000000801615800'
Event: 10.342 Thread 0x00000215feb79a20 Unloading class 0x0000000801614c00 'java/lang/invoke/LambdaForm$DMH+0x0000000801614c00'
Event: 10.342 Thread 0x00000215feb79a20 Unloading class 0x0000000801615400 'java/lang/invoke/LambdaForm$DMH+0x0000000801615400'
Event: 10.342 Thread 0x00000215feb79a20 Unloading class 0x0000000801615000 'java/lang/invoke/LambdaForm$DMH+0x0000000801615000'
Event: 10.342 Thread 0x00000215feb79a20 Unloading class 0x0000000801614400 'java/lang/invoke/LambdaForm$DMH+0x0000000801614400'
Event: 10.342 Thread 0x00000215feb79a20 Unloading class 0x0000000801614000 'java/lang/invoke/LambdaForm$DMH+0x0000000801614000'

Classes redefined (0 events):
No events

Internal exceptions (20 events):
Event: 9.571 Thread 0x000002159e808c10 Exception <a 'java/lang/IncompatibleClassChangeError'{0x00000000867e93f0}: Found class java.lang.Object, but interface was expected> (0x00000000867e93f0) 
thrown [t:\workspace\open\src\hotspot\share\interpreter\linkResolver.cpp, line 857]
Event: 9.595 Thread 0x000002159e808c10 Exception <a 'java/lang/NoSuchMethodError'{0x00000000865acd48}: 'int java.lang.invoke.DirectMethodHandle$Holder.invokeStaticInit(java.lang.Object, java.lang.Object, java.lang.Object, java.lang.Object, java.lang.Object)'> (0x00000000865acd48) 
thrown [t:\workspace\open\src\hotspot\share\interpreter\linkResolver.cpp, line 790]
Event: 9.732 Thread 0x000002159e808c10 Exception <a 'java/lang/NoSuchMethodError'{0x00000000860bbf50}: 'void java.lang.invoke.DirectMethodHandle$Holder.invokeStatic(java.lang.Object, java.lang.Object, java.lang.Object, java.lang.Object, int, java.lang.Object, java.lang.Object)'> (0x00000000860bbf50) 
thrown [t:\workspace\open\src\hotspot\share\interpreter\linkResolver.cpp, line 790]
Event: 9.759 Thread 0x000002159f2923d0 Exception <a 'java/lang/NoSuchMethodError'{0x0000000085beb778}: 'java.lang.Object java.lang.invoke.DirectMethodHandle$Holder.invokeSpecialIFC(java.lang.Object, java.lang.Object, java.lang.Object)'> (0x0000000085beb778) 
thrown [t:\workspace\open\src\hotspot\share\interpreter\linkResolver.cpp, line 790]
Event: 9.759 Thread 0x00000215a1adc5b0 Exception <a 'java/lang/NoSuchMethodError'{0x0000000085bb8aa0}: 'java.lang.Object java.lang.invoke.DirectMethodHandle$Holder.invokeSpecialIFC(java.lang.Object, java.lang.Object, java.lang.Object)'> (0x0000000085bb8aa0) 
thrown [t:\workspace\open\src\hotspot\share\interpreter\linkResolver.cpp, line 790]
Event: 9.759 Thread 0x000002159f28f400 Exception <a 'java/lang/NoSuchMethodError'{0x0000000085bd1678}: 'java.lang.Object java.lang.invoke.DirectMethodHandle$Holder.invokeSpecialIFC(java.lang.Object, java.lang.Object, java.lang.Object)'> (0x0000000085bd1678) 
thrown [t:\workspace\open\src\hotspot\share\interpreter\linkResolver.cpp, line 790]
Event: 9.759 Thread 0x000002159f2933c0 Exception <a 'java/lang/NoSuchMethodError'{0x0000000085a027e0}: 'java.lang.Object java.lang.invoke.DirectMethodHandle$Holder.invokeSpecialIFC(java.lang.Object, java.lang.Object, java.lang.Object)'> (0x0000000085a027e0) 
thrown [t:\workspace\open\src\hotspot\share\interpreter\linkResolver.cpp, line 790]
Event: 9.759 Thread 0x000002159f292920 Exception <a 'java/lang/NoSuchMethodError'{0x0000000085bdf1e8}: 'java.lang.Object java.lang.invoke.DirectMethodHandle$Holder.invokeSpecialIFC(java.lang.Object, java.lang.Object, java.lang.Object)'> (0x0000000085bdf1e8) 
thrown [t:\workspace\open\src\hotspot\share\interpreter\linkResolver.cpp, line 790]
Event: 9.759 Thread 0x000002159f2968e0 Exception <a 'java/lang/NoSuchMethodError'{0x0000000085bf9418}: 'java.lang.Object java.lang.invoke.DirectMethodHandle$Holder.invokeSpecialIFC(java.lang.Object, java.lang.Object, java.lang.Object)'> (0x0000000085bf9418) 
thrown [t:\workspace\open\src\hotspot\share\interpreter\linkResolver.cpp, line 790]
Event: 9.759 Thread 0x000002159eff2830 Exception <a 'java/lang/NoSuchMethodError'{0x0000000085bad4f0}: 'java.lang.Object java.lang.invoke.DirectMethodHandle$Holder.invokeSpecialIFC(java.lang.Object, java.lang.Object, java.lang.Object)'> (0x0000000085bad4f0) 
thrown [t:\workspace\open\src\hotspot\share\interpreter\linkResolver.cpp, line 790]
Event: 9.759 Thread 0x000002159f293e60 Exception <a 'java/lang/NoSuchMethodError'{0x0000000085bc6110}: 'java.lang.Object java.lang.invoke.DirectMethodHandle$Holder.invokeSpecialIFC(java.lang.Object, java.lang.Object, java.lang.Object)'> (0x0000000085bc6110) 
thrown [t:\workspace\open\src\hotspot\share\interpreter\linkResolver.cpp, line 790]
Event: 10.208 Thread 0x00000215a1adf030 Implicit null exception at 0x000002158f67e35b to 0x000002158f67e3f0
Event: 10.260 Thread 0x000002159e808c10 Exception <a 'java/lang/NoSuchMethodError'{0x00000000878d9850}: 'void java.lang.invoke.DirectMethodHandle$Holder.invokeVirtual(java.lang.Object, java.lang.Object)'> (0x00000000878d9850) 
thrown [t:\workspace\open\src\hotspot\share\interpreter\linkResolver.cpp, line 790]
Event: 10.418 Thread 0x000002159e808c10 Implicit null exception at 0x000002158f1c9c64 to 0x000002158f1c9e30
Event: 11.054 Thread 0x000002159e808c10 Exception <a 'java/lang/NoSuchMethodError'{0x000000008a83aee8}: static Lcom/android/ide/common/resources/CompileResourceRequest;.<clinit>()V> (0x000000008a83aee8) 
thrown [t:\workspace\open\src\hotspot\share\prims\jni.cpp, line 1210]
Event: 11.058 Thread 0x000002159e808c10 Exception <a 'java/lang/NoSuchMethodError'{0x000000008a89b6b8}: static [Ljava/lang/Object;.<clinit>()V> (0x000000008a89b6b8) 
thrown [t:\workspace\open\src\hotspot\share\prims\jni.cpp, line 1210]
Event: 11.059 Thread 0x000002159e808c10 Exception <a 'java/lang/NoSuchMethodError'{0x000000008a8ba698}: static Lkotlin/InitializedLazyImpl;.<clinit>()V> (0x000000008a8ba698) 
thrown [t:\workspace\open\src\hotspot\share\prims\jni.cpp, line 1210]
Event: 11.112 Thread 0x000002159e8086c0 Exception <a 'sun/nio/fs/WindowsException'{0x000000008a4721d8}> (0x000000008a4721d8) 
thrown [t:\workspace\open\src\hotspot\share\prims\jni.cpp, line 579]
Event: 11.438 Thread 0x000002159e80abf0 Implicit null exception at 0x000002158f6e01bf to 0x000002158f6e0314
Event: 11.573 Thread 0x000002159e80abf0 Implicit null exception at 0x000002158f295d72 to 0x000002158f2964b4

Events (20 events):
Event: 11.598 loading class java/util/TreeMap$NavigableSubMap$EntrySetView done
Event: 11.598 loading class java/util/TreeMap$DescendingSubMap$DescendingEntrySetView done
Event: 11.598 loading class java/util/TreeMap$NavigableSubMap$DescendingSubMapEntryIterator
Event: 11.599 loading class java/util/TreeMap$NavigableSubMap$DescendingSubMapEntryIterator done
Event: 11.628 Executing  VM operation: ICBufferFull
Event: 11.628 Executing  VM operation: ICBufferFull done
Event: 11.664 loading class jdk/internal/reflect/UnsafeQualifiedIntegerFieldAccessorImpl
Event: 11.665 loading class jdk/internal/reflect/UnsafeQualifiedIntegerFieldAccessorImpl done
Event: 11.682 Executing  VM operation: HandshakeAllThreads
Event: 11.683 Executing  VM operation: HandshakeAllThreads done
Event: 11.685 Thread 0x00000215feb9d890 flushing nmethod 0x000002158f65ff90
Event: 11.685 Thread 0x00000215feb9d890 flushing nmethod 0x000002158f669d10
Event: 11.686 Thread 0x00000215feb9d890 flushing nmethod 0x0000021587f0ae10
Event: 11.686 Thread 0x00000215feb9d890 flushing nmethod 0x0000021587f16e10
Event: 11.686 Thread 0x00000215feb9d890 flushing nmethod 0x000002158801a010
Event: 11.688 Thread 0x00000215feb9d890 flushing nmethod 0x00000215882aa910
Event: 11.692 Thread 0x00000215feb9d890 flushing nmethod 0x0000021588c95f90
Event: 11.692 Thread 0x00000215feb9d890 flushing nmethod 0x0000021588cf9810
Event: 11.692 Thread 0x00000215feb9d890 flushing nmethod 0x0000021588d0cb10
Event: 11.712 Executing  VM operation: G1CollectForAllocation


Dynamic libraries:
0x00007ff6d8560000 - 0x00007ff6d8570000 	C:\Program Files\Java\jdk-16.0.2\bin\java.exe
0x00007ffdd9db0000 - 0x00007ffdd9fa8000 	C:\WINDOWS\SYSTEM32\ntdll.dll
0x00007ffdd9010000 - 0x00007ffdd90cd000 	C:\WINDOWS\System32\KERNEL32.DLL
0x00007ffdd7690000 - 0x00007ffdd795e000 	C:\WINDOWS\System32\KERNELBASE.dll
0x00007ffdd7590000 - 0x00007ffdd7690000 	C:\WINDOWS\System32\ucrtbase.dll
0x00007ffdd4630000 - 0x00007ffdd4648000 	C:\Program Files\Java\jdk-16.0.2\bin\jli.dll
0x00007ffdcfa00000 - 0x00007ffdcfa19000 	C:\Program Files\Java\jdk-16.0.2\bin\VCRUNTIME140.dll
0x00007ffdd7e10000 - 0x00007ffdd7ebe000 	C:\WINDOWS\System32\ADVAPI32.dll
0x00007ffdd9160000 - 0x00007ffdd91fe000 	C:\WINDOWS\System32\msvcrt.dll
0x00007ffdd8250000 - 0x00007ffdd82ec000 	C:\WINDOWS\System32\sechost.dll
0x00007ffdd8490000 - 0x00007ffdd85b5000 	C:\WINDOWS\System32\RPCRT4.dll
0x00007ffdd82f0000 - 0x00007ffdd8490000 	C:\WINDOWS\System32\USER32.dll
0x00007ffdd7960000 - 0x00007ffdd7982000 	C:\WINDOWS\System32\win32u.dll
0x00007ffdbf480000 - 0x00007ffdbf71a000 	C:\WINDOWS\WinSxS\amd64_microsoft.windows.common-controls_6595b64144ccf1df_6.0.19041.1110_none_60b5254171f9507e\COMCTL32.dll
0x00007ffdd8220000 - 0x00007ffdd824a000 	C:\WINDOWS\System32\GDI32.dll
0x00007ffdd7a40000 - 0x00007ffdd7b4b000 	C:\WINDOWS\System32\gdi32full.dll
0x00007ffdd7d70000 - 0x00007ffdd7e0d000 	C:\WINDOWS\System32\msvcp_win.dll
0x00007ffdd1760000 - 0x00007ffdd176a000 	C:\WINDOWS\SYSTEM32\VERSION.dll
0x00007ffdd9b90000 - 0x00007ffdd9bc0000 	C:\WINDOWS\System32\IMM32.DLL
0x00007ffdcfab0000 - 0x00007ffdcfabc000 	C:\Program Files\Java\jdk-16.0.2\bin\vcruntime140_1.dll
0x00007ffdb3150000 - 0x00007ffdb31e1000 	C:\Program Files\Java\jdk-16.0.2\bin\msvcp140.dll
0x00007ffdadd50000 - 0x00007ffdae8fb000 	C:\Program Files\Java\jdk-16.0.2\bin\server\jvm.dll
0x00007ffdd8fa0000 - 0x00007ffdd8fa8000 	C:\WINDOWS\System32\PSAPI.DLL
0x00007ffdb66a0000 - 0x00007ffdb66a9000 	C:\WINDOWS\SYSTEM32\WSOCK32.dll
0x00007ffdd5b00000 - 0x00007ffdd5b27000 	C:\WINDOWS\SYSTEM32\WINMM.dll
0x00007ffdd9a00000 - 0x00007ffdd9a6b000 	C:\WINDOWS\System32\WS2_32.dll
0x00007ffdd5d90000 - 0x00007ffdd5da2000 	C:\WINDOWS\SYSTEM32\kernel.appcore.dll
0x00007ffdbe050000 - 0x00007ffdbe05a000 	C:\Program Files\Java\jdk-16.0.2\bin\jimage.dll
0x00007ffdd5910000 - 0x00007ffdd5af4000 	C:\WINDOWS\SYSTEM32\DBGHELP.DLL
0x00007ffdd58e0000 - 0x00007ffdd590c000 	C:\WINDOWS\SYSTEM32\dbgcore.DLL
0x00007ffdd7b50000 - 0x00007ffdd7bd2000 	C:\WINDOWS\System32\bcryptPrimitives.dll
0x00007ffdbe020000 - 0x00007ffdbe045000 	C:\Program Files\Java\jdk-16.0.2\bin\java.dll
0x00007ffdd8660000 - 0x00007ffdd8da4000 	C:\WINDOWS\System32\SHELL32.dll
0x00007ffdd5130000 - 0x00007ffdd58c4000 	C:\WINDOWS\SYSTEM32\windows.storage.dll
0x00007ffdd7ec0000 - 0x00007ffdd8214000 	C:\WINDOWS\System32\combase.dll
0x00007ffdd6f30000 - 0x00007ffdd6f60000 	C:\WINDOWS\SYSTEM32\Wldp.dll
0x00007ffdd94e0000 - 0x00007ffdd958d000 	C:\WINDOWS\System32\SHCORE.dll
0x00007ffdd8fb0000 - 0x00007ffdd9005000 	C:\WINDOWS\System32\shlwapi.dll
0x00007ffdd7410000 - 0x00007ffdd742f000 	C:\WINDOWS\SYSTEM32\profapi.dll
0x00007ffdbe000000 - 0x00007ffdbe019000 	C:\Program Files\Java\jdk-16.0.2\bin\net.dll
0x00007ffdc2400000 - 0x00007ffdc250a000 	C:\WINDOWS\SYSTEM32\WINHTTP.dll
0x00007ffdd6c90000 - 0x00007ffdd6cfa000 	C:\WINDOWS\system32\mswsock.dll
0x00007ffdbdfe0000 - 0x00007ffdbdff3000 	C:\Program Files\Java\jdk-16.0.2\bin\nio.dll
0x00007ffdbdf60000 - 0x00007ffdbdf78000 	C:\Program Files\Java\jdk-16.0.2\bin\zip.dll
0x00007ffdbdf50000 - 0x00007ffdbdf60000 	C:\Program Files\Java\jdk-16.0.2\bin\verify.dll
0x00007ffdbe060000 - 0x00007ffdbe087000 	C:\Users\ITECH\.gradle\native\e1d6ef7f7dcc3fd88c89a11ec53ec762bb8ba0a96d01ffa2cd45eb1d1d8dd5c5\windows-amd64\native-platform.dll
0x00007ffdaeb60000 - 0x00007ffdaeca4000 	C:\Users\ITECH\.gradle\native\5664cfc778a61ccfe75a443a1ab52a65af34e5dc3c78e0209fed803814484fcb\windows-amd64\native-platform-file-events.dll
0x00007ffdbdf40000 - 0x00007ffdbdf49000 	C:\Program Files\Java\jdk-16.0.2\bin\management.dll
0x00007ffdbdf30000 - 0x00007ffdbdf3b000 	C:\Program Files\Java\jdk-16.0.2\bin\management_ext.dll
0x00007ffdd6e80000 - 0x00007ffdd6e98000 	C:\WINDOWS\SYSTEM32\CRYPTSP.dll
0x00007ffdd65a0000 - 0x00007ffdd65d4000 	C:\WINDOWS\system32\rsaenh.dll
0x00007ffdd7be0000 - 0x00007ffdd7c07000 	C:\WINDOWS\System32\bcrypt.dll
0x00007ffdd73d0000 - 0x00007ffdd73fe000 	C:\WINDOWS\SYSTEM32\USERENV.dll
0x00007ffdd6ea0000 - 0x00007ffdd6eac000 	C:\WINDOWS\SYSTEM32\CRYPTBASE.dll
0x00007ffdd6930000 - 0x00007ffdd696b000 	C:\WINDOWS\SYSTEM32\IPHLPAPI.DLL
0x00007ffdd93a0000 - 0x00007ffdd93a8000 	C:\WINDOWS\System32\NSI.dll
0x00007ffdca9d0000 - 0x00007ffdca9e7000 	C:\WINDOWS\SYSTEM32\dhcpcsvc6.DLL
0x00007ffdcc1e0000 - 0x00007ffdcc1fd000 	C:\WINDOWS\SYSTEM32\dhcpcsvc.DLL
0x00007ffdd6970000 - 0x00007ffdd6a3a000 	C:\WINDOWS\SYSTEM32\DNSAPI.dll
0x00007ffdbdf20000 - 0x00007ffdbdf2e000 	C:\Program Files\Java\jdk-16.0.2\bin\sunmscapi.dll
0x00007ffdd7c10000 - 0x00007ffdd7d66000 	C:\WINDOWS\System32\CRYPT32.dll
0x00007ffdd6fa0000 - 0x00007ffdd6fc7000 	C:\WINDOWS\SYSTEM32\ncrypt.dll
0x00007ffdd6f60000 - 0x00007ffdd6f9b000 	C:\WINDOWS\SYSTEM32\NTASN1.dll
0x00007ffd8a7f0000 - 0x00007ffd8a7f7000 	C:\WINDOWS\system32\wshunix.dll
0x00007ffdd61d0000 - 0x00007ffdd6203000 	C:\WINDOWS\SYSTEM32\ntmarta.dll

dbghelp: loaded successfully - version: 4.0.5 - missing functions: none
symbol engine: initialized successfully - sym options: 0x614 - pdb path: .;C:\Program Files\Java\jdk-16.0.2\bin;C:\WINDOWS\SYSTEM32;C:\WINDOWS\WinSxS\amd64_microsoft.windows.common-controls_6595b64144ccf1df_6.0.19041.1110_none_60b5254171f9507e;C:\Program Files\Java\jdk-16.0.2\bin\server;C:\Users\ITECH\.gradle\native\e1d6ef7f7dcc3fd88c89a11ec53ec762bb8ba0a96d01ffa2cd45eb1d1d8dd5c5\windows-amd64;C:\Users\ITECH\.gradle\native\5664cfc778a61ccfe75a443a1ab52a65af34e5dc3c78e0209fed803814484fcb\windows-amd64

VM Arguments:
jvm_args: --add-opens=java.base/java.util=ALL-UNNAMED --add-opens=java.base/java.lang=ALL-UNNAMED --add-opens=java.base/java.lang.invoke=ALL-UNNAMED --add-opens=java.base/java.util=ALL-UNNAMED --add-opens=java.prefs/java.util.prefs=ALL-UNNAMED --add-opens=java.prefs/java.util.prefs=ALL-UNNAMED --add-opens=java.base/java.nio.charset=ALL-UNNAMED --add-opens=java.base/java.net=ALL-UNNAMED --add-opens=java.base/java.util.concurrent.atomic=ALL-UNNAMED -Xmx2048m -Dfile.encoding=UTF-8 -Duser.country=US -Duser.language=en -Duser.variant 
java_command: org.gradle.launcher.daemon.bootstrap.GradleDaemon 7.3.3
java_class_path (initial): C:\Users\ITECH\.gradle\wrapper\dists\gradle-7.3.3-bin\6a41zxkdtcxs8rphpq6y0069z\gradle-7.3.3\lib\gradle-launcher-7.3.3.jar
Launcher Type: SUN_STANDARD

[Global flags]
     intx CICompilerCount                          = 4                                         {product} {ergonomic}
     uint ConcGCThreads                            = 2                                         {product} {ergonomic}
     uint G1ConcRefinementThreads                  = 8                                         {product} {ergonomic}
   size_t G1HeapRegionSize                         = 1048576                                   {product} {ergonomic}
    uintx GCDrainStackTargetSize                   = 64                                        {product} {ergonomic}
   size_t InitialHeapSize                          = 132120576                                 {product} {ergonomic}
   size_t MarkStackSize                            = 4194304                                   {product} {ergonomic}
   size_t MaxHeapSize                              = 2147483648                                {product} {command line}
   size_t MaxNewSize                               = 1287651328                                {product} {ergonomic}
   size_t MinHeapDeltaBytes                        = 1048576                                   {product} {ergonomic}
   size_t MinHeapSize                              = 8388608                                   {product} {ergonomic}
    uintx NonNMethodCodeHeapSize                   = 5839372                                {pd product} {ergonomic}
    uintx NonProfiledCodeHeapSize                  = 122909434                              {pd product} {ergonomic}
    uintx ProfiledCodeHeapSize                     = 122909434                              {pd product} {ergonomic}
    uintx ReservedCodeCacheSize                    = 251658240                              {pd product} {ergonomic}
     bool SegmentedCodeCache                       = true                                      {product} {ergonomic}
   size_t SoftMaxHeapSize                          = 2147483648                             {manageable} {ergonomic}
     bool UseCompressedClassPointers               = true                           {product lp64_product} {ergonomic}
     bool UseCompressedOops                        = true                           {product lp64_product} {ergonomic}
     bool UseG1GC                                  = true                                      {product} {ergonomic}
     bool UseLargePagesIndividualAllocation        = false                                  {pd product} {ergonomic}

Logging:
Log output configuration:
 #0: stdout all=warning uptime,level,tags
 #1: stderr all=off uptime,level,tags

Environment Variables:
JAVA_HOME=C:\Program Files\Java\jdk-16.0.2
PATH=C:\Program Files\Python37\Scripts\;C:\Program Files\Python37\;C:\ProgramData\Oracle\Java\javapath;C:\app\ITECH\product\11.2.0\dbhome_1\bin;C:\Program Files\Common Files\Oracle\Java\javapath;C:\Program Files (x86)\Common Files\Oracle\Java\javapath;C:\WINDOWS\system32;C:\WINDOWS;C:\WINDOWS\System32\Wbem;C:\WINDOWS\System32\WindowsPowerShell\v1.0\;C:\WINDOWS\System32\OpenSSH\;C:\Program Files\Microsoft SQL Server\130\Tools\Binn\;C:\Program Files\Microsoft SQL Server\Client SDK\ODBC\170\Tools\Binn\;C:\Program Files\dotnet\;C:\Program Files\nodejs\;C:\Program Files\Java\jdk-16.0.2\bin;C:\Program Files\Git\cmd;C:\Program Files\Java\jdk-16.0.2\bin;
USERNAME=ITECH
OS=Windows_NT
PROCESSOR_IDENTIFIER=Intel64 Family 6 Model 126 Stepping 5, GenuineIntel



---------------  S Y S T E M  ---------------

OS:
 Windows 10 , 64 bit Build 19041 (10.0.19041.1889)
OS uptime: 0 days 0:08 hours

CPU: total 8 (initial active 8) (4 cores per cpu, 2 threads per core) family 6 model 126 stepping 5 microcode 0xb0, cx8, cmov, fxsr, ht, mmx, 3dnowpref, sse, sse2, sse3, ssse3, sse4.1, sse4.2, popcnt, lzcnt, tsc, tscinvbit, avx, avx2, aes, erms, clmul, bmi1, bmi2, adx, avx512f, avx512dq, avx512cd, avx512bw, avx512vl, sha, fma, vzeroupper, avx512_vpopcntdq, avx512_vpclmulqdq, avx512_vaes, avx512_vnni, clflush, clflushopt, avx512_vmbi2, avx512_vmbi

Memory: 4k page, system-wide physical 7959M (996M free)
TotalPageFile size 7959M (AvailPageFile size 15M)
current process WorkingSet (physical memory assigned to process): 408M, peak: 408M
current process commit charge ("private bytes"): 459M, peak: 493M

vm_info: Java HotSpot(TM) 64-Bit Server VM (16.0.2+7-67) for windows-amd64 JRE (16.0.2+7-67), built on Jun  8 2021 23:24:19 by "mach5one" with MS VC++ 16.7 (VS2019)

END.
