#
# There is insufficient memory for the Java Runtime Environment to continue.
# Native memory allocation (malloc) failed to allocate 2011344 bytes for Chunk::new
# Possible reasons:
#   The system is out of physical RAM or swap space
#   The process is running with CompressedOops enabled, and the Java Heap may be blocking the growth of the native heap
# Possible solutions:
#   Reduce memory load on the system
#   Increase physical memory or swap space
#   Check if swap backing store is full
#   Decrease Java heap size (-Xmx/-Xms)
#   Decrease number of Java threads
#   Decrease Java thread stack sizes (-Xss)
#   Set larger code cache with -XX:ReservedCodeCacheSize=
#   JVM is running with Unscaled Compressed Oops mode in which the Java heap is
#     placed in the first 4GB address space. The Java Heap base address is the
#     maximum limit for the native heap growth. Please use -XX:HeapBaseMinAddress
#     to set the Java Heap base and to place the Java Heap above 4GB virtual address.
# This output file may be truncated or incomplete.
#
#  Out of Memory Error (arena.cpp:195), pid=6984, tid=1312
#
# JRE version: Java(TM) SE Runtime Environment (16.0.2+7) (build 16.0.2+7-67)
# Java VM: Java HotSpot(TM) 64-Bit Server VM (16.0.2+7-67, mixed mode, sharing, tiered, compressed oops, compressed class ptrs, g1 gc, windows-amd64)
# No core dump will be written. Minidumps are not enabled by default on client versions of Windows
#

---------------  S U M M A R Y ------------

Command Line: --add-opens=java.base/java.util=ALL-UNNAMED --add-opens=java.base/java.lang=ALL-UNNAMED --add-opens=java.base/java.lang.invoke=ALL-UNNAMED --add-opens=java.base/java.util=ALL-UNNAMED --add-opens=java.prefs/java.util.prefs=ALL-UNNAMED --add-opens=java.prefs/java.util.prefs=ALL-UNNAMED --add-opens=java.base/java.nio.charset=ALL-UNNAMED --add-opens=java.base/java.net=ALL-UNNAMED --add-opens=java.base/java.util.concurrent.atomic=ALL-UNNAMED -Xmx2048m -Dfile.encoding=UTF-8 -Duser.country=US -Duser.language=en -Duser.variant org.gradle.launcher.daemon.bootstrap.GradleDaemon 7.3.3

Host: Intel(R) Core(TM) i7-1065G7 CPU @ 1.30GHz, 8 cores, 7G,  Windows 10 , 64 bit Build 19041 (10.0.19041.1889)
Time: Mon Aug 22 19:11:36 2022 Egypt Standard Time elapsed time: 12.169662 seconds (0d 0h 0m 12s)

---------------  T H R E A D  ---------------

Current thread (0x0000022f7f19f080):  JavaThread "C2 CompilerThread1" daemon [_thread_in_native, id=1312, stack(0x0000006846900000,0x0000006846a00000)]


Current CompileTask:
C2:  12169 10997   !   4       java.io.ObjectOutputStream::writeObject0 (620 bytes)

Stack: [0x0000006846900000,0x0000006846a00000]
Native frames: (J=compiled Java code, j=interpreted, Vv=VM code, C=native code)
V  [jvm.dll+0x6681ca]
V  [jvm.dll+0x7c9e69]
V  [jvm.dll+0x7cb61e]
V  [jvm.dll+0x7cbc73]
V  [jvm.dll+0x242c55]
V  [jvm.dll+0xadeba]
V  [jvm.dll+0xae45c]
V  [jvm.dll+0x35a8d7]
V  [jvm.dll+0x1b9cc1]
V  [jvm.dll+0x215e16]
V  [jvm.dll+0x215100]
V  [jvm.dll+0x1a1beb]
V  [jvm.dll+0x225158]
V  [jvm.dll+0x22319c]
V  [jvm.dll+0x77fa62]
V  [jvm.dll+0x7795aa]
V  [jvm.dll+0x667066]
C  [ucrtbase.dll+0x21bb2]
C  [KERNEL32.DLL+0x17034]
C  [ntdll.dll+0x52651]


---------------  P R O C E S S  ---------------

Threads class SMR info:
_java_thread_list=0x0000022f1060e810, length=146, elements={
0x0000022f6f37c950, 0x0000022f7e433460, 0x0000022f7e433f70, 0x0000022f7e446370,
0x0000022f7e447190, 0x0000022f7e4486d0, 0x0000022f7e469ba0, 0x0000022f7e46b4c0,
0x0000022f7e46da80, 0x0000022f7e474820, 0x0000022f7f0ff2e0, 0x0000022f7f114020,
0x0000022f7f19f080, 0x0000022f109a8e80, 0x0000022f0f99eb00, 0x0000022f0f800630,
0x0000022f7fb86230, 0x0000022f0f0a0c10, 0x0000022f0fa28a00, 0x0000022f0fa299f0,
0x0000022f0fa294a0, 0x0000022f0fa29f40, 0x0000022f0fa2a490, 0x0000022f0fa27f60,
0x0000022f0fa28f50, 0x0000022f0fa2a9e0, 0x0000022f0fa2b480, 0x0000022f0fa284b0,
0x0000022f1006f040, 0x0000022f1006f590, 0x0000022f1006fae0, 0x0000022f10070030,
0x0000022f10073aa0, 0x0000022f10072ab0, 0x0000022f10073000, 0x0000022f10074540,
0x0000022f1006e050, 0x0000022f10071570, 0x0000022f1006d060, 0x0000022f10071ac0,
0x0000022f1006db00, 0x0000022f1006eaf0, 0x0000022f14e26b70, 0x0000022f14e2c5c0,
0x0000022f14e295f0, 0x0000022f14e28b50, 0x0000022f14e24b90, 0x0000022f14e250e0,
0x0000022f14e27b60, 0x0000022f14e25630, 0x0000022f14e2c070, 0x0000022f14e25b80,
0x0000022f14e2ab30, 0x0000022f14e2a5e0, 0x0000022f14e260d0, 0x0000022f14e2b5d0,
0x0000022f14e26620, 0x0000022f14e270c0, 0x0000022f14e27610, 0x0000022f14e29b40,
0x0000022f14e280b0, 0x0000022f14e2b080, 0x0000022f14e28600, 0x0000022f14e2a090,
0x0000022f14e290a0, 0x0000022f14e2bb20, 0x0000022f0fd88f20, 0x0000022f0fd84f60,
0x0000022f0fd854b0, 0x0000022f0fd85f50, 0x0000022f0fd889d0, 0x0000022f0fd86f40,
0x0000022f0fd85a00, 0x0000022f0fd864a0, 0x0000022f0fd89470, 0x0000022f0fd89f10,
0x0000022f0fd899c0, 0x0000022f0fd8b450, 0x0000022f0fd8b9a0, 0x0000022f0fd83f70,
0x0000022f0fd8a460, 0x0000022f0fd869f0, 0x0000022f0fd8a9b0, 0x0000022f0fd87f30,
0x0000022f0fd879e0, 0x0000022f0fd87490, 0x0000022f0fd8af00, 0x0000022f0fd844c0,
0x0000022f0fd84a10, 0x0000022f0fd88480, 0x0000022f14e09850, 0x0000022f14e08860,
0x0000022f14e09da0, 0x0000022f14e0a2f0, 0x0000022f14e0a840, 0x0000022f14e0b2e0,
0x0000022f14e06dd0, 0x0000022f14e05de0, 0x0000022f14e0ad90, 0x0000022f14e07dc0,
0x0000022f14e09300, 0x0000022f14e08db0, 0x0000022f14e08310, 0x0000022f14e0d810,
0x0000022f14e0d2c0, 0x0000022f14e06880, 0x0000022f14e0bd80, 0x0000022f14e0cd70,
0x0000022f14e0b830, 0x0000022f14e0c2d0, 0x0000022f14e06330, 0x0000022f14e0c820,
0x0000022f14e07320, 0x0000022f14e07870, 0x0000022f141a8410, 0x0000022f141aa3f0,
0x0000022f141a4450, 0x0000022f141a8960, 0x0000022f141a5ee0, 0x0000022f141a6430,
0x0000022f141a6980, 0x0000022f141a6ed0, 0x0000022f141a7420, 0x0000022f141a9950,
0x0000022f141a29c0, 0x0000022f141a2f10, 0x0000022f141a3460, 0x0000022f141a9400,
0x0000022f141a39b0, 0x0000022f141a3f00, 0x0000022f141a5440, 0x0000022f141a5990,
0x0000022f0f4cb570, 0x0000022f0f4ca580, 0x0000022f0f4cd550, 0x0000022f0f4cc560,
0x0000022f11cc2b30, 0x0000022f0f4c8af0, 0x0000022f0f4ce540, 0x0000022f0f4cc010,
0x0000022f0f4cdaa0, 0x0000022f0f4c9590, 0x0000022f0f4c7b00, 0x0000022f0f4ccab0,
0x0000022f0f4cd000, 0x0000022f0f4c8050
}

Java Threads: ( => current thread )
  0x0000022f6f37c950 JavaThread "main" [_thread_blocked, id=9504, stack(0x0000006845600000,0x0000006845700000)]
  0x0000022f7e433460 JavaThread "Reference Handler" daemon [_thread_blocked, id=4416, stack(0x0000006845d00000,0x0000006845e00000)]
  0x0000022f7e433f70 JavaThread "Finalizer" daemon [_thread_blocked, id=2596, stack(0x0000006845e00000,0x0000006845f00000)]
  0x0000022f7e446370 JavaThread "Signal Dispatcher" daemon [_thread_blocked, id=7412, stack(0x0000006845f00000,0x0000006846000000)]
  0x0000022f7e447190 JavaThread "Attach Listener" daemon [_thread_blocked, id=11464, stack(0x0000006846000000,0x0000006846100000)]
  0x0000022f7e4486d0 JavaThread "Service Thread" daemon [_thread_blocked, id=4724, stack(0x0000006846100000,0x0000006846200000)]
  0x0000022f7e469ba0 JavaThread "Monitor Deflation Thread" daemon [_thread_blocked, id=6288, stack(0x0000006846200000,0x0000006846300000)]
  0x0000022f7e46b4c0 JavaThread "C2 CompilerThread0" daemon [_thread_in_native, id=9252, stack(0x0000006846300000,0x0000006846400000)]
  0x0000022f7e46da80 JavaThread "C1 CompilerThread0" daemon [_thread_in_vm, id=11856, stack(0x0000006846400000,0x0000006846500000)]
  0x0000022f7e474820 JavaThread "Sweeper thread" daemon [_thread_blocked, id=6300, stack(0x0000006846500000,0x0000006846600000)]
  0x0000022f7f0ff2e0 JavaThread "Common-Cleaner" daemon [_thread_blocked, id=3160, stack(0x0000006846600000,0x0000006846700000)]
  0x0000022f7f114020 JavaThread "Notification Thread" daemon [_thread_blocked, id=12428, stack(0x0000006846700000,0x0000006846800000)]
=>0x0000022f7f19f080 JavaThread "C2 CompilerThread1" daemon [_thread_in_native, id=1312, stack(0x0000006846900000,0x0000006846a00000)]
  0x0000022f109a8e80 JavaThread "Daemon health stats" [_thread_blocked, id=2764, stack(0x0000006846f00000,0x0000006847000000)]
  0x0000022f0f99eb00 JavaThread "Incoming local TCP Connector on port 63829" [_thread_in_native, id=3916, stack(0x0000006847000000,0x0000006847100000)]
  0x0000022f0f800630 JavaThread "Daemon periodic checks" [_thread_blocked, id=9884, stack(0x0000006847100000,0x0000006847200000)]
  0x0000022f7fb86230 JavaThread "Daemon" [_thread_blocked, id=7328, stack(0x0000006847200000,0x0000006847300000)]
  0x0000022f0f0a0c10 JavaThread "Handler for socket connection from /127.0.0.1:63829 to /127.0.0.1:63830" [_thread_in_native, id=13220, stack(0x0000006847300000,0x0000006847400000)]
  0x0000022f0fa28a00 JavaThread "Cancel handler" [_thread_blocked, id=5556, stack(0x0000006847400000,0x0000006847500000)]
  0x0000022f0fa299f0 JavaThread "Daemon worker" [_thread_blocked, id=4504, stack(0x0000006847500000,0x0000006847600000)]
  0x0000022f0fa294a0 JavaThread "Asynchronous log dispatcher for DefaultDaemonConnection: socket connection from /127.0.0.1:63829 to /127.0.0.1:63830" [_thread_blocked, id=7784, stack(0x0000006847600000,0x0000006847700000)]
  0x0000022f0fa29f40 JavaThread "Stdin handler" [_thread_blocked, id=10176, stack(0x0000006847700000,0x0000006847800000)]
  0x0000022f0fa2a490 JavaThread "Daemon client event forwarder" [_thread_blocked, id=10432, stack(0x0000006847800000,0x0000006847900000)]
  0x0000022f0fa27f60 JavaThread "Cache worker for journal cache (C:\Users\ITECH\.gradle\caches\journal-1)" [_thread_blocked, id=6744, stack(0x0000006847900000,0x0000006847a00000)]
  0x0000022f0fa28f50 JavaThread "File lock request listener" [_thread_in_native, id=6224, stack(0x0000006847a00000,0x0000006847b00000)]
  0x0000022f0fa2a9e0 JavaThread "Cache worker for file hash cache (C:\Users\ITECH\.gradle\caches\7.3.3\fileHashes)" [_thread_blocked, id=9984, stack(0x0000006847b00000,0x0000006847c00000)]
  0x0000022f0fa2b480 JavaThread "Cache worker for file hash cache (C:\Users\ITECH\AndroidStudioProjects\yummy\.gradle\7.3.3\fileHashes)" [_thread_blocked, id=10524, stack(0x0000006847c00000,0x0000006847d00000)]
  0x0000022f0fa284b0 JavaThread "File watcher server" daemon [_thread_in_native, id=11896, stack(0x0000006848000000,0x0000006848100000)]
  0x0000022f1006f040 JavaThread "File watcher consumer" daemon [_thread_blocked, id=10144, stack(0x0000006848100000,0x0000006848200000)]
  0x0000022f1006f590 JavaThread "Cache worker for checksums cache (C:\Users\ITECH\AndroidStudioProjects\yummy\.gradle\7.3.3\checksums)" [_thread_blocked, id=8760, stack(0x0000006848200000,0x0000006848300000)]
  0x0000022f1006fae0 JavaThread "Cache worker for cache directory md-supplier (C:\Users\ITECH\.gradle\caches\7.3.3\md-supplier)" [_thread_blocked, id=4488, stack(0x0000006848300000,0x0000006848400000)]
  0x0000022f10070030 JavaThread "Cache worker for cache directory md-rule (C:\Users\ITECH\.gradle\caches\7.3.3\md-rule)" [_thread_blocked, id=7252, stack(0x0000006848400000,0x0000006848500000)]
  0x0000022f10073aa0 JavaThread "Cache worker for execution history cache (C:\Users\ITECH\.gradle\caches\7.3.3\executionHistory)" [_thread_blocked, id=10948, stack(0x0000006848600000,0x0000006848700000)]
  0x0000022f10072ab0 JavaThread "jar transforms" [_thread_blocked, id=588, stack(0x0000006848700000,0x0000006848800000)]
  0x0000022f10073000 JavaThread "Cache worker for file content cache (C:\Users\ITECH\.gradle\caches\7.3.3\fileContent)" [_thread_blocked, id=9532, stack(0x0000006848800000,0x0000006848900000)]
  0x0000022f10074540 JavaThread "jar transforms Thread 2" [_thread_blocked, id=8280, stack(0x0000006848900000,0x0000006848a00000)]
  0x0000022f1006e050 JavaThread "Cache worker for dependencies-accessors (C:\Users\ITECH\AndroidStudioProjects\yummy\.gradle\7.3.3\dependencies-accessors)" [_thread_blocked, id=8160, stack(0x0000006848a00000,0x0000006848b00000)]
  0x0000022f10071570 JavaThread "jar transforms Thread 3" [_thread_blocked, id=12528, stack(0x0000006848b00000,0x0000006848c00000)]
  0x0000022f1006d060 JavaThread "Cache worker for Build Output Cleanup Cache (C:\Users\ITECH\AndroidStudioProjects\yummy\.gradle\buildOutputCleanup)" [_thread_blocked, id=10088, stack(0x0000006848c00000,0x0000006848d00000)]
  0x0000022f10071ac0 JavaThread "Unconstrained build operations" [_thread_blocked, id=6840, stack(0x0000006848d00000,0x0000006848e00000)]
  0x0000022f1006db00 JavaThread "Unconstrained build operations Thread 2" [_thread_blocked, id=9236, stack(0x0000006848e00000,0x0000006848f00000)]
  0x0000022f1006eaf0 JavaThread "Unconstrained build operations Thread 3" [_thread_blocked, id=8636, stack(0x0000006848f00000,0x0000006849000000)]
  0x0000022f14e26b70 JavaThread "Unconstrained build operations Thread 4" [_thread_blocked, id=10064, stack(0x0000006849000000,0x0000006849100000)]
  0x0000022f14e2c5c0 JavaThread "Unconstrained build operations Thread 5" [_thread_blocked, id=3016, stack(0x0000006849100000,0x0000006849200000)]
  0x0000022f14e295f0 JavaThread "Unconstrained build operations Thread 6" [_thread_blocked, id=11120, stack(0x0000006849200000,0x0000006849300000)]
  0x0000022f14e28b50 JavaThread "Unconstrained build operations Thread 7" [_thread_blocked, id=8748, stack(0x0000006849300000,0x0000006849400000)]
  0x0000022f14e24b90 JavaThread "Unconstrained build operations Thread 8" [_thread_blocked, id=8676, stack(0x0000006849400000,0x0000006849500000)]
  0x0000022f14e250e0 JavaThread "Unconstrained build operations Thread 9" [_thread_blocked, id=6204, stack(0x0000006849500000,0x0000006849600000)]
  0x0000022f14e27b60 JavaThread "Unconstrained build operations Thread 10" [_thread_blocked, id=144, stack(0x0000006849600000,0x0000006849700000)]
  0x0000022f14e25630 JavaThread "Unconstrained build operations Thread 11" [_thread_blocked, id=10768, stack(0x0000006849700000,0x0000006849800000)]
  0x0000022f14e2c070 JavaThread "Unconstrained build operations Thread 12" [_thread_blocked, id=11092, stack(0x0000006849800000,0x0000006849900000)]
  0x0000022f14e25b80 JavaThread "Unconstrained build operations Thread 13" [_thread_blocked, id=9932, stack(0x0000006849900000,0x0000006849a00000)]
  0x0000022f14e2ab30 JavaThread "Unconstrained build operations Thread 14" [_thread_blocked, id=5312, stack(0x0000006849a00000,0x0000006849b00000)]
  0x0000022f14e2a5e0 JavaThread "Unconstrained build operations Thread 15" [_thread_blocked, id=6364, stack(0x0000006849b00000,0x0000006849c00000)]
  0x0000022f14e260d0 JavaThread "Unconstrained build operations Thread 16" [_thread_blocked, id=148, stack(0x0000006849c00000,0x0000006849d00000)]
  0x0000022f14e2b5d0 JavaThread "Unconstrained build operations Thread 17" [_thread_blocked, id=1736, stack(0x0000006849d00000,0x0000006849e00000)]
  0x0000022f14e26620 JavaThread "Unconstrained build operations Thread 18" [_thread_blocked, id=4300, stack(0x0000006849e00000,0x0000006849f00000)]
  0x0000022f14e270c0 JavaThread "Unconstrained build operations Thread 19" [_thread_blocked, id=8984, stack(0x0000006849f00000,0x000000684a000000)]
  0x0000022f14e27610 JavaThread "Unconstrained build operations Thread 20" [_thread_blocked, id=2808, stack(0x000000684a000000,0x000000684a100000)]
  0x0000022f14e29b40 JavaThread "Unconstrained build operations Thread 21" [_thread_blocked, id=5152, stack(0x000000684a100000,0x000000684a200000)]
  0x0000022f14e280b0 JavaThread "Unconstrained build operations Thread 22" [_thread_blocked, id=5836, stack(0x000000684a200000,0x000000684a300000)]
  0x0000022f14e2b080 JavaThread "Unconstrained build operations Thread 23" [_thread_blocked, id=12128, stack(0x000000684a300000,0x000000684a400000)]
  0x0000022f14e28600 JavaThread "Unconstrained build operations Thread 24" [_thread_blocked, id=8400, stack(0x000000684a400000,0x000000684a500000)]
  0x0000022f14e2a090 JavaThread "Unconstrained build operations Thread 25" [_thread_blocked, id=12504, stack(0x000000684a500000,0x000000684a600000)]
  0x0000022f14e290a0 JavaThread "Unconstrained build operations Thread 26" [_thread_blocked, id=4948, stack(0x000000684a600000,0x000000684a700000)]
  0x0000022f14e2bb20 JavaThread "Unconstrained build operations Thread 27" [_thread_blocked, id=11568, stack(0x000000684a700000,0x000000684a800000)]
  0x0000022f0fd88f20 JavaThread "Unconstrained build operations Thread 28" [_thread_blocked, id=4748, stack(0x000000684a800000,0x000000684a900000)]
  0x0000022f0fd84f60 JavaThread "Unconstrained build operations Thread 29" [_thread_blocked, id=11608, stack(0x000000684a900000,0x000000684aa00000)]
  0x0000022f0fd854b0 JavaThread "Unconstrained build operations Thread 30" [_thread_blocked, id=1200, stack(0x000000684aa00000,0x000000684ab00000)]
  0x0000022f0fd85f50 JavaThread "Unconstrained build operations Thread 31" [_thread_blocked, id=4764, stack(0x000000684ab00000,0x000000684ac00000)]
  0x0000022f0fd889d0 JavaThread "Unconstrained build operations Thread 32" [_thread_blocked, id=10224, stack(0x000000684ac00000,0x000000684ad00000)]
  0x0000022f0fd86f40 JavaThread "Unconstrained build operations Thread 33" [_thread_blocked, id=12452, stack(0x000000684ad00000,0x000000684ae00000)]
  0x0000022f0fd85a00 JavaThread "Unconstrained build operations Thread 34" [_thread_blocked, id=10120, stack(0x000000684ae00000,0x000000684af00000)]
  0x0000022f0fd864a0 JavaThread "Unconstrained build operations Thread 35" [_thread_blocked, id=10732, stack(0x000000684af00000,0x000000684b000000)]
  0x0000022f0fd89470 JavaThread "Unconstrained build operations Thread 36" [_thread_blocked, id=6016, stack(0x000000684b000000,0x000000684b100000)]
  0x0000022f0fd89f10 JavaThread "Unconstrained build operations Thread 37" [_thread_blocked, id=6772, stack(0x000000684b100000,0x000000684b200000)]
  0x0000022f0fd899c0 JavaThread "Unconstrained build operations Thread 38" [_thread_blocked, id=9300, stack(0x000000684b200000,0x000000684b300000)]
  0x0000022f0fd8b450 JavaThread "Unconstrained build operations Thread 39" [_thread_blocked, id=10592, stack(0x000000684b300000,0x000000684b400000)]
  0x0000022f0fd8b9a0 JavaThread "Unconstrained build operations Thread 40" [_thread_blocked, id=11372, stack(0x000000684b400000,0x000000684b500000)]
  0x0000022f0fd83f70 JavaThread "Unconstrained build operations Thread 41" [_thread_blocked, id=9588, stack(0x000000684b500000,0x000000684b600000)]
  0x0000022f0fd8a460 JavaThread "Unconstrained build operations Thread 42" [_thread_blocked, id=12548, stack(0x000000684b600000,0x000000684b700000)]
  0x0000022f0fd869f0 JavaThread "Unconstrained build operations Thread 43" [_thread_blocked, id=5460, stack(0x000000684b700000,0x000000684b800000)]
  0x0000022f0fd8a9b0 JavaThread "Unconstrained build operations Thread 44" [_thread_blocked, id=6948, stack(0x000000684b800000,0x000000684b900000)]
  0x0000022f0fd87f30 JavaThread "Unconstrained build operations Thread 45" [_thread_blocked, id=13172, stack(0x000000684b900000,0x000000684ba00000)]
  0x0000022f0fd879e0 JavaThread "Unconstrained build operations Thread 46" [_thread_blocked, id=7772, stack(0x000000684ba00000,0x000000684bb00000)]
  0x0000022f0fd87490 JavaThread "Unconstrained build operations Thread 47" [_thread_blocked, id=7184, stack(0x000000684bb00000,0x000000684bc00000)]
  0x0000022f0fd8af00 JavaThread "Unconstrained build operations Thread 48" [_thread_blocked, id=7208, stack(0x000000684bc00000,0x000000684bd00000)]
  0x0000022f0fd844c0 JavaThread "Unconstrained build operations Thread 49" [_thread_blocked, id=8216, stack(0x000000684bd00000,0x000000684be00000)]
  0x0000022f0fd84a10 JavaThread "Unconstrained build operations Thread 50" [_thread_blocked, id=13068, stack(0x000000684be00000,0x000000684bf00000)]
  0x0000022f0fd88480 JavaThread "Unconstrained build operations Thread 51" [_thread_blocked, id=11780, stack(0x000000684bf00000,0x000000684c000000)]
  0x0000022f14e09850 JavaThread "Unconstrained build operations Thread 52" [_thread_blocked, id=1840, stack(0x000000684c000000,0x000000684c100000)]
  0x0000022f14e08860 JavaThread "Unconstrained build operations Thread 53" [_thread_blocked, id=9464, stack(0x000000684c100000,0x000000684c200000)]
  0x0000022f14e09da0 JavaThread "Unconstrained build operations Thread 54" [_thread_blocked, id=2776, stack(0x000000684c200000,0x000000684c300000)]
  0x0000022f14e0a2f0 JavaThread "Unconstrained build operations Thread 55" [_thread_blocked, id=12112, stack(0x000000684c300000,0x000000684c400000)]
  0x0000022f14e0a840 JavaThread "Unconstrained build operations Thread 56" [_thread_blocked, id=4524, stack(0x000000684c400000,0x000000684c500000)]
  0x0000022f14e0b2e0 JavaThread "Unconstrained build operations Thread 57" [_thread_blocked, id=12260, stack(0x000000684c500000,0x000000684c600000)]
  0x0000022f14e06dd0 JavaThread "Unconstrained build operations Thread 58" [_thread_blocked, id=7944, stack(0x000000684c600000,0x000000684c700000)]
  0x0000022f14e05de0 JavaThread "Unconstrained build operations Thread 59" [_thread_blocked, id=1484, stack(0x000000684c700000,0x000000684c800000)]
  0x0000022f14e0ad90 JavaThread "Unconstrained build operations Thread 60" [_thread_blocked, id=11328, stack(0x000000684c800000,0x000000684c900000)]
  0x0000022f14e07dc0 JavaThread "Unconstrained build operations Thread 61" [_thread_blocked, id=5520, stack(0x000000684c900000,0x000000684ca00000)]
  0x0000022f14e09300 JavaThread "Unconstrained build operations Thread 62" [_thread_blocked, id=8516, stack(0x000000684ca00000,0x000000684cb00000)]
  0x0000022f14e08db0 JavaThread "Unconstrained build operations Thread 63" [_thread_blocked, id=3292, stack(0x000000684cb00000,0x000000684cc00000)]
  0x0000022f14e08310 JavaThread "Unconstrained build operations Thread 64" [_thread_blocked, id=7792, stack(0x000000684cc00000,0x000000684cd00000)]
  0x0000022f14e0d810 JavaThread "Unconstrained build operations Thread 65" [_thread_blocked, id=10688, stack(0x000000684cd00000,0x000000684ce00000)]
  0x0000022f14e0d2c0 JavaThread "Unconstrained build operations Thread 66" [_thread_blocked, id=9412, stack(0x000000684ce00000,0x000000684cf00000)]
  0x0000022f14e06880 JavaThread "Unconstrained build operations Thread 67" [_thread_blocked, id=8980, stack(0x000000684cf00000,0x000000684d000000)]
  0x0000022f14e0bd80 JavaThread "Unconstrained build operations Thread 68" [_thread_blocked, id=8444, stack(0x000000684d000000,0x000000684d100000)]
  0x0000022f14e0cd70 JavaThread "Unconstrained build operations Thread 69" [_thread_blocked, id=11628, stack(0x000000684d100000,0x000000684d200000)]
  0x0000022f14e0b830 JavaThread "Unconstrained build operations Thread 70" [_thread_blocked, id=6780, stack(0x000000684d200000,0x000000684d300000)]
  0x0000022f14e0c2d0 JavaThread "Unconstrained build operations Thread 71" [_thread_blocked, id=12444, stack(0x000000684d300000,0x000000684d400000)]
  0x0000022f14e06330 JavaThread "Unconstrained build operations Thread 72" [_thread_blocked, id=6584, stack(0x000000684d400000,0x000000684d500000)]
  0x0000022f14e0c820 JavaThread "Unconstrained build operations Thread 73" [_thread_blocked, id=2016, stack(0x000000684d500000,0x000000684d600000)]
  0x0000022f14e07320 JavaThread "Unconstrained build operations Thread 74" [_thread_blocked, id=7988, stack(0x000000684d600000,0x000000684d700000)]
  0x0000022f14e07870 JavaThread "Unconstrained build operations Thread 75" [_thread_blocked, id=10540, stack(0x000000684d700000,0x000000684d800000)]
  0x0000022f141a8410 JavaThread "Unconstrained build operations Thread 76" [_thread_blocked, id=6376, stack(0x000000684d800000,0x000000684d900000)]
  0x0000022f141aa3f0 JavaThread "Unconstrained build operations Thread 77" [_thread_blocked, id=12608, stack(0x000000684d900000,0x000000684da00000)]
  0x0000022f141a4450 JavaThread "Unconstrained build operations Thread 78" [_thread_blocked, id=7124, stack(0x000000684da00000,0x000000684db00000)]
  0x0000022f141a8960 JavaThread "Unconstrained build operations Thread 79" [_thread_blocked, id=10520, stack(0x000000684db00000,0x000000684dc00000)]
  0x0000022f141a5ee0 JavaThread "Unconstrained build operations Thread 80" [_thread_blocked, id=2756, stack(0x000000684dc00000,0x000000684dd00000)]
  0x0000022f141a6430 JavaThread "jar transforms Thread 4" [_thread_blocked, id=11788, stack(0x000000684dd00000,0x000000684de00000)]
  0x0000022f141a6980 JavaThread "jar transforms Thread 5" [_thread_blocked, id=3204, stack(0x000000684de00000,0x000000684df00000)]
  0x0000022f141a6ed0 JavaThread "jar transforms Thread 6" [_thread_blocked, id=11032, stack(0x000000684df00000,0x000000684e000000)]
  0x0000022f141a7420 JavaThread "jar transforms Thread 7" [_thread_blocked, id=11764, stack(0x000000684e000000,0x000000684e100000)]
  0x0000022f141a9950 JavaThread "jar transforms Thread 8" [_thread_blocked, id=9344, stack(0x000000684e100000,0x000000684e200000)]
  0x0000022f141a29c0 JavaThread "Memory manager" [_thread_blocked, id=8392, stack(0x000000684e200000,0x000000684e300000)]
  0x0000022f141a2f10 JavaThread "build event listener" [_thread_blocked, id=6884, stack(0x000000684e300000,0x000000684e400000)]
  0x0000022f141a3460 JavaThread "pool-3-thread-1" [_thread_blocked, id=8640, stack(0x000000684e500000,0x000000684e600000)]
  0x0000022f141a9400 JavaThread "build event listener" [_thread_blocked, id=1188, stack(0x000000684e600000,0x000000684e700000)]
  0x0000022f141a39b0 JavaThread "Execution worker for ':'" [_thread_blocked, id=9312, stack(0x000000684e700000,0x000000684e800000)]
  0x0000022f141a3f00 JavaThread "Execution worker for ':' Thread 2" [_thread_blocked, id=6052, stack(0x000000684e800000,0x000000684e900000)]
  0x0000022f141a5440 JavaThread "Execution worker for ':' Thread 3" [_thread_blocked, id=7528, stack(0x000000684e900000,0x000000684ea00000)]
  0x0000022f141a5990 JavaThread "Execution worker for ':' Thread 4" [_thread_blocked, id=10772, stack(0x000000684ea00000,0x000000684eb00000)]
  0x0000022f0f4cb570 JavaThread "Execution worker for ':' Thread 5" [_thread_blocked, id=5324, stack(0x000000684eb00000,0x000000684ec00000)]
  0x0000022f0f4ca580 JavaThread "Execution worker for ':' Thread 6" [_thread_blocked, id=2944, stack(0x000000684ec00000,0x000000684ed00000)]
  0x0000022f0f4cd550 JavaThread "Execution worker for ':' Thread 7" [_thread_blocked, id=10020, stack(0x000000684ed00000,0x000000684ee00000)]
  0x0000022f0f4cc560 JavaThread "Cache worker for execution history cache (C:\Users\ITECH\AndroidStudioProjects\yummy\.gradle\7.3.3\executionHistory)" [_thread_blocked, id=12636, stack(0x000000684ee00000,0x000000684ef00000)]
  0x0000022f11cc2b30 JavaThread "C2 CompilerThread2" daemon [_thread_in_native, id=9528, stack(0x0000006846d00000,0x0000006846e00000)]
  0x0000022f0f4c8af0 JavaThread "WorkerExecutor Queue" [_thread_in_native, id=7016, stack(0x000000684ef00000,0x000000684f000000)]
  0x0000022f0f4ce540 JavaThread "WorkerExecutor Queue Thread 2" [_thread_in_native, id=5708, stack(0x000000684f000000,0x000000684f100000)]
  0x0000022f0f4cc010 JavaThread "WorkerExecutor Queue Thread 3" [_thread_in_Java, id=10288, stack(0x000000684f100000,0x000000684f200000)]
  0x0000022f0f4cdaa0 JavaThread "WorkerExecutor Queue Thread 4" [_thread_in_native, id=5884, stack(0x000000684f200000,0x000000684f300000)]
  0x0000022f0f4c9590 JavaThread "WorkerExecutor Queue Thread 5" [_thread_in_Java, id=2188, stack(0x000000684f300000,0x000000684f400000)]
  0x0000022f0f4c7b00 JavaThread "WorkerExecutor Queue Thread 6" [_thread_in_Java, id=11600, stack(0x000000684f400000,0x000000684f500000)]
  0x0000022f0f4ccab0 JavaThread "WorkerExecutor Queue Thread 7" [_thread_in_native, id=12424, stack(0x000000684f500000,0x000000684f600000)]
  0x0000022f0f4cd000 JavaThread "WorkerExecutor Queue Thread 8" [_thread_in_native, id=10604, stack(0x000000684f600000,0x000000684f700000)]
  0x0000022f0f4c8050 JavaThread "Java2D Disposer" daemon [_thread_blocked, id=8476, stack(0x000000684f700000,0x000000684f800000)]

Other Threads:
  0x0000022f7e430ac0 VMThread "VM Thread" [stack: 0x0000006845c00000,0x0000006845d00000] [id=8220]
  0x0000022f7f116950 WatcherThread [stack: 0x0000006846800000,0x0000006846900000] [id=1628]
  0x0000022f6f3bc260 GCTaskThread "GC Thread#0" [stack: 0x0000006845700000,0x0000006845800000] [id=3188]
  0x0000022f0f245240 GCTaskThread "GC Thread#1" [stack: 0x0000006846a00000,0x0000006846b00000] [id=10140]
  0x0000022f7fa06da0 GCTaskThread "GC Thread#2" [stack: 0x0000006846b00000,0x0000006846c00000] [id=6812]
  0x0000022f7fbf0cf0 GCTaskThread "GC Thread#3" [stack: 0x0000006846c00000,0x0000006846d00000] [id=9716]
  0x0000022f0f63a710 GCTaskThread "GC Thread#4" [stack: 0x0000006846e00000,0x0000006846f00000] [id=8624]
  0x0000022f0ff64080 GCTaskThread "GC Thread#5" [stack: 0x0000006847d00000,0x0000006847e00000] [id=6764]
  0x0000022f11e73420 GCTaskThread "GC Thread#6" [stack: 0x0000006847e00000,0x0000006847f00000] [id=4140]
  0x0000022f116e7710 GCTaskThread "GC Thread#7" [stack: 0x0000006847f00000,0x0000006848000000] [id=6604]
  0x0000022f6f3ce2c0 ConcurrentGCThread "G1 Main Marker" [stack: 0x0000006845800000,0x0000006845900000] [id=3088]
  0x0000022f6f3cecc0 ConcurrentGCThread "G1 Conc#0" [stack: 0x0000006845900000,0x0000006845a00000] [id=8296]
  0x0000022f0f99cc20 ConcurrentGCThread "G1 Conc#1" [stack: 0x0000006848500000,0x0000006848600000] [id=288]
  0x0000022f6f4597e0 ConcurrentGCThread "G1 Refine#0" [stack: 0x0000006845a00000,0x0000006845b00000] [id=7012]
  0x0000022f15b98a60 ConcurrentGCThread "G1 Refine#1" [stack: 0x000000684e400000,0x000000684e500000] [id=11564]
  0x0000022f7e2e3330 ConcurrentGCThread "G1 Service" [stack: 0x0000006845b00000,0x0000006845c00000] [id=9248]

Threads with active compile tasks:
C2 CompilerThread0    12213 11130       4       java.lang.reflect.Constructor::newInstanceWithCaller (75 bytes)
C1 CompilerThread0    12213 11645 %     3       com.ctc.wstx.sr.AttributeCollector::resolveNamespaces @ 212 (370 bytes)
C2 CompilerThread1    12213 10997   !   4       java.io.ObjectOutputStream::writeObject0 (620 bytes)
C2 CompilerThread2    12213 10966       4       com.android.utils.XmlUtils::append (645 bytes)

VM state: not at safepoint (normal execution)

VM Mutex/Monitor currently owned by a thread: None

Heap address: 0x0000000080000000, size: 2048 MB, Compressed Oops mode: 32-bit

CDS archive(s) mapped at: [0x0000000800000000-0x0000000800bb0000-0x0000000800bb0000), size 12255232, SharedBaseAddress: 0x0000000800000000, ArchiveRelocationMode: 0.
Compressed class space mapped at: 0x0000000800c00000-0x0000000840c00000, reserved size: 1073741824
Narrow klass base: 0x0000000800000000, Narrow klass shift: 3, Narrow klass range: 0x100000000

GC Precious Log:
 CPUs: 8 total, 8 available
 Memory: 7959M
 Large Page Support: Disabled
 NUMA Support: Disabled
 Compressed Oops: Enabled (32-bit)
 Heap Region Size: 1M
 Heap Min Capacity: 8M
 Heap Initial Capacity: 126M
 Heap Max Capacity: 2G
 Pre-touch: Disabled
 Parallel Workers: 8
 Concurrent Workers: 2
 Concurrent Refinement Workers: 8
 Periodic GC: Disabled

Heap:
 garbage-first heap   total 232448K, used 179656K [0x0000000080000000, 0x0000000100000000)
  region size 1024K, 63 young (64512K), 4 survivors (4096K)
 Metaspace       used 83170K, committed 83712K, reserved 1122304K
  class space    used 10847K, committed 11136K, reserved 1048576K

Heap Regions: E=young(eden), S=young(survivor), O=old, HS=humongous(starts), HC=humongous(continues), CS=collection set, F=free, OA=open archive, CA=closed archive, TAMS=top-at-mark-start (previous, next)
|   0|0x0000000080000000, 0x0000000080100000, 0x0000000080100000|100%| O|  |TAMS 0x0000000080100000, 0x0000000080000000| Untracked 
|   1|0x0000000080100000, 0x0000000080200000, 0x0000000080200000|100%| O|  |TAMS 0x0000000080200000, 0x0000000080100000| Untracked 
|   2|0x0000000080200000, 0x0000000080300000, 0x0000000080300000|100%| O|  |TAMS 0x0000000080300000, 0x0000000080200000| Untracked 
|   3|0x0000000080300000, 0x0000000080400000, 0x0000000080400000|100%|HS|  |TAMS 0x0000000080400000, 0x0000000080300000| Complete 
|   4|0x0000000080400000, 0x0000000080500000, 0x0000000080500000|100%|HC|  |TAMS 0x0000000080500000, 0x0000000080400000| Complete 
|   5|0x0000000080500000, 0x0000000080600000, 0x0000000080600000|100%|HC|  |TAMS 0x0000000080600000, 0x0000000080500000| Complete 
|   6|0x0000000080600000, 0x0000000080700000, 0x0000000080700000|100%| O|  |TAMS 0x0000000080700000, 0x0000000080600000| Untracked 
|   7|0x0000000080700000, 0x0000000080800000, 0x0000000080800000|100%| O|  |TAMS 0x0000000080800000, 0x0000000080700000| Untracked 
|   8|0x0000000080800000, 0x0000000080900000, 0x0000000080900000|100%| O|  |TAMS 0x0000000080900000, 0x0000000080800000| Untracked 
|   9|0x0000000080900000, 0x0000000080a00000, 0x0000000080a00000|100%| O|  |TAMS 0x0000000080a00000, 0x0000000080900000| Untracked 
|  10|0x0000000080a00000, 0x0000000080b00000, 0x0000000080b00000|100%| O|  |TAMS 0x0000000080b00000, 0x0000000080a00000| Untracked 
|  11|0x0000000080b00000, 0x0000000080c00000, 0x0000000080c00000|100%| O|  |TAMS 0x0000000080c00000, 0x0000000080b00000| Untracked 
|  12|0x0000000080c00000, 0x0000000080cffff8, 0x0000000080d00000| 99%| O|  |TAMS 0x0000000080cffff8, 0x0000000080c00000| Untracked 
|  13|0x0000000080d00000, 0x0000000080e00000, 0x0000000080e00000|100%| O|  |TAMS 0x0000000080e00000, 0x0000000080d00000| Untracked 
|  14|0x0000000080e00000, 0x0000000080f00000, 0x0000000080f00000|100%| O|  |TAMS 0x0000000080f00000, 0x0000000080e00000| Untracked 
|  15|0x0000000080f00000, 0x0000000081000000, 0x0000000081000000|100%| O|  |TAMS 0x0000000081000000, 0x0000000080f00000| Untracked 
|  16|0x0000000081000000, 0x0000000081100000, 0x0000000081100000|100%| O|  |TAMS 0x0000000081100000, 0x0000000081000000| Untracked 
|  17|0x0000000081100000, 0x0000000081200000, 0x0000000081200000|100%| O|  |TAMS 0x0000000081200000, 0x0000000081100000| Untracked 
|  18|0x0000000081200000, 0x000000008123e800, 0x0000000081300000| 24%| O|  |TAMS 0x000000008123e800, 0x0000000081200000| Untracked 
|  19|0x0000000081300000, 0x0000000081400000, 0x0000000081400000|100%| O|  |TAMS 0x0000000081400000, 0x0000000081300000| Untracked 
|  20|0x0000000081400000, 0x0000000081500000, 0x0000000081500000|100%|HS|  |TAMS 0x0000000081500000, 0x0000000081400000| Complete 
|  21|0x0000000081500000, 0x0000000081600000, 0x0000000081600000|100%| O|  |TAMS 0x0000000081600000, 0x0000000081500000| Untracked 
|  22|0x0000000081600000, 0x0000000081700000, 0x0000000081700000|100%| O|  |TAMS 0x0000000081700000, 0x0000000081600000| Untracked 
|  23|0x0000000081700000, 0x0000000081800000, 0x0000000081800000|100%| O|  |TAMS 0x0000000081800000, 0x0000000081700000| Untracked 
|  24|0x0000000081800000, 0x0000000081900000, 0x0000000081900000|100%| O|  |TAMS 0x0000000081900000, 0x0000000081800000| Untracked 
|  25|0x0000000081900000, 0x0000000081a00000, 0x0000000081a00000|100%| O|  |TAMS 0x0000000081a00000, 0x0000000081900000| Untracked 
|  26|0x0000000081a00000, 0x0000000081b00000, 0x0000000081b00000|100%|HS|  |TAMS 0x0000000081b00000, 0x0000000081a00000| Complete 
|  27|0x0000000081b00000, 0x0000000081c00000, 0x0000000081c00000|100%|HS|  |TAMS 0x0000000081c00000, 0x0000000081b00000| Complete 
|  28|0x0000000081c00000, 0x0000000081d00000, 0x0000000081d00000|100%|HC|  |TAMS 0x0000000081d00000, 0x0000000081c00000| Complete 
|  29|0x0000000081d00000, 0x0000000081e00000, 0x0000000081e00000|100%| O|  |TAMS 0x0000000081e00000, 0x0000000081d00000| Untracked 
|  30|0x0000000081e00000, 0x0000000081f00000, 0x0000000081f00000|100%| O|  |TAMS 0x0000000081f00000, 0x0000000081e00000| Untracked 
|  31|0x0000000081f00000, 0x0000000082000000, 0x0000000082000000|100%| O|  |TAMS 0x0000000082000000, 0x0000000081f00000| Untracked 
|  32|0x0000000082000000, 0x0000000082100000, 0x0000000082100000|100%| O|  |TAMS 0x0000000082100000, 0x0000000082000000| Untracked 
|  33|0x0000000082100000, 0x0000000082200000, 0x0000000082200000|100%| O|  |TAMS 0x0000000082200000, 0x0000000082100000| Untracked 
|  34|0x0000000082200000, 0x0000000082300000, 0x0000000082300000|100%| O|  |TAMS 0x0000000082300000, 0x0000000082200000| Untracked 
|  35|0x0000000082300000, 0x0000000082400000, 0x0000000082400000|100%| O|  |TAMS 0x0000000082400000, 0x0000000082300000| Untracked 
|  36|0x0000000082400000, 0x0000000082500000, 0x0000000082500000|100%| O|  |TAMS 0x0000000082500000, 0x0000000082400000| Untracked 
|  37|0x0000000082500000, 0x0000000082600000, 0x0000000082600000|100%| O|  |TAMS 0x0000000082600000, 0x0000000082500000| Untracked 
|  38|0x0000000082600000, 0x0000000082700000, 0x0000000082700000|100%| O|  |TAMS 0x0000000082700000, 0x0000000082600000| Untracked 
|  39|0x0000000082700000, 0x0000000082800000, 0x0000000082800000|100%| O|  |TAMS 0x0000000082800000, 0x0000000082700000| Untracked 
|  40|0x0000000082800000, 0x0000000082900000, 0x0000000082900000|100%| O|  |TAMS 0x0000000082900000, 0x0000000082800000| Untracked 
|  41|0x0000000082900000, 0x0000000082a00000, 0x0000000082a00000|100%| O|  |TAMS 0x0000000082a00000, 0x0000000082900000| Untracked 
|  42|0x0000000082a00000, 0x0000000082b00000, 0x0000000082b00000|100%| O|  |TAMS 0x0000000082b00000, 0x0000000082a00000| Untracked 
|  43|0x0000000082b00000, 0x0000000082c00000, 0x0000000082c00000|100%| O|  |TAMS 0x0000000082c00000, 0x0000000082b00000| Untracked 
|  44|0x0000000082c00000, 0x0000000082d00000, 0x0000000082d00000|100%| O|  |TAMS 0x0000000082d00000, 0x0000000082c00000| Untracked 
|  45|0x0000000082d00000, 0x0000000082e00000, 0x0000000082e00000|100%| O|  |TAMS 0x0000000082e00000, 0x0000000082d00000| Untracked 
|  46|0x0000000082e00000, 0x0000000082f00000, 0x0000000082f00000|100%| O|  |TAMS 0x0000000082f00000, 0x0000000082e00000| Untracked 
|  47|0x0000000082f00000, 0x0000000083000000, 0x0000000083000000|100%| O|  |TAMS 0x0000000083000000, 0x0000000082f00000| Untracked 
|  48|0x0000000083000000, 0x0000000083100000, 0x0000000083100000|100%| O|  |TAMS 0x0000000083100000, 0x0000000083000000| Untracked 
|  49|0x0000000083100000, 0x0000000083200000, 0x0000000083200000|100%| O|  |TAMS 0x0000000083200000, 0x0000000083100000| Untracked 
|  50|0x0000000083200000, 0x0000000083300000, 0x0000000083300000|100%| O|  |TAMS 0x0000000083300000, 0x0000000083200000| Untracked 
|  51|0x0000000083300000, 0x0000000083400000, 0x0000000083400000|100%| O|  |TAMS 0x0000000083400000, 0x0000000083300000| Untracked 
|  52|0x0000000083400000, 0x0000000083500000, 0x0000000083500000|100%| O|  |TAMS 0x0000000083500000, 0x0000000083400000| Untracked 
|  53|0x0000000083500000, 0x0000000083600000, 0x0000000083600000|100%| O|  |TAMS 0x0000000083600000, 0x0000000083500000| Untracked 
|  54|0x0000000083600000, 0x0000000083700000, 0x0000000083700000|100%| O|  |TAMS 0x0000000083700000, 0x0000000083600000| Untracked 
|  55|0x0000000083700000, 0x0000000083800000, 0x0000000083800000|100%| O|  |TAMS 0x0000000083800000, 0x0000000083700000| Untracked 
|  56|0x0000000083800000, 0x0000000083900000, 0x0000000083900000|100%| O|  |TAMS 0x0000000083900000, 0x0000000083800000| Untracked 
|  57|0x0000000083900000, 0x0000000083a00000, 0x0000000083a00000|100%| O|  |TAMS 0x0000000083a00000, 0x0000000083900000| Untracked 
|  58|0x0000000083a00000, 0x0000000083b00000, 0x0000000083b00000|100%| O|  |TAMS 0x0000000083b00000, 0x0000000083a00000| Untracked 
|  59|0x0000000083b00000, 0x0000000083c00000, 0x0000000083c00000|100%| O|  |TAMS 0x0000000083c00000, 0x0000000083b00000| Untracked 
|  60|0x0000000083c00000, 0x0000000083d00000, 0x0000000083d00000|100%| O|  |TAMS 0x0000000083d00000, 0x0000000083c00000| Untracked 
|  61|0x0000000083d00000, 0x0000000083e00000, 0x0000000083e00000|100%| O|  |TAMS 0x0000000083e00000, 0x0000000083d00000| Untracked 
|  62|0x0000000083e00000, 0x0000000083f00000, 0x0000000083f00000|100%| O|  |TAMS 0x0000000083f00000, 0x0000000083e00000| Untracked 
|  63|0x0000000083f00000, 0x0000000084000000, 0x0000000084000000|100%| O|  |TAMS 0x0000000084000000, 0x0000000083f00000| Untracked 
|  64|0x0000000084000000, 0x0000000084100000, 0x0000000084100000|100%| O|  |TAMS 0x0000000084100000, 0x0000000084000000| Untracked 
|  65|0x0000000084100000, 0x0000000084200000, 0x0000000084200000|100%| O|  |TAMS 0x0000000084200000, 0x0000000084100000| Untracked 
|  66|0x0000000084200000, 0x0000000084300000, 0x0000000084300000|100%| O|  |TAMS 0x0000000084300000, 0x0000000084200000| Untracked 
|  67|0x0000000084300000, 0x0000000084400000, 0x0000000084400000|100%| O|  |TAMS 0x0000000084400000, 0x0000000084300000| Untracked 
|  68|0x0000000084400000, 0x0000000084500000, 0x0000000084500000|100%| O|  |TAMS 0x0000000084500000, 0x0000000084400000| Untracked 
|  69|0x0000000084500000, 0x0000000084600000, 0x0000000084600000|100%| O|  |TAMS 0x0000000084600000, 0x0000000084500000| Untracked 
|  70|0x0000000084600000, 0x0000000084700000, 0x0000000084700000|100%| O|  |TAMS 0x0000000084700000, 0x0000000084600000| Untracked 
|  71|0x0000000084700000, 0x0000000084800000, 0x0000000084800000|100%| O|  |TAMS 0x0000000084800000, 0x0000000084700000| Untracked 
|  72|0x0000000084800000, 0x0000000084900000, 0x0000000084900000|100%| O|  |TAMS 0x0000000084900000, 0x0000000084800000| Untracked 
|  73|0x0000000084900000, 0x0000000084a00000, 0x0000000084a00000|100%| O|  |TAMS 0x0000000084a00000, 0x0000000084900000| Untracked 
|  74|0x0000000084a00000, 0x0000000084b00000, 0x0000000084b00000|100%| O|  |TAMS 0x0000000084b00000, 0x0000000084a00000| Untracked 
|  75|0x0000000084b00000, 0x0000000084c00000, 0x0000000084c00000|100%| O|  |TAMS 0x0000000084c00000, 0x0000000084b00000| Untracked 
|  76|0x0000000084c00000, 0x0000000084d00000, 0x0000000084d00000|100%|HS|  |TAMS 0x0000000084d00000, 0x0000000084c00000| Complete 
|  77|0x0000000084d00000, 0x0000000084e00000, 0x0000000084e00000|100%| O|  |TAMS 0x0000000084e00000, 0x0000000084d00000| Untracked 
|  78|0x0000000084e00000, 0x0000000084f00000, 0x0000000084f00000|100%| O|  |TAMS 0x0000000084f00000, 0x0000000084e00000| Untracked 
|  79|0x0000000084f00000, 0x0000000085000000, 0x0000000085000000|100%| O|  |TAMS 0x0000000085000000, 0x0000000084f00000| Untracked 
|  80|0x0000000085000000, 0x0000000085100000, 0x0000000085100000|100%| O|  |TAMS 0x0000000085100000, 0x0000000085000000| Untracked 
|  81|0x0000000085100000, 0x0000000085200000, 0x0000000085200000|100%| O|  |TAMS 0x0000000085200000, 0x0000000085100000| Untracked 
|  82|0x0000000085200000, 0x0000000085300000, 0x0000000085300000|100%| O|  |TAMS 0x0000000085300000, 0x0000000085200000| Untracked 
|  83|0x0000000085300000, 0x0000000085400000, 0x0000000085400000|100%| O|  |TAMS 0x0000000085400000, 0x0000000085300000| Untracked 
|  84|0x0000000085400000, 0x0000000085500000, 0x0000000085500000|100%| O|  |TAMS 0x0000000085500000, 0x0000000085400000| Untracked 
|  85|0x0000000085500000, 0x0000000085600000, 0x0000000085600000|100%| O|  |TAMS 0x0000000085600000, 0x0000000085500000| Untracked 
|  86|0x0000000085600000, 0x0000000085700000, 0x0000000085700000|100%| O|  |TAMS 0x0000000085700000, 0x0000000085600000| Untracked 
|  87|0x0000000085700000, 0x0000000085800000, 0x0000000085800000|100%| O|  |TAMS 0x0000000085800000, 0x0000000085700000| Untracked 
|  88|0x0000000085800000, 0x0000000085900000, 0x0000000085900000|100%| O|  |TAMS 0x0000000085900000, 0x0000000085800000| Untracked 
|  89|0x0000000085900000, 0x0000000085a00000, 0x0000000085a00000|100%| O|  |TAMS 0x0000000085a00000, 0x0000000085900000| Untracked 
|  90|0x0000000085a00000, 0x0000000085b00000, 0x0000000085b00000|100%| O|  |TAMS 0x0000000085b00000, 0x0000000085a00000| Untracked 
|  91|0x0000000085b00000, 0x0000000085b00000, 0x0000000085c00000|  0%| F|  |TAMS 0x0000000085b00000, 0x0000000085b00000| Untracked 
|  92|0x0000000085c00000, 0x0000000085d00000, 0x0000000085d00000|100%| O|  |TAMS 0x0000000085d00000, 0x0000000085c00000| Untracked 
|  93|0x0000000085d00000, 0x0000000085e00000, 0x0000000085e00000|100%| O|  |TAMS 0x0000000085e00000, 0x0000000085d00000| Untracked 
|  94|0x0000000085e00000, 0x0000000085f00000, 0x0000000085f00000|100%| O|  |TAMS 0x0000000085e17200, 0x0000000085e00000| Untracked 
|  95|0x0000000085f00000, 0x0000000086000000, 0x0000000086000000|100%|HS|  |TAMS 0x0000000086000000, 0x0000000085f00000| Complete 
|  96|0x0000000086000000, 0x0000000086100000, 0x0000000086100000|100%| O|  |TAMS 0x0000000086100000, 0x0000000086000000| Untracked 
|  97|0x0000000086100000, 0x0000000086200000, 0x0000000086200000|100%| O|  |TAMS 0x0000000086200000, 0x0000000086100000| Untracked 
|  98|0x0000000086200000, 0x0000000086300000, 0x0000000086300000|100%| O|  |TAMS 0x0000000086200000, 0x0000000086200000| Untracked 
|  99|0x0000000086300000, 0x0000000086400000, 0x0000000086400000|100%| O|  |TAMS 0x0000000086300000, 0x0000000086300000| Untracked 
| 100|0x0000000086400000, 0x0000000086415400, 0x0000000086500000|  8%| O|  |TAMS 0x0000000086400000, 0x0000000086400000| Untracked 
| 101|0x0000000086500000, 0x0000000086600000, 0x0000000086600000|100%|HS|  |TAMS 0x0000000086500000, 0x0000000086500000| Complete 
| 102|0x0000000086600000, 0x0000000086700000, 0x0000000086700000|100%|HC|  |TAMS 0x0000000086600000, 0x0000000086600000| Complete 
| 103|0x0000000086700000, 0x0000000086800000, 0x0000000086800000|100%|HS|  |TAMS 0x0000000086700000, 0x0000000086700000| Complete 
| 104|0x0000000086800000, 0x0000000086900000, 0x0000000086900000|100%|HC|  |TAMS 0x0000000086800000, 0x0000000086800000| Complete 
| 105|0x0000000086900000, 0x0000000086a00000, 0x0000000086a00000|100%| O|  |TAMS 0x0000000086a00000, 0x0000000086900000| Untracked 
| 106|0x0000000086a00000, 0x0000000086b00000, 0x0000000086b00000|100%| O|  |TAMS 0x0000000086b00000, 0x0000000086a00000| Untracked 
| 107|0x0000000086b00000, 0x0000000086c00000, 0x0000000086c00000|100%| O|  |TAMS 0x0000000086c00000, 0x0000000086b00000| Untracked 
| 108|0x0000000086c00000, 0x0000000086d00000, 0x0000000086d00000|100%|HS|  |TAMS 0x0000000086c00000, 0x0000000086c00000| Complete 
| 109|0x0000000086d00000, 0x0000000086e00000, 0x0000000086e00000|100%|HC|  |TAMS 0x0000000086d00000, 0x0000000086d00000| Complete 
| 110|0x0000000086e00000, 0x0000000086f00000, 0x0000000086f00000|100%|HC|  |TAMS 0x0000000086e00000, 0x0000000086e00000| Complete 
| 111|0x0000000086f00000, 0x0000000087000000, 0x0000000087000000|100%|HC|  |TAMS 0x0000000086f00000, 0x0000000086f00000| Complete 
| 112|0x0000000087000000, 0x0000000087100000, 0x0000000087100000|100%|HS|  |TAMS 0x0000000087000000, 0x0000000087000000| Complete 
| 113|0x0000000087100000, 0x0000000087200000, 0x0000000087200000|100%|HC|  |TAMS 0x0000000087100000, 0x0000000087100000| Complete 
| 114|0x0000000087200000, 0x0000000087300000, 0x0000000087300000|100%|HC|  |TAMS 0x0000000087200000, 0x0000000087200000| Complete 
| 115|0x0000000087300000, 0x0000000087400000, 0x0000000087400000|100%|HS|  |TAMS 0x0000000087300000, 0x0000000087300000| Complete 
| 116|0x0000000087400000, 0x0000000087500000, 0x0000000087500000|100%|HC|  |TAMS 0x0000000087400000, 0x0000000087400000| Complete 
| 117|0x0000000087500000, 0x0000000087600000, 0x0000000087600000|100%|HC|  |TAMS 0x0000000087500000, 0x0000000087500000| Complete 
| 118|0x0000000087600000, 0x0000000087600000, 0x0000000087700000|  0%| F|  |TAMS 0x0000000087600000, 0x0000000087600000| Untracked 
| 119|0x0000000087700000, 0x0000000087700000, 0x0000000087800000|  0%| F|  |TAMS 0x0000000087700000, 0x0000000087700000| Untracked 
| 120|0x0000000087800000, 0x0000000087800000, 0x0000000087900000|  0%| F|  |TAMS 0x0000000087800000, 0x0000000087800000| Untracked 
| 121|0x0000000087900000, 0x0000000087900000, 0x0000000087a00000|  0%| F|  |TAMS 0x0000000087900000, 0x0000000087900000| Untracked 
| 122|0x0000000087a00000, 0x0000000087a00000, 0x0000000087b00000|  0%| F|  |TAMS 0x0000000087a00000, 0x0000000087a00000| Untracked 
| 123|0x0000000087b00000, 0x0000000087b00000, 0x0000000087c00000|  0%| F|  |TAMS 0x0000000087b00000, 0x0000000087b00000| Untracked 
| 124|0x0000000087c00000, 0x0000000087c00000, 0x0000000087d00000|  0%| F|  |TAMS 0x0000000087c00000, 0x0000000087c00000| Untracked 
| 125|0x0000000087d00000, 0x0000000087d00000, 0x0000000087e00000|  0%| F|  |TAMS 0x0000000087d00000, 0x0000000087d00000| Untracked 
| 126|0x0000000087e00000, 0x0000000087e00000, 0x0000000087f00000|  0%| F|  |TAMS 0x0000000087e00000, 0x0000000087e00000| Untracked 
| 127|0x0000000087f00000, 0x0000000087f00000, 0x0000000088000000|  0%| F|  |TAMS 0x0000000087f00000, 0x0000000087f00000| Untracked 
| 128|0x0000000088000000, 0x0000000088000000, 0x0000000088100000|  0%| F|  |TAMS 0x0000000088000000, 0x0000000088000000| Untracked 
| 129|0x0000000088100000, 0x0000000088100000, 0x0000000088200000|  0%| F|  |TAMS 0x0000000088100000, 0x0000000088100000| Untracked 
| 130|0x0000000088200000, 0x0000000088200000, 0x0000000088300000|  0%| F|  |TAMS 0x0000000088200000, 0x0000000088200000| Untracked 
| 131|0x0000000088300000, 0x0000000088300000, 0x0000000088400000|  0%| F|  |TAMS 0x0000000088300000, 0x0000000088300000| Untracked 
| 132|0x0000000088400000, 0x0000000088400000, 0x0000000088500000|  0%| F|  |TAMS 0x0000000088400000, 0x0000000088400000| Untracked 
| 133|0x0000000088500000, 0x0000000088500000, 0x0000000088600000|  0%| F|  |TAMS 0x0000000088500000, 0x0000000088500000| Untracked 
| 134|0x0000000088600000, 0x0000000088600000, 0x0000000088700000|  0%| F|  |TAMS 0x0000000088600000, 0x0000000088600000| Untracked 
| 135|0x0000000088700000, 0x0000000088700000, 0x0000000088800000|  0%| F|  |TAMS 0x0000000088700000, 0x0000000088700000| Untracked 
| 136|0x0000000088800000, 0x0000000088800000, 0x0000000088900000|  0%| F|  |TAMS 0x0000000088800000, 0x0000000088800000| Untracked 
| 137|0x0000000088900000, 0x0000000088900000, 0x0000000088a00000|  0%| F|  |TAMS 0x0000000088900000, 0x0000000088900000| Untracked 
| 138|0x0000000088a00000, 0x0000000088a00000, 0x0000000088b00000|  0%| F|  |TAMS 0x0000000088a00000, 0x0000000088a00000| Untracked 
| 139|0x0000000088b00000, 0x0000000088b00000, 0x0000000088c00000|  0%| F|  |TAMS 0x0000000088b00000, 0x0000000088b00000| Untracked 
| 140|0x0000000088c00000, 0x0000000088c00000, 0x0000000088d00000|  0%| F|  |TAMS 0x0000000088c00000, 0x0000000088c00000| Untracked 
| 141|0x0000000088d00000, 0x0000000088d00000, 0x0000000088e00000|  0%| F|  |TAMS 0x0000000088d00000, 0x0000000088d00000| Untracked 
| 142|0x0000000088e00000, 0x0000000088e00000, 0x0000000088f00000|  0%| F|  |TAMS 0x0000000088e00000, 0x0000000088e00000| Untracked 
| 143|0x0000000088f00000, 0x0000000088f00000, 0x0000000089000000|  0%| F|  |TAMS 0x0000000088f00000, 0x0000000088f00000| Untracked 
| 144|0x0000000089000000, 0x0000000089000000, 0x0000000089100000|  0%| F|  |TAMS 0x0000000089000000, 0x0000000089000000| Untracked 
| 145|0x0000000089100000, 0x0000000089100000, 0x0000000089200000|  0%| F|  |TAMS 0x0000000089100000, 0x0000000089100000| Untracked 
| 146|0x0000000089200000, 0x0000000089200000, 0x0000000089300000|  0%| F|  |TAMS 0x0000000089200000, 0x0000000089200000| Untracked 
| 147|0x0000000089300000, 0x0000000089300000, 0x0000000089400000|  0%| F|  |TAMS 0x0000000089300000, 0x0000000089300000| Untracked 
| 148|0x0000000089400000, 0x0000000089400000, 0x0000000089500000|  0%| F|  |TAMS 0x0000000089400000, 0x0000000089400000| Untracked 
| 149|0x0000000089500000, 0x0000000089500000, 0x0000000089600000|  0%| F|  |TAMS 0x0000000089500000, 0x0000000089500000| Untracked 
| 150|0x0000000089600000, 0x0000000089600000, 0x0000000089700000|  0%| F|  |TAMS 0x0000000089600000, 0x0000000089600000| Untracked 
| 151|0x0000000089700000, 0x0000000089700000, 0x0000000089800000|  0%| F|  |TAMS 0x0000000089700000, 0x0000000089700000| Untracked 
| 152|0x0000000089800000, 0x0000000089800000, 0x0000000089900000|  0%| F|  |TAMS 0x0000000089800000, 0x0000000089800000| Untracked 
| 153|0x0000000089900000, 0x0000000089900000, 0x0000000089a00000|  0%| F|  |TAMS 0x0000000089900000, 0x0000000089900000| Untracked 
| 154|0x0000000089a00000, 0x0000000089a00000, 0x0000000089b00000|  0%| F|  |TAMS 0x0000000089a00000, 0x0000000089a00000| Untracked 
| 155|0x0000000089b00000, 0x0000000089b00000, 0x0000000089c00000|  0%| F|  |TAMS 0x0000000089b00000, 0x0000000089b00000| Untracked 
| 156|0x0000000089c00000, 0x0000000089c00000, 0x0000000089d00000|  0%| F|  |TAMS 0x0000000089c00000, 0x0000000089c00000| Untracked 
| 157|0x0000000089d00000, 0x0000000089d00000, 0x0000000089e00000|  0%| F|  |TAMS 0x0000000089d00000, 0x0000000089d00000| Untracked 
| 158|0x0000000089e00000, 0x0000000089e00000, 0x0000000089f00000|  0%| F|  |TAMS 0x0000000089e00000, 0x0000000089e00000| Untracked 
| 159|0x0000000089f00000, 0x0000000089f00000, 0x000000008a000000|  0%| F|  |TAMS 0x0000000089f00000, 0x0000000089f00000| Untracked 
| 160|0x000000008a000000, 0x000000008a000000, 0x000000008a100000|  0%| F|  |TAMS 0x000000008a000000, 0x000000008a000000| Untracked 
| 161|0x000000008a100000, 0x000000008a100000, 0x000000008a200000|  0%| F|  |TAMS 0x000000008a100000, 0x000000008a100000| Untracked 
| 162|0x000000008a200000, 0x000000008a200000, 0x000000008a300000|  0%| F|  |TAMS 0x000000008a200000, 0x000000008a200000| Untracked 
| 163|0x000000008a300000, 0x000000008a3682b0, 0x000000008a400000| 40%| E|  |TAMS 0x000000008a300000, 0x000000008a300000| Complete 
| 164|0x000000008a400000, 0x000000008a500000, 0x000000008a500000|100%| E|CS|TAMS 0x000000008a400000, 0x000000008a400000| Complete 
| 165|0x000000008a500000, 0x000000008a600000, 0x000000008a600000|100%| E|CS|TAMS 0x000000008a500000, 0x000000008a500000| Complete 
| 166|0x000000008a600000, 0x000000008a700000, 0x000000008a700000|100%| E|CS|TAMS 0x000000008a600000, 0x000000008a600000| Complete 
| 167|0x000000008a700000, 0x000000008a800000, 0x000000008a800000|100%| E|CS|TAMS 0x000000008a700000, 0x000000008a700000| Complete 
| 168|0x000000008a800000, 0x000000008a900000, 0x000000008a900000|100%| E|CS|TAMS 0x000000008a800000, 0x000000008a800000| Complete 
| 169|0x000000008a900000, 0x000000008aa00000, 0x000000008aa00000|100%| E|CS|TAMS 0x000000008a900000, 0x000000008a900000| Complete 
| 170|0x000000008aa00000, 0x000000008ab00000, 0x000000008ab00000|100%| E|CS|TAMS 0x000000008aa00000, 0x000000008aa00000| Complete 
| 171|0x000000008ab00000, 0x000000008ac00000, 0x000000008ac00000|100%| E|CS|TAMS 0x000000008ab00000, 0x000000008ab00000| Complete 
| 172|0x000000008ac00000, 0x000000008ad00000, 0x000000008ad00000|100%| E|CS|TAMS 0x000000008ac00000, 0x000000008ac00000| Complete 
| 173|0x000000008ad00000, 0x000000008ae00000, 0x000000008ae00000|100%| E|CS|TAMS 0x000000008ad00000, 0x000000008ad00000| Complete 
| 174|0x000000008ae00000, 0x000000008af00000, 0x000000008af00000|100%| E|CS|TAMS 0x000000008ae00000, 0x000000008ae00000| Complete 
| 175|0x000000008af00000, 0x000000008b000000, 0x000000008b000000|100%| E|CS|TAMS 0x000000008af00000, 0x000000008af00000| Complete 
| 176|0x000000008b000000, 0x000000008b100000, 0x000000008b100000|100%| E|CS|TAMS 0x000000008b000000, 0x000000008b000000| Complete 
| 177|0x000000008b100000, 0x000000008b200000, 0x000000008b200000|100%| E|CS|TAMS 0x000000008b100000, 0x000000008b100000| Complete 
| 178|0x000000008b200000, 0x000000008b300000, 0x000000008b300000|100%| E|CS|TAMS 0x000000008b200000, 0x000000008b200000| Complete 
| 179|0x000000008b300000, 0x000000008b400000, 0x000000008b400000|100%| E|CS|TAMS 0x000000008b300000, 0x000000008b300000| Complete 
| 180|0x000000008b400000, 0x000000008b500000, 0x000000008b500000|100%| E|CS|TAMS 0x000000008b400000, 0x000000008b400000| Complete 
| 181|0x000000008b500000, 0x000000008b600000, 0x000000008b600000|100%| E|CS|TAMS 0x000000008b500000, 0x000000008b500000| Complete 
| 182|0x000000008b600000, 0x000000008b700000, 0x000000008b700000|100%| E|CS|TAMS 0x000000008b600000, 0x000000008b600000| Complete 
| 183|0x000000008b700000, 0x000000008b800000, 0x000000008b800000|100%| E|CS|TAMS 0x000000008b700000, 0x000000008b700000| Complete 
| 184|0x000000008b800000, 0x000000008b900000, 0x000000008b900000|100%| E|  |TAMS 0x000000008b800000, 0x000000008b800000| Complete 
| 185|0x000000008b900000, 0x000000008ba00000, 0x000000008ba00000|100%| E|CS|TAMS 0x000000008b900000, 0x000000008b900000| Complete 
| 186|0x000000008ba00000, 0x000000008bb00000, 0x000000008bb00000|100%| E|CS|TAMS 0x000000008ba00000, 0x000000008ba00000| Complete 
| 187|0x000000008bb00000, 0x000000008bc00000, 0x000000008bc00000|100%| E|CS|TAMS 0x000000008bb00000, 0x000000008bb00000| Complete 
| 188|0x000000008bc00000, 0x000000008bd00000, 0x000000008bd00000|100%| E|CS|TAMS 0x000000008bc00000, 0x000000008bc00000| Complete 
| 189|0x000000008bd00000, 0x000000008be00000, 0x000000008be00000|100%| E|CS|TAMS 0x000000008bd00000, 0x000000008bd00000| Complete 
| 190|0x000000008be00000, 0x000000008bf00000, 0x000000008bf00000|100%| E|CS|TAMS 0x000000008be00000, 0x000000008be00000| Complete 
| 191|0x000000008bf00000, 0x000000008c000000, 0x000000008c000000|100%| E|CS|TAMS 0x000000008bf00000, 0x000000008bf00000| Complete 
| 192|0x000000008c000000, 0x000000008c100000, 0x000000008c100000|100%| E|CS|TAMS 0x000000008c000000, 0x000000008c000000| Complete 
| 193|0x000000008c100000, 0x000000008c200000, 0x000000008c200000|100%| E|CS|TAMS 0x000000008c100000, 0x000000008c100000| Complete 
| 194|0x000000008c200000, 0x000000008c300000, 0x000000008c300000|100%| E|CS|TAMS 0x000000008c200000, 0x000000008c200000| Complete 
| 195|0x000000008c300000, 0x000000008c400000, 0x000000008c400000|100%| E|CS|TAMS 0x000000008c300000, 0x000000008c300000| Complete 
| 196|0x000000008c400000, 0x000000008c500000, 0x000000008c500000|100%| E|CS|TAMS 0x000000008c400000, 0x000000008c400000| Complete 
| 197|0x000000008c500000, 0x000000008c600000, 0x000000008c600000|100%| E|CS|TAMS 0x000000008c500000, 0x000000008c500000| Complete 
| 198|0x000000008c600000, 0x000000008c700000, 0x000000008c700000|100%| E|CS|TAMS 0x000000008c600000, 0x000000008c600000| Complete 
| 199|0x000000008c700000, 0x000000008c800000, 0x000000008c800000|100%| E|CS|TAMS 0x000000008c700000, 0x000000008c700000| Complete 
| 200|0x000000008c800000, 0x000000008c900000, 0x000000008c900000|100%| E|CS|TAMS 0x000000008c800000, 0x000000008c800000| Complete 
| 201|0x000000008c900000, 0x000000008ca00000, 0x000000008ca00000|100%| E|CS|TAMS 0x000000008c900000, 0x000000008c900000| Complete 
| 202|0x000000008ca00000, 0x000000008cb00000, 0x000000008cb00000|100%| E|CS|TAMS 0x000000008ca00000, 0x000000008ca00000| Complete 
| 203|0x000000008cb00000, 0x000000008cc00000, 0x000000008cc00000|100%| E|CS|TAMS 0x000000008cb00000, 0x000000008cb00000| Complete 
| 204|0x000000008cc00000, 0x000000008cd00000, 0x000000008cd00000|100%| E|CS|TAMS 0x000000008cc00000, 0x000000008cc00000| Complete 
| 205|0x000000008cd00000, 0x000000008ce00000, 0x000000008ce00000|100%| E|CS|TAMS 0x000000008cd00000, 0x000000008cd00000| Complete 
| 206|0x000000008ce00000, 0x000000008cf00000, 0x000000008cf00000|100%| E|CS|TAMS 0x000000008ce00000, 0x000000008ce00000| Complete 
| 207|0x000000008cf00000, 0x000000008d000000, 0x000000008d000000|100%| E|CS|TAMS 0x000000008cf00000, 0x000000008cf00000| Complete 
| 208|0x000000008d000000, 0x000000008d100000, 0x000000008d100000|100%| E|CS|TAMS 0x000000008d000000, 0x000000008d000000| Complete 
| 209|0x000000008d100000, 0x000000008d200000, 0x000000008d200000|100%| E|CS|TAMS 0x000000008d100000, 0x000000008d100000| Complete 
| 210|0x000000008d200000, 0x000000008d300000, 0x000000008d300000|100%| E|CS|TAMS 0x000000008d200000, 0x000000008d200000| Complete 
| 211|0x000000008d300000, 0x000000008d400000, 0x000000008d400000|100%| E|CS|TAMS 0x000000008d300000, 0x000000008d300000| Complete 
| 212|0x000000008d400000, 0x000000008d500000, 0x000000008d500000|100%| E|CS|TAMS 0x000000008d400000, 0x000000008d400000| Complete 
| 213|0x000000008d500000, 0x000000008d600000, 0x000000008d600000|100%| E|CS|TAMS 0x000000008d500000, 0x000000008d500000| Complete 
| 214|0x000000008d600000, 0x000000008d700000, 0x000000008d700000|100%| E|CS|TAMS 0x000000008d600000, 0x000000008d600000| Complete 
| 215|0x000000008d700000, 0x000000008d800000, 0x000000008d800000|100%| E|CS|TAMS 0x000000008d700000, 0x000000008d700000| Complete 
| 216|0x000000008d800000, 0x000000008d900000, 0x000000008d900000|100%| E|CS|TAMS 0x000000008d800000, 0x000000008d800000| Complete 
| 217|0x000000008d900000, 0x000000008da00000, 0x000000008da00000|100%| E|CS|TAMS 0x000000008d900000, 0x000000008d900000| Complete 
| 218|0x000000008da00000, 0x000000008db00000, 0x000000008db00000|100%| E|CS|TAMS 0x000000008da00000, 0x000000008da00000| Complete 
| 219|0x000000008db00000, 0x000000008dc00000, 0x000000008dc00000|100%| E|CS|TAMS 0x000000008db00000, 0x000000008db00000| Complete 
| 220|0x000000008dc00000, 0x000000008dd00000, 0x000000008dd00000|100%| E|CS|TAMS 0x000000008dc00000, 0x000000008dc00000| Complete 
| 221|0x000000008dd00000, 0x000000008de00000, 0x000000008de00000|100%| E|CS|TAMS 0x000000008dd00000, 0x000000008dd00000| Complete 
| 222|0x000000008de00000, 0x000000008de1e5a0, 0x000000008df00000| 11%| S|CS|TAMS 0x000000008de00000, 0x000000008de00000| Complete 
| 223|0x000000008df00000, 0x000000008e000000, 0x000000008e000000|100%| S|CS|TAMS 0x000000008df00000, 0x000000008df00000| Complete 
| 224|0x000000008e000000, 0x000000008e100000, 0x000000008e100000|100%| S|CS|TAMS 0x000000008e000000, 0x000000008e000000| Complete 
| 225|0x000000008e100000, 0x000000008e200000, 0x000000008e200000|100%| S|CS|TAMS 0x000000008e100000, 0x000000008e100000| Complete 
| 226|0x000000008e200000, 0x000000008e300000, 0x000000008e300000|100%| E|CS|TAMS 0x000000008e200000, 0x000000008e200000| Complete 

Card table byte_map: [0x0000022f77230000,0x0000022f77630000] _byte_map_base: 0x0000022f76e30000

Marking Bits (Prev, Next): (CMBitMap*) 0x0000022f6f3bd870, (CMBitMap*) 0x0000022f6f3bd8b0
 Prev Bits: [0x0000022f77a30000, 0x0000022f79a30000)
 Next Bits: [0x0000022f79a30000, 0x0000022f7ba30000)

Polling page: 0x0000022f6d500000

Metaspace:

Usage:
  Non-class:     70.64 MB used.
      Class:     10.59 MB used.
       Both:     81.23 MB used.

Virtual space:
  Non-class space:       72.00 MB reserved,      70.94 MB ( 99%) committed,  9 nodes.
      Class space:        1.00 GB reserved,      10.88 MB (  1%) committed,  1 nodes.
              Both:        1.07 GB reserved,      81.81 MB (  7%) committed. 

Chunk freelists:
   Non-Class:  240.00 KB
       Class:  976.00 KB
        Both:  1.19 MB

MaxMetaspaceSize: 17179869184.00 GB
CompressedClassSpaceSize: 1.00 GB
 - commit_granule_bytes: 65536.
 - commit_granule_words: 8192.
 - virtual_space_node_default_size: 1048576.
 - enlarge_chunks_in_place: 1.
 - new_chunks_are_fully_committed: 0.
 - uncommit_free_chunks: 1.
 - use_allocation_guard: 0.
 - handle_deallocations: 1.


Internal statistics:

num_allocs_failed_limit: 6.
num_arena_births: 794.
num_arena_deaths: 14.
num_vsnodes_births: 10.
num_vsnodes_deaths: 0.
num_space_committed: 1308.
num_space_uncommitted: 0.
num_chunks_returned_to_freelist: 26.
num_chunks_taken_from_freelist: 4022.
num_chunk_merges: 15.
num_chunk_splits: 2691.
num_chunks_enlarged: 1818.
num_purges: 2.

CodeHeap 'non-profiled nmethods': size=120000Kb used=6255Kb max_used=6255Kb free=113744Kb
 bounds [0x0000022f07ad0000, 0x0000022f080f0000, 0x0000022f0f000000]
CodeHeap 'profiled nmethods': size=120000Kb used=19273Kb max_used=19273Kb free=100726Kb
 bounds [0x0000022f005a0000, 0x0000022f01880000, 0x0000022f07ad0000]
CodeHeap 'non-nmethods': size=5760Kb used=2538Kb max_used=2538Kb free=3221Kb
 bounds [0x0000022f00000000, 0x0000022f00290000, 0x0000022f005a0000]
 total_blobs=10934 nmethods=9900 adapters=944
 compilation: enabled
              stopped_count=0, restarted_count=0
 full_count=0

Compilation events (20 events):
Event: 12.160 Thread 0x0000022f7e46da80 nmethod 11549 0x0000022f01837190 code [0x0000022f01837380, 0x0000022f01837698]
Event: 12.160 Thread 0x0000022f7e46da80 11541       2       com.android.aapt.Resources$Visibility::getSerializedSize (112 bytes)
Event: 12.161 Thread 0x0000022f7e46da80 nmethod 11541 0x0000022f01837890 code [0x0000022f01837b20, 0x0000022f018383c8]
Event: 12.161 Thread 0x0000022f7e46da80 11551       2       com.android.aaptcompiler.buffer.BigBuffer$BlockRef::writeByte (39 bytes)
Event: 12.162 Thread 0x0000022f7e46da80 nmethod 11551 0x0000022f01838890 code [0x0000022f01838a40, 0x0000022f01838c58]
Event: 12.162 Thread 0x0000022f7e46da80 11557       2       com.android.aaptcompiler.Reference::<init> (37 bytes)
Event: 12.162 Thread 0x0000022f7e46da80 nmethod 11557 0x0000022f01838d90 code [0x0000022f01838fa0, 0x0000022f018394d8]
Event: 12.162 Thread 0x0000022f7e46da80 11552       2       java.nio.HeapByteBuffer::put (17 bytes)
Event: 12.163 Thread 0x0000022f7e46da80 nmethod 11552 0x0000022f01839710 code [0x0000022f018398c0, 0x0000022f01839a18]
Event: 12.163 Thread 0x0000022f7e46da80 11554       2       com.android.aaptcompiler.android.ResTableConfig::<init> (196 bytes)
Event: 12.163 Thread 0x0000022f7e46da80 nmethod 11554 0x0000022f01839b90 code [0x0000022f01839e00, 0x0000022f0183a4c8]
Event: 12.163 Thread 0x0000022f7e46da80 11555       2       com.android.aaptcompiler.ConfigDescription::<init> (12 bytes)
Event: 12.164 Thread 0x0000022f7e46da80 nmethod 11555 0x0000022f0183aa10 code [0x0000022f0183ac00, 0x0000022f0183aec8]
Event: 12.164 Thread 0x0000022f7e46da80 11562       2       com.android.aaptcompiler.ResourceName::equals (68 bytes)
Event: 12.164 Thread 0x0000022f7e46da80 nmethod 11562 0x0000022f0183b090 code [0x0000022f0183b280, 0x0000022f0183b5f8]
Event: 12.164 Thread 0x0000022f7e46da80 11550       2       com.android.aaptcompiler.ConfigDescription::<init> (49 bytes)
Event: 12.165 Thread 0x0000022f7e46da80 nmethod 11550 0x0000022f0183b790 code [0x0000022f0183b980, 0x0000022f0183bdf8]
Event: 12.165 Thread 0x0000022f7e46da80 11556       2       com.android.aaptcompiler.android.ResTableConfig::<init> (363 bytes)
Event: 12.166 Thread 0x0000022f7e46da80 nmethod 11556 0x0000022f0183c010 code [0x0000022f0183c1c0, 0x0000022f0183cbc8]
Event: 12.166 Thread 0x0000022f7e46da80 11563 %     3       com.android.aaptcompiler.ResourceUtilsKt::extractResourceName @ 66 (330 bytes)

GC Heap History (20 events):
Event: 8.551 GC heap before
{Heap before GC invocations=26 (full 0):
 garbage-first heap   total 119808K, used 95149K [0x0000000080000000, 0x0000000100000000)
  region size 1024K, 35 young (35840K), 5 survivors (5120K)
 Metaspace       used 73437K, committed 74048K, reserved 1114112K
  class space    used 9949K, committed 10240K, reserved 1048576K
}
Event: 8.556 GC heap after
{Heap after GC invocations=27 (full 0):
 garbage-first heap   total 119808K, used 68460K [0x0000000080000000, 0x0000000100000000)
  region size 1024K, 3 young (3072K), 3 survivors (3072K)
 Metaspace       used 73437K, committed 74048K, reserved 1114112K
  class space    used 9949K, committed 10240K, reserved 1048576K
}
Event: 8.746 GC heap before
{Heap before GC invocations=27 (full 0):
 garbage-first heap   total 119808K, used 96108K [0x0000000080000000, 0x0000000100000000)
  region size 1024K, 31 young (31744K), 3 survivors (3072K)
 Metaspace       used 73655K, committed 74176K, reserved 1114112K
  class space    used 9950K, committed 10240K, reserved 1048576K
}
Event: 8.750 GC heap after
{Heap after GC invocations=28 (full 0):
 garbage-first heap   total 119808K, used 70197K [0x0000000080000000, 0x0000000100000000)
  region size 1024K, 2 young (2048K), 2 survivors (2048K)
 Metaspace       used 73655K, committed 74176K, reserved 1114112K
  class space    used 9950K, committed 10240K, reserved 1048576K
}
Event: 9.387 GC heap before
{Heap before GC invocations=29 (full 0):
 garbage-first heap   total 128000K, used 96821K [0x0000000080000000, 0x0000000100000000)
  region size 1024K, 29 young (29696K), 2 survivors (2048K)
 Metaspace       used 74296K, committed 74880K, reserved 1114112K
  class space    used 10039K, committed 10304K, reserved 1048576K
}
Event: 9.389 GC heap after
{Heap after GC invocations=30 (full 0):
 garbage-first heap   total 128000K, used 71497K [0x0000000080000000, 0x0000000100000000)
  region size 1024K, 3 young (3072K), 3 survivors (3072K)
 Metaspace       used 74296K, committed 74880K, reserved 1114112K
  class space    used 10039K, committed 10304K, reserved 1048576K
}
Event: 9.936 GC heap before
{Heap before GC invocations=30 (full 0):
 garbage-first heap   total 128000K, used 99145K [0x0000000080000000, 0x0000000100000000)
  region size 1024K, 32 young (32768K), 3 survivors (3072K)
 Metaspace       used 75374K, committed 75840K, reserved 1122304K
  class space    used 10146K, committed 10368K, reserved 1048576K
}
Event: 9.943 GC heap after
{Heap after GC invocations=31 (full 0):
 garbage-first heap   total 128000K, used 79712K [0x0000000080000000, 0x0000000100000000)
  region size 1024K, 5 young (5120K), 5 survivors (5120K)
 Metaspace       used 75374K, committed 75840K, reserved 1122304K
  class space    used 10146K, committed 10368K, reserved 1048576K
}
Event: 10.258 GC heap before
{Heap before GC invocations=32 (full 0):
 garbage-first heap   total 153600K, used 103264K [0x0000000080000000, 0x0000000100000000)
  region size 1024K, 26 young (26624K), 5 survivors (5120K)
 Metaspace       used 75435K, committed 75904K, reserved 1122304K
  class space    used 10142K, committed 10368K, reserved 1048576K
}
Event: 10.269 GC heap after
{Heap after GC invocations=33 (full 0):
 garbage-first heap   total 153600K, used 92141K [0x0000000080000000, 0x0000000100000000)
  region size 1024K, 4 young (4096K), 4 survivors (4096K)
 Metaspace       used 75435K, committed 75904K, reserved 1122304K
  class space    used 10142K, committed 10368K, reserved 1048576K
}
Event: 10.586 GC heap before
{Heap before GC invocations=33 (full 0):
 garbage-first heap   total 153600K, used 113645K [0x0000000080000000, 0x0000000100000000)
  region size 1024K, 26 young (26624K), 4 survivors (4096K)
 Metaspace       used 77246K, committed 77760K, reserved 1122304K
  class space    used 10332K, committed 10624K, reserved 1048576K
}
Event: 10.592 GC heap after
{Heap after GC invocations=34 (full 0):
 garbage-first heap   total 153600K, used 95091K [0x0000000080000000, 0x0000000100000000)
  region size 1024K, 2 young (2048K), 2 survivors (2048K)
 Metaspace       used 77246K, committed 77760K, reserved 1122304K
  class space    used 10332K, committed 10624K, reserved 1048576K
}
Event: 10.805 GC heap before
{Heap before GC invocations=35 (full 0):
 garbage-first heap   total 168960K, used 104307K [0x0000000080000000, 0x0000000100000000)
  region size 1024K, 9 young (9216K), 2 survivors (2048K)
 Metaspace       used 79231K, committed 79744K, reserved 1122304K
  class space    used 10527K, committed 10752K, reserved 1048576K
}
Event: 10.813 GC heap after
{Heap after GC invocations=36 (full 0):
 garbage-first heap   total 168960K, used 101984K [0x0000000080000000, 0x0000000100000000)
  region size 1024K, 4 young (4096K), 4 survivors (4096K)
 Metaspace       used 79231K, committed 79744K, reserved 1122304K
  class space    used 10527K, committed 10752K, reserved 1048576K
}
Event: 11.396 GC heap before
{Heap before GC invocations=37 (full 0):
 garbage-first heap   total 193536K, used 133728K [0x0000000080000000, 0x0000000100000000)
  region size 1024K, 27 young (27648K), 4 survivors (4096K)
 Metaspace       used 79709K, committed 80320K, reserved 1122304K
  class space    used 10566K, committed 10880K, reserved 1048576K
}
Event: 11.402 GC heap after
{Heap after GC invocations=38 (full 0):
 garbage-first heap   total 193536K, used 101965K [0x0000000080000000, 0x0000000100000000)
  region size 1024K, 3 young (3072K), 3 survivors (3072K)
 Metaspace       used 79709K, committed 80320K, reserved 1122304K
  class space    used 10566K, committed 10880K, reserved 1048576K
}
Event: 11.623 GC heap before
{Heap before GC invocations=38 (full 0):
 garbage-first heap   total 193536K, used 113229K [0x0000000080000000, 0x0000000100000000)
  region size 1024K, 16 young (16384K), 3 survivors (3072K)
 Metaspace       used 79739K, committed 80320K, reserved 1122304K
  class space    used 10569K, committed 10880K, reserved 1048576K
}
Event: 11.632 GC heap after
{Heap after GC invocations=39 (full 0):
 garbage-first heap   total 232448K, used 106838K [0x0000000080000000, 0x0000000100000000)
  region size 1024K, 6 young (6144K), 6 survivors (6144K)
 Metaspace       used 79739K, committed 80320K, reserved 1122304K
  class space    used 10569K, committed 10880K, reserved 1048576K
}
Event: 11.639 GC heap before
{Heap before GC invocations=39 (full 0):
 garbage-first heap   total 232448K, used 107862K [0x0000000080000000, 0x0000000100000000)
  region size 1024K, 7 young (7168K), 6 survivors (6144K)
 Metaspace       used 79739K, committed 80320K, reserved 1122304K
  class space    used 10569K, committed 10880K, reserved 1048576K
}
Event: 11.646 GC heap after
{Heap after GC invocations=40 (full 0):
 garbage-first heap   total 232448K, used 107976K [0x0000000080000000, 0x0000000100000000)
  region size 1024K, 4 young (4096K), 4 survivors (4096K)
 Metaspace       used 79739K, committed 80320K, reserved 1122304K
  class space    used 10569K, committed 10880K, reserved 1048576K
}

Deoptimization events (20 events):
Event: 11.963 Thread 0x0000022f0fa299f0 Uncommon trap: trap_request=0xffffff45 fr.pc=0x0000022f07ff7194 relative=0x0000000000000e94
Event: 11.963 Thread 0x0000022f0fa299f0 Uncommon trap: reason=unstable_if action=reinterpret pc=0x0000022f07ff7194 method=java.util.concurrent.locks.AbstractQueuedSynchronizer.acquire(Ljava/util/concurrent/locks/AbstractQueuedSynchronizer$Node;IZZZJ)I @ 103 c2
Event: 11.963 Thread 0x0000022f0fa299f0 DEOPT PACKING pc=0x0000022f07ff7194 sp=0x00000068475f75d0
Event: 11.963 Thread 0x0000022f0fa299f0 DEOPT UNPACKING pc=0x0000022f0004f92e sp=0x00000068475f75b0 mode 2
Event: 11.966 Thread 0x0000022f0f4ca580 Uncommon trap: trap_request=0xffffff45 fr.pc=0x0000022f07cbe9dc relative=0x00000000000005fc
Event: 11.966 Thread 0x0000022f0f4ca580 Uncommon trap: reason=unstable_if action=reinterpret pc=0x0000022f07cbe9dc method=java.util.HashMap$HashIterator.<init>(Ljava/util/HashMap;)V @ 45 c2
Event: 11.966 Thread 0x0000022f0f4ca580 DEOPT PACKING pc=0x0000022f07cbe9dc sp=0x000000684ecfe760
Event: 11.966 Thread 0x0000022f0f4ca580 DEOPT UNPACKING pc=0x0000022f0004f92e sp=0x000000684ecfe5f0 mode 2
Event: 12.027 Thread 0x0000022f0f4c7b00 DEOPT PACKING pc=0x0000022f01798586 sp=0x000000684f4fd2a0
Event: 12.027 Thread 0x0000022f0f4c7b00 DEOPT UNPACKING pc=0x0000022f0004e77e sp=0x000000684f4fc770 mode 0
Event: 12.036 Thread 0x0000022f0f4c7b00 Uncommon trap: trap_request=0xffffff45 fr.pc=0x0000022f0803e29c relative=0x000000000000083c
Event: 12.036 Thread 0x0000022f0f4c7b00 Uncommon trap: reason=unstable_if action=reinterpret pc=0x0000022f0803e29c method=java.lang.String.regionMatches(ZILjava/lang/String;II)Z @ 52 c2
Event: 12.036 Thread 0x0000022f0f4c7b00 DEOPT PACKING pc=0x0000022f0803e29c sp=0x000000684f4fcea0
Event: 12.036 Thread 0x0000022f0f4c7b00 DEOPT UNPACKING pc=0x0000022f0004f92e sp=0x000000684f4fcdc0 mode 2
Event: 12.047 Thread 0x0000022f0f4c7b00 DEOPT PACKING pc=0x0000022f0078f9c2 sp=0x000000684f4fd220
Event: 12.047 Thread 0x0000022f0f4c7b00 DEOPT UNPACKING pc=0x0000022f0004e77e sp=0x000000684f4fc6b0 mode 0
Event: 12.061 Thread 0x0000022f0f4c7b00 DEOPT PACKING pc=0x0000022f017af99a sp=0x000000684f4fcf20
Event: 12.061 Thread 0x0000022f0f4c7b00 DEOPT UNPACKING pc=0x0000022f0004e77e sp=0x000000684f4fc3e8 mode 0
Event: 12.142 Thread 0x0000022f0f4cc010 DEOPT PACKING pc=0x0000022f0078f9c2 sp=0x000000684f1fcfe0
Event: 12.142 Thread 0x0000022f0f4cc010 DEOPT UNPACKING pc=0x0000022f0004e77e sp=0x000000684f1fc470 mode 0

Classes unloaded (7 events):
Event: 10.022 Thread 0x0000022f7e430ac0 Unloading class 0x0000000801615800 'java/lang/invoke/LambdaForm$DMH+0x0000000801615800'
Event: 10.022 Thread 0x0000022f7e430ac0 Unloading class 0x0000000801615c00 'java/lang/invoke/LambdaForm$DMH+0x0000000801615c00'
Event: 10.022 Thread 0x0000022f7e430ac0 Unloading class 0x0000000801615400 'java/lang/invoke/LambdaForm$DMH+0x0000000801615400'
Event: 10.022 Thread 0x0000022f7e430ac0 Unloading class 0x0000000801615000 'java/lang/invoke/LambdaForm$DMH+0x0000000801615000'
Event: 10.022 Thread 0x0000022f7e430ac0 Unloading class 0x0000000801614c00 'java/lang/invoke/LambdaForm$DMH+0x0000000801614c00'
Event: 10.022 Thread 0x0000022f7e430ac0 Unloading class 0x0000000801614800 'java/lang/invoke/LambdaForm$DMH+0x0000000801614800'
Event: 10.022 Thread 0x0000022f7e430ac0 Unloading class 0x0000000801614000 'java/lang/invoke/LambdaForm$DMH+0x0000000801614000'

Classes redefined (0 events):
No events

Internal exceptions (20 events):
Event: 10.503 Thread 0x0000022f0fa299f0 Exception <a 'java/lang/NoSuchMethodError'{0x0000000088316e38}: static Lcom/android/ide/common/resources/configuration/EnumBasedResourceQualifier;.<clinit>()V> (0x0000000088316e38) 
thrown [t:\workspace\open\src\hotspot\share\prims\jni.cpp, line 1210]
Event: 10.504 Thread 0x0000022f0fa299f0 Exception <a 'java/lang/NoSuchMethodError'{0x000000008831ad90}: static Lcom/android/ide/common/resources/configuration/EnumBasedResourceQualifier;.<clinit>()V> (0x000000008831ad90) 
thrown [t:\workspace\open\src\hotspot\share\prims\jni.cpp, line 1210]
Event: 10.504 Thread 0x0000022f0fa299f0 Exception <a 'java/lang/NoSuchMethodError'{0x000000008831e500}: static Lcom/android/ide/common/resources/configuration/ResourceQualifier;.<clinit>()V> (0x000000008831e500) 
thrown [t:\workspace\open\src\hotspot\share\prims\jni.cpp, line 1210]
Event: 10.505 Thread 0x0000022f0fa299f0 Exception <a 'java/lang/NoSuchMethodError'{0x000000008833eff0}: static Lcom/android/ide/common/resources/configuration/EnumBasedResourceQualifier;.<clinit>()V> (0x000000008833eff0) 
thrown [t:\workspace\open\src\hotspot\share\prims\jni.cpp, line 1210]
Event: 10.507 Thread 0x0000022f0fa299f0 Exception <a 'java/lang/NoSuchMethodError'{0x000000008835f0d8}: static Lcom/android/ide/common/resources/configuration/EnumBasedResourceQualifier;.<clinit>()V> (0x000000008835f0d8) 
thrown [t:\workspace\open\src\hotspot\share\prims\jni.cpp, line 1210]
Event: 10.509 Thread 0x0000022f0fa299f0 Exception <a 'java/lang/NoSuchMethodError'{0x000000008838aa40}: static Lcom/android/build/gradle/tasks/MergeResources$MergeResourcesVectorDrawableRenderer;.<clinit>()V> (0x000000008838aa40) 
thrown [t:\workspace\open\src\hotspot\share\prims\jni.cpp, line 1210]
Event: 10.509 Thread 0x0000022f0fa299f0 Exception <a 'java/lang/NoSuchMethodError'{0x000000008838dd30}: static Ljava/lang/Object;.<clinit>()V> (0x000000008838dd30) 
thrown [t:\workspace\open\src\hotspot\share\prims\jni.cpp, line 1210]
Event: 10.510 Thread 0x0000022f0fa299f0 Exception <a 'java/lang/NoSuchMethodError'{0x00000000883a38b0}: static Lcom/android/build/gradle/internal/LoggerWrapper$LoggerSupplier;.<clinit>()V> (0x00000000883a38b0) 
thrown [t:\workspace\open\src\hotspot\share\prims\jni.cpp, line 1210]
Event: 10.539 Thread 0x0000022f0fa299f0 Exception <a 'java/lang/NoSuchMethodError'{0x00000000881de6e0}: static Lcom/android/ide/common/resources/configuration/ResourceQualifier;.<clinit>()V> (0x00000000881de6e0) 
thrown [t:\workspace\open\src\hotspot\share\prims\jni.cpp, line 1210]
Event: 10.602 Thread 0x0000022f0f4cc010 Exception <a 'java/lang/ClassNotFoundException'{0x00000000895c3eb0}: sun/awt/resources/spi/awtProvider> (0x00000000895c3eb0) 
thrown [t:\workspace\open\src\hotspot\share\classfile\systemDictionary.cpp, line 256]
Event: 10.606 Thread 0x0000022f0f4cc010 Exception <a 'java/io/FileNotFoundException'{0x00000000895ced08}> (0x00000000895ced08) 
thrown [t:\workspace\open\src\hotspot\share\prims\jni.cpp, line 579]
Event: 10.607 Thread 0x0000022f0f4cc010 Exception <a 'java/io/FileNotFoundException'{0x00000000895d04d0}> (0x00000000895d04d0) 
thrown [t:\workspace\open\src\hotspot\share\prims\jni.cpp, line 579]
Event: 10.678 Thread 0x0000022f0fa299f0 Implicit null exception at 0x0000022f0801b034 to 0x0000022f0801b764
Event: 11.675 Thread 0x0000022f0fa299f0 Implicit null exception at 0x0000022f080a6168 to 0x0000022f080ab27c
Event: 11.740 Thread 0x0000022f0fa299f0 Exception <a 'java/lang/NoSuchMethodError'{0x000000008dc5b850}: static Lcom/android/ide/common/resources/CompileResourceRequest;.<clinit>()V> (0x000000008dc5b850) 
thrown [t:\workspace\open\src\hotspot\share\prims\jni.cpp, line 1210]
Event: 11.743 Thread 0x0000022f0fa299f0 Exception <a 'java/lang/NoSuchMethodError'{0x000000008dc77460}: static Ljava/lang/Object;.<clinit>()V> (0x000000008dc77460) 
thrown [t:\workspace\open\src\hotspot\share\prims\jni.cpp, line 1210]
Event: 11.745 Thread 0x0000022f0fa299f0 Exception <a 'java/lang/NoSuchMethodError'{0x000000008dc8e428}: static Ljava/lang/Object;.<clinit>()V> (0x000000008dc8e428) 
thrown [t:\workspace\open\src\hotspot\share\prims\jni.cpp, line 1210]
Event: 11.746 Thread 0x0000022f0fa299f0 Exception <a 'java/lang/NoSuchMethodError'{0x000000008dca4a20}: static Ljava/lang/Object;.<clinit>()V> (0x000000008dca4a20) 
thrown [t:\workspace\open\src\hotspot\share\prims\jni.cpp, line 1210]
Event: 11.770 Thread 0x0000022f0fa299f0 Exception <a 'java/lang/NoSuchMethodError'{0x000000008dbe5920}: static Lkotlin/InitializedLazyImpl;.<clinit>()V> (0x000000008dbe5920) 
thrown [t:\workspace\open\src\hotspot\share\prims\jni.cpp, line 1210]
Event: 11.796 Thread 0x0000022f0fa299f0 Exception <a 'java/lang/NoSuchMethodError'{0x000000008d9c6010}: static [Ljava/lang/Object;.<clinit>()V> (0x000000008d9c6010) 
thrown [t:\workspace\open\src\hotspot\share\prims\jni.cpp, line 1210]

Events (20 events):
Event: 11.889 loading class javax/xml/stream/events/StartElement
Event: 11.889 loading class javax/xml/stream/events/StartElement done
Event: 11.889 loading class javax/xml/stream/XMLStreamWriter
Event: 11.889 loading class javax/xml/stream/XMLStreamWriter done
Event: 11.890 loading class javax/xml/stream/events/Attribute
Event: 11.890 loading class javax/xml/stream/events/Attribute done
Event: 11.890 loading class javax/xml/stream/events/Characters
Event: 11.890 loading class javax/xml/stream/events/Characters done
Event: 11.897 loading class java/util/Spliterators$2Adapter
Event: 11.897 loading class java/util/PrimitiveIterator$OfInt
Event: 11.898 loading class java/util/PrimitiveIterator
Event: 11.900 loading class java/lang/StringUTF16$CodePointsSpliterator
Event: 11.900 loading class java/lang/StringUTF16$CodePointsSpliterator done
Event: 11.901 loading class java/util/PrimitiveIterator done
Event: 11.901 loading class java/util/PrimitiveIterator$OfInt done
Event: 11.902 loading class java/util/Spliterators$2Adapter done
Event: 11.903 loading class javax/xml/stream/events/EndElement
Event: 11.903 loading class javax/xml/stream/events/EndElement done
Event: 11.927 loading class javax/xml/stream/events/Namespace
Event: 11.927 loading class javax/xml/stream/events/Namespace done


Dynamic libraries:
0x00007ff6acd30000 - 0x00007ff6acd40000 	C:\Program Files\Java\jdk-16.0.2\bin\java.exe
0x00007ff919b30000 - 0x00007ff919d28000 	C:\WINDOWS\SYSTEM32\ntdll.dll
0x00007ff917df0000 - 0x00007ff917ead000 	C:\WINDOWS\System32\KERNEL32.DLL
0x00007ff9175a0000 - 0x00007ff91786e000 	C:\WINDOWS\System32\KERNELBASE.dll
0x00007ff917a60000 - 0x00007ff917b60000 	C:\WINDOWS\System32\ucrtbase.dll
0x00007ff9111a0000 - 0x00007ff9111b8000 	C:\Program Files\Java\jdk-16.0.2\bin\jli.dll
0x00007ff90b270000 - 0x00007ff90b289000 	C:\Program Files\Java\jdk-16.0.2\bin\VCRUNTIME140.dll
0x00007ff9183c0000 - 0x00007ff91846e000 	C:\WINDOWS\System32\ADVAPI32.dll
0x00007ff919a40000 - 0x00007ff919ade000 	C:\WINDOWS\System32\msvcrt.dll
0x00007ff9195d0000 - 0x00007ff91966c000 	C:\WINDOWS\System32\sechost.dll
0x00007ff917b90000 - 0x00007ff917cb5000 	C:\WINDOWS\System32\RPCRT4.dll
0x00007ff918dd0000 - 0x00007ff918f70000 	C:\WINDOWS\System32\USER32.dll
0x00007ff917460000 - 0x00007ff917482000 	C:\WINDOWS\System32\win32u.dll
0x00007ff918470000 - 0x00007ff91849a000 	C:\WINDOWS\System32\GDI32.dll
0x00007ff901050000 - 0x00007ff9012ea000 	C:\WINDOWS\WinSxS\amd64_microsoft.windows.common-controls_6595b64144ccf1df_6.0.19041.1110_none_60b5254171f9507e\COMCTL32.dll
0x00007ff917490000 - 0x00007ff91759b000 	C:\WINDOWS\System32\gdi32full.dll
0x00007ff917250000 - 0x00007ff9172ed000 	C:\WINDOWS\System32\msvcp_win.dll
0x00007ff9112c0000 - 0x00007ff9112ca000 	C:\WINDOWS\SYSTEM32\VERSION.dll
0x00007ff919670000 - 0x00007ff9196a0000 	C:\WINDOWS\System32\IMM32.DLL
0x00007ff911190000 - 0x00007ff91119c000 	C:\Program Files\Java\jdk-16.0.2\bin\vcruntime140_1.dll
0x00007ff8f7380000 - 0x00007ff8f7411000 	C:\Program Files\Java\jdk-16.0.2\bin\msvcp140.dll
0x00007ff8ae800000 - 0x00007ff8af3ab000 	C:\Program Files\Java\jdk-16.0.2\bin\server\jvm.dll
0x00007ff919880000 - 0x00007ff919888000 	C:\WINDOWS\System32\PSAPI.DLL
0x00007ff9150d0000 - 0x00007ff9150f7000 	C:\WINDOWS\SYSTEM32\WINMM.dll
0x00007ff912680000 - 0x00007ff912689000 	C:\WINDOWS\SYSTEM32\WSOCK32.dll
0x00007ff9199d0000 - 0x00007ff919a3b000 	C:\WINDOWS\System32\WS2_32.dll
0x00007ff915b10000 - 0x00007ff915b22000 	C:\WINDOWS\SYSTEM32\kernel.appcore.dll
0x00007ff90b250000 - 0x00007ff90b25a000 	C:\Program Files\Java\jdk-16.0.2\bin\jimage.dll
0x00007ff914ee0000 - 0x00007ff9150c4000 	C:\WINDOWS\SYSTEM32\DBGHELP.DLL
0x00007ff914d60000 - 0x00007ff914d8c000 	C:\WINDOWS\SYSTEM32\dbgcore.DLL
0x00007ff917870000 - 0x00007ff9178f2000 	C:\WINDOWS\System32\bcryptPrimitives.dll
0x00007ff909c40000 - 0x00007ff909c65000 	C:\Program Files\Java\jdk-16.0.2\bin\java.dll
0x00007ff9184a0000 - 0x00007ff918be4000 	C:\WINDOWS\System32\SHELL32.dll
0x00007ff915330000 - 0x00007ff915ac4000 	C:\WINDOWS\SYSTEM32\windows.storage.dll
0x00007ff918060000 - 0x00007ff9183b4000 	C:\WINDOWS\System32\combase.dll
0x00007ff916cb0000 - 0x00007ff916ce0000 	C:\WINDOWS\SYSTEM32\Wldp.dll
0x00007ff9197d0000 - 0x00007ff91987d000 	C:\WINDOWS\System32\SHCORE.dll
0x00007ff9196c0000 - 0x00007ff919715000 	C:\WINDOWS\System32\shlwapi.dll
0x00007ff917190000 - 0x00007ff9171af000 	C:\WINDOWS\SYSTEM32\profapi.dll
0x00007ff8ffa90000 - 0x00007ff8ffaa9000 	C:\Program Files\Java\jdk-16.0.2\bin\net.dll
0x00007ff901ce0000 - 0x00007ff901dea000 	C:\WINDOWS\SYSTEM32\WINHTTP.dll
0x00007ff916a10000 - 0x00007ff916a7a000 	C:\WINDOWS\system32\mswsock.dll
0x00007ff8ffa70000 - 0x00007ff8ffa83000 	C:\Program Files\Java\jdk-16.0.2\bin\nio.dll
0x00007ff8fe1c0000 - 0x00007ff8fe1d8000 	C:\Program Files\Java\jdk-16.0.2\bin\zip.dll
0x00007ff8fe1b0000 - 0x00007ff8fe1c0000 	C:\Program Files\Java\jdk-16.0.2\bin\verify.dll
0x00007ff912740000 - 0x00007ff912767000 	C:\Users\ITECH\.gradle\native\e1d6ef7f7dcc3fd88c89a11ec53ec762bb8ba0a96d01ffa2cd45eb1d1d8dd5c5\windows-amd64\native-platform.dll
0x00007ff8f1d00000 - 0x00007ff8f1e44000 	C:\Users\ITECH\.gradle\native\5664cfc778a61ccfe75a443a1ab52a65af34e5dc3c78e0209fed803814484fcb\windows-amd64\native-platform-file-events.dll
0x00007ff8fe1a0000 - 0x00007ff8fe1a9000 	C:\Program Files\Java\jdk-16.0.2\bin\management.dll
0x00007ff8fe190000 - 0x00007ff8fe19b000 	C:\Program Files\Java\jdk-16.0.2\bin\management_ext.dll
0x00007ff916c00000 - 0x00007ff916c18000 	C:\WINDOWS\SYSTEM32\CRYPTSP.dll
0x00007ff916320000 - 0x00007ff916354000 	C:\WINDOWS\system32\rsaenh.dll
0x00007ff917b60000 - 0x00007ff917b87000 	C:\WINDOWS\System32\bcrypt.dll
0x00007ff917110000 - 0x00007ff91713e000 	C:\WINDOWS\SYSTEM32\USERENV.dll
0x00007ff916c20000 - 0x00007ff916c2c000 	C:\WINDOWS\SYSTEM32\CRYPTBASE.dll
0x00007ff9166b0000 - 0x00007ff9166eb000 	C:\WINDOWS\SYSTEM32\IPHLPAPI.DLL
0x00007ff919ae0000 - 0x00007ff919ae8000 	C:\WINDOWS\System32\NSI.dll
0x00007ff904f10000 - 0x00007ff904f27000 	C:\WINDOWS\SYSTEM32\dhcpcsvc6.DLL
0x00007ff90b5d0000 - 0x00007ff90b5ed000 	C:\WINDOWS\SYSTEM32\dhcpcsvc.DLL
0x00007ff916700000 - 0x00007ff9167ca000 	C:\WINDOWS\SYSTEM32\DNSAPI.dll
0x00007ff8fe180000 - 0x00007ff8fe18e000 	C:\Program Files\Java\jdk-16.0.2\bin\sunmscapi.dll
0x00007ff917900000 - 0x00007ff917a56000 	C:\WINDOWS\System32\CRYPT32.dll
0x00007ff916d20000 - 0x00007ff916d47000 	C:\WINDOWS\SYSTEM32\ncrypt.dll
0x00007ff916ce0000 - 0x00007ff916d1b000 	C:\WINDOWS\SYSTEM32\NTASN1.dll
0x00007ff8c98d0000 - 0x00007ff8c98d7000 	C:\WINDOWS\system32\wshunix.dll
0x00007ff8db5a0000 - 0x00007ff8db720000 	C:\Program Files\Java\jdk-16.0.2\bin\awt.dll
0x00007ff918c80000 - 0x00007ff918d4d000 	C:\WINDOWS\System32\OLEAUT32.dll
0x00007ff914240000 - 0x00007ff9142d0000 	C:\WINDOWS\SYSTEM32\apphelp.dll
0x00007ff914920000 - 0x00007ff91494f000 	C:\WINDOWS\system32\DWMAPI.DLL
0x00007ff914640000 - 0x00007ff9146de000 	C:\WINDOWS\system32\uxtheme.dll

dbghelp: loaded successfully - version: 4.0.5 - missing functions: none
symbol engine: initialized successfully - sym options: 0x614 - pdb path: .;C:\Program Files\Java\jdk-16.0.2\bin;C:\WINDOWS\SYSTEM32;C:\WINDOWS\WinSxS\amd64_microsoft.windows.common-controls_6595b64144ccf1df_6.0.19041.1110_none_60b5254171f9507e;C:\Program Files\Java\jdk-16.0.2\bin\server;C:\Users\ITECH\.gradle\native\e1d6ef7f7dcc3fd88c89a11ec53ec762bb8ba0a96d01ffa2cd45eb1d1d8dd5c5\windows-amd64;C:\Users\ITECH\.gradle\native\5664cfc778a61ccfe75a443a1ab52a65af34e5dc3c78e0209fed803814484fcb\windows-amd64

VM Arguments:
jvm_args: --add-opens=java.base/java.util=ALL-UNNAMED --add-opens=java.base/java.lang=ALL-UNNAMED --add-opens=java.base/java.lang.invoke=ALL-UNNAMED --add-opens=java.base/java.util=ALL-UNNAMED --add-opens=java.prefs/java.util.prefs=ALL-UNNAMED --add-opens=java.prefs/java.util.prefs=ALL-UNNAMED --add-opens=java.base/java.nio.charset=ALL-UNNAMED --add-opens=java.base/java.net=ALL-UNNAMED --add-opens=java.base/java.util.concurrent.atomic=ALL-UNNAMED -Xmx2048m -Dfile.encoding=UTF-8 -Duser.country=US -Duser.language=en -Duser.variant 
java_command: org.gradle.launcher.daemon.bootstrap.GradleDaemon 7.3.3
java_class_path (initial): C:\Users\ITECH\.gradle\wrapper\dists\gradle-7.3.3-bin\6a41zxkdtcxs8rphpq6y0069z\gradle-7.3.3\lib\gradle-launcher-7.3.3.jar
Launcher Type: SUN_STANDARD

[Global flags]
     intx CICompilerCount                          = 4                                         {product} {ergonomic}
     uint ConcGCThreads                            = 2                                         {product} {ergonomic}
     uint G1ConcRefinementThreads                  = 8                                         {product} {ergonomic}
   size_t G1HeapRegionSize                         = 1048576                                   {product} {ergonomic}
    uintx GCDrainStackTargetSize                   = 64                                        {product} {ergonomic}
   size_t InitialHeapSize                          = 132120576                                 {product} {ergonomic}
   size_t MarkStackSize                            = 4194304                                   {product} {ergonomic}
   size_t MaxHeapSize                              = 2147483648                                {product} {command line}
   size_t MaxNewSize                               = 1287651328                                {product} {ergonomic}
   size_t MinHeapDeltaBytes                        = 1048576                                   {product} {ergonomic}
   size_t MinHeapSize                              = 8388608                                   {product} {ergonomic}
    uintx NonNMethodCodeHeapSize                   = 5839372                                {pd product} {ergonomic}
    uintx NonProfiledCodeHeapSize                  = 122909434                              {pd product} {ergonomic}
    uintx ProfiledCodeHeapSize                     = 122909434                              {pd product} {ergonomic}
    uintx ReservedCodeCacheSize                    = 251658240                              {pd product} {ergonomic}
     bool SegmentedCodeCache                       = true                                      {product} {ergonomic}
   size_t SoftMaxHeapSize                          = 2147483648                             {manageable} {ergonomic}
     bool UseCompressedClassPointers               = true                           {product lp64_product} {ergonomic}
     bool UseCompressedOops                        = true                           {product lp64_product} {ergonomic}
     bool UseG1GC                                  = true                                      {product} {ergonomic}
     bool UseLargePagesIndividualAllocation        = false                                  {pd product} {ergonomic}

Logging:
Log output configuration:
 #0: stdout all=warning uptime,level,tags
 #1: stderr all=off uptime,level,tags

Environment Variables:
JAVA_HOME=C:\Program Files\Java\jdk-16.0.2
PATH=C:\Program Files\Python37\Scripts\;C:\Program Files\Python37\;C:\ProgramData\Oracle\Java\javapath;C:\app\ITECH\product\11.2.0\dbhome_1\bin;C:\Program Files\Common Files\Oracle\Java\javapath;C:\Program Files (x86)\Common Files\Oracle\Java\javapath;C:\WINDOWS\system32;C:\WINDOWS;C:\WINDOWS\System32\Wbem;C:\WINDOWS\System32\WindowsPowerShell\v1.0\;C:\WINDOWS\System32\OpenSSH\;C:\Program Files\Microsoft SQL Server\130\Tools\Binn\;C:\Program Files\Microsoft SQL Server\Client SDK\ODBC\170\Tools\Binn\;C:\Program Files\dotnet\;C:\Program Files\nodejs\;C:\Program Files\Java\jdk-16.0.2\bin;C:\Program Files\Git\cmd;C:\Program Files\Java\jdk-16.0.2\bin;
USERNAME=ITECH
OS=Windows_NT
PROCESSOR_IDENTIFIER=Intel64 Family 6 Model 126 Stepping 5, GenuineIntel



---------------  S Y S T E M  ---------------

OS:
 Windows 10 , 64 bit Build 19041 (10.0.19041.1889)
OS uptime: 0 days 0:53 hours

CPU: total 8 (initial active 8) (4 cores per cpu, 2 threads per core) family 6 model 126 stepping 5 microcode 0xb0, cx8, cmov, fxsr, ht, mmx, 3dnowpref, sse, sse2, sse3, ssse3, sse4.1, sse4.2, popcnt, lzcnt, tsc, tscinvbit, avx, avx2, aes, erms, clmul, bmi1, bmi2, adx, avx512f, avx512dq, avx512cd, avx512bw, avx512vl, sha, fma, vzeroupper, avx512_vpopcntdq, avx512_vpclmulqdq, avx512_vaes, avx512_vnni, clflush, clflushopt, avx512_vmbi2, avx512_vmbi

Memory: 4k page, system-wide physical 7959M (924M free)
TotalPageFile size 7959M (AvailPageFile size 20M)
current process WorkingSet (physical memory assigned to process): 480M, peak: 493M
current process commit charge ("private bytes"): 534M, peak: 549M

vm_info: Java HotSpot(TM) 64-Bit Server VM (16.0.2+7-67) for windows-amd64 JRE (16.0.2+7-67), built on Jun  8 2021 23:24:19 by "mach5one" with MS VC++ 16.7 (VS2019)

END.
