#
# There is insufficient memory for the Java Runtime Environment to continue.
# Native memory allocation (mmap) failed to map 206569472 bytes for G1 virtual space
# Possible reasons:
#   The system is out of physical RAM or swap space
#   The process is running with CompressedOops enabled, and the Java Heap may be blocking the growth of the native heap
# Possible solutions:
#   Reduce memory load on the system
#   Increase physical memory or swap space
#   Check if swap backing store is full
#   Decrease Java heap size (-Xmx/-Xms)
#   Decrease number of Java threads
#   Decrease Java thread stack sizes (-Xss)
#   Set larger code cache with -XX:ReservedCodeCacheSize=
#   JVM is running with Unscaled Compressed Oops mode in which the Java heap is
#     placed in the first 4GB address space. The Java Heap base address is the
#     maximum limit for the native heap growth. Please use -XX:HeapBaseMinAddress
#     to set the Java Heap base and to place the Java Heap above 4GB virtual address.
# This output file may be truncated or incomplete.
#
#  Out of Memory Error (os_windows.cpp:3466), pid=2340, tid=5424
#
# JRE version: Java(TM) SE Runtime Environment (16.0.2+7) (build 16.0.2+7-67)
# Java VM: Java HotSpot(TM) 64-Bit Server VM (16.0.2+7-67, mixed mode, sharing, tiered, compressed oops, compressed class ptrs, g1 gc, windows-amd64)
# No core dump will be written. Minidumps are not enabled by default on client versions of Windows
#

---------------  S U M M A R Y ------------

Command Line: --add-opens=java.base/java.util=ALL-UNNAMED --add-opens=java.base/java.lang=ALL-UNNAMED --add-opens=java.base/java.lang.invoke=ALL-UNNAMED --add-opens=java.base/java.util=ALL-UNNAMED --add-opens=java.prefs/java.util.prefs=ALL-UNNAMED --add-opens=java.prefs/java.util.prefs=ALL-UNNAMED --add-opens=java.base/java.nio.charset=ALL-UNNAMED --add-opens=java.base/java.net=ALL-UNNAMED --add-opens=java.base/java.util.concurrent.atomic=ALL-UNNAMED -Xmx2048m -Dfile.encoding=UTF-8 -Duser.country=US -Duser.language=en -Duser.variant org.gradle.launcher.daemon.bootstrap.GradleDaemon 7.3.3

Host: Intel(R) Core(TM) i7-1065G7 CPU @ 1.30GHz, 8 cores, 7G,  Windows 10 , 64 bit Build 19041 (10.0.19041.1889)
Time: Sun Aug 21 23:05:31 2022 Egypt Standard Time elapsed time: 16.861084 seconds (0d 0h 0m 16s)

---------------  T H R E A D  ---------------

Current thread (0x000001e862ee3b70):  VMThread "VM Thread" [stack: 0x0000001dc3f00000,0x0000001dc4000000] [id=5424]

Stack: [0x0000001dc3f00000,0x0000001dc4000000]
Native frames: (J=compiled Java code, j=interpreted, Vv=VM code, C=native code)
V  [jvm.dll+0x6681ca]
V  [jvm.dll+0x7c9e69]
V  [jvm.dll+0x7cb61e]
V  [jvm.dll+0x7cbc73]
V  [jvm.dll+0x242c55]
V  [jvm.dll+0x664f89]
V  [jvm.dll+0x659b75]
V  [jvm.dll+0x2fbfbb]
V  [jvm.dll+0x3031b6]
V  [jvm.dll+0x35299e]
V  [jvm.dll+0x352bcf]
V  [jvm.dll+0x2d3028]
V  [jvm.dll+0x2d0bb5]
V  [jvm.dll+0x2d01ec]
V  [jvm.dll+0x3152d2]
V  [jvm.dll+0x7d00ab]
V  [jvm.dll+0x7d0da4]
V  [jvm.dll+0x7d12a9]
V  [jvm.dll+0x7d1564]
V  [jvm.dll+0x7d1630]
V  [jvm.dll+0x7795aa]
V  [jvm.dll+0x667066]
C  [ucrtbase.dll+0x21bb2]
C  [KERNEL32.DLL+0x17034]
C  [ntdll.dll+0x52651]

VM_Operation (0x0000001dcf0fe2f0): G1CollectForAllocation, mode: safepoint, requested by thread 0x000001e86c376ec0


---------------  P R O C E S S  ---------------

Threads class SMR info:
_java_thread_list=0x000001e869966100, length=166, elements={
0x000001e844da2890, 0x000001e862ee7570, 0x000001e862ee8080, 0x000001e862ef3e10,
0x000001e862ef4720, 0x000001e862ef5030, 0x000001e862ef7d60, 0x000001e862f00e60,
0x000001e862f02870, 0x000001e862f075e0, 0x000001e8639d6010, 0x000001e8639d8fe0,
0x000001e8639d8a90, 0x000001e8639d6560, 0x000001e8639d8540, 0x000001e8639d7aa0,
0x000001e8639d5ac0, 0x000001e8639d6ab0, 0x000001e8639d7000, 0x000001e865d4a000,
0x000001e865d49560, 0x000001e865d4ea60, 0x000001e865d48ac0, 0x000001e865d4bfe0,
0x000001e865d4b540, 0x000001e865d4efb0, 0x000001e865d49010, 0x000001e865d48570,
0x000001e865d4d520, 0x000001e865d49ab0, 0x000001e865d4ba90, 0x000001e865d4f500,
0x000001e865d4ca80, 0x000001e865d4aaa0, 0x000001e865d4da70, 0x000001e865d47ad0,
0x000001e865d4c530, 0x000001e865d4cfd0, 0x000001e865d4dfc0, 0x000001e865d4e510,
0x000001e86722d590, 0x000001e867226600, 0x000001e867228090, 0x000001e8672285e0,
0x000001e8672260b0, 0x000001e86722b5b0, 0x000001e867226b50, 0x000001e86722bb00,
0x000001e86722c050, 0x000001e86722dae0, 0x000001e867229080, 0x000001e86722a5c0,
0x000001e8672275f0, 0x000001e86722c5a0, 0x000001e86722caf0, 0x000001e867227b40,
0x000001e86722d040, 0x000001e8672270a0, 0x000001e86722a070, 0x000001e86722b060,
0x000001e867229b20, 0x000001e86722ab10, 0x000001e867228b30, 0x000001e8672295d0,
0x000001e868e0d560, 0x000001e868e0e000, 0x000001e868e09050, 0x000001e868e07070,
0x000001e868e075c0, 0x000001e868e07b10, 0x000001e868e0e550, 0x000001e868e095a0,
0x000001e868e085b0, 0x000001e868e0bad0, 0x000001e868e0eaa0, 0x000001e868e0c020,
0x000001e868e0c570, 0x000001e868e0dab0, 0x000001e868e08060, 0x000001e868e0aae0,
0x000001e868e08b00, 0x000001e868e09af0, 0x000001e868e0d010, 0x000001e868e0a040,
0x000001e868e0a590, 0x000001e868e0b580, 0x000001e868e0b030, 0x000001e868e0cac0,
0x000001e866b17ac0, 0x000001e866b17570, 0x000001e866b16580, 0x000001e866b18010,
0x000001e866b15ae0, 0x000001e866b15040, 0x000001e866b12b10, 0x000001e866b14af0,
0x000001e866b125c0, 0x000001e866b16ad0, 0x000001e866b17020, 0x000001e866b15590,
0x000001e866b145a0, 0x000001e866b11b20, 0x000001e866b14050, 0x000001e866b105e0,
0x000001e866b10b30, 0x000001e866b11080, 0x000001e866b16030, 0x000001e866b115d0,
0x000001e866b12070, 0x000001e866b13060, 0x000001e866b135b0, 0x000001e866b13b00,
0x000001e866c4e060, 0x000001e866c4eb00, 0x000001e866c50040, 0x000001e866c4a0a0,
0x000001e866c48b60, 0x000001e866c4faf0, 0x000001e866c4d5c0, 0x000001e866c50590,
0x000001e866c4cb20, 0x000001e866c4c5d0, 0x000001e866c4c080, 0x000001e866c4ab40,
0x000001e866c4d070, 0x000001e866c49b50, 0x000001e866c4db10, 0x000001e866c490b0,
0x000001e866c4b5e0, 0x000001e866c4bb30, 0x000001e866c4e5b0, 0x000001e8639d7550,
0x000001e864bc5030, 0x000001e864bc4590, 0x000001e864bc3050, 0x000001e864bc4ae0,
0x000001e864bc3af0, 0x000001e864bc2b00, 0x000001e864bc4040, 0x000001e866c4a5f0,
0x000001e867410e70, 0x000001e86740b420, 0x000001e86740e940, 0x000001e86740aed0,
0x000001e86740d400, 0x000001e86740a980, 0x000001e8674113c0, 0x000001e86740b970,
0x000001e86740c960, 0x000001e86740ee90, 0x000001e8673bc6c0, 0x000001e8673b9fd0,
0x000001e86740bec0, 0x000001e867411910, 0x000001e86740d950, 0x000001e86740dea0,
0x000001e86740f930, 0x000001e86740e3f0, 0x000001e86740c410, 0x000001e867409ee0,
0x000001e86740fe80, 0x000001e867410920, 0x000001e86c37a930, 0x000001e86c37d3b0,
0x000001e86c37ae80, 0x000001e86c376ec0
}

Java Threads: ( => current thread )
  0x000001e844da2890 JavaThread "main" [_thread_blocked, id=10280, stack(0x0000001dc3900000,0x0000001dc3a00000)]
  0x000001e862ee7570 JavaThread "Reference Handler" daemon [_thread_blocked, id=12472, stack(0x0000001dc4000000,0x0000001dc4100000)]
  0x000001e862ee8080 JavaThread "Finalizer" daemon [_thread_blocked, id=13180, stack(0x0000001dc4100000,0x0000001dc4200000)]
  0x000001e862ef3e10 JavaThread "Signal Dispatcher" daemon [_thread_blocked, id=11476, stack(0x0000001dc4200000,0x0000001dc4300000)]
  0x000001e862ef4720 JavaThread "Attach Listener" daemon [_thread_blocked, id=6292, stack(0x0000001dc4300000,0x0000001dc4400000)]
  0x000001e862ef5030 JavaThread "Service Thread" daemon [_thread_blocked, id=8732, stack(0x0000001dc4400000,0x0000001dc4500000)]
  0x000001e862ef7d60 JavaThread "Monitor Deflation Thread" daemon [_thread_blocked, id=9072, stack(0x0000001dc4500000,0x0000001dc4600000)]
  0x000001e862f00e60 JavaThread "C2 CompilerThread0" daemon [_thread_in_native, id=1836, stack(0x0000001dc4600000,0x0000001dc4700000)]
  0x000001e862f02870 JavaThread "C1 CompilerThread0" daemon [_thread_blocked, id=5384, stack(0x0000001dc4700000,0x0000001dc4800000)]
  0x000001e862f075e0 JavaThread "Sweeper thread" daemon [_thread_blocked, id=8168, stack(0x0000001dc4800000,0x0000001dc4900000)]
  0x000001e8639d6010 JavaThread "Common-Cleaner" daemon [_thread_blocked, id=3472, stack(0x0000001dc4900000,0x0000001dc4a00000)]
  0x000001e8639d8fe0 JavaThread "Notification Thread" daemon [_thread_blocked, id=1860, stack(0x0000001dc4a00000,0x0000001dc4b00000)]
  0x000001e8639d8a90 JavaThread "Daemon health stats" [_thread_blocked, id=5180, stack(0x0000001dc5200000,0x0000001dc5300000)]
  0x000001e8639d6560 JavaThread "Incoming local TCP Connector on port 61712" [_thread_in_native, id=3160, stack(0x0000001dc5300000,0x0000001dc5400000)]
  0x000001e8639d8540 JavaThread "Daemon periodic checks" [_thread_blocked, id=144, stack(0x0000001dc5400000,0x0000001dc5500000)]
  0x000001e8639d7aa0 JavaThread "Daemon" [_thread_blocked, id=5140, stack(0x0000001dc5500000,0x0000001dc5600000)]
  0x000001e8639d5ac0 JavaThread "Handler for socket connection from /127.0.0.1:61712 to /127.0.0.1:61713" [_thread_in_native, id=10192, stack(0x0000001dc5600000,0x0000001dc5700000)]
  0x000001e8639d6ab0 JavaThread "Cancel handler" [_thread_blocked, id=9544, stack(0x0000001dc5700000,0x0000001dc5800000)]
  0x000001e8639d7000 JavaThread "Daemon worker" [_thread_blocked, id=1096, stack(0x0000001dc5800000,0x0000001dc5900000)]
  0x000001e865d4a000 JavaThread "Asynchronous log dispatcher for DefaultDaemonConnection: socket connection from /127.0.0.1:61712 to /127.0.0.1:61713" [_thread_blocked, id=9212, stack(0x0000001dc5900000,0x0000001dc5a00000)]
  0x000001e865d49560 JavaThread "Stdin handler" [_thread_blocked, id=972, stack(0x0000001dc5a00000,0x0000001dc5b00000)]
  0x000001e865d4ea60 JavaThread "Daemon client event forwarder" [_thread_blocked, id=13160, stack(0x0000001dc5b00000,0x0000001dc5c00000)]
  0x000001e865d48ac0 JavaThread "Cache worker for journal cache (C:\Users\ITECH\.gradle\caches\journal-1)" [_thread_blocked, id=10652, stack(0x0000001dc5c00000,0x0000001dc5d00000)]
  0x000001e865d4bfe0 JavaThread "File lock request listener" [_thread_in_native, id=10756, stack(0x0000001dc5d00000,0x0000001dc5e00000)]
  0x000001e865d4b540 JavaThread "Cache worker for file hash cache (C:\Users\ITECH\.gradle\caches\7.3.3\fileHashes)" [_thread_blocked, id=7388, stack(0x0000001dc5e00000,0x0000001dc5f00000)]
  0x000001e865d4efb0 JavaThread "Cache worker for file hash cache (C:\Users\ITECH\AndroidStudioProjects\yummy\.gradle\7.3.3\fileHashes)" [_thread_blocked, id=5628, stack(0x0000001dc5f00000,0x0000001dc6000000)]
  0x000001e865d49010 JavaThread "File watcher server" daemon [_thread_blocked, id=9160, stack(0x0000001dc6300000,0x0000001dc6400000)]
  0x000001e865d48570 JavaThread "File watcher consumer" daemon [_thread_blocked, id=10836, stack(0x0000001dc6400000,0x0000001dc6500000)]
  0x000001e865d4d520 JavaThread "Cache worker for checksums cache (C:\Users\ITECH\AndroidStudioProjects\yummy\.gradle\7.3.3\checksums)" [_thread_blocked, id=1248, stack(0x0000001dc6500000,0x0000001dc6600000)]
  0x000001e865d49ab0 JavaThread "Cache worker for cache directory md-supplier (C:\Users\ITECH\.gradle\caches\7.3.3\md-supplier)" [_thread_blocked, id=8272, stack(0x0000001dc6600000,0x0000001dc6700000)]
  0x000001e865d4ba90 JavaThread "Cache worker for cache directory md-rule (C:\Users\ITECH\.gradle\caches\7.3.3\md-rule)" [_thread_blocked, id=11880, stack(0x0000001dc6700000,0x0000001dc6800000)]
  0x000001e865d4f500 JavaThread "Cache worker for execution history cache (C:\Users\ITECH\.gradle\caches\7.3.3\executionHistory)" [_thread_blocked, id=6264, stack(0x0000001dc6900000,0x0000001dc6a00000)]
  0x000001e865d4ca80 JavaThread "jar transforms" [_thread_blocked, id=10324, stack(0x0000001dc6a00000,0x0000001dc6b00000)]
  0x000001e865d4aaa0 JavaThread "Cache worker for file content cache (C:\Users\ITECH\.gradle\caches\7.3.3\fileContent)" [_thread_blocked, id=4312, stack(0x0000001dc6b00000,0x0000001dc6c00000)]
  0x000001e865d4da70 JavaThread "jar transforms Thread 2" [_thread_blocked, id=6384, stack(0x0000001dc6c00000,0x0000001dc6d00000)]
  0x000001e865d47ad0 JavaThread "Cache worker for dependencies-accessors (C:\Users\ITECH\AndroidStudioProjects\yummy\.gradle\7.3.3\dependencies-accessors)" [_thread_blocked, id=5568, stack(0x0000001dc6d00000,0x0000001dc6e00000)]
  0x000001e865d4c530 JavaThread "jar transforms Thread 3" [_thread_blocked, id=2604, stack(0x0000001dc6e00000,0x0000001dc6f00000)]
  0x000001e865d4cfd0 JavaThread "Cache worker for Build Output Cleanup Cache (C:\Users\ITECH\AndroidStudioProjects\yummy\.gradle\buildOutputCleanup)" [_thread_blocked, id=3668, stack(0x0000001dc6f00000,0x0000001dc7000000)]
  0x000001e865d4dfc0 JavaThread "Unconstrained build operations" [_thread_blocked, id=5368, stack(0x0000001dc7000000,0x0000001dc7100000)]
  0x000001e865d4e510 JavaThread "Unconstrained build operations Thread 2" [_thread_blocked, id=9576, stack(0x0000001dc7100000,0x0000001dc7200000)]
  0x000001e86722d590 JavaThread "Unconstrained build operations Thread 3" [_thread_blocked, id=2784, stack(0x0000001dc7200000,0x0000001dc7300000)]
  0x000001e867226600 JavaThread "Unconstrained build operations Thread 4" [_thread_blocked, id=12136, stack(0x0000001dc7300000,0x0000001dc7400000)]
  0x000001e867228090 JavaThread "Unconstrained build operations Thread 5" [_thread_blocked, id=4588, stack(0x0000001dc7400000,0x0000001dc7500000)]
  0x000001e8672285e0 JavaThread "Unconstrained build operations Thread 6" [_thread_blocked, id=8608, stack(0x0000001dc7500000,0x0000001dc7600000)]
  0x000001e8672260b0 JavaThread "Unconstrained build operations Thread 7" [_thread_blocked, id=8596, stack(0x0000001dc7600000,0x0000001dc7700000)]
  0x000001e86722b5b0 JavaThread "Unconstrained build operations Thread 8" [_thread_blocked, id=13216, stack(0x0000001dc7700000,0x0000001dc7800000)]
  0x000001e867226b50 JavaThread "Unconstrained build operations Thread 9" [_thread_blocked, id=9960, stack(0x0000001dc7800000,0x0000001dc7900000)]
  0x000001e86722bb00 JavaThread "Unconstrained build operations Thread 10" [_thread_blocked, id=3012, stack(0x0000001dc7900000,0x0000001dc7a00000)]
  0x000001e86722c050 JavaThread "Unconstrained build operations Thread 11" [_thread_blocked, id=960, stack(0x0000001dc7a00000,0x0000001dc7b00000)]
  0x000001e86722dae0 JavaThread "Unconstrained build operations Thread 12" [_thread_blocked, id=7996, stack(0x0000001dc7b00000,0x0000001dc7c00000)]
  0x000001e867229080 JavaThread "Unconstrained build operations Thread 13" [_thread_blocked, id=2600, stack(0x0000001dc7c00000,0x0000001dc7d00000)]
  0x000001e86722a5c0 JavaThread "Unconstrained build operations Thread 14" [_thread_blocked, id=10220, stack(0x0000001dc7d00000,0x0000001dc7e00000)]
  0x000001e8672275f0 JavaThread "Unconstrained build operations Thread 15" [_thread_blocked, id=2928, stack(0x0000001dc7e00000,0x0000001dc7f00000)]
  0x000001e86722c5a0 JavaThread "Unconstrained build operations Thread 16" [_thread_blocked, id=11624, stack(0x0000001dc7f00000,0x0000001dc8000000)]
  0x000001e86722caf0 JavaThread "Unconstrained build operations Thread 17" [_thread_blocked, id=3824, stack(0x0000001dc8000000,0x0000001dc8100000)]
  0x000001e867227b40 JavaThread "Unconstrained build operations Thread 18" [_thread_blocked, id=12516, stack(0x0000001dc8100000,0x0000001dc8200000)]
  0x000001e86722d040 JavaThread "Unconstrained build operations Thread 19" [_thread_blocked, id=6724, stack(0x0000001dc8200000,0x0000001dc8300000)]
  0x000001e8672270a0 JavaThread "Unconstrained build operations Thread 20" [_thread_blocked, id=8480, stack(0x0000001dc8300000,0x0000001dc8400000)]
  0x000001e86722a070 JavaThread "Unconstrained build operations Thread 21" [_thread_blocked, id=10284, stack(0x0000001dc8400000,0x0000001dc8500000)]
  0x000001e86722b060 JavaThread "Unconstrained build operations Thread 22" [_thread_blocked, id=244, stack(0x0000001dc8500000,0x0000001dc8600000)]
  0x000001e867229b20 JavaThread "Unconstrained build operations Thread 23" [_thread_blocked, id=4584, stack(0x0000001dc8600000,0x0000001dc8700000)]
  0x000001e86722ab10 JavaThread "Unconstrained build operations Thread 24" [_thread_blocked, id=9968, stack(0x0000001dc8700000,0x0000001dc8800000)]
  0x000001e867228b30 JavaThread "Unconstrained build operations Thread 25" [_thread_blocked, id=10216, stack(0x0000001dc8800000,0x0000001dc8900000)]
  0x000001e8672295d0 JavaThread "Unconstrained build operations Thread 26" [_thread_blocked, id=4744, stack(0x0000001dc8900000,0x0000001dc8a00000)]
  0x000001e868e0d560 JavaThread "Unconstrained build operations Thread 27" [_thread_blocked, id=9340, stack(0x0000001dc8a00000,0x0000001dc8b00000)]
  0x000001e868e0e000 JavaThread "Unconstrained build operations Thread 28" [_thread_blocked, id=9708, stack(0x0000001dc8b00000,0x0000001dc8c00000)]
  0x000001e868e09050 JavaThread "Unconstrained build operations Thread 29" [_thread_blocked, id=10908, stack(0x0000001dc8c00000,0x0000001dc8d00000)]
  0x000001e868e07070 JavaThread "Unconstrained build operations Thread 30" [_thread_blocked, id=1428, stack(0x0000001dc8d00000,0x0000001dc8e00000)]
  0x000001e868e075c0 JavaThread "Unconstrained build operations Thread 31" [_thread_blocked, id=12384, stack(0x0000001dc8e00000,0x0000001dc8f00000)]
  0x000001e868e07b10 JavaThread "Unconstrained build operations Thread 32" [_thread_blocked, id=4468, stack(0x0000001dc8f00000,0x0000001dc9000000)]
  0x000001e868e0e550 JavaThread "Unconstrained build operations Thread 33" [_thread_blocked, id=7232, stack(0x0000001dc9000000,0x0000001dc9100000)]
  0x000001e868e095a0 JavaThread "Unconstrained build operations Thread 34" [_thread_blocked, id=13244, stack(0x0000001dc9100000,0x0000001dc9200000)]
  0x000001e868e085b0 JavaThread "Unconstrained build operations Thread 35" [_thread_blocked, id=5400, stack(0x0000001dc9200000,0x0000001dc9300000)]
  0x000001e868e0bad0 JavaThread "Unconstrained build operations Thread 36" [_thread_blocked, id=10256, stack(0x0000001dc9300000,0x0000001dc9400000)]
  0x000001e868e0eaa0 JavaThread "Unconstrained build operations Thread 37" [_thread_blocked, id=1820, stack(0x0000001dc9400000,0x0000001dc9500000)]
  0x000001e868e0c020 JavaThread "Unconstrained build operations Thread 38" [_thread_blocked, id=2252, stack(0x0000001dc9500000,0x0000001dc9600000)]
  0x000001e868e0c570 JavaThread "Unconstrained build operations Thread 39" [_thread_blocked, id=8432, stack(0x0000001dc9600000,0x0000001dc9700000)]
  0x000001e868e0dab0 JavaThread "Unconstrained build operations Thread 40" [_thread_blocked, id=10304, stack(0x0000001dc9700000,0x0000001dc9800000)]
  0x000001e868e08060 JavaThread "Unconstrained build operations Thread 41" [_thread_blocked, id=10884, stack(0x0000001dc9800000,0x0000001dc9900000)]
  0x000001e868e0aae0 JavaThread "Unconstrained build operations Thread 42" [_thread_blocked, id=9456, stack(0x0000001dc9900000,0x0000001dc9a00000)]
  0x000001e868e08b00 JavaThread "Unconstrained build operations Thread 43" [_thread_blocked, id=3404, stack(0x0000001dc9a00000,0x0000001dc9b00000)]
  0x000001e868e09af0 JavaThread "Unconstrained build operations Thread 44" [_thread_blocked, id=11072, stack(0x0000001dc9b00000,0x0000001dc9c00000)]
  0x000001e868e0d010 JavaThread "Unconstrained build operations Thread 45" [_thread_blocked, id=8880, stack(0x0000001dc9c00000,0x0000001dc9d00000)]
  0x000001e868e0a040 JavaThread "Unconstrained build operations Thread 46" [_thread_blocked, id=7400, stack(0x0000001dc9d00000,0x0000001dc9e00000)]
  0x000001e868e0a590 JavaThread "Unconstrained build operations Thread 47" [_thread_blocked, id=4180, stack(0x0000001dc9e00000,0x0000001dc9f00000)]
  0x000001e868e0b580 JavaThread "Unconstrained build operations Thread 48" [_thread_blocked, id=8944, stack(0x0000001dc9f00000,0x0000001dca000000)]
  0x000001e868e0b030 JavaThread "Unconstrained build operations Thread 49" [_thread_blocked, id=12848, stack(0x0000001dca000000,0x0000001dca100000)]
  0x000001e868e0cac0 JavaThread "Unconstrained build operations Thread 50" [_thread_blocked, id=11764, stack(0x0000001dca100000,0x0000001dca200000)]
  0x000001e866b17ac0 JavaThread "Unconstrained build operations Thread 51" [_thread_blocked, id=7100, stack(0x0000001dca200000,0x0000001dca300000)]
  0x000001e866b17570 JavaThread "Unconstrained build operations Thread 52" [_thread_blocked, id=12976, stack(0x0000001dca300000,0x0000001dca400000)]
  0x000001e866b16580 JavaThread "Unconstrained build operations Thread 53" [_thread_blocked, id=496, stack(0x0000001dca400000,0x0000001dca500000)]
  0x000001e866b18010 JavaThread "Unconstrained build operations Thread 54" [_thread_blocked, id=9204, stack(0x0000001dca500000,0x0000001dca600000)]
  0x000001e866b15ae0 JavaThread "Unconstrained build operations Thread 55" [_thread_blocked, id=10092, stack(0x0000001dca600000,0x0000001dca700000)]
  0x000001e866b15040 JavaThread "Unconstrained build operations Thread 56" [_thread_blocked, id=5520, stack(0x0000001dca700000,0x0000001dca800000)]
  0x000001e866b12b10 JavaThread "Unconstrained build operations Thread 57" [_thread_blocked, id=12000, stack(0x0000001dca800000,0x0000001dca900000)]
  0x000001e866b14af0 JavaThread "Unconstrained build operations Thread 58" [_thread_blocked, id=7612, stack(0x0000001dca900000,0x0000001dcaa00000)]
  0x000001e866b125c0 JavaThread "Unconstrained build operations Thread 59" [_thread_blocked, id=10564, stack(0x0000001dcaa00000,0x0000001dcab00000)]
  0x000001e866b16ad0 JavaThread "Unconstrained build operations Thread 60" [_thread_blocked, id=6560, stack(0x0000001dcab00000,0x0000001dcac00000)]
  0x000001e866b17020 JavaThread "Unconstrained build operations Thread 61" [_thread_blocked, id=11592, stack(0x0000001dcac00000,0x0000001dcad00000)]
  0x000001e866b15590 JavaThread "Unconstrained build operations Thread 62" [_thread_blocked, id=9236, stack(0x0000001dcad00000,0x0000001dcae00000)]
  0x000001e866b145a0 JavaThread "Unconstrained build operations Thread 63" [_thread_blocked, id=4728, stack(0x0000001dcae00000,0x0000001dcaf00000)]
  0x000001e866b11b20 JavaThread "Unconstrained build operations Thread 64" [_thread_blocked, id=2456, stack(0x0000001dcaf00000,0x0000001dcb000000)]
  0x000001e866b14050 JavaThread "Unconstrained build operations Thread 65" [_thread_blocked, id=13012, stack(0x0000001dcb000000,0x0000001dcb100000)]
  0x000001e866b105e0 JavaThread "Unconstrained build operations Thread 66" [_thread_blocked, id=6540, stack(0x0000001dcb100000,0x0000001dcb200000)]
  0x000001e866b10b30 JavaThread "Unconstrained build operations Thread 67" [_thread_blocked, id=11496, stack(0x0000001dcb200000,0x0000001dcb300000)]
  0x000001e866b11080 JavaThread "Unconstrained build operations Thread 68" [_thread_blocked, id=12044, stack(0x0000001dcb300000,0x0000001dcb400000)]
  0x000001e866b16030 JavaThread "Unconstrained build operations Thread 69" [_thread_blocked, id=9776, stack(0x0000001dcb400000,0x0000001dcb500000)]
  0x000001e866b115d0 JavaThread "Unconstrained build operations Thread 70" [_thread_blocked, id=10004, stack(0x0000001dcb500000,0x0000001dcb600000)]
  0x000001e866b12070 JavaThread "Unconstrained build operations Thread 71" [_thread_blocked, id=8284, stack(0x0000001dcb600000,0x0000001dcb700000)]
  0x000001e866b13060 JavaThread "Unconstrained build operations Thread 72" [_thread_blocked, id=13104, stack(0x0000001dcb700000,0x0000001dcb800000)]
  0x000001e866b135b0 JavaThread "Unconstrained build operations Thread 73" [_thread_blocked, id=6432, stack(0x0000001dcb800000,0x0000001dcb900000)]
  0x000001e866b13b00 JavaThread "Unconstrained build operations Thread 74" [_thread_blocked, id=4676, stack(0x0000001dcb900000,0x0000001dcba00000)]
  0x000001e866c4e060 JavaThread "Unconstrained build operations Thread 75" [_thread_blocked, id=8008, stack(0x0000001dcba00000,0x0000001dcbb00000)]
  0x000001e866c4eb00 JavaThread "Unconstrained build operations Thread 76" [_thread_blocked, id=12868, stack(0x0000001dcbb00000,0x0000001dcbc00000)]
  0x000001e866c50040 JavaThread "Unconstrained build operations Thread 77" [_thread_blocked, id=10776, stack(0x0000001dcbc00000,0x0000001dcbd00000)]
  0x000001e866c4a0a0 JavaThread "Unconstrained build operations Thread 78" [_thread_blocked, id=2436, stack(0x0000001dcbd00000,0x0000001dcbe00000)]
  0x000001e866c48b60 JavaThread "Unconstrained build operations Thread 79" [_thread_blocked, id=1488, stack(0x0000001dcbe00000,0x0000001dcbf00000)]
  0x000001e866c4faf0 JavaThread "Unconstrained build operations Thread 80" [_thread_blocked, id=592, stack(0x0000001dcbf00000,0x0000001dcc000000)]
  0x000001e866c4d5c0 JavaThread "jar transforms Thread 4" [_thread_blocked, id=9988, stack(0x0000001dcc000000,0x0000001dcc100000)]
  0x000001e866c50590 JavaThread "jar transforms Thread 5" [_thread_blocked, id=3300, stack(0x0000001dcc100000,0x0000001dcc200000)]
  0x000001e866c4cb20 JavaThread "jar transforms Thread 6" [_thread_blocked, id=12888, stack(0x0000001dcc200000,0x0000001dcc300000)]
  0x000001e866c4c5d0 JavaThread "jar transforms Thread 7" [_thread_blocked, id=11948, stack(0x0000001dcc300000,0x0000001dcc400000)]
  0x000001e866c4c080 JavaThread "jar transforms Thread 8" [_thread_blocked, id=11768, stack(0x0000001dcc400000,0x0000001dcc500000)]
  0x000001e866c4ab40 JavaThread "Memory manager" [_thread_blocked, id=4664, stack(0x0000001dcc600000,0x0000001dcc700000)]
  0x000001e866c4d070 JavaThread "build event listener" [_thread_blocked, id=8064, stack(0x0000001dcc700000,0x0000001dcc800000)]
  0x000001e866c49b50 JavaThread "pool-3-thread-1" [_thread_blocked, id=12264, stack(0x0000001dcc800000,0x0000001dcc900000)]
  0x000001e866c4db10 JavaThread "build event listener" [_thread_blocked, id=11016, stack(0x0000001dcc900000,0x0000001dcca00000)]
  0x000001e866c490b0 JavaThread "Execution worker for ':'" [_thread_blocked, id=4668, stack(0x0000001dcca00000,0x0000001dccb00000)]
  0x000001e866c4b5e0 JavaThread "Execution worker for ':' Thread 2" [_thread_blocked, id=9124, stack(0x0000001dccb00000,0x0000001dccc00000)]
  0x000001e866c4bb30 JavaThread "Execution worker for ':' Thread 3" [_thread_blocked, id=8472, stack(0x0000001dccc00000,0x0000001dccd00000)]
  0x000001e866c4e5b0 JavaThread "Execution worker for ':' Thread 4" [_thread_blocked, id=10368, stack(0x0000001dccd00000,0x0000001dcce00000)]
  0x000001e8639d7550 JavaThread "Execution worker for ':' Thread 5" [_thread_blocked, id=13060, stack(0x0000001dcce00000,0x0000001dccf00000)]
  0x000001e864bc5030 JavaThread "Execution worker for ':' Thread 6" [_thread_blocked, id=1904, stack(0x0000001dccf00000,0x0000001dcd000000)]
  0x000001e864bc4590 JavaThread "Execution worker for ':' Thread 7" [_thread_blocked, id=8988, stack(0x0000001dcd000000,0x0000001dcd100000)]
  0x000001e864bc3050 JavaThread "Cache worker for execution history cache (C:\Users\ITECH\AndroidStudioProjects\yummy\.gradle\7.3.3\executionHistory)" [_thread_blocked, id=11600, stack(0x0000001dcd100000,0x0000001dcd200000)]
  0x000001e864bc4ae0 JavaThread "WorkerExecutor Queue" [_thread_blocked, id=9408, stack(0x0000001dc5000000,0x0000001dc5100000)]
  0x000001e864bc3af0 JavaThread "WorkerExecutor Queue Thread 2" [_thread_blocked, id=9564, stack(0x0000001dcd300000,0x0000001dcd400000)]
  0x000001e864bc2b00 JavaThread "WorkerExecutor Queue Thread 3" [_thread_blocked, id=8932, stack(0x0000001dcd400000,0x0000001dcd500000)]
  0x000001e864bc4040 JavaThread "pool-4-thread-1" [_thread_blocked, id=2080, stack(0x0000001dcd500000,0x0000001dcd600000)]
  0x000001e866c4a5f0 JavaThread "stderr" [_thread_in_native, id=9180, stack(0x0000001dcd600000,0x0000001dcd700000)]
  0x000001e867410e70 JavaThread "stdout" [_thread_in_native, id=7516, stack(0x0000001dcd700000,0x0000001dcd800000)]
  0x000001e86740b420 JavaThread "Cache worker for Java compile cache (C:\Users\ITECH\.gradle\caches\7.3.3\javaCompile)" [_thread_blocked, id=3432, stack(0x0000001dcd800000,0x0000001dcd900000)]
  0x000001e86740e940 JavaThread "Build operations" [_thread_blocked, id=9108, stack(0x0000001dcd900000,0x0000001dcda00000)]
  0x000001e86740aed0 JavaThread "Build operations Thread 2" [_thread_blocked, id=10856, stack(0x0000001dcda00000,0x0000001dcdb00000)]
  0x000001e86740d400 JavaThread "Build operations Thread 3" [_thread_blocked, id=10452, stack(0x0000001dcdb00000,0x0000001dcdc00000)]
  0x000001e86740a980 JavaThread "Build operations Thread 4" [_thread_blocked, id=10944, stack(0x0000001dcdc00000,0x0000001dcdd00000)]
  0x000001e8674113c0 JavaThread "Build operations Thread 5" [_thread_blocked, id=3848, stack(0x0000001dcdd00000,0x0000001dcde00000)]
  0x000001e86740b970 JavaThread "Build operations Thread 6" [_thread_blocked, id=7448, stack(0x0000001dcde00000,0x0000001dcdf00000)]
  0x000001e86740c960 JavaThread "Build operations Thread 7" [_thread_blocked, id=11612, stack(0x0000001dcdf00000,0x0000001dce000000)]
  0x000001e86740ee90 JavaThread "Build operations Thread 8" [_thread_blocked, id=10088, stack(0x0000001dce000000,0x0000001dce100000)]
  0x000001e8673bc6c0 JavaThread "C2 CompilerThread1" daemon [_thread_blocked, id=12556, stack(0x0000001dc4c00000,0x0000001dc4d00000)]
  0x000001e8673b9fd0 JavaThread "C2 CompilerThread2" daemon [_thread_blocked, id=2380, stack(0x0000001dcd200000,0x0000001dcd300000)]
  0x000001e86740bec0 JavaThread "WorkerExecutor Queue Thread 4" [_thread_blocked, id=11720, stack(0x0000001dce300000,0x0000001dce400000)]
  0x000001e867411910 JavaThread "WorkerExecutor Queue Thread 5" [_thread_blocked, id=4760, stack(0x0000001dce400000,0x0000001dce500000)]
  0x000001e86740d950 JavaThread "WorkerExecutor Queue Thread 6" [_thread_blocked, id=11700, stack(0x0000001dce500000,0x0000001dce600000)]
  0x000001e86740dea0 JavaThread "WorkerExecutor Queue Thread 7" [_thread_blocked, id=11344, stack(0x0000001dce600000,0x0000001dce700000)]
  0x000001e86740f930 JavaThread "WorkerExecutor Queue Thread 8" [_thread_blocked, id=1128, stack(0x0000001dce700000,0x0000001dce800000)]
  0x000001e86740e3f0 JavaThread "WorkerExecutor Queue Thread 9" [_thread_blocked, id=10580, stack(0x0000001dce800000,0x0000001dce900000)]
  0x000001e86740c410 JavaThread "ForkJoinPool-1-worker-3" daemon [_thread_blocked, id=7652, stack(0x0000001dce900000,0x0000001dcea00000)]
  0x000001e867409ee0 JavaThread "ForkJoinPool-1-worker-5" daemon [_thread_blocked, id=4712, stack(0x0000001dcea00000,0x0000001dceb00000)]
  0x000001e86740fe80 JavaThread "ForkJoinPool-1-worker-7" daemon [_thread_blocked, id=11988, stack(0x0000001dceb00000,0x0000001dcec00000)]
  0x000001e867410920 JavaThread "ForkJoinPool-1-worker-9" daemon [_thread_blocked, id=7256, stack(0x0000001dcec00000,0x0000001dced00000)]
  0x000001e86c37a930 JavaThread "ForkJoinPool-1-worker-11" daemon [_thread_blocked, id=11904, stack(0x0000001dced00000,0x0000001dcee00000)]
  0x000001e86c37d3b0 JavaThread "ForkJoinPool-1-worker-13" daemon [_thread_blocked, id=12752, stack(0x0000001dcee00000,0x0000001dcef00000)]
  0x000001e86c37ae80 JavaThread "ForkJoinPool-1-worker-15" daemon [_thread_blocked, id=12212, stack(0x0000001dcef00000,0x0000001dcf000000)]
  0x000001e86c376ec0 JavaThread "ForkJoinPool-1-worker-1" daemon [_thread_blocked, id=11328, stack(0x0000001dcf000000,0x0000001dcf100000)]

Other Threads:
=>0x000001e862ee3b70 VMThread "VM Thread" [stack: 0x0000001dc3f00000,0x0000001dc4000000] [id=5424]
  0x000001e8639deed0 WatcherThread [stack: 0x0000001dc4b00000,0x0000001dc4c00000] [id=10208]
  0x000001e844ddb720 GCTaskThread "GC Thread#0" [stack: 0x0000001dc3a00000,0x0000001dc3b00000] [id=5308]
  0x000001e863d24ef0 GCTaskThread "GC Thread#1" [stack: 0x0000001dc4d00000,0x0000001dc4e00000] [id=8616]
  0x000001e863d25200 GCTaskThread "GC Thread#2" [stack: 0x0000001dc4e00000,0x0000001dc4f00000] [id=7460]
  0x000001e863e713e0 GCTaskThread "GC Thread#3" [stack: 0x0000001dc4f00000,0x0000001dc5000000] [id=7692]
  0x000001e86420d010 GCTaskThread "GC Thread#4" [stack: 0x0000001dc5100000,0x0000001dc5200000] [id=6524]
  0x000001e867189640 GCTaskThread "GC Thread#5" [stack: 0x0000001dc6000000,0x0000001dc6100000] [id=1984]
  0x000001e866f22db0 GCTaskThread "GC Thread#6" [stack: 0x0000001dc6100000,0x0000001dc6200000] [id=2068]
  0x000001e868affd40 GCTaskThread "GC Thread#7" [stack: 0x0000001dc6200000,0x0000001dc6300000] [id=12908]
  0x000001e844ded620 ConcurrentGCThread "G1 Main Marker" [stack: 0x0000001dc3b00000,0x0000001dc3c00000] [id=12496]
  0x000001e844dedec0 ConcurrentGCThread "G1 Conc#0" [stack: 0x0000001dc3c00000,0x0000001dc3d00000] [id=4432]
  0x000001e868b00c90 ConcurrentGCThread "G1 Conc#1" [stack: 0x0000001dc6800000,0x0000001dc6900000] [id=4144]
  0x000001e844e7e6d0 ConcurrentGCThread "G1 Refine#0" [stack: 0x0000001dc3d00000,0x0000001dc3e00000] [id=10660]
  0x000001e8672a1990 ConcurrentGCThread "G1 Refine#1" [stack: 0x0000001dcc500000,0x0000001dcc600000] [id=3428]
  0x000001e869a232e0 ConcurrentGCThread "G1 Refine#2" [stack: 0x0000001dce100000,0x0000001dce200000] [id=12072]
  0x000001e869a23620 ConcurrentGCThread "G1 Refine#3" [stack: 0x0000001dce200000,0x0000001dce300000] [id=5896]
  0x000001e869a215a0 ConcurrentGCThread "G1 Refine#4" [stack: 0x0000001dcf100000,0x0000001dcf200000] [id=6584]
  0x000001e869a218e0 ConcurrentGCThread "G1 Refine#5" [stack: 0x0000001dcf200000,0x0000001dcf300000] [id=3120]
  0x000001e862d940d0 ConcurrentGCThread "G1 Service" [stack: 0x0000001dc3e00000,0x0000001dc3f00000] [id=604]

Threads with active compile tasks:
C2 CompilerThread0    16889 15429       4       com.android.tools.r8.code.y1::a (4129 bytes)
C2 CompilerThread1    16889 15334       4       com.android.tools.r8.dex.j::e (664 bytes)
C2 CompilerThread2    16889 15347 %     4       com.android.tools.r8.dex.j::a @ 313 (1042 bytes)

VM state: at safepoint (normal execution)

VM Mutex/Monitor currently owned by a thread:  ([mutex/lock_event])
[0x000001e844da0450] Threads_lock - owner thread: 0x000001e862ee3b70
[0x000001e844d9ed40] Heap_lock - owner thread: 0x000001e86c376ec0

Heap address: 0x0000000080000000, size: 2048 MB, Compressed Oops mode: 32-bit

CDS archive(s) mapped at: [0x0000000800000000-0x0000000800bb0000-0x0000000800bb0000), size 12255232, SharedBaseAddress: 0x0000000800000000, ArchiveRelocationMode: 0.
Compressed class space mapped at: 0x0000000800c00000-0x0000000840c00000, reserved size: 1073741824
Narrow klass base: 0x0000000800000000, Narrow klass shift: 3, Narrow klass range: 0x100000000

GC Precious Log:
 CPUs: 8 total, 8 available
 Memory: 7959M
 Large Page Support: Disabled
 NUMA Support: Disabled
 Compressed Oops: Enabled (32-bit)
 Heap Region Size: 1M
 Heap Min Capacity: 8M
 Heap Initial Capacity: 126M
 Heap Max Capacity: 2G
 Pre-touch: Disabled
 Parallel Workers: 8
 Concurrent Workers: 2
 Concurrent Refinement Workers: 8
 Periodic GC: Disabled

Heap:
 garbage-first heap   total 201728K, used 143360K [0x0000000080000000, 0x0000000100000000)
  region size 1024K, 5 young (5120K), 5 survivors (5120K)
 Metaspace       used 105402K, committed 106048K, reserved 1146880K
  class space    used 14345K, committed 14656K, reserved 1048576K

Heap Regions: E=young(eden), S=young(survivor), O=old, HS=humongous(starts), HC=humongous(continues), CS=collection set, F=free, OA=open archive, CA=closed archive, TAMS=top-at-mark-start (previous, next)
|   0|0x0000000080000000, 0x0000000080100000, 0x0000000080100000|100%| O|  |TAMS 0x0000000080100000, 0x0000000080100000| Untracked 
|   1|0x0000000080100000, 0x0000000080200000, 0x0000000080200000|100%| O|  |TAMS 0x0000000080200000, 0x0000000080200000| Untracked 
|   2|0x0000000080200000, 0x0000000080300000, 0x0000000080300000|100%| O|  |TAMS 0x0000000080300000, 0x0000000080300000| Untracked 
|   3|0x0000000080300000, 0x0000000080400000, 0x0000000080400000|100%|HS|  |TAMS 0x0000000080400000, 0x0000000080400000| Complete 
|   4|0x0000000080400000, 0x0000000080500000, 0x0000000080500000|100%|HC|  |TAMS 0x0000000080500000, 0x0000000080500000| Complete 
|   5|0x0000000080500000, 0x0000000080600000, 0x0000000080600000|100%|HC|  |TAMS 0x0000000080600000, 0x0000000080600000| Complete 
|   6|0x0000000080600000, 0x0000000080700000, 0x0000000080700000|100%| O|  |TAMS 0x0000000080700000, 0x0000000080700000| Untracked 
|   7|0x0000000080700000, 0x0000000080800000, 0x0000000080800000|100%| O|  |TAMS 0x0000000080700000, 0x0000000080700000| Untracked 
|   8|0x0000000080800000, 0x0000000080900000, 0x0000000080900000|100%| O|  |TAMS 0x0000000080900000, 0x0000000080900000| Untracked 
|   9|0x0000000080900000, 0x0000000080a00000, 0x0000000080a00000|100%| O|  |TAMS 0x0000000080a00000, 0x0000000080a00000| Untracked 
|  10|0x0000000080a00000, 0x0000000080b00000, 0x0000000080b00000|100%| O|  |TAMS 0x0000000080b00000, 0x0000000080b00000| Untracked 
|  11|0x0000000080b00000, 0x0000000080c00000, 0x0000000080c00000|100%| O|  |TAMS 0x0000000080c00000, 0x0000000080c00000| Untracked 
|  12|0x0000000080c00000, 0x0000000080d00000, 0x0000000080d00000|100%| O|  |TAMS 0x0000000080d00000, 0x0000000080d00000| Untracked 
|  13|0x0000000080d00000, 0x0000000080e00000, 0x0000000080e00000|100%| O|  |TAMS 0x0000000080e00000, 0x0000000080e00000| Untracked 
|  14|0x0000000080e00000, 0x0000000080f00000, 0x0000000080f00000|100%| O|  |TAMS 0x0000000080f00000, 0x0000000080f00000| Untracked 
|  15|0x0000000080f00000, 0x0000000081000000, 0x0000000081000000|100%| O|  |TAMS 0x0000000081000000, 0x0000000081000000| Untracked 
|  16|0x0000000081000000, 0x0000000081100000, 0x0000000081100000|100%| O|  |TAMS 0x0000000081100000, 0x0000000081100000| Untracked 
|  17|0x0000000081100000, 0x0000000081200000, 0x0000000081200000|100%| O|  |TAMS 0x0000000081200000, 0x0000000081200000| Untracked 
|  18|0x0000000081200000, 0x0000000081300000, 0x0000000081300000|100%| O|  |TAMS 0x0000000081200000, 0x0000000081200000| Untracked 
|  19|0x0000000081300000, 0x0000000081400000, 0x0000000081400000|100%| O|  |TAMS 0x0000000081300000, 0x0000000081300000| Untracked 
|  20|0x0000000081400000, 0x0000000081500000, 0x0000000081500000|100%|HS|  |TAMS 0x0000000081500000, 0x0000000081500000| Complete 
|  21|0x0000000081500000, 0x0000000081600000, 0x0000000081600000|100%| O|  |TAMS 0x0000000081600000, 0x0000000081600000| Untracked 
|  22|0x0000000081600000, 0x0000000081700000, 0x0000000081700000|100%| O|  |TAMS 0x0000000081700000, 0x0000000081700000| Untracked 
|  23|0x0000000081700000, 0x0000000081800000, 0x0000000081800000|100%| O|  |TAMS 0x0000000081800000, 0x0000000081800000| Untracked 
|  24|0x0000000081800000, 0x0000000081900000, 0x0000000081900000|100%| O|  |TAMS 0x0000000081900000, 0x0000000081900000| Untracked 
|  25|0x0000000081900000, 0x0000000081a00000, 0x0000000081a00000|100%| O|  |TAMS 0x0000000081a00000, 0x0000000081a00000| Untracked 
|  26|0x0000000081a00000, 0x0000000081b00000, 0x0000000081b00000|100%| O|  |TAMS 0x0000000081a00000, 0x0000000081a00000| Untracked 
|  27|0x0000000081b00000, 0x0000000081c00000, 0x0000000081c00000|100%|HS|  |TAMS 0x0000000081c00000, 0x0000000081c00000| Complete 
|  28|0x0000000081c00000, 0x0000000081d00000, 0x0000000081d00000|100%|HS|  |TAMS 0x0000000081d00000, 0x0000000081d00000| Complete 
|  29|0x0000000081d00000, 0x0000000081e00000, 0x0000000081e00000|100%|HC|  |TAMS 0x0000000081e00000, 0x0000000081e00000| Complete 
|  30|0x0000000081e00000, 0x0000000081f00000, 0x0000000081f00000|100%| O|  |TAMS 0x0000000081f00000, 0x0000000081f00000| Untracked 
|  31|0x0000000081f00000, 0x0000000082000000, 0x0000000082000000|100%| O|  |TAMS 0x0000000082000000, 0x0000000082000000| Untracked 
|  32|0x0000000082000000, 0x0000000082100000, 0x0000000082100000|100%| O|  |TAMS 0x0000000082100000, 0x0000000082100000| Untracked 
|  33|0x0000000082100000, 0x0000000082200000, 0x0000000082200000|100%| O|  |TAMS 0x0000000082100000, 0x0000000082100000| Untracked 
|  34|0x0000000082200000, 0x0000000082300000, 0x0000000082300000|100%| O|  |TAMS 0x0000000082300000, 0x0000000082300000| Untracked 
|  35|0x0000000082300000, 0x0000000082400000, 0x0000000082400000|100%| O|  |TAMS 0x0000000082400000, 0x0000000082400000| Untracked 
|  36|0x0000000082400000, 0x0000000082500000, 0x0000000082500000|100%| O|  |TAMS 0x0000000082500000, 0x0000000082500000| Untracked 
|  37|0x0000000082500000, 0x0000000082600000, 0x0000000082600000|100%| O|  |TAMS 0x0000000082600000, 0x0000000082600000| Untracked 
|  38|0x0000000082600000, 0x0000000082700000, 0x0000000082700000|100%| O|  |TAMS 0x0000000082700000, 0x0000000082700000| Untracked 
|  39|0x0000000082700000, 0x0000000082800000, 0x0000000082800000|100%| O|  |TAMS 0x0000000082800000, 0x0000000082800000| Untracked 
|  40|0x0000000082800000, 0x0000000082900000, 0x0000000082900000|100%| O|  |TAMS 0x0000000082900000, 0x0000000082900000| Untracked 
|  41|0x0000000082900000, 0x0000000082a00000, 0x0000000082a00000|100%| O|  |TAMS 0x0000000082a00000, 0x0000000082a00000| Untracked 
|  42|0x0000000082a00000, 0x0000000082b00000, 0x0000000082b00000|100%| O|  |TAMS 0x0000000082b00000, 0x0000000082b00000| Untracked 
|  43|0x0000000082b00000, 0x0000000082c00000, 0x0000000082c00000|100%| O|  |TAMS 0x0000000082c00000, 0x0000000082c00000| Untracked 
|  44|0x0000000082c00000, 0x0000000082d00000, 0x0000000082d00000|100%| O|  |TAMS 0x0000000082c00000, 0x0000000082c00000| Untracked 
|  45|0x0000000082d00000, 0x0000000082e00000, 0x0000000082e00000|100%| O|  |TAMS 0x0000000082e00000, 0x0000000082e00000| Untracked 
|  46|0x0000000082e00000, 0x0000000082f00000, 0x0000000082f00000|100%| O|  |TAMS 0x0000000082f00000, 0x0000000082f00000| Untracked 
|  47|0x0000000082f00000, 0x0000000083000000, 0x0000000083000000|100%| O|  |TAMS 0x0000000083000000, 0x0000000083000000| Untracked 
|  48|0x0000000083000000, 0x0000000083100000, 0x0000000083100000|100%| O|  |TAMS 0x0000000083100000, 0x0000000083100000| Untracked 
|  49|0x0000000083100000, 0x0000000083200000, 0x0000000083200000|100%| O|  |TAMS 0x0000000083200000, 0x0000000083200000| Untracked 
|  50|0x0000000083200000, 0x0000000083300000, 0x0000000083300000|100%| O|  |TAMS 0x0000000083300000, 0x0000000083300000| Untracked 
|  51|0x0000000083300000, 0x0000000083400000, 0x0000000083400000|100%| O|  |TAMS 0x0000000083400000, 0x0000000083400000| Untracked 
|  52|0x0000000083400000, 0x0000000083500000, 0x0000000083500000|100%| O|  |TAMS 0x0000000083500000, 0x0000000083500000| Untracked 
|  53|0x0000000083500000, 0x0000000083600000, 0x0000000083600000|100%| O|  |TAMS 0x0000000083600000, 0x0000000083600000| Untracked 
|  54|0x0000000083600000, 0x0000000083700000, 0x0000000083700000|100%| O|  |TAMS 0x0000000083700000, 0x0000000083700000| Untracked 
|  55|0x0000000083700000, 0x0000000083800000, 0x0000000083800000|100%| O|  |TAMS 0x0000000083800000, 0x0000000083800000| Untracked 
|  56|0x0000000083800000, 0x0000000083900000, 0x0000000083900000|100%| O|  |TAMS 0x0000000083900000, 0x0000000083900000| Untracked 
|  57|0x0000000083900000, 0x0000000083a00000, 0x0000000083a00000|100%| O|  |TAMS 0x0000000083a00000, 0x0000000083a00000| Untracked 
|  58|0x0000000083a00000, 0x0000000083b00000, 0x0000000083b00000|100%| O|  |TAMS 0x0000000083b00000, 0x0000000083b00000| Untracked 
|  59|0x0000000083b00000, 0x0000000083c00000, 0x0000000083c00000|100%| O|  |TAMS 0x0000000083c00000, 0x0000000083c00000| Untracked 
|  60|0x0000000083c00000, 0x0000000083d00000, 0x0000000083d00000|100%| O|  |TAMS 0x0000000083d00000, 0x0000000083d00000| Untracked 
|  61|0x0000000083d00000, 0x0000000083e00000, 0x0000000083e00000|100%| O|  |TAMS 0x0000000083e00000, 0x0000000083e00000| Untracked 
|  62|0x0000000083e00000, 0x0000000083f00000, 0x0000000083f00000|100%| O|  |TAMS 0x0000000083f00000, 0x0000000083f00000| Untracked 
|  63|0x0000000083f00000, 0x0000000084000000, 0x0000000084000000|100%| O|  |TAMS 0x0000000084000000, 0x0000000084000000| Untracked 
|  64|0x0000000084000000, 0x0000000084100000, 0x0000000084100000|100%| O|  |TAMS 0x0000000084100000, 0x0000000084100000| Untracked 
|  65|0x0000000084100000, 0x0000000084200000, 0x0000000084200000|100%| O|  |TAMS 0x0000000084200000, 0x0000000084200000| Untracked 
|  66|0x0000000084200000, 0x0000000084300000, 0x0000000084300000|100%| O|  |TAMS 0x0000000084300000, 0x0000000084300000| Untracked 
|  67|0x0000000084300000, 0x0000000084400000, 0x0000000084400000|100%| O|  |TAMS 0x0000000084400000, 0x0000000084400000| Untracked 
|  68|0x0000000084400000, 0x0000000084500000, 0x0000000084500000|100%| O|  |TAMS 0x0000000084500000, 0x0000000084500000| Untracked 
|  69|0x0000000084500000, 0x0000000084600000, 0x0000000084600000|100%| O|  |TAMS 0x0000000084600000, 0x0000000084600000| Untracked 
|  70|0x0000000084600000, 0x0000000084700000, 0x0000000084700000|100%| O|  |TAMS 0x0000000084700000, 0x0000000084700000| Untracked 
|  71|0x0000000084700000, 0x0000000084800000, 0x0000000084800000|100%| O|  |TAMS 0x0000000084800000, 0x0000000084800000| Untracked 
|  72|0x0000000084800000, 0x0000000084900000, 0x0000000084900000|100%| O|  |TAMS 0x0000000084900000, 0x0000000084900000| Untracked 
|  73|0x0000000084900000, 0x0000000084a00000, 0x0000000084a00000|100%| O|  |TAMS 0x0000000084a00000, 0x0000000084a00000| Untracked 
|  74|0x0000000084a00000, 0x0000000084b00000, 0x0000000084b00000|100%| O|  |TAMS 0x0000000084b00000, 0x0000000084b00000| Untracked 
|  75|0x0000000084b00000, 0x0000000084c00000, 0x0000000084c00000|100%| O|  |TAMS 0x0000000084c00000, 0x0000000084c00000| Untracked 
|  76|0x0000000084c00000, 0x0000000084d00000, 0x0000000084d00000|100%| O|  |TAMS 0x0000000084c00000, 0x0000000084c00000| Untracked 
|  77|0x0000000084d00000, 0x0000000084e00000, 0x0000000084e00000|100%| O|  |TAMS 0x0000000084d00000, 0x0000000084d00000| Untracked 
|  78|0x0000000084e00000, 0x0000000084f00000, 0x0000000084f00000|100%| O|  |TAMS 0x0000000084e00000, 0x0000000084e00000| Untracked 
|  79|0x0000000084f00000, 0x0000000085000000, 0x0000000085000000|100%| O|  |TAMS 0x0000000085000000, 0x0000000085000000| Untracked 
|  80|0x0000000085000000, 0x0000000085100000, 0x0000000085100000|100%| O|  |TAMS 0x0000000085100000, 0x0000000085100000| Untracked 
|  81|0x0000000085100000, 0x0000000085200000, 0x0000000085200000|100%| O|  |TAMS 0x0000000085200000, 0x0000000085200000| Untracked 
|  82|0x0000000085200000, 0x0000000085300000, 0x0000000085300000|100%| O|  |TAMS 0x0000000085300000, 0x0000000085300000| Untracked 
|  83|0x0000000085300000, 0x0000000085400000, 0x0000000085400000|100%| O|  |TAMS 0x0000000085400000, 0x0000000085400000| Untracked 
|  84|0x0000000085400000, 0x0000000085500000, 0x0000000085500000|100%| O|  |TAMS 0x0000000085500000, 0x0000000085500000| Untracked 
|  85|0x0000000085500000, 0x0000000085600000, 0x0000000085600000|100%| O|  |TAMS 0x0000000085600000, 0x0000000085600000| Untracked 
|  86|0x0000000085600000, 0x0000000085700000, 0x0000000085700000|100%| O|  |TAMS 0x0000000085700000, 0x0000000085700000| Untracked 
|  87|0x0000000085700000, 0x0000000085800000, 0x0000000085800000|100%| O|  |TAMS 0x0000000085700000, 0x0000000085700000| Untracked 
|  88|0x0000000085800000, 0x0000000085900000, 0x0000000085900000|100%| O|  |TAMS 0x0000000085800000, 0x0000000085800000| Untracked 
|  89|0x0000000085900000, 0x0000000085a00000, 0x0000000085a00000|100%| O|  |TAMS 0x0000000085900000, 0x0000000085900000| Untracked 
|  90|0x0000000085a00000, 0x0000000085b00000, 0x0000000085b00000|100%| O|  |TAMS 0x0000000085a00000, 0x0000000085a00000| Untracked 
|  91|0x0000000085b00000, 0x0000000085c00000, 0x0000000085c00000|100%| O|  |TAMS 0x0000000085b00000, 0x0000000085b00000| Untracked 
|  92|0x0000000085c00000, 0x0000000085c00000, 0x0000000085d00000|  0%| F|  |TAMS 0x0000000085c00000, 0x0000000085c00000| Untracked 
|  93|0x0000000085d00000, 0x0000000085d00000, 0x0000000085e00000|  0%| F|  |TAMS 0x0000000085d00000, 0x0000000085d00000| Untracked 
|  94|0x0000000085e00000, 0x0000000085e00000, 0x0000000085f00000|  0%| F|  |TAMS 0x0000000085e00000, 0x0000000085e00000| Untracked 
|  95|0x0000000085f00000, 0x0000000085f00000, 0x0000000086000000|  0%| F|  |TAMS 0x0000000085f00000, 0x0000000085f00000| Untracked 
|  96|0x0000000086000000, 0x0000000086000000, 0x0000000086100000|  0%| F|  |TAMS 0x0000000086000000, 0x0000000086000000| Untracked 
|  97|0x0000000086100000, 0x0000000086100000, 0x0000000086200000|  0%| F|  |TAMS 0x0000000086100000, 0x0000000086100000| Untracked 
|  98|0x0000000086200000, 0x0000000086200000, 0x0000000086300000|  0%| F|  |TAMS 0x0000000086200000, 0x0000000086200000| Untracked 
|  99|0x0000000086300000, 0x0000000086300000, 0x0000000086400000|  0%| F|  |TAMS 0x0000000086300000, 0x0000000086300000| Untracked 
| 100|0x0000000086400000, 0x0000000086500000, 0x0000000086500000|100%| O|  |TAMS 0x0000000086500000, 0x0000000086500000| Untracked 
| 101|0x0000000086500000, 0x0000000086600000, 0x0000000086600000|100%| O|  |TAMS 0x0000000086600000, 0x0000000086600000| Untracked 
| 102|0x0000000086600000, 0x0000000086700000, 0x0000000086700000|100%| O|  |TAMS 0x0000000086700000, 0x0000000086700000| Untracked 
| 103|0x0000000086700000, 0x0000000086800000, 0x0000000086800000|100%| O|  |TAMS 0x0000000086800000, 0x0000000086800000| Untracked 
| 104|0x0000000086800000, 0x0000000086900000, 0x0000000086900000|100%| O|  |TAMS 0x0000000086900000, 0x0000000086900000| Untracked 
| 105|0x0000000086900000, 0x0000000086a00000, 0x0000000086a00000|100%| O|  |TAMS 0x0000000086a00000, 0x0000000086a00000| Untracked 
| 106|0x0000000086a00000, 0x0000000086b00000, 0x0000000086b00000|100%| O|  |TAMS 0x0000000086a9a400, 0x0000000086b00000| Untracked 
| 107|0x0000000086b00000, 0x0000000086c00000, 0x0000000086c00000|100%| O|  |TAMS 0x0000000086b00000, 0x0000000086c00000| Untracked 
| 108|0x0000000086c00000, 0x0000000086d00000, 0x0000000086d00000|100%|HS|  |TAMS 0x0000000086c00000, 0x0000000086d00000| Complete 
| 109|0x0000000086d00000, 0x0000000086e00000, 0x0000000086e00000|100%|HC|  |TAMS 0x0000000086d00000, 0x0000000086e00000| Complete 
| 110|0x0000000086e00000, 0x0000000086f00000, 0x0000000086f00000|100%|HC|  |TAMS 0x0000000086e00000, 0x0000000086f00000| Complete 
| 111|0x0000000086f00000, 0x0000000087000000, 0x0000000087000000|100%|HC|  |TAMS 0x0000000086f00000, 0x0000000087000000| Complete 
| 112|0x0000000087000000, 0x0000000087100000, 0x0000000087100000|100%|HC|  |TAMS 0x0000000087000000, 0x0000000087100000| Complete 
| 113|0x0000000087100000, 0x0000000087200000, 0x0000000087200000|100%|HC|  |TAMS 0x0000000087100000, 0x0000000087200000| Complete 
| 114|0x0000000087200000, 0x0000000087300000, 0x0000000087300000|100%| O|  |TAMS 0x0000000087200000, 0x0000000087300000| Untracked 
| 115|0x0000000087300000, 0x0000000087400000, 0x0000000087400000|100%| O|  |TAMS 0x0000000087300000, 0x0000000087400000| Untracked 
| 116|0x0000000087400000, 0x0000000087500000, 0x0000000087500000|100%| O|  |TAMS 0x0000000087400000, 0x0000000087500000| Untracked 
| 117|0x0000000087500000, 0x0000000087600000, 0x0000000087600000|100%| O|  |TAMS 0x0000000087500000, 0x0000000087600000| Untracked 
| 118|0x0000000087600000, 0x0000000087700000, 0x0000000087700000|100%| O|  |TAMS 0x0000000087600000, 0x0000000087700000| Untracked 
| 119|0x0000000087700000, 0x0000000087800000, 0x0000000087800000|100%| O|  |TAMS 0x0000000087700000, 0x0000000087800000| Untracked 
| 120|0x0000000087800000, 0x0000000087900000, 0x0000000087900000|100%| O|  |TAMS 0x0000000087800000, 0x0000000087900000| Untracked 
| 121|0x0000000087900000, 0x0000000087a00000, 0x0000000087a00000|100%| O|  |TAMS 0x0000000087900000, 0x0000000087a00000| Untracked 
| 122|0x0000000087a00000, 0x0000000087b00000, 0x0000000087b00000|100%| O|  |TAMS 0x0000000087a00000, 0x0000000087b00000| Untracked 
| 123|0x0000000087b00000, 0x0000000087c00000, 0x0000000087c00000|100%| O|  |TAMS 0x0000000087b00000, 0x0000000087c00000| Untracked 
| 124|0x0000000087c00000, 0x0000000087d00000, 0x0000000087d00000|100%| O|  |TAMS 0x0000000087c00000, 0x0000000087d00000| Untracked 
| 125|0x0000000087d00000, 0x0000000087e00000, 0x0000000087e00000|100%|HS|  |TAMS 0x0000000087d00000, 0x0000000087e00000| Complete 
| 126|0x0000000087e00000, 0x0000000087f00000, 0x0000000087f00000|100%|HC|  |TAMS 0x0000000087e00000, 0x0000000087f00000| Complete 
| 127|0x0000000087f00000, 0x0000000088000000, 0x0000000088000000|100%|HC|  |TAMS 0x0000000087f00000, 0x0000000088000000| Complete 
| 128|0x0000000088000000, 0x0000000088100000, 0x0000000088100000|100%|HC|  |TAMS 0x0000000088000000, 0x0000000088100000| Complete 
| 129|0x0000000088100000, 0x0000000088200000, 0x0000000088200000|100%|HC|  |TAMS 0x0000000088100000, 0x0000000088200000| Complete 
| 130|0x0000000088200000, 0x0000000088300000, 0x0000000088300000|100%|HC|  |TAMS 0x0000000088200000, 0x0000000088300000| Complete 
| 131|0x0000000088300000, 0x0000000088400000, 0x0000000088400000|100%| O|  |TAMS 0x0000000088300000, 0x0000000088400000| Untracked 
| 132|0x0000000088400000, 0x0000000088500000, 0x0000000088500000|100%| O|  |TAMS 0x0000000088400000, 0x0000000088500000| Untracked 
| 133|0x0000000088500000, 0x0000000088600000, 0x0000000088600000|100%| O|  |TAMS 0x0000000088500000, 0x0000000088600000| Untracked 
| 134|0x0000000088600000, 0x0000000088700000, 0x0000000088700000|100%| O|  |TAMS 0x0000000088600000, 0x0000000088700000| Untracked 
| 135|0x0000000088700000, 0x0000000088800000, 0x0000000088800000|100%| O|  |TAMS 0x0000000088700000, 0x0000000088800000| Untracked 
| 136|0x0000000088800000, 0x0000000088900000, 0x0000000088900000|100%| O|  |TAMS 0x0000000088800000, 0x0000000088900000| Untracked 
| 137|0x0000000088900000, 0x0000000088a00000, 0x0000000088a00000|100%| O|  |TAMS 0x0000000088900000, 0x0000000088a00000| Untracked 
| 138|0x0000000088a00000, 0x0000000088a00000, 0x0000000088b00000|  0%| F|  |TAMS 0x0000000088a00000, 0x0000000088a00000| Untracked 
| 139|0x0000000088b00000, 0x0000000088b00000, 0x0000000088c00000|  0%| F|  |TAMS 0x0000000088b00000, 0x0000000088b00000| Untracked 
| 140|0x0000000088c00000, 0x0000000088c00000, 0x0000000088d00000|  0%| F|  |TAMS 0x0000000088c00000, 0x0000000088c00000| Untracked 
| 141|0x0000000088d00000, 0x0000000088d00000, 0x0000000088e00000|  0%| F|  |TAMS 0x0000000088d00000, 0x0000000088d00000| Untracked 
| 142|0x0000000088e00000, 0x0000000088e00000, 0x0000000088f00000|  0%| F|  |TAMS 0x0000000088e00000, 0x0000000088e00000| Untracked 
| 143|0x0000000088f00000, 0x0000000088f00000, 0x0000000089000000|  0%| F|  |TAMS 0x0000000088f00000, 0x0000000088f00000| Untracked 
| 144|0x0000000089000000, 0x0000000089000000, 0x0000000089100000|  0%| F|  |TAMS 0x0000000089000000, 0x0000000089000000| Untracked 
| 145|0x0000000089100000, 0x0000000089200000, 0x0000000089200000|100%| O|  |TAMS 0x0000000089100000, 0x0000000089200000| Untracked 
| 146|0x0000000089200000, 0x0000000089300000, 0x0000000089300000|100%| O|  |TAMS 0x0000000089200000, 0x00000000892dda00| Untracked 
| 147|0x0000000089300000, 0x0000000089300000, 0x0000000089400000|  0%| F|  |TAMS 0x0000000089300000, 0x0000000089300000| Untracked 
| 148|0x0000000089400000, 0x0000000089400000, 0x0000000089500000|  0%| F|  |TAMS 0x0000000089400000, 0x0000000089400000| Untracked 
| 149|0x0000000089500000, 0x0000000089500000, 0x0000000089600000|  0%| F|  |TAMS 0x0000000089500000, 0x0000000089500000| Untracked 
| 150|0x0000000089600000, 0x0000000089600000, 0x0000000089700000|  0%| F|  |TAMS 0x0000000089600000, 0x0000000089600000| Untracked 
| 151|0x0000000089700000, 0x0000000089700000, 0x0000000089800000|  0%| F|  |TAMS 0x0000000089700000, 0x0000000089700000| Untracked 
| 152|0x0000000089800000, 0x0000000089800000, 0x0000000089900000|  0%| F|  |TAMS 0x0000000089800000, 0x0000000089800000| Untracked 
| 153|0x0000000089900000, 0x0000000089900000, 0x0000000089a00000|  0%| F|  |TAMS 0x0000000089900000, 0x0000000089900000| Untracked 
| 154|0x0000000089a00000, 0x0000000089b00000, 0x0000000089b00000|100%| S|CS|TAMS 0x0000000089a00000, 0x0000000089a00000| Complete 
| 155|0x0000000089b00000, 0x0000000089c00000, 0x0000000089c00000|100%| S|CS|TAMS 0x0000000089b00000, 0x0000000089b00000| Complete 
| 156|0x0000000089c00000, 0x0000000089d00000, 0x0000000089d00000|100%| S|CS|TAMS 0x0000000089c00000, 0x0000000089c00000| Complete 
| 157|0x0000000089d00000, 0x0000000089e00000, 0x0000000089e00000|100%| S|CS|TAMS 0x0000000089d00000, 0x0000000089d00000| Complete 
| 158|0x0000000089e00000, 0x0000000089f00000, 0x0000000089f00000|100%| S|CS|TAMS 0x0000000089e00000, 0x0000000089e00000| Complete 
| 159|0x0000000089f00000, 0x0000000089f00000, 0x000000008a000000|  0%| F|  |TAMS 0x0000000089f00000, 0x0000000089f00000| Untracked 
| 160|0x000000008a000000, 0x000000008a000000, 0x000000008a100000|  0%| F|  |TAMS 0x000000008a000000, 0x000000008a000000| Untracked 
| 161|0x000000008a100000, 0x000000008a100000, 0x000000008a200000|  0%| F|  |TAMS 0x000000008a100000, 0x000000008a100000| Untracked 
| 162|0x000000008a200000, 0x000000008a200000, 0x000000008a300000|  0%| F|  |TAMS 0x000000008a200000, 0x000000008a200000| Untracked 
| 163|0x000000008a300000, 0x000000008a300000, 0x000000008a400000|  0%| F|  |TAMS 0x000000008a300000, 0x000000008a300000| Untracked 
| 164|0x000000008a400000, 0x000000008a400000, 0x000000008a500000|  0%| F|  |TAMS 0x000000008a400000, 0x000000008a400000| Untracked 
| 165|0x000000008a500000, 0x000000008a500000, 0x000000008a600000|  0%| F|  |TAMS 0x000000008a500000, 0x000000008a500000| Untracked 
| 166|0x000000008a600000, 0x000000008a600000, 0x000000008a700000|  0%| F|  |TAMS 0x000000008a600000, 0x000000008a600000| Untracked 
| 167|0x000000008a700000, 0x000000008a700000, 0x000000008a800000|  0%| F|  |TAMS 0x000000008a700000, 0x000000008a700000| Untracked 
| 168|0x000000008a800000, 0x000000008a800000, 0x000000008a900000|  0%| F|  |TAMS 0x000000008a800000, 0x000000008a800000| Untracked 
| 169|0x000000008a900000, 0x000000008a900000, 0x000000008aa00000|  0%| F|  |TAMS 0x000000008a900000, 0x000000008a900000| Untracked 
| 170|0x000000008aa00000, 0x000000008aa00000, 0x000000008ab00000|  0%| F|  |TAMS 0x000000008aa00000, 0x000000008aa00000| Untracked 
| 171|0x000000008ab00000, 0x000000008ab00000, 0x000000008ac00000|  0%| F|  |TAMS 0x000000008ab00000, 0x000000008ab00000| Untracked 
| 172|0x000000008ac00000, 0x000000008ac00000, 0x000000008ad00000|  0%| F|  |TAMS 0x000000008ac00000, 0x000000008ac00000| Untracked 
| 173|0x000000008ad00000, 0x000000008ad00000, 0x000000008ae00000|  0%| F|  |TAMS 0x000000008ad00000, 0x000000008ad00000| Untracked 
| 174|0x000000008ae00000, 0x000000008ae00000, 0x000000008af00000|  0%| F|  |TAMS 0x000000008ae00000, 0x000000008ae00000| Untracked 
| 175|0x000000008af00000, 0x000000008af00000, 0x000000008b000000|  0%| F|  |TAMS 0x000000008af00000, 0x000000008af00000| Untracked 
| 176|0x000000008b000000, 0x000000008b000000, 0x000000008b100000|  0%| F|  |TAMS 0x000000008b000000, 0x000000008b000000| Untracked 
| 177|0x000000008b100000, 0x000000008b100000, 0x000000008b200000|  0%| F|  |TAMS 0x000000008b100000, 0x000000008b100000| Untracked 
| 178|0x000000008b200000, 0x000000008b200000, 0x000000008b300000|  0%| F|  |TAMS 0x000000008b200000, 0x000000008b200000| Untracked 
| 179|0x000000008b300000, 0x000000008b300000, 0x000000008b400000|  0%| F|  |TAMS 0x000000008b300000, 0x000000008b300000| Untracked 
| 180|0x000000008b400000, 0x000000008b400000, 0x000000008b500000|  0%| F|  |TAMS 0x000000008b400000, 0x000000008b400000| Untracked 
| 181|0x000000008b500000, 0x000000008b500000, 0x000000008b600000|  0%| F|  |TAMS 0x000000008b500000, 0x000000008b500000| Untracked 
| 182|0x000000008b600000, 0x000000008b600000, 0x000000008b700000|  0%| F|  |TAMS 0x000000008b600000, 0x000000008b600000| Untracked 
| 183|0x000000008b700000, 0x000000008b700000, 0x000000008b800000|  0%| F|  |TAMS 0x000000008b700000, 0x000000008b700000| Untracked 
| 184|0x000000008b800000, 0x000000008b800000, 0x000000008b900000|  0%| F|  |TAMS 0x000000008b800000, 0x000000008b800000| Untracked 
| 185|0x000000008b900000, 0x000000008b900000, 0x000000008ba00000|  0%| F|  |TAMS 0x000000008b900000, 0x000000008b900000| Untracked 
| 186|0x000000008ba00000, 0x000000008ba00000, 0x000000008bb00000|  0%| F|  |TAMS 0x000000008ba00000, 0x000000008ba00000| Untracked 
| 187|0x000000008bb00000, 0x000000008bb00000, 0x000000008bc00000|  0%| F|  |TAMS 0x000000008bb00000, 0x000000008bb00000| Untracked 
| 188|0x000000008bc00000, 0x000000008bc00000, 0x000000008bd00000|  0%| F|  |TAMS 0x000000008bc00000, 0x000000008bc00000| Untracked 
| 189|0x000000008bd00000, 0x000000008bd00000, 0x000000008be00000|  0%| F|  |TAMS 0x000000008bd00000, 0x000000008bd00000| Untracked 
| 190|0x000000008be00000, 0x000000008be00000, 0x000000008bf00000|  0%| F|  |TAMS 0x000000008be00000, 0x000000008be00000| Untracked 
| 191|0x000000008bf00000, 0x000000008bf00000, 0x000000008c000000|  0%| F|  |TAMS 0x000000008bf00000, 0x000000008bf00000| Untracked 
| 192|0x000000008c000000, 0x000000008c000000, 0x000000008c100000|  0%| F|  |TAMS 0x000000008c000000, 0x000000008c000000| Untracked 
| 193|0x000000008c100000, 0x000000008c100000, 0x000000008c200000|  0%| F|  |TAMS 0x000000008c100000, 0x000000008c100000| Untracked 
|2045|0x00000000ffd00000, 0x00000000ffe00000, 0x00000000ffe00000|100%| O|  |TAMS 0x00000000ffd00000, 0x00000000ffe00000| Untracked 
|2046|0x00000000ffe00000, 0x00000000fff00000, 0x00000000fff00000|100%| O|  |TAMS 0x00000000ffe00000, 0x00000000fff00000| Untracked 
|2047|0x00000000fff00000, 0x0000000100000000, 0x0000000100000000|100%| O|  |TAMS 0x00000000fff00000, 0x0000000100000000| Untracked 

Card table byte_map: [0x000001e85bc50000,0x000001e85c050000] _byte_map_base: 0x000001e85b850000

Marking Bits (Prev, Next): (CMBitMap*) 0x000001e844ddcbd0, (CMBitMap*) 0x000001e844ddcc10
 Prev Bits: [0x000001e85c450000, 0x000001e85e450000)
 Next Bits: [0x000001e85e450000, 0x000001e860450000)

Polling page: 0x000001e844580000

Metaspace:

Usage:
  Non-class:     88.92 MB used.
      Class:     14.01 MB used.
       Both:    102.93 MB used.

Virtual space:
  Non-class space:       96.00 MB reserved,      89.25 MB ( 93%) committed,  12 nodes.
      Class space:        1.00 GB reserved,      14.31 MB (  1%) committed,  1 nodes.
              Both:        1.09 GB reserved,     103.56 MB (  9%) committed. 

Chunk freelists:
   Non-Class:  2.64 MB
       Class:  1.58 MB
        Both:  4.22 MB

MaxMetaspaceSize: 17179869184.00 GB
CompressedClassSpaceSize: 1.00 GB
 - commit_granule_bytes: 65536.
 - commit_granule_words: 8192.
 - virtual_space_node_default_size: 1048576.
 - enlarge_chunks_in_place: 1.
 - new_chunks_are_fully_committed: 0.
 - uncommit_free_chunks: 1.
 - use_allocation_guard: 0.
 - handle_deallocations: 1.


Internal statistics:

num_allocs_failed_limit: 6.
num_arena_births: 910.
num_arena_deaths: 36.
num_vsnodes_births: 13.
num_vsnodes_deaths: 0.
num_space_committed: 1657.
num_space_uncommitted: 0.
num_chunks_returned_to_freelist: 59.
num_chunks_taken_from_freelist: 5080.
num_chunk_merges: 26.
num_chunk_splits: 3485.
num_chunks_enlarged: 2496.
num_purges: 4.

CodeHeap 'non-profiled nmethods': size=120000Kb used=7478Kb max_used=7593Kb free=112521Kb
 bounds [0x000001e853ff0000, 0x000001e854760000, 0x000001e85b520000]
CodeHeap 'profiled nmethods': size=120000Kb used=25813Kb max_used=25813Kb free=94186Kb
 bounds [0x000001e84cac0000, 0x000001e84e400000, 0x000001e853ff0000]
CodeHeap 'non-nmethods': size=5760Kb used=2463Kb max_used=2528Kb free=3296Kb
 bounds [0x000001e84c520000, 0x000001e84c7b0000, 0x000001e84cac0000]
 total_blobs=14137 nmethods=13152 adapters=897
 compilation: enabled
              stopped_count=0, restarted_count=0
 full_count=0

Compilation events (20 events):
Event: 16.810 Thread 0x000001e862f02870 15524       2       com.android.tools.r8.internal.L0::<init> (5 bytes)
Event: 16.810 Thread 0x000001e862f02870 nmethod 15524 0x000001e84e3f0690 code [0x000001e84e3f0820, 0x000001e84e3f0918]
Event: 16.814 Thread 0x000001e862f02870 15525       2       com.android.tools.r8.internal.cH::<init> (88 bytes)
Event: 16.814 Thread 0x000001e862f02870 nmethod 15525 0x000001e84e3f0990 code [0x000001e84e3f0ba0, 0x000001e84e3f1148]
Event: 16.819 Thread 0x000001e862f02870 15526   !   2       com.android.tools.r8.graph.d1::b (26 bytes)
Event: 16.819 Thread 0x000001e862f02870 nmethod 15526 0x000001e84e3f1310 code [0x000001e84e3f14e0, 0x000001e84e3f1708]
Event: 16.821 Thread 0x000001e862f02870 15528       2       com.android.tools.r8.code.U2::<init> (58 bytes)
Event: 16.821 Thread 0x000001e862f02870 nmethod 15528 0x000001e84e3f1890 code [0x000001e84e3f1aa0, 0x000001e84e3f2088]
Event: 16.824 Thread 0x000001e862f02870 15530       2       com.android.tools.r8.dex.j::a (64 bytes)
Event: 16.825 Thread 0x000001e862f02870 nmethod 15530 0x000001e84e3f2510 code [0x000001e84e3f2760, 0x000001e84e3f2ce8]
Event: 16.838 Thread 0x000001e862f02870 15532       2       com.android.tools.r8.internal.bc::a (80 bytes)
Event: 16.838 Thread 0x000001e862f02870 nmethod 15532 0x000001e84e3f3110 code [0x000001e84e3f3300, 0x000001e84e3f3628]
Event: 16.838 Thread 0x000001e862f02870 15531       2       com.android.tools.r8.internal.ac::b (50 bytes)
Event: 16.839 Thread 0x000001e862f02870 nmethod 15531 0x000001e84e3f3810 code [0x000001e84e3f39e0, 0x000001e84e3f3c68]
Event: 16.839 Thread 0x000001e862f02870 15533       2       com.android.tools.r8.graph.f1::n (6 bytes)
Event: 16.839 Thread 0x000001e862f02870 nmethod 15533 0x000001e84e3f3e10 code [0x000001e84e3f3fa0, 0x000001e84e3f40b8]
Event: 16.842 Thread 0x000001e862f02870 15534       2       com.android.tools.r8.graph.N2::b (133 bytes)
Event: 16.843 Thread 0x000001e862f02870 nmethod 15534 0x000001e84e3f4190 code [0x000001e84e3f43c0, 0x000001e84e3f4ac8]
Event: 16.843 Thread 0x000001e862f02870 15535       3       com.android.tools.r8.internal.Zg::d (61 bytes)
Event: 16.843 Thread 0x000001e862f02870 nmethod 15535 0x000001e84e3f4f10 code [0x000001e84e3f50e0, 0x000001e84e3f54a8]

GC Heap History (20 events):
Event: 13.084 GC heap after
{Heap after GC invocations=42 (full 0):
 garbage-first heap   total 162816K, used 90179K [0x0000000080000000, 0x0000000100000000)
  region size 1024K, 4 young (4096K), 4 survivors (4096K)
 Metaspace       used 83889K, committed 84544K, reserved 1122304K
  class space    used 11177K, committed 11520K, reserved 1048576K
}
Event: 13.344 GC heap before
{Heap before GC invocations=42 (full 0):
 garbage-first heap   total 162816K, used 93251K [0x0000000080000000, 0x0000000100000000)
  region size 1024K, 8 young (8192K), 4 survivors (4096K)
 Metaspace       used 88684K, committed 89344K, reserved 1130496K
  class space    used 11752K, committed 12096K, reserved 1048576K
}
Event: 13.348 GC heap after
{Heap after GC invocations=43 (full 0):
 garbage-first heap   total 162816K, used 92120K [0x0000000080000000, 0x0000000100000000)
  region size 1024K, 3 young (3072K), 3 survivors (3072K)
 Metaspace       used 88684K, committed 89344K, reserved 1130496K
  class space    used 11752K, committed 12096K, reserved 1048576K
}
Event: 14.163 GC heap before
{Heap before GC invocations=44 (full 0):
 garbage-first heap   total 176128K, used 126936K [0x0000000080000000, 0x0000000100000000)
  region size 1024K, 36 young (36864K), 3 survivors (3072K)
 Metaspace       used 90383K, committed 91008K, reserved 1130496K
  class space    used 11950K, committed 12288K, reserved 1048576K
}
Event: 14.170 GC heap after
{Heap after GC invocations=45 (full 0):
 garbage-first heap   total 176128K, used 101256K [0x0000000080000000, 0x0000000100000000)
  region size 1024K, 5 young (5120K), 5 survivors (5120K)
 Metaspace       used 90383K, committed 91008K, reserved 1130496K
  class space    used 11950K, committed 12288K, reserved 1048576K
}
Event: 14.467 GC heap before
{Heap before GC invocations=45 (full 0):
 garbage-first heap   total 176128K, used 118664K [0x0000000080000000, 0x0000000100000000)
  region size 1024K, 24 young (24576K), 5 survivors (5120K)
 Metaspace       used 90994K, committed 91712K, reserved 1130496K
  class space    used 12005K, committed 12352K, reserved 1048576K
}
Event: 14.472 GC heap after
{Heap after GC invocations=46 (full 0):
 garbage-first heap   total 176128K, used 100503K [0x0000000080000000, 0x0000000100000000)
  region size 1024K, 1 young (1024K), 1 survivors (1024K)
 Metaspace       used 90994K, committed 91712K, reserved 1130496K
  class space    used 12005K, committed 12352K, reserved 1048576K
}
Event: 14.920 GC heap before
{Heap before GC invocations=47 (full 0):
 garbage-first heap   total 181248K, used 137367K [0x0000000080000000, 0x0000000100000000)
  region size 1024K, 37 young (37888K), 1 survivors (1024K)
 Metaspace       used 95271K, committed 95936K, reserved 1138688K
  class space    used 12636K, committed 12928K, reserved 1048576K
}
Event: 14.926 GC heap after
{Heap after GC invocations=48 (full 0):
 garbage-first heap   total 181248K, used 105155K [0x0000000080000000, 0x0000000100000000)
  region size 1024K, 5 young (5120K), 5 survivors (5120K)
 Metaspace       used 95271K, committed 95936K, reserved 1138688K
  class space    used 12636K, committed 12928K, reserved 1048576K
}
Event: 15.325 GC heap before
{Heap before GC invocations=48 (full 0):
 garbage-first heap   total 181248K, used 140995K [0x0000000080000000, 0x0000000100000000)
  region size 1024K, 41 young (41984K), 5 survivors (5120K)
 Metaspace       used 100983K, committed 101632K, reserved 1138688K
  class space    used 13709K, committed 14016K, reserved 1048576K
}
Event: 15.333 GC heap after
{Heap after GC invocations=49 (full 0):
 garbage-first heap   total 181248K, used 109135K [0x0000000080000000, 0x0000000100000000)
  region size 1024K, 4 young (4096K), 4 survivors (4096K)
 Metaspace       used 100983K, committed 101632K, reserved 1138688K
  class space    used 13709K, committed 14016K, reserved 1048576K
}
Event: 15.766 GC heap before
{Heap before GC invocations=50 (full 0):
 garbage-first heap   total 198656K, used 143951K [0x0000000080000000, 0x0000000100000000)
  region size 1024K, 39 young (39936K), 4 survivors (4096K)
 Metaspace       used 103205K, committed 103936K, reserved 1138688K
  class space    used 13997K, committed 14336K, reserved 1048576K
}
Event: 15.771 GC heap after
{Heap after GC invocations=51 (full 0):
 garbage-first heap   total 198656K, used 109789K [0x0000000080000000, 0x0000000100000000)
  region size 1024K, 1 young (1024K), 1 survivors (1024K)
 Metaspace       used 103205K, committed 103936K, reserved 1138688K
  class space    used 13997K, committed 14336K, reserved 1048576K
}
Event: 15.893 GC heap before
{Heap before GC invocations=51 (full 0):
 garbage-first heap   total 198656K, used 116957K [0x0000000080000000, 0x0000000100000000)
  region size 1024K, 10 young (10240K), 1 survivors (1024K)
 Metaspace       used 103449K, committed 104128K, reserved 1138688K
  class space    used 13997K, committed 14336K, reserved 1048576K
}
Event: 15.896 GC heap after
{Heap after GC invocations=52 (full 0):
 garbage-first heap   total 198656K, used 110700K [0x0000000080000000, 0x0000000100000000)
  region size 1024K, 2 young (2048K), 2 survivors (2048K)
 Metaspace       used 103449K, committed 104128K, reserved 1138688K
  class space    used 13997K, committed 14336K, reserved 1048576K
}
Event: 16.502 GC heap before
{Heap before GC invocations=53 (full 0):
 garbage-first heap   total 198656K, used 182380K [0x0000000080000000, 0x0000000100000000)
  region size 1024K, 49 young (50176K), 2 survivors (2048K)
 Metaspace       used 105245K, committed 105920K, reserved 1146880K
  class space    used 14345K, committed 14656K, reserved 1048576K
}
Event: 16.518 GC heap after
{Heap after GC invocations=54 (full 0):
 garbage-first heap   total 201728K, used 138810K [0x0000000080000000, 0x0000000100000000)
  region size 1024K, 7 young (7168K), 7 survivors (7168K)
 Metaspace       used 105245K, committed 105920K, reserved 1146880K
  class space    used 14345K, committed 14656K, reserved 1048576K
}
Event: 16.545 GC heap before
{Heap before GC invocations=54 (full 0):
 garbage-first heap   total 201728K, used 140858K [0x0000000080000000, 0x0000000100000000)
  region size 1024K, 9 young (9216K), 7 survivors (7168K)
 Metaspace       used 105320K, committed 105984K, reserved 1146880K
  class space    used 14345K, committed 14656K, reserved 1048576K
}
Event: 16.561 GC heap after
{Heap after GC invocations=55 (full 0):
 garbage-first heap   total 201728K, used 125267K [0x0000000080000000, 0x0000000100000000)
  region size 1024K, 2 young (2048K), 2 survivors (2048K)
 Metaspace       used 105320K, committed 105984K, reserved 1146880K
  class space    used 14345K, committed 14656K, reserved 1048576K
}
Event: 16.846 GC heap before
{Heap before GC invocations=55 (full 0):
 garbage-first heap   total 201728K, used 159059K [0x0000000080000000, 0x0000000100000000)
  region size 1024K, 35 young (35840K), 2 survivors (2048K)
 Metaspace       used 105402K, committed 106048K, reserved 1146880K
  class space    used 14345K, committed 14656K, reserved 1048576K
}

Deoptimization events (20 events):
Event: 16.454 Thread 0x000001e86c376ec0 Uncommon trap: trap_request=0xffffffc6 fr.pc=0x000001e85447f624 relative=0x0000000000001644
Event: 16.454 Thread 0x000001e86c376ec0 Uncommon trap: reason=bimorphic_or_optimized_type_check action=maybe_recompile pc=0x000001e85447f624 method=com.android.tools.r8.graph.r0.a(Lcom/android/tools/r8/internal/kV;Lcom/android/tools/r8/internal/Yb;)I @ 6 c2
Event: 16.454 Thread 0x000001e86c376ec0 DEOPT PACKING pc=0x000001e85447f624 sp=0x0000001dcf0fe9f0
Event: 16.454 Thread 0x000001e86c376ec0 DEOPT UNPACKING pc=0x000001e84c56f92e sp=0x0000001dcf0fe998 mode 2
Event: 16.454 Thread 0x000001e86c376ec0 Uncommon trap: trap_request=0xffffffc6 fr.pc=0x000001e85447f624 relative=0x0000000000001644
Event: 16.454 Thread 0x000001e86c376ec0 Uncommon trap: reason=bimorphic_or_optimized_type_check action=maybe_recompile pc=0x000001e85447f624 method=com.android.tools.r8.graph.r0.a(Lcom/android/tools/r8/internal/kV;Lcom/android/tools/r8/internal/Yb;)I @ 6 c2
Event: 16.454 Thread 0x000001e86c376ec0 DEOPT PACKING pc=0x000001e85447f624 sp=0x0000001dcf0fe9f0
Event: 16.454 Thread 0x000001e86c376ec0 DEOPT UNPACKING pc=0x000001e84c56f92e sp=0x0000001dcf0fe998 mode 2
Event: 16.455 Thread 0x000001e86c376ec0 Uncommon trap: trap_request=0xffffffc6 fr.pc=0x000001e85447f624 relative=0x0000000000001644
Event: 16.455 Thread 0x000001e86c376ec0 Uncommon trap: reason=bimorphic_or_optimized_type_check action=maybe_recompile pc=0x000001e85447f624 method=com.android.tools.r8.graph.r0.a(Lcom/android/tools/r8/internal/kV;Lcom/android/tools/r8/internal/Yb;)I @ 6 c2
Event: 16.455 Thread 0x000001e86c376ec0 DEOPT PACKING pc=0x000001e85447f624 sp=0x0000001dcf0fe9f0
Event: 16.455 Thread 0x000001e86c376ec0 DEOPT UNPACKING pc=0x000001e84c56f92e sp=0x0000001dcf0fe998 mode 2
Event: 16.456 Thread 0x000001e86c376ec0 Uncommon trap: trap_request=0xffffff45 fr.pc=0x000001e854391de4 relative=0x0000000000000244
Event: 16.456 Thread 0x000001e86c376ec0 Uncommon trap: reason=unstable_if action=reinterpret pc=0x000001e854391de4 method=com.android.tools.r8.graph.d1.a(Lcom/android/tools/r8/graph/d1;)I @ 143 c2
Event: 16.456 Thread 0x000001e86c376ec0 DEOPT PACKING pc=0x000001e854391de4 sp=0x0000001dcf0fe400
Event: 16.456 Thread 0x000001e86c376ec0 DEOPT UNPACKING pc=0x000001e84c56f92e sp=0x0000001dcf0fe380 mode 2
Event: 16.529 Thread 0x000001e86c376ec0 DEOPT PACKING pc=0x000001e84e2f2e2d sp=0x0000001dcf0feae0
Event: 16.529 Thread 0x000001e86c376ec0 DEOPT UNPACKING pc=0x000001e84c56e77e sp=0x0000001dcf0fe0b8 mode 0
Event: 16.584 Thread 0x000001e86c376ec0 DEOPT PACKING pc=0x000001e84e3063f5 sp=0x0000001dcf0fe300
Event: 16.584 Thread 0x000001e86c376ec0 DEOPT UNPACKING pc=0x000001e84c56e77e sp=0x0000001dcf0fdf20 mode 0

Classes unloaded (18 events):
Event: 9.642 Thread 0x000001e862ee3b70 Unloading class 0x000000080160d800 'java/lang/invoke/LambdaForm$DMH+0x000000080160d800'
Event: 9.642 Thread 0x000001e862ee3b70 Unloading class 0x000000080160dc00 'java/lang/invoke/LambdaForm$DMH+0x000000080160dc00'
Event: 9.642 Thread 0x000001e862ee3b70 Unloading class 0x000000080160d400 'java/lang/invoke/LambdaForm$DMH+0x000000080160d400'
Event: 9.642 Thread 0x000001e862ee3b70 Unloading class 0x000000080160c400 'java/lang/invoke/LambdaForm$DMH+0x000000080160c400'
Event: 9.642 Thread 0x000001e862ee3b70 Unloading class 0x000000080160d000 'java/lang/invoke/LambdaForm$DMH+0x000000080160d000'
Event: 9.642 Thread 0x000001e862ee3b70 Unloading class 0x000000080160c800 'java/lang/invoke/LambdaForm$DMH+0x000000080160c800'
Event: 9.642 Thread 0x000001e862ee3b70 Unloading class 0x000000080160cc00 'java/lang/invoke/LambdaForm$DMH+0x000000080160cc00'
Event: 16.014 Thread 0x000001e862ee3b70 Unloading class 0x00000008019bd400 'java/lang/invoke/LambdaForm$DMH+0x00000008019bd400'
Event: 16.014 Thread 0x000001e862ee3b70 Unloading class 0x00000008019bcc00 'java/lang/invoke/LambdaForm$DMH+0x00000008019bcc00'
Event: 16.014 Thread 0x000001e862ee3b70 Unloading class 0x00000008019bd000 'java/lang/invoke/LambdaForm$DMH+0x00000008019bd000'
Event: 16.014 Thread 0x000001e862ee3b70 Unloading class 0x00000008019bc400 'java/lang/invoke/LambdaForm$DMH+0x00000008019bc400'
Event: 16.014 Thread 0x000001e862ee3b70 Unloading class 0x00000008019bc800 'java/lang/invoke/LambdaForm$DMH+0x00000008019bc800'
Event: 16.014 Thread 0x000001e862ee3b70 Unloading class 0x0000000801994400 'java/lang/invoke/LambdaForm$DMH+0x0000000801994400'
Event: 16.014 Thread 0x000001e862ee3b70 Unloading class 0x0000000801905400 'java/lang/invoke/LambdaForm$DMH+0x0000000801905400'
Event: 16.014 Thread 0x000001e862ee3b70 Unloading class 0x0000000801905000 'java/lang/invoke/LambdaForm$DMH+0x0000000801905000'
Event: 16.014 Thread 0x000001e862ee3b70 Unloading class 0x0000000801904c00 'java/lang/invoke/LambdaForm$DMH+0x0000000801904c00'
Event: 16.014 Thread 0x000001e862ee3b70 Unloading class 0x0000000801904400 'java/lang/invoke/LambdaForm$DMH+0x0000000801904400'
Event: 16.014 Thread 0x000001e862ee3b70 Unloading class 0x0000000801904800 'java/lang/invoke/LambdaForm$DMH+0x0000000801904800'

Classes redefined (0 events):
No events

Internal exceptions (20 events):
Event: 15.493 Thread 0x000001e86740dea0 Exception <a 'java/lang/NoSuchMethodError'{0x000000008bf82668}: 'java.lang.Object java.lang.invoke.Invokers$Holder.linkToTargetMethod(java.lang.Object, int, java.lang.Object, java.lang.Object, java.lang.Object, java.lang.Object)'> (0x000000008bf82668) 
thrown [t:\workspace\open\src\hotspot\share\interpreter\linkResolver.cpp, line 790]
Event: 15.493 Thread 0x000001e864bc3af0 Exception <a 'java/lang/NoSuchMethodError'{0x000000008bfa2098}: 'java.lang.Object java.lang.invoke.Invokers$Holder.linkToTargetMethod(java.lang.Object, int, java.lang.Object, java.lang.Object, java.lang.Object, java.lang.Object)'> (0x000000008bfa2098) 
thrown [t:\workspace\open\src\hotspot\share\interpreter\linkResolver.cpp, line 790]
Event: 15.493 Thread 0x000001e864bc4ae0 Exception <a 'java/lang/NoSuchMethodError'{0x000000008bf91e18}: 'java.lang.Object java.lang.invoke.Invokers$Holder.linkToTargetMethod(java.lang.Object, int, java.lang.Object, java.lang.Object, java.lang.Object, java.lang.Object)'> (0x000000008bf91e18) 
thrown [t:\workspace\open\src\hotspot\share\interpreter\linkResolver.cpp, line 790]
Event: 15.495 Thread 0x000001e864bc3af0 Exception <a 'java/lang/NoSuchMethodError'{0x000000008bfb8bf8}: 'java.lang.Object java.lang.invoke.Invokers$Holder.linkToTargetMethod(java.lang.Object, java.lang.Object, java.lang.Object, int, java.lang.Object, java.lang.Object, java.lang.Object)'> (0x000000008bfb8bf8) 
thrown [t:\workspace\open\src\hotspot\share\interpreter\linkResolver.cpp, line 790]
Event: 15.497 Thread 0x000001e86740dea0 Exception <a 'java/lang/NoSuchMethodError'{0x000000008bf8a030}: 'java.lang.Object java.lang.invoke.DirectMethodHandle$Holder.newInvokeSpecial(java.lang.Object, java.lang.Object, java.lang.Object, java.lang.Object, int, java.lang.Object, java.lang.Object)'> (0x000000008bf8a030) 
thrown [t:\workspace\open\src\hotspot\share\interpreter\linkResolver.cpp, line 790]
Event: 15.503 Thread 0x000001e864bc3af0 Exception <a 'java/lang/NoSuchMethodError'{0x000000008be0b7d8}: 'void java.lang.invoke.DirectMethodHandle$Holder.invokeStatic(java.lang.Object, java.lang.Object, java.lang.Object, java.lang.Object, java.lang.Object, java.lang.Object, java.lang.Object, java.lang.Object)'> (0x000000008be0b7d8) 
thrown [t:\workspace\open\src\hotspot\share\interpreter\linkResolver.cpp, line 790]
Event: 15.503 Thread 0x000001e864bc4ae0 Exception <a 'java/lang/NoSuchMethodError'{0x000000008bf963b0}: 'void java.lang.invoke.DirectMethodHandle$Holder.invokeStatic(java.lang.Object, java.lang.Object, java.lang.Object, java.lang.Object, java.lang.Object, java.lang.Object, java.lang.Object, java.lang.Object)'> (0x000000008bf963b0) 
thrown [t:\workspace\open\src\hotspot\share\interpreter\linkResolver.cpp, line 790]
Event: 15.503 Thread 0x000001e86740dea0 Exception <a 'java/lang/NoSuchMethodError'{0x000000008be2dbc0}: 'void java.lang.invoke.DirectMethodHandle$Holder.invokeStatic(java.lang.Object, java.lang.Object, java.lang.Object, java.lang.Object, java.lang.Object, java.lang.Object, java.lang.Object, java.lang.Object)'> (0x000000008be2dbc0) 
thrown [t:\workspace\open\src\hotspot\share\interpreter\linkResolver.cpp, line 790]
Event: 15.567 Thread 0x000001e864bc3af0 Exception <a 'java/lang/IncompatibleClassChangeError'{0x000000008b927710}: Found class java.lang.Object, but interface was expected> (0x000000008b927710) 
thrown [t:\workspace\open\src\hotspot\share\interpreter\linkResolver.cpp, line 857]
Event: 15.567 Thread 0x000001e86740dea0 Exception <a 'java/lang/IncompatibleClassChangeError'{0x000000008b9b4660}: Found class java.lang.Object, but interface was expected> (0x000000008b9b4660) 
thrown [t:\workspace\open\src\hotspot\share\interpreter\linkResolver.cpp, line 857]
Event: 15.567 Thread 0x000001e864bc4ae0 Exception <a 'java/lang/IncompatibleClassChangeError'{0x000000008b9b8328}: Found class java.lang.Object, but interface was expected> (0x000000008b9b8328) 
thrown [t:\workspace\open\src\hotspot\share\interpreter\linkResolver.cpp, line 857]
Event: 15.610 Thread 0x000001e86740dea0 Exception <a 'java/lang/NoSuchMethodError'{0x000000008b65c530}: 'void java.lang.invoke.DirectMethodHandle$Holder.invokeSpecial(java.lang.Object, java.lang.Object, int)'> (0x000000008b65c530) 
thrown [t:\workspace\open\src\hotspot\share\interpreter\linkResolver.cpp, line 790]
Event: 15.641 Thread 0x000001e864bc4ae0 Exception <a 'sun/nio/fs/WindowsException'{0x000000008b433ee0}> (0x000000008b433ee0) 
thrown [t:\workspace\open\src\hotspot\share\prims\jni.cpp, line 579]
Event: 15.642 Thread 0x000001e864bc3af0 Exception <a 'sun/nio/fs/WindowsException'{0x000000008b5e37a0}> (0x000000008b5e37a0) 
thrown [t:\workspace\open\src\hotspot\share\prims\jni.cpp, line 579]
Event: 15.660 Thread 0x000001e864bc3af0 Exception <a 'sun/nio/fs/WindowsException'{0x000000008b5ee370}> (0x000000008b5ee370) 
thrown [t:\workspace\open\src\hotspot\share\prims\jni.cpp, line 579]
Event: 15.991 Thread 0x000001e866c490b0 Exception <a 'java/lang/NoSuchMethodError'{0x000000008c0a5630}: static Lkotlin/InitializedLazyImpl;.<clinit>()V> (0x000000008c0a5630) 
thrown [t:\workspace\open\src\hotspot\share\prims\jni.cpp, line 1210]
Event: 16.102 Thread 0x000001e86740f930 Exception <a 'sun/nio/fs/WindowsException'{0x000000008bcb9e08}> (0x000000008bcb9e08) 
thrown [t:\workspace\open\src\hotspot\share\prims\jni.cpp, line 579]
Event: 16.426 Thread 0x000001e86740fe80 Exception <a 'java/lang/NoSuchMethodError'{0x000000008975e670}: 'long java.lang.invoke.DirectMethodHandle$Holder.invokeStatic(java.lang.Object, java.lang.Object, java.lang.Object)'> (0x000000008975e670) 
thrown [t:\workspace\open\src\hotspot\share\interpreter\linkResolver.cpp, line 790]
Event: 16.426 Thread 0x000001e86740c410 Exception <a 'java/lang/NoSuchMethodError'{0x0000000089734160}: 'long java.lang.invoke.DirectMethodHandle$Holder.invokeStatic(java.lang.Object, java.lang.Object, java.lang.Object)'> (0x0000000089734160) 
thrown [t:\workspace\open\src\hotspot\share\interpreter\linkResolver.cpp, line 790]
Event: 16.426 Thread 0x000001e867409ee0 Exception <a 'java/lang/NoSuchMethodError'{0x000000008955e0f0}: 'long java.lang.invoke.DirectMethodHandle$Holder.invokeStatic(java.lang.Object, java.lang.Object, java.lang.Object)'> (0x000000008955e0f0) 
thrown [t:\workspace\open\src\hotspot\share\interpreter\linkResolver.cpp, line 790]

Events (20 events):
Event: 16.392 Thread 0x000001e867410920 Thread added: 0x000001e867410920
Event: 16.392 Thread 0x000001e86c37a930 Thread added: 0x000001e86c37a930
Event: 16.393 Thread 0x000001e86c37d3b0 Thread added: 0x000001e86c37d3b0
Event: 16.393 Thread 0x000001e86c37ae80 Thread added: 0x000001e86c37ae80
Event: 16.394 Thread 0x000001e86c376ec0 Thread added: 0x000001e86c376ec0
Event: 16.424 loading class java/nio/HeapShortBuffer
Event: 16.425 loading class java/nio/HeapShortBuffer done
Event: 16.426 loading class java/util/AbstractList$RandomAccessSubList
Event: 16.426 loading class java/util/AbstractList$SubList
Event: 16.427 loading class java/util/AbstractList$SubList done
Event: 16.427 loading class java/util/AbstractList$RandomAccessSubList done
Event: 16.428 loading class java/util/AbstractList$SubList$1
Event: 16.428 loading class java/util/AbstractList$SubList$1 done
Event: 16.502 Executing  VM operation: G1CollectForAllocation
Event: 16.518 Executing  VM operation: G1CollectForAllocation done
Event: 16.545 Executing  VM operation: G1CollectForAllocation
Event: 16.561 Executing  VM operation: G1CollectForAllocation done
Event: 16.705 Executing  VM operation: ICBufferFull
Event: 16.706 Executing  VM operation: ICBufferFull done
Event: 16.846 Executing  VM operation: G1CollectForAllocation


Dynamic libraries:
0x00007ff7f63b0000 - 0x00007ff7f63c0000 	C:\Program Files\Java\jdk-16.0.2\bin\java.exe
0x00007ff803810000 - 0x00007ff803a08000 	C:\WINDOWS\SYSTEM32\ntdll.dll
0x00007ff801930000 - 0x00007ff8019ed000 	C:\WINDOWS\System32\KERNEL32.DLL
0x00007ff8015a0000 - 0x00007ff80186e000 	C:\WINDOWS\System32\KERNELBASE.dll
0x00007ff8011d0000 - 0x00007ff8012d0000 	C:\WINDOWS\System32\ucrtbase.dll
0x00007fffe98d0000 - 0x00007fffe98e8000 	C:\Program Files\Java\jdk-16.0.2\bin\jli.dll
0x00007fffe6460000 - 0x00007fffe6479000 	C:\Program Files\Java\jdk-16.0.2\bin\VCRUNTIME140.dll
0x00007ff8032b0000 - 0x00007ff80335e000 	C:\WINDOWS\System32\ADVAPI32.dll
0x00007ff802f30000 - 0x00007ff802fce000 	C:\WINDOWS\System32\msvcrt.dll
0x00007ff802000000 - 0x00007ff80209c000 	C:\WINDOWS\System32\sechost.dll
0x00007ff802fd0000 - 0x00007ff8030f5000 	C:\WINDOWS\System32\RPCRT4.dll
0x00007ff8020a0000 - 0x00007ff802240000 	C:\WINDOWS\System32\USER32.dll
0x00007fffead00000 - 0x00007fffeaf9a000 	C:\WINDOWS\WinSxS\amd64_microsoft.windows.common-controls_6595b64144ccf1df_6.0.19041.1110_none_60b5254171f9507e\COMCTL32.dll
0x00007ff800f30000 - 0x00007ff800f52000 	C:\WINDOWS\System32\win32u.dll
0x00007ff803520000 - 0x00007ff80354a000 	C:\WINDOWS\System32\GDI32.dll
0x00007ff801020000 - 0x00007ff80112b000 	C:\WINDOWS\System32\gdi32full.dll
0x00007ff801130000 - 0x00007ff8011cd000 	C:\WINDOWS\System32\msvcp_win.dll
0x00007ffffb480000 - 0x00007ffffb48a000 	C:\WINDOWS\SYSTEM32\VERSION.dll
0x00007ff803360000 - 0x00007ff803390000 	C:\WINDOWS\System32\IMM32.DLL
0x00007fffe6b00000 - 0x00007fffe6b0c000 	C:\Program Files\Java\jdk-16.0.2\bin\vcruntime140_1.dll
0x00007fffce0e0000 - 0x00007fffce171000 	C:\Program Files\Java\jdk-16.0.2\bin\msvcp140.dll
0x00007fff9ca20000 - 0x00007fff9d5cb000 	C:\Program Files\Java\jdk-16.0.2\bin\server\jvm.dll
0x00007ff8022a0000 - 0x00007ff8022a8000 	C:\WINDOWS\System32\PSAPI.DLL
0x00007ffffe070000 - 0x00007ffffe079000 	C:\WINDOWS\SYSTEM32\WSOCK32.dll
0x00007ff801eb0000 - 0x00007ff801f1b000 	C:\WINDOWS\System32\WS2_32.dll
0x00007ffffeda0000 - 0x00007ffffedc7000 	C:\WINDOWS\SYSTEM32\WINMM.dll
0x00007fffff7e0000 - 0x00007fffff7f2000 	C:\WINDOWS\SYSTEM32\kernel.appcore.dll
0x00007fffe63e0000 - 0x00007fffe63ea000 	C:\Program Files\Java\jdk-16.0.2\bin\jimage.dll
0x00007ffffebb0000 - 0x00007ffffed94000 	C:\WINDOWS\SYSTEM32\DBGHELP.DLL
0x00007ffffeb80000 - 0x00007ffffebac000 	C:\WINDOWS\SYSTEM32\dbgcore.DLL
0x00007ff800f60000 - 0x00007ff800fe2000 	C:\WINDOWS\System32\bcryptPrimitives.dll
0x00007fffcfda0000 - 0x00007fffcfdc5000 	C:\Program Files\Java\jdk-16.0.2\bin\java.dll
0x00007ff8027e0000 - 0x00007ff802f24000 	C:\WINDOWS\System32\SHELL32.dll
0x00007fffff000000 - 0x00007fffff794000 	C:\WINDOWS\SYSTEM32\windows.storage.dll
0x00007ff8019f0000 - 0x00007ff801d44000 	C:\WINDOWS\System32\combase.dll
0x00007ff800990000 - 0x00007ff8009c0000 	C:\WINDOWS\SYSTEM32\Wldp.dll
0x00007ff8022b0000 - 0x00007ff80235d000 	C:\WINDOWS\System32\SHCORE.dll
0x00007ff801f20000 - 0x00007ff801f75000 	C:\WINDOWS\System32\shlwapi.dll
0x00007ff800e70000 - 0x00007ff800e8f000 	C:\WINDOWS\SYSTEM32\profapi.dll
0x00007fffe6230000 - 0x00007fffe6249000 	C:\Program Files\Java\jdk-16.0.2\bin\net.dll
0x00007fffeb9a0000 - 0x00007fffebaaa000 	C:\WINDOWS\SYSTEM32\WINHTTP.dll
0x00007ff8006f0000 - 0x00007ff80075a000 	C:\WINDOWS\system32\mswsock.dll
0x00007fffd3f80000 - 0x00007fffd3f93000 	C:\Program Files\Java\jdk-16.0.2\bin\nio.dll
0x00007fffcfd80000 - 0x00007fffcfd98000 	C:\Program Files\Java\jdk-16.0.2\bin\zip.dll
0x00007fffdce10000 - 0x00007fffdce20000 	C:\Program Files\Java\jdk-16.0.2\bin\verify.dll
0x00007ffffae70000 - 0x00007ffffae97000 	C:\Users\ITECH\.gradle\native\e1d6ef7f7dcc3fd88c89a11ec53ec762bb8ba0a96d01ffa2cd45eb1d1d8dd5c5\windows-amd64\native-platform.dll
0x00007fffcdd20000 - 0x00007fffcde64000 	C:\Users\ITECH\.gradle\native\5664cfc778a61ccfe75a443a1ab52a65af34e5dc3c78e0209fed803814484fcb\windows-amd64\native-platform-file-events.dll
0x00007fffdaaa0000 - 0x00007fffdaaa9000 	C:\Program Files\Java\jdk-16.0.2\bin\management.dll
0x00007fffd8520000 - 0x00007fffd852b000 	C:\Program Files\Java\jdk-16.0.2\bin\management_ext.dll
0x00007ff8008e0000 - 0x00007ff8008f8000 	C:\WINDOWS\SYSTEM32\CRYPTSP.dll
0x00007ff800000000 - 0x00007ff800034000 	C:\WINDOWS\system32\rsaenh.dll
0x00007ff800ff0000 - 0x00007ff801017000 	C:\WINDOWS\System32\bcrypt.dll
0x00007ff800df0000 - 0x00007ff800e1e000 	C:\WINDOWS\SYSTEM32\USERENV.dll
0x00007ff800900000 - 0x00007ff80090c000 	C:\WINDOWS\SYSTEM32\CRYPTBASE.dll
0x00007ff800390000 - 0x00007ff8003cb000 	C:\WINDOWS\SYSTEM32\IPHLPAPI.DLL
0x00007ff801870000 - 0x00007ff801878000 	C:\WINDOWS\System32\NSI.dll
0x00007ffff6270000 - 0x00007ffff6287000 	C:\WINDOWS\SYSTEM32\dhcpcsvc6.DLL
0x00007ffff6740000 - 0x00007ffff675d000 	C:\WINDOWS\SYSTEM32\dhcpcsvc.DLL
0x00007ff8003d0000 - 0x00007ff80049a000 	C:\WINDOWS\SYSTEM32\DNSAPI.dll
0x00007fffd5a70000 - 0x00007fffd5a7e000 	C:\Program Files\Java\jdk-16.0.2\bin\sunmscapi.dll
0x00007ff8013f0000 - 0x00007ff801546000 	C:\WINDOWS\System32\CRYPT32.dll
0x00007ff800a00000 - 0x00007ff800a27000 	C:\WINDOWS\SYSTEM32\ncrypt.dll
0x00007ff8009c0000 - 0x00007ff8009fb000 	C:\WINDOWS\SYSTEM32\NTASN1.dll
0x00007fffdae80000 - 0x00007fffdae87000 	C:\WINDOWS\system32\wshunix.dll

dbghelp: loaded successfully - version: 4.0.5 - missing functions: none
symbol engine: initialized successfully - sym options: 0x614 - pdb path: .;C:\Program Files\Java\jdk-16.0.2\bin;C:\WINDOWS\SYSTEM32;C:\WINDOWS\WinSxS\amd64_microsoft.windows.common-controls_6595b64144ccf1df_6.0.19041.1110_none_60b5254171f9507e;C:\Program Files\Java\jdk-16.0.2\bin\server;C:\Users\ITECH\.gradle\native\e1d6ef7f7dcc3fd88c89a11ec53ec762bb8ba0a96d01ffa2cd45eb1d1d8dd5c5\windows-amd64;C:\Users\ITECH\.gradle\native\5664cfc778a61ccfe75a443a1ab52a65af34e5dc3c78e0209fed803814484fcb\windows-amd64

VM Arguments:
jvm_args: --add-opens=java.base/java.util=ALL-UNNAMED --add-opens=java.base/java.lang=ALL-UNNAMED --add-opens=java.base/java.lang.invoke=ALL-UNNAMED --add-opens=java.base/java.util=ALL-UNNAMED --add-opens=java.prefs/java.util.prefs=ALL-UNNAMED --add-opens=java.prefs/java.util.prefs=ALL-UNNAMED --add-opens=java.base/java.nio.charset=ALL-UNNAMED --add-opens=java.base/java.net=ALL-UNNAMED --add-opens=java.base/java.util.concurrent.atomic=ALL-UNNAMED -Xmx2048m -Dfile.encoding=UTF-8 -Duser.country=US -Duser.language=en -Duser.variant 
java_command: org.gradle.launcher.daemon.bootstrap.GradleDaemon 7.3.3
java_class_path (initial): C:\Users\ITECH\.gradle\wrapper\dists\gradle-7.3.3-bin\6a41zxkdtcxs8rphpq6y0069z\gradle-7.3.3\lib\gradle-launcher-7.3.3.jar
Launcher Type: SUN_STANDARD

[Global flags]
     intx CICompilerCount                          = 4                                         {product} {ergonomic}
     uint ConcGCThreads                            = 2                                         {product} {ergonomic}
     uint G1ConcRefinementThreads                  = 8                                         {product} {ergonomic}
   size_t G1HeapRegionSize                         = 1048576                                   {product} {ergonomic}
    uintx GCDrainStackTargetSize                   = 64                                        {product} {ergonomic}
   size_t InitialHeapSize                          = 132120576                                 {product} {ergonomic}
   size_t MarkStackSize                            = 4194304                                   {product} {ergonomic}
   size_t MaxHeapSize                              = 2147483648                                {product} {command line}
   size_t MaxNewSize                               = 1287651328                                {product} {ergonomic}
   size_t MinHeapDeltaBytes                        = 1048576                                   {product} {ergonomic}
   size_t MinHeapSize                              = 8388608                                   {product} {ergonomic}
    uintx NonNMethodCodeHeapSize                   = 5839372                                {pd product} {ergonomic}
    uintx NonProfiledCodeHeapSize                  = 122909434                              {pd product} {ergonomic}
    uintx ProfiledCodeHeapSize                     = 122909434                              {pd product} {ergonomic}
    uintx ReservedCodeCacheSize                    = 251658240                              {pd product} {ergonomic}
     bool SegmentedCodeCache                       = true                                      {product} {ergonomic}
   size_t SoftMaxHeapSize                          = 2147483648                             {manageable} {ergonomic}
     bool UseCompressedClassPointers               = true                           {product lp64_product} {ergonomic}
     bool UseCompressedOops                        = true                           {product lp64_product} {ergonomic}
     bool UseG1GC                                  = true                                      {product} {ergonomic}
     bool UseLargePagesIndividualAllocation        = false                                  {pd product} {ergonomic}

Logging:
Log output configuration:
 #0: stdout all=warning uptime,level,tags
 #1: stderr all=off uptime,level,tags

Environment Variables:
JAVA_HOME=C:\Program Files\Java\jdk-16.0.2
PATH=C:\Program Files\Python37\Scripts\;C:\Program Files\Python37\;C:\ProgramData\Oracle\Java\javapath;C:\app\ITECH\product\11.2.0\dbhome_1\bin;C:\Program Files\Common Files\Oracle\Java\javapath;C:\Program Files (x86)\Common Files\Oracle\Java\javapath;C:\WINDOWS\system32;C:\WINDOWS;C:\WINDOWS\System32\Wbem;C:\WINDOWS\System32\WindowsPowerShell\v1.0\;C:\WINDOWS\System32\OpenSSH\;C:\Program Files\Microsoft SQL Server\130\Tools\Binn\;C:\Program Files\Microsoft SQL Server\Client SDK\ODBC\170\Tools\Binn\;C:\Program Files\dotnet\;C:\Program Files\nodejs\;C:\Program Files\Java\jdk-16.0.2\bin;C:\Program Files\Git\cmd;C:\Program Files\Java\jdk-16.0.2\bin;
USERNAME=ITECH
OS=Windows_NT
PROCESSOR_IDENTIFIER=Intel64 Family 6 Model 126 Stepping 5, GenuineIntel



---------------  S Y S T E M  ---------------

OS:
 Windows 10 , 64 bit Build 19041 (10.0.19041.1889)
OS uptime: 0 days 1:59 hours

CPU: total 8 (initial active 8) (4 cores per cpu, 2 threads per core) family 6 model 126 stepping 5 microcode 0xb0, cx8, cmov, fxsr, ht, mmx, 3dnowpref, sse, sse2, sse3, ssse3, sse4.1, sse4.2, popcnt, lzcnt, tsc, tscinvbit, avx, avx2, aes, erms, clmul, bmi1, bmi2, adx, avx512f, avx512dq, avx512cd, avx512bw, avx512vl, sha, fma, vzeroupper, avx512_vpopcntdq, avx512_vpclmulqdq, avx512_vaes, avx512_vnni, clflush, clflushopt, avx512_vmbi2, avx512_vmbi

Memory: 4k page, system-wide physical 7959M (858M free)
TotalPageFile size 7959M (AvailPageFile size 64M)
current process WorkingSet (physical memory assigned to process): 524M, peak: 524M
current process commit charge ("private bytes"): 560M, peak: 746M

vm_info: Java HotSpot(TM) 64-Bit Server VM (16.0.2+7-67) for windows-amd64 JRE (16.0.2+7-67), built on Jun  8 2021 23:24:19 by "mach5one" with MS VC++ 16.7 (VS2019)

END.
