#
# There is insufficient memory for the Java Runtime Environment to continue.
# Native memory allocation (mmap) failed to map 44040192 bytes for G1 virtual space
# Possible reasons:
#   The system is out of physical RAM or swap space
#   The process is running with CompressedOops enabled, and the Java Heap may be blocking the growth of the native heap
# Possible solutions:
#   Reduce memory load on the system
#   Increase physical memory or swap space
#   Check if swap backing store is full
#   Decrease Java heap size (-Xmx/-Xms)
#   Decrease number of Java threads
#   Decrease Java thread stack sizes (-Xss)
#   Set larger code cache with -XX:ReservedCodeCacheSize=
#   JVM is running with Unscaled Compressed Oops mode in which the Java heap is
#     placed in the first 4GB address space. The Java Heap base address is the
#     maximum limit for the native heap growth. Please use -XX:HeapBaseMinAddress
#     to set the Java Heap base and to place the Java Heap above 4GB virtual address.
# This output file may be truncated or incomplete.
#
#  Out of Memory Error (os_windows.cpp:3466), pid=5072, tid=4900
#
# JRE version: Java(TM) SE Runtime Environment (16.0.2+7) (build 16.0.2+7-67)
# Java VM: Java HotSpot(TM) 64-Bit Server VM (16.0.2+7-67, mixed mode, sharing, tiered, compressed oops, compressed class ptrs, g1 gc, windows-amd64)
# No core dump will be written. Minidumps are not enabled by default on client versions of Windows
#

---------------  S U M M A R Y ------------

Command Line: --add-opens=java.base/java.util=ALL-UNNAMED --add-opens=java.base/java.lang=ALL-UNNAMED --add-opens=java.base/java.lang.invoke=ALL-UNNAMED --add-opens=java.base/java.util=ALL-UNNAMED --add-opens=java.prefs/java.util.prefs=ALL-UNNAMED --add-opens=java.prefs/java.util.prefs=ALL-UNNAMED --add-opens=java.base/java.nio.charset=ALL-UNNAMED --add-opens=java.base/java.net=ALL-UNNAMED --add-opens=java.base/java.util.concurrent.atomic=ALL-UNNAMED -Xmx2048m -Dfile.encoding=UTF-8 -Duser.country=US -Duser.language=en -Duser.variant org.gradle.launcher.daemon.bootstrap.GradleDaemon 7.3.3

Host: Intel(R) Core(TM) i7-1065G7 CPU @ 1.30GHz, 8 cores, 7G,  Windows 10 , 64 bit Build 19041 (10.0.19041.1889)
Time: Mon Aug 22 19:12:07 2022 Egypt Standard Time elapsed time: 11.913365 seconds (0d 0h 0m 11s)

---------------  T H R E A D  ---------------

Current thread (0x0000022bb4e9c670):  VMThread "VM Thread" [stack: 0x000000ae63500000,0x000000ae63600000] [id=4900]

Stack: [0x000000ae63500000,0x000000ae63600000]
Native frames: (J=compiled Java code, j=interpreted, Vv=VM code, C=native code)
V  [jvm.dll+0x6681ca]
V  [jvm.dll+0x7c9e69]
V  [jvm.dll+0x7cb61e]
V  [jvm.dll+0x7cbc73]
V  [jvm.dll+0x242c55]
V  [jvm.dll+0x664f89]
V  [jvm.dll+0x659b75]
V  [jvm.dll+0x2fbfbb]
V  [jvm.dll+0x3031b6]
V  [jvm.dll+0x35299e]
V  [jvm.dll+0x352bcf]
V  [jvm.dll+0x2d3028]
V  [jvm.dll+0x2d0bb5]
V  [jvm.dll+0x2d01ec]
V  [jvm.dll+0x3152d2]
V  [jvm.dll+0x7d00ab]
V  [jvm.dll+0x7d0da4]
V  [jvm.dll+0x7d12a9]
V  [jvm.dll+0x7d1564]
V  [jvm.dll+0x7d1630]
V  [jvm.dll+0x7795aa]
V  [jvm.dll+0x667066]
C  [ucrtbase.dll+0x21bb2]
C  [KERNEL32.DLL+0x17034]
C  [ntdll.dll+0x52651]

VM_Operation (0x000000ae6cdfb750): G1CollectForAllocation, mode: safepoint, requested by thread 0x0000022bbbfba570


---------------  P R O C E S S  ---------------

Threads class SMR info:
_java_thread_list=0x0000022bbc8ace70, length=146, elements={
0x0000022b96e1c110, 0x0000022bb4ea2080, 0x0000022bb4ea2b90, 0x0000022bb4eaf870,
0x0000022bb4eb0380, 0x0000022bb4eb6cc0, 0x0000022bb4eb75d0, 0x0000022bb4ebb6f0,
0x0000022bb4ebd100, 0x0000022bb4ebda50, 0x0000022bb59b8f40, 0x0000022bb59e2020,
0x0000022bb59e18f0, 0x0000022bb7895060, 0x0000022bb7434400, 0x0000022bb678d770,
0x0000022bb7e34c10, 0x0000022bb6df3930, 0x0000022bb86ef590, 0x0000022bb7f76a00,
0x0000022bb711c8b0, 0x0000022bb68a1780, 0x0000022bb689e7b0, 0x0000022bb689ed00,
0x0000022bb689f250, 0x0000022bb68a1cd0, 0x0000022bb689f7a0, 0x0000022bb68a0790,
0x0000022bb68a0ce0, 0x0000022bb689fcf0, 0x0000022bb68a1230, 0x0000022bb68a0240,
0x0000022bbad2e770, 0x0000022bbad311f0, 0x0000022bbad2dcd0, 0x0000022bbad2d230,
0x0000022bbad2e220, 0x0000022bbad2d780, 0x0000022bbad2c790, 0x0000022bbad297c0,
0x0000022bbad2b250, 0x0000022bbad2f210, 0x0000022bbad2ecc0, 0x0000022bbad2ad00,
0x0000022bbad30750, 0x0000022bbad2b7a0, 0x0000022bbad2c240, 0x0000022bbad2f760,
0x0000022bbad2fcb0, 0x0000022bbad29d10, 0x0000022bbad2a260, 0x0000022bbad2a7b0,
0x0000022bbad30200, 0x0000022bbad2cce0, 0x0000022bbdd12af0, 0x0000022bbdd11060,
0x0000022bbdd15570, 0x0000022bbdd15ac0, 0x0000022bbdd16560, 0x0000022bbdd18a90,
0x0000022bbdd115b0, 0x0000022bbdd17000, 0x0000022bbdd13ae0, 0x0000022bbdd13040,
0x0000022bbdd17550, 0x0000022bbdd11b00, 0x0000022bbdd16010, 0x0000022bbdd17aa0,
0x0000022bbdd16ab0, 0x0000022bbdd125a0, 0x0000022bbdd17ff0, 0x0000022bbdd12050,
0x0000022bbdd18540, 0x0000022bbdd14580, 0x0000022bbdd13590, 0x0000022bbdd14030,
0x0000022bbdd14ad0, 0x0000022bbdd15020, 0x0000022bbbb35050, 0x0000022bbbb36040,
0x0000022bbbb38020, 0x0000022bbbb36590, 0x0000022bbbb37ad0, 0x0000022bbbb39010,
0x0000022bbbb39ab0, 0x0000022bbbb355a0, 0x0000022bbbb38570, 0x0000022bbbb36ae0,
0x0000022bbbb37030, 0x0000022bbbb38ac0, 0x0000022bbbb39560, 0x0000022bbbb37580,
0x0000022bbbb3a000, 0x0000022bbbb335c0, 0x0000022bbbb345b0, 0x0000022bbbb3a550,
0x0000022bbbb33b10, 0x0000022bbbb3aaa0, 0x0000022bbbb33070, 0x0000022bbbb34060,
0x0000022bbbb34b00, 0x0000022bbbb35af0, 0x0000022bbad7b800, 0x0000022bbad7a2c0,
0x0000022bbad7cd40, 0x0000022bbad7b2b0, 0x0000022bbad7bd50, 0x0000022bbad79d70,
0x0000022bbad7c2a0, 0x0000022bbad79820, 0x0000022bbad7c7f0, 0x0000022bbad7a810,
0x0000022bbad7ad60, 0x0000022bb8aecad0, 0x0000022bb8ae8070, 0x0000022bb8ae7b20,
0x0000022bb8ae85c0, 0x0000022bb8aee010, 0x0000022bb8aea5a0, 0x0000022bb8ae8b10,
0x0000022bb8aedac0, 0x0000022bb8ae9060, 0x0000022bb8aed570, 0x0000022bb8aec580,
0x0000022bb8ae75d0, 0x0000022bb8aeb040, 0x0000022bb8aee560, 0x0000022bb8aebae0,
0x0000022bb8aeeab0, 0x0000022bb8ae7080, 0x0000022bb8aec030, 0x0000022bb8ae95b0,
0x0000022bb8ae9b00, 0x0000022bb8aea050, 0x0000022bbbfb7af0, 0x0000022bbbfb8590,
0x0000022bbbfb6b00, 0x0000022bbbfb7050, 0x0000022bbbfb75a0, 0x0000022bbbfb9ad0,
0x0000022bbbfb9580, 0x0000022bbbfbcaa0, 0x0000022bbbfba570, 0x0000022bbbfbc550,
0x0000022bbbfbdfe0, 0x0000022bbbfb65b0
}

Java Threads: ( => current thread )
  0x0000022b96e1c110 JavaThread "main" [_thread_blocked, id=9480, stack(0x000000ae62f00000,0x000000ae63000000)]
  0x0000022bb4ea2080 JavaThread "Reference Handler" daemon [_thread_blocked, id=4812, stack(0x000000ae63600000,0x000000ae63700000)]
  0x0000022bb4ea2b90 JavaThread "Finalizer" daemon [_thread_blocked, id=9824, stack(0x000000ae63700000,0x000000ae63800000)]
  0x0000022bb4eaf870 JavaThread "Signal Dispatcher" daemon [_thread_blocked, id=1548, stack(0x000000ae63800000,0x000000ae63900000)]
  0x0000022bb4eb0380 JavaThread "Attach Listener" daemon [_thread_blocked, id=10420, stack(0x000000ae63900000,0x000000ae63a00000)]
  0x0000022bb4eb6cc0 JavaThread "Service Thread" daemon [_thread_blocked, id=8564, stack(0x000000ae63a00000,0x000000ae63b00000)]
  0x0000022bb4eb75d0 JavaThread "Monitor Deflation Thread" daemon [_thread_blocked, id=3700, stack(0x000000ae63b00000,0x000000ae63c00000)]
  0x0000022bb4ebb6f0 JavaThread "C2 CompilerThread0" daemon [_thread_blocked, id=10716, stack(0x000000ae63c00000,0x000000ae63d00000)]
  0x0000022bb4ebd100 JavaThread "C1 CompilerThread0" daemon [_thread_blocked, id=10968, stack(0x000000ae63d00000,0x000000ae63e00000)]
  0x0000022bb4ebda50 JavaThread "Sweeper thread" daemon [_thread_blocked, id=1896, stack(0x000000ae63e00000,0x000000ae63f00000)]
  0x0000022bb59b8f40 JavaThread "Common-Cleaner" daemon [_thread_blocked, id=9304, stack(0x000000ae63f00000,0x000000ae64000000)]
  0x0000022bb59e2020 JavaThread "Notification Thread" daemon [_thread_blocked, id=8628, stack(0x000000ae64000000,0x000000ae64100000)]
  0x0000022bb59e18f0 JavaThread "C2 CompilerThread1" daemon [_thread_in_native, id=8904, stack(0x000000ae64200000,0x000000ae64300000)]
  0x0000022bb7895060 JavaThread "C2 CompilerThread2" daemon [_thread_blocked, id=2432, stack(0x000000ae64700000,0x000000ae64800000)]
  0x0000022bb7434400 JavaThread "Daemon health stats" [_thread_blocked, id=2092, stack(0x000000ae64800000,0x000000ae64900000)]
  0x0000022bb678d770 JavaThread "Incoming local TCP Connector on port 63833" [_thread_in_native, id=1420, stack(0x000000ae64900000,0x000000ae64a00000)]
  0x0000022bb7e34c10 JavaThread "Daemon periodic checks" [_thread_blocked, id=8716, stack(0x000000ae64a00000,0x000000ae64b00000)]
  0x0000022bb6df3930 JavaThread "Daemon" [_thread_blocked, id=10160, stack(0x000000ae64b00000,0x000000ae64c00000)]
  0x0000022bb86ef590 JavaThread "Handler for socket connection from /127.0.0.1:63833 to /127.0.0.1:63834" [_thread_in_native, id=11364, stack(0x000000ae64c00000,0x000000ae64d00000)]
  0x0000022bb7f76a00 JavaThread "Cancel handler" [_thread_blocked, id=7940, stack(0x000000ae64d00000,0x000000ae64e00000)]
  0x0000022bb711c8b0 JavaThread "Daemon worker" [_thread_blocked, id=5628, stack(0x000000ae64e00000,0x000000ae64f00000)]
  0x0000022bb68a1780 JavaThread "Asynchronous log dispatcher for DefaultDaemonConnection: socket connection from /127.0.0.1:63833 to /127.0.0.1:63834" [_thread_blocked, id=5036, stack(0x000000ae64f00000,0x000000ae65000000)]
  0x0000022bb689e7b0 JavaThread "Stdin handler" [_thread_blocked, id=7068, stack(0x000000ae65000000,0x000000ae65100000)]
  0x0000022bb689ed00 JavaThread "Daemon client event forwarder" [_thread_blocked, id=10356, stack(0x000000ae65100000,0x000000ae65200000)]
  0x0000022bb689f250 JavaThread "Cache worker for journal cache (C:\Users\ITECH\.gradle\caches\journal-1)" [_thread_blocked, id=10516, stack(0x000000ae65200000,0x000000ae65300000)]
  0x0000022bb68a1cd0 JavaThread "File lock request listener" [_thread_in_native, id=9072, stack(0x000000ae65300000,0x000000ae65400000)]
  0x0000022bb689f7a0 JavaThread "Cache worker for file hash cache (C:\Users\ITECH\.gradle\caches\7.3.3\fileHashes)" [_thread_blocked, id=13268, stack(0x000000ae65400000,0x000000ae65500000)]
  0x0000022bb68a0790 JavaThread "Cache worker for file hash cache (C:\Users\ITECH\AndroidStudioProjects\yummy\.gradle\7.3.3\fileHashes)" [_thread_blocked, id=3368, stack(0x000000ae65500000,0x000000ae65600000)]
  0x0000022bb68a0ce0 JavaThread "File watcher server" daemon [_thread_blocked, id=12660, stack(0x000000ae65900000,0x000000ae65a00000)]
  0x0000022bb689fcf0 JavaThread "File watcher consumer" daemon [_thread_blocked, id=6432, stack(0x000000ae65a00000,0x000000ae65b00000)]
  0x0000022bb68a1230 JavaThread "Cache worker for checksums cache (C:\Users\ITECH\AndroidStudioProjects\yummy\.gradle\7.3.3\checksums)" [_thread_blocked, id=11000, stack(0x000000ae65b00000,0x000000ae65c00000)]
  0x0000022bb68a0240 JavaThread "Cache worker for cache directory md-supplier (C:\Users\ITECH\.gradle\caches\7.3.3\md-supplier)" [_thread_blocked, id=1408, stack(0x000000ae65c00000,0x000000ae65d00000)]
  0x0000022bbad2e770 JavaThread "Cache worker for cache directory md-rule (C:\Users\ITECH\.gradle\caches\7.3.3\md-rule)" [_thread_blocked, id=5380, stack(0x000000ae65d00000,0x000000ae65e00000)]
  0x0000022bbad311f0 JavaThread "Cache worker for execution history cache (C:\Users\ITECH\.gradle\caches\7.3.3\executionHistory)" [_thread_blocked, id=11536, stack(0x000000ae65f00000,0x000000ae66000000)]
  0x0000022bbad2dcd0 JavaThread "jar transforms" [_thread_blocked, id=10696, stack(0x000000ae66000000,0x000000ae66100000)]
  0x0000022bbad2d230 JavaThread "Cache worker for file content cache (C:\Users\ITECH\.gradle\caches\7.3.3\fileContent)" [_thread_blocked, id=3608, stack(0x000000ae66100000,0x000000ae66200000)]
  0x0000022bbad2e220 JavaThread "jar transforms Thread 2" [_thread_blocked, id=11696, stack(0x000000ae66200000,0x000000ae66300000)]
  0x0000022bbad2d780 JavaThread "Cache worker for dependencies-accessors (C:\Users\ITECH\AndroidStudioProjects\yummy\.gradle\7.3.3\dependencies-accessors)" [_thread_blocked, id=10348, stack(0x000000ae66300000,0x000000ae66400000)]
  0x0000022bbad2c790 JavaThread "jar transforms Thread 3" [_thread_blocked, id=2836, stack(0x000000ae66400000,0x000000ae66500000)]
  0x0000022bbad297c0 JavaThread "Cache worker for Build Output Cleanup Cache (C:\Users\ITECH\AndroidStudioProjects\yummy\.gradle\buildOutputCleanup)" [_thread_blocked, id=10316, stack(0x000000ae66500000,0x000000ae66600000)]
  0x0000022bbad2b250 JavaThread "Unconstrained build operations" [_thread_blocked, id=8064, stack(0x000000ae66600000,0x000000ae66700000)]
  0x0000022bbad2f210 JavaThread "Unconstrained build operations Thread 2" [_thread_blocked, id=2544, stack(0x000000ae66700000,0x000000ae66800000)]
  0x0000022bbad2ecc0 JavaThread "Unconstrained build operations Thread 3" [_thread_blocked, id=2136, stack(0x000000ae66800000,0x000000ae66900000)]
  0x0000022bbad2ad00 JavaThread "Unconstrained build operations Thread 4" [_thread_blocked, id=1512, stack(0x000000ae66900000,0x000000ae66a00000)]
  0x0000022bbad30750 JavaThread "Unconstrained build operations Thread 5" [_thread_blocked, id=5492, stack(0x000000ae66a00000,0x000000ae66b00000)]
  0x0000022bbad2b7a0 JavaThread "Unconstrained build operations Thread 6" [_thread_blocked, id=13128, stack(0x000000ae66b00000,0x000000ae66c00000)]
  0x0000022bbad2c240 JavaThread "Unconstrained build operations Thread 7" [_thread_blocked, id=12956, stack(0x000000ae66c00000,0x000000ae66d00000)]
  0x0000022bbad2f760 JavaThread "Unconstrained build operations Thread 8" [_thread_blocked, id=1644, stack(0x000000ae66d00000,0x000000ae66e00000)]
  0x0000022bbad2fcb0 JavaThread "Unconstrained build operations Thread 9" [_thread_blocked, id=11660, stack(0x000000ae66e00000,0x000000ae66f00000)]
  0x0000022bbad29d10 JavaThread "Unconstrained build operations Thread 10" [_thread_blocked, id=5508, stack(0x000000ae66f00000,0x000000ae67000000)]
  0x0000022bbad2a260 JavaThread "Unconstrained build operations Thread 11" [_thread_blocked, id=1744, stack(0x000000ae67000000,0x000000ae67100000)]
  0x0000022bbad2a7b0 JavaThread "Unconstrained build operations Thread 12" [_thread_blocked, id=12496, stack(0x000000ae67100000,0x000000ae67200000)]
  0x0000022bbad30200 JavaThread "Unconstrained build operations Thread 13" [_thread_blocked, id=12340, stack(0x000000ae67200000,0x000000ae67300000)]
  0x0000022bbad2cce0 JavaThread "Unconstrained build operations Thread 14" [_thread_blocked, id=3604, stack(0x000000ae67300000,0x000000ae67400000)]
  0x0000022bbdd12af0 JavaThread "Unconstrained build operations Thread 15" [_thread_blocked, id=1164, stack(0x000000ae67400000,0x000000ae67500000)]
  0x0000022bbdd11060 JavaThread "Unconstrained build operations Thread 16" [_thread_blocked, id=8812, stack(0x000000ae67500000,0x000000ae67600000)]
  0x0000022bbdd15570 JavaThread "Unconstrained build operations Thread 17" [_thread_blocked, id=8780, stack(0x000000ae67600000,0x000000ae67700000)]
  0x0000022bbdd15ac0 JavaThread "Unconstrained build operations Thread 18" [_thread_blocked, id=3824, stack(0x000000ae67700000,0x000000ae67800000)]
  0x0000022bbdd16560 JavaThread "Unconstrained build operations Thread 19" [_thread_blocked, id=11220, stack(0x000000ae67800000,0x000000ae67900000)]
  0x0000022bbdd18a90 JavaThread "Unconstrained build operations Thread 20" [_thread_blocked, id=10252, stack(0x000000ae67900000,0x000000ae67a00000)]
  0x0000022bbdd115b0 JavaThread "Unconstrained build operations Thread 21" [_thread_blocked, id=2164, stack(0x000000ae67a00000,0x000000ae67b00000)]
  0x0000022bbdd17000 JavaThread "Unconstrained build operations Thread 22" [_thread_blocked, id=880, stack(0x000000ae67b00000,0x000000ae67c00000)]
  0x0000022bbdd13ae0 JavaThread "Unconstrained build operations Thread 23" [_thread_blocked, id=11632, stack(0x000000ae67c00000,0x000000ae67d00000)]
  0x0000022bbdd13040 JavaThread "Unconstrained build operations Thread 24" [_thread_blocked, id=10508, stack(0x000000ae67d00000,0x000000ae67e00000)]
  0x0000022bbdd17550 JavaThread "Unconstrained build operations Thread 25" [_thread_blocked, id=3884, stack(0x000000ae67e00000,0x000000ae67f00000)]
  0x0000022bbdd11b00 JavaThread "Unconstrained build operations Thread 26" [_thread_blocked, id=4400, stack(0x000000ae67f00000,0x000000ae68000000)]
  0x0000022bbdd16010 JavaThread "Unconstrained build operations Thread 27" [_thread_blocked, id=5820, stack(0x000000ae68000000,0x000000ae68100000)]
  0x0000022bbdd17aa0 JavaThread "Unconstrained build operations Thread 28" [_thread_blocked, id=7708, stack(0x000000ae68100000,0x000000ae68200000)]
  0x0000022bbdd16ab0 JavaThread "Unconstrained build operations Thread 29" [_thread_blocked, id=10188, stack(0x000000ae68200000,0x000000ae68300000)]
  0x0000022bbdd125a0 JavaThread "Unconstrained build operations Thread 30" [_thread_blocked, id=11652, stack(0x000000ae68300000,0x000000ae68400000)]
  0x0000022bbdd17ff0 JavaThread "Unconstrained build operations Thread 31" [_thread_blocked, id=13224, stack(0x000000ae68400000,0x000000ae68500000)]
  0x0000022bbdd12050 JavaThread "Unconstrained build operations Thread 32" [_thread_blocked, id=8708, stack(0x000000ae68500000,0x000000ae68600000)]
  0x0000022bbdd18540 JavaThread "Unconstrained build operations Thread 33" [_thread_blocked, id=7516, stack(0x000000ae68600000,0x000000ae68700000)]
  0x0000022bbdd14580 JavaThread "Unconstrained build operations Thread 34" [_thread_blocked, id=10000, stack(0x000000ae68700000,0x000000ae68800000)]
  0x0000022bbdd13590 JavaThread "Unconstrained build operations Thread 35" [_thread_blocked, id=3680, stack(0x000000ae68800000,0x000000ae68900000)]
  0x0000022bbdd14030 JavaThread "Unconstrained build operations Thread 36" [_thread_blocked, id=2112, stack(0x000000ae68900000,0x000000ae68a00000)]
  0x0000022bbdd14ad0 JavaThread "Unconstrained build operations Thread 37" [_thread_blocked, id=1612, stack(0x000000ae68a00000,0x000000ae68b00000)]
  0x0000022bbdd15020 JavaThread "Unconstrained build operations Thread 38" [_thread_blocked, id=9680, stack(0x000000ae68b00000,0x000000ae68c00000)]
  0x0000022bbbb35050 JavaThread "Unconstrained build operations Thread 39" [_thread_blocked, id=8092, stack(0x000000ae68c00000,0x000000ae68d00000)]
  0x0000022bbbb36040 JavaThread "Unconstrained build operations Thread 40" [_thread_blocked, id=8464, stack(0x000000ae68d00000,0x000000ae68e00000)]
  0x0000022bbbb38020 JavaThread "Unconstrained build operations Thread 41" [_thread_blocked, id=4808, stack(0x000000ae68e00000,0x000000ae68f00000)]
  0x0000022bbbb36590 JavaThread "Unconstrained build operations Thread 42" [_thread_blocked, id=1136, stack(0x000000ae68f00000,0x000000ae69000000)]
  0x0000022bbbb37ad0 JavaThread "Unconstrained build operations Thread 43" [_thread_blocked, id=2928, stack(0x000000ae69000000,0x000000ae69100000)]
  0x0000022bbbb39010 JavaThread "Unconstrained build operations Thread 44" [_thread_blocked, id=4420, stack(0x000000ae69100000,0x000000ae69200000)]
  0x0000022bbbb39ab0 JavaThread "Unconstrained build operations Thread 45" [_thread_blocked, id=2728, stack(0x000000ae69200000,0x000000ae69300000)]
  0x0000022bbbb355a0 JavaThread "Unconstrained build operations Thread 46" [_thread_blocked, id=5704, stack(0x000000ae69300000,0x000000ae69400000)]
  0x0000022bbbb38570 JavaThread "Unconstrained build operations Thread 47" [_thread_blocked, id=11144, stack(0x000000ae69400000,0x000000ae69500000)]
  0x0000022bbbb36ae0 JavaThread "Unconstrained build operations Thread 48" [_thread_blocked, id=9432, stack(0x000000ae69500000,0x000000ae69600000)]
  0x0000022bbbb37030 JavaThread "Unconstrained build operations Thread 49" [_thread_blocked, id=4928, stack(0x000000ae69600000,0x000000ae69700000)]
  0x0000022bbbb38ac0 JavaThread "Unconstrained build operations Thread 50" [_thread_blocked, id=6900, stack(0x000000ae69700000,0x000000ae69800000)]
  0x0000022bbbb39560 JavaThread "Unconstrained build operations Thread 51" [_thread_blocked, id=5532, stack(0x000000ae69800000,0x000000ae69900000)]
  0x0000022bbbb37580 JavaThread "Unconstrained build operations Thread 52" [_thread_blocked, id=9940, stack(0x000000ae69900000,0x000000ae69a00000)]
  0x0000022bbbb3a000 JavaThread "Unconstrained build operations Thread 53" [_thread_blocked, id=4460, stack(0x000000ae69a00000,0x000000ae69b00000)]
  0x0000022bbbb335c0 JavaThread "Unconstrained build operations Thread 54" [_thread_blocked, id=9372, stack(0x000000ae69b00000,0x000000ae69c00000)]
  0x0000022bbbb345b0 JavaThread "Unconstrained build operations Thread 55" [_thread_blocked, id=10964, stack(0x000000ae69c00000,0x000000ae69d00000)]
  0x0000022bbbb3a550 JavaThread "Unconstrained build operations Thread 56" [_thread_blocked, id=6728, stack(0x000000ae69d00000,0x000000ae69e00000)]
  0x0000022bbbb33b10 JavaThread "Unconstrained build operations Thread 57" [_thread_blocked, id=11444, stack(0x000000ae69e00000,0x000000ae69f00000)]
  0x0000022bbbb3aaa0 JavaThread "Unconstrained build operations Thread 58" [_thread_blocked, id=4932, stack(0x000000ae69f00000,0x000000ae6a000000)]
  0x0000022bbbb33070 JavaThread "Unconstrained build operations Thread 59" [_thread_blocked, id=8256, stack(0x000000ae6a000000,0x000000ae6a100000)]
  0x0000022bbbb34060 JavaThread "Unconstrained build operations Thread 60" [_thread_blocked, id=10904, stack(0x000000ae6a100000,0x000000ae6a200000)]
  0x0000022bbbb34b00 JavaThread "Unconstrained build operations Thread 61" [_thread_blocked, id=9064, stack(0x000000ae6a200000,0x000000ae6a300000)]
  0x0000022bbbb35af0 JavaThread "Unconstrained build operations Thread 62" [_thread_blocked, id=4044, stack(0x000000ae6a300000,0x000000ae6a400000)]
  0x0000022bbad7b800 JavaThread "Unconstrained build operations Thread 63" [_thread_blocked, id=9988, stack(0x000000ae6a400000,0x000000ae6a500000)]
  0x0000022bbad7a2c0 JavaThread "Unconstrained build operations Thread 64" [_thread_blocked, id=9124, stack(0x000000ae6a500000,0x000000ae6a600000)]
  0x0000022bbad7cd40 JavaThread "Unconstrained build operations Thread 65" [_thread_blocked, id=4784, stack(0x000000ae6a600000,0x000000ae6a700000)]
  0x0000022bbad7b2b0 JavaThread "Unconstrained build operations Thread 66" [_thread_blocked, id=6704, stack(0x000000ae6a700000,0x000000ae6a800000)]
  0x0000022bbad7bd50 JavaThread "Unconstrained build operations Thread 67" [_thread_blocked, id=7320, stack(0x000000ae6a800000,0x000000ae6a900000)]
  0x0000022bbad79d70 JavaThread "Unconstrained build operations Thread 68" [_thread_blocked, id=7740, stack(0x000000ae6a900000,0x000000ae6aa00000)]
  0x0000022bbad7c2a0 JavaThread "Unconstrained build operations Thread 69" [_thread_blocked, id=10040, stack(0x000000ae6aa00000,0x000000ae6ab00000)]
  0x0000022bbad79820 JavaThread "Unconstrained build operations Thread 70" [_thread_blocked, id=8208, stack(0x000000ae6ab00000,0x000000ae6ac00000)]
  0x0000022bbad7c7f0 JavaThread "Unconstrained build operations Thread 71" [_thread_blocked, id=5888, stack(0x000000ae6ac00000,0x000000ae6ad00000)]
  0x0000022bbad7a810 JavaThread "Unconstrained build operations Thread 72" [_thread_blocked, id=5456, stack(0x000000ae6ad00000,0x000000ae6ae00000)]
  0x0000022bbad7ad60 JavaThread "Unconstrained build operations Thread 73" [_thread_blocked, id=5060, stack(0x000000ae6ae00000,0x000000ae6af00000)]
  0x0000022bb8aecad0 JavaThread "Unconstrained build operations Thread 74" [_thread_blocked, id=11560, stack(0x000000ae6af00000,0x000000ae6b000000)]
  0x0000022bb8ae8070 JavaThread "Unconstrained build operations Thread 75" [_thread_blocked, id=4464, stack(0x000000ae6b000000,0x000000ae6b100000)]
  0x0000022bb8ae7b20 JavaThread "Unconstrained build operations Thread 76" [_thread_blocked, id=12120, stack(0x000000ae6b100000,0x000000ae6b200000)]
  0x0000022bb8ae85c0 JavaThread "Unconstrained build operations Thread 77" [_thread_blocked, id=12304, stack(0x000000ae6b200000,0x000000ae6b300000)]
  0x0000022bb8aee010 JavaThread "Unconstrained build operations Thread 78" [_thread_blocked, id=10804, stack(0x000000ae6b300000,0x000000ae6b400000)]
  0x0000022bb8aea5a0 JavaThread "Unconstrained build operations Thread 79" [_thread_blocked, id=10724, stack(0x000000ae6b400000,0x000000ae6b500000)]
  0x0000022bb8ae8b10 JavaThread "Unconstrained build operations Thread 80" [_thread_blocked, id=8600, stack(0x000000ae6b500000,0x000000ae6b600000)]
  0x0000022bb8aedac0 JavaThread "jar transforms Thread 4" [_thread_blocked, id=580, stack(0x000000ae6b600000,0x000000ae6b700000)]
  0x0000022bb8ae9060 JavaThread "jar transforms Thread 5" [_thread_blocked, id=11540, stack(0x000000ae6b700000,0x000000ae6b800000)]
  0x0000022bb8aed570 JavaThread "jar transforms Thread 6" [_thread_blocked, id=3764, stack(0x000000ae6b800000,0x000000ae6b900000)]
  0x0000022bb8aec580 JavaThread "jar transforms Thread 7" [_thread_blocked, id=10972, stack(0x000000ae6b900000,0x000000ae6ba00000)]
  0x0000022bb8ae75d0 JavaThread "jar transforms Thread 8" [_thread_blocked, id=1668, stack(0x000000ae6ba00000,0x000000ae6bb00000)]
  0x0000022bb8aeb040 JavaThread "Memory manager" [_thread_blocked, id=10824, stack(0x000000ae6bc00000,0x000000ae6bd00000)]
  0x0000022bb8aee560 JavaThread "build event listener" [_thread_blocked, id=4564, stack(0x000000ae6bd00000,0x000000ae6be00000)]
  0x0000022bb8aebae0 JavaThread "pool-3-thread-1" [_thread_blocked, id=7372, stack(0x000000ae6be00000,0x000000ae6bf00000)]
  0x0000022bb8aeeab0 JavaThread "build event listener" [_thread_blocked, id=10048, stack(0x000000ae6bf00000,0x000000ae6c000000)]
  0x0000022bb8ae7080 JavaThread "Execution worker for ':'" [_thread_blocked, id=12516, stack(0x000000ae6c000000,0x000000ae6c100000)]
  0x0000022bb8aec030 JavaThread "Execution worker for ':' Thread 2" [_thread_blocked, id=12132, stack(0x000000ae6c100000,0x000000ae6c200000)]
  0x0000022bb8ae95b0 JavaThread "Execution worker for ':' Thread 3" [_thread_blocked, id=6644, stack(0x000000ae6c200000,0x000000ae6c300000)]
  0x0000022bb8ae9b00 JavaThread "Execution worker for ':' Thread 4" [_thread_blocked, id=8084, stack(0x000000ae6c300000,0x000000ae6c400000)]
  0x0000022bb8aea050 JavaThread "Execution worker for ':' Thread 5" [_thread_blocked, id=10380, stack(0x000000ae6c400000,0x000000ae6c500000)]
  0x0000022bbbfb7af0 JavaThread "Execution worker for ':' Thread 6" [_thread_blocked, id=11244, stack(0x000000ae6c500000,0x000000ae6c600000)]
  0x0000022bbbfb8590 JavaThread "Execution worker for ':' Thread 7" [_thread_blocked, id=9396, stack(0x000000ae6c600000,0x000000ae6c700000)]
  0x0000022bbbfb6b00 JavaThread "Cache worker for execution history cache (C:\Users\ITECH\AndroidStudioProjects\yummy\.gradle\7.3.3\executionHistory)" [_thread_blocked, id=3288, stack(0x000000ae6c700000,0x000000ae6c800000)]
  0x0000022bbbfb7050 JavaThread "WorkerExecutor Queue" [_thread_blocked, id=5896, stack(0x000000ae6c800000,0x000000ae6c900000)]
  0x0000022bbbfb75a0 JavaThread "WorkerExecutor Queue Thread 2" [_thread_blocked, id=2748, stack(0x000000ae6c900000,0x000000ae6ca00000)]
  0x0000022bbbfb9ad0 JavaThread "WorkerExecutor Queue Thread 3" [_thread_blocked, id=1720, stack(0x000000ae6ca00000,0x000000ae6cb00000)]
  0x0000022bbbfb9580 JavaThread "WorkerExecutor Queue Thread 4" [_thread_blocked, id=12160, stack(0x000000ae6cb00000,0x000000ae6cc00000)]
  0x0000022bbbfbcaa0 JavaThread "WorkerExecutor Queue Thread 5" [_thread_blocked, id=2532, stack(0x000000ae6cc00000,0x000000ae6cd00000)]
  0x0000022bbbfba570 JavaThread "WorkerExecutor Queue Thread 6" [_thread_blocked, id=10868, stack(0x000000ae6cd00000,0x000000ae6ce00000)]
  0x0000022bbbfbc550 JavaThread "WorkerExecutor Queue Thread 7" [_thread_blocked, id=8916, stack(0x000000ae6ce00000,0x000000ae6cf00000)]
  0x0000022bbbfbdfe0 JavaThread "Java2D Disposer" daemon [_thread_blocked, id=9992, stack(0x000000ae6cf00000,0x000000ae6d000000)]
  0x0000022bbbfb65b0 JavaThread "WorkerExecutor Queue Thread 8" [_thread_blocked, id=11588, stack(0x000000ae6d000000,0x000000ae6d100000)]

Other Threads:
=>0x0000022bb4e9c670 VMThread "VM Thread" [stack: 0x000000ae63500000,0x000000ae63600000] [id=4900]
  0x0000022bb59e2540 WatcherThread [stack: 0x000000ae64100000,0x000000ae64200000] [id=11272]
  0x0000022b96e5b9d0 GCTaskThread "GC Thread#0" [stack: 0x000000ae63000000,0x000000ae63100000] [id=3904]
  0x0000022bb6482680 GCTaskThread "GC Thread#1" [stack: 0x000000ae64300000,0x000000ae64400000] [id=9964]
  0x0000022bb65b1500 GCTaskThread "GC Thread#2" [stack: 0x000000ae64400000,0x000000ae64500000] [id=1604]
  0x0000022bb67d4bf0 GCTaskThread "GC Thread#3" [stack: 0x000000ae64500000,0x000000ae64600000] [id=6028]
  0x0000022bb5a39d80 GCTaskThread "GC Thread#4" [stack: 0x000000ae64600000,0x000000ae64700000] [id=3436]
  0x0000022bb8b4e850 GCTaskThread "GC Thread#5" [stack: 0x000000ae65600000,0x000000ae65700000] [id=12784]
  0x0000022bb8b4df20 GCTaskThread "GC Thread#6" [stack: 0x000000ae65700000,0x000000ae65800000] [id=1660]
  0x0000022bb8b4e230 GCTaskThread "GC Thread#7" [stack: 0x000000ae65800000,0x000000ae65900000] [id=1368]
  0x0000022b96e6d9b0 ConcurrentGCThread "G1 Main Marker" [stack: 0x000000ae63100000,0x000000ae63200000] [id=12168]
  0x0000022b96e6fae0 ConcurrentGCThread "G1 Conc#0" [stack: 0x000000ae63200000,0x000000ae63300000] [id=4856]
  0x0000022bb8b4eb60 ConcurrentGCThread "G1 Conc#1" [stack: 0x000000ae65e00000,0x000000ae65f00000] [id=584]
  0x0000022b96ef9bb0 ConcurrentGCThread "G1 Refine#0" [stack: 0x000000ae63300000,0x000000ae63400000] [id=7024]
  0x0000022bb8a73e70 ConcurrentGCThread "G1 Refine#1" [stack: 0x000000ae6bb00000,0x000000ae6bc00000] [id=1208]
  0x0000022b96efa540 ConcurrentGCThread "G1 Service" [stack: 0x000000ae63400000,0x000000ae63500000] [id=11648]

Threads with active compile tasks:
C2 CompilerThread0    11939 11135       4       java.io.ObjectInputStream$HandleTable::finish (111 bytes)
C1 CompilerThread0    11939 11361       2       com.android.aaptcompiler.ResourceTable::addResourceImpl (987 bytes)
C2 CompilerThread1    11939 10984       4       com.android.utils.XmlUtils::append (645 bytes)
C2 CompilerThread2    11939 11176   !   4       java.io.ObjectInputStream::readSerialData (549 bytes)

VM state: at safepoint (normal execution)

VM Mutex/Monitor currently owned by a thread:  ([mutex/lock_event])
[0x0000022b96e18920] Threads_lock - owner thread: 0x0000022bb4e9c670
[0x0000022b96e19a00] Heap_lock - owner thread: 0x0000022bbbfba570

Heap address: 0x0000000080000000, size: 2048 MB, Compressed Oops mode: 32-bit

CDS archive(s) mapped at: [0x0000000800000000-0x0000000800bb0000-0x0000000800bb0000), size 12255232, SharedBaseAddress: 0x0000000800000000, ArchiveRelocationMode: 0.
Compressed class space mapped at: 0x0000000800c00000-0x0000000840c00000, reserved size: 1073741824
Narrow klass base: 0x0000000800000000, Narrow klass shift: 3, Narrow klass range: 0x100000000

GC Precious Log:
 CPUs: 8 total, 8 available
 Memory: 7959M
 Large Page Support: Disabled
 NUMA Support: Disabled
 Compressed Oops: Enabled (32-bit)
 Heap Region Size: 1M
 Heap Min Capacity: 8M
 Heap Initial Capacity: 126M
 Heap Max Capacity: 2G
 Pre-touch: Disabled
 Parallel Workers: 8
 Concurrent Workers: 2
 Concurrent Refinement Workers: 8
 Periodic GC: Disabled

Heap:
 garbage-first heap   total 211968K, used 111883K [0x0000000080000000, 0x0000000100000000)
  region size 1024K, 6 young (6144K), 6 survivors (6144K)
 Metaspace       used 81908K, committed 82432K, reserved 1122304K
  class space    used 10747K, committed 11008K, reserved 1048576K

Heap Regions: E=young(eden), S=young(survivor), O=old, HS=humongous(starts), HC=humongous(continues), CS=collection set, F=free, OA=open archive, CA=closed archive, TAMS=top-at-mark-start (previous, next)
|   0|0x0000000080000000, 0x0000000080100000, 0x0000000080100000|100%| O|  |TAMS 0x0000000080100000, 0x0000000080000000| Untracked 
|   1|0x0000000080100000, 0x0000000080200000, 0x0000000080200000|100%| O|  |TAMS 0x0000000080200000, 0x0000000080100000| Untracked 
|   2|0x0000000080200000, 0x0000000080300000, 0x0000000080300000|100%| O|  |TAMS 0x0000000080300000, 0x0000000080200000| Untracked 
|   3|0x0000000080300000, 0x0000000080400000, 0x0000000080400000|100%|HS|  |TAMS 0x0000000080400000, 0x0000000080300000| Complete 
|   4|0x0000000080400000, 0x0000000080500000, 0x0000000080500000|100%|HC|  |TAMS 0x0000000080500000, 0x0000000080400000| Complete 
|   5|0x0000000080500000, 0x0000000080600000, 0x0000000080600000|100%|HC|  |TAMS 0x0000000080600000, 0x0000000080500000| Complete 
|   6|0x0000000080600000, 0x0000000080700000, 0x0000000080700000|100%| O|  |TAMS 0x0000000080700000, 0x0000000080600000| Untracked 
|   7|0x0000000080700000, 0x0000000080800000, 0x0000000080800000|100%| O|  |TAMS 0x0000000080800000, 0x0000000080700000| Untracked 
|   8|0x0000000080800000, 0x0000000080900000, 0x0000000080900000|100%| O|  |TAMS 0x0000000080900000, 0x0000000080800000| Untracked 
|   9|0x0000000080900000, 0x0000000080a00000, 0x0000000080a00000|100%| O|  |TAMS 0x0000000080a00000, 0x0000000080900000| Untracked 
|  10|0x0000000080a00000, 0x0000000080b00000, 0x0000000080b00000|100%| O|  |TAMS 0x0000000080b00000, 0x0000000080a00000| Untracked 
|  11|0x0000000080b00000, 0x0000000080c00000, 0x0000000080c00000|100%| O|  |TAMS 0x0000000080c00000, 0x0000000080b00000| Untracked 
|  12|0x0000000080c00000, 0x0000000080d00000, 0x0000000080d00000|100%| O|  |TAMS 0x0000000080d00000, 0x0000000080c00000| Untracked 
|  13|0x0000000080d00000, 0x0000000080e00000, 0x0000000080e00000|100%| O|  |TAMS 0x0000000080e00000, 0x0000000080d00000| Untracked 
|  14|0x0000000080e00000, 0x0000000080f00000, 0x0000000080f00000|100%| O|  |TAMS 0x0000000080f00000, 0x0000000080e00000| Untracked 
|  15|0x0000000080f00000, 0x0000000081000000, 0x0000000081000000|100%| O|  |TAMS 0x0000000081000000, 0x0000000080f00000| Untracked 
|  16|0x0000000081000000, 0x0000000081100000, 0x0000000081100000|100%| O|  |TAMS 0x0000000081100000, 0x0000000081000000| Untracked 
|  17|0x0000000081100000, 0x00000000811fe600, 0x0000000081200000| 99%| O|  |TAMS 0x00000000811fe600, 0x0000000081100000| Untracked 
|  18|0x0000000081200000, 0x0000000081300000, 0x0000000081300000|100%| O|  |TAMS 0x0000000081300000, 0x0000000081200000| Untracked 
|  19|0x0000000081300000, 0x0000000081400000, 0x0000000081400000|100%|HS|  |TAMS 0x0000000081400000, 0x0000000081300000| Complete 
|  20|0x0000000081400000, 0x0000000081500000, 0x0000000081500000|100%| O|  |TAMS 0x0000000081500000, 0x0000000081400000| Untracked 
|  21|0x0000000081500000, 0x0000000081600000, 0x0000000081600000|100%| O|  |TAMS 0x0000000081600000, 0x0000000081500000| Untracked 
|  22|0x0000000081600000, 0x0000000081700000, 0x0000000081700000|100%| O|  |TAMS 0x0000000081700000, 0x0000000081600000| Untracked 
|  23|0x0000000081700000, 0x0000000081800000, 0x0000000081800000|100%| O|  |TAMS 0x0000000081800000, 0x0000000081700000| Untracked 
|  24|0x0000000081800000, 0x0000000081900000, 0x0000000081900000|100%| O|  |TAMS 0x0000000081900000, 0x0000000081800000| Untracked 
|  25|0x0000000081900000, 0x0000000081a00000, 0x0000000081a00000|100%|HS|  |TAMS 0x0000000081a00000, 0x0000000081900000| Complete 
|  26|0x0000000081a00000, 0x0000000081b00000, 0x0000000081b00000|100%|HS|  |TAMS 0x0000000081b00000, 0x0000000081a00000| Complete 
|  27|0x0000000081b00000, 0x0000000081c00000, 0x0000000081c00000|100%|HC|  |TAMS 0x0000000081c00000, 0x0000000081b00000| Complete 
|  28|0x0000000081c00000, 0x0000000081d00000, 0x0000000081d00000|100%| O|  |TAMS 0x0000000081d00000, 0x0000000081c00000| Untracked 
|  29|0x0000000081d00000, 0x0000000081e00000, 0x0000000081e00000|100%| O|  |TAMS 0x0000000081e00000, 0x0000000081d00000| Untracked 
|  30|0x0000000081e00000, 0x0000000081f00000, 0x0000000081f00000|100%| O|  |TAMS 0x0000000081f00000, 0x0000000081e00000| Untracked 
|  31|0x0000000081f00000, 0x0000000082000000, 0x0000000082000000|100%| O|  |TAMS 0x0000000082000000, 0x0000000081f00000| Untracked 
|  32|0x0000000082000000, 0x0000000082100000, 0x0000000082100000|100%| O|  |TAMS 0x0000000082100000, 0x0000000082000000| Untracked 
|  33|0x0000000082100000, 0x0000000082200000, 0x0000000082200000|100%| O|  |TAMS 0x0000000082200000, 0x0000000082100000| Untracked 
|  34|0x0000000082200000, 0x0000000082300000, 0x0000000082300000|100%| O|  |TAMS 0x0000000082300000, 0x0000000082200000| Untracked 
|  35|0x0000000082300000, 0x0000000082400000, 0x0000000082400000|100%| O|  |TAMS 0x0000000082400000, 0x0000000082300000| Untracked 
|  36|0x0000000082400000, 0x0000000082500000, 0x0000000082500000|100%| O|  |TAMS 0x0000000082500000, 0x0000000082400000| Untracked 
|  37|0x0000000082500000, 0x0000000082600000, 0x0000000082600000|100%| O|  |TAMS 0x0000000082600000, 0x0000000082500000| Untracked 
|  38|0x0000000082600000, 0x0000000082700000, 0x0000000082700000|100%| O|  |TAMS 0x0000000082700000, 0x0000000082600000| Untracked 
|  39|0x0000000082700000, 0x0000000082800000, 0x0000000082800000|100%| O|  |TAMS 0x0000000082800000, 0x0000000082700000| Untracked 
|  40|0x0000000082800000, 0x0000000082900000, 0x0000000082900000|100%| O|  |TAMS 0x0000000082900000, 0x0000000082800000| Untracked 
|  41|0x0000000082900000, 0x0000000082a00000, 0x0000000082a00000|100%| O|  |TAMS 0x0000000082a00000, 0x0000000082900000| Untracked 
|  42|0x0000000082a00000, 0x0000000082b00000, 0x0000000082b00000|100%| O|  |TAMS 0x0000000082b00000, 0x0000000082a00000| Untracked 
|  43|0x0000000082b00000, 0x0000000082c00000, 0x0000000082c00000|100%| O|  |TAMS 0x0000000082c00000, 0x0000000082b00000| Untracked 
|  44|0x0000000082c00000, 0x0000000082d00000, 0x0000000082d00000|100%| O|  |TAMS 0x0000000082d00000, 0x0000000082c00000| Untracked 
|  45|0x0000000082d00000, 0x0000000082e00000, 0x0000000082e00000|100%| O|  |TAMS 0x0000000082e00000, 0x0000000082d00000| Untracked 
|  46|0x0000000082e00000, 0x0000000082f00000, 0x0000000082f00000|100%| O|  |TAMS 0x0000000082f00000, 0x0000000082e00000| Untracked 
|  47|0x0000000082f00000, 0x0000000083000000, 0x0000000083000000|100%| O|  |TAMS 0x0000000083000000, 0x0000000082f00000| Untracked 
|  48|0x0000000083000000, 0x0000000083100000, 0x0000000083100000|100%| O|  |TAMS 0x0000000083100000, 0x0000000083000000| Untracked 
|  49|0x0000000083100000, 0x0000000083200000, 0x0000000083200000|100%| O|  |TAMS 0x0000000083200000, 0x0000000083100000| Untracked 
|  50|0x0000000083200000, 0x0000000083300000, 0x0000000083300000|100%| O|  |TAMS 0x0000000083300000, 0x0000000083200000| Untracked 
|  51|0x0000000083300000, 0x0000000083400000, 0x0000000083400000|100%| O|  |TAMS 0x0000000083400000, 0x0000000083300000| Untracked 
|  52|0x0000000083400000, 0x0000000083500000, 0x0000000083500000|100%| O|  |TAMS 0x0000000083500000, 0x0000000083400000| Untracked 
|  53|0x0000000083500000, 0x0000000083600000, 0x0000000083600000|100%| O|  |TAMS 0x0000000083600000, 0x0000000083500000| Untracked 
|  54|0x0000000083600000, 0x0000000083700000, 0x0000000083700000|100%| O|  |TAMS 0x0000000083700000, 0x0000000083600000| Untracked 
|  55|0x0000000083700000, 0x0000000083800000, 0x0000000083800000|100%| O|  |TAMS 0x0000000083800000, 0x0000000083700000| Untracked 
|  56|0x0000000083800000, 0x0000000083900000, 0x0000000083900000|100%| O|  |TAMS 0x0000000083900000, 0x0000000083800000| Untracked 
|  57|0x0000000083900000, 0x0000000083a00000, 0x0000000083a00000|100%| O|  |TAMS 0x0000000083a00000, 0x0000000083900000| Untracked 
|  58|0x0000000083a00000, 0x0000000083b00000, 0x0000000083b00000|100%| O|  |TAMS 0x0000000083b00000, 0x0000000083a00000| Untracked 
|  59|0x0000000083b00000, 0x0000000083c00000, 0x0000000083c00000|100%| O|  |TAMS 0x0000000083c00000, 0x0000000083b00000| Untracked 
|  60|0x0000000083c00000, 0x0000000083d00000, 0x0000000083d00000|100%| O|  |TAMS 0x0000000083d00000, 0x0000000083c00000| Untracked 
|  61|0x0000000083d00000, 0x0000000083e00000, 0x0000000083e00000|100%| O|  |TAMS 0x0000000083e00000, 0x0000000083d00000| Untracked 
|  62|0x0000000083e00000, 0x0000000083f00000, 0x0000000083f00000|100%| O|  |TAMS 0x0000000083f00000, 0x0000000083e00000| Untracked 
|  63|0x0000000083f00000, 0x0000000084000000, 0x0000000084000000|100%| O|  |TAMS 0x0000000084000000, 0x0000000083f00000| Untracked 
|  64|0x0000000084000000, 0x0000000084100000, 0x0000000084100000|100%| O|  |TAMS 0x0000000084100000, 0x0000000084000000| Untracked 
|  65|0x0000000084100000, 0x0000000084200000, 0x0000000084200000|100%| O|  |TAMS 0x0000000084200000, 0x0000000084100000| Untracked 
|  66|0x0000000084200000, 0x0000000084300000, 0x0000000084300000|100%| O|  |TAMS 0x0000000084300000, 0x0000000084200000| Untracked 
|  67|0x0000000084300000, 0x0000000084400000, 0x0000000084400000|100%| O|  |TAMS 0x0000000084400000, 0x0000000084300000| Untracked 
|  68|0x0000000084400000, 0x0000000084500000, 0x0000000084500000|100%| O|  |TAMS 0x0000000084500000, 0x0000000084400000| Untracked 
|  69|0x0000000084500000, 0x0000000084600000, 0x0000000084600000|100%| O|  |TAMS 0x0000000084600000, 0x0000000084500000| Untracked 
|  70|0x0000000084600000, 0x0000000084700000, 0x0000000084700000|100%| O|  |TAMS 0x0000000084700000, 0x0000000084600000| Untracked 
|  71|0x0000000084700000, 0x0000000084800000, 0x0000000084800000|100%| O|  |TAMS 0x0000000084800000, 0x0000000084700000| Untracked 
|  72|0x0000000084800000, 0x0000000084900000, 0x0000000084900000|100%| O|  |TAMS 0x0000000084900000, 0x0000000084800000| Untracked 
|  73|0x0000000084900000, 0x0000000084a00000, 0x0000000084a00000|100%| O|  |TAMS 0x0000000084a00000, 0x0000000084900000| Untracked 
|  74|0x0000000084a00000, 0x0000000084b00000, 0x0000000084b00000|100%| O|  |TAMS 0x0000000084b00000, 0x0000000084a00000| Untracked 
|  75|0x0000000084b00000, 0x0000000084c00000, 0x0000000084c00000|100%|HS|  |TAMS 0x0000000084c00000, 0x0000000084b00000| Complete 
|  76|0x0000000084c00000, 0x0000000084d00000, 0x0000000084d00000|100%| O|  |TAMS 0x0000000084d00000, 0x0000000084c00000| Untracked 
|  77|0x0000000084d00000, 0x0000000084e00000, 0x0000000084e00000|100%| O|  |TAMS 0x0000000084e00000, 0x0000000084d00000| Untracked 
|  78|0x0000000084e00000, 0x0000000084f00000, 0x0000000084f00000|100%| O|  |TAMS 0x0000000084f00000, 0x0000000084e00000| Untracked 
|  79|0x0000000084f00000, 0x0000000085000000, 0x0000000085000000|100%| O|  |TAMS 0x0000000085000000, 0x0000000084f00000| Untracked 
|  80|0x0000000085000000, 0x0000000085100000, 0x0000000085100000|100%| O|  |TAMS 0x0000000085100000, 0x0000000085000000| Untracked 
|  81|0x0000000085100000, 0x0000000085200000, 0x0000000085200000|100%| O|  |TAMS 0x0000000085200000, 0x0000000085100000| Untracked 
|  82|0x0000000085200000, 0x0000000085300000, 0x0000000085300000|100%| O|  |TAMS 0x0000000085300000, 0x0000000085200000| Untracked 
|  83|0x0000000085300000, 0x0000000085400000, 0x0000000085400000|100%| O|  |TAMS 0x0000000085400000, 0x0000000085300000| Untracked 
|  84|0x0000000085400000, 0x0000000085500000, 0x0000000085500000|100%| O|  |TAMS 0x0000000085500000, 0x0000000085400000| Untracked 
|  85|0x0000000085500000, 0x0000000085600000, 0x0000000085600000|100%| O|  |TAMS 0x0000000085600000, 0x0000000085500000| Untracked 
|  86|0x0000000085600000, 0x0000000085700000, 0x0000000085700000|100%| O|  |TAMS 0x0000000085700000, 0x0000000085600000| Untracked 
|  87|0x0000000085700000, 0x0000000085800000, 0x0000000085800000|100%| O|  |TAMS 0x0000000085800000, 0x0000000085700000| Untracked 
|  88|0x0000000085800000, 0x0000000085900000, 0x0000000085900000|100%| O|  |TAMS 0x0000000085900000, 0x0000000085800000| Untracked 
|  89|0x0000000085900000, 0x0000000085a00000, 0x0000000085a00000|100%| O|  |TAMS 0x0000000085a00000, 0x0000000085900000| Untracked 
|  90|0x0000000085a00000, 0x0000000085b00000, 0x0000000085b00000|100%| O|  |TAMS 0x0000000085a00000, 0x0000000085a00000| Untracked 
|  91|0x0000000085b00000, 0x0000000085c00000, 0x0000000085c00000|100%| O|  |TAMS 0x0000000085b00000, 0x0000000085b00000| Untracked 
|  92|0x0000000085c00000, 0x0000000085d00000, 0x0000000085d00000|100%| O|  |TAMS 0x0000000085c00000, 0x0000000085c00000| Untracked 
|  93|0x0000000085d00000, 0x0000000085d00000, 0x0000000085e00000|  0%| F|  |TAMS 0x0000000085d00000, 0x0000000085d00000| Untracked 
|  94|0x0000000085e00000, 0x0000000085f00000, 0x0000000085f00000|100%| O|  |TAMS 0x0000000085f00000, 0x0000000085e00000| Untracked 
|  95|0x0000000085f00000, 0x0000000086000000, 0x0000000086000000|100%| O|  |TAMS 0x0000000086000000, 0x0000000085f00000| Untracked 
|  96|0x0000000086000000, 0x0000000086100000, 0x0000000086100000|100%| O|  |TAMS 0x0000000086100000, 0x0000000086000000| Untracked 
|  97|0x0000000086100000, 0x0000000086100000, 0x0000000086200000|  0%| F|  |TAMS 0x0000000086100000, 0x0000000086100000| Untracked 
|  98|0x0000000086200000, 0x0000000086200000, 0x0000000086300000|  0%| F|  |TAMS 0x0000000086200000, 0x0000000086200000| Untracked 
|  99|0x0000000086300000, 0x0000000086300000, 0x0000000086400000|  0%| F|  |TAMS 0x0000000086300000, 0x0000000086300000| Untracked 
| 100|0x0000000086400000, 0x0000000086400000, 0x0000000086500000|  0%| F|  |TAMS 0x0000000086400000, 0x0000000086400000| Untracked 
| 101|0x0000000086500000, 0x0000000086500000, 0x0000000086600000|  0%| F|  |TAMS 0x0000000086500000, 0x0000000086500000| Untracked 
| 102|0x0000000086600000, 0x0000000086600000, 0x0000000086700000|  0%| F|  |TAMS 0x0000000086600000, 0x0000000086600000| Untracked 
| 103|0x0000000086700000, 0x0000000086800000, 0x0000000086800000|100%| O|  |TAMS 0x0000000086700000, 0x0000000086700000| Untracked 
| 104|0x0000000086800000, 0x0000000086900000, 0x0000000086900000|100%| O|  |TAMS 0x0000000086900000, 0x0000000086800000| Untracked 
| 105|0x0000000086900000, 0x0000000086a00000, 0x0000000086a00000|100%| O|  |TAMS 0x0000000086a00000, 0x0000000086900000| Untracked 
| 106|0x0000000086a00000, 0x0000000086b00000, 0x0000000086b00000|100%| O|  |TAMS 0x0000000086a57000, 0x0000000086a00000| Untracked 
| 107|0x0000000086b00000, 0x0000000086b00000, 0x0000000086c00000|  0%| F|  |TAMS 0x0000000086b00000, 0x0000000086b00000| Untracked 
| 108|0x0000000086c00000, 0x0000000086c00000, 0x0000000086d00000|  0%| F|  |TAMS 0x0000000086c00000, 0x0000000086c00000| Untracked 
| 109|0x0000000086d00000, 0x0000000086d00000, 0x0000000086e00000|  0%| F|  |TAMS 0x0000000086d00000, 0x0000000086d00000| Untracked 
| 110|0x0000000086e00000, 0x0000000086e00000, 0x0000000086f00000|  0%| F|  |TAMS 0x0000000086e00000, 0x0000000086e00000| Untracked 
| 111|0x0000000086f00000, 0x0000000086f00000, 0x0000000087000000|  0%| F|  |TAMS 0x0000000086f00000, 0x0000000086f00000| Untracked 
| 112|0x0000000087000000, 0x0000000087000000, 0x0000000087100000|  0%| F|  |TAMS 0x0000000087000000, 0x0000000087000000| Untracked 
| 113|0x0000000087100000, 0x0000000087100000, 0x0000000087200000|  0%| F|  |TAMS 0x0000000087100000, 0x0000000087100000| Untracked 
| 114|0x0000000087200000, 0x0000000087200000, 0x0000000087300000|  0%| F|  |TAMS 0x0000000087200000, 0x0000000087200000| Untracked 
| 115|0x0000000087300000, 0x0000000087400000, 0x0000000087400000|100%| O|  |TAMS 0x0000000087300000, 0x0000000087300000| Untracked 
| 116|0x0000000087400000, 0x0000000087500000, 0x0000000087500000|100%| O|  |TAMS 0x0000000087400000, 0x0000000087400000| Untracked 
| 117|0x0000000087500000, 0x0000000087600000, 0x0000000087600000|100%| O|  |TAMS 0x0000000087500000, 0x0000000087500000| Untracked 
| 118|0x0000000087600000, 0x0000000087644600, 0x0000000087700000| 26%| O|  |TAMS 0x0000000087600000, 0x0000000087600000| Untracked 
| 119|0x0000000087700000, 0x0000000087700000, 0x0000000087800000|  0%| F|  |TAMS 0x0000000087700000, 0x0000000087700000| Untracked 
| 120|0x0000000087800000, 0x0000000087800000, 0x0000000087900000|  0%| F|  |TAMS 0x0000000087800000, 0x0000000087800000| Untracked 
| 121|0x0000000087900000, 0x0000000087900000, 0x0000000087a00000|  0%| F|  |TAMS 0x0000000087900000, 0x0000000087900000| Untracked 
| 122|0x0000000087a00000, 0x0000000087a00000, 0x0000000087b00000|  0%| F|  |TAMS 0x0000000087a00000, 0x0000000087a00000| Untracked 
| 123|0x0000000087b00000, 0x0000000087b00000, 0x0000000087c00000|  0%| F|  |TAMS 0x0000000087b00000, 0x0000000087b00000| Untracked 
| 124|0x0000000087c00000, 0x0000000087c00000, 0x0000000087d00000|  0%| F|  |TAMS 0x0000000087c00000, 0x0000000087c00000| Untracked 
| 125|0x0000000087d00000, 0x0000000087d00000, 0x0000000087e00000|  0%| F|  |TAMS 0x0000000087d00000, 0x0000000087d00000| Untracked 
| 126|0x0000000087e00000, 0x0000000087e00000, 0x0000000087f00000|  0%| F|  |TAMS 0x0000000087e00000, 0x0000000087e00000| Untracked 
| 127|0x0000000087f00000, 0x0000000087f00000, 0x0000000088000000|  0%| F|  |TAMS 0x0000000087f00000, 0x0000000087f00000| Untracked 
| 128|0x0000000088000000, 0x0000000088000000, 0x0000000088100000|  0%| F|  |TAMS 0x0000000088000000, 0x0000000088000000| Untracked 
| 129|0x0000000088100000, 0x0000000088100000, 0x0000000088200000|  0%| F|  |TAMS 0x0000000088100000, 0x0000000088100000| Untracked 
| 130|0x0000000088200000, 0x0000000088200000, 0x0000000088300000|  0%| F|  |TAMS 0x0000000088200000, 0x0000000088200000| Untracked 
| 131|0x0000000088300000, 0x0000000088300000, 0x0000000088400000|  0%| F|  |TAMS 0x0000000088300000, 0x0000000088300000| Untracked 
| 132|0x0000000088400000, 0x0000000088400000, 0x0000000088500000|  0%| F|  |TAMS 0x0000000088400000, 0x0000000088400000| Untracked 
| 133|0x0000000088500000, 0x0000000088500000, 0x0000000088600000|  0%| F|  |TAMS 0x0000000088500000, 0x0000000088500000| Untracked 
| 134|0x0000000088600000, 0x0000000088600000, 0x0000000088700000|  0%| F|  |TAMS 0x0000000088600000, 0x0000000088600000| Untracked 
| 135|0x0000000088700000, 0x0000000088700000, 0x0000000088800000|  0%| F|  |TAMS 0x0000000088700000, 0x0000000088700000| Untracked 
| 136|0x0000000088800000, 0x0000000088800000, 0x0000000088900000|  0%| F|  |TAMS 0x0000000088800000, 0x0000000088800000| Untracked 
| 137|0x0000000088900000, 0x0000000088900000, 0x0000000088a00000|  0%| F|  |TAMS 0x0000000088900000, 0x0000000088900000| Untracked 
| 138|0x0000000088a00000, 0x0000000088a00000, 0x0000000088b00000|  0%| F|  |TAMS 0x0000000088a00000, 0x0000000088a00000| Untracked 
| 139|0x0000000088b00000, 0x0000000088b00000, 0x0000000088c00000|  0%| F|  |TAMS 0x0000000088b00000, 0x0000000088b00000| Untracked 
| 140|0x0000000088c00000, 0x0000000088c00000, 0x0000000088d00000|  0%| F|  |TAMS 0x0000000088c00000, 0x0000000088c00000| Untracked 
| 141|0x0000000088d00000, 0x0000000088d00000, 0x0000000088e00000|  0%| F|  |TAMS 0x0000000088d00000, 0x0000000088d00000| Untracked 
| 142|0x0000000088e00000, 0x0000000088e00000, 0x0000000088f00000|  0%| F|  |TAMS 0x0000000088e00000, 0x0000000088e00000| Untracked 
| 143|0x0000000088f00000, 0x0000000088f00000, 0x0000000089000000|  0%| F|  |TAMS 0x0000000088f00000, 0x0000000088f00000| Untracked 
| 144|0x0000000089000000, 0x0000000089000000, 0x0000000089100000|  0%| F|  |TAMS 0x0000000089000000, 0x0000000089000000| Untracked 
| 145|0x0000000089100000, 0x0000000089100000, 0x0000000089200000|  0%| F|  |TAMS 0x0000000089100000, 0x0000000089100000| Untracked 
| 146|0x0000000089200000, 0x0000000089200000, 0x0000000089300000|  0%| F|  |TAMS 0x0000000089200000, 0x0000000089200000| Untracked 
| 147|0x0000000089300000, 0x0000000089300000, 0x0000000089400000|  0%| F|  |TAMS 0x0000000089300000, 0x0000000089300000| Untracked 
| 148|0x0000000089400000, 0x0000000089400000, 0x0000000089500000|  0%| F|  |TAMS 0x0000000089400000, 0x0000000089400000| Untracked 
| 149|0x0000000089500000, 0x0000000089500000, 0x0000000089600000|  0%| F|  |TAMS 0x0000000089500000, 0x0000000089500000| Untracked 
| 150|0x0000000089600000, 0x0000000089600000, 0x0000000089700000|  0%| F|  |TAMS 0x0000000089600000, 0x0000000089600000| Untracked 
| 151|0x0000000089700000, 0x0000000089700000, 0x0000000089800000|  0%| F|  |TAMS 0x0000000089700000, 0x0000000089700000| Untracked 
| 152|0x0000000089800000, 0x0000000089800000, 0x0000000089900000|  0%| F|  |TAMS 0x0000000089800000, 0x0000000089800000| Untracked 
| 153|0x0000000089900000, 0x0000000089900000, 0x0000000089a00000|  0%| F|  |TAMS 0x0000000089900000, 0x0000000089900000| Untracked 
| 154|0x0000000089a00000, 0x0000000089a00000, 0x0000000089b00000|  0%| F|  |TAMS 0x0000000089a00000, 0x0000000089a00000| Untracked 
| 155|0x0000000089b00000, 0x0000000089b00000, 0x0000000089c00000|  0%| F|  |TAMS 0x0000000089b00000, 0x0000000089b00000| Untracked 
| 156|0x0000000089c00000, 0x0000000089c00000, 0x0000000089d00000|  0%| F|  |TAMS 0x0000000089c00000, 0x0000000089c00000| Untracked 
| 157|0x0000000089d00000, 0x0000000089e00000, 0x0000000089e00000|100%| S|CS|TAMS 0x0000000089d00000, 0x0000000089d00000| Complete 
| 158|0x0000000089e00000, 0x0000000089f00000, 0x0000000089f00000|100%| S|CS|TAMS 0x0000000089e00000, 0x0000000089e00000| Complete 
| 159|0x0000000089f00000, 0x000000008a000000, 0x000000008a000000|100%| S|CS|TAMS 0x0000000089f00000, 0x0000000089f00000| Complete 
| 160|0x000000008a000000, 0x000000008a100000, 0x000000008a100000|100%| S|CS|TAMS 0x000000008a000000, 0x000000008a000000| Complete 
| 161|0x000000008a100000, 0x000000008a200000, 0x000000008a200000|100%| S|CS|TAMS 0x000000008a100000, 0x000000008a100000| Complete 
| 162|0x000000008a200000, 0x000000008a300000, 0x000000008a300000|100%| S|CS|TAMS 0x000000008a200000, 0x000000008a200000| Complete 
| 163|0x000000008a300000, 0x000000008a300000, 0x000000008a400000|  0%| F|  |TAMS 0x000000008a300000, 0x000000008a300000| Untracked 
| 164|0x000000008a400000, 0x000000008a400000, 0x000000008a500000|  0%| F|  |TAMS 0x000000008a400000, 0x000000008a400000| Untracked 
| 165|0x000000008a500000, 0x000000008a500000, 0x000000008a600000|  0%| F|  |TAMS 0x000000008a500000, 0x000000008a500000| Untracked 
| 166|0x000000008a600000, 0x000000008a600000, 0x000000008a700000|  0%| F|  |TAMS 0x000000008a600000, 0x000000008a600000| Untracked 
| 167|0x000000008a700000, 0x000000008a700000, 0x000000008a800000|  0%| F|  |TAMS 0x000000008a700000, 0x000000008a700000| Untracked 
| 168|0x000000008a800000, 0x000000008a800000, 0x000000008a900000|  0%| F|  |TAMS 0x000000008a800000, 0x000000008a800000| Untracked 
| 169|0x000000008a900000, 0x000000008a900000, 0x000000008aa00000|  0%| F|  |TAMS 0x000000008a900000, 0x000000008a900000| Untracked 
| 170|0x000000008aa00000, 0x000000008aa00000, 0x000000008ab00000|  0%| F|  |TAMS 0x000000008aa00000, 0x000000008aa00000| Untracked 
| 171|0x000000008ab00000, 0x000000008ab00000, 0x000000008ac00000|  0%| F|  |TAMS 0x000000008ab00000, 0x000000008ab00000| Untracked 
| 172|0x000000008ac00000, 0x000000008ac00000, 0x000000008ad00000|  0%| F|  |TAMS 0x000000008ac00000, 0x000000008ac00000| Untracked 
| 173|0x000000008ad00000, 0x000000008ad00000, 0x000000008ae00000|  0%| F|  |TAMS 0x000000008ad00000, 0x000000008ad00000| Untracked 
| 174|0x000000008ae00000, 0x000000008ae00000, 0x000000008af00000|  0%| F|  |TAMS 0x000000008ae00000, 0x000000008ae00000| Untracked 
| 175|0x000000008af00000, 0x000000008af00000, 0x000000008b000000|  0%| F|  |TAMS 0x000000008af00000, 0x000000008af00000| Untracked 
| 176|0x000000008b000000, 0x000000008b000000, 0x000000008b100000|  0%| F|  |TAMS 0x000000008b000000, 0x000000008b000000| Untracked 
| 177|0x000000008b100000, 0x000000008b100000, 0x000000008b200000|  0%| F|  |TAMS 0x000000008b100000, 0x000000008b100000| Untracked 
| 178|0x000000008b200000, 0x000000008b200000, 0x000000008b300000|  0%| F|  |TAMS 0x000000008b200000, 0x000000008b200000| Untracked 
| 179|0x000000008b300000, 0x000000008b300000, 0x000000008b400000|  0%| F|  |TAMS 0x000000008b300000, 0x000000008b300000| Untracked 
| 180|0x000000008b400000, 0x000000008b400000, 0x000000008b500000|  0%| F|  |TAMS 0x000000008b400000, 0x000000008b400000| Untracked 
| 181|0x000000008b500000, 0x000000008b500000, 0x000000008b600000|  0%| F|  |TAMS 0x000000008b500000, 0x000000008b500000| Untracked 
| 182|0x000000008b600000, 0x000000008b600000, 0x000000008b700000|  0%| F|  |TAMS 0x000000008b600000, 0x000000008b600000| Untracked 
| 183|0x000000008b700000, 0x000000008b700000, 0x000000008b800000|  0%| F|  |TAMS 0x000000008b700000, 0x000000008b700000| Untracked 
| 184|0x000000008b800000, 0x000000008b800000, 0x000000008b900000|  0%| F|  |TAMS 0x000000008b800000, 0x000000008b800000| Untracked 
| 185|0x000000008b900000, 0x000000008b900000, 0x000000008ba00000|  0%| F|  |TAMS 0x000000008b900000, 0x000000008b900000| Untracked 
| 186|0x000000008ba00000, 0x000000008ba00000, 0x000000008bb00000|  0%| F|  |TAMS 0x000000008ba00000, 0x000000008ba00000| Untracked 
| 187|0x000000008bb00000, 0x000000008bb00000, 0x000000008bc00000|  0%| F|  |TAMS 0x000000008bb00000, 0x000000008bb00000| Untracked 
| 188|0x000000008bc00000, 0x000000008bc00000, 0x000000008bd00000|  0%| F|  |TAMS 0x000000008bc00000, 0x000000008bc00000| Untracked 
| 189|0x000000008bd00000, 0x000000008bd00000, 0x000000008be00000|  0%| F|  |TAMS 0x000000008bd00000, 0x000000008bd00000| Untracked 
| 190|0x000000008be00000, 0x000000008be00000, 0x000000008bf00000|  0%| F|  |TAMS 0x000000008be00000, 0x000000008be00000| Untracked 
| 191|0x000000008bf00000, 0x000000008bf00000, 0x000000008c000000|  0%| F|  |TAMS 0x000000008bf00000, 0x000000008bf00000| Untracked 
| 192|0x000000008c000000, 0x000000008c000000, 0x000000008c100000|  0%| F|  |TAMS 0x000000008c000000, 0x000000008c000000| Untracked 
| 193|0x000000008c100000, 0x000000008c100000, 0x000000008c200000|  0%| F|  |TAMS 0x000000008c100000, 0x000000008c100000| Untracked 
| 194|0x000000008c200000, 0x000000008c200000, 0x000000008c300000|  0%| F|  |TAMS 0x000000008c200000, 0x000000008c200000| Untracked 
| 195|0x000000008c300000, 0x000000008c300000, 0x000000008c400000|  0%| F|  |TAMS 0x000000008c300000, 0x000000008c300000| Untracked 
| 196|0x000000008c400000, 0x000000008c400000, 0x000000008c500000|  0%| F|  |TAMS 0x000000008c400000, 0x000000008c400000| Untracked 
| 197|0x000000008c500000, 0x000000008c500000, 0x000000008c600000|  0%| F|  |TAMS 0x000000008c500000, 0x000000008c500000| Untracked 
| 198|0x000000008c600000, 0x000000008c600000, 0x000000008c700000|  0%| F|  |TAMS 0x000000008c600000, 0x000000008c600000| Untracked 
| 199|0x000000008c700000, 0x000000008c700000, 0x000000008c800000|  0%| F|  |TAMS 0x000000008c700000, 0x000000008c700000| Untracked 
| 200|0x000000008c800000, 0x000000008c800000, 0x000000008c900000|  0%| F|  |TAMS 0x000000008c800000, 0x000000008c800000| Untracked 
| 201|0x000000008c900000, 0x000000008c900000, 0x000000008ca00000|  0%| F|  |TAMS 0x000000008c900000, 0x000000008c900000| Untracked 
| 202|0x000000008ca00000, 0x000000008ca00000, 0x000000008cb00000|  0%| F|  |TAMS 0x000000008ca00000, 0x000000008ca00000| Untracked 
| 203|0x000000008cb00000, 0x000000008cb00000, 0x000000008cc00000|  0%| F|  |TAMS 0x000000008cb00000, 0x000000008cb00000| Untracked 
| 204|0x000000008cc00000, 0x000000008cc00000, 0x000000008cd00000|  0%| F|  |TAMS 0x000000008cc00000, 0x000000008cc00000| Untracked 
| 205|0x000000008cd00000, 0x000000008cd00000, 0x000000008ce00000|  0%| F|  |TAMS 0x000000008cd00000, 0x000000008cd00000| Untracked 
| 206|0x000000008ce00000, 0x000000008ce00000, 0x000000008cf00000|  0%| F|  |TAMS 0x000000008ce00000, 0x000000008ce00000| Untracked 

Card table byte_map: [0x0000022badcd0000,0x0000022bae0d0000] _byte_map_base: 0x0000022bad8d0000

Marking Bits (Prev, Next): (CMBitMap*) 0x0000022b96e5c010, (CMBitMap*) 0x0000022b96e5bfd0
 Prev Bits: [0x0000022bb04d0000, 0x0000022bb24d0000)
 Next Bits: [0x0000022bae4d0000, 0x0000022bb04d0000)

Polling page: 0x0000022b94c20000

Metaspace:

Usage:
  Non-class:     69.49 MB used.
      Class:     10.50 MB used.
       Both:     79.99 MB used.

Virtual space:
  Non-class space:       72.00 MB reserved,      69.75 MB ( 97%) committed,  9 nodes.
      Class space:        1.00 GB reserved,      10.75 MB (  1%) committed,  1 nodes.
              Both:        1.07 GB reserved,      80.50 MB (  7%) committed. 

Chunk freelists:
   Non-Class:  2.19 MB
       Class:  1.08 MB
        Both:  3.27 MB

MaxMetaspaceSize: 17179869184.00 GB
CompressedClassSpaceSize: 1.00 GB
 - commit_granule_bytes: 65536.
 - commit_granule_words: 8192.
 - virtual_space_node_default_size: 1048576.
 - enlarge_chunks_in_place: 1.
 - new_chunks_are_fully_committed: 0.
 - uncommit_free_chunks: 1.
 - use_allocation_guard: 0.
 - handle_deallocations: 1.


Internal statistics:

num_allocs_failed_limit: 6.
num_arena_births: 794.
num_arena_deaths: 14.
num_vsnodes_births: 10.
num_vsnodes_deaths: 0.
num_space_committed: 1287.
num_space_uncommitted: 0.
num_chunks_returned_to_freelist: 26.
num_chunks_taken_from_freelist: 3979.
num_chunk_merges: 15.
num_chunk_splits: 2653.
num_chunks_enlarged: 1790.
num_purges: 2.

CodeHeap 'non-profiled nmethods': size=120000Kb used=6481Kb max_used=6481Kb free=113519Kb
 bounds [0x0000022ba6070000, 0x0000022ba66d0000, 0x0000022bad5a0000]
CodeHeap 'profiled nmethods': size=120000Kb used=18685Kb max_used=18685Kb free=101314Kb
 bounds [0x0000022b9eb40000, 0x0000022b9fd90000, 0x0000022ba6070000]
CodeHeap 'non-nmethods': size=5760Kb used=2491Kb max_used=2547Kb free=3268Kb
 bounds [0x0000022b9e5a0000, 0x0000022b9e830000, 0x0000022b9eb40000]
 total_blobs=10706 nmethods=9674 adapters=944
 compilation: enabled
              stopped_count=0, restarted_count=0
 full_count=0

Compilation events (20 events):
Event: 11.894 Thread 0x0000022bb4ebd100 nmethod 11352 0x0000022b9fd7b110 code [0x0000022b9fd7b2e0, 0x0000022b9fd7b6e8]
Event: 11.894 Thread 0x0000022bb4ebd100 11311       1       com.android.aaptcompiler.Reference::getName (5 bytes)
Event: 11.894 Thread 0x0000022bb4ebd100 nmethod 11311 0x0000022ba66c2a10 code [0x0000022ba66c2ba0, 0x0000022ba66c2c78]
Event: 11.894 Thread 0x0000022bb4ebd100 11298       1       com.android.aaptcompiler.Value::setWeak (6 bytes)
Event: 11.894 Thread 0x0000022bb4ebd100 nmethod 11298 0x0000022ba66c2d10 code [0x0000022ba66c2ea0, 0x0000022ba66c2f78]
Event: 11.894 Thread 0x0000022bb4ebd100 11341       2       com.ctc.wstx.util.TextBuilder::reset (11 bytes)
Event: 11.894 Thread 0x0000022bb4ebd100 nmethod 11341 0x0000022b9fd7b890 code [0x0000022b9fd7ba20, 0x0000022b9fd7bb58]
Event: 11.894 Thread 0x0000022bb4ebd100 11356       2       com.ctc.wstx.util.TextBuffer::resetWithIndentation (134 bytes)
Event: 11.895 Thread 0x0000022bb4ebd100 nmethod 11356 0x0000022b9fd7bc10 code [0x0000022b9fd7be20, 0x0000022b9fd7c3f8]
Event: 11.895 Thread 0x0000022bb4ebd100 11358       2       com.android.aaptcompiler.ResourceTablePackage::findGroup (319 bytes)
Event: 11.896 Thread 0x0000022bb4ebd100 nmethod 11358 0x0000022b9fd7c610 code [0x0000022b9fd7c900, 0x0000022b9fd7d538]
Event: 11.897 Thread 0x0000022bb4ebd100 11357       2       com.ctc.wstx.sr.ElemAttrs::<init> (32 bytes)
Event: 11.897 Thread 0x0000022bb4ebd100 nmethod 11357 0x0000022b9fd7dc10 code [0x0000022b9fd7dda0, 0x0000022b9fd7df38]
Event: 11.897 Thread 0x0000022bb4ebd100 11359       2       com.android.aaptcompiler.XmlStringBuilder::append (394 bytes)
Event: 11.899 Thread 0x0000022bb4ebd100 nmethod 11359 0x0000022b9fd7e010 code [0x0000022b9fd7e3e0, 0x0000022b9fd7f548]
Event: 11.899 Thread 0x0000022bb4ebd100 11360       2       com.android.aaptcompiler.ResourceTable$addResourceWithId$1::<init> (14 bytes)
Event: 11.899 Thread 0x0000022bb4ebd100 nmethod 11360 0x0000022b9fd7fe90 code [0x0000022b9fd80040, 0x0000022b9fd80188]
Event: 11.899 Thread 0x0000022bb4ebd100 11361       2       com.android.aaptcompiler.ResourceTable::addResourceImpl (987 bytes)
Event: 11.901 Thread 0x0000022bb4ebb6f0 nmethod 11101 0x0000022ba66c3010 code [0x0000022ba66c31c0, 0x0000022ba66c3db8]
Event: 11.901 Thread 0x0000022bb4ebb6f0 11135       4       java.io.ObjectInputStream$HandleTable::finish (111 bytes)

GC Heap History (20 events):
Event: 8.205 GC heap after
{Heap after GC invocations=28 (full 0):
 garbage-first heap   total 110592K, used 65202K [0x0000000080000000, 0x0000000100000000)
  region size 1024K, 5 young (5120K), 5 survivors (5120K)
 Metaspace       used 71360K, committed 71872K, reserved 1114112K
  class space    used 9572K, committed 9856K, reserved 1048576K
}
Event: 8.635 GC heap before
{Heap before GC invocations=29 (full 0):
 garbage-first heap   total 116736K, used 88754K [0x0000000080000000, 0x0000000100000000)
  region size 1024K, 29 young (29696K), 5 survivors (5120K)
 Metaspace       used 73412K, committed 73984K, reserved 1114112K
  class space    used 9955K, committed 10240K, reserved 1048576K
}
Event: 8.641 GC heap after
{Heap after GC invocations=30 (full 0):
 garbage-first heap   total 116736K, used 68044K [0x0000000080000000, 0x0000000100000000)
  region size 1024K, 3 young (3072K), 3 survivors (3072K)
 Metaspace       used 73412K, committed 73984K, reserved 1114112K
  class space    used 9955K, committed 10240K, reserved 1048576K
}
Event: 8.839 GC heap before
{Heap before GC invocations=30 (full 0):
 garbage-first heap   total 116736K, used 94668K [0x0000000080000000, 0x0000000100000000)
  region size 1024K, 30 young (30720K), 3 survivors (3072K)
 Metaspace       used 73622K, committed 74176K, reserved 1114112K
  class space    used 9957K, committed 10240K, reserved 1048576K
}
Event: 8.842 GC heap after
{Heap after GC invocations=31 (full 0):
 garbage-first heap   total 116736K, used 69637K [0x0000000080000000, 0x0000000100000000)
  region size 1024K, 2 young (2048K), 2 survivors (2048K)
 Metaspace       used 73622K, committed 74176K, reserved 1114112K
  class space    used 9957K, committed 10240K, reserved 1048576K
}
Event: 9.339 GC heap before
{Heap before GC invocations=32 (full 0):
 garbage-first heap   total 126976K, used 96261K [0x0000000080000000, 0x0000000100000000)
  region size 1024K, 28 young (28672K), 2 survivors (2048K)
 Metaspace       used 74255K, committed 74816K, reserved 1114112K
  class space    used 10042K, committed 10304K, reserved 1048576K
}
Event: 9.341 GC heap after
{Heap after GC invocations=33 (full 0):
 garbage-first heap   total 126976K, used 70914K [0x0000000080000000, 0x0000000100000000)
  region size 1024K, 3 young (3072K), 3 survivors (3072K)
 Metaspace       used 74255K, committed 74816K, reserved 1114112K
  class space    used 10042K, committed 10304K, reserved 1048576K
}
Event: 9.915 GC heap before
{Heap before GC invocations=33 (full 0):
 garbage-first heap   total 126976K, used 98562K [0x0000000080000000, 0x0000000100000000)
  region size 1024K, 32 young (32768K), 3 survivors (3072K)
 Metaspace       used 75370K, committed 75968K, reserved 1122304K
  class space    used 10153K, committed 10432K, reserved 1048576K
}
Event: 9.922 GC heap after
{Heap after GC invocations=34 (full 0):
 garbage-first heap   total 126976K, used 79153K [0x0000000080000000, 0x0000000100000000)
  region size 1024K, 5 young (5120K), 5 survivors (5120K)
 Metaspace       used 75370K, committed 75968K, reserved 1122304K
  class space    used 10153K, committed 10432K, reserved 1048576K
}
Event: 10.237 GC heap before
{Heap before GC invocations=35 (full 0):
 garbage-first heap   total 148480K, used 101681K [0x0000000080000000, 0x0000000100000000)
  region size 1024K, 25 young (25600K), 5 survivors (5120K)
 Metaspace       used 75452K, committed 76032K, reserved 1122304K
  class space    used 10149K, committed 10432K, reserved 1048576K
}
Event: 10.245 GC heap after
{Heap after GC invocations=36 (full 0):
 garbage-first heap   total 148480K, used 90972K [0x0000000080000000, 0x0000000100000000)
  region size 1024K, 4 young (4096K), 4 survivors (4096K)
 Metaspace       used 75452K, committed 76032K, reserved 1122304K
  class space    used 10149K, committed 10432K, reserved 1048576K
}
Event: 10.503 GC heap before
{Heap before GC invocations=36 (full 0):
 garbage-first heap   total 148480K, used 112476K [0x0000000080000000, 0x0000000100000000)
  region size 1024K, 25 young (25600K), 4 survivors (4096K)
 Metaspace       used 76986K, committed 77504K, reserved 1122304K
  class space    used 10318K, committed 10560K, reserved 1048576K
}
Event: 10.508 GC heap after
{Heap after GC invocations=37 (full 0):
 garbage-first heap   total 148480K, used 94449K [0x0000000080000000, 0x0000000100000000)
  region size 1024K, 3 young (3072K), 3 survivors (3072K)
 Metaspace       used 76986K, committed 77504K, reserved 1122304K
  class space    used 10318K, committed 10560K, reserved 1048576K
}
Event: 10.711 GC heap before
{Heap before GC invocations=38 (full 0):
 garbage-first heap   total 167936K, used 105713K [0x0000000080000000, 0x0000000100000000)
  region size 1024K, 12 young (12288K), 3 survivors (3072K)
 Metaspace       used 79319K, committed 79872K, reserved 1122304K
  class space    used 10546K, committed 10816K, reserved 1048576K
}
Event: 10.717 GC heap after
{Heap after GC invocations=39 (full 0):
 garbage-first heap   total 167936K, used 101369K [0x0000000080000000, 0x0000000100000000)
  region size 1024K, 3 young (3072K), 3 survivors (3072K)
 Metaspace       used 79319K, committed 79872K, reserved 1122304K
  class space    used 10546K, committed 10816K, reserved 1048576K
}
Event: 11.380 GC heap before
{Heap before GC invocations=40 (full 0):
 garbage-first heap   total 191488K, used 137209K [0x0000000080000000, 0x0000000100000000)
  region size 1024K, 30 young (30720K), 3 survivors (3072K)
 Metaspace       used 79721K, committed 80320K, reserved 1122304K
  class space    used 10574K, committed 10880K, reserved 1048576K
}
Event: 11.387 GC heap after
{Heap after GC invocations=41 (full 0):
 garbage-first heap   total 191488K, used 101666K [0x0000000080000000, 0x0000000100000000)
  region size 1024K, 3 young (3072K), 3 survivors (3072K)
 Metaspace       used 79721K, committed 80320K, reserved 1122304K
  class space    used 10574K, committed 10880K, reserved 1048576K
}
Event: 11.521 GC heap before
{Heap before GC invocations=41 (full 0):
 garbage-first heap   total 191488K, used 108834K [0x0000000080000000, 0x0000000100000000)
  region size 1024K, 12 young (12288K), 3 survivors (3072K)
 Metaspace       used 79744K, committed 80320K, reserved 1122304K
  class space    used 10577K, committed 10880K, reserved 1048576K
}
Event: 11.526 GC heap after
{Heap after GC invocations=42 (full 0):
 garbage-first heap   total 191488K, used 106527K [0x0000000080000000, 0x0000000100000000)
  region size 1024K, 6 young (6144K), 6 survivors (6144K)
 Metaspace       used 79744K, committed 80320K, reserved 1122304K
  class space    used 10577K, committed 10880K, reserved 1048576K
}
Event: 11.904 GC heap before
{Heap before GC invocations=43 (full 0):
 garbage-first heap   total 211968K, used 158751K [0x0000000080000000, 0x0000000100000000)
  region size 1024K, 44 young (45056K), 6 survivors (6144K)
 Metaspace       used 81908K, committed 82432K, reserved 1122304K
  class space    used 10747K, committed 11008K, reserved 1048576K
}

Deoptimization events (20 events):
Event: 11.799 Thread 0x0000022bbbfbc550 Uncommon trap: trap_request=0xffffffde fr.pc=0x0000022ba615f348 relative=0x00000000000000a8
Event: 11.799 Thread 0x0000022bbbfbc550 Uncommon trap: reason=class_check action=maybe_recompile pc=0x0000022ba615f348 method=java.lang.Character.isWhitespace(I)Z @ 5 c2
Event: 11.799 Thread 0x0000022bbbfb7050 DEOPT PACKING pc=0x0000022ba615f348 sp=0x000000ae6c8fd9a0
Event: 11.799 Thread 0x0000022bbbfb7050 DEOPT UNPACKING pc=0x0000022b9e5ef92e sp=0x000000ae6c8fd8d8 mode 2
Event: 11.799 Thread 0x0000022bbbfbc550 DEOPT PACKING pc=0x0000022ba615f348 sp=0x000000ae6cefd060
Event: 11.799 Thread 0x0000022bbbfbc550 DEOPT UNPACKING pc=0x0000022b9e5ef92e sp=0x000000ae6cefcf98 mode 2
Event: 11.815 Thread 0x0000022bbbfbc550 Uncommon trap: trap_request=0xffffff45 fr.pc=0x0000022ba62287a0 relative=0x0000000000000080
Event: 11.815 Thread 0x0000022bbbfbc550 Uncommon trap: reason=unstable_if action=reinterpret pc=0x0000022ba62287a0 method=java.lang.String.codePointAt(I)I @ 4 c2
Event: 11.815 Thread 0x0000022bbbfbc550 DEOPT PACKING pc=0x0000022ba62287a0 sp=0x000000ae6cefd440
Event: 11.815 Thread 0x0000022bbbfbc550 DEOPT UNPACKING pc=0x0000022b9e5ef92e sp=0x000000ae6cefd3e8 mode 2
Event: 11.822 Thread 0x0000022bbbfbc550 Uncommon trap: trap_request=0xffffff45 fr.pc=0x0000022ba6231520 relative=0x0000000000000400
Event: 11.822 Thread 0x0000022bbbfbc550 Uncommon trap: reason=unstable_if action=reinterpret pc=0x0000022ba6231520 method=java.lang.String.substring(II)Ljava/lang/String; @ 31 c2
Event: 11.822 Thread 0x0000022bbbfbc550 DEOPT PACKING pc=0x0000022ba6231520 sp=0x000000ae6cefd410
Event: 11.822 Thread 0x0000022bbbfbc550 DEOPT UNPACKING pc=0x0000022b9e5ef92e sp=0x000000ae6cefd370 mode 2
Event: 11.822 Thread 0x0000022bbbfbc550 Uncommon trap: trap_request=0xffffff45 fr.pc=0x0000022ba60a72d0 relative=0x0000000000000410
Event: 11.822 Thread 0x0000022bbbfbc550 Uncommon trap: reason=unstable_if action=reinterpret pc=0x0000022ba60a72d0 method=java.lang.String.substring(II)Ljava/lang/String; @ 31 c2
Event: 11.822 Thread 0x0000022bbbfbc550 DEOPT PACKING pc=0x0000022ba60a72d0 sp=0x000000ae6cefd3a0
Event: 11.822 Thread 0x0000022bbbfbc550 DEOPT UNPACKING pc=0x0000022b9e5ef92e sp=0x000000ae6cefd370 mode 2
Event: 11.841 Thread 0x0000022bb689fcf0 DEOPT PACKING pc=0x0000022b9f147054 sp=0x000000ae65afee10
Event: 11.842 Thread 0x0000022bb689fcf0 DEOPT UNPACKING pc=0x0000022b9e5ee77e sp=0x000000ae65afe390 mode 0

Classes unloaded (7 events):
Event: 9.997 Thread 0x0000022bb4e9c670 Unloading class 0x0000000801611c00 'java/lang/invoke/LambdaForm$DMH+0x0000000801611c00'
Event: 9.997 Thread 0x0000022bb4e9c670 Unloading class 0x0000000801611400 'java/lang/invoke/LambdaForm$DMH+0x0000000801611400'
Event: 9.997 Thread 0x0000022bb4e9c670 Unloading class 0x0000000801611800 'java/lang/invoke/LambdaForm$DMH+0x0000000801611800'
Event: 9.997 Thread 0x0000022bb4e9c670 Unloading class 0x0000000801611000 'java/lang/invoke/LambdaForm$DMH+0x0000000801611000'
Event: 9.997 Thread 0x0000022bb4e9c670 Unloading class 0x0000000801610000 'java/lang/invoke/LambdaForm$DMH+0x0000000801610000'
Event: 9.997 Thread 0x0000022bb4e9c670 Unloading class 0x0000000801610800 'java/lang/invoke/LambdaForm$DMH+0x0000000801610800'
Event: 9.997 Thread 0x0000022bb4e9c670 Unloading class 0x0000000801610c00 'java/lang/invoke/LambdaForm$DMH+0x0000000801610c00'

Classes redefined (0 events):
No events

Internal exceptions (20 events):
Event: 10.447 Thread 0x0000022bb711c8b0 Exception <a 'java/lang/NoSuchMethodError'{0x0000000087d8ce00}: static [Lcom/android/ide/common/resources/configuration/ResourceQualifier;.<clinit>()V> (0x0000000087d8ce00) 
thrown [t:\workspace\open\src\hotspot\share\prims\jni.cpp, line 1210]
Event: 10.449 Thread 0x0000022bb711c8b0 Exception <a 'java/lang/NoSuchMethodError'{0x0000000087dd4230}: static Lcom/android/ide/common/resources/configuration/EnumBasedResourceQualifier;.<clinit>()V> (0x0000000087dd4230) 
thrown [t:\workspace\open\src\hotspot\share\prims\jni.cpp, line 1210]
Event: 10.449 Thread 0x0000022bb711c8b0 Exception <a 'java/lang/NoSuchMethodError'{0x0000000087dd8188}: static Lcom/android/ide/common/resources/configuration/EnumBasedResourceQualifier;.<clinit>()V> (0x0000000087dd8188) 
thrown [t:\workspace\open\src\hotspot\share\prims\jni.cpp, line 1210]
Event: 10.450 Thread 0x0000022bb711c8b0 Exception <a 'java/lang/NoSuchMethodError'{0x0000000087ddb8f8}: static Lcom/android/ide/common/resources/configuration/ResourceQualifier;.<clinit>()V> (0x0000000087ddb8f8) 
thrown [t:\workspace\open\src\hotspot\share\prims\jni.cpp, line 1210]
Event: 10.450 Thread 0x0000022bb711c8b0 Exception <a 'java/lang/NoSuchMethodError'{0x0000000087dfcaa8}: static Lcom/android/ide/common/resources/configuration/EnumBasedResourceQualifier;.<clinit>()V> (0x0000000087dfcaa8) 
thrown [t:\workspace\open\src\hotspot\share\prims\jni.cpp, line 1210]
Event: 10.451 Thread 0x0000022bb711c8b0 Exception <a 'java/lang/NoSuchMethodError'{0x0000000087c1cf50}: static Lcom/android/ide/common/resources/configuration/EnumBasedResourceQualifier;.<clinit>()V> (0x0000000087c1cf50) 
thrown [t:\workspace\open\src\hotspot\share\prims\jni.cpp, line 1210]
Event: 10.453 Thread 0x0000022bb711c8b0 Exception <a 'java/lang/NoSuchMethodError'{0x0000000087c488b8}: static Lcom/android/build/gradle/tasks/MergeResources$MergeResourcesVectorDrawableRenderer;.<clinit>()V> (0x0000000087c488b8) 
thrown [t:\workspace\open\src\hotspot\share\prims\jni.cpp, line 1210]
Event: 10.453 Thread 0x0000022bb711c8b0 Exception <a 'java/lang/NoSuchMethodError'{0x0000000087c4bba8}: static Ljava/lang/Object;.<clinit>()V> (0x0000000087c4bba8) 
thrown [t:\workspace\open\src\hotspot\share\prims\jni.cpp, line 1210]
Event: 10.454 Thread 0x0000022bb711c8b0 Exception <a 'java/lang/NoSuchMethodError'{0x0000000087c61970}: static Lcom/android/build/gradle/internal/LoggerWrapper$LoggerSupplier;.<clinit>()V> (0x0000000087c61970) 
thrown [t:\workspace\open\src\hotspot\share\prims\jni.cpp, line 1210]
Event: 10.485 Thread 0x0000022bb711c8b0 Exception <a 'java/lang/NoSuchMethodError'{0x0000000087a775d8}: static Lcom/android/ide/common/resources/configuration/ResourceQualifier;.<clinit>()V> (0x0000000087a775d8) 
thrown [t:\workspace\open\src\hotspot\share\prims\jni.cpp, line 1210]
Event: 10.547 Thread 0x0000022bbbfba570 Exception <a 'java/lang/ClassNotFoundException'{0x0000000088eae250}: sun/awt/resources/spi/awtProvider> (0x0000000088eae250) 
thrown [t:\workspace\open\src\hotspot\share\classfile\systemDictionary.cpp, line 256]
Event: 10.551 Thread 0x0000022bbbfba570 Exception <a 'java/io/FileNotFoundException'{0x0000000088d0a458}> (0x0000000088d0a458) 
thrown [t:\workspace\open\src\hotspot\share\prims\jni.cpp, line 579]
Event: 10.556 Thread 0x0000022bbbfba570 Exception <a 'java/io/FileNotFoundException'{0x0000000088d0be78}> (0x0000000088d0be78) 
thrown [t:\workspace\open\src\hotspot\share\prims\jni.cpp, line 579]
Event: 11.563 Thread 0x0000022bb711c8b0 Implicit null exception at 0x0000022ba668b028 to 0x0000022ba668ff50
Event: 11.609 Thread 0x0000022bb711c8b0 Exception <a 'java/lang/NoSuchMethodError'{0x000000008b88c628}: static Lcom/android/ide/common/resources/CompileResourceRequest;.<clinit>()V> (0x000000008b88c628) 
thrown [t:\workspace\open\src\hotspot\share\prims\jni.cpp, line 1210]
Event: 11.610 Thread 0x0000022bb711c8b0 Exception <a 'java/lang/NoSuchMethodError'{0x000000008b8a8238}: static Ljava/lang/Object;.<clinit>()V> (0x000000008b8a8238) 
thrown [t:\workspace\open\src\hotspot\share\prims\jni.cpp, line 1210]
Event: 11.611 Thread 0x0000022bb711c8b0 Exception <a 'java/lang/NoSuchMethodError'{0x000000008b8becf8}: static Ljava/lang/Object;.<clinit>()V> (0x000000008b8becf8) 
thrown [t:\workspace\open\src\hotspot\share\prims\jni.cpp, line 1210]
Event: 11.613 Thread 0x0000022bb711c8b0 Exception <a 'java/lang/NoSuchMethodError'{0x000000008b8d52f0}: static Ljava/lang/Object;.<clinit>()V> (0x000000008b8d52f0) 
thrown [t:\workspace\open\src\hotspot\share\prims\jni.cpp, line 1210]
Event: 11.637 Thread 0x0000022bb711c8b0 Exception <a 'java/lang/NoSuchMethodError'{0x000000008b6810c0}: static Lkotlin/InitializedLazyImpl;.<clinit>()V> (0x000000008b6810c0) 
thrown [t:\workspace\open\src\hotspot\share\prims\jni.cpp, line 1210]
Event: 11.658 Thread 0x0000022bb711c8b0 Exception <a 'java/lang/NoSuchMethodError'{0x000000008cef76b0}: static [Ljava/lang/Object;.<clinit>()V> (0x000000008cef76b0) 
thrown [t:\workspace\open\src\hotspot\share\prims\jni.cpp, line 1210]

Events (20 events):
Event: 11.781 loading class javax/xml/stream/events/StartElement done
Event: 11.781 loading class javax/xml/stream/XMLStreamWriter
Event: 11.781 loading class javax/xml/stream/XMLStreamWriter done
Event: 11.782 loading class javax/xml/stream/events/Attribute
Event: 11.782 loading class javax/xml/stream/events/Attribute done
Event: 11.782 loading class javax/xml/stream/events/Characters
Event: 11.782 loading class javax/xml/stream/events/Characters done
Event: 11.795 loading class java/lang/StringUTF16$CodePointsSpliterator
Event: 11.795 loading class java/util/Spliterators$2Adapter
Event: 11.795 loading class java/util/PrimitiveIterator$OfInt
Event: 11.795 loading class java/util/PrimitiveIterator
Event: 11.795 loading class java/lang/StringUTF16$CodePointsSpliterator done
Event: 11.795 loading class java/util/PrimitiveIterator done
Event: 11.795 loading class java/util/PrimitiveIterator$OfInt done
Event: 11.795 loading class java/util/Spliterators$2Adapter done
Event: 11.796 loading class javax/xml/stream/events/EndElement
Event: 11.796 loading class javax/xml/stream/events/EndElement done
Event: 11.827 loading class javax/xml/stream/events/Namespace
Event: 11.827 loading class javax/xml/stream/events/Namespace done
Event: 11.904 Executing  VM operation: G1CollectForAllocation


Dynamic libraries:
0x00007ff6acd30000 - 0x00007ff6acd40000 	C:\Program Files\Java\jdk-16.0.2\bin\java.exe
0x00007ff919b30000 - 0x00007ff919d28000 	C:\WINDOWS\SYSTEM32\ntdll.dll
0x00007ff917df0000 - 0x00007ff917ead000 	C:\WINDOWS\System32\KERNEL32.DLL
0x00007ff9175a0000 - 0x00007ff91786e000 	C:\WINDOWS\System32\KERNELBASE.dll
0x00007ff917a60000 - 0x00007ff917b60000 	C:\WINDOWS\System32\ucrtbase.dll
0x00007ff90b270000 - 0x00007ff90b288000 	C:\Program Files\Java\jdk-16.0.2\bin\jli.dll
0x00007ff9111a0000 - 0x00007ff9111b9000 	C:\Program Files\Java\jdk-16.0.2\bin\VCRUNTIME140.dll
0x00007ff9183c0000 - 0x00007ff91846e000 	C:\WINDOWS\System32\ADVAPI32.dll
0x00007ff919a40000 - 0x00007ff919ade000 	C:\WINDOWS\System32\msvcrt.dll
0x00007ff9195d0000 - 0x00007ff91966c000 	C:\WINDOWS\System32\sechost.dll
0x00007ff917b90000 - 0x00007ff917cb5000 	C:\WINDOWS\System32\RPCRT4.dll
0x00007ff918dd0000 - 0x00007ff918f70000 	C:\WINDOWS\System32\USER32.dll
0x00007ff901050000 - 0x00007ff9012ea000 	C:\WINDOWS\WinSxS\amd64_microsoft.windows.common-controls_6595b64144ccf1df_6.0.19041.1110_none_60b5254171f9507e\COMCTL32.dll
0x00007ff917460000 - 0x00007ff917482000 	C:\WINDOWS\System32\win32u.dll
0x00007ff918470000 - 0x00007ff91849a000 	C:\WINDOWS\System32\GDI32.dll
0x00007ff917490000 - 0x00007ff91759b000 	C:\WINDOWS\System32\gdi32full.dll
0x00007ff917250000 - 0x00007ff9172ed000 	C:\WINDOWS\System32\msvcp_win.dll
0x00007ff9112c0000 - 0x00007ff9112ca000 	C:\WINDOWS\SYSTEM32\VERSION.dll
0x00007ff919670000 - 0x00007ff9196a0000 	C:\WINDOWS\System32\IMM32.DLL
0x00007ff911190000 - 0x00007ff91119c000 	C:\Program Files\Java\jdk-16.0.2\bin\vcruntime140_1.dll
0x00007ff8f7380000 - 0x00007ff8f7411000 	C:\Program Files\Java\jdk-16.0.2\bin\msvcp140.dll
0x00007ff8ae800000 - 0x00007ff8af3ab000 	C:\Program Files\Java\jdk-16.0.2\bin\server\jvm.dll
0x00007ff919880000 - 0x00007ff919888000 	C:\WINDOWS\System32\PSAPI.DLL
0x00007ff912680000 - 0x00007ff912689000 	C:\WINDOWS\SYSTEM32\WSOCK32.dll
0x00007ff9150d0000 - 0x00007ff9150f7000 	C:\WINDOWS\SYSTEM32\WINMM.dll
0x00007ff9199d0000 - 0x00007ff919a3b000 	C:\WINDOWS\System32\WS2_32.dll
0x00007ff915b10000 - 0x00007ff915b22000 	C:\WINDOWS\SYSTEM32\kernel.appcore.dll
0x00007ff90b250000 - 0x00007ff90b25a000 	C:\Program Files\Java\jdk-16.0.2\bin\jimage.dll
0x00007ff914ee0000 - 0x00007ff9150c4000 	C:\WINDOWS\SYSTEM32\DBGHELP.DLL
0x00007ff914d60000 - 0x00007ff914d8c000 	C:\WINDOWS\SYSTEM32\dbgcore.DLL
0x00007ff917870000 - 0x00007ff9178f2000 	C:\WINDOWS\System32\bcryptPrimitives.dll
0x00007ff909ca0000 - 0x00007ff909cc5000 	C:\Program Files\Java\jdk-16.0.2\bin\java.dll
0x00007ff9184a0000 - 0x00007ff918be4000 	C:\WINDOWS\System32\SHELL32.dll
0x00007ff915330000 - 0x00007ff915ac4000 	C:\WINDOWS\SYSTEM32\windows.storage.dll
0x00007ff918060000 - 0x00007ff9183b4000 	C:\WINDOWS\System32\combase.dll
0x00007ff916cb0000 - 0x00007ff916ce0000 	C:\WINDOWS\SYSTEM32\Wldp.dll
0x00007ff9197d0000 - 0x00007ff91987d000 	C:\WINDOWS\System32\SHCORE.dll
0x00007ff9196c0000 - 0x00007ff919715000 	C:\WINDOWS\System32\shlwapi.dll
0x00007ff917190000 - 0x00007ff9171af000 	C:\WINDOWS\SYSTEM32\profapi.dll
0x00007ff909c80000 - 0x00007ff909c99000 	C:\Program Files\Java\jdk-16.0.2\bin\net.dll
0x00007ff901ce0000 - 0x00007ff901dea000 	C:\WINDOWS\SYSTEM32\WINHTTP.dll
0x00007ff916a10000 - 0x00007ff916a7a000 	C:\WINDOWS\system32\mswsock.dll
0x00007ff909c60000 - 0x00007ff909c73000 	C:\Program Files\Java\jdk-16.0.2\bin\nio.dll
0x00007ff909c40000 - 0x00007ff909c58000 	C:\Program Files\Java\jdk-16.0.2\bin\zip.dll
0x00007ff8ffaa0000 - 0x00007ff8ffab0000 	C:\Program Files\Java\jdk-16.0.2\bin\verify.dll
0x00007ff912740000 - 0x00007ff912767000 	C:\Users\ITECH\.gradle\native\e1d6ef7f7dcc3fd88c89a11ec53ec762bb8ba0a96d01ffa2cd45eb1d1d8dd5c5\windows-amd64\native-platform.dll
0x00007ff8f1d00000 - 0x00007ff8f1e44000 	C:\Users\ITECH\.gradle\native\5664cfc778a61ccfe75a443a1ab52a65af34e5dc3c78e0209fed803814484fcb\windows-amd64\native-platform-file-events.dll
0x00007ff8ffa90000 - 0x00007ff8ffa99000 	C:\Program Files\Java\jdk-16.0.2\bin\management.dll
0x00007ff8ffa80000 - 0x00007ff8ffa8b000 	C:\Program Files\Java\jdk-16.0.2\bin\management_ext.dll
0x00007ff916c00000 - 0x00007ff916c18000 	C:\WINDOWS\SYSTEM32\CRYPTSP.dll
0x00007ff916320000 - 0x00007ff916354000 	C:\WINDOWS\system32\rsaenh.dll
0x00007ff917b60000 - 0x00007ff917b87000 	C:\WINDOWS\System32\bcrypt.dll
0x00007ff917110000 - 0x00007ff91713e000 	C:\WINDOWS\SYSTEM32\USERENV.dll
0x00007ff916c20000 - 0x00007ff916c2c000 	C:\WINDOWS\SYSTEM32\CRYPTBASE.dll
0x00007ff9166b0000 - 0x00007ff9166eb000 	C:\WINDOWS\SYSTEM32\IPHLPAPI.DLL
0x00007ff919ae0000 - 0x00007ff919ae8000 	C:\WINDOWS\System32\NSI.dll
0x00007ff904f10000 - 0x00007ff904f27000 	C:\WINDOWS\SYSTEM32\dhcpcsvc6.DLL
0x00007ff90b5d0000 - 0x00007ff90b5ed000 	C:\WINDOWS\SYSTEM32\dhcpcsvc.DLL
0x00007ff916700000 - 0x00007ff9167ca000 	C:\WINDOWS\SYSTEM32\DNSAPI.dll
0x00007ff8ffa70000 - 0x00007ff8ffa7e000 	C:\Program Files\Java\jdk-16.0.2\bin\sunmscapi.dll
0x00007ff917900000 - 0x00007ff917a56000 	C:\WINDOWS\System32\CRYPT32.dll
0x00007ff916d20000 - 0x00007ff916d47000 	C:\WINDOWS\SYSTEM32\ncrypt.dll
0x00007ff916ce0000 - 0x00007ff916d1b000 	C:\WINDOWS\SYSTEM32\NTASN1.dll
0x00007ff8c98d0000 - 0x00007ff8c98d7000 	C:\WINDOWS\system32\wshunix.dll
0x00007ff8ee000000 - 0x00007ff8ee180000 	C:\Program Files\Java\jdk-16.0.2\bin\awt.dll
0x00007ff918c80000 - 0x00007ff918d4d000 	C:\WINDOWS\System32\OLEAUT32.dll
0x00007ff914240000 - 0x00007ff9142d0000 	C:\WINDOWS\SYSTEM32\apphelp.dll
0x00007ff914920000 - 0x00007ff91494f000 	C:\WINDOWS\system32\DWMAPI.DLL
0x00007ff914640000 - 0x00007ff9146de000 	C:\WINDOWS\system32\uxtheme.dll

dbghelp: loaded successfully - version: 4.0.5 - missing functions: none
symbol engine: initialized successfully - sym options: 0x614 - pdb path: .;C:\Program Files\Java\jdk-16.0.2\bin;C:\WINDOWS\SYSTEM32;C:\WINDOWS\WinSxS\amd64_microsoft.windows.common-controls_6595b64144ccf1df_6.0.19041.1110_none_60b5254171f9507e;C:\Program Files\Java\jdk-16.0.2\bin\server;C:\Users\ITECH\.gradle\native\e1d6ef7f7dcc3fd88c89a11ec53ec762bb8ba0a96d01ffa2cd45eb1d1d8dd5c5\windows-amd64;C:\Users\ITECH\.gradle\native\5664cfc778a61ccfe75a443a1ab52a65af34e5dc3c78e0209fed803814484fcb\windows-amd64

VM Arguments:
jvm_args: --add-opens=java.base/java.util=ALL-UNNAMED --add-opens=java.base/java.lang=ALL-UNNAMED --add-opens=java.base/java.lang.invoke=ALL-UNNAMED --add-opens=java.base/java.util=ALL-UNNAMED --add-opens=java.prefs/java.util.prefs=ALL-UNNAMED --add-opens=java.prefs/java.util.prefs=ALL-UNNAMED --add-opens=java.base/java.nio.charset=ALL-UNNAMED --add-opens=java.base/java.net=ALL-UNNAMED --add-opens=java.base/java.util.concurrent.atomic=ALL-UNNAMED -Xmx2048m -Dfile.encoding=UTF-8 -Duser.country=US -Duser.language=en -Duser.variant 
java_command: org.gradle.launcher.daemon.bootstrap.GradleDaemon 7.3.3
java_class_path (initial): C:\Users\ITECH\.gradle\wrapper\dists\gradle-7.3.3-bin\6a41zxkdtcxs8rphpq6y0069z\gradle-7.3.3\lib\gradle-launcher-7.3.3.jar
Launcher Type: SUN_STANDARD

[Global flags]
     intx CICompilerCount                          = 4                                         {product} {ergonomic}
     uint ConcGCThreads                            = 2                                         {product} {ergonomic}
     uint G1ConcRefinementThreads                  = 8                                         {product} {ergonomic}
   size_t G1HeapRegionSize                         = 1048576                                   {product} {ergonomic}
    uintx GCDrainStackTargetSize                   = 64                                        {product} {ergonomic}
   size_t InitialHeapSize                          = 132120576                                 {product} {ergonomic}
   size_t MarkStackSize                            = 4194304                                   {product} {ergonomic}
   size_t MaxHeapSize                              = 2147483648                                {product} {command line}
   size_t MaxNewSize                               = 1287651328                                {product} {ergonomic}
   size_t MinHeapDeltaBytes                        = 1048576                                   {product} {ergonomic}
   size_t MinHeapSize                              = 8388608                                   {product} {ergonomic}
    uintx NonNMethodCodeHeapSize                   = 5839372                                {pd product} {ergonomic}
    uintx NonProfiledCodeHeapSize                  = 122909434                              {pd product} {ergonomic}
    uintx ProfiledCodeHeapSize                     = 122909434                              {pd product} {ergonomic}
    uintx ReservedCodeCacheSize                    = 251658240                              {pd product} {ergonomic}
     bool SegmentedCodeCache                       = true                                      {product} {ergonomic}
   size_t SoftMaxHeapSize                          = 2147483648                             {manageable} {ergonomic}
     bool UseCompressedClassPointers               = true                           {product lp64_product} {ergonomic}
     bool UseCompressedOops                        = true                           {product lp64_product} {ergonomic}
     bool UseG1GC                                  = true                                      {product} {ergonomic}
     bool UseLargePagesIndividualAllocation        = false                                  {pd product} {ergonomic}

Logging:
Log output configuration:
 #0: stdout all=warning uptime,level,tags
 #1: stderr all=off uptime,level,tags

Environment Variables:
JAVA_HOME=C:\Program Files\Java\jdk-16.0.2
PATH=C:\Program Files\Python37\Scripts\;C:\Program Files\Python37\;C:\ProgramData\Oracle\Java\javapath;C:\app\ITECH\product\11.2.0\dbhome_1\bin;C:\Program Files\Common Files\Oracle\Java\javapath;C:\Program Files (x86)\Common Files\Oracle\Java\javapath;C:\WINDOWS\system32;C:\WINDOWS;C:\WINDOWS\System32\Wbem;C:\WINDOWS\System32\WindowsPowerShell\v1.0\;C:\WINDOWS\System32\OpenSSH\;C:\Program Files\Microsoft SQL Server\130\Tools\Binn\;C:\Program Files\Microsoft SQL Server\Client SDK\ODBC\170\Tools\Binn\;C:\Program Files\dotnet\;C:\Program Files\nodejs\;C:\Program Files\Java\jdk-16.0.2\bin;C:\Program Files\Git\cmd;C:\Program Files\Java\jdk-16.0.2\bin;
USERNAME=ITECH
OS=Windows_NT
PROCESSOR_IDENTIFIER=Intel64 Family 6 Model 126 Stepping 5, GenuineIntel



---------------  S Y S T E M  ---------------

OS:
 Windows 10 , 64 bit Build 19041 (10.0.19041.1889)
OS uptime: 0 days 0:53 hours

CPU: total 8 (initial active 8) (4 cores per cpu, 2 threads per core) family 6 model 126 stepping 5 microcode 0xb0, cx8, cmov, fxsr, ht, mmx, 3dnowpref, sse, sse2, sse3, ssse3, sse4.1, sse4.2, popcnt, lzcnt, tsc, tscinvbit, avx, avx2, aes, erms, clmul, bmi1, bmi2, adx, avx512f, avx512dq, avx512cd, avx512bw, avx512vl, sha, fma, vzeroupper, avx512_vpopcntdq, avx512_vpclmulqdq, avx512_vaes, avx512_vnni, clflush, clflushopt, avx512_vmbi2, avx512_vmbi

Memory: 4k page, system-wide physical 7959M (947M free)
TotalPageFile size 7959M (AvailPageFile size 33M)
current process WorkingSet (physical memory assigned to process): 461M, peak: 461M
current process commit charge ("private bytes"): 513M, peak: 554M

vm_info: Java HotSpot(TM) 64-Bit Server VM (16.0.2+7-67) for windows-amd64 JRE (16.0.2+7-67), built on Jun  8 2021 23:24:19 by "mach5one" with MS VC++ 16.7 (VS2019)

END.
