#
# There is insufficient memory for the Java Runtime Environment to continue.
# Native memory allocation (mmap) failed to map 164626432 bytes for G1 virtual space
# Possible reasons:
#   The system is out of physical RAM or swap space
#   The process is running with CompressedOops enabled, and the Java Heap may be blocking the growth of the native heap
# Possible solutions:
#   Reduce memory load on the system
#   Increase physical memory or swap space
#   Check if swap backing store is full
#   Decrease Java heap size (-Xmx/-Xms)
#   Decrease number of Java threads
#   Decrease Java thread stack sizes (-Xss)
#   Set larger code cache with -XX:ReservedCodeCacheSize=
#   JVM is running with Unscaled Compressed Oops mode in which the Java heap is
#     placed in the first 4GB address space. The Java Heap base address is the
#     maximum limit for the native heap growth. Please use -XX:HeapBaseMinAddress
#     to set the Java Heap base and to place the Java Heap above 4GB virtual address.
# This output file may be truncated or incomplete.
#
#  Out of Memory Error (os_windows.cpp:3466), pid=8924, tid=3952
#
# JRE version: Java(TM) SE Runtime Environment (16.0.2+7) (build 16.0.2+7-67)
# Java VM: Java HotSpot(TM) 64-Bit Server VM (16.0.2+7-67, mixed mode, sharing, tiered, compressed oops, compressed class ptrs, g1 gc, windows-amd64)
# No core dump will be written. Minidumps are not enabled by default on client versions of Windows
#

---------------  S U M M A R Y ------------

Command Line: --add-opens=java.base/java.util=ALL-UNNAMED --add-opens=java.base/java.lang=ALL-UNNAMED --add-opens=java.base/java.lang.invoke=ALL-UNNAMED --add-opens=java.base/java.util=ALL-UNNAMED --add-opens=java.prefs/java.util.prefs=ALL-UNNAMED --add-opens=java.prefs/java.util.prefs=ALL-UNNAMED --add-opens=java.base/java.nio.charset=ALL-UNNAMED --add-opens=java.base/java.net=ALL-UNNAMED --add-opens=java.base/java.util.concurrent.atomic=ALL-UNNAMED -Xmx2048m -Dfile.encoding=UTF-8 -Duser.country=US -Duser.language=en -Duser.variant org.gradle.launcher.daemon.bootstrap.GradleDaemon 7.3.3

Host: Intel(R) Core(TM) i7-1065G7 CPU @ 1.30GHz, 8 cores, 7G,  Windows 10 , 64 bit Build 19041 (10.0.19041.1889)
Time: Sun Aug 21 23:04:55 2022 Egypt Standard Time elapsed time: 12.812375 seconds (0d 0h 0m 12s)

---------------  T H R E A D  ---------------

Current thread (0x0000015be283c5d0):  VMThread "VM Thread" [stack: 0x00000021b6e00000,0x00000021b6f00000] [id=3952]

Stack: [0x00000021b6e00000,0x00000021b6f00000]
Native frames: (J=compiled Java code, j=interpreted, Vv=VM code, C=native code)
V  [jvm.dll+0x6681ca]
V  [jvm.dll+0x7c9e69]
V  [jvm.dll+0x7cb61e]
V  [jvm.dll+0x7cbc73]
V  [jvm.dll+0x242c55]
V  [jvm.dll+0x664f89]
V  [jvm.dll+0x659b75]
V  [jvm.dll+0x2fbfbb]
V  [jvm.dll+0x3031b6]
V  [jvm.dll+0x35299e]
V  [jvm.dll+0x352bcf]
V  [jvm.dll+0x2d3028]
V  [jvm.dll+0x2d0bb5]
V  [jvm.dll+0x2d01ec]
V  [jvm.dll+0x3152d2]
V  [jvm.dll+0x7d00ab]
V  [jvm.dll+0x7d0da4]
V  [jvm.dll+0x7d12a9]
V  [jvm.dll+0x7d1564]
V  [jvm.dll+0x7d1630]
V  [jvm.dll+0x7795aa]
V  [jvm.dll+0x667066]
C  [ucrtbase.dll+0x21bb2]
C  [KERNEL32.DLL+0x17034]
C  [ntdll.dll+0x52651]

VM_Operation (0x00000021bd9fd000): G1CollectForAllocation, mode: safepoint, requested by thread 0x0000015be863d030


---------------  P R O C E S S  ---------------

Threads class SMR info:
_java_thread_list=0x0000015be40a5d30, length=141, elements={
0x0000015bc47bd2f0, 0x0000015be283ffd0, 0x0000015be2840ae0, 0x0000015be284e910,
0x0000015be2853340, 0x0000015be2855c60, 0x0000015be2856570, 0x0000015be285a760,
0x0000015be2864580, 0x0000015be2870ee0, 0x0000015be34ac380, 0x0000015be34b18c0,
0x0000015be34f30f0, 0x0000015be4c02500, 0x0000015be43ab560, 0x0000015be44b8930,
0x0000015be3ff2b50, 0x0000015be4f16310, 0x0000015be43b8c10, 0x0000015be4df13b0,
0x0000015be5e195b0, 0x0000015be4029f60, 0x0000015be402aa00, 0x0000015be402a4b0,
0x0000015be40294c0, 0x0000015be4027a30, 0x0000015be4028a20, 0x0000015be40284d0,
0x0000015be4028f70, 0x0000015be8cc91b0, 0x0000015be8cc9700, 0x0000015be8cc9c50,
0x0000015be8cc3210, 0x0000015be8cc4750, 0x0000015be8cc6730, 0x0000015be8cc6c80,
0x0000015be8cc4ca0, 0x0000015be8cc7c70, 0x0000015be8cc71d0, 0x0000015be8cc7720,
0x0000015be8cc8710, 0x0000015be8cc51f0, 0x0000015be8cc2cc0, 0x0000015be8cc3cb0,
0x0000015be8cc4200, 0x0000015be65704f0, 0x0000015be65754a0, 0x0000015be65724d0,
0x0000015be6574a00, 0x0000015be6570a40, 0x0000015be656ffa0, 0x0000015be6574f50,
0x0000015be6570f90, 0x0000015be65759f0, 0x0000015be6572a20, 0x0000015be65714e0,
0x0000015be656efb0, 0x0000015be65744b0, 0x0000015be6571a30, 0x0000015be6571f80,
0x0000015be6572f70, 0x0000015be65734c0, 0x0000015be6573f60, 0x0000015be6573a10,
0x0000015be6575f40, 0x0000015be6576490, 0x0000015be65769e0, 0x0000015be656f500,
0x0000015be656fa50, 0x0000015be883edf0, 0x0000015be883b8d0, 0x0000015be883be20,
0x0000015be883d8b0, 0x0000015be883de00, 0x0000015be883e350, 0x0000015be883ce10,
0x0000015be883c370, 0x0000015be883d360, 0x0000015be883c8c0, 0x0000015be883e8a0,
0x0000015be50f95a0, 0x0000015be50f8060, 0x0000015be50f7070, 0x0000015be50f9af0,
0x0000015be50f85b0, 0x0000015be50f75c0, 0x0000015be50fa590, 0x0000015be50fa040,
0x0000015be50f7b10, 0x0000015be50f8b00, 0x0000015be50f9050, 0x0000015be863a5b0,
0x0000015be863eac0, 0x0000015be863f010, 0x0000015be863a060, 0x0000015be863ab00,
0x0000015be8639070, 0x0000015be863f560, 0x0000015be863d030, 0x0000015be863c590,
0x0000015be863b050, 0x0000015be863baf0, 0x0000015be86395c0, 0x0000015be863b5a0,
0x0000015be863fab0, 0x0000015be8640000, 0x0000015be8639b10, 0x0000015be8640550,
0x0000015be863c040, 0x0000015be8640aa0, 0x0000015be863cae0, 0x0000015be863d580,
0x0000015be863dad0, 0x0000015be863e020, 0x0000015be863e570, 0x0000015be9c61ec0,
0x0000015be9c698f0, 0x0000015be9c63ea0, 0x0000015be9c62410, 0x0000015be9c673c0,
0x0000015be9c67910, 0x0000015be9c66920, 0x0000015be9c64940, 0x0000015be9c683b0,
0x0000015be9c62960, 0x0000015be9c653e0, 0x0000015be9c66e70, 0x0000015be9c693a0,
0x0000015be9c62eb0, 0x0000015be9c65930, 0x0000015be9c67e60, 0x0000015be9c68900,
0x0000015be9c68e50, 0x0000015be9c63400, 0x0000015be9c63950, 0x0000015be9c643f0,
0x0000015be402af50, 0x0000015be5c33c30, 0x0000015be5c35170, 0x0000015be5c3abc0,
0x0000015be5c34c20
}

Java Threads: ( => current thread )
  0x0000015bc47bd2f0 JavaThread "main" [_thread_blocked, id=10264, stack(0x00000021b6800000,0x00000021b6900000)]
  0x0000015be283ffd0 JavaThread "Reference Handler" daemon [_thread_blocked, id=276, stack(0x00000021b6f00000,0x00000021b7000000)]
  0x0000015be2840ae0 JavaThread "Finalizer" daemon [_thread_blocked, id=1816, stack(0x00000021b7000000,0x00000021b7100000)]
  0x0000015be284e910 JavaThread "Signal Dispatcher" daemon [_thread_blocked, id=4496, stack(0x00000021b7100000,0x00000021b7200000)]
  0x0000015be2853340 JavaThread "Attach Listener" daemon [_thread_blocked, id=2532, stack(0x00000021b7200000,0x00000021b7300000)]
  0x0000015be2855c60 JavaThread "Service Thread" daemon [_thread_blocked, id=1600, stack(0x00000021b7300000,0x00000021b7400000)]
  0x0000015be2856570 JavaThread "Monitor Deflation Thread" daemon [_thread_blocked, id=6748, stack(0x00000021b7400000,0x00000021b7500000)]
  0x0000015be285a760 JavaThread "C2 CompilerThread0" daemon [_thread_in_native, id=10388, stack(0x00000021b7500000,0x00000021b7600000)]
  0x0000015be2864580 JavaThread "C1 CompilerThread0" daemon [_thread_blocked, id=12328, stack(0x00000021b7600000,0x00000021b7700000)]
  0x0000015be2870ee0 JavaThread "Sweeper thread" daemon [_thread_blocked, id=1304, stack(0x00000021b7700000,0x00000021b7800000)]
  0x0000015be34ac380 JavaThread "Common-Cleaner" daemon [_thread_blocked, id=12564, stack(0x00000021b7800000,0x00000021b7900000)]
  0x0000015be34b18c0 JavaThread "Notification Thread" daemon [_thread_blocked, id=7268, stack(0x00000021b7900000,0x00000021b7a00000)]
  0x0000015be34f30f0 JavaThread "C2 CompilerThread1" daemon [_thread_blocked, id=10312, stack(0x00000021b7b00000,0x00000021b7c00000)]
  0x0000015be4c02500 JavaThread "C2 CompilerThread2" daemon [_thread_blocked, id=1572, stack(0x00000021b8000000,0x00000021b8100000)]
  0x0000015be43ab560 JavaThread "Daemon health stats" [_thread_blocked, id=8556, stack(0x00000021b8100000,0x00000021b8200000)]
  0x0000015be44b8930 JavaThread "Incoming local TCP Connector on port 61698" [_thread_in_native, id=7208, stack(0x00000021b8200000,0x00000021b8300000)]
  0x0000015be3ff2b50 JavaThread "Daemon periodic checks" [_thread_blocked, id=1216, stack(0x00000021b8300000,0x00000021b8400000)]
  0x0000015be4f16310 JavaThread "Daemon" [_thread_blocked, id=8076, stack(0x00000021b8400000,0x00000021b8500000)]
  0x0000015be43b8c10 JavaThread "Handler for socket connection from /127.0.0.1:61698 to /127.0.0.1:61699" [_thread_in_native, id=5420, stack(0x00000021b8500000,0x00000021b8600000)]
  0x0000015be4df13b0 JavaThread "Cancel handler" [_thread_blocked, id=4932, stack(0x00000021b8600000,0x00000021b8700000)]
  0x0000015be5e195b0 JavaThread "Daemon worker" [_thread_blocked, id=9284, stack(0x00000021b8700000,0x00000021b8800000)]
  0x0000015be4029f60 JavaThread "Asynchronous log dispatcher for DefaultDaemonConnection: socket connection from /127.0.0.1:61698 to /127.0.0.1:61699" [_thread_blocked, id=10912, stack(0x00000021b8800000,0x00000021b8900000)]
  0x0000015be402aa00 JavaThread "Stdin handler" [_thread_blocked, id=4208, stack(0x00000021b8900000,0x00000021b8a00000)]
  0x0000015be402a4b0 JavaThread "Daemon client event forwarder" [_thread_blocked, id=4412, stack(0x00000021b8a00000,0x00000021b8b00000)]
  0x0000015be40294c0 JavaThread "Cache worker for journal cache (C:\Users\ITECH\.gradle\caches\journal-1)" [_thread_blocked, id=12492, stack(0x00000021b8b00000,0x00000021b8c00000)]
  0x0000015be4027a30 JavaThread "File lock request listener" [_thread_in_native, id=4380, stack(0x00000021b8c00000,0x00000021b8d00000)]
  0x0000015be4028a20 JavaThread "Cache worker for file hash cache (C:\Users\ITECH\.gradle\caches\7.3.3\fileHashes)" [_thread_blocked, id=8956, stack(0x00000021b8d00000,0x00000021b8e00000)]
  0x0000015be40284d0 JavaThread "Cache worker for file hash cache (C:\Users\ITECH\AndroidStudioProjects\yummy\.gradle\7.3.3\fileHashes)" [_thread_blocked, id=9612, stack(0x00000021b8e00000,0x00000021b8f00000)]
  0x0000015be4028f70 JavaThread "File watcher server" daemon [_thread_blocked, id=9816, stack(0x00000021b9200000,0x00000021b9300000)]
  0x0000015be8cc91b0 JavaThread "File watcher consumer" daemon [_thread_blocked, id=2168, stack(0x00000021b9300000,0x00000021b9400000)]
  0x0000015be8cc9700 JavaThread "Cache worker for checksums cache (C:\Users\ITECH\AndroidStudioProjects\yummy\.gradle\7.3.3\checksums)" [_thread_blocked, id=10080, stack(0x00000021b9400000,0x00000021b9500000)]
  0x0000015be8cc9c50 JavaThread "Cache worker for cache directory md-supplier (C:\Users\ITECH\.gradle\caches\7.3.3\md-supplier)" [_thread_blocked, id=8888, stack(0x00000021b9500000,0x00000021b9600000)]
  0x0000015be8cc3210 JavaThread "Cache worker for cache directory md-rule (C:\Users\ITECH\.gradle\caches\7.3.3\md-rule)" [_thread_blocked, id=11604, stack(0x00000021b9600000,0x00000021b9700000)]
  0x0000015be8cc4750 JavaThread "Cache worker for execution history cache (C:\Users\ITECH\.gradle\caches\7.3.3\executionHistory)" [_thread_blocked, id=4920, stack(0x00000021b9800000,0x00000021b9900000)]
  0x0000015be8cc6730 JavaThread "jar transforms" [_thread_blocked, id=12076, stack(0x00000021b9900000,0x00000021b9a00000)]
  0x0000015be8cc6c80 JavaThread "Cache worker for file content cache (C:\Users\ITECH\.gradle\caches\7.3.3\fileContent)" [_thread_blocked, id=8324, stack(0x00000021b9a00000,0x00000021b9b00000)]
  0x0000015be8cc4ca0 JavaThread "jar transforms Thread 2" [_thread_blocked, id=11740, stack(0x00000021b9b00000,0x00000021b9c00000)]
  0x0000015be8cc7c70 JavaThread "Cache worker for dependencies-accessors (C:\Users\ITECH\AndroidStudioProjects\yummy\.gradle\7.3.3\dependencies-accessors)" [_thread_blocked, id=13100, stack(0x00000021b9c00000,0x00000021b9d00000)]
  0x0000015be8cc71d0 JavaThread "jar transforms Thread 3" [_thread_blocked, id=9324, stack(0x00000021b9d00000,0x00000021b9e00000)]
  0x0000015be8cc7720 JavaThread "Cache worker for Build Output Cleanup Cache (C:\Users\ITECH\AndroidStudioProjects\yummy\.gradle\buildOutputCleanup)" [_thread_blocked, id=8012, stack(0x00000021b9e00000,0x00000021b9f00000)]
  0x0000015be8cc8710 JavaThread "Unconstrained build operations" [_thread_blocked, id=4168, stack(0x00000021b9f00000,0x00000021ba000000)]
  0x0000015be8cc51f0 JavaThread "Unconstrained build operations Thread 2" [_thread_blocked, id=4780, stack(0x00000021ba000000,0x00000021ba100000)]
  0x0000015be8cc2cc0 JavaThread "Unconstrained build operations Thread 3" [_thread_blocked, id=7176, stack(0x00000021ba100000,0x00000021ba200000)]
  0x0000015be8cc3cb0 JavaThread "Unconstrained build operations Thread 4" [_thread_blocked, id=7040, stack(0x00000021ba200000,0x00000021ba300000)]
  0x0000015be8cc4200 JavaThread "Unconstrained build operations Thread 5" [_thread_blocked, id=7660, stack(0x00000021ba300000,0x00000021ba400000)]
  0x0000015be65704f0 JavaThread "Unconstrained build operations Thread 6" [_thread_blocked, id=8520, stack(0x00000021ba400000,0x00000021ba500000)]
  0x0000015be65754a0 JavaThread "Unconstrained build operations Thread 7" [_thread_blocked, id=1596, stack(0x00000021ba500000,0x00000021ba600000)]
  0x0000015be65724d0 JavaThread "Unconstrained build operations Thread 8" [_thread_blocked, id=11572, stack(0x00000021ba600000,0x00000021ba700000)]
  0x0000015be6574a00 JavaThread "Unconstrained build operations Thread 9" [_thread_blocked, id=10648, stack(0x00000021ba700000,0x00000021ba800000)]
  0x0000015be6570a40 JavaThread "Unconstrained build operations Thread 10" [_thread_blocked, id=10568, stack(0x00000021ba800000,0x00000021ba900000)]
  0x0000015be656ffa0 JavaThread "Unconstrained build operations Thread 11" [_thread_blocked, id=6352, stack(0x00000021ba900000,0x00000021baa00000)]
  0x0000015be6574f50 JavaThread "Unconstrained build operations Thread 12" [_thread_blocked, id=7320, stack(0x00000021baa00000,0x00000021bab00000)]
  0x0000015be6570f90 JavaThread "Unconstrained build operations Thread 13" [_thread_blocked, id=8348, stack(0x00000021bab00000,0x00000021bac00000)]
  0x0000015be65759f0 JavaThread "Unconstrained build operations Thread 14" [_thread_blocked, id=12612, stack(0x00000021bac00000,0x00000021bad00000)]
  0x0000015be6572a20 JavaThread "Unconstrained build operations Thread 15" [_thread_blocked, id=8952, stack(0x00000021bad00000,0x00000021bae00000)]
  0x0000015be65714e0 JavaThread "Unconstrained build operations Thread 16" [_thread_blocked, id=10232, stack(0x00000021bae00000,0x00000021baf00000)]
  0x0000015be656efb0 JavaThread "Unconstrained build operations Thread 17" [_thread_blocked, id=11228, stack(0x00000021baf00000,0x00000021bb000000)]
  0x0000015be65744b0 JavaThread "Unconstrained build operations Thread 18" [_thread_blocked, id=7372, stack(0x00000021bb000000,0x00000021bb100000)]
  0x0000015be6571a30 JavaThread "Unconstrained build operations Thread 19" [_thread_blocked, id=10356, stack(0x00000021bb100000,0x00000021bb200000)]
  0x0000015be6571f80 JavaThread "Unconstrained build operations Thread 20" [_thread_blocked, id=8120, stack(0x00000021bb200000,0x00000021bb300000)]
  0x0000015be6572f70 JavaThread "Unconstrained build operations Thread 21" [_thread_blocked, id=8128, stack(0x00000021bb300000,0x00000021bb400000)]
  0x0000015be65734c0 JavaThread "Unconstrained build operations Thread 22" [_thread_blocked, id=8756, stack(0x00000021bb400000,0x00000021bb500000)]
  0x0000015be6573f60 JavaThread "Unconstrained build operations Thread 23" [_thread_blocked, id=8136, stack(0x00000021bb500000,0x00000021bb600000)]
  0x0000015be6573a10 JavaThread "Unconstrained build operations Thread 24" [_thread_blocked, id=11628, stack(0x00000021bb600000,0x00000021bb700000)]
  0x0000015be6575f40 JavaThread "Unconstrained build operations Thread 25" [_thread_blocked, id=12672, stack(0x00000021bb700000,0x00000021bb800000)]
  0x0000015be6576490 JavaThread "Unconstrained build operations Thread 26" [_thread_blocked, id=11204, stack(0x00000021bb800000,0x00000021bb900000)]
  0x0000015be65769e0 JavaThread "Unconstrained build operations Thread 27" [_thread_blocked, id=12500, stack(0x00000021bb900000,0x00000021bba00000)]
  0x0000015be656f500 JavaThread "Unconstrained build operations Thread 28" [_thread_blocked, id=12352, stack(0x00000021bba00000,0x00000021bbb00000)]
  0x0000015be656fa50 JavaThread "Unconstrained build operations Thread 29" [_thread_blocked, id=12744, stack(0x00000021bbb00000,0x00000021bbc00000)]
  0x0000015be883edf0 JavaThread "Unconstrained build operations Thread 30" [_thread_blocked, id=7916, stack(0x00000021bbc00000,0x00000021bbd00000)]
  0x0000015be883b8d0 JavaThread "Unconstrained build operations Thread 31" [_thread_blocked, id=8448, stack(0x00000021bbd00000,0x00000021bbe00000)]
  0x0000015be883be20 JavaThread "Unconstrained build operations Thread 32" [_thread_blocked, id=8156, stack(0x00000021bbe00000,0x00000021bbf00000)]
  0x0000015be883d8b0 JavaThread "Unconstrained build operations Thread 33" [_thread_blocked, id=7828, stack(0x00000021bbf00000,0x00000021bc000000)]
  0x0000015be883de00 JavaThread "Unconstrained build operations Thread 34" [_thread_blocked, id=5804, stack(0x00000021bc000000,0x00000021bc100000)]
  0x0000015be883e350 JavaThread "Unconstrained build operations Thread 35" [_thread_blocked, id=5240, stack(0x00000021bc100000,0x00000021bc200000)]
  0x0000015be883ce10 JavaThread "Unconstrained build operations Thread 36" [_thread_blocked, id=4564, stack(0x00000021bc200000,0x00000021bc300000)]
  0x0000015be883c370 JavaThread "Unconstrained build operations Thread 37" [_thread_blocked, id=32, stack(0x00000021bc300000,0x00000021bc400000)]
  0x0000015be883d360 JavaThread "Unconstrained build operations Thread 38" [_thread_blocked, id=8340, stack(0x00000021bc400000,0x00000021bc500000)]
  0x0000015be883c8c0 JavaThread "Unconstrained build operations Thread 39" [_thread_blocked, id=8980, stack(0x00000021bc500000,0x00000021bc600000)]
  0x0000015be883e8a0 JavaThread "Unconstrained build operations Thread 40" [_thread_blocked, id=2720, stack(0x00000021bc600000,0x00000021bc700000)]
  0x0000015be50f95a0 JavaThread "Unconstrained build operations Thread 41" [_thread_blocked, id=2772, stack(0x00000021bc700000,0x00000021bc800000)]
  0x0000015be50f8060 JavaThread "Unconstrained build operations Thread 42" [_thread_blocked, id=7480, stack(0x00000021bc800000,0x00000021bc900000)]
  0x0000015be50f7070 JavaThread "Unconstrained build operations Thread 43" [_thread_blocked, id=8788, stack(0x00000021bc900000,0x00000021bca00000)]
  0x0000015be50f9af0 JavaThread "Unconstrained build operations Thread 44" [_thread_blocked, id=12176, stack(0x00000021bca00000,0x00000021bcb00000)]
  0x0000015be50f85b0 JavaThread "Unconstrained build operations Thread 45" [_thread_blocked, id=2476, stack(0x00000021bcb00000,0x00000021bcc00000)]
  0x0000015be50f75c0 JavaThread "Unconstrained build operations Thread 46" [_thread_blocked, id=8176, stack(0x00000021bcc00000,0x00000021bcd00000)]
  0x0000015be50fa590 JavaThread "Unconstrained build operations Thread 47" [_thread_blocked, id=1568, stack(0x00000021bcd00000,0x00000021bce00000)]
  0x0000015be50fa040 JavaThread "Unconstrained build operations Thread 48" [_thread_blocked, id=9840, stack(0x00000021bce00000,0x00000021bcf00000)]
  0x0000015be50f7b10 JavaThread "Unconstrained build operations Thread 49" [_thread_blocked, id=8276, stack(0x00000021bcf00000,0x00000021bd000000)]
  0x0000015be50f8b00 JavaThread "Unconstrained build operations Thread 50" [_thread_blocked, id=1636, stack(0x00000021bd000000,0x00000021bd100000)]
  0x0000015be50f9050 JavaThread "Unconstrained build operations Thread 51" [_thread_blocked, id=4880, stack(0x00000021bd100000,0x00000021bd200000)]
  0x0000015be863a5b0 JavaThread "Unconstrained build operations Thread 52" [_thread_blocked, id=3420, stack(0x00000021bd200000,0x00000021bd300000)]
  0x0000015be863eac0 JavaThread "Unconstrained build operations Thread 53" [_thread_blocked, id=9064, stack(0x00000021bd300000,0x00000021bd400000)]
  0x0000015be863f010 JavaThread "Unconstrained build operations Thread 54" [_thread_blocked, id=12596, stack(0x00000021bd400000,0x00000021bd500000)]
  0x0000015be863a060 JavaThread "Unconstrained build operations Thread 55" [_thread_blocked, id=12904, stack(0x00000021bd500000,0x00000021bd600000)]
  0x0000015be863ab00 JavaThread "Unconstrained build operations Thread 56" [_thread_blocked, id=11144, stack(0x00000021bd600000,0x00000021bd700000)]
  0x0000015be8639070 JavaThread "Unconstrained build operations Thread 57" [_thread_blocked, id=10628, stack(0x00000021bd700000,0x00000021bd800000)]
  0x0000015be863f560 JavaThread "Unconstrained build operations Thread 58" [_thread_blocked, id=8112, stack(0x00000021bd800000,0x00000021bd900000)]
  0x0000015be863d030 JavaThread "Unconstrained build operations Thread 59" [_thread_blocked, id=10952, stack(0x00000021bd900000,0x00000021bda00000)]
  0x0000015be863c590 JavaThread "Unconstrained build operations Thread 60" [_thread_blocked, id=12028, stack(0x00000021bda00000,0x00000021bdb00000)]
  0x0000015be863b050 JavaThread "Unconstrained build operations Thread 61" [_thread_blocked, id=7312, stack(0x00000021bdb00000,0x00000021bdc00000)]
  0x0000015be863baf0 JavaThread "Unconstrained build operations Thread 62" [_thread_blocked, id=760, stack(0x00000021bdc00000,0x00000021bdd00000)]
  0x0000015be86395c0 JavaThread "Unconstrained build operations Thread 63" [_thread_blocked, id=12592, stack(0x00000021bdd00000,0x00000021bde00000)]
  0x0000015be863b5a0 JavaThread "Unconstrained build operations Thread 64" [_thread_blocked, id=12256, stack(0x00000021bde00000,0x00000021bdf00000)]
  0x0000015be863fab0 JavaThread "Unconstrained build operations Thread 65" [_thread_blocked, id=12768, stack(0x00000021bdf00000,0x00000021be000000)]
  0x0000015be8640000 JavaThread "Unconstrained build operations Thread 66" [_thread_blocked, id=10516, stack(0x00000021be000000,0x00000021be100000)]
  0x0000015be8639b10 JavaThread "Unconstrained build operations Thread 67" [_thread_blocked, id=3184, stack(0x00000021be100000,0x00000021be200000)]
  0x0000015be8640550 JavaThread "Unconstrained build operations Thread 68" [_thread_blocked, id=8984, stack(0x00000021be200000,0x00000021be300000)]
  0x0000015be863c040 JavaThread "Unconstrained build operations Thread 69" [_thread_blocked, id=7784, stack(0x00000021be300000,0x00000021be400000)]
  0x0000015be8640aa0 JavaThread "Unconstrained build operations Thread 70" [_thread_blocked, id=9320, stack(0x00000021be400000,0x00000021be500000)]
  0x0000015be863cae0 JavaThread "Unconstrained build operations Thread 71" [_thread_blocked, id=3180, stack(0x00000021be500000,0x00000021be600000)]
  0x0000015be863d580 JavaThread "Unconstrained build operations Thread 72" [_thread_blocked, id=11196, stack(0x00000021be600000,0x00000021be700000)]
  0x0000015be863dad0 JavaThread "Unconstrained build operations Thread 73" [_thread_blocked, id=7244, stack(0x00000021be700000,0x00000021be800000)]
  0x0000015be863e020 JavaThread "Unconstrained build operations Thread 74" [_thread_blocked, id=1740, stack(0x00000021be800000,0x00000021be900000)]
  0x0000015be863e570 JavaThread "Unconstrained build operations Thread 75" [_thread_blocked, id=12332, stack(0x00000021be900000,0x00000021bea00000)]
  0x0000015be9c61ec0 JavaThread "Unconstrained build operations Thread 76" [_thread_blocked, id=10288, stack(0x00000021bea00000,0x00000021beb00000)]
  0x0000015be9c698f0 JavaThread "Unconstrained build operations Thread 77" [_thread_blocked, id=12620, stack(0x00000021beb00000,0x00000021bec00000)]
  0x0000015be9c63ea0 JavaThread "Unconstrained build operations Thread 78" [_thread_blocked, id=3796, stack(0x00000021bec00000,0x00000021bed00000)]
  0x0000015be9c62410 JavaThread "Unconstrained build operations Thread 79" [_thread_blocked, id=12800, stack(0x00000021bed00000,0x00000021bee00000)]
  0x0000015be9c673c0 JavaThread "Unconstrained build operations Thread 80" [_thread_blocked, id=10024, stack(0x00000021bee00000,0x00000021bef00000)]
  0x0000015be9c67910 JavaThread "jar transforms Thread 4" [_thread_blocked, id=11164, stack(0x00000021bef00000,0x00000021bf000000)]
  0x0000015be9c66920 JavaThread "jar transforms Thread 5" [_thread_blocked, id=3020, stack(0x00000021bf000000,0x00000021bf100000)]
  0x0000015be9c64940 JavaThread "jar transforms Thread 6" [_thread_blocked, id=10332, stack(0x00000021bf100000,0x00000021bf200000)]
  0x0000015be9c683b0 JavaThread "jar transforms Thread 7" [_thread_blocked, id=7988, stack(0x00000021bf200000,0x00000021bf300000)]
  0x0000015be9c62960 JavaThread "jar transforms Thread 8" [_thread_blocked, id=7300, stack(0x00000021bf300000,0x00000021bf400000)]
  0x0000015be9c653e0 JavaThread "Memory manager" [_thread_blocked, id=9004, stack(0x00000021bf400000,0x00000021bf500000)]
  0x0000015be9c66e70 JavaThread "build event listener" [_thread_blocked, id=1088, stack(0x00000021bf500000,0x00000021bf600000)]
  0x0000015be9c693a0 JavaThread "pool-3-thread-1" [_thread_blocked, id=3348, stack(0x00000021bf600000,0x00000021bf700000)]
  0x0000015be9c62eb0 JavaThread "build event listener" [_thread_blocked, id=4692, stack(0x00000021bf700000,0x00000021bf800000)]
  0x0000015be9c65930 JavaThread "Execution worker for ':'" [_thread_blocked, id=1152, stack(0x00000021bf800000,0x00000021bf900000)]
  0x0000015be9c67e60 JavaThread "Execution worker for ':' Thread 2" [_thread_blocked, id=11576, stack(0x00000021bf900000,0x00000021bfa00000)]
  0x0000015be9c68900 JavaThread "Execution worker for ':' Thread 3" [_thread_blocked, id=8680, stack(0x00000021bfa00000,0x00000021bfb00000)]
  0x0000015be9c68e50 JavaThread "Execution worker for ':' Thread 4" [_thread_blocked, id=10592, stack(0x00000021bfb00000,0x00000021bfc00000)]
  0x0000015be9c63400 JavaThread "Execution worker for ':' Thread 5" [_thread_blocked, id=11820, stack(0x00000021bfc00000,0x00000021bfd00000)]
  0x0000015be9c63950 JavaThread "Execution worker for ':' Thread 6" [_thread_blocked, id=8344, stack(0x00000021bfd00000,0x00000021bfe00000)]
  0x0000015be9c643f0 JavaThread "Execution worker for ':' Thread 7" [_thread_blocked, id=6400, stack(0x00000021bfe00000,0x00000021bff00000)]
  0x0000015be402af50 JavaThread "Cache worker for execution history cache (C:\Users\ITECH\AndroidStudioProjects\yummy\.gradle\7.3.3\executionHistory)" [_thread_blocked, id=10760, stack(0x00000021bff00000,0x00000021c0000000)]
  0x0000015be5c33c30 JavaThread "WorkerExecutor Queue" [_thread_blocked, id=11388, stack(0x00000021c0400000,0x00000021c0500000)]
  0x0000015be5c35170 JavaThread "WorkerExecutor Queue Thread 2" [_thread_blocked, id=736, stack(0x00000021c0500000,0x00000021c0600000)]
  0x0000015be5c3abc0 JavaThread "WorkerExecutor Queue Thread 3" [_thread_blocked, id=7968, stack(0x00000021c0600000,0x00000021c0700000)]
  0x0000015be5c34c20 JavaThread "WorkerExecutor Queue Thread 4" [_thread_blocked, id=12488, stack(0x00000021c0700000,0x00000021c0800000)]

Other Threads:
=>0x0000015be283c5d0 VMThread "VM Thread" [stack: 0x00000021b6e00000,0x00000021b6f00000] [id=3952]
  0x0000015be34b1de0 WatcherThread [stack: 0x00000021b7a00000,0x00000021b7b00000] [id=472]
  0x0000015bc47fbb20 GCTaskThread "GC Thread#0" [stack: 0x00000021b6900000,0x00000021b6a00000] [id=9588]
  0x0000015be42d35a0 GCTaskThread "GC Thread#1" [stack: 0x00000021b7c00000,0x00000021b7d00000] [id=9356]
  0x0000015be422ea80 GCTaskThread "GC Thread#2" [stack: 0x00000021b7d00000,0x00000021b7e00000] [id=12324]
  0x0000015be406fe10 GCTaskThread "GC Thread#3" [stack: 0x00000021b7e00000,0x00000021b7f00000] [id=6320]
  0x0000015be41390e0 GCTaskThread "GC Thread#4" [stack: 0x00000021b7f00000,0x00000021b8000000] [id=516]
  0x0000015be5863c10 GCTaskThread "GC Thread#5" [stack: 0x00000021b8f00000,0x00000021b9000000] [id=5748]
  0x0000015be5862390 GCTaskThread "GC Thread#6" [stack: 0x00000021b9000000,0x00000021b9100000] [id=3636]
  0x0000015be5862fd0 GCTaskThread "GC Thread#7" [stack: 0x00000021b9100000,0x00000021b9200000] [id=10788]
  0x0000015bc480db80 ConcurrentGCThread "G1 Main Marker" [stack: 0x00000021b6a00000,0x00000021b6b00000] [id=8048]
  0x0000015bc480fd30 ConcurrentGCThread "G1 Conc#0" [stack: 0x00000021b6b00000,0x00000021b6c00000] [id=9012]
  0x0000015be58632e0 ConcurrentGCThread "G1 Conc#1" [stack: 0x00000021b9700000,0x00000021b9800000] [id=8744]
  0x0000015bc4897d40 ConcurrentGCThread "G1 Refine#0" [stack: 0x00000021b6c00000,0x00000021b6d00000] [id=2932]
  0x0000015be9f06290 ConcurrentGCThread "G1 Refine#1" [stack: 0x00000021c0000000,0x00000021c0100000] [id=7216]
  0x0000015be6cb9800 ConcurrentGCThread "G1 Refine#2" [stack: 0x00000021c0100000,0x00000021c0200000] [id=3592]
  0x0000015be6cba840 ConcurrentGCThread "G1 Refine#3" [stack: 0x00000021c0200000,0x00000021c0300000] [id=10100]
  0x0000015be6cba500 ConcurrentGCThread "G1 Refine#4" [stack: 0x00000021c0300000,0x00000021c0400000] [id=8084]
  0x0000015bc48986d0 ConcurrentGCThread "G1 Service" [stack: 0x00000021b6d00000,0x00000021b6e00000] [id=7140]

Threads with active compile tasks:
C2 CompilerThread0    12845 11736       4       java.lang.reflect.Method::invoke (65 bytes)
C2 CompilerThread1    12845 12259       4       org.gradle.cache.internal.btree.FreeListBlockStore::read (12 bytes)
C2 CompilerThread2    12845 12537       4       java.util.concurrent.ConcurrentHashMap::addCount (280 bytes)

VM state: at safepoint (normal execution)

VM Mutex/Monitor currently owned by a thread:  ([mutex/lock_event])
[0x0000015bc47ba400] Threads_lock - owner thread: 0x0000015be283c5d0
[0x0000015bc47bab50] Heap_lock - owner thread: 0x0000015be863d030

Heap address: 0x0000000080000000, size: 2048 MB, Compressed Oops mode: 32-bit

CDS archive(s) mapped at: [0x0000000800000000-0x0000000800bb0000-0x0000000800bb0000), size 12255232, SharedBaseAddress: 0x0000000800000000, ArchiveRelocationMode: 0.
Compressed class space mapped at: 0x0000000800c00000-0x0000000840c00000, reserved size: 1073741824
Narrow klass base: 0x0000000800000000, Narrow klass shift: 3, Narrow klass range: 0x100000000

GC Precious Log:
 CPUs: 8 total, 8 available
 Memory: 7959M
 Large Page Support: Disabled
 NUMA Support: Disabled
 Compressed Oops: Enabled (32-bit)
 Heap Region Size: 1M
 Heap Min Capacity: 8M
 Heap Initial Capacity: 126M
 Heap Max Capacity: 2G
 Pre-touch: Disabled
 Parallel Workers: 8
 Concurrent Workers: 2
 Concurrent Refinement Workers: 8
 Periodic GC: Disabled

Heap:
 garbage-first heap   total 194560K, used 91276K [0x0000000080000000, 0x0000000100000000)
  region size 1024K, 6 young (6144K), 6 survivors (6144K)
 Metaspace       used 87170K, committed 87744K, reserved 1130496K
  class space    used 11386K, committed 11648K, reserved 1048576K

Heap Regions: E=young(eden), S=young(survivor), O=old, HS=humongous(starts), HC=humongous(continues), CS=collection set, F=free, OA=open archive, CA=closed archive, TAMS=top-at-mark-start (previous, next)
|   0|0x0000000080000000, 0x0000000080100000, 0x0000000080100000|100%| O|  |TAMS 0x0000000080100000, 0x0000000080000000| Untracked 
|   1|0x0000000080100000, 0x0000000080200000, 0x0000000080200000|100%| O|  |TAMS 0x0000000080200000, 0x0000000080100000| Untracked 
|   2|0x0000000080200000, 0x0000000080300000, 0x0000000080300000|100%| O|  |TAMS 0x0000000080300000, 0x0000000080200000| Untracked 
|   3|0x0000000080300000, 0x0000000080400000, 0x0000000080400000|100%|HS|  |TAMS 0x0000000080400000, 0x0000000080300000| Complete 
|   4|0x0000000080400000, 0x0000000080500000, 0x0000000080500000|100%|HC|  |TAMS 0x0000000080500000, 0x0000000080400000| Complete 
|   5|0x0000000080500000, 0x0000000080600000, 0x0000000080600000|100%|HC|  |TAMS 0x0000000080600000, 0x0000000080500000| Complete 
|   6|0x0000000080600000, 0x0000000080700000, 0x0000000080700000|100%| O|  |TAMS 0x0000000080700000, 0x0000000080600000| Untracked 
|   7|0x0000000080700000, 0x0000000080800000, 0x0000000080800000|100%| O|  |TAMS 0x0000000080800000, 0x0000000080700000| Untracked 
|   8|0x0000000080800000, 0x0000000080900000, 0x0000000080900000|100%| O|  |TAMS 0x0000000080900000, 0x0000000080800000| Untracked 
|   9|0x0000000080900000, 0x0000000080a00000, 0x0000000080a00000|100%| O|  |TAMS 0x0000000080a00000, 0x0000000080900000| Untracked 
|  10|0x0000000080a00000, 0x0000000080b00000, 0x0000000080b00000|100%| O|  |TAMS 0x0000000080b00000, 0x0000000080a00000| Untracked 
|  11|0x0000000080b00000, 0x0000000080c00000, 0x0000000080c00000|100%| O|  |TAMS 0x0000000080c00000, 0x0000000080b00000| Untracked 
|  12|0x0000000080c00000, 0x0000000080d00000, 0x0000000080d00000|100%| O|  |TAMS 0x0000000080d00000, 0x0000000080c00000| Untracked 
|  13|0x0000000080d00000, 0x0000000080e00000, 0x0000000080e00000|100%| O|  |TAMS 0x0000000080e00000, 0x0000000080d00000| Untracked 
|  14|0x0000000080e00000, 0x0000000080f00000, 0x0000000080f00000|100%| O|  |TAMS 0x0000000080f00000, 0x0000000080e00000| Untracked 
|  15|0x0000000080f00000, 0x0000000081000000, 0x0000000081000000|100%| O|  |TAMS 0x0000000081000000, 0x0000000080f00000| Untracked 
|  16|0x0000000081000000, 0x0000000081100000, 0x0000000081100000|100%| O|  |TAMS 0x0000000081100000, 0x0000000081000000| Untracked 
|  17|0x0000000081100000, 0x0000000081200000, 0x0000000081200000|100%| O|  |TAMS 0x0000000081200000, 0x0000000081100000| Untracked 
|  18|0x0000000081200000, 0x000000008126c200, 0x0000000081300000| 42%| O|  |TAMS 0x000000008126c200, 0x0000000081200000| Untracked 
|  19|0x0000000081300000, 0x0000000081400000, 0x0000000081400000|100%| O|  |TAMS 0x0000000081400000, 0x0000000081300000| Untracked 
|  20|0x0000000081400000, 0x0000000081500000, 0x0000000081500000|100%| O|  |TAMS 0x0000000081500000, 0x0000000081400000| Untracked 
|  21|0x0000000081500000, 0x0000000081600000, 0x0000000081600000|100%| O|  |TAMS 0x0000000081600000, 0x0000000081500000| Untracked 
|  22|0x0000000081600000, 0x0000000081700000, 0x0000000081700000|100%| O|  |TAMS 0x0000000081700000, 0x0000000081600000| Untracked 
|  23|0x0000000081700000, 0x0000000081800000, 0x0000000081800000|100%| O|  |TAMS 0x0000000081800000, 0x0000000081700000| Untracked 
|  24|0x0000000081800000, 0x0000000081900000, 0x0000000081900000|100%| O|  |TAMS 0x0000000081900000, 0x0000000081800000| Untracked 
|  25|0x0000000081900000, 0x0000000081a00000, 0x0000000081a00000|100%| O|  |TAMS 0x0000000081a00000, 0x0000000081900000| Untracked 
|  26|0x0000000081a00000, 0x0000000081b00000, 0x0000000081b00000|100%|HS|  |TAMS 0x0000000081b00000, 0x0000000081a00000| Complete 
|  27|0x0000000081b00000, 0x0000000081c00000, 0x0000000081c00000|100%|HS|  |TAMS 0x0000000081c00000, 0x0000000081b00000| Complete 
|  28|0x0000000081c00000, 0x0000000081d00000, 0x0000000081d00000|100%|HS|  |TAMS 0x0000000081d00000, 0x0000000081c00000| Complete 
|  29|0x0000000081d00000, 0x0000000081e00000, 0x0000000081e00000|100%|HC|  |TAMS 0x0000000081e00000, 0x0000000081d00000| Complete 
|  30|0x0000000081e00000, 0x0000000081f00000, 0x0000000081f00000|100%| O|  |TAMS 0x0000000081f00000, 0x0000000081e00000| Untracked 
|  31|0x0000000081f00000, 0x0000000082000000, 0x0000000082000000|100%| O|  |TAMS 0x0000000082000000, 0x0000000081f00000| Untracked 
|  32|0x0000000082000000, 0x0000000082100000, 0x0000000082100000|100%| O|  |TAMS 0x0000000082100000, 0x0000000082000000| Untracked 
|  33|0x0000000082100000, 0x0000000082200000, 0x0000000082200000|100%| O|  |TAMS 0x0000000082200000, 0x0000000082100000| Untracked 
|  34|0x0000000082200000, 0x0000000082300000, 0x0000000082300000|100%| O|  |TAMS 0x0000000082300000, 0x0000000082200000| Untracked 
|  35|0x0000000082300000, 0x0000000082400000, 0x0000000082400000|100%| O|  |TAMS 0x0000000082400000, 0x0000000082300000| Untracked 
|  36|0x0000000082400000, 0x0000000082500000, 0x0000000082500000|100%| O|  |TAMS 0x0000000082500000, 0x0000000082400000| Untracked 
|  37|0x0000000082500000, 0x0000000082600000, 0x0000000082600000|100%| O|  |TAMS 0x0000000082600000, 0x0000000082500000| Untracked 
|  38|0x0000000082600000, 0x0000000082700000, 0x0000000082700000|100%| O|  |TAMS 0x0000000082700000, 0x0000000082600000| Untracked 
|  39|0x0000000082700000, 0x0000000082800000, 0x0000000082800000|100%| O|  |TAMS 0x0000000082800000, 0x0000000082700000| Untracked 
|  40|0x0000000082800000, 0x0000000082900000, 0x0000000082900000|100%| O|  |TAMS 0x0000000082900000, 0x0000000082800000| Untracked 
|  41|0x0000000082900000, 0x0000000082a00000, 0x0000000082a00000|100%| O|  |TAMS 0x0000000082a00000, 0x0000000082900000| Untracked 
|  42|0x0000000082a00000, 0x0000000082b00000, 0x0000000082b00000|100%| O|  |TAMS 0x0000000082b00000, 0x0000000082a00000| Untracked 
|  43|0x0000000082b00000, 0x0000000082c00000, 0x0000000082c00000|100%| O|  |TAMS 0x0000000082c00000, 0x0000000082b00000| Untracked 
|  44|0x0000000082c00000, 0x0000000082d00000, 0x0000000082d00000|100%| O|  |TAMS 0x0000000082d00000, 0x0000000082c00000| Untracked 
|  45|0x0000000082d00000, 0x0000000082e00000, 0x0000000082e00000|100%| O|  |TAMS 0x0000000082e00000, 0x0000000082d00000| Untracked 
|  46|0x0000000082e00000, 0x0000000082f00000, 0x0000000082f00000|100%| O|  |TAMS 0x0000000082f00000, 0x0000000082e00000| Untracked 
|  47|0x0000000082f00000, 0x0000000083000000, 0x0000000083000000|100%| O|  |TAMS 0x0000000083000000, 0x0000000082f00000| Untracked 
|  48|0x0000000083000000, 0x0000000083100000, 0x0000000083100000|100%| O|  |TAMS 0x0000000083100000, 0x0000000083000000| Untracked 
|  49|0x0000000083100000, 0x0000000083200000, 0x0000000083200000|100%| O|  |TAMS 0x0000000083200000, 0x0000000083100000| Untracked 
|  50|0x0000000083200000, 0x0000000083300000, 0x0000000083300000|100%| O|  |TAMS 0x0000000083300000, 0x0000000083200000| Untracked 
|  51|0x0000000083300000, 0x0000000083400000, 0x0000000083400000|100%| O|  |TAMS 0x0000000083400000, 0x0000000083300000| Untracked 
|  52|0x0000000083400000, 0x0000000083500000, 0x0000000083500000|100%| O|  |TAMS 0x0000000083500000, 0x0000000083400000| Untracked 
|  53|0x0000000083500000, 0x0000000083600000, 0x0000000083600000|100%| O|  |TAMS 0x0000000083600000, 0x0000000083500000| Untracked 
|  54|0x0000000083600000, 0x0000000083700000, 0x0000000083700000|100%| O|  |TAMS 0x0000000083700000, 0x0000000083600000| Untracked 
|  55|0x0000000083700000, 0x0000000083800000, 0x0000000083800000|100%| O|  |TAMS 0x0000000083800000, 0x0000000083700000| Untracked 
|  56|0x0000000083800000, 0x0000000083900000, 0x0000000083900000|100%| O|  |TAMS 0x0000000083900000, 0x0000000083800000| Untracked 
|  57|0x0000000083900000, 0x0000000083a00000, 0x0000000083a00000|100%| O|  |TAMS 0x0000000083a00000, 0x0000000083900000| Untracked 
|  58|0x0000000083a00000, 0x0000000083b00000, 0x0000000083b00000|100%| O|  |TAMS 0x0000000083b00000, 0x0000000083a00000| Untracked 
|  59|0x0000000083b00000, 0x0000000083c00000, 0x0000000083c00000|100%| O|  |TAMS 0x0000000083c00000, 0x0000000083b00000| Untracked 
|  60|0x0000000083c00000, 0x0000000083d00000, 0x0000000083d00000|100%| O|  |TAMS 0x0000000083d00000, 0x0000000083c00000| Untracked 
|  61|0x0000000083d00000, 0x0000000083e00000, 0x0000000083e00000|100%| O|  |TAMS 0x0000000083e00000, 0x0000000083d00000| Untracked 
|  62|0x0000000083e00000, 0x0000000083f00000, 0x0000000083f00000|100%| O|  |TAMS 0x0000000083f00000, 0x0000000083e00000| Untracked 
|  63|0x0000000083f00000, 0x0000000084000000, 0x0000000084000000|100%| O|  |TAMS 0x0000000084000000, 0x0000000083f00000| Untracked 
|  64|0x0000000084000000, 0x0000000084100000, 0x0000000084100000|100%| O|  |TAMS 0x0000000084100000, 0x0000000084000000| Untracked 
|  65|0x0000000084100000, 0x0000000084200000, 0x0000000084200000|100%| O|  |TAMS 0x0000000084200000, 0x0000000084100000| Untracked 
|  66|0x0000000084200000, 0x0000000084300000, 0x0000000084300000|100%| O|  |TAMS 0x0000000084300000, 0x0000000084200000| Untracked 
|  67|0x0000000084300000, 0x0000000084400000, 0x0000000084400000|100%| O|  |TAMS 0x0000000084400000, 0x0000000084300000| Untracked 
|  68|0x0000000084400000, 0x0000000084500000, 0x0000000084500000|100%| O|  |TAMS 0x0000000084500000, 0x0000000084400000| Untracked 
|  69|0x0000000084500000, 0x0000000084500000, 0x0000000084600000|  0%| F|  |TAMS 0x0000000084500000, 0x0000000084500000| Untracked 
|  70|0x0000000084600000, 0x0000000084700000, 0x0000000084700000|100%| O|  |TAMS 0x0000000084700000, 0x0000000084600000| Untracked 
|  71|0x0000000084700000, 0x0000000084800000, 0x0000000084800000|100%| O|  |TAMS 0x0000000084800000, 0x0000000084700000| Untracked 
|  72|0x0000000084800000, 0x0000000084800000, 0x0000000084900000|  0%| F|  |TAMS 0x0000000084800000, 0x0000000084800000| Untracked 
|  73|0x0000000084900000, 0x0000000084900000, 0x0000000084a00000|  0%| F|  |TAMS 0x0000000084900000, 0x0000000084900000| Untracked 
|  74|0x0000000084a00000, 0x0000000084a00000, 0x0000000084b00000|  0%| F|  |TAMS 0x0000000084a00000, 0x0000000084a00000| Untracked 
|  75|0x0000000084b00000, 0x0000000084b00000, 0x0000000084c00000|  0%| F|  |TAMS 0x0000000084b00000, 0x0000000084b00000| Untracked 
|  76|0x0000000084c00000, 0x0000000084c00000, 0x0000000084d00000|  0%| F|  |TAMS 0x0000000084c00000, 0x0000000084c00000| Untracked 
|  77|0x0000000084d00000, 0x0000000084d00000, 0x0000000084e00000|  0%| F|  |TAMS 0x0000000084d00000, 0x0000000084d00000| Untracked 
|  78|0x0000000084e00000, 0x0000000084e00000, 0x0000000084f00000|  0%| F|  |TAMS 0x0000000084e00000, 0x0000000084e00000| Untracked 
|  79|0x0000000084f00000, 0x0000000084f00000, 0x0000000085000000|  0%| F|  |TAMS 0x0000000084f00000, 0x0000000084f00000| Untracked 
|  80|0x0000000085000000, 0x0000000085000000, 0x0000000085100000|  0%| F|  |TAMS 0x0000000085000000, 0x0000000085000000| Untracked 
|  81|0x0000000085100000, 0x0000000085100000, 0x0000000085200000|  0%| F|  |TAMS 0x0000000085100000, 0x0000000085100000| Untracked 
|  82|0x0000000085200000, 0x0000000085200000, 0x0000000085300000|  0%| F|  |TAMS 0x0000000085200000, 0x0000000085200000| Untracked 
|  83|0x0000000085300000, 0x0000000085300000, 0x0000000085400000|  0%| F|  |TAMS 0x0000000085300000, 0x0000000085300000| Untracked 
|  84|0x0000000085400000, 0x0000000085400000, 0x0000000085500000|  0%| F|  |TAMS 0x0000000085400000, 0x0000000085400000| Untracked 
|  85|0x0000000085500000, 0x0000000085600000, 0x0000000085600000|100%| O|  |TAMS 0x0000000085600000, 0x0000000085500000| Untracked 
|  86|0x0000000085600000, 0x0000000085600000, 0x0000000085700000|  0%| F|  |TAMS 0x0000000085600000, 0x0000000085600000| Untracked 
|  87|0x0000000085700000, 0x0000000085700000, 0x0000000085800000|  0%| F|  |TAMS 0x0000000085700000, 0x0000000085700000| Untracked 
|  88|0x0000000085800000, 0x0000000085900000, 0x0000000085900000|100%| O|  |TAMS 0x0000000085800000, 0x0000000085800000| Untracked 
|  89|0x0000000085900000, 0x0000000085a00000, 0x0000000085a00000|100%| O|  |TAMS 0x0000000085900000, 0x0000000085900000| Untracked 
|  90|0x0000000085a00000, 0x0000000085b00000, 0x0000000085b00000|100%| O|  |TAMS 0x0000000085a00000, 0x0000000085a00000| Untracked 
|  91|0x0000000085b00000, 0x0000000085c00000, 0x0000000085c00000|100%| O|  |TAMS 0x0000000085b00000, 0x0000000085b00000| Untracked 
|  92|0x0000000085c00000, 0x0000000085d00000, 0x0000000085d00000|100%| O|  |TAMS 0x0000000085c00000, 0x0000000085c00000| Untracked 
|  93|0x0000000085d00000, 0x0000000085d00000, 0x0000000085e00000|  0%| F|  |TAMS 0x0000000085d00000, 0x0000000085d00000| Untracked 
|  94|0x0000000085e00000, 0x0000000085e00000, 0x0000000085f00000|  0%| F|  |TAMS 0x0000000085e00000, 0x0000000085e00000| Untracked 
|  95|0x0000000085f00000, 0x0000000086000000, 0x0000000086000000|100%| O|  |TAMS 0x0000000086000000, 0x0000000085f00000| Untracked 
|  96|0x0000000086000000, 0x0000000086100000, 0x0000000086100000|100%| O|  |TAMS 0x0000000086000000, 0x0000000086000000| Untracked 
|  97|0x0000000086100000, 0x0000000086200000, 0x0000000086200000|100%| O|  |TAMS 0x0000000086100000, 0x0000000086100000| Untracked 
|  98|0x0000000086200000, 0x00000000862da600, 0x0000000086300000| 85%| O|  |TAMS 0x0000000086200000, 0x0000000086200000| Untracked 
|  99|0x0000000086300000, 0x0000000086300000, 0x0000000086400000|  0%| F|  |TAMS 0x0000000086300000, 0x0000000086300000| Untracked 
| 100|0x0000000086400000, 0x0000000086400000, 0x0000000086500000|  0%| F|  |TAMS 0x0000000086400000, 0x0000000086400000| Untracked 
| 101|0x0000000086500000, 0x0000000086500000, 0x0000000086600000|  0%| F|  |TAMS 0x0000000086500000, 0x0000000086500000| Untracked 
| 102|0x0000000086600000, 0x0000000086600000, 0x0000000086700000|  0%| F|  |TAMS 0x0000000086600000, 0x0000000086600000| Untracked 
| 103|0x0000000086700000, 0x0000000086700000, 0x0000000086800000|  0%| F|  |TAMS 0x0000000086700000, 0x0000000086700000| Untracked 
| 104|0x0000000086800000, 0x0000000086800000, 0x0000000086900000|  0%| F|  |TAMS 0x0000000086800000, 0x0000000086800000| Untracked 
| 105|0x0000000086900000, 0x0000000086900000, 0x0000000086a00000|  0%| F|  |TAMS 0x0000000086900000, 0x0000000086900000| Untracked 
| 106|0x0000000086a00000, 0x0000000086a00000, 0x0000000086b00000|  0%| F|  |TAMS 0x0000000086a00000, 0x0000000086a00000| Untracked 
| 107|0x0000000086b00000, 0x0000000086c00000, 0x0000000086c00000|100%| O|  |TAMS 0x0000000086c00000, 0x0000000086b00000| Untracked 
| 108|0x0000000086c00000, 0x0000000086d00000, 0x0000000086d00000|100%| O|  |TAMS 0x0000000086d00000, 0x0000000086c00000| Untracked 
| 109|0x0000000086d00000, 0x0000000086e00000, 0x0000000086e00000|100%| O|  |TAMS 0x0000000086d91800, 0x0000000086d00000| Untracked 
| 110|0x0000000086e00000, 0x0000000086e00000, 0x0000000086f00000|  0%| F|  |TAMS 0x0000000086e00000, 0x0000000086e00000| Untracked 
| 111|0x0000000086f00000, 0x0000000086f00000, 0x0000000087000000|  0%| F|  |TAMS 0x0000000086f00000, 0x0000000086f00000| Untracked 
| 112|0x0000000087000000, 0x0000000087000000, 0x0000000087100000|  0%| F|  |TAMS 0x0000000087000000, 0x0000000087000000| Untracked 
| 113|0x0000000087100000, 0x0000000087100000, 0x0000000087200000|  0%| F|  |TAMS 0x0000000087100000, 0x0000000087100000| Untracked 
| 114|0x0000000087200000, 0x0000000087200000, 0x0000000087300000|  0%| F|  |TAMS 0x0000000087200000, 0x0000000087200000| Untracked 
| 115|0x0000000087300000, 0x0000000087300000, 0x0000000087400000|  0%| F|  |TAMS 0x0000000087300000, 0x0000000087300000| Untracked 
| 116|0x0000000087400000, 0x0000000087400000, 0x0000000087500000|  0%| F|  |TAMS 0x0000000087400000, 0x0000000087400000| Untracked 
| 117|0x0000000087500000, 0x0000000087500000, 0x0000000087600000|  0%| F|  |TAMS 0x0000000087500000, 0x0000000087500000| Untracked 
| 118|0x0000000087600000, 0x0000000087600000, 0x0000000087700000|  0%| F|  |TAMS 0x0000000087600000, 0x0000000087600000| Untracked 
| 119|0x0000000087700000, 0x0000000087700000, 0x0000000087800000|  0%| F|  |TAMS 0x0000000087700000, 0x0000000087700000| Untracked 
| 120|0x0000000087800000, 0x0000000087800000, 0x0000000087900000|  0%| F|  |TAMS 0x0000000087800000, 0x0000000087800000| Untracked 
| 121|0x0000000087900000, 0x0000000087900000, 0x0000000087a00000|  0%| F|  |TAMS 0x0000000087900000, 0x0000000087900000| Untracked 
| 122|0x0000000087a00000, 0x0000000087a00000, 0x0000000087b00000|  0%| F|  |TAMS 0x0000000087a00000, 0x0000000087a00000| Untracked 
| 123|0x0000000087b00000, 0x0000000087b00000, 0x0000000087c00000|  0%| F|  |TAMS 0x0000000087b00000, 0x0000000087b00000| Untracked 
| 124|0x0000000087c00000, 0x0000000087c00000, 0x0000000087d00000|  0%| F|  |TAMS 0x0000000087c00000, 0x0000000087c00000| Untracked 
| 125|0x0000000087d00000, 0x0000000087d00000, 0x0000000087e00000|  0%| F|  |TAMS 0x0000000087d00000, 0x0000000087d00000| Untracked 
| 126|0x0000000087e00000, 0x0000000087e00000, 0x0000000087f00000|  0%| F|  |TAMS 0x0000000087e00000, 0x0000000087e00000| Untracked 
| 127|0x0000000087f00000, 0x0000000087fdca00, 0x0000000088000000| 86%| S|CS|TAMS 0x0000000087f00000, 0x0000000087f00000| Complete 
| 128|0x0000000088000000, 0x0000000088100000, 0x0000000088100000|100%| S|CS|TAMS 0x0000000088000000, 0x0000000088000000| Complete 
| 129|0x0000000088100000, 0x0000000088200000, 0x0000000088200000|100%| S|CS|TAMS 0x0000000088100000, 0x0000000088100000| Complete 
| 130|0x0000000088200000, 0x0000000088300000, 0x0000000088300000|100%| S|CS|TAMS 0x0000000088200000, 0x0000000088200000| Complete 
| 131|0x0000000088300000, 0x0000000088400000, 0x0000000088400000|100%| S|CS|TAMS 0x0000000088300000, 0x0000000088300000| Complete 
| 132|0x0000000088400000, 0x0000000088500000, 0x0000000088500000|100%| S|CS|TAMS 0x0000000088400000, 0x0000000088400000| Complete 
| 133|0x0000000088500000, 0x0000000088500000, 0x0000000088600000|  0%| F|  |TAMS 0x0000000088500000, 0x0000000088500000| Untracked 
| 134|0x0000000088600000, 0x0000000088600000, 0x0000000088700000|  0%| F|  |TAMS 0x0000000088600000, 0x0000000088600000| Untracked 
| 135|0x0000000088700000, 0x0000000088700000, 0x0000000088800000|  0%| F|  |TAMS 0x0000000088700000, 0x0000000088700000| Untracked 
| 136|0x0000000088800000, 0x0000000088800000, 0x0000000088900000|  0%| F|  |TAMS 0x0000000088800000, 0x0000000088800000| Untracked 
| 137|0x0000000088900000, 0x0000000088900000, 0x0000000088a00000|  0%| F|  |TAMS 0x0000000088900000, 0x0000000088900000| Untracked 
| 138|0x0000000088a00000, 0x0000000088a00000, 0x0000000088b00000|  0%| F|  |TAMS 0x0000000088a00000, 0x0000000088a00000| Untracked 
| 139|0x0000000088b00000, 0x0000000088b00000, 0x0000000088c00000|  0%| F|  |TAMS 0x0000000088b00000, 0x0000000088b00000| Untracked 
| 140|0x0000000088c00000, 0x0000000088c00000, 0x0000000088d00000|  0%| F|  |TAMS 0x0000000088c00000, 0x0000000088c00000| Untracked 
| 141|0x0000000088d00000, 0x0000000088d00000, 0x0000000088e00000|  0%| F|  |TAMS 0x0000000088d00000, 0x0000000088d00000| Untracked 
| 142|0x0000000088e00000, 0x0000000088e00000, 0x0000000088f00000|  0%| F|  |TAMS 0x0000000088e00000, 0x0000000088e00000| Untracked 
| 143|0x0000000088f00000, 0x0000000088f00000, 0x0000000089000000|  0%| F|  |TAMS 0x0000000088f00000, 0x0000000088f00000| Untracked 
| 144|0x0000000089000000, 0x0000000089000000, 0x0000000089100000|  0%| F|  |TAMS 0x0000000089000000, 0x0000000089000000| Untracked 
| 145|0x0000000089100000, 0x0000000089100000, 0x0000000089200000|  0%| F|  |TAMS 0x0000000089100000, 0x0000000089100000| Untracked 
| 146|0x0000000089200000, 0x0000000089200000, 0x0000000089300000|  0%| F|  |TAMS 0x0000000089200000, 0x0000000089200000| Untracked 
| 147|0x0000000089300000, 0x0000000089300000, 0x0000000089400000|  0%| F|  |TAMS 0x0000000089300000, 0x0000000089300000| Untracked 
| 148|0x0000000089400000, 0x0000000089400000, 0x0000000089500000|  0%| F|  |TAMS 0x0000000089400000, 0x0000000089400000| Untracked 
| 149|0x0000000089500000, 0x0000000089500000, 0x0000000089600000|  0%| F|  |TAMS 0x0000000089500000, 0x0000000089500000| Untracked 
| 150|0x0000000089600000, 0x0000000089600000, 0x0000000089700000|  0%| F|  |TAMS 0x0000000089600000, 0x0000000089600000| Untracked 
| 151|0x0000000089700000, 0x0000000089700000, 0x0000000089800000|  0%| F|  |TAMS 0x0000000089700000, 0x0000000089700000| Untracked 
| 152|0x0000000089800000, 0x0000000089800000, 0x0000000089900000|  0%| F|  |TAMS 0x0000000089800000, 0x0000000089800000| Untracked 
| 153|0x0000000089900000, 0x0000000089900000, 0x0000000089a00000|  0%| F|  |TAMS 0x0000000089900000, 0x0000000089900000| Untracked 
| 154|0x0000000089a00000, 0x0000000089a00000, 0x0000000089b00000|  0%| F|  |TAMS 0x0000000089a00000, 0x0000000089a00000| Untracked 
| 155|0x0000000089b00000, 0x0000000089b00000, 0x0000000089c00000|  0%| F|  |TAMS 0x0000000089b00000, 0x0000000089b00000| Untracked 
| 156|0x0000000089c00000, 0x0000000089c00000, 0x0000000089d00000|  0%| F|  |TAMS 0x0000000089c00000, 0x0000000089c00000| Untracked 
| 157|0x0000000089d00000, 0x0000000089d00000, 0x0000000089e00000|  0%| F|  |TAMS 0x0000000089d00000, 0x0000000089d00000| Untracked 
| 158|0x0000000089e00000, 0x0000000089e00000, 0x0000000089f00000|  0%| F|  |TAMS 0x0000000089e00000, 0x0000000089e00000| Untracked 
| 159|0x0000000089f00000, 0x0000000089f00000, 0x000000008a000000|  0%| F|  |TAMS 0x0000000089f00000, 0x0000000089f00000| Untracked 
| 160|0x000000008a000000, 0x000000008a000000, 0x000000008a100000|  0%| F|  |TAMS 0x000000008a000000, 0x000000008a000000| Untracked 
| 161|0x000000008a100000, 0x000000008a100000, 0x000000008a200000|  0%| F|  |TAMS 0x000000008a100000, 0x000000008a100000| Untracked 
| 162|0x000000008a200000, 0x000000008a200000, 0x000000008a300000|  0%| F|  |TAMS 0x000000008a200000, 0x000000008a200000| Untracked 
| 163|0x000000008a300000, 0x000000008a300000, 0x000000008a400000|  0%| F|  |TAMS 0x000000008a300000, 0x000000008a300000| Untracked 
| 164|0x000000008a400000, 0x000000008a400000, 0x000000008a500000|  0%| F|  |TAMS 0x000000008a400000, 0x000000008a400000| Untracked 
| 165|0x000000008a500000, 0x000000008a500000, 0x000000008a600000|  0%| F|  |TAMS 0x000000008a500000, 0x000000008a500000| Untracked 
| 166|0x000000008a600000, 0x000000008a600000, 0x000000008a700000|  0%| F|  |TAMS 0x000000008a600000, 0x000000008a600000| Untracked 
| 167|0x000000008a700000, 0x000000008a700000, 0x000000008a800000|  0%| F|  |TAMS 0x000000008a700000, 0x000000008a700000| Untracked 
| 168|0x000000008a800000, 0x000000008a800000, 0x000000008a900000|  0%| F|  |TAMS 0x000000008a800000, 0x000000008a800000| Untracked 
| 169|0x000000008a900000, 0x000000008a900000, 0x000000008aa00000|  0%| F|  |TAMS 0x000000008a900000, 0x000000008a900000| Untracked 
| 170|0x000000008aa00000, 0x000000008aa00000, 0x000000008ab00000|  0%| F|  |TAMS 0x000000008aa00000, 0x000000008aa00000| Untracked 
| 171|0x000000008ab00000, 0x000000008ab00000, 0x000000008ac00000|  0%| F|  |TAMS 0x000000008ab00000, 0x000000008ab00000| Untracked 
| 172|0x000000008ac00000, 0x000000008ac00000, 0x000000008ad00000|  0%| F|  |TAMS 0x000000008ac00000, 0x000000008ac00000| Untracked 
| 173|0x000000008ad00000, 0x000000008ad00000, 0x000000008ae00000|  0%| F|  |TAMS 0x000000008ad00000, 0x000000008ad00000| Untracked 
| 174|0x000000008ae00000, 0x000000008ae00000, 0x000000008af00000|  0%| F|  |TAMS 0x000000008ae00000, 0x000000008ae00000| Untracked 
| 175|0x000000008af00000, 0x000000008af00000, 0x000000008b000000|  0%| F|  |TAMS 0x000000008af00000, 0x000000008af00000| Untracked 
| 176|0x000000008b000000, 0x000000008b000000, 0x000000008b100000|  0%| F|  |TAMS 0x000000008b000000, 0x000000008b000000| Untracked 
| 177|0x000000008b100000, 0x000000008b100000, 0x000000008b200000|  0%| F|  |TAMS 0x000000008b100000, 0x000000008b100000| Untracked 
| 178|0x000000008b200000, 0x000000008b200000, 0x000000008b300000|  0%| F|  |TAMS 0x000000008b200000, 0x000000008b200000| Untracked 
| 179|0x000000008b300000, 0x000000008b300000, 0x000000008b400000|  0%| F|  |TAMS 0x000000008b300000, 0x000000008b300000| Untracked 
| 180|0x000000008b400000, 0x000000008b400000, 0x000000008b500000|  0%| F|  |TAMS 0x000000008b400000, 0x000000008b400000| Untracked 
| 181|0x000000008b500000, 0x000000008b500000, 0x000000008b600000|  0%| F|  |TAMS 0x000000008b500000, 0x000000008b500000| Untracked 
| 182|0x000000008b600000, 0x000000008b600000, 0x000000008b700000|  0%| F|  |TAMS 0x000000008b600000, 0x000000008b600000| Untracked 
| 183|0x000000008b700000, 0x000000008b700000, 0x000000008b800000|  0%| F|  |TAMS 0x000000008b700000, 0x000000008b700000| Untracked 
| 184|0x000000008b800000, 0x000000008b800000, 0x000000008b900000|  0%| F|  |TAMS 0x000000008b800000, 0x000000008b800000| Untracked 
| 185|0x000000008b900000, 0x000000008b900000, 0x000000008ba00000|  0%| F|  |TAMS 0x000000008b900000, 0x000000008b900000| Untracked 
| 186|0x000000008ba00000, 0x000000008ba00000, 0x000000008bb00000|  0%| F|  |TAMS 0x000000008ba00000, 0x000000008ba00000| Untracked 
| 187|0x000000008bb00000, 0x000000008bb00000, 0x000000008bc00000|  0%| F|  |TAMS 0x000000008bb00000, 0x000000008bb00000| Untracked 
| 188|0x000000008bc00000, 0x000000008bc00000, 0x000000008bd00000|  0%| F|  |TAMS 0x000000008bc00000, 0x000000008bc00000| Untracked 
| 189|0x000000008bd00000, 0x000000008bd00000, 0x000000008be00000|  0%| F|  |TAMS 0x000000008bd00000, 0x000000008bd00000| Untracked 

Card table byte_map: [0x0000015bdb670000,0x0000015bdba70000] _byte_map_base: 0x0000015bdb270000

Marking Bits (Prev, Next): (CMBitMap*) 0x0000015bc47fd170, (CMBitMap*) 0x0000015bc47fd130
 Prev Bits: [0x0000015bdde70000, 0x0000015bdfe70000)
 Next Bits: [0x0000015bdbe70000, 0x0000015bdde70000)

Polling page: 0x0000015bc27e0000

Metaspace:

Usage:
  Non-class:     74.01 MB used.
      Class:     11.12 MB used.
       Both:     85.13 MB used.

Virtual space:
  Non-class space:       80.00 MB reserved,      74.31 MB ( 93%) committed,  10 nodes.
      Class space:        1.00 GB reserved,      11.38 MB (  1%) committed,  1 nodes.
              Both:        1.08 GB reserved,      85.69 MB (  8%) committed. 

Chunk freelists:
   Non-Class:  1.08 MB
       Class:  514.00 KB
        Both:  1.58 MB

MaxMetaspaceSize: 17179869184.00 GB
CompressedClassSpaceSize: 1.00 GB
 - commit_granule_bytes: 65536.
 - commit_granule_words: 8192.
 - virtual_space_node_default_size: 1048576.
 - enlarge_chunks_in_place: 1.
 - new_chunks_are_fully_committed: 0.
 - uncommit_free_chunks: 1.
 - use_allocation_guard: 0.
 - handle_deallocations: 1.


Internal statistics:

num_allocs_failed_limit: 6.
num_arena_births: 756.
num_arena_deaths: 14.
num_vsnodes_births: 11.
num_vsnodes_deaths: 0.
num_space_committed: 1370.
num_space_uncommitted: 0.
num_chunks_returned_to_freelist: 25.
num_chunks_taken_from_freelist: 4270.
num_chunk_merges: 15.
num_chunk_splits: 2852.
num_chunks_enlarged: 1907.
num_purges: 2.

CodeHeap 'non-profiled nmethods': size=120000Kb used=6368Kb max_used=6368Kb free=113631Kb
 bounds [0x0000015bd3a10000, 0x0000015bd4050000, 0x0000015bdaf40000]
CodeHeap 'profiled nmethods': size=120000Kb used=21662Kb max_used=21662Kb free=98337Kb
 bounds [0x0000015bcc4e0000, 0x0000015bcda10000, 0x0000015bd3a10000]
CodeHeap 'non-nmethods': size=5760Kb used=2427Kb max_used=2487Kb free=3332Kb
 bounds [0x0000015bcbf40000, 0x0000015bcc1c0000, 0x0000015bcc4e0000]
 total_blobs=11872 nmethods=10930 adapters=854
 compilation: enabled
              stopped_count=0, restarted_count=0
 full_count=0

Compilation events (20 events):
Event: 12.796 Thread 0x0000015be2864580 12622       2       org.gradle.internal.execution.history.changes.ExecutionStateChanges::incremental (12 bytes)
Event: 12.796 Thread 0x0000015be2864580 nmethod 12622 0x0000015bcda04e10 code [0x0000015bcda04fc0, 0x0000015bcda05278]
Event: 12.797 Thread 0x0000015be2864580 12623       2       org.gradle.api.internal.artifacts.transform.DefaultTransformerInvocationFactory$AbstractTransformerExecution$$Lambda$1118/0x0000000801617320::get (8 bytes)
Event: 12.797 Thread 0x0000015be2864580 nmethod 12623 0x0000015bcda05310 code [0x0000015bcda054c0, 0x0000015bcda055e8]
Event: 12.797 Thread 0x0000015be2864580 12624       2       org.gradle.internal.execution.history.changes.DefaultExecutionStateChangeDetector::caching (20 bytes)
Event: 12.797 Thread 0x0000015be2864580 nmethod 12624 0x0000015bcda05690 code [0x0000015bcda05840, 0x0000015bcda05c38]
Event: 12.797 Thread 0x0000015be2864580 12625       2       org.gradle.internal.execution.workspace.impl.DefaultImmutableWorkspaceProvider::withWorkspace (18 bytes)
Event: 12.798 Thread 0x0000015be2864580 nmethod 12625 0x0000015bcda05d10 code [0x0000015bcda05ee0, 0x0000015bcda061b8]
Event: 12.798 Thread 0x0000015be2864580 12626       2       org.gradle.internal.execution.UnitOfWork::validate (1 bytes)
Event: 12.798 Thread 0x0000015be2864580 nmethod 12626 0x0000015bcda06310 code [0x0000015bcda064a0, 0x0000015bcda06598]
Event: 12.798 Thread 0x0000015be2864580 12627       2       org.gradle.api.internal.artifacts.transform.TransformationResult$Builder::build (38 bytes)
Event: 12.799 Thread 0x0000015be2864580 nmethod 12627 0x0000015bcda06610 code [0x0000015bcda06800, 0x0000015bcda06d78]
Event: 12.799 Thread 0x0000015be2864580 12628       2       org.gradle.internal.execution.steps.ResolveCachingStateStep::execute (10 bytes)
Event: 12.800 Thread 0x0000015be2864580 nmethod 12628 0x0000015bcda07010 code [0x0000015bcda071c0, 0x0000015bcda07348]
Event: 12.800 Thread 0x0000015be2864580 12629       2       org.gradle.internal.execution.steps.ResolveCachingStateStep$1::getWorkspace (10 bytes)
Event: 12.800 Thread 0x0000015be2864580 nmethod 12629 0x0000015bcda07410 code [0x0000015bcda075c0, 0x0000015bcda076e8]
Event: 12.800 Thread 0x0000015be2864580 12630       2       org.gradle.internal.execution.steps.CaptureStateBeforeExecutionStep$1::getWorkspace (10 bytes)
Event: 12.800 Thread 0x0000015be2864580 nmethod 12630 0x0000015bcda07790 code [0x0000015bcda07940, 0x0000015bcda07a68]
Event: 12.801 Thread 0x0000015be4c02500 nmethod 12574 0x0000015bd4047210 code [0x0000015bd40473c0, 0x0000015bd4047e78]
Event: 12.801 Thread 0x0000015be4c02500 12537       4       java.util.concurrent.ConcurrentHashMap::addCount (280 bytes)

GC Heap History (20 events):
Event: 9.355 GC heap after
{Heap after GC invocations=32 (full 0):
 garbage-first heap   total 132096K, used 71060K [0x0000000080000000, 0x0000000100000000)
  region size 1024K, 3 young (3072K), 3 survivors (3072K)
 Metaspace       used 73750K, committed 74304K, reserved 1114112K
  class space    used 9969K, committed 10240K, reserved 1048576K
}
Event: 9.508 GC heap before
{Heap before GC invocations=33 (full 0):
 garbage-first heap   total 133120K, used 82324K [0x0000000080000000, 0x0000000100000000)
  region size 1024K, 16 young (16384K), 3 survivors (3072K)
 Metaspace       used 74231K, committed 74816K, reserved 1114112K
  class space    used 10045K, committed 10304K, reserved 1048576K
}
Event: 9.511 GC heap after
{Heap after GC invocations=34 (full 0):
 garbage-first heap   total 133120K, used 71374K [0x0000000080000000, 0x0000000100000000)
  region size 1024K, 4 young (4096K), 4 survivors (4096K)
 Metaspace       used 74231K, committed 74816K, reserved 1114112K
  class space    used 10045K, committed 10304K, reserved 1048576K
}
Event: 9.922 GC heap before
{Heap before GC invocations=35 (full 0):
 garbage-first heap   total 133120K, used 110286K [0x0000000080000000, 0x0000000100000000)
  region size 1024K, 40 young (40960K), 4 survivors (4096K)
 Metaspace       used 75595K, committed 76160K, reserved 1122304K
  class space    used 10190K, committed 10432K, reserved 1048576K
}
Event: 9.930 GC heap after
{Heap after GC invocations=36 (full 0):
 garbage-first heap   total 133120K, used 85423K [0x0000000080000000, 0x0000000100000000)
  region size 1024K, 5 young (5120K), 5 survivors (5120K)
 Metaspace       used 75595K, committed 76160K, reserved 1122304K
  class space    used 10190K, committed 10432K, reserved 1048576K
}
Event: 9.970 GC heap before
{Heap before GC invocations=36 (full 0):
 garbage-first heap   total 133120K, used 87471K [0x0000000080000000, 0x0000000100000000)
  region size 1024K, 9 young (9216K), 5 survivors (5120K)
 Metaspace       used 75633K, committed 76160K, reserved 1122304K
  class space    used 10191K, committed 10432K, reserved 1048576K
}
Event: 9.974 GC heap after
{Heap after GC invocations=37 (full 0):
 garbage-first heap   total 133120K, used 88810K [0x0000000080000000, 0x0000000100000000)
  region size 1024K, 3 young (3072K), 3 survivors (3072K)
 Metaspace       used 75633K, committed 76160K, reserved 1122304K
  class space    used 10191K, committed 10432K, reserved 1048576K
}
Event: 10.119 GC heap before
{Heap before GC invocations=38 (full 0):
 garbage-first heap   total 168960K, used 110314K [0x0000000080000000, 0x0000000100000000)
  region size 1024K, 16 young (16384K), 3 survivors (3072K)
 Metaspace       used 75686K, committed 76224K, reserved 1122304K
  class space    used 10195K, committed 10432K, reserved 1048576K
}
Event: 10.122 GC heap after
{Heap after GC invocations=39 (full 0):
 garbage-first heap   total 168960K, used 92376K [0x0000000080000000, 0x0000000100000000)
  region size 1024K, 2 young (2048K), 2 survivors (2048K)
 Metaspace       used 75686K, committed 76224K, reserved 1122304K
  class space    used 10195K, committed 10432K, reserved 1048576K
}
Event: 10.259 GC heap before
{Heap before GC invocations=39 (full 0):
 garbage-first heap   total 168960K, used 108760K [0x0000000080000000, 0x0000000100000000)
  region size 1024K, 19 young (19456K), 2 survivors (2048K)
 Metaspace       used 75750K, committed 76288K, reserved 1122304K
  class space    used 10200K, committed 10432K, reserved 1048576K
}
Event: 10.265 GC heap after
{Heap after GC invocations=40 (full 0):
 garbage-first heap   total 168960K, used 96458K [0x0000000080000000, 0x0000000100000000)
  region size 1024K, 4 young (4096K), 4 survivors (4096K)
 Metaspace       used 75750K, committed 76288K, reserved 1122304K
  class space    used 10200K, committed 10432K, reserved 1048576K
}
Event: 10.695 GC heap before
{Heap before GC invocations=41 (full 0):
 garbage-first heap   total 194560K, used 137418K [0x0000000080000000, 0x0000000100000000)
  region size 1024K, 30 young (30720K), 4 survivors (4096K)
 Metaspace       used 78573K, committed 79232K, reserved 1122304K
  class space    used 10494K, committed 10816K, reserved 1048576K
}
Event: 10.703 GC heap after
{Heap after GC invocations=42 (full 0):
 garbage-first heap   total 194560K, used 98450K [0x0000000080000000, 0x0000000100000000)
  region size 1024K, 3 young (3072K), 3 survivors (3072K)
 Metaspace       used 78573K, committed 79232K, reserved 1122304K
  class space    used 10494K, committed 10816K, reserved 1048576K
}
Event: 11.291 GC heap before
{Heap before GC invocations=42 (full 0):
 garbage-first heap   total 194560K, used 137362K [0x0000000080000000, 0x0000000100000000)
  region size 1024K, 42 young (43008K), 3 survivors (3072K)
 Metaspace       used 81341K, committed 81920K, reserved 1122304K
  class space    used 10751K, committed 11072K, reserved 1048576K
}
Event: 11.297 GC heap after
{Heap after GC invocations=43 (full 0):
 garbage-first heap   total 194560K, used 102654K [0x0000000080000000, 0x0000000100000000)
  region size 1024K, 6 young (6144K), 6 survivors (6144K)
 Metaspace       used 81341K, committed 81920K, reserved 1122304K
  class space    used 10751K, committed 11072K, reserved 1048576K
}
Event: 11.856 GC heap before
{Heap before GC invocations=44 (full 0):
 garbage-first heap   total 194560K, used 143614K [0x0000000080000000, 0x0000000100000000)
  region size 1024K, 47 young (48128K), 6 survivors (6144K)
 Metaspace       used 85875K, committed 86528K, reserved 1130496K
  class space    used 11272K, committed 11584K, reserved 1048576K
}
Event: 11.861 GC heap after
{Heap after GC invocations=45 (full 0):
 garbage-first heap   total 194560K, used 101489K [0x0000000080000000, 0x0000000100000000)
  region size 1024K, 2 young (2048K), 2 survivors (2048K)
 Metaspace       used 85875K, committed 86528K, reserved 1130496K
  class space    used 11272K, committed 11584K, reserved 1048576K
}
Event: 11.968 GC heap before
{Heap before GC invocations=45 (full 0):
 garbage-first heap   total 194560K, used 108657K [0x0000000080000000, 0x0000000100000000)
  region size 1024K, 9 young (9216K), 2 survivors (2048K)
 Metaspace       used 86434K, committed 87040K, reserved 1130496K
  class space    used 11340K, committed 11648K, reserved 1048576K
}
Event: 11.974 GC heap after
{Heap after GC invocations=46 (full 0):
 garbage-first heap   total 194560K, used 87299K [0x0000000080000000, 0x0000000100000000)
  region size 1024K, 2 young (2048K), 2 survivors (2048K)
 Metaspace       used 86434K, committed 87040K, reserved 1130496K
  class space    used 11340K, committed 11648K, reserved 1048576K
}
Event: 12.803 GC heap before
{Heap before GC invocations=46 (full 0):
 garbage-first heap   total 194560K, used 142595K [0x0000000080000000, 0x0000000100000000)
  region size 1024K, 57 young (58368K), 2 survivors (2048K)
 Metaspace       used 87170K, committed 87744K, reserved 1130496K
  class space    used 11386K, committed 11648K, reserved 1048576K
}

Deoptimization events (20 events):
Event: 12.548 Thread 0x0000015be863dad0 Uncommon trap: trap_request=0xffffffde fr.pc=0x0000015bd3a33d5c relative=0x000000000000029c
Event: 12.548 Thread 0x0000015be863dad0 Uncommon trap: reason=class_check action=maybe_recompile pc=0x0000015bd3a33d5c method=java.util.concurrent.ConcurrentHashMap.get(Ljava/lang/Object;)Ljava/lang/Object; @ 93 c2
Event: 12.548 Thread 0x0000015be863dad0 DEOPT PACKING pc=0x0000015bd3a33d5c sp=0x00000021be7fe080
Event: 12.548 Thread 0x0000015be863dad0 DEOPT UNPACKING pc=0x0000015bcbf8f92e sp=0x00000021be7fdfd8 mode 2
Event: 12.550 Thread 0x0000015be8639b10 Uncommon trap: trap_request=0xffffffde fr.pc=0x0000015bd3a33d5c relative=0x000000000000029c
Event: 12.550 Thread 0x0000015be8639b10 Uncommon trap: reason=class_check action=maybe_recompile pc=0x0000015bd3a33d5c method=java.util.concurrent.ConcurrentHashMap.get(Ljava/lang/Object;)Ljava/lang/Object; @ 93 c2
Event: 12.550 Thread 0x0000015be8639b10 DEOPT PACKING pc=0x0000015bd3a33d5c sp=0x00000021be1fd970
Event: 12.550 Thread 0x0000015be8639b10 DEOPT UNPACKING pc=0x0000015bcbf8f92e sp=0x00000021be1fd8c8 mode 2
Event: 12.550 Thread 0x0000015be883b8d0 Uncommon trap: trap_request=0xffffffde fr.pc=0x0000015bd3a33d5c relative=0x000000000000029c
Event: 12.550 Thread 0x0000015be883b8d0 Uncommon trap: reason=class_check action=maybe_recompile pc=0x0000015bd3a33d5c method=java.util.concurrent.ConcurrentHashMap.get(Ljava/lang/Object;)Ljava/lang/Object; @ 93 c2
Event: 12.550 Thread 0x0000015be883b8d0 DEOPT PACKING pc=0x0000015bd3a33d5c sp=0x00000021bbdfe0c0
Event: 12.550 Thread 0x0000015be883b8d0 DEOPT UNPACKING pc=0x0000015bcbf8f92e sp=0x00000021bbdfe018 mode 2
Event: 12.555 Thread 0x0000015be65714e0 Uncommon trap: trap_request=0xffffffde fr.pc=0x0000015bd3a33d5c relative=0x000000000000029c
Event: 12.555 Thread 0x0000015be65714e0 Uncommon trap: reason=class_check action=maybe_recompile pc=0x0000015bd3a33d5c method=java.util.concurrent.ConcurrentHashMap.get(Ljava/lang/Object;)Ljava/lang/Object; @ 93 c2
Event: 12.555 Thread 0x0000015be65714e0 DEOPT PACKING pc=0x0000015bd3a33d5c sp=0x00000021baefdc80
Event: 12.555 Thread 0x0000015be65714e0 DEOPT UNPACKING pc=0x0000015bcbf8f92e sp=0x00000021baefdbd8 mode 2
Event: 12.568 Thread 0x0000015be50f8b00 DEOPT PACKING pc=0x0000015bcd7fcfc2 sp=0x00000021bd0fe0f0
Event: 12.568 Thread 0x0000015be50f8b00 DEOPT UNPACKING pc=0x0000015bcbf8e77e sp=0x00000021bd0fd600 mode 0
Event: 12.615 Thread 0x0000015be9c643f0 DEOPT PACKING pc=0x0000015bcd7fcfc2 sp=0x00000021bfefbac0
Event: 12.615 Thread 0x0000015be9c643f0 DEOPT UNPACKING pc=0x0000015bcbf8e77e sp=0x00000021bfefafd0 mode 0

Classes unloaded (7 events):
Event: 9.568 Thread 0x0000015be283c5d0 Unloading class 0x0000000801615c00 'java/lang/invoke/LambdaForm$DMH+0x0000000801615c00'
Event: 9.568 Thread 0x0000015be283c5d0 Unloading class 0x0000000801615800 'java/lang/invoke/LambdaForm$DMH+0x0000000801615800'
Event: 9.568 Thread 0x0000015be283c5d0 Unloading class 0x0000000801615400 'java/lang/invoke/LambdaForm$DMH+0x0000000801615400'
Event: 9.568 Thread 0x0000015be283c5d0 Unloading class 0x0000000801615000 'java/lang/invoke/LambdaForm$DMH+0x0000000801615000'
Event: 9.568 Thread 0x0000015be283c5d0 Unloading class 0x0000000801614c00 'java/lang/invoke/LambdaForm$DMH+0x0000000801614c00'
Event: 9.568 Thread 0x0000015be283c5d0 Unloading class 0x0000000801614400 'java/lang/invoke/LambdaForm$DMH+0x0000000801614400'
Event: 9.568 Thread 0x0000015be283c5d0 Unloading class 0x0000000801614800 'java/lang/invoke/LambdaForm$DMH+0x0000000801614800'

Classes redefined (0 events):
No events

Internal exceptions (20 events):
Event: 8.984 Thread 0x0000015be65759f0 Exception <a 'java/lang/NoSuchMethodError'{0x0000000085a22cb8}: 'java.lang.Object java.lang.invoke.DirectMethodHandle$Holder.invokeSpecialIFC(java.lang.Object, java.lang.Object, java.lang.Object)'> (0x0000000085a22cb8) 
thrown [t:\workspace\open\src\hotspot\share\interpreter\linkResolver.cpp, line 790]
Event: 8.984 Thread 0x0000015be65744b0 Exception <a 'java/lang/NoSuchMethodError'{0x0000000085bd81d0}: 'java.lang.Object java.lang.invoke.DirectMethodHandle$Holder.invokeSpecialIFC(java.lang.Object, java.lang.Object, java.lang.Object)'> (0x0000000085bd81d0) 
thrown [t:\workspace\open\src\hotspot\share\interpreter\linkResolver.cpp, line 790]
Event: 8.984 Thread 0x0000015be6570a40 Exception <a 'java/lang/NoSuchMethodError'{0x0000000085a13200}: 'java.lang.Object java.lang.invoke.DirectMethodHandle$Holder.invokeSpecialIFC(java.lang.Object, java.lang.Object, java.lang.Object)'> (0x0000000085a13200) 
thrown [t:\workspace\open\src\hotspot\share\interpreter\linkResolver.cpp, line 790]
Event: 8.984 Thread 0x0000015be6570f90 Exception <a 'java/lang/NoSuchMethodError'{0x0000000085a45598}: 'java.lang.Object java.lang.invoke.DirectMethodHandle$Holder.invokeSpecialIFC(java.lang.Object, java.lang.Object, java.lang.Object)'> (0x0000000085a45598) 
thrown [t:\workspace\open\src\hotspot\share\interpreter\linkResolver.cpp, line 790]
Event: 8.984 Thread 0x0000015be9c63950 Exception <a 'java/lang/NoSuchMethodError'{0x0000000085cdabd0}: 'java.lang.Object java.lang.invoke.DirectMethodHandle$Holder.invokeSpecialIFC(java.lang.Object, java.lang.Object, java.lang.Object)'> (0x0000000085cdabd0) 
thrown [t:\workspace\open\src\hotspot\share\interpreter\linkResolver.cpp, line 790]
Event: 8.984 Thread 0x0000015be656ffa0 Exception <a 'java/lang/NoSuchMethodError'{0x0000000085a32eb8}: 'java.lang.Object java.lang.invoke.DirectMethodHandle$Holder.invokeSpecialIFC(java.lang.Object, java.lang.Object, java.lang.Object)'> (0x0000000085a32eb8) 
thrown [t:\workspace\open\src\hotspot\share\interpreter\linkResolver.cpp, line 790]
Event: 8.984 Thread 0x0000015be8cc8710 Exception <a 'java/lang/NoSuchMethodError'{0x0000000085bf5670}: 'java.lang.Object java.lang.invoke.DirectMethodHandle$Holder.invokeSpecialIFC(java.lang.Object, java.lang.Object, java.lang.Object)'> (0x0000000085bf5670) 
thrown [t:\workspace\open\src\hotspot\share\interpreter\linkResolver.cpp, line 790]
Event: 8.985 Thread 0x0000015be8cc4200 Exception <a 'java/lang/NoSuchMethodError'{0x0000000085a06ee8}: 'java.lang.Object java.lang.invoke.DirectMethodHandle$Holder.invokeSpecialIFC(java.lang.Object, java.lang.Object, java.lang.Object)'> (0x0000000085a06ee8) 
thrown [t:\workspace\open\src\hotspot\share\interpreter\linkResolver.cpp, line 790]
Event: 9.272 Thread 0x0000015be863f010 Exception <a 'java/lang/NoSuchMethodError'{0x0000000087c9b758}: 'void java.lang.invoke.DirectMethodHandle$Holder.invokeVirtual(java.lang.Object, java.lang.Object)'> (0x0000000087c9b758) 
thrown [t:\workspace\open\src\hotspot\share\interpreter\linkResolver.cpp, line 790]
Event: 9.440 Thread 0x0000015be8639070 Implicit null exception at 0x0000015bd3f2167d to 0x0000015bd3f21ff0
Event: 9.639 Thread 0x0000015be9c63950 Implicit null exception at 0x0000015bd3d860e4 to 0x0000015bd3d862b0
Event: 10.345 Thread 0x0000015be9c63950 Exception <a 'java/lang/NoSuchMethodError'{0x000000008a28f1e0}: static Lcom/android/ide/common/resources/CompileResourceRequest;.<clinit>()V> (0x000000008a28f1e0) 
thrown [t:\workspace\open\src\hotspot\share\prims\jni.cpp, line 1210]
Event: 10.346 Thread 0x0000015be9c63950 Exception <a 'java/lang/NoSuchMethodError'{0x000000008a2a5b98}: static Ljava/lang/Object;.<clinit>()V> (0x000000008a2a5b98) 
thrown [t:\workspace\open\src\hotspot\share\prims\jni.cpp, line 1210]
Event: 10.348 Thread 0x0000015be9c63950 Exception <a 'java/lang/NoSuchMethodError'{0x000000008a2b7390}: static Ljava/lang/Object;.<clinit>()V> (0x000000008a2b7390) 
thrown [t:\workspace\open\src\hotspot\share\prims\jni.cpp, line 1210]
Event: 10.349 Thread 0x0000015be9c63950 Exception <a 'java/lang/NoSuchMethodError'{0x000000008a2c8a10}: static Ljava/lang/Object;.<clinit>()V> (0x000000008a2c8a10) 
thrown [t:\workspace\open\src\hotspot\share\prims\jni.cpp, line 1210]
Event: 10.369 Thread 0x0000015be9c63950 Exception <a 'java/lang/NoSuchMethodError'{0x000000008a1dcdf8}: static Lkotlin/InitializedLazyImpl;.<clinit>()V> (0x000000008a1dcdf8) 
thrown [t:\workspace\open\src\hotspot\share\prims\jni.cpp, line 1210]
Event: 10.385 Thread 0x0000015be9c63950 Exception <a 'java/lang/NoSuchMethodError'{0x000000008bd79830}: static [Ljava/lang/Object;.<clinit>()V> (0x000000008bd79830) 
thrown [t:\workspace\open\src\hotspot\share\prims\jni.cpp, line 1210]
Event: 11.101 Thread 0x0000015be9c68900 Implicit null exception at 0x0000015bd3ace6f2 to 0x0000015bd3acee34
Event: 12.363 Thread 0x0000015be9c643f0 Exception <a 'java/lang/NoSuchMethodError'{0x000000008a3a79c8}: 'int java.lang.invoke.DirectMethodHandle$Holder.invokeSpecial(java.lang.Object, java.lang.Object, java.lang.Object, java.lang.Object, java.lang.Object)'> (0x000000008a3a79c8) 
thrown [t:\workspace\open\src\hotspot\share\interpreter\linkResolver.cpp, line 790]
Event: 12.430 Thread 0x0000015be9c698f0 Implicit null exception at 0x0000015bd40271b8 to 0x0000015bd4027a3c

Events (20 events):
Event: 11.856 Executing  VM operation: G1CollectForAllocation
Event: 11.861 Executing  VM operation: G1CollectForAllocation done
Event: 11.883 loading class java/util/ArrayList$SubList$1
Event: 11.883 loading class java/util/ArrayList$SubList$1 done
Event: 11.968 Executing  VM operation: G1CollectForAllocation
Event: 11.974 Executing  VM operation: G1CollectForAllocation done
Event: 12.127 Thread 0x0000015be5c34c20 Thread added: 0x0000015be5c34c20
Event: 12.139 Executing  VM operation: HandshakeAllThreads
Event: 12.140 Executing  VM operation: HandshakeAllThreads done
Event: 12.155 loading class java/nio/file/FileTreeWalker$1
Event: 12.155 loading class java/nio/file/FileTreeWalker$1 done
Event: 12.224 Executing  VM operation: ICBufferFull
Event: 12.225 Executing  VM operation: ICBufferFull done
Event: 12.359 Executing  VM operation: HandshakeAllThreads
Event: 12.359 Executing  VM operation: HandshakeAllThreads done
Event: 12.537 Executing  VM operation: ICBufferFull
Event: 12.538 Executing  VM operation: ICBufferFull done
Event: 12.768 Executing  VM operation: ICBufferFull
Event: 12.768 Executing  VM operation: ICBufferFull done
Event: 12.803 Executing  VM operation: G1CollectForAllocation


Dynamic libraries:
0x00007ff7f63b0000 - 0x00007ff7f63c0000 	C:\Program Files\Java\jdk-16.0.2\bin\java.exe
0x00007ff803810000 - 0x00007ff803a08000 	C:\WINDOWS\SYSTEM32\ntdll.dll
0x00007ff801930000 - 0x00007ff8019ed000 	C:\WINDOWS\System32\KERNEL32.DLL
0x00007ff8015a0000 - 0x00007ff80186e000 	C:\WINDOWS\System32\KERNELBASE.dll
0x00007ff8011d0000 - 0x00007ff8012d0000 	C:\WINDOWS\System32\ucrtbase.dll
0x00007fffe98d0000 - 0x00007fffe98e8000 	C:\Program Files\Java\jdk-16.0.2\bin\jli.dll
0x00007fffe6230000 - 0x00007fffe6249000 	C:\Program Files\Java\jdk-16.0.2\bin\VCRUNTIME140.dll
0x00007ff8032b0000 - 0x00007ff80335e000 	C:\WINDOWS\System32\ADVAPI32.dll
0x00007ff802f30000 - 0x00007ff802fce000 	C:\WINDOWS\System32\msvcrt.dll
0x00007ff802000000 - 0x00007ff80209c000 	C:\WINDOWS\System32\sechost.dll
0x00007ff802fd0000 - 0x00007ff8030f5000 	C:\WINDOWS\System32\RPCRT4.dll
0x00007ff8020a0000 - 0x00007ff802240000 	C:\WINDOWS\System32\USER32.dll
0x00007fffead00000 - 0x00007fffeaf9a000 	C:\WINDOWS\WinSxS\amd64_microsoft.windows.common-controls_6595b64144ccf1df_6.0.19041.1110_none_60b5254171f9507e\COMCTL32.dll
0x00007ff800f30000 - 0x00007ff800f52000 	C:\WINDOWS\System32\win32u.dll
0x00007ff803520000 - 0x00007ff80354a000 	C:\WINDOWS\System32\GDI32.dll
0x00007ff801020000 - 0x00007ff80112b000 	C:\WINDOWS\System32\gdi32full.dll
0x00007ff801130000 - 0x00007ff8011cd000 	C:\WINDOWS\System32\msvcp_win.dll
0x00007ffffb480000 - 0x00007ffffb48a000 	C:\WINDOWS\SYSTEM32\VERSION.dll
0x00007ff803360000 - 0x00007ff803390000 	C:\WINDOWS\System32\IMM32.DLL
0x00007fffe6b00000 - 0x00007fffe6b0c000 	C:\Program Files\Java\jdk-16.0.2\bin\vcruntime140_1.dll
0x00007fffcdd20000 - 0x00007fffcddb1000 	C:\Program Files\Java\jdk-16.0.2\bin\msvcp140.dll
0x00007fff9ca20000 - 0x00007fff9d5cb000 	C:\Program Files\Java\jdk-16.0.2\bin\server\jvm.dll
0x00007ff8022a0000 - 0x00007ff8022a8000 	C:\WINDOWS\System32\PSAPI.DLL
0x00007ffffe070000 - 0x00007ffffe079000 	C:\WINDOWS\SYSTEM32\WSOCK32.dll
0x00007ffffeda0000 - 0x00007ffffedc7000 	C:\WINDOWS\SYSTEM32\WINMM.dll
0x00007ff801eb0000 - 0x00007ff801f1b000 	C:\WINDOWS\System32\WS2_32.dll
0x00007fffff7e0000 - 0x00007fffff7f2000 	C:\WINDOWS\SYSTEM32\kernel.appcore.dll
0x00007fffe63e0000 - 0x00007fffe63ea000 	C:\Program Files\Java\jdk-16.0.2\bin\jimage.dll
0x00007ffffebb0000 - 0x00007ffffed94000 	C:\WINDOWS\SYSTEM32\DBGHELP.DLL
0x00007ffffeb80000 - 0x00007ffffebac000 	C:\WINDOWS\SYSTEM32\dbgcore.DLL
0x00007ff800f60000 - 0x00007ff800fe2000 	C:\WINDOWS\System32\bcryptPrimitives.dll
0x00007fffce150000 - 0x00007fffce175000 	C:\Program Files\Java\jdk-16.0.2\bin\java.dll
0x00007ff8027e0000 - 0x00007ff802f24000 	C:\WINDOWS\System32\SHELL32.dll
0x00007fffff000000 - 0x00007fffff794000 	C:\WINDOWS\SYSTEM32\windows.storage.dll
0x00007ff8019f0000 - 0x00007ff801d44000 	C:\WINDOWS\System32\combase.dll
0x00007ff800990000 - 0x00007ff8009c0000 	C:\WINDOWS\SYSTEM32\Wldp.dll
0x00007ff8022b0000 - 0x00007ff80235d000 	C:\WINDOWS\System32\SHCORE.dll
0x00007ff801f20000 - 0x00007ff801f75000 	C:\WINDOWS\System32\shlwapi.dll
0x00007ff800e70000 - 0x00007ff800e8f000 	C:\WINDOWS\SYSTEM32\profapi.dll
0x00007fffd3f80000 - 0x00007fffd3f99000 	C:\Program Files\Java\jdk-16.0.2\bin\net.dll
0x00007fffeb9a0000 - 0x00007fffebaaa000 	C:\WINDOWS\SYSTEM32\WINHTTP.dll
0x00007ff8006f0000 - 0x00007ff80075a000 	C:\WINDOWS\system32\mswsock.dll
0x00007fffce130000 - 0x00007fffce143000 	C:\Program Files\Java\jdk-16.0.2\bin\nio.dll
0x00007fffce110000 - 0x00007fffce128000 	C:\Program Files\Java\jdk-16.0.2\bin\zip.dll
0x00007fffdce10000 - 0x00007fffdce20000 	C:\Program Files\Java\jdk-16.0.2\bin\verify.dll
0x00007ffffae70000 - 0x00007ffffae97000 	C:\Users\ITECH\.gradle\native\e1d6ef7f7dcc3fd88c89a11ec53ec762bb8ba0a96d01ffa2cd45eb1d1d8dd5c5\windows-amd64\native-platform.dll
0x00007fffc8760000 - 0x00007fffc88a4000 	C:\Users\ITECH\.gradle\native\5664cfc778a61ccfe75a443a1ab52a65af34e5dc3c78e0209fed803814484fcb\windows-amd64\native-platform-file-events.dll
0x00007fffdaaa0000 - 0x00007fffdaaa9000 	C:\Program Files\Java\jdk-16.0.2\bin\management.dll
0x00007fffd8520000 - 0x00007fffd852b000 	C:\Program Files\Java\jdk-16.0.2\bin\management_ext.dll
0x00007ff8008e0000 - 0x00007ff8008f8000 	C:\WINDOWS\SYSTEM32\CRYPTSP.dll
0x00007ff800000000 - 0x00007ff800034000 	C:\WINDOWS\system32\rsaenh.dll
0x00007ff800ff0000 - 0x00007ff801017000 	C:\WINDOWS\System32\bcrypt.dll
0x00007ff800df0000 - 0x00007ff800e1e000 	C:\WINDOWS\SYSTEM32\USERENV.dll
0x00007ff800900000 - 0x00007ff80090c000 	C:\WINDOWS\SYSTEM32\CRYPTBASE.dll
0x00007ff800390000 - 0x00007ff8003cb000 	C:\WINDOWS\SYSTEM32\IPHLPAPI.DLL
0x00007ff801870000 - 0x00007ff801878000 	C:\WINDOWS\System32\NSI.dll
0x00007ffff6270000 - 0x00007ffff6287000 	C:\WINDOWS\SYSTEM32\dhcpcsvc6.DLL
0x00007ffff6740000 - 0x00007ffff675d000 	C:\WINDOWS\SYSTEM32\dhcpcsvc.DLL
0x00007ff8003d0000 - 0x00007ff80049a000 	C:\WINDOWS\SYSTEM32\DNSAPI.dll
0x00007fffd5a70000 - 0x00007fffd5a7e000 	C:\Program Files\Java\jdk-16.0.2\bin\sunmscapi.dll
0x00007ff8013f0000 - 0x00007ff801546000 	C:\WINDOWS\System32\CRYPT32.dll
0x00007ff800a00000 - 0x00007ff800a27000 	C:\WINDOWS\SYSTEM32\ncrypt.dll
0x00007ff8009c0000 - 0x00007ff8009fb000 	C:\WINDOWS\SYSTEM32\NTASN1.dll
0x00007fffdae80000 - 0x00007fffdae87000 	C:\WINDOWS\system32\wshunix.dll
0x00007fffffc20000 - 0x00007fffffc53000 	C:\WINDOWS\SYSTEM32\ntmarta.dll

dbghelp: loaded successfully - version: 4.0.5 - missing functions: none
symbol engine: initialized successfully - sym options: 0x614 - pdb path: .;C:\Program Files\Java\jdk-16.0.2\bin;C:\WINDOWS\SYSTEM32;C:\WINDOWS\WinSxS\amd64_microsoft.windows.common-controls_6595b64144ccf1df_6.0.19041.1110_none_60b5254171f9507e;C:\Program Files\Java\jdk-16.0.2\bin\server;C:\Users\ITECH\.gradle\native\e1d6ef7f7dcc3fd88c89a11ec53ec762bb8ba0a96d01ffa2cd45eb1d1d8dd5c5\windows-amd64;C:\Users\ITECH\.gradle\native\5664cfc778a61ccfe75a443a1ab52a65af34e5dc3c78e0209fed803814484fcb\windows-amd64

VM Arguments:
jvm_args: --add-opens=java.base/java.util=ALL-UNNAMED --add-opens=java.base/java.lang=ALL-UNNAMED --add-opens=java.base/java.lang.invoke=ALL-UNNAMED --add-opens=java.base/java.util=ALL-UNNAMED --add-opens=java.prefs/java.util.prefs=ALL-UNNAMED --add-opens=java.prefs/java.util.prefs=ALL-UNNAMED --add-opens=java.base/java.nio.charset=ALL-UNNAMED --add-opens=java.base/java.net=ALL-UNNAMED --add-opens=java.base/java.util.concurrent.atomic=ALL-UNNAMED -Xmx2048m -Dfile.encoding=UTF-8 -Duser.country=US -Duser.language=en -Duser.variant 
java_command: org.gradle.launcher.daemon.bootstrap.GradleDaemon 7.3.3
java_class_path (initial): C:\Users\ITECH\.gradle\wrapper\dists\gradle-7.3.3-bin\6a41zxkdtcxs8rphpq6y0069z\gradle-7.3.3\lib\gradle-launcher-7.3.3.jar
Launcher Type: SUN_STANDARD

[Global flags]
     intx CICompilerCount                          = 4                                         {product} {ergonomic}
     uint ConcGCThreads                            = 2                                         {product} {ergonomic}
     uint G1ConcRefinementThreads                  = 8                                         {product} {ergonomic}
   size_t G1HeapRegionSize                         = 1048576                                   {product} {ergonomic}
    uintx GCDrainStackTargetSize                   = 64                                        {product} {ergonomic}
   size_t InitialHeapSize                          = 132120576                                 {product} {ergonomic}
   size_t MarkStackSize                            = 4194304                                   {product} {ergonomic}
   size_t MaxHeapSize                              = 2147483648                                {product} {command line}
   size_t MaxNewSize                               = 1287651328                                {product} {ergonomic}
   size_t MinHeapDeltaBytes                        = 1048576                                   {product} {ergonomic}
   size_t MinHeapSize                              = 8388608                                   {product} {ergonomic}
    uintx NonNMethodCodeHeapSize                   = 5839372                                {pd product} {ergonomic}
    uintx NonProfiledCodeHeapSize                  = 122909434                              {pd product} {ergonomic}
    uintx ProfiledCodeHeapSize                     = 122909434                              {pd product} {ergonomic}
    uintx ReservedCodeCacheSize                    = 251658240                              {pd product} {ergonomic}
     bool SegmentedCodeCache                       = true                                      {product} {ergonomic}
   size_t SoftMaxHeapSize                          = 2147483648                             {manageable} {ergonomic}
     bool UseCompressedClassPointers               = true                           {product lp64_product} {ergonomic}
     bool UseCompressedOops                        = true                           {product lp64_product} {ergonomic}
     bool UseG1GC                                  = true                                      {product} {ergonomic}
     bool UseLargePagesIndividualAllocation        = false                                  {pd product} {ergonomic}

Logging:
Log output configuration:
 #0: stdout all=warning uptime,level,tags
 #1: stderr all=off uptime,level,tags

Environment Variables:
JAVA_HOME=C:\Program Files\Java\jdk-16.0.2
PATH=C:\Program Files\Python37\Scripts\;C:\Program Files\Python37\;C:\ProgramData\Oracle\Java\javapath;C:\app\ITECH\product\11.2.0\dbhome_1\bin;C:\Program Files\Common Files\Oracle\Java\javapath;C:\Program Files (x86)\Common Files\Oracle\Java\javapath;C:\WINDOWS\system32;C:\WINDOWS;C:\WINDOWS\System32\Wbem;C:\WINDOWS\System32\WindowsPowerShell\v1.0\;C:\WINDOWS\System32\OpenSSH\;C:\Program Files\Microsoft SQL Server\130\Tools\Binn\;C:\Program Files\Microsoft SQL Server\Client SDK\ODBC\170\Tools\Binn\;C:\Program Files\dotnet\;C:\Program Files\nodejs\;C:\Program Files\Java\jdk-16.0.2\bin;C:\Program Files\Git\cmd;C:\Program Files\Java\jdk-16.0.2\bin;
USERNAME=ITECH
OS=Windows_NT
PROCESSOR_IDENTIFIER=Intel64 Family 6 Model 126 Stepping 5, GenuineIntel



---------------  S Y S T E M  ---------------

OS:
 Windows 10 , 64 bit Build 19041 (10.0.19041.1889)
OS uptime: 0 days 1:58 hours

CPU: total 8 (initial active 8) (4 cores per cpu, 2 threads per core) family 6 model 126 stepping 5 microcode 0xb0, cx8, cmov, fxsr, ht, mmx, 3dnowpref, sse, sse2, sse3, ssse3, sse4.1, sse4.2, popcnt, lzcnt, tsc, tscinvbit, avx, avx2, aes, erms, clmul, bmi1, bmi2, adx, avx512f, avx512dq, avx512cd, avx512bw, avx512vl, sha, fma, vzeroupper, avx512_vpopcntdq, avx512_vpclmulqdq, avx512_vaes, avx512_vnni, clflush, clflushopt, avx512_vmbi2, avx512_vmbi

Memory: 4k page, system-wide physical 7959M (932M free)
TotalPageFile size 7959M (AvailPageFile size 141M)
current process WorkingSet (physical memory assigned to process): 478M, peak: 478M
current process commit charge ("private bytes"): 520M, peak: 677M

vm_info: Java HotSpot(TM) 64-Bit Server VM (16.0.2+7-67) for windows-amd64 JRE (16.0.2+7-67), built on Jun  8 2021 23:24:19 by "mach5one" with MS VC++ 16.7 (VS2019)

END.
