#
# There is insufficient memory for the Java Runtime Environment to continue.
# Native memory allocation (mmap) failed to map 5144576 bytes for G1 virtual space
# Possible reasons:
#   The system is out of physical RAM or swap space
#   The process is running with CompressedOops enabled, and the Java Heap may be blocking the growth of the native heap
# Possible solutions:
#   Reduce memory load on the system
#   Increase physical memory or swap space
#   Check if swap backing store is full
#   Decrease Java heap size (-Xmx/-Xms)
#   Decrease number of Java threads
#   Decrease Java thread stack sizes (-Xss)
#   Set larger code cache with -XX:ReservedCodeCacheSize=
#   JVM is running with Unscaled Compressed Oops mode in which the Java heap is
#     placed in the first 4GB address space. The Java Heap base address is the
#     maximum limit for the native heap growth. Please use -XX:HeapBaseMinAddress
#     to set the Java Heap base and to place the Java Heap above 4GB virtual address.
# This output file may be truncated or incomplete.
#
#  Out of Memory Error (os_windows.cpp:3466), pid=4328, tid=4780
#
# JRE version: Java(TM) SE Runtime Environment (16.0.2+7) (build 16.0.2+7-67)
# Java VM: Java HotSpot(TM) 64-Bit Server VM (16.0.2+7-67, mixed mode, sharing, tiered, compressed oops, compressed class ptrs, g1 gc, windows-amd64)
# No core dump will be written. Minidumps are not enabled by default on client versions of Windows
#

---------------  S U M M A R Y ------------

Command Line: --add-opens=java.base/java.util=ALL-UNNAMED --add-opens=java.base/java.lang=ALL-UNNAMED --add-opens=java.base/java.lang.invoke=ALL-UNNAMED --add-opens=java.base/java.util=ALL-UNNAMED --add-opens=java.prefs/java.util.prefs=ALL-UNNAMED --add-opens=java.prefs/java.util.prefs=ALL-UNNAMED --add-opens=java.base/java.nio.charset=ALL-UNNAMED --add-opens=java.base/java.net=ALL-UNNAMED --add-opens=java.base/java.util.concurrent.atomic=ALL-UNNAMED -Xmx2048m -Dfile.encoding=UTF-8 -Duser.country=US -Duser.language=en -Duser.variant org.gradle.launcher.daemon.bootstrap.GradleDaemon 7.3.3

Host: Intel(R) Core(TM) i7-1065G7 CPU @ 1.30GHz, 8 cores, 7G,  Windows 10 , 64 bit Build 19041 (10.0.19041.1889)
Time: Sun Aug 21 20:48:26 2022 Egypt Standard Time elapsed time: 19.044127 seconds (0d 0h 0m 19s)

---------------  T H R E A D  ---------------

Current thread (0x000002eabec5ede0):  VMThread "VM Thread" [stack: 0x000000ff38d00000,0x000000ff38e00000] [id=4780]

Stack: [0x000000ff38d00000,0x000000ff38e00000]
Native frames: (J=compiled Java code, j=interpreted, Vv=VM code, C=native code)
V  [jvm.dll+0x6681ca]
V  [jvm.dll+0x7c9e69]
V  [jvm.dll+0x7cb61e]
V  [jvm.dll+0x7cbc73]
V  [jvm.dll+0x242c55]
V  [jvm.dll+0x664f89]
V  [jvm.dll+0x659b75]
V  [jvm.dll+0x2fbfbb]
V  [jvm.dll+0x3031b6]
V  [jvm.dll+0x3529c8]
V  [jvm.dll+0x352bcf]
V  [jvm.dll+0x2d3028]
V  [jvm.dll+0x2d0bb5]
V  [jvm.dll+0x2d01ec]
V  [jvm.dll+0x3152d2]
V  [jvm.dll+0x7d00ab]
V  [jvm.dll+0x7d0da4]
V  [jvm.dll+0x7d12a9]
V  [jvm.dll+0x7d1564]
V  [jvm.dll+0x7d1630]
V  [jvm.dll+0x7795aa]
V  [jvm.dll+0x667066]
C  [ucrtbase.dll+0x21bb2]
C  [KERNEL32.DLL+0x17034]
C  [ntdll.dll+0x52651]

VM_Operation (0x000000ff43ffe910): G1CollectForAllocation, mode: safepoint, requested by thread 0x000002eac4ef35e0


---------------  P R O C E S S  ---------------

Threads class SMR info:
_java_thread_list=0x000002eac50cbb10, length=165, elements={
0x000002eaa0bddc80, 0x000002eabec627e0, 0x000002eabec632f0, 0x000002eabec6e930,
0x000002eabec74370, 0x000002eabec76c90, 0x000002eabec775a0, 0x000002eabec79200,
0x000002eabec8cda0, 0x000002eabecad700, 0x000002eabf8da8f0, 0x000002eabf8dee20,
0x000002eac087b960, 0x000002eac0e03b20, 0x000002eac20067c0, 0x000002eac18508a0,
0x000002eac1940410, 0x000002eac0f31fa0, 0x000002eac1ea2ec0, 0x000002eac1ea2970,
0x000002eac1ea3eb0, 0x000002eac1ea3410, 0x000002eac1ea3960, 0x000002eac1ecfd80,
0x000002eac1ed0d70, 0x000002eac1ed02d0, 0x000002eac1ed0820, 0x000002eac1ed1810,
0x000002eac1ed22b0, 0x000002eac1ecf830, 0x000002eac1ed2d50, 0x000002eac1ed2800,
0x000002eac63bad10, 0x000002eac63b8290, 0x000002eac63b97d0, 0x000002eac63bbd00,
0x000002eac63bccf0, 0x000002eac63be780, 0x000002eac63b9280, 0x000002eac63becd0,
0x000002eac63bfcc0, 0x000002eac63bc7a0, 0x000002eac63b87e0, 0x000002eac63b8d30,
0x000002eac63bc250, 0x000002eac63b9d20, 0x000002eac63ba270, 0x000002eac63ba7c0,
0x000002eac63bb260, 0x000002eac63bf220, 0x000002eac63bf770, 0x000002eac63bb7b0,
0x000002eac63bd240, 0x000002eac63bd790, 0x000002eac63bdce0, 0x000002eac63be230,
0x000002eac2b79b40, 0x000002eac2b7e5a0, 0x000002eac2b7a5e0, 0x000002eac2b790a0,
0x000002eac2b7eaf0, 0x000002eac2b7b080, 0x000002eac2b7e050, 0x000002eac2b7b5d0,
0x000002eac2b78b50, 0x000002eac2b7db00, 0x000002eac2b7c070, 0x000002eac2b7bb20,
0x000002eac2b7ab30, 0x000002eac2b7d060, 0x000002eac2b770c0, 0x000002eac2b795f0,
0x000002eac2b77610, 0x000002eac2b7c5c0, 0x000002eac2b77b60, 0x000002eac2b780b0,
0x000002eac2b7cb10, 0x000002eac2b7d5b0, 0x000002eac2b78600, 0x000002eac2b7a090,
0x000002eac5deb5d0, 0x000002eac5df1570, 0x000002eac5dedb00, 0x000002eac5defae0,
0x000002eac5dec5c0, 0x000002eac5dee050, 0x000002eac5def040, 0x000002eac5dea5e0,
0x000002eac5df0030, 0x000002eac5dee5a0, 0x000002eac5ded060, 0x000002eac5deb080,
0x000002eac5def590, 0x000002eac5deeaf0, 0x000002eac5df0580, 0x000002eac5ded5b0,
0x000002eac5debb20, 0x000002eac5deab30, 0x000002eac5dec070, 0x000002eac5df0ad0,
0x000002eac5decb10, 0x000002eac5df1020, 0x000002eac5df1ac0, 0x000002eac5dea090,
0x000002eac3038130, 0x000002eac3037be0, 0x000002eac3038680, 0x000002eac303a110,
0x000002eac303c640, 0x000002eac303cb90, 0x000002eac3038bd0, 0x000002eac3035c00,
0x000002eac3036150, 0x000002eac3036bf0, 0x000002eac30366a0, 0x000002eac303b100,
0x000002eac303a660, 0x000002eac3037140, 0x000002eac303d0e0, 0x000002eac303b650,
0x000002eac30356b0, 0x000002eac3037690, 0x000002eac3039120, 0x000002eac303c0f0,
0x000002eac6422430, 0x000002eac6424eb0, 0x000002eac6423ec0, 0x000002eac6424960,
0x000002eac6425400, 0x000002eac6426940, 0x000002eac6424410, 0x000002eac6420450,
0x000002eac6420ef0, 0x000002eac641ff00, 0x000002eac6423420, 0x000002eac64209a0,
0x000002eac6421990, 0x000002eac6421ee0, 0x000002eac6423970, 0x000002eac6426e90,
0x000002eac6422ed0, 0x000002eabf9e20d0, 0x000002eac64273e0, 0x000002eac6425950,
0x000002eac6425ea0, 0x000002eac3039670, 0x000002eac4ef8590, 0x000002eac4ef7050,
0x000002eac4ef5070, 0x000002eac4ef55c0, 0x000002eac4ef4b20, 0x000002eac8196940,
0x000002eac4efaac0, 0x000002eac4ef45d0, 0x000002eac4ef3b30, 0x000002eac4ef4080,
0x000002eac4ef6060, 0x000002eac4ef65b0, 0x000002eac4ef6b00, 0x000002eac4ef3090,
0x000002eac4ef7af0, 0x000002eac4ef8040, 0x000002eac4ef9580, 0x000002eac4ef35e0,
0x000002eac4ef8ae0
}

Java Threads: ( => current thread )
  0x000002eaa0bddc80 JavaThread "main" [_thread_blocked, id=3420, stack(0x000000ff38700000,0x000000ff38800000)]
  0x000002eabec627e0 JavaThread "Reference Handler" daemon [_thread_blocked, id=8296, stack(0x000000ff38e00000,0x000000ff38f00000)]
  0x000002eabec632f0 JavaThread "Finalizer" daemon [_thread_blocked, id=11028, stack(0x000000ff38f00000,0x000000ff39000000)]
  0x000002eabec6e930 JavaThread "Signal Dispatcher" daemon [_thread_blocked, id=556, stack(0x000000ff39000000,0x000000ff39100000)]
  0x000002eabec74370 JavaThread "Attach Listener" daemon [_thread_blocked, id=1856, stack(0x000000ff39100000,0x000000ff39200000)]
  0x000002eabec76c90 JavaThread "Service Thread" daemon [_thread_blocked, id=9660, stack(0x000000ff39200000,0x000000ff39300000)]
  0x000002eabec775a0 JavaThread "Monitor Deflation Thread" daemon [_thread_blocked, id=3708, stack(0x000000ff39300000,0x000000ff39400000)]
  0x000002eabec79200 JavaThread "C2 CompilerThread0" daemon [_thread_blocked, id=5068, stack(0x000000ff39400000,0x000000ff39500000)]
  0x000002eabec8cda0 JavaThread "C1 CompilerThread0" daemon [_thread_blocked, id=5812, stack(0x000000ff39500000,0x000000ff39600000)]
  0x000002eabecad700 JavaThread "Sweeper thread" daemon [_thread_blocked, id=5740, stack(0x000000ff39600000,0x000000ff39700000)]
  0x000002eabf8da8f0 JavaThread "Common-Cleaner" daemon [_thread_blocked, id=6324, stack(0x000000ff39700000,0x000000ff39800000)]
  0x000002eabf8dee20 JavaThread "Notification Thread" daemon [_thread_blocked, id=7156, stack(0x000000ff39800000,0x000000ff39900000)]
  0x000002eac087b960 JavaThread "Daemon health stats" [_thread_blocked, id=10496, stack(0x000000ff3a000000,0x000000ff3a100000)]
  0x000002eac0e03b20 JavaThread "Incoming local TCP Connector on port 56779" [_thread_in_native, id=2408, stack(0x000000ff3a100000,0x000000ff3a200000)]
  0x000002eac20067c0 JavaThread "Daemon periodic checks" [_thread_blocked, id=1552, stack(0x000000ff3a200000,0x000000ff3a300000)]
  0x000002eac18508a0 JavaThread "Daemon" [_thread_blocked, id=10656, stack(0x000000ff3a300000,0x000000ff3a400000)]
  0x000002eac1940410 JavaThread "Handler for socket connection from /127.0.0.1:56779 to /127.0.0.1:56780" [_thread_in_native, id=3676, stack(0x000000ff3a400000,0x000000ff3a500000)]
  0x000002eac0f31fa0 JavaThread "Cancel handler" [_thread_blocked, id=2792, stack(0x000000ff3a500000,0x000000ff3a600000)]
  0x000002eac1ea2ec0 JavaThread "Daemon worker" [_thread_blocked, id=2708, stack(0x000000ff3a600000,0x000000ff3a700000)]
  0x000002eac1ea2970 JavaThread "Asynchronous log dispatcher for DefaultDaemonConnection: socket connection from /127.0.0.1:56779 to /127.0.0.1:56780" [_thread_blocked, id=3240, stack(0x000000ff3a700000,0x000000ff3a800000)]
  0x000002eac1ea3eb0 JavaThread "Stdin handler" [_thread_blocked, id=3332, stack(0x000000ff3a800000,0x000000ff3a900000)]
  0x000002eac1ea3410 JavaThread "Daemon client event forwarder" [_thread_blocked, id=2896, stack(0x000000ff3a900000,0x000000ff3aa00000)]
  0x000002eac1ea3960 JavaThread "Cache worker for journal cache (C:\Users\ITECH\.gradle\caches\journal-1)" [_thread_blocked, id=7364, stack(0x000000ff3aa00000,0x000000ff3ab00000)]
  0x000002eac1ecfd80 JavaThread "File lock request listener" [_thread_in_native, id=11908, stack(0x000000ff3ab00000,0x000000ff3ac00000)]
  0x000002eac1ed0d70 JavaThread "Cache worker for file hash cache (C:\Users\ITECH\.gradle\caches\7.3.3\fileHashes)" [_thread_blocked, id=7524, stack(0x000000ff3ac00000,0x000000ff3ad00000)]
  0x000002eac1ed02d0 JavaThread "Cache worker for file hash cache (C:\Users\ITECH\AndroidStudioProjects\yummy\.gradle\7.3.3\fileHashes)" [_thread_blocked, id=6884, stack(0x000000ff3ad00000,0x000000ff3ae00000)]
  0x000002eac1ed0820 JavaThread "File watcher server" daemon [_thread_blocked, id=12916, stack(0x000000ff3b100000,0x000000ff3b200000)]
  0x000002eac1ed1810 JavaThread "File watcher consumer" daemon [_thread_blocked, id=8024, stack(0x000000ff3b200000,0x000000ff3b300000)]
  0x000002eac1ed22b0 JavaThread "Cache worker for checksums cache (C:\Users\ITECH\AndroidStudioProjects\yummy\.gradle\7.3.3\checksums)" [_thread_blocked, id=6528, stack(0x000000ff3b300000,0x000000ff3b400000)]
  0x000002eac1ecf830 JavaThread "Cache worker for cache directory md-supplier (C:\Users\ITECH\.gradle\caches\7.3.3\md-supplier)" [_thread_blocked, id=7388, stack(0x000000ff3b400000,0x000000ff3b500000)]
  0x000002eac1ed2d50 JavaThread "Cache worker for cache directory md-rule (C:\Users\ITECH\.gradle\caches\7.3.3\md-rule)" [_thread_blocked, id=9756, stack(0x000000ff3b500000,0x000000ff3b600000)]
  0x000002eac1ed2800 JavaThread "Cache worker for execution history cache (C:\Users\ITECH\.gradle\caches\7.3.3\executionHistory)" [_thread_blocked, id=10284, stack(0x000000ff3b700000,0x000000ff3b800000)]
  0x000002eac63bad10 JavaThread "jar transforms" [_thread_blocked, id=11160, stack(0x000000ff3b800000,0x000000ff3b900000)]
  0x000002eac63b8290 JavaThread "Cache worker for file content cache (C:\Users\ITECH\.gradle\caches\7.3.3\fileContent)" [_thread_blocked, id=12852, stack(0x000000ff3b900000,0x000000ff3ba00000)]
  0x000002eac63b97d0 JavaThread "jar transforms Thread 2" [_thread_blocked, id=7872, stack(0x000000ff3ba00000,0x000000ff3bb00000)]
  0x000002eac63bbd00 JavaThread "Cache worker for dependencies-accessors (C:\Users\ITECH\AndroidStudioProjects\yummy\.gradle\7.3.3\dependencies-accessors)" [_thread_blocked, id=7864, stack(0x000000ff3bb00000,0x000000ff3bc00000)]
  0x000002eac63bccf0 JavaThread "jar transforms Thread 3" [_thread_blocked, id=7796, stack(0x000000ff3bc00000,0x000000ff3bd00000)]
  0x000002eac63be780 JavaThread "Cache worker for Build Output Cleanup Cache (C:\Users\ITECH\AndroidStudioProjects\yummy\.gradle\buildOutputCleanup)" [_thread_blocked, id=7768, stack(0x000000ff3bd00000,0x000000ff3be00000)]
  0x000002eac63b9280 JavaThread "Unconstrained build operations" [_thread_blocked, id=7444, stack(0x000000ff3be00000,0x000000ff3bf00000)]
  0x000002eac63becd0 JavaThread "Unconstrained build operations Thread 2" [_thread_blocked, id=7764, stack(0x000000ff3bf00000,0x000000ff3c000000)]
  0x000002eac63bfcc0 JavaThread "Unconstrained build operations Thread 3" [_thread_blocked, id=7776, stack(0x000000ff3c000000,0x000000ff3c100000)]
  0x000002eac63bc7a0 JavaThread "Unconstrained build operations Thread 4" [_thread_blocked, id=4208, stack(0x000000ff3c100000,0x000000ff3c200000)]
  0x000002eac63b87e0 JavaThread "Unconstrained build operations Thread 5" [_thread_blocked, id=11000, stack(0x000000ff3c200000,0x000000ff3c300000)]
  0x000002eac63b8d30 JavaThread "Unconstrained build operations Thread 6" [_thread_blocked, id=6984, stack(0x000000ff3c300000,0x000000ff3c400000)]
  0x000002eac63bc250 JavaThread "Unconstrained build operations Thread 7" [_thread_blocked, id=4924, stack(0x000000ff3c400000,0x000000ff3c500000)]
  0x000002eac63b9d20 JavaThread "Unconstrained build operations Thread 8" [_thread_blocked, id=7904, stack(0x000000ff3c500000,0x000000ff3c600000)]
  0x000002eac63ba270 JavaThread "Unconstrained build operations Thread 9" [_thread_blocked, id=11628, stack(0x000000ff3c600000,0x000000ff3c700000)]
  0x000002eac63ba7c0 JavaThread "Unconstrained build operations Thread 10" [_thread_blocked, id=11416, stack(0x000000ff3c700000,0x000000ff3c800000)]
  0x000002eac63bb260 JavaThread "Unconstrained build operations Thread 11" [_thread_blocked, id=13188, stack(0x000000ff3c800000,0x000000ff3c900000)]
  0x000002eac63bf220 JavaThread "Unconstrained build operations Thread 12" [_thread_blocked, id=12712, stack(0x000000ff3c900000,0x000000ff3ca00000)]
  0x000002eac63bf770 JavaThread "Unconstrained build operations Thread 13" [_thread_blocked, id=13224, stack(0x000000ff3ca00000,0x000000ff3cb00000)]
  0x000002eac63bb7b0 JavaThread "Unconstrained build operations Thread 14" [_thread_blocked, id=12528, stack(0x000000ff3cb00000,0x000000ff3cc00000)]
  0x000002eac63bd240 JavaThread "Unconstrained build operations Thread 15" [_thread_blocked, id=11380, stack(0x000000ff3cc00000,0x000000ff3cd00000)]
  0x000002eac63bd790 JavaThread "Unconstrained build operations Thread 16" [_thread_blocked, id=8564, stack(0x000000ff3cd00000,0x000000ff3ce00000)]
  0x000002eac63bdce0 JavaThread "Unconstrained build operations Thread 17" [_thread_blocked, id=9536, stack(0x000000ff3ce00000,0x000000ff3cf00000)]
  0x000002eac63be230 JavaThread "Unconstrained build operations Thread 18" [_thread_blocked, id=8652, stack(0x000000ff3cf00000,0x000000ff3d000000)]
  0x000002eac2b79b40 JavaThread "Unconstrained build operations Thread 19" [_thread_blocked, id=6784, stack(0x000000ff3d000000,0x000000ff3d100000)]
  0x000002eac2b7e5a0 JavaThread "Unconstrained build operations Thread 20" [_thread_blocked, id=2472, stack(0x000000ff3d100000,0x000000ff3d200000)]
  0x000002eac2b7a5e0 JavaThread "Unconstrained build operations Thread 21" [_thread_blocked, id=3736, stack(0x000000ff3d200000,0x000000ff3d300000)]
  0x000002eac2b790a0 JavaThread "Unconstrained build operations Thread 22" [_thread_blocked, id=4580, stack(0x000000ff3d300000,0x000000ff3d400000)]
  0x000002eac2b7eaf0 JavaThread "Unconstrained build operations Thread 23" [_thread_blocked, id=9584, stack(0x000000ff3d400000,0x000000ff3d500000)]
  0x000002eac2b7b080 JavaThread "Unconstrained build operations Thread 24" [_thread_blocked, id=3348, stack(0x000000ff3d500000,0x000000ff3d600000)]
  0x000002eac2b7e050 JavaThread "Unconstrained build operations Thread 25" [_thread_blocked, id=9772, stack(0x000000ff3d600000,0x000000ff3d700000)]
  0x000002eac2b7b5d0 JavaThread "Unconstrained build operations Thread 26" [_thread_blocked, id=9764, stack(0x000000ff3d700000,0x000000ff3d800000)]
  0x000002eac2b78b50 JavaThread "Unconstrained build operations Thread 27" [_thread_blocked, id=12436, stack(0x000000ff3d800000,0x000000ff3d900000)]
  0x000002eac2b7db00 JavaThread "Unconstrained build operations Thread 28" [_thread_blocked, id=11548, stack(0x000000ff3d900000,0x000000ff3da00000)]
  0x000002eac2b7c070 JavaThread "Unconstrained build operations Thread 29" [_thread_blocked, id=9828, stack(0x000000ff3da00000,0x000000ff3db00000)]
  0x000002eac2b7bb20 JavaThread "Unconstrained build operations Thread 30" [_thread_blocked, id=9760, stack(0x000000ff3db00000,0x000000ff3dc00000)]
  0x000002eac2b7ab30 JavaThread "Unconstrained build operations Thread 31" [_thread_blocked, id=9768, stack(0x000000ff3dc00000,0x000000ff3dd00000)]
  0x000002eac2b7d060 JavaThread "Unconstrained build operations Thread 32" [_thread_blocked, id=10104, stack(0x000000ff3dd00000,0x000000ff3de00000)]
  0x000002eac2b770c0 JavaThread "Unconstrained build operations Thread 33" [_thread_blocked, id=10160, stack(0x000000ff3de00000,0x000000ff3df00000)]
  0x000002eac2b795f0 JavaThread "Unconstrained build operations Thread 34" [_thread_blocked, id=11636, stack(0x000000ff3df00000,0x000000ff3e000000)]
  0x000002eac2b77610 JavaThread "Unconstrained build operations Thread 35" [_thread_blocked, id=13092, stack(0x000000ff3e000000,0x000000ff3e100000)]
  0x000002eac2b7c5c0 JavaThread "Unconstrained build operations Thread 36" [_thread_blocked, id=5224, stack(0x000000ff3e100000,0x000000ff3e200000)]
  0x000002eac2b77b60 JavaThread "Unconstrained build operations Thread 37" [_thread_blocked, id=3096, stack(0x000000ff3e200000,0x000000ff3e300000)]
  0x000002eac2b780b0 JavaThread "Unconstrained build operations Thread 38" [_thread_blocked, id=5576, stack(0x000000ff3e300000,0x000000ff3e400000)]
  0x000002eac2b7cb10 JavaThread "Unconstrained build operations Thread 39" [_thread_blocked, id=10492, stack(0x000000ff3e400000,0x000000ff3e500000)]
  0x000002eac2b7d5b0 JavaThread "Unconstrained build operations Thread 40" [_thread_blocked, id=10512, stack(0x000000ff3e500000,0x000000ff3e600000)]
  0x000002eac2b78600 JavaThread "Unconstrained build operations Thread 41" [_thread_blocked, id=10488, stack(0x000000ff3e600000,0x000000ff3e700000)]
  0x000002eac2b7a090 JavaThread "Unconstrained build operations Thread 42" [_thread_blocked, id=10508, stack(0x000000ff3e700000,0x000000ff3e800000)]
  0x000002eac5deb5d0 JavaThread "Unconstrained build operations Thread 43" [_thread_blocked, id=7328, stack(0x000000ff3e800000,0x000000ff3e900000)]
  0x000002eac5df1570 JavaThread "Unconstrained build operations Thread 44" [_thread_blocked, id=12888, stack(0x000000ff3e900000,0x000000ff3ea00000)]
  0x000002eac5dedb00 JavaThread "Unconstrained build operations Thread 45" [_thread_blocked, id=8644, stack(0x000000ff3ea00000,0x000000ff3eb00000)]
  0x000002eac5defae0 JavaThread "Unconstrained build operations Thread 46" [_thread_blocked, id=7284, stack(0x000000ff3eb00000,0x000000ff3ec00000)]
  0x000002eac5dec5c0 JavaThread "Unconstrained build operations Thread 47" [_thread_blocked, id=8532, stack(0x000000ff3ec00000,0x000000ff3ed00000)]
  0x000002eac5dee050 JavaThread "Unconstrained build operations Thread 48" [_thread_blocked, id=7460, stack(0x000000ff3ed00000,0x000000ff3ee00000)]
  0x000002eac5def040 JavaThread "Unconstrained build operations Thread 49" [_thread_blocked, id=7296, stack(0x000000ff3ee00000,0x000000ff3ef00000)]
  0x000002eac5dea5e0 JavaThread "Unconstrained build operations Thread 50" [_thread_blocked, id=10832, stack(0x000000ff3ef00000,0x000000ff3f000000)]
  0x000002eac5df0030 JavaThread "Unconstrained build operations Thread 51" [_thread_blocked, id=7428, stack(0x000000ff3f000000,0x000000ff3f100000)]
  0x000002eac5dee5a0 JavaThread "Unconstrained build operations Thread 52" [_thread_blocked, id=7492, stack(0x000000ff3f100000,0x000000ff3f200000)]
  0x000002eac5ded060 JavaThread "Unconstrained build operations Thread 53" [_thread_blocked, id=1992, stack(0x000000ff3f200000,0x000000ff3f300000)]
  0x000002eac5deb080 JavaThread "Unconstrained build operations Thread 54" [_thread_blocked, id=11876, stack(0x000000ff3f300000,0x000000ff3f400000)]
  0x000002eac5def590 JavaThread "Unconstrained build operations Thread 55" [_thread_blocked, id=2480, stack(0x000000ff3f400000,0x000000ff3f500000)]
  0x000002eac5deeaf0 JavaThread "Unconstrained build operations Thread 56" [_thread_blocked, id=1292, stack(0x000000ff3f500000,0x000000ff3f600000)]
  0x000002eac5df0580 JavaThread "Unconstrained build operations Thread 57" [_thread_blocked, id=7500, stack(0x000000ff3f600000,0x000000ff3f700000)]
  0x000002eac5ded5b0 JavaThread "Unconstrained build operations Thread 58" [_thread_blocked, id=5516, stack(0x000000ff3f700000,0x000000ff3f800000)]
  0x000002eac5debb20 JavaThread "Unconstrained build operations Thread 59" [_thread_blocked, id=5664, stack(0x000000ff3f800000,0x000000ff3f900000)]
  0x000002eac5deab30 JavaThread "Unconstrained build operations Thread 60" [_thread_blocked, id=5612, stack(0x000000ff3f900000,0x000000ff3fa00000)]
  0x000002eac5dec070 JavaThread "Unconstrained build operations Thread 61" [_thread_blocked, id=5604, stack(0x000000ff3fa00000,0x000000ff3fb00000)]
  0x000002eac5df0ad0 JavaThread "Unconstrained build operations Thread 62" [_thread_blocked, id=9720, stack(0x000000ff3fb00000,0x000000ff3fc00000)]
  0x000002eac5decb10 JavaThread "Unconstrained build operations Thread 63" [_thread_blocked, id=9748, stack(0x000000ff3fc00000,0x000000ff3fd00000)]
  0x000002eac5df1020 JavaThread "Unconstrained build operations Thread 64" [_thread_blocked, id=3900, stack(0x000000ff3fd00000,0x000000ff3fe00000)]
  0x000002eac5df1ac0 JavaThread "Unconstrained build operations Thread 65" [_thread_blocked, id=3160, stack(0x000000ff3fe00000,0x000000ff3ff00000)]
  0x000002eac5dea090 JavaThread "Unconstrained build operations Thread 66" [_thread_blocked, id=5596, stack(0x000000ff3ff00000,0x000000ff40000000)]
  0x000002eac3038130 JavaThread "Unconstrained build operations Thread 67" [_thread_blocked, id=5404, stack(0x000000ff40000000,0x000000ff40100000)]
  0x000002eac3037be0 JavaThread "Unconstrained build operations Thread 68" [_thread_blocked, id=5424, stack(0x000000ff40100000,0x000000ff40200000)]
  0x000002eac3038680 JavaThread "Unconstrained build operations Thread 69" [_thread_blocked, id=8100, stack(0x000000ff40200000,0x000000ff40300000)]
  0x000002eac303a110 JavaThread "Unconstrained build operations Thread 70" [_thread_blocked, id=3100, stack(0x000000ff40300000,0x000000ff40400000)]
  0x000002eac303c640 JavaThread "Unconstrained build operations Thread 71" [_thread_blocked, id=3128, stack(0x000000ff40400000,0x000000ff40500000)]
  0x000002eac303cb90 JavaThread "Unconstrained build operations Thread 72" [_thread_blocked, id=6184, stack(0x000000ff40500000,0x000000ff40600000)]
  0x000002eac3038bd0 JavaThread "Unconstrained build operations Thread 73" [_thread_blocked, id=10704, stack(0x000000ff40600000,0x000000ff40700000)]
  0x000002eac3035c00 JavaThread "Unconstrained build operations Thread 74" [_thread_blocked, id=11900, stack(0x000000ff40700000,0x000000ff40800000)]
  0x000002eac3036150 JavaThread "Unconstrained build operations Thread 75" [_thread_blocked, id=10124, stack(0x000000ff40800000,0x000000ff40900000)]
  0x000002eac3036bf0 JavaThread "Unconstrained build operations Thread 76" [_thread_blocked, id=11576, stack(0x000000ff40900000,0x000000ff40a00000)]
  0x000002eac30366a0 JavaThread "Unconstrained build operations Thread 77" [_thread_blocked, id=11316, stack(0x000000ff40a00000,0x000000ff40b00000)]
  0x000002eac303b100 JavaThread "Unconstrained build operations Thread 78" [_thread_blocked, id=11700, stack(0x000000ff40b00000,0x000000ff40c00000)]
  0x000002eac303a660 JavaThread "Unconstrained build operations Thread 79" [_thread_blocked, id=11128, stack(0x000000ff40c00000,0x000000ff40d00000)]
  0x000002eac3037140 JavaThread "Unconstrained build operations Thread 80" [_thread_blocked, id=11104, stack(0x000000ff40d00000,0x000000ff40e00000)]
  0x000002eac303d0e0 JavaThread "jar transforms Thread 4" [_thread_blocked, id=6476, stack(0x000000ff40e00000,0x000000ff40f00000)]
  0x000002eac303b650 JavaThread "jar transforms Thread 5" [_thread_blocked, id=13248, stack(0x000000ff40f00000,0x000000ff41000000)]
  0x000002eac30356b0 JavaThread "jar transforms Thread 6" [_thread_blocked, id=10232, stack(0x000000ff41000000,0x000000ff41100000)]
  0x000002eac3037690 JavaThread "jar transforms Thread 7" [_thread_blocked, id=11168, stack(0x000000ff41100000,0x000000ff41200000)]
  0x000002eac3039120 JavaThread "jar transforms Thread 8" [_thread_blocked, id=10140, stack(0x000000ff41200000,0x000000ff41300000)]
  0x000002eac303c0f0 JavaThread "Memory manager" [_thread_blocked, id=11208, stack(0x000000ff41300000,0x000000ff41400000)]
  0x000002eac6422430 JavaThread "build event listener" [_thread_blocked, id=3028, stack(0x000000ff41400000,0x000000ff41500000)]
  0x000002eac6424eb0 JavaThread "pool-3-thread-1" [_thread_blocked, id=10280, stack(0x000000ff41500000,0x000000ff41600000)]
  0x000002eac6423ec0 JavaThread "build event listener" [_thread_blocked, id=10680, stack(0x000000ff41600000,0x000000ff41700000)]
  0x000002eac6424960 JavaThread "Execution worker for ':'" [_thread_blocked, id=9888, stack(0x000000ff41700000,0x000000ff41800000)]
  0x000002eac6425400 JavaThread "Execution worker for ':' Thread 2" [_thread_blocked, id=10716, stack(0x000000ff41800000,0x000000ff41900000)]
  0x000002eac6426940 JavaThread "Execution worker for ':' Thread 3" [_thread_blocked, id=10700, stack(0x000000ff41900000,0x000000ff41a00000)]
  0x000002eac6424410 JavaThread "Execution worker for ':' Thread 4" [_thread_blocked, id=10244, stack(0x000000ff41a00000,0x000000ff41b00000)]
  0x000002eac6420450 JavaThread "Execution worker for ':' Thread 5" [_thread_blocked, id=10688, stack(0x000000ff41b00000,0x000000ff41c00000)]
  0x000002eac6420ef0 JavaThread "Execution worker for ':' Thread 6" [_thread_blocked, id=12104, stack(0x000000ff41c00000,0x000000ff41d00000)]
  0x000002eac641ff00 JavaThread "Execution worker for ':' Thread 7" [_thread_blocked, id=12412, stack(0x000000ff41d00000,0x000000ff41e00000)]
  0x000002eac6423420 JavaThread "Cache worker for execution history cache (C:\Users\ITECH\AndroidStudioProjects\yummy\.gradle\7.3.3\executionHistory)" [_thread_blocked, id=11496, stack(0x000000ff41e00000,0x000000ff41f00000)]
  0x000002eac64209a0 JavaThread "WorkerExecutor Queue" [_thread_blocked, id=1144, stack(0x000000ff42200000,0x000000ff42300000)]
  0x000002eac6421990 JavaThread "WorkerExecutor Queue Thread 2" [_thread_blocked, id=4244, stack(0x000000ff42300000,0x000000ff42400000)]
  0x000002eac6421ee0 JavaThread "WorkerExecutor Queue Thread 3" [_thread_blocked, id=2752, stack(0x000000ff42400000,0x000000ff42500000)]
  0x000002eac6423970 JavaThread "pool-4-thread-1" [_thread_blocked, id=12876, stack(0x000000ff42800000,0x000000ff42900000)]
  0x000002eac6426e90 JavaThread "stderr" [_thread_in_native, id=13056, stack(0x000000ff42900000,0x000000ff42a00000)]
  0x000002eac6422ed0 JavaThread "stdout" [_thread_in_native, id=8148, stack(0x000000ff42a00000,0x000000ff42b00000)]
  0x000002eabf9e20d0 JavaThread "C2 CompilerThread1" daemon [_thread_in_native, id=4192, stack(0x000000ff39a00000,0x000000ff39b00000)]
  0x000002eac64273e0 JavaThread "Cache worker for Java compile cache (C:\Users\ITECH\.gradle\caches\7.3.3\javaCompile)" [_thread_blocked, id=768, stack(0x000000ff42700000,0x000000ff42800000)]
  0x000002eac6425950 JavaThread "Build operations" [_thread_blocked, id=13236, stack(0x000000ff42b00000,0x000000ff42c00000)]
  0x000002eac6425ea0 JavaThread "Build operations Thread 2" [_thread_blocked, id=13232, stack(0x000000ff42c00000,0x000000ff42d00000)]
  0x000002eac3039670 JavaThread "Build operations Thread 3" [_thread_blocked, id=8308, stack(0x000000ff42d00000,0x000000ff42e00000)]
  0x000002eac4ef8590 JavaThread "Build operations Thread 4" [_thread_blocked, id=8272, stack(0x000000ff42e00000,0x000000ff42f00000)]
  0x000002eac4ef7050 JavaThread "Build operations Thread 5" [_thread_blocked, id=11528, stack(0x000000ff42f00000,0x000000ff43000000)]
  0x000002eac4ef5070 JavaThread "Build operations Thread 6" [_thread_blocked, id=3912, stack(0x000000ff43000000,0x000000ff43100000)]
  0x000002eac4ef55c0 JavaThread "Build operations Thread 7" [_thread_blocked, id=11920, stack(0x000000ff43100000,0x000000ff43200000)]
  0x000002eac4ef4b20 JavaThread "Build operations Thread 8" [_thread_blocked, id=4292, stack(0x000000ff43200000,0x000000ff43300000)]
  0x000002eac8196940 JavaThread "C2 CompilerThread2" daemon [_thread_blocked, id=12536, stack(0x000000ff39f00000,0x000000ff3a000000)]
  0x000002eac4efaac0 JavaThread "WorkerExecutor Queue Thread 5" [_thread_blocked, id=7236, stack(0x000000ff43300000,0x000000ff43400000)]
  0x000002eac4ef45d0 JavaThread "WorkerExecutor Queue Thread 6" [_thread_blocked, id=6584, stack(0x000000ff43400000,0x000000ff43500000)]
  0x000002eac4ef3b30 JavaThread "WorkerExecutor Queue Thread 7" [_thread_blocked, id=316, stack(0x000000ff43500000,0x000000ff43600000)]
  0x000002eac4ef4080 JavaThread "WorkerExecutor Queue Thread 8" [_thread_blocked, id=996, stack(0x000000ff43600000,0x000000ff43700000)]
  0x000002eac4ef6060 JavaThread "WorkerExecutor Queue Thread 9" [_thread_blocked, id=1488, stack(0x000000ff43700000,0x000000ff43800000)]
  0x000002eac4ef65b0 JavaThread "ForkJoinPool-1-worker-3" daemon [_thread_blocked, id=2972, stack(0x000000ff43900000,0x000000ff43a00000)]
  0x000002eac4ef6b00 JavaThread "ForkJoinPool-1-worker-5" daemon [_thread_blocked, id=1892, stack(0x000000ff43a00000,0x000000ff43b00000)]
  0x000002eac4ef3090 JavaThread "ForkJoinPool-1-worker-7" daemon [_thread_blocked, id=3620, stack(0x000000ff43b00000,0x000000ff43c00000)]
  0x000002eac4ef7af0 JavaThread "ForkJoinPool-1-worker-9" daemon [_thread_blocked, id=1996, stack(0x000000ff43c00000,0x000000ff43d00000)]
  0x000002eac4ef8040 JavaThread "ForkJoinPool-1-worker-11" daemon [_thread_blocked, id=6576, stack(0x000000ff43d00000,0x000000ff43e00000)]
  0x000002eac4ef9580 JavaThread "ForkJoinPool-1-worker-13" daemon [_thread_blocked, id=2256, stack(0x000000ff43e00000,0x000000ff43f00000)]
  0x000002eac4ef35e0 JavaThread "ForkJoinPool-1-worker-15" daemon [_thread_blocked, id=7988, stack(0x000000ff43f00000,0x000000ff44000000)]
  0x000002eac4ef8ae0 JavaThread "ForkJoinPool-1-worker-1" daemon [_thread_blocked, id=2840, stack(0x000000ff44000000,0x000000ff44100000)]

Other Threads:
=>0x000002eabec5ede0 VMThread "VM Thread" [stack: 0x000000ff38d00000,0x000000ff38e00000] [id=4780]
  0x000002eabf8df750 WatcherThread [stack: 0x000000ff39900000,0x000000ff39a00000] [id=9656]
  0x000002eaa0c1d440 GCTaskThread "GC Thread#0" [stack: 0x000000ff38800000,0x000000ff38900000] [id=3892]
  0x000002eac0490910 GCTaskThread "GC Thread#1" [stack: 0x000000ff39b00000,0x000000ff39c00000] [id=5840]
  0x000002eac0566870 GCTaskThread "GC Thread#2" [stack: 0x000000ff39c00000,0x000000ff39d00000] [id=6952]
  0x000002eac0487760 GCTaskThread "GC Thread#3" [stack: 0x000000ff39d00000,0x000000ff39e00000] [id=6644]
  0x000002eabfc532e0 GCTaskThread "GC Thread#4" [stack: 0x000000ff39e00000,0x000000ff39f00000] [id=6752]
  0x000002eac1fa9640 GCTaskThread "GC Thread#5" [stack: 0x000000ff3ae00000,0x000000ff3af00000] [id=7540]
  0x000002eac1fa7dc0 GCTaskThread "GC Thread#6" [stack: 0x000000ff3af00000,0x000000ff3b000000] [id=11092]
  0x000002eac1fa80d0 GCTaskThread "GC Thread#7" [stack: 0x000000ff3b000000,0x000000ff3b100000] [id=11376]
  0x000002eaa0c2e490 ConcurrentGCThread "G1 Main Marker" [stack: 0x000000ff38900000,0x000000ff38a00000] [id=3836]
  0x000002eaa0c2fea0 ConcurrentGCThread "G1 Conc#0" [stack: 0x000000ff38a00000,0x000000ff38b00000] [id=4200]
  0x000002eac1fa86f0 ConcurrentGCThread "G1 Conc#1" [stack: 0x000000ff3b600000,0x000000ff3b700000] [id=8076]
  0x000002eaa0cbdc10 ConcurrentGCThread "G1 Refine#0" [stack: 0x000000ff38b00000,0x000000ff38c00000] [id=4588]
  0x000002eac1a92f00 ConcurrentGCThread "G1 Refine#1" [stack: 0x000000ff41f00000,0x000000ff42000000] [id=8172]
  0x000002eac1a90800 ConcurrentGCThread "G1 Refine#2" [stack: 0x000000ff42000000,0x000000ff42100000] [id=11980]
  0x000002eac1a90b40 ConcurrentGCThread "G1 Refine#3" [stack: 0x000000ff42100000,0x000000ff42200000] [id=8184]
  0x000002eac1a90e80 ConcurrentGCThread "G1 Refine#4" [stack: 0x000000ff42500000,0x000000ff42600000] [id=2808]
  0x000002eac1a911c0 ConcurrentGCThread "G1 Refine#5" [stack: 0x000000ff42600000,0x000000ff42700000] [id=3608]
  0x000002eac1a91500 ConcurrentGCThread "G1 Refine#6" [stack: 0x000000ff44100000,0x000000ff44200000] [id=6488]
  0x000002eac4590a80 ConcurrentGCThread "G1 Refine#7" [stack: 0x000000ff44200000,0x000000ff44300000] [id=4852]
  0x000002eaa0cbe620 ConcurrentGCThread "G1 Service" [stack: 0x000000ff38c00000,0x000000ff38d00000] [id=5884]

Threads with active compile tasks:
C2 CompilerThread0    19081 15638       4       org.gradle.internal.instantiation.generator.AbstractClassGenerator::inspectType (560 bytes)
C1 CompilerThread0    19081 16253       2       com.android.tools.r8.ir.conversion.r::a (162 bytes)
C2 CompilerThread1    19081 16102       4       com.android.tools.r8.code.y1::a (4129 bytes)
C2 CompilerThread2    19081 16097 %     4       com.android.tools.r8.dex.j::a @ 313 (1042 bytes)

VM state: at safepoint (normal execution)

VM Mutex/Monitor currently owned by a thread:  ([mutex/lock_event])
[0x000002eaa0bdb060] Threads_lock - owner thread: 0x000002eabec5ede0
[0x000002eaa0bdab50] Heap_lock - owner thread: 0x000002eac4ef35e0

Heap address: 0x0000000080000000, size: 2048 MB, Compressed Oops mode: 32-bit

CDS archive(s) mapped at: [0x0000000800000000-0x0000000800bb0000-0x0000000800bb0000), size 12255232, SharedBaseAddress: 0x0000000800000000, ArchiveRelocationMode: 0.
Compressed class space mapped at: 0x0000000800c00000-0x0000000840c00000, reserved size: 1073741824
Narrow klass base: 0x0000000800000000, Narrow klass shift: 3, Narrow klass range: 0x100000000

GC Precious Log:
 CPUs: 8 total, 8 available
 Memory: 7959M
 Large Page Support: Disabled
 NUMA Support: Disabled
 Compressed Oops: Enabled (32-bit)
 Heap Region Size: 1M
 Heap Min Capacity: 8M
 Heap Initial Capacity: 126M
 Heap Max Capacity: 2G
 Pre-touch: Disabled
 Parallel Workers: 8
 Concurrent Workers: 2
 Concurrent Refinement Workers: 8
 Periodic GC: Disabled

Heap:
 garbage-first heap   total 227328K, used 156277K [0x0000000080000000, 0x0000000100000000)
  region size 1024K, 5 young (5120K), 5 survivors (5120K)
 Metaspace       used 109103K, committed 109824K, reserved 1146880K
  class space    used 14829K, committed 15168K, reserved 1048576K

Heap Regions: E=young(eden), S=young(survivor), O=old, HS=humongous(starts), HC=humongous(continues), CS=collection set, F=free, OA=open archive, CA=closed archive, TAMS=top-at-mark-start (previous, next)
|   0|0x0000000080000000, 0x0000000080100000, 0x0000000080100000|100%| O|  |TAMS 0x0000000080100000, 0x0000000080100000| Untracked 
|   1|0x0000000080100000, 0x0000000080200000, 0x0000000080200000|100%| O|  |TAMS 0x0000000080200000, 0x0000000080200000| Untracked 
|   2|0x0000000080200000, 0x0000000080300000, 0x0000000080300000|100%| O|  |TAMS 0x0000000080300000, 0x0000000080300000| Untracked 
|   3|0x0000000080300000, 0x0000000080400000, 0x0000000080400000|100%|HS|  |TAMS 0x0000000080400000, 0x0000000080400000| Complete 
|   4|0x0000000080400000, 0x0000000080500000, 0x0000000080500000|100%|HC|  |TAMS 0x0000000080500000, 0x0000000080500000| Complete 
|   5|0x0000000080500000, 0x0000000080600000, 0x0000000080600000|100%|HC|  |TAMS 0x0000000080600000, 0x0000000080600000| Complete 
|   6|0x0000000080600000, 0x0000000080700000, 0x0000000080700000|100%| O|  |TAMS 0x0000000080700000, 0x0000000080700000| Untracked 
|   7|0x0000000080700000, 0x0000000080800000, 0x0000000080800000|100%| O|  |TAMS 0x0000000080800000, 0x0000000080800000| Untracked 
|   8|0x0000000080800000, 0x0000000080900000, 0x0000000080900000|100%| O|  |TAMS 0x0000000080900000, 0x0000000080900000| Untracked 
|   9|0x0000000080900000, 0x0000000080a00000, 0x0000000080a00000|100%| O|  |TAMS 0x0000000080a00000, 0x0000000080a00000| Untracked 
|  10|0x0000000080a00000, 0x0000000080b00000, 0x0000000080b00000|100%| O|  |TAMS 0x0000000080b00000, 0x0000000080b00000| Untracked 
|  11|0x0000000080b00000, 0x0000000080c00000, 0x0000000080c00000|100%| O|  |TAMS 0x0000000080c00000, 0x0000000080c00000| Untracked 
|  12|0x0000000080c00000, 0x0000000080d00000, 0x0000000080d00000|100%| O|  |TAMS 0x0000000080d00000, 0x0000000080d00000| Untracked 
|  13|0x0000000080d00000, 0x0000000080e00000, 0x0000000080e00000|100%| O|  |TAMS 0x0000000080e00000, 0x0000000080e00000| Untracked 
|  14|0x0000000080e00000, 0x0000000080f00000, 0x0000000080f00000|100%| O|  |TAMS 0x0000000080f00000, 0x0000000080f00000| Untracked 
|  15|0x0000000080f00000, 0x0000000081000000, 0x0000000081000000|100%| O|  |TAMS 0x0000000081000000, 0x0000000081000000| Untracked 
|  16|0x0000000081000000, 0x0000000081100000, 0x0000000081100000|100%| O|  |TAMS 0x0000000081100000, 0x0000000081100000| Untracked 
|  17|0x0000000081100000, 0x0000000081200000, 0x0000000081200000|100%| O|  |TAMS 0x0000000081200000, 0x0000000081200000| Untracked 
|  18|0x0000000081200000, 0x0000000081300000, 0x0000000081300000|100%|HS|  |TAMS 0x0000000081300000, 0x0000000081300000| Complete 
|  19|0x0000000081300000, 0x0000000081400000, 0x0000000081400000|100%|HC|  |TAMS 0x0000000081400000, 0x0000000081400000| Complete 
|  20|0x0000000081400000, 0x0000000081500000, 0x0000000081500000|100%|HS|  |TAMS 0x0000000081500000, 0x0000000081500000| Complete 
|  21|0x0000000081500000, 0x0000000081600000, 0x0000000081600000|100%| O|  |TAMS 0x0000000081600000, 0x0000000081600000| Untracked 
|  22|0x0000000081600000, 0x0000000081700000, 0x0000000081700000|100%| O|  |TAMS 0x0000000081700000, 0x0000000081700000| Untracked 
|  23|0x0000000081700000, 0x0000000081800000, 0x0000000081800000|100%| O|  |TAMS 0x0000000081800000, 0x0000000081800000| Untracked 
|  24|0x0000000081800000, 0x0000000081900000, 0x0000000081900000|100%| O|  |TAMS 0x0000000081900000, 0x0000000081900000| Untracked 
|  25|0x0000000081900000, 0x0000000081a00000, 0x0000000081a00000|100%| O|  |TAMS 0x0000000081a00000, 0x0000000081a00000| Untracked 
|  26|0x0000000081a00000, 0x0000000081b00000, 0x0000000081b00000|100%| O|  |TAMS 0x0000000081b00000, 0x0000000081b00000| Untracked 
|  27|0x0000000081b00000, 0x0000000081c00000, 0x0000000081c00000|100%| O|  |TAMS 0x0000000081c00000, 0x0000000081c00000| Untracked 
|  28|0x0000000081c00000, 0x0000000081d00000, 0x0000000081d00000|100%| O|  |TAMS 0x0000000081d00000, 0x0000000081d00000| Untracked 
|  29|0x0000000081d00000, 0x0000000081e00000, 0x0000000081e00000|100%|HS|  |TAMS 0x0000000081e00000, 0x0000000081e00000| Complete 
|  30|0x0000000081e00000, 0x0000000081f00000, 0x0000000081f00000|100%| O|  |TAMS 0x0000000081f00000, 0x0000000081f00000| Untracked 
|  31|0x0000000081f00000, 0x0000000082000000, 0x0000000082000000|100%| O|  |TAMS 0x0000000082000000, 0x0000000082000000| Untracked 
|  32|0x0000000082000000, 0x0000000082100000, 0x0000000082100000|100%| O|  |TAMS 0x0000000082000000, 0x0000000082000000| Untracked 
|  33|0x0000000082100000, 0x0000000082200000, 0x0000000082200000|100%| O|  |TAMS 0x0000000082200000, 0x0000000082200000| Untracked 
|  34|0x0000000082200000, 0x0000000082300000, 0x0000000082300000|100%| O|  |TAMS 0x0000000082300000, 0x0000000082300000| Untracked 
|  35|0x0000000082300000, 0x0000000082400000, 0x0000000082400000|100%| O|  |TAMS 0x0000000082400000, 0x0000000082400000| Untracked 
|  36|0x0000000082400000, 0x0000000082500000, 0x0000000082500000|100%| O|  |TAMS 0x0000000082500000, 0x0000000082500000| Untracked 
|  37|0x0000000082500000, 0x0000000082600000, 0x0000000082600000|100%|HS|  |TAMS 0x0000000082600000, 0x0000000082600000| Complete 
|  38|0x0000000082600000, 0x0000000082700000, 0x0000000082700000|100%|HC|  |TAMS 0x0000000082700000, 0x0000000082700000| Complete 
|  39|0x0000000082700000, 0x0000000082800000, 0x0000000082800000|100%| O|  |TAMS 0x0000000082800000, 0x0000000082800000| Untracked 
|  40|0x0000000082800000, 0x0000000082900000, 0x0000000082900000|100%| O|  |TAMS 0x0000000082900000, 0x0000000082900000| Untracked 
|  41|0x0000000082900000, 0x0000000082a00000, 0x0000000082a00000|100%| O|  |TAMS 0x0000000082a00000, 0x0000000082a00000| Untracked 
|  42|0x0000000082a00000, 0x0000000082b00000, 0x0000000082b00000|100%| O|  |TAMS 0x0000000082b00000, 0x0000000082b00000| Untracked 
|  43|0x0000000082b00000, 0x0000000082c00000, 0x0000000082c00000|100%| O|  |TAMS 0x0000000082c00000, 0x0000000082c00000| Untracked 
|  44|0x0000000082c00000, 0x0000000082d00000, 0x0000000082d00000|100%| O|  |TAMS 0x0000000082d00000, 0x0000000082d00000| Untracked 
|  45|0x0000000082d00000, 0x0000000082e00000, 0x0000000082e00000|100%| O|  |TAMS 0x0000000082e00000, 0x0000000082e00000| Untracked 
|  46|0x0000000082e00000, 0x0000000082f00000, 0x0000000082f00000|100%| O|  |TAMS 0x0000000082f00000, 0x0000000082f00000| Untracked 
|  47|0x0000000082f00000, 0x0000000083000000, 0x0000000083000000|100%| O|  |TAMS 0x0000000083000000, 0x0000000083000000| Untracked 
|  48|0x0000000083000000, 0x0000000083100000, 0x0000000083100000|100%| O|  |TAMS 0x0000000083100000, 0x0000000083100000| Untracked 
|  49|0x0000000083100000, 0x0000000083200000, 0x0000000083200000|100%| O|  |TAMS 0x0000000083200000, 0x0000000083200000| Untracked 
|  50|0x0000000083200000, 0x0000000083300000, 0x0000000083300000|100%| O|  |TAMS 0x0000000083200000, 0x0000000083200000| Untracked 
|  51|0x0000000083300000, 0x0000000083400000, 0x0000000083400000|100%| O|  |TAMS 0x0000000083400000, 0x0000000083400000| Untracked 
|  52|0x0000000083400000, 0x0000000083500000, 0x0000000083500000|100%| O|  |TAMS 0x0000000083500000, 0x0000000083500000| Untracked 
|  53|0x0000000083500000, 0x0000000083600000, 0x0000000083600000|100%| O|  |TAMS 0x0000000083600000, 0x0000000083600000| Untracked 
|  54|0x0000000083600000, 0x0000000083700000, 0x0000000083700000|100%| O|  |TAMS 0x0000000083700000, 0x0000000083700000| Untracked 
|  55|0x0000000083700000, 0x0000000083800000, 0x0000000083800000|100%| O|  |TAMS 0x0000000083800000, 0x0000000083800000| Untracked 
|  56|0x0000000083800000, 0x0000000083900000, 0x0000000083900000|100%| O|  |TAMS 0x0000000083900000, 0x0000000083900000| Untracked 
|  57|0x0000000083900000, 0x0000000083a00000, 0x0000000083a00000|100%| O|  |TAMS 0x0000000083a00000, 0x0000000083a00000| Untracked 
|  58|0x0000000083a00000, 0x0000000083b00000, 0x0000000083b00000|100%| O|  |TAMS 0x0000000083b00000, 0x0000000083b00000| Untracked 
|  59|0x0000000083b00000, 0x0000000083c00000, 0x0000000083c00000|100%| O|  |TAMS 0x0000000083c00000, 0x0000000083c00000| Untracked 
|  60|0x0000000083c00000, 0x0000000083d00000, 0x0000000083d00000|100%| O|  |TAMS 0x0000000083d00000, 0x0000000083d00000| Untracked 
|  61|0x0000000083d00000, 0x0000000083e00000, 0x0000000083e00000|100%| O|  |TAMS 0x0000000083e00000, 0x0000000083e00000| Untracked 
|  62|0x0000000083e00000, 0x0000000083f00000, 0x0000000083f00000|100%| O|  |TAMS 0x0000000083f00000, 0x0000000083f00000| Untracked 
|  63|0x0000000083f00000, 0x0000000084000000, 0x0000000084000000|100%| O|  |TAMS 0x0000000084000000, 0x0000000084000000| Untracked 
|  64|0x0000000084000000, 0x0000000084100000, 0x0000000084100000|100%| O|  |TAMS 0x0000000084000000, 0x0000000084000000| Untracked 
|  65|0x0000000084100000, 0x0000000084200000, 0x0000000084200000|100%| O|  |TAMS 0x0000000084200000, 0x0000000084200000| Untracked 
|  66|0x0000000084200000, 0x0000000084300000, 0x0000000084300000|100%| O|  |TAMS 0x0000000084300000, 0x0000000084300000| Untracked 
|  67|0x0000000084300000, 0x0000000084400000, 0x0000000084400000|100%| O|  |TAMS 0x0000000084400000, 0x0000000084400000| Untracked 
|  68|0x0000000084400000, 0x0000000084500000, 0x0000000084500000|100%| O|  |TAMS 0x0000000084500000, 0x0000000084500000| Untracked 
|  69|0x0000000084500000, 0x0000000084600000, 0x0000000084600000|100%| O|  |TAMS 0x0000000084600000, 0x0000000084600000| Untracked 
|  70|0x0000000084600000, 0x0000000084700000, 0x0000000084700000|100%| O|  |TAMS 0x0000000084700000, 0x0000000084700000| Untracked 
|  71|0x0000000084700000, 0x0000000084800000, 0x0000000084800000|100%| O|  |TAMS 0x0000000084800000, 0x0000000084800000| Untracked 
|  72|0x0000000084800000, 0x0000000084900000, 0x0000000084900000|100%| O|  |TAMS 0x0000000084800000, 0x0000000084800000| Untracked 
|  73|0x0000000084900000, 0x0000000084a00000, 0x0000000084a00000|100%| O|  |TAMS 0x0000000084900000, 0x0000000084900000| Untracked 
|  74|0x0000000084a00000, 0x0000000084b00000, 0x0000000084b00000|100%| O|  |TAMS 0x0000000084b00000, 0x0000000084b00000| Untracked 
|  75|0x0000000084b00000, 0x0000000084c00000, 0x0000000084c00000|100%| O|  |TAMS 0x0000000084b00000, 0x0000000084b00000| Untracked 
|  76|0x0000000084c00000, 0x0000000084d00000, 0x0000000084d00000|100%| O|  |TAMS 0x0000000084d00000, 0x0000000084d00000| Untracked 
|  77|0x0000000084d00000, 0x0000000084e00000, 0x0000000084e00000|100%| O|  |TAMS 0x0000000084e00000, 0x0000000084e00000| Untracked 
|  78|0x0000000084e00000, 0x0000000084f00000, 0x0000000084f00000|100%| O|  |TAMS 0x0000000084e00000, 0x0000000084e00000| Untracked 
|  79|0x0000000084f00000, 0x0000000085000000, 0x0000000085000000|100%| O|  |TAMS 0x0000000084f00000, 0x0000000084f00000| Untracked 
|  80|0x0000000085000000, 0x0000000085100000, 0x0000000085100000|100%| O|  |TAMS 0x0000000085000000, 0x0000000085000000| Untracked 
|  81|0x0000000085100000, 0x0000000085200000, 0x0000000085200000|100%| O|  |TAMS 0x0000000085100000, 0x0000000085100000| Untracked 
|  82|0x0000000085200000, 0x0000000085300000, 0x0000000085300000|100%| O|  |TAMS 0x0000000085200000, 0x0000000085200000| Untracked 
|  83|0x0000000085300000, 0x0000000085400000, 0x0000000085400000|100%| O|  |TAMS 0x0000000085300000, 0x0000000085300000| Untracked 
|  84|0x0000000085400000, 0x0000000085500000, 0x0000000085500000|100%| O|  |TAMS 0x0000000085400000, 0x0000000085400000| Untracked 
|  85|0x0000000085500000, 0x0000000085600000, 0x0000000085600000|100%| O|  |TAMS 0x0000000085500000, 0x0000000085600000| Untracked 
|  86|0x0000000085600000, 0x0000000085700000, 0x0000000085700000|100%| O|  |TAMS 0x0000000085600000, 0x0000000085700000| Untracked 
|  87|0x0000000085700000, 0x0000000085800000, 0x0000000085800000|100%| O|  |TAMS 0x0000000085700000, 0x0000000085700000| Untracked 
|  88|0x0000000085800000, 0x000000008589d600, 0x0000000085900000| 61%| O|  |TAMS 0x0000000085800000, 0x0000000085800000| Untracked 
|  89|0x0000000085900000, 0x0000000085a00000, 0x0000000085a00000|100%| O|  |TAMS 0x0000000085a00000, 0x0000000085a00000| Untracked 
|  90|0x0000000085a00000, 0x0000000085b00000, 0x0000000085b00000|100%| O|  |TAMS 0x0000000085b00000, 0x0000000085b00000| Untracked 
|  91|0x0000000085b00000, 0x0000000085c00000, 0x0000000085c00000|100%| O|  |TAMS 0x0000000085c00000, 0x0000000085c00000| Untracked 
|  92|0x0000000085c00000, 0x0000000085d00000, 0x0000000085d00000|100%| O|  |TAMS 0x0000000085d00000, 0x0000000085d00000| Untracked 
|  93|0x0000000085d00000, 0x0000000085e00000, 0x0000000085e00000|100%| O|  |TAMS 0x0000000085e00000, 0x0000000085e00000| Untracked 
|  94|0x0000000085e00000, 0x0000000085e00000, 0x0000000085f00000|  0%| F|  |TAMS 0x0000000085e00000, 0x0000000085e00000| Untracked 
|  95|0x0000000085f00000, 0x0000000085f00000, 0x0000000086000000|  0%| F|  |TAMS 0x0000000085f00000, 0x0000000085f00000| Untracked 
|  96|0x0000000086000000, 0x0000000086000000, 0x0000000086100000|  0%| F|  |TAMS 0x0000000086000000, 0x0000000086000000| Untracked 
|  97|0x0000000086100000, 0x0000000086100000, 0x0000000086200000|  0%| F|  |TAMS 0x0000000086100000, 0x0000000086100000| Untracked 
|  98|0x0000000086200000, 0x0000000086200000, 0x0000000086300000|  0%| F|  |TAMS 0x0000000086200000, 0x0000000086200000| Untracked 
|  99|0x0000000086300000, 0x0000000086300000, 0x0000000086400000|  0%| F|  |TAMS 0x0000000086300000, 0x0000000086300000| Untracked 
| 100|0x0000000086400000, 0x0000000086500000, 0x0000000086500000|100%| O|  |TAMS 0x0000000086500000, 0x0000000086500000| Untracked 
| 101|0x0000000086500000, 0x0000000086600000, 0x0000000086600000|100%| O|  |TAMS 0x0000000086600000, 0x0000000086600000| Untracked 
| 102|0x0000000086600000, 0x0000000086700000, 0x0000000086700000|100%| O|  |TAMS 0x0000000086700000, 0x0000000086700000| Untracked 
| 103|0x0000000086700000, 0x0000000086800000, 0x0000000086800000|100%| O|  |TAMS 0x0000000086800000, 0x0000000086800000| Untracked 
| 104|0x0000000086800000, 0x0000000086800000, 0x0000000086900000|  0%| F|  |TAMS 0x0000000086800000, 0x0000000086800000| Untracked 
| 105|0x0000000086900000, 0x0000000086a00000, 0x0000000086a00000|100%| O|  |TAMS 0x0000000086900000, 0x0000000086a00000| Untracked 
| 106|0x0000000086a00000, 0x0000000086b00000, 0x0000000086b00000|100%| O|  |TAMS 0x0000000086a00000, 0x0000000086b00000| Untracked 
| 107|0x0000000086b00000, 0x0000000086b00000, 0x0000000086c00000|  0%| F|  |TAMS 0x0000000086b00000, 0x0000000086b00000| Untracked 
| 108|0x0000000086c00000, 0x0000000086d00000, 0x0000000086d00000|100%| O|  |TAMS 0x0000000086c00000, 0x0000000086d00000| Untracked 
| 109|0x0000000086d00000, 0x0000000086e00000, 0x0000000086e00000|100%| O|  |TAMS 0x0000000086d00000, 0x0000000086e00000| Untracked 
| 110|0x0000000086e00000, 0x0000000086f00000, 0x0000000086f00000|100%| O|  |TAMS 0x0000000086e00000, 0x0000000086f00000| Untracked 
| 111|0x0000000086f00000, 0x0000000087000000, 0x0000000087000000|100%| O|  |TAMS 0x0000000086f00000, 0x0000000087000000| Untracked 
| 112|0x0000000087000000, 0x0000000087100000, 0x0000000087100000|100%|HS|  |TAMS 0x0000000087000000, 0x0000000087100000| Complete 
| 113|0x0000000087100000, 0x0000000087200000, 0x0000000087200000|100%|HC|  |TAMS 0x0000000087100000, 0x0000000087200000| Complete 
| 114|0x0000000087200000, 0x0000000087300000, 0x0000000087300000|100%|HC|  |TAMS 0x0000000087200000, 0x0000000087300000| Complete 
| 115|0x0000000087300000, 0x0000000087400000, 0x0000000087400000|100%|HC|  |TAMS 0x0000000087300000, 0x0000000087400000| Complete 
| 116|0x0000000087400000, 0x0000000087500000, 0x0000000087500000|100%|HC|  |TAMS 0x0000000087400000, 0x0000000087500000| Complete 
| 117|0x0000000087500000, 0x0000000087600000, 0x0000000087600000|100%|HC|  |TAMS 0x0000000087500000, 0x0000000087600000| Complete 
| 118|0x0000000087600000, 0x0000000087700000, 0x0000000087700000|100%| O|  |TAMS 0x0000000087600000, 0x0000000087700000| Untracked 
| 119|0x0000000087700000, 0x0000000087800000, 0x0000000087800000|100%| O|  |TAMS 0x0000000087700000, 0x0000000087800000| Untracked 
| 120|0x0000000087800000, 0x0000000087900000, 0x0000000087900000|100%| O|  |TAMS 0x0000000087800000, 0x0000000087900000| Untracked 
| 121|0x0000000087900000, 0x0000000087a00000, 0x0000000087a00000|100%| O|  |TAMS 0x0000000087900000, 0x0000000087a00000| Untracked 
| 122|0x0000000087a00000, 0x0000000087b00000, 0x0000000087b00000|100%| O|  |TAMS 0x0000000087a00000, 0x0000000087b00000| Untracked 
| 123|0x0000000087b00000, 0x0000000087c00000, 0x0000000087c00000|100%| O|  |TAMS 0x0000000087b00000, 0x0000000087c00000| Untracked 
| 124|0x0000000087c00000, 0x0000000087d00000, 0x0000000087d00000|100%| O|  |TAMS 0x0000000087c00000, 0x0000000087d00000| Untracked 
| 125|0x0000000087d00000, 0x0000000087e00000, 0x0000000087e00000|100%| O|  |TAMS 0x0000000087d00000, 0x0000000087e00000| Untracked 
| 126|0x0000000087e00000, 0x0000000087f00000, 0x0000000087f00000|100%| O|  |TAMS 0x0000000087e00000, 0x0000000087f00000| Untracked 
| 127|0x0000000087f00000, 0x0000000088000000, 0x0000000088000000|100%| O|  |TAMS 0x0000000087f00000, 0x0000000088000000| Untracked 
| 128|0x0000000088000000, 0x0000000088100000, 0x0000000088100000|100%|HS|  |TAMS 0x0000000088000000, 0x0000000088100000| Complete 
| 129|0x0000000088100000, 0x0000000088200000, 0x0000000088200000|100%|HC|  |TAMS 0x0000000088100000, 0x0000000088200000| Complete 
| 130|0x0000000088200000, 0x0000000088300000, 0x0000000088300000|100%|HC|  |TAMS 0x0000000088200000, 0x0000000088300000| Complete 
| 131|0x0000000088300000, 0x0000000088400000, 0x0000000088400000|100%|HC|  |TAMS 0x0000000088300000, 0x0000000088400000| Complete 
| 132|0x0000000088400000, 0x0000000088500000, 0x0000000088500000|100%|HC|  |TAMS 0x0000000088400000, 0x0000000088500000| Complete 
| 133|0x0000000088500000, 0x0000000088600000, 0x0000000088600000|100%|HC|  |TAMS 0x0000000088500000, 0x0000000088600000| Complete 
| 134|0x0000000088600000, 0x0000000088700000, 0x0000000088700000|100%| O|  |TAMS 0x0000000088600000, 0x0000000088700000| Untracked 
| 135|0x0000000088700000, 0x0000000088800000, 0x0000000088800000|100%| O|  |TAMS 0x0000000088700000, 0x0000000088800000| Untracked 
| 136|0x0000000088800000, 0x0000000088900000, 0x0000000088900000|100%| O|  |TAMS 0x0000000088800000, 0x0000000088900000| Untracked 
| 137|0x0000000088900000, 0x0000000088a00000, 0x0000000088a00000|100%| O|  |TAMS 0x0000000088900000, 0x0000000088a00000| Untracked 
| 138|0x0000000088a00000, 0x0000000088b00000, 0x0000000088b00000|100%| O|  |TAMS 0x0000000088a00000, 0x0000000088b00000| Untracked 
| 139|0x0000000088b00000, 0x0000000088c00000, 0x0000000088c00000|100%| O|  |TAMS 0x0000000088b00000, 0x0000000088c00000| Untracked 
| 140|0x0000000088c00000, 0x0000000088d00000, 0x0000000088d00000|100%| O|  |TAMS 0x0000000088c00000, 0x0000000088d00000| Untracked 
| 141|0x0000000088d00000, 0x0000000088e00000, 0x0000000088e00000|100%| O|  |TAMS 0x0000000088d00000, 0x0000000088e00000| Untracked 
| 142|0x0000000088e00000, 0x0000000088f00000, 0x0000000088f00000|100%| O|  |TAMS 0x0000000088e00000, 0x0000000088f00000| Untracked 
| 143|0x0000000088f00000, 0x0000000089000000, 0x0000000089000000|100%| O|  |TAMS 0x0000000088f00000, 0x0000000089000000| Untracked 
| 144|0x0000000089000000, 0x0000000089100000, 0x0000000089100000|100%| O|  |TAMS 0x0000000089000000, 0x0000000089100000| Untracked 
| 145|0x0000000089100000, 0x0000000089200000, 0x0000000089200000|100%| O|  |TAMS 0x0000000089100000, 0x0000000089200000| Untracked 
| 146|0x0000000089200000, 0x0000000089300000, 0x0000000089300000|100%| O|  |TAMS 0x0000000089200000, 0x0000000089300000| Untracked 
| 147|0x0000000089300000, 0x0000000089400000, 0x0000000089400000|100%| O|  |TAMS 0x0000000089300000, 0x0000000089400000| Untracked 
| 148|0x0000000089400000, 0x0000000089500000, 0x0000000089500000|100%| O|  |TAMS 0x0000000089400000, 0x0000000089500000| Untracked 
| 149|0x0000000089500000, 0x0000000089600000, 0x0000000089600000|100%| O|  |TAMS 0x0000000089500000, 0x0000000089600000| Untracked 
| 150|0x0000000089600000, 0x0000000089700000, 0x0000000089700000|100%| O|  |TAMS 0x0000000089600000, 0x0000000089700000| Untracked 
| 151|0x0000000089700000, 0x0000000089700000, 0x0000000089800000|  0%| F|  |TAMS 0x0000000089700000, 0x0000000089700000| Untracked 
| 152|0x0000000089800000, 0x0000000089800000, 0x0000000089900000|  0%| F|  |TAMS 0x0000000089800000, 0x0000000089800000| Untracked 
| 153|0x0000000089900000, 0x0000000089900000, 0x0000000089a00000|  0%| F|  |TAMS 0x0000000089900000, 0x0000000089900000| Untracked 
| 154|0x0000000089a00000, 0x0000000089a00000, 0x0000000089b00000|  0%| F|  |TAMS 0x0000000089a00000, 0x0000000089a00000| Untracked 
| 155|0x0000000089b00000, 0x0000000089b00000, 0x0000000089c00000|  0%| F|  |TAMS 0x0000000089b00000, 0x0000000089b00000| Untracked 
| 156|0x0000000089c00000, 0x0000000089c00000, 0x0000000089d00000|  0%| F|  |TAMS 0x0000000089c00000, 0x0000000089c00000| Untracked 
| 157|0x0000000089d00000, 0x0000000089d00000, 0x0000000089e00000|  0%| F|  |TAMS 0x0000000089d00000, 0x0000000089d00000| Untracked 
| 158|0x0000000089e00000, 0x0000000089e00000, 0x0000000089f00000|  0%| F|  |TAMS 0x0000000089e00000, 0x0000000089e00000| Untracked 
| 159|0x0000000089f00000, 0x000000008a000000, 0x000000008a000000|100%| O|  |TAMS 0x0000000089f00000, 0x000000008a000000| Untracked 
| 160|0x000000008a000000, 0x000000008a100000, 0x000000008a100000|100%| O|  |TAMS 0x000000008a000000, 0x000000008a100000| Untracked 
| 161|0x000000008a100000, 0x000000008a200000, 0x000000008a200000|100%| O|  |TAMS 0x000000008a100000, 0x000000008a200000| Untracked 
| 162|0x000000008a200000, 0x000000008a300000, 0x000000008a300000|100%| O|  |TAMS 0x000000008a200000, 0x000000008a300000| Untracked 
| 163|0x000000008a300000, 0x000000008a400000, 0x000000008a400000|100%| O|  |TAMS 0x000000008a300000, 0x000000008a33ae00| Untracked 
| 164|0x000000008a400000, 0x000000008a400000, 0x000000008a500000|  0%| F|  |TAMS 0x000000008a400000, 0x000000008a400000| Untracked 
| 165|0x000000008a500000, 0x000000008a500000, 0x000000008a600000|  0%| F|  |TAMS 0x000000008a500000, 0x000000008a500000| Untracked 
| 166|0x000000008a600000, 0x000000008a600000, 0x000000008a700000|  0%| F|  |TAMS 0x000000008a600000, 0x000000008a600000| Untracked 
| 167|0x000000008a700000, 0x000000008a700000, 0x000000008a800000|  0%| F|  |TAMS 0x000000008a700000, 0x000000008a700000| Untracked 
| 168|0x000000008a800000, 0x000000008a800000, 0x000000008a900000|  0%| F|  |TAMS 0x000000008a800000, 0x000000008a800000| Untracked 
| 169|0x000000008a900000, 0x000000008a900000, 0x000000008aa00000|  0%| F|  |TAMS 0x000000008a900000, 0x000000008a900000| Untracked 
| 170|0x000000008aa00000, 0x000000008aa00000, 0x000000008ab00000|  0%| F|  |TAMS 0x000000008aa00000, 0x000000008aa00000| Untracked 
| 171|0x000000008ab00000, 0x000000008ab00000, 0x000000008ac00000|  0%| F|  |TAMS 0x000000008ab00000, 0x000000008ab00000| Untracked 
| 172|0x000000008ac00000, 0x000000008ac00000, 0x000000008ad00000|  0%| F|  |TAMS 0x000000008ac00000, 0x000000008ac00000| Untracked 
| 173|0x000000008ad00000, 0x000000008ad00000, 0x000000008ae00000|  0%| F|  |TAMS 0x000000008ad00000, 0x000000008ad00000| Untracked 
| 174|0x000000008ae00000, 0x000000008ae00000, 0x000000008af00000|  0%| F|  |TAMS 0x000000008ae00000, 0x000000008ae00000| Untracked 
| 175|0x000000008af00000, 0x000000008af00000, 0x000000008b000000|  0%| F|  |TAMS 0x000000008af00000, 0x000000008af00000| Untracked 
| 176|0x000000008b000000, 0x000000008b000000, 0x000000008b100000|  0%| F|  |TAMS 0x000000008b000000, 0x000000008b000000| Untracked 
| 177|0x000000008b100000, 0x000000008b100000, 0x000000008b200000|  0%| F|  |TAMS 0x000000008b100000, 0x000000008b100000| Untracked 
| 178|0x000000008b200000, 0x000000008b300000, 0x000000008b300000|100%| S|CS|TAMS 0x000000008b200000, 0x000000008b200000| Complete 
| 179|0x000000008b300000, 0x000000008b400000, 0x000000008b400000|100%| S|CS|TAMS 0x000000008b300000, 0x000000008b300000| Complete 
| 180|0x000000008b400000, 0x000000008b500000, 0x000000008b500000|100%| S|CS|TAMS 0x000000008b400000, 0x000000008b400000| Complete 
| 181|0x000000008b500000, 0x000000008b600000, 0x000000008b600000|100%| S|CS|TAMS 0x000000008b500000, 0x000000008b500000| Complete 
| 182|0x000000008b600000, 0x000000008b700000, 0x000000008b700000|100%| S|CS|TAMS 0x000000008b600000, 0x000000008b600000| Complete 
| 183|0x000000008b700000, 0x000000008b700000, 0x000000008b800000|  0%| F|  |TAMS 0x000000008b700000, 0x000000008b700000| Untracked 
| 184|0x000000008b800000, 0x000000008b800000, 0x000000008b900000|  0%| F|  |TAMS 0x000000008b800000, 0x000000008b800000| Untracked 
| 185|0x000000008b900000, 0x000000008b900000, 0x000000008ba00000|  0%| F|  |TAMS 0x000000008b900000, 0x000000008b900000| Untracked 
| 186|0x000000008ba00000, 0x000000008ba00000, 0x000000008bb00000|  0%| F|  |TAMS 0x000000008ba00000, 0x000000008ba00000| Untracked 
| 187|0x000000008bb00000, 0x000000008bb00000, 0x000000008bc00000|  0%| F|  |TAMS 0x000000008bb00000, 0x000000008bb00000| Untracked 
| 188|0x000000008bc00000, 0x000000008bc00000, 0x000000008bd00000|  0%| F|  |TAMS 0x000000008bc00000, 0x000000008bc00000| Untracked 
| 189|0x000000008bd00000, 0x000000008bd00000, 0x000000008be00000|  0%| F|  |TAMS 0x000000008bd00000, 0x000000008bd00000| Untracked 
| 190|0x000000008be00000, 0x000000008be00000, 0x000000008bf00000|  0%| F|  |TAMS 0x000000008be00000, 0x000000008be00000| Untracked 
| 191|0x000000008bf00000, 0x000000008bf00000, 0x000000008c000000|  0%| F|  |TAMS 0x000000008bf00000, 0x000000008bf00000| Untracked 
| 192|0x000000008c000000, 0x000000008c000000, 0x000000008c100000|  0%| F|  |TAMS 0x000000008c000000, 0x000000008c000000| Untracked 
| 193|0x000000008c100000, 0x000000008c100000, 0x000000008c200000|  0%| F|  |TAMS 0x000000008c100000, 0x000000008c100000| Untracked 
| 194|0x000000008c200000, 0x000000008c200000, 0x000000008c300000|  0%| F|  |TAMS 0x000000008c200000, 0x000000008c200000| Untracked 
| 195|0x000000008c300000, 0x000000008c300000, 0x000000008c400000|  0%| F|  |TAMS 0x000000008c300000, 0x000000008c300000| Untracked 
| 196|0x000000008c400000, 0x000000008c400000, 0x000000008c500000|  0%| F|  |TAMS 0x000000008c400000, 0x000000008c400000| Untracked 
| 197|0x000000008c500000, 0x000000008c500000, 0x000000008c600000|  0%| F|  |TAMS 0x000000008c500000, 0x000000008c500000| Untracked 
| 198|0x000000008c600000, 0x000000008c600000, 0x000000008c700000|  0%| F|  |TAMS 0x000000008c600000, 0x000000008c600000| Untracked 
| 199|0x000000008c700000, 0x000000008c700000, 0x000000008c800000|  0%| F|  |TAMS 0x000000008c700000, 0x000000008c700000| Untracked 
| 200|0x000000008c800000, 0x000000008c800000, 0x000000008c900000|  0%| F|  |TAMS 0x000000008c800000, 0x000000008c800000| Untracked 
| 201|0x000000008c900000, 0x000000008c900000, 0x000000008ca00000|  0%| F|  |TAMS 0x000000008c900000, 0x000000008c900000| Untracked 
| 202|0x000000008ca00000, 0x000000008ca00000, 0x000000008cb00000|  0%| F|  |TAMS 0x000000008ca00000, 0x000000008ca00000| Untracked 
| 203|0x000000008cb00000, 0x000000008cb00000, 0x000000008cc00000|  0%| F|  |TAMS 0x000000008cb00000, 0x000000008cb00000| Untracked 
| 204|0x000000008cc00000, 0x000000008cc00000, 0x000000008cd00000|  0%| F|  |TAMS 0x000000008cc00000, 0x000000008cc00000| Untracked 
| 205|0x000000008cd00000, 0x000000008cd00000, 0x000000008ce00000|  0%| F|  |TAMS 0x000000008cd00000, 0x000000008cd00000| Untracked 
| 206|0x000000008ce00000, 0x000000008ce00000, 0x000000008cf00000|  0%| F|  |TAMS 0x000000008ce00000, 0x000000008ce00000| Untracked 
| 207|0x000000008cf00000, 0x000000008cf00000, 0x000000008d000000|  0%| F|  |TAMS 0x000000008cf00000, 0x000000008cf00000| Untracked 
| 208|0x000000008d000000, 0x000000008d000000, 0x000000008d100000|  0%| F|  |TAMS 0x000000008d000000, 0x000000008d000000| Untracked 
| 209|0x000000008d100000, 0x000000008d100000, 0x000000008d200000|  0%| F|  |TAMS 0x000000008d100000, 0x000000008d100000| Untracked 
| 210|0x000000008d200000, 0x000000008d200000, 0x000000008d300000|  0%| F|  |TAMS 0x000000008d200000, 0x000000008d200000| Untracked 
| 211|0x000000008d300000, 0x000000008d300000, 0x000000008d400000|  0%| F|  |TAMS 0x000000008d300000, 0x000000008d300000| Untracked 
| 212|0x000000008d400000, 0x000000008d400000, 0x000000008d500000|  0%| F|  |TAMS 0x000000008d400000, 0x000000008d400000| Untracked 
| 213|0x000000008d500000, 0x000000008d500000, 0x000000008d600000|  0%| F|  |TAMS 0x000000008d500000, 0x000000008d500000| Untracked 
| 214|0x000000008d600000, 0x000000008d600000, 0x000000008d700000|  0%| F|  |TAMS 0x000000008d600000, 0x000000008d600000| Untracked 
| 215|0x000000008d700000, 0x000000008d700000, 0x000000008d800000|  0%| F|  |TAMS 0x000000008d700000, 0x000000008d700000| Untracked 
| 216|0x000000008d800000, 0x000000008d800000, 0x000000008d900000|  0%| F|  |TAMS 0x000000008d800000, 0x000000008d800000| Untracked 
| 217|0x000000008d900000, 0x000000008d900000, 0x000000008da00000|  0%| F|  |TAMS 0x000000008d900000, 0x000000008d900000| Untracked 
| 218|0x000000008da00000, 0x000000008da00000, 0x000000008db00000|  0%| F|  |TAMS 0x000000008da00000, 0x000000008da00000| Untracked 
| 219|0x000000008db00000, 0x000000008db00000, 0x000000008dc00000|  0%| F|  |TAMS 0x000000008db00000, 0x000000008db00000| Untracked 
| 220|0x000000008dc00000, 0x000000008dc00000, 0x000000008dd00000|  0%| F|  |TAMS 0x000000008dc00000, 0x000000008dc00000| Untracked 
| 221|0x000000008dd00000, 0x000000008dd00000, 0x000000008de00000|  0%| F|  |TAMS 0x000000008dd00000, 0x000000008dd00000| Untracked 

Card table byte_map: [0x000002eab7a90000,0x000002eab7e90000] _byte_map_base: 0x000002eab7690000

Marking Bits (Prev, Next): (CMBitMap*) 0x000002eaa0c1da40, (CMBitMap*) 0x000002eaa0c1da80
 Prev Bits: [0x000002eab8290000, 0x000002eaba290000)
 Next Bits: [0x000002eaba290000, 0x000002eabc290000)

Polling page: 0x000002ea9eaf0000

Metaspace:

Usage:
  Non-class:     92.06 MB used.
      Class:     14.48 MB used.
       Both:    106.55 MB used.

Virtual space:
  Non-class space:       96.00 MB reserved,      92.44 MB ( 96%) committed,  12 nodes.
      Class space:        1.00 GB reserved,      14.81 MB (  1%) committed,  1 nodes.
              Both:        1.09 GB reserved,     107.25 MB ( 10%) committed. 

Chunk freelists:
   Non-Class:  3.09 MB
       Class:  1.13 MB
        Both:  4.22 MB

MaxMetaspaceSize: 17179869184.00 GB
CompressedClassSpaceSize: 1.00 GB
 - commit_granule_bytes: 65536.
 - commit_granule_words: 8192.
 - virtual_space_node_default_size: 1048576.
 - enlarge_chunks_in_place: 1.
 - new_chunks_are_fully_committed: 0.
 - uncommit_free_chunks: 1.
 - use_allocation_guard: 0.
 - handle_deallocations: 1.


Internal statistics:

num_allocs_failed_limit: 6.
num_arena_births: 924.
num_arena_deaths: 14.
num_vsnodes_births: 13.
num_vsnodes_deaths: 0.
num_space_committed: 1716.
num_space_uncommitted: 0.
num_chunks_returned_to_freelist: 25.
num_chunks_taken_from_freelist: 5257.
num_chunk_merges: 14.
num_chunk_splits: 3626.
num_chunks_enlarged: 2586.
num_purges: 2.

CodeHeap 'non-profiled nmethods': size=120000Kb used=7939Kb max_used=7939Kb free=112060Kb
 bounds [0x000002eaafe30000, 0x000002eab0600000, 0x000002eab7360000]
CodeHeap 'profiled nmethods': size=120000Kb used=26786Kb max_used=26786Kb free=93213Kb
 bounds [0x000002eaa8900000, 0x000002eaaa330000, 0x000002eaafe30000]
CodeHeap 'non-nmethods': size=5760Kb used=2477Kb max_used=2534Kb free=3282Kb
 bounds [0x000002eaa8360000, 0x000002eaa85e0000, 0x000002eaa8900000]
 total_blobs=14756 nmethods=13756 adapters=911
 compilation: enabled
              stopped_count=0, restarted_count=0
 full_count=0

Compilation events (20 events):
Event: 19.022 Thread 0x000002eabec8cda0 nmethod 16234 0x000002eaaa326110 code [0x000002eaaa3262c0, 0x000002eaaa326548]
Event: 19.022 Thread 0x000002eabec8cda0 16228       2       com.android.tools.r8.internal.Yd::b (8 bytes)
Event: 19.023 Thread 0x000002eabec8cda0 nmethod 16228 0x000002eaaa326610 code [0x000002eaaa3267c0, 0x000002eaaa326968]
Event: 19.023 Thread 0x000002eabec8cda0 16240       2       com.android.tools.r8.ir.conversion.q::a (21 bytes)
Event: 19.023 Thread 0x000002eabec8cda0 nmethod 16240 0x000002eaaa326a10 code [0x000002eaaa326bc0, 0x000002eaaa326d38]
Event: 19.023 Thread 0x000002eabec8cda0 16226       2       com.android.tools.r8.internal.gE::<init> (97 bytes)
Event: 19.023 Thread 0x000002eabec8cda0 nmethod 16226 0x000002eaaa326e90 code [0x000002eaaa327060, 0x000002eaaa327598]
Event: 19.023 Thread 0x000002eabec8cda0 16232       2       com.android.tools.r8.internal.gE::a (13 bytes)
Event: 19.023 Thread 0x000002eabec8cda0 nmethod 16232 0x000002eaaa327610 code [0x000002eaaa3277a0, 0x000002eaaa3278b8]
Event: 19.023 Thread 0x000002eabec8cda0 16244       2       com.android.tools.r8.internal.kc::a (33 bytes)
Event: 19.023 Thread 0x000002eabec8cda0 nmethod 16244 0x000002eaaa327990 code [0x000002eaaa327b40, 0x000002eaaa327ce8]
Event: 19.023 Thread 0x000002eabec8cda0 16227       2       com.android.tools.r8.internal.gE::c (9 bytes)
Event: 19.024 Thread 0x000002eabec8cda0 nmethod 16227 0x000002eaaa327e10 code [0x000002eaaa327fa0, 0x000002eaaa3280f8]
Event: 19.024 Thread 0x000002eabec8cda0 16245       2       com.android.tools.r8.internal.jc::<init> (20 bytes)
Event: 19.024 Thread 0x000002eabec8cda0 nmethod 16245 0x000002eaaa328190 code [0x000002eaaa328320, 0x000002eaaa3284d8]
Event: 19.024 Thread 0x000002eabec8cda0 16220       1       com.android.tools.r8.graph.O::l0 (2 bytes)
Event: 19.024 Thread 0x000002eabec8cda0 nmethod 16220 0x000002eab05f0a10 code [0x000002eab05f0ba0, 0x000002eab05f0c78]
Event: 19.024 Thread 0x000002eabec8cda0 16243       2       com.android.tools.r8.internal.gE::a (18 bytes)
Event: 19.024 Thread 0x000002eabec8cda0 nmethod 16243 0x000002eaaa328590 code [0x000002eaaa328720, 0x000002eaaa328878]
Event: 19.024 Thread 0x000002eabec8cda0 16253       2       com.android.tools.r8.ir.conversion.r::a (162 bytes)

GC Heap History (20 events):
Event: 11.554 GC heap after
{Heap after GC invocations=42 (full 0):
 garbage-first heap   total 227328K, used 96687K [0x0000000080000000, 0x0000000100000000)
  region size 1024K, 3 young (3072K), 3 survivors (3072K)
 Metaspace       used 80784K, committed 81408K, reserved 1122304K
  class space    used 10789K, committed 11072K, reserved 1048576K
}
Event: 12.621 GC heap before
{Heap before GC invocations=43 (full 0):
 garbage-first heap   total 227328K, used 156079K [0x0000000080000000, 0x0000000100000000)
  region size 1024K, 62 young (63488K), 3 survivors (3072K)
 Metaspace       used 83901K, committed 84480K, reserved 1122304K
  class space    used 11158K, committed 11456K, reserved 1048576K
}
Event: 12.630 GC heap after
{Heap after GC invocations=44 (full 0):
 garbage-first heap   total 227328K, used 101103K [0x0000000080000000, 0x0000000100000000)
  region size 1024K, 7 young (7168K), 7 survivors (7168K)
 Metaspace       used 83901K, committed 84480K, reserved 1122304K
  class space    used 11158K, committed 11456K, reserved 1048576K
}
Event: 12.657 GC heap before
{Heap before GC invocations=44 (full 0):
 garbage-first heap   total 227328K, used 104175K [0x0000000080000000, 0x0000000100000000)
  region size 1024K, 11 young (11264K), 7 survivors (7168K)
 Metaspace       used 83905K, committed 84480K, reserved 1122304K
  class space    used 11158K, committed 11456K, reserved 1048576K
}
Event: 12.669 GC heap after
{Heap after GC invocations=45 (full 0):
 garbage-first heap   total 227328K, used 87248K [0x0000000080000000, 0x0000000100000000)
  region size 1024K, 1 young (1024K), 1 survivors (1024K)
 Metaspace       used 83905K, committed 84480K, reserved 1122304K
  class space    used 11158K, committed 11456K, reserved 1048576K
}
Event: 14.819 GC heap before
{Heap before GC invocations=45 (full 0):
 garbage-first heap   total 227328K, used 156880K [0x0000000080000000, 0x0000000100000000)
  region size 1024K, 70 young (71680K), 1 survivors (1024K)
 Metaspace       used 84858K, committed 85504K, reserved 1130496K
  class space    used 11252K, committed 11584K, reserved 1048576K
}
Event: 14.825 GC heap after
{Heap after GC invocations=46 (full 0):
 garbage-first heap   total 227328K, used 94306K [0x0000000080000000, 0x0000000100000000)
  region size 1024K, 8 young (8192K), 8 survivors (8192K)
 Metaspace       used 84858K, committed 85504K, reserved 1130496K
  class space    used 11252K, committed 11584K, reserved 1048576K
}
Event: 16.234 GC heap before
{Heap before GC invocations=46 (full 0):
 garbage-first heap   total 227328K, used 164962K [0x0000000080000000, 0x0000000100000000)
  region size 1024K, 76 young (77824K), 8 survivors (8192K)
 Metaspace       used 92671K, committed 93248K, reserved 1130496K
  class space    used 12201K, committed 12480K, reserved 1048576K
}
Event: 16.244 GC heap after
{Heap after GC invocations=47 (full 0):
 garbage-first heap   total 227328K, used 104795K [0x0000000080000000, 0x0000000100000000)
  region size 1024K, 10 young (10240K), 10 survivors (10240K)
 Metaspace       used 92671K, committed 93248K, reserved 1130496K
  class space    used 12201K, committed 12480K, reserved 1048576K
}
Event: 17.148 GC heap before
{Heap before GC invocations=47 (full 0):
 garbage-first heap   total 227328K, used 168283K [0x0000000080000000, 0x0000000100000000)
  region size 1024K, 71 young (72704K), 10 survivors (10240K)
 Metaspace       used 98514K, committed 99200K, reserved 1138688K
  class space    used 12983K, committed 13312K, reserved 1048576K
}
Event: 17.157 GC heap after
{Heap after GC invocations=48 (full 0):
 garbage-first heap   total 227328K, used 108113K [0x0000000080000000, 0x0000000100000000)
  region size 1024K, 7 young (7168K), 7 survivors (7168K)
 Metaspace       used 98514K, committed 99200K, reserved 1138688K
  class space    used 12983K, committed 13312K, reserved 1048576K
}
Event: 17.687 GC heap before
{Heap before GC invocations=48 (full 0):
 garbage-first heap   total 227328K, used 170577K [0x0000000080000000, 0x0000000100000000)
  region size 1024K, 69 young (70656K), 7 survivors (7168K)
 Metaspace       used 106332K, committed 106944K, reserved 1146880K
  class space    used 14440K, committed 14720K, reserved 1048576K
}
Event: 17.700 GC heap after
{Heap after GC invocations=49 (full 0):
 garbage-first heap   total 227328K, used 117006K [0x0000000080000000, 0x0000000100000000)
  region size 1024K, 9 young (9216K), 9 survivors (9216K)
 Metaspace       used 106332K, committed 106944K, reserved 1146880K
  class space    used 14440K, committed 14720K, reserved 1048576K
}
Event: 18.041 GC heap before
{Heap before GC invocations=49 (full 0):
 garbage-first heap   total 227328K, used 140558K [0x0000000080000000, 0x0000000100000000)
  region size 1024K, 34 young (34816K), 9 survivors (9216K)
 Metaspace       used 107176K, committed 107840K, reserved 1146880K
  class space    used 14489K, committed 14784K, reserved 1048576K
}
Event: 18.046 GC heap after
{Heap after GC invocations=50 (full 0):
 garbage-first heap   total 227328K, used 115370K [0x0000000080000000, 0x0000000100000000)
  region size 1024K, 2 young (2048K), 2 survivors (2048K)
 Metaspace       used 107176K, committed 107840K, reserved 1146880K
  class space    used 14489K, committed 14784K, reserved 1048576K
}
Event: 18.695 GC heap before
{Heap before GC invocations=51 (full 0):
 garbage-first heap   total 227328K, used 199338K [0x0000000080000000, 0x0000000100000000)
  region size 1024K, 63 young (64512K), 2 survivors (2048K)
 Metaspace       used 108976K, committed 109632K, reserved 1146880K
  class space    used 14822K, committed 15168K, reserved 1048576K
}
Event: 18.718 GC heap after
{Heap after GC invocations=52 (full 0):
 garbage-first heap   total 227328K, used 148732K [0x0000000080000000, 0x0000000100000000)
  region size 1024K, 8 young (8192K), 8 survivors (8192K)
 Metaspace       used 108976K, committed 109632K, reserved 1146880K
  class space    used 14822K, committed 15168K, reserved 1048576K
}
Event: 18.748 GC heap before
{Heap before GC invocations=52 (full 0):
 garbage-first heap   total 227328K, used 151804K [0x0000000080000000, 0x0000000100000000)
  region size 1024K, 11 young (11264K), 8 survivors (8192K)
 Metaspace       used 108981K, committed 109696K, reserved 1146880K
  class space    used 14822K, committed 15168K, reserved 1048576K
}
Event: 18.769 GC heap after
{Heap after GC invocations=53 (full 0):
 garbage-first heap   total 227328K, used 137333K [0x0000000080000000, 0x0000000100000000)
  region size 1024K, 2 young (2048K), 2 survivors (2048K)
 Metaspace       used 108981K, committed 109696K, reserved 1146880K
  class space    used 14822K, committed 15168K, reserved 1048576K
}
Event: 19.025 GC heap before
{Heap before GC invocations=53 (full 0):
 garbage-first heap   total 227328K, used 174197K [0x0000000080000000, 0x0000000100000000)
  region size 1024K, 39 young (39936K), 2 survivors (2048K)
 Metaspace       used 109103K, committed 109824K, reserved 1146880K
  class space    used 14829K, committed 15168K, reserved 1048576K
}

Deoptimization events (20 events):
Event: 18.492 Thread 0x000002eac4ef65b0 Uncommon trap: trap_request=0xffffffc6 fr.pc=0x000002eab05a8c18 relative=0x0000000000000818
Event: 18.492 Thread 0x000002eac4ef65b0 Uncommon trap: reason=bimorphic_or_optimized_type_check action=maybe_recompile pc=0x000002eab05a8c18 method=com.android.tools.r8.graph.r0.a(Lcom/android/tools/r8/internal/kV;Lcom/android/tools/r8/internal/Yb;)I @ 6 c2
Event: 18.492 Thread 0x000002eac4ef65b0 DEOPT PACKING pc=0x000002eab05a8c18 sp=0x000000ff439fe810
Event: 18.492 Thread 0x000002eac4ef65b0 DEOPT UNPACKING pc=0x000002eaa83af92e sp=0x000000ff439fe7b8 mode 2
Event: 18.493 Thread 0x000002eac4ef65b0 Uncommon trap: trap_request=0xffffffc6 fr.pc=0x000002eab05a8c18 relative=0x0000000000000818
Event: 18.493 Thread 0x000002eac4ef65b0 Uncommon trap: reason=bimorphic_or_optimized_type_check action=maybe_recompile pc=0x000002eab05a8c18 method=com.android.tools.r8.graph.r0.a(Lcom/android/tools/r8/internal/kV;Lcom/android/tools/r8/internal/Yb;)I @ 6 c2
Event: 18.493 Thread 0x000002eac4ef65b0 DEOPT PACKING pc=0x000002eab05a8c18 sp=0x000000ff439fe810
Event: 18.493 Thread 0x000002eac4ef65b0 DEOPT UNPACKING pc=0x000002eaa83af92e sp=0x000000ff439fe7b8 mode 2
Event: 18.493 Thread 0x000002eac4ef65b0 Uncommon trap: trap_request=0xffffffc6 fr.pc=0x000002eab05a8c18 relative=0x0000000000000818
Event: 18.493 Thread 0x000002eac4ef65b0 Uncommon trap: reason=bimorphic_or_optimized_type_check action=maybe_recompile pc=0x000002eab05a8c18 method=com.android.tools.r8.graph.r0.a(Lcom/android/tools/r8/internal/kV;Lcom/android/tools/r8/internal/Yb;)I @ 6 c2
Event: 18.493 Thread 0x000002eac4ef65b0 DEOPT PACKING pc=0x000002eab05a8c18 sp=0x000000ff439fe810
Event: 18.493 Thread 0x000002eac4ef65b0 DEOPT UNPACKING pc=0x000002eaa83af92e sp=0x000000ff439fe7b8 mode 2
Event: 18.547 Thread 0x000002eac4ef65b0 DEOPT PACKING pc=0x000002eaaa21b9ad sp=0x000000ff439fe8b0
Event: 18.547 Thread 0x000002eac4ef65b0 DEOPT UNPACKING pc=0x000002eaa83ae77e sp=0x000000ff439fde88 mode 0
Event: 18.581 Thread 0x000002eac4ef65b0 DEOPT PACKING pc=0x000002eaaa23796b sp=0x000000ff439fe0d0
Event: 18.581 Thread 0x000002eac4ef65b0 DEOPT UNPACKING pc=0x000002eaa83ae77e sp=0x000000ff439fdcf0 mode 0
Event: 18.597 Thread 0x000002eac4ef65b0 DEOPT PACKING pc=0x000002eaaa23796b sp=0x000000ff439fe0d0
Event: 18.597 Thread 0x000002eac4ef65b0 DEOPT UNPACKING pc=0x000002eaa83ae77e sp=0x000000ff439fdcf0 mode 0
Event: 18.604 Thread 0x000002eac4ef65b0 DEOPT PACKING pc=0x000002eaaa25775c sp=0x000000ff439fe600
Event: 18.604 Thread 0x000002eac4ef65b0 DEOPT UNPACKING pc=0x000002eaa83ae77e sp=0x000000ff439fdbe0 mode 0

Classes unloaded (7 events):
Event: 10.033 Thread 0x000002eabec5ede0 Unloading class 0x0000000801611800 'java/lang/invoke/LambdaForm$DMH+0x0000000801611800'
Event: 10.033 Thread 0x000002eabec5ede0 Unloading class 0x0000000801611c00 'java/lang/invoke/LambdaForm$DMH+0x0000000801611c00'
Event: 10.033 Thread 0x000002eabec5ede0 Unloading class 0x0000000801611400 'java/lang/invoke/LambdaForm$DMH+0x0000000801611400'
Event: 10.033 Thread 0x000002eabec5ede0 Unloading class 0x0000000801611000 'java/lang/invoke/LambdaForm$DMH+0x0000000801611000'
Event: 10.033 Thread 0x000002eabec5ede0 Unloading class 0x0000000801610800 'java/lang/invoke/LambdaForm$DMH+0x0000000801610800'
Event: 10.033 Thread 0x000002eabec5ede0 Unloading class 0x0000000801610400 'java/lang/invoke/LambdaForm$DMH+0x0000000801610400'
Event: 10.033 Thread 0x000002eabec5ede0 Unloading class 0x0000000801610c00 'java/lang/invoke/LambdaForm$DMH+0x0000000801610c00'

Classes redefined (0 events):
No events

Internal exceptions (20 events):
Event: 17.571 Thread 0x000002eac64209a0 Exception <a 'java/lang/NoSuchMethodError'{0x000000008aebb4b8}: 'java.lang.Object java.lang.invoke.Invokers$Holder.linkToTargetMethod(java.lang.Object, int, java.lang.Object, java.lang.Object, java.lang.Object, java.lang.Object)'> (0x000000008aebb4b8) 
thrown [t:\workspace\open\src\hotspot\share\interpreter\linkResolver.cpp, line 790]
Event: 17.573 Thread 0x000002eac64209a0 Exception <a 'java/lang/NoSuchMethodError'{0x000000008aeedee0}: 'java.lang.Object java.lang.invoke.Invokers$Holder.linkToTargetMethod(java.lang.Object, java.lang.Object, java.lang.Object, int, java.lang.Object, java.lang.Object, java.lang.Object)'> (0x000000008aeedee0) 
thrown [t:\workspace\open\src\hotspot\share\interpreter\linkResolver.cpp, line 790]
Event: 17.577 Thread 0x000002eac64209a0 Exception <a 'java/lang/NoSuchMethodError'{0x000000008ad29718}: 'void java.lang.invoke.DirectMethodHandle$Holder.invokeStatic(java.lang.Object, java.lang.Object, java.lang.Object, java.lang.Object, java.lang.Object, java.lang.Object, java.lang.Object, java.lang.Object)'> (0x000000008ad29718) 
thrown [t:\workspace\open\src\hotspot\share\interpreter\linkResolver.cpp, line 790]
Event: 17.577 Thread 0x000002eac6421990 Exception <a 'java/lang/NoSuchMethodError'{0x000000008b0b26c0}: 'void java.lang.invoke.DirectMethodHandle$Holder.invokeStatic(java.lang.Object, java.lang.Object, java.lang.Object, java.lang.Object, java.lang.Object, java.lang.Object, java.lang.Object, java.lang.Object)'> (0x000000008b0b26c0) 
thrown [t:\workspace\open\src\hotspot\share\interpreter\linkResolver.cpp, line 790]
Event: 17.623 Thread 0x000002eac64209a0 Exception <a 'java/lang/IncompatibleClassChangeError'{0x000000008a924698}: Found class java.lang.Object, but interface was expected> (0x000000008a924698) 
thrown [t:\workspace\open\src\hotspot\share\interpreter\linkResolver.cpp, line 857]
Event: 17.668 Thread 0x000002eac64209a0 Exception <a 'java/lang/NoSuchMethodError'{0x000000008a20fc70}: 'void java.lang.invoke.DirectMethodHandle$Holder.invokeSpecial(java.lang.Object, java.lang.Object, int)'> (0x000000008a20fc70) 
thrown [t:\workspace\open\src\hotspot\share\interpreter\linkResolver.cpp, line 790]
Event: 17.668 Thread 0x000002eac6421990 Exception <a 'java/lang/NoSuchMethodError'{0x000000008a3764f8}: 'void java.lang.invoke.DirectMethodHandle$Holder.invokeSpecial(java.lang.Object, java.lang.Object, int)'> (0x000000008a3764f8) 
thrown [t:\workspace\open\src\hotspot\share\interpreter\linkResolver.cpp, line 790]
Event: 17.712 Thread 0x000002eac6421990 Exception <a 'sun/nio/fs/WindowsException'{0x000000008dd06778}> (0x000000008dd06778) 
thrown [t:\workspace\open\src\hotspot\share\prims\jni.cpp, line 579]
Event: 17.712 Thread 0x000002eac64209a0 Exception <a 'sun/nio/fs/WindowsException'{0x000000008dd3c600}> (0x000000008dd3c600) 
thrown [t:\workspace\open\src\hotspot\share\prims\jni.cpp, line 579]
Event: 17.746 Thread 0x000002eac4ef45d0 Implicit null exception at 0x000002eaaff3eee5 to 0x000002eaaff3f0e0
Event: 17.746 Thread 0x000002eac4ef45d0 Implicit null exception at 0x000002eaaff3d52e to 0x000002eaaff3d67c
Event: 17.769 Thread 0x000002eac4ef45d0 Exception <a 'sun/nio/fs/WindowsException'{0x000000008d8d5bc8}> (0x000000008d8d5bc8) 
thrown [t:\workspace\open\src\hotspot\share\prims\jni.cpp, line 579]
Event: 17.822 Thread 0x000002eac4ef45d0 Exception <a 'sun/nio/fs/WindowsException'{0x000000008d5e77d0}> (0x000000008d5e77d0) 
thrown [t:\workspace\open\src\hotspot\share\prims\jni.cpp, line 579]
Event: 17.840 Thread 0x000002eac4ef45d0 Exception <a 'sun/nio/fs/WindowsException'{0x000000008d5f1890}> (0x000000008d5f1890) 
thrown [t:\workspace\open\src\hotspot\share\prims\jni.cpp, line 579]
Event: 18.216 Thread 0x000002eac64209a0 Exception <a 'sun/nio/fs/WindowsException'{0x000000008d8b4d88}> (0x000000008d8b4d88) 
thrown [t:\workspace\open\src\hotspot\share\prims\jni.cpp, line 579]
Event: 18.476 Thread 0x000002eac4ef3090 Exception <a 'java/lang/NoSuchMethodError'{0x000000008b4db3e0}: 'long java.lang.invoke.DirectMethodHandle$Holder.invokeStatic(java.lang.Object, java.lang.Object, java.lang.Object)'> (0x000000008b4db3e0) 
thrown [t:\workspace\open\src\hotspot\share\interpreter\linkResolver.cpp, line 790]
Event: 18.476 Thread 0x000002eac4ef8040 Exception <a 'java/lang/NoSuchMethodError'{0x000000008b4c74d8}: 'long java.lang.invoke.DirectMethodHandle$Holder.invokeStatic(java.lang.Object, java.lang.Object, java.lang.Object)'> (0x000000008b4c74d8) 
thrown [t:\workspace\open\src\hotspot\share\interpreter\linkResolver.cpp, line 790]
Event: 18.477 Thread 0x000002eac4ef6b00 Exception <a 'java/lang/NoSuchMethodError'{0x000000008b4b14a0}: 'long java.lang.invoke.DirectMethodHandle$Holder.invokeStatic(java.lang.Object, java.lang.Object, java.lang.Object)'> (0x000000008b4b14a0) 
thrown [t:\workspace\open\src\hotspot\share\interpreter\linkResolver.cpp, line 790]
Event: 18.477 Thread 0x000002eac4ef65b0 Exception <a 'java/lang/NoSuchMethodError'{0x000000008b291988}: 'long java.lang.invoke.DirectMethodHandle$Holder.invokeStatic(java.lang.Object, java.lang.Object, java.lang.Object)'> (0x000000008b291988) 
thrown [t:\workspace\open\src\hotspot\share\interpreter\linkResolver.cpp, line 790]
Event: 18.477 Thread 0x000002eac4ef8ae0 Exception <a 'java/lang/NoSuchMethodError'{0x000000008b4c2240}: 'long java.lang.invoke.DirectMethodHandle$Holder.invokeStatic(java.lang.Object, java.lang.Object, java.lang.Object)'> (0x000000008b4c2240) 
thrown [t:\workspace\open\src\hotspot\share\interpreter\linkResolver.cpp, line 790]

Events (20 events):
Event: 18.474 Executing  VM operation: HandshakeAllThreads
Event: 18.474 Executing  VM operation: HandshakeAllThreads done
Event: 18.476 loading class java/util/AbstractList$RandomAccessSubList
Event: 18.476 loading class java/util/AbstractList$SubList
Event: 18.477 loading class java/util/AbstractList$SubList done
Event: 18.477 loading class java/util/AbstractList$RandomAccessSubList done
Event: 18.477 loading class java/util/AbstractList$SubList$1
Event: 18.477 loading class java/util/AbstractList$SubList$1 done
Event: 18.660 Executing  VM operation: ICBufferFull
Event: 18.660 Executing  VM operation: ICBufferFull done
Event: 18.695 Executing  VM operation: G1CollectForAllocation
Event: 18.718 Executing  VM operation: G1CollectForAllocation done
Event: 18.747 Executing  VM operation: G1CollectForAllocation
Event: 18.769 Executing  VM operation: G1CollectForAllocation done
Event: 18.892 Thread 0x000002eac4efa570 Thread exited: 0x000002eac4efa570
Event: 18.929 Executing  VM operation: ICBufferFull
Event: 18.929 Executing  VM operation: ICBufferFull done
Event: 18.989 loading class java/util/concurrent/ForkJoinTask$AdaptedCallable
Event: 18.989 loading class java/util/concurrent/ForkJoinTask$AdaptedCallable done
Event: 19.024 Executing  VM operation: G1CollectForAllocation


Dynamic libraries:
0x00007ff6d9d10000 - 0x00007ff6d9d20000 	C:\Program Files\Java\jdk-16.0.2\bin\java.exe
0x00007ffcc81d0000 - 0x00007ffcc83c8000 	C:\WINDOWS\SYSTEM32\ntdll.dll
0x00007ffcc6530000 - 0x00007ffcc65ed000 	C:\WINDOWS\System32\KERNEL32.DLL
0x00007ffcc5b20000 - 0x00007ffcc5dee000 	C:\WINDOWS\System32\KERNELBASE.dll
0x00007ffcc5a20000 - 0x00007ffcc5b20000 	C:\WINDOWS\System32\ucrtbase.dll
0x00007ffcbe640000 - 0x00007ffcbe658000 	C:\Program Files\Java\jdk-16.0.2\bin\jli.dll
0x00007ffcbe620000 - 0x00007ffcbe639000 	C:\Program Files\Java\jdk-16.0.2\bin\VCRUNTIME140.dll
0x00007ffcc6360000 - 0x00007ffcc640e000 	C:\WINDOWS\System32\ADVAPI32.dll
0x00007ffcc69b0000 - 0x00007ffcc6a4e000 	C:\WINDOWS\System32\msvcrt.dll
0x00007ffcc80f0000 - 0x00007ffcc818c000 	C:\WINDOWS\System32\sechost.dll
0x00007ffcc7d00000 - 0x00007ffcc7e25000 	C:\WINDOWS\System32\RPCRT4.dll
0x00007ffcc66e0000 - 0x00007ffcc6880000 	C:\WINDOWS\System32\USER32.dll
0x00007ffcc6200000 - 0x00007ffcc6222000 	C:\WINDOWS\System32\win32u.dll
0x00007ffcad9e0000 - 0x00007ffcadc7a000 	C:\WINDOWS\WinSxS\amd64_microsoft.windows.common-controls_6595b64144ccf1df_6.0.19041.1110_none_60b5254171f9507e\COMCTL32.dll
0x00007ffcc65f0000 - 0x00007ffcc661a000 	C:\WINDOWS\System32\GDI32.dll
0x00007ffcc5df0000 - 0x00007ffcc5efb000 	C:\WINDOWS\System32\gdi32full.dll
0x00007ffcc58f0000 - 0x00007ffcc598d000 	C:\WINDOWS\System32\msvcp_win.dll
0x00007ffcbfbf0000 - 0x00007ffcbfbfa000 	C:\WINDOWS\SYSTEM32\VERSION.dll
0x00007ffcc80b0000 - 0x00007ffcc80e0000 	C:\WINDOWS\System32\IMM32.DLL
0x00007ffcbe610000 - 0x00007ffcbe61c000 	C:\Program Files\Java\jdk-16.0.2\bin\vcruntime140_1.dll
0x00007ffc9c720000 - 0x00007ffc9c7b1000 	C:\Program Files\Java\jdk-16.0.2\bin\msvcp140.dll
0x00007ffc9bb70000 - 0x00007ffc9c71b000 	C:\Program Files\Java\jdk-16.0.2\bin\server\jvm.dll
0x00007ffcc66d0000 - 0x00007ffcc66d8000 	C:\WINDOWS\System32\PSAPI.DLL
0x00007ffcc0fa0000 - 0x00007ffcc0fa9000 	C:\WINDOWS\SYSTEM32\WSOCK32.dll
0x00007ffcc3f20000 - 0x00007ffcc3f47000 	C:\WINDOWS\SYSTEM32\WINMM.dll
0x00007ffcc6b30000 - 0x00007ffcc6b9b000 	C:\WINDOWS\System32\WS2_32.dll
0x00007ffcc41b0000 - 0x00007ffcc41c2000 	C:\WINDOWS\SYSTEM32\kernel.appcore.dll
0x00007ffcbe600000 - 0x00007ffcbe60a000 	C:\Program Files\Java\jdk-16.0.2\bin\jimage.dll
0x00007ffcc3d30000 - 0x00007ffcc3f14000 	C:\WINDOWS\SYSTEM32\DBGHELP.DLL
0x00007ffcc3d00000 - 0x00007ffcc3d2c000 	C:\WINDOWS\SYSTEM32\dbgcore.DLL
0x00007ffcc5990000 - 0x00007ffcc5a12000 	C:\WINDOWS\System32\bcryptPrimitives.dll
0x00007ffcbe5d0000 - 0x00007ffcbe5f5000 	C:\Program Files\Java\jdk-16.0.2\bin\java.dll
0x00007ffcc75b0000 - 0x00007ffcc7cf4000 	C:\WINDOWS\System32\SHELL32.dll
0x00007ffcc3550000 - 0x00007ffcc3ce4000 	C:\WINDOWS\SYSTEM32\windows.storage.dll
0x00007ffcc7250000 - 0x00007ffcc75a4000 	C:\WINDOWS\System32\combase.dll
0x00007ffcc5350000 - 0x00007ffcc5380000 	C:\WINDOWS\SYSTEM32\Wldp.dll
0x00007ffcc6900000 - 0x00007ffcc69ad000 	C:\WINDOWS\System32\SHCORE.dll
0x00007ffcc6ba0000 - 0x00007ffcc6bf5000 	C:\WINDOWS\System32\shlwapi.dll
0x00007ffcc5830000 - 0x00007ffcc584f000 	C:\WINDOWS\SYSTEM32\profapi.dll
0x00007ffcbe5b0000 - 0x00007ffcbe5c9000 	C:\Program Files\Java\jdk-16.0.2\bin\net.dll
0x00007ffcb0c40000 - 0x00007ffcb0d4a000 	C:\WINDOWS\SYSTEM32\WINHTTP.dll
0x00007ffcc50b0000 - 0x00007ffcc511a000 	C:\WINDOWS\system32\mswsock.dll
0x00007ffcbe590000 - 0x00007ffcbe5a3000 	C:\Program Files\Java\jdk-16.0.2\bin\nio.dll
0x00007ffc9bb50000 - 0x00007ffc9bb68000 	C:\Program Files\Java\jdk-16.0.2\bin\zip.dll
0x00007ffcbe580000 - 0x00007ffcbe590000 	C:\Program Files\Java\jdk-16.0.2\bin\verify.dll
0x00007ffc9c7c0000 - 0x00007ffc9c7e7000 	C:\Users\ITECH\.gradle\native\e1d6ef7f7dcc3fd88c89a11ec53ec762bb8ba0a96d01ffa2cd45eb1d1d8dd5c5\windows-amd64\native-platform.dll
0x00007ffc9ba00000 - 0x00007ffc9bb44000 	C:\Users\ITECH\.gradle\native\5664cfc778a61ccfe75a443a1ab52a65af34e5dc3c78e0209fed803814484fcb\windows-amd64\native-platform-file-events.dll
0x00007ffcc2ae0000 - 0x00007ffcc2ae9000 	C:\Program Files\Java\jdk-16.0.2\bin\management.dll
0x00007ffcc2a60000 - 0x00007ffcc2a6b000 	C:\Program Files\Java\jdk-16.0.2\bin\management_ext.dll
0x00007ffcc52a0000 - 0x00007ffcc52b8000 	C:\WINDOWS\SYSTEM32\CRYPTSP.dll
0x00007ffcc49c0000 - 0x00007ffcc49f4000 	C:\WINDOWS\system32\rsaenh.dll
0x00007ffcc5f00000 - 0x00007ffcc5f27000 	C:\WINDOWS\System32\bcrypt.dll
0x00007ffcc57b0000 - 0x00007ffcc57de000 	C:\WINDOWS\SYSTEM32\USERENV.dll
0x00007ffcc52c0000 - 0x00007ffcc52cc000 	C:\WINDOWS\SYSTEM32\CRYPTBASE.dll
0x00007ffcc4d50000 - 0x00007ffcc4d8b000 	C:\WINDOWS\SYSTEM32\IPHLPAPI.DLL
0x00007ffcc80e0000 - 0x00007ffcc80e8000 	C:\WINDOWS\System32\NSI.dll
0x00007ffcb9d00000 - 0x00007ffcb9d17000 	C:\WINDOWS\SYSTEM32\dhcpcsvc6.DLL
0x00007ffcb9f20000 - 0x00007ffcb9f3d000 	C:\WINDOWS\SYSTEM32\dhcpcsvc.DLL
0x00007ffcc4da0000 - 0x00007ffcc4e6a000 	C:\WINDOWS\SYSTEM32\DNSAPI.dll
0x00007ffcb4db0000 - 0x00007ffcb4dbe000 	C:\Program Files\Java\jdk-16.0.2\bin\sunmscapi.dll
0x00007ffcc5f30000 - 0x00007ffcc6086000 	C:\WINDOWS\System32\CRYPT32.dll
0x00007ffcc53c0000 - 0x00007ffcc53e7000 	C:\WINDOWS\SYSTEM32\ncrypt.dll
0x00007ffcc5380000 - 0x00007ffcc53bb000 	C:\WINDOWS\SYSTEM32\NTASN1.dll
0x00007ffc77560000 - 0x00007ffc77567000 	C:\WINDOWS\system32\wshunix.dll
0x00007ffcc45f0000 - 0x00007ffcc4623000 	C:\WINDOWS\SYSTEM32\ntmarta.dll

dbghelp: loaded successfully - version: 4.0.5 - missing functions: none
symbol engine: initialized successfully - sym options: 0x614 - pdb path: .;C:\Program Files\Java\jdk-16.0.2\bin;C:\WINDOWS\SYSTEM32;C:\WINDOWS\WinSxS\amd64_microsoft.windows.common-controls_6595b64144ccf1df_6.0.19041.1110_none_60b5254171f9507e;C:\Program Files\Java\jdk-16.0.2\bin\server;C:\Users\ITECH\.gradle\native\e1d6ef7f7dcc3fd88c89a11ec53ec762bb8ba0a96d01ffa2cd45eb1d1d8dd5c5\windows-amd64;C:\Users\ITECH\.gradle\native\5664cfc778a61ccfe75a443a1ab52a65af34e5dc3c78e0209fed803814484fcb\windows-amd64

VM Arguments:
jvm_args: --add-opens=java.base/java.util=ALL-UNNAMED --add-opens=java.base/java.lang=ALL-UNNAMED --add-opens=java.base/java.lang.invoke=ALL-UNNAMED --add-opens=java.base/java.util=ALL-UNNAMED --add-opens=java.prefs/java.util.prefs=ALL-UNNAMED --add-opens=java.prefs/java.util.prefs=ALL-UNNAMED --add-opens=java.base/java.nio.charset=ALL-UNNAMED --add-opens=java.base/java.net=ALL-UNNAMED --add-opens=java.base/java.util.concurrent.atomic=ALL-UNNAMED -Xmx2048m -Dfile.encoding=UTF-8 -Duser.country=US -Duser.language=en -Duser.variant 
java_command: org.gradle.launcher.daemon.bootstrap.GradleDaemon 7.3.3
java_class_path (initial): C:\Users\ITECH\.gradle\wrapper\dists\gradle-7.3.3-bin\6a41zxkdtcxs8rphpq6y0069z\gradle-7.3.3\lib\gradle-launcher-7.3.3.jar
Launcher Type: SUN_STANDARD

[Global flags]
     intx CICompilerCount                          = 4                                         {product} {ergonomic}
     uint ConcGCThreads                            = 2                                         {product} {ergonomic}
     uint G1ConcRefinementThreads                  = 8                                         {product} {ergonomic}
   size_t G1HeapRegionSize                         = 1048576                                   {product} {ergonomic}
    uintx GCDrainStackTargetSize                   = 64                                        {product} {ergonomic}
   size_t InitialHeapSize                          = 132120576                                 {product} {ergonomic}
   size_t MarkStackSize                            = 4194304                                   {product} {ergonomic}
   size_t MaxHeapSize                              = 2147483648                                {product} {command line}
   size_t MaxNewSize                               = 1287651328                                {product} {ergonomic}
   size_t MinHeapDeltaBytes                        = 1048576                                   {product} {ergonomic}
   size_t MinHeapSize                              = 8388608                                   {product} {ergonomic}
    uintx NonNMethodCodeHeapSize                   = 5839372                                {pd product} {ergonomic}
    uintx NonProfiledCodeHeapSize                  = 122909434                              {pd product} {ergonomic}
    uintx ProfiledCodeHeapSize                     = 122909434                              {pd product} {ergonomic}
    uintx ReservedCodeCacheSize                    = 251658240                              {pd product} {ergonomic}
     bool SegmentedCodeCache                       = true                                      {product} {ergonomic}
   size_t SoftMaxHeapSize                          = 2147483648                             {manageable} {ergonomic}
     bool UseCompressedClassPointers               = true                           {product lp64_product} {ergonomic}
     bool UseCompressedOops                        = true                           {product lp64_product} {ergonomic}
     bool UseG1GC                                  = true                                      {product} {ergonomic}
     bool UseLargePagesIndividualAllocation        = false                                  {pd product} {ergonomic}

Logging:
Log output configuration:
 #0: stdout all=warning uptime,level,tags
 #1: stderr all=off uptime,level,tags

Environment Variables:
JAVA_HOME=C:\Program Files\Java\jdk-16.0.2
PATH=C:\Program Files\Python37\Scripts\;C:\Program Files\Python37\;C:\ProgramData\Oracle\Java\javapath;C:\app\ITECH\product\11.2.0\dbhome_1\bin;C:\Program Files\Common Files\Oracle\Java\javapath;C:\Program Files (x86)\Common Files\Oracle\Java\javapath;C:\WINDOWS\system32;C:\WINDOWS;C:\WINDOWS\System32\Wbem;C:\WINDOWS\System32\WindowsPowerShell\v1.0\;C:\WINDOWS\System32\OpenSSH\;C:\Program Files\Microsoft SQL Server\130\Tools\Binn\;C:\Program Files\Microsoft SQL Server\Client SDK\ODBC\170\Tools\Binn\;C:\Program Files\dotnet\;C:\Program Files\nodejs\;C:\Program Files\Java\jdk-16.0.2\bin;C:\Program Files\Git\cmd;C:\Program Files\Java\jdk-16.0.2\bin;
USERNAME=ITECH
OS=Windows_NT
PROCESSOR_IDENTIFIER=Intel64 Family 6 Model 126 Stepping 5, GenuineIntel



---------------  S Y S T E M  ---------------

OS:
 Windows 10 , 64 bit Build 19041 (10.0.19041.1889)
OS uptime: 0 days 0:07 hours

CPU: total 8 (initial active 8) (4 cores per cpu, 2 threads per core) family 6 model 126 stepping 5 microcode 0xb0, cx8, cmov, fxsr, ht, mmx, 3dnowpref, sse, sse2, sse3, ssse3, sse4.1, sse4.2, popcnt, lzcnt, tsc, tscinvbit, avx, avx2, aes, erms, clmul, bmi1, bmi2, adx, avx512f, avx512dq, avx512cd, avx512bw, avx512vl, sha, fma, vzeroupper, avx512_vpopcntdq, avx512_vpclmulqdq, avx512_vaes, avx512_vnni, clflush, clflushopt, avx512_vmbi2, avx512_vmbi

Memory: 4k page, system-wide physical 7959M (1236M free)
TotalPageFile size 7959M (AvailPageFile size 5M)
current process WorkingSet (physical memory assigned to process): 577M, peak: 581M
current process commit charge ("private bytes"): 937M, peak: 940M

vm_info: Java HotSpot(TM) 64-Bit Server VM (16.0.2+7-67) for windows-amd64 JRE (16.0.2+7-67), built on Jun  8 2021 23:24:19 by "mach5one" with MS VC++ 16.7 (VS2019)

END.
