#
# There is insufficient memory for the Java Runtime Environment to continue.
# Native memory allocation (mmap) failed to map 164626432 bytes for G1 virtual space
# Possible reasons:
#   The system is out of physical RAM or swap space
#   The process is running with CompressedOops enabled, and the Java Heap may be blocking the growth of the native heap
# Possible solutions:
#   Reduce memory load on the system
#   Increase physical memory or swap space
#   Check if swap backing store is full
#   Decrease Java heap size (-Xmx/-Xms)
#   Decrease number of Java threads
#   Decrease Java thread stack sizes (-Xss)
#   Set larger code cache with -XX:ReservedCodeCacheSize=
#   JVM is running with Unscaled Compressed Oops mode in which the Java heap is
#     placed in the first 4GB address space. The Java Heap base address is the
#     maximum limit for the native heap growth. Please use -XX:HeapBaseMinAddress
#     to set the Java Heap base and to place the Java Heap above 4GB virtual address.
# This output file may be truncated or incomplete.
#
#  Out of Memory Error (os_windows.cpp:3466), pid=1980, tid=7844
#
# JRE version: Java(TM) SE Runtime Environment (16.0.2+7) (build 16.0.2+7-67)
# Java VM: Java HotSpot(TM) 64-Bit Server VM (16.0.2+7-67, mixed mode, sharing, tiered, compressed oops, compressed class ptrs, g1 gc, windows-amd64)
# No core dump will be written. Minidumps are not enabled by default on client versions of Windows
#

---------------  S U M M A R Y ------------

Command Line: --add-opens=java.base/java.util=ALL-UNNAMED --add-opens=java.base/java.lang=ALL-UNNAMED --add-opens=java.base/java.lang.invoke=ALL-UNNAMED --add-opens=java.base/java.util=ALL-UNNAMED --add-opens=java.prefs/java.util.prefs=ALL-UNNAMED --add-opens=java.prefs/java.util.prefs=ALL-UNNAMED --add-opens=java.base/java.nio.charset=ALL-UNNAMED --add-opens=java.base/java.net=ALL-UNNAMED --add-opens=java.base/java.util.concurrent.atomic=ALL-UNNAMED -Xmx2048m -Dfile.encoding=UTF-8 -Duser.country=US -Duser.language=en -Duser.variant org.gradle.launcher.daemon.bootstrap.GradleDaemon 7.3.3

Host: Intel(R) Core(TM) i7-1065G7 CPU @ 1.30GHz, 8 cores, 7G,  Windows 10 , 64 bit Build 19041 (10.0.19041.1889)
Time: Mon Aug 22 19:11:14 2022 Egypt Standard Time elapsed time: 12.333735 seconds (0d 0h 0m 12s)

---------------  T H R E A D  ---------------

Current thread (0x0000022c3637c7e0):  VMThread "VM Thread" [stack: 0x000000ead3c00000,0x000000ead3d00000] [id=7844]

Stack: [0x000000ead3c00000,0x000000ead3d00000]
Native frames: (J=compiled Java code, j=interpreted, Vv=VM code, C=native code)
V  [jvm.dll+0x6681ca]
V  [jvm.dll+0x7c9e69]
V  [jvm.dll+0x7cb61e]
V  [jvm.dll+0x7cbc73]
V  [jvm.dll+0x242c55]
V  [jvm.dll+0x664f89]
V  [jvm.dll+0x659b75]
V  [jvm.dll+0x2fbfbb]
V  [jvm.dll+0x3031b6]
V  [jvm.dll+0x35299e]
V  [jvm.dll+0x352bcf]
V  [jvm.dll+0x2d3028]
V  [jvm.dll+0x2d0bb5]
V  [jvm.dll+0x2d01ec]
V  [jvm.dll+0x315693]
V  [jvm.dll+0x7d00ab]
V  [jvm.dll+0x7d0da4]
V  [jvm.dll+0x7d12a9]
V  [jvm.dll+0x7d1564]
V  [jvm.dll+0x7d1630]
V  [jvm.dll+0x7795aa]
V  [jvm.dll+0x667066]
C  [ucrtbase.dll+0x21bb2]
C  [KERNEL32.DLL+0x17034]
C  [ntdll.dll+0x52651]

VM_Operation (0x000000eadd2fc810): G1TryInitiateConcMark, mode: safepoint, requested by thread 0x0000022c3d84fbd0


---------------  P R O C E S S  ---------------

Threads class SMR info:
_java_thread_list=0x0000022c3813b370, length=146, elements={
0x0000022c16332d40, 0x0000022c363821f0, 0x0000022c36382d00, 0x0000022c3638f940,
0x0000022c36394370, 0x0000022c3639b0b0, 0x0000022c3639c9d0, 0x0000022c3639d6c0,
0x0000022c3639f0d0, 0x0000022c3639fa20, 0x0000022c36df5930, 0x0000022c36df43f0,
0x0000022c36e61bd0, 0x0000022c36df5e80, 0x0000022c36df4e90, 0x0000022c36df53e0,
0x0000022c36df3ea0, 0x0000022c36df63d0, 0x0000022c36df6920, 0x0000022c36df6e70,
0x0000022c36df3950, 0x0000022c382a4000, 0x0000022c3829eb00, 0x0000022c3829e5b0,
0x0000022c382a0040, 0x0000022c382a2020, 0x0000022c382a1580, 0x0000022c382a2570,
0x0000022c3829f050, 0x0000022c3829e060, 0x0000022c3829d070, 0x0000022c3829d5c0,
0x0000022c3829db10, 0x0000022c3829faf0, 0x0000022c382a2ac0, 0x0000022c382a0590,
0x0000022c382a3010, 0x0000022c382a0ae0, 0x0000022c382a1030, 0x0000022c382a3560,
0x0000022c382a4aa0, 0x0000022c382a3ab0, 0x0000022c3c11f700, 0x0000022c3c11cc80,
0x0000022c3c11d1d0, 0x0000022c3c11e1c0, 0x0000022c3c1216e0, 0x0000022c3c11d720,
0x0000022c3c11e710, 0x0000022c3c11f1b0, 0x0000022c3c122c20, 0x0000022c3c11dc70,
0x0000022c3c11c730, 0x0000022c3c121c30, 0x0000022c3c11ec60, 0x0000022c3c11fc50,
0x0000022c3c1206f0, 0x0000022c3c120c40, 0x0000022c3c124160, 0x0000022c3c122180,
0x0000022c3c121190, 0x0000022c3c1201a0, 0x0000022c3c1226d0, 0x0000022c3c123170,
0x0000022c3c1236c0, 0x0000022c3c123c10, 0x0000022c3dd75990, 0x0000022c3dd72f10,
0x0000022c3dd6ef50, 0x0000022c3dd6ff40, 0x0000022c3dd72470, 0x0000022c3dd729c0,
0x0000022c3dd76430, 0x0000022c3dd70f30, 0x0000022c3dd73460, 0x0000022c3dd70490,
0x0000022c3dd739b0, 0x0000022c3dd719d0, 0x0000022c3dd71f20, 0x0000022c3dd73f00,
0x0000022c3dd76980, 0x0000022c3dd74450, 0x0000022c3dd6f4a0, 0x0000022c3dd6f9f0,
0x0000022c3dd709e0, 0x0000022c3dd71480, 0x0000022c3dd749a0, 0x0000022c3dd74ef0,
0x0000022c3dd75440, 0x0000022c3dd75ee0, 0x0000022c3c78ab10, 0x0000022c3c788b30,
0x0000022c3c788090, 0x0000022c3c78b060, 0x0000022c3c7895d0, 0x0000022c3c78b5b0,
0x0000022c3c78bb00, 0x0000022c3c78c050, 0x0000022c3c784620, 0x0000022c3c789b20,
0x0000022c3c785b60, 0x0000022c3c784b70, 0x0000022c3c7860b0, 0x0000022c3c785610,
0x0000022c3c786600, 0x0000022c3c789080, 0x0000022c3c78a070, 0x0000022c3c7850c0,
0x0000022c3c786b50, 0x0000022c3c7870a0, 0x0000022c3c7875f0, 0x0000022c3c787b40,
0x0000022c3c7885e0, 0x0000022c3c78a5c0, 0x0000022c39b87a90, 0x0000022c39b85010,
0x0000022c39b84570, 0x0000022c39b81050, 0x0000022c39b84ac0, 0x0000022c39b815a0,
0x0000022c39b86aa0, 0x0000022c39b82ae0, 0x0000022c39b82590, 0x0000022c39b83030,
0x0000022c3bdb45b0, 0x0000022c39b83580, 0x0000022c39b85ab0, 0x0000022c39b85560,
0x0000022c39b86000, 0x0000022c39b86550, 0x0000022c39b83ad0, 0x0000022c39b87fe0,
0x0000022c39b84020, 0x0000022c39b88a80, 0x0000022c39b88530, 0x0000022c39b82040,
0x0000022c36df4940, 0x0000022c3d850bc0, 0x0000022c3d850120, 0x0000022c3d84f680,
0x0000022c3d84fbd0, 0x0000022c3d851bb0, 0x0000022c3d84f130, 0x0000022c3d84cc00,
0x0000022c3d853640, 0x0000022c3d850670
}

Java Threads: ( => current thread )
  0x0000022c16332d40 JavaThread "main" [_thread_blocked, id=6196, stack(0x000000ead3600000,0x000000ead3700000)]
  0x0000022c363821f0 JavaThread "Reference Handler" daemon [_thread_blocked, id=4032, stack(0x000000ead3d00000,0x000000ead3e00000)]
  0x0000022c36382d00 JavaThread "Finalizer" daemon [_thread_blocked, id=4120, stack(0x000000ead3e00000,0x000000ead3f00000)]
  0x0000022c3638f940 JavaThread "Signal Dispatcher" daemon [_thread_blocked, id=3272, stack(0x000000ead3f00000,0x000000ead4000000)]
  0x0000022c36394370 JavaThread "Attach Listener" daemon [_thread_blocked, id=12632, stack(0x000000ead4000000,0x000000ead4100000)]
  0x0000022c3639b0b0 JavaThread "Service Thread" daemon [_thread_blocked, id=5900, stack(0x000000ead4100000,0x000000ead4200000)]
  0x0000022c3639c9d0 JavaThread "Monitor Deflation Thread" daemon [_thread_blocked, id=10072, stack(0x000000ead4200000,0x000000ead4300000)]
  0x0000022c3639d6c0 JavaThread "C2 CompilerThread0" daemon [_thread_in_native, id=5568, stack(0x000000ead4300000,0x000000ead4400000)]
  0x0000022c3639f0d0 JavaThread "C1 CompilerThread0" daemon [_thread_blocked, id=11152, stack(0x000000ead4400000,0x000000ead4500000)]
  0x0000022c3639fa20 JavaThread "Sweeper thread" daemon [_thread_blocked, id=12624, stack(0x000000ead4500000,0x000000ead4600000)]
  0x0000022c36df5930 JavaThread "Common-Cleaner" daemon [_thread_blocked, id=9976, stack(0x000000ead4600000,0x000000ead4700000)]
  0x0000022c36df43f0 JavaThread "Notification Thread" daemon [_thread_blocked, id=7696, stack(0x000000ead4700000,0x000000ead4800000)]
  0x0000022c36e61bd0 JavaThread "C2 CompilerThread1" daemon [_thread_in_native, id=11676, stack(0x000000ead4900000,0x000000ead4a00000)]
  0x0000022c36df5e80 JavaThread "Daemon health stats" [_thread_blocked, id=520, stack(0x000000ead4f00000,0x000000ead5000000)]
  0x0000022c36df4e90 JavaThread "Incoming local TCP Connector on port 63823" [_thread_in_native, id=3644, stack(0x000000ead5000000,0x000000ead5100000)]
  0x0000022c36df53e0 JavaThread "Daemon periodic checks" [_thread_blocked, id=932, stack(0x000000ead5100000,0x000000ead5200000)]
  0x0000022c36df3ea0 JavaThread "Daemon" [_thread_blocked, id=11124, stack(0x000000ead5200000,0x000000ead5300000)]
  0x0000022c36df63d0 JavaThread "Handler for socket connection from /127.0.0.1:63823 to /127.0.0.1:63824" [_thread_in_native, id=5244, stack(0x000000ead5300000,0x000000ead5400000)]
  0x0000022c36df6920 JavaThread "Cancel handler" [_thread_blocked, id=10204, stack(0x000000ead5400000,0x000000ead5500000)]
  0x0000022c36df6e70 JavaThread "Daemon worker" [_thread_blocked, id=12580, stack(0x000000ead5500000,0x000000ead5600000)]
  0x0000022c36df3950 JavaThread "Asynchronous log dispatcher for DefaultDaemonConnection: socket connection from /127.0.0.1:63823 to /127.0.0.1:63824" [_thread_blocked, id=8864, stack(0x000000ead5600000,0x000000ead5700000)]
  0x0000022c382a4000 JavaThread "Stdin handler" [_thread_blocked, id=11708, stack(0x000000ead5700000,0x000000ead5800000)]
  0x0000022c3829eb00 JavaThread "Daemon client event forwarder" [_thread_blocked, id=12276, stack(0x000000ead5800000,0x000000ead5900000)]
  0x0000022c3829e5b0 JavaThread "Cache worker for journal cache (C:\Users\ITECH\.gradle\caches\journal-1)" [_thread_blocked, id=11952, stack(0x000000ead5900000,0x000000ead5a00000)]
  0x0000022c382a0040 JavaThread "File lock request listener" [_thread_in_native, id=11552, stack(0x000000ead5a00000,0x000000ead5b00000)]
  0x0000022c382a2020 JavaThread "Cache worker for file hash cache (C:\Users\ITECH\.gradle\caches\7.3.3\fileHashes)" [_thread_blocked, id=7472, stack(0x000000ead5b00000,0x000000ead5c00000)]
  0x0000022c382a1580 JavaThread "Cache worker for file hash cache (C:\Users\ITECH\AndroidStudioProjects\yummy\.gradle\7.3.3\fileHashes)" [_thread_blocked, id=5488, stack(0x000000ead5c00000,0x000000ead5d00000)]
  0x0000022c382a2570 JavaThread "File watcher server" daemon [_thread_blocked, id=12600, stack(0x000000ead6000000,0x000000ead6100000)]
  0x0000022c3829f050 JavaThread "File watcher consumer" daemon [_thread_blocked, id=9092, stack(0x000000ead6100000,0x000000ead6200000)]
  0x0000022c3829e060 JavaThread "Cache worker for checksums cache (C:\Users\ITECH\AndroidStudioProjects\yummy\.gradle\7.3.3\checksums)" [_thread_blocked, id=2428, stack(0x000000ead6200000,0x000000ead6300000)]
  0x0000022c3829d070 JavaThread "Cache worker for cache directory md-supplier (C:\Users\ITECH\.gradle\caches\7.3.3\md-supplier)" [_thread_blocked, id=13308, stack(0x000000ead6300000,0x000000ead6400000)]
  0x0000022c3829d5c0 JavaThread "Cache worker for cache directory md-rule (C:\Users\ITECH\.gradle\caches\7.3.3\md-rule)" [_thread_blocked, id=2340, stack(0x000000ead6400000,0x000000ead6500000)]
  0x0000022c3829db10 JavaThread "Cache worker for execution history cache (C:\Users\ITECH\.gradle\caches\7.3.3\executionHistory)" [_thread_blocked, id=10220, stack(0x000000ead6600000,0x000000ead6700000)]
  0x0000022c3829faf0 JavaThread "jar transforms" [_thread_blocked, id=10676, stack(0x000000ead6700000,0x000000ead6800000)]
  0x0000022c382a2ac0 JavaThread "Cache worker for file content cache (C:\Users\ITECH\.gradle\caches\7.3.3\fileContent)" [_thread_blocked, id=9032, stack(0x000000ead6800000,0x000000ead6900000)]
  0x0000022c382a0590 JavaThread "jar transforms Thread 2" [_thread_blocked, id=8428, stack(0x000000ead6900000,0x000000ead6a00000)]
  0x0000022c382a3010 JavaThread "Cache worker for dependencies-accessors (C:\Users\ITECH\AndroidStudioProjects\yummy\.gradle\7.3.3\dependencies-accessors)" [_thread_blocked, id=3648, stack(0x000000ead6a00000,0x000000ead6b00000)]
  0x0000022c382a0ae0 JavaThread "jar transforms Thread 3" [_thread_blocked, id=12772, stack(0x000000ead6b00000,0x000000ead6c00000)]
  0x0000022c382a1030 JavaThread "Cache worker for Build Output Cleanup Cache (C:\Users\ITECH\AndroidStudioProjects\yummy\.gradle\buildOutputCleanup)" [_thread_blocked, id=9644, stack(0x000000ead6c00000,0x000000ead6d00000)]
  0x0000022c382a3560 JavaThread "Unconstrained build operations" [_thread_blocked, id=8168, stack(0x000000ead6d00000,0x000000ead6e00000)]
  0x0000022c382a4aa0 JavaThread "Unconstrained build operations Thread 2" [_thread_blocked, id=9744, stack(0x000000ead6e00000,0x000000ead6f00000)]
  0x0000022c382a3ab0 JavaThread "Unconstrained build operations Thread 3" [_thread_blocked, id=13260, stack(0x000000ead6f00000,0x000000ead7000000)]
  0x0000022c3c11f700 JavaThread "Unconstrained build operations Thread 4" [_thread_blocked, id=11852, stack(0x000000ead7000000,0x000000ead7100000)]
  0x0000022c3c11cc80 JavaThread "Unconstrained build operations Thread 5" [_thread_blocked, id=3864, stack(0x000000ead7100000,0x000000ead7200000)]
  0x0000022c3c11d1d0 JavaThread "Unconstrained build operations Thread 6" [_thread_blocked, id=996, stack(0x000000ead7200000,0x000000ead7300000)]
  0x0000022c3c11e1c0 JavaThread "Unconstrained build operations Thread 7" [_thread_blocked, id=1920, stack(0x000000ead7300000,0x000000ead7400000)]
  0x0000022c3c1216e0 JavaThread "Unconstrained build operations Thread 8" [_thread_blocked, id=6612, stack(0x000000ead7400000,0x000000ead7500000)]
  0x0000022c3c11d720 JavaThread "Unconstrained build operations Thread 9" [_thread_blocked, id=3464, stack(0x000000ead7500000,0x000000ead7600000)]
  0x0000022c3c11e710 JavaThread "Unconstrained build operations Thread 10" [_thread_blocked, id=1600, stack(0x000000ead7600000,0x000000ead7700000)]
  0x0000022c3c11f1b0 JavaThread "Unconstrained build operations Thread 11" [_thread_blocked, id=12644, stack(0x000000ead7700000,0x000000ead7800000)]
  0x0000022c3c122c20 JavaThread "Unconstrained build operations Thread 12" [_thread_blocked, id=3196, stack(0x000000ead7800000,0x000000ead7900000)]
  0x0000022c3c11dc70 JavaThread "Unconstrained build operations Thread 13" [_thread_blocked, id=7788, stack(0x000000ead7900000,0x000000ead7a00000)]
  0x0000022c3c11c730 JavaThread "Unconstrained build operations Thread 14" [_thread_blocked, id=900, stack(0x000000ead7a00000,0x000000ead7b00000)]
  0x0000022c3c121c30 JavaThread "Unconstrained build operations Thread 15" [_thread_blocked, id=8300, stack(0x000000ead7b00000,0x000000ead7c00000)]
  0x0000022c3c11ec60 JavaThread "Unconstrained build operations Thread 16" [_thread_blocked, id=3512, stack(0x000000ead7c00000,0x000000ead7d00000)]
  0x0000022c3c11fc50 JavaThread "Unconstrained build operations Thread 17" [_thread_blocked, id=11720, stack(0x000000ead7d00000,0x000000ead7e00000)]
  0x0000022c3c1206f0 JavaThread "Unconstrained build operations Thread 18" [_thread_blocked, id=3692, stack(0x000000ead7e00000,0x000000ead7f00000)]
  0x0000022c3c120c40 JavaThread "Unconstrained build operations Thread 19" [_thread_blocked, id=5768, stack(0x000000ead7f00000,0x000000ead8000000)]
  0x0000022c3c124160 JavaThread "Unconstrained build operations Thread 20" [_thread_blocked, id=9424, stack(0x000000ead8000000,0x000000ead8100000)]
  0x0000022c3c122180 JavaThread "Unconstrained build operations Thread 21" [_thread_blocked, id=8652, stack(0x000000ead8100000,0x000000ead8200000)]
  0x0000022c3c121190 JavaThread "Unconstrained build operations Thread 22" [_thread_blocked, id=6944, stack(0x000000ead8200000,0x000000ead8300000)]
  0x0000022c3c1201a0 JavaThread "Unconstrained build operations Thread 23" [_thread_blocked, id=9028, stack(0x000000ead8300000,0x000000ead8400000)]
  0x0000022c3c1226d0 JavaThread "Unconstrained build operations Thread 24" [_thread_blocked, id=12032, stack(0x000000ead8400000,0x000000ead8500000)]
  0x0000022c3c123170 JavaThread "Unconstrained build operations Thread 25" [_thread_blocked, id=10024, stack(0x000000ead8500000,0x000000ead8600000)]
  0x0000022c3c1236c0 JavaThread "Unconstrained build operations Thread 26" [_thread_blocked, id=9696, stack(0x000000ead8600000,0x000000ead8700000)]
  0x0000022c3c123c10 JavaThread "Unconstrained build operations Thread 27" [_thread_blocked, id=3704, stack(0x000000ead8700000,0x000000ead8800000)]
  0x0000022c3dd75990 JavaThread "Unconstrained build operations Thread 28" [_thread_blocked, id=3660, stack(0x000000ead8800000,0x000000ead8900000)]
  0x0000022c3dd72f10 JavaThread "Unconstrained build operations Thread 29" [_thread_blocked, id=7928, stack(0x000000ead8900000,0x000000ead8a00000)]
  0x0000022c3dd6ef50 JavaThread "Unconstrained build operations Thread 30" [_thread_blocked, id=9384, stack(0x000000ead8a00000,0x000000ead8b00000)]
  0x0000022c3dd6ff40 JavaThread "Unconstrained build operations Thread 31" [_thread_blocked, id=3600, stack(0x000000ead8b00000,0x000000ead8c00000)]
  0x0000022c3dd72470 JavaThread "Unconstrained build operations Thread 32" [_thread_blocked, id=3528, stack(0x000000ead8c00000,0x000000ead8d00000)]
  0x0000022c3dd729c0 JavaThread "Unconstrained build operations Thread 33" [_thread_blocked, id=3320, stack(0x000000ead8d00000,0x000000ead8e00000)]
  0x0000022c3dd76430 JavaThread "Unconstrained build operations Thread 34" [_thread_blocked, id=4852, stack(0x000000ead8e00000,0x000000ead8f00000)]
  0x0000022c3dd70f30 JavaThread "Unconstrained build operations Thread 35" [_thread_blocked, id=11512, stack(0x000000ead8f00000,0x000000ead9000000)]
  0x0000022c3dd73460 JavaThread "Unconstrained build operations Thread 36" [_thread_blocked, id=1168, stack(0x000000ead9000000,0x000000ead9100000)]
  0x0000022c3dd70490 JavaThread "Unconstrained build operations Thread 37" [_thread_blocked, id=5764, stack(0x000000ead9100000,0x000000ead9200000)]
  0x0000022c3dd739b0 JavaThread "Unconstrained build operations Thread 38" [_thread_blocked, id=7736, stack(0x000000ead9200000,0x000000ead9300000)]
  0x0000022c3dd719d0 JavaThread "Unconstrained build operations Thread 39" [_thread_blocked, id=1636, stack(0x000000ead9300000,0x000000ead9400000)]
  0x0000022c3dd71f20 JavaThread "Unconstrained build operations Thread 40" [_thread_blocked, id=3084, stack(0x000000ead9400000,0x000000ead9500000)]
  0x0000022c3dd73f00 JavaThread "Unconstrained build operations Thread 41" [_thread_blocked, id=2088, stack(0x000000ead9500000,0x000000ead9600000)]
  0x0000022c3dd76980 JavaThread "Unconstrained build operations Thread 42" [_thread_blocked, id=4624, stack(0x000000ead9600000,0x000000ead9700000)]
  0x0000022c3dd74450 JavaThread "Unconstrained build operations Thread 43" [_thread_blocked, id=1748, stack(0x000000ead9700000,0x000000ead9800000)]
  0x0000022c3dd6f4a0 JavaThread "Unconstrained build operations Thread 44" [_thread_blocked, id=4220, stack(0x000000ead9800000,0x000000ead9900000)]
  0x0000022c3dd6f9f0 JavaThread "Unconstrained build operations Thread 45" [_thread_blocked, id=5144, stack(0x000000ead9900000,0x000000ead9a00000)]
  0x0000022c3dd709e0 JavaThread "Unconstrained build operations Thread 46" [_thread_blocked, id=1236, stack(0x000000ead9a00000,0x000000ead9b00000)]
  0x0000022c3dd71480 JavaThread "Unconstrained build operations Thread 47" [_thread_blocked, id=9356, stack(0x000000ead9b00000,0x000000ead9c00000)]
  0x0000022c3dd749a0 JavaThread "Unconstrained build operations Thread 48" [_thread_blocked, id=1380, stack(0x000000ead9c00000,0x000000ead9d00000)]
  0x0000022c3dd74ef0 JavaThread "Unconstrained build operations Thread 49" [_thread_blocked, id=3572, stack(0x000000ead9d00000,0x000000ead9e00000)]
  0x0000022c3dd75440 JavaThread "Unconstrained build operations Thread 50" [_thread_blocked, id=5524, stack(0x000000ead9e00000,0x000000ead9f00000)]
  0x0000022c3dd75ee0 JavaThread "Unconstrained build operations Thread 51" [_thread_blocked, id=4092, stack(0x000000ead9f00000,0x000000eada000000)]
  0x0000022c3c78ab10 JavaThread "Unconstrained build operations Thread 52" [_thread_blocked, id=10840, stack(0x000000eada000000,0x000000eada100000)]
  0x0000022c3c788b30 JavaThread "Unconstrained build operations Thread 53" [_thread_blocked, id=6864, stack(0x000000eada100000,0x000000eada200000)]
  0x0000022c3c788090 JavaThread "Unconstrained build operations Thread 54" [_thread_blocked, id=12196, stack(0x000000eada200000,0x000000eada300000)]
  0x0000022c3c78b060 JavaThread "Unconstrained build operations Thread 55" [_thread_blocked, id=6168, stack(0x000000eada300000,0x000000eada400000)]
  0x0000022c3c7895d0 JavaThread "Unconstrained build operations Thread 56" [_thread_blocked, id=11136, stack(0x000000eada400000,0x000000eada500000)]
  0x0000022c3c78b5b0 JavaThread "Unconstrained build operations Thread 57" [_thread_blocked, id=10584, stack(0x000000eada500000,0x000000eada600000)]
  0x0000022c3c78bb00 JavaThread "Unconstrained build operations Thread 58" [_thread_blocked, id=12236, stack(0x000000eada600000,0x000000eada700000)]
  0x0000022c3c78c050 JavaThread "Unconstrained build operations Thread 59" [_thread_blocked, id=10816, stack(0x000000eada700000,0x000000eada800000)]
  0x0000022c3c784620 JavaThread "Unconstrained build operations Thread 60" [_thread_blocked, id=7860, stack(0x000000eada800000,0x000000eada900000)]
  0x0000022c3c789b20 JavaThread "Unconstrained build operations Thread 61" [_thread_blocked, id=9776, stack(0x000000eada900000,0x000000eadaa00000)]
  0x0000022c3c785b60 JavaThread "Unconstrained build operations Thread 62" [_thread_blocked, id=11876, stack(0x000000eadaa00000,0x000000eadab00000)]
  0x0000022c3c784b70 JavaThread "Unconstrained build operations Thread 63" [_thread_blocked, id=6868, stack(0x000000eadab00000,0x000000eadac00000)]
  0x0000022c3c7860b0 JavaThread "Unconstrained build operations Thread 64" [_thread_blocked, id=12948, stack(0x000000eadac00000,0x000000eadad00000)]
  0x0000022c3c785610 JavaThread "Unconstrained build operations Thread 65" [_thread_blocked, id=3792, stack(0x000000eadad00000,0x000000eadae00000)]
  0x0000022c3c786600 JavaThread "Unconstrained build operations Thread 66" [_thread_blocked, id=8680, stack(0x000000eadae00000,0x000000eadaf00000)]
  0x0000022c3c789080 JavaThread "Unconstrained build operations Thread 67" [_thread_blocked, id=5108, stack(0x000000eadaf00000,0x000000eadb000000)]
  0x0000022c3c78a070 JavaThread "Unconstrained build operations Thread 68" [_thread_blocked, id=5200, stack(0x000000eadb000000,0x000000eadb100000)]
  0x0000022c3c7850c0 JavaThread "Unconstrained build operations Thread 69" [_thread_blocked, id=2700, stack(0x000000eadb100000,0x000000eadb200000)]
  0x0000022c3c786b50 JavaThread "Unconstrained build operations Thread 70" [_thread_blocked, id=7908, stack(0x000000eadb200000,0x000000eadb300000)]
  0x0000022c3c7870a0 JavaThread "Unconstrained build operations Thread 71" [_thread_blocked, id=9832, stack(0x000000eadb300000,0x000000eadb400000)]
  0x0000022c3c7875f0 JavaThread "Unconstrained build operations Thread 72" [_thread_blocked, id=9544, stack(0x000000eadb400000,0x000000eadb500000)]
  0x0000022c3c787b40 JavaThread "Unconstrained build operations Thread 73" [_thread_blocked, id=2240, stack(0x000000eadb500000,0x000000eadb600000)]
  0x0000022c3c7885e0 JavaThread "Unconstrained build operations Thread 74" [_thread_blocked, id=4968, stack(0x000000eadb600000,0x000000eadb700000)]
  0x0000022c3c78a5c0 JavaThread "Unconstrained build operations Thread 75" [_thread_blocked, id=11008, stack(0x000000eadb700000,0x000000eadb800000)]
  0x0000022c39b87a90 JavaThread "Unconstrained build operations Thread 76" [_thread_blocked, id=2440, stack(0x000000eadb800000,0x000000eadb900000)]
  0x0000022c39b85010 JavaThread "Unconstrained build operations Thread 77" [_thread_blocked, id=8668, stack(0x000000eadb900000,0x000000eadba00000)]
  0x0000022c39b84570 JavaThread "Unconstrained build operations Thread 78" [_thread_blocked, id=12432, stack(0x000000eadba00000,0x000000eadbb00000)]
  0x0000022c39b81050 JavaThread "Unconstrained build operations Thread 79" [_thread_blocked, id=8684, stack(0x000000eadbb00000,0x000000eadbc00000)]
  0x0000022c39b84ac0 JavaThread "Unconstrained build operations Thread 80" [_thread_blocked, id=2452, stack(0x000000eadbc00000,0x000000eadbd00000)]
  0x0000022c39b815a0 JavaThread "jar transforms Thread 4" [_thread_blocked, id=6880, stack(0x000000eadbd00000,0x000000eadbe00000)]
  0x0000022c39b86aa0 JavaThread "jar transforms Thread 5" [_thread_blocked, id=7064, stack(0x000000eadbe00000,0x000000eadbf00000)]
  0x0000022c39b82ae0 JavaThread "jar transforms Thread 6" [_thread_blocked, id=7512, stack(0x000000eadbf00000,0x000000eadc000000)]
  0x0000022c39b82590 JavaThread "jar transforms Thread 7" [_thread_blocked, id=6416, stack(0x000000eadc000000,0x000000eadc100000)]
  0x0000022c39b83030 JavaThread "jar transforms Thread 8" [_thread_blocked, id=5032, stack(0x000000eadc100000,0x000000eadc200000)]
  0x0000022c3bdb45b0 JavaThread "C2 CompilerThread2" daemon [_thread_blocked, id=12316, stack(0x000000ead4e00000,0x000000ead4f00000)]
  0x0000022c39b83580 JavaThread "Memory manager" [_thread_blocked, id=5672, stack(0x000000eadc200000,0x000000eadc300000)]
  0x0000022c39b85ab0 JavaThread "build event listener" [_thread_blocked, id=6284, stack(0x000000eadc300000,0x000000eadc400000)]
  0x0000022c39b85560 JavaThread "pool-3-thread-1" [_thread_blocked, id=7756, stack(0x000000eadc400000,0x000000eadc500000)]
  0x0000022c39b86000 JavaThread "build event listener" [_thread_blocked, id=2320, stack(0x000000eadc500000,0x000000eadc600000)]
  0x0000022c39b86550 JavaThread "Execution worker for ':'" [_thread_blocked, id=1320, stack(0x000000eadc600000,0x000000eadc700000)]
  0x0000022c39b83ad0 JavaThread "Execution worker for ':' Thread 2" [_thread_blocked, id=764, stack(0x000000eadc700000,0x000000eadc800000)]
  0x0000022c39b87fe0 JavaThread "Execution worker for ':' Thread 3" [_thread_blocked, id=11112, stack(0x000000eadc800000,0x000000eadc900000)]
  0x0000022c39b84020 JavaThread "Execution worker for ':' Thread 4" [_thread_blocked, id=7972, stack(0x000000eadc900000,0x000000eadca00000)]
  0x0000022c39b88a80 JavaThread "Execution worker for ':' Thread 5" [_thread_blocked, id=1620, stack(0x000000eadca00000,0x000000eadcb00000)]
  0x0000022c39b88530 JavaThread "Execution worker for ':' Thread 6" [_thread_blocked, id=4476, stack(0x000000eadcb00000,0x000000eadcc00000)]
  0x0000022c39b82040 JavaThread "Execution worker for ':' Thread 7" [_thread_blocked, id=3376, stack(0x000000eadcc00000,0x000000eadcd00000)]
  0x0000022c36df4940 JavaThread "Cache worker for execution history cache (C:\Users\ITECH\AndroidStudioProjects\yummy\.gradle\7.3.3\executionHistory)" [_thread_blocked, id=7008, stack(0x000000eadcd00000,0x000000eadce00000)]
  0x0000022c3d850bc0 JavaThread "WorkerExecutor Queue" [_thread_blocked, id=9612, stack(0x000000eadcf00000,0x000000eadd000000)]
  0x0000022c3d850120 JavaThread "WorkerExecutor Queue Thread 2" [_thread_blocked, id=2896, stack(0x000000eadd000000,0x000000eadd100000)]
  0x0000022c3d84f680 JavaThread "WorkerExecutor Queue Thread 3" [_thread_blocked, id=12364, stack(0x000000eadd100000,0x000000eadd200000)]
  0x0000022c3d84fbd0 JavaThread "WorkerExecutor Queue Thread 4" [_thread_blocked, id=10228, stack(0x000000eadd200000,0x000000eadd300000)]
  0x0000022c3d851bb0 JavaThread "WorkerExecutor Queue Thread 5" [_thread_blocked, id=12980, stack(0x000000eadd300000,0x000000eadd400000)]
  0x0000022c3d84f130 JavaThread "WorkerExecutor Queue Thread 6" [_thread_blocked, id=12740, stack(0x000000eadd400000,0x000000eadd500000)]
  0x0000022c3d84cc00 JavaThread "WorkerExecutor Queue Thread 7" [_thread_blocked, id=6624, stack(0x000000eadd500000,0x000000eadd600000)]
  0x0000022c3d853640 JavaThread "WorkerExecutor Queue Thread 8" [_thread_blocked, id=11096, stack(0x000000eadd600000,0x000000eadd700000)]
  0x0000022c3d850670 JavaThread "Java2D Disposer" daemon [_thread_blocked, id=13264, stack(0x000000eadd700000,0x000000eadd800000)]

Other Threads:
=>0x0000022c3637c7e0 VMThread "VM Thread" [stack: 0x000000ead3c00000,0x000000ead3d00000] [id=7844]
  0x0000022c36dfa930 WatcherThread [stack: 0x000000ead4800000,0x000000ead4900000] [id=8580]
  0x0000022c1636bee0 GCTaskThread "GC Thread#0" [stack: 0x000000ead3700000,0x000000ead3800000] [id=12736]
  0x0000022c378584f0 GCTaskThread "GC Thread#1" [stack: 0x000000ead4a00000,0x000000ead4b00000] [id=4744]
  0x0000022c37afd4c0 GCTaskThread "GC Thread#2" [stack: 0x000000ead4b00000,0x000000ead4c00000] [id=10708]
  0x0000022c3833cc70 GCTaskThread "GC Thread#3" [stack: 0x000000ead4c00000,0x000000ead4d00000] [id=12252]
  0x0000022c3787f440 GCTaskThread "GC Thread#4" [stack: 0x000000ead4d00000,0x000000ead4e00000] [id=10576]
  0x0000022c38a54ca0 GCTaskThread "GC Thread#5" [stack: 0x000000ead5d00000,0x000000ead5e00000] [id=7732]
  0x0000022c38a54680 GCTaskThread "GC Thread#6" [stack: 0x000000ead5e00000,0x000000ead5f00000] [id=10856]
  0x0000022c38a55bf0 GCTaskThread "GC Thread#7" [stack: 0x000000ead5f00000,0x000000ead6000000] [id=4296]
  0x0000022c1637de40 ConcurrentGCThread "G1 Main Marker" [stack: 0x000000ead3800000,0x000000ead3900000] [id=9956]
  0x0000022c1637ff70 ConcurrentGCThread "G1 Conc#0" [stack: 0x000000ead3900000,0x000000ead3a00000] [id=11288]
  0x0000022c38a54990 ConcurrentGCThread "G1 Conc#1" [stack: 0x000000ead6500000,0x000000ead6600000] [id=7964]
  0x0000022c362320c0 ConcurrentGCThread "G1 Refine#0" [stack: 0x000000ead3a00000,0x000000ead3b00000] [id=8772]
  0x0000022c3a5361c0 ConcurrentGCThread "G1 Refine#1" [stack: 0x000000eadce00000,0x000000eadcf00000] [id=12468]
  0x0000022c3a536500 ConcurrentGCThread "G1 Refine#2" [stack: 0x000000eadd800000,0x000000eadd900000] [id=9620]
  0x0000022c3a536840 ConcurrentGCThread "G1 Refine#3" [stack: 0x000000eadd900000,0x000000eadda00000] [id=2000]
  0x0000022c36232a50 ConcurrentGCThread "G1 Service" [stack: 0x000000ead3b00000,0x000000ead3c00000] [id=7272]

Threads with active compile tasks:
C2 CompilerThread0    12375 10970   !   4       java.io.ObjectInputStream::readSerialData (549 bytes)
C1 CompilerThread0    12375 12107       2       com.android.aapt.Resources$Item$Builder::setPrim (48 bytes)
C2 CompilerThread1    12375 10893       4       org.gradle.internal.instantiation.generator.AbstractClassGenerator::inspectType (560 bytes)
C2 CompilerThread2    12375 11679       4       com.android.aaptcompiler.XmlStringBuilder::append (394 bytes)

VM state: at safepoint (normal execution)

VM Mutex/Monitor currently owned by a thread:  ([mutex/lock_event])
[0x0000022c1632f4c0] Threads_lock - owner thread: 0x0000022c3637c7e0
[0x0000022c16330900] Heap_lock - owner thread: 0x0000022c3d84fbd0

Heap address: 0x0000000080000000, size: 2048 MB, Compressed Oops mode: 32-bit

CDS archive(s) mapped at: [0x0000000800000000-0x0000000800bb0000-0x0000000800bb0000), size 12255232, SharedBaseAddress: 0x0000000800000000, ArchiveRelocationMode: 0.
Compressed class space mapped at: 0x0000000800c00000-0x0000000840c00000, reserved size: 1073741824
Narrow klass base: 0x0000000800000000, Narrow klass shift: 3, Narrow klass range: 0x100000000

GC Precious Log:
 CPUs: 8 total, 8 available
 Memory: 7959M
 Large Page Support: Disabled
 NUMA Support: Disabled
 Compressed Oops: Enabled (32-bit)
 Heap Region Size: 1M
 Heap Min Capacity: 8M
 Heap Initial Capacity: 126M
 Heap Max Capacity: 2G
 Pre-touch: Disabled
 Parallel Workers: 8
 Concurrent Workers: 2
 Concurrent Refinement Workers: 8
 Periodic GC: Disabled

Heap:
 garbage-first heap   total 209920K, used 97192K [0x0000000080000000, 0x0000000100000000)
  region size 1024K, 1 young (1024K), 1 survivors (1024K)
 Metaspace       used 84401K, committed 84992K, reserved 1130496K
  class space    used 10919K, committed 11200K, reserved 1048576K

Heap Regions: E=young(eden), S=young(survivor), O=old, HS=humongous(starts), HC=humongous(continues), CS=collection set, F=free, OA=open archive, CA=closed archive, TAMS=top-at-mark-start (previous, next)
|   0|0x0000000080000000, 0x0000000080100000, 0x0000000080100000|100%| O|  |TAMS 0x0000000080100000, 0x0000000080100000| Untracked 
|   1|0x0000000080100000, 0x0000000080200000, 0x0000000080200000|100%| O|  |TAMS 0x0000000080200000, 0x0000000080200000| Untracked 
|   2|0x0000000080200000, 0x0000000080300000, 0x0000000080300000|100%| O|  |TAMS 0x0000000080300000, 0x0000000080300000| Untracked 
|   3|0x0000000080300000, 0x0000000080400000, 0x0000000080400000|100%|HS|  |TAMS 0x0000000080400000, 0x0000000080400000| Complete 
|   4|0x0000000080400000, 0x0000000080500000, 0x0000000080500000|100%|HC|  |TAMS 0x0000000080500000, 0x0000000080500000| Complete 
|   5|0x0000000080500000, 0x0000000080600000, 0x0000000080600000|100%|HC|  |TAMS 0x0000000080600000, 0x0000000080600000| Complete 
|   6|0x0000000080600000, 0x0000000080700000, 0x0000000080700000|100%| O|  |TAMS 0x0000000080700000, 0x0000000080700000| Untracked 
|   7|0x0000000080700000, 0x0000000080800000, 0x0000000080800000|100%| O|  |TAMS 0x0000000080800000, 0x0000000080800000| Untracked 
|   8|0x0000000080800000, 0x0000000080900000, 0x0000000080900000|100%| O|  |TAMS 0x0000000080900000, 0x0000000080900000| Untracked 
|   9|0x0000000080900000, 0x0000000080a00000, 0x0000000080a00000|100%| O|  |TAMS 0x0000000080a00000, 0x0000000080a00000| Untracked 
|  10|0x0000000080a00000, 0x0000000080b00000, 0x0000000080b00000|100%| O|  |TAMS 0x0000000080b00000, 0x0000000080b00000| Untracked 
|  11|0x0000000080b00000, 0x0000000080c00000, 0x0000000080c00000|100%| O|  |TAMS 0x0000000080c00000, 0x0000000080c00000| Untracked 
|  12|0x0000000080c00000, 0x0000000080d00000, 0x0000000080d00000|100%| O|  |TAMS 0x0000000080d00000, 0x0000000080d00000| Untracked 
|  13|0x0000000080d00000, 0x0000000080e00000, 0x0000000080e00000|100%| O|  |TAMS 0x0000000080e00000, 0x0000000080e00000| Untracked 
|  14|0x0000000080e00000, 0x0000000080f00000, 0x0000000080f00000|100%| O|  |TAMS 0x0000000080f00000, 0x0000000080f00000| Untracked 
|  15|0x0000000080f00000, 0x0000000081000000, 0x0000000081000000|100%| O|  |TAMS 0x0000000081000000, 0x0000000081000000| Untracked 
|  16|0x0000000081000000, 0x0000000081100000, 0x0000000081100000|100%| O|  |TAMS 0x0000000081100000, 0x0000000081100000| Untracked 
|  17|0x0000000081100000, 0x0000000081200000, 0x0000000081200000|100%| O|  |TAMS 0x0000000081200000, 0x0000000081200000| Untracked 
|  18|0x0000000081200000, 0x0000000081200000, 0x0000000081300000|  0%| F|  |TAMS 0x0000000081200000, 0x0000000081200000| Untracked 
|  19|0x0000000081300000, 0x0000000081400000, 0x0000000081400000|100%| O|  |TAMS 0x0000000081400000, 0x0000000081400000| Untracked 
|  20|0x0000000081400000, 0x0000000081500000, 0x0000000081500000|100%|HS|  |TAMS 0x0000000081500000, 0x0000000081500000| Complete 
|  21|0x0000000081500000, 0x0000000081600000, 0x0000000081600000|100%| O|  |TAMS 0x0000000081600000, 0x0000000081600000| Untracked 
|  22|0x0000000081600000, 0x0000000081700000, 0x0000000081700000|100%| O|  |TAMS 0x0000000081700000, 0x0000000081700000| Untracked 
|  23|0x0000000081700000, 0x0000000081800000, 0x0000000081800000|100%| O|  |TAMS 0x0000000081800000, 0x0000000081800000| Untracked 
|  24|0x0000000081800000, 0x0000000081900000, 0x0000000081900000|100%| O|  |TAMS 0x0000000081900000, 0x0000000081900000| Untracked 
|  25|0x0000000081900000, 0x0000000081a00000, 0x0000000081a00000|100%|HS|  |TAMS 0x0000000081a00000, 0x0000000081a00000| Complete 
|  26|0x0000000081a00000, 0x0000000081b00000, 0x0000000081b00000|100%|HS|  |TAMS 0x0000000081b00000, 0x0000000081b00000| Complete 
|  27|0x0000000081b00000, 0x0000000081c00000, 0x0000000081c00000|100%|HC|  |TAMS 0x0000000081c00000, 0x0000000081c00000| Complete 
|  28|0x0000000081c00000, 0x0000000081d00000, 0x0000000081d00000|100%| O|  |TAMS 0x0000000081d00000, 0x0000000081d00000| Untracked 
|  29|0x0000000081d00000, 0x0000000081e00000, 0x0000000081e00000|100%| O|  |TAMS 0x0000000081e00000, 0x0000000081e00000| Untracked 
|  30|0x0000000081e00000, 0x0000000081effff8, 0x0000000081f00000| 99%| O|  |TAMS 0x0000000081effff8, 0x0000000081effff8| Untracked 
|  31|0x0000000081f00000, 0x0000000082000000, 0x0000000082000000|100%| O|  |TAMS 0x0000000082000000, 0x0000000082000000| Untracked 
|  32|0x0000000082000000, 0x0000000082100000, 0x0000000082100000|100%| O|  |TAMS 0x0000000082100000, 0x0000000082100000| Untracked 
|  33|0x0000000082100000, 0x0000000082200000, 0x0000000082200000|100%| O|  |TAMS 0x0000000082200000, 0x0000000082200000| Untracked 
|  34|0x0000000082200000, 0x0000000082300000, 0x0000000082300000|100%| O|  |TAMS 0x0000000082300000, 0x0000000082300000| Untracked 
|  35|0x0000000082300000, 0x0000000082400000, 0x0000000082400000|100%| O|  |TAMS 0x0000000082400000, 0x0000000082400000| Untracked 
|  36|0x0000000082400000, 0x0000000082500000, 0x0000000082500000|100%| O|  |TAMS 0x0000000082500000, 0x0000000082500000| Untracked 
|  37|0x0000000082500000, 0x0000000082600000, 0x0000000082600000|100%| O|  |TAMS 0x0000000082600000, 0x0000000082600000| Untracked 
|  38|0x0000000082600000, 0x0000000082700000, 0x0000000082700000|100%| O|  |TAMS 0x0000000082700000, 0x0000000082700000| Untracked 
|  39|0x0000000082700000, 0x0000000082800000, 0x0000000082800000|100%| O|  |TAMS 0x0000000082800000, 0x0000000082800000| Untracked 
|  40|0x0000000082800000, 0x0000000082900000, 0x0000000082900000|100%| O|  |TAMS 0x0000000082900000, 0x0000000082900000| Untracked 
|  41|0x0000000082900000, 0x0000000082a00000, 0x0000000082a00000|100%| O|  |TAMS 0x0000000082a00000, 0x0000000082a00000| Untracked 
|  42|0x0000000082a00000, 0x0000000082b00000, 0x0000000082b00000|100%| O|  |TAMS 0x0000000082b00000, 0x0000000082b00000| Untracked 
|  43|0x0000000082b00000, 0x0000000082c00000, 0x0000000082c00000|100%| O|  |TAMS 0x0000000082c00000, 0x0000000082c00000| Untracked 
|  44|0x0000000082c00000, 0x0000000082d00000, 0x0000000082d00000|100%| O|  |TAMS 0x0000000082d00000, 0x0000000082d00000| Untracked 
|  45|0x0000000082d00000, 0x0000000082e00000, 0x0000000082e00000|100%| O|  |TAMS 0x0000000082e00000, 0x0000000082e00000| Untracked 
|  46|0x0000000082e00000, 0x0000000082f00000, 0x0000000082f00000|100%| O|  |TAMS 0x0000000082f00000, 0x0000000082f00000| Untracked 
|  47|0x0000000082f00000, 0x0000000083000000, 0x0000000083000000|100%| O|  |TAMS 0x0000000083000000, 0x0000000083000000| Untracked 
|  48|0x0000000083000000, 0x0000000083100000, 0x0000000083100000|100%| O|  |TAMS 0x0000000083100000, 0x0000000083100000| Untracked 
|  49|0x0000000083100000, 0x0000000083200000, 0x0000000083200000|100%| O|  |TAMS 0x0000000083200000, 0x0000000083200000| Untracked 
|  50|0x0000000083200000, 0x0000000083300000, 0x0000000083300000|100%| O|  |TAMS 0x0000000083300000, 0x0000000083300000| Untracked 
|  51|0x0000000083300000, 0x0000000083400000, 0x0000000083400000|100%| O|  |TAMS 0x0000000083400000, 0x0000000083400000| Untracked 
|  52|0x0000000083400000, 0x0000000083500000, 0x0000000083500000|100%| O|  |TAMS 0x0000000083500000, 0x0000000083500000| Untracked 
|  53|0x0000000083500000, 0x0000000083600000, 0x0000000083600000|100%| O|  |TAMS 0x0000000083600000, 0x0000000083600000| Untracked 
|  54|0x0000000083600000, 0x0000000083700000, 0x0000000083700000|100%| O|  |TAMS 0x0000000083700000, 0x0000000083700000| Untracked 
|  55|0x0000000083700000, 0x0000000083800000, 0x0000000083800000|100%| O|  |TAMS 0x0000000083800000, 0x0000000083800000| Untracked 
|  56|0x0000000083800000, 0x0000000083900000, 0x0000000083900000|100%| O|  |TAMS 0x0000000083900000, 0x0000000083900000| Untracked 
|  57|0x0000000083900000, 0x0000000083a00000, 0x0000000083a00000|100%| O|  |TAMS 0x0000000083a00000, 0x0000000083a00000| Untracked 
|  58|0x0000000083a00000, 0x0000000083b00000, 0x0000000083b00000|100%| O|  |TAMS 0x0000000083b00000, 0x0000000083b00000| Untracked 
|  59|0x0000000083b00000, 0x0000000083c00000, 0x0000000083c00000|100%| O|  |TAMS 0x0000000083c00000, 0x0000000083c00000| Untracked 
|  60|0x0000000083c00000, 0x0000000083d00000, 0x0000000083d00000|100%| O|  |TAMS 0x0000000083d00000, 0x0000000083d00000| Untracked 
|  61|0x0000000083d00000, 0x0000000083e00000, 0x0000000083e00000|100%| O|  |TAMS 0x0000000083e00000, 0x0000000083e00000| Untracked 
|  62|0x0000000083e00000, 0x0000000083f00000, 0x0000000083f00000|100%| O|  |TAMS 0x0000000083f00000, 0x0000000083f00000| Untracked 
|  63|0x0000000083f00000, 0x0000000084000000, 0x0000000084000000|100%| O|  |TAMS 0x0000000084000000, 0x0000000084000000| Untracked 
|  64|0x0000000084000000, 0x0000000084100000, 0x0000000084100000|100%| O|  |TAMS 0x0000000084100000, 0x0000000084100000| Untracked 
|  65|0x0000000084100000, 0x0000000084200000, 0x0000000084200000|100%| O|  |TAMS 0x0000000084200000, 0x0000000084200000| Untracked 
|  66|0x0000000084200000, 0x0000000084300000, 0x0000000084300000|100%| O|  |TAMS 0x0000000084300000, 0x0000000084300000| Untracked 
|  67|0x0000000084300000, 0x0000000084400000, 0x0000000084400000|100%| O|  |TAMS 0x0000000084400000, 0x0000000084400000| Untracked 
|  68|0x0000000084400000, 0x0000000084500000, 0x0000000084500000|100%|HS|  |TAMS 0x0000000084400000, 0x0000000084500000| Complete 
|  69|0x0000000084500000, 0x0000000084600000, 0x0000000084600000|100%|HC|  |TAMS 0x0000000084500000, 0x0000000084600000| Complete 
|  70|0x0000000084600000, 0x0000000084700000, 0x0000000084700000|100%|HC|  |TAMS 0x0000000084600000, 0x0000000084700000| Complete 
|  71|0x0000000084700000, 0x0000000084700000, 0x0000000084800000|  0%| F|  |TAMS 0x0000000084700000, 0x0000000084700000| Untracked 
|  72|0x0000000084800000, 0x0000000084800000, 0x0000000084900000|  0%| F|  |TAMS 0x0000000084800000, 0x0000000084800000| Untracked 
|  73|0x0000000084900000, 0x0000000084900000, 0x0000000084a00000|  0%| F|  |TAMS 0x0000000084900000, 0x0000000084900000| Untracked 
|  74|0x0000000084a00000, 0x0000000084b00000, 0x0000000084b00000|100%| O|  |TAMS 0x0000000084a00000, 0x0000000084b00000| Untracked 
|  75|0x0000000084b00000, 0x0000000084c00000, 0x0000000084c00000|100%| O|  |TAMS 0x0000000084b00000, 0x0000000084c00000| Untracked 
|  76|0x0000000084c00000, 0x0000000084d00000, 0x0000000084d00000|100%| O|  |TAMS 0x0000000084d00000, 0x0000000084d00000| Untracked 
|  77|0x0000000084d00000, 0x0000000084d00000, 0x0000000084e00000|  0%| F|  |TAMS 0x0000000084d00000, 0x0000000084d00000| Untracked 
|  78|0x0000000084e00000, 0x0000000084e00000, 0x0000000084f00000|  0%| F|  |TAMS 0x0000000084e00000, 0x0000000084e00000| Untracked 
|  79|0x0000000084f00000, 0x0000000085000000, 0x0000000085000000|100%| O|  |TAMS 0x0000000085000000, 0x0000000085000000| Untracked 
|  80|0x0000000085000000, 0x0000000085000000, 0x0000000085100000|  0%| F|  |TAMS 0x0000000085000000, 0x0000000085000000| Untracked 
|  81|0x0000000085100000, 0x0000000085200000, 0x0000000085200000|100%| O|  |TAMS 0x0000000085100000, 0x0000000085200000| Untracked 
|  82|0x0000000085200000, 0x0000000085200000, 0x0000000085300000|  0%| F|  |TAMS 0x0000000085200000, 0x0000000085200000| Untracked 
|  83|0x0000000085300000, 0x000000008538d000, 0x0000000085400000| 55%| O|  |TAMS 0x0000000085300000, 0x000000008538d000| Untracked 
|  84|0x0000000085400000, 0x0000000085400000, 0x0000000085500000|  0%| F|  |TAMS 0x0000000085400000, 0x0000000085400000| Untracked 
|  85|0x0000000085500000, 0x0000000085500000, 0x0000000085600000|  0%| F|  |TAMS 0x0000000085500000, 0x0000000085500000| Untracked 
|  86|0x0000000085600000, 0x0000000085600000, 0x0000000085700000|  0%| F|  |TAMS 0x0000000085600000, 0x0000000085600000| Untracked 
|  87|0x0000000085700000, 0x0000000085800000, 0x0000000085800000|100%| O|  |TAMS 0x0000000085700000, 0x0000000085800000| Untracked 
|  88|0x0000000085800000, 0x0000000085800000, 0x0000000085900000|  0%| F|  |TAMS 0x0000000085800000, 0x0000000085800000| Untracked 
|  89|0x0000000085900000, 0x0000000085900000, 0x0000000085a00000|  0%| F|  |TAMS 0x0000000085900000, 0x0000000085900000| Untracked 
|  90|0x0000000085a00000, 0x0000000085a00000, 0x0000000085b00000|  0%| F|  |TAMS 0x0000000085a00000, 0x0000000085a00000| Untracked 
|  91|0x0000000085b00000, 0x0000000085c00000, 0x0000000085c00000|100%| O|  |TAMS 0x0000000085b00000, 0x0000000085c00000| Untracked 
|  92|0x0000000085c00000, 0x0000000085d00000, 0x0000000085d00000|100%| O|  |TAMS 0x0000000085c00000, 0x0000000085d00000| Untracked 
|  93|0x0000000085d00000, 0x0000000085e00000, 0x0000000085e00000|100%|HS|  |TAMS 0x0000000085d00000, 0x0000000085e00000| Complete 
|  94|0x0000000085e00000, 0x0000000085f00000, 0x0000000085f00000|100%|HC|  |TAMS 0x0000000085e00000, 0x0000000085f00000| Complete 
|  95|0x0000000085f00000, 0x0000000086000000, 0x0000000086000000|100%|HC|  |TAMS 0x0000000085f00000, 0x0000000086000000| Complete 
|  96|0x0000000086000000, 0x0000000086100000, 0x0000000086100000|100%|HC|  |TAMS 0x0000000086000000, 0x0000000086100000| Complete 
|  97|0x0000000086100000, 0x0000000086200000, 0x0000000086200000|100%| O|  |TAMS 0x0000000086100000, 0x0000000086200000| Untracked 
|  98|0x0000000086200000, 0x0000000086300000, 0x0000000086300000|100%| O|  |TAMS 0x0000000086200000, 0x0000000086300000| Untracked 
|  99|0x0000000086300000, 0x0000000086400000, 0x0000000086400000|100%| O|  |TAMS 0x0000000086300000, 0x0000000086400000| Untracked 
| 100|0x0000000086400000, 0x0000000086500000, 0x0000000086500000|100%| O|  |TAMS 0x0000000086400000, 0x0000000086500000| Untracked 
| 101|0x0000000086500000, 0x0000000086600000, 0x0000000086600000|100%| O|  |TAMS 0x0000000086500000, 0x0000000086600000| Untracked 
| 102|0x0000000086600000, 0x0000000086600000, 0x0000000086700000|  0%| F|  |TAMS 0x0000000086600000, 0x0000000086600000| Untracked 
| 103|0x0000000086700000, 0x0000000086800000, 0x0000000086800000|100%| O|  |TAMS 0x0000000086800000, 0x0000000086800000| Untracked 
| 104|0x0000000086800000, 0x0000000086900000, 0x0000000086900000|100%| O|  |TAMS 0x0000000086900000, 0x0000000086900000| Untracked 
| 105|0x0000000086900000, 0x0000000086a00000, 0x0000000086a00000|100%| O|  |TAMS 0x0000000086a00000, 0x0000000086a00000| Untracked 
| 106|0x0000000086a00000, 0x0000000086b00000, 0x0000000086b00000|100%| O|  |TAMS 0x0000000086a00000, 0x0000000086b00000| Untracked 
| 107|0x0000000086b00000, 0x0000000086c00000, 0x0000000086c00000|100%| O|  |TAMS 0x0000000086b00000, 0x0000000086c00000| Untracked 
| 108|0x0000000086c00000, 0x0000000086c00000, 0x0000000086d00000|  0%| F|  |TAMS 0x0000000086c00000, 0x0000000086c00000| Untracked 
| 109|0x0000000086d00000, 0x0000000086d00000, 0x0000000086e00000|  0%| F|  |TAMS 0x0000000086d00000, 0x0000000086d00000| Untracked 
| 110|0x0000000086e00000, 0x0000000086e00000, 0x0000000086f00000|  0%| F|  |TAMS 0x0000000086e00000, 0x0000000086e00000| Untracked 
| 111|0x0000000086f00000, 0x0000000086f00000, 0x0000000087000000|  0%| F|  |TAMS 0x0000000086f00000, 0x0000000086f00000| Untracked 
| 112|0x0000000087000000, 0x0000000087000000, 0x0000000087100000|  0%| F|  |TAMS 0x0000000087000000, 0x0000000087000000| Untracked 
| 113|0x0000000087100000, 0x0000000087100000, 0x0000000087200000|  0%| F|  |TAMS 0x0000000087100000, 0x0000000087100000| Untracked 
| 114|0x0000000087200000, 0x0000000087200000, 0x0000000087300000|  0%| F|  |TAMS 0x0000000087200000, 0x0000000087200000| Untracked 
| 115|0x0000000087300000, 0x0000000087300000, 0x0000000087400000|  0%| F|  |TAMS 0x0000000087300000, 0x0000000087300000| Untracked 
| 116|0x0000000087400000, 0x0000000087400000, 0x0000000087500000|  0%| F|  |TAMS 0x0000000087400000, 0x0000000087400000| Untracked 
| 117|0x0000000087500000, 0x0000000087500000, 0x0000000087600000|  0%| F|  |TAMS 0x0000000087500000, 0x0000000087500000| Untracked 
| 118|0x0000000087600000, 0x0000000087700000, 0x0000000087700000|100%| O|  |TAMS 0x0000000087700000, 0x0000000087700000| Untracked 
| 119|0x0000000087700000, 0x0000000087800000, 0x0000000087800000|100%| O|  |TAMS 0x00000000877f8800, 0x0000000087800000| Untracked 
| 120|0x0000000087800000, 0x0000000087800000, 0x0000000087900000|  0%| F|  |TAMS 0x0000000087800000, 0x0000000087800000| Untracked 
| 121|0x0000000087900000, 0x0000000087900000, 0x0000000087a00000|  0%| F|  |TAMS 0x0000000087900000, 0x0000000087900000| Untracked 
| 122|0x0000000087a00000, 0x0000000087a00000, 0x0000000087b00000|  0%| F|  |TAMS 0x0000000087a00000, 0x0000000087a00000| Untracked 
| 123|0x0000000087b00000, 0x0000000087b00000, 0x0000000087c00000|  0%| F|  |TAMS 0x0000000087b00000, 0x0000000087b00000| Untracked 
| 124|0x0000000087c00000, 0x0000000087c00000, 0x0000000087d00000|  0%| F|  |TAMS 0x0000000087c00000, 0x0000000087c00000| Untracked 
| 125|0x0000000087d00000, 0x0000000087d00000, 0x0000000087e00000|  0%| F|  |TAMS 0x0000000087d00000, 0x0000000087d00000| Untracked 
| 126|0x0000000087e00000, 0x0000000087e00000, 0x0000000087f00000|  0%| F|  |TAMS 0x0000000087e00000, 0x0000000087e00000| Untracked 
| 127|0x0000000087f00000, 0x0000000087f00000, 0x0000000088000000|  0%| F|  |TAMS 0x0000000087f00000, 0x0000000087f00000| Untracked 
| 128|0x0000000088000000, 0x0000000088000000, 0x0000000088100000|  0%| F|  |TAMS 0x0000000088000000, 0x0000000088000000| Untracked 
| 129|0x0000000088100000, 0x0000000088100000, 0x0000000088200000|  0%| F|  |TAMS 0x0000000088100000, 0x0000000088100000| Untracked 
| 130|0x0000000088200000, 0x0000000088200000, 0x0000000088300000|  0%| F|  |TAMS 0x0000000088200000, 0x0000000088200000| Untracked 
| 131|0x0000000088300000, 0x0000000088300000, 0x0000000088400000|  0%| F|  |TAMS 0x0000000088300000, 0x0000000088300000| Untracked 
| 132|0x0000000088400000, 0x0000000088400000, 0x0000000088500000|  0%| F|  |TAMS 0x0000000088400000, 0x0000000088400000| Untracked 
| 133|0x0000000088500000, 0x0000000088500000, 0x0000000088600000|  0%| F|  |TAMS 0x0000000088500000, 0x0000000088500000| Untracked 
| 134|0x0000000088600000, 0x0000000088600000, 0x0000000088700000|  0%| F|  |TAMS 0x0000000088600000, 0x0000000088600000| Untracked 
| 135|0x0000000088700000, 0x0000000088700000, 0x0000000088800000|  0%| F|  |TAMS 0x0000000088700000, 0x0000000088700000| Untracked 
| 136|0x0000000088800000, 0x0000000088800000, 0x0000000088900000|  0%| F|  |TAMS 0x0000000088800000, 0x0000000088800000| Untracked 
| 137|0x0000000088900000, 0x0000000088900000, 0x0000000088a00000|  0%| F|  |TAMS 0x0000000088900000, 0x0000000088900000| Untracked 
| 138|0x0000000088a00000, 0x0000000088a00000, 0x0000000088b00000|  0%| F|  |TAMS 0x0000000088a00000, 0x0000000088a00000| Untracked 
| 139|0x0000000088b00000, 0x0000000088b00000, 0x0000000088c00000|  0%| F|  |TAMS 0x0000000088b00000, 0x0000000088b00000| Untracked 
| 140|0x0000000088c00000, 0x0000000088c00000, 0x0000000088d00000|  0%| F|  |TAMS 0x0000000088c00000, 0x0000000088c00000| Untracked 
| 141|0x0000000088d00000, 0x0000000088d00000, 0x0000000088e00000|  0%| F|  |TAMS 0x0000000088d00000, 0x0000000088d00000| Untracked 
| 142|0x0000000088e00000, 0x0000000088e00000, 0x0000000088f00000|  0%| F|  |TAMS 0x0000000088e00000, 0x0000000088e00000| Untracked 
| 143|0x0000000088f00000, 0x0000000088f00000, 0x0000000089000000|  0%| F|  |TAMS 0x0000000088f00000, 0x0000000088f00000| Untracked 
| 144|0x0000000089000000, 0x0000000089000000, 0x0000000089100000|  0%| F|  |TAMS 0x0000000089000000, 0x0000000089000000| Untracked 
| 145|0x0000000089100000, 0x0000000089100000, 0x0000000089200000|  0%| F|  |TAMS 0x0000000089100000, 0x0000000089100000| Untracked 
| 146|0x0000000089200000, 0x0000000089200000, 0x0000000089300000|  0%| F|  |TAMS 0x0000000089200000, 0x0000000089200000| Untracked 
| 147|0x0000000089300000, 0x0000000089300000, 0x0000000089400000|  0%| F|  |TAMS 0x0000000089300000, 0x0000000089300000| Untracked 
| 148|0x0000000089400000, 0x0000000089400000, 0x0000000089500000|  0%| F|  |TAMS 0x0000000089400000, 0x0000000089400000| Untracked 
| 149|0x0000000089500000, 0x0000000089500000, 0x0000000089600000|  0%| F|  |TAMS 0x0000000089500000, 0x0000000089500000| Untracked 
| 150|0x0000000089600000, 0x0000000089600000, 0x0000000089700000|  0%| F|  |TAMS 0x0000000089600000, 0x0000000089600000| Untracked 
| 151|0x0000000089700000, 0x0000000089700000, 0x0000000089800000|  0%| F|  |TAMS 0x0000000089700000, 0x0000000089700000| Untracked 
| 152|0x0000000089800000, 0x0000000089800000, 0x0000000089900000|  0%| F|  |TAMS 0x0000000089800000, 0x0000000089800000| Untracked 
| 153|0x0000000089900000, 0x0000000089900000, 0x0000000089a00000|  0%| F|  |TAMS 0x0000000089900000, 0x0000000089900000| Untracked 
| 154|0x0000000089a00000, 0x0000000089a00000, 0x0000000089b00000|  0%| F|  |TAMS 0x0000000089a00000, 0x0000000089a00000| Untracked 
| 155|0x0000000089b00000, 0x0000000089b00000, 0x0000000089c00000|  0%| F|  |TAMS 0x0000000089b00000, 0x0000000089b00000| Untracked 
| 156|0x0000000089c00000, 0x0000000089c00000, 0x0000000089d00000|  0%| F|  |TAMS 0x0000000089c00000, 0x0000000089c00000| Untracked 
| 157|0x0000000089d00000, 0x0000000089d00000, 0x0000000089e00000|  0%| F|  |TAMS 0x0000000089d00000, 0x0000000089d00000| Untracked 
| 158|0x0000000089e00000, 0x0000000089e00000, 0x0000000089f00000|  0%| F|  |TAMS 0x0000000089e00000, 0x0000000089e00000| Untracked 
| 159|0x0000000089f00000, 0x0000000089f00000, 0x000000008a000000|  0%| F|  |TAMS 0x0000000089f00000, 0x0000000089f00000| Untracked 
| 160|0x000000008a000000, 0x000000008a000000, 0x000000008a100000|  0%| F|  |TAMS 0x000000008a000000, 0x000000008a000000| Untracked 
| 161|0x000000008a100000, 0x000000008a100000, 0x000000008a200000|  0%| F|  |TAMS 0x000000008a100000, 0x000000008a100000| Untracked 
| 162|0x000000008a200000, 0x000000008a200000, 0x000000008a300000|  0%| F|  |TAMS 0x000000008a200000, 0x000000008a200000| Untracked 
| 163|0x000000008a300000, 0x000000008a300000, 0x000000008a400000|  0%| F|  |TAMS 0x000000008a300000, 0x000000008a300000| Untracked 
| 164|0x000000008a400000, 0x000000008a400000, 0x000000008a500000|  0%| F|  |TAMS 0x000000008a400000, 0x000000008a400000| Untracked 
| 165|0x000000008a500000, 0x000000008a500000, 0x000000008a600000|  0%| F|  |TAMS 0x000000008a500000, 0x000000008a500000| Untracked 
| 166|0x000000008a600000, 0x000000008a600000, 0x000000008a700000|  0%| F|  |TAMS 0x000000008a600000, 0x000000008a600000| Untracked 
| 167|0x000000008a700000, 0x000000008a700000, 0x000000008a800000|  0%| F|  |TAMS 0x000000008a700000, 0x000000008a700000| Untracked 
| 168|0x000000008a800000, 0x000000008a800000, 0x000000008a900000|  0%| F|  |TAMS 0x000000008a800000, 0x000000008a800000| Untracked 
| 169|0x000000008a900000, 0x000000008a900000, 0x000000008aa00000|  0%| F|  |TAMS 0x000000008a900000, 0x000000008a900000| Untracked 
| 170|0x000000008aa00000, 0x000000008aa00000, 0x000000008ab00000|  0%| F|  |TAMS 0x000000008aa00000, 0x000000008aa00000| Untracked 
| 171|0x000000008ab00000, 0x000000008ab00000, 0x000000008ac00000|  0%| F|  |TAMS 0x000000008ab00000, 0x000000008ab00000| Untracked 
| 172|0x000000008ac00000, 0x000000008ac00000, 0x000000008ad00000|  0%| F|  |TAMS 0x000000008ac00000, 0x000000008ac00000| Untracked 
| 173|0x000000008ad00000, 0x000000008ad00000, 0x000000008ae00000|  0%| F|  |TAMS 0x000000008ad00000, 0x000000008ad00000| Untracked 
| 174|0x000000008ae00000, 0x000000008ae00000, 0x000000008af00000|  0%| F|  |TAMS 0x000000008ae00000, 0x000000008ae00000| Untracked 
| 175|0x000000008af00000, 0x000000008af00000, 0x000000008b000000|  0%| F|  |TAMS 0x000000008af00000, 0x000000008af00000| Untracked 
| 176|0x000000008b000000, 0x000000008b000000, 0x000000008b100000|  0%| F|  |TAMS 0x000000008b000000, 0x000000008b000000| Untracked 
| 177|0x000000008b100000, 0x000000008b100000, 0x000000008b200000|  0%| F|  |TAMS 0x000000008b100000, 0x000000008b100000| Untracked 
| 178|0x000000008b200000, 0x000000008b200000, 0x000000008b300000|  0%| F|  |TAMS 0x000000008b200000, 0x000000008b200000| Untracked 
| 179|0x000000008b300000, 0x000000008b300000, 0x000000008b400000|  0%| F|  |TAMS 0x000000008b300000, 0x000000008b300000| Untracked 
| 180|0x000000008b400000, 0x000000008b400000, 0x000000008b500000|  0%| F|  |TAMS 0x000000008b400000, 0x000000008b400000| Untracked 
| 181|0x000000008b500000, 0x000000008b500000, 0x000000008b600000|  0%| F|  |TAMS 0x000000008b500000, 0x000000008b500000| Untracked 
| 182|0x000000008b600000, 0x000000008b600000, 0x000000008b700000|  0%| F|  |TAMS 0x000000008b600000, 0x000000008b600000| Untracked 
| 183|0x000000008b700000, 0x000000008b700000, 0x000000008b800000|  0%| F|  |TAMS 0x000000008b700000, 0x000000008b700000| Untracked 
| 184|0x000000008b800000, 0x000000008b800000, 0x000000008b900000|  0%| F|  |TAMS 0x000000008b800000, 0x000000008b800000| Untracked 
| 185|0x000000008b900000, 0x000000008b900000, 0x000000008ba00000|  0%| F|  |TAMS 0x000000008b900000, 0x000000008b900000| Untracked 
| 186|0x000000008ba00000, 0x000000008ba00000, 0x000000008bb00000|  0%| F|  |TAMS 0x000000008ba00000, 0x000000008ba00000| Untracked 
| 187|0x000000008bb00000, 0x000000008bb00000, 0x000000008bc00000|  0%| F|  |TAMS 0x000000008bb00000, 0x000000008bb00000| Untracked 
| 188|0x000000008bc00000, 0x000000008bc00000, 0x000000008bd00000|  0%| F|  |TAMS 0x000000008bc00000, 0x000000008bc00000| Untracked 
| 189|0x000000008bd00000, 0x000000008bd00000, 0x000000008be00000|  0%| F|  |TAMS 0x000000008bd00000, 0x000000008bd00000| Untracked 
| 190|0x000000008be00000, 0x000000008be00000, 0x000000008bf00000|  0%| F|  |TAMS 0x000000008be00000, 0x000000008be00000| Untracked 
| 191|0x000000008bf00000, 0x000000008bf00000, 0x000000008c000000|  0%| F|  |TAMS 0x000000008bf00000, 0x000000008bf00000| Untracked 
| 192|0x000000008c000000, 0x000000008c000000, 0x000000008c100000|  0%| F|  |TAMS 0x000000008c000000, 0x000000008c000000| Untracked 
| 193|0x000000008c100000, 0x000000008c100000, 0x000000008c200000|  0%| F|  |TAMS 0x000000008c100000, 0x000000008c100000| Untracked 
| 194|0x000000008c200000, 0x000000008c200000, 0x000000008c300000|  0%| F|  |TAMS 0x000000008c200000, 0x000000008c200000| Untracked 
| 195|0x000000008c300000, 0x000000008c300000, 0x000000008c400000|  0%| F|  |TAMS 0x000000008c300000, 0x000000008c300000| Untracked 
| 196|0x000000008c400000, 0x000000008c400000, 0x000000008c500000|  0%| F|  |TAMS 0x000000008c400000, 0x000000008c400000| Untracked 
| 197|0x000000008c500000, 0x000000008c500000, 0x000000008c600000|  0%| F|  |TAMS 0x000000008c500000, 0x000000008c500000| Untracked 
| 198|0x000000008c600000, 0x000000008c600000, 0x000000008c700000|  0%| F|  |TAMS 0x000000008c600000, 0x000000008c600000| Untracked 
| 199|0x000000008c700000, 0x000000008c700000, 0x000000008c800000|  0%| F|  |TAMS 0x000000008c700000, 0x000000008c700000| Untracked 
| 200|0x000000008c800000, 0x000000008c800000, 0x000000008c900000|  0%| F|  |TAMS 0x000000008c800000, 0x000000008c800000| Untracked 
| 201|0x000000008c900000, 0x000000008c900000, 0x000000008ca00000|  0%| F|  |TAMS 0x000000008c900000, 0x000000008c900000| Untracked 
| 202|0x000000008ca00000, 0x000000008ca00000, 0x000000008cb00000|  0%| F|  |TAMS 0x000000008ca00000, 0x000000008ca00000| Untracked 
| 203|0x000000008cb00000, 0x000000008cb5d398, 0x000000008cc00000| 36%| S|CS|TAMS 0x000000008cb00000, 0x000000008cb00000| Complete 
| 204|0x000000008cc00000, 0x000000008cc00000, 0x000000008cd00000|  0%| F|  |TAMS 0x000000008cc00000, 0x000000008cc00000| Untracked 

Card table byte_map: [0x0000022c2f0f0000,0x0000022c2f4f0000] _byte_map_base: 0x0000022c2ecf0000

Marking Bits (Prev, Next): (CMBitMap*) 0x0000022c1636d470, (CMBitMap*) 0x0000022c1636d4b0
 Prev Bits: [0x0000022c2f8f0000, 0x0000022c318f0000)
 Next Bits: [0x0000022c318f0000, 0x0000022c338f0000)

Polling page: 0x0000022c16410000

Metaspace:

Usage:
  Non-class:     71.76 MB used.
      Class:     10.66 MB used.
       Both:     82.42 MB used.

Virtual space:
  Non-class space:       80.00 MB reserved,      72.06 MB ( 90%) committed,  10 nodes.
      Class space:        1.00 GB reserved,      10.94 MB (  1%) committed,  1 nodes.
              Both:        1.08 GB reserved,      83.00 MB (  8%) committed. 

Chunk freelists:
   Non-Class:  3.97 MB
       Class:  903.00 KB
        Both:  4.85 MB

MaxMetaspaceSize: 17179869184.00 GB
CompressedClassSpaceSize: 1.00 GB
 - commit_granule_bytes: 65536.
 - commit_granule_words: 8192.
 - virtual_space_node_default_size: 1048576.
 - enlarge_chunks_in_place: 1.
 - new_chunks_are_fully_committed: 0.
 - uncommit_free_chunks: 1.
 - use_allocation_guard: 0.
 - handle_deallocations: 1.


Internal statistics:

num_allocs_failed_limit: 6.
num_arena_births: 798.
num_arena_deaths: 14.
num_vsnodes_births: 11.
num_vsnodes_deaths: 0.
num_space_committed: 1327.
num_space_uncommitted: 0.
num_chunks_returned_to_freelist: 23.
num_chunks_taken_from_freelist: 4074.
num_chunk_merges: 13.
num_chunk_splits: 2716.
num_chunks_enlarged: 1855.
num_purges: 2.

CodeHeap 'non-profiled nmethods': size=120000Kb used=6475Kb max_used=6475Kb free=113524Kb
 bounds [0x0000022c26d50000, 0x0000022c273b0000, 0x0000022c2e280000]
CodeHeap 'profiled nmethods': size=120000Kb used=20067Kb max_used=20067Kb free=99932Kb
 bounds [0x0000022c1f820000, 0x0000022c20bc0000, 0x0000022c26d50000]
CodeHeap 'non-nmethods': size=5760Kb used=2498Kb max_used=2562Kb free=3261Kb
 bounds [0x0000022c1f280000, 0x0000022c1f510000, 0x0000022c1f820000]
 total_blobs=11427 nmethods=10392 adapters=947
 compilation: enabled
              stopped_count=0, restarted_count=0
 full_count=0

Compilation events (20 events):
Event: 12.296 Thread 0x0000022c3639f0d0 nmethod 12097 0x0000022c20bb2590 code [0x0000022c20bb2740, 0x0000022c20bb2908]
Event: 12.296 Thread 0x0000022c3639f0d0 12098       2       com.android.utils.Pair::of (10 bytes)
Event: 12.296 Thread 0x0000022c3639f0d0 nmethod 12098 0x0000022c20bb2990 code [0x0000022c20bb2b40, 0x0000022c20bb2d38]
Event: 12.296 Thread 0x0000022c3639f0d0 12099       2       com.android.utils.Pair::<init> (15 bytes)
Event: 12.297 Thread 0x0000022c3639f0d0 nmethod 12099 0x0000022c20bb2e10 code [0x0000022c20bb2fa0, 0x0000022c20bb3158]
Event: 12.297 Thread 0x0000022c3639f0d0 12100       1       com.android.ide.common.resources.ResourceFile::getFolderConfiguration (5 bytes)
Event: 12.297 Thread 0x0000022c3639f0d0 nmethod 12100 0x0000022c273a2690 code [0x0000022c273a2820, 0x0000022c273a28f8]
Event: 12.311 Thread 0x0000022c3639f0d0 12101       2       kotlin.comparisons.ComparisonsKt__ComparisonsKt::compareValues (27 bytes)
Event: 12.312 Thread 0x0000022c3639f0d0 nmethod 12101 0x0000022c20bb3210 code [0x0000022c20bb33c0, 0x0000022c20bb3568]
Event: 12.322 Thread 0x0000022c3639f0d0 12102       2       com.ctc.wstx.evt.CompactStartElement::getAttributes (123 bytes)
Event: 12.323 Thread 0x0000022c3639f0d0 nmethod 12102 0x0000022c20bb3610 code [0x0000022c20bb3820, 0x0000022c20bb3ef8]
Event: 12.323 Thread 0x0000022c3639f0d0 12104   !   2       sun.nio.fs.WindowsPath::getPathForWin32Calls (135 bytes)
Event: 12.324 Thread 0x0000022c3639f0d0 nmethod 12104 0x0000022c20bb4290 code [0x0000022c20bb44a0, 0x0000022c20bb4b08]
Event: 12.324 Thread 0x0000022c3639f0d0 12103       2       com.android.aaptcompiler.XmlResourceBuilder::finishTextState (84 bytes)
Event: 12.325 Thread 0x0000022c3639f0d0 nmethod 12103 0x0000022c20bb4d90 code [0x0000022c20bb5020, 0x0000022c20bb5808]
Event: 12.325 Thread 0x0000022c3639f0d0 12105       1       kotlin.collections.EmptyList::getSize (2 bytes)
Event: 12.325 Thread 0x0000022c3639f0d0 nmethod 12105 0x0000022c273a2990 code [0x0000022c273a2b20, 0x0000022c273a2bf8]
Event: 12.326 Thread 0x0000022c3639f0d0 12106       2       com.android.aaptcompiler.proto.ProtoSerializeKt::serializeBinPrimitiveToPb (516 bytes)
Event: 12.330 Thread 0x0000022c3639f0d0 nmethod 12106 0x0000022c20bb5c10 code [0x0000022c20bb6100, 0x0000022c20bb8138]
Event: 12.330 Thread 0x0000022c3639f0d0 12107       2       com.android.aapt.Resources$Item$Builder::setPrim (48 bytes)

GC Heap History (20 events):
Event: 9.788 GC heap after
{Heap after GC invocations=31 (full 0):
 garbage-first heap   total 122880K, used 78831K [0x0000000080000000, 0x0000000100000000)
  region size 1024K, 5 young (5120K), 5 survivors (5120K)
 Metaspace       used 75250K, committed 75776K, reserved 1114112K
  class space    used 10122K, committed 10368K, reserved 1048576K
}
Event: 10.092 GC heap before
{Heap before GC invocations=32 (full 0):
 garbage-first heap   total 152576K, used 100335K [0x0000000080000000, 0x0000000100000000)
  region size 1024K, 24 young (24576K), 5 survivors (5120K)
 Metaspace       used 75346K, committed 75904K, reserved 1122304K
  class space    used 10122K, committed 10368K, reserved 1048576K
}
Event: 10.100 GC heap after
{Heap after GC invocations=33 (full 0):
 garbage-first heap   total 152576K, used 90812K [0x0000000080000000, 0x0000000100000000)
  region size 1024K, 3 young (3072K), 3 survivors (3072K)
 Metaspace       used 75346K, committed 75904K, reserved 1122304K
  class space    used 10122K, committed 10368K, reserved 1048576K
}
Event: 10.449 GC heap before
{Heap before GC invocations=33 (full 0):
 garbage-first heap   total 152576K, used 110268K [0x0000000080000000, 0x0000000100000000)
  region size 1024K, 24 young (24576K), 3 survivors (3072K)
 Metaspace       used 77240K, committed 77824K, reserved 1122304K
  class space    used 10321K, committed 10624K, reserved 1048576K
}
Event: 10.453 GC heap after
{Heap after GC invocations=34 (full 0):
 garbage-first heap   total 152576K, used 94539K [0x0000000080000000, 0x0000000100000000)
  region size 1024K, 3 young (3072K), 3 survivors (3072K)
 Metaspace       used 77240K, committed 77824K, reserved 1122304K
  class space    used 10321K, committed 10624K, reserved 1048576K
}
Event: 10.979 GC heap before
{Heap before GC invocations=35 (full 0):
 garbage-first heap   total 174080K, used 128331K [0x0000000080000000, 0x0000000100000000)
  region size 1024K, 25 young (25600K), 3 survivors (3072K)
 Metaspace       used 79518K, committed 80000K, reserved 1122304K
  class space    used 10531K, committed 10752K, reserved 1048576K
}
Event: 10.984 GC heap after
{Heap after GC invocations=36 (full 0):
 garbage-first heap   total 174080K, used 100431K [0x0000000080000000, 0x0000000100000000)
  region size 1024K, 4 young (4096K), 4 survivors (4096K)
 Metaspace       used 79518K, committed 80000K, reserved 1122304K
  class space    used 10531K, committed 10752K, reserved 1048576K
}
Event: 11.315 GC heap before
{Heap before GC invocations=36 (full 0):
 garbage-first heap   total 174080K, used 119887K [0x0000000080000000, 0x0000000100000000)
  region size 1024K, 24 young (24576K), 4 survivors (4096K)
 Metaspace       used 79644K, committed 80192K, reserved 1122304K
  class space    used 10545K, committed 10816K, reserved 1048576K
}
Event: 11.322 GC heap after
{Heap after GC invocations=37 (full 0):
 garbage-first heap   total 208896K, used 106330K [0x0000000080000000, 0x0000000100000000)
  region size 1024K, 5 young (5120K), 5 survivors (5120K)
 Metaspace       used 79644K, committed 80192K, reserved 1122304K
  class space    used 10545K, committed 10816K, reserved 1048576K
}
Event: 11.738 GC heap before
{Heap before GC invocations=38 (full 0):
 garbage-first heap   total 209920K, used 163674K [0x0000000080000000, 0x0000000100000000)
  region size 1024K, 48 young (49152K), 5 survivors (5120K)
 Metaspace       used 82767K, committed 83392K, reserved 1122304K
  class space    used 10805K, committed 11136K, reserved 1048576K
}
Event: 11.747 GC heap after
{Heap after GC invocations=39 (full 0):
 garbage-first heap   total 209920K, used 112689K [0x0000000080000000, 0x0000000100000000)
  region size 1024K, 6 young (6144K), 6 survivors (6144K)
 Metaspace       used 82767K, committed 83392K, reserved 1122304K
  class space    used 10805K, committed 11136K, reserved 1048576K
}
Event: 11.939 GC heap before
{Heap before GC invocations=39 (full 0):
 garbage-first heap   total 209920K, used 141361K [0x0000000080000000, 0x0000000100000000)
  region size 1024K, 36 young (36864K), 6 survivors (6144K)
 Metaspace       used 83233K, committed 83840K, reserved 1122304K
  class space    used 10826K, committed 11136K, reserved 1048576K
}
Event: 11.943 GC heap after
{Heap after GC invocations=40 (full 0):
 garbage-first heap   total 209920K, used 116052K [0x0000000080000000, 0x0000000100000000)
  region size 1024K, 3 young (3072K), 3 survivors (3072K)
 Metaspace       used 83233K, committed 83840K, reserved 1122304K
  class space    used 10826K, committed 11136K, reserved 1048576K
}
Event: 12.249 GC heap before
{Heap before GC invocations=41 (full 0):
 garbage-first heap   total 209920K, used 163156K [0x0000000080000000, 0x0000000100000000)
  region size 1024K, 46 young (47104K), 3 survivors (3072K)
 Metaspace       used 84295K, committed 84864K, reserved 1122304K
  class space    used 10913K, committed 11200K, reserved 1048576K
}
Event: 12.254 GC heap after
{Heap after GC invocations=42 (full 0):
 garbage-first heap   total 209920K, used 111833K [0x0000000080000000, 0x0000000100000000)
  region size 1024K, 6 young (6144K), 6 survivors (6144K)
 Metaspace       used 84295K, committed 84864K, reserved 1122304K
  class space    used 10913K, committed 11200K, reserved 1048576K
}
Event: 12.299 GC heap before
{Heap before GC invocations=42 (full 0):
 garbage-first heap   total 209920K, used 115929K [0x0000000080000000, 0x0000000100000000)
  region size 1024K, 10 young (10240K), 6 survivors (6144K)
 Metaspace       used 84364K, committed 84928K, reserved 1130496K
  class space    used 10918K, committed 11200K, reserved 1048576K
}
Event: 12.304 GC heap after
{Heap after GC invocations=43 (full 0):
 garbage-first heap   total 209920K, used 90810K [0x0000000080000000, 0x0000000100000000)
  region size 1024K, 2 young (2048K), 2 survivors (2048K)
 Metaspace       used 84364K, committed 84928K, reserved 1130496K
  class space    used 10918K, committed 11200K, reserved 1048576K
}
Event: 12.318 GC heap before
{Heap before GC invocations=43 (full 0):
 garbage-first heap   total 209920K, used 94906K [0x0000000080000000, 0x0000000100000000)
  region size 1024K, 4 young (4096K), 2 survivors (2048K)
 Metaspace       used 84380K, committed 84992K, reserved 1130496K
  class space    used 10919K, committed 11200K, reserved 1048576K
}
Event: 12.320 GC heap after
{Heap after GC invocations=44 (full 0):
 garbage-first heap   total 209920K, used 93204K [0x0000000080000000, 0x0000000100000000)
  region size 1024K, 1 young (1024K), 1 survivors (1024K)
 Metaspace       used 84380K, committed 84992K, reserved 1130496K
  class space    used 10919K, committed 11200K, reserved 1048576K
}
Event: 12.331 GC heap before
{Heap before GC invocations=44 (full 0):
 garbage-first heap   total 209920K, used 97300K [0x0000000080000000, 0x0000000100000000)
  region size 1024K, 2 young (2048K), 1 survivors (1024K)
 Metaspace       used 84401K, committed 84992K, reserved 1130496K
  class space    used 10919K, committed 11200K, reserved 1048576K
}

Deoptimization events (20 events):
Event: 12.281 Thread 0x0000022c36df6e70 Uncommon trap: trap_request=0xffffffde fr.pc=0x0000022c272516f0 relative=0x0000000000002610
Event: 12.281 Thread 0x0000022c36df6e70 Uncommon trap: reason=class_check action=maybe_recompile pc=0x0000022c272516f0 method=com.android.ide.common.resources.ValueResourceParser2.getType(Lorg/w3c/dom/Node;Ljava/io/File;)Lcom/android/resources/ResourceType; @ 1 c2
Event: 12.281 Thread 0x0000022c36df6e70 DEOPT PACKING pc=0x0000022c272516f0 sp=0x000000ead55f69d0
Event: 12.281 Thread 0x0000022c36df6e70 DEOPT UNPACKING pc=0x0000022c1f2cf92e sp=0x000000ead55f6968 mode 2
Event: 12.281 Thread 0x0000022c36df6e70 Uncommon trap: trap_request=0xffffffde fr.pc=0x0000022c272516f0 relative=0x0000000000002610
Event: 12.281 Thread 0x0000022c36df6e70 Uncommon trap: reason=class_check action=maybe_recompile pc=0x0000022c272516f0 method=com.android.ide.common.resources.ValueResourceParser2.getType(Lorg/w3c/dom/Node;Ljava/io/File;)Lcom/android/resources/ResourceType; @ 1 c2
Event: 12.281 Thread 0x0000022c36df6e70 DEOPT PACKING pc=0x0000022c272516f0 sp=0x000000ead55f69d0
Event: 12.281 Thread 0x0000022c36df6e70 DEOPT UNPACKING pc=0x0000022c1f2cf92e sp=0x000000ead55f6968 mode 2
Event: 12.281 Thread 0x0000022c36df6e70 Uncommon trap: trap_request=0xffffffde fr.pc=0x0000022c272516f0 relative=0x0000000000002610
Event: 12.281 Thread 0x0000022c36df6e70 Uncommon trap: reason=class_check action=maybe_recompile pc=0x0000022c272516f0 method=com.android.ide.common.resources.ValueResourceParser2.getType(Lorg/w3c/dom/Node;Ljava/io/File;)Lcom/android/resources/ResourceType; @ 1 c2
Event: 12.281 Thread 0x0000022c36df6e70 DEOPT PACKING pc=0x0000022c272516f0 sp=0x000000ead55f69d0
Event: 12.281 Thread 0x0000022c36df6e70 DEOPT UNPACKING pc=0x0000022c1f2cf92e sp=0x000000ead55f6968 mode 2
Event: 12.281 Thread 0x0000022c36df6e70 Uncommon trap: trap_request=0xffffffde fr.pc=0x0000022c26ff9898 relative=0x0000000000000c38
Event: 12.281 Thread 0x0000022c36df6e70 Uncommon trap: reason=class_check action=maybe_recompile pc=0x0000022c26ff9898 method=com.android.ide.common.resources.ValueResourceParser2.getType(Lorg/w3c/dom/Node;Ljava/io/File;)Lcom/android/resources/ResourceType; @ 1 c2
Event: 12.281 Thread 0x0000022c36df6e70 DEOPT PACKING pc=0x0000022c26ff9898 sp=0x000000ead55f69a0
Event: 12.281 Thread 0x0000022c36df6e70 DEOPT UNPACKING pc=0x0000022c1f2cf92e sp=0x000000ead55f6970 mode 2
Event: 12.294 Thread 0x0000022c36df6e70 DEOPT PACKING pc=0x0000022c1fdda9c9 sp=0x000000ead55f6cc0
Event: 12.294 Thread 0x0000022c36df6e70 DEOPT UNPACKING pc=0x0000022c1f2ce77e sp=0x000000ead55f61b0 mode 0
Event: 12.295 Thread 0x0000022c36df6e70 DEOPT PACKING pc=0x0000022c1fdda9c9 sp=0x000000ead55f6cc0
Event: 12.295 Thread 0x0000022c36df6e70 DEOPT UNPACKING pc=0x0000022c1f2ce77e sp=0x000000ead55f61b0 mode 0

Classes unloaded (7 events):
Event: 10.547 Thread 0x0000022c3637c7e0 Unloading class 0x000000080160dc00 'java/lang/invoke/LambdaForm$DMH+0x000000080160dc00'
Event: 10.547 Thread 0x0000022c3637c7e0 Unloading class 0x000000080160d800 'java/lang/invoke/LambdaForm$DMH+0x000000080160d800'
Event: 10.547 Thread 0x0000022c3637c7e0 Unloading class 0x000000080160d400 'java/lang/invoke/LambdaForm$DMH+0x000000080160d400'
Event: 10.547 Thread 0x0000022c3637c7e0 Unloading class 0x000000080160d000 'java/lang/invoke/LambdaForm$DMH+0x000000080160d000'
Event: 10.547 Thread 0x0000022c3637c7e0 Unloading class 0x000000080160cc00 'java/lang/invoke/LambdaForm$DMH+0x000000080160cc00'
Event: 10.547 Thread 0x0000022c3637c7e0 Unloading class 0x000000080160c800 'java/lang/invoke/LambdaForm$DMH+0x000000080160c800'
Event: 10.547 Thread 0x0000022c3637c7e0 Unloading class 0x000000080160c000 'java/lang/invoke/LambdaForm$DMH+0x000000080160c000'

Classes redefined (0 events):
No events

Internal exceptions (20 events):
Event: 10.352 Thread 0x0000022c39b86550 Exception <a 'java/lang/NoSuchMethodError'{0x000000008830f190}: static Lcom/android/build/gradle/tasks/MergeResources$MergeResourcesVectorDrawableRenderer;.<clinit>()V> (0x000000008830f190) 
thrown [t:\workspace\open\src\hotspot\share\prims\jni.cpp, line 1210]
Event: 10.352 Thread 0x0000022c39b86550 Exception <a 'java/lang/NoSuchMethodError'{0x0000000088311c88}: static Ljava/lang/Object;.<clinit>()V> (0x0000000088311c88) 
thrown [t:\workspace\open\src\hotspot\share\prims\jni.cpp, line 1210]
Event: 10.353 Thread 0x0000022c39b86550 Exception <a 'java/lang/NoSuchMethodError'{0x0000000088322858}: static Lcom/android/build/gradle/internal/LoggerWrapper$LoggerSupplier;.<clinit>()V> (0x0000000088322858) 
thrown [t:\workspace\open\src\hotspot\share\prims\jni.cpp, line 1210]
Event: 10.385 Thread 0x0000022c39b86550 Exception <a 'java/lang/NoSuchMethodError'{0x0000000088160570}: static Lcom/android/ide/common/resources/configuration/ResourceQualifier;.<clinit>()V> (0x0000000088160570) 
thrown [t:\workspace\open\src\hotspot\share\prims\jni.cpp, line 1210]
Event: 10.482 Thread 0x0000022c3d850120 Exception <a 'java/lang/ClassNotFoundException'{0x0000000089351118}: sun/awt/resources/spi/awtProvider> (0x0000000089351118) 
thrown [t:\workspace\open\src\hotspot\share\classfile\systemDictionary.cpp, line 256]
Event: 10.494 Thread 0x0000022c3d850120 Exception <a 'java/io/FileNotFoundException'{0x00000000893ab698}> (0x00000000893ab698) 
thrown [t:\workspace\open\src\hotspot\share\prims\jni.cpp, line 579]
Event: 10.494 Thread 0x0000022c3d850120 Exception <a 'java/io/FileNotFoundException'{0x00000000893ad0a0}> (0x00000000893ad0a0) 
thrown [t:\workspace\open\src\hotspot\share\prims\jni.cpp, line 579]
Event: 11.315 Thread 0x0000022c39b86550 Implicit null exception at 0x0000022c273476f8 to 0x0000022c2734bdc0
Event: 11.408 Thread 0x0000022c39b86550 Exception <a 'java/lang/NoSuchMethodError'{0x000000008c98c248}: static Lcom/android/ide/common/resources/CompileResourceRequest;.<clinit>()V> (0x000000008c98c248) 
thrown [t:\workspace\open\src\hotspot\share\prims\jni.cpp, line 1210]
Event: 11.409 Thread 0x0000022c39b86550 Exception <a 'java/lang/NoSuchMethodError'{0x000000008c9a2c00}: static Ljava/lang/Object;.<clinit>()V> (0x000000008c9a2c00) 
thrown [t:\workspace\open\src\hotspot\share\prims\jni.cpp, line 1210]
Event: 11.410 Thread 0x0000022c39b86550 Exception <a 'java/lang/NoSuchMethodError'{0x000000008c9b46b0}: static Ljava/lang/Object;.<clinit>()V> (0x000000008c9b46b0) 
thrown [t:\workspace\open\src\hotspot\share\prims\jni.cpp, line 1210]
Event: 11.412 Thread 0x0000022c39b86550 Exception <a 'java/lang/NoSuchMethodError'{0x000000008c9c5cf8}: static Ljava/lang/Object;.<clinit>()V> (0x000000008c9c5cf8) 
thrown [t:\workspace\open\src\hotspot\share\prims\jni.cpp, line 1210]
Event: 11.438 Thread 0x0000022c39b86550 Exception <a 'java/lang/NoSuchMethodError'{0x000000008cc6b7c8}: static Lkotlin/InitializedLazyImpl;.<clinit>()V> (0x000000008cc6b7c8) 
thrown [t:\workspace\open\src\hotspot\share\prims\jni.cpp, line 1210]
Event: 11.453 Thread 0x0000022c39b86550 Exception <a 'java/lang/NoSuchMethodError'{0x000000008c7cbbf0}: static [Ljava/lang/Object;.<clinit>()V> (0x000000008c7cbbf0) 
thrown [t:\workspace\open\src\hotspot\share\prims\jni.cpp, line 1210]
Event: 12.305 Thread 0x0000022c36df6e70 Exception <a 'sun/nio/fs/WindowsException'{0x000000008cc01990}> (0x000000008cc01990) 
thrown [t:\workspace\open\src\hotspot\share\prims\jni.cpp, line 579]
Event: 12.313 Thread 0x0000022c36df6e70 Exception <a 'sun/nio/fs/WindowsException'{0x000000008cc02cb0}> (0x000000008cc02cb0) 
thrown [t:\workspace\open\src\hotspot\share\prims\jni.cpp, line 579]
Event: 12.316 Thread 0x0000022c36df6e70 Exception <a 'sun/nio/fs/WindowsException'{0x000000008cc03f78}> (0x000000008cc03f78) 
thrown [t:\workspace\open\src\hotspot\share\prims\jni.cpp, line 579]
Event: 12.322 Thread 0x0000022c36df6e70 Exception <a 'sun/nio/fs/WindowsException'{0x000000008cc01080}> (0x000000008cc01080) 
thrown [t:\workspace\open\src\hotspot\share\prims\jni.cpp, line 579]
Event: 12.325 Thread 0x0000022c36df6e70 Exception <a 'sun/nio/fs/WindowsException'{0x000000008cc022a8}> (0x000000008cc022a8) 
thrown [t:\workspace\open\src\hotspot\share\prims\jni.cpp, line 579]
Event: 12.327 Thread 0x0000022c36df6e70 Exception <a 'sun/nio/fs/WindowsException'{0x000000008cc03558}> (0x000000008cc03558) 
thrown [t:\workspace\open\src\hotspot\share\prims\jni.cpp, line 579]

Events (20 events):
Event: 11.748 Executing  VM operation: G1CollectForAllocation done
Event: 11.939 Executing  VM operation: G1TryInitiateConcMark
Event: 11.949 Executing  VM operation: G1TryInitiateConcMark done
Event: 12.000 loading class javax/xml/stream/events/Comment
Event: 12.000 loading class javax/xml/stream/events/Comment done
Event: 12.022 Executing  VM operation: G1Concurrent
Event: 12.034 Executing  VM operation: G1Concurrent done
Event: 12.076 Executing  VM operation: G1Concurrent
Event: 12.077 Executing  VM operation: G1Concurrent done
Event: 12.237 Executing  VM operation: G1CollectForAllocation
Event: 12.257 Executing  VM operation: G1CollectForAllocation done
Event: 12.298 loading class java/nio/file/StandardCopyOption
Event: 12.298 Executing  VM operation: G1CollectForAllocation
Event: 12.298 loading class java/nio/file/StandardCopyOption done
Event: 12.304 Executing  VM operation: G1CollectForAllocation done
Event: 12.304 loading class sun/nio/fs/WindowsFileCopy
Event: 12.304 loading class sun/nio/fs/WindowsFileCopy done
Event: 12.318 Executing  VM operation: G1TryInitiateConcMark
Event: 12.321 Executing  VM operation: G1TryInitiateConcMark done
Event: 12.330 Executing  VM operation: G1TryInitiateConcMark


Dynamic libraries:
0x00007ff6acd30000 - 0x00007ff6acd40000 	C:\Program Files\Java\jdk-16.0.2\bin\java.exe
0x00007ff919b30000 - 0x00007ff919d28000 	C:\WINDOWS\SYSTEM32\ntdll.dll
0x00007ff917df0000 - 0x00007ff917ead000 	C:\WINDOWS\System32\KERNEL32.DLL
0x00007ff9175a0000 - 0x00007ff91786e000 	C:\WINDOWS\System32\KERNELBASE.dll
0x00007ff917a60000 - 0x00007ff917b60000 	C:\WINDOWS\System32\ucrtbase.dll
0x00007ff9111a0000 - 0x00007ff9111b8000 	C:\Program Files\Java\jdk-16.0.2\bin\jli.dll
0x00007ff90b270000 - 0x00007ff90b289000 	C:\Program Files\Java\jdk-16.0.2\bin\VCRUNTIME140.dll
0x00007ff9183c0000 - 0x00007ff91846e000 	C:\WINDOWS\System32\ADVAPI32.dll
0x00007ff919a40000 - 0x00007ff919ade000 	C:\WINDOWS\System32\msvcrt.dll
0x00007ff9195d0000 - 0x00007ff91966c000 	C:\WINDOWS\System32\sechost.dll
0x00007ff917b90000 - 0x00007ff917cb5000 	C:\WINDOWS\System32\RPCRT4.dll
0x00007ff918dd0000 - 0x00007ff918f70000 	C:\WINDOWS\System32\USER32.dll
0x00007ff901050000 - 0x00007ff9012ea000 	C:\WINDOWS\WinSxS\amd64_microsoft.windows.common-controls_6595b64144ccf1df_6.0.19041.1110_none_60b5254171f9507e\COMCTL32.dll
0x00007ff917460000 - 0x00007ff917482000 	C:\WINDOWS\System32\win32u.dll
0x00007ff918470000 - 0x00007ff91849a000 	C:\WINDOWS\System32\GDI32.dll
0x00007ff917490000 - 0x00007ff91759b000 	C:\WINDOWS\System32\gdi32full.dll
0x00007ff917250000 - 0x00007ff9172ed000 	C:\WINDOWS\System32\msvcp_win.dll
0x00007ff9112c0000 - 0x00007ff9112ca000 	C:\WINDOWS\SYSTEM32\VERSION.dll
0x00007ff919670000 - 0x00007ff9196a0000 	C:\WINDOWS\System32\IMM32.DLL
0x00007ff9127b0000 - 0x00007ff9127bc000 	C:\Program Files\Java\jdk-16.0.2\bin\vcruntime140_1.dll
0x00007ff8f7380000 - 0x00007ff8f7411000 	C:\Program Files\Java\jdk-16.0.2\bin\msvcp140.dll
0x00007ff8ae800000 - 0x00007ff8af3ab000 	C:\Program Files\Java\jdk-16.0.2\bin\server\jvm.dll
0x00007ff919880000 - 0x00007ff919888000 	C:\WINDOWS\System32\PSAPI.DLL
0x00007ff912680000 - 0x00007ff912689000 	C:\WINDOWS\SYSTEM32\WSOCK32.dll
0x00007ff9150d0000 - 0x00007ff9150f7000 	C:\WINDOWS\SYSTEM32\WINMM.dll
0x00007ff9199d0000 - 0x00007ff919a3b000 	C:\WINDOWS\System32\WS2_32.dll
0x00007ff915b10000 - 0x00007ff915b22000 	C:\WINDOWS\SYSTEM32\kernel.appcore.dll
0x00007ff911190000 - 0x00007ff91119a000 	C:\Program Files\Java\jdk-16.0.2\bin\jimage.dll
0x00007ff914ee0000 - 0x00007ff9150c4000 	C:\WINDOWS\SYSTEM32\DBGHELP.DLL
0x00007ff914d60000 - 0x00007ff914d8c000 	C:\WINDOWS\SYSTEM32\dbgcore.DLL
0x00007ff917870000 - 0x00007ff9178f2000 	C:\WINDOWS\System32\bcryptPrimitives.dll
0x00007ff909c40000 - 0x00007ff909c65000 	C:\Program Files\Java\jdk-16.0.2\bin\java.dll
0x00007ff9184a0000 - 0x00007ff918be4000 	C:\WINDOWS\System32\SHELL32.dll
0x00007ff915330000 - 0x00007ff915ac4000 	C:\WINDOWS\SYSTEM32\windows.storage.dll
0x00007ff918060000 - 0x00007ff9183b4000 	C:\WINDOWS\System32\combase.dll
0x00007ff916cb0000 - 0x00007ff916ce0000 	C:\WINDOWS\SYSTEM32\Wldp.dll
0x00007ff9197d0000 - 0x00007ff91987d000 	C:\WINDOWS\System32\SHCORE.dll
0x00007ff9196c0000 - 0x00007ff919715000 	C:\WINDOWS\System32\shlwapi.dll
0x00007ff917190000 - 0x00007ff9171af000 	C:\WINDOWS\SYSTEM32\profapi.dll
0x00007ff8ffa90000 - 0x00007ff8ffaa9000 	C:\Program Files\Java\jdk-16.0.2\bin\net.dll
0x00007ff901ce0000 - 0x00007ff901dea000 	C:\WINDOWS\SYSTEM32\WINHTTP.dll
0x00007ff916a10000 - 0x00007ff916a7a000 	C:\WINDOWS\system32\mswsock.dll
0x00007ff8ffa70000 - 0x00007ff8ffa83000 	C:\Program Files\Java\jdk-16.0.2\bin\nio.dll
0x00007ff8fe1c0000 - 0x00007ff8fe1d8000 	C:\Program Files\Java\jdk-16.0.2\bin\zip.dll
0x00007ff90b250000 - 0x00007ff90b260000 	C:\Program Files\Java\jdk-16.0.2\bin\verify.dll
0x00007ff912740000 - 0x00007ff912767000 	C:\Users\ITECH\.gradle\native\e1d6ef7f7dcc3fd88c89a11ec53ec762bb8ba0a96d01ffa2cd45eb1d1d8dd5c5\windows-amd64\native-platform.dll
0x00007ff8f1d00000 - 0x00007ff8f1e44000 	C:\Users\ITECH\.gradle\native\5664cfc778a61ccfe75a443a1ab52a65af34e5dc3c78e0209fed803814484fcb\windows-amd64\native-platform-file-events.dll
0x00007ff8fe1b0000 - 0x00007ff8fe1b9000 	C:\Program Files\Java\jdk-16.0.2\bin\management.dll
0x00007ff8fe1a0000 - 0x00007ff8fe1ab000 	C:\Program Files\Java\jdk-16.0.2\bin\management_ext.dll
0x00007ff916c00000 - 0x00007ff916c18000 	C:\WINDOWS\SYSTEM32\CRYPTSP.dll
0x00007ff916320000 - 0x00007ff916354000 	C:\WINDOWS\system32\rsaenh.dll
0x00007ff917b60000 - 0x00007ff917b87000 	C:\WINDOWS\System32\bcrypt.dll
0x00007ff917110000 - 0x00007ff91713e000 	C:\WINDOWS\SYSTEM32\USERENV.dll
0x00007ff916c20000 - 0x00007ff916c2c000 	C:\WINDOWS\SYSTEM32\CRYPTBASE.dll
0x00007ff9166b0000 - 0x00007ff9166eb000 	C:\WINDOWS\SYSTEM32\IPHLPAPI.DLL
0x00007ff919ae0000 - 0x00007ff919ae8000 	C:\WINDOWS\System32\NSI.dll
0x00007ff904f10000 - 0x00007ff904f27000 	C:\WINDOWS\SYSTEM32\dhcpcsvc6.DLL
0x00007ff90b5d0000 - 0x00007ff90b5ed000 	C:\WINDOWS\SYSTEM32\dhcpcsvc.DLL
0x00007ff916700000 - 0x00007ff9167ca000 	C:\WINDOWS\SYSTEM32\DNSAPI.dll
0x00007ff8fe190000 - 0x00007ff8fe19e000 	C:\Program Files\Java\jdk-16.0.2\bin\sunmscapi.dll
0x00007ff917900000 - 0x00007ff917a56000 	C:\WINDOWS\System32\CRYPT32.dll
0x00007ff916d20000 - 0x00007ff916d47000 	C:\WINDOWS\SYSTEM32\ncrypt.dll
0x00007ff916ce0000 - 0x00007ff916d1b000 	C:\WINDOWS\SYSTEM32\NTASN1.dll
0x00007ff8c98d0000 - 0x00007ff8c98d7000 	C:\WINDOWS\system32\wshunix.dll
0x00007ff8db5a0000 - 0x00007ff8db720000 	C:\Program Files\Java\jdk-16.0.2\bin\awt.dll
0x00007ff918c80000 - 0x00007ff918d4d000 	C:\WINDOWS\System32\OLEAUT32.dll
0x00007ff914240000 - 0x00007ff9142d0000 	C:\WINDOWS\SYSTEM32\apphelp.dll
0x00007ff914920000 - 0x00007ff91494f000 	C:\WINDOWS\system32\DWMAPI.DLL
0x00007ff914640000 - 0x00007ff9146de000 	C:\WINDOWS\system32\uxtheme.dll
0x00007ff915f50000 - 0x00007ff915f83000 	C:\WINDOWS\SYSTEM32\ntmarta.dll

dbghelp: loaded successfully - version: 4.0.5 - missing functions: none
symbol engine: initialized successfully - sym options: 0x614 - pdb path: .;C:\Program Files\Java\jdk-16.0.2\bin;C:\WINDOWS\SYSTEM32;C:\WINDOWS\WinSxS\amd64_microsoft.windows.common-controls_6595b64144ccf1df_6.0.19041.1110_none_60b5254171f9507e;C:\Program Files\Java\jdk-16.0.2\bin\server;C:\Users\ITECH\.gradle\native\e1d6ef7f7dcc3fd88c89a11ec53ec762bb8ba0a96d01ffa2cd45eb1d1d8dd5c5\windows-amd64;C:\Users\ITECH\.gradle\native\5664cfc778a61ccfe75a443a1ab52a65af34e5dc3c78e0209fed803814484fcb\windows-amd64

VM Arguments:
jvm_args: --add-opens=java.base/java.util=ALL-UNNAMED --add-opens=java.base/java.lang=ALL-UNNAMED --add-opens=java.base/java.lang.invoke=ALL-UNNAMED --add-opens=java.base/java.util=ALL-UNNAMED --add-opens=java.prefs/java.util.prefs=ALL-UNNAMED --add-opens=java.prefs/java.util.prefs=ALL-UNNAMED --add-opens=java.base/java.nio.charset=ALL-UNNAMED --add-opens=java.base/java.net=ALL-UNNAMED --add-opens=java.base/java.util.concurrent.atomic=ALL-UNNAMED -Xmx2048m -Dfile.encoding=UTF-8 -Duser.country=US -Duser.language=en -Duser.variant 
java_command: org.gradle.launcher.daemon.bootstrap.GradleDaemon 7.3.3
java_class_path (initial): C:\Users\ITECH\.gradle\wrapper\dists\gradle-7.3.3-bin\6a41zxkdtcxs8rphpq6y0069z\gradle-7.3.3\lib\gradle-launcher-7.3.3.jar
Launcher Type: SUN_STANDARD

[Global flags]
     intx CICompilerCount                          = 4                                         {product} {ergonomic}
     uint ConcGCThreads                            = 2                                         {product} {ergonomic}
     uint G1ConcRefinementThreads                  = 8                                         {product} {ergonomic}
   size_t G1HeapRegionSize                         = 1048576                                   {product} {ergonomic}
    uintx GCDrainStackTargetSize                   = 64                                        {product} {ergonomic}
   size_t InitialHeapSize                          = 132120576                                 {product} {ergonomic}
   size_t MarkStackSize                            = 4194304                                   {product} {ergonomic}
   size_t MaxHeapSize                              = 2147483648                                {product} {command line}
   size_t MaxNewSize                               = 1287651328                                {product} {ergonomic}
   size_t MinHeapDeltaBytes                        = 1048576                                   {product} {ergonomic}
   size_t MinHeapSize                              = 8388608                                   {product} {ergonomic}
    uintx NonNMethodCodeHeapSize                   = 5839372                                {pd product} {ergonomic}
    uintx NonProfiledCodeHeapSize                  = 122909434                              {pd product} {ergonomic}
    uintx ProfiledCodeHeapSize                     = 122909434                              {pd product} {ergonomic}
    uintx ReservedCodeCacheSize                    = 251658240                              {pd product} {ergonomic}
     bool SegmentedCodeCache                       = true                                      {product} {ergonomic}
   size_t SoftMaxHeapSize                          = 2147483648                             {manageable} {ergonomic}
     bool UseCompressedClassPointers               = true                           {product lp64_product} {ergonomic}
     bool UseCompressedOops                        = true                           {product lp64_product} {ergonomic}
     bool UseG1GC                                  = true                                      {product} {ergonomic}
     bool UseLargePagesIndividualAllocation        = false                                  {pd product} {ergonomic}

Logging:
Log output configuration:
 #0: stdout all=warning uptime,level,tags
 #1: stderr all=off uptime,level,tags

Environment Variables:
JAVA_HOME=C:\Program Files\Java\jdk-16.0.2
PATH=C:\Program Files\Python37\Scripts\;C:\Program Files\Python37\;C:\ProgramData\Oracle\Java\javapath;C:\app\ITECH\product\11.2.0\dbhome_1\bin;C:\Program Files\Common Files\Oracle\Java\javapath;C:\Program Files (x86)\Common Files\Oracle\Java\javapath;C:\WINDOWS\system32;C:\WINDOWS;C:\WINDOWS\System32\Wbem;C:\WINDOWS\System32\WindowsPowerShell\v1.0\;C:\WINDOWS\System32\OpenSSH\;C:\Program Files\Microsoft SQL Server\130\Tools\Binn\;C:\Program Files\Microsoft SQL Server\Client SDK\ODBC\170\Tools\Binn\;C:\Program Files\dotnet\;C:\Program Files\nodejs\;C:\Program Files\Java\jdk-16.0.2\bin;C:\Program Files\Git\cmd;C:\Program Files\Java\jdk-16.0.2\bin;
USERNAME=ITECH
OS=Windows_NT
PROCESSOR_IDENTIFIER=Intel64 Family 6 Model 126 Stepping 5, GenuineIntel



---------------  S Y S T E M  ---------------

OS:
 Windows 10 , 64 bit Build 19041 (10.0.19041.1889)
OS uptime: 0 days 0:52 hours

CPU: total 8 (initial active 8) (4 cores per cpu, 2 threads per core) family 6 model 126 stepping 5 microcode 0xb0, cx8, cmov, fxsr, ht, mmx, 3dnowpref, sse, sse2, sse3, ssse3, sse4.1, sse4.2, popcnt, lzcnt, tsc, tscinvbit, avx, avx2, aes, erms, clmul, bmi1, bmi2, adx, avx512f, avx512dq, avx512cd, avx512bw, avx512vl, sha, fma, vzeroupper, avx512_vpopcntdq, avx512_vpclmulqdq, avx512_vaes, avx512_vnni, clflush, clflushopt, avx512_vmbi2, avx512_vmbi

Memory: 4k page, system-wide physical 7959M (915M free)
TotalPageFile size 7959M (AvailPageFile size 22M)
current process WorkingSet (physical memory assigned to process): 493M, peak: 493M
current process commit charge ("private bytes"): 539M, peak: 696M

vm_info: Java HotSpot(TM) 64-Bit Server VM (16.0.2+7-67) for windows-amd64 JRE (16.0.2+7-67), built on Jun  8 2021 23:24:19 by "mach5one" with MS VC++ 16.7 (VS2019)

END.
