#
# There is insufficient memory for the Java Runtime Environment to continue.
# Native memory allocation (malloc) failed to allocate 1060256 bytes for Chunk::new
# Possible reasons:
#   The system is out of physical RAM or swap space
#   The process is running with CompressedOops enabled, and the Java Heap may be blocking the growth of the native heap
# Possible solutions:
#   Reduce memory load on the system
#   Increase physical memory or swap space
#   Check if swap backing store is full
#   Decrease Java heap size (-Xmx/-Xms)
#   Decrease number of Java threads
#   Decrease Java thread stack sizes (-Xss)
#   Set larger code cache with -XX:ReservedCodeCacheSize=
#   JVM is running with Unscaled Compressed Oops mode in which the Java heap is
#     placed in the first 4GB address space. The Java Heap base address is the
#     maximum limit for the native heap growth. Please use -XX:HeapBaseMinAddress
#     to set the Java Heap base and to place the Java Heap above 4GB virtual address.
# This output file may be truncated or incomplete.
#
#  Out of Memory Error (arena.cpp:195), pid=1604, tid=10168
#
# JRE version: Java(TM) SE Runtime Environment (16.0.2+7) (build 16.0.2+7-67)
# Java VM: Java HotSpot(TM) 64-Bit Server VM (16.0.2+7-67, mixed mode, sharing, tiered, compressed oops, compressed class ptrs, g1 gc, windows-amd64)
# No core dump will be written. Minidumps are not enabled by default on client versions of Windows
#

---------------  S U M M A R Y ------------

Command Line: --add-opens=java.base/java.util=ALL-UNNAMED --add-opens=java.base/java.lang=ALL-UNNAMED --add-opens=java.base/java.lang.invoke=ALL-UNNAMED --add-opens=java.base/java.util=ALL-UNNAMED --add-opens=java.prefs/java.util.prefs=ALL-UNNAMED --add-opens=java.prefs/java.util.prefs=ALL-UNNAMED --add-opens=java.base/java.nio.charset=ALL-UNNAMED --add-opens=java.base/java.net=ALL-UNNAMED --add-opens=java.base/java.util.concurrent.atomic=ALL-UNNAMED -Xmx2048m -Dfile.encoding=UTF-8 -Duser.country=US -Duser.language=en -Duser.variant org.gradle.launcher.daemon.bootstrap.GradleDaemon 7.3.3

Host: Intel(R) Core(TM) i7-1065G7 CPU @ 1.30GHz, 8 cores, 7G,  Windows 10 , 64 bit Build 19041 (10.0.19041.1889)
Time: Mon Aug 22 11:49:53 2022 Egypt Standard Time elapsed time: 6.256368 seconds (0d 0h 0m 6s)

---------------  T H R E A D  ---------------

Current thread (0x00000263c5aeac40):  JavaThread "C2 CompilerThread2" daemon [_thread_in_native, id=10168, stack(0x000000a996f00000,0x000000a997000000)]


Current CompileTask:
C2:   6256 6458       4       java.lang.Class::annotationData (44 bytes)

Stack: [0x000000a996f00000,0x000000a997000000]
Native frames: (J=compiled Java code, j=interpreted, Vv=VM code, C=native code)
V  [jvm.dll+0x6681ca]
V  [jvm.dll+0x7c9e69]
V  [jvm.dll+0x7cb61e]
V  [jvm.dll+0x7cbc73]
V  [jvm.dll+0x242c55]
V  [jvm.dll+0xadeba]
V  [jvm.dll+0xae45c]
V  [jvm.dll+0x2a4cdf]
V  [jvm.dll+0x573c29]
V  [jvm.dll+0x21e905]
V  [jvm.dll+0x217c01]
V  [jvm.dll+0x214ffc]
V  [jvm.dll+0x1a1beb]
V  [jvm.dll+0x225158]
V  [jvm.dll+0x22319c]
V  [jvm.dll+0x77fa62]
V  [jvm.dll+0x7795aa]
V  [jvm.dll+0x667066]
C  [ucrtbase.dll+0x21bb2]
C  [KERNEL32.DLL+0x17034]
C  [ntdll.dll+0x52651]


---------------  P R O C E S S  ---------------

Threads class SMR info:
_java_thread_list=0x00000263c8c41fc0, length=126, elements={
0x00000263a515d310, 0x00000263c31f22a0, 0x00000263c31f2db0, 0x00000263c3200560,
0x00000263c3202e80, 0x00000263c32061c0, 0x00000263c3206ee0, 0x00000263c3207b20,
0x00000263c32169a0, 0x00000263c3237700, 0x00000263c3ccf9c0, 0x00000263c3cd7ed0,
0x00000263c3d6fbf0, 0x00000263c5ba4490, 0x00000263c6527010, 0x00000263c61ba510,
0x00000263c6228050, 0x00000263c5dff330, 0x00000263c5c00610, 0x00000263c6110490,
0x00000263c61109e0, 0x00000263c6110f30, 0x00000263c610ff40, 0x00000263c6111480,
0x00000263c61119d0, 0x00000263c610e4b0, 0x00000263c5aeac40, 0x00000263c610ea00,
0x00000263c610ef50, 0x00000263c610f4a0, 0x00000263c58ae290, 0x00000263c58b17b0,
0x00000263c58af280, 0x00000263c58add40, 0x00000263c58b2250, 0x00000263c58b4cd0,
0x00000263c58b0270, 0x00000263c58b2cf0, 0x00000263c58b3790, 0x00000263c58b5220,
0x00000263c58b0d10, 0x00000263c58b1260, 0x00000263c58b3ce0, 0x00000263c58ad7f0,
0x00000263c58b4230, 0x00000263c72d3420, 0x00000263c72d5950, 0x00000263c72d63f0,
0x00000263c72d4eb0, 0x00000263c72d7930, 0x00000263c72d0450, 0x00000263c72d2ed0,
0x00000263c72d4410, 0x00000263c72d0ef0, 0x00000263c72d09a0, 0x00000263c72d7e80,
0x00000263c72d6e90, 0x00000263c72d3ec0, 0x00000263c72d5ea0, 0x00000263c72d3970,
0x00000263c72d1440, 0x00000263c72d73e0, 0x00000263c72d4960, 0x00000263c72d5400,
0x00000263c72d6940, 0x00000263c72d1990, 0x00000263c72d1ee0, 0x00000263c72d2430,
0x00000263c72d2980, 0x00000263c93605f0, 0x00000263c935db70, 0x00000263c9360b40,
0x00000263c935f0b0, 0x00000263c935fb50, 0x00000263c935d620, 0x00000263c9361090,
0x00000263c935f600, 0x00000263c935eb60, 0x00000263c93625d0, 0x00000263c93615e0,
0x00000263c93600a0, 0x00000263c9361b30, 0x00000263c935e610, 0x00000263c935d0d0,
0x00000263c935c630, 0x00000263c935e0c0, 0x00000263c9362080, 0x00000263c935c0e0,
0x00000263c9362b20, 0x00000263c935b0f0, 0x00000263c935b640, 0x00000263c935bb90,
0x00000263c935cb80, 0x00000263c8e44120, 0x00000263c8e40c00, 0x00000263c8e45660,
0x00000263c8e44bc0, 0x00000263c8e45bb0, 0x00000263c8e41150, 0x00000263c8e46650,
0x00000263c8e41bf0, 0x00000263c8e416a0, 0x00000263c8e44670, 0x00000263c8e3fc10,
0x00000263c8e45110, 0x00000263c8e42140, 0x00000263c8e3ec20, 0x00000263c8e40160,
0x00000263c8e46100, 0x00000263c8e406b0, 0x00000263c8e3f170, 0x00000263c8e3f6c0,
0x00000263c8e42690, 0x00000263c8e42be0, 0x00000263c8e43130, 0x00000263c8e43680,
0x00000263c8e43bd0, 0x00000263c6d1af90, 0x00000263c6d1ea00, 0x00000263c6d1ef50,
0x00000263c6d20490, 0x00000263c6d1cf70, 0x00000263c6d1aa40, 0x00000263c6d1d4c0,
0x00000263c6d1f4a0, 0x00000263c6d1ba30
}

Java Threads: ( => current thread )
  0x00000263a515d310 JavaThread "main" [_thread_blocked, id=6428, stack(0x000000a994a00000,0x000000a994b00000)]
  0x00000263c31f22a0 JavaThread "Reference Handler" daemon [_thread_blocked, id=5956, stack(0x000000a995100000,0x000000a995200000)]
  0x00000263c31f2db0 JavaThread "Finalizer" daemon [_thread_blocked, id=6480, stack(0x000000a995200000,0x000000a995300000)]
  0x00000263c3200560 JavaThread "Signal Dispatcher" daemon [_thread_blocked, id=8024, stack(0x000000a995300000,0x000000a995400000)]
  0x00000263c3202e80 JavaThread "Attach Listener" daemon [_thread_blocked, id=1060, stack(0x000000a995400000,0x000000a995500000)]
  0x00000263c32061c0 JavaThread "Service Thread" daemon [_thread_blocked, id=5356, stack(0x000000a995500000,0x000000a995600000)]
  0x00000263c3206ee0 JavaThread "Monitor Deflation Thread" daemon [_thread_blocked, id=8620, stack(0x000000a995600000,0x000000a995700000)]
  0x00000263c3207b20 JavaThread "C2 CompilerThread0" daemon [_thread_in_native, id=11884, stack(0x000000a995700000,0x000000a995800000)]
  0x00000263c32169a0 JavaThread "C1 CompilerThread0" daemon [_thread_blocked, id=7908, stack(0x000000a995800000,0x000000a995900000)]
  0x00000263c3237700 JavaThread "Sweeper thread" daemon [_thread_blocked, id=12864, stack(0x000000a995900000,0x000000a995a00000)]
  0x00000263c3ccf9c0 JavaThread "Common-Cleaner" daemon [_thread_blocked, id=4404, stack(0x000000a995a00000,0x000000a995b00000)]
  0x00000263c3cd7ed0 JavaThread "Notification Thread" daemon [_thread_blocked, id=2888, stack(0x000000a995b00000,0x000000a995c00000)]
  0x00000263c3d6fbf0 JavaThread "C2 CompilerThread1" daemon [_thread_in_native, id=10228, stack(0x000000a995d00000,0x000000a995e00000)]
  0x00000263c5ba4490 JavaThread "Daemon health stats" [_thread_blocked, id=6084, stack(0x000000a996300000,0x000000a996400000)]
  0x00000263c6527010 JavaThread "Incoming local TCP Connector on port 54486" [_thread_in_native, id=12536, stack(0x000000a996400000,0x000000a996500000)]
  0x00000263c61ba510 JavaThread "Daemon periodic checks" [_thread_blocked, id=9292, stack(0x000000a996500000,0x000000a996600000)]
  0x00000263c6228050 JavaThread "Daemon" [_thread_blocked, id=9540, stack(0x000000a996600000,0x000000a996700000)]
  0x00000263c5dff330 JavaThread "Handler for socket connection from /127.0.0.1:54486 to /127.0.0.1:54487" [_thread_in_native, id=12376, stack(0x000000a996700000,0x000000a996800000)]
  0x00000263c5c00610 JavaThread "Cancel handler" [_thread_blocked, id=12368, stack(0x000000a996800000,0x000000a996900000)]
  0x00000263c6110490 JavaThread "Daemon worker" [_thread_in_vm, id=4140, stack(0x000000a996900000,0x000000a996a00000)]
  0x00000263c61109e0 JavaThread "Asynchronous log dispatcher for DefaultDaemonConnection: socket connection from /127.0.0.1:54486 to /127.0.0.1:54487" [_thread_blocked, id=13012, stack(0x000000a996a00000,0x000000a996b00000)]
  0x00000263c6110f30 JavaThread "Stdin handler" [_thread_blocked, id=9188, stack(0x000000a996b00000,0x000000a996c00000)]
  0x00000263c610ff40 JavaThread "Daemon client event forwarder" [_thread_blocked, id=10604, stack(0x000000a996c00000,0x000000a996d00000)]
  0x00000263c6111480 JavaThread "Cache worker for journal cache (C:\Users\ITECH\.gradle\caches\journal-1)" [_thread_blocked, id=13236, stack(0x000000a996d00000,0x000000a996e00000)]
  0x00000263c61119d0 JavaThread "File lock request listener" [_thread_in_native, id=5088, stack(0x000000a996e00000,0x000000a996f00000)]
  0x00000263c610e4b0 JavaThread "Cache worker for file hash cache (C:\Users\ITECH\.gradle\caches\7.3.3\fileHashes)" [_thread_blocked, id=948, stack(0x000000a996200000,0x000000a996300000)]
=>0x00000263c5aeac40 JavaThread "C2 CompilerThread2" daemon [_thread_in_native, id=10168, stack(0x000000a996f00000,0x000000a997000000)]
  0x00000263c610ea00 JavaThread "Cache worker for file hash cache (C:\Users\ITECH\AndroidStudioProjects\yummy\.gradle\7.3.3\fileHashes)" [_thread_blocked, id=7280, stack(0x000000a997300000,0x000000a997400000)]
  0x00000263c610ef50 JavaThread "File watcher server" daemon [_thread_in_native, id=3876, stack(0x000000a997400000,0x000000a997500000)]
  0x00000263c610f4a0 JavaThread "File watcher consumer" daemon [_thread_blocked, id=13104, stack(0x000000a997500000,0x000000a997600000)]
  0x00000263c58ae290 JavaThread "Cache worker for checksums cache (C:\Users\ITECH\AndroidStudioProjects\yummy\.gradle\7.3.3\checksums)" [_thread_blocked, id=3308, stack(0x000000a997600000,0x000000a997700000)]
  0x00000263c58b17b0 JavaThread "Cache worker for cache directory md-supplier (C:\Users\ITECH\.gradle\caches\7.3.3\md-supplier)" [_thread_blocked, id=2520, stack(0x000000a997700000,0x000000a997800000)]
  0x00000263c58af280 JavaThread "Cache worker for cache directory md-rule (C:\Users\ITECH\.gradle\caches\7.3.3\md-rule)" [_thread_blocked, id=1108, stack(0x000000a997800000,0x000000a997900000)]
  0x00000263c58add40 JavaThread "Cache worker for execution history cache (C:\Users\ITECH\.gradle\caches\7.3.3\executionHistory)" [_thread_blocked, id=2824, stack(0x000000a997a00000,0x000000a997b00000)]
  0x00000263c58b2250 JavaThread "jar transforms" [_thread_blocked, id=2204, stack(0x000000a997b00000,0x000000a997c00000)]
  0x00000263c58b4cd0 JavaThread "Cache worker for file content cache (C:\Users\ITECH\.gradle\caches\7.3.3\fileContent)" [_thread_blocked, id=6352, stack(0x000000a997c00000,0x000000a997d00000)]
  0x00000263c58b0270 JavaThread "jar transforms Thread 2" [_thread_blocked, id=9716, stack(0x000000a997d00000,0x000000a997e00000)]
  0x00000263c58b2cf0 JavaThread "Cache worker for dependencies-accessors (C:\Users\ITECH\AndroidStudioProjects\yummy\.gradle\7.3.3\dependencies-accessors)" [_thread_blocked, id=11744, stack(0x000000a997e00000,0x000000a997f00000)]
  0x00000263c58b3790 JavaThread "jar transforms Thread 3" [_thread_blocked, id=1476, stack(0x000000a997f00000,0x000000a998000000)]
  0x00000263c58b5220 JavaThread "Cache worker for Build Output Cleanup Cache (C:\Users\ITECH\AndroidStudioProjects\yummy\.gradle\buildOutputCleanup)" [_thread_blocked, id=11564, stack(0x000000a998000000,0x000000a998100000)]
  0x00000263c58b0d10 JavaThread "Unconstrained build operations" [_thread_blocked, id=10108, stack(0x000000a998100000,0x000000a998200000)]
  0x00000263c58b1260 JavaThread "Unconstrained build operations Thread 2" [_thread_blocked, id=10424, stack(0x000000a998200000,0x000000a998300000)]
  0x00000263c58b3ce0 JavaThread "Unconstrained build operations Thread 3" [_thread_blocked, id=1384, stack(0x000000a998300000,0x000000a998400000)]
  0x00000263c58ad7f0 JavaThread "Unconstrained build operations Thread 4" [_thread_blocked, id=2304, stack(0x000000a998400000,0x000000a998500000)]
  0x00000263c58b4230 JavaThread "Unconstrained build operations Thread 5" [_thread_blocked, id=1256, stack(0x000000a998500000,0x000000a998600000)]
  0x00000263c72d3420 JavaThread "Unconstrained build operations Thread 6" [_thread_blocked, id=10924, stack(0x000000a998600000,0x000000a998700000)]
  0x00000263c72d5950 JavaThread "Unconstrained build operations Thread 7" [_thread_blocked, id=7764, stack(0x000000a998700000,0x000000a998800000)]
  0x00000263c72d63f0 JavaThread "Unconstrained build operations Thread 8" [_thread_blocked, id=7484, stack(0x000000a998800000,0x000000a998900000)]
  0x00000263c72d4eb0 JavaThread "Unconstrained build operations Thread 9" [_thread_blocked, id=8836, stack(0x000000a998900000,0x000000a998a00000)]
  0x00000263c72d7930 JavaThread "Unconstrained build operations Thread 10" [_thread_blocked, id=2688, stack(0x000000a998a00000,0x000000a998b00000)]
  0x00000263c72d0450 JavaThread "Unconstrained build operations Thread 11" [_thread_blocked, id=10464, stack(0x000000a998b00000,0x000000a998c00000)]
  0x00000263c72d2ed0 JavaThread "Unconstrained build operations Thread 12" [_thread_blocked, id=12128, stack(0x000000a998c00000,0x000000a998d00000)]
  0x00000263c72d4410 JavaThread "Unconstrained build operations Thread 13" [_thread_blocked, id=6080, stack(0x000000a998d00000,0x000000a998e00000)]
  0x00000263c72d0ef0 JavaThread "Unconstrained build operations Thread 14" [_thread_blocked, id=1288, stack(0x000000a998e00000,0x000000a998f00000)]
  0x00000263c72d09a0 JavaThread "Unconstrained build operations Thread 15" [_thread_blocked, id=10068, stack(0x000000a998f00000,0x000000a999000000)]
  0x00000263c72d7e80 JavaThread "Unconstrained build operations Thread 16" [_thread_blocked, id=9424, stack(0x000000a999000000,0x000000a999100000)]
  0x00000263c72d6e90 JavaThread "Unconstrained build operations Thread 17" [_thread_blocked, id=8084, stack(0x000000a999100000,0x000000a999200000)]
  0x00000263c72d3ec0 JavaThread "Unconstrained build operations Thread 18" [_thread_blocked, id=7648, stack(0x000000a999200000,0x000000a999300000)]
  0x00000263c72d5ea0 JavaThread "Unconstrained build operations Thread 19" [_thread_blocked, id=12480, stack(0x000000a999300000,0x000000a999400000)]
  0x00000263c72d3970 JavaThread "Unconstrained build operations Thread 20" [_thread_blocked, id=1480, stack(0x000000a999400000,0x000000a999500000)]
  0x00000263c72d1440 JavaThread "Unconstrained build operations Thread 21" [_thread_blocked, id=7876, stack(0x000000a999500000,0x000000a999600000)]
  0x00000263c72d73e0 JavaThread "Unconstrained build operations Thread 22" [_thread_blocked, id=10032, stack(0x000000a999600000,0x000000a999700000)]
  0x00000263c72d4960 JavaThread "Unconstrained build operations Thread 23" [_thread_blocked, id=9028, stack(0x000000a999700000,0x000000a999800000)]
  0x00000263c72d5400 JavaThread "Unconstrained build operations Thread 24" [_thread_blocked, id=4552, stack(0x000000a999800000,0x000000a999900000)]
  0x00000263c72d6940 JavaThread "Unconstrained build operations Thread 25" [_thread_blocked, id=1492, stack(0x000000a999900000,0x000000a999a00000)]
  0x00000263c72d1990 JavaThread "Unconstrained build operations Thread 26" [_thread_blocked, id=5444, stack(0x000000a999a00000,0x000000a999b00000)]
  0x00000263c72d1ee0 JavaThread "Unconstrained build operations Thread 27" [_thread_blocked, id=10792, stack(0x000000a999b00000,0x000000a999c00000)]
  0x00000263c72d2430 JavaThread "Unconstrained build operations Thread 28" [_thread_blocked, id=1344, stack(0x000000a999c00000,0x000000a999d00000)]
  0x00000263c72d2980 JavaThread "Unconstrained build operations Thread 29" [_thread_blocked, id=10072, stack(0x000000a999d00000,0x000000a999e00000)]
  0x00000263c93605f0 JavaThread "Unconstrained build operations Thread 30" [_thread_blocked, id=13244, stack(0x000000a999e00000,0x000000a999f00000)]
  0x00000263c935db70 JavaThread "Unconstrained build operations Thread 31" [_thread_blocked, id=4080, stack(0x000000a999f00000,0x000000a99a000000)]
  0x00000263c9360b40 JavaThread "Unconstrained build operations Thread 32" [_thread_blocked, id=9948, stack(0x000000a99a000000,0x000000a99a100000)]
  0x00000263c935f0b0 JavaThread "Unconstrained build operations Thread 33" [_thread_blocked, id=12900, stack(0x000000a99a100000,0x000000a99a200000)]
  0x00000263c935fb50 JavaThread "Unconstrained build operations Thread 34" [_thread_blocked, id=10984, stack(0x000000a99a200000,0x000000a99a300000)]
  0x00000263c935d620 JavaThread "Unconstrained build operations Thread 35" [_thread_blocked, id=8520, stack(0x000000a99a300000,0x000000a99a400000)]
  0x00000263c9361090 JavaThread "Unconstrained build operations Thread 36" [_thread_blocked, id=13288, stack(0x000000a99a400000,0x000000a99a500000)]
  0x00000263c935f600 JavaThread "Unconstrained build operations Thread 37" [_thread_blocked, id=10200, stack(0x000000a99a500000,0x000000a99a600000)]
  0x00000263c935eb60 JavaThread "Unconstrained build operations Thread 38" [_thread_blocked, id=5728, stack(0x000000a99a600000,0x000000a99a700000)]
  0x00000263c93625d0 JavaThread "Unconstrained build operations Thread 39" [_thread_blocked, id=7624, stack(0x000000a99a700000,0x000000a99a800000)]
  0x00000263c93615e0 JavaThread "Unconstrained build operations Thread 40" [_thread_blocked, id=12592, stack(0x000000a99a800000,0x000000a99a900000)]
  0x00000263c93600a0 JavaThread "Unconstrained build operations Thread 41" [_thread_blocked, id=12748, stack(0x000000a99a900000,0x000000a99aa00000)]
  0x00000263c9361b30 JavaThread "Unconstrained build operations Thread 42" [_thread_blocked, id=11336, stack(0x000000a99aa00000,0x000000a99ab00000)]
  0x00000263c935e610 JavaThread "Unconstrained build operations Thread 43" [_thread_blocked, id=2380, stack(0x000000a99ab00000,0x000000a99ac00000)]
  0x00000263c935d0d0 JavaThread "Unconstrained build operations Thread 44" [_thread_blocked, id=10904, stack(0x000000a99ac00000,0x000000a99ad00000)]
  0x00000263c935c630 JavaThread "Unconstrained build operations Thread 45" [_thread_blocked, id=4304, stack(0x000000a99ad00000,0x000000a99ae00000)]
  0x00000263c935e0c0 JavaThread "Unconstrained build operations Thread 46" [_thread_blocked, id=7668, stack(0x000000a99ae00000,0x000000a99af00000)]
  0x00000263c9362080 JavaThread "Unconstrained build operations Thread 47" [_thread_blocked, id=9324, stack(0x000000a99af00000,0x000000a99b000000)]
  0x00000263c935c0e0 JavaThread "Unconstrained build operations Thread 48" [_thread_blocked, id=4016, stack(0x000000a99b000000,0x000000a99b100000)]
  0x00000263c9362b20 JavaThread "Unconstrained build operations Thread 49" [_thread_blocked, id=3544, stack(0x000000a99b100000,0x000000a99b200000)]
  0x00000263c935b0f0 JavaThread "Unconstrained build operations Thread 50" [_thread_blocked, id=11236, stack(0x000000a99b200000,0x000000a99b300000)]
  0x00000263c935b640 JavaThread "Unconstrained build operations Thread 51" [_thread_blocked, id=1640, stack(0x000000a99b300000,0x000000a99b400000)]
  0x00000263c935bb90 JavaThread "Unconstrained build operations Thread 52" [_thread_blocked, id=4700, stack(0x000000a99b400000,0x000000a99b500000)]
  0x00000263c935cb80 JavaThread "Unconstrained build operations Thread 53" [_thread_blocked, id=8664, stack(0x000000a99b500000,0x000000a99b600000)]
  0x00000263c8e44120 JavaThread "Unconstrained build operations Thread 54" [_thread_blocked, id=10456, stack(0x000000a99b600000,0x000000a99b700000)]
  0x00000263c8e40c00 JavaThread "Unconstrained build operations Thread 55" [_thread_blocked, id=4664, stack(0x000000a99b700000,0x000000a99b800000)]
  0x00000263c8e45660 JavaThread "Unconstrained build operations Thread 56" [_thread_blocked, id=10912, stack(0x000000a99b800000,0x000000a99b900000)]
  0x00000263c8e44bc0 JavaThread "Unconstrained build operations Thread 57" [_thread_blocked, id=5680, stack(0x000000a99b900000,0x000000a99ba00000)]
  0x00000263c8e45bb0 JavaThread "Unconstrained build operations Thread 58" [_thread_blocked, id=3480, stack(0x000000a99ba00000,0x000000a99bb00000)]
  0x00000263c8e41150 JavaThread "Unconstrained build operations Thread 59" [_thread_blocked, id=5664, stack(0x000000a99bb00000,0x000000a99bc00000)]
  0x00000263c8e46650 JavaThread "Unconstrained build operations Thread 60" [_thread_blocked, id=9232, stack(0x000000a99bc00000,0x000000a99bd00000)]
  0x00000263c8e41bf0 JavaThread "Unconstrained build operations Thread 61" [_thread_blocked, id=1456, stack(0x000000a99bd00000,0x000000a99be00000)]
  0x00000263c8e416a0 JavaThread "Unconstrained build operations Thread 62" [_thread_blocked, id=8724, stack(0x000000a99be00000,0x000000a99bf00000)]
  0x00000263c8e44670 JavaThread "Unconstrained build operations Thread 63" [_thread_blocked, id=13172, stack(0x000000a99bf00000,0x000000a99c000000)]
  0x00000263c8e3fc10 JavaThread "Unconstrained build operations Thread 64" [_thread_blocked, id=8452, stack(0x000000a99c000000,0x000000a99c100000)]
  0x00000263c8e45110 JavaThread "Unconstrained build operations Thread 65" [_thread_blocked, id=7316, stack(0x000000a99c100000,0x000000a99c200000)]
  0x00000263c8e42140 JavaThread "Unconstrained build operations Thread 66" [_thread_blocked, id=8880, stack(0x000000a99c200000,0x000000a99c300000)]
  0x00000263c8e3ec20 JavaThread "Unconstrained build operations Thread 67" [_thread_blocked, id=10852, stack(0x000000a99c300000,0x000000a99c400000)]
  0x00000263c8e40160 JavaThread "Unconstrained build operations Thread 68" [_thread_blocked, id=5148, stack(0x000000a99c400000,0x000000a99c500000)]
  0x00000263c8e46100 JavaThread "Unconstrained build operations Thread 69" [_thread_blocked, id=10384, stack(0x000000a99c500000,0x000000a99c600000)]
  0x00000263c8e406b0 JavaThread "Unconstrained build operations Thread 70" [_thread_blocked, id=1308, stack(0x000000a99c600000,0x000000a99c700000)]
  0x00000263c8e3f170 JavaThread "Unconstrained build operations Thread 71" [_thread_blocked, id=8944, stack(0x000000a99c700000,0x000000a99c800000)]
  0x00000263c8e3f6c0 JavaThread "Unconstrained build operations Thread 72" [_thread_blocked, id=3180, stack(0x000000a99c800000,0x000000a99c900000)]
  0x00000263c8e42690 JavaThread "Unconstrained build operations Thread 73" [_thread_blocked, id=2328, stack(0x000000a99c900000,0x000000a99ca00000)]
  0x00000263c8e42be0 JavaThread "Unconstrained build operations Thread 74" [_thread_blocked, id=11848, stack(0x000000a99ca00000,0x000000a99cb00000)]
  0x00000263c8e43130 JavaThread "Unconstrained build operations Thread 75" [_thread_blocked, id=13088, stack(0x000000a99cb00000,0x000000a99cc00000)]
  0x00000263c8e43680 JavaThread "Unconstrained build operations Thread 76" [_thread_blocked, id=12804, stack(0x000000a99cc00000,0x000000a99cd00000)]
  0x00000263c8e43bd0 JavaThread "Unconstrained build operations Thread 77" [_thread_blocked, id=12188, stack(0x000000a99cd00000,0x000000a99ce00000)]
  0x00000263c6d1af90 JavaThread "Unconstrained build operations Thread 78" [_thread_blocked, id=2900, stack(0x000000a99ce00000,0x000000a99cf00000)]
  0x00000263c6d1ea00 JavaThread "Unconstrained build operations Thread 79" [_thread_blocked, id=7320, stack(0x000000a99cf00000,0x000000a99d000000)]
  0x00000263c6d1ef50 JavaThread "Unconstrained build operations Thread 80" [_thread_blocked, id=11944, stack(0x000000a99d000000,0x000000a99d100000)]
  0x00000263c6d20490 JavaThread "jar transforms Thread 4" [_thread_blocked, id=592, stack(0x000000a99d100000,0x000000a99d200000)]
  0x00000263c6d1cf70 JavaThread "jar transforms Thread 5" [_thread_blocked, id=9760, stack(0x000000a99d200000,0x000000a99d300000)]
  0x00000263c6d1aa40 JavaThread "jar transforms Thread 6" [_thread_blocked, id=11548, stack(0x000000a99d300000,0x000000a99d400000)]
  0x00000263c6d1d4c0 JavaThread "jar transforms Thread 7" [_thread_blocked, id=2544, stack(0x000000a99d400000,0x000000a99d500000)]
  0x00000263c6d1f4a0 JavaThread "jar transforms Thread 8" [_thread_blocked, id=11040, stack(0x000000a99d500000,0x000000a99d600000)]
  0x00000263c6d1ba30 JavaThread "Memory manager" [_thread_blocked, id=9076, stack(0x000000a99d600000,0x000000a99d700000)]

Other Threads:
  0x00000263c31ed3a0 VMThread "VM Thread" [stack: 0x000000a995000000,0x000000a995100000] [id=10548]
  0x00000263c3cd8e10 WatcherThread [stack: 0x000000a995c00000,0x000000a995d00000] [id=4116]
  0x00000263a519c930 GCTaskThread "GC Thread#0" [stack: 0x000000a994b00000,0x000000a994c00000] [id=8796]
  0x00000263c4734ec0 GCTaskThread "GC Thread#1" [stack: 0x000000a995e00000,0x000000a995f00000] [id=6264]
  0x00000263c4846310 GCTaskThread "GC Thread#2" [stack: 0x000000a995f00000,0x000000a996000000] [id=732]
  0x00000263c4a1b810 GCTaskThread "GC Thread#3" [stack: 0x000000a996000000,0x000000a996100000] [id=4712]
  0x00000263c4ed3290 GCTaskThread "GC Thread#4" [stack: 0x000000a996100000,0x000000a996200000] [id=7124]
  0x00000263c6128260 GCTaskThread "GC Thread#5" [stack: 0x000000a997000000,0x000000a997100000] [id=1124]
  0x00000263c6127620 GCTaskThread "GC Thread#6" [stack: 0x000000a997100000,0x000000a997200000] [id=7996]
  0x00000263c6128b90 GCTaskThread "GC Thread#7" [stack: 0x000000a997200000,0x000000a997300000] [id=7140]
  0x00000263a51ad980 ConcurrentGCThread "G1 Main Marker" [stack: 0x000000a994c00000,0x000000a994d00000] [id=1432]
  0x00000263a51ae380 ConcurrentGCThread "G1 Conc#0" [stack: 0x000000a994d00000,0x000000a994e00000] [id=11008]
  0x00000263c69eaf50 ConcurrentGCThread "G1 Conc#1" [stack: 0x000000a997900000,0x000000a997a00000] [id=9724]
  0x00000263a523b7c0 ConcurrentGCThread "G1 Refine#0" [stack: 0x000000a994e00000,0x000000a994f00000] [id=13140]
  0x00000263a523d160 ConcurrentGCThread "G1 Service" [stack: 0x000000a994f00000,0x000000a995000000] [id=8344]

Threads with active compile tasks:
C2 CompilerThread0     6280 6453       4       sun.reflect.generics.parser.SignatureParser::parsePackageNameAndSimpleClassTypeSignature (119 bytes)
C1 CompilerThread0     6280 6581       3       java.lang.reflect.Field::getAnnotation (23 bytes)
C2 CompilerThread1     6280 6501 %     4       org.gradle.internal.instantiation.generator.AbstractClassGenerator::inspectType @ 341 (560 bytes)
C2 CompilerThread2     6280 6458       4       java.lang.Class::annotationData (44 bytes)

VM state: not at safepoint (normal execution)

VM Mutex/Monitor currently owned by a thread: None

Heap address: 0x0000000080000000, size: 2048 MB, Compressed Oops mode: 32-bit

CDS archive(s) mapped at: [0x0000000800000000-0x0000000800bb0000-0x0000000800bb0000), size 12255232, SharedBaseAddress: 0x0000000800000000, ArchiveRelocationMode: 0.
Compressed class space mapped at: 0x0000000800c00000-0x0000000840c00000, reserved size: 1073741824
Narrow klass base: 0x0000000800000000, Narrow klass shift: 3, Narrow klass range: 0x100000000

GC Precious Log:
 CPUs: 8 total, 8 available
 Memory: 7959M
 Large Page Support: Disabled
 NUMA Support: Disabled
 Compressed Oops: Enabled (32-bit)
 Heap Region Size: 1M
 Heap Min Capacity: 8M
 Heap Initial Capacity: 126M
 Heap Max Capacity: 2G
 Pre-touch: Disabled
 Parallel Workers: 8
 Concurrent Workers: 2
 Concurrent Refinement Workers: 8
 Periodic GC: Disabled

Heap:
 garbage-first heap   total 95232K, used 56160K [0x0000000080000000, 0x0000000100000000)
  region size 1024K, 4 young (4096K), 3 survivors (3072K)
 Metaspace       used 55385K, committed 55872K, reserved 1097728K
  class space    used 7270K, committed 7552K, reserved 1048576K

Heap Regions: E=young(eden), S=young(survivor), O=old, HS=humongous(starts), HC=humongous(continues), CS=collection set, F=free, OA=open archive, CA=closed archive, TAMS=top-at-mark-start (previous, next)
|   0|0x0000000080000000, 0x0000000080100000, 0x0000000080100000|100%| O|  |TAMS 0x0000000080100000, 0x0000000080100000| Untracked 
|   1|0x0000000080100000, 0x0000000080200000, 0x0000000080200000|100%| O|  |TAMS 0x0000000080200000, 0x0000000080200000| Untracked 
|   2|0x0000000080200000, 0x0000000080300000, 0x0000000080300000|100%| O|  |TAMS 0x0000000080300000, 0x0000000080300000| Untracked 
|   3|0x0000000080300000, 0x0000000080400000, 0x0000000080400000|100%|HS|  |TAMS 0x0000000080400000, 0x0000000080400000| Complete 
|   4|0x0000000080400000, 0x0000000080500000, 0x0000000080500000|100%|HC|  |TAMS 0x0000000080500000, 0x0000000080500000| Complete 
|   5|0x0000000080500000, 0x0000000080600000, 0x0000000080600000|100%|HC|  |TAMS 0x0000000080600000, 0x0000000080600000| Complete 
|   6|0x0000000080600000, 0x0000000080700000, 0x0000000080700000|100%| O|  |TAMS 0x0000000080700000, 0x0000000080700000| Untracked 
|   7|0x0000000080700000, 0x0000000080800000, 0x0000000080800000|100%| O|  |TAMS 0x0000000080800000, 0x0000000080800000| Untracked 
|   8|0x0000000080800000, 0x0000000080900000, 0x0000000080900000|100%| O|  |TAMS 0x0000000080900000, 0x0000000080900000| Untracked 
|   9|0x0000000080900000, 0x0000000080a00000, 0x0000000080a00000|100%| O|  |TAMS 0x0000000080a00000, 0x0000000080a00000| Untracked 
|  10|0x0000000080a00000, 0x0000000080b00000, 0x0000000080b00000|100%| O|  |TAMS 0x0000000080b00000, 0x0000000080b00000| Untracked 
|  11|0x0000000080b00000, 0x0000000080c00000, 0x0000000080c00000|100%| O|  |TAMS 0x0000000080c00000, 0x0000000080c00000| Untracked 
|  12|0x0000000080c00000, 0x0000000080d00000, 0x0000000080d00000|100%| O|  |TAMS 0x0000000080d00000, 0x0000000080d00000| Untracked 
|  13|0x0000000080d00000, 0x0000000080e00000, 0x0000000080e00000|100%| O|  |TAMS 0x0000000080e00000, 0x0000000080e00000| Untracked 
|  14|0x0000000080e00000, 0x0000000080f00000, 0x0000000080f00000|100%| O|  |TAMS 0x0000000080f00000, 0x0000000080f00000| Untracked 
|  15|0x0000000080f00000, 0x0000000081000000, 0x0000000081000000|100%| O|  |TAMS 0x0000000081000000, 0x0000000081000000| Untracked 
|  16|0x0000000081000000, 0x0000000081100000, 0x0000000081100000|100%| O|  |TAMS 0x0000000081100000, 0x0000000081100000| Untracked 
|  17|0x0000000081100000, 0x0000000081200000, 0x0000000081200000|100%| O|  |TAMS 0x0000000081200000, 0x0000000081200000| Untracked 
|  18|0x0000000081200000, 0x00000000812c4400, 0x0000000081300000| 76%| O|  |TAMS 0x00000000812c4400, 0x00000000812c4400| Untracked 
|  19|0x0000000081300000, 0x0000000081400000, 0x0000000081400000|100%| O|  |TAMS 0x0000000081400000, 0x0000000081400000| Untracked 
|  20|0x0000000081400000, 0x0000000081500000, 0x0000000081500000|100%| O|  |TAMS 0x0000000081500000, 0x0000000081500000| Untracked 
|  21|0x0000000081500000, 0x0000000081600000, 0x0000000081600000|100%| O|  |TAMS 0x0000000081600000, 0x0000000081600000| Untracked 
|  22|0x0000000081600000, 0x0000000081700000, 0x0000000081700000|100%| O|  |TAMS 0x0000000081700000, 0x0000000081700000| Untracked 
|  23|0x0000000081700000, 0x0000000081800000, 0x0000000081800000|100%| O|  |TAMS 0x0000000081800000, 0x0000000081800000| Untracked 
|  24|0x0000000081800000, 0x0000000081900000, 0x0000000081900000|100%| O|  |TAMS 0x0000000081900000, 0x0000000081900000| Untracked 
|  25|0x0000000081900000, 0x0000000081a00000, 0x0000000081a00000|100%| O|  |TAMS 0x0000000081a00000, 0x0000000081a00000| Untracked 
|  26|0x0000000081a00000, 0x0000000081b00000, 0x0000000081b00000|100%| O|  |TAMS 0x0000000081b00000, 0x0000000081b00000| Untracked 
|  27|0x0000000081b00000, 0x0000000081c00000, 0x0000000081c00000|100%|HS|  |TAMS 0x0000000081c00000, 0x0000000081c00000| Complete 
|  28|0x0000000081c00000, 0x0000000081d00000, 0x0000000081d00000|100%|HS|  |TAMS 0x0000000081d00000, 0x0000000081d00000| Complete 
|  29|0x0000000081d00000, 0x0000000081e00000, 0x0000000081e00000|100%| O|  |TAMS 0x0000000081e00000, 0x0000000081e00000| Untracked 
|  30|0x0000000081e00000, 0x0000000081f00000, 0x0000000081f00000|100%| O|  |TAMS 0x0000000081f00000, 0x0000000081f00000| Untracked 
|  31|0x0000000081f00000, 0x0000000082000000, 0x0000000082000000|100%| O|  |TAMS 0x0000000082000000, 0x0000000082000000| Untracked 
|  32|0x0000000082000000, 0x0000000082100000, 0x0000000082100000|100%| O|  |TAMS 0x0000000082100000, 0x0000000082100000| Untracked 
|  33|0x0000000082100000, 0x0000000082200000, 0x0000000082200000|100%| O|  |TAMS 0x0000000082200000, 0x0000000082200000| Untracked 
|  34|0x0000000082200000, 0x0000000082300000, 0x0000000082300000|100%| O|  |TAMS 0x0000000082300000, 0x0000000082300000| Untracked 
|  35|0x0000000082300000, 0x0000000082400000, 0x0000000082400000|100%| O|  |TAMS 0x0000000082400000, 0x0000000082400000| Untracked 
|  36|0x0000000082400000, 0x0000000082500000, 0x0000000082500000|100%| O|  |TAMS 0x0000000082500000, 0x0000000082500000| Untracked 
|  37|0x0000000082500000, 0x0000000082600000, 0x0000000082600000|100%| O|  |TAMS 0x0000000082600000, 0x0000000082600000| Untracked 
|  38|0x0000000082600000, 0x0000000082700000, 0x0000000082700000|100%|HS|  |TAMS 0x0000000082700000, 0x0000000082700000| Complete 
|  39|0x0000000082700000, 0x0000000082800000, 0x0000000082800000|100%|HC|  |TAMS 0x0000000082800000, 0x0000000082800000| Complete 
|  40|0x0000000082800000, 0x0000000082900000, 0x0000000082900000|100%| O|  |TAMS 0x0000000082900000, 0x0000000082900000| Untracked 
|  41|0x0000000082900000, 0x0000000082a00000, 0x0000000082a00000|100%| O|  |TAMS 0x0000000082a00000, 0x0000000082a00000| Untracked 
|  42|0x0000000082a00000, 0x0000000082b00000, 0x0000000082b00000|100%| O|  |TAMS 0x0000000082b00000, 0x0000000082b00000| Untracked 
|  43|0x0000000082b00000, 0x0000000082c00000, 0x0000000082c00000|100%| O|  |TAMS 0x0000000082c00000, 0x0000000082c00000| Untracked 
|  44|0x0000000082c00000, 0x0000000082d00000, 0x0000000082d00000|100%| O|  |TAMS 0x0000000082d00000, 0x0000000082d00000| Untracked 
|  45|0x0000000082d00000, 0x0000000082e00000, 0x0000000082e00000|100%| O|  |TAMS 0x0000000082d0bc00, 0x0000000082e00000| Untracked 
|  46|0x0000000082e00000, 0x0000000082f00000, 0x0000000082f00000|100%| O|  |TAMS 0x0000000082e00000, 0x0000000082f00000| Untracked 
|  47|0x0000000082f00000, 0x0000000083000000, 0x0000000083000000|100%| O|  |TAMS 0x0000000082f00000, 0x0000000083000000| Untracked 
|  48|0x0000000083000000, 0x0000000083100000, 0x0000000083100000|100%| O|  |TAMS 0x0000000083000000, 0x0000000083100000| Untracked 
|  49|0x0000000083100000, 0x0000000083200000, 0x0000000083200000|100%| O|  |TAMS 0x0000000083100000, 0x0000000083200000| Untracked 
|  50|0x0000000083200000, 0x0000000083300000, 0x0000000083300000|100%| O|  |TAMS 0x0000000083200000, 0x0000000083300000| Untracked 
|  51|0x0000000083300000, 0x000000008332ba00, 0x0000000083400000| 17%| O|  |TAMS 0x0000000083300000, 0x000000008332ba00| Untracked 
|  52|0x0000000083400000, 0x0000000083500000, 0x0000000083500000|100%|HS|  |TAMS 0x0000000083400000, 0x0000000083400000| Complete 
|  53|0x0000000083500000, 0x0000000083500000, 0x0000000083600000|  0%| F|  |TAMS 0x0000000083500000, 0x0000000083500000| Untracked 
|  54|0x0000000083600000, 0x0000000083600000, 0x0000000083700000|  0%| F|  |TAMS 0x0000000083600000, 0x0000000083600000| Untracked 
|  55|0x0000000083700000, 0x0000000083700000, 0x0000000083800000|  0%| F|  |TAMS 0x0000000083700000, 0x0000000083700000| Untracked 
|  56|0x0000000083800000, 0x0000000083800000, 0x0000000083900000|  0%| F|  |TAMS 0x0000000083800000, 0x0000000083800000| Untracked 
|  57|0x0000000083900000, 0x0000000083900000, 0x0000000083a00000|  0%| F|  |TAMS 0x0000000083900000, 0x0000000083900000| Untracked 
|  58|0x0000000083a00000, 0x0000000083a00000, 0x0000000083b00000|  0%| F|  |TAMS 0x0000000083a00000, 0x0000000083a00000| Untracked 
|  59|0x0000000083b00000, 0x0000000083b00000, 0x0000000083c00000|  0%| F|  |TAMS 0x0000000083b00000, 0x0000000083b00000| Untracked 
|  60|0x0000000083c00000, 0x0000000083c00000, 0x0000000083d00000|  0%| F|  |TAMS 0x0000000083c00000, 0x0000000083c00000| Untracked 
|  61|0x0000000083d00000, 0x0000000083d00000, 0x0000000083e00000|  0%| F|  |TAMS 0x0000000083d00000, 0x0000000083d00000| Untracked 
|  62|0x0000000083e00000, 0x0000000083e00000, 0x0000000083f00000|  0%| F|  |TAMS 0x0000000083e00000, 0x0000000083e00000| Untracked 
|  63|0x0000000083f00000, 0x0000000083f00000, 0x0000000084000000|  0%| F|  |TAMS 0x0000000083f00000, 0x0000000083f00000| Untracked 
|  64|0x0000000084000000, 0x0000000084000000, 0x0000000084100000|  0%| F|  |TAMS 0x0000000084000000, 0x0000000084000000| Untracked 
|  65|0x0000000084100000, 0x0000000084100000, 0x0000000084200000|  0%| F|  |TAMS 0x0000000084100000, 0x0000000084100000| Untracked 
|  66|0x0000000084200000, 0x0000000084200000, 0x0000000084300000|  0%| F|  |TAMS 0x0000000084200000, 0x0000000084200000| Untracked 
|  67|0x0000000084300000, 0x0000000084300000, 0x0000000084400000|  0%| F|  |TAMS 0x0000000084300000, 0x0000000084300000| Untracked 
|  68|0x0000000084400000, 0x0000000084400000, 0x0000000084500000|  0%| F|  |TAMS 0x0000000084400000, 0x0000000084400000| Untracked 
|  69|0x0000000084500000, 0x0000000084500000, 0x0000000084600000|  0%| F|  |TAMS 0x0000000084500000, 0x0000000084500000| Untracked 
|  70|0x0000000084600000, 0x0000000084600000, 0x0000000084700000|  0%| F|  |TAMS 0x0000000084600000, 0x0000000084600000| Untracked 
|  71|0x0000000084700000, 0x0000000084700000, 0x0000000084800000|  0%| F|  |TAMS 0x0000000084700000, 0x0000000084700000| Untracked 
|  72|0x0000000084800000, 0x0000000084800000, 0x0000000084900000|  0%| F|  |TAMS 0x0000000084800000, 0x0000000084800000| Untracked 
|  73|0x0000000084900000, 0x0000000084900000, 0x0000000084a00000|  0%| F|  |TAMS 0x0000000084900000, 0x0000000084900000| Untracked 
|  74|0x0000000084a00000, 0x0000000084ae8470, 0x0000000084b00000| 90%| S|CS|TAMS 0x0000000084a00000, 0x0000000084a00000| Complete 
|  75|0x0000000084b00000, 0x0000000084c00000, 0x0000000084c00000|100%| S|CS|TAMS 0x0000000084b00000, 0x0000000084b00000| Complete 
|  76|0x0000000084c00000, 0x0000000084d00000, 0x0000000084d00000|100%| S|CS|TAMS 0x0000000084c00000, 0x0000000084c00000| Complete 
|  77|0x0000000084d00000, 0x0000000084d00000, 0x0000000084e00000|  0%| F|  |TAMS 0x0000000084d00000, 0x0000000084d00000| Untracked 
|  78|0x0000000084e00000, 0x0000000084e00000, 0x0000000084f00000|  0%| F|  |TAMS 0x0000000084e00000, 0x0000000084e00000| Untracked 
|  79|0x0000000084f00000, 0x0000000084f00000, 0x0000000085000000|  0%| F|  |TAMS 0x0000000084f00000, 0x0000000084f00000| Untracked 
|  80|0x0000000085000000, 0x0000000085000000, 0x0000000085100000|  0%| F|  |TAMS 0x0000000085000000, 0x0000000085000000| Untracked 
|  81|0x0000000085100000, 0x0000000085100000, 0x0000000085200000|  0%| F|  |TAMS 0x0000000085100000, 0x0000000085100000| Untracked 
|  82|0x0000000085200000, 0x0000000085200000, 0x0000000085300000|  0%| F|  |TAMS 0x0000000085200000, 0x0000000085200000| Untracked 
|  83|0x0000000085300000, 0x0000000085300000, 0x0000000085400000|  0%| F|  |TAMS 0x0000000085300000, 0x0000000085300000| Untracked 
|  84|0x0000000085400000, 0x0000000085400000, 0x0000000085500000|  0%| F|  |TAMS 0x0000000085400000, 0x0000000085400000| Untracked 
|  85|0x0000000085500000, 0x0000000085500000, 0x0000000085600000|  0%| F|  |TAMS 0x0000000085500000, 0x0000000085500000| Untracked 
|  86|0x0000000085600000, 0x0000000085600000, 0x0000000085700000|  0%| F|  |TAMS 0x0000000085600000, 0x0000000085600000| Untracked 
|  87|0x0000000085700000, 0x0000000085700000, 0x0000000085800000|  0%| F|  |TAMS 0x0000000085700000, 0x0000000085700000| Untracked 
|  88|0x0000000085800000, 0x0000000085800000, 0x0000000085900000|  0%| F|  |TAMS 0x0000000085800000, 0x0000000085800000| Untracked 
|  89|0x0000000085900000, 0x0000000085900000, 0x0000000085a00000|  0%| F|  |TAMS 0x0000000085900000, 0x0000000085900000| Untracked 
|  90|0x0000000085a00000, 0x0000000085a00000, 0x0000000085b00000|  0%| F|  |TAMS 0x0000000085a00000, 0x0000000085a00000| Untracked 
|  91|0x0000000085b00000, 0x0000000085b5d8f0, 0x0000000085c00000| 36%| E|  |TAMS 0x0000000085b00000, 0x0000000085b00000| Complete 
| 125|0x0000000087d00000, 0x0000000087e00000, 0x0000000087e00000|100%| E|CS|TAMS 0x0000000087d00000, 0x0000000087d00000| Complete 

Card table byte_map: [0x00000263bc010000,0x00000263bc410000] _byte_map_base: 0x00000263bbc10000

Marking Bits (Prev, Next): (CMBitMap*) 0x00000263a519cf30, (CMBitMap*) 0x00000263a519cf70
 Prev Bits: [0x00000263bc810000, 0x00000263be810000)
 Next Bits: [0x00000263be810000, 0x00000263c0810000)

Polling page: 0x00000263a30d0000

Metaspace:

Usage:
  Non-class:     47.00 MB used.
      Class:      7.10 MB used.
       Both:     54.11 MB used.

Virtual space:
  Non-class space:       56.00 MB reserved,      47.25 MB ( 84%) committed,  7 nodes.
      Class space:        1.00 GB reserved,       7.38 MB ( <1%) committed,  1 nodes.
              Both:        1.05 GB reserved,      54.62 MB (  5%) committed. 

Chunk freelists:
   Non-Class:  3.98 MB
       Class:  621.00 KB
        Both:  4.59 MB

MaxMetaspaceSize: 17179869184.00 GB
CompressedClassSpaceSize: 1.00 GB
 - commit_granule_bytes: 65536.
 - commit_granule_words: 8192.
 - virtual_space_node_default_size: 1048576.
 - enlarge_chunks_in_place: 1.
 - new_chunks_are_fully_committed: 0.
 - uncommit_free_chunks: 1.
 - use_allocation_guard: 0.
 - handle_deallocations: 1.


Internal statistics:

num_allocs_failed_limit: 6.
num_arena_births: 522.
num_arena_deaths: 0.
num_vsnodes_births: 8.
num_vsnodes_deaths: 0.
num_space_committed: 874.
num_space_uncommitted: 0.
num_chunks_returned_to_freelist: 6.
num_chunks_taken_from_freelist: 2562.
num_chunk_merges: 6.
num_chunk_splits: 1753.
num_chunks_enlarged: 1241.
num_purges: 0.

CodeHeap 'non-profiled nmethods': size=120000Kb used=3284Kb max_used=3660Kb free=116715Kb
 bounds [0x00000263b43b0000, 0x00000263b4750000, 0x00000263bb8e0000]
CodeHeap 'profiled nmethods': size=120000Kb used=10842Kb max_used=11429Kb free=109157Kb
 bounds [0x00000263ace80000, 0x00000263ad9c0000, 0x00000263b43b0000]
CodeHeap 'non-nmethods': size=5760Kb used=2375Kb max_used=2404Kb free=3384Kb
 bounds [0x00000263ac8e0000, 0x00000263acb50000, 0x00000263ace80000]
 total_blobs=6606 nmethods=5725 adapters=793
 compilation: enabled
              stopped_count=0, restarted_count=0
 full_count=0

Compilation events (20 events):
Event: 6.251 Thread 0x00000263c32169a0 6563       3       org.gradle.api.internal.DefaultDomainObjectCollection::<init> (38 bytes)
Event: 6.251 Thread 0x00000263c32169a0 nmethod 6563 0x00000263ad20bc10 code [0x00000263ad20be00, 0x00000263ad20c388]
Event: 6.251 Thread 0x00000263c32169a0 6564       3       org.gradle.api.internal.DefaultDomainObjectCollection$1::<init> (15 bytes)
Event: 6.251 Thread 0x00000263c32169a0 nmethod 6564 0x00000263ad1e3c90 code [0x00000263ad1e3e40, 0x00000263ad1e4058]
Event: 6.251 Thread 0x00000263c32169a0 6566       1       org.gradle.api.internal.DefaultCollectionCallbackActionDecorator::access$100 (5 bytes)
Event: 6.251 Thread 0x00000263c32169a0 nmethod 6566 0x00000263b4552510 code [0x00000263b45526a0, 0x00000263b4552758]
Event: 6.251 Thread 0x00000263c32169a0 6567       1       org.gradle.api.internal.DefaultCollectionCallbackActionDecorator$BuildOperationEmittingAction::access$000 (5 bytes)
Event: 6.252 Thread 0x00000263c32169a0 nmethod 6567 0x00000263b4552210 code [0x00000263b45523a0, 0x00000263b4552458]
Event: 6.252 Thread 0x00000263c32169a0 6568       1       org.gradle.api.internal.collections.DefaultCollectionEventRegister::getDecorator (5 bytes)
Event: 6.252 Thread 0x00000263c32169a0 nmethod 6568 0x00000263b4551f10 code [0x00000263b45520a0, 0x00000263b4552178]
Event: 6.252 Thread 0x00000263c32169a0 6569       3       org.gradle.internal.operations.DefaultBuildOperationListenerManager$1::started (47 bytes)
Event: 6.252 Thread 0x00000263c32169a0 nmethod 6569 0x00000263ad20b290 code [0x00000263ad20b480, 0x00000263ad20ba08]
Event: 6.252 Thread 0x00000263c32169a0 6570       3       org.gradle.internal.instantiation.generator.DefaultInstantiatorFactory::decorateLenient (8 bytes)
Event: 6.252 Thread 0x00000263c32169a0 nmethod 6570 0x00000263ad432e90 code [0x00000263ad433020, 0x00000263ad433158]
Event: 6.252 Thread 0x00000263c32169a0 6571       1       org.gradle.api.internal.project.DefaultProjectStateRegistry$ProjectStateImpl::getProjectPath (5 bytes)
Event: 6.252 Thread 0x00000263c32169a0 nmethod 6571 0x00000263b4551a10 code [0x00000263b4551ba0, 0x00000263b4551c78]
Event: 6.252 Thread 0x00000263c32169a0 6572       1       org.gradle.api.internal.project.DefaultProjectStateRegistry$ProjectStateImpl::getIdentityPath (5 bytes)
Event: 6.252 Thread 0x00000263c32169a0 nmethod 6572 0x00000263b4441610 code [0x00000263b44417a0, 0x00000263b4441878]
Event: 6.252 Thread 0x00000263c32169a0 6573       3       org.gradle.internal.operations.DefaultBuildOperationListenerManager$1::finished (48 bytes)
Event: 6.253 Thread 0x00000263c32169a0 nmethod 6573 0x00000263ad20a910 code [0x00000263ad20ab00, 0x00000263ad20b088]

GC Heap History (20 events):
Event: 3.835 GC heap before
{Heap before GC invocations=7 (full 0):
 garbage-first heap   total 78848K, used 58113K [0x0000000080000000, 0x0000000100000000)
  region size 1024K, 32 young (32768K), 4 survivors (4096K)
 Metaspace       used 35094K, committed 35456K, reserved 1081344K
  class space    used 4766K, committed 4928K, reserved 1048576K
}
Event: 3.838 GC heap after
{Heap after GC invocations=8 (full 0):
 garbage-first heap   total 78848K, used 31600K [0x0000000080000000, 0x0000000100000000)
  region size 1024K, 3 young (3072K), 3 survivors (3072K)
 Metaspace       used 35094K, committed 35456K, reserved 1081344K
  class space    used 4766K, committed 4928K, reserved 1048576K
}
Event: 3.868 GC heap before
{Heap before GC invocations=8 (full 0):
 garbage-first heap   total 78848K, used 32624K [0x0000000080000000, 0x0000000100000000)
  region size 1024K, 5 young (5120K), 3 survivors (3072K)
 Metaspace       used 35246K, committed 35520K, reserved 1081344K
  class space    used 4790K, committed 4928K, reserved 1048576K
}
Event: 3.872 GC heap after
{Heap after GC invocations=9 (full 0):
 garbage-first heap   total 78848K, used 31595K [0x0000000080000000, 0x0000000100000000)
  region size 1024K, 3 young (3072K), 3 survivors (3072K)
 Metaspace       used 35246K, committed 35520K, reserved 1081344K
  class space    used 4790K, committed 4928K, reserved 1048576K
}
Event: 4.287 GC heap before
{Heap before GC invocations=10 (full 0):
 garbage-first heap   total 78848K, used 58219K [0x0000000080000000, 0x0000000100000000)
  region size 1024K, 30 young (30720K), 3 survivors (3072K)
 Metaspace       used 38292K, committed 38656K, reserved 1089536K
  class space    used 5222K, committed 5376K, reserved 1048576K
}
Event: 4.290 GC heap after
{Heap after GC invocations=11 (full 0):
 garbage-first heap   total 78848K, used 33417K [0x0000000080000000, 0x0000000100000000)
  region size 1024K, 2 young (2048K), 2 survivors (2048K)
 Metaspace       used 38292K, committed 38656K, reserved 1089536K
  class space    used 5222K, committed 5376K, reserved 1048576K
}
Event: 4.611 GC heap before
{Heap before GC invocations=11 (full 0):
 garbage-first heap   total 78848K, used 63113K [0x0000000080000000, 0x0000000100000000)
  region size 1024K, 29 young (29696K), 2 survivors (2048K)
 Metaspace       used 39189K, committed 39552K, reserved 1089536K
  class space    used 5324K, committed 5504K, reserved 1048576K
}
Event: 4.615 GC heap after
{Heap after GC invocations=12 (full 0):
 garbage-first heap   total 78848K, used 38257K [0x0000000080000000, 0x0000000100000000)
  region size 1024K, 4 young (4096K), 4 survivors (4096K)
 Metaspace       used 39189K, committed 39552K, reserved 1089536K
  class space    used 5324K, committed 5504K, reserved 1048576K
}
Event: 4.654 GC heap before
{Heap before GC invocations=12 (full 0):
 garbage-first heap   total 78848K, used 40305K [0x0000000080000000, 0x0000000100000000)
  region size 1024K, 8 young (8192K), 4 survivors (4096K)
 Metaspace       used 39200K, committed 39616K, reserved 1089536K
  class space    used 5324K, committed 5504K, reserved 1048576K
}
Event: 4.657 GC heap after
{Heap after GC invocations=13 (full 0):
 garbage-first heap   total 95232K, used 41613K [0x0000000080000000, 0x0000000100000000)
  region size 1024K, 3 young (3072K), 3 survivors (3072K)
 Metaspace       used 39200K, committed 39616K, reserved 1089536K
  class space    used 5324K, committed 5504K, reserved 1048576K
}
Event: 4.940 GC heap before
{Heap before GC invocations=13 (full 0):
 garbage-first heap   total 95232K, used 64141K [0x0000000080000000, 0x0000000100000000)
  region size 1024K, 24 young (24576K), 3 survivors (3072K)
 Metaspace       used 41693K, committed 42112K, reserved 1089536K
  class space    used 5635K, committed 5824K, reserved 1048576K
}
Event: 4.942 GC heap after
{Heap after GC invocations=14 (full 0):
 garbage-first heap   total 95232K, used 45951K [0x0000000080000000, 0x0000000100000000)
  region size 1024K, 3 young (3072K), 3 survivors (3072K)
 Metaspace       used 41693K, committed 42112K, reserved 1089536K
  class space    used 5635K, committed 5824K, reserved 1048576K
}
Event: 5.235 GC heap before
{Heap before GC invocations=14 (full 0):
 garbage-first heap   total 95232K, used 66431K [0x0000000080000000, 0x0000000100000000)
  region size 1024K, 23 young (23552K), 3 survivors (3072K)
 Metaspace       used 45108K, committed 45568K, reserved 1089536K
  class space    used 6092K, committed 6336K, reserved 1048576K
}
Event: 5.238 GC heap after
{Heap after GC invocations=15 (full 0):
 garbage-first heap   total 95232K, used 46994K [0x0000000080000000, 0x0000000100000000)
  region size 1024K, 2 young (2048K), 2 survivors (2048K)
 Metaspace       used 45108K, committed 45568K, reserved 1089536K
  class space    used 6092K, committed 6336K, reserved 1048576K
}
Event: 5.494 GC heap before
{Heap before GC invocations=16 (full 0):
 garbage-first heap   total 95232K, used 67474K [0x0000000080000000, 0x0000000100000000)
  region size 1024K, 22 young (22528K), 2 survivors (2048K)
 Metaspace       used 48622K, committed 49088K, reserved 1097728K
  class space    used 6451K, committed 6656K, reserved 1048576K
}
Event: 5.496 GC heap after
{Heap after GC invocations=17 (full 0):
 garbage-first heap   total 95232K, used 47784K [0x0000000080000000, 0x0000000100000000)
  region size 1024K, 2 young (2048K), 2 survivors (2048K)
 Metaspace       used 48622K, committed 49088K, reserved 1097728K
  class space    used 6451K, committed 6656K, reserved 1048576K
}
Event: 5.760 GC heap before
{Heap before GC invocations=17 (full 0):
 garbage-first heap   total 95232K, used 69288K [0x0000000080000000, 0x0000000100000000)
  region size 1024K, 24 young (24576K), 2 survivors (2048K)
 Metaspace       used 51911K, committed 52352K, reserved 1097728K
  class space    used 6869K, committed 7104K, reserved 1048576K
}
Event: 5.764 GC heap after
{Heap after GC invocations=18 (full 0):
 garbage-first heap   total 95232K, used 52478K [0x0000000080000000, 0x0000000100000000)
  region size 1024K, 3 young (3072K), 3 survivors (3072K)
 Metaspace       used 51911K, committed 52352K, reserved 1097728K
  class space    used 6869K, committed 7104K, reserved 1048576K
}
Event: 6.067 GC heap before
{Heap before GC invocations=19 (full 0):
 garbage-first heap   total 95232K, used 71934K [0x0000000080000000, 0x0000000100000000)
  region size 1024K, 22 young (22528K), 3 survivors (3072K)
 Metaspace       used 53973K, committed 54464K, reserved 1097728K
  class space    used 7121K, committed 7360K, reserved 1048576K
}
Event: 6.071 GC heap after
{Heap after GC invocations=20 (full 0):
 garbage-first heap   total 95232K, used 53857K [0x0000000080000000, 0x0000000100000000)
  region size 1024K, 2 young (2048K), 2 survivors (2048K)
 Metaspace       used 53973K, committed 54464K, reserved 1097728K
  class space    used 7121K, committed 7360K, reserved 1048576K
}

Deoptimization events (20 events):
Event: 6.129 Thread 0x00000263c6110490 Uncommon trap: trap_request=0xffffff45 fr.pc=0x00000263b46bdae8 relative=0x0000000000002028
Event: 6.129 Thread 0x00000263c6110490 Uncommon trap: reason=unstable_if action=reinterpret pc=0x00000263b46bdae8 method=org.codehaus.groovy.reflection.CachedMethod.compareToMethod(Ljava/lang/reflect/Method;)I @ 111 c2
Event: 6.129 Thread 0x00000263c6110490 DEOPT PACKING pc=0x00000263b46bdae8 sp=0x000000a9969f7ab0
Event: 6.129 Thread 0x00000263c6110490 DEOPT UNPACKING pc=0x00000263ac92f92e sp=0x000000a9969f7a80 mode 2
Event: 6.211 Thread 0x00000263c6110490 Uncommon trap: trap_request=0xffffff45 fr.pc=0x00000263b4632c68 relative=0x0000000000000328
Event: 6.211 Thread 0x00000263c6110490 Uncommon trap: reason=unstable_if action=reinterpret pc=0x00000263b4632c68 method=org.gradle.internal.reflect.PropertyAccessorType.of(Ljava/lang/reflect/Method;)Lorg/gradle/internal/reflect/PropertyAccessorType; @ 56 c2
Event: 6.211 Thread 0x00000263c6110490 DEOPT PACKING pc=0x00000263b4632c68 sp=0x000000a9969f7540
Event: 6.211 Thread 0x00000263c6110490 DEOPT UNPACKING pc=0x00000263ac92f92e sp=0x000000a9969f7500 mode 2
Event: 6.229 Thread 0x00000263c6110490 Uncommon trap: trap_request=0xffffff45 fr.pc=0x00000263b4485580 relative=0x0000000000000160
Event: 6.230 Thread 0x00000263c6110490 Uncommon trap: reason=unstable_if action=reinterpret pc=0x00000263b4485580 method=org.objectweb.asm.ByteVector.putByteArray([BII)Lorg/objectweb/asm/ByteVector; @ 20 c2
Event: 6.230 Thread 0x00000263c6110490 DEOPT PACKING pc=0x00000263b4485580 sp=0x000000a9969f5e20
Event: 6.230 Thread 0x00000263c6110490 DEOPT UNPACKING pc=0x00000263ac92f92e sp=0x000000a9969f5df0 mode 2
Event: 6.230 Thread 0x00000263c6110490 Uncommon trap: trap_request=0xffffff45 fr.pc=0x00000263b43d3e8c relative=0x00000000000009cc
Event: 6.230 Thread 0x00000263c6110490 Uncommon trap: reason=unstable_if action=reinterpret pc=0x00000263b43d3e8c method=org.objectweb.asm.Label.resolve([BI)Z @ 80 c2
Event: 6.230 Thread 0x00000263c6110490 DEOPT PACKING pc=0x00000263b43d3e8c sp=0x000000a9969f5e40
Event: 6.230 Thread 0x00000263c6110490 DEOPT UNPACKING pc=0x00000263ac92f92e sp=0x000000a9969f5d60 mode 2
Event: 6.230 Thread 0x00000263c6110490 Uncommon trap: trap_request=0xffffff45 fr.pc=0x00000263b4707888 relative=0x00000000000001e8
Event: 6.230 Thread 0x00000263c6110490 Uncommon trap: reason=unstable_if action=reinterpret pc=0x00000263b4707888 method=org.objectweb.asm.Label.resolve([BI)Z @ 80 c2
Event: 6.230 Thread 0x00000263c6110490 DEOPT PACKING pc=0x00000263b4707888 sp=0x000000a9969f5dd0
Event: 6.230 Thread 0x00000263c6110490 DEOPT UNPACKING pc=0x00000263ac92f92e sp=0x000000a9969f5d50 mode 2

Classes unloaded (0 events):
No events

Classes redefined (0 events):
No events

Internal exceptions (20 events):
Event: 4.801 Thread 0x00000263c6110490 Exception <a 'java/lang/ClassNotFoundException'{0x0000000085203e40}: org/gradle/api/internal/plugins/DefaultObjectConfigurationActionCustomizer> (0x0000000085203e40) 
thrown [t:\workspace\open\src\hotspot\share\classfile\systemDictionary.cpp, line 256]
Event: 4.919 Thread 0x00000263c6110490 Exception <a 'java/lang/NoSuchMethodError'{0x0000000084922bd8}: 'java.lang.Object java.lang.invoke.DirectMethodHandle$Holder.newInvokeSpecial(java.lang.Object, java.lang.Object, java.lang.Object, java.lang.Object, int)'> (0x0000000084922bd8) 
thrown [t:\workspace\open\src\hotspot\share\interpreter\linkResolver.cpp, line 790]
Event: 4.919 Thread 0x00000263c6110490 Exception <a 'java/lang/NoSuchMethodError'{0x0000000084928018}: 'java.lang.Object java.lang.invoke.DirectMethodHandle$Holder.invokeSpecial(java.lang.Object, java.lang.Object, java.lang.Object, java.lang.Object, java.lang.Object, int)'> (0x0000000084928018) 
thrown [t:\workspace\open\src\hotspot\share\interpreter\linkResolver.cpp, line 790]
Event: 4.920 Thread 0x00000263c6110490 Exception <a 'java/lang/NoSuchMethodError'{0x000000008492cef0}: 'java.lang.Object java.lang.invoke.Invokers$Holder.linkToTargetMethod(java.lang.Object, java.lang.Object, java.lang.Object, int, java.lang.Object)'> (0x000000008492cef0) 
thrown [t:\workspace\open\src\hotspot\share\interpreter\linkResolver.cpp, line 790]
Event: 5.229 Thread 0x00000263c6110490 Exception <a 'java/lang/NoSuchMethodError'{0x00000000849ac390}: 'int java.lang.invoke.DirectMethodHandle$Holder.invokeInterface(java.lang.Object, java.lang.Object, java.lang.Object, java.lang.Object)'> (0x00000000849ac390) 
thrown [t:\workspace\open\src\hotspot\share\interpreter\linkResolver.cpp, line 790]
Event: 5.486 Thread 0x00000263c6110490 Exception <a 'java/lang/NoSuchMethodError'{0x000000008496b690}: 'void java.lang.invoke.DirectMethodHandle$Holder.invokeInterface(java.lang.Object, java.lang.Object, java.lang.Object, java.lang.Object)'> (0x000000008496b690) 
thrown [t:\workspace\open\src\hotspot\share\interpreter\linkResolver.cpp, line 790]
Event: 5.586 Thread 0x00000263c6110490 Exception <a 'java/lang/IncompatibleClassChangeError'{0x00000000856106e0}: Found class java.lang.Object, but interface was expected> (0x00000000856106e0) 
thrown [t:\workspace\open\src\hotspot\share\interpreter\linkResolver.cpp, line 857]
Event: 5.622 Thread 0x00000263c6110490 Implicit null exception at 0x00000263b46f1d54 to 0x00000263b46f1f60
Event: 5.622 Thread 0x00000263c6110490 Implicit null exception at 0x00000263b46ed235 to 0x00000263b46eee48
Event: 5.715 Thread 0x00000263c6110490 Implicit null exception at 0x00000263b4558931 to 0x00000263b4558bc3
Event: 5.853 Thread 0x00000263c6110490 Exception <a 'sun/nio/fs/WindowsException'{0x0000000085be8208}> (0x0000000085be8208) 
thrown [t:\workspace\open\src\hotspot\share\prims\jni.cpp, line 579]
Event: 6.117 Thread 0x00000263c6110490 Exception <a 'java/lang/ClassNotFoundException'{0x000000008585b540}: org/gradle/api/plugins/internal/DefaultBasePluginConventionBeanInfo> (0x000000008585b540) 
thrown [t:\workspace\open\src\hotspot\share\classfile\systemDictionary.cpp, line 256]
Event: 6.118 Thread 0x00000263c6110490 Exception <a 'java/lang/ClassNotFoundException'{0x0000000085871110}: org/gradle/api/plugins/BasePluginConventionBeanInfo> (0x0000000085871110) 
thrown [t:\workspace\open\src\hotspot\share\classfile\systemDictionary.cpp, line 256]
Event: 6.118 Thread 0x00000263c6110490 Exception <a 'java/lang/ClassNotFoundException'{0x0000000085886ca8}: org/gradle/api/plugins/BasePluginConventionCustomizer> (0x0000000085886ca8) 
thrown [t:\workspace\open\src\hotspot\share\classfile\systemDictionary.cpp, line 256]
Event: 6.120 Thread 0x00000263c6110490 Exception <a 'java/lang/ClassNotFoundException'{0x00000000858a7320}: org/gradle/api/plugins/internal/DefaultBasePluginConventionCustomizer> (0x00000000858a7320) 
thrown [t:\workspace\open\src\hotspot\share\classfile\systemDictionary.cpp, line 256]
Event: 6.123 Thread 0x00000263c6110490 Exception <a 'java/lang/ClassNotFoundException'{0x00000000858f14e8}: org/gradle/api/plugins/internal/DefaultJavaPluginConventionBeanInfo> (0x00000000858f14e8) 
thrown [t:\workspace\open\src\hotspot\share\classfile\systemDictionary.cpp, line 256]
Event: 6.124 Thread 0x00000263c6110490 Exception <a 'java/lang/ClassNotFoundException'{0x00000000857075a0}: org/gradle/api/plugins/JavaPluginConventionBeanInfo> (0x00000000857075a0) 
thrown [t:\workspace\open\src\hotspot\share\classfile\systemDictionary.cpp, line 256]
Event: 6.125 Thread 0x00000263c6110490 Exception <a 'java/lang/ClassNotFoundException'{0x000000008571d138}: org/gradle/api/plugins/JavaPluginConventionCustomizer> (0x000000008571d138) 
thrown [t:\workspace\open\src\hotspot\share\classfile\systemDictionary.cpp, line 256]
Event: 6.127 Thread 0x00000263c6110490 Exception <a 'java/lang/ClassNotFoundException'{0x0000000085747410}: org/gradle/api/plugins/internal/DefaultJavaPluginConventionCustomizer> (0x0000000085747410) 
thrown [t:\workspace\open\src\hotspot\share\classfile\systemDictionary.cpp, line 256]
Event: 6.229 Thread 0x00000263c6110490 Implicit null exception at 0x00000263b4485468 to 0x00000263b4485560

Events (20 events):
Event: 5.744 loading class java/util/jar/JarVerifier$VerifierStream
Event: 5.744 loading class java/util/jar/JarVerifier$VerifierStream done
Event: 5.744 loading class sun/security/util/ManifestEntryVerifier$SunProviderHolder
Event: 5.744 loading class sun/security/util/ManifestEntryVerifier$SunProviderHolder done
Event: 5.760 Executing  VM operation: G1CollectForAllocation
Event: 5.764 Executing  VM operation: G1CollectForAllocation done
Event: 5.797 Executing  VM operation: G1Concurrent
Event: 5.800 Executing  VM operation: G1Concurrent done
Event: 5.820 Executing  VM operation: G1Concurrent
Event: 5.836 Executing  VM operation: G1Concurrent done
Event: 5.853 loading class sun/nio/fs/WindowsException
Event: 5.853 loading class sun/nio/fs/WindowsException done
Event: 6.067 Executing  VM operation: G1CollectForAllocation
Event: 6.071 Executing  VM operation: G1CollectForAllocation done
Event: 6.092 loading class java/security/KeyStore
Event: 6.092 loading class java/security/KeyStore done
Event: 6.092 loading class java/security/KeyStore$1
Event: 6.092 loading class java/security/KeyStore$1 done
Event: 6.209 loading class sun/reflect/annotation/AnnotationInvocationHandler$1
Event: 6.209 loading class sun/reflect/annotation/AnnotationInvocationHandler$1 done


Dynamic libraries:
0x00007ff74d8a0000 - 0x00007ff74d8b0000 	C:\Program Files\Java\jdk-16.0.2\bin\java.exe
0x00007ff803810000 - 0x00007ff803a08000 	C:\WINDOWS\SYSTEM32\ntdll.dll
0x00007ff801930000 - 0x00007ff8019ed000 	C:\WINDOWS\System32\KERNEL32.DLL
0x00007ff8015a0000 - 0x00007ff80186e000 	C:\WINDOWS\System32\KERNELBASE.dll
0x00007ff8011d0000 - 0x00007ff8012d0000 	C:\WINDOWS\System32\ucrtbase.dll
0x00007fffe8610000 - 0x00007fffe8628000 	C:\Program Files\Java\jdk-16.0.2\bin\jli.dll
0x00007fffeb6c0000 - 0x00007fffeb6d9000 	C:\Program Files\Java\jdk-16.0.2\bin\VCRUNTIME140.dll
0x00007ff8032b0000 - 0x00007ff80335e000 	C:\WINDOWS\System32\ADVAPI32.dll
0x00007ff802f30000 - 0x00007ff802fce000 	C:\WINDOWS\System32\msvcrt.dll
0x00007ff802000000 - 0x00007ff80209c000 	C:\WINDOWS\System32\sechost.dll
0x00007ff802fd0000 - 0x00007ff8030f5000 	C:\WINDOWS\System32\RPCRT4.dll
0x00007ff8020a0000 - 0x00007ff802240000 	C:\WINDOWS\System32\USER32.dll
0x00007ff800f30000 - 0x00007ff800f52000 	C:\WINDOWS\System32\win32u.dll
0x00007fffead00000 - 0x00007fffeaf9a000 	C:\WINDOWS\WinSxS\amd64_microsoft.windows.common-controls_6595b64144ccf1df_6.0.19041.1110_none_60b5254171f9507e\COMCTL32.dll
0x00007ff803520000 - 0x00007ff80354a000 	C:\WINDOWS\System32\GDI32.dll
0x00007ff801020000 - 0x00007ff80112b000 	C:\WINDOWS\System32\gdi32full.dll
0x00007ff801130000 - 0x00007ff8011cd000 	C:\WINDOWS\System32\msvcp_win.dll
0x00007ffffb480000 - 0x00007ffffb48a000 	C:\WINDOWS\SYSTEM32\VERSION.dll
0x00007ff803360000 - 0x00007ff803390000 	C:\WINDOWS\System32\IMM32.DLL
0x00007ffff4640000 - 0x00007ffff464c000 	C:\Program Files\Java\jdk-16.0.2\bin\vcruntime140_1.dll
0x00007fffc62e0000 - 0x00007fffc6371000 	C:\Program Files\Java\jdk-16.0.2\bin\msvcp140.dll
0x00007fff92830000 - 0x00007fff933db000 	C:\Program Files\Java\jdk-16.0.2\bin\server\jvm.dll
0x00007ff8022a0000 - 0x00007ff8022a8000 	C:\WINDOWS\System32\PSAPI.DLL
0x00007ffffeda0000 - 0x00007ffffedc7000 	C:\WINDOWS\SYSTEM32\WINMM.dll
0x00007ffffc410000 - 0x00007ffffc419000 	C:\WINDOWS\SYSTEM32\WSOCK32.dll
0x00007ff801eb0000 - 0x00007ff801f1b000 	C:\WINDOWS\System32\WS2_32.dll
0x00007fffff7e0000 - 0x00007fffff7f2000 	C:\WINDOWS\SYSTEM32\kernel.appcore.dll
0x00007ffff45f0000 - 0x00007ffff45fa000 	C:\Program Files\Java\jdk-16.0.2\bin\jimage.dll
0x00007ffffebb0000 - 0x00007ffffed94000 	C:\WINDOWS\SYSTEM32\DBGHELP.DLL
0x00007ffffeb80000 - 0x00007ffffebac000 	C:\WINDOWS\SYSTEM32\dbgcore.DLL
0x00007ff800f60000 - 0x00007ff800fe2000 	C:\WINDOWS\System32\bcryptPrimitives.dll
0x00007fffe6320000 - 0x00007fffe6345000 	C:\Program Files\Java\jdk-16.0.2\bin\java.dll
0x00007ff8027e0000 - 0x00007ff802f24000 	C:\WINDOWS\System32\SHELL32.dll
0x00007fffff000000 - 0x00007fffff794000 	C:\WINDOWS\SYSTEM32\windows.storage.dll
0x00007ff8019f0000 - 0x00007ff801d44000 	C:\WINDOWS\System32\combase.dll
0x00007ff800990000 - 0x00007ff8009c0000 	C:\WINDOWS\SYSTEM32\Wldp.dll
0x00007ff8022b0000 - 0x00007ff80235d000 	C:\WINDOWS\System32\SHCORE.dll
0x00007ff801f20000 - 0x00007ff801f75000 	C:\WINDOWS\System32\shlwapi.dll
0x00007ff800e70000 - 0x00007ff800e8f000 	C:\WINDOWS\SYSTEM32\profapi.dll
0x00007fffe6300000 - 0x00007fffe6319000 	C:\Program Files\Java\jdk-16.0.2\bin\net.dll
0x00007fffeb9a0000 - 0x00007fffebaaa000 	C:\WINDOWS\SYSTEM32\WINHTTP.dll
0x00007ff8006f0000 - 0x00007ff80075a000 	C:\WINDOWS\system32\mswsock.dll
0x00007fffe0400000 - 0x00007fffe0413000 	C:\Program Files\Java\jdk-16.0.2\bin\nio.dll
0x00007fffdbce0000 - 0x00007fffdbcf8000 	C:\Program Files\Java\jdk-16.0.2\bin\zip.dll
0x00007fffef410000 - 0x00007fffef420000 	C:\Program Files\Java\jdk-16.0.2\bin\verify.dll
0x00007fffe6350000 - 0x00007fffe6377000 	C:\Users\ITECH\.gradle\native\e1d6ef7f7dcc3fd88c89a11ec53ec762bb8ba0a96d01ffa2cd45eb1d1d8dd5c5\windows-amd64\native-platform.dll
0x00007fffc4e30000 - 0x00007fffc4f74000 	C:\Users\ITECH\.gradle\native\5664cfc778a61ccfe75a443a1ab52a65af34e5dc3c78e0209fed803814484fcb\windows-amd64\native-platform-file-events.dll
0x00007fffeecd0000 - 0x00007fffeecd9000 	C:\Program Files\Java\jdk-16.0.2\bin\management.dll
0x00007fffe9870000 - 0x00007fffe987b000 	C:\Program Files\Java\jdk-16.0.2\bin\management_ext.dll
0x00007ff8008e0000 - 0x00007ff8008f8000 	C:\WINDOWS\SYSTEM32\CRYPTSP.dll
0x00007ff800000000 - 0x00007ff800034000 	C:\WINDOWS\system32\rsaenh.dll
0x00007ff800ff0000 - 0x00007ff801017000 	C:\WINDOWS\System32\bcrypt.dll
0x00007ff800df0000 - 0x00007ff800e1e000 	C:\WINDOWS\SYSTEM32\USERENV.dll
0x00007ff800900000 - 0x00007ff80090c000 	C:\WINDOWS\SYSTEM32\CRYPTBASE.dll
0x00007ff800390000 - 0x00007ff8003cb000 	C:\WINDOWS\SYSTEM32\IPHLPAPI.DLL
0x00007ff801870000 - 0x00007ff801878000 	C:\WINDOWS\System32\NSI.dll
0x00007ffff6270000 - 0x00007ffff6287000 	C:\WINDOWS\SYSTEM32\dhcpcsvc6.DLL
0x00007ffff6740000 - 0x00007ffff675d000 	C:\WINDOWS\SYSTEM32\dhcpcsvc.DLL
0x00007ff8003d0000 - 0x00007ff80049a000 	C:\WINDOWS\SYSTEM32\DNSAPI.dll
0x00007fffe9030000 - 0x00007fffe903e000 	C:\Program Files\Java\jdk-16.0.2\bin\sunmscapi.dll
0x00007ff8013f0000 - 0x00007ff801546000 	C:\WINDOWS\System32\CRYPT32.dll
0x00007ff800a00000 - 0x00007ff800a27000 	C:\WINDOWS\SYSTEM32\ncrypt.dll
0x00007ff8009c0000 - 0x00007ff8009fb000 	C:\WINDOWS\SYSTEM32\NTASN1.dll
0x00007fffd89b0000 - 0x00007fffd89b7000 	C:\WINDOWS\system32\wshunix.dll

dbghelp: loaded successfully - version: 4.0.5 - missing functions: none
symbol engine: initialized successfully - sym options: 0x614 - pdb path: .;C:\Program Files\Java\jdk-16.0.2\bin;C:\WINDOWS\SYSTEM32;C:\WINDOWS\WinSxS\amd64_microsoft.windows.common-controls_6595b64144ccf1df_6.0.19041.1110_none_60b5254171f9507e;C:\Program Files\Java\jdk-16.0.2\bin\server;C:\Users\ITECH\.gradle\native\e1d6ef7f7dcc3fd88c89a11ec53ec762bb8ba0a96d01ffa2cd45eb1d1d8dd5c5\windows-amd64;C:\Users\ITECH\.gradle\native\5664cfc778a61ccfe75a443a1ab52a65af34e5dc3c78e0209fed803814484fcb\windows-amd64

VM Arguments:
jvm_args: --add-opens=java.base/java.util=ALL-UNNAMED --add-opens=java.base/java.lang=ALL-UNNAMED --add-opens=java.base/java.lang.invoke=ALL-UNNAMED --add-opens=java.base/java.util=ALL-UNNAMED --add-opens=java.prefs/java.util.prefs=ALL-UNNAMED --add-opens=java.prefs/java.util.prefs=ALL-UNNAMED --add-opens=java.base/java.nio.charset=ALL-UNNAMED --add-opens=java.base/java.net=ALL-UNNAMED --add-opens=java.base/java.util.concurrent.atomic=ALL-UNNAMED -Xmx2048m -Dfile.encoding=UTF-8 -Duser.country=US -Duser.language=en -Duser.variant 
java_command: org.gradle.launcher.daemon.bootstrap.GradleDaemon 7.3.3
java_class_path (initial): C:\Users\ITECH\.gradle\wrapper\dists\gradle-7.3.3-bin\6a41zxkdtcxs8rphpq6y0069z\gradle-7.3.3\lib\gradle-launcher-7.3.3.jar
Launcher Type: SUN_STANDARD

[Global flags]
     intx CICompilerCount                          = 4                                         {product} {ergonomic}
     uint ConcGCThreads                            = 2                                         {product} {ergonomic}
     uint G1ConcRefinementThreads                  = 8                                         {product} {ergonomic}
   size_t G1HeapRegionSize                         = 1048576                                   {product} {ergonomic}
    uintx GCDrainStackTargetSize                   = 64                                        {product} {ergonomic}
   size_t InitialHeapSize                          = 132120576                                 {product} {ergonomic}
   size_t MarkStackSize                            = 4194304                                   {product} {ergonomic}
   size_t MaxHeapSize                              = 2147483648                                {product} {command line}
   size_t MaxNewSize                               = 1287651328                                {product} {ergonomic}
   size_t MinHeapDeltaBytes                        = 1048576                                   {product} {ergonomic}
   size_t MinHeapSize                              = 8388608                                   {product} {ergonomic}
    uintx NonNMethodCodeHeapSize                   = 5839372                                {pd product} {ergonomic}
    uintx NonProfiledCodeHeapSize                  = 122909434                              {pd product} {ergonomic}
    uintx ProfiledCodeHeapSize                     = 122909434                              {pd product} {ergonomic}
    uintx ReservedCodeCacheSize                    = 251658240                              {pd product} {ergonomic}
     bool SegmentedCodeCache                       = true                                      {product} {ergonomic}
   size_t SoftMaxHeapSize                          = 2147483648                             {manageable} {ergonomic}
     bool UseCompressedClassPointers               = true                           {product lp64_product} {ergonomic}
     bool UseCompressedOops                        = true                           {product lp64_product} {ergonomic}
     bool UseG1GC                                  = true                                      {product} {ergonomic}
     bool UseLargePagesIndividualAllocation        = false                                  {pd product} {ergonomic}

Logging:
Log output configuration:
 #0: stdout all=warning uptime,level,tags
 #1: stderr all=off uptime,level,tags

Environment Variables:
JAVA_HOME=C:\Program Files\Java\jdk-16.0.2
PATH=C:\Program Files\Python37\Scripts\;C:\Program Files\Python37\;C:\ProgramData\Oracle\Java\javapath;C:\app\ITECH\product\11.2.0\dbhome_1\bin;C:\Program Files\Common Files\Oracle\Java\javapath;C:\Program Files (x86)\Common Files\Oracle\Java\javapath;C:\WINDOWS\system32;C:\WINDOWS;C:\WINDOWS\System32\Wbem;C:\WINDOWS\System32\WindowsPowerShell\v1.0\;C:\WINDOWS\System32\OpenSSH\;C:\Program Files\Microsoft SQL Server\130\Tools\Binn\;C:\Program Files\Microsoft SQL Server\Client SDK\ODBC\170\Tools\Binn\;C:\Program Files\dotnet\;C:\Program Files\nodejs\;C:\Program Files\Java\jdk-16.0.2\bin;C:\Program Files\Git\cmd;C:\Program Files\Java\jdk-16.0.2\bin;
USERNAME=ITECH
OS=Windows_NT
PROCESSOR_IDENTIFIER=Intel64 Family 6 Model 126 Stepping 5, GenuineIntel



---------------  S Y S T E M  ---------------

OS:
 Windows 10 , 64 bit Build 19041 (10.0.19041.1889)
OS uptime: 0 days 14:43 hours

CPU: total 8 (initial active 8) (4 cores per cpu, 2 threads per core) family 6 model 126 stepping 5 microcode 0xb0, cx8, cmov, fxsr, ht, mmx, 3dnowpref, sse, sse2, sse3, ssse3, sse4.1, sse4.2, popcnt, lzcnt, tsc, tscinvbit, avx, avx2, aes, erms, clmul, bmi1, bmi2, adx, avx512f, avx512dq, avx512cd, avx512bw, avx512vl, sha, fma, vzeroupper, avx512_vpopcntdq, avx512_vpclmulqdq, avx512_vaes, avx512_vnni, clflush, clflushopt, avx512_vmbi2, avx512_vmbi

Memory: 4k page, system-wide physical 7959M (1151M free)
TotalPageFile size 7959M (AvailPageFile size 9M)
current process WorkingSet (physical memory assigned to process): 297M, peak: 300M
current process commit charge ("private bytes"): 341M, peak: 345M

vm_info: Java HotSpot(TM) 64-Bit Server VM (16.0.2+7-67) for windows-amd64 JRE (16.0.2+7-67), built on Jun  8 2021 23:24:19 by "mach5one" with MS VC++ 16.7 (VS2019)

END.
