#
# There is insufficient memory for the Java Runtime Environment to continue.
# Native memory allocation (malloc) failed to allocate 838256 bytes for Chunk::new
# Possible reasons:
#   The system is out of physical RAM or swap space
#   The process is running with CompressedOops enabled, and the Java Heap may be blocking the growth of the native heap
# Possible solutions:
#   Reduce memory load on the system
#   Increase physical memory or swap space
#   Check if swap backing store is full
#   Decrease Java heap size (-Xmx/-Xms)
#   Decrease number of Java threads
#   Decrease Java thread stack sizes (-Xss)
#   Set larger code cache with -XX:ReservedCodeCacheSize=
#   JVM is running with Unscaled Compressed Oops mode in which the Java heap is
#     placed in the first 4GB address space. The Java Heap base address is the
#     maximum limit for the native heap growth. Please use -XX:HeapBaseMinAddress
#     to set the Java Heap base and to place the Java Heap above 4GB virtual address.
# This output file may be truncated or incomplete.
#
#  Out of Memory Error (arena.cpp:195), pid=1488, tid=4804
#
# JRE version: Java(TM) SE Runtime Environment (16.0.2+7) (build 16.0.2+7-67)
# Java VM: Java HotSpot(TM) 64-Bit Server VM (16.0.2+7-67, mixed mode, sharing, tiered, compressed oops, compressed class ptrs, g1 gc, windows-amd64)
# No core dump will be written. Minidumps are not enabled by default on client versions of Windows
#

---------------  S U M M A R Y ------------

Command Line: --add-opens=java.base/java.util=ALL-UNNAMED --add-opens=java.base/java.lang=ALL-UNNAMED --add-opens=java.base/java.lang.invoke=ALL-UNNAMED --add-opens=java.base/java.util=ALL-UNNAMED --add-opens=java.prefs/java.util.prefs=ALL-UNNAMED --add-opens=java.prefs/java.util.prefs=ALL-UNNAMED --add-opens=java.base/java.nio.charset=ALL-UNNAMED --add-opens=java.base/java.net=ALL-UNNAMED --add-opens=java.base/java.util.concurrent.atomic=ALL-UNNAMED -Xmx2048m -Dfile.encoding=UTF-8 -Duser.country=US -Duser.language=en -Duser.variant org.gradle.launcher.daemon.bootstrap.GradleDaemon 7.3.3

Host: Intel(R) Core(TM) i7-1065G7 CPU @ 1.30GHz, 8 cores, 7G,  Windows 10 , 64 bit Build 19041 (10.0.19041.1889)
Time: Sat Aug 20 19:41:53 2022 Egypt Standard Time elapsed time: 10.899425 seconds (0d 0h 0m 10s)

---------------  T H R E A D  ---------------

Current thread (0x00000224653de890):  JavaThread "C2 CompilerThread2" daemon [_thread_in_native, id=4804, stack(0x000000a187000000,0x000000a187100000)]


Current CompileTask:
C2:  10899 9912       4       com.android.ide.common.resources.NodeUtils::updateNamespace (161 bytes)

Stack: [0x000000a187000000,0x000000a187100000]
Native frames: (J=compiled Java code, j=interpreted, Vv=VM code, C=native code)
V  [jvm.dll+0x6681ca]
V  [jvm.dll+0x7c9e69]
V  [jvm.dll+0x7cb61e]
V  [jvm.dll+0x7cbc73]
V  [jvm.dll+0x242c55]
V  [jvm.dll+0xadeba]
V  [jvm.dll+0xae45c]
V  [jvm.dll+0x35a882]
V  [jvm.dll+0x1b9cc1]
V  [jvm.dll+0x215e16]
V  [jvm.dll+0x215100]
V  [jvm.dll+0x1a1beb]
V  [jvm.dll+0x225158]
V  [jvm.dll+0x22319c]
V  [jvm.dll+0x77fa62]
V  [jvm.dll+0x7795aa]
V  [jvm.dll+0x667066]
C  [ucrtbase.dll+0x21bb2]
C  [KERNEL32.DLL+0x17034]
C  [ntdll.dll+0x52651]


---------------  P R O C E S S  ---------------

Threads class SMR info:
_java_thread_list=0x00000224646d66c0, length=138, elements={
0x000002244307c850, 0x00000224611264a0, 0x00000224611277c0, 0x00000224611326b0,
0x00000224611350e0, 0x0000022461139a10, 0x000002246113a320, 0x000002246113ec70,
0x00000224611415e0, 0x0000022461143f40, 0x0000022461cd6a30, 0x0000022461cd7f60,
0x0000022461d5a7e0, 0x00000224640da7c0, 0x0000022463a5f2b0, 0x0000022464a3aef0,
0x0000022463668840, 0x0000022463815030, 0x0000022463814040, 0x0000022463812060,
0x00000224638125b0, 0x0000022463814590, 0x00000224638135a0, 0x0000022463813af0,
0x0000022463814ae0, 0x0000022463815580, 0x00000224653de890, 0x0000022463812b00,
0x0000022464d9bb90, 0x0000022464da0b40, 0x0000022464d9db70, 0x0000022464da1090,
0x0000022464da15e0, 0x0000022464da05f0, 0x0000022464d9d620, 0x0000022464d9d0d0,
0x0000022464d9e0c0, 0x0000022464d99bb0, 0x0000022464d9cb80, 0x0000022464d9a650,
0x0000022464d9f0b0, 0x0000022464da00a0, 0x0000022464d9e610, 0x0000022464d9c630,
0x0000022464d9fb50, 0x0000022464d9c0e0, 0x0000022464d9eb60, 0x0000022464d9f600,
0x0000022467617c30, 0x0000022467618c20, 0x0000022467615700, 0x0000022467619170,
0x00000224676166f0, 0x00000224676141c0, 0x00000224676196c0, 0x0000022467614710,
0x0000022467616c40, 0x0000022467612730, 0x00000224676176e0, 0x0000022467619c10,
0x0000022467614c60, 0x000002246761a160, 0x0000022467615c50, 0x0000022467618180,
0x00000224676151b0, 0x00000224676161a0, 0x0000022467617190, 0x00000224676186d0,
0x0000022467612c80, 0x00000224676131d0, 0x0000022467613720, 0x0000022467613c70,
0x0000022465358900, 0x00000224653598f0, 0x00000224653583b0, 0x0000022465359e40,
0x00000224653593a0, 0x0000022465357e60, 0x0000022465356920, 0x0000022465358e50,
0x0000022465356e70, 0x00000224653573c0, 0x0000022465357910, 0x0000022466f6f8d0,
0x0000022466f6fe20, 0x0000022466f6ee30, 0x0000022466f6c3b0, 0x0000022466f6d8f0,
0x0000022466f708c0, 0x0000022466f6de40, 0x0000022466f72350, 0x0000022466f6c900,
0x0000022466f70e10, 0x0000022466f6e390, 0x0000022466f6ce50, 0x0000022466f728a0,
0x0000022466f6f380, 0x0000022466f71360, 0x0000022466f6d3a0, 0x0000022466f70370,
0x0000022466f718b0, 0x0000022466f6e8e0, 0x0000022466f71e00, 0x0000022466f72df0,
0x0000022466f73340, 0x0000022466f6b910, 0x0000022466f6be60, 0x0000022466f763e0,
0x0000022466f78e60, 0x0000022466f783c0, 0x0000022466f78910, 0x0000022466f7c8d0,
0x0000022466f7b390, 0x0000022466f793b0, 0x0000022466f79900, 0x0000022466f76930,
0x0000022466f7ae40, 0x0000022466f76e80, 0x0000022466f7b8e0, 0x0000022466f773d0,
0x0000022466f79e50, 0x0000022466f7be30, 0x0000022466f7a3a0, 0x0000022466f7c380,
0x0000022466f77920, 0x0000022466f7a8f0, 0x0000022466f75940, 0x0000022466f77e70,
0x00000224686b0390, 0x00000224686b2e10, 0x00000224686ad3c0, 0x00000224686b08e0,
0x00000224686ae3b0, 0x00000224686af8f0, 0x00000224686ab3e0, 0x00000224686b28c0,
0x00000224686afe40, 0x00000224686b0e30
}

Java Threads: ( => current thread )
  0x000002244307c850 JavaThread "main" [_thread_blocked, id=5732, stack(0x000000a184b00000,0x000000a184c00000)]
  0x00000224611264a0 JavaThread "Reference Handler" daemon [_thread_blocked, id=10416, stack(0x000000a185200000,0x000000a185300000)]
  0x00000224611277c0 JavaThread "Finalizer" daemon [_thread_blocked, id=4888, stack(0x000000a185300000,0x000000a185400000)]
  0x00000224611326b0 JavaThread "Signal Dispatcher" daemon [_thread_blocked, id=11704, stack(0x000000a185400000,0x000000a185500000)]
  0x00000224611350e0 JavaThread "Attach Listener" daemon [_thread_blocked, id=11132, stack(0x000000a185500000,0x000000a185600000)]
  0x0000022461139a10 JavaThread "Service Thread" daemon [_thread_blocked, id=10880, stack(0x000000a185600000,0x000000a185700000)]
  0x000002246113a320 JavaThread "Monitor Deflation Thread" daemon [_thread_blocked, id=11464, stack(0x000000a185700000,0x000000a185800000)]
  0x000002246113ec70 JavaThread "C2 CompilerThread0" daemon [_thread_in_native, id=5484, stack(0x000000a185800000,0x000000a185900000)]
  0x00000224611415e0 JavaThread "C1 CompilerThread0" daemon [_thread_in_native, id=1140, stack(0x000000a185900000,0x000000a185a00000)]
  0x0000022461143f40 JavaThread "Sweeper thread" daemon [_thread_blocked, id=3204, stack(0x000000a185a00000,0x000000a185b00000)]
  0x0000022461cd6a30 JavaThread "Common-Cleaner" daemon [_thread_blocked, id=7140, stack(0x000000a185b00000,0x000000a185c00000)]
  0x0000022461cd7f60 JavaThread "Notification Thread" daemon [_thread_blocked, id=12980, stack(0x000000a185c00000,0x000000a185d00000)]
  0x0000022461d5a7e0 JavaThread "C2 CompilerThread1" daemon [_thread_in_native, id=6844, stack(0x000000a185e00000,0x000000a185f00000)]
  0x00000224640da7c0 JavaThread "Daemon health stats" [_thread_blocked, id=7128, stack(0x000000a186400000,0x000000a186500000)]
  0x0000022463a5f2b0 JavaThread "Incoming local TCP Connector on port 64405" [_thread_in_native, id=12916, stack(0x000000a186500000,0x000000a186600000)]
  0x0000022464a3aef0 JavaThread "Daemon periodic checks" [_thread_blocked, id=11172, stack(0x000000a186600000,0x000000a186700000)]
  0x0000022463668840 JavaThread "Daemon" [_thread_blocked, id=2240, stack(0x000000a186700000,0x000000a186800000)]
  0x0000022463815030 JavaThread "Handler for socket connection from /127.0.0.1:64405 to /127.0.0.1:64406" [_thread_in_native, id=6060, stack(0x000000a186800000,0x000000a186900000)]
  0x0000022463814040 JavaThread "Cancel handler" [_thread_blocked, id=10080, stack(0x000000a186900000,0x000000a186a00000)]
  0x0000022463812060 JavaThread "Daemon worker" [_thread_blocked, id=9936, stack(0x000000a186a00000,0x000000a186b00000)]
  0x00000224638125b0 JavaThread "Asynchronous log dispatcher for DefaultDaemonConnection: socket connection from /127.0.0.1:64405 to /127.0.0.1:64406" [_thread_blocked, id=12600, stack(0x000000a186b00000,0x000000a186c00000)]
  0x0000022463814590 JavaThread "Stdin handler" [_thread_blocked, id=1880, stack(0x000000a186c00000,0x000000a186d00000)]
  0x00000224638135a0 JavaThread "Daemon client event forwarder" [_thread_blocked, id=2340, stack(0x000000a186d00000,0x000000a186e00000)]
  0x0000022463813af0 JavaThread "Cache worker for journal cache (C:\Users\ITECH\.gradle\caches\journal-1)" [_thread_blocked, id=9352, stack(0x000000a186e00000,0x000000a186f00000)]
  0x0000022463814ae0 JavaThread "File lock request listener" [_thread_in_native, id=11312, stack(0x000000a186300000,0x000000a186400000)]
  0x0000022463815580 JavaThread "Cache worker for file hash cache (C:\Users\ITECH\.gradle\caches\7.3.3\fileHashes)" [_thread_blocked, id=6720, stack(0x000000a186f00000,0x000000a187000000)]
=>0x00000224653de890 JavaThread "C2 CompilerThread2" daemon [_thread_in_native, id=4804, stack(0x000000a187000000,0x000000a187100000)]
  0x0000022463812b00 JavaThread "Cache worker for file hash cache (C:\Users\ITECH\AndroidStudioProjects\yummy\.gradle\7.3.3\fileHashes)" [_thread_blocked, id=7504, stack(0x000000a187100000,0x000000a187200000)]
  0x0000022464d9bb90 JavaThread "File watcher server" daemon [_thread_in_native, id=7412, stack(0x000000a187500000,0x000000a187600000)]
  0x0000022464da0b40 JavaThread "File watcher consumer" daemon [_thread_blocked, id=9920, stack(0x000000a187600000,0x000000a187700000)]
  0x0000022464d9db70 JavaThread "Cache worker for checksums cache (C:\Users\ITECH\AndroidStudioProjects\yummy\.gradle\7.3.3\checksums)" [_thread_blocked, id=13076, stack(0x000000a187700000,0x000000a187800000)]
  0x0000022464da1090 JavaThread "Cache worker for cache directory md-supplier (C:\Users\ITECH\.gradle\caches\7.3.3\md-supplier)" [_thread_blocked, id=3448, stack(0x000000a187800000,0x000000a187900000)]
  0x0000022464da15e0 JavaThread "Cache worker for cache directory md-rule (C:\Users\ITECH\.gradle\caches\7.3.3\md-rule)" [_thread_blocked, id=3332, stack(0x000000a187900000,0x000000a187a00000)]
  0x0000022464da05f0 JavaThread "Cache worker for execution history cache (C:\Users\ITECH\.gradle\caches\7.3.3\executionHistory)" [_thread_blocked, id=9328, stack(0x000000a187b00000,0x000000a187c00000)]
  0x0000022464d9d620 JavaThread "jar transforms" [_thread_blocked, id=13104, stack(0x000000a187c00000,0x000000a187d00000)]
  0x0000022464d9d0d0 JavaThread "Cache worker for file content cache (C:\Users\ITECH\.gradle\caches\7.3.3\fileContent)" [_thread_blocked, id=10832, stack(0x000000a187d00000,0x000000a187e00000)]
  0x0000022464d9e0c0 JavaThread "jar transforms Thread 2" [_thread_blocked, id=10664, stack(0x000000a187e00000,0x000000a187f00000)]
  0x0000022464d99bb0 JavaThread "Cache worker for dependencies-accessors (C:\Users\ITECH\AndroidStudioProjects\yummy\.gradle\7.3.3\dependencies-accessors)" [_thread_blocked, id=2908, stack(0x000000a187f00000,0x000000a188000000)]
  0x0000022464d9cb80 JavaThread "jar transforms Thread 3" [_thread_blocked, id=11428, stack(0x000000a188000000,0x000000a188100000)]
  0x0000022464d9a650 JavaThread "Cache worker for Build Output Cleanup Cache (C:\Users\ITECH\AndroidStudioProjects\yummy\.gradle\buildOutputCleanup)" [_thread_blocked, id=10876, stack(0x000000a188100000,0x000000a188200000)]
  0x0000022464d9f0b0 JavaThread "Unconstrained build operations" [_thread_blocked, id=13256, stack(0x000000a188200000,0x000000a188300000)]
  0x0000022464da00a0 JavaThread "Unconstrained build operations Thread 2" [_thread_blocked, id=11424, stack(0x000000a188300000,0x000000a188400000)]
  0x0000022464d9e610 JavaThread "Unconstrained build operations Thread 3" [_thread_blocked, id=12164, stack(0x000000a188400000,0x000000a188500000)]
  0x0000022464d9c630 JavaThread "Unconstrained build operations Thread 4" [_thread_blocked, id=2852, stack(0x000000a188500000,0x000000a188600000)]
  0x0000022464d9fb50 JavaThread "Unconstrained build operations Thread 5" [_thread_blocked, id=9648, stack(0x000000a188600000,0x000000a188700000)]
  0x0000022464d9c0e0 JavaThread "Unconstrained build operations Thread 6" [_thread_blocked, id=5548, stack(0x000000a188700000,0x000000a188800000)]
  0x0000022464d9eb60 JavaThread "Unconstrained build operations Thread 7" [_thread_blocked, id=1532, stack(0x000000a188800000,0x000000a188900000)]
  0x0000022464d9f600 JavaThread "Unconstrained build operations Thread 8" [_thread_blocked, id=13172, stack(0x000000a188900000,0x000000a188a00000)]
  0x0000022467617c30 JavaThread "Unconstrained build operations Thread 9" [_thread_blocked, id=11520, stack(0x000000a188a00000,0x000000a188b00000)]
  0x0000022467618c20 JavaThread "Unconstrained build operations Thread 10" [_thread_blocked, id=3876, stack(0x000000a188b00000,0x000000a188c00000)]
  0x0000022467615700 JavaThread "Unconstrained build operations Thread 11" [_thread_blocked, id=6240, stack(0x000000a188c00000,0x000000a188d00000)]
  0x0000022467619170 JavaThread "Unconstrained build operations Thread 12" [_thread_blocked, id=8316, stack(0x000000a188d00000,0x000000a188e00000)]
  0x00000224676166f0 JavaThread "Unconstrained build operations Thread 13" [_thread_blocked, id=11140, stack(0x000000a188e00000,0x000000a188f00000)]
  0x00000224676141c0 JavaThread "Unconstrained build operations Thread 14" [_thread_blocked, id=6328, stack(0x000000a188f00000,0x000000a189000000)]
  0x00000224676196c0 JavaThread "Unconstrained build operations Thread 15" [_thread_blocked, id=12840, stack(0x000000a189000000,0x000000a189100000)]
  0x0000022467614710 JavaThread "Unconstrained build operations Thread 16" [_thread_blocked, id=11872, stack(0x000000a189100000,0x000000a189200000)]
  0x0000022467616c40 JavaThread "Unconstrained build operations Thread 17" [_thread_blocked, id=952, stack(0x000000a189200000,0x000000a189300000)]
  0x0000022467612730 JavaThread "Unconstrained build operations Thread 18" [_thread_blocked, id=4620, stack(0x000000a189300000,0x000000a189400000)]
  0x00000224676176e0 JavaThread "Unconstrained build operations Thread 19" [_thread_blocked, id=10760, stack(0x000000a189400000,0x000000a189500000)]
  0x0000022467619c10 JavaThread "Unconstrained build operations Thread 20" [_thread_blocked, id=11460, stack(0x000000a189500000,0x000000a189600000)]
  0x0000022467614c60 JavaThread "Unconstrained build operations Thread 21" [_thread_blocked, id=8972, stack(0x000000a189600000,0x000000a189700000)]
  0x000002246761a160 JavaThread "Unconstrained build operations Thread 22" [_thread_blocked, id=3512, stack(0x000000a189700000,0x000000a189800000)]
  0x0000022467615c50 JavaThread "Unconstrained build operations Thread 23" [_thread_blocked, id=512, stack(0x000000a189800000,0x000000a189900000)]
  0x0000022467618180 JavaThread "Unconstrained build operations Thread 24" [_thread_blocked, id=10480, stack(0x000000a189900000,0x000000a189a00000)]
  0x00000224676151b0 JavaThread "Unconstrained build operations Thread 25" [_thread_blocked, id=4168, stack(0x000000a189a00000,0x000000a189b00000)]
  0x00000224676161a0 JavaThread "Unconstrained build operations Thread 26" [_thread_blocked, id=9084, stack(0x000000a189b00000,0x000000a189c00000)]
  0x0000022467617190 JavaThread "Unconstrained build operations Thread 27" [_thread_blocked, id=8984, stack(0x000000a189c00000,0x000000a189d00000)]
  0x00000224676186d0 JavaThread "Unconstrained build operations Thread 28" [_thread_blocked, id=4160, stack(0x000000a189d00000,0x000000a189e00000)]
  0x0000022467612c80 JavaThread "Unconstrained build operations Thread 29" [_thread_blocked, id=11876, stack(0x000000a189e00000,0x000000a189f00000)]
  0x00000224676131d0 JavaThread "Unconstrained build operations Thread 30" [_thread_blocked, id=10692, stack(0x000000a189f00000,0x000000a18a000000)]
  0x0000022467613720 JavaThread "Unconstrained build operations Thread 31" [_thread_blocked, id=2968, stack(0x000000a18a000000,0x000000a18a100000)]
  0x0000022467613c70 JavaThread "Unconstrained build operations Thread 32" [_thread_blocked, id=10548, stack(0x000000a18a100000,0x000000a18a200000)]
  0x0000022465358900 JavaThread "Unconstrained build operations Thread 33" [_thread_blocked, id=2504, stack(0x000000a18a200000,0x000000a18a300000)]
  0x00000224653598f0 JavaThread "Unconstrained build operations Thread 34" [_thread_blocked, id=8368, stack(0x000000a18a300000,0x000000a18a400000)]
  0x00000224653583b0 JavaThread "Unconstrained build operations Thread 35" [_thread_blocked, id=4796, stack(0x000000a18a400000,0x000000a18a500000)]
  0x0000022465359e40 JavaThread "Unconstrained build operations Thread 36" [_thread_blocked, id=13224, stack(0x000000a18a500000,0x000000a18a600000)]
  0x00000224653593a0 JavaThread "Unconstrained build operations Thread 37" [_thread_blocked, id=12400, stack(0x000000a18a600000,0x000000a18a700000)]
  0x0000022465357e60 JavaThread "Unconstrained build operations Thread 38" [_thread_blocked, id=5228, stack(0x000000a18a700000,0x000000a18a800000)]
  0x0000022465356920 JavaThread "Unconstrained build operations Thread 39" [_thread_blocked, id=7300, stack(0x000000a18a800000,0x000000a18a900000)]
  0x0000022465358e50 JavaThread "Unconstrained build operations Thread 40" [_thread_blocked, id=3924, stack(0x000000a18a900000,0x000000a18aa00000)]
  0x0000022465356e70 JavaThread "Unconstrained build operations Thread 41" [_thread_blocked, id=5348, stack(0x000000a18aa00000,0x000000a18ab00000)]
  0x00000224653573c0 JavaThread "Unconstrained build operations Thread 42" [_thread_blocked, id=13252, stack(0x000000a18ab00000,0x000000a18ac00000)]
  0x0000022465357910 JavaThread "Unconstrained build operations Thread 43" [_thread_blocked, id=7332, stack(0x000000a18ac00000,0x000000a18ad00000)]
  0x0000022466f6f8d0 JavaThread "Unconstrained build operations Thread 44" [_thread_blocked, id=11160, stack(0x000000a18ad00000,0x000000a18ae00000)]
  0x0000022466f6fe20 JavaThread "Unconstrained build operations Thread 45" [_thread_blocked, id=6324, stack(0x000000a18ae00000,0x000000a18af00000)]
  0x0000022466f6ee30 JavaThread "Unconstrained build operations Thread 46" [_thread_blocked, id=4084, stack(0x000000a18af00000,0x000000a18b000000)]
  0x0000022466f6c3b0 JavaThread "Unconstrained build operations Thread 47" [_thread_blocked, id=7852, stack(0x000000a18b000000,0x000000a18b100000)]
  0x0000022466f6d8f0 JavaThread "Unconstrained build operations Thread 48" [_thread_blocked, id=11680, stack(0x000000a18b100000,0x000000a18b200000)]
  0x0000022466f708c0 JavaThread "Unconstrained build operations Thread 49" [_thread_blocked, id=11700, stack(0x000000a18b200000,0x000000a18b300000)]
  0x0000022466f6de40 JavaThread "Unconstrained build operations Thread 50" [_thread_blocked, id=1244, stack(0x000000a18b300000,0x000000a18b400000)]
  0x0000022466f72350 JavaThread "Unconstrained build operations Thread 51" [_thread_blocked, id=10804, stack(0x000000a18b400000,0x000000a18b500000)]
  0x0000022466f6c900 JavaThread "Unconstrained build operations Thread 52" [_thread_blocked, id=9568, stack(0x000000a18b500000,0x000000a18b600000)]
  0x0000022466f70e10 JavaThread "Unconstrained build operations Thread 53" [_thread_blocked, id=3960, stack(0x000000a18b600000,0x000000a18b700000)]
  0x0000022466f6e390 JavaThread "Unconstrained build operations Thread 54" [_thread_blocked, id=4048, stack(0x000000a18b700000,0x000000a18b800000)]
  0x0000022466f6ce50 JavaThread "Unconstrained build operations Thread 55" [_thread_blocked, id=11080, stack(0x000000a18b800000,0x000000a18b900000)]
  0x0000022466f728a0 JavaThread "Unconstrained build operations Thread 56" [_thread_blocked, id=9256, stack(0x000000a18b900000,0x000000a18ba00000)]
  0x0000022466f6f380 JavaThread "Unconstrained build operations Thread 57" [_thread_blocked, id=7328, stack(0x000000a18ba00000,0x000000a18bb00000)]
  0x0000022466f71360 JavaThread "Unconstrained build operations Thread 58" [_thread_blocked, id=7712, stack(0x000000a18bb00000,0x000000a18bc00000)]
  0x0000022466f6d3a0 JavaThread "Unconstrained build operations Thread 59" [_thread_blocked, id=13308, stack(0x000000a18bc00000,0x000000a18bd00000)]
  0x0000022466f70370 JavaThread "Unconstrained build operations Thread 60" [_thread_blocked, id=10888, stack(0x000000a18bd00000,0x000000a18be00000)]
  0x0000022466f718b0 JavaThread "Unconstrained build operations Thread 61" [_thread_blocked, id=13084, stack(0x000000a18be00000,0x000000a18bf00000)]
  0x0000022466f6e8e0 JavaThread "Unconstrained build operations Thread 62" [_thread_blocked, id=11340, stack(0x000000a18bf00000,0x000000a18c000000)]
  0x0000022466f71e00 JavaThread "Unconstrained build operations Thread 63" [_thread_blocked, id=9764, stack(0x000000a18c000000,0x000000a18c100000)]
  0x0000022466f72df0 JavaThread "Unconstrained build operations Thread 64" [_thread_blocked, id=12160, stack(0x000000a18c100000,0x000000a18c200000)]
  0x0000022466f73340 JavaThread "Unconstrained build operations Thread 65" [_thread_blocked, id=9736, stack(0x000000a18c200000,0x000000a18c300000)]
  0x0000022466f6b910 JavaThread "Unconstrained build operations Thread 66" [_thread_blocked, id=6284, stack(0x000000a18c300000,0x000000a18c400000)]
  0x0000022466f6be60 JavaThread "Unconstrained build operations Thread 67" [_thread_blocked, id=11332, stack(0x000000a18c400000,0x000000a18c500000)]
  0x0000022466f763e0 JavaThread "Unconstrained build operations Thread 68" [_thread_blocked, id=9768, stack(0x000000a18c500000,0x000000a18c600000)]
  0x0000022466f78e60 JavaThread "Unconstrained build operations Thread 69" [_thread_blocked, id=5468, stack(0x000000a18c600000,0x000000a18c700000)]
  0x0000022466f783c0 JavaThread "Unconstrained build operations Thread 70" [_thread_blocked, id=8756, stack(0x000000a18c700000,0x000000a18c800000)]
  0x0000022466f78910 JavaThread "Unconstrained build operations Thread 71" [_thread_blocked, id=8472, stack(0x000000a18c800000,0x000000a18c900000)]
  0x0000022466f7c8d0 JavaThread "Unconstrained build operations Thread 72" [_thread_blocked, id=8640, stack(0x000000a18c900000,0x000000a18ca00000)]
  0x0000022466f7b390 JavaThread "Unconstrained build operations Thread 73" [_thread_blocked, id=5028, stack(0x000000a18ca00000,0x000000a18cb00000)]
  0x0000022466f793b0 JavaThread "Unconstrained build operations Thread 74" [_thread_blocked, id=10188, stack(0x000000a18cb00000,0x000000a18cc00000)]
  0x0000022466f79900 JavaThread "Unconstrained build operations Thread 75" [_thread_blocked, id=5280, stack(0x000000a18cc00000,0x000000a18cd00000)]
  0x0000022466f76930 JavaThread "Unconstrained build operations Thread 76" [_thread_blocked, id=11804, stack(0x000000a18cd00000,0x000000a18ce00000)]
  0x0000022466f7ae40 JavaThread "Unconstrained build operations Thread 77" [_thread_blocked, id=10720, stack(0x000000a18ce00000,0x000000a18cf00000)]
  0x0000022466f76e80 JavaThread "Unconstrained build operations Thread 78" [_thread_blocked, id=5476, stack(0x000000a18cf00000,0x000000a18d000000)]
  0x0000022466f7b8e0 JavaThread "Unconstrained build operations Thread 79" [_thread_blocked, id=12404, stack(0x000000a18d000000,0x000000a18d100000)]
  0x0000022466f773d0 JavaThread "Unconstrained build operations Thread 80" [_thread_blocked, id=2480, stack(0x000000a18d100000,0x000000a18d200000)]
  0x0000022466f79e50 JavaThread "jar transforms Thread 4" [_thread_blocked, id=4452, stack(0x000000a18d200000,0x000000a18d300000)]
  0x0000022466f7be30 JavaThread "jar transforms Thread 5" [_thread_blocked, id=6884, stack(0x000000a18d300000,0x000000a18d400000)]
  0x0000022466f7a3a0 JavaThread "jar transforms Thread 6" [_thread_blocked, id=11692, stack(0x000000a18d400000,0x000000a18d500000)]
  0x0000022466f7c380 JavaThread "jar transforms Thread 7" [_thread_blocked, id=10640, stack(0x000000a18d500000,0x000000a18d600000)]
  0x0000022466f77920 JavaThread "jar transforms Thread 8" [_thread_blocked, id=11564, stack(0x000000a18d600000,0x000000a18d700000)]
  0x0000022466f7a8f0 JavaThread "Memory manager" [_thread_blocked, id=2980, stack(0x000000a18d700000,0x000000a18d800000)]
  0x0000022466f75940 JavaThread "build event listener" [_thread_blocked, id=12588, stack(0x000000a18d800000,0x000000a18d900000)]
  0x0000022466f77e70 JavaThread "pool-3-thread-1" [_thread_blocked, id=756, stack(0x000000a18d900000,0x000000a18da00000)]
  0x00000224686b0390 JavaThread "build event listener" [_thread_blocked, id=3688, stack(0x000000a18da00000,0x000000a18db00000)]
  0x00000224686b2e10 JavaThread "Execution worker for ':'" [_thread_blocked, id=4916, stack(0x000000a18db00000,0x000000a18dc00000)]
  0x00000224686ad3c0 JavaThread "Execution worker for ':' Thread 2" [_thread_blocked, id=12004, stack(0x000000a18dc00000,0x000000a18dd00000)]
  0x00000224686b08e0 JavaThread "Execution worker for ':' Thread 3" [_thread_blocked, id=5108, stack(0x000000a18dd00000,0x000000a18de00000)]
  0x00000224686ae3b0 JavaThread "Execution worker for ':' Thread 4" [_thread_in_vm, id=2904, stack(0x000000a18de00000,0x000000a18df00000)]
  0x00000224686af8f0 JavaThread "Execution worker for ':' Thread 5" [_thread_blocked, id=6000, stack(0x000000a18df00000,0x000000a18e000000)]
  0x00000224686ab3e0 JavaThread "Execution worker for ':' Thread 6" [_thread_blocked, id=3548, stack(0x000000a18e000000,0x000000a18e100000)]
  0x00000224686b28c0 JavaThread "Execution worker for ':' Thread 7" [_thread_blocked, id=6736, stack(0x000000a18e100000,0x000000a18e200000)]
  0x00000224686afe40 JavaThread "Cache worker for execution history cache (C:\Users\ITECH\AndroidStudioProjects\yummy\.gradle\7.3.3\executionHistory)" [_thread_blocked, id=6772, stack(0x000000a18e200000,0x000000a18e300000)]
  0x00000224686b0e30 JavaThread "WorkerExecutor Queue" [_thread_in_vm, id=6984, stack(0x000000a18e700000,0x000000a18e800000)]

Other Threads:
  0x0000022461122aa0 VMThread "VM Thread" [stack: 0x000000a185100000,0x000000a185200000] [id=8400]
  0x0000022461cd8480 WatcherThread [stack: 0x000000a185d00000,0x000000a185e00000] [id=84]
  0x00000224430bb080 GCTaskThread "GC Thread#0" [stack: 0x000000a184c00000,0x000000a184d00000] [id=4860]
  0x000002246273cd50 GCTaskThread "GC Thread#1" [stack: 0x000000a185f00000,0x000000a186000000] [id=6392]
  0x00000224629ac660 GCTaskThread "GC Thread#2" [stack: 0x000000a186000000,0x000000a186100000] [id=8584]
  0x000002246275de50 GCTaskThread "GC Thread#3" [stack: 0x000000a186100000,0x000000a186200000] [id=6748]
  0x0000022462735180 GCTaskThread "GC Thread#4" [stack: 0x000000a186200000,0x000000a186300000] [id=4808]
  0x00000224637588b0 GCTaskThread "GC Thread#5" [stack: 0x000000a187200000,0x000000a187300000] [id=6872]
  0x000002246375ec10 GCTaskThread "GC Thread#6" [stack: 0x000000a187300000,0x000000a187400000] [id=6824]
  0x000002246576d5c0 GCTaskThread "GC Thread#7" [stack: 0x000000a187400000,0x000000a187500000] [id=3936]
  0x00000224430cd0e0 ConcurrentGCThread "G1 Main Marker" [stack: 0x000000a184d00000,0x000000a184e00000] [id=12268]
  0x00000224430cdae0 ConcurrentGCThread "G1 Conc#0" [stack: 0x000000a184e00000,0x000000a184f00000] [id=4064]
  0x000002246576e200 ConcurrentGCThread "G1 Conc#1" [stack: 0x000000a187a00000,0x000000a187b00000] [id=5524]
  0x0000022460fd20b0 ConcurrentGCThread "G1 Refine#0" [stack: 0x000000a184f00000,0x000000a185000000] [id=12296]
  0x0000022464a5fb10 ConcurrentGCThread "G1 Refine#1" [stack: 0x000000a18e300000,0x000000a18e400000] [id=1588]
  0x0000022468391de0 ConcurrentGCThread "G1 Refine#2" [stack: 0x000000a18e400000,0x000000a18e500000] [id=9892]
  0x0000022468391420 ConcurrentGCThread "G1 Refine#3" [stack: 0x000000a18e500000,0x000000a18e600000] [id=10776]
  0x00000224683927a0 ConcurrentGCThread "G1 Refine#4" [stack: 0x000000a18e600000,0x000000a18e700000] [id=12700]
  0x0000022460fd2ac0 ConcurrentGCThread "G1 Service" [stack: 0x000000a185000000,0x000000a185100000] [id=4964]

Threads with active compile tasks:
C2 CompilerThread0    10944 9949       4       com.android.utils.XmlUtils::append (645 bytes)
C2 CompilerThread1    10944 9934 %     4       com.android.utils.XmlUtils::toXmlTextValue @ 7 (65 bytes)
C2 CompilerThread2    10945 9912       4       com.android.ide.common.resources.NodeUtils::updateNamespace (161 bytes)

VM state: not at safepoint (normal execution)

VM Mutex/Monitor currently owned by a thread: None

Heap address: 0x0000000080000000, size: 2048 MB, Compressed Oops mode: 32-bit

CDS archive(s) mapped at: [0x0000000800000000-0x0000000800bb0000-0x0000000800bb0000), size 12255232, SharedBaseAddress: 0x0000000800000000, ArchiveRelocationMode: 0.
Compressed class space mapped at: 0x0000000800c00000-0x0000000840c00000, reserved size: 1073741824
Narrow klass base: 0x0000000800000000, Narrow klass shift: 3, Narrow klass range: 0x100000000

GC Precious Log:
 CPUs: 8 total, 8 available
 Memory: 7959M
 Large Page Support: Disabled
 NUMA Support: Disabled
 Compressed Oops: Enabled (32-bit)
 Heap Region Size: 1M
 Heap Min Capacity: 8M
 Heap Initial Capacity: 126M
 Heap Max Capacity: 2G
 Pre-touch: Disabled
 Parallel Workers: 8
 Concurrent Workers: 2
 Concurrent Refinement Workers: 8
 Periodic GC: Disabled

Heap:
 garbage-first heap   total 188416K, used 114776K [0x0000000080000000, 0x0000000100000000)
  region size 1024K, 9 young (9216K), 2 survivors (2048K)
 Metaspace       used 76089K, committed 76672K, reserved 1122304K
  class space    used 10232K, committed 10496K, reserved 1048576K

Heap Regions: E=young(eden), S=young(survivor), O=old, HS=humongous(starts), HC=humongous(continues), CS=collection set, F=free, OA=open archive, CA=closed archive, TAMS=top-at-mark-start (previous, next)
|   0|0x0000000080000000, 0x0000000080100000, 0x0000000080100000|100%| O|  |TAMS 0x0000000080100000, 0x0000000080000000| Untracked 
|   1|0x0000000080100000, 0x0000000080200000, 0x0000000080200000|100%| O|  |TAMS 0x0000000080200000, 0x0000000080100000| Untracked 
|   2|0x0000000080200000, 0x0000000080300000, 0x0000000080300000|100%| O|  |TAMS 0x0000000080300000, 0x0000000080200000| Untracked 
|   3|0x0000000080300000, 0x0000000080400000, 0x0000000080400000|100%|HS|  |TAMS 0x0000000080400000, 0x0000000080300000| Complete 
|   4|0x0000000080400000, 0x0000000080500000, 0x0000000080500000|100%|HC|  |TAMS 0x0000000080500000, 0x0000000080400000| Complete 
|   5|0x0000000080500000, 0x0000000080600000, 0x0000000080600000|100%|HC|  |TAMS 0x0000000080600000, 0x0000000080500000| Complete 
|   6|0x0000000080600000, 0x0000000080700000, 0x0000000080700000|100%| O|  |TAMS 0x0000000080700000, 0x0000000080600000| Untracked 
|   7|0x0000000080700000, 0x0000000080800000, 0x0000000080800000|100%| O|  |TAMS 0x0000000080800000, 0x0000000080700000| Untracked 
|   8|0x0000000080800000, 0x0000000080900000, 0x0000000080900000|100%| O|  |TAMS 0x0000000080900000, 0x0000000080800000| Untracked 
|   9|0x0000000080900000, 0x0000000080a00000, 0x0000000080a00000|100%| O|  |TAMS 0x0000000080a00000, 0x0000000080900000| Untracked 
|  10|0x0000000080a00000, 0x0000000080b00000, 0x0000000080b00000|100%| O|  |TAMS 0x0000000080b00000, 0x0000000080a00000| Untracked 
|  11|0x0000000080b00000, 0x0000000080c00000, 0x0000000080c00000|100%| O|  |TAMS 0x0000000080c00000, 0x0000000080b00000| Untracked 
|  12|0x0000000080c00000, 0x0000000080d00000, 0x0000000080d00000|100%| O|  |TAMS 0x0000000080d00000, 0x0000000080c00000| Untracked 
|  13|0x0000000080d00000, 0x0000000080e00000, 0x0000000080e00000|100%| O|  |TAMS 0x0000000080e00000, 0x0000000080d00000| Untracked 
|  14|0x0000000080e00000, 0x0000000080f00000, 0x0000000080f00000|100%| O|  |TAMS 0x0000000080f00000, 0x0000000080e00000| Untracked 
|  15|0x0000000080f00000, 0x0000000081000000, 0x0000000081000000|100%| O|  |TAMS 0x0000000081000000, 0x0000000080f00000| Untracked 
|  16|0x0000000081000000, 0x0000000081100000, 0x0000000081100000|100%| O|  |TAMS 0x0000000081100000, 0x0000000081000000| Untracked 
|  17|0x0000000081100000, 0x0000000081200000, 0x0000000081200000|100%| O|  |TAMS 0x0000000081200000, 0x0000000081100000| Untracked 
|  18|0x0000000081200000, 0x0000000081256600, 0x0000000081300000| 33%| O|  |TAMS 0x0000000081256600, 0x0000000081200000| Untracked 
|  19|0x0000000081300000, 0x0000000081400000, 0x0000000081400000|100%| O|  |TAMS 0x0000000081400000, 0x0000000081300000| Untracked 
|  20|0x0000000081400000, 0x0000000081500000, 0x0000000081500000|100%| O|  |TAMS 0x0000000081500000, 0x0000000081400000| Untracked 
|  21|0x0000000081500000, 0x0000000081600000, 0x0000000081600000|100%| O|  |TAMS 0x0000000081600000, 0x0000000081500000| Untracked 
|  22|0x0000000081600000, 0x0000000081700000, 0x0000000081700000|100%| O|  |TAMS 0x0000000081700000, 0x0000000081600000| Untracked 
|  23|0x0000000081700000, 0x0000000081800000, 0x0000000081800000|100%| O|  |TAMS 0x0000000081800000, 0x0000000081700000| Untracked 
|  24|0x0000000081800000, 0x0000000081900000, 0x0000000081900000|100%| O|  |TAMS 0x0000000081900000, 0x0000000081800000| Untracked 
|  25|0x0000000081900000, 0x0000000081a00000, 0x0000000081a00000|100%| O|  |TAMS 0x0000000081a00000, 0x0000000081900000| Untracked 
|  26|0x0000000081a00000, 0x0000000081b00000, 0x0000000081b00000|100%|HS|  |TAMS 0x0000000081b00000, 0x0000000081a00000| Complete 
|  27|0x0000000081b00000, 0x0000000081c00000, 0x0000000081c00000|100%|HS|  |TAMS 0x0000000081c00000, 0x0000000081b00000| Complete 
|  28|0x0000000081c00000, 0x0000000081d00000, 0x0000000081d00000|100%|HS|  |TAMS 0x0000000081d00000, 0x0000000081c00000| Complete 
|  29|0x0000000081d00000, 0x0000000081e00000, 0x0000000081e00000|100%|HC|  |TAMS 0x0000000081e00000, 0x0000000081d00000| Complete 
|  30|0x0000000081e00000, 0x0000000081f00000, 0x0000000081f00000|100%| O|  |TAMS 0x0000000081f00000, 0x0000000081e00000| Untracked 
|  31|0x0000000081f00000, 0x0000000082000000, 0x0000000082000000|100%| O|  |TAMS 0x0000000082000000, 0x0000000081f00000| Untracked 
|  32|0x0000000082000000, 0x0000000082100000, 0x0000000082100000|100%| O|  |TAMS 0x0000000082100000, 0x0000000082000000| Untracked 
|  33|0x0000000082100000, 0x0000000082200000, 0x0000000082200000|100%| O|  |TAMS 0x0000000082200000, 0x0000000082100000| Untracked 
|  34|0x0000000082200000, 0x0000000082300000, 0x0000000082300000|100%| O|  |TAMS 0x0000000082300000, 0x0000000082200000| Untracked 
|  35|0x0000000082300000, 0x0000000082400000, 0x0000000082400000|100%| O|  |TAMS 0x0000000082400000, 0x0000000082300000| Untracked 
|  36|0x0000000082400000, 0x0000000082500000, 0x0000000082500000|100%| O|  |TAMS 0x0000000082500000, 0x0000000082400000| Untracked 
|  37|0x0000000082500000, 0x0000000082600000, 0x0000000082600000|100%| O|  |TAMS 0x0000000082600000, 0x0000000082500000| Untracked 
|  38|0x0000000082600000, 0x0000000082700000, 0x0000000082700000|100%| O|  |TAMS 0x0000000082700000, 0x0000000082600000| Untracked 
|  39|0x0000000082700000, 0x0000000082800000, 0x0000000082800000|100%| O|  |TAMS 0x0000000082800000, 0x0000000082700000| Untracked 
|  40|0x0000000082800000, 0x0000000082900000, 0x0000000082900000|100%| O|  |TAMS 0x0000000082900000, 0x0000000082800000| Untracked 
|  41|0x0000000082900000, 0x0000000082a00000, 0x0000000082a00000|100%| O|  |TAMS 0x0000000082a00000, 0x0000000082900000| Untracked 
|  42|0x0000000082a00000, 0x0000000082b00000, 0x0000000082b00000|100%| O|  |TAMS 0x0000000082b00000, 0x0000000082a00000| Untracked 
|  43|0x0000000082b00000, 0x0000000082c00000, 0x0000000082c00000|100%| O|  |TAMS 0x0000000082c00000, 0x0000000082b00000| Untracked 
|  44|0x0000000082c00000, 0x0000000082d00000, 0x0000000082d00000|100%| O|  |TAMS 0x0000000082d00000, 0x0000000082c00000| Untracked 
|  45|0x0000000082d00000, 0x0000000082e00000, 0x0000000082e00000|100%| O|  |TAMS 0x0000000082e00000, 0x0000000082d00000| Untracked 
|  46|0x0000000082e00000, 0x0000000082f00000, 0x0000000082f00000|100%| O|  |TAMS 0x0000000082f00000, 0x0000000082e00000| Untracked 
|  47|0x0000000082f00000, 0x0000000083000000, 0x0000000083000000|100%| O|  |TAMS 0x0000000083000000, 0x0000000082f00000| Untracked 
|  48|0x0000000083000000, 0x0000000083100000, 0x0000000083100000|100%| O|  |TAMS 0x0000000083100000, 0x0000000083000000| Untracked 
|  49|0x0000000083100000, 0x0000000083200000, 0x0000000083200000|100%| O|  |TAMS 0x0000000083200000, 0x0000000083100000| Untracked 
|  50|0x0000000083200000, 0x0000000083300000, 0x0000000083300000|100%| O|  |TAMS 0x0000000083300000, 0x0000000083200000| Untracked 
|  51|0x0000000083300000, 0x0000000083400000, 0x0000000083400000|100%| O|  |TAMS 0x0000000083400000, 0x0000000083300000| Untracked 
|  52|0x0000000083400000, 0x0000000083500000, 0x0000000083500000|100%| O|  |TAMS 0x0000000083500000, 0x0000000083400000| Untracked 
|  53|0x0000000083500000, 0x0000000083600000, 0x0000000083600000|100%| O|  |TAMS 0x0000000083600000, 0x0000000083500000| Untracked 
|  54|0x0000000083600000, 0x0000000083700000, 0x0000000083700000|100%| O|  |TAMS 0x0000000083700000, 0x0000000083600000| Untracked 
|  55|0x0000000083700000, 0x0000000083800000, 0x0000000083800000|100%| O|  |TAMS 0x0000000083800000, 0x0000000083700000| Untracked 
|  56|0x0000000083800000, 0x0000000083900000, 0x0000000083900000|100%| O|  |TAMS 0x0000000083900000, 0x0000000083800000| Untracked 
|  57|0x0000000083900000, 0x0000000083a00000, 0x0000000083a00000|100%| O|  |TAMS 0x0000000083a00000, 0x0000000083900000| Untracked 
|  58|0x0000000083a00000, 0x0000000083b00000, 0x0000000083b00000|100%| O|  |TAMS 0x0000000083b00000, 0x0000000083a00000| Untracked 
|  59|0x0000000083b00000, 0x0000000083c00000, 0x0000000083c00000|100%| O|  |TAMS 0x0000000083c00000, 0x0000000083b00000| Untracked 
|  60|0x0000000083c00000, 0x0000000083d00000, 0x0000000083d00000|100%| O|  |TAMS 0x0000000083d00000, 0x0000000083c00000| Untracked 
|  61|0x0000000083d00000, 0x0000000083e00000, 0x0000000083e00000|100%| O|  |TAMS 0x0000000083e00000, 0x0000000083d00000| Untracked 
|  62|0x0000000083e00000, 0x0000000083f00000, 0x0000000083f00000|100%| O|  |TAMS 0x0000000083f00000, 0x0000000083e00000| Untracked 
|  63|0x0000000083f00000, 0x0000000084000000, 0x0000000084000000|100%| O|  |TAMS 0x0000000084000000, 0x0000000083f00000| Untracked 
|  64|0x0000000084000000, 0x0000000084100000, 0x0000000084100000|100%| O|  |TAMS 0x0000000084100000, 0x0000000084000000| Untracked 
|  65|0x0000000084100000, 0x0000000084200000, 0x0000000084200000|100%| O|  |TAMS 0x0000000084200000, 0x0000000084100000| Untracked 
|  66|0x0000000084200000, 0x0000000084300000, 0x0000000084300000|100%| O|  |TAMS 0x0000000084300000, 0x0000000084200000| Untracked 
|  67|0x0000000084300000, 0x0000000084400000, 0x0000000084400000|100%| O|  |TAMS 0x0000000084400000, 0x0000000084300000| Untracked 
|  68|0x0000000084400000, 0x0000000084500000, 0x0000000084500000|100%| O|  |TAMS 0x0000000084500000, 0x0000000084400000| Untracked 
|  69|0x0000000084500000, 0x0000000084600000, 0x0000000084600000|100%| O|  |TAMS 0x0000000084600000, 0x0000000084500000| Untracked 
|  70|0x0000000084600000, 0x0000000084700000, 0x0000000084700000|100%| O|  |TAMS 0x0000000084600000, 0x0000000084600000| Untracked 
|  71|0x0000000084700000, 0x0000000084800000, 0x0000000084800000|100%| O|  |TAMS 0x0000000084700000, 0x0000000084700000| Untracked 
|  72|0x0000000084800000, 0x0000000084900000, 0x0000000084900000|100%| O|  |TAMS 0x0000000084900000, 0x0000000084800000| Untracked 
|  73|0x0000000084900000, 0x0000000084a00000, 0x0000000084a00000|100%| O|  |TAMS 0x0000000084a00000, 0x0000000084900000| Untracked 
|  74|0x0000000084a00000, 0x0000000084b00000, 0x0000000084b00000|100%| O|  |TAMS 0x0000000084b00000, 0x0000000084a00000| Untracked 
|  75|0x0000000084b00000, 0x0000000084c00000, 0x0000000084c00000|100%| O|  |TAMS 0x0000000084c00000, 0x0000000084b00000| Untracked 
|  76|0x0000000084c00000, 0x0000000084d00000, 0x0000000084d00000|100%| O|  |TAMS 0x0000000084d00000, 0x0000000084c00000| Untracked 
|  77|0x0000000084d00000, 0x0000000084e00000, 0x0000000084e00000|100%| O|  |TAMS 0x0000000084e00000, 0x0000000084d00000| Untracked 
|  78|0x0000000084e00000, 0x0000000084f00000, 0x0000000084f00000|100%| O|  |TAMS 0x0000000084f00000, 0x0000000084e00000| Untracked 
|  79|0x0000000084f00000, 0x0000000085000000, 0x0000000085000000|100%| O|  |TAMS 0x0000000085000000, 0x0000000084f00000| Untracked 
|  80|0x0000000085000000, 0x0000000085100000, 0x0000000085100000|100%| O|  |TAMS 0x0000000085100000, 0x0000000085000000| Untracked 
|  81|0x0000000085100000, 0x0000000085200000, 0x0000000085200000|100%| O|  |TAMS 0x0000000085200000, 0x0000000085100000| Untracked 
|  82|0x0000000085200000, 0x0000000085300000, 0x0000000085300000|100%| O|  |TAMS 0x0000000085300000, 0x0000000085200000| Untracked 
|  83|0x0000000085300000, 0x0000000085400000, 0x0000000085400000|100%| O|  |TAMS 0x0000000085400000, 0x0000000085300000| Untracked 
|  84|0x0000000085400000, 0x0000000085500000, 0x0000000085500000|100%| O|  |TAMS 0x0000000085500000, 0x0000000085400000| Untracked 
|  85|0x0000000085500000, 0x0000000085600000, 0x0000000085600000|100%| O|  |TAMS 0x000000008559fa00, 0x0000000085500000| Untracked 
|  86|0x0000000085600000, 0x0000000085700000, 0x0000000085700000|100%| O|  |TAMS 0x0000000085600000, 0x0000000085600000| Untracked 
|  87|0x0000000085700000, 0x0000000085800000, 0x0000000085800000|100%| O|  |TAMS 0x0000000085700000, 0x0000000085700000| Untracked 
|  88|0x0000000085800000, 0x0000000085900000, 0x0000000085900000|100%|HS|  |TAMS 0x0000000085800000, 0x0000000085800000| Complete 
|  89|0x0000000085900000, 0x0000000085a00000, 0x0000000085a00000|100%|HS|  |TAMS 0x0000000085900000, 0x0000000085900000| Complete 
|  90|0x0000000085a00000, 0x0000000085b00000, 0x0000000085b00000|100%|HC|  |TAMS 0x0000000085a00000, 0x0000000085a00000| Complete 
|  91|0x0000000085b00000, 0x0000000085c00000, 0x0000000085c00000|100%|HS|  |TAMS 0x0000000085b00000, 0x0000000085b00000| Complete 
|  92|0x0000000085c00000, 0x0000000085d00000, 0x0000000085d00000|100%|HC|  |TAMS 0x0000000085c00000, 0x0000000085c00000| Complete 
|  93|0x0000000085d00000, 0x0000000085e00000, 0x0000000085e00000|100%| O|  |TAMS 0x0000000085d00000, 0x0000000085d00000| Untracked 
|  94|0x0000000085e00000, 0x0000000085ebfc00, 0x0000000085f00000| 74%| O|  |TAMS 0x0000000085e00000, 0x0000000085e00000| Untracked 
|  95|0x0000000085f00000, 0x0000000086000000, 0x0000000086000000|100%|HS|  |TAMS 0x0000000085f00000, 0x0000000085f00000| Complete 
|  96|0x0000000086000000, 0x0000000086100000, 0x0000000086100000|100%|HC|  |TAMS 0x0000000086000000, 0x0000000086000000| Complete 
|  97|0x0000000086100000, 0x0000000086200000, 0x0000000086200000|100%|HC|  |TAMS 0x0000000086100000, 0x0000000086100000| Complete 
|  98|0x0000000086200000, 0x0000000086300000, 0x0000000086300000|100%|HC|  |TAMS 0x0000000086200000, 0x0000000086200000| Complete 
|  99|0x0000000086300000, 0x0000000086400000, 0x0000000086400000|100%|HS|  |TAMS 0x0000000086300000, 0x0000000086300000| Complete 
| 100|0x0000000086400000, 0x0000000086500000, 0x0000000086500000|100%|HC|  |TAMS 0x0000000086400000, 0x0000000086400000| Complete 
| 101|0x0000000086500000, 0x0000000086600000, 0x0000000086600000|100%|HC|  |TAMS 0x0000000086500000, 0x0000000086500000| Complete 
| 102|0x0000000086600000, 0x0000000086700000, 0x0000000086700000|100%|HS|  |TAMS 0x0000000086600000, 0x0000000086600000| Complete 
| 103|0x0000000086700000, 0x0000000086800000, 0x0000000086800000|100%|HC|  |TAMS 0x0000000086700000, 0x0000000086700000| Complete 
| 104|0x0000000086800000, 0x0000000086900000, 0x0000000086900000|100%|HC|  |TAMS 0x0000000086800000, 0x0000000086800000| Complete 
| 105|0x0000000086900000, 0x0000000086900000, 0x0000000086a00000|  0%| F|  |TAMS 0x0000000086900000, 0x0000000086900000| Untracked 
| 106|0x0000000086a00000, 0x0000000086a00000, 0x0000000086b00000|  0%| F|  |TAMS 0x0000000086a00000, 0x0000000086a00000| Untracked 
| 107|0x0000000086b00000, 0x0000000086b00000, 0x0000000086c00000|  0%| F|  |TAMS 0x0000000086b00000, 0x0000000086b00000| Untracked 
| 108|0x0000000086c00000, 0x0000000086c00000, 0x0000000086d00000|  0%| F|  |TAMS 0x0000000086c00000, 0x0000000086c00000| Untracked 
| 109|0x0000000086d00000, 0x0000000086d00000, 0x0000000086e00000|  0%| F|  |TAMS 0x0000000086d00000, 0x0000000086d00000| Untracked 
| 110|0x0000000086e00000, 0x0000000086e00000, 0x0000000086f00000|  0%| F|  |TAMS 0x0000000086e00000, 0x0000000086e00000| Untracked 
| 111|0x0000000086f00000, 0x0000000086f00000, 0x0000000087000000|  0%| F|  |TAMS 0x0000000086f00000, 0x0000000086f00000| Untracked 
| 112|0x0000000087000000, 0x0000000087000000, 0x0000000087100000|  0%| F|  |TAMS 0x0000000087000000, 0x0000000087000000| Untracked 
| 113|0x0000000087100000, 0x0000000087100000, 0x0000000087200000|  0%| F|  |TAMS 0x0000000087100000, 0x0000000087100000| Untracked 
| 114|0x0000000087200000, 0x0000000087200000, 0x0000000087300000|  0%| F|  |TAMS 0x0000000087200000, 0x0000000087200000| Untracked 
| 115|0x0000000087300000, 0x0000000087300000, 0x0000000087400000|  0%| F|  |TAMS 0x0000000087300000, 0x0000000087300000| Untracked 
| 116|0x0000000087400000, 0x0000000087400000, 0x0000000087500000|  0%| F|  |TAMS 0x0000000087400000, 0x0000000087400000| Untracked 
| 117|0x0000000087500000, 0x0000000087500000, 0x0000000087600000|  0%| F|  |TAMS 0x0000000087500000, 0x0000000087500000| Untracked 
| 118|0x0000000087600000, 0x0000000087600000, 0x0000000087700000|  0%| F|  |TAMS 0x0000000087600000, 0x0000000087600000| Untracked 
| 119|0x0000000087700000, 0x0000000087700000, 0x0000000087800000|  0%| F|  |TAMS 0x0000000087700000, 0x0000000087700000| Untracked 
| 120|0x0000000087800000, 0x0000000087800000, 0x0000000087900000|  0%| F|  |TAMS 0x0000000087800000, 0x0000000087800000| Untracked 
| 121|0x0000000087900000, 0x0000000087900000, 0x0000000087a00000|  0%| F|  |TAMS 0x0000000087900000, 0x0000000087900000| Untracked 
| 122|0x0000000087a00000, 0x0000000087a00000, 0x0000000087b00000|  0%| F|  |TAMS 0x0000000087a00000, 0x0000000087a00000| Untracked 
| 123|0x0000000087b00000, 0x0000000087b00000, 0x0000000087c00000|  0%| F|  |TAMS 0x0000000087b00000, 0x0000000087b00000| Untracked 
| 124|0x0000000087c00000, 0x0000000087c00000, 0x0000000087d00000|  0%| F|  |TAMS 0x0000000087c00000, 0x0000000087c00000| Untracked 
| 125|0x0000000087d00000, 0x0000000087d00000, 0x0000000087e00000|  0%| F|  |TAMS 0x0000000087d00000, 0x0000000087d00000| Untracked 
| 126|0x0000000087e00000, 0x0000000087e00000, 0x0000000087f00000|  0%| F|  |TAMS 0x0000000087e00000, 0x0000000087e00000| Untracked 
| 127|0x0000000087f00000, 0x0000000088000000, 0x0000000088000000|100%| S|CS|TAMS 0x0000000087f00000, 0x0000000087f00000| Complete 
| 128|0x0000000088000000, 0x0000000088100000, 0x0000000088100000|100%| S|CS|TAMS 0x0000000088000000, 0x0000000088000000| Complete 
| 129|0x0000000088100000, 0x0000000088200000, 0x0000000088200000|100%| E|CS|TAMS 0x0000000088100000, 0x0000000088100000| Complete 
| 130|0x0000000088200000, 0x0000000088300000, 0x0000000088300000|100%| E|CS|TAMS 0x0000000088200000, 0x0000000088200000| Complete 
| 131|0x0000000088300000, 0x0000000088400000, 0x0000000088400000|100%| E|CS|TAMS 0x0000000088300000, 0x0000000088300000| Complete 
| 132|0x0000000088400000, 0x0000000088400000, 0x0000000088500000|  0%| F|  |TAMS 0x0000000088400000, 0x0000000088400000| Untracked 
| 133|0x0000000088500000, 0x0000000088500000, 0x0000000088600000|  0%| F|  |TAMS 0x0000000088500000, 0x0000000088500000| Untracked 
| 134|0x0000000088600000, 0x0000000088600000, 0x0000000088700000|  0%| F|  |TAMS 0x0000000088600000, 0x0000000088600000| Untracked 
| 135|0x0000000088700000, 0x0000000088700000, 0x0000000088800000|  0%| F|  |TAMS 0x0000000088700000, 0x0000000088700000| Untracked 
| 136|0x0000000088800000, 0x0000000088800000, 0x0000000088900000|  0%| F|  |TAMS 0x0000000088800000, 0x0000000088800000| Untracked 
| 137|0x0000000088900000, 0x0000000088900000, 0x0000000088a00000|  0%| F|  |TAMS 0x0000000088900000, 0x0000000088900000| Untracked 
| 138|0x0000000088a00000, 0x0000000088a00000, 0x0000000088b00000|  0%| F|  |TAMS 0x0000000088a00000, 0x0000000088a00000| Untracked 
| 139|0x0000000088b00000, 0x0000000088b00000, 0x0000000088c00000|  0%| F|  |TAMS 0x0000000088b00000, 0x0000000088b00000| Untracked 
| 140|0x0000000088c00000, 0x0000000088c00000, 0x0000000088d00000|  0%| F|  |TAMS 0x0000000088c00000, 0x0000000088c00000| Untracked 
| 141|0x0000000088d00000, 0x0000000088d00000, 0x0000000088e00000|  0%| F|  |TAMS 0x0000000088d00000, 0x0000000088d00000| Untracked 
| 142|0x0000000088e00000, 0x0000000088e00000, 0x0000000088f00000|  0%| F|  |TAMS 0x0000000088e00000, 0x0000000088e00000| Untracked 
| 143|0x0000000088f00000, 0x0000000088f00000, 0x0000000089000000|  0%| F|  |TAMS 0x0000000088f00000, 0x0000000088f00000| Untracked 
| 144|0x0000000089000000, 0x0000000089000000, 0x0000000089100000|  0%| F|  |TAMS 0x0000000089000000, 0x0000000089000000| Untracked 
| 145|0x0000000089100000, 0x0000000089100000, 0x0000000089200000|  0%| F|  |TAMS 0x0000000089100000, 0x0000000089100000| Untracked 
| 146|0x0000000089200000, 0x0000000089200000, 0x0000000089300000|  0%| F|  |TAMS 0x0000000089200000, 0x0000000089200000| Untracked 
| 147|0x0000000089300000, 0x0000000089300000, 0x0000000089400000|  0%| F|  |TAMS 0x0000000089300000, 0x0000000089300000| Untracked 
| 148|0x0000000089400000, 0x0000000089400000, 0x0000000089500000|  0%| F|  |TAMS 0x0000000089400000, 0x0000000089400000| Untracked 
| 149|0x0000000089500000, 0x0000000089500000, 0x0000000089600000|  0%| F|  |TAMS 0x0000000089500000, 0x0000000089500000| Untracked 
| 150|0x0000000089600000, 0x0000000089600000, 0x0000000089700000|  0%| F|  |TAMS 0x0000000089600000, 0x0000000089600000| Untracked 
| 151|0x0000000089700000, 0x0000000089700000, 0x0000000089800000|  0%| F|  |TAMS 0x0000000089700000, 0x0000000089700000| Untracked 
| 152|0x0000000089800000, 0x0000000089800000, 0x0000000089900000|  0%| F|  |TAMS 0x0000000089800000, 0x0000000089800000| Untracked 
| 153|0x0000000089900000, 0x0000000089900000, 0x0000000089a00000|  0%| F|  |TAMS 0x0000000089900000, 0x0000000089900000| Untracked 
| 154|0x0000000089a00000, 0x0000000089a00000, 0x0000000089b00000|  0%| F|  |TAMS 0x0000000089a00000, 0x0000000089a00000| Untracked 
| 155|0x0000000089b00000, 0x0000000089b00000, 0x0000000089c00000|  0%| F|  |TAMS 0x0000000089b00000, 0x0000000089b00000| Untracked 
| 156|0x0000000089c00000, 0x0000000089c00000, 0x0000000089d00000|  0%| F|  |TAMS 0x0000000089c00000, 0x0000000089c00000| Untracked 
| 157|0x0000000089d00000, 0x0000000089d00000, 0x0000000089e00000|  0%| F|  |TAMS 0x0000000089d00000, 0x0000000089d00000| Untracked 
| 158|0x0000000089e00000, 0x0000000089e00000, 0x0000000089f00000|  0%| F|  |TAMS 0x0000000089e00000, 0x0000000089e00000| Untracked 
| 159|0x0000000089f00000, 0x0000000089f00000, 0x000000008a000000|  0%| F|  |TAMS 0x0000000089f00000, 0x0000000089f00000| Untracked 
| 160|0x000000008a000000, 0x000000008a000000, 0x000000008a100000|  0%| F|  |TAMS 0x000000008a000000, 0x000000008a000000| Untracked 
| 161|0x000000008a100000, 0x000000008a100000, 0x000000008a200000|  0%| F|  |TAMS 0x000000008a100000, 0x000000008a100000| Untracked 
| 162|0x000000008a200000, 0x000000008a200000, 0x000000008a300000|  0%| F|  |TAMS 0x000000008a200000, 0x000000008a200000| Untracked 
| 163|0x000000008a300000, 0x000000008a300000, 0x000000008a400000|  0%| F|  |TAMS 0x000000008a300000, 0x000000008a300000| Untracked 
| 164|0x000000008a400000, 0x000000008a400000, 0x000000008a500000|  0%| F|  |TAMS 0x000000008a400000, 0x000000008a400000| Untracked 
| 165|0x000000008a500000, 0x000000008a500000, 0x000000008a600000|  0%| F|  |TAMS 0x000000008a500000, 0x000000008a500000| Untracked 
| 166|0x000000008a600000, 0x000000008a600000, 0x000000008a700000|  0%| F|  |TAMS 0x000000008a600000, 0x000000008a600000| Untracked 
| 167|0x000000008a700000, 0x000000008a700000, 0x000000008a800000|  0%| F|  |TAMS 0x000000008a700000, 0x000000008a700000| Untracked 
| 168|0x000000008a800000, 0x000000008a800000, 0x000000008a900000|  0%| F|  |TAMS 0x000000008a800000, 0x000000008a800000| Untracked 
| 169|0x000000008a900000, 0x000000008a900000, 0x000000008aa00000|  0%| F|  |TAMS 0x000000008a900000, 0x000000008a900000| Untracked 
| 170|0x000000008aa00000, 0x000000008aa00000, 0x000000008ab00000|  0%| F|  |TAMS 0x000000008aa00000, 0x000000008aa00000| Untracked 
| 171|0x000000008ab00000, 0x000000008ab00000, 0x000000008ac00000|  0%| F|  |TAMS 0x000000008ab00000, 0x000000008ab00000| Untracked 
| 172|0x000000008ac00000, 0x000000008ac00000, 0x000000008ad00000|  0%| F|  |TAMS 0x000000008ac00000, 0x000000008ac00000| Untracked 
| 173|0x000000008ad00000, 0x000000008ad00000, 0x000000008ae00000|  0%| F|  |TAMS 0x000000008ad00000, 0x000000008ad00000| Untracked 
| 174|0x000000008ae00000, 0x000000008ae00000, 0x000000008af00000|  0%| F|  |TAMS 0x000000008ae00000, 0x000000008ae00000| Untracked 
| 175|0x000000008af00000, 0x000000008af00000, 0x000000008b000000|  0%| F|  |TAMS 0x000000008af00000, 0x000000008af00000| Untracked 
| 176|0x000000008b000000, 0x000000008b000000, 0x000000008b100000|  0%| F|  |TAMS 0x000000008b000000, 0x000000008b000000| Untracked 
| 177|0x000000008b100000, 0x000000008b100000, 0x000000008b200000|  0%| F|  |TAMS 0x000000008b100000, 0x000000008b100000| Untracked 
| 178|0x000000008b200000, 0x000000008b200000, 0x000000008b300000|  0%| F|  |TAMS 0x000000008b200000, 0x000000008b200000| Untracked 
| 179|0x000000008b300000, 0x000000008b358a00, 0x000000008b400000| 34%| E|  |TAMS 0x000000008b300000, 0x000000008b300000| Complete 
| 180|0x000000008b400000, 0x000000008b500000, 0x000000008b500000|100%| E|CS|TAMS 0x000000008b400000, 0x000000008b400000| Complete 
| 181|0x000000008b500000, 0x000000008b600000, 0x000000008b600000|100%| E|CS|TAMS 0x000000008b500000, 0x000000008b500000| Complete 
| 182|0x000000008b600000, 0x000000008b700000, 0x000000008b700000|100%| E|CS|TAMS 0x000000008b600000, 0x000000008b600000| Complete 
| 183|0x000000008b700000, 0x000000008b800000, 0x000000008b800000|100%| E|CS|TAMS 0x000000008b700000, 0x000000008b700000| Complete 

Card table byte_map: [0x0000022459f30000,0x000002245a330000] _byte_map_base: 0x0000022459b30000

Marking Bits (Prev, Next): (CMBitMap*) 0x00000224430bc690, (CMBitMap*) 0x00000224430bc6d0
 Prev Bits: [0x000002245a730000, 0x000002245c730000)
 Next Bits: [0x000002245c730000, 0x000002245e730000)

Polling page: 0x0000022441040000

Metaspace:

Usage:
  Non-class:     64.38 MB used.
      Class:     10.00 MB used.
       Both:     74.38 MB used.

Virtual space:
  Non-class space:       72.00 MB reserved,      64.69 MB ( 90%) committed,  9 nodes.
      Class space:        1.00 GB reserved,      10.25 MB (  1%) committed,  1 nodes.
              Both:        1.07 GB reserved,      74.94 MB (  7%) committed. 

Chunk freelists:
   Non-Class:  2.38 MB
       Class:  1.61 MB
        Both:  3.98 MB

MaxMetaspaceSize: 17179869184.00 GB
CompressedClassSpaceSize: 1.00 GB
 - commit_granule_bytes: 65536.
 - commit_granule_words: 8192.
 - virtual_space_node_default_size: 1048576.
 - enlarge_chunks_in_place: 1.
 - new_chunks_are_fully_committed: 0.
 - uncommit_free_chunks: 1.
 - use_allocation_guard: 0.
 - handle_deallocations: 1.


Internal statistics:

num_allocs_failed_limit: 6.
num_arena_births: 720.
num_arena_deaths: 14.
num_vsnodes_births: 10.
num_vsnodes_deaths: 0.
num_space_committed: 1199.
num_space_uncommitted: 0.
num_chunks_returned_to_freelist: 24.
num_chunks_taken_from_freelist: 3718.
num_chunk_merges: 14.
num_chunk_splits: 2495.
num_chunks_enlarged: 1708.
num_purges: 2.

CodeHeap 'non-profiled nmethods': size=120000Kb used=5304Kb max_used=5631Kb free=114695Kb
 bounds [0x00000224522d0000, 0x0000022452850000, 0x0000022459800000]
CodeHeap 'profiled nmethods': size=120000Kb used=16110Kb max_used=17674Kb free=103889Kb
 bounds [0x000002244ada0000, 0x000002244bef0000, 0x00000224522d0000]
CodeHeap 'non-nmethods': size=5760Kb used=2405Kb max_used=2476Kb free=3354Kb
 bounds [0x000002244a800000, 0x000002244aa80000, 0x000002244ada0000]
 total_blobs=9373 nmethods=8454 adapters=831
 compilation: enabled
              stopped_count=0, restarted_count=0
 full_count=0

Compilation events (20 events):
Event: 10.863 Thread 0x00000224611415e0 nmethod 9958 0x000002244b29bc10 code [0x000002244b29c220, 0x000002244b29f958]
Event: 10.863 Thread 0x00000224611415e0 9960       1       java.io.ObjectStreamField::getOffset (5 bytes)
Event: 10.863 Thread 0x00000224611415e0 nmethod 9960 0x000002245243e410 code [0x000002245243e5a0, 0x000002245243e678]
Event: 10.864 Thread 0x00000224611415e0 9959       3       org.gradle.model.internal.asm.AsmClassGeneratorUtils::signature (54 bytes)
Event: 10.869 Thread 0x00000224611415e0 nmethod 9959 0x000002244b8a2710 code [0x000002244b8a2c60, 0x000002244b8a5e48]
Event: 10.880 Thread 0x00000224611415e0 9961       3       com.google.common.cache.LocalCache$EntryFactory$1::newEntry (12 bytes)
Event: 10.880 Thread 0x00000224611415e0 nmethod 9961 0x000002244b6cca10 code [0x000002244b6ccbe0, 0x000002244b6ccff8]
Event: 10.882 Thread 0x00000224611415e0 9962       3       org.gradle.api.internal.file.collections.UnpackingVisitor$SingleFileResolvingFileCollection::getIntrinsicFiles (37 bytes)
Event: 10.883 Thread 0x00000224611415e0 nmethod 9962 0x000002244b221910 code [0x000002244b221b40, 0x000002244b222578]
Event: 10.884 Thread 0x0000022461d5a7e0 nmethod 9940 0x0000022452514610 code [0x0000022452514800, 0x00000224525158a8]
Event: 10.884 Thread 0x0000022461d5a7e0 9953 %     4       java.lang.StringUTF16::getChars @ 16 (42 bytes)
Event: 10.890 Thread 0x00000224611415e0 9963       3       java.util.IdentityHashMap::put (137 bytes)
Event: 10.891 Thread 0x00000224611415e0 nmethod 9963 0x000002244af4a310 code [0x000002244af4a540, 0x000002244af4b038]
Event: 10.891 Thread 0x00000224611415e0 9966       2       org.gradle.internal.snapshot.ChildMap$Entry::handleAncestorDescendantOrExactMatch (110 bytes)
Event: 10.892 Thread 0x00000224611415e0 nmethod 9966 0x000002244b75b410 code [0x000002244b75b680, 0x000002244b75bee8]
Event: 10.892 Thread 0x00000224611415e0 9964       3       org.gradle.api.internal.file.AbstractFileCollection::getFiles (23 bytes)
Event: 10.893 Thread 0x00000224611415e0 nmethod 9964 0x000002244b600b10 code [0x000002244b600d20, 0x000002244b6011f8]
Event: 10.893 Thread 0x00000224611415e0 9965       3       org.gradle.api.internal.file.AbstractFileCollection$2::<init> (15 bytes)
Event: 10.893 Thread 0x00000224611415e0 nmethod 9965 0x000002244b3e4390 code [0x000002244b3e4540, 0x000002244b3e4758]
Event: 10.895 Thread 0x00000224611415e0 9967   !   3       java.io.ObjectInputStream::readObject0 (681 bytes)

GC Heap History (20 events):
Event: 7.492 GC heap before
{Heap before GC invocations=20 (full 0):
 garbage-first heap   total 96256K, used 78305K [0x0000000080000000, 0x0000000100000000)
  region size 1024K, 27 young (27648K), 3 survivors (3072K)
 Metaspace       used 57736K, committed 58240K, reserved 1105920K
  class space    used 7583K, committed 7808K, reserved 1048576K
}
Event: 7.496 GC heap after
{Heap after GC invocations=21 (full 0):
 garbage-first heap   total 96256K, used 55904K [0x0000000080000000, 0x0000000100000000)
  region size 1024K, 4 young (4096K), 4 survivors (4096K)
 Metaspace       used 57736K, committed 58240K, reserved 1105920K
  class space    used 7583K, committed 7808K, reserved 1048576K
}
Event: 7.805 GC heap before
{Heap before GC invocations=22 (full 0):
 garbage-first heap   total 101376K, used 78432K [0x0000000080000000, 0x0000000100000000)
  region size 1024K, 26 young (26624K), 4 survivors (4096K)
 Metaspace       used 60765K, committed 61248K, reserved 1105920K
  class space    used 8161K, committed 8384K, reserved 1048576K
}
Event: 7.809 GC heap after
{Heap after GC invocations=23 (full 0):
 garbage-first heap   total 101376K, used 57472K [0x0000000080000000, 0x0000000100000000)
  region size 1024K, 4 young (4096K), 4 survivors (4096K)
 Metaspace       used 60765K, committed 61248K, reserved 1105920K
  class space    used 8161K, committed 8384K, reserved 1048576K
}
Event: 8.130 GC heap before
{Heap before GC invocations=23 (full 0):
 garbage-first heap   total 101376K, used 82048K [0x0000000080000000, 0x0000000100000000)
  region size 1024K, 29 young (29696K), 4 survivors (4096K)
 Metaspace       used 63209K, committed 63744K, reserved 1105920K
  class space    used 8512K, committed 8768K, reserved 1048576K
}
Event: 8.135 GC heap after
{Heap after GC invocations=24 (full 0):
 garbage-first heap   total 101376K, used 59526K [0x0000000080000000, 0x0000000100000000)
  region size 1024K, 4 young (4096K), 4 survivors (4096K)
 Metaspace       used 63209K, committed 63744K, reserved 1105920K
  class space    used 8512K, committed 8768K, reserved 1048576K
}
Event: 8.445 GC heap before
{Heap before GC invocations=25 (full 0):
 garbage-first heap   total 109568K, used 83078K [0x0000000080000000, 0x0000000100000000)
  region size 1024K, 27 young (27648K), 4 survivors (4096K)
 Metaspace       used 65880K, committed 66368K, reserved 1114112K
  class space    used 8934K, committed 9152K, reserved 1048576K
}
Event: 8.449 GC heap after
{Heap after GC invocations=26 (full 0):
 garbage-first heap   total 109568K, used 60554K [0x0000000080000000, 0x0000000100000000)
  region size 1024K, 4 young (4096K), 4 survivors (4096K)
 Metaspace       used 65880K, committed 66368K, reserved 1114112K
  class space    used 8934K, committed 9152K, reserved 1048576K
}
Event: 8.897 GC heap before
{Heap before GC invocations=26 (full 0):
 garbage-first heap   total 109568K, used 90250K [0x0000000080000000, 0x0000000100000000)
  region size 1024K, 33 young (33792K), 4 survivors (4096K)
 Metaspace       used 69229K, committed 69824K, reserved 1114112K
  class space    used 9327K, committed 9600K, reserved 1048576K
}
Event: 8.904 GC heap after
{Heap after GC invocations=27 (full 0):
 garbage-first heap   total 132096K, used 63198K [0x0000000080000000, 0x0000000100000000)
  region size 1024K, 4 young (4096K), 4 survivors (4096K)
 Metaspace       used 69229K, committed 69824K, reserved 1114112K
  class space    used 9327K, committed 9600K, reserved 1048576K
}
Event: 9.619 GC heap before
{Heap before GC invocations=28 (full 0):
 garbage-first heap   total 132096K, used 106206K [0x0000000080000000, 0x0000000100000000)
  region size 1024K, 46 young (47104K), 4 survivors (4096K)
 Metaspace       used 73330K, committed 73856K, reserved 1114112K
  class space    used 9928K, committed 10176K, reserved 1048576K
}
Event: 9.627 GC heap after
{Heap after GC invocations=29 (full 0):
 garbage-first heap   total 132096K, used 67826K [0x0000000080000000, 0x0000000100000000)
  region size 1024K, 6 young (6144K), 6 survivors (6144K)
 Metaspace       used 73330K, committed 73856K, reserved 1114112K
  class space    used 9928K, committed 10176K, reserved 1048576K
}
Event: 9.975 GC heap before
{Heap before GC invocations=29 (full 0):
 garbage-first heap   total 132096K, used 105714K [0x0000000080000000, 0x0000000100000000)
  region size 1024K, 44 young (45056K), 6 survivors (6144K)
 Metaspace       used 73684K, committed 74176K, reserved 1114112K
  class space    used 9946K, committed 10176K, reserved 1048576K
}
Event: 9.983 GC heap after
{Heap after GC invocations=30 (full 0):
 garbage-first heap   total 132096K, used 71272K [0x0000000080000000, 0x0000000100000000)
  region size 1024K, 4 young (4096K), 4 survivors (4096K)
 Metaspace       used 73684K, committed 74176K, reserved 1114112K
  class space    used 9946K, committed 10176K, reserved 1048576K
}
Event: 10.149 GC heap before
{Heap before GC invocations=31 (full 0):
 garbage-first heap   total 135168K, used 83560K [0x0000000080000000, 0x0000000100000000)
  region size 1024K, 18 young (18432K), 4 survivors (4096K)
 Metaspace       used 74188K, committed 74816K, reserved 1114112K
  class space    used 10023K, committed 10304K, reserved 1048576K
}
Event: 10.152 GC heap after
{Heap after GC invocations=32 (full 0):
 garbage-first heap   total 135168K, used 72025K [0x0000000080000000, 0x0000000100000000)
  region size 1024K, 1 young (1024K), 1 survivors (1024K)
 Metaspace       used 74188K, committed 74816K, reserved 1114112K
  class space    used 10023K, committed 10304K, reserved 1048576K
}
Event: 10.713 GC heap before
{Heap before GC invocations=33 (full 0):
 garbage-first heap   total 135168K, used 111961K [0x0000000080000000, 0x0000000100000000)
  region size 1024K, 39 young (39936K), 1 survivors (1024K)
 Metaspace       used 75406K, committed 75904K, reserved 1122304K
  class space    used 10151K, committed 10368K, reserved 1048576K
}
Event: 10.723 GC heap after
{Heap after GC invocations=34 (full 0):
 garbage-first heap   total 135168K, used 90072K [0x0000000080000000, 0x0000000100000000)
  region size 1024K, 5 young (5120K), 5 survivors (5120K)
 Metaspace       used 75406K, committed 75904K, reserved 1122304K
  class space    used 10151K, committed 10368K, reserved 1048576K
}
Event: 10.750 GC heap before
{Heap before GC invocations=34 (full 0):
 garbage-first heap   total 135168K, used 91096K [0x0000000080000000, 0x0000000100000000)
  region size 1024K, 8 young (8192K), 5 survivors (5120K)
 Metaspace       used 75425K, committed 75904K, reserved 1122304K
  class space    used 10151K, committed 10368K, reserved 1048576K
}
Event: 10.756 GC heap after
{Heap after GC invocations=35 (full 0):
 garbage-first heap   total 135168K, used 93272K [0x0000000080000000, 0x0000000100000000)
  region size 1024K, 2 young (2048K), 2 survivors (2048K)
 Metaspace       used 75425K, committed 75904K, reserved 1122304K
  class space    used 10151K, committed 10368K, reserved 1048576K
}

Deoptimization events (20 events):
Event: 10.799 Thread 0x00000224686ad3c0 DEOPT PACKING pc=0x000002244b33a380 sp=0x000000a18dcfa350
Event: 10.799 Thread 0x00000224686ad3c0 DEOPT UNPACKING pc=0x000002244a84e77e sp=0x000000a18dcf9860 mode 0
Event: 10.801 Thread 0x00000224686ad3c0 DEOPT PACKING pc=0x000002244b33a380 sp=0x000000a18dcfa0d0
Event: 10.801 Thread 0x00000224686ad3c0 DEOPT UNPACKING pc=0x000002244a84e77e sp=0x000000a18dcf95e0 mode 0
Event: 10.803 Thread 0x00000224686ad3c0 DEOPT PACKING pc=0x000002244b33a380 sp=0x000000a18dcfa0d0
Event: 10.803 Thread 0x00000224686ad3c0 DEOPT UNPACKING pc=0x000002244a84e77e sp=0x000000a18dcf95e0 mode 0
Event: 10.805 Thread 0x00000224686ad3c0 DEOPT PACKING pc=0x000002244b33a380 sp=0x000000a18dcfa0d0
Event: 10.805 Thread 0x00000224686ad3c0 DEOPT UNPACKING pc=0x000002244a84e77e sp=0x000000a18dcf95e0 mode 0
Event: 10.810 Thread 0x00000224686ad3c0 Uncommon trap: trap_request=0xffffff45 fr.pc=0x00000224522e5c68 relative=0x00000000000002c8
Event: 10.810 Thread 0x00000224686ad3c0 Uncommon trap: reason=unstable_if action=reinterpret pc=0x00000224522e5c68 method=java.lang.String.getChars(II[CI)V @ 23 c2
Event: 10.810 Thread 0x00000224686ad3c0 DEOPT PACKING pc=0x00000224522e5c68 sp=0x000000a18dcfa6c0
Event: 10.810 Thread 0x00000224686ad3c0 DEOPT UNPACKING pc=0x000002244a84f92e sp=0x000000a18dcfa680 mode 2
Event: 10.886 Thread 0x00000224686b0e30 Uncommon trap: trap_request=0xffffff45 fr.pc=0x0000022452802888 relative=0x0000000000000568
Event: 10.886 Thread 0x00000224686b0e30 Uncommon trap: reason=unstable_if action=reinterpret pc=0x0000022452802888 method=org.gradle.tooling.internal.provider.runner.ClientBuildEventGenerator$Disabled.accept(Lorg/gradle/internal/operations/BuildOperationDescriptor;)Lorg/gradle/tooling/internal/
Event: 10.886 Thread 0x00000224686b0e30 DEOPT PACKING pc=0x0000022452802888 sp=0x000000a18e7fdea0
Event: 10.886 Thread 0x00000224686b0e30 DEOPT UNPACKING pc=0x000002244a84f92e sp=0x000000a18e7fdd80 mode 2
Event: 10.886 Thread 0x00000224686b0e30 Uncommon trap: trap_request=0xffffff45 fr.pc=0x00000224527fabc0 relative=0x00000000000000a0
Event: 10.886 Thread 0x00000224686b0e30 Uncommon trap: reason=unstable_if action=reinterpret pc=0x00000224527fabc0 method=org.gradle.tooling.internal.provider.runner.ClientBuildEventGenerator$Disabled.accept(Lorg/gradle/internal/operations/BuildOperationDescriptor;)Lorg/gradle/tooling/internal/
Event: 10.886 Thread 0x00000224686b0e30 DEOPT PACKING pc=0x00000224527fabc0 sp=0x000000a18e7fddc0
Event: 10.886 Thread 0x00000224686b0e30 DEOPT UNPACKING pc=0x000002244a84f92e sp=0x000000a18e7fdd60 mode 2

Classes unloaded (7 events):
Event: 10.227 Thread 0x0000022461122aa0 Unloading class 0x000000080160dc00 'java/lang/invoke/LambdaForm$DMH+0x000000080160dc00'
Event: 10.227 Thread 0x0000022461122aa0 Unloading class 0x000000080160d800 'java/lang/invoke/LambdaForm$DMH+0x000000080160d800'
Event: 10.227 Thread 0x0000022461122aa0 Unloading class 0x000000080160d400 'java/lang/invoke/LambdaForm$DMH+0x000000080160d400'
Event: 10.227 Thread 0x0000022461122aa0 Unloading class 0x000000080160d000 'java/lang/invoke/LambdaForm$DMH+0x000000080160d000'
Event: 10.227 Thread 0x0000022461122aa0 Unloading class 0x000000080160cc00 'java/lang/invoke/LambdaForm$DMH+0x000000080160cc00'
Event: 10.227 Thread 0x0000022461122aa0 Unloading class 0x000000080160c800 'java/lang/invoke/LambdaForm$DMH+0x000000080160c800'
Event: 10.227 Thread 0x0000022461122aa0 Unloading class 0x000000080160c000 'java/lang/invoke/LambdaForm$DMH+0x000000080160c000'

Classes redefined (0 events):
No events

Internal exceptions (20 events):
Event: 9.302 Thread 0x00000224686ab3e0 Exception <a 'java/lang/NoSuchMethodError'{0x0000000086865918}: 'void java.lang.invoke.DirectMethodHandle$Holder.invokeStatic(java.lang.Object, java.lang.Object, java.lang.Object, int)'> (0x0000000086865918) 
thrown [t:\workspace\open\src\hotspot\share\interpreter\linkResolver.cpp, line 790]
Event: 9.357 Thread 0x00000224686ab3e0 Implicit null exception at 0x00000224525dfcd7 to 0x00000224525dfe70
Event: 9.365 Thread 0x00000224686ab3e0 Exception <a 'java/lang/IncompatibleClassChangeError'{0x00000000867e6c98}: Found class java.lang.Object, but interface was expected> (0x00000000867e6c98) 
thrown [t:\workspace\open\src\hotspot\share\interpreter\linkResolver.cpp, line 857]
Event: 9.403 Thread 0x00000224686ab3e0 Exception <a 'java/lang/NoSuchMethodError'{0x00000000865a6228}: 'int java.lang.invoke.DirectMethodHandle$Holder.invokeStaticInit(java.lang.Object, java.lang.Object, java.lang.Object, java.lang.Object, java.lang.Object)'> (0x00000000865a6228) 
thrown [t:\workspace\open\src\hotspot\share\interpreter\linkResolver.cpp, line 790]
Event: 9.565 Thread 0x00000224686ad3c0 Exception <a 'java/lang/NoSuchMethodError'{0x00000000860b3148}: 'void java.lang.invoke.DirectMethodHandle$Holder.invokeStatic(java.lang.Object, java.lang.Object, java.lang.Object, java.lang.Object, int, java.lang.Object, java.lang.Object)'> (0x00000000860b3148) 
thrown [t:\workspace\open\src\hotspot\share\interpreter\linkResolver.cpp, line 790]
Event: 9.591 Thread 0x0000022464d9f0b0 Exception <a 'java/lang/NoSuchMethodError'{0x000000008594a0b8}: 'java.lang.Object java.lang.invoke.DirectMethodHandle$Holder.invokeSpecialIFC(java.lang.Object, java.lang.Object, java.lang.Object)'> (0x000000008594a0b8) 
thrown [t:\workspace\open\src\hotspot\share\interpreter\linkResolver.cpp, line 790]
Event: 9.591 Thread 0x0000022466f6ee30 Exception <a 'java/lang/NoSuchMethodError'{0x0000000085959450}: 'java.lang.Object java.lang.invoke.DirectMethodHandle$Holder.invokeSpecialIFC(java.lang.Object, java.lang.Object, java.lang.Object)'> (0x0000000085959450) 
thrown [t:\workspace\open\src\hotspot\share\interpreter\linkResolver.cpp, line 790]
Event: 9.591 Thread 0x0000022466f6d8f0 Exception <a 'java/lang/NoSuchMethodError'{0x00000000859847a0}: 'java.lang.Object java.lang.invoke.DirectMethodHandle$Holder.invokeSpecialIFC(java.lang.Object, java.lang.Object, java.lang.Object)'> (0x00000000859847a0) 
thrown [t:\workspace\open\src\hotspot\share\interpreter\linkResolver.cpp, line 790]
Event: 9.591 Thread 0x0000022467615700 Exception <a 'java/lang/NoSuchMethodError'{0x00000000859a16b0}: 'java.lang.Object java.lang.invoke.DirectMethodHandle$Holder.invokeSpecialIFC(java.lang.Object, java.lang.Object, java.lang.Object)'> (0x00000000859a16b0) 
thrown [t:\workspace\open\src\hotspot\share\interpreter\linkResolver.cpp, line 790]
Event: 9.591 Thread 0x0000022465357910 Exception <a 'java/lang/NoSuchMethodError'{0x000000008592f5d8}: 'java.lang.Object java.lang.invoke.DirectMethodHandle$Holder.invokeSpecialIFC(java.lang.Object, java.lang.Object, java.lang.Object)'> (0x000000008592f5d8) 
thrown [t:\workspace\open\src\hotspot\share\interpreter\linkResolver.cpp, line 790]
Event: 9.591 Thread 0x00000224653593a0 Exception <a 'java/lang/NoSuchMethodError'{0x00000000859773f0}: 'java.lang.Object java.lang.invoke.DirectMethodHandle$Holder.invokeSpecialIFC(java.lang.Object, java.lang.Object, java.lang.Object)'> (0x00000000859773f0) 
thrown [t:\workspace\open\src\hotspot\share\interpreter\linkResolver.cpp, line 790]
Event: 9.591 Thread 0x0000022466f763e0 Exception <a 'java/lang/NoSuchMethodError'{0x00000000859679b0}: 'java.lang.Object java.lang.invoke.DirectMethodHandle$Holder.invokeSpecialIFC(java.lang.Object, java.lang.Object, java.lang.Object)'> (0x00000000859679b0) 
thrown [t:\workspace\open\src\hotspot\share\interpreter\linkResolver.cpp, line 790]
Event: 9.591 Thread 0x00000224653583b0 Exception <a 'java/lang/NoSuchMethodError'{0x00000000859939c8}: 'java.lang.Object java.lang.invoke.DirectMethodHandle$Holder.invokeSpecialIFC(java.lang.Object, java.lang.Object, java.lang.Object)'> (0x00000000859939c8) 
thrown [t:\workspace\open\src\hotspot\share\interpreter\linkResolver.cpp, line 790]
Event: 10.023 Thread 0x0000022464d9f0b0 Implicit null exception at 0x00000224527f1cdb to 0x00000224527f1d70
Event: 10.128 Thread 0x00000224686ad3c0 Exception <a 'java/lang/NoSuchMethodError'{0x0000000087756f70}: 'void java.lang.invoke.DirectMethodHandle$Holder.invokeVirtual(java.lang.Object, java.lang.Object)'> (0x0000000087756f70) 
thrown [t:\workspace\open\src\hotspot\share\interpreter\linkResolver.cpp, line 790]
Event: 10.317 Thread 0x00000224686ad3c0 Implicit null exception at 0x0000022452640b64 to 0x0000022452640d30
Event: 10.653 Thread 0x00000224686ad3c0 Implicit null exception at 0x0000022452394e04 to 0x0000022452395b7c
Event: 10.864 Thread 0x00000224686ad3c0 Exception <a 'java/lang/NoSuchMethodError'{0x000000008819f218}: static Lcom/android/ide/common/resources/CompileResourceRequest;.<clinit>()V> (0x000000008819f218) 
thrown [t:\workspace\open\src\hotspot\share\prims\jni.cpp, line 1210]
Event: 10.871 Thread 0x00000224686ad3c0 Exception <a 'java/lang/NoSuchMethodError'{0x00000000881ffcd0}: static [Ljava/lang/Object;.<clinit>()V> (0x00000000881ffcd0) 
thrown [t:\workspace\open\src\hotspot\share\prims\jni.cpp, line 1210]
Event: 10.873 Thread 0x00000224686ad3c0 Exception <a 'java/lang/NoSuchMethodError'{0x000000008b71f1d0}: static Lkotlin/InitializedLazyImpl;.<clinit>()V> (0x000000008b71f1d0) 
thrown [t:\workspace\open\src\hotspot\share\prims\jni.cpp, line 1210]

Events (20 events):
Event: 10.627 Thread 0x0000022461143f40 flushing nmethod 0x000002244be5cb10
Event: 10.627 Thread 0x0000022461143f40 flushing nmethod 0x000002244be6f390
Event: 10.627 Thread 0x0000022461143f40 flushing nmethod 0x000002244be6fd10
Event: 10.627 Thread 0x0000022461143f40 flushing nmethod 0x000002244be70290
Event: 10.627 Thread 0x0000022461143f40 flushing nmethod 0x000002244be72610
Event: 10.627 Thread 0x0000022461143f40 flushing nmethod 0x000002244be7f490
Event: 10.627 Thread 0x0000022461143f40 flushing nmethod 0x000002244be85690
Event: 10.627 Thread 0x0000022461143f40 flushing nmethod 0x000002244be9aa90
Event: 10.627 Thread 0x0000022461143f40 flushing nmethod 0x000002244bea1390
Event: 10.699 Executing  VM operation: ICBufferFull
Event: 10.699 Executing  VM operation: ICBufferFull done
Event: 10.713 Executing  VM operation: G1CollectForAllocation
Event: 10.723 Executing  VM operation: G1CollectForAllocation done
Event: 10.750 Executing  VM operation: G1TryInitiateConcMark
Event: 10.756 Executing  VM operation: G1TryInitiateConcMark done
Event: 10.856 Executing  VM operation: G1Concurrent
Event: 10.859 Executing  VM operation: G1Concurrent done
Event: 10.877 Executing  VM operation: HandshakeAllThreads
Event: 10.877 Executing  VM operation: HandshakeAllThreads done
Event: 10.878 Thread 0x00000224686b0e30 Thread added: 0x00000224686b0e30


Dynamic libraries:
0x00007ff64e610000 - 0x00007ff64e620000 	C:\Program Files\Java\jdk-16.0.2\bin\java.exe
0x00007ffa7dfd0000 - 0x00007ffa7e1c8000 	C:\WINDOWS\SYSTEM32\ntdll.dll
0x00007ffa7d110000 - 0x00007ffa7d1cd000 	C:\WINDOWS\System32\KERNEL32.DLL
0x00007ffa7bcc0000 - 0x00007ffa7bf8e000 	C:\WINDOWS\System32\KERNELBASE.dll
0x00007ffa7b6f0000 - 0x00007ffa7b7f0000 	C:\WINDOWS\System32\ucrtbase.dll
0x00007ffa69510000 - 0x00007ffa69529000 	C:\Program Files\Java\jdk-16.0.2\bin\VCRUNTIME140.dll
0x00007ffa66910000 - 0x00007ffa66928000 	C:\Program Files\Java\jdk-16.0.2\bin\jli.dll
0x00007ffa7cf10000 - 0x00007ffa7cfbe000 	C:\WINDOWS\System32\ADVAPI32.dll
0x00007ffa7c030000 - 0x00007ffa7c0ce000 	C:\WINDOWS\System32\msvcrt.dll
0x00007ffa7cbc0000 - 0x00007ffa7cc5c000 	C:\WINDOWS\System32\sechost.dll
0x00007ffa7cfc0000 - 0x00007ffa7d0e5000 	C:\WINDOWS\System32\RPCRT4.dll
0x00007ffa7c0d0000 - 0x00007ffa7c270000 	C:\WINDOWS\System32\USER32.dll
0x00007ffa63420000 - 0x00007ffa636ba000 	C:\WINDOWS\WinSxS\amd64_microsoft.windows.common-controls_6595b64144ccf1df_6.0.19041.1110_none_60b5254171f9507e\COMCTL32.dll
0x00007ffa7bbd0000 - 0x00007ffa7bbf2000 	C:\WINDOWS\System32\win32u.dll
0x00007ffa7c7c0000 - 0x00007ffa7c7ea000 	C:\WINDOWS\System32\GDI32.dll
0x00007ffa7b7f0000 - 0x00007ffa7b8fb000 	C:\WINDOWS\System32\gdi32full.dll
0x00007ffa753b0000 - 0x00007ffa753ba000 	C:\WINDOWS\SYSTEM32\VERSION.dll
0x00007ffa7bf90000 - 0x00007ffa7c02d000 	C:\WINDOWS\System32\msvcp_win.dll
0x00007ffa7cac0000 - 0x00007ffa7caf0000 	C:\WINDOWS\System32\IMM32.DLL
0x00007ffa78900000 - 0x00007ffa7890c000 	C:\Program Files\Java\jdk-16.0.2\bin\vcruntime140_1.dll
0x00007ffa66870000 - 0x00007ffa66901000 	C:\Program Files\Java\jdk-16.0.2\bin\msvcp140.dll
0x00007ffa16dd0000 - 0x00007ffa1797b000 	C:\Program Files\Java\jdk-16.0.2\bin\server\jvm.dll
0x00007ffa7df80000 - 0x00007ffa7df88000 	C:\WINDOWS\System32\PSAPI.DLL
0x00007ffa788f0000 - 0x00007ffa788f9000 	C:\WINDOWS\SYSTEM32\WSOCK32.dll
0x00007ffa79d20000 - 0x00007ffa79d47000 	C:\WINDOWS\SYSTEM32\WINMM.dll
0x00007ffa7cd00000 - 0x00007ffa7cd6b000 	C:\WINDOWS\System32\WS2_32.dll
0x00007ffa79fb0000 - 0x00007ffa79fc2000 	C:\WINDOWS\SYSTEM32\kernel.appcore.dll
0x00007ffa6afd0000 - 0x00007ffa6afda000 	C:\Program Files\Java\jdk-16.0.2\bin\jimage.dll
0x00007ffa79b30000 - 0x00007ffa79d14000 	C:\WINDOWS\SYSTEM32\DBGHELP.DLL
0x00007ffa79af0000 - 0x00007ffa79b1c000 	C:\WINDOWS\SYSTEM32\dbgcore.DLL
0x00007ffa7bc00000 - 0x00007ffa7bc82000 	C:\WINDOWS\System32\bcryptPrimitives.dll
0x00007ffa66840000 - 0x00007ffa66865000 	C:\Program Files\Java\jdk-16.0.2\bin\java.dll
0x00007ffa7d830000 - 0x00007ffa7df74000 	C:\WINDOWS\System32\SHELL32.dll
0x00007ffa79350000 - 0x00007ffa79ae4000 	C:\WINDOWS\SYSTEM32\windows.storage.dll
0x00007ffa7c400000 - 0x00007ffa7c754000 	C:\WINDOWS\System32\combase.dll
0x00007ffa7b150000 - 0x00007ffa7b180000 	C:\WINDOWS\SYSTEM32\Wldp.dll
0x00007ffa7c350000 - 0x00007ffa7c3fd000 	C:\WINDOWS\System32\SHCORE.dll
0x00007ffa7c760000 - 0x00007ffa7c7b5000 	C:\WINDOWS\System32\shlwapi.dll
0x00007ffa7b630000 - 0x00007ffa7b64f000 	C:\WINDOWS\SYSTEM32\profapi.dll
0x00007ffa66820000 - 0x00007ffa66839000 	C:\Program Files\Java\jdk-16.0.2\bin\net.dll
0x00007ffa669e0000 - 0x00007ffa66aea000 	C:\WINDOWS\SYSTEM32\WINHTTP.dll
0x00007ffa7aeb0000 - 0x00007ffa7af1a000 	C:\WINDOWS\system32\mswsock.dll
0x00007ffa66800000 - 0x00007ffa66813000 	C:\Program Files\Java\jdk-16.0.2\bin\nio.dll
0x00007ffa667e0000 - 0x00007ffa667f8000 	C:\Program Files\Java\jdk-16.0.2\bin\zip.dll
0x00007ffa6a170000 - 0x00007ffa6a180000 	C:\Program Files\Java\jdk-16.0.2\bin\verify.dll
0x00007ffa66930000 - 0x00007ffa66957000 	C:\Users\ITECH\.gradle\native\e1d6ef7f7dcc3fd88c89a11ec53ec762bb8ba0a96d01ffa2cd45eb1d1d8dd5c5\windows-amd64\native-platform.dll
0x00007ffa537c0000 - 0x00007ffa53904000 	C:\Users\ITECH\.gradle\native\5664cfc778a61ccfe75a443a1ab52a65af34e5dc3c78e0209fed803814484fcb\windows-amd64\native-platform-file-events.dll
0x00007ffa69b60000 - 0x00007ffa69b69000 	C:\Program Files\Java\jdk-16.0.2\bin\management.dll
0x00007ffa69b30000 - 0x00007ffa69b3b000 	C:\Program Files\Java\jdk-16.0.2\bin\management_ext.dll
0x00007ffa7b0a0000 - 0x00007ffa7b0b8000 	C:\WINDOWS\SYSTEM32\CRYPTSP.dll
0x00007ffa7a7c0000 - 0x00007ffa7a7f4000 	C:\WINDOWS\system32\rsaenh.dll
0x00007ffa7bc90000 - 0x00007ffa7bcb7000 	C:\WINDOWS\System32\bcrypt.dll
0x00007ffa7b5f0000 - 0x00007ffa7b61e000 	C:\WINDOWS\SYSTEM32\USERENV.dll
0x00007ffa7b0c0000 - 0x00007ffa7b0cc000 	C:\WINDOWS\SYSTEM32\CRYPTBASE.dll
0x00007ffa7ab50000 - 0x00007ffa7ab8b000 	C:\WINDOWS\SYSTEM32\IPHLPAPI.DLL
0x00007ffa7cc60000 - 0x00007ffa7cc68000 	C:\WINDOWS\System32\NSI.dll
0x00007ffa6fca0000 - 0x00007ffa6fcb7000 	C:\WINDOWS\SYSTEM32\dhcpcsvc6.DLL
0x00007ffa71010000 - 0x00007ffa7102d000 	C:\WINDOWS\SYSTEM32\dhcpcsvc.DLL
0x00007ffa7aba0000 - 0x00007ffa7ac6a000 	C:\WINDOWS\SYSTEM32\DNSAPI.dll
0x00007ffa69a40000 - 0x00007ffa69a4e000 	C:\Program Files\Java\jdk-16.0.2\bin\sunmscapi.dll
0x00007ffa7b970000 - 0x00007ffa7bac6000 	C:\WINDOWS\System32\CRYPT32.dll
0x00007ffa7b1c0000 - 0x00007ffa7b1e7000 	C:\WINDOWS\SYSTEM32\ncrypt.dll
0x00007ffa7b180000 - 0x00007ffa7b1bb000 	C:\WINDOWS\SYSTEM32\NTASN1.dll
0x00007ffa54150000 - 0x00007ffa54157000 	C:\WINDOWS\system32\wshunix.dll
0x00007ffa7a3f0000 - 0x00007ffa7a423000 	C:\WINDOWS\SYSTEM32\ntmarta.dll

dbghelp: loaded successfully - version: 4.0.5 - missing functions: none
symbol engine: initialized successfully - sym options: 0x614 - pdb path: .;C:\Program Files\Java\jdk-16.0.2\bin;C:\WINDOWS\SYSTEM32;C:\WINDOWS\WinSxS\amd64_microsoft.windows.common-controls_6595b64144ccf1df_6.0.19041.1110_none_60b5254171f9507e;C:\Program Files\Java\jdk-16.0.2\bin\server;C:\Users\ITECH\.gradle\native\e1d6ef7f7dcc3fd88c89a11ec53ec762bb8ba0a96d01ffa2cd45eb1d1d8dd5c5\windows-amd64;C:\Users\ITECH\.gradle\native\5664cfc778a61ccfe75a443a1ab52a65af34e5dc3c78e0209fed803814484fcb\windows-amd64

VM Arguments:
jvm_args: --add-opens=java.base/java.util=ALL-UNNAMED --add-opens=java.base/java.lang=ALL-UNNAMED --add-opens=java.base/java.lang.invoke=ALL-UNNAMED --add-opens=java.base/java.util=ALL-UNNAMED --add-opens=java.prefs/java.util.prefs=ALL-UNNAMED --add-opens=java.prefs/java.util.prefs=ALL-UNNAMED --add-opens=java.base/java.nio.charset=ALL-UNNAMED --add-opens=java.base/java.net=ALL-UNNAMED --add-opens=java.base/java.util.concurrent.atomic=ALL-UNNAMED -Xmx2048m -Dfile.encoding=UTF-8 -Duser.country=US -Duser.language=en -Duser.variant 
java_command: org.gradle.launcher.daemon.bootstrap.GradleDaemon 7.3.3
java_class_path (initial): C:\Users\ITECH\.gradle\wrapper\dists\gradle-7.3.3-bin\6a41zxkdtcxs8rphpq6y0069z\gradle-7.3.3\lib\gradle-launcher-7.3.3.jar
Launcher Type: SUN_STANDARD

[Global flags]
     intx CICompilerCount                          = 4                                         {product} {ergonomic}
     uint ConcGCThreads                            = 2                                         {product} {ergonomic}
     uint G1ConcRefinementThreads                  = 8                                         {product} {ergonomic}
   size_t G1HeapRegionSize                         = 1048576                                   {product} {ergonomic}
    uintx GCDrainStackTargetSize                   = 64                                        {product} {ergonomic}
   size_t InitialHeapSize                          = 132120576                                 {product} {ergonomic}
   size_t MarkStackSize                            = 4194304                                   {product} {ergonomic}
   size_t MaxHeapSize                              = 2147483648                                {product} {command line}
   size_t MaxNewSize                               = 1287651328                                {product} {ergonomic}
   size_t MinHeapDeltaBytes                        = 1048576                                   {product} {ergonomic}
   size_t MinHeapSize                              = 8388608                                   {product} {ergonomic}
    uintx NonNMethodCodeHeapSize                   = 5839372                                {pd product} {ergonomic}
    uintx NonProfiledCodeHeapSize                  = 122909434                              {pd product} {ergonomic}
    uintx ProfiledCodeHeapSize                     = 122909434                              {pd product} {ergonomic}
    uintx ReservedCodeCacheSize                    = 251658240                              {pd product} {ergonomic}
     bool SegmentedCodeCache                       = true                                      {product} {ergonomic}
   size_t SoftMaxHeapSize                          = 2147483648                             {manageable} {ergonomic}
     bool UseCompressedClassPointers               = true                           {product lp64_product} {ergonomic}
     bool UseCompressedOops                        = true                           {product lp64_product} {ergonomic}
     bool UseG1GC                                  = true                                      {product} {ergonomic}
     bool UseLargePagesIndividualAllocation        = false                                  {pd product} {ergonomic}

Logging:
Log output configuration:
 #0: stdout all=warning uptime,level,tags
 #1: stderr all=off uptime,level,tags

Environment Variables:
JAVA_HOME=C:\Program Files\Java\jdk-16.0.2
PATH=C:\Program Files\Python37\Scripts\;C:\Program Files\Python37\;C:\ProgramData\Oracle\Java\javapath;C:\app\ITECH\product\11.2.0\dbhome_1\bin;C:\Program Files\Common Files\Oracle\Java\javapath;C:\Program Files (x86)\Common Files\Oracle\Java\javapath;C:\WINDOWS\system32;C:\WINDOWS;C:\WINDOWS\System32\Wbem;C:\WINDOWS\System32\WindowsPowerShell\v1.0\;C:\WINDOWS\System32\OpenSSH\;C:\Program Files\Microsoft SQL Server\130\Tools\Binn\;C:\Program Files\Microsoft SQL Server\Client SDK\ODBC\170\Tools\Binn\;C:\Program Files\dotnet\;C:\Program Files\nodejs\;C:\Program Files\Java\jdk-16.0.2\bin;C:\Program Files\Git\cmd;C:\Program Files\Java\jdk-16.0.2\bin;
USERNAME=ITECH
OS=Windows_NT
PROCESSOR_IDENTIFIER=Intel64 Family 6 Model 126 Stepping 5, GenuineIntel



---------------  S Y S T E M  ---------------

OS:
 Windows 10 , 64 bit Build 19041 (10.0.19041.1889)
OS uptime: 0 days 20:30 hours

CPU: total 8 (initial active 8) (4 cores per cpu, 2 threads per core) family 6 model 126 stepping 5 microcode 0xb0, cx8, cmov, fxsr, ht, mmx, 3dnowpref, sse, sse2, sse3, ssse3, sse4.1, sse4.2, popcnt, lzcnt, tsc, tscinvbit, avx, avx2, aes, erms, clmul, bmi1, bmi2, adx, avx512f, avx512dq, avx512cd, avx512bw, avx512vl, sha, fma, vzeroupper, avx512_vpopcntdq, avx512_vpclmulqdq, avx512_vaes, avx512_vnni, clflush, clflushopt, avx512_vmbi2, avx512_vmbi

Memory: 4k page, system-wide physical 7959M (985M free)
TotalPageFile size 7959M (AvailPageFile size 4M)
current process WorkingSet (physical memory assigned to process): 371M, peak: 371M
current process commit charge ("private bytes"): 462M, peak: 462M

vm_info: Java HotSpot(TM) 64-Bit Server VM (16.0.2+7-67) for windows-amd64 JRE (16.0.2+7-67), built on Jun  8 2021 23:24:19 by "mach5one" with MS VC++ 16.7 (VS2019)

END.
