#
# There is insufficient memory for the Java Runtime Environment to continue.
# Native memory allocation (mmap) failed to map 167772160 bytes for G1 virtual space
# Possible reasons:
#   The system is out of physical RAM or swap space
#   The process is running with CompressedOops enabled, and the Java Heap may be blocking the growth of the native heap
# Possible solutions:
#   Reduce memory load on the system
#   Increase physical memory or swap space
#   Check if swap backing store is full
#   Decrease Java heap size (-Xmx/-Xms)
#   Decrease number of Java threads
#   Decrease Java thread stack sizes (-Xss)
#   Set larger code cache with -XX:ReservedCodeCacheSize=
#   JVM is running with Unscaled Compressed Oops mode in which the Java heap is
#     placed in the first 4GB address space. The Java Heap base address is the
#     maximum limit for the native heap growth. Please use -XX:HeapBaseMinAddress
#     to set the Java Heap base and to place the Java Heap above 4GB virtual address.
# This output file may be truncated or incomplete.
#
#  Out of Memory Error (os_windows.cpp:3466), pid=10400, tid=8728
#
# JRE version: Java(TM) SE Runtime Environment (16.0.2+7) (build 16.0.2+7-67)
# Java VM: Java HotSpot(TM) 64-Bit Server VM (16.0.2+7-67, mixed mode, sharing, tiered, compressed oops, compressed class ptrs, g1 gc, windows-amd64)
# No core dump will be written. Minidumps are not enabled by default on client versions of Windows
#

---------------  S U M M A R Y ------------

Command Line: --add-opens=java.base/java.util=ALL-UNNAMED --add-opens=java.base/java.lang=ALL-UNNAMED --add-opens=java.base/java.lang.invoke=ALL-UNNAMED --add-opens=java.base/java.util=ALL-UNNAMED --add-opens=java.prefs/java.util.prefs=ALL-UNNAMED --add-opens=java.prefs/java.util.prefs=ALL-UNNAMED --add-opens=java.base/java.nio.charset=ALL-UNNAMED --add-opens=java.base/java.net=ALL-UNNAMED --add-opens=java.base/java.util.concurrent.atomic=ALL-UNNAMED -Xmx2048m -Dfile.encoding=UTF-8 -Duser.country=US -Duser.language=en -Duser.variant org.gradle.launcher.daemon.bootstrap.GradleDaemon 7.3.3

Host: Intel(R) Core(TM) i7-1065G7 CPU @ 1.30GHz, 8 cores, 7G,  Windows 10 , 64 bit Build 19041 (10.0.19041.1889)
Time: Wed Aug 17 13:16:02 2022 Egypt Standard Time elapsed time: 10.635833 seconds (0d 0h 0m 10s)

---------------  T H R E A D  ---------------

Current thread (0x0000023b7f649490):  VMThread "VM Thread" [stack: 0x000000459b500000,0x000000459b600000] [id=8728]

Stack: [0x000000459b500000,0x000000459b600000]
Native frames: (J=compiled Java code, j=interpreted, Vv=VM code, C=native code)
V  [jvm.dll+0x6681ca]
V  [jvm.dll+0x7c9e69]
V  [jvm.dll+0x7cb61e]
V  [jvm.dll+0x7cbc73]
V  [jvm.dll+0x242c55]
V  [jvm.dll+0x664f89]
V  [jvm.dll+0x659b75]
V  [jvm.dll+0x2fbfbb]
V  [jvm.dll+0x3031b6]
V  [jvm.dll+0x35299e]
V  [jvm.dll+0x352bcf]
V  [jvm.dll+0x2d3028]
V  [jvm.dll+0x2d0bb5]
V  [jvm.dll+0x2d01ec]
V  [jvm.dll+0x315693]
V  [jvm.dll+0x7d00ab]
V  [jvm.dll+0x7d0da4]
V  [jvm.dll+0x7d12a9]
V  [jvm.dll+0x7d1564]
V  [jvm.dll+0x7d1630]
V  [jvm.dll+0x7795aa]
V  [jvm.dll+0x667066]
C  [ucrtbase.dll+0x21bb2]
C  [KERNEL32.DLL+0x17034]
C  [ntdll.dll+0x52651]

VM_Operation (0x000000459cef4b80): G1TryInitiateConcMark, mode: safepoint, requested by thread 0x0000023b158cac00


---------------  P R O C E S S  ---------------

Threads class SMR info:
_java_thread_list=0x0000023b18bcee80, length=137, elements={
0x0000023b74591880, 0x0000023b7f64ce90, 0x0000023b7f64d9a0, 0x0000023b7f65c570,
0x0000023b7f65ee90, 0x0000023b7f65f7a0, 0x0000023b7f6610c0, 0x0000023b7f6852c0,
0x0000023b7f6910f0, 0x0000023b7f695670, 0x0000023b13a0fc40, 0x0000023b13a14170,
0x0000023b13a5bbe0, 0x0000023b15012f50, 0x0000023b15752fa0, 0x0000023b153d15e0,
0x0000023b155dba00, 0x0000023b15f9e010, 0x0000023b15d97d30, 0x0000023b150fae30,
0x0000023b158cac00, 0x0000023b158ca160, 0x0000023b158cd130, 0x0000023b158cb150,
0x0000023b158cbbf0, 0x0000023b158cb6a0, 0x0000023b158cc690, 0x0000023b158c9c10,
0x0000023b158ca6b0, 0x0000023b158cc140, 0x0000023b158ccbe0, 0x0000023b17080f90,
0x0000023b1707ca80, 0x0000023b17081f80, 0x0000023b1707ffa0, 0x0000023b1707ea60,
0x0000023b1707efb0, 0x0000023b17080a40, 0x0000023b1707fa50, 0x0000023b170814e0,
0x0000023b17082a20, 0x0000023b1707d520, 0x0000023b1707bfe0, 0x0000023b1707c530,
0x0000023b17082f70, 0x0000023b1707b540, 0x0000023b1707ba90, 0x0000023b19d2e570,
0x0000023b19d31a90, 0x0000023b19d2dad0, 0x0000023b19d2d580, 0x0000023b19d2b050,
0x0000023b19d2ab00, 0x0000023b19d2a060, 0x0000023b19d31540, 0x0000023b19d2a5b0,
0x0000023b19d2b5a0, 0x0000023b19d2f560, 0x0000023b19d2baf0, 0x0000023b19d2fab0,
0x0000023b19d2e020, 0x0000023b19d2eac0, 0x0000023b19d2f010, 0x0000023b19d30000,
0x0000023b19d30550, 0x0000023b19d2c040, 0x0000023b19d30aa0, 0x0000023b19d30ff0,
0x0000023b19d2c590, 0x0000023b19d2cae0, 0x0000023b19d2d030, 0x0000023b19f2df50,
0x0000023b19f35430, 0x0000023b19f2e4a0, 0x0000023b19f30480, 0x0000023b19f319c0,
0x0000023b19f34ee0, 0x0000023b19f309d0, 0x0000023b19f2ff30, 0x0000023b19f33450,
0x0000023b19f339a0, 0x0000023b19f35980, 0x0000023b19f33ef0, 0x0000023b19f2ef40,
0x0000023b19f34440, 0x0000023b19f2e9f0, 0x0000023b19f30f20, 0x0000023b19f2f490,
0x0000023b19f2f9e0, 0x0000023b19f32460, 0x0000023b19f31470, 0x0000023b19f31f10,
0x0000023b19f34990, 0x0000023b19f329b0, 0x0000023b19f32f00, 0x0000023b18cb0700,
0x0000023b18cadc80, 0x0000023b18cb26e0, 0x0000023b18cb2c30, 0x0000023b18cb3c20,
0x0000023b18cb0c50, 0x0000023b18cb1c40, 0x0000023b18cad1e0, 0x0000023b18cb4170,
0x0000023b18cb46c0, 0x0000023b18cb11a0, 0x0000023b18cb3180, 0x0000023b18cb36d0,
0x0000023b18caf710, 0x0000023b18caec70, 0x0000023b18cacc90, 0x0000023b18cb01b0,
0x0000023b18cad730, 0x0000023b18cb2190, 0x0000023b18cae1d0, 0x0000023b18cae720,
0x0000023b18cb16f0, 0x0000023b18caf1c0, 0x0000023b18cafc60, 0x0000023b16b36740,
0x0000023b16b35750, 0x0000023b16b32cd0, 0x0000023b16b34210, 0x0000023b16b33770,
0x0000023b16b371e0, 0x0000023b16b35ca0, 0x0000023b16b32230, 0x0000023b16b34760,
0x0000023b16b30cf0, 0x0000023b16b31790, 0x0000023b16b32780, 0x0000023b16b31ce0,
0x0000023b16b2fd00, 0x0000023b16b33220, 0x0000023b16b36c90, 0x0000023b16b34cb0,
0x0000023b16b2f7b0
}

Java Threads: ( => current thread )
  0x0000023b74591880 JavaThread "main" [_thread_blocked, id=12544, stack(0x000000459af00000,0x000000459b000000)]
  0x0000023b7f64ce90 JavaThread "Reference Handler" daemon [_thread_blocked, id=13156, stack(0x000000459b600000,0x000000459b700000)]
  0x0000023b7f64d9a0 JavaThread "Finalizer" daemon [_thread_blocked, id=1768, stack(0x000000459b700000,0x000000459b800000)]
  0x0000023b7f65c570 JavaThread "Signal Dispatcher" daemon [_thread_blocked, id=7384, stack(0x000000459b800000,0x000000459b900000)]
  0x0000023b7f65ee90 JavaThread "Attach Listener" daemon [_thread_blocked, id=10004, stack(0x000000459b900000,0x000000459ba00000)]
  0x0000023b7f65f7a0 JavaThread "Service Thread" daemon [_thread_blocked, id=8976, stack(0x000000459ba00000,0x000000459bb00000)]
  0x0000023b7f6610c0 JavaThread "Monitor Deflation Thread" daemon [_thread_blocked, id=7672, stack(0x000000459bb00000,0x000000459bc00000)]
  0x0000023b7f6852c0 JavaThread "C2 CompilerThread0" daemon [_thread_blocked, id=6136, stack(0x000000459bc00000,0x000000459bd00000)]
  0x0000023b7f6910f0 JavaThread "C1 CompilerThread0" daemon [_thread_blocked, id=4040, stack(0x000000459bd00000,0x000000459be00000)]
  0x0000023b7f695670 JavaThread "Sweeper thread" daemon [_thread_blocked, id=2116, stack(0x000000459be00000,0x000000459bf00000)]
  0x0000023b13a0fc40 JavaThread "Common-Cleaner" daemon [_thread_blocked, id=1368, stack(0x000000459bf00000,0x000000459c000000)]
  0x0000023b13a14170 JavaThread "Notification Thread" daemon [_thread_blocked, id=2952, stack(0x000000459c000000,0x000000459c100000)]
  0x0000023b13a5bbe0 JavaThread "C2 CompilerThread1" daemon [_thread_blocked, id=4076, stack(0x000000459c200000,0x000000459c300000)]
  0x0000023b15012f50 JavaThread "C2 CompilerThread2" daemon [_thread_blocked, id=13160, stack(0x000000459c700000,0x000000459c800000)]
  0x0000023b15752fa0 JavaThread "Daemon health stats" [_thread_blocked, id=9248, stack(0x000000459c800000,0x000000459c900000)]
  0x0000023b153d15e0 JavaThread "Incoming local TCP Connector on port 53090" [_thread_in_native, id=3220, stack(0x000000459c900000,0x000000459ca00000)]
  0x0000023b155dba00 JavaThread "Daemon periodic checks" [_thread_blocked, id=7068, stack(0x000000459ca00000,0x000000459cb00000)]
  0x0000023b15f9e010 JavaThread "Daemon" [_thread_blocked, id=10028, stack(0x000000459cb00000,0x000000459cc00000)]
  0x0000023b15d97d30 JavaThread "Handler for socket connection from /127.0.0.1:53090 to /127.0.0.1:53091" [_thread_in_native, id=2852, stack(0x000000459cc00000,0x000000459cd00000)]
  0x0000023b150fae30 JavaThread "Cancel handler" [_thread_blocked, id=9708, stack(0x000000459cd00000,0x000000459ce00000)]
  0x0000023b158cac00 JavaThread "Daemon worker" [_thread_blocked, id=5180, stack(0x000000459ce00000,0x000000459cf00000)]
  0x0000023b158ca160 JavaThread "Asynchronous log dispatcher for DefaultDaemonConnection: socket connection from /127.0.0.1:53090 to /127.0.0.1:53091" [_thread_blocked, id=9912, stack(0x000000459cf00000,0x000000459d000000)]
  0x0000023b158cd130 JavaThread "Stdin handler" [_thread_blocked, id=9000, stack(0x000000459d000000,0x000000459d100000)]
  0x0000023b158cb150 JavaThread "Daemon client event forwarder" [_thread_blocked, id=13068, stack(0x000000459d100000,0x000000459d200000)]
  0x0000023b158cbbf0 JavaThread "Cache worker for journal cache (C:\Users\ITECH\.gradle\caches\journal-1)" [_thread_blocked, id=9040, stack(0x000000459d200000,0x000000459d300000)]
  0x0000023b158cb6a0 JavaThread "File lock request listener" [_thread_in_native, id=4676, stack(0x000000459d300000,0x000000459d400000)]
  0x0000023b158cc690 JavaThread "Cache worker for file hash cache (C:\Users\ITECH\.gradle\caches\7.3.3\fileHashes)" [_thread_blocked, id=10132, stack(0x000000459d400000,0x000000459d500000)]
  0x0000023b158c9c10 JavaThread "Cache worker for file hash cache (C:\Users\ITECH\AndroidStudioProjects\yummy\.gradle\7.3.3\fileHashes)" [_thread_blocked, id=11204, stack(0x000000459d500000,0x000000459d600000)]
  0x0000023b158ca6b0 JavaThread "File watcher server" daemon [_thread_blocked, id=5436, stack(0x000000459d900000,0x000000459da00000)]
  0x0000023b158cc140 JavaThread "File watcher consumer" daemon [_thread_blocked, id=10056, stack(0x000000459da00000,0x000000459db00000)]
  0x0000023b158ccbe0 JavaThread "Cache worker for checksums cache (C:\Users\ITECH\AndroidStudioProjects\yummy\.gradle\7.3.3\checksums)" [_thread_blocked, id=7692, stack(0x000000459db00000,0x000000459dc00000)]
  0x0000023b17080f90 JavaThread "Cache worker for cache directory md-supplier (C:\Users\ITECH\.gradle\caches\7.3.3\md-supplier)" [_thread_blocked, id=12276, stack(0x000000459dc00000,0x000000459dd00000)]
  0x0000023b1707ca80 JavaThread "Cache worker for cache directory md-rule (C:\Users\ITECH\.gradle\caches\7.3.3\md-rule)" [_thread_blocked, id=8460, stack(0x000000459dd00000,0x000000459de00000)]
  0x0000023b17081f80 JavaThread "Cache worker for execution history cache (C:\Users\ITECH\.gradle\caches\7.3.3\executionHistory)" [_thread_blocked, id=452, stack(0x000000459df00000,0x000000459e000000)]
  0x0000023b1707ffa0 JavaThread "jar transforms" [_thread_blocked, id=1104, stack(0x000000459e000000,0x000000459e100000)]
  0x0000023b1707ea60 JavaThread "Cache worker for file content cache (C:\Users\ITECH\.gradle\caches\7.3.3\fileContent)" [_thread_blocked, id=9328, stack(0x000000459e100000,0x000000459e200000)]
  0x0000023b1707efb0 JavaThread "jar transforms Thread 2" [_thread_blocked, id=6004, stack(0x000000459e200000,0x000000459e300000)]
  0x0000023b17080a40 JavaThread "Cache worker for dependencies-accessors (C:\Users\ITECH\AndroidStudioProjects\yummy\.gradle\7.3.3\dependencies-accessors)" [_thread_blocked, id=12676, stack(0x000000459e300000,0x000000459e400000)]
  0x0000023b1707fa50 JavaThread "jar transforms Thread 3" [_thread_blocked, id=456, stack(0x000000459e400000,0x000000459e500000)]
  0x0000023b170814e0 JavaThread "Cache worker for Build Output Cleanup Cache (C:\Users\ITECH\AndroidStudioProjects\yummy\.gradle\buildOutputCleanup)" [_thread_blocked, id=5444, stack(0x000000459e500000,0x000000459e600000)]
  0x0000023b17082a20 JavaThread "Unconstrained build operations" [_thread_blocked, id=10396, stack(0x000000459e600000,0x000000459e700000)]
  0x0000023b1707d520 JavaThread "Unconstrained build operations Thread 2" [_thread_blocked, id=1196, stack(0x000000459e700000,0x000000459e800000)]
  0x0000023b1707bfe0 JavaThread "Unconstrained build operations Thread 3" [_thread_blocked, id=7428, stack(0x000000459e800000,0x000000459e900000)]
  0x0000023b1707c530 JavaThread "Unconstrained build operations Thread 4" [_thread_blocked, id=4836, stack(0x000000459e900000,0x000000459ea00000)]
  0x0000023b17082f70 JavaThread "Unconstrained build operations Thread 5" [_thread_blocked, id=11872, stack(0x000000459ea00000,0x000000459eb00000)]
  0x0000023b1707b540 JavaThread "Unconstrained build operations Thread 6" [_thread_blocked, id=10708, stack(0x000000459eb00000,0x000000459ec00000)]
  0x0000023b1707ba90 JavaThread "Unconstrained build operations Thread 7" [_thread_blocked, id=10196, stack(0x000000459ec00000,0x000000459ed00000)]
  0x0000023b19d2e570 JavaThread "Unconstrained build operations Thread 8" [_thread_blocked, id=4832, stack(0x000000459ed00000,0x000000459ee00000)]
  0x0000023b19d31a90 JavaThread "Unconstrained build operations Thread 9" [_thread_blocked, id=10392, stack(0x000000459ee00000,0x000000459ef00000)]
  0x0000023b19d2dad0 JavaThread "Unconstrained build operations Thread 10" [_thread_blocked, id=8224, stack(0x000000459ef00000,0x000000459f000000)]
  0x0000023b19d2d580 JavaThread "Unconstrained build operations Thread 11" [_thread_blocked, id=10712, stack(0x000000459f000000,0x000000459f100000)]
  0x0000023b19d2b050 JavaThread "Unconstrained build operations Thread 12" [_thread_blocked, id=956, stack(0x000000459f100000,0x000000459f200000)]
  0x0000023b19d2ab00 JavaThread "Unconstrained build operations Thread 13" [_thread_blocked, id=1668, stack(0x000000459f200000,0x000000459f300000)]
  0x0000023b19d2a060 JavaThread "Unconstrained build operations Thread 14" [_thread_blocked, id=12400, stack(0x000000459f300000,0x000000459f400000)]
  0x0000023b19d31540 JavaThread "Unconstrained build operations Thread 15" [_thread_blocked, id=6396, stack(0x000000459f400000,0x000000459f500000)]
  0x0000023b19d2a5b0 JavaThread "Unconstrained build operations Thread 16" [_thread_blocked, id=1680, stack(0x000000459f500000,0x000000459f600000)]
  0x0000023b19d2b5a0 JavaThread "Unconstrained build operations Thread 17" [_thread_blocked, id=2104, stack(0x000000459f600000,0x000000459f700000)]
  0x0000023b19d2f560 JavaThread "Unconstrained build operations Thread 18" [_thread_blocked, id=5840, stack(0x000000459f700000,0x000000459f800000)]
  0x0000023b19d2baf0 JavaThread "Unconstrained build operations Thread 19" [_thread_blocked, id=4012, stack(0x000000459f800000,0x000000459f900000)]
  0x0000023b19d2fab0 JavaThread "Unconstrained build operations Thread 20" [_thread_blocked, id=4952, stack(0x000000459f900000,0x000000459fa00000)]
  0x0000023b19d2e020 JavaThread "Unconstrained build operations Thread 21" [_thread_blocked, id=10544, stack(0x000000459fa00000,0x000000459fb00000)]
  0x0000023b19d2eac0 JavaThread "Unconstrained build operations Thread 22" [_thread_blocked, id=3112, stack(0x000000459fb00000,0x000000459fc00000)]
  0x0000023b19d2f010 JavaThread "Unconstrained build operations Thread 23" [_thread_blocked, id=11092, stack(0x000000459fc00000,0x000000459fd00000)]
  0x0000023b19d30000 JavaThread "Unconstrained build operations Thread 24" [_thread_blocked, id=11184, stack(0x000000459fd00000,0x000000459fe00000)]
  0x0000023b19d30550 JavaThread "Unconstrained build operations Thread 25" [_thread_blocked, id=9404, stack(0x000000459fe00000,0x000000459ff00000)]
  0x0000023b19d2c040 JavaThread "Unconstrained build operations Thread 26" [_thread_blocked, id=9732, stack(0x000000459ff00000,0x00000045a0000000)]
  0x0000023b19d30aa0 JavaThread "Unconstrained build operations Thread 27" [_thread_blocked, id=1432, stack(0x00000045a0000000,0x00000045a0100000)]
  0x0000023b19d30ff0 JavaThread "Unconstrained build operations Thread 28" [_thread_blocked, id=8704, stack(0x00000045a0100000,0x00000045a0200000)]
  0x0000023b19d2c590 JavaThread "Unconstrained build operations Thread 29" [_thread_blocked, id=5920, stack(0x00000045a0200000,0x00000045a0300000)]
  0x0000023b19d2cae0 JavaThread "Unconstrained build operations Thread 30" [_thread_blocked, id=9572, stack(0x00000045a0300000,0x00000045a0400000)]
  0x0000023b19d2d030 JavaThread "Unconstrained build operations Thread 31" [_thread_blocked, id=11756, stack(0x00000045a0400000,0x00000045a0500000)]
  0x0000023b19f2df50 JavaThread "Unconstrained build operations Thread 32" [_thread_blocked, id=11016, stack(0x00000045a0500000,0x00000045a0600000)]
  0x0000023b19f35430 JavaThread "Unconstrained build operations Thread 33" [_thread_blocked, id=12920, stack(0x00000045a0600000,0x00000045a0700000)]
  0x0000023b19f2e4a0 JavaThread "Unconstrained build operations Thread 34" [_thread_blocked, id=2428, stack(0x00000045a0700000,0x00000045a0800000)]
  0x0000023b19f30480 JavaThread "Unconstrained build operations Thread 35" [_thread_blocked, id=10088, stack(0x00000045a0800000,0x00000045a0900000)]
  0x0000023b19f319c0 JavaThread "Unconstrained build operations Thread 36" [_thread_blocked, id=5836, stack(0x00000045a0900000,0x00000045a0a00000)]
  0x0000023b19f34ee0 JavaThread "Unconstrained build operations Thread 37" [_thread_blocked, id=10900, stack(0x00000045a0a00000,0x00000045a0b00000)]
  0x0000023b19f309d0 JavaThread "Unconstrained build operations Thread 38" [_thread_blocked, id=13132, stack(0x00000045a0b00000,0x00000045a0c00000)]
  0x0000023b19f2ff30 JavaThread "Unconstrained build operations Thread 39" [_thread_blocked, id=1856, stack(0x00000045a0c00000,0x00000045a0d00000)]
  0x0000023b19f33450 JavaThread "Unconstrained build operations Thread 40" [_thread_blocked, id=10012, stack(0x00000045a0d00000,0x00000045a0e00000)]
  0x0000023b19f339a0 JavaThread "Unconstrained build operations Thread 41" [_thread_blocked, id=3520, stack(0x00000045a0e00000,0x00000045a0f00000)]
  0x0000023b19f35980 JavaThread "Unconstrained build operations Thread 42" [_thread_blocked, id=9048, stack(0x00000045a0f00000,0x00000045a1000000)]
  0x0000023b19f33ef0 JavaThread "Unconstrained build operations Thread 43" [_thread_blocked, id=9908, stack(0x00000045a1000000,0x00000045a1100000)]
  0x0000023b19f2ef40 JavaThread "Unconstrained build operations Thread 44" [_thread_blocked, id=9340, stack(0x00000045a1100000,0x00000045a1200000)]
  0x0000023b19f34440 JavaThread "Unconstrained build operations Thread 45" [_thread_blocked, id=11096, stack(0x00000045a1200000,0x00000045a1300000)]
  0x0000023b19f2e9f0 JavaThread "Unconstrained build operations Thread 46" [_thread_blocked, id=3652, stack(0x00000045a1300000,0x00000045a1400000)]
  0x0000023b19f30f20 JavaThread "Unconstrained build operations Thread 47" [_thread_blocked, id=8720, stack(0x00000045a1400000,0x00000045a1500000)]
  0x0000023b19f2f490 JavaThread "Unconstrained build operations Thread 48" [_thread_blocked, id=1620, stack(0x00000045a1500000,0x00000045a1600000)]
  0x0000023b19f2f9e0 JavaThread "Unconstrained build operations Thread 49" [_thread_blocked, id=7496, stack(0x00000045a1600000,0x00000045a1700000)]
  0x0000023b19f32460 JavaThread "Unconstrained build operations Thread 50" [_thread_blocked, id=2820, stack(0x00000045a1700000,0x00000045a1800000)]
  0x0000023b19f31470 JavaThread "Unconstrained build operations Thread 51" [_thread_blocked, id=6872, stack(0x00000045a1800000,0x00000045a1900000)]
  0x0000023b19f31f10 JavaThread "Unconstrained build operations Thread 52" [_thread_blocked, id=12564, stack(0x00000045a1900000,0x00000045a1a00000)]
  0x0000023b19f34990 JavaThread "Unconstrained build operations Thread 53" [_thread_blocked, id=5508, stack(0x00000045a1a00000,0x00000045a1b00000)]
  0x0000023b19f329b0 JavaThread "Unconstrained build operations Thread 54" [_thread_blocked, id=10628, stack(0x00000045a1b00000,0x00000045a1c00000)]
  0x0000023b19f32f00 JavaThread "Unconstrained build operations Thread 55" [_thread_blocked, id=12044, stack(0x00000045a1c00000,0x00000045a1d00000)]
  0x0000023b18cb0700 JavaThread "Unconstrained build operations Thread 56" [_thread_blocked, id=10504, stack(0x00000045a1d00000,0x00000045a1e00000)]
  0x0000023b18cadc80 JavaThread "Unconstrained build operations Thread 57" [_thread_blocked, id=12724, stack(0x00000045a1e00000,0x00000045a1f00000)]
  0x0000023b18cb26e0 JavaThread "Unconstrained build operations Thread 58" [_thread_blocked, id=3660, stack(0x00000045a1f00000,0x00000045a2000000)]
  0x0000023b18cb2c30 JavaThread "Unconstrained build operations Thread 59" [_thread_blocked, id=7640, stack(0x00000045a2000000,0x00000045a2100000)]
  0x0000023b18cb3c20 JavaThread "Unconstrained build operations Thread 60" [_thread_blocked, id=11480, stack(0x00000045a2100000,0x00000045a2200000)]
  0x0000023b18cb0c50 JavaThread "Unconstrained build operations Thread 61" [_thread_blocked, id=3908, stack(0x00000045a2200000,0x00000045a2300000)]
  0x0000023b18cb1c40 JavaThread "Unconstrained build operations Thread 62" [_thread_blocked, id=8532, stack(0x00000045a2300000,0x00000045a2400000)]
  0x0000023b18cad1e0 JavaThread "Unconstrained build operations Thread 63" [_thread_blocked, id=3572, stack(0x00000045a2400000,0x00000045a2500000)]
  0x0000023b18cb4170 JavaThread "Unconstrained build operations Thread 64" [_thread_blocked, id=3176, stack(0x00000045a2500000,0x00000045a2600000)]
  0x0000023b18cb46c0 JavaThread "Unconstrained build operations Thread 65" [_thread_blocked, id=9580, stack(0x00000045a2600000,0x00000045a2700000)]
  0x0000023b18cb11a0 JavaThread "Unconstrained build operations Thread 66" [_thread_blocked, id=10832, stack(0x00000045a2700000,0x00000045a2800000)]
  0x0000023b18cb3180 JavaThread "Unconstrained build operations Thread 67" [_thread_blocked, id=8908, stack(0x00000045a2800000,0x00000045a2900000)]
  0x0000023b18cb36d0 JavaThread "Unconstrained build operations Thread 68" [_thread_blocked, id=3152, stack(0x00000045a2900000,0x00000045a2a00000)]
  0x0000023b18caf710 JavaThread "Unconstrained build operations Thread 69" [_thread_blocked, id=11384, stack(0x00000045a2a00000,0x00000045a2b00000)]
  0x0000023b18caec70 JavaThread "Unconstrained build operations Thread 70" [_thread_blocked, id=8232, stack(0x00000045a2b00000,0x00000045a2c00000)]
  0x0000023b18cacc90 JavaThread "Unconstrained build operations Thread 71" [_thread_blocked, id=7488, stack(0x00000045a2c00000,0x00000045a2d00000)]
  0x0000023b18cb01b0 JavaThread "Unconstrained build operations Thread 72" [_thread_blocked, id=13284, stack(0x00000045a2d00000,0x00000045a2e00000)]
  0x0000023b18cad730 JavaThread "Unconstrained build operations Thread 73" [_thread_blocked, id=5348, stack(0x00000045a2e00000,0x00000045a2f00000)]
  0x0000023b18cb2190 JavaThread "Unconstrained build operations Thread 74" [_thread_blocked, id=4720, stack(0x00000045a2f00000,0x00000045a3000000)]
  0x0000023b18cae1d0 JavaThread "Unconstrained build operations Thread 75" [_thread_blocked, id=9056, stack(0x00000045a3000000,0x00000045a3100000)]
  0x0000023b18cae720 JavaThread "Unconstrained build operations Thread 76" [_thread_blocked, id=9800, stack(0x00000045a3100000,0x00000045a3200000)]
  0x0000023b18cb16f0 JavaThread "Unconstrained build operations Thread 77" [_thread_blocked, id=2656, stack(0x00000045a3200000,0x00000045a3300000)]
  0x0000023b18caf1c0 JavaThread "Unconstrained build operations Thread 78" [_thread_blocked, id=5300, stack(0x00000045a3300000,0x00000045a3400000)]
  0x0000023b18cafc60 JavaThread "Unconstrained build operations Thread 79" [_thread_blocked, id=3460, stack(0x00000045a3400000,0x00000045a3500000)]
  0x0000023b16b36740 JavaThread "Unconstrained build operations Thread 80" [_thread_blocked, id=3020, stack(0x00000045a3500000,0x00000045a3600000)]
  0x0000023b16b35750 JavaThread "jar transforms Thread 4" [_thread_blocked, id=13220, stack(0x00000045a3600000,0x00000045a3700000)]
  0x0000023b16b32cd0 JavaThread "jar transforms Thread 5" [_thread_blocked, id=10684, stack(0x00000045a3700000,0x00000045a3800000)]
  0x0000023b16b34210 JavaThread "jar transforms Thread 6" [_thread_blocked, id=5308, stack(0x00000045a3800000,0x00000045a3900000)]
  0x0000023b16b33770 JavaThread "jar transforms Thread 7" [_thread_blocked, id=3688, stack(0x00000045a3900000,0x00000045a3a00000)]
  0x0000023b16b371e0 JavaThread "jar transforms Thread 8" [_thread_blocked, id=2504, stack(0x00000045a3a00000,0x00000045a3b00000)]
  0x0000023b16b35ca0 JavaThread "Memory manager" [_thread_blocked, id=3408, stack(0x00000045a3c00000,0x00000045a3d00000)]
  0x0000023b16b32230 JavaThread "build event listener" [_thread_blocked, id=3756, stack(0x00000045a3e00000,0x00000045a3f00000)]
  0x0000023b16b34760 JavaThread "pool-3-thread-1" [_thread_blocked, id=9964, stack(0x00000045a3f00000,0x00000045a4000000)]
  0x0000023b16b30cf0 JavaThread "build event listener" [_thread_blocked, id=11796, stack(0x00000045a4000000,0x00000045a4100000)]
  0x0000023b16b31790 JavaThread "Execution worker for ':'" [_thread_blocked, id=9344, stack(0x00000045a4100000,0x00000045a4200000)]
  0x0000023b16b32780 JavaThread "Execution worker for ':' Thread 2" [_thread_blocked, id=3556, stack(0x00000045a4200000,0x00000045a4300000)]
  0x0000023b16b31ce0 JavaThread "Execution worker for ':' Thread 3" [_thread_blocked, id=3016, stack(0x00000045a4300000,0x00000045a4400000)]
  0x0000023b16b2fd00 JavaThread "Execution worker for ':' Thread 4" [_thread_blocked, id=2796, stack(0x00000045a4400000,0x00000045a4500000)]
  0x0000023b16b33220 JavaThread "Execution worker for ':' Thread 5" [_thread_blocked, id=10356, stack(0x00000045a4500000,0x00000045a4600000)]
  0x0000023b16b36c90 JavaThread "Execution worker for ':' Thread 6" [_thread_blocked, id=12756, stack(0x00000045a4600000,0x00000045a4700000)]
  0x0000023b16b34cb0 JavaThread "Execution worker for ':' Thread 7" [_thread_blocked, id=3060, stack(0x00000045a4700000,0x00000045a4800000)]
  0x0000023b16b2f7b0 JavaThread "Cache worker for execution history cache (C:\Users\ITECH\AndroidStudioProjects\yummy\.gradle\7.3.3\executionHistory)" [_thread_blocked, id=2536, stack(0x00000045a4800000,0x00000045a4900000)]

Other Threads:
=>0x0000023b7f649490 VMThread "VM Thread" [stack: 0x000000459b500000,0x000000459b600000] [id=8728]
  0x0000023b13a14690 WatcherThread [stack: 0x000000459c100000,0x000000459c200000] [id=8108]
  0x0000023b745cb830 GCTaskThread "GC Thread#0" [stack: 0x000000459b000000,0x000000459b100000] [id=2716]
  0x0000023b149473d0 GCTaskThread "GC Thread#1" [stack: 0x000000459c300000,0x000000459c400000] [id=6624]
  0x0000023b149476e0 GCTaskThread "GC Thread#2" [stack: 0x000000459c400000,0x000000459c500000] [id=6640]
  0x0000023b1453fb60 GCTaskThread "GC Thread#3" [stack: 0x000000459c500000,0x000000459c600000] [id=740]
  0x0000023b1498dca0 GCTaskThread "GC Thread#4" [stack: 0x000000459c600000,0x000000459c700000] [id=1132]
  0x0000023b168ef500 GCTaskThread "GC Thread#5" [stack: 0x000000459d600000,0x000000459d700000] [id=3956]
  0x0000023b168ef1f0 GCTaskThread "GC Thread#6" [stack: 0x000000459d700000,0x000000459d800000] [id=2464]
  0x0000023b168ef810 GCTaskThread "GC Thread#7" [stack: 0x000000459d800000,0x000000459d900000] [id=11776]
  0x0000023b745dc720 ConcurrentGCThread "G1 Main Marker" [stack: 0x000000459b100000,0x000000459b200000] [id=8580]
  0x0000023b745ddf50 ConcurrentGCThread "G1 Conc#0" [stack: 0x000000459b200000,0x000000459b300000] [id=6400]
  0x0000023b151d1040 ConcurrentGCThread "G1 Conc#1" [stack: 0x000000459de00000,0x000000459df00000] [id=7528]
  0x0000023b7466dfa0 ConcurrentGCThread "G1 Refine#0" [stack: 0x000000459b300000,0x000000459b400000] [id=608]
  0x0000023b16230730 ConcurrentGCThread "G1 Refine#1" [stack: 0x00000045a3b00000,0x00000045a3c00000] [id=7108]
  0x0000023b1a69a720 ConcurrentGCThread "G1 Refine#2" [stack: 0x00000045a3d00000,0x00000045a3e00000] [id=11476]
  0x0000023b13aa13b0 ConcurrentGCThread "G1 Refine#3" [stack: 0x00000045a4900000,0x00000045a4a00000] [id=5996]
  0x0000023b7466e7d0 ConcurrentGCThread "G1 Service" [stack: 0x000000459b400000,0x000000459b500000] [id=12456]

Threads with active compile tasks:
C2 CompilerThread0    10659 10043       4       org.apache.xerces.dom.DeferredDocumentImpl::getNodeValueString (414 bytes)
C2 CompilerThread1    10659 10057       4       org.apache.xerces.dom.DeferredElementNSImpl::synchronizeData (232 bytes)
C2 CompilerThread2    10659 10081       4       org.apache.xerces.dom.ElementNSImpl::getNamespaceURI (16 bytes)

VM state: at safepoint (normal execution)

VM Mutex/Monitor currently owned by a thread:  ([mutex/lock_event])
[0x0000023b7458ec60] Threads_lock - owner thread: 0x0000023b7f649490
[0x0000023b7458ee10] Heap_lock - owner thread: 0x0000023b158cac00

Heap address: 0x0000000080000000, size: 2048 MB, Compressed Oops mode: 32-bit

CDS archive(s) mapped at: [0x0000000800000000-0x0000000800bb0000-0x0000000800bb0000), size 12255232, SharedBaseAddress: 0x0000000800000000, ArchiveRelocationMode: 0.
Compressed class space mapped at: 0x0000000800c00000-0x0000000840c00000, reserved size: 1073741824
Narrow klass base: 0x0000000800000000, Narrow klass shift: 3, Narrow klass range: 0x100000000

GC Precious Log:
 CPUs: 8 total, 8 available
 Memory: 7959M
 Large Page Support: Disabled
 NUMA Support: Disabled
 Compressed Oops: Enabled (32-bit)
 Heap Region Size: 1M
 Heap Min Capacity: 8M
 Heap Initial Capacity: 126M
 Heap Max Capacity: 2G
 Pre-touch: Disabled
 Parallel Workers: 8
 Concurrent Workers: 2
 Concurrent Refinement Workers: 8
 Periodic GC: Disabled

Heap:
 garbage-first heap   total 163840K, used 94626K [0x0000000080000000, 0x0000000100000000)
  region size 1024K, 5 young (5120K), 5 survivors (5120K)
 Metaspace       used 75615K, committed 76224K, reserved 1122304K
  class space    used 10155K, committed 10432K, reserved 1048576K

Heap Regions: E=young(eden), S=young(survivor), O=old, HS=humongous(starts), HC=humongous(continues), CS=collection set, F=free, OA=open archive, CA=closed archive, TAMS=top-at-mark-start (previous, next)
|   0|0x0000000080000000, 0x0000000080100000, 0x0000000080100000|100%| O|  |TAMS 0x0000000080100000, 0x0000000080100000| Untracked 
|   1|0x0000000080100000, 0x0000000080200000, 0x0000000080200000|100%| O|  |TAMS 0x0000000080200000, 0x0000000080200000| Untracked 
|   2|0x0000000080200000, 0x0000000080300000, 0x0000000080300000|100%| O|  |TAMS 0x0000000080300000, 0x0000000080300000| Untracked 
|   3|0x0000000080300000, 0x0000000080400000, 0x0000000080400000|100%|HS|  |TAMS 0x0000000080400000, 0x0000000080400000| Complete 
|   4|0x0000000080400000, 0x0000000080500000, 0x0000000080500000|100%|HC|  |TAMS 0x0000000080500000, 0x0000000080500000| Complete 
|   5|0x0000000080500000, 0x0000000080600000, 0x0000000080600000|100%|HC|  |TAMS 0x0000000080600000, 0x0000000080600000| Complete 
|   6|0x0000000080600000, 0x0000000080700000, 0x0000000080700000|100%| O|  |TAMS 0x0000000080700000, 0x0000000080700000| Untracked 
|   7|0x0000000080700000, 0x0000000080800000, 0x0000000080800000|100%| O|  |TAMS 0x0000000080800000, 0x0000000080800000| Untracked 
|   8|0x0000000080800000, 0x0000000080900000, 0x0000000080900000|100%| O|  |TAMS 0x0000000080900000, 0x0000000080900000| Untracked 
|   9|0x0000000080900000, 0x0000000080a00000, 0x0000000080a00000|100%| O|  |TAMS 0x0000000080a00000, 0x0000000080a00000| Untracked 
|  10|0x0000000080a00000, 0x0000000080b00000, 0x0000000080b00000|100%| O|  |TAMS 0x0000000080b00000, 0x0000000080b00000| Untracked 
|  11|0x0000000080b00000, 0x0000000080c00000, 0x0000000080c00000|100%| O|  |TAMS 0x0000000080c00000, 0x0000000080c00000| Untracked 
|  12|0x0000000080c00000, 0x0000000080d00000, 0x0000000080d00000|100%| O|  |TAMS 0x0000000080d00000, 0x0000000080d00000| Untracked 
|  13|0x0000000080d00000, 0x0000000080e00000, 0x0000000080e00000|100%| O|  |TAMS 0x0000000080e00000, 0x0000000080e00000| Untracked 
|  14|0x0000000080e00000, 0x0000000080f00000, 0x0000000080f00000|100%| O|  |TAMS 0x0000000080f00000, 0x0000000080f00000| Untracked 
|  15|0x0000000080f00000, 0x0000000081000000, 0x0000000081000000|100%| O|  |TAMS 0x0000000081000000, 0x0000000081000000| Untracked 
|  16|0x0000000081000000, 0x0000000081100000, 0x0000000081100000|100%| O|  |TAMS 0x0000000081100000, 0x0000000081100000| Untracked 
|  17|0x0000000081100000, 0x0000000081200000, 0x0000000081200000|100%| O|  |TAMS 0x0000000081200000, 0x0000000081200000| Untracked 
|  18|0x0000000081200000, 0x0000000081300000, 0x0000000081300000|100%| O|  |TAMS 0x0000000081300000, 0x0000000081300000| Untracked 
|  19|0x0000000081300000, 0x0000000081400000, 0x0000000081400000|100%| O|  |TAMS 0x0000000081400000, 0x0000000081400000| Untracked 
|  20|0x0000000081400000, 0x0000000081500000, 0x0000000081500000|100%|HS|  |TAMS 0x0000000081500000, 0x0000000081500000| Complete 
|  21|0x0000000081500000, 0x0000000081600000, 0x0000000081600000|100%| O|  |TAMS 0x0000000081600000, 0x0000000081600000| Untracked 
|  22|0x0000000081600000, 0x0000000081700000, 0x0000000081700000|100%| O|  |TAMS 0x0000000081700000, 0x0000000081700000| Untracked 
|  23|0x0000000081700000, 0x0000000081800000, 0x0000000081800000|100%| O|  |TAMS 0x0000000081800000, 0x0000000081800000| Untracked 
|  24|0x0000000081800000, 0x0000000081900000, 0x0000000081900000|100%| O|  |TAMS 0x0000000081900000, 0x0000000081900000| Untracked 
|  25|0x0000000081900000, 0x0000000081a00000, 0x0000000081a00000|100%|HS|  |TAMS 0x0000000081a00000, 0x0000000081a00000| Complete 
|  26|0x0000000081a00000, 0x0000000081b00000, 0x0000000081b00000|100%|HS|  |TAMS 0x0000000081b00000, 0x0000000081b00000| Complete 
|  27|0x0000000081b00000, 0x0000000081c00000, 0x0000000081c00000|100%|HC|  |TAMS 0x0000000081c00000, 0x0000000081c00000| Complete 
|  28|0x0000000081c00000, 0x0000000081d00000, 0x0000000081d00000|100%| O|  |TAMS 0x0000000081d00000, 0x0000000081d00000| Untracked 
|  29|0x0000000081d00000, 0x0000000081e00000, 0x0000000081e00000|100%| O|  |TAMS 0x0000000081e00000, 0x0000000081e00000| Untracked 
|  30|0x0000000081e00000, 0x0000000081f00000, 0x0000000081f00000|100%| O|  |TAMS 0x0000000081f00000, 0x0000000081f00000| Untracked 
|  31|0x0000000081f00000, 0x0000000082000000, 0x0000000082000000|100%| O|  |TAMS 0x0000000082000000, 0x0000000082000000| Untracked 
|  32|0x0000000082000000, 0x0000000082100000, 0x0000000082100000|100%| O|  |TAMS 0x0000000082100000, 0x0000000082100000| Untracked 
|  33|0x0000000082100000, 0x0000000082200000, 0x0000000082200000|100%| O|  |TAMS 0x0000000082200000, 0x0000000082200000| Untracked 
|  34|0x0000000082200000, 0x0000000082300000, 0x0000000082300000|100%| O|  |TAMS 0x0000000082300000, 0x0000000082300000| Untracked 
|  35|0x0000000082300000, 0x0000000082400000, 0x0000000082400000|100%| O|  |TAMS 0x0000000082400000, 0x0000000082400000| Untracked 
|  36|0x0000000082400000, 0x0000000082500000, 0x0000000082500000|100%| O|  |TAMS 0x0000000082500000, 0x0000000082500000| Untracked 
|  37|0x0000000082500000, 0x0000000082600000, 0x0000000082600000|100%| O|  |TAMS 0x0000000082600000, 0x0000000082600000| Untracked 
|  38|0x0000000082600000, 0x0000000082700000, 0x0000000082700000|100%| O|  |TAMS 0x0000000082700000, 0x0000000082700000| Untracked 
|  39|0x0000000082700000, 0x0000000082800000, 0x0000000082800000|100%| O|  |TAMS 0x0000000082800000, 0x0000000082800000| Untracked 
|  40|0x0000000082800000, 0x0000000082900000, 0x0000000082900000|100%| O|  |TAMS 0x0000000082900000, 0x0000000082900000| Untracked 
|  41|0x0000000082900000, 0x0000000082a00000, 0x0000000082a00000|100%| O|  |TAMS 0x0000000082a00000, 0x0000000082a00000| Untracked 
|  42|0x0000000082a00000, 0x0000000082b00000, 0x0000000082b00000|100%| O|  |TAMS 0x0000000082b00000, 0x0000000082b00000| Untracked 
|  43|0x0000000082b00000, 0x0000000082c00000, 0x0000000082c00000|100%| O|  |TAMS 0x0000000082c00000, 0x0000000082c00000| Untracked 
|  44|0x0000000082c00000, 0x0000000082d00000, 0x0000000082d00000|100%| O|  |TAMS 0x0000000082d00000, 0x0000000082d00000| Untracked 
|  45|0x0000000082d00000, 0x0000000082e00000, 0x0000000082e00000|100%| O|  |TAMS 0x0000000082e00000, 0x0000000082e00000| Untracked 
|  46|0x0000000082e00000, 0x0000000082f00000, 0x0000000082f00000|100%| O|  |TAMS 0x0000000082f00000, 0x0000000082f00000| Untracked 
|  47|0x0000000082f00000, 0x0000000083000000, 0x0000000083000000|100%| O|  |TAMS 0x0000000083000000, 0x0000000083000000| Untracked 
|  48|0x0000000083000000, 0x0000000083100000, 0x0000000083100000|100%| O|  |TAMS 0x0000000083100000, 0x0000000083100000| Untracked 
|  49|0x0000000083100000, 0x0000000083200000, 0x0000000083200000|100%| O|  |TAMS 0x0000000083200000, 0x0000000083200000| Untracked 
|  50|0x0000000083200000, 0x0000000083300000, 0x0000000083300000|100%| O|  |TAMS 0x0000000083300000, 0x0000000083300000| Untracked 
|  51|0x0000000083300000, 0x0000000083400000, 0x0000000083400000|100%| O|  |TAMS 0x0000000083400000, 0x0000000083400000| Untracked 
|  52|0x0000000083400000, 0x0000000083500000, 0x0000000083500000|100%| O|  |TAMS 0x0000000083500000, 0x0000000083500000| Untracked 
|  53|0x0000000083500000, 0x0000000083600000, 0x0000000083600000|100%| O|  |TAMS 0x0000000083600000, 0x0000000083600000| Untracked 
|  54|0x0000000083600000, 0x0000000083700000, 0x0000000083700000|100%| O|  |TAMS 0x0000000083700000, 0x0000000083700000| Untracked 
|  55|0x0000000083700000, 0x0000000083800000, 0x0000000083800000|100%| O|  |TAMS 0x0000000083800000, 0x0000000083800000| Untracked 
|  56|0x0000000083800000, 0x0000000083900000, 0x0000000083900000|100%| O|  |TAMS 0x0000000083900000, 0x0000000083900000| Untracked 
|  57|0x0000000083900000, 0x0000000083a00000, 0x0000000083a00000|100%| O|  |TAMS 0x0000000083a00000, 0x0000000083a00000| Untracked 
|  58|0x0000000083a00000, 0x0000000083b00000, 0x0000000083b00000|100%| O|  |TAMS 0x0000000083b00000, 0x0000000083b00000| Untracked 
|  59|0x0000000083b00000, 0x0000000083c00000, 0x0000000083c00000|100%| O|  |TAMS 0x0000000083c00000, 0x0000000083c00000| Untracked 
|  60|0x0000000083c00000, 0x0000000083d00000, 0x0000000083d00000|100%| O|  |TAMS 0x0000000083d00000, 0x0000000083d00000| Untracked 
|  61|0x0000000083d00000, 0x0000000083e00000, 0x0000000083e00000|100%| O|  |TAMS 0x0000000083e00000, 0x0000000083e00000| Untracked 
|  62|0x0000000083e00000, 0x0000000083f00000, 0x0000000083f00000|100%| O|  |TAMS 0x0000000083f00000, 0x0000000083f00000| Untracked 
|  63|0x0000000083f00000, 0x0000000084000000, 0x0000000084000000|100%| O|  |TAMS 0x0000000084000000, 0x0000000084000000| Untracked 
|  64|0x0000000084000000, 0x0000000084100000, 0x0000000084100000|100%| O|  |TAMS 0x0000000084000000, 0x0000000084100000| Untracked 
|  65|0x0000000084100000, 0x0000000084200000, 0x0000000084200000|100%| O|  |TAMS 0x0000000084100000, 0x0000000084200000| Untracked 
|  66|0x0000000084200000, 0x0000000084300000, 0x0000000084300000|100%| O|  |TAMS 0x0000000084300000, 0x0000000084300000| Untracked 
|  67|0x0000000084300000, 0x0000000084400000, 0x0000000084400000|100%| O|  |TAMS 0x0000000084400000, 0x0000000084400000| Untracked 
|  68|0x0000000084400000, 0x0000000084500000, 0x0000000084500000|100%| O|  |TAMS 0x0000000084500000, 0x0000000084500000| Untracked 
|  69|0x0000000084500000, 0x0000000084600000, 0x0000000084600000|100%| O|  |TAMS 0x0000000084600000, 0x0000000084600000| Untracked 
|  70|0x0000000084600000, 0x0000000084700000, 0x0000000084700000|100%| O|  |TAMS 0x0000000084700000, 0x0000000084700000| Untracked 
|  71|0x0000000084700000, 0x0000000084800000, 0x0000000084800000|100%| O|  |TAMS 0x0000000084800000, 0x0000000084800000| Untracked 
|  72|0x0000000084800000, 0x0000000084900000, 0x0000000084900000|100%| O|  |TAMS 0x0000000084900000, 0x0000000084900000| Untracked 
|  73|0x0000000084900000, 0x0000000084a00000, 0x0000000084a00000|100%| O|  |TAMS 0x0000000084a00000, 0x0000000084a00000| Untracked 
|  74|0x0000000084a00000, 0x0000000084b00000, 0x0000000084b00000|100%| O|  |TAMS 0x0000000084b00000, 0x0000000084b00000| Untracked 
|  75|0x0000000084b00000, 0x0000000084c00000, 0x0000000084c00000|100%| O|  |TAMS 0x0000000084c00000, 0x0000000084c00000| Untracked 
|  76|0x0000000084c00000, 0x0000000084d00000, 0x0000000084d00000|100%| O|  |TAMS 0x0000000084d00000, 0x0000000084d00000| Untracked 
|  77|0x0000000084d00000, 0x0000000084e00000, 0x0000000084e00000|100%| O|  |TAMS 0x0000000084d90c00, 0x0000000084e00000| Untracked 
|  78|0x0000000084e00000, 0x0000000084f00000, 0x0000000084f00000|100%| O|  |TAMS 0x0000000084e00000, 0x0000000084f00000| Untracked 
|  79|0x0000000084f00000, 0x0000000085000000, 0x0000000085000000|100%| O|  |TAMS 0x0000000084f00000, 0x0000000085000000| Untracked 
|  80|0x0000000085000000, 0x0000000085100000, 0x0000000085100000|100%| O|  |TAMS 0x0000000085000000, 0x0000000085000000| Untracked 
|  81|0x0000000085100000, 0x0000000085200000, 0x0000000085200000|100%| O|  |TAMS 0x0000000085100000, 0x0000000085100000| Untracked 
|  82|0x0000000085200000, 0x0000000085268a00, 0x0000000085300000| 40%| O|  |TAMS 0x0000000085200000, 0x0000000085200000| Untracked 
|  83|0x0000000085300000, 0x0000000085300000, 0x0000000085400000|  0%| F|  |TAMS 0x0000000085300000, 0x0000000085300000| Untracked 
|  84|0x0000000085400000, 0x0000000085500000, 0x0000000085500000|100%| O|  |TAMS 0x0000000085400000, 0x0000000085500000| Untracked 
|  85|0x0000000085500000, 0x0000000085600000, 0x0000000085600000|100%| O|  |TAMS 0x0000000085500000, 0x0000000085600000| Untracked 
|  86|0x0000000085600000, 0x0000000085700000, 0x0000000085700000|100%| O|  |TAMS 0x0000000085600000, 0x0000000085700000| Untracked 
|  87|0x0000000085700000, 0x0000000085700000, 0x0000000085800000|  0%| F|  |TAMS 0x0000000085700000, 0x0000000085700000| Untracked 
|  88|0x0000000085800000, 0x0000000085800000, 0x0000000085900000|  0%| F|  |TAMS 0x0000000085800000, 0x0000000085800000| Untracked 
|  89|0x0000000085900000, 0x0000000085900000, 0x0000000085a00000|  0%| F|  |TAMS 0x0000000085900000, 0x0000000085900000| Untracked 
|  90|0x0000000085a00000, 0x0000000085a00000, 0x0000000085b00000|  0%| F|  |TAMS 0x0000000085a00000, 0x0000000085a00000| Untracked 
|  91|0x0000000085b00000, 0x0000000085c00000, 0x0000000085c00000|100%| O|  |TAMS 0x0000000085b00000, 0x0000000085c00000| Untracked 
|  92|0x0000000085c00000, 0x0000000085d00000, 0x0000000085d00000|100%| O|  |TAMS 0x0000000085c00000, 0x0000000085cc6000| Untracked 
|  93|0x0000000085d00000, 0x0000000085d00000, 0x0000000085e00000|  0%| F|  |TAMS 0x0000000085d00000, 0x0000000085d00000| Untracked 
|  94|0x0000000085e00000, 0x0000000085e00000, 0x0000000085f00000|  0%| F|  |TAMS 0x0000000085e00000, 0x0000000085e00000| Untracked 
|  95|0x0000000085f00000, 0x0000000085f00000, 0x0000000086000000|  0%| F|  |TAMS 0x0000000085f00000, 0x0000000085f00000| Untracked 
|  96|0x0000000086000000, 0x0000000086000000, 0x0000000086100000|  0%| F|  |TAMS 0x0000000086000000, 0x0000000086000000| Untracked 
|  97|0x0000000086100000, 0x0000000086100000, 0x0000000086200000|  0%| F|  |TAMS 0x0000000086100000, 0x0000000086100000| Untracked 
|  98|0x0000000086200000, 0x0000000086200000, 0x0000000086300000|  0%| F|  |TAMS 0x0000000086200000, 0x0000000086200000| Untracked 
|  99|0x0000000086300000, 0x0000000086300000, 0x0000000086400000|  0%| F|  |TAMS 0x0000000086300000, 0x0000000086300000| Untracked 
| 100|0x0000000086400000, 0x0000000086400000, 0x0000000086500000|  0%| F|  |TAMS 0x0000000086400000, 0x0000000086400000| Untracked 
| 101|0x0000000086500000, 0x0000000086500000, 0x0000000086600000|  0%| F|  |TAMS 0x0000000086500000, 0x0000000086500000| Untracked 
| 102|0x0000000086600000, 0x0000000086600000, 0x0000000086700000|  0%| F|  |TAMS 0x0000000086600000, 0x0000000086600000| Untracked 
| 103|0x0000000086700000, 0x0000000086700000, 0x0000000086800000|  0%| F|  |TAMS 0x0000000086700000, 0x0000000086700000| Untracked 
| 104|0x0000000086800000, 0x0000000086800000, 0x0000000086900000|  0%| F|  |TAMS 0x0000000086800000, 0x0000000086800000| Untracked 
| 105|0x0000000086900000, 0x0000000086900000, 0x0000000086a00000|  0%| F|  |TAMS 0x0000000086900000, 0x0000000086900000| Untracked 
| 106|0x0000000086a00000, 0x0000000086a00000, 0x0000000086b00000|  0%| F|  |TAMS 0x0000000086a00000, 0x0000000086a00000| Untracked 
| 107|0x0000000086b00000, 0x0000000086b00000, 0x0000000086c00000|  0%| F|  |TAMS 0x0000000086b00000, 0x0000000086b00000| Untracked 
| 108|0x0000000086c00000, 0x0000000086c00000, 0x0000000086d00000|  0%| F|  |TAMS 0x0000000086c00000, 0x0000000086c00000| Untracked 
| 109|0x0000000086d00000, 0x0000000086d00000, 0x0000000086e00000|  0%| F|  |TAMS 0x0000000086d00000, 0x0000000086d00000| Untracked 
| 110|0x0000000086e00000, 0x0000000086e00000, 0x0000000086f00000|  0%| F|  |TAMS 0x0000000086e00000, 0x0000000086e00000| Untracked 
| 111|0x0000000086f00000, 0x0000000086f00000, 0x0000000087000000|  0%| F|  |TAMS 0x0000000086f00000, 0x0000000086f00000| Untracked 
| 112|0x0000000087000000, 0x0000000087000000, 0x0000000087100000|  0%| F|  |TAMS 0x0000000087000000, 0x0000000087000000| Untracked 
| 113|0x0000000087100000, 0x0000000087100000, 0x0000000087200000|  0%| F|  |TAMS 0x0000000087100000, 0x0000000087100000| Untracked 
| 114|0x0000000087200000, 0x0000000087200000, 0x0000000087300000|  0%| F|  |TAMS 0x0000000087200000, 0x0000000087200000| Untracked 
| 115|0x0000000087300000, 0x0000000087300000, 0x0000000087400000|  0%| F|  |TAMS 0x0000000087300000, 0x0000000087300000| Untracked 
| 116|0x0000000087400000, 0x0000000087400000, 0x0000000087500000|  0%| F|  |TAMS 0x0000000087400000, 0x0000000087400000| Untracked 
| 117|0x0000000087500000, 0x0000000087500000, 0x0000000087600000|  0%| F|  |TAMS 0x0000000087500000, 0x0000000087500000| Untracked 
| 118|0x0000000087600000, 0x0000000087600000, 0x0000000087700000|  0%| F|  |TAMS 0x0000000087600000, 0x0000000087600000| Untracked 
| 119|0x0000000087700000, 0x0000000087700000, 0x0000000087800000|  0%| F|  |TAMS 0x0000000087700000, 0x0000000087700000| Untracked 
| 120|0x0000000087800000, 0x0000000087800000, 0x0000000087900000|  0%| F|  |TAMS 0x0000000087800000, 0x0000000087800000| Untracked 
| 121|0x0000000087900000, 0x0000000087900000, 0x0000000087a00000|  0%| F|  |TAMS 0x0000000087900000, 0x0000000087900000| Untracked 
| 122|0x0000000087a00000, 0x0000000087a00000, 0x0000000087b00000|  0%| F|  |TAMS 0x0000000087a00000, 0x0000000087a00000| Untracked 
| 123|0x0000000087b00000, 0x0000000087b00000, 0x0000000087c00000|  0%| F|  |TAMS 0x0000000087b00000, 0x0000000087b00000| Untracked 
| 124|0x0000000087c00000, 0x0000000087c00000, 0x0000000087d00000|  0%| F|  |TAMS 0x0000000087c00000, 0x0000000087c00000| Untracked 
| 125|0x0000000087d00000, 0x0000000087d00000, 0x0000000087e00000|  0%| F|  |TAMS 0x0000000087d00000, 0x0000000087d00000| Untracked 
| 126|0x0000000087e00000, 0x0000000087e00000, 0x0000000087f00000|  0%| F|  |TAMS 0x0000000087e00000, 0x0000000087e00000| Untracked 
| 127|0x0000000087f00000, 0x0000000087f00000, 0x0000000088000000|  0%| F|  |TAMS 0x0000000087f00000, 0x0000000087f00000| Untracked 
| 128|0x0000000088000000, 0x0000000088000000, 0x0000000088100000|  0%| F|  |TAMS 0x0000000088000000, 0x0000000088000000| Untracked 
| 129|0x0000000088100000, 0x0000000088100000, 0x0000000088200000|  0%| F|  |TAMS 0x0000000088100000, 0x0000000088100000| Untracked 
| 130|0x0000000088200000, 0x0000000088200000, 0x0000000088300000|  0%| F|  |TAMS 0x0000000088200000, 0x0000000088200000| Untracked 
| 131|0x0000000088300000, 0x0000000088300000, 0x0000000088400000|  0%| F|  |TAMS 0x0000000088300000, 0x0000000088300000| Untracked 
| 132|0x0000000088400000, 0x0000000088400000, 0x0000000088500000|  0%| F|  |TAMS 0x0000000088400000, 0x0000000088400000| Untracked 
| 133|0x0000000088500000, 0x0000000088500000, 0x0000000088600000|  0%| F|  |TAMS 0x0000000088500000, 0x0000000088500000| Untracked 
| 134|0x0000000088600000, 0x0000000088600000, 0x0000000088700000|  0%| F|  |TAMS 0x0000000088600000, 0x0000000088600000| Untracked 
| 135|0x0000000088700000, 0x0000000088700000, 0x0000000088800000|  0%| F|  |TAMS 0x0000000088700000, 0x0000000088700000| Untracked 
| 136|0x0000000088800000, 0x0000000088800000, 0x0000000088900000|  0%| F|  |TAMS 0x0000000088800000, 0x0000000088800000| Untracked 
| 137|0x0000000088900000, 0x0000000088a00000, 0x0000000088a00000|100%| S|CS|TAMS 0x0000000088900000, 0x0000000088900000| Complete 
| 138|0x0000000088a00000, 0x0000000088b00000, 0x0000000088b00000|100%| S|CS|TAMS 0x0000000088a00000, 0x0000000088a00000| Complete 
| 139|0x0000000088b00000, 0x0000000088c00000, 0x0000000088c00000|100%| S|CS|TAMS 0x0000000088b00000, 0x0000000088b00000| Complete 
| 140|0x0000000088c00000, 0x0000000088d00000, 0x0000000088d00000|100%| S|CS|TAMS 0x0000000088c00000, 0x0000000088c00000| Complete 
| 141|0x0000000088d00000, 0x0000000088e00000, 0x0000000088e00000|100%| S|CS|TAMS 0x0000000088d00000, 0x0000000088d00000| Complete 
| 142|0x0000000088e00000, 0x0000000088e00000, 0x0000000088f00000|  0%| F|  |TAMS 0x0000000088e00000, 0x0000000088e00000| Untracked 
| 143|0x0000000088f00000, 0x0000000088f00000, 0x0000000089000000|  0%| F|  |TAMS 0x0000000088f00000, 0x0000000088f00000| Untracked 
| 144|0x0000000089000000, 0x0000000089000000, 0x0000000089100000|  0%| F|  |TAMS 0x0000000089000000, 0x0000000089000000| Untracked 
| 145|0x0000000089100000, 0x0000000089100000, 0x0000000089200000|  0%| F|  |TAMS 0x0000000089100000, 0x0000000089100000| Untracked 
| 146|0x0000000089200000, 0x0000000089200000, 0x0000000089300000|  0%| F|  |TAMS 0x0000000089200000, 0x0000000089200000| Untracked 
| 147|0x0000000089300000, 0x0000000089300000, 0x0000000089400000|  0%| F|  |TAMS 0x0000000089300000, 0x0000000089300000| Untracked 
| 148|0x0000000089400000, 0x0000000089400000, 0x0000000089500000|  0%| F|  |TAMS 0x0000000089400000, 0x0000000089400000| Untracked 
| 149|0x0000000089500000, 0x0000000089500000, 0x0000000089600000|  0%| F|  |TAMS 0x0000000089500000, 0x0000000089500000| Untracked 
| 150|0x0000000089600000, 0x0000000089600000, 0x0000000089700000|  0%| F|  |TAMS 0x0000000089600000, 0x0000000089600000| Untracked 
| 151|0x0000000089700000, 0x0000000089700000, 0x0000000089800000|  0%| F|  |TAMS 0x0000000089700000, 0x0000000089700000| Untracked 
| 152|0x0000000089800000, 0x0000000089800000, 0x0000000089900000|  0%| F|  |TAMS 0x0000000089800000, 0x0000000089800000| Untracked 
| 153|0x0000000089900000, 0x0000000089900000, 0x0000000089a00000|  0%| F|  |TAMS 0x0000000089900000, 0x0000000089900000| Untracked 
| 154|0x0000000089a00000, 0x0000000089a00000, 0x0000000089b00000|  0%| F|  |TAMS 0x0000000089a00000, 0x0000000089a00000| Untracked 
| 155|0x0000000089b00000, 0x0000000089b00000, 0x0000000089c00000|  0%| F|  |TAMS 0x0000000089b00000, 0x0000000089b00000| Untracked 
| 156|0x0000000089c00000, 0x0000000089c00000, 0x0000000089d00000|  0%| F|  |TAMS 0x0000000089c00000, 0x0000000089c00000| Untracked 
| 157|0x0000000089d00000, 0x0000000089d00000, 0x0000000089e00000|  0%| F|  |TAMS 0x0000000089d00000, 0x0000000089d00000| Untracked 
| 158|0x0000000089e00000, 0x0000000089e00000, 0x0000000089f00000|  0%| F|  |TAMS 0x0000000089e00000, 0x0000000089e00000| Untracked 
| 159|0x0000000089f00000, 0x0000000089f00000, 0x000000008a000000|  0%| F|  |TAMS 0x0000000089f00000, 0x0000000089f00000| Untracked 

Card table byte_map: [0x0000023b7c450000,0x0000023b7c850000] _byte_map_base: 0x0000023b7c050000

Marking Bits (Prev, Next): (CMBitMap*) 0x0000023b745cbd10, (CMBitMap*) 0x0000023b745cbcd0
 Prev Bits: [0x0000023b0f000000, 0x0000023b11000000)
 Next Bits: [0x0000023b7cc50000, 0x0000023b7ec50000)

Polling page: 0x0000023b72420000

Metaspace:

Usage:
  Non-class:     63.93 MB used.
      Class:      9.92 MB used.
       Both:     73.84 MB used.

Virtual space:
  Non-class space:       72.00 MB reserved,      64.25 MB ( 89%) committed,  9 nodes.
      Class space:        1.00 GB reserved,      10.19 MB ( <1%) committed,  1 nodes.
              Both:        1.07 GB reserved,      74.44 MB (  7%) committed. 

Chunk freelists:
   Non-Class:  3.54 MB
       Class:  1.68 MB
        Both:  5.22 MB

MaxMetaspaceSize: 17179869184.00 GB
CompressedClassSpaceSize: 1.00 GB
 - commit_granule_bytes: 65536.
 - commit_granule_words: 8192.
 - virtual_space_node_default_size: 1048576.
 - enlarge_chunks_in_place: 1.
 - new_chunks_are_fully_committed: 0.
 - uncommit_free_chunks: 1.
 - use_allocation_guard: 0.
 - handle_deallocations: 1.


Internal statistics:

num_allocs_failed_limit: 6.
num_arena_births: 714.
num_arena_deaths: 14.
num_vsnodes_births: 10.
num_vsnodes_deaths: 0.
num_space_committed: 1191.
num_space_uncommitted: 0.
num_chunks_returned_to_freelist: 23.
num_chunks_taken_from_freelist: 3698.
num_chunk_merges: 13.
num_chunk_splits: 2466.
num_chunks_enlarged: 1682.
num_purges: 2.

CodeHeap 'non-profiled nmethods': size=120000Kb used=5479Kb max_used=5721Kb free=114520Kb
 bounds [0x0000023b07ad0000, 0x0000023b08070000, 0x0000023b0f000000]
CodeHeap 'profiled nmethods': size=120000Kb used=16041Kb max_used=17599Kb free=103958Kb
 bounds [0x0000023b005a0000, 0x0000023b016d0000, 0x0000023b07ad0000]
CodeHeap 'non-nmethods': size=5760Kb used=2397Kb max_used=2471Kb free=3363Kb
 bounds [0x0000023b00000000, 0x0000023b00280000, 0x0000023b005a0000]
 total_blobs=9412 nmethods=8503 adapters=821
 compilation: enabled
              stopped_count=0, restarted_count=0
 full_count=0

Compilation events (20 events):
Event: 10.619 Thread 0x0000023b15012f50 nmethod 10084 0x0000023b07bd3210 code [0x0000023b07bd33a0, 0x0000023b07bd3438]
Event: 10.619 Thread 0x0000023b15012f50 10072       4       org.apache.xerces.dom.CoreDocumentImpl::isKidOK (63 bytes)
Event: 10.620 Thread 0x0000023b7f6910f0 10086       3       com.android.utils.XmlUtils::toXmlAttributeValue (89 bytes)
Event: 10.620 Thread 0x0000023b15012f50 nmethod 10072 0x0000023b07bd2d90 code [0x0000023b07bd2f20, 0x0000023b07bd3078]
Event: 10.620 Thread 0x0000023b15012f50 10073       4       org.apache.xerces.dom.DocumentImpl::insertingNode (17 bytes)
Event: 10.621 Thread 0x0000023b15012f50 nmethod 10073 0x0000023b07bd2990 code [0x0000023b07bd2b20, 0x0000023b07bd2bb8]
Event: 10.621 Thread 0x0000023b15012f50 10074       4       org.apache.xerces.dom.DocumentImpl::insertedNode (27 bytes)
Event: 10.621 Thread 0x0000023b7f6910f0 nmethod 10086 0x0000023b0163f710 code [0x0000023b0163f9e0, 0x0000023b016408d8]
Event: 10.621 Thread 0x0000023b7f6910f0 10088 %     3       java.lang.StringUTF16::inflate @ 10 (42 bytes)
Event: 10.621 Thread 0x0000023b15012f50 nmethod 10074 0x0000023b07d7b790 code [0x0000023b07d7b920, 0x0000023b07d7b9d8]
Event: 10.621 Thread 0x0000023b15012f50 10075       4       org.apache.xerces.dom.ParentNode::checkNormalizationAfterInsert (63 bytes)
Event: 10.621 Thread 0x0000023b7f6910f0 nmethod 10088% 0x0000023b0071f610 code [0x0000023b0071f7e0, 0x0000023b0071fba8]
Event: 10.621 Thread 0x0000023b7f6910f0 10089       3       java.lang.StringUTF16::inflate (42 bytes)
Event: 10.622 Thread 0x0000023b7f6910f0 nmethod 10089 0x0000023b0075c710 code [0x0000023b0075c8e0, 0x0000023b0075cbe8]
Event: 10.622 Thread 0x0000023b15012f50 nmethod 10075 0x0000023b07d7b310 code [0x0000023b07d7b4a0, 0x0000023b07d7b5f8]
Event: 10.622 Thread 0x0000023b15012f50 10054       4       org.apache.xerces.dom.CharacterDataImpl::getChildNodes (4 bytes)
Event: 10.623 Thread 0x0000023b15012f50 nmethod 10054 0x0000023b07d7ad90 code [0x0000023b07d7af20, 0x0000023b07d7af98]
Event: 10.623 Thread 0x0000023b15012f50 10081       4       org.apache.xerces.dom.ElementNSImpl::getNamespaceURI (16 bytes)
Event: 10.628 Thread 0x0000023b7f6910f0 10093       2       java.lang.StringUTF16::lastIndexOf (47 bytes)
Event: 10.628 Thread 0x0000023b7f6910f0 nmethod 10093 0x0000023b00e43490 code [0x0000023b00e43640, 0x0000023b00e43828]

GC Heap History (20 events):
Event: 7.530 GC heap after
{Heap after GC invocations=24 (full 0):
 garbage-first heap   total 102400K, used 59537K [0x0000000080000000, 0x0000000100000000)
  region size 1024K, 2 young (2048K), 2 survivors (2048K)
 Metaspace       used 60231K, committed 60736K, reserved 1105920K
  class space    used 8063K, committed 8320K, reserved 1048576K
}
Event: 7.586 GC heap before
{Heap before GC invocations=24 (full 0):
 garbage-first heap   total 102400K, used 62609K [0x0000000080000000, 0x0000000100000000)
  region size 1024K, 5 young (5120K), 2 survivors (2048K)
 Metaspace       used 60674K, committed 61184K, reserved 1105920K
  class space    used 8135K, committed 8384K, reserved 1048576K
}
Event: 7.592 GC heap after
{Heap after GC invocations=25 (full 0):
 garbage-first heap   total 122880K, used 55623K [0x0000000080000000, 0x0000000100000000)
  region size 1024K, 1 young (1024K), 1 survivors (1024K)
 Metaspace       used 60674K, committed 61184K, reserved 1105920K
  class space    used 8135K, committed 8384K, reserved 1048576K
}
Event: 8.075 GC heap before
{Heap before GC invocations=25 (full 0):
 garbage-first heap   total 122880K, used 94535K [0x0000000080000000, 0x0000000100000000)
  region size 1024K, 39 young (39936K), 1 survivors (1024K)
 Metaspace       used 64097K, committed 64576K, reserved 1105920K
  class space    used 8640K, committed 8896K, reserved 1048576K
}
Event: 8.079 GC heap after
{Heap after GC invocations=26 (full 0):
 garbage-first heap   total 122880K, used 58146K [0x0000000080000000, 0x0000000100000000)
  region size 1024K, 3 young (3072K), 3 survivors (3072K)
 Metaspace       used 64097K, committed 64576K, reserved 1105920K
  class space    used 8640K, committed 8896K, reserved 1048576K
}
Event: 8.617 GC heap before
{Heap before GC invocations=26 (full 0):
 garbage-first heap   total 122880K, used 97058K [0x0000000080000000, 0x0000000100000000)
  region size 1024K, 41 young (41984K), 3 survivors (3072K)
 Metaspace       used 69147K, committed 69696K, reserved 1114112K
  class space    used 9314K, committed 9600K, reserved 1048576K
}
Event: 8.621 GC heap after
{Heap after GC invocations=27 (full 0):
 garbage-first heap   total 122880K, used 60903K [0x0000000080000000, 0x0000000100000000)
  region size 1024K, 6 young (6144K), 6 survivors (6144K)
 Metaspace       used 69147K, committed 69696K, reserved 1114112K
  class space    used 9314K, committed 9600K, reserved 1048576K
}
Event: 9.313 GC heap before
{Heap before GC invocations=27 (full 0):
 garbage-first heap   total 122880K, used 97767K [0x0000000080000000, 0x0000000100000000)
  region size 1024K, 42 young (43008K), 6 survivors (6144K)
 Metaspace       used 72960K, committed 73536K, reserved 1114112K
  class space    used 9810K, committed 10048K, reserved 1048576K
}
Event: 9.320 GC heap after
{Heap after GC invocations=28 (full 0):
 garbage-first heap   total 122880K, used 65349K [0x0000000080000000, 0x0000000100000000)
  region size 1024K, 6 young (6144K), 6 survivors (6144K)
 Metaspace       used 72960K, committed 73536K, reserved 1114112K
  class space    used 9810K, committed 10048K, reserved 1048576K
}
Event: 9.606 GC heap before
{Heap before GC invocations=28 (full 0):
 garbage-first heap   total 122880K, used 98117K [0x0000000080000000, 0x0000000100000000)
  region size 1024K, 39 young (39936K), 6 survivors (6144K)
 Metaspace       used 73536K, committed 74112K, reserved 1114112K
  class space    used 9919K, committed 10176K, reserved 1048576K
}
Event: 9.611 GC heap after
{Heap after GC invocations=29 (full 0):
 garbage-first heap   total 122880K, used 68272K [0x0000000080000000, 0x0000000100000000)
  region size 1024K, 3 young (3072K), 3 survivors (3072K)
 Metaspace       used 73536K, committed 74112K, reserved 1114112K
  class space    used 9919K, committed 10176K, reserved 1048576K
}
Event: 9.864 GC heap before
{Heap before GC invocations=30 (full 0):
 garbage-first heap   total 122880K, used 85680K [0x0000000080000000, 0x0000000100000000)
  region size 1024K, 22 young (22528K), 3 survivors (3072K)
 Metaspace       used 74096K, committed 74624K, reserved 1114112K
  class space    used 10000K, committed 10240K, reserved 1048576K
}
Event: 9.867 GC heap after
{Heap after GC invocations=31 (full 0):
 garbage-first heap   total 122880K, used 69200K [0x0000000080000000, 0x0000000100000000)
  region size 1024K, 4 young (4096K), 4 survivors (4096K)
 Metaspace       used 74096K, committed 74624K, reserved 1114112K
  class space    used 10000K, committed 10240K, reserved 1048576K
}
Event: 10.225 GC heap before
{Heap before GC invocations=32 (full 0):
 garbage-first heap   total 122880K, used 102992K [0x0000000080000000, 0x0000000100000000)
  region size 1024K, 35 young (35840K), 4 survivors (4096K)
 Metaspace       used 75328K, committed 75840K, reserved 1122304K
  class space    used 10142K, committed 10368K, reserved 1048576K
}
Event: 10.233 GC heap after
{Heap after GC invocations=33 (full 0):
 garbage-first heap   total 122880K, used 82499K [0x0000000080000000, 0x0000000100000000)
  region size 1024K, 5 young (5120K), 5 survivors (5120K)
 Metaspace       used 75328K, committed 75840K, reserved 1122304K
  class space    used 10142K, committed 10368K, reserved 1048576K
}
Event: 10.356 GC heap before
{Heap before GC invocations=33 (full 0):
 garbage-first heap   total 122880K, used 89667K [0x0000000080000000, 0x0000000100000000)
  region size 1024K, 14 young (14336K), 5 survivors (5120K)
 Metaspace       used 75511K, committed 76032K, reserved 1122304K
  class space    used 10150K, committed 10368K, reserved 1048576K
}
Event: 10.362 GC heap after
{Heap after GC invocations=34 (full 0):
 garbage-first heap   total 122880K, used 87040K [0x0000000080000000, 0x0000000100000000)
  region size 1024K, 3 young (3072K), 3 survivors (3072K)
 Metaspace       used 75511K, committed 76032K, reserved 1122304K
  class space    used 10150K, committed 10368K, reserved 1048576K
}
Event: 10.508 GC heap before
{Heap before GC invocations=35 (full 0):
 garbage-first heap   total 163840K, used 109568K [0x0000000080000000, 0x0000000100000000)
  region size 1024K, 17 young (17408K), 3 survivors (3072K)
 Metaspace       used 75555K, committed 76096K, reserved 1122304K
  class space    used 10151K, committed 10432K, reserved 1048576K
}
Event: 10.511 GC heap after
{Heap after GC invocations=36 (full 0):
 garbage-first heap   total 163840K, used 90824K [0x0000000080000000, 0x0000000100000000)
  region size 1024K, 2 young (2048K), 2 survivors (2048K)
 Metaspace       used 75555K, committed 76096K, reserved 1122304K
  class space    used 10151K, committed 10432K, reserved 1048576K
}
Event: 10.628 GC heap before
{Heap before GC invocations=36 (full 0):
 garbage-first heap   total 163840K, used 105160K [0x0000000080000000, 0x0000000100000000)
  region size 1024K, 18 young (18432K), 2 survivors (2048K)
 Metaspace       used 75615K, committed 76224K, reserved 1122304K
  class space    used 10155K, committed 10432K, reserved 1048576K
}

Deoptimization events (20 events):
Event: 10.569 Thread 0x0000023b158cac00 Uncommon trap: trap_request=0xffffffc6 fr.pc=0x0000023b07dd4d90 relative=0x00000000000001d0
Event: 10.569 Thread 0x0000023b158cac00 Uncommon trap: reason=bimorphic_or_optimized_type_check action=maybe_recompile pc=0x0000023b07dd4d90 method=org.apache.xerces.dom.ElementImpl.getAttributes()Lorg/w3c/dom/NamedNodeMap; @ 8 c2
Event: 10.569 Thread 0x0000023b158cac00 DEOPT PACKING pc=0x0000023b07dd4d90 sp=0x000000459cef6910
Event: 10.569 Thread 0x0000023b158cac00 DEOPT UNPACKING pc=0x0000023b0004f92e sp=0x000000459cef68d0 mode 2
Event: 10.574 Thread 0x0000023b158cac00 Uncommon trap: trap_request=0xffffffc6 fr.pc=0x0000023b07dd4d90 relative=0x00000000000001d0
Event: 10.574 Thread 0x0000023b158cac00 Uncommon trap: reason=bimorphic_or_optimized_type_check action=maybe_recompile pc=0x0000023b07dd4d90 method=org.apache.xerces.dom.ElementImpl.getAttributes()Lorg/w3c/dom/NamedNodeMap; @ 8 c2
Event: 10.574 Thread 0x0000023b158cac00 DEOPT PACKING pc=0x0000023b07dd4d90 sp=0x000000459cef6830
Event: 10.574 Thread 0x0000023b158cac00 DEOPT UNPACKING pc=0x0000023b0004f92e sp=0x000000459cef67e8 mode 2
Event: 10.574 Thread 0x0000023b158cac00 Uncommon trap: trap_request=0xffffffc6 fr.pc=0x0000023b07dd4d90 relative=0x00000000000001d0
Event: 10.574 Thread 0x0000023b158cac00 Uncommon trap: reason=bimorphic_or_optimized_type_check action=maybe_recompile pc=0x0000023b07dd4d90 method=org.apache.xerces.dom.ElementImpl.getAttributes()Lorg/w3c/dom/NamedNodeMap; @ 8 c2
Event: 10.574 Thread 0x0000023b158cac00 DEOPT PACKING pc=0x0000023b07dd4d90 sp=0x000000459cef6830
Event: 10.574 Thread 0x0000023b158cac00 DEOPT UNPACKING pc=0x0000023b0004f92e sp=0x000000459cef67e8 mode 2
Event: 10.574 Thread 0x0000023b158cac00 Uncommon trap: trap_request=0xffffffc6 fr.pc=0x0000023b07dd4d90 relative=0x00000000000001d0
Event: 10.574 Thread 0x0000023b158cac00 Uncommon trap: reason=bimorphic_or_optimized_type_check action=maybe_recompile pc=0x0000023b07dd4d90 method=org.apache.xerces.dom.ElementImpl.getAttributes()Lorg/w3c/dom/NamedNodeMap; @ 8 c2
Event: 10.574 Thread 0x0000023b158cac00 DEOPT PACKING pc=0x0000023b07dd4d90 sp=0x000000459cef6830
Event: 10.574 Thread 0x0000023b158cac00 DEOPT UNPACKING pc=0x0000023b0004f92e sp=0x000000459cef67e8 mode 2
Event: 10.619 Thread 0x0000023b158cac00 Uncommon trap: trap_request=0xffffff45 fr.pc=0x0000023b07bb0cac relative=0x00000000000004ec
Event: 10.619 Thread 0x0000023b158cac00 Uncommon trap: reason=unstable_if action=reinterpret pc=0x0000023b07bb0cac method=com.android.utils.XmlUtils.toXmlAttributeValue(Ljava/lang/String;)Ljava/lang/String; @ 33 c2
Event: 10.619 Thread 0x0000023b158cac00 DEOPT PACKING pc=0x0000023b07bb0cac sp=0x000000459cef67a0
Event: 10.619 Thread 0x0000023b158cac00 DEOPT UNPACKING pc=0x0000023b0004f92e sp=0x000000459cef6740 mode 2

Classes unloaded (7 events):
Event: 10.440 Thread 0x0000023b7f649490 Unloading class 0x0000000801611c00 'java/lang/invoke/LambdaForm$DMH+0x0000000801611c00'
Event: 10.440 Thread 0x0000023b7f649490 Unloading class 0x0000000801611800 'java/lang/invoke/LambdaForm$DMH+0x0000000801611800'
Event: 10.440 Thread 0x0000023b7f649490 Unloading class 0x0000000801611400 'java/lang/invoke/LambdaForm$DMH+0x0000000801611400'
Event: 10.440 Thread 0x0000023b7f649490 Unloading class 0x0000000801610800 'java/lang/invoke/LambdaForm$DMH+0x0000000801610800'
Event: 10.440 Thread 0x0000023b7f649490 Unloading class 0x0000000801610c00 'java/lang/invoke/LambdaForm$DMH+0x0000000801610c00'
Event: 10.440 Thread 0x0000023b7f649490 Unloading class 0x0000000801610400 'java/lang/invoke/LambdaForm$DMH+0x0000000801610400'
Event: 10.440 Thread 0x0000023b7f649490 Unloading class 0x0000000801611000 'java/lang/invoke/LambdaForm$DMH+0x0000000801611000'

Classes redefined (0 events):
No events

Internal exceptions (20 events):
Event: 8.981 Thread 0x0000023b158cac00 Exception <a 'java/lang/IncompatibleClassChangeError'{0x0000000085fd2618}: Found class java.lang.Object, but interface was expected> (0x0000000085fd2618) 
thrown [t:\workspace\open\src\hotspot\share\interpreter\linkResolver.cpp, line 857]
Event: 9.007 Thread 0x0000023b158cb150 Exception <a 'java/lang/NoSuchMethodError'{0x0000000085d8a4f0}: static Lorg/gradle/internal/build/event/types/DefaultTaskSkippedResult;.<clinit>()V> (0x0000000085d8a4f0) 
thrown [t:\workspace\open\src\hotspot\share\prims\jni.cpp, line 1210]
Event: 9.008 Thread 0x0000023b158cac00 Exception <a 'java/lang/NoSuchMethodError'{0x0000000085d59868}: 'java.lang.Object java.lang.invoke.DirectMethodHandle$Holder.invokeInterface(java.lang.Object, java.lang.Object, int)'> (0x0000000085d59868) 
thrown [t:\workspace\open\src\hotspot\share\interpreter\linkResolver.cpp, line 790]
Event: 9.010 Thread 0x0000023b158cac00 Exception <a 'java/lang/NoSuchMethodError'{0x0000000085d6dcc0}: 'void java.lang.invoke.DirectMethodHandle$Holder.invokeStatic(java.lang.Object, java.lang.Object, java.lang.Object, int)'> (0x0000000085d6dcc0) 
thrown [t:\workspace\open\src\hotspot\share\interpreter\linkResolver.cpp, line 790]
Event: 9.065 Thread 0x0000023b158cac00 Implicit null exception at 0x0000023b07e035d7 to 0x0000023b07e03774
Event: 9.075 Thread 0x0000023b158cac00 Exception <a 'java/lang/IncompatibleClassChangeError'{0x0000000085c95118}: Found class java.lang.Object, but interface was expected> (0x0000000085c95118) 
thrown [t:\workspace\open\src\hotspot\share\interpreter\linkResolver.cpp, line 857]
Event: 9.118 Thread 0x0000023b158cac00 Exception <a 'java/lang/NoSuchMethodError'{0x0000000085ab7648}: 'int java.lang.invoke.DirectMethodHandle$Holder.invokeStaticInit(java.lang.Object, java.lang.Object, java.lang.Object, java.lang.Object, java.lang.Object)'> (0x0000000085ab7648) 
thrown [t:\workspace\open\src\hotspot\share\interpreter\linkResolver.cpp, line 790]
Event: 9.300 Thread 0x0000023b158cac00 Exception <a 'java/lang/NoSuchMethodError'{0x00000000855eeef0}: 'void java.lang.invoke.DirectMethodHandle$Holder.invokeStatic(java.lang.Object, java.lang.Object, java.lang.Object, java.lang.Object, int, java.lang.Object, java.lang.Object)'> (0x00000000855eeef0) 
thrown [t:\workspace\open\src\hotspot\share\interpreter\linkResolver.cpp, line 790]
Event: 9.341 Thread 0x0000023b1707d520 Exception <a 'java/lang/NoSuchMethodError'{0x0000000087494548}: 'java.lang.Object java.lang.invoke.DirectMethodHandle$Holder.invokeSpecialIFC(java.lang.Object, java.lang.Object, java.lang.Object)'> (0x0000000087494548) 
thrown [t:\workspace\open\src\hotspot\share\interpreter\linkResolver.cpp, line 790]
Event: 9.341 Thread 0x0000023b19d31540 Exception <a 'java/lang/NoSuchMethodError'{0x000000008748da48}: 'java.lang.Object java.lang.invoke.DirectMethodHandle$Holder.invokeSpecialIFC(java.lang.Object, java.lang.Object, java.lang.Object)'> (0x000000008748da48) 
thrown [t:\workspace\open\src\hotspot\share\interpreter\linkResolver.cpp, line 790]
Event: 9.341 Thread 0x0000023b19d2b5a0 Exception <a 'java/lang/NoSuchMethodError'{0x000000008747af20}: 'java.lang.Object java.lang.invoke.DirectMethodHandle$Holder.invokeSpecialIFC(java.lang.Object, java.lang.Object, java.lang.Object)'> (0x000000008747af20) 
thrown [t:\workspace\open\src\hotspot\share\interpreter\linkResolver.cpp, line 790]
Event: 9.341 Thread 0x0000023b17082f70 Exception <a 'java/lang/NoSuchMethodError'{0x000000008749a020}: 'java.lang.Object java.lang.invoke.DirectMethodHandle$Holder.invokeSpecialIFC(java.lang.Object, java.lang.Object, java.lang.Object)'> (0x000000008749a020) 
thrown [t:\workspace\open\src\hotspot\share\interpreter\linkResolver.cpp, line 790]
Event: 9.342 Thread 0x0000023b158cac00 Exception <a 'java/lang/NoSuchMethodError'{0x0000000087d40260}: 'java.lang.Object java.lang.invoke.DirectMethodHandle$Holder.invokeSpecialIFC(java.lang.Object, java.lang.Object, java.lang.Object)'> (0x0000000087d40260) 
thrown [t:\workspace\open\src\hotspot\share\interpreter\linkResolver.cpp, line 790]
Event: 9.342 Thread 0x0000023b1707c530 Exception <a 'java/lang/NoSuchMethodError'{0x00000000874a0268}: 'java.lang.Object java.lang.invoke.DirectMethodHandle$Holder.invokeSpecialIFC(java.lang.Object, java.lang.Object, java.lang.Object)'> (0x00000000874a0268) 
thrown [t:\workspace\open\src\hotspot\share\interpreter\linkResolver.cpp, line 790]
Event: 9.342 Thread 0x0000023b19d2a060 Exception <a 'java/lang/NoSuchMethodError'{0x0000000087481748}: 'java.lang.Object java.lang.invoke.DirectMethodHandle$Holder.invokeSpecialIFC(java.lang.Object, java.lang.Object, java.lang.Object)'> (0x0000000087481748) 
thrown [t:\workspace\open\src\hotspot\share\interpreter\linkResolver.cpp, line 790]
Event: 9.342 Thread 0x0000023b17082a20 Exception <a 'java/lang/NoSuchMethodError'{0x00000000874a8638}: 'java.lang.Object java.lang.invoke.DirectMethodHandle$Holder.invokeSpecialIFC(java.lang.Object, java.lang.Object, java.lang.Object)'> (0x00000000874a8638) 
thrown [t:\workspace\open\src\hotspot\share\interpreter\linkResolver.cpp, line 790]
Event: 9.804 Thread 0x0000023b17082a20 Implicit null exception at 0x0000023b080139db to 0x0000023b08013a70
Event: 9.847 Thread 0x0000023b158cac00 Exception <a 'java/lang/NoSuchMethodError'{0x00000000867ba710}: 'void java.lang.invoke.DirectMethodHandle$Holder.invokeVirtual(java.lang.Object, java.lang.Object)'> (0x00000000867ba710) 
thrown [t:\workspace\open\src\hotspot\share\interpreter\linkResolver.cpp, line 790]
Event: 9.985 Thread 0x0000023b158cac00 Implicit null exception at 0x0000023b07ae9764 to 0x0000023b07ae9930
Event: 10.090 Thread 0x0000023b158cac00 Implicit null exception at 0x0000023b08048cb3 to 0x0000023b080495a4

Events (20 events):
Event: 10.277 loading class org/w3c/dom/DOMImplementation done
Event: 10.278 loading class org/w3c/dom/ls/DOMImplementationLS
Event: 10.278 loading class org/w3c/dom/ls/DOMImplementationLS done
Event: 10.278 loading class org/w3c/dom/ls/LSInput
Event: 10.278 loading class org/w3c/dom/ls/LSInput done
Event: 10.278 loading class org/w3c/dom/ls/LSOutput
Event: 10.278 loading class org/w3c/dom/ls/LSOutput done
Event: 10.279 loading class org/w3c/dom/ls/LSParser
Event: 10.279 loading class org/w3c/dom/ls/LSParser done
Event: 10.279 loading class org/w3c/dom/ls/LSSerializer
Event: 10.279 loading class org/w3c/dom/ls/LSSerializer done
Event: 10.355 Executing  VM operation: G1TryInitiateConcMark
Event: 10.363 Executing  VM operation: G1TryInitiateConcMark done
Event: 10.439 Executing  VM operation: G1Concurrent
Event: 10.449 Executing  VM operation: G1Concurrent done
Event: 10.496 Executing  VM operation: G1Concurrent
Event: 10.496 Executing  VM operation: G1Concurrent done
Event: 10.508 Executing  VM operation: G1CollectForAllocation
Event: 10.511 Executing  VM operation: G1CollectForAllocation done
Event: 10.628 Executing  VM operation: G1TryInitiateConcMark


Dynamic libraries:
0x00007ff765720000 - 0x00007ff765730000 	C:\Program Files\Java\jdk-16.0.2\bin\java.exe
0x00007ffb1c030000 - 0x00007ffb1c228000 	C:\WINDOWS\SYSTEM32\ntdll.dll
0x00007ffb1b070000 - 0x00007ffb1b12d000 	C:\WINDOWS\System32\KERNEL32.DLL
0x00007ffb19780000 - 0x00007ffb19a4e000 	C:\WINDOWS\System32\KERNELBASE.dll
0x00007ffb19a50000 - 0x00007ffb19b50000 	C:\WINDOWS\System32\ucrtbase.dll
0x00007ffaf3bd0000 - 0x00007ffaf3be9000 	C:\Program Files\Java\jdk-16.0.2\bin\VCRUNTIME140.dll
0x00007ffaf3bf0000 - 0x00007ffaf3c08000 	C:\Program Files\Java\jdk-16.0.2\bin\jli.dll
0x00007ffb1bdf0000 - 0x00007ffb1be9e000 	C:\WINDOWS\System32\ADVAPI32.dll
0x00007ffb1bea0000 - 0x00007ffb1bf3e000 	C:\WINDOWS\System32\msvcrt.dll
0x00007ffb1bd20000 - 0x00007ffb1bdbc000 	C:\WINDOWS\System32\sechost.dll
0x00007ffb1aa70000 - 0x00007ffb1ab95000 	C:\WINDOWS\System32\RPCRT4.dll
0x00007ffb1ada0000 - 0x00007ffb1af40000 	C:\WINDOWS\System32\USER32.dll
0x00007ffb19f00000 - 0x00007ffb19f22000 	C:\WINDOWS\System32\win32u.dll
0x00007ffb01ab0000 - 0x00007ffb01d4a000 	C:\WINDOWS\WinSxS\amd64_microsoft.windows.common-controls_6595b64144ccf1df_6.0.19041.1110_none_60b5254171f9507e\COMCTL32.dll
0x00007ffb1a0f0000 - 0x00007ffb1a11a000 	C:\WINDOWS\System32\GDI32.dll
0x00007ffb19df0000 - 0x00007ffb19efb000 	C:\WINDOWS\System32\gdi32full.dll
0x00007ffb19c10000 - 0x00007ffb19cad000 	C:\WINDOWS\System32\msvcp_win.dll
0x00007ffb115f0000 - 0x00007ffb115fa000 	C:\WINDOWS\SYSTEM32\VERSION.dll
0x00007ffb1bdc0000 - 0x00007ffb1bdf0000 	C:\WINDOWS\System32\IMM32.DLL
0x00007ffb168b0000 - 0x00007ffb168bc000 	C:\Program Files\Java\jdk-16.0.2\bin\vcruntime140_1.dll
0x00007ffaf25d0000 - 0x00007ffaf2661000 	C:\Program Files\Java\jdk-16.0.2\bin\msvcp140.dll
0x00007ffaeea60000 - 0x00007ffaef60b000 	C:\Program Files\Java\jdk-16.0.2\bin\server\jvm.dll
0x00007ffb1af40000 - 0x00007ffb1af48000 	C:\WINDOWS\System32\PSAPI.DLL
0x00007ffaff030000 - 0x00007ffaff039000 	C:\WINDOWS\SYSTEM32\WSOCK32.dll
0x00007ffb175d0000 - 0x00007ffb175f7000 	C:\WINDOWS\SYSTEM32\WINMM.dll
0x00007ffb1ba80000 - 0x00007ffb1baeb000 	C:\WINDOWS\System32\WS2_32.dll
0x00007ffb17fe0000 - 0x00007ffb17ff2000 	C:\WINDOWS\SYSTEM32\kernel.appcore.dll
0x00007ffb12bc0000 - 0x00007ffb12bca000 	C:\Program Files\Java\jdk-16.0.2\bin\jimage.dll
0x00007ffb173e0000 - 0x00007ffb175c4000 	C:\WINDOWS\SYSTEM32\DBGHELP.DLL
0x00007ffb173b0000 - 0x00007ffb173dc000 	C:\WINDOWS\SYSTEM32\dbgcore.DLL
0x00007ffb19cb0000 - 0x00007ffb19d32000 	C:\WINDOWS\System32\bcryptPrimitives.dll
0x00007ffaf3ba0000 - 0x00007ffaf3bc5000 	C:\Program Files\Java\jdk-16.0.2\bin\java.dll
0x00007ffb1a1b0000 - 0x00007ffb1a8f4000 	C:\WINDOWS\System32\SHELL32.dll
0x00007ffb17830000 - 0x00007ffb17fc4000 	C:\WINDOWS\SYSTEM32\windows.storage.dll
0x00007ffb1b5a0000 - 0x00007ffb1b8f4000 	C:\WINDOWS\System32\combase.dll
0x00007ffb191b0000 - 0x00007ffb191e0000 	C:\WINDOWS\SYSTEM32\Wldp.dll
0x00007ffb1afc0000 - 0x00007ffb1b06d000 	C:\WINDOWS\System32\SHCORE.dll
0x00007ffb1ba20000 - 0x00007ffb1ba75000 	C:\WINDOWS\System32\shlwapi.dll
0x00007ffb19690000 - 0x00007ffb196af000 	C:\WINDOWS\SYSTEM32\profapi.dll
0x00007ffaf3b80000 - 0x00007ffaf3b99000 	C:\Program Files\Java\jdk-16.0.2\bin\net.dll
0x00007ffb05630000 - 0x00007ffb0573a000 	C:\WINDOWS\SYSTEM32\WINHTTP.dll
0x00007ffb18f10000 - 0x00007ffb18f7a000 	C:\WINDOWS\system32\mswsock.dll
0x00007ffaf3b60000 - 0x00007ffaf3b73000 	C:\Program Files\Java\jdk-16.0.2\bin\nio.dll
0x00007ffaf3b40000 - 0x00007ffaf3b58000 	C:\Program Files\Java\jdk-16.0.2\bin\zip.dll
0x00007ffb12b10000 - 0x00007ffb12b20000 	C:\Program Files\Java\jdk-16.0.2\bin\verify.dll
0x00007ffb12bd0000 - 0x00007ffb12bf7000 	C:\Users\ITECH\.gradle\native\e1d6ef7f7dcc3fd88c89a11ec53ec762bb8ba0a96d01ffa2cd45eb1d1d8dd5c5\windows-amd64\native-platform.dll
0x00007ffaefb10000 - 0x00007ffaefc54000 	C:\Users\ITECH\.gradle\native\5664cfc778a61ccfe75a443a1ab52a65af34e5dc3c78e0209fed803814484fcb\windows-amd64\native-platform-file-events.dll
0x00007ffb111c0000 - 0x00007ffb111c9000 	C:\Program Files\Java\jdk-16.0.2\bin\management.dll
0x00007ffaff040000 - 0x00007ffaff04b000 	C:\Program Files\Java\jdk-16.0.2\bin\management_ext.dll
0x00007ffb19100000 - 0x00007ffb19118000 	C:\WINDOWS\SYSTEM32\CRYPTSP.dll
0x00007ffb18820000 - 0x00007ffb18854000 	C:\WINDOWS\system32\rsaenh.dll
0x00007ffb19750000 - 0x00007ffb19777000 	C:\WINDOWS\System32\bcrypt.dll
0x00007ffb19650000 - 0x00007ffb1967e000 	C:\WINDOWS\SYSTEM32\USERENV.dll
0x00007ffb19120000 - 0x00007ffb1912c000 	C:\WINDOWS\SYSTEM32\CRYPTBASE.dll
0x00007ffb18bb0000 - 0x00007ffb18beb000 	C:\WINDOWS\SYSTEM32\IPHLPAPI.DLL
0x00007ffb1a1a0000 - 0x00007ffb1a1a8000 	C:\WINDOWS\System32\NSI.dll
0x00007ffb0e180000 - 0x00007ffb0e197000 	C:\WINDOWS\SYSTEM32\dhcpcsvc6.DLL
0x00007ffb0ed40000 - 0x00007ffb0ed5d000 	C:\WINDOWS\SYSTEM32\dhcpcsvc.DLL
0x00007ffb18c00000 - 0x00007ffb18cca000 	C:\WINDOWS\SYSTEM32\DNSAPI.dll
0x00007ffafd4c0000 - 0x00007ffafd4ce000 	C:\Program Files\Java\jdk-16.0.2\bin\sunmscapi.dll
0x00007ffb19f30000 - 0x00007ffb1a086000 	C:\WINDOWS\System32\CRYPT32.dll
0x00007ffb19220000 - 0x00007ffb19247000 	C:\WINDOWS\SYSTEM32\ncrypt.dll
0x00007ffb191e0000 - 0x00007ffb1921b000 	C:\WINDOWS\SYSTEM32\NTASN1.dll
0x00007ffacca80000 - 0x00007ffacca87000 	C:\WINDOWS\system32\wshunix.dll

dbghelp: loaded successfully - version: 4.0.5 - missing functions: none
symbol engine: initialized successfully - sym options: 0x614 - pdb path: .;C:\Program Files\Java\jdk-16.0.2\bin;C:\WINDOWS\SYSTEM32;C:\WINDOWS\WinSxS\amd64_microsoft.windows.common-controls_6595b64144ccf1df_6.0.19041.1110_none_60b5254171f9507e;C:\Program Files\Java\jdk-16.0.2\bin\server;C:\Users\ITECH\.gradle\native\e1d6ef7f7dcc3fd88c89a11ec53ec762bb8ba0a96d01ffa2cd45eb1d1d8dd5c5\windows-amd64;C:\Users\ITECH\.gradle\native\5664cfc778a61ccfe75a443a1ab52a65af34e5dc3c78e0209fed803814484fcb\windows-amd64

VM Arguments:
jvm_args: --add-opens=java.base/java.util=ALL-UNNAMED --add-opens=java.base/java.lang=ALL-UNNAMED --add-opens=java.base/java.lang.invoke=ALL-UNNAMED --add-opens=java.base/java.util=ALL-UNNAMED --add-opens=java.prefs/java.util.prefs=ALL-UNNAMED --add-opens=java.prefs/java.util.prefs=ALL-UNNAMED --add-opens=java.base/java.nio.charset=ALL-UNNAMED --add-opens=java.base/java.net=ALL-UNNAMED --add-opens=java.base/java.util.concurrent.atomic=ALL-UNNAMED -Xmx2048m -Dfile.encoding=UTF-8 -Duser.country=US -Duser.language=en -Duser.variant 
java_command: org.gradle.launcher.daemon.bootstrap.GradleDaemon 7.3.3
java_class_path (initial): C:\Users\ITECH\.gradle\wrapper\dists\gradle-7.3.3-bin\6a41zxkdtcxs8rphpq6y0069z\gradle-7.3.3\lib\gradle-launcher-7.3.3.jar
Launcher Type: SUN_STANDARD

[Global flags]
     intx CICompilerCount                          = 4                                         {product} {ergonomic}
     uint ConcGCThreads                            = 2                                         {product} {ergonomic}
     uint G1ConcRefinementThreads                  = 8                                         {product} {ergonomic}
   size_t G1HeapRegionSize                         = 1048576                                   {product} {ergonomic}
    uintx GCDrainStackTargetSize                   = 64                                        {product} {ergonomic}
   size_t InitialHeapSize                          = 132120576                                 {product} {ergonomic}
   size_t MarkStackSize                            = 4194304                                   {product} {ergonomic}
   size_t MaxHeapSize                              = 2147483648                                {product} {command line}
   size_t MaxNewSize                               = 1287651328                                {product} {ergonomic}
   size_t MinHeapDeltaBytes                        = 1048576                                   {product} {ergonomic}
   size_t MinHeapSize                              = 8388608                                   {product} {ergonomic}
    uintx NonNMethodCodeHeapSize                   = 5839372                                {pd product} {ergonomic}
    uintx NonProfiledCodeHeapSize                  = 122909434                              {pd product} {ergonomic}
    uintx ProfiledCodeHeapSize                     = 122909434                              {pd product} {ergonomic}
    uintx ReservedCodeCacheSize                    = 251658240                              {pd product} {ergonomic}
     bool SegmentedCodeCache                       = true                                      {product} {ergonomic}
   size_t SoftMaxHeapSize                          = 2147483648                             {manageable} {ergonomic}
     bool UseCompressedClassPointers               = true                           {product lp64_product} {ergonomic}
     bool UseCompressedOops                        = true                           {product lp64_product} {ergonomic}
     bool UseG1GC                                  = true                                      {product} {ergonomic}
     bool UseLargePagesIndividualAllocation        = false                                  {pd product} {ergonomic}

Logging:
Log output configuration:
 #0: stdout all=warning uptime,level,tags
 #1: stderr all=off uptime,level,tags

Environment Variables:
JAVA_HOME=C:\Program Files\Java\jdk-16.0.2
PATH=C:\Program Files\Python37\Scripts\;C:\Program Files\Python37\;C:\ProgramData\Oracle\Java\javapath;C:\app\ITECH\product\11.2.0\dbhome_1\bin;C:\Program Files\Common Files\Oracle\Java\javapath;C:\Program Files (x86)\Common Files\Oracle\Java\javapath;C:\WINDOWS\system32;C:\WINDOWS;C:\WINDOWS\System32\Wbem;C:\WINDOWS\System32\WindowsPowerShell\v1.0\;C:\WINDOWS\System32\OpenSSH\;C:\Program Files\Microsoft SQL Server\130\Tools\Binn\;C:\Program Files\Microsoft SQL Server\Client SDK\ODBC\170\Tools\Binn\;C:\Program Files\dotnet\;C:\Program Files\nodejs\;C:\Program Files\Java\jdk-16.0.2\bin;C:\Program Files\Git\cmd;C:\Program Files\Java\jdk-16.0.2\bin;
USERNAME=ITECH
OS=Windows_NT
PROCESSOR_IDENTIFIER=Intel64 Family 6 Model 126 Stepping 5, GenuineIntel



---------------  S Y S T E M  ---------------

OS:
 Windows 10 , 64 bit Build 19041 (10.0.19041.1889)
OS uptime: 0 days 0:31 hours

CPU: total 8 (initial active 8) (4 cores per cpu, 2 threads per core) family 6 model 126 stepping 5 microcode 0xb0, cx8, cmov, fxsr, ht, mmx, 3dnowpref, sse, sse2, sse3, ssse3, sse4.1, sse4.2, popcnt, lzcnt, tsc, tscinvbit, avx, avx2, aes, erms, clmul, bmi1, bmi2, adx, avx512f, avx512dq, avx512cd, avx512bw, avx512vl, sha, fma, vzeroupper, avx512_vpopcntdq, avx512_vpclmulqdq, avx512_vaes, avx512_vnni, clflush, clflushopt, avx512_vmbi2, avx512_vmbi

Memory: 4k page, system-wide physical 7959M (894M free)
TotalPageFile size 7959M (AvailPageFile size 128M)
current process WorkingSet (physical memory assigned to process): 381M, peak: 381M
current process commit charge ("private bytes"): 441M, peak: 601M

vm_info: Java HotSpot(TM) 64-Bit Server VM (16.0.2+7-67) for windows-amd64 JRE (16.0.2+7-67), built on Jun  8 2021 23:24:19 by "mach5one" with MS VC++ 16.7 (VS2019)

END.
