#
# There is insufficient memory for the Java Runtime Environment to continue.
# Native memory allocation (malloc) failed to allocate 32744 bytes for ChunkPool::allocate
# Possible reasons:
#   The system is out of physical RAM or swap space
#   The process is running with CompressedOops enabled, and the Java Heap may be blocking the growth of the native heap
# Possible solutions:
#   Reduce memory load on the system
#   Increase physical memory or swap space
#   Check if swap backing store is full
#   Decrease Java heap size (-Xmx/-Xms)
#   Decrease number of Java threads
#   Decrease Java thread stack sizes (-Xss)
#   Set larger code cache with -XX:ReservedCodeCacheSize=
#   JVM is running with Unscaled Compressed Oops mode in which the Java heap is
#     placed in the first 4GB address space. The Java Heap base address is the
#     maximum limit for the native heap growth. Please use -XX:HeapBaseMinAddress
#     to set the Java Heap base and to place the Java Heap above 4GB virtual address.
# This output file may be truncated or incomplete.
#
#  Out of Memory Error (arena.cpp:79), pid=13224, tid=7364
#
# JRE version: Java(TM) SE Runtime Environment (16.0.2+7) (build 16.0.2+7-67)
# Java VM: Java HotSpot(TM) 64-Bit Server VM (16.0.2+7-67, mixed mode, sharing, tiered, compressed oops, compressed class ptrs, g1 gc, windows-amd64)
# No core dump will be written. Minidumps are not enabled by default on client versions of Windows
#

---------------  S U M M A R Y ------------

Command Line: --add-opens=java.base/java.util=ALL-UNNAMED --add-opens=java.base/java.lang=ALL-UNNAMED --add-opens=java.base/java.lang.invoke=ALL-UNNAMED --add-opens=java.base/java.util=ALL-UNNAMED --add-opens=java.prefs/java.util.prefs=ALL-UNNAMED --add-opens=java.prefs/java.util.prefs=ALL-UNNAMED --add-opens=java.base/java.nio.charset=ALL-UNNAMED --add-opens=java.base/java.net=ALL-UNNAMED --add-opens=java.base/java.util.concurrent.atomic=ALL-UNNAMED -Xmx2048m -Dfile.encoding=UTF-8 -Duser.country=US -Duser.language=en -Duser.variant org.gradle.launcher.daemon.bootstrap.GradleDaemon 7.3.3

Host: Intel(R) Core(TM) i7-1065G7 CPU @ 1.30GHz, 8 cores, 7G,  Windows 10 , 64 bit Build 19041 (10.0.19041.1889)
Time: Wed Aug 17 17:07:07 2022 Egypt Standard Time elapsed time: 6.732941 seconds (0d 0h 0m 6s)

---------------  T H R E A D  ---------------

Current thread (0x000002430fa6ada0):  JavaThread "C2 CompilerThread2" daemon [_thread_in_native, id=7364, stack(0x000000b7deb00000,0x000000b7dec00000)]


Current CompileTask:
C2:   6732 6759   !   4       org.codehaus.groovy.reflection.stdclasses.CachedSAMClass::hasUsableImplementation (72 bytes)

Stack: [0x000000b7deb00000,0x000000b7dec00000]
Native frames: (J=compiled Java code, j=interpreted, Vv=VM code, C=native code)
V  [jvm.dll+0x6681ca]
V  [jvm.dll+0x7c9e69]
V  [jvm.dll+0x7cb61e]
V  [jvm.dll+0x7cbc73]
V  [jvm.dll+0x242c55]
V  [jvm.dll+0xae10f]
V  [jvm.dll+0xae45c]
V  [jvm.dll+0x35fbc2]
V  [jvm.dll+0x557506]
V  [jvm.dll+0x1b9cd6]
V  [jvm.dll+0x215e16]
V  [jvm.dll+0x215100]
V  [jvm.dll+0x1a1beb]
V  [jvm.dll+0x225158]
V  [jvm.dll+0x22319c]
V  [jvm.dll+0x77fa62]
V  [jvm.dll+0x7795aa]
V  [jvm.dll+0x667066]
C  [ucrtbase.dll+0x21bb2]
C  [KERNEL32.DLL+0x17034]
C  [ntdll.dll+0x52651]


---------------  P R O C E S S  ---------------

Threads class SMR info:
_java_thread_list=0x0000024311949bf0, length=126, elements={
0x000002437037cca0, 0x000002437f442090, 0x000002437f442ba0, 0x000002437f4504a0,
0x000002437f452ec0, 0x000002437f457bf0, 0x000002437f459510, 0x000002437f464920,
0x000002437f46feb0, 0x000002437f472420, 0x000002430f9f5e10, 0x000002430f9f9350,
0x000002430fa81a60, 0x000002430fa6ada0, 0x0000024311cf8e00, 0x00000243123c29c0,
0x000002431244d220, 0x0000024310acaa70, 0x000002431123c770, 0x000002431142cea0,
0x000002431142b960, 0x000002431142a420, 0x000002431142beb0, 0x000002431142c950,
0x000002431142c400, 0x000002431142aec0, 0x000002431142a970, 0x0000024311429980,
0x0000024311429ed0, 0x000002431142b410, 0x0000024312b6aad0, 0x0000024312b6d000,
0x0000024312b6b570, 0x0000024312b6daa0, 0x0000024312b6dff0, 0x0000024312b6e540,
0x0000024312b6ea90, 0x0000024312b68050, 0x0000024312b685a0, 0x0000024312b68af0,
0x0000024312b69040, 0x0000024312b67b00, 0x0000024312b6d550, 0x0000024312b6c560,
0x0000024312b6a030, 0x0000024312b69590, 0x0000024312b69ae0, 0x0000024312b6a580,
0x0000024312b6b020, 0x0000024312b6cab0, 0x00000243165bd140, 0x00000243165bc150,
0x00000243165bc6a0, 0x00000243165b8c30, 0x00000243165b86e0, 0x00000243165b96d0,
0x00000243165b6c50, 0x00000243165bdbe0, 0x00000243165bcbf0, 0x00000243165bac10,
0x00000243165b71a0, 0x00000243165b9180, 0x00000243165b76f0, 0x00000243165b8190,
0x00000243165bd690, 0x00000243165bb6b0, 0x00000243165be130, 0x00000243165b9c20,
0x00000243165b6700, 0x00000243165b7c40, 0x00000243165ba170, 0x00000243165bbc00,
0x00000243165ba6c0, 0x00000243165bb160, 0x0000024312b8b5a0, 0x0000024312b8fab0,
0x0000024312b8c590, 0x0000024312b8e570, 0x0000024312b8cae0, 0x0000024312b8ab00,
0x0000024312b90aa0, 0x0000024312b91a90, 0x0000024312b90000, 0x0000024312b8c040,
0x0000024312b8d030, 0x0000024312b8a060, 0x0000024312b8a5b0, 0x0000024312b8d580,
0x0000024312b8baf0, 0x0000024312b90550, 0x0000024312b90ff0, 0x0000024312b91540,
0x0000024312b8dad0, 0x0000024312b8b050, 0x0000024312b8e020, 0x0000024312b8eac0,
0x0000024312b8f010, 0x0000024312b8f560, 0x0000024312c3d5b0, 0x0000024312c41570,
0x0000024312c3e5a0, 0x0000024312c41ac0, 0x0000024312c3fae0, 0x0000024312c43aa0,
0x0000024312c43ff0, 0x0000024312c41020, 0x0000024312c43550, 0x0000024312c44540,
0x0000024312c43000, 0x0000024312c44a90, 0x0000024312c42010, 0x0000024312c3d060,
0x0000024312c3f040, 0x0000024312c3e050, 0x0000024312c42560, 0x0000024312c3eaf0,
0x0000024312c3db00, 0x0000024312c42ab0, 0x0000024312c3f590, 0x0000024312c40030,
0x0000024312c40580, 0x0000024312c40ad0, 0x00000243163ec930, 0x00000243163e9410,
0x00000243163e7ed0, 0x00000243163e7980
}

Java Threads: ( => current thread )
  0x000002437037cca0 JavaThread "main" [_thread_blocked, id=5108, stack(0x000000b7dd700000,0x000000b7dd800000)]
  0x000002437f442090 JavaThread "Reference Handler" daemon [_thread_blocked, id=4648, stack(0x000000b7dde00000,0x000000b7ddf00000)]
  0x000002437f442ba0 JavaThread "Finalizer" daemon [_thread_blocked, id=4660, stack(0x000000b7ddf00000,0x000000b7de000000)]
  0x000002437f4504a0 JavaThread "Signal Dispatcher" daemon [_thread_blocked, id=9112, stack(0x000000b7de000000,0x000000b7de100000)]
  0x000002437f452ec0 JavaThread "Attach Listener" daemon [_thread_blocked, id=11540, stack(0x000000b7de100000,0x000000b7de200000)]
  0x000002437f457bf0 JavaThread "Service Thread" daemon [_thread_blocked, id=12396, stack(0x000000b7de200000,0x000000b7de300000)]
  0x000002437f459510 JavaThread "Monitor Deflation Thread" daemon [_thread_blocked, id=10828, stack(0x000000b7de300000,0x000000b7de400000)]
  0x000002437f464920 JavaThread "C2 CompilerThread0" daemon [_thread_in_native, id=12772, stack(0x000000b7de400000,0x000000b7de500000)]
  0x000002437f46feb0 JavaThread "C1 CompilerThread0" daemon [_thread_blocked, id=8876, stack(0x000000b7de500000,0x000000b7de600000)]
  0x000002437f472420 JavaThread "Sweeper thread" daemon [_thread_blocked, id=7812, stack(0x000000b7de600000,0x000000b7de700000)]
  0x000002430f9f5e10 JavaThread "Common-Cleaner" daemon [_thread_blocked, id=4600, stack(0x000000b7de700000,0x000000b7de800000)]
  0x000002430f9f9350 JavaThread "Notification Thread" daemon [_thread_blocked, id=9744, stack(0x000000b7de800000,0x000000b7de900000)]
  0x000002430fa81a60 JavaThread "C2 CompilerThread1" daemon [_thread_in_native, id=12120, stack(0x000000b7dea00000,0x000000b7deb00000)]
=>0x000002430fa6ada0 JavaThread "C2 CompilerThread2" daemon [_thread_in_native, id=7364, stack(0x000000b7deb00000,0x000000b7dec00000)]
  0x0000024311cf8e00 JavaThread "Daemon health stats" [_thread_blocked, id=9092, stack(0x000000b7df000000,0x000000b7df100000)]
  0x00000243123c29c0 JavaThread "Incoming local TCP Connector on port 62694" [_thread_in_native, id=11932, stack(0x000000b7df100000,0x000000b7df200000)]
  0x000002431244d220 JavaThread "Daemon periodic checks" [_thread_blocked, id=2524, stack(0x000000b7df200000,0x000000b7df300000)]
  0x0000024310acaa70 JavaThread "Daemon" [_thread_blocked, id=3836, stack(0x000000b7df300000,0x000000b7df400000)]
  0x000002431123c770 JavaThread "Handler for socket connection from /127.0.0.1:62694 to /127.0.0.1:62695" [_thread_in_native, id=84, stack(0x000000b7df400000,0x000000b7df500000)]
  0x000002431142cea0 JavaThread "Cancel handler" [_thread_blocked, id=3360, stack(0x000000b7df500000,0x000000b7df600000)]
  0x000002431142b960 JavaThread "Daemon worker" [_thread_in_vm, id=4100, stack(0x000000b7df600000,0x000000b7df700000)]
  0x000002431142a420 JavaThread "Asynchronous log dispatcher for DefaultDaemonConnection: socket connection from /127.0.0.1:62694 to /127.0.0.1:62695" [_thread_blocked, id=13276, stack(0x000000b7df700000,0x000000b7df800000)]
  0x000002431142beb0 JavaThread "Stdin handler" [_thread_blocked, id=12768, stack(0x000000b7df800000,0x000000b7df900000)]
  0x000002431142c950 JavaThread "Daemon client event forwarder" [_thread_blocked, id=8912, stack(0x000000b7df900000,0x000000b7dfa00000)]
  0x000002431142c400 JavaThread "Cache worker for journal cache (C:\Users\ITECH\.gradle\caches\journal-1)" [_thread_blocked, id=11632, stack(0x000000b7dfa00000,0x000000b7dfb00000)]
  0x000002431142aec0 JavaThread "File lock request listener" [_thread_in_native, id=3300, stack(0x000000b7dfb00000,0x000000b7dfc00000)]
  0x000002431142a970 JavaThread "Cache worker for file hash cache (C:\Users\ITECH\.gradle\caches\7.3.3\fileHashes)" [_thread_blocked, id=10300, stack(0x000000b7dfc00000,0x000000b7dfd00000)]
  0x0000024311429980 JavaThread "Cache worker for file hash cache (C:\Users\ITECH\AndroidStudioProjects\yummy\.gradle\7.3.3\fileHashes)" [_thread_blocked, id=8212, stack(0x000000b7dfd00000,0x000000b7dfe00000)]
  0x0000024311429ed0 JavaThread "File watcher server" daemon [_thread_in_native, id=12664, stack(0x000000b7e0100000,0x000000b7e0200000)]
  0x000002431142b410 JavaThread "File watcher consumer" daemon [_thread_blocked, id=1608, stack(0x000000b7e0200000,0x000000b7e0300000)]
  0x0000024312b6aad0 JavaThread "Cache worker for checksums cache (C:\Users\ITECH\AndroidStudioProjects\yummy\.gradle\7.3.3\checksums)" [_thread_blocked, id=2872, stack(0x000000b7e0300000,0x000000b7e0400000)]
  0x0000024312b6d000 JavaThread "Cache worker for cache directory md-supplier (C:\Users\ITECH\.gradle\caches\7.3.3\md-supplier)" [_thread_blocked, id=2332, stack(0x000000b7e0400000,0x000000b7e0500000)]
  0x0000024312b6b570 JavaThread "Cache worker for cache directory md-rule (C:\Users\ITECH\.gradle\caches\7.3.3\md-rule)" [_thread_blocked, id=12028, stack(0x000000b7e0500000,0x000000b7e0600000)]
  0x0000024312b6daa0 JavaThread "Cache worker for execution history cache (C:\Users\ITECH\.gradle\caches\7.3.3\executionHistory)" [_thread_blocked, id=8672, stack(0x000000b7e0700000,0x000000b7e0800000)]
  0x0000024312b6dff0 JavaThread "jar transforms" [_thread_blocked, id=1184, stack(0x000000b7e0800000,0x000000b7e0900000)]
  0x0000024312b6e540 JavaThread "Cache worker for file content cache (C:\Users\ITECH\.gradle\caches\7.3.3\fileContent)" [_thread_blocked, id=12000, stack(0x000000b7e0900000,0x000000b7e0a00000)]
  0x0000024312b6ea90 JavaThread "jar transforms Thread 2" [_thread_blocked, id=12360, stack(0x000000b7e0a00000,0x000000b7e0b00000)]
  0x0000024312b68050 JavaThread "Cache worker for dependencies-accessors (C:\Users\ITECH\AndroidStudioProjects\yummy\.gradle\7.3.3\dependencies-accessors)" [_thread_blocked, id=9504, stack(0x000000b7e0b00000,0x000000b7e0c00000)]
  0x0000024312b685a0 JavaThread "jar transforms Thread 3" [_thread_blocked, id=10716, stack(0x000000b7e0c00000,0x000000b7e0d00000)]
  0x0000024312b68af0 JavaThread "Cache worker for Build Output Cleanup Cache (C:\Users\ITECH\AndroidStudioProjects\yummy\.gradle\buildOutputCleanup)" [_thread_blocked, id=12300, stack(0x000000b7e0d00000,0x000000b7e0e00000)]
  0x0000024312b69040 JavaThread "Unconstrained build operations" [_thread_blocked, id=5672, stack(0x000000b7e0e00000,0x000000b7e0f00000)]
  0x0000024312b67b00 JavaThread "Unconstrained build operations Thread 2" [_thread_blocked, id=11804, stack(0x000000b7e0f00000,0x000000b7e1000000)]
  0x0000024312b6d550 JavaThread "Unconstrained build operations Thread 3" [_thread_blocked, id=4016, stack(0x000000b7e1000000,0x000000b7e1100000)]
  0x0000024312b6c560 JavaThread "Unconstrained build operations Thread 4" [_thread_blocked, id=2764, stack(0x000000b7e1100000,0x000000b7e1200000)]
  0x0000024312b6a030 JavaThread "Unconstrained build operations Thread 5" [_thread_blocked, id=8584, stack(0x000000b7e1200000,0x000000b7e1300000)]
  0x0000024312b69590 JavaThread "Unconstrained build operations Thread 6" [_thread_blocked, id=1072, stack(0x000000b7e1300000,0x000000b7e1400000)]
  0x0000024312b69ae0 JavaThread "Unconstrained build operations Thread 7" [_thread_blocked, id=2172, stack(0x000000b7e1400000,0x000000b7e1500000)]
  0x0000024312b6a580 JavaThread "Unconstrained build operations Thread 8" [_thread_blocked, id=12020, stack(0x000000b7e1500000,0x000000b7e1600000)]
  0x0000024312b6b020 JavaThread "Unconstrained build operations Thread 9" [_thread_blocked, id=7932, stack(0x000000b7e1600000,0x000000b7e1700000)]
  0x0000024312b6cab0 JavaThread "Unconstrained build operations Thread 10" [_thread_blocked, id=12876, stack(0x000000b7e1700000,0x000000b7e1800000)]
  0x00000243165bd140 JavaThread "Unconstrained build operations Thread 11" [_thread_blocked, id=7576, stack(0x000000b7e1800000,0x000000b7e1900000)]
  0x00000243165bc150 JavaThread "Unconstrained build operations Thread 12" [_thread_blocked, id=8388, stack(0x000000b7e1900000,0x000000b7e1a00000)]
  0x00000243165bc6a0 JavaThread "Unconstrained build operations Thread 13" [_thread_blocked, id=6188, stack(0x000000b7e1a00000,0x000000b7e1b00000)]
  0x00000243165b8c30 JavaThread "Unconstrained build operations Thread 14" [_thread_blocked, id=11820, stack(0x000000b7e1b00000,0x000000b7e1c00000)]
  0x00000243165b86e0 JavaThread "Unconstrained build operations Thread 15" [_thread_blocked, id=13092, stack(0x000000b7e1c00000,0x000000b7e1d00000)]
  0x00000243165b96d0 JavaThread "Unconstrained build operations Thread 16" [_thread_blocked, id=13236, stack(0x000000b7e1d00000,0x000000b7e1e00000)]
  0x00000243165b6c50 JavaThread "Unconstrained build operations Thread 17" [_thread_blocked, id=6508, stack(0x000000b7e1e00000,0x000000b7e1f00000)]
  0x00000243165bdbe0 JavaThread "Unconstrained build operations Thread 18" [_thread_blocked, id=10560, stack(0x000000b7e1f00000,0x000000b7e2000000)]
  0x00000243165bcbf0 JavaThread "Unconstrained build operations Thread 19" [_thread_blocked, id=11332, stack(0x000000b7e2000000,0x000000b7e2100000)]
  0x00000243165bac10 JavaThread "Unconstrained build operations Thread 20" [_thread_blocked, id=4204, stack(0x000000b7e2100000,0x000000b7e2200000)]
  0x00000243165b71a0 JavaThread "Unconstrained build operations Thread 21" [_thread_blocked, id=1524, stack(0x000000b7e2200000,0x000000b7e2300000)]
  0x00000243165b9180 JavaThread "Unconstrained build operations Thread 22" [_thread_blocked, id=6548, stack(0x000000b7e2300000,0x000000b7e2400000)]
  0x00000243165b76f0 JavaThread "Unconstrained build operations Thread 23" [_thread_blocked, id=7316, stack(0x000000b7e2400000,0x000000b7e2500000)]
  0x00000243165b8190 JavaThread "Unconstrained build operations Thread 24" [_thread_blocked, id=8288, stack(0x000000b7e2500000,0x000000b7e2600000)]
  0x00000243165bd690 JavaThread "Unconstrained build operations Thread 25" [_thread_blocked, id=2896, stack(0x000000b7e2600000,0x000000b7e2700000)]
  0x00000243165bb6b0 JavaThread "Unconstrained build operations Thread 26" [_thread_blocked, id=5440, stack(0x000000b7e2700000,0x000000b7e2800000)]
  0x00000243165be130 JavaThread "Unconstrained build operations Thread 27" [_thread_blocked, id=12928, stack(0x000000b7e2800000,0x000000b7e2900000)]
  0x00000243165b9c20 JavaThread "Unconstrained build operations Thread 28" [_thread_blocked, id=10316, stack(0x000000b7e2900000,0x000000b7e2a00000)]
  0x00000243165b6700 JavaThread "Unconstrained build operations Thread 29" [_thread_blocked, id=9392, stack(0x000000b7e2a00000,0x000000b7e2b00000)]
  0x00000243165b7c40 JavaThread "Unconstrained build operations Thread 30" [_thread_blocked, id=11248, stack(0x000000b7e2b00000,0x000000b7e2c00000)]
  0x00000243165ba170 JavaThread "Unconstrained build operations Thread 31" [_thread_blocked, id=8524, stack(0x000000b7e2c00000,0x000000b7e2d00000)]
  0x00000243165bbc00 JavaThread "Unconstrained build operations Thread 32" [_thread_blocked, id=8608, stack(0x000000b7e2d00000,0x000000b7e2e00000)]
  0x00000243165ba6c0 JavaThread "Unconstrained build operations Thread 33" [_thread_blocked, id=6908, stack(0x000000b7e2e00000,0x000000b7e2f00000)]
  0x00000243165bb160 JavaThread "Unconstrained build operations Thread 34" [_thread_blocked, id=2460, stack(0x000000b7e2f00000,0x000000b7e3000000)]
  0x0000024312b8b5a0 JavaThread "Unconstrained build operations Thread 35" [_thread_blocked, id=12004, stack(0x000000b7e3000000,0x000000b7e3100000)]
  0x0000024312b8fab0 JavaThread "Unconstrained build operations Thread 36" [_thread_blocked, id=2640, stack(0x000000b7e3100000,0x000000b7e3200000)]
  0x0000024312b8c590 JavaThread "Unconstrained build operations Thread 37" [_thread_blocked, id=4036, stack(0x000000b7e3200000,0x000000b7e3300000)]
  0x0000024312b8e570 JavaThread "Unconstrained build operations Thread 38" [_thread_blocked, id=7408, stack(0x000000b7e3300000,0x000000b7e3400000)]
  0x0000024312b8cae0 JavaThread "Unconstrained build operations Thread 39" [_thread_blocked, id=3208, stack(0x000000b7e3400000,0x000000b7e3500000)]
  0x0000024312b8ab00 JavaThread "Unconstrained build operations Thread 40" [_thread_blocked, id=1884, stack(0x000000b7e3500000,0x000000b7e3600000)]
  0x0000024312b90aa0 JavaThread "Unconstrained build operations Thread 41" [_thread_blocked, id=3224, stack(0x000000b7e3600000,0x000000b7e3700000)]
  0x0000024312b91a90 JavaThread "Unconstrained build operations Thread 42" [_thread_blocked, id=1280, stack(0x000000b7e3700000,0x000000b7e3800000)]
  0x0000024312b90000 JavaThread "Unconstrained build operations Thread 43" [_thread_blocked, id=1704, stack(0x000000b7e3800000,0x000000b7e3900000)]
  0x0000024312b8c040 JavaThread "Unconstrained build operations Thread 44" [_thread_blocked, id=9916, stack(0x000000b7e3900000,0x000000b7e3a00000)]
  0x0000024312b8d030 JavaThread "Unconstrained build operations Thread 45" [_thread_blocked, id=520, stack(0x000000b7e3a00000,0x000000b7e3b00000)]
  0x0000024312b8a060 JavaThread "Unconstrained build operations Thread 46" [_thread_blocked, id=12800, stack(0x000000b7e3b00000,0x000000b7e3c00000)]
  0x0000024312b8a5b0 JavaThread "Unconstrained build operations Thread 47" [_thread_blocked, id=9684, stack(0x000000b7e3c00000,0x000000b7e3d00000)]
  0x0000024312b8d580 JavaThread "Unconstrained build operations Thread 48" [_thread_blocked, id=5468, stack(0x000000b7e3d00000,0x000000b7e3e00000)]
  0x0000024312b8baf0 JavaThread "Unconstrained build operations Thread 49" [_thread_blocked, id=7752, stack(0x000000b7e3e00000,0x000000b7e3f00000)]
  0x0000024312b90550 JavaThread "Unconstrained build operations Thread 50" [_thread_blocked, id=10952, stack(0x000000b7e3f00000,0x000000b7e4000000)]
  0x0000024312b90ff0 JavaThread "Unconstrained build operations Thread 51" [_thread_blocked, id=10068, stack(0x000000b7e4000000,0x000000b7e4100000)]
  0x0000024312b91540 JavaThread "Unconstrained build operations Thread 52" [_thread_blocked, id=10364, stack(0x000000b7e4100000,0x000000b7e4200000)]
  0x0000024312b8dad0 JavaThread "Unconstrained build operations Thread 53" [_thread_blocked, id=8180, stack(0x000000b7e4200000,0x000000b7e4300000)]
  0x0000024312b8b050 JavaThread "Unconstrained build operations Thread 54" [_thread_blocked, id=7060, stack(0x000000b7e4300000,0x000000b7e4400000)]
  0x0000024312b8e020 JavaThread "Unconstrained build operations Thread 55" [_thread_blocked, id=7964, stack(0x000000b7e4400000,0x000000b7e4500000)]
  0x0000024312b8eac0 JavaThread "Unconstrained build operations Thread 56" [_thread_blocked, id=13160, stack(0x000000b7e4500000,0x000000b7e4600000)]
  0x0000024312b8f010 JavaThread "Unconstrained build operations Thread 57" [_thread_blocked, id=9540, stack(0x000000b7e4600000,0x000000b7e4700000)]
  0x0000024312b8f560 JavaThread "Unconstrained build operations Thread 58" [_thread_blocked, id=8172, stack(0x000000b7e4700000,0x000000b7e4800000)]
  0x0000024312c3d5b0 JavaThread "Unconstrained build operations Thread 59" [_thread_blocked, id=11612, stack(0x000000b7e4800000,0x000000b7e4900000)]
  0x0000024312c41570 JavaThread "Unconstrained build operations Thread 60" [_thread_blocked, id=10604, stack(0x000000b7e4900000,0x000000b7e4a00000)]
  0x0000024312c3e5a0 JavaThread "Unconstrained build operations Thread 61" [_thread_blocked, id=10624, stack(0x000000b7e4a00000,0x000000b7e4b00000)]
  0x0000024312c41ac0 JavaThread "Unconstrained build operations Thread 62" [_thread_blocked, id=3812, stack(0x000000b7e4b00000,0x000000b7e4c00000)]
  0x0000024312c3fae0 JavaThread "Unconstrained build operations Thread 63" [_thread_blocked, id=7800, stack(0x000000b7e4c00000,0x000000b7e4d00000)]
  0x0000024312c43aa0 JavaThread "Unconstrained build operations Thread 64" [_thread_blocked, id=7680, stack(0x000000b7e4d00000,0x000000b7e4e00000)]
  0x0000024312c43ff0 JavaThread "Unconstrained build operations Thread 65" [_thread_blocked, id=3024, stack(0x000000b7e4e00000,0x000000b7e4f00000)]
  0x0000024312c41020 JavaThread "Unconstrained build operations Thread 66" [_thread_blocked, id=3896, stack(0x000000b7e4f00000,0x000000b7e5000000)]
  0x0000024312c43550 JavaThread "Unconstrained build operations Thread 67" [_thread_blocked, id=10752, stack(0x000000b7e5000000,0x000000b7e5100000)]
  0x0000024312c44540 JavaThread "Unconstrained build operations Thread 68" [_thread_blocked, id=10764, stack(0x000000b7e5100000,0x000000b7e5200000)]
  0x0000024312c43000 JavaThread "Unconstrained build operations Thread 69" [_thread_blocked, id=9368, stack(0x000000b7e5200000,0x000000b7e5300000)]
  0x0000024312c44a90 JavaThread "Unconstrained build operations Thread 70" [_thread_blocked, id=11792, stack(0x000000b7e5300000,0x000000b7e5400000)]
  0x0000024312c42010 JavaThread "Unconstrained build operations Thread 71" [_thread_blocked, id=2380, stack(0x000000b7e5400000,0x000000b7e5500000)]
  0x0000024312c3d060 JavaThread "Unconstrained build operations Thread 72" [_thread_blocked, id=6152, stack(0x000000b7e5500000,0x000000b7e5600000)]
  0x0000024312c3f040 JavaThread "Unconstrained build operations Thread 73" [_thread_blocked, id=5180, stack(0x000000b7e5600000,0x000000b7e5700000)]
  0x0000024312c3e050 JavaThread "Unconstrained build operations Thread 74" [_thread_blocked, id=10860, stack(0x000000b7e5700000,0x000000b7e5800000)]
  0x0000024312c42560 JavaThread "Unconstrained build operations Thread 75" [_thread_blocked, id=272, stack(0x000000b7e5800000,0x000000b7e5900000)]
  0x0000024312c3eaf0 JavaThread "Unconstrained build operations Thread 76" [_thread_blocked, id=7428, stack(0x000000b7e5900000,0x000000b7e5a00000)]
  0x0000024312c3db00 JavaThread "Unconstrained build operations Thread 77" [_thread_blocked, id=5556, stack(0x000000b7e5a00000,0x000000b7e5b00000)]
  0x0000024312c42ab0 JavaThread "Unconstrained build operations Thread 78" [_thread_blocked, id=7864, stack(0x000000b7e5b00000,0x000000b7e5c00000)]
  0x0000024312c3f590 JavaThread "Unconstrained build operations Thread 79" [_thread_blocked, id=6160, stack(0x000000b7e5c00000,0x000000b7e5d00000)]
  0x0000024312c40030 JavaThread "Unconstrained build operations Thread 80" [_thread_blocked, id=3900, stack(0x000000b7e5d00000,0x000000b7e5e00000)]
  0x0000024312c40580 JavaThread "jar transforms Thread 4" [_thread_blocked, id=1428, stack(0x000000b7e5e00000,0x000000b7e5f00000)]
  0x0000024312c40ad0 JavaThread "jar transforms Thread 5" [_thread_blocked, id=1448, stack(0x000000b7e5f00000,0x000000b7e6000000)]
  0x00000243163ec930 JavaThread "jar transforms Thread 6" [_thread_blocked, id=1440, stack(0x000000b7e6000000,0x000000b7e6100000)]
  0x00000243163e9410 JavaThread "jar transforms Thread 7" [_thread_blocked, id=8988, stack(0x000000b7e6100000,0x000000b7e6200000)]
  0x00000243163e7ed0 JavaThread "jar transforms Thread 8" [_thread_blocked, id=8264, stack(0x000000b7e6200000,0x000000b7e6300000)]
  0x00000243163e7980 JavaThread "Memory manager" [_thread_blocked, id=2616, stack(0x000000b7e6300000,0x000000b7e6400000)]

Other Threads:
  0x000002437f43e690 VMThread "VM Thread" [stack: 0x000000b7ddd00000,0x000000b7dde00000] [id=12264] _threads_hazard_ptr=0x0000024311949bf0
  0x000002430f9f9870 WatcherThread [stack: 0x000000b7de900000,0x000000b7dea00000] [id=4896]
  0x00000243703bd2b0 GCTaskThread "GC Thread#0" [stack: 0x000000b7dd800000,0x000000b7dd900000] [id=532]
  0x000002437f4393a0 GCTaskThread "GC Thread#1" [stack: 0x000000b7dec00000,0x000000b7ded00000] [id=7616]
  0x000002437f439090 GCTaskThread "GC Thread#2" [stack: 0x000000b7ded00000,0x000000b7dee00000] [id=12956]
  0x000002437f4396b0 GCTaskThread "GC Thread#3" [stack: 0x000000b7dee00000,0x000000b7def00000] [id=10580]
  0x000002437f439fe0 GCTaskThread "GC Thread#4" [stack: 0x000000b7def00000,0x000000b7df000000] [id=4280]
  0x000002431318e020 GCTaskThread "GC Thread#5" [stack: 0x000000b7dfe00000,0x000000b7dff00000] [id=9632]
  0x000002431318e640 GCTaskThread "GC Thread#6" [stack: 0x000000b7dff00000,0x000000b7e0000000] [id=1904]
  0x000002431318f590 GCTaskThread "GC Thread#7" [stack: 0x000000b7e0000000,0x000000b7e0100000] [id=8168]
  0x00000243703cf310 ConcurrentGCThread "G1 Main Marker" [stack: 0x000000b7dd900000,0x000000b7dda00000] [id=9968]
  0x00000243703d04b0 ConcurrentGCThread "G1 Conc#0" [stack: 0x000000b7dda00000,0x000000b7ddb00000] [id=8700]
  0x00000243131907f0 ConcurrentGCThread "G1 Conc#1" [stack: 0x000000b7e0600000,0x000000b7e0700000] [id=5408]
  0x000002437f2f20c0 ConcurrentGCThread "G1 Refine#0" [stack: 0x000000b7ddb00000,0x000000b7ddc00000] [id=8312]
  0x000002437f2f2950 ConcurrentGCThread "G1 Service" [stack: 0x000000b7ddc00000,0x000000b7ddd00000] [id=7160]

Threads with active compile tasks:
C2 CompilerThread0     6757 6788   !   4       com.sun.beans.TypeResolver::resolve (261 bytes)
C2 CompilerThread1     6757 6793       4       groovy.lang.MetaClassImpl::addMetaMethodToIndex (65 bytes)
C2 CompilerThread2     6757 6759   !   4       org.codehaus.groovy.reflection.stdclasses.CachedSAMClass::hasUsableImplementation (72 bytes)

VM state: synchronizing (normal execution)

VM Mutex/Monitor currently owned by a thread:  ([mutex/lock_event])
[0x0000024370379e40] Threads_lock - owner thread: 0x000002437f43e690
[0x0000024370378cd0] Heap_lock - owner thread: 0x00000243703cf310

Heap address: 0x0000000080000000, size: 2048 MB, Compressed Oops mode: 32-bit

CDS archive(s) mapped at: [0x0000000800000000-0x0000000800bb0000-0x0000000800bb0000), size 12255232, SharedBaseAddress: 0x0000000800000000, ArchiveRelocationMode: 0.
Compressed class space mapped at: 0x0000000800c00000-0x0000000840c00000, reserved size: 1073741824
Narrow klass base: 0x0000000800000000, Narrow klass shift: 3, Narrow klass range: 0x100000000

GC Precious Log:
 CPUs: 8 total, 8 available
 Memory: 7959M
 Large Page Support: Disabled
 NUMA Support: Disabled
 Compressed Oops: Enabled (32-bit)
 Heap Region Size: 1M
 Heap Min Capacity: 8M
 Heap Initial Capacity: 126M
 Heap Max Capacity: 2G
 Pre-touch: Disabled
 Parallel Workers: 8
 Concurrent Workers: 2
 Concurrent Refinement Workers: 8
 Periodic GC: Disabled

Heap:
 garbage-first heap   total 102400K, used 60684K [0x0000000080000000, 0x0000000100000000)
  region size 1024K, 7 young (7168K), 3 survivors (3072K)
 Metaspace       used 57482K, committed 58048K, reserved 1105920K
  class space    used 7545K, committed 7808K, reserved 1048576K

Heap Regions: E=young(eden), S=young(survivor), O=old, HS=humongous(starts), HC=humongous(continues), CS=collection set, F=free, OA=open archive, CA=closed archive, TAMS=top-at-mark-start (previous, next)
|   0|0x0000000080000000, 0x0000000080100000, 0x0000000080100000|100%| O|  |TAMS 0x0000000080100000, 0x0000000080000000| Updating 
|   1|0x0000000080100000, 0x0000000080200000, 0x0000000080200000|100%| O|  |TAMS 0x0000000080200000, 0x0000000080100000| Updating 
|   2|0x0000000080200000, 0x0000000080300000, 0x0000000080300000|100%| O|  |TAMS 0x0000000080300000, 0x0000000080200000| Updating 
|   3|0x0000000080300000, 0x0000000080400000, 0x0000000080400000|100%|HS|  |TAMS 0x0000000080400000, 0x0000000080300000| Complete 
|   4|0x0000000080400000, 0x0000000080500000, 0x0000000080500000|100%|HC|  |TAMS 0x0000000080500000, 0x0000000080400000| Complete 
|   5|0x0000000080500000, 0x0000000080600000, 0x0000000080600000|100%|HC|  |TAMS 0x0000000080600000, 0x0000000080500000| Complete 
|   6|0x0000000080600000, 0x0000000080700000, 0x0000000080700000|100%| O|  |TAMS 0x0000000080700000, 0x0000000080600000| Updating 
|   7|0x0000000080700000, 0x0000000080800000, 0x0000000080800000|100%| O|  |TAMS 0x0000000080800000, 0x0000000080700000| Updating 
|   8|0x0000000080800000, 0x0000000080900000, 0x0000000080900000|100%| O|  |TAMS 0x0000000080900000, 0x0000000080800000| Updating 
|   9|0x0000000080900000, 0x0000000080a00000, 0x0000000080a00000|100%| O|  |TAMS 0x0000000080a00000, 0x0000000080900000| Updating 
|  10|0x0000000080a00000, 0x0000000080b00000, 0x0000000080b00000|100%| O|  |TAMS 0x0000000080b00000, 0x0000000080a00000| Updating 
|  11|0x0000000080b00000, 0x0000000080c00000, 0x0000000080c00000|100%| O|  |TAMS 0x0000000080c00000, 0x0000000080b00000| Updating 
|  12|0x0000000080c00000, 0x0000000080d00000, 0x0000000080d00000|100%| O|  |TAMS 0x0000000080d00000, 0x0000000080c00000| Updating 
|  13|0x0000000080d00000, 0x0000000080e00000, 0x0000000080e00000|100%| O|  |TAMS 0x0000000080e00000, 0x0000000080d00000| Updating 
|  14|0x0000000080e00000, 0x0000000080f00000, 0x0000000080f00000|100%| O|  |TAMS 0x0000000080f00000, 0x0000000080e00000| Updating 
|  15|0x0000000080f00000, 0x0000000081000000, 0x0000000081000000|100%| O|  |TAMS 0x0000000081000000, 0x0000000080f00000| Updating 
|  16|0x0000000081000000, 0x0000000081100000, 0x0000000081100000|100%| O|  |TAMS 0x0000000081100000, 0x0000000081000000| Updating 
|  17|0x0000000081100000, 0x0000000081200000, 0x0000000081200000|100%| O|  |TAMS 0x0000000081200000, 0x0000000081100000| Updating 
|  18|0x0000000081200000, 0x00000000812ad200, 0x0000000081300000| 67%| O|  |TAMS 0x00000000812ad200, 0x0000000081200000| Updating 
|  19|0x0000000081300000, 0x0000000081400000, 0x0000000081400000|100%| O|  |TAMS 0x0000000081400000, 0x0000000081300000| Updating 
|  20|0x0000000081400000, 0x0000000081500000, 0x0000000081500000|100%| O|  |TAMS 0x0000000081500000, 0x0000000081400000| Updating 
|  21|0x0000000081500000, 0x0000000081600000, 0x0000000081600000|100%| O|  |TAMS 0x0000000081600000, 0x0000000081500000| Updating 
|  22|0x0000000081600000, 0x0000000081700000, 0x0000000081700000|100%| O|  |TAMS 0x0000000081700000, 0x0000000081600000| Updating 
|  23|0x0000000081700000, 0x0000000081800000, 0x0000000081800000|100%| O|  |TAMS 0x0000000081800000, 0x0000000081700000| Updating 
|  24|0x0000000081800000, 0x0000000081900000, 0x0000000081900000|100%| O|  |TAMS 0x0000000081900000, 0x0000000081800000| Updating 
|  25|0x0000000081900000, 0x0000000081a00000, 0x0000000081a00000|100%| O|  |TAMS 0x0000000081a00000, 0x0000000081900000| Updating 
|  26|0x0000000081a00000, 0x0000000081b00000, 0x0000000081b00000|100%|HS|  |TAMS 0x0000000081b00000, 0x0000000081a00000| Complete 
|  27|0x0000000081b00000, 0x0000000081c00000, 0x0000000081c00000|100%|HS|  |TAMS 0x0000000081c00000, 0x0000000081b00000| Complete 
|  28|0x0000000081c00000, 0x0000000081d00000, 0x0000000081d00000|100%|HS|  |TAMS 0x0000000081d00000, 0x0000000081c00000| Complete 
|  29|0x0000000081d00000, 0x0000000081e00000, 0x0000000081e00000|100%|HC|  |TAMS 0x0000000081e00000, 0x0000000081d00000| Complete 
|  30|0x0000000081e00000, 0x0000000081f00000, 0x0000000081f00000|100%| O|  |TAMS 0x0000000081f00000, 0x0000000081e00000| Updating 
|  31|0x0000000081f00000, 0x0000000082000000, 0x0000000082000000|100%| O|  |TAMS 0x0000000082000000, 0x0000000081f00000| Updating 
|  32|0x0000000082000000, 0x0000000082100000, 0x0000000082100000|100%| O|  |TAMS 0x0000000082100000, 0x0000000082000000| Updating 
|  33|0x0000000082100000, 0x0000000082200000, 0x0000000082200000|100%| O|  |TAMS 0x0000000082200000, 0x0000000082100000| Updating 
|  34|0x0000000082200000, 0x0000000082300000, 0x0000000082300000|100%| O|  |TAMS 0x0000000082300000, 0x0000000082200000| Updating 
|  35|0x0000000082300000, 0x0000000082400000, 0x0000000082400000|100%| O|  |TAMS 0x0000000082400000, 0x0000000082300000| Updating 
|  36|0x0000000082400000, 0x0000000082500000, 0x0000000082500000|100%| O|  |TAMS 0x0000000082500000, 0x0000000082400000| Updating 
|  37|0x0000000082500000, 0x0000000082600000, 0x0000000082600000|100%| O|  |TAMS 0x0000000082600000, 0x0000000082500000| Updating 
|  38|0x0000000082600000, 0x0000000082700000, 0x0000000082700000|100%| O|  |TAMS 0x0000000082700000, 0x0000000082600000| Updating 
|  39|0x0000000082700000, 0x0000000082800000, 0x0000000082800000|100%| O|  |TAMS 0x0000000082800000, 0x0000000082700000| Updating 
|  40|0x0000000082800000, 0x0000000082900000, 0x0000000082900000|100%| O|  |TAMS 0x0000000082900000, 0x0000000082800000| Updating 
|  41|0x0000000082900000, 0x0000000082a00000, 0x0000000082a00000|100%| O|  |TAMS 0x0000000082a00000, 0x0000000082900000| Updating 
|  42|0x0000000082a00000, 0x0000000082b00000, 0x0000000082b00000|100%| O|  |TAMS 0x0000000082b00000, 0x0000000082a00000| Updating 
|  43|0x0000000082b00000, 0x0000000082c00000, 0x0000000082c00000|100%| O|  |TAMS 0x0000000082c00000, 0x0000000082b00000| Updating 
|  44|0x0000000082c00000, 0x0000000082d00000, 0x0000000082d00000|100%| O|  |TAMS 0x0000000082d00000, 0x0000000082c00000| Updating 
|  45|0x0000000082d00000, 0x0000000082e00000, 0x0000000082e00000|100%| O|  |TAMS 0x0000000082e00000, 0x0000000082d00000| Updating 
|  46|0x0000000082e00000, 0x0000000082f00000, 0x0000000082f00000|100%| O|  |TAMS 0x0000000082f00000, 0x0000000082e00000| Updating 
|  47|0x0000000082f00000, 0x0000000083000000, 0x0000000083000000|100%| O|  |TAMS 0x0000000083000000, 0x0000000082f00000| Updating 
|  48|0x0000000083000000, 0x0000000083100000, 0x0000000083100000|100%| O|  |TAMS 0x0000000083100000, 0x0000000083000000| Updating 
|  49|0x0000000083100000, 0x0000000083200000, 0x0000000083200000|100%| O|  |TAMS 0x0000000083200000, 0x0000000083100000| Updating 
|  50|0x0000000083200000, 0x0000000083300000, 0x0000000083300000|100%| O|  |TAMS 0x0000000083300000, 0x0000000083200000| Updating 
|  51|0x0000000083300000, 0x0000000083396000, 0x0000000083400000| 58%| O|  |TAMS 0x0000000083300000, 0x0000000083300000| Updating 
|  52|0x0000000083400000, 0x0000000083500000, 0x0000000083500000|100%| O|  |TAMS 0x0000000083500000, 0x0000000083400000| Updating 
|  53|0x0000000083500000, 0x0000000083600000, 0x0000000083600000|100%| O|  |TAMS 0x000000008350ca00, 0x0000000083500000| Untracked 
|  54|0x0000000083600000, 0x0000000083600000, 0x0000000083700000|  0%| F|  |TAMS 0x0000000083600000, 0x0000000083600000| Untracked 
|  55|0x0000000083700000, 0x0000000083700000, 0x0000000083800000|  0%| F|  |TAMS 0x0000000083700000, 0x0000000083700000| Untracked 
|  56|0x0000000083800000, 0x0000000083800000, 0x0000000083900000|  0%| F|  |TAMS 0x0000000083800000, 0x0000000083800000| Untracked 
|  57|0x0000000083900000, 0x0000000083900000, 0x0000000083a00000|  0%| F|  |TAMS 0x0000000083900000, 0x0000000083900000| Untracked 
|  58|0x0000000083a00000, 0x0000000083a00000, 0x0000000083b00000|  0%| F|  |TAMS 0x0000000083a00000, 0x0000000083a00000| Untracked 
|  59|0x0000000083b00000, 0x0000000083b00000, 0x0000000083c00000|  0%| F|  |TAMS 0x0000000083b00000, 0x0000000083b00000| Untracked 
|  60|0x0000000083c00000, 0x0000000083c00000, 0x0000000083d00000|  0%| F|  |TAMS 0x0000000083c00000, 0x0000000083c00000| Untracked 
|  61|0x0000000083d00000, 0x0000000083d00000, 0x0000000083e00000|  0%| F|  |TAMS 0x0000000083d00000, 0x0000000083d00000| Untracked 
|  62|0x0000000083e00000, 0x0000000083e00000, 0x0000000083f00000|  0%| F|  |TAMS 0x0000000083e00000, 0x0000000083e00000| Untracked 
|  63|0x0000000083f00000, 0x0000000083f00000, 0x0000000084000000|  0%| F|  |TAMS 0x0000000083f00000, 0x0000000083f00000| Untracked 
|  64|0x0000000084000000, 0x0000000084000000, 0x0000000084100000|  0%| F|  |TAMS 0x0000000084000000, 0x0000000084000000| Untracked 
|  65|0x0000000084100000, 0x0000000084100000, 0x0000000084200000|  0%| F|  |TAMS 0x0000000084100000, 0x0000000084100000| Untracked 
|  66|0x0000000084200000, 0x0000000084200000, 0x0000000084300000|  0%| F|  |TAMS 0x0000000084200000, 0x0000000084200000| Untracked 
|  67|0x0000000084300000, 0x0000000084300000, 0x0000000084400000|  0%| F|  |TAMS 0x0000000084300000, 0x0000000084300000| Untracked 
|  68|0x0000000084400000, 0x0000000084500000, 0x0000000084500000|100%| S|CS|TAMS 0x0000000084400000, 0x0000000084400000| Complete 
|  69|0x0000000084500000, 0x0000000084600000, 0x0000000084600000|100%| S|CS|TAMS 0x0000000084500000, 0x0000000084500000| Complete 
|  70|0x0000000084600000, 0x0000000084600000, 0x0000000084700000|  0%| F|  |TAMS 0x0000000084600000, 0x0000000084600000| Untracked 
|  71|0x0000000084700000, 0x0000000084800000, 0x0000000084800000|100%| S|CS|TAMS 0x0000000084700000, 0x0000000084700000| Complete 
|  72|0x0000000084800000, 0x0000000084800000, 0x0000000084900000|  0%| F|  |TAMS 0x0000000084800000, 0x0000000084800000| Untracked 
|  73|0x0000000084900000, 0x0000000084900000, 0x0000000084a00000|  0%| F|  |TAMS 0x0000000084900000, 0x0000000084900000| Untracked 
|  74|0x0000000084a00000, 0x0000000084a00000, 0x0000000084b00000|  0%| F|  |TAMS 0x0000000084a00000, 0x0000000084a00000| Untracked 
|  75|0x0000000084b00000, 0x0000000084b00000, 0x0000000084c00000|  0%| F|  |TAMS 0x0000000084b00000, 0x0000000084b00000| Untracked 
|  76|0x0000000084c00000, 0x0000000084c00000, 0x0000000084d00000|  0%| F|  |TAMS 0x0000000084c00000, 0x0000000084c00000| Untracked 
|  77|0x0000000084d00000, 0x0000000084d00000, 0x0000000084e00000|  0%| F|  |TAMS 0x0000000084d00000, 0x0000000084d00000| Untracked 
|  78|0x0000000084e00000, 0x0000000084e00000, 0x0000000084f00000|  0%| F|  |TAMS 0x0000000084e00000, 0x0000000084e00000| Untracked 
|  79|0x0000000084f00000, 0x0000000084f00000, 0x0000000085000000|  0%| F|  |TAMS 0x0000000084f00000, 0x0000000084f00000| Untracked 
|  80|0x0000000085000000, 0x0000000085000000, 0x0000000085100000|  0%| F|  |TAMS 0x0000000085000000, 0x0000000085000000| Untracked 
|  81|0x0000000085100000, 0x0000000085100000, 0x0000000085200000|  0%| F|  |TAMS 0x0000000085100000, 0x0000000085100000| Untracked 
|  82|0x0000000085200000, 0x0000000085200000, 0x0000000085300000|  0%| F|  |TAMS 0x0000000085200000, 0x0000000085200000| Untracked 
|  83|0x0000000085300000, 0x0000000085300000, 0x0000000085400000|  0%| F|  |TAMS 0x0000000085300000, 0x0000000085300000| Untracked 
|  84|0x0000000085400000, 0x0000000085400000, 0x0000000085500000|  0%| F|  |TAMS 0x0000000085400000, 0x0000000085400000| Untracked 
|  85|0x0000000085500000, 0x0000000085500000, 0x0000000085600000|  0%| F|  |TAMS 0x0000000085500000, 0x0000000085500000| Untracked 
|  86|0x0000000085600000, 0x0000000085600000, 0x0000000085700000|  0%| F|  |TAMS 0x0000000085600000, 0x0000000085600000| Untracked 
|  87|0x0000000085700000, 0x0000000085700000, 0x0000000085800000|  0%| F|  |TAMS 0x0000000085700000, 0x0000000085700000| Untracked 
|  88|0x0000000085800000, 0x0000000085800000, 0x0000000085900000|  0%| F|  |TAMS 0x0000000085800000, 0x0000000085800000| Untracked 
|  89|0x0000000085900000, 0x0000000085900000, 0x0000000085a00000|  0%| F|  |TAMS 0x0000000085900000, 0x0000000085900000| Untracked 
|  90|0x0000000085a00000, 0x0000000085a00000, 0x0000000085b00000|  0%| F|  |TAMS 0x0000000085a00000, 0x0000000085a00000| Untracked 
|  91|0x0000000085b00000, 0x0000000085b00000, 0x0000000085c00000|  0%| F|  |TAMS 0x0000000085b00000, 0x0000000085b00000| Untracked 
|  92|0x0000000085c00000, 0x0000000085d00000, 0x0000000085d00000|100%| E|CS|TAMS 0x0000000085c00000, 0x0000000085c00000| Complete 
|  93|0x0000000085d00000, 0x0000000085e00000, 0x0000000085e00000|100%| E|CS|TAMS 0x0000000085d00000, 0x0000000085d00000| Complete 
|  94|0x0000000085e00000, 0x0000000085e00000, 0x0000000085f00000|  0%| F|  |TAMS 0x0000000085e00000, 0x0000000085e00000| Untracked 
|  95|0x0000000085f00000, 0x0000000085f00000, 0x0000000086000000|  0%| F|  |TAMS 0x0000000085f00000, 0x0000000085f00000| Untracked 
|  96|0x0000000086000000, 0x0000000086000000, 0x0000000086100000|  0%| F|  |TAMS 0x0000000086000000, 0x0000000086000000| Untracked 
|  97|0x0000000086100000, 0x0000000086100000, 0x0000000086200000|  0%| F|  |TAMS 0x0000000086100000, 0x0000000086100000| Untracked 
|  98|0x0000000086200000, 0x0000000086269cc0, 0x0000000086300000| 41%| E|  |TAMS 0x0000000086200000, 0x0000000086200000| Complete 
| 125|0x0000000087d00000, 0x0000000087e00000, 0x0000000087e00000|100%| E|CS|TAMS 0x0000000087d00000, 0x0000000087d00000| Complete 

Card table byte_map: [0x0000024378230000,0x0000024378630000] _byte_map_base: 0x0000024377e30000

Marking Bits (Prev, Next): (CMBitMap*) 0x00000243703be8c0, (CMBitMap*) 0x00000243703be900
 Prev Bits: [0x0000024378a30000, 0x000002437aa30000)
 Next Bits: [0x000002437aa30000, 0x000002437ca30000)

Polling page: 0x000002436e3a0000

Metaspace:

Usage:
  Non-class:     48.77 MB used.
      Class:      7.37 MB used.
       Both:     56.14 MB used.

Virtual space:
  Non-class space:       56.00 MB reserved,      49.06 MB ( 88%) committed,  7 nodes.
      Class space:        1.00 GB reserved,       7.62 MB ( <1%) committed,  1 nodes.
              Both:        1.05 GB reserved,      56.69 MB (  5%) committed. 

Chunk freelists:
   Non-Class:  2.36 MB
       Class:  368.00 KB
        Both:  2.72 MB

MaxMetaspaceSize: 17179869184.00 GB
CompressedClassSpaceSize: 1.00 GB
 - commit_granule_bytes: 65536.
 - commit_granule_words: 8192.
 - virtual_space_node_default_size: 1048576.
 - enlarge_chunks_in_place: 1.
 - new_chunks_are_fully_committed: 0.
 - uncommit_free_chunks: 1.
 - use_allocation_guard: 0.
 - handle_deallocations: 1.


Internal statistics:

num_allocs_failed_limit: 6.
num_arena_births: 528.
num_arena_deaths: 0.
num_vsnodes_births: 8.
num_vsnodes_deaths: 0.
num_space_committed: 907.
num_space_uncommitted: 0.
num_chunks_returned_to_freelist: 6.
num_chunks_taken_from_freelist: 2670.
num_chunk_merges: 6.
num_chunk_splits: 1821.
num_chunks_enlarged: 1295.
num_purges: 0.

CodeHeap 'non-profiled nmethods': size=120000Kb used=3598Kb max_used=3783Kb free=116401Kb
 bounds [0x0000024307ad0000, 0x0000024307e90000, 0x000002430f000000]
CodeHeap 'profiled nmethods': size=120000Kb used=11459Kb max_used=11990Kb free=108541Kb
 bounds [0x00000243005a0000, 0x0000024301170000, 0x0000024307ad0000]
CodeHeap 'non-nmethods': size=5760Kb used=2377Kb max_used=2415Kb free=3382Kb
 bounds [0x0000024300000000, 0x0000024300270000, 0x00000243005a0000]
 total_blobs=6877 nmethods=5992 adapters=797
 compilation: enabled
              stopped_count=0, restarted_count=0
 full_count=0

Compilation events (20 events):
Event: 6.659 Thread 0x000002437f46feb0 6854       3       org.gradle.internal.operations.OperationIdentifier::<init> (26 bytes)
Event: 6.659 Thread 0x000002437f46feb0 nmethod 6854 0x0000024300b65490 code [0x0000024300b65640, 0x0000024300b658c8]
Event: 6.659 Thread 0x000002437f46feb0 6855       3       org.gradle.internal.operations.DefaultBuildOperationExecutor$ListenerAdapter::<init> (20 bytes)
Event: 6.659 Thread 0x000002437f46feb0 nmethod 6855 0x0000024300b64f90 code [0x0000024300b65140, 0x0000024300b653b8]
Event: 6.659 Thread 0x000002437f46feb0 6856       3       org.gradle.internal.operations.DefaultBuildOperationRunner$BuildOperationTrackingListener::<init> (7 bytes)
Event: 6.660 Thread 0x000002437f46feb0 nmethod 6856 0x0000024300b64a90 code [0x0000024300b64c40, 0x0000024300b64eb8]
Event: 6.660 Thread 0x000002437f46feb0 6857       3       com.google.common.collect.IndexedImmutableSet::iterator (8 bytes)
Event: 6.660 Thread 0x000002437f46feb0 nmethod 6857 0x0000024300b63e90 code [0x0000024300b64080, 0x0000024300b647c8]
Event: 6.700 Thread 0x000002437f46feb0 6858       1       com.android.build.gradle.internal.publishing.OutputSpecImpl::getOutputType (5 bytes)
Event: 6.700 Thread 0x000002437f46feb0 nmethod 6858 0x0000024307c31210 code [0x0000024307c313a0, 0x0000024307c31478]
Event: 6.713 Thread 0x000002437f46feb0 6859       1       com.android.build.gradle.internal.publishing.OutputSpecImpl::getLibraryElements (5 bytes)
Event: 6.713 Thread 0x000002437f46feb0 nmethod 6859 0x0000024307c30f10 code [0x0000024307c310a0, 0x0000024307c31178]
Event: 6.714 Thread 0x000002437f46feb0 6860       1       com.android.build.gradle.internal.publishing.OutputSpecImpl::getArtifactType (5 bytes)
Event: 6.714 Thread 0x000002437f46feb0 nmethod 6860 0x0000024307c30c10 code [0x0000024307c30da0, 0x0000024307c30e78]
Event: 6.714 Thread 0x000002437f46feb0 6861       1       com.android.build.gradle.internal.publishing.OutputSpecImpl::getPublishedConfigTypes (5 bytes)
Event: 6.714 Thread 0x000002437f46feb0 nmethod 6861 0x0000024307c30910 code [0x0000024307c30aa0, 0x0000024307c30b78]
Event: 6.714 Thread 0x000002437f46feb0 6862       1       com.google.common.collect.SingletonImmutableList::size (2 bytes)
Event: 6.714 Thread 0x000002437f46feb0 nmethod 6862 0x0000024307c30610 code [0x0000024307c307a0, 0x0000024307c30878]
Event: 6.729 Thread 0x000002437f46feb0 6863       3       java.lang.reflect.Constructor::hasGenericInformation (13 bytes)
Event: 6.729 Thread 0x000002437f46feb0 nmethod 6863 0x00000243006ce710 code [0x00000243006ce8a0, 0x00000243006cea18]

GC Heap History (20 events):
Event: 4.282 GC heap before
{Heap before GC invocations=10 (full 0):
 garbage-first heap   total 75776K, used 57132K [0x0000000080000000, 0x0000000100000000)
  region size 1024K, 29 young (29696K), 3 survivors (3072K)
 Metaspace       used 38226K, committed 38592K, reserved 1089536K
  class space    used 5220K, committed 5376K, reserved 1048576K
}
Event: 4.285 GC heap after
{Heap after GC invocations=11 (full 0):
 garbage-first heap   total 75776K, used 32032K [0x0000000080000000, 0x0000000100000000)
  region size 1024K, 3 young (3072K), 3 survivors (3072K)
 Metaspace       used 38226K, committed 38592K, reserved 1089536K
  class space    used 5220K, committed 5376K, reserved 1048576K
}
Event: 4.620 GC heap before
{Heap before GC invocations=11 (full 0):
 garbage-first heap   total 75776K, used 57632K [0x0000000080000000, 0x0000000100000000)
  region size 1024K, 28 young (28672K), 3 survivors (3072K)
 Metaspace       used 39166K, committed 39552K, reserved 1089536K
  class space    used 5308K, committed 5504K, reserved 1048576K
}
Event: 4.623 GC heap after
{Heap after GC invocations=12 (full 0):
 garbage-first heap   total 75776K, used 33274K [0x0000000080000000, 0x0000000100000000)
  region size 1024K, 4 young (4096K), 4 survivors (4096K)
 Metaspace       used 39166K, committed 39552K, reserved 1089536K
  class space    used 5308K, committed 5504K, reserved 1048576K
}
Event: 4.927 GC heap before
{Heap before GC invocations=12 (full 0):
 garbage-first heap   total 75776K, used 61946K [0x0000000080000000, 0x0000000100000000)
  region size 1024K, 29 young (29696K), 4 survivors (4096K)
 Metaspace       used 41171K, committed 41600K, reserved 1089536K
  class space    used 5570K, committed 5760K, reserved 1048576K
}
Event: 4.933 GC heap after
{Heap after GC invocations=13 (full 0):
 garbage-first heap   total 75776K, used 44191K [0x0000000080000000, 0x0000000100000000)
  region size 1024K, 4 young (4096K), 4 survivors (4096K)
 Metaspace       used 41171K, committed 41600K, reserved 1089536K
  class space    used 5570K, committed 5760K, reserved 1048576K
}
Event: 5.135 GC heap before
{Heap before GC invocations=13 (full 0):
 garbage-first heap   total 75776K, used 60575K [0x0000000080000000, 0x0000000100000000)
  region size 1024K, 20 young (20480K), 4 survivors (4096K)
 Metaspace       used 43788K, committed 44288K, reserved 1089536K
  class space    used 5884K, committed 6144K, reserved 1048576K
}
Event: 5.138 GC heap after
{Heap after GC invocations=14 (full 0):
 garbage-first heap   total 91136K, used 45565K [0x0000000080000000, 0x0000000100000000)
  region size 1024K, 1 young (1024K), 1 survivors (1024K)
 Metaspace       used 43788K, committed 44288K, reserved 1089536K
  class space    used 5884K, committed 6144K, reserved 1048576K
}
Event: 5.488 GC heap before
{Heap before GC invocations=15 (full 0):
 garbage-first heap   total 91136K, used 71165K [0x0000000080000000, 0x0000000100000000)
  region size 1024K, 26 young (26624K), 1 survivors (1024K)
 Metaspace       used 48322K, committed 48768K, reserved 1097728K
  class space    used 6394K, committed 6592K, reserved 1048576K
}
Event: 5.491 GC heap after
{Heap after GC invocations=16 (full 0):
 garbage-first heap   total 91136K, used 46661K [0x0000000080000000, 0x0000000100000000)
  region size 1024K, 2 young (2048K), 2 survivors (2048K)
 Metaspace       used 48322K, committed 48768K, reserved 1097728K
  class space    used 6394K, committed 6592K, reserved 1048576K
}
Event: 5.768 GC heap before
{Heap before GC invocations=16 (full 0):
 garbage-first heap   total 91136K, used 71237K [0x0000000080000000, 0x0000000100000000)
  region size 1024K, 27 young (27648K), 2 survivors (2048K)
 Metaspace       used 51952K, committed 52416K, reserved 1097728K
  class space    used 6860K, committed 7104K, reserved 1048576K
}
Event: 5.772 GC heap after
{Heap after GC invocations=17 (full 0):
 garbage-first heap   total 91136K, used 52077K [0x0000000080000000, 0x0000000100000000)
  region size 1024K, 4 young (4096K), 4 survivors (4096K)
 Metaspace       used 51952K, committed 52416K, reserved 1097728K
  class space    used 6860K, committed 7104K, reserved 1048576K
}
Event: 6.045 GC heap before
{Heap before GC invocations=18 (full 0):
 garbage-first heap   total 91136K, used 71533K [0x0000000080000000, 0x0000000100000000)
  region size 1024K, 23 young (23552K), 4 survivors (4096K)
 Metaspace       used 54071K, committed 54528K, reserved 1097728K
  class space    used 7123K, committed 7360K, reserved 1048576K
}
Event: 6.049 GC heap after
{Heap after GC invocations=19 (full 0):
 garbage-first heap   total 91136K, used 53138K [0x0000000080000000, 0x0000000100000000)
  region size 1024K, 2 young (2048K), 2 survivors (2048K)
 Metaspace       used 54071K, committed 54528K, reserved 1097728K
  class space    used 7123K, committed 7360K, reserved 1048576K
}
Event: 6.199 GC heap before
{Heap before GC invocations=19 (full 0):
 garbage-first heap   total 91136K, used 67474K [0x0000000080000000, 0x0000000100000000)
  region size 1024K, 17 young (17408K), 2 survivors (2048K)
 Metaspace       used 55358K, committed 55872K, reserved 1097728K
  class space    used 7256K, committed 7488K, reserved 1048576K
}
Event: 6.202 GC heap after
{Heap after GC invocations=20 (full 0):
 garbage-first heap   total 91136K, used 54391K [0x0000000080000000, 0x0000000100000000)
  region size 1024K, 3 young (3072K), 3 survivors (3072K)
 Metaspace       used 55358K, committed 55872K, reserved 1097728K
  class space    used 7256K, committed 7488K, reserved 1048576K
}
Event: 6.459 GC heap before
{Heap before GC invocations=21 (full 0):
 garbage-first heap   total 97280K, used 74871K [0x0000000080000000, 0x0000000100000000)
  region size 1024K, 22 young (22528K), 3 survivors (3072K)
 Metaspace       used 56136K, committed 56576K, reserved 1105920K
  class space    used 7381K, committed 7616K, reserved 1048576K
}
Event: 6.462 GC heap after
{Heap after GC invocations=22 (full 0):
 garbage-first heap   total 97280K, used 55674K [0x0000000080000000, 0x0000000100000000)
  region size 1024K, 3 young (3072K), 3 survivors (3072K)
 Metaspace       used 56136K, committed 56576K, reserved 1105920K
  class space    used 7381K, committed 7616K, reserved 1048576K
}
Event: 6.661 GC heap before
{Heap before GC invocations=22 (full 0):
 garbage-first heap   total 97280K, used 77178K [0x0000000080000000, 0x0000000100000000)
  region size 1024K, 24 young (24576K), 3 survivors (3072K)
 Metaspace       used 57071K, committed 57600K, reserved 1105920K
  class space    used 7478K, committed 7744K, reserved 1048576K
}
Event: 6.664 GC heap after
{Heap after GC invocations=23 (full 0):
 garbage-first heap   total 97280K, used 57612K [0x0000000080000000, 0x0000000100000000)
  region size 1024K, 3 young (3072K), 3 survivors (3072K)
 Metaspace       used 57071K, committed 57600K, reserved 1105920K
  class space    used 7478K, committed 7744K, reserved 1048576K
}

Deoptimization events (20 events):
Event: 6.473 Thread 0x000002431142b960 Uncommon trap: trap_request=0xfffffff4 fr.pc=0x0000024307c1bcc0 relative=0x0000000000000a20
Event: 6.473 Thread 0x000002431142b960 Uncommon trap: reason=null_check action=make_not_entrant pc=0x0000024307c1bcc0 method=com.sun.beans.introspect.MethodInfo$MethodOrder.compare(Ljava/lang/reflect/Method;Ljava/lang/reflect/Method;)I @ 133 c2
Event: 6.473 Thread 0x000002431142b960 DEOPT PACKING pc=0x0000024307c1bcc0 sp=0x000000b7df6f5300
Event: 6.473 Thread 0x000002431142b960 DEOPT UNPACKING pc=0x000002430004f92e sp=0x000000b7df6f5230 mode 2
Event: 6.527 Thread 0x000002431142b960 Uncommon trap: trap_request=0xffffff45 fr.pc=0x0000024307cf9360 relative=0x0000000000005c80
Event: 6.527 Thread 0x000002431142b960 Uncommon trap: reason=unstable_if action=reinterpret pc=0x0000024307cf9360 method=org.codehaus.groovy.runtime.metaclass.MetaMethodIndex.isOverridden(Lgroovy/lang/MetaMethod;Lgroovy/lang/MetaMethod;)Z @ 33 c2
Event: 6.527 Thread 0x000002431142b960 DEOPT PACKING pc=0x0000024307cf9360 sp=0x000000b7df6f4840
Event: 6.527 Thread 0x000002431142b960 DEOPT UNPACKING pc=0x000002430004f92e sp=0x000000b7df6f4848 mode 2
Event: 6.530 Thread 0x000002431142b960 Uncommon trap: trap_request=0xfffffff4 fr.pc=0x0000024307c39de0 relative=0x0000000000000b40
Event: 6.530 Thread 0x000002431142b960 Uncommon trap: reason=null_check action=make_not_entrant pc=0x0000024307c39de0 method=com.sun.beans.introspect.MethodInfo$MethodOrder.compare(Ljava/lang/reflect/Method;Ljava/lang/reflect/Method;)I @ 145 c2
Event: 6.530 Thread 0x000002431142b960 DEOPT PACKING pc=0x0000024307c39de0 sp=0x000000b7df6f3f00
Event: 6.530 Thread 0x000002431142b960 DEOPT UNPACKING pc=0x000002430004f92e sp=0x000000b7df6f3e30 mode 2
Event: 6.530 Thread 0x000002431142b960 Uncommon trap: trap_request=0xfffffff4 fr.pc=0x0000024307c38474 relative=0x0000000000000ad4
Event: 6.530 Thread 0x000002431142b960 Uncommon trap: reason=null_check action=make_not_entrant pc=0x0000024307c38474 method=com.sun.beans.introspect.MethodInfo$MethodOrder.compare(Ljava/lang/reflect/Method;Ljava/lang/reflect/Method;)I @ 145 c2
Event: 6.530 Thread 0x000002431142b960 DEOPT PACKING pc=0x0000024307c38474 sp=0x000000b7df6f3e60
Event: 6.530 Thread 0x000002431142b960 DEOPT UNPACKING pc=0x000002430004f92e sp=0x000000b7df6f3e18 mode 2
Event: 6.538 Thread 0x000002431142b960 Uncommon trap: trap_request=0xffffff45 fr.pc=0x0000024307df6c20 relative=0x00000000000020e0
Event: 6.538 Thread 0x000002431142b960 Uncommon trap: reason=unstable_if action=reinterpret pc=0x0000024307df6c20 method=org.codehaus.groovy.reflection.CachedMethod.compareToMethod(Ljava/lang/reflect/Method;)I @ 111 c2
Event: 6.538 Thread 0x000002431142b960 DEOPT PACKING pc=0x0000024307df6c20 sp=0x000000b7df6f4720
Event: 6.538 Thread 0x000002431142b960 DEOPT UNPACKING pc=0x000002430004f92e sp=0x000000b7df6f46f0 mode 2

Classes unloaded (0 events):
No events

Classes redefined (0 events):
No events

Internal exceptions (20 events):
Event: 6.530 Thread 0x000002431142b960 Implicit null exception at 0x0000024307c38047 to 0x0000024307c38464
Event: 6.531 Thread 0x000002431142b960 Exception <a 'java/lang/ClassNotFoundException'{0x00000000853fe0d8}: com/android/build/gradle/internal/dsl/BuildTypeCustomizer> (0x00000000853fe0d8) 
thrown [t:\workspace\open\src\hotspot\share\classfile\systemDictionary.cpp, line 256]
Event: 6.534 Thread 0x000002431142b960 Exception <a 'java/lang/ClassNotFoundException'{0x0000000085284c90}: com/android/build/gradle/internal/dsl/BuildType$AgpDecoratedCustomizer> (0x0000000085284c90) 
thrown [t:\workspace\open\src\hotspot\share\classfile\systemDictionary.cpp, line 256]
Event: 6.535 Thread 0x000002431142b960 Exception <a 'java/lang/ClassNotFoundException'{0x00000000852c44b0}: com/android/build/gradle/internal/dsl/BuildType$AgpDecorated_DecoratedCustomizer> (0x00000000852c44b0) 
thrown [t:\workspace\open\src\hotspot\share\classfile\systemDictionary.cpp, line 256]
Event: 6.540 Thread 0x000002431142b960 Exception <a 'java/lang/ClassNotFoundException'{0x000000008518c328}: build_4cvax2bq7na11y02z13xu9n3s$_run_closure1$_closure4BeanInfo> (0x000000008518c328) 
thrown [t:\workspace\open\src\hotspot\share\classfile\systemDictionary.cpp, line 256]
Event: 6.540 Thread 0x000002431142b960 Exception <a 'java/lang/ClassNotFoundException'{0x0000000085195df0}: build_4cvax2bq7na11y02z13xu9n3s$_run_closure1$_closure4Customizer> (0x0000000085195df0) 
thrown [t:\workspace\open\src\hotspot\share\classfile\systemDictionary.cpp, line 256]
Event: 6.542 Thread 0x000002431142b960 Exception <a 'java/lang/ClassNotFoundException'{0x00000000851b8820}: build_4cvax2bq7na11y02z13xu9n3s$_run_closure1BeanInfo> (0x00000000851b8820) 
thrown [t:\workspace\open\src\hotspot\share\classfile\systemDictionary.cpp, line 256]
Event: 6.542 Thread 0x000002431142b960 Exception <a 'java/lang/ClassNotFoundException'{0x00000000851c2240}: build_4cvax2bq7na11y02z13xu9n3s$_run_closure1Customizer> (0x00000000851c2240) 
thrown [t:\workspace\open\src\hotspot\share\classfile\systemDictionary.cpp, line 256]
Event: 6.546 Thread 0x000002431142b960 Exception <a 'java/lang/ClassNotFoundException'{0x00000000851fb1c0}: org/gradle/api/JavaVersionBeanInfo> (0x00000000851fb1c0) 
thrown [t:\workspace\open\src\hotspot\share\classfile\systemDictionary.cpp, line 256]
Event: 6.546 Thread 0x000002431142b960 Exception <a 'java/lang/ClassNotFoundException'{0x000000008500ea18}: org/gradle/api/JavaVersionCustomizer> (0x000000008500ea18) 
thrown [t:\workspace\open\src\hotspot\share\classfile\systemDictionary.cpp, line 256]
Event: 6.549 Thread 0x000002431142b960 Exception <a 'java/lang/ClassNotFoundException'{0x000000008505aff0}: com/android/build/gradle/internal/CompileOptions$AgpDecorated_DecoratedBeanInfo> (0x000000008505aff0) 
thrown [t:\workspace\open\src\hotspot\share\classfile\systemDictionary.cpp, line 256]
Event: 6.549 Thread 0x000002431142b960 Exception <a 'java/lang/ClassNotFoundException'{0x0000000085066570}: com/android/build/gradle/internal/CompileOptions$AgpDecoratedBeanInfo> (0x0000000085066570) 
thrown [t:\workspace\open\src\hotspot\share\classfile\systemDictionary.cpp, line 256]
Event: 6.550 Thread 0x000002431142b960 Exception <a 'java/lang/ClassNotFoundException'{0x0000000085072460}: com/android/build/gradle/internal/CompileOptionsBeanInfo> (0x0000000085072460) 
thrown [t:\workspace\open\src\hotspot\share\classfile\systemDictionary.cpp, line 256]
Event: 6.550 Thread 0x000002431142b960 Exception <a 'java/lang/ClassNotFoundException'{0x000000008507de10}: com/android/build/gradle/internal/CompileOptionsCustomizer> (0x000000008507de10) 
thrown [t:\workspace\open\src\hotspot\share\classfile\systemDictionary.cpp, line 256]
Event: 6.551 Thread 0x000002431142b960 Exception <a 'java/lang/ClassNotFoundException'{0x0000000085094e48}: com/android/build/gradle/internal/CompileOptions$AgpDecoratedCustomizer> (0x0000000085094e48) 
thrown [t:\workspace\open\src\hotspot\share\classfile\systemDictionary.cpp, line 256]
Event: 6.552 Thread 0x000002431142b960 Exception <a 'java/lang/ClassNotFoundException'{0x00000000850ae030}: com/android/build/gradle/internal/CompileOptions$AgpDecorated_DecoratedCustomizer> (0x00000000850ae030) 
thrown [t:\workspace\open\src\hotspot\share\classfile\systemDictionary.cpp, line 256]
Event: 6.558 Thread 0x000002431142b960 Exception <a 'java/lang/ClassNotFoundException'{0x0000000084f246f0}: org/gradle/api/internal/artifacts/dsl/dependencies/DefaultDependencyHandler_DecoratedBeanInfo> (0x0000000084f246f0) 
thrown [t:\workspace\open\src\hotspot\share\classfile\systemDictionary.cpp, line 256]
Event: 6.559 Thread 0x000002431142b960 Exception <a 'java/lang/ClassNotFoundException'{0x0000000084f3a9c8}: org/gradle/api/internal/artifacts/dsl/dependencies/DefaultDependencyHandlerBeanInfo> (0x0000000084f3a9c8) 
thrown [t:\workspace\open\src\hotspot\share\classfile\systemDictionary.cpp, line 256]
Event: 6.560 Thread 0x000002431142b960 Exception <a 'java/lang/ClassNotFoundException'{0x0000000084f50468}: org/gradle/api/internal/artifacts/dsl/dependencies/DefaultDependencyHandlerCustomizer> (0x0000000084f50468) 
thrown [t:\workspace\open\src\hotspot\share\classfile\systemDictionary.cpp, line 256]
Event: 6.562 Thread 0x000002431142b960 Exception <a 'java/lang/ClassNotFoundException'{0x0000000084f8a8e0}: org/gradle/api/internal/artifacts/dsl/dependencies/DefaultDependencyHandler_DecoratedCustomizer> (0x0000000084f8a8e0) 
thrown [t:\workspace\open\src\hotspot\share\classfile\systemDictionary.cpp, line 256]

Events (20 events):
Event: 6.341 Executing  VM operation: ICBufferFull
Event: 6.341 Executing  VM operation: ICBufferFull done
Event: 6.342 Executing  VM operation: ICBufferFull
Event: 6.342 Executing  VM operation: ICBufferFull done
Event: 6.343 Executing  VM operation: ICBufferFull
Event: 6.343 Executing  VM operation: ICBufferFull done
Event: 6.344 Executing  VM operation: ICBufferFull
Event: 6.344 Executing  VM operation: ICBufferFull done
Event: 6.345 Executing  VM operation: ICBufferFull
Event: 6.345 Executing  VM operation: ICBufferFull done
Event: 6.458 Executing  VM operation: G1CollectForAllocation
Event: 6.462 Executing  VM operation: G1CollectForAllocation done
Event: 6.480 loading class java/beans/IntrospectionException
Event: 6.480 loading class java/beans/IntrospectionException done
Event: 6.591 Executing  VM operation: HandshakeAllThreads
Event: 6.591 Executing  VM operation: HandshakeAllThreads done
Event: 6.661 Executing  VM operation: G1CollectForAllocation
Event: 6.664 Executing  VM operation: G1CollectForAllocation done
Event: 6.708 Executing  VM operation: G1Concurrent
Event: 6.712 Executing  VM operation: G1Concurrent done


Dynamic libraries:
0x00007ff6ab5a0000 - 0x00007ff6ab5b0000 	C:\Program Files\Java\jdk-16.0.2\bin\java.exe
0x00007ffb1c030000 - 0x00007ffb1c228000 	C:\WINDOWS\SYSTEM32\ntdll.dll
0x00007ffb1b070000 - 0x00007ffb1b12d000 	C:\WINDOWS\System32\KERNEL32.DLL
0x00007ffb19780000 - 0x00007ffb19a4e000 	C:\WINDOWS\System32\KERNELBASE.dll
0x00007ffb19a50000 - 0x00007ffb19b50000 	C:\WINDOWS\System32\ucrtbase.dll
0x00007ffb168c0000 - 0x00007ffb168d8000 	C:\Program Files\Java\jdk-16.0.2\bin\jli.dll
0x00007ffb11a70000 - 0x00007ffb11a89000 	C:\Program Files\Java\jdk-16.0.2\bin\VCRUNTIME140.dll
0x00007ffb1bdf0000 - 0x00007ffb1be9e000 	C:\WINDOWS\System32\ADVAPI32.dll
0x00007ffb1bea0000 - 0x00007ffb1bf3e000 	C:\WINDOWS\System32\msvcrt.dll
0x00007ffb1bd20000 - 0x00007ffb1bdbc000 	C:\WINDOWS\System32\sechost.dll
0x00007ffb1aa70000 - 0x00007ffb1ab95000 	C:\WINDOWS\System32\RPCRT4.dll
0x00007ffb1ada0000 - 0x00007ffb1af40000 	C:\WINDOWS\System32\USER32.dll
0x00007ffb01ab0000 - 0x00007ffb01d4a000 	C:\WINDOWS\WinSxS\amd64_microsoft.windows.common-controls_6595b64144ccf1df_6.0.19041.1110_none_60b5254171f9507e\COMCTL32.dll
0x00007ffb19f00000 - 0x00007ffb19f22000 	C:\WINDOWS\System32\win32u.dll
0x00007ffb1a0f0000 - 0x00007ffb1a11a000 	C:\WINDOWS\System32\GDI32.dll
0x00007ffb19df0000 - 0x00007ffb19efb000 	C:\WINDOWS\System32\gdi32full.dll
0x00007ffb19c10000 - 0x00007ffb19cad000 	C:\WINDOWS\System32\msvcp_win.dll
0x00007ffb115f0000 - 0x00007ffb115fa000 	C:\WINDOWS\SYSTEM32\VERSION.dll
0x00007ffb1bdc0000 - 0x00007ffb1bdf0000 	C:\WINDOWS\System32\IMM32.DLL
0x00007ffb13660000 - 0x00007ffb1366c000 	C:\Program Files\Java\jdk-16.0.2\bin\vcruntime140_1.dll
0x00007ffb00380000 - 0x00007ffb00411000 	C:\Program Files\Java\jdk-16.0.2\bin\msvcp140.dll
0x00007ffaafda0000 - 0x00007ffab094b000 	C:\Program Files\Java\jdk-16.0.2\bin\server\jvm.dll
0x00007ffb1af40000 - 0x00007ffb1af48000 	C:\WINDOWS\System32\PSAPI.DLL
0x00007ffb175d0000 - 0x00007ffb175f7000 	C:\WINDOWS\SYSTEM32\WINMM.dll
0x00007ffb16900000 - 0x00007ffb16909000 	C:\WINDOWS\SYSTEM32\WSOCK32.dll
0x00007ffb1ba80000 - 0x00007ffb1baeb000 	C:\WINDOWS\System32\WS2_32.dll
0x00007ffb17fe0000 - 0x00007ffb17ff2000 	C:\WINDOWS\SYSTEM32\kernel.appcore.dll
0x00007ffb13630000 - 0x00007ffb1363a000 	C:\Program Files\Java\jdk-16.0.2\bin\jimage.dll
0x00007ffb173e0000 - 0x00007ffb175c4000 	C:\WINDOWS\SYSTEM32\DBGHELP.DLL
0x00007ffb173b0000 - 0x00007ffb173dc000 	C:\WINDOWS\SYSTEM32\dbgcore.DLL
0x00007ffb19cb0000 - 0x00007ffb19d32000 	C:\WINDOWS\System32\bcryptPrimitives.dll
0x00007ffb09150000 - 0x00007ffb09175000 	C:\Program Files\Java\jdk-16.0.2\bin\java.dll
0x00007ffb1a1b0000 - 0x00007ffb1a8f4000 	C:\WINDOWS\System32\SHELL32.dll
0x00007ffb17830000 - 0x00007ffb17fc4000 	C:\WINDOWS\SYSTEM32\windows.storage.dll
0x00007ffb1b5a0000 - 0x00007ffb1b8f4000 	C:\WINDOWS\System32\combase.dll
0x00007ffb191b0000 - 0x00007ffb191e0000 	C:\WINDOWS\SYSTEM32\Wldp.dll
0x00007ffb1afc0000 - 0x00007ffb1b06d000 	C:\WINDOWS\System32\SHCORE.dll
0x00007ffb1ba20000 - 0x00007ffb1ba75000 	C:\WINDOWS\System32\shlwapi.dll
0x00007ffb19690000 - 0x00007ffb196af000 	C:\WINDOWS\SYSTEM32\profapi.dll
0x00007ffb090e0000 - 0x00007ffb090f9000 	C:\Program Files\Java\jdk-16.0.2\bin\net.dll
0x00007ffb05630000 - 0x00007ffb0573a000 	C:\WINDOWS\SYSTEM32\WINHTTP.dll
0x00007ffb18f10000 - 0x00007ffb18f7a000 	C:\WINDOWS\system32\mswsock.dll
0x00007ffb090c0000 - 0x00007ffb090d3000 	C:\Program Files\Java\jdk-16.0.2\bin\nio.dll
0x00007ffb07620000 - 0x00007ffb07638000 	C:\Program Files\Java\jdk-16.0.2\bin\zip.dll
0x00007ffb09140000 - 0x00007ffb09150000 	C:\Program Files\Java\jdk-16.0.2\bin\verify.dll
0x00007ffb13670000 - 0x00007ffb13697000 	C:\Users\ITECH\.gradle\native\e1d6ef7f7dcc3fd88c89a11ec53ec762bb8ba0a96d01ffa2cd45eb1d1d8dd5c5\windows-amd64\native-platform.dll
0x00007ffafff10000 - 0x00007ffb00054000 	C:\Users\ITECH\.gradle\native\5664cfc778a61ccfe75a443a1ab52a65af34e5dc3c78e0209fed803814484fcb\windows-amd64\native-platform-file-events.dll
0x00007ffb09110000 - 0x00007ffb09119000 	C:\Program Files\Java\jdk-16.0.2\bin\management.dll
0x00007ffb07610000 - 0x00007ffb0761b000 	C:\Program Files\Java\jdk-16.0.2\bin\management_ext.dll
0x00007ffb19100000 - 0x00007ffb19118000 	C:\WINDOWS\SYSTEM32\CRYPTSP.dll
0x00007ffb18820000 - 0x00007ffb18854000 	C:\WINDOWS\system32\rsaenh.dll
0x00007ffb19750000 - 0x00007ffb19777000 	C:\WINDOWS\System32\bcrypt.dll
0x00007ffb19650000 - 0x00007ffb1967e000 	C:\WINDOWS\SYSTEM32\USERENV.dll
0x00007ffb19120000 - 0x00007ffb1912c000 	C:\WINDOWS\SYSTEM32\CRYPTBASE.dll
0x00007ffb18bb0000 - 0x00007ffb18beb000 	C:\WINDOWS\SYSTEM32\IPHLPAPI.DLL
0x00007ffb1a1a0000 - 0x00007ffb1a1a8000 	C:\WINDOWS\System32\NSI.dll
0x00007ffb0e180000 - 0x00007ffb0e197000 	C:\WINDOWS\SYSTEM32\dhcpcsvc6.DLL
0x00007ffb0ed40000 - 0x00007ffb0ed5d000 	C:\WINDOWS\SYSTEM32\dhcpcsvc.DLL
0x00007ffb18c00000 - 0x00007ffb18cca000 	C:\WINDOWS\SYSTEM32\DNSAPI.dll
0x00007ffb07600000 - 0x00007ffb0760e000 	C:\Program Files\Java\jdk-16.0.2\bin\sunmscapi.dll
0x00007ffb19f30000 - 0x00007ffb1a086000 	C:\WINDOWS\System32\CRYPT32.dll
0x00007ffb19220000 - 0x00007ffb19247000 	C:\WINDOWS\SYSTEM32\ncrypt.dll
0x00007ffb191e0000 - 0x00007ffb1921b000 	C:\WINDOWS\SYSTEM32\NTASN1.dll
0x00007ffaee180000 - 0x00007ffaee187000 	C:\WINDOWS\system32\wshunix.dll

dbghelp: loaded successfully - version: 4.0.5 - missing functions: none
symbol engine: initialized successfully - sym options: 0x614 - pdb path: .;C:\Program Files\Java\jdk-16.0.2\bin;C:\WINDOWS\SYSTEM32;C:\WINDOWS\WinSxS\amd64_microsoft.windows.common-controls_6595b64144ccf1df_6.0.19041.1110_none_60b5254171f9507e;C:\Program Files\Java\jdk-16.0.2\bin\server;C:\Users\ITECH\.gradle\native\e1d6ef7f7dcc3fd88c89a11ec53ec762bb8ba0a96d01ffa2cd45eb1d1d8dd5c5\windows-amd64;C:\Users\ITECH\.gradle\native\5664cfc778a61ccfe75a443a1ab52a65af34e5dc3c78e0209fed803814484fcb\windows-amd64

VM Arguments:
jvm_args: --add-opens=java.base/java.util=ALL-UNNAMED --add-opens=java.base/java.lang=ALL-UNNAMED --add-opens=java.base/java.lang.invoke=ALL-UNNAMED --add-opens=java.base/java.util=ALL-UNNAMED --add-opens=java.prefs/java.util.prefs=ALL-UNNAMED --add-opens=java.prefs/java.util.prefs=ALL-UNNAMED --add-opens=java.base/java.nio.charset=ALL-UNNAMED --add-opens=java.base/java.net=ALL-UNNAMED --add-opens=java.base/java.util.concurrent.atomic=ALL-UNNAMED -Xmx2048m -Dfile.encoding=UTF-8 -Duser.country=US -Duser.language=en -Duser.variant 
java_command: org.gradle.launcher.daemon.bootstrap.GradleDaemon 7.3.3
java_class_path (initial): C:\Users\ITECH\.gradle\wrapper\dists\gradle-7.3.3-bin\6a41zxkdtcxs8rphpq6y0069z\gradle-7.3.3\lib\gradle-launcher-7.3.3.jar
Launcher Type: SUN_STANDARD

[Global flags]
     intx CICompilerCount                          = 4                                         {product} {ergonomic}
     uint ConcGCThreads                            = 2                                         {product} {ergonomic}
     uint G1ConcRefinementThreads                  = 8                                         {product} {ergonomic}
   size_t G1HeapRegionSize                         = 1048576                                   {product} {ergonomic}
    uintx GCDrainStackTargetSize                   = 64                                        {product} {ergonomic}
   size_t InitialHeapSize                          = 132120576                                 {product} {ergonomic}
   size_t MarkStackSize                            = 4194304                                   {product} {ergonomic}
   size_t MaxHeapSize                              = 2147483648                                {product} {command line}
   size_t MaxNewSize                               = 1287651328                                {product} {ergonomic}
   size_t MinHeapDeltaBytes                        = 1048576                                   {product} {ergonomic}
   size_t MinHeapSize                              = 8388608                                   {product} {ergonomic}
    uintx NonNMethodCodeHeapSize                   = 5839372                                {pd product} {ergonomic}
    uintx NonProfiledCodeHeapSize                  = 122909434                              {pd product} {ergonomic}
    uintx ProfiledCodeHeapSize                     = 122909434                              {pd product} {ergonomic}
    uintx ReservedCodeCacheSize                    = 251658240                              {pd product} {ergonomic}
     bool SegmentedCodeCache                       = true                                      {product} {ergonomic}
   size_t SoftMaxHeapSize                          = 2147483648                             {manageable} {ergonomic}
     bool UseCompressedClassPointers               = true                           {product lp64_product} {ergonomic}
     bool UseCompressedOops                        = true                           {product lp64_product} {ergonomic}
     bool UseG1GC                                  = true                                      {product} {ergonomic}
     bool UseLargePagesIndividualAllocation        = false                                  {pd product} {ergonomic}

Logging:
Log output configuration:
 #0: stdout all=warning uptime,level,tags
 #1: stderr all=off uptime,level,tags

Environment Variables:
JAVA_HOME=C:\Program Files\Java\jdk-16.0.2
PATH=C:\Program Files\Python37\Scripts\;C:\Program Files\Python37\;C:\ProgramData\Oracle\Java\javapath;C:\app\ITECH\product\11.2.0\dbhome_1\bin;C:\Program Files\Common Files\Oracle\Java\javapath;C:\Program Files (x86)\Common Files\Oracle\Java\javapath;C:\WINDOWS\system32;C:\WINDOWS;C:\WINDOWS\System32\Wbem;C:\WINDOWS\System32\WindowsPowerShell\v1.0\;C:\WINDOWS\System32\OpenSSH\;C:\Program Files\Microsoft SQL Server\130\Tools\Binn\;C:\Program Files\Microsoft SQL Server\Client SDK\ODBC\170\Tools\Binn\;C:\Program Files\dotnet\;C:\Program Files\nodejs\;C:\Program Files\Java\jdk-16.0.2\bin;C:\Program Files\Git\cmd;C:\Program Files\Java\jdk-16.0.2\bin;
USERNAME=ITECH
OS=Windows_NT
PROCESSOR_IDENTIFIER=Intel64 Family 6 Model 126 Stepping 5, GenuineIntel



---------------  S Y S T E M  ---------------

OS:
 Windows 10 , 64 bit Build 19041 (10.0.19041.1889)
OS uptime: 0 days 4:22 hours

CPU: total 8 (initial active 8) (4 cores per cpu, 2 threads per core) family 6 model 126 stepping 5 microcode 0xb0, cx8, cmov, fxsr, ht, mmx, 3dnowpref, sse, sse2, sse3, ssse3, sse4.1, sse4.2, popcnt, lzcnt, tsc, tscinvbit, avx, avx2, aes, erms, clmul, bmi1, bmi2, adx, avx512f, avx512dq, avx512cd, avx512bw, avx512vl, sha, fma, vzeroupper, avx512_vpopcntdq, avx512_vpclmulqdq, avx512_vaes, avx512_vnni, clflush, clflushopt, avx512_vmbi2, avx512_vmbi

Memory: 4k page, system-wide physical 7959M (836M free)
TotalPageFile size 7959M (AvailPageFile size 9M)
current process WorkingSet (physical memory assigned to process): 323M, peak: 329M
current process commit charge ("private bytes"): 372M, peak: 378M

vm_info: Java HotSpot(TM) 64-Bit Server VM (16.0.2+7-67) for windows-amd64 JRE (16.0.2+7-67), built on Jun  8 2021 23:24:19 by "mach5one" with MS VC++ 16.7 (VS2019)

END.
