#
# There is insufficient memory for the Java Runtime Environment to continue.
# Native memory allocation (malloc) failed to allocate 1335504 bytes for Chunk::new
# Possible reasons:
#   The system is out of physical RAM or swap space
#   The process is running with CompressedOops enabled, and the Java Heap may be blocking the growth of the native heap
# Possible solutions:
#   Reduce memory load on the system
#   Increase physical memory or swap space
#   Check if swap backing store is full
#   Decrease Java heap size (-Xmx/-Xms)
#   Decrease number of Java threads
#   Decrease Java thread stack sizes (-Xss)
#   Set larger code cache with -XX:ReservedCodeCacheSize=
#   JVM is running with Unscaled Compressed Oops mode in which the Java heap is
#     placed in the first 4GB address space. The Java Heap base address is the
#     maximum limit for the native heap growth. Please use -XX:HeapBaseMinAddress
#     to set the Java Heap base and to place the Java Heap above 4GB virtual address.
# This output file may be truncated or incomplete.
#
#  Out of Memory Error (arena.cpp:195), pid=7880, tid=3292
#
# JRE version: Java(TM) SE Runtime Environment (16.0.2+7) (build 16.0.2+7-67)
# Java VM: Java HotSpot(TM) 64-Bit Server VM (16.0.2+7-67, mixed mode, sharing, tiered, compressed oops, compressed class ptrs, g1 gc, windows-amd64)
# No core dump will be written. Minidumps are not enabled by default on client versions of Windows
#

---------------  S U M M A R Y ------------

Command Line: --add-opens=java.base/java.util=ALL-UNNAMED --add-opens=java.base/java.lang=ALL-UNNAMED --add-opens=java.base/java.lang.invoke=ALL-UNNAMED --add-opens=java.base/java.util=ALL-UNNAMED --add-opens=java.prefs/java.util.prefs=ALL-UNNAMED --add-opens=java.prefs/java.util.prefs=ALL-UNNAMED --add-opens=java.base/java.nio.charset=ALL-UNNAMED --add-opens=java.base/java.net=ALL-UNNAMED --add-opens=java.base/java.util.concurrent.atomic=ALL-UNNAMED -Xmx2048m -Dfile.encoding=UTF-8 -Duser.country=US -Duser.language=en -Duser.variant org.gradle.launcher.daemon.bootstrap.GradleDaemon 7.3.3

Host: Intel(R) Core(TM) i7-1065G7 CPU @ 1.30GHz, 8 cores, 7G,  Windows 10 , 64 bit Build 19041 (10.0.19041.1889)
Time: Mon Aug 22 14:59:27 2022 Egypt Standard Time elapsed time: 12.125319 seconds (0d 0h 0m 12s)

---------------  T H R E A D  ---------------

Current thread (0x000002eabae07ff0):  JavaThread "C2 CompilerThread1" daemon [_thread_in_native, id=3292, stack(0x000000eba8200000,0x000000eba8300000)]


Current CompileTask:
C2:  12125 11220       4       com.google.common.collect.ImmutableSortedMap$Builder::build (87 bytes)

Stack: [0x000000eba8200000,0x000000eba8300000]
Native frames: (J=compiled Java code, j=interpreted, Vv=VM code, C=native code)
V  [jvm.dll+0x6681ca]
V  [jvm.dll+0x7c9e69]
V  [jvm.dll+0x7cb61e]
V  [jvm.dll+0x7cbc73]
V  [jvm.dll+0x242c55]
V  [jvm.dll+0xadeba]
V  [jvm.dll+0xae45c]
V  [jvm.dll+0x35a8d7]
V  [jvm.dll+0x1b9cc1]
V  [jvm.dll+0x215e16]
V  [jvm.dll+0x215100]
V  [jvm.dll+0x1a1beb]
V  [jvm.dll+0x225158]
V  [jvm.dll+0x22319c]
V  [jvm.dll+0x77fa62]
V  [jvm.dll+0x7795aa]
V  [jvm.dll+0x667066]
C  [ucrtbase.dll+0x21bb2]
C  [KERNEL32.DLL+0x17034]
C  [ntdll.dll+0x52651]


---------------  P R O C E S S  ---------------

Threads class SMR info:
_java_thread_list=0x000002eabffcab60, length=140, elements={
0x000002ea9a31aee0, 0x000002eaba3530a0, 0x000002eaba353ca0, 0x000002eaba360d60,
0x000002eaba362970, 0x000002eaba369bb0, 0x000002eaba36a5b0, 0x000002eaba36b2e0,
0x000002eaba36bdd0, 0x000002eaba36c810, 0x000002eabadc4d50, 0x000002eabadc92c0,
0x000002eabae07ff0, 0x000002eabc3a4df0, 0x000002eabc7288c0, 0x000002eabc880e70,
0x000002eabc78f4f0, 0x000002eabc9d2d70, 0x000002eabbac7480, 0x000002eabcd93910,
0x000002eabcd92660, 0x000002eabcd92110, 0x000002eabcd91670, 0x000002eabcd90bd0,
0x000002eabcd8fbe0, 0x000002eabcd91bc0, 0x000002eabcd8f140, 0x000002eabcd90680,
0x000002eabcd8f690, 0x000002eabcd91120, 0x000002eabea42a70, 0x000002eabea44500,
0x000002eabea48f60, 0x000002eabea47f70, 0x000002eabea42fc0, 0x000002eabea43a60,
0x000002eabea44a50, 0x000002eabea44fa0, 0x000002eabea454f0, 0x000002eabea45a40,
0x000002eabea484c0, 0x000002eabea45f90, 0x000002eabea42520, 0x000002eabea474d0,
0x000002eabea464e0, 0x000002eabea48a10, 0x000002eabea46a30, 0x000002eabea46f80,
0x000002eabea47a20, 0x000002eabea494b0, 0x000002eabea49a00, 0x000002eabe99f660,
0x000002eabe99ac00, 0x000002eabe99bbf0, 0x000002eabe99cbe0, 0x000002eabe99fbb0,
0x000002eabe9a0650, 0x000002eabe99ebc0, 0x000002eabe9a0100, 0x000002eabe9a10f0,
0x000002eabe99c140, 0x000002eabe99d680, 0x000002eabe99c690, 0x000002eabe9a0ba0,
0x000002eabe99dbd0, 0x000002eabe99f110, 0x000002eabe9996c0, 0x000002eabe99d130,
0x000002eabe999c10, 0x000002eabe99e120, 0x000002eabe99e670, 0x000002eabe99a160,
0x000002eabe99a6b0, 0x000002eabe99b150, 0x000002eabe99b6a0, 0x000002eac0710880,
0x000002eac070d360, 0x000002eac070fde0, 0x000002eac07142f0, 0x000002eac070d8b0,
0x000002eac070f340, 0x000002eac0710dd0, 0x000002eac070e350, 0x000002eac0714d90,
0x000002eac0713da0, 0x000002eac0710330, 0x000002eac0711320, 0x000002eac070de00,
0x000002eac070e8a0, 0x000002eac070edf0, 0x000002eac0713850, 0x000002eac0714840,
0x000002eac070f890, 0x000002eac0711870, 0x000002eac0712db0, 0x000002eac0711dc0,
0x000002eac0712310, 0x000002eac0712860, 0x000002eac0713300, 0x000002eabe2220a0,
0x000002eabe223b30, 0x000002eabe2265b0, 0x000002eabe2245d0, 0x000002eabe229580,
0x000002eabe2225f0, 0x000002eabe226b00, 0x000002eabe229ad0, 0x000002eabe222b40,
0x000002eabe2235e0, 0x000002eabe223090, 0x000002eabe224080, 0x000002eabe224b20,
0x000002eabe227050, 0x000002eabe229030, 0x000002eabe2275a0, 0x000002eabe227af0,
0x000002eabe225070, 0x000002eabe228590, 0x000002eabe2255c0, 0x000002eabe225b10,
0x000002eabe228ae0, 0x000002eabe226060, 0x000002eabe228040, 0x000002eabe217020,
0x000002eabb5cf8b0, 0x000002eabe217570, 0x000002eabe215ae0, 0x000002eabe216580,
0x000002eabe216030, 0x000002eabe218560, 0x000002eabe218ab0, 0x000002eabe2145a0,
0x000002eabe214050, 0x000002eabe218010, 0x000002eabe219000, 0x000002eabe219550,
0x000002eabe214af0, 0x000002eabe213b00, 0x000002eabe215040, 0x000002eac13fa950
}

Java Threads: ( => current thread )
  0x000002ea9a31aee0 JavaThread "main" [_thread_blocked, id=2328, stack(0x000000eba6f00000,0x000000eba7000000)]
  0x000002eaba3530a0 JavaThread "Reference Handler" daemon [_thread_blocked, id=11292, stack(0x000000eba7600000,0x000000eba7700000)]
  0x000002eaba353ca0 JavaThread "Finalizer" daemon [_thread_blocked, id=12564, stack(0x000000eba7700000,0x000000eba7800000)]
  0x000002eaba360d60 JavaThread "Signal Dispatcher" daemon [_thread_blocked, id=8876, stack(0x000000eba7800000,0x000000eba7900000)]
  0x000002eaba362970 JavaThread "Attach Listener" daemon [_thread_blocked, id=4788, stack(0x000000eba7900000,0x000000eba7a00000)]
  0x000002eaba369bb0 JavaThread "Service Thread" daemon [_thread_blocked, id=11784, stack(0x000000eba7a00000,0x000000eba7b00000)]
  0x000002eaba36a5b0 JavaThread "Monitor Deflation Thread" daemon [_thread_blocked, id=10844, stack(0x000000eba7b00000,0x000000eba7c00000)]
  0x000002eaba36b2e0 JavaThread "C2 CompilerThread0" daemon [_thread_blocked, id=6208, stack(0x000000eba7c00000,0x000000eba7d00000)]
  0x000002eaba36bdd0 JavaThread "C1 CompilerThread0" daemon [_thread_blocked, id=12648, stack(0x000000eba7d00000,0x000000eba7e00000)]
  0x000002eaba36c810 JavaThread "Sweeper thread" daemon [_thread_blocked, id=4720, stack(0x000000eba7e00000,0x000000eba7f00000)]
  0x000002eabadc4d50 JavaThread "Common-Cleaner" daemon [_thread_blocked, id=11224, stack(0x000000eba7f00000,0x000000eba8000000)]
  0x000002eabadc92c0 JavaThread "Notification Thread" daemon [_thread_blocked, id=2396, stack(0x000000eba8000000,0x000000eba8100000)]
=>0x000002eabae07ff0 JavaThread "C2 CompilerThread1" daemon [_thread_in_native, id=3292, stack(0x000000eba8200000,0x000000eba8300000)]
  0x000002eabc3a4df0 JavaThread "Daemon health stats" [_thread_blocked, id=6320, stack(0x000000eba8800000,0x000000eba8900000)]
  0x000002eabc7288c0 JavaThread "Incoming local TCP Connector on port 49787" [_thread_in_native, id=7676, stack(0x000000eba8900000,0x000000eba8a00000)]
  0x000002eabc880e70 JavaThread "Daemon periodic checks" [_thread_blocked, id=3324, stack(0x000000eba8a00000,0x000000eba8b00000)]
  0x000002eabc78f4f0 JavaThread "Daemon" [_thread_blocked, id=9772, stack(0x000000eba8b00000,0x000000eba8c00000)]
  0x000002eabc9d2d70 JavaThread "Handler for socket connection from /127.0.0.1:49787 to /127.0.0.1:49788" [_thread_in_native, id=8428, stack(0x000000eba8c00000,0x000000eba8d00000)]
  0x000002eabbac7480 JavaThread "Cancel handler" [_thread_blocked, id=10744, stack(0x000000eba8d00000,0x000000eba8e00000)]
  0x000002eabcd93910 JavaThread "Daemon worker" [_thread_blocked, id=9972, stack(0x000000eba8e00000,0x000000eba8f00000)]
  0x000002eabcd92660 JavaThread "Asynchronous log dispatcher for DefaultDaemonConnection: socket connection from /127.0.0.1:49787 to /127.0.0.1:49788" [_thread_blocked, id=11300, stack(0x000000eba8f00000,0x000000eba9000000)]
  0x000002eabcd92110 JavaThread "Stdin handler" [_thread_blocked, id=3508, stack(0x000000eba9000000,0x000000eba9100000)]
  0x000002eabcd91670 JavaThread "Daemon client event forwarder" [_thread_blocked, id=7712, stack(0x000000eba9100000,0x000000eba9200000)]
  0x000002eabcd90bd0 JavaThread "Cache worker for journal cache (C:\Users\ITECH\.gradle\caches\journal-1)" [_thread_blocked, id=12604, stack(0x000000eba9200000,0x000000eba9300000)]
  0x000002eabcd8fbe0 JavaThread "File lock request listener" [_thread_in_native, id=13304, stack(0x000000eba9300000,0x000000eba9400000)]
  0x000002eabcd91bc0 JavaThread "Cache worker for file hash cache (C:\Users\ITECH\.gradle\caches\7.3.3\fileHashes)" [_thread_blocked, id=8944, stack(0x000000eba9400000,0x000000eba9500000)]
  0x000002eabcd8f140 JavaThread "Cache worker for file hash cache (C:\Users\ITECH\AndroidStudioProjects\yummy\.gradle\7.3.3\fileHashes)" [_thread_blocked, id=9932, stack(0x000000eba9500000,0x000000eba9600000)]
  0x000002eabcd90680 JavaThread "File watcher server" daemon [_thread_in_native, id=12816, stack(0x000000eba9900000,0x000000eba9a00000)]
  0x000002eabcd8f690 JavaThread "File watcher consumer" daemon [_thread_blocked, id=5868, stack(0x000000eba9a00000,0x000000eba9b00000)]
  0x000002eabcd91120 JavaThread "Cache worker for checksums cache (C:\Users\ITECH\AndroidStudioProjects\yummy\.gradle\7.3.3\checksums)" [_thread_blocked, id=400, stack(0x000000eba9b00000,0x000000eba9c00000)]
  0x000002eabea42a70 JavaThread "Cache worker for cache directory md-supplier (C:\Users\ITECH\.gradle\caches\7.3.3\md-supplier)" [_thread_blocked, id=6612, stack(0x000000eba9c00000,0x000000eba9d00000)]
  0x000002eabea44500 JavaThread "Cache worker for cache directory md-rule (C:\Users\ITECH\.gradle\caches\7.3.3\md-rule)" [_thread_blocked, id=2680, stack(0x000000eba9d00000,0x000000eba9e00000)]
  0x000002eabea48f60 JavaThread "Cache worker for execution history cache (C:\Users\ITECH\.gradle\caches\7.3.3\executionHistory)" [_thread_blocked, id=11324, stack(0x000000eba9f00000,0x000000ebaa000000)]
  0x000002eabea47f70 JavaThread "jar transforms" [_thread_blocked, id=10544, stack(0x000000ebaa000000,0x000000ebaa100000)]
  0x000002eabea42fc0 JavaThread "Cache worker for file content cache (C:\Users\ITECH\.gradle\caches\7.3.3\fileContent)" [_thread_blocked, id=6920, stack(0x000000ebaa100000,0x000000ebaa200000)]
  0x000002eabea43a60 JavaThread "jar transforms Thread 2" [_thread_blocked, id=7296, stack(0x000000ebaa200000,0x000000ebaa300000)]
  0x000002eabea44a50 JavaThread "Cache worker for dependencies-accessors (C:\Users\ITECH\AndroidStudioProjects\yummy\.gradle\7.3.3\dependencies-accessors)" [_thread_blocked, id=2200, stack(0x000000ebaa300000,0x000000ebaa400000)]
  0x000002eabea44fa0 JavaThread "jar transforms Thread 3" [_thread_blocked, id=7412, stack(0x000000ebaa400000,0x000000ebaa500000)]
  0x000002eabea454f0 JavaThread "Cache worker for Build Output Cleanup Cache (C:\Users\ITECH\AndroidStudioProjects\yummy\.gradle\buildOutputCleanup)" [_thread_blocked, id=7196, stack(0x000000ebaa500000,0x000000ebaa600000)]
  0x000002eabea45a40 JavaThread "Unconstrained build operations" [_thread_blocked, id=7760, stack(0x000000ebaa600000,0x000000ebaa700000)]
  0x000002eabea484c0 JavaThread "Unconstrained build operations Thread 2" [_thread_blocked, id=2716, stack(0x000000ebaa700000,0x000000ebaa800000)]
  0x000002eabea45f90 JavaThread "Unconstrained build operations Thread 3" [_thread_blocked, id=9536, stack(0x000000ebaa800000,0x000000ebaa900000)]
  0x000002eabea42520 JavaThread "Unconstrained build operations Thread 4" [_thread_blocked, id=11192, stack(0x000000ebaa900000,0x000000ebaaa00000)]
  0x000002eabea474d0 JavaThread "Unconstrained build operations Thread 5" [_thread_blocked, id=4040, stack(0x000000ebaaa00000,0x000000ebaab00000)]
  0x000002eabea464e0 JavaThread "Unconstrained build operations Thread 6" [_thread_blocked, id=11068, stack(0x000000ebaab00000,0x000000ebaac00000)]
  0x000002eabea48a10 JavaThread "Unconstrained build operations Thread 7" [_thread_blocked, id=11944, stack(0x000000ebaac00000,0x000000ebaad00000)]
  0x000002eabea46a30 JavaThread "Unconstrained build operations Thread 8" [_thread_blocked, id=11468, stack(0x000000ebaad00000,0x000000ebaae00000)]
  0x000002eabea46f80 JavaThread "Unconstrained build operations Thread 9" [_thread_blocked, id=7288, stack(0x000000ebaae00000,0x000000ebaaf00000)]
  0x000002eabea47a20 JavaThread "Unconstrained build operations Thread 10" [_thread_blocked, id=4444, stack(0x000000ebaaf00000,0x000000ebab000000)]
  0x000002eabea494b0 JavaThread "Unconstrained build operations Thread 11" [_thread_blocked, id=6540, stack(0x000000ebab000000,0x000000ebab100000)]
  0x000002eabea49a00 JavaThread "Unconstrained build operations Thread 12" [_thread_blocked, id=2012, stack(0x000000ebab100000,0x000000ebab200000)]
  0x000002eabe99f660 JavaThread "Unconstrained build operations Thread 13" [_thread_blocked, id=612, stack(0x000000ebab200000,0x000000ebab300000)]
  0x000002eabe99ac00 JavaThread "Unconstrained build operations Thread 14" [_thread_blocked, id=10664, stack(0x000000ebab300000,0x000000ebab400000)]
  0x000002eabe99bbf0 JavaThread "Unconstrained build operations Thread 15" [_thread_blocked, id=7796, stack(0x000000ebab400000,0x000000ebab500000)]
  0x000002eabe99cbe0 JavaThread "Unconstrained build operations Thread 16" [_thread_blocked, id=9696, stack(0x000000ebab500000,0x000000ebab600000)]
  0x000002eabe99fbb0 JavaThread "Unconstrained build operations Thread 17" [_thread_blocked, id=13224, stack(0x000000ebab600000,0x000000ebab700000)]
  0x000002eabe9a0650 JavaThread "Unconstrained build operations Thread 18" [_thread_blocked, id=2008, stack(0x000000ebab700000,0x000000ebab800000)]
  0x000002eabe99ebc0 JavaThread "Unconstrained build operations Thread 19" [_thread_blocked, id=3556, stack(0x000000ebab800000,0x000000ebab900000)]
  0x000002eabe9a0100 JavaThread "Unconstrained build operations Thread 20" [_thread_blocked, id=3444, stack(0x000000ebab900000,0x000000ebaba00000)]
  0x000002eabe9a10f0 JavaThread "Unconstrained build operations Thread 21" [_thread_blocked, id=9700, stack(0x000000ebaba00000,0x000000ebabb00000)]
  0x000002eabe99c140 JavaThread "Unconstrained build operations Thread 22" [_thread_blocked, id=6744, stack(0x000000ebabb00000,0x000000ebabc00000)]
  0x000002eabe99d680 JavaThread "Unconstrained build operations Thread 23" [_thread_blocked, id=10456, stack(0x000000ebabc00000,0x000000ebabd00000)]
  0x000002eabe99c690 JavaThread "Unconstrained build operations Thread 24" [_thread_blocked, id=2292, stack(0x000000ebabd00000,0x000000ebabe00000)]
  0x000002eabe9a0ba0 JavaThread "Unconstrained build operations Thread 25" [_thread_blocked, id=3224, stack(0x000000ebabe00000,0x000000ebabf00000)]
  0x000002eabe99dbd0 JavaThread "Unconstrained build operations Thread 26" [_thread_blocked, id=4540, stack(0x000000ebabf00000,0x000000ebac000000)]
  0x000002eabe99f110 JavaThread "Unconstrained build operations Thread 27" [_thread_blocked, id=9044, stack(0x000000ebac000000,0x000000ebac100000)]
  0x000002eabe9996c0 JavaThread "Unconstrained build operations Thread 28" [_thread_blocked, id=3720, stack(0x000000ebac100000,0x000000ebac200000)]
  0x000002eabe99d130 JavaThread "Unconstrained build operations Thread 29" [_thread_blocked, id=8536, stack(0x000000ebac200000,0x000000ebac300000)]
  0x000002eabe999c10 JavaThread "Unconstrained build operations Thread 30" [_thread_blocked, id=12420, stack(0x000000ebac300000,0x000000ebac400000)]
  0x000002eabe99e120 JavaThread "Unconstrained build operations Thread 31" [_thread_blocked, id=3604, stack(0x000000ebac400000,0x000000ebac500000)]
  0x000002eabe99e670 JavaThread "Unconstrained build operations Thread 32" [_thread_blocked, id=11268, stack(0x000000ebac500000,0x000000ebac600000)]
  0x000002eabe99a160 JavaThread "Unconstrained build operations Thread 33" [_thread_blocked, id=10000, stack(0x000000ebac600000,0x000000ebac700000)]
  0x000002eabe99a6b0 JavaThread "Unconstrained build operations Thread 34" [_thread_blocked, id=10056, stack(0x000000ebac700000,0x000000ebac800000)]
  0x000002eabe99b150 JavaThread "Unconstrained build operations Thread 35" [_thread_blocked, id=5348, stack(0x000000ebac800000,0x000000ebac900000)]
  0x000002eabe99b6a0 JavaThread "Unconstrained build operations Thread 36" [_thread_blocked, id=9072, stack(0x000000ebac900000,0x000000ebaca00000)]
  0x000002eac0710880 JavaThread "Unconstrained build operations Thread 37" [_thread_blocked, id=10628, stack(0x000000ebaca00000,0x000000ebacb00000)]
  0x000002eac070d360 JavaThread "Unconstrained build operations Thread 38" [_thread_blocked, id=5060, stack(0x000000ebacb00000,0x000000ebacc00000)]
  0x000002eac070fde0 JavaThread "Unconstrained build operations Thread 39" [_thread_blocked, id=12020, stack(0x000000ebacc00000,0x000000ebacd00000)]
  0x000002eac07142f0 JavaThread "Unconstrained build operations Thread 40" [_thread_blocked, id=6496, stack(0x000000ebacd00000,0x000000ebace00000)]
  0x000002eac070d8b0 JavaThread "Unconstrained build operations Thread 41" [_thread_blocked, id=12180, stack(0x000000ebace00000,0x000000ebacf00000)]
  0x000002eac070f340 JavaThread "Unconstrained build operations Thread 42" [_thread_blocked, id=11652, stack(0x000000ebacf00000,0x000000ebad000000)]
  0x000002eac0710dd0 JavaThread "Unconstrained build operations Thread 43" [_thread_blocked, id=6512, stack(0x000000ebad000000,0x000000ebad100000)]
  0x000002eac070e350 JavaThread "Unconstrained build operations Thread 44" [_thread_blocked, id=10404, stack(0x000000ebad100000,0x000000ebad200000)]
  0x000002eac0714d90 JavaThread "Unconstrained build operations Thread 45" [_thread_blocked, id=13136, stack(0x000000ebad200000,0x000000ebad300000)]
  0x000002eac0713da0 JavaThread "Unconstrained build operations Thread 46" [_thread_blocked, id=1160, stack(0x000000ebad300000,0x000000ebad400000)]
  0x000002eac0710330 JavaThread "Unconstrained build operations Thread 47" [_thread_blocked, id=3692, stack(0x000000ebad400000,0x000000ebad500000)]
  0x000002eac0711320 JavaThread "Unconstrained build operations Thread 48" [_thread_blocked, id=5820, stack(0x000000ebad500000,0x000000ebad600000)]
  0x000002eac070de00 JavaThread "Unconstrained build operations Thread 49" [_thread_blocked, id=10340, stack(0x000000ebad600000,0x000000ebad700000)]
  0x000002eac070e8a0 JavaThread "Unconstrained build operations Thread 50" [_thread_blocked, id=10604, stack(0x000000ebad700000,0x000000ebad800000)]
  0x000002eac070edf0 JavaThread "Unconstrained build operations Thread 51" [_thread_blocked, id=244, stack(0x000000ebad800000,0x000000ebad900000)]
  0x000002eac0713850 JavaThread "Unconstrained build operations Thread 52" [_thread_blocked, id=600, stack(0x000000ebad900000,0x000000ebada00000)]
  0x000002eac0714840 JavaThread "Unconstrained build operations Thread 53" [_thread_blocked, id=8636, stack(0x000000ebada00000,0x000000ebadb00000)]
  0x000002eac070f890 JavaThread "Unconstrained build operations Thread 54" [_thread_blocked, id=1588, stack(0x000000ebadb00000,0x000000ebadc00000)]
  0x000002eac0711870 JavaThread "Unconstrained build operations Thread 55" [_thread_blocked, id=9984, stack(0x000000ebadc00000,0x000000ebadd00000)]
  0x000002eac0712db0 JavaThread "Unconstrained build operations Thread 56" [_thread_blocked, id=884, stack(0x000000ebadd00000,0x000000ebade00000)]
  0x000002eac0711dc0 JavaThread "Unconstrained build operations Thread 57" [_thread_blocked, id=7204, stack(0x000000ebade00000,0x000000ebadf00000)]
  0x000002eac0712310 JavaThread "Unconstrained build operations Thread 58" [_thread_blocked, id=10008, stack(0x000000ebadf00000,0x000000ebae000000)]
  0x000002eac0712860 JavaThread "Unconstrained build operations Thread 59" [_thread_blocked, id=8968, stack(0x000000ebae000000,0x000000ebae100000)]
  0x000002eac0713300 JavaThread "Unconstrained build operations Thread 60" [_thread_blocked, id=5176, stack(0x000000ebae100000,0x000000ebae200000)]
  0x000002eabe2220a0 JavaThread "Unconstrained build operations Thread 61" [_thread_blocked, id=6404, stack(0x000000ebae200000,0x000000ebae300000)]
  0x000002eabe223b30 JavaThread "Unconstrained build operations Thread 62" [_thread_blocked, id=9756, stack(0x000000ebae300000,0x000000ebae400000)]
  0x000002eabe2265b0 JavaThread "Unconstrained build operations Thread 63" [_thread_blocked, id=6080, stack(0x000000ebae400000,0x000000ebae500000)]
  0x000002eabe2245d0 JavaThread "Unconstrained build operations Thread 64" [_thread_blocked, id=8248, stack(0x000000ebae500000,0x000000ebae600000)]
  0x000002eabe229580 JavaThread "Unconstrained build operations Thread 65" [_thread_blocked, id=9588, stack(0x000000ebae600000,0x000000ebae700000)]
  0x000002eabe2225f0 JavaThread "Unconstrained build operations Thread 66" [_thread_blocked, id=8608, stack(0x000000ebae700000,0x000000ebae800000)]
  0x000002eabe226b00 JavaThread "Unconstrained build operations Thread 67" [_thread_blocked, id=1448, stack(0x000000ebae800000,0x000000ebae900000)]
  0x000002eabe229ad0 JavaThread "Unconstrained build operations Thread 68" [_thread_blocked, id=6992, stack(0x000000ebae900000,0x000000ebaea00000)]
  0x000002eabe222b40 JavaThread "Unconstrained build operations Thread 69" [_thread_blocked, id=7316, stack(0x000000ebaea00000,0x000000ebaeb00000)]
  0x000002eabe2235e0 JavaThread "Unconstrained build operations Thread 70" [_thread_blocked, id=3368, stack(0x000000ebaeb00000,0x000000ebaec00000)]
  0x000002eabe223090 JavaThread "Unconstrained build operations Thread 71" [_thread_blocked, id=12444, stack(0x000000ebaec00000,0x000000ebaed00000)]
  0x000002eabe224080 JavaThread "Unconstrained build operations Thread 72" [_thread_blocked, id=11184, stack(0x000000ebaed00000,0x000000ebaee00000)]
  0x000002eabe224b20 JavaThread "Unconstrained build operations Thread 73" [_thread_blocked, id=11532, stack(0x000000ebaee00000,0x000000ebaef00000)]
  0x000002eabe227050 JavaThread "Unconstrained build operations Thread 74" [_thread_blocked, id=11996, stack(0x000000ebaef00000,0x000000ebaf000000)]
  0x000002eabe229030 JavaThread "Unconstrained build operations Thread 75" [_thread_blocked, id=12000, stack(0x000000ebaf000000,0x000000ebaf100000)]
  0x000002eabe2275a0 JavaThread "Unconstrained build operations Thread 76" [_thread_blocked, id=2352, stack(0x000000ebaf100000,0x000000ebaf200000)]
  0x000002eabe227af0 JavaThread "Unconstrained build operations Thread 77" [_thread_blocked, id=9940, stack(0x000000ebaf200000,0x000000ebaf300000)]
  0x000002eabe225070 JavaThread "Unconstrained build operations Thread 78" [_thread_blocked, id=9604, stack(0x000000ebaf300000,0x000000ebaf400000)]
  0x000002eabe228590 JavaThread "Unconstrained build operations Thread 79" [_thread_blocked, id=4132, stack(0x000000ebaf400000,0x000000ebaf500000)]
  0x000002eabe2255c0 JavaThread "Unconstrained build operations Thread 80" [_thread_blocked, id=11232, stack(0x000000ebaf500000,0x000000ebaf600000)]
  0x000002eabe225b10 JavaThread "jar transforms Thread 4" [_thread_blocked, id=2412, stack(0x000000ebaf600000,0x000000ebaf700000)]
  0x000002eabe228ae0 JavaThread "jar transforms Thread 5" [_thread_blocked, id=4148, stack(0x000000ebaf700000,0x000000ebaf800000)]
  0x000002eabe226060 JavaThread "jar transforms Thread 6" [_thread_blocked, id=8188, stack(0x000000ebaf800000,0x000000ebaf900000)]
  0x000002eabe228040 JavaThread "jar transforms Thread 7" [_thread_blocked, id=11512, stack(0x000000ebaf900000,0x000000ebafa00000)]
  0x000002eabe217020 JavaThread "jar transforms Thread 8" [_thread_blocked, id=11132, stack(0x000000ebafa00000,0x000000ebafb00000)]
  0x000002eabb5cf8b0 JavaThread "C2 CompilerThread2" daemon [_thread_blocked, id=1348, stack(0x000000eba8600000,0x000000eba8700000)]
  0x000002eabe217570 JavaThread "Memory manager" [_thread_blocked, id=11436, stack(0x000000ebafb00000,0x000000ebafc00000)]
  0x000002eabe215ae0 JavaThread "build event listener" [_thread_blocked, id=8104, stack(0x000000ebafc00000,0x000000ebafd00000)]
  0x000002eabe216580 JavaThread "pool-3-thread-1" [_thread_blocked, id=5380, stack(0x000000ebafd00000,0x000000ebafe00000)]
  0x000002eabe216030 JavaThread "build event listener" [_thread_blocked, id=9836, stack(0x000000ebafe00000,0x000000ebaff00000)]
  0x000002eabe218560 JavaThread "Execution worker for ':'" [_thread_blocked, id=12252, stack(0x000000ebaff00000,0x000000ebb0000000)]
  0x000002eabe218ab0 JavaThread "Execution worker for ':' Thread 2" [_thread_blocked, id=3648, stack(0x000000ebb0000000,0x000000ebb0100000)]
  0x000002eabe2145a0 JavaThread "Execution worker for ':' Thread 3" [_thread_blocked, id=12980, stack(0x000000ebb0100000,0x000000ebb0200000)]
  0x000002eabe214050 JavaThread "Execution worker for ':' Thread 4" [_thread_blocked, id=12184, stack(0x000000ebb0200000,0x000000ebb0300000)]
  0x000002eabe218010 JavaThread "Execution worker for ':' Thread 5" [_thread_blocked, id=10696, stack(0x000000ebb0300000,0x000000ebb0400000)]
  0x000002eabe219000 JavaThread "Execution worker for ':' Thread 6" [_thread_blocked, id=6152, stack(0x000000ebb0400000,0x000000ebb0500000)]
  0x000002eabe219550 JavaThread "Execution worker for ':' Thread 7" [_thread_blocked, id=2380, stack(0x000000ebb0500000,0x000000ebb0600000)]
  0x000002eabe214af0 JavaThread "Cache worker for execution history cache (C:\Users\ITECH\AndroidStudioProjects\yummy\.gradle\7.3.3\executionHistory)" [_thread_blocked, id=13292, stack(0x000000ebb0600000,0x000000ebb0700000)]
  0x000002eabe213b00 JavaThread "WorkerExecutor Queue" [_thread_in_Java, id=11964, stack(0x000000ebb0900000,0x000000ebb0a00000)]
  0x000002eabe215040 JavaThread "WorkerExecutor Queue Thread 2" [_thread_blocked, id=872, stack(0x000000ebb0a00000,0x000000ebb0b00000)]
  0x000002eac13fa950 JavaThread "WorkerExecutor Queue Thread 3" [_thread_blocked, id=6336, stack(0x000000ebb0b00000,0x000000ebb0c00000)]

Other Threads:
  0x000002eaba349590 VMThread "VM Thread" [stack: 0x000000eba7500000,0x000000eba7600000] [id=4644]
  0x000002eabadcb000 WatcherThread [stack: 0x000000eba8100000,0x000000eba8200000] [id=584]
  0x000002ea9a359960 GCTaskThread "GC Thread#0" [stack: 0x000000eba7000000,0x000000eba7100000] [id=6708]
  0x000002eabb98b400 GCTaskThread "GC Thread#1" [stack: 0x000000eba8300000,0x000000eba8400000] [id=9576]
  0x000002eabb90da40 GCTaskThread "GC Thread#2" [stack: 0x000000eba8400000,0x000000eba8500000] [id=4596]
  0x000002eabbf85290 GCTaskThread "GC Thread#3" [stack: 0x000000eba8500000,0x000000eba8600000] [id=12124]
  0x000002eabaece650 GCTaskThread "GC Thread#4" [stack: 0x000000eba8700000,0x000000eba8800000] [id=3248]
  0x000002eac0a34b00 GCTaskThread "GC Thread#5" [stack: 0x000000eba9600000,0x000000eba9700000] [id=10976]
  0x000002eabe769cd0 GCTaskThread "GC Thread#6" [stack: 0x000000eba9700000,0x000000eba9800000] [id=12516]
  0x000002eac0a63560 GCTaskThread "GC Thread#7" [stack: 0x000000eba9800000,0x000000eba9900000] [id=12828]
  0x000002ea9a36aaa0 ConcurrentGCThread "G1 Main Marker" [stack: 0x000000eba7100000,0x000000eba7200000] [id=1596]
  0x000002ea9a36d530 ConcurrentGCThread "G1 Conc#0" [stack: 0x000000eba7200000,0x000000eba7300000] [id=11408]
  0x000002eac0a63e90 ConcurrentGCThread "G1 Conc#1" [stack: 0x000000eba9e00000,0x000000eba9f00000] [id=6408]
  0x000002ea9a3f8110 ConcurrentGCThread "G1 Refine#0" [stack: 0x000000eba7300000,0x000000eba7400000] [id=1312]
  0x000002eabb6ea020 ConcurrentGCThread "G1 Refine#1" [stack: 0x000000ebb0700000,0x000000ebb0800000] [id=7532]
  0x000002eabb6e7fa0 ConcurrentGCThread "G1 Refine#2" [stack: 0x000000ebb0800000,0x000000ebb0900000] [id=12028]
  0x000002eabb6eba20 ConcurrentGCThread "G1 Refine#3" [stack: 0x000000ebb0c00000,0x000000ebb0d00000] [id=3144]
  0x000002ea9a3f8b90 ConcurrentGCThread "G1 Service" [stack: 0x000000eba7400000,0x000000eba7500000] [id=8368]

Threads with active compile tasks:
C2 CompilerThread1    12152 11220       4       com.google.common.collect.ImmutableSortedMap$Builder::build (87 bytes)

VM state: not at safepoint (normal execution)

VM Mutex/Monitor currently owned by a thread: None

Heap address: 0x0000000080000000, size: 2048 MB, Compressed Oops mode: 32-bit

CDS archive(s) mapped at: [0x0000000800000000-0x0000000800bb0000-0x0000000800bb0000), size 12255232, SharedBaseAddress: 0x0000000800000000, ArchiveRelocationMode: 0.
Compressed class space mapped at: 0x0000000800c00000-0x0000000840c00000, reserved size: 1073741824
Narrow klass base: 0x0000000800000000, Narrow klass shift: 3, Narrow klass range: 0x100000000

GC Precious Log:
 CPUs: 8 total, 8 available
 Memory: 7959M
 Large Page Support: Disabled
 NUMA Support: Disabled
 Compressed Oops: Enabled (32-bit)
 Heap Region Size: 1M
 Heap Min Capacity: 8M
 Heap Initial Capacity: 126M
 Heap Max Capacity: 2G
 Pre-touch: Disabled
 Parallel Workers: 8
 Concurrent Workers: 2
 Concurrent Refinement Workers: 8
 Periodic GC: Disabled

Heap:
 garbage-first heap   total 221184K, used 130241K [0x0000000080000000, 0x0000000100000000)
  region size 1024K, 48 young (49152K), 1 survivors (1024K)
 Metaspace       used 81959K, committed 82560K, reserved 1122304K
  class space    used 10911K, committed 11200K, reserved 1048576K

Heap Regions: E=young(eden), S=young(survivor), O=old, HS=humongous(starts), HC=humongous(continues), CS=collection set, F=free, OA=open archive, CA=closed archive, TAMS=top-at-mark-start (previous, next)
|   0|0x0000000080000000, 0x0000000080100000, 0x0000000080100000|100%| O|  |TAMS 0x0000000080100000, 0x0000000080000000| Untracked 
|   1|0x0000000080100000, 0x0000000080200000, 0x0000000080200000|100%| O|  |TAMS 0x0000000080200000, 0x0000000080100000| Untracked 
|   2|0x0000000080200000, 0x0000000080300000, 0x0000000080300000|100%| O|  |TAMS 0x0000000080300000, 0x0000000080200000| Untracked 
|   3|0x0000000080300000, 0x0000000080400000, 0x0000000080400000|100%|HS|  |TAMS 0x0000000080400000, 0x0000000080300000| Complete 
|   4|0x0000000080400000, 0x0000000080500000, 0x0000000080500000|100%|HC|  |TAMS 0x0000000080500000, 0x0000000080400000| Complete 
|   5|0x0000000080500000, 0x0000000080600000, 0x0000000080600000|100%|HC|  |TAMS 0x0000000080600000, 0x0000000080500000| Complete 
|   6|0x0000000080600000, 0x0000000080700000, 0x0000000080700000|100%| O|  |TAMS 0x0000000080700000, 0x0000000080600000| Untracked 
|   7|0x0000000080700000, 0x0000000080800000, 0x0000000080800000|100%| O|  |TAMS 0x0000000080800000, 0x0000000080700000| Untracked 
|   8|0x0000000080800000, 0x0000000080900000, 0x0000000080900000|100%| O|  |TAMS 0x0000000080900000, 0x0000000080800000| Untracked 
|   9|0x0000000080900000, 0x0000000080a00000, 0x0000000080a00000|100%| O|  |TAMS 0x0000000080a00000, 0x0000000080900000| Untracked 
|  10|0x0000000080a00000, 0x0000000080b00000, 0x0000000080b00000|100%| O|  |TAMS 0x0000000080b00000, 0x0000000080a00000| Untracked 
|  11|0x0000000080b00000, 0x0000000080c00000, 0x0000000080c00000|100%| O|  |TAMS 0x0000000080c00000, 0x0000000080b00000| Untracked 
|  12|0x0000000080c00000, 0x0000000080d00000, 0x0000000080d00000|100%| O|  |TAMS 0x0000000080d00000, 0x0000000080c00000| Untracked 
|  13|0x0000000080d00000, 0x0000000080e00000, 0x0000000080e00000|100%| O|  |TAMS 0x0000000080e00000, 0x0000000080d00000| Untracked 
|  14|0x0000000080e00000, 0x0000000080f00000, 0x0000000080f00000|100%| O|  |TAMS 0x0000000080f00000, 0x0000000080e00000| Untracked 
|  15|0x0000000080f00000, 0x0000000081000000, 0x0000000081000000|100%| O|  |TAMS 0x0000000081000000, 0x0000000080f00000| Untracked 
|  16|0x0000000081000000, 0x0000000081100000, 0x0000000081100000|100%| O|  |TAMS 0x0000000081100000, 0x0000000081000000| Untracked 
|  17|0x0000000081100000, 0x0000000081200000, 0x0000000081200000|100%| O|  |TAMS 0x0000000081200000, 0x0000000081100000| Untracked 
|  18|0x0000000081200000, 0x0000000081200000, 0x0000000081300000|  0%| F|  |TAMS 0x0000000081200000, 0x0000000081200000| Untracked 
|  19|0x0000000081300000, 0x0000000081300000, 0x0000000081400000|  0%| F|  |TAMS 0x0000000081300000, 0x0000000081300000| Untracked 
|  20|0x0000000081400000, 0x0000000081500000, 0x0000000081500000|100%| O|  |TAMS 0x0000000081500000, 0x0000000081400000| Untracked 
|  21|0x0000000081500000, 0x0000000081600000, 0x0000000081600000|100%| O|  |TAMS 0x0000000081600000, 0x0000000081500000| Untracked 
|  22|0x0000000081600000, 0x0000000081700000, 0x0000000081700000|100%| O|  |TAMS 0x0000000081700000, 0x0000000081600000| Untracked 
|  23|0x0000000081700000, 0x0000000081800000, 0x0000000081800000|100%| O|  |TAMS 0x0000000081800000, 0x0000000081700000| Untracked 
|  24|0x0000000081800000, 0x0000000081900000, 0x0000000081900000|100%| O|  |TAMS 0x0000000081900000, 0x0000000081800000| Untracked 
|  25|0x0000000081900000, 0x0000000081a00000, 0x0000000081a00000|100%| O|  |TAMS 0x0000000081a00000, 0x0000000081900000| Untracked 
|  26|0x0000000081a00000, 0x0000000081b00000, 0x0000000081b00000|100%|HS|  |TAMS 0x0000000081b00000, 0x0000000081a00000| Complete 
|  27|0x0000000081b00000, 0x0000000081c00000, 0x0000000081c00000|100%|HS|  |TAMS 0x0000000081c00000, 0x0000000081b00000| Complete 
|  28|0x0000000081c00000, 0x0000000081d00000, 0x0000000081d00000|100%| O|  |TAMS 0x0000000081d00000, 0x0000000081c00000| Untracked 
|  29|0x0000000081d00000, 0x0000000081e00000, 0x0000000081e00000|100%| O|  |TAMS 0x0000000081e00000, 0x0000000081d00000| Untracked 
|  30|0x0000000081e00000, 0x0000000081f00000, 0x0000000081f00000|100%| O|  |TAMS 0x0000000081f00000, 0x0000000081e00000| Untracked 
|  31|0x0000000081f00000, 0x0000000082000000, 0x0000000082000000|100%| O|  |TAMS 0x0000000082000000, 0x0000000081f00000| Untracked 
|  32|0x0000000082000000, 0x0000000082100000, 0x0000000082100000|100%| O|  |TAMS 0x0000000082100000, 0x0000000082000000| Untracked 
|  33|0x0000000082100000, 0x0000000082200000, 0x0000000082200000|100%| O|  |TAMS 0x0000000082200000, 0x0000000082100000| Untracked 
|  34|0x0000000082200000, 0x0000000082300000, 0x0000000082300000|100%| O|  |TAMS 0x0000000082300000, 0x0000000082200000| Untracked 
|  35|0x0000000082300000, 0x0000000082400000, 0x0000000082400000|100%| O|  |TAMS 0x0000000082400000, 0x0000000082300000| Untracked 
|  36|0x0000000082400000, 0x0000000082500000, 0x0000000082500000|100%| O|  |TAMS 0x0000000082500000, 0x0000000082400000| Untracked 
|  37|0x0000000082500000, 0x0000000082600000, 0x0000000082600000|100%|HS|  |TAMS 0x0000000082600000, 0x0000000082500000| Complete 
|  38|0x0000000082600000, 0x0000000082700000, 0x0000000082700000|100%|HC|  |TAMS 0x0000000082700000, 0x0000000082600000| Complete 
|  39|0x0000000082700000, 0x0000000082800000, 0x0000000082800000|100%| O|  |TAMS 0x0000000082800000, 0x0000000082700000| Untracked 
|  40|0x0000000082800000, 0x0000000082900000, 0x0000000082900000|100%| O|  |TAMS 0x0000000082900000, 0x0000000082800000| Untracked 
|  41|0x0000000082900000, 0x0000000082a00000, 0x0000000082a00000|100%| O|  |TAMS 0x0000000082a00000, 0x0000000082900000| Untracked 
|  42|0x0000000082a00000, 0x0000000082b00000, 0x0000000082b00000|100%| O|  |TAMS 0x0000000082b00000, 0x0000000082a00000| Untracked 
|  43|0x0000000082b00000, 0x0000000082c00000, 0x0000000082c00000|100%| O|  |TAMS 0x0000000082c00000, 0x0000000082b00000| Untracked 
|  44|0x0000000082c00000, 0x0000000082d00000, 0x0000000082d00000|100%| O|  |TAMS 0x0000000082d00000, 0x0000000082c00000| Untracked 
|  45|0x0000000082d00000, 0x0000000082e00000, 0x0000000082e00000|100%| O|  |TAMS 0x0000000082e00000, 0x0000000082d00000| Untracked 
|  46|0x0000000082e00000, 0x0000000082f00000, 0x0000000082f00000|100%| O|  |TAMS 0x0000000082f00000, 0x0000000082e00000| Untracked 
|  47|0x0000000082f00000, 0x0000000083000000, 0x0000000083000000|100%| O|  |TAMS 0x0000000083000000, 0x0000000082f00000| Untracked 
|  48|0x0000000083000000, 0x0000000083100000, 0x0000000083100000|100%| O|  |TAMS 0x0000000083100000, 0x0000000083000000| Untracked 
|  49|0x0000000083100000, 0x0000000083200000, 0x0000000083200000|100%| O|  |TAMS 0x0000000083200000, 0x0000000083100000| Untracked 
|  50|0x0000000083200000, 0x0000000083300000, 0x0000000083300000|100%| O|  |TAMS 0x0000000083300000, 0x0000000083200000| Untracked 
|  51|0x0000000083300000, 0x0000000083400000, 0x0000000083400000|100%| O|  |TAMS 0x0000000083400000, 0x0000000083300000| Untracked 
|  52|0x0000000083400000, 0x0000000083500000, 0x0000000083500000|100%| O|  |TAMS 0x0000000083500000, 0x0000000083400000| Untracked 
|  53|0x0000000083500000, 0x0000000083600000, 0x0000000083600000|100%| O|  |TAMS 0x0000000083600000, 0x0000000083500000| Untracked 
|  54|0x0000000083600000, 0x0000000083700000, 0x0000000083700000|100%| O|  |TAMS 0x0000000083700000, 0x0000000083600000| Untracked 
|  55|0x0000000083700000, 0x0000000083800000, 0x0000000083800000|100%| O|  |TAMS 0x0000000083800000, 0x0000000083700000| Untracked 
|  56|0x0000000083800000, 0x0000000083900000, 0x0000000083900000|100%| O|  |TAMS 0x0000000083900000, 0x0000000083800000| Untracked 
|  57|0x0000000083900000, 0x0000000083a00000, 0x0000000083a00000|100%| O|  |TAMS 0x0000000083a00000, 0x0000000083900000| Untracked 
|  58|0x0000000083a00000, 0x0000000083b00000, 0x0000000083b00000|100%| O|  |TAMS 0x0000000083b00000, 0x0000000083a00000| Untracked 
|  59|0x0000000083b00000, 0x0000000083c00000, 0x0000000083c00000|100%| O|  |TAMS 0x0000000083c00000, 0x0000000083b00000| Untracked 
|  60|0x0000000083c00000, 0x0000000083d00000, 0x0000000083d00000|100%| O|  |TAMS 0x0000000083d00000, 0x0000000083c00000| Untracked 
|  61|0x0000000083d00000, 0x0000000083e00000, 0x0000000083e00000|100%| O|  |TAMS 0x0000000083e00000, 0x0000000083d00000| Untracked 
|  62|0x0000000083e00000, 0x0000000083f00000, 0x0000000083f00000|100%| O|  |TAMS 0x0000000083f00000, 0x0000000083e00000| Untracked 
|  63|0x0000000083f00000, 0x0000000084000000, 0x0000000084000000|100%| O|  |TAMS 0x0000000084000000, 0x0000000083f00000| Untracked 
|  64|0x0000000084000000, 0x0000000084100000, 0x0000000084100000|100%| O|  |TAMS 0x0000000084100000, 0x0000000084000000| Untracked 
|  65|0x0000000084100000, 0x0000000084200000, 0x0000000084200000|100%| O|  |TAMS 0x0000000084200000, 0x0000000084100000| Untracked 
|  66|0x0000000084200000, 0x0000000084200000, 0x0000000084300000|  0%| F|  |TAMS 0x0000000084200000, 0x0000000084200000| Untracked 
|  67|0x0000000084300000, 0x0000000084300000, 0x0000000084400000|  0%| F|  |TAMS 0x0000000084300000, 0x0000000084300000| Untracked 
|  68|0x0000000084400000, 0x0000000084500000, 0x0000000084500000|100%| O|  |TAMS 0x0000000084500000, 0x0000000084400000| Untracked 
|  69|0x0000000084500000, 0x0000000084600000, 0x0000000084600000|100%| O|  |TAMS 0x0000000084600000, 0x0000000084500000| Untracked 
|  70|0x0000000084600000, 0x0000000084600000, 0x0000000084700000|  0%| F|  |TAMS 0x0000000084600000, 0x0000000084600000| Untracked 
|  71|0x0000000084700000, 0x0000000084700000, 0x0000000084800000|  0%| F|  |TAMS 0x0000000084700000, 0x0000000084700000| Untracked 
|  72|0x0000000084800000, 0x0000000084800000, 0x0000000084900000|  0%| F|  |TAMS 0x0000000084800000, 0x0000000084800000| Untracked 
|  73|0x0000000084900000, 0x0000000084900000, 0x0000000084a00000|  0%| F|  |TAMS 0x0000000084900000, 0x0000000084900000| Untracked 
|  74|0x0000000084a00000, 0x0000000084a00000, 0x0000000084b00000|  0%| F|  |TAMS 0x0000000084a00000, 0x0000000084a00000| Untracked 
|  75|0x0000000084b00000, 0x0000000084b00000, 0x0000000084c00000|  0%| F|  |TAMS 0x0000000084b00000, 0x0000000084b00000| Untracked 
|  76|0x0000000084c00000, 0x0000000084c00000, 0x0000000084d00000|  0%| F|  |TAMS 0x0000000084c00000, 0x0000000084c00000| Untracked 
|  77|0x0000000084d00000, 0x0000000084d00000, 0x0000000084e00000|  0%| F|  |TAMS 0x0000000084d00000, 0x0000000084d00000| Untracked 
|  78|0x0000000084e00000, 0x0000000084f00000, 0x0000000084f00000|100%| O|  |TAMS 0x0000000084f00000, 0x0000000084e00000| Untracked 
|  79|0x0000000084f00000, 0x0000000085000000, 0x0000000085000000|100%| O|  |TAMS 0x0000000085000000, 0x0000000084f00000| Untracked 
|  80|0x0000000085000000, 0x0000000085000000, 0x0000000085100000|  0%| F|  |TAMS 0x0000000085000000, 0x0000000085000000| Untracked 
|  81|0x0000000085100000, 0x0000000085100000, 0x0000000085200000|  0%| F|  |TAMS 0x0000000085100000, 0x0000000085100000| Untracked 
|  82|0x0000000085200000, 0x0000000085300000, 0x0000000085300000|100%| O|  |TAMS 0x0000000085300000, 0x0000000085200000| Untracked 
|  83|0x0000000085300000, 0x0000000085400000, 0x0000000085400000|100%| O|  |TAMS 0x0000000085300000, 0x0000000085300000| Untracked 
|  84|0x0000000085400000, 0x0000000085500000, 0x0000000085500000|100%| O|  |TAMS 0x0000000085400000, 0x0000000085400000| Untracked 
|  85|0x0000000085500000, 0x0000000085600000, 0x0000000085600000|100%| O|  |TAMS 0x0000000085500000, 0x0000000085500000| Untracked 
|  86|0x0000000085600000, 0x0000000085700000, 0x0000000085700000|100%| O|  |TAMS 0x0000000085600000, 0x0000000085600000| Untracked 
|  87|0x0000000085700000, 0x0000000085800000, 0x0000000085800000|100%| O|  |TAMS 0x0000000085700000, 0x0000000085700000| Untracked 
|  88|0x0000000085800000, 0x0000000085900000, 0x0000000085900000|100%| O|  |TAMS 0x0000000085900000, 0x0000000085800000| Untracked 
|  89|0x0000000085900000, 0x0000000085a00000, 0x0000000085a00000|100%| O|  |TAMS 0x0000000085a00000, 0x0000000085900000| Untracked 
|  90|0x0000000085a00000, 0x0000000085b00000, 0x0000000085b00000|100%| O|  |TAMS 0x0000000085b00000, 0x0000000085a00000| Untracked 
|  91|0x0000000085b00000, 0x0000000085b00000, 0x0000000085c00000|  0%| F|  |TAMS 0x0000000085b00000, 0x0000000085b00000| Untracked 
|  92|0x0000000085c00000, 0x0000000085c00000, 0x0000000085d00000|  0%| F|  |TAMS 0x0000000085c00000, 0x0000000085c00000| Untracked 
|  93|0x0000000085d00000, 0x0000000085e00000, 0x0000000085e00000|100%| O|  |TAMS 0x0000000085d00000, 0x0000000085d00000| Untracked 
|  94|0x0000000085e00000, 0x0000000085f00000, 0x0000000085f00000|100%| O|  |TAMS 0x0000000085e00000, 0x0000000085e00000| Untracked 
|  95|0x0000000085f00000, 0x0000000086000000, 0x0000000086000000|100%| O|  |TAMS 0x0000000085f00000, 0x0000000085f00000| Untracked 
|  96|0x0000000086000000, 0x0000000086100000, 0x0000000086100000|100%| O|  |TAMS 0x0000000086000000, 0x0000000086000000| Untracked 
|  97|0x0000000086100000, 0x000000008616a200, 0x0000000086200000| 41%| O|  |TAMS 0x0000000086100000, 0x0000000086100000| Untracked 
|  98|0x0000000086200000, 0x0000000086200000, 0x0000000086300000|  0%| F|  |TAMS 0x0000000086200000, 0x0000000086200000| Untracked 
|  99|0x0000000086300000, 0x0000000086300000, 0x0000000086400000|  0%| F|  |TAMS 0x0000000086300000, 0x0000000086300000| Untracked 
| 100|0x0000000086400000, 0x0000000086400000, 0x0000000086500000|  0%| F|  |TAMS 0x0000000086400000, 0x0000000086400000| Untracked 
| 101|0x0000000086500000, 0x0000000086500000, 0x0000000086600000|  0%| F|  |TAMS 0x0000000086500000, 0x0000000086500000| Untracked 
| 102|0x0000000086600000, 0x0000000086600000, 0x0000000086700000|  0%| F|  |TAMS 0x0000000086600000, 0x0000000086600000| Untracked 
| 103|0x0000000086700000, 0x0000000086700000, 0x0000000086800000|  0%| F|  |TAMS 0x0000000086700000, 0x0000000086700000| Untracked 
| 104|0x0000000086800000, 0x0000000086800000, 0x0000000086900000|  0%| F|  |TAMS 0x0000000086800000, 0x0000000086800000| Untracked 
| 105|0x0000000086900000, 0x0000000086900000, 0x0000000086a00000|  0%| F|  |TAMS 0x0000000086900000, 0x0000000086900000| Untracked 
| 106|0x0000000086a00000, 0x0000000086a00000, 0x0000000086b00000|  0%| F|  |TAMS 0x0000000086a00000, 0x0000000086a00000| Untracked 
| 107|0x0000000086b00000, 0x0000000086b00000, 0x0000000086c00000|  0%| F|  |TAMS 0x0000000086b00000, 0x0000000086b00000| Untracked 
| 108|0x0000000086c00000, 0x0000000086c00000, 0x0000000086d00000|  0%| F|  |TAMS 0x0000000086c00000, 0x0000000086c00000| Untracked 
| 109|0x0000000086d00000, 0x0000000086d00000, 0x0000000086e00000|  0%| F|  |TAMS 0x0000000086d00000, 0x0000000086d00000| Untracked 
| 110|0x0000000086e00000, 0x0000000086e00000, 0x0000000086f00000|  0%| F|  |TAMS 0x0000000086e00000, 0x0000000086e00000| Untracked 
| 111|0x0000000086f00000, 0x0000000086f00000, 0x0000000087000000|  0%| F|  |TAMS 0x0000000086f00000, 0x0000000086f00000| Untracked 
| 112|0x0000000087000000, 0x0000000087000000, 0x0000000087100000|  0%| F|  |TAMS 0x0000000087000000, 0x0000000087000000| Untracked 
| 113|0x0000000087100000, 0x0000000087100000, 0x0000000087200000|  0%| F|  |TAMS 0x0000000087100000, 0x0000000087100000| Untracked 
| 114|0x0000000087200000, 0x0000000087200000, 0x0000000087300000|  0%| F|  |TAMS 0x0000000087200000, 0x0000000087200000| Untracked 
| 115|0x0000000087300000, 0x0000000087300000, 0x0000000087400000|  0%| F|  |TAMS 0x0000000087300000, 0x0000000087300000| Untracked 
| 116|0x0000000087400000, 0x0000000087400000, 0x0000000087500000|  0%| F|  |TAMS 0x0000000087400000, 0x0000000087400000| Untracked 
| 117|0x0000000087500000, 0x0000000087500000, 0x0000000087600000|  0%| F|  |TAMS 0x0000000087500000, 0x0000000087500000| Untracked 
| 118|0x0000000087600000, 0x0000000087600000, 0x0000000087700000|  0%| F|  |TAMS 0x0000000087600000, 0x0000000087600000| Untracked 
| 119|0x0000000087700000, 0x0000000087700000, 0x0000000087800000|  0%| F|  |TAMS 0x0000000087700000, 0x0000000087700000| Untracked 
| 120|0x0000000087800000, 0x0000000087800000, 0x0000000087900000|  0%| F|  |TAMS 0x0000000087800000, 0x0000000087800000| Untracked 
| 121|0x0000000087900000, 0x0000000087900000, 0x0000000087a00000|  0%| F|  |TAMS 0x0000000087900000, 0x0000000087900000| Untracked 
| 122|0x0000000087a00000, 0x0000000087a00000, 0x0000000087b00000|  0%| F|  |TAMS 0x0000000087a00000, 0x0000000087a00000| Untracked 
| 123|0x0000000087b00000, 0x0000000087b00000, 0x0000000087c00000|  0%| F|  |TAMS 0x0000000087b00000, 0x0000000087b00000| Untracked 
| 124|0x0000000087c00000, 0x0000000087c00000, 0x0000000087d00000|  0%| F|  |TAMS 0x0000000087c00000, 0x0000000087c00000| Untracked 
| 125|0x0000000087d00000, 0x0000000087d00000, 0x0000000087e00000|  0%| F|  |TAMS 0x0000000087d00000, 0x0000000087d00000| Untracked 
| 126|0x0000000087e00000, 0x0000000087e00000, 0x0000000087f00000|  0%| F|  |TAMS 0x0000000087e00000, 0x0000000087e00000| Untracked 
| 127|0x0000000087f00000, 0x0000000087f00000, 0x0000000088000000|  0%| F|  |TAMS 0x0000000087f00000, 0x0000000087f00000| Untracked 
| 128|0x0000000088000000, 0x0000000088000000, 0x0000000088100000|  0%| F|  |TAMS 0x0000000088000000, 0x0000000088000000| Untracked 
| 129|0x0000000088100000, 0x0000000088100000, 0x0000000088200000|  0%| F|  |TAMS 0x0000000088100000, 0x0000000088100000| Untracked 
| 130|0x0000000088200000, 0x0000000088200000, 0x0000000088300000|  0%| F|  |TAMS 0x0000000088200000, 0x0000000088200000| Untracked 
| 131|0x0000000088300000, 0x0000000088300000, 0x0000000088400000|  0%| F|  |TAMS 0x0000000088300000, 0x0000000088300000| Untracked 
| 132|0x0000000088400000, 0x0000000088400000, 0x0000000088500000|  0%| F|  |TAMS 0x0000000088400000, 0x0000000088400000| Untracked 
| 133|0x0000000088500000, 0x0000000088500000, 0x0000000088600000|  0%| F|  |TAMS 0x0000000088500000, 0x0000000088500000| Untracked 
| 134|0x0000000088600000, 0x0000000088600000, 0x0000000088700000|  0%| F|  |TAMS 0x0000000088600000, 0x0000000088600000| Untracked 
| 135|0x0000000088700000, 0x0000000088700000, 0x0000000088800000|  0%| F|  |TAMS 0x0000000088700000, 0x0000000088700000| Untracked 
| 136|0x0000000088800000, 0x0000000088800000, 0x0000000088900000|  0%| F|  |TAMS 0x0000000088800000, 0x0000000088800000| Untracked 
| 137|0x0000000088900000, 0x0000000088900000, 0x0000000088a00000|  0%| F|  |TAMS 0x0000000088900000, 0x0000000088900000| Untracked 
| 138|0x0000000088a00000, 0x0000000088a00000, 0x0000000088b00000|  0%| F|  |TAMS 0x0000000088a00000, 0x0000000088a00000| Untracked 
| 139|0x0000000088b00000, 0x0000000088b00000, 0x0000000088c00000|  0%| F|  |TAMS 0x0000000088b00000, 0x0000000088b00000| Untracked 
| 140|0x0000000088c00000, 0x0000000088c00000, 0x0000000088d00000|  0%| F|  |TAMS 0x0000000088c00000, 0x0000000088c00000| Untracked 
| 141|0x0000000088d00000, 0x0000000088d00000, 0x0000000088e00000|  0%| F|  |TAMS 0x0000000088d00000, 0x0000000088d00000| Untracked 
| 142|0x0000000088e00000, 0x0000000088e00000, 0x0000000088f00000|  0%| F|  |TAMS 0x0000000088e00000, 0x0000000088e00000| Untracked 
| 143|0x0000000088f00000, 0x0000000088f00000, 0x0000000089000000|  0%| F|  |TAMS 0x0000000088f00000, 0x0000000088f00000| Untracked 
| 144|0x0000000089000000, 0x0000000089000000, 0x0000000089100000|  0%| F|  |TAMS 0x0000000089000000, 0x0000000089000000| Untracked 
| 145|0x0000000089100000, 0x0000000089100000, 0x0000000089200000|  0%| F|  |TAMS 0x0000000089100000, 0x0000000089100000| Untracked 
| 146|0x0000000089200000, 0x0000000089200000, 0x0000000089300000|  0%| F|  |TAMS 0x0000000089200000, 0x0000000089200000| Untracked 
| 147|0x0000000089300000, 0x0000000089300000, 0x0000000089400000|  0%| F|  |TAMS 0x0000000089300000, 0x0000000089300000| Untracked 
| 148|0x0000000089400000, 0x0000000089400000, 0x0000000089500000|  0%| F|  |TAMS 0x0000000089400000, 0x0000000089400000| Untracked 
| 149|0x0000000089500000, 0x0000000089500000, 0x0000000089600000|  0%| F|  |TAMS 0x0000000089500000, 0x0000000089500000| Untracked 
| 150|0x0000000089600000, 0x0000000089600000, 0x0000000089700000|  0%| F|  |TAMS 0x0000000089600000, 0x0000000089600000| Untracked 
| 151|0x0000000089700000, 0x0000000089700000, 0x0000000089800000|  0%| F|  |TAMS 0x0000000089700000, 0x0000000089700000| Untracked 
| 152|0x0000000089800000, 0x0000000089800000, 0x0000000089900000|  0%| F|  |TAMS 0x0000000089800000, 0x0000000089800000| Untracked 
| 153|0x0000000089900000, 0x0000000089900000, 0x0000000089a00000|  0%| F|  |TAMS 0x0000000089900000, 0x0000000089900000| Untracked 
| 154|0x0000000089a00000, 0x0000000089a00000, 0x0000000089b00000|  0%| F|  |TAMS 0x0000000089a00000, 0x0000000089a00000| Untracked 
| 155|0x0000000089b00000, 0x0000000089b00000, 0x0000000089c00000|  0%| F|  |TAMS 0x0000000089b00000, 0x0000000089b00000| Untracked 
| 156|0x0000000089c00000, 0x0000000089c00000, 0x0000000089d00000|  0%| F|  |TAMS 0x0000000089c00000, 0x0000000089c00000| Untracked 
| 157|0x0000000089d00000, 0x0000000089d00000, 0x0000000089e00000|  0%| F|  |TAMS 0x0000000089d00000, 0x0000000089d00000| Untracked 
| 158|0x0000000089e00000, 0x0000000089e00000, 0x0000000089f00000|  0%| F|  |TAMS 0x0000000089e00000, 0x0000000089e00000| Untracked 
| 159|0x0000000089f00000, 0x0000000089f00000, 0x000000008a000000|  0%| F|  |TAMS 0x0000000089f00000, 0x0000000089f00000| Untracked 
| 160|0x000000008a000000, 0x000000008a000000, 0x000000008a100000|  0%| F|  |TAMS 0x000000008a000000, 0x000000008a000000| Untracked 
| 161|0x000000008a100000, 0x000000008a100000, 0x000000008a200000|  0%| F|  |TAMS 0x000000008a100000, 0x000000008a100000| Untracked 
| 162|0x000000008a200000, 0x000000008a200000, 0x000000008a300000|  0%| F|  |TAMS 0x000000008a200000, 0x000000008a200000| Untracked 
| 163|0x000000008a300000, 0x000000008a300000, 0x000000008a400000|  0%| F|  |TAMS 0x000000008a300000, 0x000000008a300000| Untracked 
| 164|0x000000008a400000, 0x000000008a400000, 0x000000008a500000|  0%| F|  |TAMS 0x000000008a400000, 0x000000008a400000| Untracked 
| 165|0x000000008a500000, 0x000000008a500000, 0x000000008a600000|  0%| F|  |TAMS 0x000000008a500000, 0x000000008a500000| Untracked 
| 166|0x000000008a600000, 0x000000008a600000, 0x000000008a700000|  0%| F|  |TAMS 0x000000008a600000, 0x000000008a600000| Untracked 
| 167|0x000000008a700000, 0x000000008a76c790, 0x000000008a800000| 42%| E|  |TAMS 0x000000008a700000, 0x000000008a700000| Complete 
| 168|0x000000008a800000, 0x000000008a900000, 0x000000008a900000|100%| E|CS|TAMS 0x000000008a800000, 0x000000008a800000| Complete 
| 169|0x000000008a900000, 0x000000008aa00000, 0x000000008aa00000|100%| E|CS|TAMS 0x000000008a900000, 0x000000008a900000| Complete 
| 170|0x000000008aa00000, 0x000000008ab00000, 0x000000008ab00000|100%| E|CS|TAMS 0x000000008aa00000, 0x000000008aa00000| Complete 
| 171|0x000000008ab00000, 0x000000008ac00000, 0x000000008ac00000|100%| E|CS|TAMS 0x000000008ab00000, 0x000000008ab00000| Complete 
| 172|0x000000008ac00000, 0x000000008ad00000, 0x000000008ad00000|100%| E|CS|TAMS 0x000000008ac00000, 0x000000008ac00000| Complete 
| 173|0x000000008ad00000, 0x000000008adc65a0, 0x000000008ae00000| 77%| S|CS|TAMS 0x000000008ad00000, 0x000000008ad00000| Complete 
| 174|0x000000008ae00000, 0x000000008af00000, 0x000000008af00000|100%| E|CS|TAMS 0x000000008ae00000, 0x000000008ae00000| Complete 
| 175|0x000000008af00000, 0x000000008b000000, 0x000000008b000000|100%| E|CS|TAMS 0x000000008af00000, 0x000000008af00000| Complete 
| 176|0x000000008b000000, 0x000000008b100000, 0x000000008b100000|100%| E|CS|TAMS 0x000000008b000000, 0x000000008b000000| Complete 
| 177|0x000000008b100000, 0x000000008b200000, 0x000000008b200000|100%| E|  |TAMS 0x000000008b100000, 0x000000008b100000| Complete 
| 178|0x000000008b200000, 0x000000008b300000, 0x000000008b300000|100%| E|CS|TAMS 0x000000008b200000, 0x000000008b200000| Complete 
| 179|0x000000008b300000, 0x000000008b400000, 0x000000008b400000|100%| E|CS|TAMS 0x000000008b300000, 0x000000008b300000| Complete 
| 180|0x000000008b400000, 0x000000008b500000, 0x000000008b500000|100%| E|CS|TAMS 0x000000008b400000, 0x000000008b400000| Complete 
| 181|0x000000008b500000, 0x000000008b600000, 0x000000008b600000|100%| E|CS|TAMS 0x000000008b500000, 0x000000008b500000| Complete 
| 182|0x000000008b600000, 0x000000008b700000, 0x000000008b700000|100%| E|CS|TAMS 0x000000008b600000, 0x000000008b600000| Complete 
| 183|0x000000008b700000, 0x000000008b800000, 0x000000008b800000|100%| E|CS|TAMS 0x000000008b700000, 0x000000008b700000| Complete 
| 184|0x000000008b800000, 0x000000008b900000, 0x000000008b900000|100%| E|CS|TAMS 0x000000008b800000, 0x000000008b800000| Complete 
| 185|0x000000008b900000, 0x000000008ba00000, 0x000000008ba00000|100%| E|CS|TAMS 0x000000008b900000, 0x000000008b900000| Complete 
| 186|0x000000008ba00000, 0x000000008bb00000, 0x000000008bb00000|100%| E|CS|TAMS 0x000000008ba00000, 0x000000008ba00000| Complete 
| 187|0x000000008bb00000, 0x000000008bc00000, 0x000000008bc00000|100%| E|CS|TAMS 0x000000008bb00000, 0x000000008bb00000| Complete 
| 188|0x000000008bc00000, 0x000000008bd00000, 0x000000008bd00000|100%| E|CS|TAMS 0x000000008bc00000, 0x000000008bc00000| Complete 
| 189|0x000000008bd00000, 0x000000008be00000, 0x000000008be00000|100%| E|CS|TAMS 0x000000008bd00000, 0x000000008bd00000| Complete 
| 190|0x000000008be00000, 0x000000008bf00000, 0x000000008bf00000|100%| E|CS|TAMS 0x000000008be00000, 0x000000008be00000| Complete 
| 191|0x000000008bf00000, 0x000000008c000000, 0x000000008c000000|100%| E|CS|TAMS 0x000000008bf00000, 0x000000008bf00000| Complete 
| 192|0x000000008c000000, 0x000000008c100000, 0x000000008c100000|100%| E|CS|TAMS 0x000000008c000000, 0x000000008c000000| Complete 
| 193|0x000000008c100000, 0x000000008c200000, 0x000000008c200000|100%| E|CS|TAMS 0x000000008c100000, 0x000000008c100000| Complete 
| 194|0x000000008c200000, 0x000000008c300000, 0x000000008c300000|100%| E|CS|TAMS 0x000000008c200000, 0x000000008c200000| Complete 
| 195|0x000000008c300000, 0x000000008c400000, 0x000000008c400000|100%| E|CS|TAMS 0x000000008c300000, 0x000000008c300000| Complete 
| 196|0x000000008c400000, 0x000000008c500000, 0x000000008c500000|100%| E|CS|TAMS 0x000000008c400000, 0x000000008c400000| Complete 
| 197|0x000000008c500000, 0x000000008c600000, 0x000000008c600000|100%| E|CS|TAMS 0x000000008c500000, 0x000000008c500000| Complete 
| 198|0x000000008c600000, 0x000000008c700000, 0x000000008c700000|100%| E|CS|TAMS 0x000000008c600000, 0x000000008c600000| Complete 
| 199|0x000000008c700000, 0x000000008c800000, 0x000000008c800000|100%| E|CS|TAMS 0x000000008c700000, 0x000000008c700000| Complete 
| 200|0x000000008c800000, 0x000000008c900000, 0x000000008c900000|100%| E|CS|TAMS 0x000000008c800000, 0x000000008c800000| Complete 
| 201|0x000000008c900000, 0x000000008ca00000, 0x000000008ca00000|100%| E|CS|TAMS 0x000000008c900000, 0x000000008c900000| Complete 
| 202|0x000000008ca00000, 0x000000008cb00000, 0x000000008cb00000|100%| E|CS|TAMS 0x000000008ca00000, 0x000000008ca00000| Complete 
| 203|0x000000008cb00000, 0x000000008cc00000, 0x000000008cc00000|100%| E|CS|TAMS 0x000000008cb00000, 0x000000008cb00000| Complete 
| 204|0x000000008cc00000, 0x000000008cd00000, 0x000000008cd00000|100%| E|CS|TAMS 0x000000008cc00000, 0x000000008cc00000| Complete 
| 205|0x000000008cd00000, 0x000000008ce00000, 0x000000008ce00000|100%| E|CS|TAMS 0x000000008cd00000, 0x000000008cd00000| Complete 
| 206|0x000000008ce00000, 0x000000008cf00000, 0x000000008cf00000|100%| E|CS|TAMS 0x000000008ce00000, 0x000000008ce00000| Complete 
| 207|0x000000008cf00000, 0x000000008d000000, 0x000000008d000000|100%| E|CS|TAMS 0x000000008cf00000, 0x000000008cf00000| Complete 
| 208|0x000000008d000000, 0x000000008d100000, 0x000000008d100000|100%| E|CS|TAMS 0x000000008d000000, 0x000000008d000000| Complete 
| 209|0x000000008d100000, 0x000000008d200000, 0x000000008d200000|100%| E|CS|TAMS 0x000000008d100000, 0x000000008d100000| Complete 
| 210|0x000000008d200000, 0x000000008d300000, 0x000000008d300000|100%| E|CS|TAMS 0x000000008d200000, 0x000000008d200000| Complete 
| 211|0x000000008d300000, 0x000000008d400000, 0x000000008d400000|100%| E|CS|TAMS 0x000000008d300000, 0x000000008d300000| Complete 
| 212|0x000000008d400000, 0x000000008d500000, 0x000000008d500000|100%| E|CS|TAMS 0x000000008d400000, 0x000000008d400000| Complete 
| 213|0x000000008d500000, 0x000000008d600000, 0x000000008d600000|100%| E|CS|TAMS 0x000000008d500000, 0x000000008d500000| Complete 
| 214|0x000000008d600000, 0x000000008d700000, 0x000000008d700000|100%| E|CS|TAMS 0x000000008d600000, 0x000000008d600000| Complete 
| 215|0x000000008d700000, 0x000000008d800000, 0x000000008d800000|100%| E|CS|TAMS 0x000000008d700000, 0x000000008d700000| Complete 

Card table byte_map: [0x000002eab30e0000,0x000002eab34e0000] _byte_map_base: 0x000002eab2ce0000

Marking Bits (Prev, Next): (CMBitMap*) 0x000002ea9a35a050, (CMBitMap*) 0x000002ea9a35a090
 Prev Bits: [0x000002eab38e0000, 0x000002eab58e0000)
 Next Bits: [0x000002eab58e0000, 0x000002eab78e0000)

Polling page: 0x000002ea9a400000

Metaspace:

Usage:
  Non-class:     69.46 MB used.
      Class:     10.66 MB used.
       Both:     80.12 MB used.

Virtual space:
  Non-class space:       72.00 MB reserved,      69.75 MB ( 97%) committed,  9 nodes.
      Class space:        1.00 GB reserved,      10.94 MB (  1%) committed,  1 nodes.
              Both:        1.07 GB reserved,      80.69 MB (  7%) committed. 

Chunk freelists:
   Non-Class:  2.20 MB
       Class:  960.00 KB
        Both:  3.14 MB

MaxMetaspaceSize: 17179869184.00 GB
CompressedClassSpaceSize: 1.00 GB
 - commit_granule_bytes: 65536.
 - commit_granule_words: 8192.
 - virtual_space_node_default_size: 1048576.
 - enlarge_chunks_in_place: 1.
 - new_chunks_are_fully_committed: 0.
 - uncommit_free_chunks: 1.
 - use_allocation_guard: 0.
 - handle_deallocations: 1.


Internal statistics:

num_allocs_failed_limit: 6.
num_arena_births: 772.
num_arena_deaths: 14.
num_vsnodes_births: 10.
num_vsnodes_deaths: 0.
num_space_committed: 1291.
num_space_uncommitted: 0.
num_chunks_returned_to_freelist: 25.
num_chunks_taken_from_freelist: 4085.
num_chunk_merges: 14.
num_chunk_splits: 2704.
num_chunks_enlarged: 1838.
num_purges: 2.

CodeHeap 'non-profiled nmethods': size=120000Kb used=6007Kb max_used=6007Kb free=113992Kb
 bounds [0x000002eaaad40000, 0x000002eaab320000, 0x000002eab2270000]
CodeHeap 'profiled nmethods': size=120000Kb used=18902Kb max_used=18902Kb free=101097Kb
 bounds [0x000002eaa3810000, 0x000002eaa4a90000, 0x000002eaaad40000]
CodeHeap 'non-nmethods': size=5760Kb used=2419Kb max_used=2480Kb free=3340Kb
 bounds [0x000002eaa3270000, 0x000002eaa34f0000, 0x000002eaa3810000]
 total_blobs=10606 nmethods=9673 adapters=845
 compilation: enabled
              stopped_count=0, restarted_count=0
 full_count=0

Compilation events (20 events):
Event: 12.054 Thread 0x000002eaba36b2e0 nmethod 10899 0x000002eaab30b410 code [0x000002eaab30b900, 0x000002eaab312838]
Event: 12.055 Thread 0x000002eaba36b2e0 11246       4       java.util.TimSort::binarySort (223 bytes)
Event: 12.066 Thread 0x000002eaba36b2e0 nmethod 11246 0x000002eaab315f10 code [0x000002eaab3160c0, 0x000002eaab316af8]
Event: 12.066 Thread 0x000002eaba36b2e0 11276       4       com.google.common.base.CharMatcher::indexIn (48 bytes)
Event: 12.077 Thread 0x000002eaba36b2e0 nmethod 11276 0x000002eaab316e90 code [0x000002eaab317040, 0x000002eaab3174f8]
Event: 12.077 Thread 0x000002eaba36b2e0 11223       4       org.gradle.internal.snapshot.ChildMapFactory::childMapFromSorted (84 bytes)
Event: 12.082 Thread 0x000002eaba36b2e0 nmethod 11223 0x000002eaab317810 code [0x000002eaab3179c0, 0x000002eaab317d58]
Event: 12.082 Thread 0x000002eaba36b2e0 11243       4       java.security.MessageDigest$Delegate::engineDigest (8 bytes)
Event: 12.084 Thread 0x000002eaba36b2e0 nmethod 11243 0x000002eaab318010 code [0x000002eaab3181c0, 0x000002eaab3183a8]
Event: 12.084 Thread 0x000002eaba36b2e0 11219       4       java.util.concurrent.ConcurrentHashMap::containsKey (14 bytes)
Event: 12.086 Thread 0x000002eabb5cf8b0 nmethod 11221 0x000002eaab318590 code [0x000002eaab318840, 0x000002eaab31a538]
Event: 12.087 Thread 0x000002eabb5cf8b0 11214       4       java.math.BigInteger::<init> (93 bytes)
Event: 12.090 Thread 0x000002eaba36b2e0 nmethod 11219 0x000002eaab31b610 code [0x000002eaab31b7c0, 0x000002eaab31bab8]
Event: 12.090 Thread 0x000002eaba36b2e0 11224       4       org.gradle.internal.snapshot.AbstractFileSystemLocationSnapshot::asFileSystemNode (2 bytes)
Event: 12.090 Thread 0x000002eaba36b2e0 nmethod 11224 0x000002eaab31bd90 code [0x000002eaab31bf00, 0x000002eaab31bf78]
Event: 12.090 Thread 0x000002eaba36b2e0 11226       4       com.google.common.util.concurrent.Striped$CompactStriped::getAt (7 bytes)
Event: 12.091 Thread 0x000002eaba36b2e0 nmethod 11226 0x000002eaab31c090 code [0x000002eaab31c220, 0x000002eaab31c2d8]
Event: 12.091 Thread 0x000002eaba36b2e0 11245       4       org.gradle.api.internal.artifacts.ivyservice.resolveengine.artifact.EndCollection::startFinalization (1 bytes)
Event: 12.091 Thread 0x000002eaba36b2e0 nmethod 11245 0x000002eaab31c390 code [0x000002eaab31c500, 0x000002eaab31c578]
Event: 12.107 Thread 0x000002eabb5cf8b0 nmethod 11214 0x000002eaab31c690 code [0x000002eaab31c860, 0x000002eaab31d6b8]

GC Heap History (20 events):
Event: 8.676 GC heap before
{Heap before GC invocations=32 (full 0):
 garbage-first heap   total 106496K, used 86117K [0x0000000080000000, 0x0000000100000000)
  region size 1024K, 30 young (30720K), 4 survivors (4096K)
 Metaspace       used 68602K, committed 69184K, reserved 1114112K
  class space    used 9267K, committed 9536K, reserved 1048576K
}
Event: 8.681 GC heap after
{Heap after GC invocations=33 (full 0):
 garbage-first heap   total 128000K, used 61503K [0x0000000080000000, 0x0000000100000000)
  region size 1024K, 4 young (4096K), 4 survivors (4096K)
 Metaspace       used 68602K, committed 69184K, reserved 1114112K
  class space    used 9267K, committed 9536K, reserved 1048576K
}
Event: 9.344 GC heap before
{Heap before GC invocations=34 (full 0):
 garbage-first heap   total 128000K, used 101439K [0x0000000080000000, 0x0000000100000000)
  region size 1024K, 44 young (45056K), 4 survivors (4096K)
 Metaspace       used 72833K, committed 73344K, reserved 1114112K
  class space    used 9803K, committed 10048K, reserved 1048576K
}
Event: 9.350 GC heap after
{Heap after GC invocations=35 (full 0):
 garbage-first heap   total 128000K, used 66364K [0x0000000080000000, 0x0000000100000000)
  region size 1024K, 6 young (6144K), 6 survivors (6144K)
 Metaspace       used 72833K, committed 73344K, reserved 1114112K
  class space    used 9803K, committed 10048K, reserved 1048576K
}
Event: 9.598 GC heap before
{Heap before GC invocations=35 (full 0):
 garbage-first heap   total 128000K, used 101180K [0x0000000080000000, 0x0000000100000000)
  region size 1024K, 41 young (41984K), 6 survivors (6144K)
 Metaspace       used 73586K, committed 74112K, reserved 1114112K
  class space    used 9946K, committed 10176K, reserved 1048576K
}
Event: 9.605 GC heap after
{Heap after GC invocations=36 (full 0):
 garbage-first heap   total 128000K, used 69258K [0x0000000080000000, 0x0000000100000000)
  region size 1024K, 3 young (3072K), 3 survivors (3072K)
 Metaspace       used 73586K, committed 74112K, reserved 1114112K
  class space    used 9946K, committed 10176K, reserved 1048576K
}
Event: 9.895 GC heap before
{Heap before GC invocations=37 (full 0):
 garbage-first heap   total 128000K, used 92810K [0x0000000080000000, 0x0000000100000000)
  region size 1024K, 28 young (28672K), 3 survivors (3072K)
 Metaspace       used 74225K, committed 74752K, reserved 1114112K
  class space    used 10034K, committed 10304K, reserved 1048576K
}
Event: 9.898 GC heap after
{Heap after GC invocations=38 (full 0):
 garbage-first heap   total 128000K, used 70457K [0x0000000080000000, 0x0000000100000000)
  region size 1024K, 4 young (4096K), 4 survivors (4096K)
 Metaspace       used 74225K, committed 74752K, reserved 1114112K
  class space    used 10034K, committed 10304K, reserved 1048576K
}
Event: 10.452 GC heap before
{Heap before GC invocations=39 (full 0):
 garbage-first heap   total 128000K, used 105273K [0x0000000080000000, 0x0000000100000000)
  region size 1024K, 37 young (37888K), 4 survivors (4096K)
 Metaspace       used 75443K, committed 75968K, reserved 1122304K
  class space    used 10166K, committed 10432K, reserved 1048576K
}
Event: 10.463 GC heap after
{Heap after GC invocations=40 (full 0):
 garbage-first heap   total 128000K, used 84079K [0x0000000080000000, 0x0000000100000000)
  region size 1024K, 5 young (5120K), 5 survivors (5120K)
 Metaspace       used 75443K, committed 75968K, reserved 1122304K
  class space    used 10166K, committed 10432K, reserved 1048576K
}
Event: 10.551 GC heap before
{Heap before GC invocations=40 (full 0):
 garbage-first heap   total 128000K, used 90223K [0x0000000080000000, 0x0000000100000000)
  region size 1024K, 13 young (13312K), 5 survivors (5120K)
 Metaspace       used 75470K, committed 76032K, reserved 1122304K
  class space    used 10166K, committed 10432K, reserved 1048576K
}
Event: 10.560 GC heap after
{Heap after GC invocations=41 (full 0):
 garbage-first heap   total 128000K, used 91452K [0x0000000080000000, 0x0000000100000000)
  region size 1024K, 3 young (3072K), 3 survivors (3072K)
 Metaspace       used 75470K, committed 76032K, reserved 1122304K
  class space    used 10166K, committed 10432K, reserved 1048576K
}
Event: 10.829 GC heap before
{Heap before GC invocations=42 (full 0):
 garbage-first heap   total 184320K, used 115004K [0x0000000080000000, 0x0000000100000000)
  region size 1024K, 12 young (12288K), 3 survivors (3072K)
 Metaspace       used 76571K, committed 77120K, reserved 1122304K
  class space    used 10296K, committed 10560K, reserved 1048576K
}
Event: 10.835 GC heap after
{Heap after GC invocations=43 (full 0):
 garbage-first heap   total 184320K, used 92004K [0x0000000080000000, 0x0000000100000000)
  region size 1024K, 1 young (1024K), 1 survivors (1024K)
 Metaspace       used 76571K, committed 77120K, reserved 1122304K
  class space    used 10296K, committed 10560K, reserved 1048576K
}
Event: 11.224 GC heap before
{Heap before GC invocations=43 (full 0):
 garbage-first heap   total 184320K, used 124772K [0x0000000080000000, 0x0000000100000000)
  region size 1024K, 34 young (34816K), 1 survivors (1024K)
 Metaspace       used 78833K, committed 79424K, reserved 1122304K
  class space    used 10521K, committed 10816K, reserved 1048576K
}
Event: 11.228 GC heap after
{Heap after GC invocations=44 (full 0):
 garbage-first heap   total 184320K, used 94518K [0x0000000080000000, 0x0000000100000000)
  region size 1024K, 3 young (3072K), 3 survivors (3072K)
 Metaspace       used 78833K, committed 79424K, reserved 1122304K
  class space    used 10521K, committed 10816K, reserved 1048576K
}
Event: 11.640 GC heap before
{Heap before GC invocations=45 (full 0):
 garbage-first heap   total 184320K, used 129123K [0x0000000080000000, 0x0000000100000000)
  region size 1024K, 38 young (38912K), 3 survivors (3072K)
 Metaspace       used 79531K, committed 80128K, reserved 1122304K
  class space    used 10586K, committed 10880K, reserved 1048576K
}
Event: 11.646 GC heap after
{Heap after GC invocations=46 (full 0):
 garbage-first heap   total 184320K, used 96563K [0x0000000080000000, 0x0000000100000000)
  region size 1024K, 3 young (3072K), 3 survivors (3072K)
 Metaspace       used 79531K, committed 80128K, reserved 1122304K
  class space    used 10586K, committed 10880K, reserved 1048576K
}
Event: 11.709 GC heap before
{Heap before GC invocations=46 (full 0):
 garbage-first heap   total 184320K, used 101683K [0x0000000080000000, 0x0000000100000000)
  region size 1024K, 9 young (9216K), 3 survivors (3072K)
 Metaspace       used 79859K, committed 80512K, reserved 1122304K
  class space    used 10632K, committed 10944K, reserved 1048576K
}
Event: 11.717 GC heap after
{Heap after GC invocations=47 (full 0):
 garbage-first heap   total 221184K, used 84161K [0x0000000080000000, 0x0000000100000000)
  region size 1024K, 1 young (1024K), 1 survivors (1024K)
 Metaspace       used 79859K, committed 80512K, reserved 1122304K
  class space    used 10632K, committed 10944K, reserved 1048576K
}

Deoptimization events (20 events):
Event: 11.932 Thread 0x000002eabe99e670 Uncommon trap: trap_request=0xffffffd6 fr.pc=0x000002eaab306964 relative=0x00000000000025e4
Event: 11.932 Thread 0x000002eabe99e670 Uncommon trap: reason=array_check action=maybe_recompile pc=0x000002eaab306964 method=java.util.TimSort.reverseRange([Ljava/lang/Object;II)V @ 20 c2
Event: 11.932 Thread 0x000002eabe99e670 DEOPT PACKING pc=0x000002eaab306964 sp=0x000000ebac5fc7c0
Event: 11.932 Thread 0x000002eabe99e670 DEOPT UNPACKING pc=0x000002eaa32bf92e sp=0x000000ebac5fc698 mode 2
Event: 11.932 Thread 0x000002eac0712db0 Uncommon trap: trap_request=0xffffffd6 fr.pc=0x000002eaab306964 relative=0x00000000000025e4
Event: 11.932 Thread 0x000002eabe99fbb0 Uncommon trap: trap_request=0xffffffd6 fr.pc=0x000002eaab306964 relative=0x00000000000025e4
Event: 11.932 Thread 0x000002eac0712db0 Uncommon trap: reason=array_check action=maybe_recompile pc=0x000002eaab306964 method=java.util.TimSort.reverseRange([Ljava/lang/Object;II)V @ 20 c2
Event: 11.932 Thread 0x000002eac070fde0 Uncommon trap: trap_request=0xffffffd6 fr.pc=0x000002eaab306964 relative=0x00000000000025e4
Event: 11.932 Thread 0x000002eabe99fbb0 Uncommon trap: reason=array_check action=maybe_recompile pc=0x000002eaab306964 method=java.util.TimSort.reverseRange([Ljava/lang/Object;II)V @ 20 c2
Event: 11.932 Thread 0x000002eac070fde0 Uncommon trap: reason=array_check action=maybe_recompile pc=0x000002eaab306964 method=java.util.TimSort.reverseRange([Ljava/lang/Object;II)V @ 20 c2
Event: 11.932 Thread 0x000002eac0712db0 DEOPT PACKING pc=0x000002eaab306964 sp=0x000000ebaddfc820
Event: 11.933 Thread 0x000002eabe99fbb0 DEOPT PACKING pc=0x000002eaab306964 sp=0x000000ebab6fc3e0
Event: 11.933 Thread 0x000002eac0712db0 DEOPT UNPACKING pc=0x000002eaa32bf92e sp=0x000000ebaddfc6f8 mode 2
Event: 11.933 Thread 0x000002eabe99fbb0 DEOPT UNPACKING pc=0x000002eaa32bf92e sp=0x000000ebab6fc2b8 mode 2
Event: 11.933 Thread 0x000002eac070fde0 DEOPT PACKING pc=0x000002eaab306964 sp=0x000000ebaccfd6f0
Event: 11.933 Thread 0x000002eac070fde0 DEOPT UNPACKING pc=0x000002eaa32bf92e sp=0x000000ebaccfd5c8 mode 2
Event: 12.035 Thread 0x000002eabe218ab0 Uncommon trap: trap_request=0xffffffd6 fr.pc=0x000002eaab2e6994 relative=0x0000000000000974
Event: 12.035 Thread 0x000002eabe218ab0 Uncommon trap: reason=array_check action=maybe_recompile pc=0x000002eaab2e6994 method=com.google.common.collect.RegularImmutableMap.fromEntryArray(I[Ljava/util/Map$Entry;)Lcom/google/common/collect/ImmutableMap; @ 157 c2
Event: 12.035 Thread 0x000002eabe218ab0 DEOPT PACKING pc=0x000002eaab2e6994 sp=0x000000ebb00fb840
Event: 12.036 Thread 0x000002eabe218ab0 DEOPT UNPACKING pc=0x000002eaa32bf92e sp=0x000000ebb00fb7e0 mode 2

Classes unloaded (7 events):
Event: 10.645 Thread 0x000002eaba349590 Unloading class 0x0000000801611c00 'java/lang/invoke/LambdaForm$DMH+0x0000000801611c00'
Event: 10.645 Thread 0x000002eaba349590 Unloading class 0x0000000801611800 'java/lang/invoke/LambdaForm$DMH+0x0000000801611800'
Event: 10.645 Thread 0x000002eaba349590 Unloading class 0x0000000801611000 'java/lang/invoke/LambdaForm$DMH+0x0000000801611000'
Event: 10.645 Thread 0x000002eaba349590 Unloading class 0x0000000801611400 'java/lang/invoke/LambdaForm$DMH+0x0000000801611400'
Event: 10.645 Thread 0x000002eaba349590 Unloading class 0x0000000801610800 'java/lang/invoke/LambdaForm$DMH+0x0000000801610800'
Event: 10.645 Thread 0x000002eaba349590 Unloading class 0x0000000801610c00 'java/lang/invoke/LambdaForm$DMH+0x0000000801610c00'
Event: 10.645 Thread 0x000002eaba349590 Unloading class 0x0000000801610000 'java/lang/invoke/LambdaForm$DMH+0x0000000801610000'

Classes redefined (0 events):
No events

Internal exceptions (20 events):
Event: 9.822 Thread 0x000002eac0712310 Implicit null exception at 0x000002eaab23d1db to 0x000002eaab23d270
Event: 9.868 Thread 0x000002eabe219550 Exception <a 'java/lang/NoSuchMethodError'{0x000000008655abd8}: 'void java.lang.invoke.DirectMethodHandle$Holder.invokeVirtual(java.lang.Object, java.lang.Object)'> (0x000000008655abd8) 
thrown [t:\workspace\open\src\hotspot\share\interpreter\linkResolver.cpp, line 790]
Event: 10.050 Thread 0x000002eabe219550 Implicit null exception at 0x000002eaab0a38e4 to 0x000002eaab0a3ab0
Event: 10.715 Thread 0x000002eabe219550 Exception <a 'java/lang/NoSuchMethodError'{0x000000008b3a1470}: static Lcom/android/ide/common/resources/CompileResourceRequest;.<clinit>()V> (0x000000008b3a1470) 
thrown [t:\workspace\open\src\hotspot\share\prims\jni.cpp, line 1210]
Event: 10.723 Thread 0x000002eabe219550 Exception <a 'java/lang/NoSuchMethodError'{0x000000008b202988}: static [Ljava/lang/Object;.<clinit>()V> (0x000000008b202988) 
thrown [t:\workspace\open\src\hotspot\share\prims\jni.cpp, line 1210]
Event: 10.725 Thread 0x000002eabe219550 Exception <a 'java/lang/NoSuchMethodError'{0x000000008b2219f0}: static Lkotlin/InitializedLazyImpl;.<clinit>()V> (0x000000008b2219f0) 
thrown [t:\workspace\open\src\hotspot\share\prims\jni.cpp, line 1210]
Event: 10.802 Thread 0x000002eabe218ab0 Implicit null exception at 0x000002eaab079552 to 0x000002eaab07b750
Event: 11.056 Thread 0x000002eac0712db0 Implicit null exception at 0x000002eaab0a1160 to 0x000002eaab0a18d8
Event: 11.057 Thread 0x000002eac0711320 Implicit null exception at 0x000002eaab0a1160 to 0x000002eaab0a18d8
Event: 11.182 Thread 0x000002eabe218010 Exception <a 'java/lang/NoSuchMethodError'{0x00000000893608d0}: static Lcom/android/build/gradle/internal/scope/InternalArtifactType;.<clinit>()V> (0x00000000893608d0) 
thrown [t:\workspace\open\src\hotspot\share\prims\jni.cpp, line 1210]
Event: 11.182 Thread 0x000002eabe218010 Exception <a 'java/lang/NoSuchMethodError'{0x0000000089362158}: static Lcom/android/build/gradle/internal/scope/InternalArtifactType;.<clinit>()V> (0x0000000089362158) 
thrown [t:\workspace\open\src\hotspot\share\prims\jni.cpp, line 1210]
Event: 11.182 Thread 0x000002eabe218010 Exception <a 'java/lang/NoSuchMethodError'{0x0000000089364d98}: static Lcom/android/build/api/artifact/Artifact$Single;.<clinit>()V> (0x0000000089364d98) 
thrown [t:\workspace\open\src\hotspot\share\prims\jni.cpp, line 1210]
Event: 11.182 Thread 0x000002eabe218010 Exception <a 'java/lang/NoSuchMethodError'{0x0000000089367610}: static Ljava/lang/Object;.<clinit>()V> (0x0000000089367610) 
thrown [t:\workspace\open\src\hotspot\share\prims\jni.cpp, line 1210]
Event: 11.183 Thread 0x000002eabe218010 Exception <a 'java/lang/NoSuchMethodError'{0x000000008937cfe8}: static Lcom/android/build/api/artifact/ArtifactKind;.<clinit>()V> (0x000000008937cfe8) 
thrown [t:\workspace\open\src\hotspot\share\prims\jni.cpp, line 1210]
Event: 11.183 Thread 0x000002eabe218010 Exception <a 'java/lang/NoSuchMethodError'{0x000000008937e260}: static Lcom/android/build/api/artifact/ArtifactKind;.<clinit>()V> (0x000000008937e260) 
thrown [t:\workspace\open\src\hotspot\share\prims\jni.cpp, line 1210]
Event: 11.541 Thread 0x000002eabe218010 Exception <a 'java/lang/NoSuchMethodError'{0x0000000089afafc0}: static Lcom/android/builder/internal/aapt/AaptOptions;.<clinit>()V> (0x0000000089afafc0) 
thrown [t:\workspace\open\src\hotspot\share\prims\jni.cpp, line 1210]
Event: 11.544 Thread 0x000002eabe218010 Exception <a 'java/lang/NoSuchMethodError'{0x000000008991c438}: static Ljava/lang/Object;.<clinit>()V> (0x000000008991c438) 
thrown [t:\workspace\open\src\hotspot\share\prims\jni.cpp, line 1210]
Event: 11.546 Thread 0x000002eabe218010 Exception <a 'java/lang/NoSuchMethodError'{0x000000008993bff0}: static Lcom/android/build/api/variant/impl/VariantOutputImpl$SerializedForm;.<clinit>()V> (0x000000008993bff0) 
thrown [t:\workspace\open\src\hotspot\share\prims\jni.cpp, line 1210]
Event: 11.547 Thread 0x000002eabe218010 Exception <a 'java/lang/NoSuchMethodError'{0x000000008994e7f0}: static Lcom/android/build/api/variant/impl/VariantOutputConfigurationImpl;.<clinit>()V> (0x000000008994e7f0) 
thrown [t:\workspace\open\src\hotspot\share\prims\jni.cpp, line 1210]
Event: 11.688 Thread 0x000002eabe218ab0 Exception <a 'java/lang/NoSuchMethodError'{0x000000008b0ff9c0}: 'int java.lang.invoke.DirectMethodHandle$Holder.invokeSpecial(java.lang.Object, java.lang.Object, java.lang.Object, java.lang.Object, java.lang.Object)'> (0x000000008b0ff9c0) 
thrown [t:\workspace\open\src\hotspot\share\interpreter\linkResolver.cpp, line 790]

Events (20 events):
Event: 11.298 loading class java/util/concurrent/LinkedBlockingDeque$Itr done
Event: 11.314 Executing  VM operation: G1Concurrent
Event: 11.317 Executing  VM operation: G1Concurrent done
Event: 11.365 Executing  VM operation: G1Concurrent
Event: 11.365 Executing  VM operation: G1Concurrent done
Event: 11.492 Executing  VM operation: ICBufferFull
Event: 11.492 Executing  VM operation: ICBufferFull done
Event: 11.500 Executing  VM operation: ICBufferFull
Event: 11.501 Executing  VM operation: ICBufferFull done
Event: 11.549 Thread 0x000002eac13fa950 Thread added: 0x000002eac13fa950
Event: 11.573 loading class jdk/internal/reflect/UnsafeQualifiedIntegerFieldAccessorImpl
Event: 11.573 loading class jdk/internal/reflect/UnsafeQualifiedIntegerFieldAccessorImpl done
Event: 11.640 Executing  VM operation: G1CollectForAllocation
Event: 11.648 Executing  VM operation: G1CollectForAllocation done
Event: 11.685 Executing  VM operation: HandshakeAllThreads
Event: 11.685 Executing  VM operation: HandshakeAllThreads done
Event: 11.709 Executing  VM operation: G1CollectForAllocation
Event: 11.719 Executing  VM operation: G1CollectForAllocation done
Event: 11.963 Executing  VM operation: ICBufferFull
Event: 11.963 Executing  VM operation: ICBufferFull done


Dynamic libraries:
0x00007ff634a40000 - 0x00007ff634a50000 	C:\Program Files\Java\jdk-16.0.2\bin\java.exe
0x00007ff82ff50000 - 0x00007ff830148000 	C:\WINDOWS\SYSTEM32\ntdll.dll
0x00007ff82fdf0000 - 0x00007ff82fead000 	C:\WINDOWS\System32\KERNEL32.DLL
0x00007ff82d7d0000 - 0x00007ff82da9e000 	C:\WINDOWS\System32\KERNELBASE.dll
0x00007ff82daa0000 - 0x00007ff82dba0000 	C:\WINDOWS\System32\ucrtbase.dll
0x00007ff825130000 - 0x00007ff825148000 	C:\Program Files\Java\jdk-16.0.2\bin\jli.dll
0x00007ff824ff0000 - 0x00007ff825009000 	C:\Program Files\Java\jdk-16.0.2\bin\VCRUNTIME140.dll
0x00007ff82e8b0000 - 0x00007ff82e95e000 	C:\WINDOWS\System32\ADVAPI32.dll
0x00007ff82f6d0000 - 0x00007ff82f76e000 	C:\WINDOWS\System32\msvcrt.dll
0x00007ff82eff0000 - 0x00007ff82f08c000 	C:\WINDOWS\System32\sechost.dll
0x00007ff82f800000 - 0x00007ff82f925000 	C:\WINDOWS\System32\RPCRT4.dll
0x00007ff82f0b0000 - 0x00007ff82f250000 	C:\WINDOWS\System32\USER32.dll
0x00007ff815aa0000 - 0x00007ff815d3a000 	C:\WINDOWS\WinSxS\amd64_microsoft.windows.common-controls_6595b64144ccf1df_6.0.19041.1110_none_60b5254171f9507e\COMCTL32.dll
0x00007ff82dca0000 - 0x00007ff82dcc2000 	C:\WINDOWS\System32\win32u.dll
0x00007ff82f930000 - 0x00007ff82f95a000 	C:\WINDOWS\System32\GDI32.dll
0x00007ff82d670000 - 0x00007ff82d77b000 	C:\WINDOWS\System32\gdi32full.dll
0x00007ff82dd00000 - 0x00007ff82dd9d000 	C:\WINDOWS\System32\msvcp_win.dll
0x00007ff8275b0000 - 0x00007ff8275ba000 	C:\WINDOWS\SYSTEM32\VERSION.dll
0x00007ff82f250000 - 0x00007ff82f280000 	C:\WINDOWS\System32\IMM32.DLL
0x00007ff82a810000 - 0x00007ff82a81c000 	C:\Program Files\Java\jdk-16.0.2\bin\vcruntime140_1.dll
0x00007ff80e150000 - 0x00007ff80e1e1000 	C:\Program Files\Java\jdk-16.0.2\bin\msvcp140.dll
0x00007fffc4d60000 - 0x00007fffc590b000 	C:\Program Files\Java\jdk-16.0.2\bin\server\jvm.dll
0x00007ff82f360000 - 0x00007ff82f368000 	C:\WINDOWS\System32\PSAPI.DLL
0x00007ff8278c0000 - 0x00007ff8278c9000 	C:\WINDOWS\SYSTEM32\WSOCK32.dll
0x00007ff82bca0000 - 0x00007ff82bcc7000 	C:\WINDOWS\SYSTEM32\WINMM.dll
0x00007ff82fcc0000 - 0x00007ff82fd2b000 	C:\WINDOWS\System32\WS2_32.dll
0x00007ff82bf30000 - 0x00007ff82bf42000 	C:\WINDOWS\SYSTEM32\kernel.appcore.dll
0x00007ff828d20000 - 0x00007ff828d2a000 	C:\Program Files\Java\jdk-16.0.2\bin\jimage.dll
0x00007ff82bab0000 - 0x00007ff82bc94000 	C:\WINDOWS\SYSTEM32\DBGHELP.DLL
0x00007ff82ba70000 - 0x00007ff82ba9c000 	C:\WINDOWS\SYSTEM32\dbgcore.DLL
0x00007ff82dc10000 - 0x00007ff82dc92000 	C:\WINDOWS\System32\bcryptPrimitives.dll
0x00007ff824fc0000 - 0x00007ff824fe5000 	C:\Program Files\Java\jdk-16.0.2\bin\java.dll
0x00007ff82e160000 - 0x00007ff82e8a4000 	C:\WINDOWS\System32\SHELL32.dll
0x00007ff82b2d0000 - 0x00007ff82ba64000 	C:\WINDOWS\SYSTEM32\windows.storage.dll
0x00007ff82f960000 - 0x00007ff82fcb4000 	C:\WINDOWS\System32\combase.dll
0x00007ff82d0d0000 - 0x00007ff82d100000 	C:\WINDOWS\SYSTEM32\Wldp.dll
0x00007ff82f540000 - 0x00007ff82f5ed000 	C:\WINDOWS\System32\SHCORE.dll
0x00007ff82fd30000 - 0x00007ff82fd85000 	C:\WINDOWS\System32\shlwapi.dll
0x00007ff82d5b0000 - 0x00007ff82d5cf000 	C:\WINDOWS\SYSTEM32\profapi.dll
0x00007ff824fa0000 - 0x00007ff824fb9000 	C:\Program Files\Java\jdk-16.0.2\bin\net.dll
0x00007ff8189b0000 - 0x00007ff818aba000 	C:\WINDOWS\SYSTEM32\WINHTTP.dll
0x00007ff82ce30000 - 0x00007ff82ce9a000 	C:\WINDOWS\system32\mswsock.dll
0x00007ff824f80000 - 0x00007ff824f93000 	C:\Program Files\Java\jdk-16.0.2\bin\nio.dll
0x00007ff820d40000 - 0x00007ff820d58000 	C:\Program Files\Java\jdk-16.0.2\bin\zip.dll
0x00007ff828bd0000 - 0x00007ff828be0000 	C:\Program Files\Java\jdk-16.0.2\bin\verify.dll
0x00007ff828af0000 - 0x00007ff828b17000 	C:\Users\ITECH\.gradle\native\e1d6ef7f7dcc3fd88c89a11ec53ec762bb8ba0a96d01ffa2cd45eb1d1d8dd5c5\windows-amd64\native-platform.dll
0x00007ff8040c0000 - 0x00007ff804204000 	C:\Users\ITECH\.gradle\native\5664cfc778a61ccfe75a443a1ab52a65af34e5dc3c78e0209fed803814484fcb\windows-amd64\native-platform-file-events.dll
0x00007ff828aa0000 - 0x00007ff828aa9000 	C:\Program Files\Java\jdk-16.0.2\bin\management.dll
0x00007ff827510000 - 0x00007ff82751b000 	C:\Program Files\Java\jdk-16.0.2\bin\management_ext.dll
0x00007ff82d020000 - 0x00007ff82d038000 	C:\WINDOWS\SYSTEM32\CRYPTSP.dll
0x00007ff82c740000 - 0x00007ff82c774000 	C:\WINDOWS\system32\rsaenh.dll
0x00007ff82dcd0000 - 0x00007ff82dcf7000 	C:\WINDOWS\System32\bcrypt.dll
0x00007ff82d570000 - 0x00007ff82d59e000 	C:\WINDOWS\SYSTEM32\USERENV.dll
0x00007ff82d040000 - 0x00007ff82d04c000 	C:\WINDOWS\SYSTEM32\CRYPTBASE.dll
0x00007ff82cad0000 - 0x00007ff82cb0b000 	C:\WINDOWS\SYSTEM32\IPHLPAPI.DLL
0x00007ff82ef80000 - 0x00007ff82ef88000 	C:\WINDOWS\System32\NSI.dll
0x00007ff821920000 - 0x00007ff821937000 	C:\WINDOWS\SYSTEM32\dhcpcsvc6.DLL
0x00007ff822720000 - 0x00007ff82273d000 	C:\WINDOWS\SYSTEM32\dhcpcsvc.DLL
0x00007ff82cb20000 - 0x00007ff82cbea000 	C:\WINDOWS\SYSTEM32\DNSAPI.dll
0x00007ff825120000 - 0x00007ff82512e000 	C:\Program Files\Java\jdk-16.0.2\bin\sunmscapi.dll
0x00007ff82dda0000 - 0x00007ff82def6000 	C:\WINDOWS\System32\CRYPT32.dll
0x00007ff82d140000 - 0x00007ff82d167000 	C:\WINDOWS\SYSTEM32\ncrypt.dll
0x00007ff82d100000 - 0x00007ff82d13b000 	C:\WINDOWS\SYSTEM32\NTASN1.dll
0x00007ff805800000 - 0x00007ff805807000 	C:\WINDOWS\system32\wshunix.dll
0x00007ff82c370000 - 0x00007ff82c3a3000 	C:\WINDOWS\SYSTEM32\ntmarta.dll

dbghelp: loaded successfully - version: 4.0.5 - missing functions: none
symbol engine: initialized successfully - sym options: 0x614 - pdb path: .;C:\Program Files\Java\jdk-16.0.2\bin;C:\WINDOWS\SYSTEM32;C:\WINDOWS\WinSxS\amd64_microsoft.windows.common-controls_6595b64144ccf1df_6.0.19041.1110_none_60b5254171f9507e;C:\Program Files\Java\jdk-16.0.2\bin\server;C:\Users\ITECH\.gradle\native\e1d6ef7f7dcc3fd88c89a11ec53ec762bb8ba0a96d01ffa2cd45eb1d1d8dd5c5\windows-amd64;C:\Users\ITECH\.gradle\native\5664cfc778a61ccfe75a443a1ab52a65af34e5dc3c78e0209fed803814484fcb\windows-amd64

VM Arguments:
jvm_args: --add-opens=java.base/java.util=ALL-UNNAMED --add-opens=java.base/java.lang=ALL-UNNAMED --add-opens=java.base/java.lang.invoke=ALL-UNNAMED --add-opens=java.base/java.util=ALL-UNNAMED --add-opens=java.prefs/java.util.prefs=ALL-UNNAMED --add-opens=java.prefs/java.util.prefs=ALL-UNNAMED --add-opens=java.base/java.nio.charset=ALL-UNNAMED --add-opens=java.base/java.net=ALL-UNNAMED --add-opens=java.base/java.util.concurrent.atomic=ALL-UNNAMED -Xmx2048m -Dfile.encoding=UTF-8 -Duser.country=US -Duser.language=en -Duser.variant 
java_command: org.gradle.launcher.daemon.bootstrap.GradleDaemon 7.3.3
java_class_path (initial): C:\Users\ITECH\.gradle\wrapper\dists\gradle-7.3.3-bin\6a41zxkdtcxs8rphpq6y0069z\gradle-7.3.3\lib\gradle-launcher-7.3.3.jar
Launcher Type: SUN_STANDARD

[Global flags]
     intx CICompilerCount                          = 4                                         {product} {ergonomic}
     uint ConcGCThreads                            = 2                                         {product} {ergonomic}
     uint G1ConcRefinementThreads                  = 8                                         {product} {ergonomic}
   size_t G1HeapRegionSize                         = 1048576                                   {product} {ergonomic}
    uintx GCDrainStackTargetSize                   = 64                                        {product} {ergonomic}
   size_t InitialHeapSize                          = 132120576                                 {product} {ergonomic}
   size_t MarkStackSize                            = 4194304                                   {product} {ergonomic}
   size_t MaxHeapSize                              = 2147483648                                {product} {command line}
   size_t MaxNewSize                               = 1287651328                                {product} {ergonomic}
   size_t MinHeapDeltaBytes                        = 1048576                                   {product} {ergonomic}
   size_t MinHeapSize                              = 8388608                                   {product} {ergonomic}
    uintx NonNMethodCodeHeapSize                   = 5839372                                {pd product} {ergonomic}
    uintx NonProfiledCodeHeapSize                  = 122909434                              {pd product} {ergonomic}
    uintx ProfiledCodeHeapSize                     = 122909434                              {pd product} {ergonomic}
    uintx ReservedCodeCacheSize                    = 251658240                              {pd product} {ergonomic}
     bool SegmentedCodeCache                       = true                                      {product} {ergonomic}
   size_t SoftMaxHeapSize                          = 2147483648                             {manageable} {ergonomic}
     bool UseCompressedClassPointers               = true                           {product lp64_product} {ergonomic}
     bool UseCompressedOops                        = true                           {product lp64_product} {ergonomic}
     bool UseG1GC                                  = true                                      {product} {ergonomic}
     bool UseLargePagesIndividualAllocation        = false                                  {pd product} {ergonomic}

Logging:
Log output configuration:
 #0: stdout all=warning uptime,level,tags
 #1: stderr all=off uptime,level,tags

Environment Variables:
JAVA_HOME=C:\Program Files\Java\jdk-16.0.2
PATH=C:\Program Files\Python37\Scripts\;C:\Program Files\Python37\;C:\ProgramData\Oracle\Java\javapath;C:\app\ITECH\product\11.2.0\dbhome_1\bin;C:\Program Files\Common Files\Oracle\Java\javapath;C:\Program Files (x86)\Common Files\Oracle\Java\javapath;C:\WINDOWS\system32;C:\WINDOWS;C:\WINDOWS\System32\Wbem;C:\WINDOWS\System32\WindowsPowerShell\v1.0\;C:\WINDOWS\System32\OpenSSH\;C:\Program Files\Microsoft SQL Server\130\Tools\Binn\;C:\Program Files\Microsoft SQL Server\Client SDK\ODBC\170\Tools\Binn\;C:\Program Files\dotnet\;C:\Program Files\nodejs\;C:\Program Files\Java\jdk-16.0.2\bin;C:\Program Files\Git\cmd;C:\Program Files\Java\jdk-16.0.2\bin;
USERNAME=ITECH
OS=Windows_NT
PROCESSOR_IDENTIFIER=Intel64 Family 6 Model 126 Stepping 5, GenuineIntel



---------------  S Y S T E M  ---------------

OS:
 Windows 10 , 64 bit Build 19041 (10.0.19041.1889)
OS uptime: 0 days 1:49 hours

CPU: total 8 (initial active 8) (4 cores per cpu, 2 threads per core) family 6 model 126 stepping 5 microcode 0xb0, cx8, cmov, fxsr, ht, mmx, 3dnowpref, sse, sse2, sse3, ssse3, sse4.1, sse4.2, popcnt, lzcnt, tsc, tscinvbit, avx, avx2, aes, erms, clmul, bmi1, bmi2, adx, avx512f, avx512dq, avx512cd, avx512bw, avx512vl, sha, fma, vzeroupper, avx512_vpopcntdq, avx512_vpclmulqdq, avx512_vaes, avx512_vnni, clflush, clflushopt, avx512_vmbi2, avx512_vmbi

Memory: 4k page, system-wide physical 7959M (829M free)
TotalPageFile size 7959M (AvailPageFile size 11M)
current process WorkingSet (physical memory assigned to process): 462M, peak: 463M
current process commit charge ("private bytes"): 522M, peak: 523M

vm_info: Java HotSpot(TM) 64-Bit Server VM (16.0.2+7-67) for windows-amd64 JRE (16.0.2+7-67), built on Jun  8 2021 23:24:19 by "mach5one" with MS VC++ 16.7 (VS2019)

END.
