#
# There is insufficient memory for the Java Runtime Environment to continue.
# Native memory allocation (malloc) failed to allocate 1012496 bytes for Chunk::new
# Possible reasons:
#   The system is out of physical RAM or swap space
#   The process is running with CompressedOops enabled, and the Java Heap may be blocking the growth of the native heap
# Possible solutions:
#   Reduce memory load on the system
#   Increase physical memory or swap space
#   Check if swap backing store is full
#   Decrease Java heap size (-Xmx/-Xms)
#   Decrease number of Java threads
#   Decrease Java thread stack sizes (-Xss)
#   Set larger code cache with -XX:ReservedCodeCacheSize=
#   JVM is running with Unscaled Compressed Oops mode in which the Java heap is
#     placed in the first 4GB address space. The Java Heap base address is the
#     maximum limit for the native heap growth. Please use -XX:HeapBaseMinAddress
#     to set the Java Heap base and to place the Java Heap above 4GB virtual address.
# This output file may be truncated or incomplete.
#
#  Out of Memory Error (arena.cpp:195), pid=12100, tid=7748
#
# JRE version: Java(TM) SE Runtime Environment (16.0.2+7) (build 16.0.2+7-67)
# Java VM: Java HotSpot(TM) 64-Bit Server VM (16.0.2+7-67, mixed mode, sharing, tiered, compressed oops, compressed class ptrs, g1 gc, windows-amd64)
# No core dump will be written. Minidumps are not enabled by default on client versions of Windows
#

---------------  S U M M A R Y ------------

Command Line: --add-opens=java.base/java.util=ALL-UNNAMED --add-opens=java.base/java.lang=ALL-UNNAMED --add-opens=java.base/java.lang.invoke=ALL-UNNAMED --add-opens=java.base/java.util=ALL-UNNAMED --add-opens=java.prefs/java.util.prefs=ALL-UNNAMED --add-opens=java.prefs/java.util.prefs=ALL-UNNAMED --add-opens=java.base/java.nio.charset=ALL-UNNAMED --add-opens=java.base/java.net=ALL-UNNAMED --add-opens=java.base/java.util.concurrent.atomic=ALL-UNNAMED -Xmx2048m -Dfile.encoding=UTF-8 -Duser.country=US -Duser.language=en -Duser.variant org.gradle.launcher.daemon.bootstrap.GradleDaemon 7.3.3

Host: Intel(R) Core(TM) i7-1065G7 CPU @ 1.30GHz, 8 cores, 7G,  Windows 10 , 64 bit Build 19041 (10.0.19041.1889)
Time: Thu Aug 18 19:17:52 2022 Egypt Standard Time elapsed time: 8.897554 seconds (0d 0h 0m 8s)

---------------  T H R E A D  ---------------

Current thread (0x00000213c8cd8190):  JavaThread "C2 CompilerThread0" daemon [_thread_in_native, id=7748, stack(0x000000f359100000,0x000000f359200000)]


Current CompileTask:
C2:   8897 7716       4       org.gradle.internal.instantiation.generator.AbstractClassGenerator::inspectType (560 bytes)

Stack: [0x000000f359100000,0x000000f359200000]
Native frames: (J=compiled Java code, j=interpreted, Vv=VM code, C=native code)
V  [jvm.dll+0x6681ca]
V  [jvm.dll+0x7c9e69]
V  [jvm.dll+0x7cb61e]
V  [jvm.dll+0x7cbc73]
V  [jvm.dll+0x242c55]
V  [jvm.dll+0xadeba]
V  [jvm.dll+0xae45c]
V  [jvm.dll+0x2a4cdf]
V  [jvm.dll+0x573c29]
V  [jvm.dll+0x21e48e]
V  [jvm.dll+0x21775f]
V  [jvm.dll+0x214ffc]
V  [jvm.dll+0x1a1beb]
V  [jvm.dll+0x225158]
V  [jvm.dll+0x22319c]
V  [jvm.dll+0x77fa62]
V  [jvm.dll+0x7795aa]
V  [jvm.dll+0x667066]
C  [ucrtbase.dll+0x21bb2]
C  [KERNEL32.DLL+0x17034]
C  [ntdll.dll+0x52651]


---------------  P R O C E S S  ---------------

Threads class SMR info:
_java_thread_list=0x00000213cf1f8a70, length=126, elements={
0x00000213a8c82650, 0x00000213c8cbf740, 0x00000213c8cc0250, 0x00000213c8cd0440,
0x00000213c8cd3260, 0x00000213c8cd3b70, 0x00000213c8cd5490, 0x00000213c8cd8190,
0x00000213c8cdd0a0, 0x00000213c8cdfa00, 0x00000213c9914de0, 0x00000213c9915330,
0x00000213c995f770, 0x00000213cb127430, 0x00000213c9917310, 0x00000213c9916dc0,
0x00000213c9914890, 0x00000213c9915880, 0x00000213c9915dd0, 0x00000213c9916320,
0x00000213c9913df0, 0x00000213c9914340, 0x00000213caf45d90, 0x00000213caf47820,
0x00000213caf46830, 0x00000213caf48d60, 0x00000213caf43860, 0x00000213caf492b0,
0x00000213caf42320, 0x00000213caf452f0, 0x00000213caf43310, 0x00000213caf45840,
0x00000213caf42870, 0x00000213caf46d80, 0x00000213caf49d50, 0x00000213caf44300,
0x00000213caf44da0, 0x00000213caf47d70, 0x00000213caf462e0, 0x00000213caf472d0,
0x00000213ce9daaa0, 0x00000213ce9d5050, 0x00000213ce9d45b0, 0x00000213ce9d7030,
0x00000213ce9d7580, 0x00000213ce9da000, 0x00000213ce9d7ad0, 0x00000213ce9d5af0,
0x00000213ce9d35c0, 0x00000213ce9d9010, 0x00000213ce9d8ac0, 0x00000213ce9d9560,
0x00000213ce9d3b10, 0x00000213ce9d8020, 0x00000213ce9d6ae0, 0x00000213ce9da550,
0x00000213ce9d9ab0, 0x00000213ce9d55a0, 0x00000213ce9daff0, 0x00000213ce9d4060,
0x00000213ce9d4b00, 0x00000213ce9d6040, 0x00000213ce9d6590, 0x00000213ce9d8570,
0x00000213cbfe3df0, 0x00000213cbfe28b0, 0x00000213cbfe3350, 0x00000213cbfdf390,
0x00000213cbfe2360, 0x00000213cbfe4340, 0x00000213cbfe4de0, 0x00000213cbfe4890,
0x00000213cbfe5880, 0x00000213cbfe6320, 0x00000213cbfe1e10, 0x00000213cbfe0e20,
0x00000213cbfe08d0, 0x00000213cbfe2e00, 0x00000213cbfe38a0, 0x00000213cbfdfe30,
0x00000213cbfe5330, 0x00000213cbfe5dd0, 0x00000213cbfe6870, 0x00000213cbfdee40,
0x00000213cbfdf8e0, 0x00000213cbfe1370, 0x00000213cbfe0380, 0x00000213cbfe18c0,
0x00000213cb1e9fc0, 0x00000213cb1e8fd0, 0x00000213cb1ed4e0, 0x00000213cb1efa10,
0x00000213cb1eff60, 0x00000213cb1ea510, 0x00000213cb1f04b0, 0x00000213cb1ebfa0,
0x00000213cb1ef4c0, 0x00000213cb1ee4d0, 0x00000213cb1e8a80, 0x00000213cb1eb500,
0x00000213cb1eca40, 0x00000213cb1ec4f0, 0x00000213cb1eef70, 0x00000213cb1eba50,
0x00000213cb1e9520, 0x00000213cb1ecf90, 0x00000213cb1e9a70, 0x00000213cb1eea20,
0x00000213cb1eaa60, 0x00000213cb1eafb0, 0x00000213cb1eda30, 0x00000213cb1edf80,
0x00000213cf5c65f0, 0x00000213cf5c75e0, 0x00000213cf5c5b50, 0x00000213cf5c6b40,
0x00000213cf5ca060, 0x00000213cf5cc040, 0x00000213cf5c9b10, 0x00000213cf5c60a0,
0x00000213cf5cbaf0, 0x00000213cf5cc590, 0x00000213cf5c85d0, 0x00000213cf5c7b30,
0x00000213cf5cb050, 0x00000213cf5c7090
}

Java Threads: ( => current thread )
  0x00000213a8c82650 JavaThread "main" [_thread_blocked, id=11336, stack(0x000000f358400000,0x000000f358500000)]
  0x00000213c8cbf740 JavaThread "Reference Handler" daemon [_thread_blocked, id=12992, stack(0x000000f358b00000,0x000000f358c00000)]
  0x00000213c8cc0250 JavaThread "Finalizer" daemon [_thread_blocked, id=9940, stack(0x000000f358c00000,0x000000f358d00000)]
  0x00000213c8cd0440 JavaThread "Signal Dispatcher" daemon [_thread_blocked, id=11692, stack(0x000000f358d00000,0x000000f358e00000)]
  0x00000213c8cd3260 JavaThread "Attach Listener" daemon [_thread_blocked, id=10116, stack(0x000000f358e00000,0x000000f358f00000)]
  0x00000213c8cd3b70 JavaThread "Service Thread" daemon [_thread_blocked, id=7652, stack(0x000000f358f00000,0x000000f359000000)]
  0x00000213c8cd5490 JavaThread "Monitor Deflation Thread" daemon [_thread_blocked, id=6876, stack(0x000000f359000000,0x000000f359100000)]
=>0x00000213c8cd8190 JavaThread "C2 CompilerThread0" daemon [_thread_in_native, id=7748, stack(0x000000f359100000,0x000000f359200000)]
  0x00000213c8cdd0a0 JavaThread "C1 CompilerThread0" daemon [_thread_in_native, id=2196, stack(0x000000f359200000,0x000000f359300000)]
  0x00000213c8cdfa00 JavaThread "Sweeper thread" daemon [_thread_blocked, id=11484, stack(0x000000f359300000,0x000000f359400000)]
  0x00000213c9914de0 JavaThread "Common-Cleaner" daemon [_thread_blocked, id=9460, stack(0x000000f359400000,0x000000f359500000)]
  0x00000213c9915330 JavaThread "Notification Thread" daemon [_thread_blocked, id=12096, stack(0x000000f359500000,0x000000f359600000)]
  0x00000213c995f770 JavaThread "C2 CompilerThread1" daemon [_thread_in_native, id=10472, stack(0x000000f359700000,0x000000f359800000)]
  0x00000213cb127430 JavaThread "C2 CompilerThread2" daemon [_thread_in_native, id=3464, stack(0x000000f359c00000,0x000000f359d00000)]
  0x00000213c9917310 JavaThread "Daemon health stats" [_thread_blocked, id=6932, stack(0x000000f359d00000,0x000000f359e00000)]
  0x00000213c9916dc0 JavaThread "Incoming local TCP Connector on port 49790" [_thread_in_native, id=4520, stack(0x000000f359e00000,0x000000f359f00000)]
  0x00000213c9914890 JavaThread "Daemon periodic checks" [_thread_blocked, id=8912, stack(0x000000f359f00000,0x000000f35a000000)]
  0x00000213c9915880 JavaThread "Daemon" [_thread_blocked, id=10728, stack(0x000000f35a000000,0x000000f35a100000)]
  0x00000213c9915dd0 JavaThread "Handler for socket connection from /127.0.0.1:49790 to /127.0.0.1:49791" [_thread_in_native, id=1912, stack(0x000000f35a100000,0x000000f35a200000)]
  0x00000213c9916320 JavaThread "Cancel handler" [_thread_blocked, id=2164, stack(0x000000f35a200000,0x000000f35a300000)]
  0x00000213c9913df0 JavaThread "Daemon worker" [_thread_in_Java, id=2752, stack(0x000000f35a300000,0x000000f35a400000)]
  0x00000213c9914340 JavaThread "Asynchronous log dispatcher for DefaultDaemonConnection: socket connection from /127.0.0.1:49790 to /127.0.0.1:49791" [_thread_blocked, id=9756, stack(0x000000f35a400000,0x000000f35a500000)]
  0x00000213caf45d90 JavaThread "Stdin handler" [_thread_blocked, id=10796, stack(0x000000f35a500000,0x000000f35a600000)]
  0x00000213caf47820 JavaThread "Daemon client event forwarder" [_thread_blocked, id=1464, stack(0x000000f35a600000,0x000000f35a700000)]
  0x00000213caf46830 JavaThread "Cache worker for journal cache (C:\Users\ITECH\.gradle\caches\journal-1)" [_thread_blocked, id=1800, stack(0x000000f35a700000,0x000000f35a800000)]
  0x00000213caf48d60 JavaThread "File lock request listener" [_thread_in_native, id=7056, stack(0x000000f35a800000,0x000000f35a900000)]
  0x00000213caf43860 JavaThread "Cache worker for file hash cache (C:\Users\ITECH\.gradle\caches\7.3.3\fileHashes)" [_thread_blocked, id=11980, stack(0x000000f35a900000,0x000000f35aa00000)]
  0x00000213caf492b0 JavaThread "Cache worker for file hash cache (C:\Users\ITECH\AndroidStudioProjects\yummy\.gradle\7.3.3\fileHashes)" [_thread_blocked, id=3884, stack(0x000000f35ad00000,0x000000f35ae00000)]
  0x00000213caf42320 JavaThread "File watcher server" daemon [_thread_in_native, id=9492, stack(0x000000f35ae00000,0x000000f35af00000)]
  0x00000213caf452f0 JavaThread "File watcher consumer" daemon [_thread_blocked, id=9648, stack(0x000000f35af00000,0x000000f35b000000)]
  0x00000213caf43310 JavaThread "Cache worker for checksums cache (C:\Users\ITECH\AndroidStudioProjects\yummy\.gradle\7.3.3\checksums)" [_thread_blocked, id=13172, stack(0x000000f35b000000,0x000000f35b100000)]
  0x00000213caf45840 JavaThread "Cache worker for cache directory md-supplier (C:\Users\ITECH\.gradle\caches\7.3.3\md-supplier)" [_thread_blocked, id=11812, stack(0x000000f35b100000,0x000000f35b200000)]
  0x00000213caf42870 JavaThread "Cache worker for cache directory md-rule (C:\Users\ITECH\.gradle\caches\7.3.3\md-rule)" [_thread_blocked, id=11720, stack(0x000000f35b200000,0x000000f35b300000)]
  0x00000213caf46d80 JavaThread "Cache worker for execution history cache (C:\Users\ITECH\.gradle\caches\7.3.3\executionHistory)" [_thread_blocked, id=11688, stack(0x000000f35b400000,0x000000f35b500000)]
  0x00000213caf49d50 JavaThread "jar transforms" [_thread_blocked, id=8856, stack(0x000000f35b500000,0x000000f35b600000)]
  0x00000213caf44300 JavaThread "Cache worker for file content cache (C:\Users\ITECH\.gradle\caches\7.3.3\fileContent)" [_thread_blocked, id=12456, stack(0x000000f35b600000,0x000000f35b700000)]
  0x00000213caf44da0 JavaThread "jar transforms Thread 2" [_thread_blocked, id=10336, stack(0x000000f35b700000,0x000000f35b800000)]
  0x00000213caf47d70 JavaThread "Cache worker for dependencies-accessors (C:\Users\ITECH\AndroidStudioProjects\yummy\.gradle\7.3.3\dependencies-accessors)" [_thread_blocked, id=4000, stack(0x000000f35b800000,0x000000f35b900000)]
  0x00000213caf462e0 JavaThread "jar transforms Thread 3" [_thread_blocked, id=1508, stack(0x000000f35b900000,0x000000f35ba00000)]
  0x00000213caf472d0 JavaThread "Cache worker for Build Output Cleanup Cache (C:\Users\ITECH\AndroidStudioProjects\yummy\.gradle\buildOutputCleanup)" [_thread_blocked, id=13208, stack(0x000000f35ba00000,0x000000f35bb00000)]
  0x00000213ce9daaa0 JavaThread "Unconstrained build operations" [_thread_blocked, id=2968, stack(0x000000f35bb00000,0x000000f35bc00000)]
  0x00000213ce9d5050 JavaThread "Unconstrained build operations Thread 2" [_thread_blocked, id=7724, stack(0x000000f35bc00000,0x000000f35bd00000)]
  0x00000213ce9d45b0 JavaThread "Unconstrained build operations Thread 3" [_thread_blocked, id=9952, stack(0x000000f35bd00000,0x000000f35be00000)]
  0x00000213ce9d7030 JavaThread "Unconstrained build operations Thread 4" [_thread_blocked, id=5712, stack(0x000000f35be00000,0x000000f35bf00000)]
  0x00000213ce9d7580 JavaThread "Unconstrained build operations Thread 5" [_thread_blocked, id=6884, stack(0x000000f35bf00000,0x000000f35c000000)]
  0x00000213ce9da000 JavaThread "Unconstrained build operations Thread 6" [_thread_blocked, id=9040, stack(0x000000f35c000000,0x000000f35c100000)]
  0x00000213ce9d7ad0 JavaThread "Unconstrained build operations Thread 7" [_thread_blocked, id=9660, stack(0x000000f35c100000,0x000000f35c200000)]
  0x00000213ce9d5af0 JavaThread "Unconstrained build operations Thread 8" [_thread_blocked, id=5024, stack(0x000000f35c200000,0x000000f35c300000)]
  0x00000213ce9d35c0 JavaThread "Unconstrained build operations Thread 9" [_thread_blocked, id=6296, stack(0x000000f35c300000,0x000000f35c400000)]
  0x00000213ce9d9010 JavaThread "Unconstrained build operations Thread 10" [_thread_blocked, id=9528, stack(0x000000f35c400000,0x000000f35c500000)]
  0x00000213ce9d8ac0 JavaThread "Unconstrained build operations Thread 11" [_thread_blocked, id=10076, stack(0x000000f35c500000,0x000000f35c600000)]
  0x00000213ce9d9560 JavaThread "Unconstrained build operations Thread 12" [_thread_blocked, id=9164, stack(0x000000f35c600000,0x000000f35c700000)]
  0x00000213ce9d3b10 JavaThread "Unconstrained build operations Thread 13" [_thread_blocked, id=9640, stack(0x000000f35c700000,0x000000f35c800000)]
  0x00000213ce9d8020 JavaThread "Unconstrained build operations Thread 14" [_thread_blocked, id=7332, stack(0x000000f35c800000,0x000000f35c900000)]
  0x00000213ce9d6ae0 JavaThread "Unconstrained build operations Thread 15" [_thread_blocked, id=10200, stack(0x000000f35c900000,0x000000f35ca00000)]
  0x00000213ce9da550 JavaThread "Unconstrained build operations Thread 16" [_thread_blocked, id=12336, stack(0x000000f35ca00000,0x000000f35cb00000)]
  0x00000213ce9d9ab0 JavaThread "Unconstrained build operations Thread 17" [_thread_blocked, id=11188, stack(0x000000f35cb00000,0x000000f35cc00000)]
  0x00000213ce9d55a0 JavaThread "Unconstrained build operations Thread 18" [_thread_blocked, id=11828, stack(0x000000f35cc00000,0x000000f35cd00000)]
  0x00000213ce9daff0 JavaThread "Unconstrained build operations Thread 19" [_thread_blocked, id=9868, stack(0x000000f35cd00000,0x000000f35ce00000)]
  0x00000213ce9d4060 JavaThread "Unconstrained build operations Thread 20" [_thread_blocked, id=1476, stack(0x000000f35ce00000,0x000000f35cf00000)]
  0x00000213ce9d4b00 JavaThread "Unconstrained build operations Thread 21" [_thread_blocked, id=9304, stack(0x000000f35cf00000,0x000000f35d000000)]
  0x00000213ce9d6040 JavaThread "Unconstrained build operations Thread 22" [_thread_blocked, id=8788, stack(0x000000f35d000000,0x000000f35d100000)]
  0x00000213ce9d6590 JavaThread "Unconstrained build operations Thread 23" [_thread_blocked, id=11840, stack(0x000000f35d100000,0x000000f35d200000)]
  0x00000213ce9d8570 JavaThread "Unconstrained build operations Thread 24" [_thread_blocked, id=4648, stack(0x000000f35d200000,0x000000f35d300000)]
  0x00000213cbfe3df0 JavaThread "Unconstrained build operations Thread 25" [_thread_blocked, id=4908, stack(0x000000f35d300000,0x000000f35d400000)]
  0x00000213cbfe28b0 JavaThread "Unconstrained build operations Thread 26" [_thread_blocked, id=2928, stack(0x000000f35d400000,0x000000f35d500000)]
  0x00000213cbfe3350 JavaThread "Unconstrained build operations Thread 27" [_thread_blocked, id=10664, stack(0x000000f35d500000,0x000000f35d600000)]
  0x00000213cbfdf390 JavaThread "Unconstrained build operations Thread 28" [_thread_blocked, id=4164, stack(0x000000f35d600000,0x000000f35d700000)]
  0x00000213cbfe2360 JavaThread "Unconstrained build operations Thread 29" [_thread_blocked, id=11460, stack(0x000000f35d700000,0x000000f35d800000)]
  0x00000213cbfe4340 JavaThread "Unconstrained build operations Thread 30" [_thread_blocked, id=6872, stack(0x000000f35d800000,0x000000f35d900000)]
  0x00000213cbfe4de0 JavaThread "Unconstrained build operations Thread 31" [_thread_blocked, id=8576, stack(0x000000f35d900000,0x000000f35da00000)]
  0x00000213cbfe4890 JavaThread "Unconstrained build operations Thread 32" [_thread_blocked, id=11732, stack(0x000000f35da00000,0x000000f35db00000)]
  0x00000213cbfe5880 JavaThread "Unconstrained build operations Thread 33" [_thread_blocked, id=6740, stack(0x000000f35db00000,0x000000f35dc00000)]
  0x00000213cbfe6320 JavaThread "Unconstrained build operations Thread 34" [_thread_blocked, id=5612, stack(0x000000f35dc00000,0x000000f35dd00000)]
  0x00000213cbfe1e10 JavaThread "Unconstrained build operations Thread 35" [_thread_blocked, id=10744, stack(0x000000f35dd00000,0x000000f35de00000)]
  0x00000213cbfe0e20 JavaThread "Unconstrained build operations Thread 36" [_thread_blocked, id=10512, stack(0x000000f35de00000,0x000000f35df00000)]
  0x00000213cbfe08d0 JavaThread "Unconstrained build operations Thread 37" [_thread_blocked, id=11612, stack(0x000000f35df00000,0x000000f35e000000)]
  0x00000213cbfe2e00 JavaThread "Unconstrained build operations Thread 38" [_thread_blocked, id=7480, stack(0x000000f35e000000,0x000000f35e100000)]
  0x00000213cbfe38a0 JavaThread "Unconstrained build operations Thread 39" [_thread_blocked, id=3900, stack(0x000000f35e100000,0x000000f35e200000)]
  0x00000213cbfdfe30 JavaThread "Unconstrained build operations Thread 40" [_thread_blocked, id=2380, stack(0x000000f35e200000,0x000000f35e300000)]
  0x00000213cbfe5330 JavaThread "Unconstrained build operations Thread 41" [_thread_blocked, id=8744, stack(0x000000f35e300000,0x000000f35e400000)]
  0x00000213cbfe5dd0 JavaThread "Unconstrained build operations Thread 42" [_thread_blocked, id=11604, stack(0x000000f35e400000,0x000000f35e500000)]
  0x00000213cbfe6870 JavaThread "Unconstrained build operations Thread 43" [_thread_blocked, id=2596, stack(0x000000f35e500000,0x000000f35e600000)]
  0x00000213cbfdee40 JavaThread "Unconstrained build operations Thread 44" [_thread_blocked, id=11396, stack(0x000000f35e600000,0x000000f35e700000)]
  0x00000213cbfdf8e0 JavaThread "Unconstrained build operations Thread 45" [_thread_blocked, id=12624, stack(0x000000f35e700000,0x000000f35e800000)]
  0x00000213cbfe1370 JavaThread "Unconstrained build operations Thread 46" [_thread_blocked, id=12160, stack(0x000000f35e800000,0x000000f35e900000)]
  0x00000213cbfe0380 JavaThread "Unconstrained build operations Thread 47" [_thread_blocked, id=13260, stack(0x000000f35e900000,0x000000f35ea00000)]
  0x00000213cbfe18c0 JavaThread "Unconstrained build operations Thread 48" [_thread_blocked, id=11740, stack(0x000000f35ea00000,0x000000f35eb00000)]
  0x00000213cb1e9fc0 JavaThread "Unconstrained build operations Thread 49" [_thread_blocked, id=7780, stack(0x000000f35eb00000,0x000000f35ec00000)]
  0x00000213cb1e8fd0 JavaThread "Unconstrained build operations Thread 50" [_thread_blocked, id=9848, stack(0x000000f35ec00000,0x000000f35ed00000)]
  0x00000213cb1ed4e0 JavaThread "Unconstrained build operations Thread 51" [_thread_blocked, id=2728, stack(0x000000f35ed00000,0x000000f35ee00000)]
  0x00000213cb1efa10 JavaThread "Unconstrained build operations Thread 52" [_thread_blocked, id=9440, stack(0x000000f35ee00000,0x000000f35ef00000)]
  0x00000213cb1eff60 JavaThread "Unconstrained build operations Thread 53" [_thread_blocked, id=4188, stack(0x000000f35ef00000,0x000000f35f000000)]
  0x00000213cb1ea510 JavaThread "Unconstrained build operations Thread 54" [_thread_blocked, id=12612, stack(0x000000f35f000000,0x000000f35f100000)]
  0x00000213cb1f04b0 JavaThread "Unconstrained build operations Thread 55" [_thread_blocked, id=5428, stack(0x000000f35f100000,0x000000f35f200000)]
  0x00000213cb1ebfa0 JavaThread "Unconstrained build operations Thread 56" [_thread_blocked, id=3448, stack(0x000000f35f200000,0x000000f35f300000)]
  0x00000213cb1ef4c0 JavaThread "Unconstrained build operations Thread 57" [_thread_blocked, id=10604, stack(0x000000f35f300000,0x000000f35f400000)]
  0x00000213cb1ee4d0 JavaThread "Unconstrained build operations Thread 58" [_thread_blocked, id=4736, stack(0x000000f35f400000,0x000000f35f500000)]
  0x00000213cb1e8a80 JavaThread "Unconstrained build operations Thread 59" [_thread_blocked, id=10920, stack(0x000000f35f500000,0x000000f35f600000)]
  0x00000213cb1eb500 JavaThread "Unconstrained build operations Thread 60" [_thread_blocked, id=5292, stack(0x000000f35f600000,0x000000f35f700000)]
  0x00000213cb1eca40 JavaThread "Unconstrained build operations Thread 61" [_thread_blocked, id=10672, stack(0x000000f35f700000,0x000000f35f800000)]
  0x00000213cb1ec4f0 JavaThread "Unconstrained build operations Thread 62" [_thread_blocked, id=1088, stack(0x000000f35f800000,0x000000f35f900000)]
  0x00000213cb1eef70 JavaThread "Unconstrained build operations Thread 63" [_thread_blocked, id=12964, stack(0x000000f35f900000,0x000000f35fa00000)]
  0x00000213cb1eba50 JavaThread "Unconstrained build operations Thread 64" [_thread_blocked, id=6300, stack(0x000000f35fa00000,0x000000f35fb00000)]
  0x00000213cb1e9520 JavaThread "Unconstrained build operations Thread 65" [_thread_blocked, id=12576, stack(0x000000f35fb00000,0x000000f35fc00000)]
  0x00000213cb1ecf90 JavaThread "Unconstrained build operations Thread 66" [_thread_blocked, id=9828, stack(0x000000f35fc00000,0x000000f35fd00000)]
  0x00000213cb1e9a70 JavaThread "Unconstrained build operations Thread 67" [_thread_blocked, id=12836, stack(0x000000f35fd00000,0x000000f35fe00000)]
  0x00000213cb1eea20 JavaThread "Unconstrained build operations Thread 68" [_thread_blocked, id=4172, stack(0x000000f35fe00000,0x000000f35ff00000)]
  0x00000213cb1eaa60 JavaThread "Unconstrained build operations Thread 69" [_thread_blocked, id=8680, stack(0x000000f35ff00000,0x000000f360000000)]
  0x00000213cb1eafb0 JavaThread "Unconstrained build operations Thread 70" [_thread_blocked, id=7672, stack(0x000000f360000000,0x000000f360100000)]
  0x00000213cb1eda30 JavaThread "Unconstrained build operations Thread 71" [_thread_blocked, id=1296, stack(0x000000f360100000,0x000000f360200000)]
  0x00000213cb1edf80 JavaThread "Unconstrained build operations Thread 72" [_thread_blocked, id=8540, stack(0x000000f360200000,0x000000f360300000)]
  0x00000213cf5c65f0 JavaThread "Unconstrained build operations Thread 73" [_thread_blocked, id=5280, stack(0x000000f360300000,0x000000f360400000)]
  0x00000213cf5c75e0 JavaThread "Unconstrained build operations Thread 74" [_thread_blocked, id=10740, stack(0x000000f360400000,0x000000f360500000)]
  0x00000213cf5c5b50 JavaThread "Unconstrained build operations Thread 75" [_thread_blocked, id=12056, stack(0x000000f360500000,0x000000f360600000)]
  0x00000213cf5c6b40 JavaThread "Unconstrained build operations Thread 76" [_thread_blocked, id=9548, stack(0x000000f360600000,0x000000f360700000)]
  0x00000213cf5ca060 JavaThread "Unconstrained build operations Thread 77" [_thread_blocked, id=6696, stack(0x000000f360700000,0x000000f360800000)]
  0x00000213cf5cc040 JavaThread "Unconstrained build operations Thread 78" [_thread_blocked, id=11956, stack(0x000000f360800000,0x000000f360900000)]
  0x00000213cf5c9b10 JavaThread "Unconstrained build operations Thread 79" [_thread_blocked, id=10324, stack(0x000000f360900000,0x000000f360a00000)]
  0x00000213cf5c60a0 JavaThread "Unconstrained build operations Thread 80" [_thread_blocked, id=9464, stack(0x000000f360a00000,0x000000f360b00000)]
  0x00000213cf5cbaf0 JavaThread "jar transforms Thread 4" [_thread_blocked, id=12556, stack(0x000000f360b00000,0x000000f360c00000)]
  0x00000213cf5cc590 JavaThread "jar transforms Thread 5" [_thread_blocked, id=2320, stack(0x000000f360c00000,0x000000f360d00000)]
  0x00000213cf5c85d0 JavaThread "jar transforms Thread 6" [_thread_blocked, id=7040, stack(0x000000f360d00000,0x000000f360e00000)]
  0x00000213cf5c7b30 JavaThread "jar transforms Thread 7" [_thread_blocked, id=10112, stack(0x000000f360e00000,0x000000f360f00000)]
  0x00000213cf5cb050 JavaThread "jar transforms Thread 8" [_thread_blocked, id=9168, stack(0x000000f360f00000,0x000000f361000000)]
  0x00000213cf5c7090 JavaThread "Memory manager" [_thread_blocked, id=1328, stack(0x000000f361000000,0x000000f361100000)]

Other Threads:
  0x00000213c8cbbd40 VMThread "VM Thread" [stack: 0x000000f358a00000,0x000000f358b00000] [id=10080]
  0x00000213c9918dc0 WatcherThread [stack: 0x000000f359600000,0x000000f359700000] [id=13252]
  0x00000213a8cbd5a0 GCTaskThread "GC Thread#0" [stack: 0x000000f358500000,0x000000f358600000] [id=5332]
  0x00000213ca04e0b0 GCTaskThread "GC Thread#1" [stack: 0x000000f359800000,0x000000f359900000] [id=1680]
  0x00000213ca656310 GCTaskThread "GC Thread#2" [stack: 0x000000f359900000,0x000000f359a00000] [id=10276]
  0x00000213c9bb29c0 GCTaskThread "GC Thread#3" [stack: 0x000000f359a00000,0x000000f359b00000] [id=1428]
  0x00000213ca4d14e0 GCTaskThread "GC Thread#4" [stack: 0x000000f359b00000,0x000000f359c00000] [id=7720]
  0x00000213cb1cf730 GCTaskThread "GC Thread#5" [stack: 0x000000f35aa00000,0x000000f35ab00000] [id=10816]
  0x00000213cb1cdba0 GCTaskThread "GC Thread#6" [stack: 0x000000f35ab00000,0x000000f35ac00000] [id=8840]
  0x00000213cb1cee00 GCTaskThread "GC Thread#7" [stack: 0x000000f35ac00000,0x000000f35ad00000] [id=10984]
  0x00000213a8cd0430 ConcurrentGCThread "G1 Main Marker" [stack: 0x000000f358600000,0x000000f358700000] [id=1924]
  0x00000213a8cd0c50 ConcurrentGCThread "G1 Conc#0" [stack: 0x000000f358700000,0x000000f358800000] [id=10972]
  0x00000213cb1ce1c0 ConcurrentGCThread "G1 Conc#1" [stack: 0x000000f35b300000,0x000000f35b400000] [id=8252]
  0x00000213a8d5aff0 ConcurrentGCThread "G1 Refine#0" [stack: 0x000000f358800000,0x000000f358900000] [id=2028]
  0x00000213a8d5b820 ConcurrentGCThread "G1 Service" [stack: 0x000000f358900000,0x000000f358a00000] [id=9512]

Threads with active compile tasks:
C2 CompilerThread0     8935 7716       4       org.gradle.internal.instantiation.generator.AbstractClassGenerator::inspectType (560 bytes)
C2 CompilerThread1     8935 7734       4       org.gradle.internal.reflect.MethodSet::add (50 bytes)
C2 CompilerThread2     8935 7736       4       org.gradle.internal.reflect.ClassInspector::inspectClass (179 bytes)

VM state: not at safepoint (normal execution)

VM Mutex/Monitor currently owned by a thread: None

Heap address: 0x0000000080000000, size: 2048 MB, Compressed Oops mode: 32-bit

CDS archive(s) mapped at: [0x0000000800000000-0x0000000800bb0000-0x0000000800bb0000), size 12255232, SharedBaseAddress: 0x0000000800000000, ArchiveRelocationMode: 0.
Compressed class space mapped at: 0x0000000800c00000-0x0000000840c00000, reserved size: 1073741824
Narrow klass base: 0x0000000800000000, Narrow klass shift: 3, Narrow klass range: 0x100000000

GC Precious Log:
 CPUs: 8 total, 8 available
 Memory: 7959M
 Large Page Support: Disabled
 NUMA Support: Disabled
 Compressed Oops: Enabled (32-bit)
 Heap Region Size: 1M
 Heap Min Capacity: 8M
 Heap Initial Capacity: 126M
 Heap Max Capacity: 2G
 Pre-touch: Disabled
 Parallel Workers: 8
 Concurrent Workers: 2
 Concurrent Refinement Workers: 8
 Periodic GC: Disabled

Heap:
 garbage-first heap   total 107520K, used 81029K [0x0000000080000000, 0x0000000100000000)
  region size 1024K, 25 young (25600K), 4 survivors (4096K)
 Metaspace       used 68570K, committed 69120K, reserved 1114112K
  class space    used 9252K, committed 9536K, reserved 1048576K

Heap Regions: E=young(eden), S=young(survivor), O=old, HS=humongous(starts), HC=humongous(continues), CS=collection set, F=free, OA=open archive, CA=closed archive, TAMS=top-at-mark-start (previous, next)
|   0|0x0000000080000000, 0x0000000080100000, 0x0000000080100000|100%| O|  |TAMS 0x0000000080100000, 0x0000000080000000| Untracked 
|   1|0x0000000080100000, 0x0000000080200000, 0x0000000080200000|100%| O|  |TAMS 0x0000000080200000, 0x0000000080100000| Untracked 
|   2|0x0000000080200000, 0x0000000080300000, 0x0000000080300000|100%| O|  |TAMS 0x0000000080300000, 0x0000000080200000| Untracked 
|   3|0x0000000080300000, 0x0000000080400000, 0x0000000080400000|100%|HS|  |TAMS 0x0000000080400000, 0x0000000080300000| Complete 
|   4|0x0000000080400000, 0x0000000080500000, 0x0000000080500000|100%|HC|  |TAMS 0x0000000080500000, 0x0000000080400000| Complete 
|   5|0x0000000080500000, 0x0000000080600000, 0x0000000080600000|100%|HC|  |TAMS 0x0000000080600000, 0x0000000080500000| Complete 
|   6|0x0000000080600000, 0x0000000080700000, 0x0000000080700000|100%| O|  |TAMS 0x0000000080700000, 0x0000000080600000| Untracked 
|   7|0x0000000080700000, 0x0000000080800000, 0x0000000080800000|100%| O|  |TAMS 0x0000000080800000, 0x0000000080700000| Untracked 
|   8|0x0000000080800000, 0x0000000080900000, 0x0000000080900000|100%| O|  |TAMS 0x0000000080900000, 0x0000000080800000| Untracked 
|   9|0x0000000080900000, 0x0000000080a00000, 0x0000000080a00000|100%| O|  |TAMS 0x0000000080a00000, 0x0000000080900000| Untracked 
|  10|0x0000000080a00000, 0x0000000080b00000, 0x0000000080b00000|100%| O|  |TAMS 0x0000000080b00000, 0x0000000080a00000| Untracked 
|  11|0x0000000080b00000, 0x0000000080c00000, 0x0000000080c00000|100%| O|  |TAMS 0x0000000080c00000, 0x0000000080b00000| Untracked 
|  12|0x0000000080c00000, 0x0000000080d00000, 0x0000000080d00000|100%| O|  |TAMS 0x0000000080d00000, 0x0000000080c00000| Untracked 
|  13|0x0000000080d00000, 0x0000000080e00000, 0x0000000080e00000|100%| O|  |TAMS 0x0000000080e00000, 0x0000000080d00000| Untracked 
|  14|0x0000000080e00000, 0x0000000080f00000, 0x0000000080f00000|100%| O|  |TAMS 0x0000000080f00000, 0x0000000080e00000| Untracked 
|  15|0x0000000080f00000, 0x0000000081000000, 0x0000000081000000|100%| O|  |TAMS 0x0000000081000000, 0x0000000080f00000| Untracked 
|  16|0x0000000081000000, 0x0000000081100000, 0x0000000081100000|100%| O|  |TAMS 0x0000000081100000, 0x0000000081000000| Untracked 
|  17|0x0000000081100000, 0x0000000081200000, 0x0000000081200000|100%| O|  |TAMS 0x0000000081200000, 0x0000000081100000| Untracked 
|  18|0x0000000081200000, 0x0000000081221e00, 0x0000000081300000| 13%| O|  |TAMS 0x0000000081221e00, 0x0000000081200000| Untracked 
|  19|0x0000000081300000, 0x0000000081400000, 0x0000000081400000|100%| O|  |TAMS 0x0000000081400000, 0x0000000081300000| Untracked 
|  20|0x0000000081400000, 0x0000000081500000, 0x0000000081500000|100%|HS|  |TAMS 0x0000000081500000, 0x0000000081400000| Complete 
|  21|0x0000000081500000, 0x0000000081600000, 0x0000000081600000|100%| O|  |TAMS 0x0000000081600000, 0x0000000081500000| Untracked 
|  22|0x0000000081600000, 0x0000000081700000, 0x0000000081700000|100%| O|  |TAMS 0x0000000081700000, 0x0000000081600000| Untracked 
|  23|0x0000000081700000, 0x0000000081800000, 0x0000000081800000|100%| O|  |TAMS 0x0000000081800000, 0x0000000081700000| Untracked 
|  24|0x0000000081800000, 0x0000000081900000, 0x0000000081900000|100%| O|  |TAMS 0x0000000081900000, 0x0000000081800000| Untracked 
|  25|0x0000000081900000, 0x0000000081a00000, 0x0000000081a00000|100%| O|  |TAMS 0x0000000081a00000, 0x0000000081900000| Untracked 
|  26|0x0000000081a00000, 0x0000000081b00000, 0x0000000081b00000|100%|HS|  |TAMS 0x0000000081b00000, 0x0000000081a00000| Complete 
|  27|0x0000000081b00000, 0x0000000081c00000, 0x0000000081c00000|100%| O|  |TAMS 0x0000000081c00000, 0x0000000081b00000| Untracked 
|  28|0x0000000081c00000, 0x0000000081d00000, 0x0000000081d00000|100%| O|  |TAMS 0x0000000081d00000, 0x0000000081c00000| Untracked 
|  29|0x0000000081d00000, 0x0000000081e00000, 0x0000000081e00000|100%|HS|  |TAMS 0x0000000081e00000, 0x0000000081d00000| Complete 
|  30|0x0000000081e00000, 0x0000000081f00000, 0x0000000081f00000|100%|HC|  |TAMS 0x0000000081f00000, 0x0000000081e00000| Complete 
|  31|0x0000000081f00000, 0x0000000082000000, 0x0000000082000000|100%| O|  |TAMS 0x0000000082000000, 0x0000000081f00000| Untracked 
|  32|0x0000000082000000, 0x0000000082100000, 0x0000000082100000|100%| O|  |TAMS 0x0000000082100000, 0x0000000082000000| Untracked 
|  33|0x0000000082100000, 0x0000000082200000, 0x0000000082200000|100%| O|  |TAMS 0x0000000082200000, 0x0000000082100000| Untracked 
|  34|0x0000000082200000, 0x0000000082300000, 0x0000000082300000|100%| O|  |TAMS 0x0000000082300000, 0x0000000082200000| Untracked 
|  35|0x0000000082300000, 0x0000000082400000, 0x0000000082400000|100%| O|  |TAMS 0x0000000082400000, 0x0000000082300000| Untracked 
|  36|0x0000000082400000, 0x0000000082500000, 0x0000000082500000|100%| O|  |TAMS 0x0000000082500000, 0x0000000082400000| Untracked 
|  37|0x0000000082500000, 0x0000000082600000, 0x0000000082600000|100%| O|  |TAMS 0x0000000082600000, 0x0000000082500000| Untracked 
|  38|0x0000000082600000, 0x0000000082700000, 0x0000000082700000|100%| O|  |TAMS 0x0000000082700000, 0x0000000082600000| Untracked 
|  39|0x0000000082700000, 0x0000000082800000, 0x0000000082800000|100%| O|  |TAMS 0x0000000082800000, 0x0000000082700000| Untracked 
|  40|0x0000000082800000, 0x0000000082900000, 0x0000000082900000|100%| O|  |TAMS 0x0000000082900000, 0x0000000082800000| Untracked 
|  41|0x0000000082900000, 0x0000000082a00000, 0x0000000082a00000|100%| O|  |TAMS 0x0000000082a00000, 0x0000000082900000| Untracked 
|  42|0x0000000082a00000, 0x0000000082b00000, 0x0000000082b00000|100%| O|  |TAMS 0x0000000082b00000, 0x0000000082a00000| Untracked 
|  43|0x0000000082b00000, 0x0000000082c00000, 0x0000000082c00000|100%| O|  |TAMS 0x0000000082c00000, 0x0000000082b00000| Untracked 
|  44|0x0000000082c00000, 0x0000000082d00000, 0x0000000082d00000|100%| O|  |TAMS 0x0000000082d00000, 0x0000000082c00000| Untracked 
|  45|0x0000000082d00000, 0x0000000082e00000, 0x0000000082e00000|100%| O|  |TAMS 0x0000000082e00000, 0x0000000082d00000| Untracked 
|  46|0x0000000082e00000, 0x0000000082f00000, 0x0000000082f00000|100%| O|  |TAMS 0x0000000082f00000, 0x0000000082e00000| Untracked 
|  47|0x0000000082f00000, 0x0000000083000000, 0x0000000083000000|100%| O|  |TAMS 0x0000000083000000, 0x0000000082f00000| Untracked 
|  48|0x0000000083000000, 0x0000000083100000, 0x0000000083100000|100%| O|  |TAMS 0x0000000083100000, 0x0000000083000000| Untracked 
|  49|0x0000000083100000, 0x0000000083200000, 0x0000000083200000|100%| O|  |TAMS 0x0000000083200000, 0x0000000083100000| Untracked 
|  50|0x0000000083200000, 0x0000000083300000, 0x0000000083300000|100%| O|  |TAMS 0x0000000083300000, 0x0000000083200000| Untracked 
|  51|0x0000000083300000, 0x0000000083400000, 0x0000000083400000|100%| O|  |TAMS 0x0000000083400000, 0x0000000083300000| Untracked 
|  52|0x0000000083400000, 0x0000000083500000, 0x0000000083500000|100%| O|  |TAMS 0x0000000083500000, 0x0000000083400000| Untracked 
|  53|0x0000000083500000, 0x0000000083600000, 0x0000000083600000|100%| O|  |TAMS 0x0000000083589600, 0x0000000083500000| Untracked 
|  54|0x0000000083600000, 0x0000000083700000, 0x0000000083700000|100%| O|  |TAMS 0x0000000083600000, 0x0000000083600000| Untracked 
|  55|0x0000000083700000, 0x0000000083800000, 0x0000000083800000|100%| O|  |TAMS 0x0000000083700000, 0x0000000083700000| Untracked 
|  56|0x0000000083800000, 0x00000000838ec400, 0x0000000083900000| 92%| O|  |TAMS 0x0000000083800000, 0x0000000083800000| Untracked 
|  57|0x0000000083900000, 0x0000000083900000, 0x0000000083a00000|  0%| F|  |TAMS 0x0000000083900000, 0x0000000083900000| Untracked 
|  58|0x0000000083a00000, 0x0000000083a00000, 0x0000000083b00000|  0%| F|  |TAMS 0x0000000083a00000, 0x0000000083a00000| Untracked 
|  59|0x0000000083b00000, 0x0000000083b00000, 0x0000000083c00000|  0%| F|  |TAMS 0x0000000083b00000, 0x0000000083b00000| Untracked 
|  60|0x0000000083c00000, 0x0000000083c00000, 0x0000000083d00000|  0%| F|  |TAMS 0x0000000083c00000, 0x0000000083c00000| Untracked 
|  61|0x0000000083d00000, 0x0000000083d00000, 0x0000000083e00000|  0%| F|  |TAMS 0x0000000083d00000, 0x0000000083d00000| Untracked 
|  62|0x0000000083e00000, 0x0000000083e00000, 0x0000000083f00000|  0%| F|  |TAMS 0x0000000083e00000, 0x0000000083e00000| Untracked 
|  63|0x0000000083f00000, 0x0000000083f00000, 0x0000000084000000|  0%| F|  |TAMS 0x0000000083f00000, 0x0000000083f00000| Untracked 
|  64|0x0000000084000000, 0x0000000084000000, 0x0000000084100000|  0%| F|  |TAMS 0x0000000084000000, 0x0000000084000000| Untracked 
|  65|0x0000000084100000, 0x0000000084100000, 0x0000000084200000|  0%| F|  |TAMS 0x0000000084100000, 0x0000000084100000| Untracked 
|  66|0x0000000084200000, 0x0000000084200000, 0x0000000084300000|  0%| F|  |TAMS 0x0000000084200000, 0x0000000084200000| Untracked 
|  67|0x0000000084300000, 0x0000000084300000, 0x0000000084400000|  0%| F|  |TAMS 0x0000000084300000, 0x0000000084300000| Untracked 
|  68|0x0000000084400000, 0x0000000084400000, 0x0000000084500000|  0%| F|  |TAMS 0x0000000084400000, 0x0000000084400000| Untracked 
|  69|0x0000000084500000, 0x0000000084500000, 0x0000000084600000|  0%| F|  |TAMS 0x0000000084500000, 0x0000000084500000| Untracked 
|  70|0x0000000084600000, 0x0000000084600000, 0x0000000084700000|  0%| F|  |TAMS 0x0000000084600000, 0x0000000084600000| Untracked 
|  71|0x0000000084700000, 0x0000000084700000, 0x0000000084800000|  0%| F|  |TAMS 0x0000000084700000, 0x0000000084700000| Untracked 
|  72|0x0000000084800000, 0x0000000084800000, 0x0000000084900000|  0%| F|  |TAMS 0x0000000084800000, 0x0000000084800000| Untracked 
|  73|0x0000000084900000, 0x0000000084900000, 0x0000000084a00000|  0%| F|  |TAMS 0x0000000084900000, 0x0000000084900000| Untracked 
|  74|0x0000000084a00000, 0x0000000084a00000, 0x0000000084b00000|  0%| F|  |TAMS 0x0000000084a00000, 0x0000000084a00000| Untracked 
|  75|0x0000000084b00000, 0x0000000084b00000, 0x0000000084c00000|  0%| F|  |TAMS 0x0000000084b00000, 0x0000000084b00000| Untracked 
|  76|0x0000000084c00000, 0x0000000084c00000, 0x0000000084d00000|  0%| F|  |TAMS 0x0000000084c00000, 0x0000000084c00000| Untracked 
|  77|0x0000000084d00000, 0x0000000084d00000, 0x0000000084e00000|  0%| F|  |TAMS 0x0000000084d00000, 0x0000000084d00000| Untracked 
|  78|0x0000000084e00000, 0x0000000084e13368, 0x0000000084f00000|  7%| S|CS|TAMS 0x0000000084e00000, 0x0000000084e00000| Complete 
|  79|0x0000000084f00000, 0x0000000085000000, 0x0000000085000000|100%| S|CS|TAMS 0x0000000084f00000, 0x0000000084f00000| Complete 
|  80|0x0000000085000000, 0x0000000085100000, 0x0000000085100000|100%| S|CS|TAMS 0x0000000085000000, 0x0000000085000000| Complete 
|  81|0x0000000085100000, 0x0000000085200000, 0x0000000085200000|100%| S|CS|TAMS 0x0000000085100000, 0x0000000085100000| Complete 
|  82|0x0000000085200000, 0x0000000085200000, 0x0000000085300000|  0%| F|  |TAMS 0x0000000085200000, 0x0000000085200000| Untracked 
|  83|0x0000000085300000, 0x0000000085300000, 0x0000000085400000|  0%| F|  |TAMS 0x0000000085300000, 0x0000000085300000| Untracked 
|  84|0x0000000085400000, 0x0000000085480800, 0x0000000085500000| 50%| E|  |TAMS 0x0000000085400000, 0x0000000085400000| Complete 
|  85|0x0000000085500000, 0x0000000085600000, 0x0000000085600000|100%| E|CS|TAMS 0x0000000085500000, 0x0000000085500000| Complete 
|  86|0x0000000085600000, 0x0000000085700000, 0x0000000085700000|100%| E|CS|TAMS 0x0000000085600000, 0x0000000085600000| Complete 
|  87|0x0000000085700000, 0x0000000085800000, 0x0000000085800000|100%| E|CS|TAMS 0x0000000085700000, 0x0000000085700000| Complete 
|  88|0x0000000085800000, 0x0000000085900000, 0x0000000085900000|100%| E|CS|TAMS 0x0000000085800000, 0x0000000085800000| Complete 
|  89|0x0000000085900000, 0x0000000085a00000, 0x0000000085a00000|100%| E|CS|TAMS 0x0000000085900000, 0x0000000085900000| Complete 
|  90|0x0000000085a00000, 0x0000000085b00000, 0x0000000085b00000|100%| E|CS|TAMS 0x0000000085a00000, 0x0000000085a00000| Complete 
|  91|0x0000000085b00000, 0x0000000085c00000, 0x0000000085c00000|100%| E|CS|TAMS 0x0000000085b00000, 0x0000000085b00000| Complete 
|  92|0x0000000085c00000, 0x0000000085d00000, 0x0000000085d00000|100%| E|CS|TAMS 0x0000000085c00000, 0x0000000085c00000| Complete 
|  93|0x0000000085d00000, 0x0000000085e00000, 0x0000000085e00000|100%| E|CS|TAMS 0x0000000085d00000, 0x0000000085d00000| Complete 
|  94|0x0000000085e00000, 0x0000000085f00000, 0x0000000085f00000|100%| E|CS|TAMS 0x0000000085e00000, 0x0000000085e00000| Complete 
|  95|0x0000000085f00000, 0x0000000086000000, 0x0000000086000000|100%| E|CS|TAMS 0x0000000085f00000, 0x0000000085f00000| Complete 
|  96|0x0000000086000000, 0x0000000086100000, 0x0000000086100000|100%| E|CS|TAMS 0x0000000086000000, 0x0000000086000000| Complete 
|  97|0x0000000086100000, 0x0000000086200000, 0x0000000086200000|100%| E|CS|TAMS 0x0000000086100000, 0x0000000086100000| Complete 
|  98|0x0000000086200000, 0x0000000086300000, 0x0000000086300000|100%| E|CS|TAMS 0x0000000086200000, 0x0000000086200000| Complete 
|  99|0x0000000086300000, 0x0000000086400000, 0x0000000086400000|100%| E|CS|TAMS 0x0000000086300000, 0x0000000086300000| Complete 
| 100|0x0000000086400000, 0x0000000086500000, 0x0000000086500000|100%| E|CS|TAMS 0x0000000086400000, 0x0000000086400000| Complete 
| 101|0x0000000086500000, 0x0000000086600000, 0x0000000086600000|100%| E|CS|TAMS 0x0000000086500000, 0x0000000086500000| Complete 
| 102|0x0000000086600000, 0x0000000086700000, 0x0000000086700000|100%| E|CS|TAMS 0x0000000086600000, 0x0000000086600000| Complete 
| 103|0x0000000086700000, 0x0000000086800000, 0x0000000086800000|100%| E|CS|TAMS 0x0000000086700000, 0x0000000086700000| Complete 
| 125|0x0000000087d00000, 0x0000000087e00000, 0x0000000087e00000|100%| E|CS|TAMS 0x0000000087d00000, 0x0000000087d00000| Complete 

Card table byte_map: [0x00000213c1a60000,0x00000213c1e60000] _byte_map_base: 0x00000213c1660000

Marking Bits (Prev, Next): (CMBitMap*) 0x00000213a8cbea50, (CMBitMap*) 0x00000213a8cbea90
 Prev Bits: [0x00000213c2260000, 0x00000213c4260000)
 Next Bits: [0x00000213c4260000, 0x00000213c6260000)

Polling page: 0x00000213a8b50000

Metaspace:

Usage:
  Non-class:     57.97 MB used.
      Class:      9.04 MB used.
       Both:     67.01 MB used.

Virtual space:
  Non-class space:       64.00 MB reserved,      58.25 MB ( 91%) committed,  8 nodes.
      Class space:        1.00 GB reserved,       9.31 MB ( <1%) committed,  1 nodes.
              Both:        1.06 GB reserved,      67.56 MB (  6%) committed. 

Chunk freelists:
   Non-Class:  1.22 MB
       Class:  2.54 MB
        Both:  3.76 MB

MaxMetaspaceSize: 17179869184.00 GB
CompressedClassSpaceSize: 1.00 GB
 - commit_granule_bytes: 65536.
 - commit_granule_words: 8192.
 - virtual_space_node_default_size: 1048576.
 - enlarge_chunks_in_place: 1.
 - new_chunks_are_fully_committed: 0.
 - uncommit_free_chunks: 1.
 - use_allocation_guard: 0.
 - handle_deallocations: 1.


Internal statistics:

num_allocs_failed_limit: 6.
num_arena_births: 616.
num_arena_deaths: 0.
num_vsnodes_births: 9.
num_vsnodes_deaths: 0.
num_space_committed: 1081.
num_space_uncommitted: 0.
num_chunks_returned_to_freelist: 6.
num_chunks_taken_from_freelist: 3265.
num_chunk_merges: 6.
num_chunk_splits: 2198.
num_chunks_enlarged: 1534.
num_purges: 0.

CodeHeap 'non-profiled nmethods': size=120000Kb used=4537Kb max_used=4537Kb free=115462Kb
 bounds [0x00000213b96c0000, 0x00000213b9b30000, 0x00000213c0bf0000]
CodeHeap 'profiled nmethods': size=120000Kb used=13776Kb max_used=13776Kb free=106223Kb
 bounds [0x00000213b2190000, 0x00000213b2f10000, 0x00000213b96c0000]
CodeHeap 'non-nmethods': size=5760Kb used=2389Kb max_used=2441Kb free=3370Kb
 bounds [0x00000213b1bf0000, 0x00000213b1e70000, 0x00000213b2190000]
 total_blobs=7890 nmethods=6991 adapters=811
 compilation: enabled
              stopped_count=0, restarted_count=0
 full_count=0

Compilation events (20 events):
Event: 8.865 Thread 0x00000213c8cdd0a0 nmethod 7732 0x00000213b2edd510 code [0x00000213b2edd7e0, 0x00000213b2edead8]
Event: 8.866 Thread 0x00000213c8cdd0a0 7733       3       java.util.HashMap$TreeNode::find (172 bytes)
Event: 8.866 Thread 0x00000213c995f770 7734       4       org.gradle.internal.reflect.MethodSet::add (50 bytes)
Event: 8.867 Thread 0x00000213c8cdd0a0 nmethod 7733 0x00000213b2edf090 code [0x00000213b2edf2c0, 0x00000213b2edfd38]
Event: 8.880 Thread 0x00000213c8cdd0a0 7737       3       org.gradle.api.DefaultTask::getName (5 bytes)
Event: 8.881 Thread 0x00000213c8cdd0a0 nmethod 7737 0x00000213b2ee0010 code [0x00000213b2ee01c0, 0x00000213b2ee0338]
Event: 8.881 Thread 0x00000213c8cdd0a0 7738       3       org.gradle.api.internal.AbstractTask::getName (8 bytes)
Event: 8.881 Thread 0x00000213c8cdd0a0 nmethod 7738 0x00000213b2ee0410 code [0x00000213b2ee05a0, 0x00000213b2ee06b8]
Event: 8.881 Thread 0x00000213c8cdd0a0 7739       3       org.gradle.api.Task$Namer::determineName (9 bytes)
Event: 8.881 Thread 0x00000213c8cdd0a0 nmethod 7739 0x00000213b2ee0790 code [0x00000213b2ee0960, 0x00000213b2ee0cc8]
Event: 8.882 Thread 0x00000213c8cdd0a0 7740       3       com.google.common.collect.ImmutableSet$Builder::<init> (6 bytes)
Event: 8.882 Thread 0x00000213c8cdd0a0 nmethod 7740 0x00000213b2ee0e10 code [0x00000213b2ee0fe0, 0x00000213b2ee1308]
Event: 8.886 Thread 0x00000213c8cdd0a0 7741   !   3       org.gradle.internal.instantiation.generator.AbstractClassGenerator::generateUnderLock (702 bytes)
Event: 8.891 Thread 0x00000213c8cdd0a0 nmethod 7741 0x00000213b2ee1490 code [0x00000213b2ee1f20, 0x00000213b2eea218]
Event: 8.891 Thread 0x00000213c8cdd0a0 7742       3       org.gradle.internal.instantiation.generator.AbstractClassGenerator$ServicesPropertyHandler::<init> (5 bytes)
Event: 8.891 Thread 0x00000213c8cdd0a0 nmethod 7742 0x00000213b2eed890 code [0x00000213b2eeda40, 0x00000213b2eedcb8]
Event: 8.891 Thread 0x00000213c8cdd0a0 7743       3       org.gradle.internal.instantiation.generator.AbstractClassGenerator$ExtensibleTypePropertyHandler::<init> (6 bytes)
Event: 8.892 Thread 0x00000213c8cdd0a0 nmethod 7743 0x00000213b2eede10 code [0x00000213b2eee000, 0x00000213b2eee598]
Event: 8.895 Thread 0x00000213cb127430 nmethod 7702 0x00000213b9b2a390 code [0x00000213b9b2a620, 0x00000213b9b2d6e0]
Event: 8.895 Thread 0x00000213cb127430 7736       4       org.gradle.internal.reflect.ClassInspector::inspectClass (179 bytes)

GC Heap History (20 events):
Event: 6.298 GC heap before
{Heap before GC invocations=15 (full 0):
 garbage-first heap   total 80896K, used 61856K [0x0000000080000000, 0x0000000100000000)
  region size 1024K, 18 young (18432K), 1 survivors (1024K)
 Metaspace       used 47474K, committed 47936K, reserved 1097728K
  class space    used 6295K, committed 6528K, reserved 1048576K
}
Event: 6.299 GC heap after
{Heap after GC invocations=16 (full 0):
 garbage-first heap   total 80896K, used 46033K [0x0000000080000000, 0x0000000100000000)
  region size 1024K, 2 young (2048K), 2 survivors (2048K)
 Metaspace       used 47474K, committed 47936K, reserved 1097728K
  class space    used 6295K, committed 6528K, reserved 1048576K
}
Event: 6.627 GC heap before
{Heap before GC invocations=16 (full 0):
 garbage-first heap   total 80896K, used 64465K [0x0000000080000000, 0x0000000100000000)
  region size 1024K, 20 young (20480K), 2 survivors (2048K)
 Metaspace       used 50648K, committed 51072K, reserved 1097728K
  class space    used 6712K, committed 6912K, reserved 1048576K
}
Event: 6.630 GC heap after
{Heap after GC invocations=17 (full 0):
 garbage-first heap   total 80896K, used 47273K [0x0000000080000000, 0x0000000100000000)
  region size 1024K, 3 young (3072K), 3 survivors (3072K)
 Metaspace       used 50648K, committed 51072K, reserved 1097728K
  class space    used 6712K, committed 6912K, reserved 1048576K
}
Event: 6.831 GC heap before
{Heap before GC invocations=18 (full 0):
 garbage-first heap   total 87040K, used 64681K [0x0000000080000000, 0x0000000100000000)
  region size 1024K, 21 young (21504K), 3 survivors (3072K)
 Metaspace       used 52831K, committed 53248K, reserved 1097728K
  class space    used 6951K, committed 7168K, reserved 1048576K
}
Event: 6.835 GC heap after
{Heap after GC invocations=19 (full 0):
 garbage-first heap   total 87040K, used 49523K [0x0000000080000000, 0x0000000100000000)
  region size 1024K, 3 young (3072K), 3 survivors (3072K)
 Metaspace       used 52831K, committed 53248K, reserved 1097728K
  class space    used 6951K, committed 7168K, reserved 1048576K
}
Event: 7.069 GC heap before
{Heap before GC invocations=19 (full 0):
 garbage-first heap   total 87040K, used 68979K [0x0000000080000000, 0x0000000100000000)
  region size 1024K, 22 young (22528K), 3 survivors (3072K)
 Metaspace       used 54400K, committed 54848K, reserved 1097728K
  class space    used 7147K, committed 7360K, reserved 1048576K
}
Event: 7.072 GC heap after
{Heap after GC invocations=20 (full 0):
 garbage-first heap   total 87040K, used 51495K [0x0000000080000000, 0x0000000100000000)
  region size 1024K, 2 young (2048K), 2 survivors (2048K)
 Metaspace       used 54400K, committed 54848K, reserved 1097728K
  class space    used 7147K, committed 7360K, reserved 1048576K
}
Event: 7.198 GC heap before
{Heap before GC invocations=21 (full 0):
 garbage-first heap   total 94208K, used 59687K [0x0000000080000000, 0x0000000100000000)
  region size 1024K, 11 young (11264K), 2 survivors (2048K)
 Metaspace       used 55319K, committed 55808K, reserved 1097728K
  class space    used 7238K, committed 7488K, reserved 1048576K
}
Event: 7.200 GC heap after
{Heap after GC invocations=22 (full 0):
 garbage-first heap   total 94208K, used 52232K [0x0000000080000000, 0x0000000100000000)
  region size 1024K, 1 young (1024K), 1 survivors (1024K)
 Metaspace       used 55319K, committed 55808K, reserved 1097728K
  class space    used 7238K, committed 7488K, reserved 1048576K
}
Event: 7.423 GC heap before
{Heap before GC invocations=23 (full 0):
 garbage-first heap   total 96256K, used 76808K [0x0000000080000000, 0x0000000100000000)
  region size 1024K, 24 young (24576K), 1 survivors (1024K)
 Metaspace       used 56127K, committed 56576K, reserved 1105920K
  class space    used 7367K, committed 7616K, reserved 1048576K
}
Event: 7.425 GC heap after
{Heap after GC invocations=24 (full 0):
 garbage-first heap   total 96256K, used 53899K [0x0000000080000000, 0x0000000100000000)
  region size 1024K, 3 young (3072K), 3 survivors (3072K)
 Metaspace       used 56127K, committed 56576K, reserved 1105920K
  class space    used 7367K, committed 7616K, reserved 1048576K
}
Event: 7.643 GC heap before
{Heap before GC invocations=24 (full 0):
 garbage-first heap   total 96256K, used 76427K [0x0000000080000000, 0x0000000100000000)
  region size 1024K, 26 young (26624K), 3 survivors (3072K)
 Metaspace       used 57772K, committed 58240K, reserved 1105920K
  class space    used 7582K, committed 7808K, reserved 1048576K
}
Event: 7.646 GC heap after
{Heap after GC invocations=25 (full 0):
 garbage-first heap   total 96256K, used 55927K [0x0000000080000000, 0x0000000100000000)
  region size 1024K, 4 young (4096K), 4 survivors (4096K)
 Metaspace       used 57772K, committed 58240K, reserved 1105920K
  class space    used 7582K, committed 7808K, reserved 1048576K
}
Event: 8.060 GC heap before
{Heap before GC invocations=26 (full 0):
 garbage-first heap   total 101376K, used 78455K [0x0000000080000000, 0x0000000100000000)
  region size 1024K, 26 young (26624K), 4 survivors (4096K)
 Metaspace       used 60812K, committed 61312K, reserved 1105920K
  class space    used 8161K, committed 8384K, reserved 1048576K
}
Event: 8.063 GC heap after
{Heap after GC invocations=27 (full 0):
 garbage-first heap   total 101376K, used 57257K [0x0000000080000000, 0x0000000100000000)
  region size 1024K, 4 young (4096K), 4 survivors (4096K)
 Metaspace       used 60812K, committed 61312K, reserved 1105920K
  class space    used 8161K, committed 8384K, reserved 1048576K
}
Event: 8.352 GC heap before
{Heap before GC invocations=27 (full 0):
 garbage-first heap   total 101376K, used 81833K [0x0000000080000000, 0x0000000100000000)
  region size 1024K, 28 young (28672K), 4 survivors (4096K)
 Metaspace       used 63090K, committed 63616K, reserved 1105920K
  class space    used 8483K, committed 8704K, reserved 1048576K
}
Event: 8.355 GC heap after
{Heap after GC invocations=28 (full 0):
 garbage-first heap   total 101376K, used 59266K [0x0000000080000000, 0x0000000100000000)
  region size 1024K, 4 young (4096K), 4 survivors (4096K)
 Metaspace       used 63090K, committed 63616K, reserved 1105920K
  class space    used 8483K, committed 8704K, reserved 1048576K
}
Event: 8.674 GC heap before
{Heap before GC invocations=29 (full 0):
 garbage-first heap   total 107520K, used 82818K [0x0000000080000000, 0x0000000100000000)
  region size 1024K, 27 young (27648K), 4 survivors (4096K)
 Metaspace       used 65815K, committed 66304K, reserved 1114112K
  class space    used 8920K, committed 9152K, reserved 1048576K
}
Event: 8.678 GC heap after
{Heap after GC invocations=30 (full 0):
 garbage-first heap   total 107520K, used 60549K [0x0000000080000000, 0x0000000100000000)
  region size 1024K, 4 young (4096K), 4 survivors (4096K)
 Metaspace       used 65815K, committed 66304K, reserved 1114112K
  class space    used 8920K, committed 9152K, reserved 1048576K
}

Deoptimization events (20 events):
Event: 8.806 Thread 0x00000213c9913df0 DEOPT PACKING pc=0x00000213b9799b48 sp=0x000000f35a3f9690
Event: 8.806 Thread 0x00000213c9913df0 DEOPT UNPACKING pc=0x00000213b1c3f92e sp=0x000000f35a3f9608 mode 2
Event: 8.810 Thread 0x00000213c9913df0 Uncommon trap: trap_request=0xffffff45 fr.pc=0x00000213b98c6c1c relative=0x000000000000023c
Event: 8.810 Thread 0x00000213c9913df0 Uncommon trap: reason=unstable_if action=reinterpret pc=0x00000213b98c6c1c method=com.google.gson.stream.JsonReader.doPeek()I @ 315 c2
Event: 8.810 Thread 0x00000213c9913df0 DEOPT PACKING pc=0x00000213b98c6c1c sp=0x000000f35a3f9ec0
Event: 8.811 Thread 0x00000213c9913df0 DEOPT UNPACKING pc=0x00000213b1c3f92e sp=0x000000f35a3f9e38 mode 2
Event: 8.811 Thread 0x00000213c9913df0 Uncommon trap: trap_request=0xffffff45 fr.pc=0x00000213b98c71a8 relative=0x0000000000000088
Event: 8.811 Thread 0x00000213c9913df0 Uncommon trap: reason=unstable_if action=reinterpret pc=0x00000213b98c71a8 method=com.google.gson.stream.JsonReader.peek()Lcom/google/gson/stream/JsonToken; @ 15 c2
Event: 8.811 Thread 0x00000213c9913df0 DEOPT PACKING pc=0x00000213b98c71a8 sp=0x000000f35a3f9bb0
Event: 8.811 Thread 0x00000213c9913df0 DEOPT UNPACKING pc=0x00000213b1c3f92e sp=0x000000f35a3f9b38 mode 2
Event: 8.837 Thread 0x00000213c9913df0 DEOPT PACKING pc=0x00000213b251c6dc sp=0x000000f35a3f80c0
Event: 8.837 Thread 0x00000213c9913df0 DEOPT UNPACKING pc=0x00000213b1c3e77e sp=0x000000f35a3f7688 mode 0
Event: 8.855 Thread 0x00000213c9913df0 Uncommon trap: trap_request=0xffffff45 fr.pc=0x00000213b99d5388 relative=0x0000000000000728
Event: 8.855 Thread 0x00000213c9913df0 Uncommon trap: reason=unstable_if action=reinterpret pc=0x00000213b99d5388 method=java.util.HashMap.putVal(ILjava/lang/Object;Ljava/lang/Object;ZZ)Ljava/lang/Object; @ 109 c2
Event: 8.855 Thread 0x00000213c9913df0 DEOPT PACKING pc=0x00000213b99d5388 sp=0x000000f35a3f7dd0
Event: 8.855 Thread 0x00000213c9913df0 DEOPT UNPACKING pc=0x00000213b1c3f92e sp=0x000000f35a3f7ce8 mode 2
Event: 8.855 Thread 0x00000213c9913df0 Uncommon trap: trap_request=0xffffff45 fr.pc=0x00000213b9a87a0c relative=0x00000000000006ac
Event: 8.855 Thread 0x00000213c9913df0 Uncommon trap: reason=unstable_if action=reinterpret pc=0x00000213b9a87a0c method=java.util.HashMap.putVal(ILjava/lang/Object;Ljava/lang/Object;ZZ)Ljava/lang/Object; @ 109 c2
Event: 8.855 Thread 0x00000213c9913df0 DEOPT PACKING pc=0x00000213b9a87a0c sp=0x000000f35a3f7d20
Event: 8.855 Thread 0x00000213c9913df0 DEOPT UNPACKING pc=0x00000213b1c3f92e sp=0x000000f35a3f7cd8 mode 2

Classes unloaded (0 events):
No events

Classes redefined (0 events):
No events

Internal exceptions (20 events):
Event: 7.484 Thread 0x00000213c9913df0 Exception <a 'java/lang/ClassNotFoundException'{0x00000000853dd6b8}: org/gradle/api/internal/artifacts/dsl/dependencies/DefaultDependencyHandlerBeanInfo> (0x00000000853dd6b8) 
thrown [t:\workspace\open\src\hotspot\share\classfile\systemDictionary.cpp, line 256]
Event: 7.484 Thread 0x00000213c9913df0 Exception <a 'java/lang/ClassNotFoundException'{0x00000000853f3398}: org/gradle/api/internal/artifacts/dsl/dependencies/DefaultDependencyHandlerCustomizer> (0x00000000853f3398) 
thrown [t:\workspace\open\src\hotspot\share\classfile\systemDictionary.cpp, line 256]
Event: 7.485 Thread 0x00000213c9913df0 Exception <a 'java/lang/ClassNotFoundException'{0x000000008522daa8}: org/gradle/api/internal/artifacts/dsl/dependencies/DefaultDependencyHandler_DecoratedCustomizer> (0x000000008522daa8) 
thrown [t:\workspace\open\src\hotspot\share\classfile\systemDictionary.cpp, line 256]
Event: 8.189 Thread 0x00000213c9913df0 Exception <a 'java/lang/ClassNotFoundException'{0x000000008577dda0}: com/android/build/gradle/internal/api/ApkVariantOutputImpl_DecoratedBeanInfo> (0x000000008577dda0) 
thrown [t:\workspace\open\src\hotspot\share\classfile\systemDictionary.cpp, line 256]
Event: 8.189 Thread 0x00000213c9913df0 Exception <a 'java/lang/ClassNotFoundException'{0x0000000085789358}: com/android/build/gradle/internal/api/ApkVariantOutputImplBeanInfo> (0x0000000085789358) 
thrown [t:\workspace\open\src\hotspot\share\classfile\systemDictionary.cpp, line 256]
Event: 8.189 Thread 0x00000213c9913df0 Exception <a 'java/lang/ClassNotFoundException'{0x0000000085794920}: com/android/build/gradle/internal/api/BaseVariantOutputImplBeanInfo> (0x0000000085794920) 
thrown [t:\workspace\open\src\hotspot\share\classfile\systemDictionary.cpp, line 256]
Event: 8.189 Thread 0x00000213c9913df0 Exception <a 'java/lang/ClassNotFoundException'{0x000000008579fec0}: com/android/build/gradle/internal/api/BaseVariantOutputImplCustomizer> (0x000000008579fec0) 
thrown [t:\workspace\open\src\hotspot\share\classfile\systemDictionary.cpp, line 256]
Event: 8.190 Thread 0x00000213c9913df0 Exception <a 'java/lang/ClassNotFoundException'{0x00000000857bdb50}: com/android/build/gradle/internal/api/ApkVariantOutputImplCustomizer> (0x00000000857bdb50) 
thrown [t:\workspace\open\src\hotspot\share\classfile\systemDictionary.cpp, line 256]
Event: 8.190 Thread 0x00000213c9913df0 Exception <a 'java/lang/ClassNotFoundException'{0x00000000857d6bf0}: com/android/build/gradle/internal/api/ApkVariantOutputImpl_DecoratedCustomizer> (0x00000000857d6bf0) 
thrown [t:\workspace\open\src\hotspot\share\classfile\systemDictionary.cpp, line 256]
Event: 8.201 Thread 0x00000213c9913df0 Exception <a 'java/lang/NoClassDefFoundError'{0x00000000856cb768}: org/jetbrains/kotlin/gradle/plugin/KotlinBasePluginWrapper> (0x00000000856cb768) 
thrown [t:\workspace\open\src\hotspot\share\classfile\systemDictionary.cpp, line 245]
Event: 8.239 Thread 0x00000213c9913df0 Implicit null exception at 0x00000213b99a5312 to 0x00000213b99a5a08
Event: 8.498 Thread 0x00000213c9913df0 Exception <a 'sun/nio/fs/WindowsException'{0x00000000862ce120}> (0x00000000862ce120) 
thrown [t:\workspace\open\src\hotspot\share\prims\jni.cpp, line 579]
Event: 8.498 Thread 0x00000213c9913df0 Exception <a 'sun/nio/fs/WindowsException'{0x00000000862ce630}> (0x00000000862ce630) 
thrown [t:\workspace\open\src\hotspot\share\prims\jni.cpp, line 579]
Event: 8.574 Thread 0x00000213c9913df0 Exception <a 'java/lang/NullPointerException'{0x000000008581c388}> (0x000000008581c388) 
thrown [t:\workspace\open\src\hotspot\share\interpreter\linkResolver.cpp, line 1468]
Event: 8.642 Thread 0x00000213c9913df0 Implicit null exception at 0x00000213b9a99e7e to 0x00000213b9a9be04
Event: 8.754 Thread 0x00000213c9913df0 Exception <a 'java/lang/NoSuchMethodError'{0x00000000863fa158}: 'java.lang.Object java.lang.invoke.DirectMethodHandle$Holder.newInvokeSpecial(java.lang.Object, java.lang.Object, int)'> (0x00000000863fa158) 
thrown [t:\workspace\open\src\hotspot\share\interpreter\linkResolver.cpp, line 790]
Event: 8.798 Thread 0x00000213c9913df0 Exception <a 'sun/nio/fs/WindowsException'{0x000000008610a150}> (0x000000008610a150) 
thrown [t:\workspace\open\src\hotspot\share\prims\jni.cpp, line 579]
Event: 8.799 Thread 0x00000213c9913df0 Exception <a 'sun/nio/fs/WindowsException'{0x000000008610b4e0}> (0x000000008610b4e0) 
thrown [t:\workspace\open\src\hotspot\share\prims\jni.cpp, line 579]
Event: 8.799 Thread 0x00000213c9913df0 Exception <a 'sun/nio/fs/WindowsException'{0x000000008610c8a8}> (0x000000008610c8a8) 
thrown [t:\workspace\open\src\hotspot\share\prims\jni.cpp, line 579]
Event: 8.799 Thread 0x00000213c9913df0 Exception <a 'sun/nio/fs/WindowsException'{0x000000008610dc70}> (0x000000008610dc70) 
thrown [t:\workspace\open\src\hotspot\share\prims\jni.cpp, line 579]

Events (20 events):
Event: 8.785 loading class org/xml/sax/helpers/AttributesImpl
Event: 8.785 loading class org/xml/sax/helpers/AttributesImpl done
Event: 8.786 loading class java/util/regex/Pattern$Behind
Event: 8.786 loading class java/util/regex/Pattern$Behind done
Event: 8.786 loading class java/util/regex/Pattern$Neg
Event: 8.786 loading class java/util/regex/Pattern$Neg done
Event: 8.792 loading class javax/xml/datatype/DatatypeConfigurationException
Event: 8.792 loading class javax/xml/datatype/DatatypeConfigurationException done
Event: 8.794 loading class com/sun/org/apache/xerces/internal/impl/io/MalformedByteSequenceException
Event: 8.794 loading class com/sun/org/apache/xerces/internal/impl/io/MalformedByteSequenceException done
Event: 8.799 loading class java/util/EnumMap$EntrySet
Event: 8.800 loading class java/util/EnumMap$EntrySet done
Event: 8.800 loading class java/util/EnumMap$EntryIterator
Event: 8.800 loading class java/util/EnumMap$EnumMapIterator
Event: 8.800 loading class java/util/EnumMap$EnumMapIterator done
Event: 8.800 loading class java/util/EnumMap$EntryIterator done
Event: 8.800 loading class java/util/EnumMap$EntryIterator$Entry
Event: 8.800 loading class java/util/EnumMap$EntryIterator$Entry done
Event: 8.809 Executing  VM operation: HandshakeAllThreads
Event: 8.809 Executing  VM operation: HandshakeAllThreads done


Dynamic libraries:
0x00007ff75d210000 - 0x00007ff75d220000 	C:\Program Files\Java\jdk-16.0.2\bin\java.exe
0x00007fff993d0000 - 0x00007fff995c8000 	C:\WINDOWS\SYSTEM32\ntdll.dll
0x00007fff97ca0000 - 0x00007fff97d5d000 	C:\WINDOWS\System32\KERNEL32.DLL
0x00007fff97160000 - 0x00007fff9742e000 	C:\WINDOWS\System32\KERNELBASE.dll
0x00007fff96af0000 - 0x00007fff96bf0000 	C:\WINDOWS\System32\ucrtbase.dll
0x00007fff8a250000 - 0x00007fff8a269000 	C:\Program Files\Java\jdk-16.0.2\bin\VCRUNTIME140.dll
0x00007fff8a160000 - 0x00007fff8a178000 	C:\Program Files\Java\jdk-16.0.2\bin\jli.dll
0x00007fff97d60000 - 0x00007fff97e0e000 	C:\WINDOWS\System32\ADVAPI32.dll
0x00007fff97c00000 - 0x00007fff97c9e000 	C:\WINDOWS\System32\msvcrt.dll
0x00007fff98090000 - 0x00007fff9812c000 	C:\WINDOWS\System32\sechost.dll
0x00007fff97e10000 - 0x00007fff97f35000 	C:\WINDOWS\System32\RPCRT4.dll
0x00007fff99070000 - 0x00007fff99210000 	C:\WINDOWS\System32\USER32.dll
0x00007fff96bf0000 - 0x00007fff96c12000 	C:\WINDOWS\System32\win32u.dll
0x00007fff7efe0000 - 0x00007fff7f27a000 	C:\WINDOWS\WinSxS\amd64_microsoft.windows.common-controls_6595b64144ccf1df_6.0.19041.1110_none_60b5254171f9507e\COMCTL32.dll
0x00007fff98060000 - 0x00007fff9808a000 	C:\WINDOWS\System32\GDI32.dll
0x00007fff96de0000 - 0x00007fff96eeb000 	C:\WINDOWS\System32\gdi32full.dll
0x00007fff96d40000 - 0x00007fff96ddd000 	C:\WINDOWS\System32\msvcp_win.dll
0x00007fff8f4b0000 - 0x00007fff8f4ba000 	C:\WINDOWS\SYSTEM32\VERSION.dll
0x00007fff98ef0000 - 0x00007fff98f20000 	C:\WINDOWS\System32\IMM32.DLL
0x00007fff91fa0000 - 0x00007fff91fac000 	C:\Program Files\Java\jdk-16.0.2\bin\vcruntime140_1.dll
0x00007fff63000000 - 0x00007fff63091000 	C:\Program Files\Java\jdk-16.0.2\bin\msvcp140.dll
0x00007fff24e30000 - 0x00007fff259db000 	C:\Program Files\Java\jdk-16.0.2\bin\server\jvm.dll
0x00007fff989e0000 - 0x00007fff989e8000 	C:\WINDOWS\System32\PSAPI.DLL
0x00007fff94970000 - 0x00007fff94997000 	C:\WINDOWS\SYSTEM32\WINMM.dll
0x00007fff92050000 - 0x00007fff92059000 	C:\WINDOWS\SYSTEM32\WSOCK32.dll
0x00007fff99320000 - 0x00007fff9938b000 	C:\WINDOWS\System32\WS2_32.dll
0x00007fff953b0000 - 0x00007fff953c2000 	C:\WINDOWS\SYSTEM32\kernel.appcore.dll
0x00007fff8e810000 - 0x00007fff8e81a000 	C:\Program Files\Java\jdk-16.0.2\bin\jimage.dll
0x00007fff94780000 - 0x00007fff94964000 	C:\WINDOWS\SYSTEM32\DBGHELP.DLL
0x00007fff94750000 - 0x00007fff9477c000 	C:\WINDOWS\SYSTEM32\dbgcore.DLL
0x00007fff96f20000 - 0x00007fff96fa2000 	C:\WINDOWS\System32\bcryptPrimitives.dll
0x00007fff6de90000 - 0x00007fff6deb5000 	C:\Program Files\Java\jdk-16.0.2\bin\java.dll
0x00007fff98130000 - 0x00007fff98874000 	C:\WINDOWS\System32\SHELL32.dll
0x00007fff94bd0000 - 0x00007fff95364000 	C:\WINDOWS\SYSTEM32\windows.storage.dll
0x00007fff97890000 - 0x00007fff97be4000 	C:\WINDOWS\System32\combase.dll
0x00007fff96550000 - 0x00007fff96580000 	C:\WINDOWS\SYSTEM32\Wldp.dll
0x00007fff99210000 - 0x00007fff992bd000 	C:\WINDOWS\System32\SHCORE.dll
0x00007fff98900000 - 0x00007fff98955000 	C:\WINDOWS\System32\shlwapi.dll
0x00007fff96a30000 - 0x00007fff96a4f000 	C:\WINDOWS\SYSTEM32\profapi.dll
0x00007fff806f0000 - 0x00007fff80709000 	C:\Program Files\Java\jdk-16.0.2\bin\net.dll
0x00007fff81f00000 - 0x00007fff8200a000 	C:\WINDOWS\SYSTEM32\WINHTTP.dll
0x00007fff962b0000 - 0x00007fff9631a000 	C:\WINDOWS\system32\mswsock.dll
0x00007fff7de60000 - 0x00007fff7de73000 	C:\Program Files\Java\jdk-16.0.2\bin\nio.dll
0x00007fff7cd10000 - 0x00007fff7cd28000 	C:\Program Files\Java\jdk-16.0.2\bin\zip.dll
0x00007fff89aa0000 - 0x00007fff89ab0000 	C:\Program Files\Java\jdk-16.0.2\bin\verify.dll
0x00007fff6e360000 - 0x00007fff6e387000 	C:\Users\ITECH\.gradle\native\e1d6ef7f7dcc3fd88c89a11ec53ec762bb8ba0a96d01ffa2cd45eb1d1d8dd5c5\windows-amd64\native-platform.dll
0x00007fff62930000 - 0x00007fff62a74000 	C:\Users\ITECH\.gradle\native\5664cfc778a61ccfe75a443a1ab52a65af34e5dc3c78e0209fed803814484fcb\windows-amd64\native-platform-file-events.dll
0x00007fff83ed0000 - 0x00007fff83ed9000 	C:\Program Files\Java\jdk-16.0.2\bin\management.dll
0x00007fff82db0000 - 0x00007fff82dbb000 	C:\Program Files\Java\jdk-16.0.2\bin\management_ext.dll
0x00007fff964a0000 - 0x00007fff964b8000 	C:\WINDOWS\SYSTEM32\CRYPTSP.dll
0x00007fff95bc0000 - 0x00007fff95bf4000 	C:\WINDOWS\system32\rsaenh.dll
0x00007fff96ef0000 - 0x00007fff96f17000 	C:\WINDOWS\System32\bcrypt.dll
0x00007fff969b0000 - 0x00007fff969de000 	C:\WINDOWS\SYSTEM32\USERENV.dll
0x00007fff964c0000 - 0x00007fff964cc000 	C:\WINDOWS\SYSTEM32\CRYPTBASE.dll
0x00007fff95f50000 - 0x00007fff95f8b000 	C:\WINDOWS\SYSTEM32\IPHLPAPI.DLL
0x00007fff98f20000 - 0x00007fff98f28000 	C:\WINDOWS\System32\NSI.dll
0x00007fff8ae80000 - 0x00007fff8ae97000 	C:\WINDOWS\SYSTEM32\dhcpcsvc6.DLL
0x00007fff8b590000 - 0x00007fff8b5ad000 	C:\WINDOWS\SYSTEM32\dhcpcsvc.DLL
0x00007fff95fa0000 - 0x00007fff9606a000 	C:\WINDOWS\SYSTEM32\DNSAPI.dll
0x00007fff82cc0000 - 0x00007fff82cce000 	C:\Program Files\Java\jdk-16.0.2\bin\sunmscapi.dll
0x00007fff96fb0000 - 0x00007fff97106000 	C:\WINDOWS\System32\CRYPT32.dll
0x00007fff965c0000 - 0x00007fff965e7000 	C:\WINDOWS\SYSTEM32\ncrypt.dll
0x00007fff96580000 - 0x00007fff965bb000 	C:\WINDOWS\SYSTEM32\NTASN1.dll
0x00007fff5ee10000 - 0x00007fff5ee17000 	C:\WINDOWS\system32\wshunix.dll

dbghelp: loaded successfully - version: 4.0.5 - missing functions: none
symbol engine: initialized successfully - sym options: 0x614 - pdb path: .;C:\Program Files\Java\jdk-16.0.2\bin;C:\WINDOWS\SYSTEM32;C:\WINDOWS\WinSxS\amd64_microsoft.windows.common-controls_6595b64144ccf1df_6.0.19041.1110_none_60b5254171f9507e;C:\Program Files\Java\jdk-16.0.2\bin\server;C:\Users\ITECH\.gradle\native\e1d6ef7f7dcc3fd88c89a11ec53ec762bb8ba0a96d01ffa2cd45eb1d1d8dd5c5\windows-amd64;C:\Users\ITECH\.gradle\native\5664cfc778a61ccfe75a443a1ab52a65af34e5dc3c78e0209fed803814484fcb\windows-amd64

VM Arguments:
jvm_args: --add-opens=java.base/java.util=ALL-UNNAMED --add-opens=java.base/java.lang=ALL-UNNAMED --add-opens=java.base/java.lang.invoke=ALL-UNNAMED --add-opens=java.base/java.util=ALL-UNNAMED --add-opens=java.prefs/java.util.prefs=ALL-UNNAMED --add-opens=java.prefs/java.util.prefs=ALL-UNNAMED --add-opens=java.base/java.nio.charset=ALL-UNNAMED --add-opens=java.base/java.net=ALL-UNNAMED --add-opens=java.base/java.util.concurrent.atomic=ALL-UNNAMED -Xmx2048m -Dfile.encoding=UTF-8 -Duser.country=US -Duser.language=en -Duser.variant 
java_command: org.gradle.launcher.daemon.bootstrap.GradleDaemon 7.3.3
java_class_path (initial): C:\Users\ITECH\.gradle\wrapper\dists\gradle-7.3.3-bin\6a41zxkdtcxs8rphpq6y0069z\gradle-7.3.3\lib\gradle-launcher-7.3.3.jar
Launcher Type: SUN_STANDARD

[Global flags]
     intx CICompilerCount                          = 4                                         {product} {ergonomic}
     uint ConcGCThreads                            = 2                                         {product} {ergonomic}
     uint G1ConcRefinementThreads                  = 8                                         {product} {ergonomic}
   size_t G1HeapRegionSize                         = 1048576                                   {product} {ergonomic}
    uintx GCDrainStackTargetSize                   = 64                                        {product} {ergonomic}
   size_t InitialHeapSize                          = 132120576                                 {product} {ergonomic}
   size_t MarkStackSize                            = 4194304                                   {product} {ergonomic}
   size_t MaxHeapSize                              = 2147483648                                {product} {command line}
   size_t MaxNewSize                               = 1287651328                                {product} {ergonomic}
   size_t MinHeapDeltaBytes                        = 1048576                                   {product} {ergonomic}
   size_t MinHeapSize                              = 8388608                                   {product} {ergonomic}
    uintx NonNMethodCodeHeapSize                   = 5839372                                {pd product} {ergonomic}
    uintx NonProfiledCodeHeapSize                  = 122909434                              {pd product} {ergonomic}
    uintx ProfiledCodeHeapSize                     = 122909434                              {pd product} {ergonomic}
    uintx ReservedCodeCacheSize                    = 251658240                              {pd product} {ergonomic}
     bool SegmentedCodeCache                       = true                                      {product} {ergonomic}
   size_t SoftMaxHeapSize                          = 2147483648                             {manageable} {ergonomic}
     bool UseCompressedClassPointers               = true                           {product lp64_product} {ergonomic}
     bool UseCompressedOops                        = true                           {product lp64_product} {ergonomic}
     bool UseG1GC                                  = true                                      {product} {ergonomic}
     bool UseLargePagesIndividualAllocation        = false                                  {pd product} {ergonomic}

Logging:
Log output configuration:
 #0: stdout all=warning uptime,level,tags
 #1: stderr all=off uptime,level,tags

Environment Variables:
JAVA_HOME=C:\Program Files\Java\jdk-16.0.2
PATH=C:\Program Files\Python37\Scripts\;C:\Program Files\Python37\;C:\ProgramData\Oracle\Java\javapath;C:\app\ITECH\product\11.2.0\dbhome_1\bin;C:\Program Files\Common Files\Oracle\Java\javapath;C:\Program Files (x86)\Common Files\Oracle\Java\javapath;C:\WINDOWS\system32;C:\WINDOWS;C:\WINDOWS\System32\Wbem;C:\WINDOWS\System32\WindowsPowerShell\v1.0\;C:\WINDOWS\System32\OpenSSH\;C:\Program Files\Microsoft SQL Server\130\Tools\Binn\;C:\Program Files\Microsoft SQL Server\Client SDK\ODBC\170\Tools\Binn\;C:\Program Files\dotnet\;C:\Program Files\nodejs\;C:\Program Files\Java\jdk-16.0.2\bin;C:\Program Files\Git\cmd;C:\Program Files\Java\jdk-16.0.2\bin;
USERNAME=ITECH
OS=Windows_NT
PROCESSOR_IDENTIFIER=Intel64 Family 6 Model 126 Stepping 5, GenuineIntel



---------------  S Y S T E M  ---------------

OS:
 Windows 10 , 64 bit Build 19041 (10.0.19041.1889)
OS uptime: 0 days 4:48 hours

CPU: total 8 (initial active 8) (4 cores per cpu, 2 threads per core) family 6 model 126 stepping 5 microcode 0xb0, cx8, cmov, fxsr, ht, mmx, 3dnowpref, sse, sse2, sse3, ssse3, sse4.1, sse4.2, popcnt, lzcnt, tsc, tscinvbit, avx, avx2, aes, erms, clmul, bmi1, bmi2, adx, avx512f, avx512dq, avx512cd, avx512bw, avx512vl, sha, fma, vzeroupper, avx512_vpopcntdq, avx512_vpclmulqdq, avx512_vaes, avx512_vnni, clflush, clflushopt, avx512_vmbi2, avx512_vmbi

Memory: 4k page, system-wide physical 7959M (778M free)
TotalPageFile size 7959M (AvailPageFile size 5M)
current process WorkingSet (physical memory assigned to process): 337M, peak: 338M
current process commit charge ("private bytes"): 379M, peak: 380M

vm_info: Java HotSpot(TM) 64-Bit Server VM (16.0.2+7-67) for windows-amd64 JRE (16.0.2+7-67), built on Jun  8 2021 23:24:19 by "mach5one" with MS VC++ 16.7 (VS2019)

END.
