#
# There is insufficient memory for the Java Runtime Environment to continue.
# Native memory allocation (malloc) failed to allocate 1023696 bytes for Chunk::new
# Possible reasons:
#   The system is out of physical RAM or swap space
#   The process is running with CompressedOops enabled, and the Java Heap may be blocking the growth of the native heap
# Possible solutions:
#   Reduce memory load on the system
#   Increase physical memory or swap space
#   Check if swap backing store is full
#   Decrease Java heap size (-Xmx/-Xms)
#   Decrease number of Java threads
#   Decrease Java thread stack sizes (-Xss)
#   Set larger code cache with -XX:ReservedCodeCacheSize=
#   JVM is running with Unscaled Compressed Oops mode in which the Java heap is
#     placed in the first 4GB address space. The Java Heap base address is the
#     maximum limit for the native heap growth. Please use -XX:HeapBaseMinAddress
#     to set the Java Heap base and to place the Java Heap above 4GB virtual address.
# This output file may be truncated or incomplete.
#
#  Out of Memory Error (arena.cpp:195), pid=4820, tid=12912
#
# JRE version: Java(TM) SE Runtime Environment (16.0.2+7) (build 16.0.2+7-67)
# Java VM: Java HotSpot(TM) 64-Bit Server VM (16.0.2+7-67, mixed mode, sharing, tiered, compressed oops, compressed class ptrs, g1 gc, windows-amd64)
# No core dump will be written. Minidumps are not enabled by default on client versions of Windows
#

---------------  S U M M A R Y ------------

Command Line: --add-opens=java.base/java.util=ALL-UNNAMED --add-opens=java.base/java.lang=ALL-UNNAMED --add-opens=java.base/java.lang.invoke=ALL-UNNAMED --add-opens=java.base/java.util=ALL-UNNAMED --add-opens=java.prefs/java.util.prefs=ALL-UNNAMED --add-opens=java.prefs/java.util.prefs=ALL-UNNAMED --add-opens=java.base/java.nio.charset=ALL-UNNAMED --add-opens=java.base/java.net=ALL-UNNAMED --add-opens=java.base/java.util.concurrent.atomic=ALL-UNNAMED -Xmx2048m -Dfile.encoding=UTF-8 -Duser.country=US -Duser.language=en -Duser.variant org.gradle.launcher.daemon.bootstrap.GradleDaemon 7.3.3

Host: Intel(R) Core(TM) i7-1065G7 CPU @ 1.30GHz, 8 cores, 7G,  Windows 10 , 64 bit Build 19041 (10.0.19041.1889)
Time: Mon Aug 22 14:57:52 2022 Egypt Standard Time elapsed time: 16.762855 seconds (0d 0h 0m 16s)

---------------  T H R E A D  ---------------

Current thread (0x000001f9f686d900):  JavaThread "C2 CompilerThread1" daemon [_thread_in_native, id=12912, stack(0x000000b53d100000,0x000000b53d200000)]


Current CompileTask:
C2:  16762 15478 %     4       com.android.tools.r8.dex.j::a @ 313 (1042 bytes)

Stack: [0x000000b53d100000,0x000000b53d200000]
Native frames: (J=compiled Java code, j=interpreted, Vv=VM code, C=native code)
V  [jvm.dll+0x6681ca]
V  [jvm.dll+0x7c9e69]
V  [jvm.dll+0x7cb61e]
V  [jvm.dll+0x7cbc73]
V  [jvm.dll+0x242c55]
V  [jvm.dll+0xadeba]
V  [jvm.dll+0xae45c]
V  [jvm.dll+0x2a4cdf]
V  [jvm.dll+0x573c29]
V  [jvm.dll+0x21e905]
V  [jvm.dll+0x217c01]
V  [jvm.dll+0x214ffc]
V  [jvm.dll+0x1a1beb]
V  [jvm.dll+0x225158]
V  [jvm.dll+0x22319c]
V  [jvm.dll+0x77fa62]
V  [jvm.dll+0x7795aa]
V  [jvm.dll+0x667066]
C  [ucrtbase.dll+0x21bb2]
C  [KERNEL32.DLL+0x17034]
C  [ntdll.dll+0x52651]


---------------  P R O C E S S  ---------------

Threads class SMR info:
_java_thread_list=0x000001f9f62bac40, length=166, elements={
0x000001f9cff6ef40, 0x000001f9effbc000, 0x000001f9effbcb10, 0x000001f9effcab30,
0x000001f9effd1470, 0x000001f9effd3d90, 0x000001f9effd46a0, 0x000001f9effd5390,
0x000001f9effd6da0, 0x000001f9effea460, 0x000001f9f0ce29d0, 0x000001f9f0ce4950,
0x000001f9f2655d00, 0x000001f9f25fd280, 0x000001f9f3684790, 0x000001f9f39d4dd0,
0x000001f9f321e010, 0x000001f9f22e9a50, 0x000001f9f1fb0c20, 0x000001f9f1fb0180,
0x000001f9f1fb1170, 0x000001f9f1fb16c0, 0x000001f9f1fb1c10, 0x000001f9f1fb2160,
0x000001f9f1fb26b0, 0x000001f9f1fb06d0, 0x000001f9f1faf6e0, 0x000001f9f1fb2c00,
0x000001f9f1fafc30, 0x000001f9f41eeab0, 0x000001f9f41f0540, 0x000001f9f41e9b00,
0x000001f9f41efaa0, 0x000001f9f41eaaf0, 0x000001f9f41f0a90, 0x000001f9f41ecad0,
0x000001f9f41edac0, 0x000001f9f41eb590, 0x000001f9f41ebae0, 0x000001f9f41ec030,
0x000001f9f41ee560, 0x000001f9f41ed020, 0x000001f9f41ed570, 0x000001f9f41ee010,
0x000001f9f41ef000, 0x000001f9f41ef550, 0x000001f9f41efff0, 0x000001f9f6ad7ad0,
0x000001f9f6ad9ab0, 0x000001f9f6ad8020, 0x000001f9f6ad6ae0, 0x000001f9f6ad8570,
0x000001f9f6ada550, 0x000001f9f6ad45b0, 0x000001f9f6ad7580, 0x000001f9f6ad55a0,
0x000001f9f6ad4b00, 0x000001f9f6ad8ac0, 0x000001f9f6ad9010, 0x000001f9f6ad9560,
0x000001f9f6ad5050, 0x000001f9f6ad35c0, 0x000001f9f6ad6590, 0x000001f9f6ad5af0,
0x000001f9f6ad7030, 0x000001f9f6ad6040, 0x000001f9f6ada000, 0x000001f9f6adaaa0,
0x000001f9f6ad3070, 0x000001f9f6ad3b10, 0x000001f9f6ad4060, 0x000001f9f3e85aa0,
0x000001f9f3e80050, 0x000001f9f3e82ad0, 0x000001f9f3e82030, 0x000001f9f3e7fb00,
0x000001f9f3e84ab0, 0x000001f9f3e7f060, 0x000001f9f3e85ff0, 0x000001f9f3e83020,
0x000001f9f3e805a0, 0x000001f9f3e82580, 0x000001f9f3e7f5b0, 0x000001f9f3e80af0,
0x000001f9f3e83570, 0x000001f9f3e85550, 0x000001f9f3e86540, 0x000001f9f3e86a90,
0x000001f9f3e81040, 0x000001f9f3e83ac0, 0x000001f9f3e81590, 0x000001f9f3e84010,
0x000001f9f3e84560, 0x000001f9f3e81ae0, 0x000001f9f3e85000, 0x000001f9f770fb00,
0x000001f9f770d5d0, 0x000001f9f770e070, 0x000001f9f770f5b0, 0x000001f9f770db20,
0x000001f9f770e5c0, 0x000001f9f7710050, 0x000001f9f770eb10, 0x000001f9f770f060,
0x000001f9f77105a0, 0x000001f9f770d080, 0x000001f9f43b9d10, 0x000001f9f43b77e0,
0x000001f9f43bc790, 0x000001f9f43b7d30, 0x000001f9f43b67f0, 0x000001f9f43bb7a0,
0x000001f9f43be220, 0x000001f9f43b6d40, 0x000001f9f43b9270, 0x000001f9f43ba260,
0x000001f9f43b8280, 0x000001f9f43b87d0, 0x000001f9f43b8d20, 0x000001f9f43bb250,
0x000001f9f43bd780, 0x000001f9f43ba7b0, 0x000001f9f43bdcd0, 0x000001f9f43b97c0,
0x000001f9f43bd230, 0x000001f9f8812e40, 0x000001f9f8813390, 0x000001f9f88128f0,
0x000001f9f88123a0, 0x000001f9f880c400, 0x000001f9f880b960, 0x000001f9f880c950,
0x000001f9f880e930, 0x000001f9f88103c0, 0x000001f9f880f920, 0x000001f9f880f3d0,
0x000001f9f8811900, 0x000001f9f8810910, 0x000001f9f8810e60, 0x000001f9f686d900,
0x000001f9f686ef40, 0x000001f9f88113b0, 0x000001f9f8811e50, 0x000001f9f880e3e0,
0x000001f9f43bbcf0, 0x000001f9f2de9a90, 0x000001f9f2de8000, 0x000001f9f2de8550,
0x000001f9f2de7010, 0x000001f9f2de9fe0, 0x000001f9f880de90, 0x000001f9f2de7560,
0x000001f9f330d820, 0x000001f9f3311290, 0x000001f9f330f2b0, 0x000001f9f3314d00,
0x000001f9f33117e0, 0x000001f9f330e810, 0x000001f9f33137c0, 0x000001f9f33107f0,
0x000001f9f330ed60, 0x000001f9f3310d40, 0x000001f9f3311d30, 0x000001f9f3313d10,
0x000001f9f3312280, 0x000001f9f3312d20
}

Java Threads: ( => current thread )
  0x000001f9cff6ef40 JavaThread "main" [_thread_blocked, id=11636, stack(0x000000b53be00000,0x000000b53bf00000)]
  0x000001f9effbc000 JavaThread "Reference Handler" daemon [_thread_blocked, id=9268, stack(0x000000b53c500000,0x000000b53c600000)]
  0x000001f9effbcb10 JavaThread "Finalizer" daemon [_thread_blocked, id=8128, stack(0x000000b53c600000,0x000000b53c700000)]
  0x000001f9effcab30 JavaThread "Signal Dispatcher" daemon [_thread_blocked, id=11732, stack(0x000000b53c700000,0x000000b53c800000)]
  0x000001f9effd1470 JavaThread "Attach Listener" daemon [_thread_blocked, id=4956, stack(0x000000b53c800000,0x000000b53c900000)]
  0x000001f9effd3d90 JavaThread "Service Thread" daemon [_thread_blocked, id=10552, stack(0x000000b53c900000,0x000000b53ca00000)]
  0x000001f9effd46a0 JavaThread "Monitor Deflation Thread" daemon [_thread_blocked, id=1308, stack(0x000000b53ca00000,0x000000b53cb00000)]
  0x000001f9effd5390 JavaThread "C2 CompilerThread0" daemon [_thread_in_native, id=10412, stack(0x000000b53cb00000,0x000000b53cc00000)]
  0x000001f9effd6da0 JavaThread "C1 CompilerThread0" daemon [_thread_blocked, id=13008, stack(0x000000b53cc00000,0x000000b53cd00000)]
  0x000001f9effea460 JavaThread "Sweeper thread" daemon [_thread_blocked, id=10020, stack(0x000000b53cd00000,0x000000b53ce00000)]
  0x000001f9f0ce29d0 JavaThread "Common-Cleaner" daemon [_thread_blocked, id=9312, stack(0x000000b53ce00000,0x000000b53cf00000)]
  0x000001f9f0ce4950 JavaThread "Notification Thread" daemon [_thread_blocked, id=9548, stack(0x000000b53cf00000,0x000000b53d000000)]
  0x000001f9f2655d00 JavaThread "Daemon health stats" [_thread_blocked, id=1780, stack(0x000000b53d700000,0x000000b53d800000)]
  0x000001f9f25fd280 JavaThread "Incoming local TCP Connector on port 49777" [_thread_in_native, id=7428, stack(0x000000b53d800000,0x000000b53d900000)]
  0x000001f9f3684790 JavaThread "Daemon periodic checks" [_thread_blocked, id=9592, stack(0x000000b53d900000,0x000000b53da00000)]
  0x000001f9f39d4dd0 JavaThread "Daemon" [_thread_blocked, id=624, stack(0x000000b53da00000,0x000000b53db00000)]
  0x000001f9f321e010 JavaThread "Handler for socket connection from /127.0.0.1:49777 to /127.0.0.1:49778" [_thread_in_native, id=1464, stack(0x000000b53db00000,0x000000b53dc00000)]
  0x000001f9f22e9a50 JavaThread "Cancel handler" [_thread_blocked, id=3356, stack(0x000000b53dc00000,0x000000b53dd00000)]
  0x000001f9f1fb0c20 JavaThread "Daemon worker" [_thread_blocked, id=10172, stack(0x000000b53dd00000,0x000000b53de00000)]
  0x000001f9f1fb0180 JavaThread "Asynchronous log dispatcher for DefaultDaemonConnection: socket connection from /127.0.0.1:49777 to /127.0.0.1:49778" [_thread_blocked, id=8728, stack(0x000000b53de00000,0x000000b53df00000)]
  0x000001f9f1fb1170 JavaThread "Stdin handler" [_thread_blocked, id=1600, stack(0x000000b53df00000,0x000000b53e000000)]
  0x000001f9f1fb16c0 JavaThread "Daemon client event forwarder" [_thread_blocked, id=1120, stack(0x000000b53e000000,0x000000b53e100000)]
  0x000001f9f1fb1c10 JavaThread "Cache worker for journal cache (C:\Users\ITECH\.gradle\caches\journal-1)" [_thread_blocked, id=12116, stack(0x000000b53e100000,0x000000b53e200000)]
  0x000001f9f1fb2160 JavaThread "File lock request listener" [_thread_in_native, id=1360, stack(0x000000b53e200000,0x000000b53e300000)]
  0x000001f9f1fb26b0 JavaThread "Cache worker for file hash cache (C:\Users\ITECH\.gradle\caches\7.3.3\fileHashes)" [_thread_blocked, id=1488, stack(0x000000b53e300000,0x000000b53e400000)]
  0x000001f9f1fb06d0 JavaThread "Cache worker for file hash cache (C:\Users\ITECH\AndroidStudioProjects\yummy\.gradle\7.3.3\fileHashes)" [_thread_blocked, id=12512, stack(0x000000b53e400000,0x000000b53e500000)]
  0x000001f9f1faf6e0 JavaThread "File watcher server" daemon [_thread_in_native, id=9252, stack(0x000000b53e800000,0x000000b53e900000)]
  0x000001f9f1fb2c00 JavaThread "File watcher consumer" daemon [_thread_blocked, id=9212, stack(0x000000b53e900000,0x000000b53ea00000)]
  0x000001f9f1fafc30 JavaThread "Cache worker for checksums cache (C:\Users\ITECH\AndroidStudioProjects\yummy\.gradle\7.3.3\checksums)" [_thread_blocked, id=11544, stack(0x000000b53ea00000,0x000000b53eb00000)]
  0x000001f9f41eeab0 JavaThread "Cache worker for cache directory md-supplier (C:\Users\ITECH\.gradle\caches\7.3.3\md-supplier)" [_thread_blocked, id=7440, stack(0x000000b53eb00000,0x000000b53ec00000)]
  0x000001f9f41f0540 JavaThread "Cache worker for cache directory md-rule (C:\Users\ITECH\.gradle\caches\7.3.3\md-rule)" [_thread_blocked, id=12540, stack(0x000000b53ec00000,0x000000b53ed00000)]
  0x000001f9f41e9b00 JavaThread "Cache worker for execution history cache (C:\Users\ITECH\.gradle\caches\7.3.3\executionHistory)" [_thread_blocked, id=8788, stack(0x000000b53ee00000,0x000000b53ef00000)]
  0x000001f9f41efaa0 JavaThread "jar transforms" [_thread_blocked, id=12860, stack(0x000000b53ef00000,0x000000b53f000000)]
  0x000001f9f41eaaf0 JavaThread "Cache worker for file content cache (C:\Users\ITECH\.gradle\caches\7.3.3\fileContent)" [_thread_blocked, id=9680, stack(0x000000b53f000000,0x000000b53f100000)]
  0x000001f9f41f0a90 JavaThread "jar transforms Thread 2" [_thread_blocked, id=6428, stack(0x000000b53f100000,0x000000b53f200000)]
  0x000001f9f41ecad0 JavaThread "Cache worker for dependencies-accessors (C:\Users\ITECH\AndroidStudioProjects\yummy\.gradle\7.3.3\dependencies-accessors)" [_thread_blocked, id=5488, stack(0x000000b53f200000,0x000000b53f300000)]
  0x000001f9f41edac0 JavaThread "jar transforms Thread 3" [_thread_blocked, id=3056, stack(0x000000b53f300000,0x000000b53f400000)]
  0x000001f9f41eb590 JavaThread "Cache worker for Build Output Cleanup Cache (C:\Users\ITECH\AndroidStudioProjects\yummy\.gradle\buildOutputCleanup)" [_thread_blocked, id=5800, stack(0x000000b53f400000,0x000000b53f500000)]
  0x000001f9f41ebae0 JavaThread "Unconstrained build operations" [_thread_blocked, id=7720, stack(0x000000b53f500000,0x000000b53f600000)]
  0x000001f9f41ec030 JavaThread "Unconstrained build operations Thread 2" [_thread_blocked, id=11276, stack(0x000000b53f600000,0x000000b53f700000)]
  0x000001f9f41ee560 JavaThread "Unconstrained build operations Thread 3" [_thread_blocked, id=8760, stack(0x000000b53f700000,0x000000b53f800000)]
  0x000001f9f41ed020 JavaThread "Unconstrained build operations Thread 4" [_thread_blocked, id=8164, stack(0x000000b53f800000,0x000000b53f900000)]
  0x000001f9f41ed570 JavaThread "Unconstrained build operations Thread 5" [_thread_blocked, id=6832, stack(0x000000b53f900000,0x000000b53fa00000)]
  0x000001f9f41ee010 JavaThread "Unconstrained build operations Thread 6" [_thread_blocked, id=10388, stack(0x000000b53fa00000,0x000000b53fb00000)]
  0x000001f9f41ef000 JavaThread "Unconstrained build operations Thread 7" [_thread_blocked, id=9356, stack(0x000000b53fb00000,0x000000b53fc00000)]
  0x000001f9f41ef550 JavaThread "Unconstrained build operations Thread 8" [_thread_blocked, id=9360, stack(0x000000b53fc00000,0x000000b53fd00000)]
  0x000001f9f41efff0 JavaThread "Unconstrained build operations Thread 9" [_thread_blocked, id=11028, stack(0x000000b53fd00000,0x000000b53fe00000)]
  0x000001f9f6ad7ad0 JavaThread "Unconstrained build operations Thread 10" [_thread_blocked, id=12056, stack(0x000000b53fe00000,0x000000b53ff00000)]
  0x000001f9f6ad9ab0 JavaThread "Unconstrained build operations Thread 11" [_thread_blocked, id=4744, stack(0x000000b53ff00000,0x000000b540000000)]
  0x000001f9f6ad8020 JavaThread "Unconstrained build operations Thread 12" [_thread_blocked, id=6808, stack(0x000000b540000000,0x000000b540100000)]
  0x000001f9f6ad6ae0 JavaThread "Unconstrained build operations Thread 13" [_thread_blocked, id=11896, stack(0x000000b540100000,0x000000b540200000)]
  0x000001f9f6ad8570 JavaThread "Unconstrained build operations Thread 14" [_thread_blocked, id=7092, stack(0x000000b540200000,0x000000b540300000)]
  0x000001f9f6ada550 JavaThread "Unconstrained build operations Thread 15" [_thread_blocked, id=13216, stack(0x000000b540300000,0x000000b540400000)]
  0x000001f9f6ad45b0 JavaThread "Unconstrained build operations Thread 16" [_thread_blocked, id=10972, stack(0x000000b540400000,0x000000b540500000)]
  0x000001f9f6ad7580 JavaThread "Unconstrained build operations Thread 17" [_thread_blocked, id=11252, stack(0x000000b540500000,0x000000b540600000)]
  0x000001f9f6ad55a0 JavaThread "Unconstrained build operations Thread 18" [_thread_blocked, id=1752, stack(0x000000b540600000,0x000000b540700000)]
  0x000001f9f6ad4b00 JavaThread "Unconstrained build operations Thread 19" [_thread_blocked, id=2188, stack(0x000000b540700000,0x000000b540800000)]
  0x000001f9f6ad8ac0 JavaThread "Unconstrained build operations Thread 20" [_thread_blocked, id=6432, stack(0x000000b540800000,0x000000b540900000)]
  0x000001f9f6ad9010 JavaThread "Unconstrained build operations Thread 21" [_thread_blocked, id=8712, stack(0x000000b540900000,0x000000b540a00000)]
  0x000001f9f6ad9560 JavaThread "Unconstrained build operations Thread 22" [_thread_blocked, id=10180, stack(0x000000b540a00000,0x000000b540b00000)]
  0x000001f9f6ad5050 JavaThread "Unconstrained build operations Thread 23" [_thread_blocked, id=10420, stack(0x000000b540b00000,0x000000b540c00000)]
  0x000001f9f6ad35c0 JavaThread "Unconstrained build operations Thread 24" [_thread_blocked, id=4568, stack(0x000000b540c00000,0x000000b540d00000)]
  0x000001f9f6ad6590 JavaThread "Unconstrained build operations Thread 25" [_thread_blocked, id=2448, stack(0x000000b540d00000,0x000000b540e00000)]
  0x000001f9f6ad5af0 JavaThread "Unconstrained build operations Thread 26" [_thread_blocked, id=11152, stack(0x000000b540e00000,0x000000b540f00000)]
  0x000001f9f6ad7030 JavaThread "Unconstrained build operations Thread 27" [_thread_blocked, id=7888, stack(0x000000b540f00000,0x000000b541000000)]
  0x000001f9f6ad6040 JavaThread "Unconstrained build operations Thread 28" [_thread_blocked, id=8956, stack(0x000000b541000000,0x000000b541100000)]
  0x000001f9f6ada000 JavaThread "Unconstrained build operations Thread 29" [_thread_blocked, id=13196, stack(0x000000b541100000,0x000000b541200000)]
  0x000001f9f6adaaa0 JavaThread "Unconstrained build operations Thread 30" [_thread_blocked, id=6300, stack(0x000000b541200000,0x000000b541300000)]
  0x000001f9f6ad3070 JavaThread "Unconstrained build operations Thread 31" [_thread_blocked, id=3216, stack(0x000000b541300000,0x000000b541400000)]
  0x000001f9f6ad3b10 JavaThread "Unconstrained build operations Thread 32" [_thread_blocked, id=9080, stack(0x000000b541400000,0x000000b541500000)]
  0x000001f9f6ad4060 JavaThread "Unconstrained build operations Thread 33" [_thread_blocked, id=1068, stack(0x000000b541500000,0x000000b541600000)]
  0x000001f9f3e85aa0 JavaThread "Unconstrained build operations Thread 34" [_thread_blocked, id=9664, stack(0x000000b541600000,0x000000b541700000)]
  0x000001f9f3e80050 JavaThread "Unconstrained build operations Thread 35" [_thread_blocked, id=13232, stack(0x000000b541700000,0x000000b541800000)]
  0x000001f9f3e82ad0 JavaThread "Unconstrained build operations Thread 36" [_thread_blocked, id=9368, stack(0x000000b541800000,0x000000b541900000)]
  0x000001f9f3e82030 JavaThread "Unconstrained build operations Thread 37" [_thread_blocked, id=10928, stack(0x000000b541900000,0x000000b541a00000)]
  0x000001f9f3e7fb00 JavaThread "Unconstrained build operations Thread 38" [_thread_blocked, id=12460, stack(0x000000b541a00000,0x000000b541b00000)]
  0x000001f9f3e84ab0 JavaThread "Unconstrained build operations Thread 39" [_thread_blocked, id=12740, stack(0x000000b541b00000,0x000000b541c00000)]
  0x000001f9f3e7f060 JavaThread "Unconstrained build operations Thread 40" [_thread_blocked, id=8828, stack(0x000000b541c00000,0x000000b541d00000)]
  0x000001f9f3e85ff0 JavaThread "Unconstrained build operations Thread 41" [_thread_blocked, id=6148, stack(0x000000b541d00000,0x000000b541e00000)]
  0x000001f9f3e83020 JavaThread "Unconstrained build operations Thread 42" [_thread_blocked, id=11860, stack(0x000000b541e00000,0x000000b541f00000)]
  0x000001f9f3e805a0 JavaThread "Unconstrained build operations Thread 43" [_thread_blocked, id=7836, stack(0x000000b541f00000,0x000000b542000000)]
  0x000001f9f3e82580 JavaThread "Unconstrained build operations Thread 44" [_thread_blocked, id=4728, stack(0x000000b542000000,0x000000b542100000)]
  0x000001f9f3e7f5b0 JavaThread "Unconstrained build operations Thread 45" [_thread_blocked, id=4672, stack(0x000000b542100000,0x000000b542200000)]
  0x000001f9f3e80af0 JavaThread "Unconstrained build operations Thread 46" [_thread_blocked, id=12036, stack(0x000000b542200000,0x000000b542300000)]
  0x000001f9f3e83570 JavaThread "Unconstrained build operations Thread 47" [_thread_blocked, id=6932, stack(0x000000b542300000,0x000000b542400000)]
  0x000001f9f3e85550 JavaThread "Unconstrained build operations Thread 48" [_thread_blocked, id=9388, stack(0x000000b542400000,0x000000b542500000)]
  0x000001f9f3e86540 JavaThread "Unconstrained build operations Thread 49" [_thread_blocked, id=10156, stack(0x000000b542500000,0x000000b542600000)]
  0x000001f9f3e86a90 JavaThread "Unconstrained build operations Thread 50" [_thread_blocked, id=12840, stack(0x000000b542600000,0x000000b542700000)]
  0x000001f9f3e81040 JavaThread "Unconstrained build operations Thread 51" [_thread_blocked, id=12016, stack(0x000000b542700000,0x000000b542800000)]
  0x000001f9f3e83ac0 JavaThread "Unconstrained build operations Thread 52" [_thread_blocked, id=7740, stack(0x000000b542800000,0x000000b542900000)]
  0x000001f9f3e81590 JavaThread "Unconstrained build operations Thread 53" [_thread_blocked, id=11240, stack(0x000000b542900000,0x000000b542a00000)]
  0x000001f9f3e84010 JavaThread "Unconstrained build operations Thread 54" [_thread_blocked, id=7404, stack(0x000000b542a00000,0x000000b542b00000)]
  0x000001f9f3e84560 JavaThread "Unconstrained build operations Thread 55" [_thread_blocked, id=9112, stack(0x000000b542b00000,0x000000b542c00000)]
  0x000001f9f3e81ae0 JavaThread "Unconstrained build operations Thread 56" [_thread_blocked, id=9524, stack(0x000000b542c00000,0x000000b542d00000)]
  0x000001f9f3e85000 JavaThread "Unconstrained build operations Thread 57" [_thread_blocked, id=2504, stack(0x000000b542d00000,0x000000b542e00000)]
  0x000001f9f770fb00 JavaThread "Unconstrained build operations Thread 58" [_thread_blocked, id=6600, stack(0x000000b542e00000,0x000000b542f00000)]
  0x000001f9f770d5d0 JavaThread "Unconstrained build operations Thread 59" [_thread_blocked, id=12004, stack(0x000000b542f00000,0x000000b543000000)]
  0x000001f9f770e070 JavaThread "Unconstrained build operations Thread 60" [_thread_blocked, id=8276, stack(0x000000b543000000,0x000000b543100000)]
  0x000001f9f770f5b0 JavaThread "Unconstrained build operations Thread 61" [_thread_blocked, id=7496, stack(0x000000b543100000,0x000000b543200000)]
  0x000001f9f770db20 JavaThread "Unconstrained build operations Thread 62" [_thread_blocked, id=2344, stack(0x000000b543200000,0x000000b543300000)]
  0x000001f9f770e5c0 JavaThread "Unconstrained build operations Thread 63" [_thread_blocked, id=12732, stack(0x000000b543300000,0x000000b543400000)]
  0x000001f9f7710050 JavaThread "Unconstrained build operations Thread 64" [_thread_blocked, id=8456, stack(0x000000b543400000,0x000000b543500000)]
  0x000001f9f770eb10 JavaThread "Unconstrained build operations Thread 65" [_thread_blocked, id=12472, stack(0x000000b543500000,0x000000b543600000)]
  0x000001f9f770f060 JavaThread "Unconstrained build operations Thread 66" [_thread_blocked, id=9440, stack(0x000000b543600000,0x000000b543700000)]
  0x000001f9f77105a0 JavaThread "Unconstrained build operations Thread 67" [_thread_blocked, id=10548, stack(0x000000b543700000,0x000000b543800000)]
  0x000001f9f770d080 JavaThread "Unconstrained build operations Thread 68" [_thread_blocked, id=1728, stack(0x000000b543800000,0x000000b543900000)]
  0x000001f9f43b9d10 JavaThread "Unconstrained build operations Thread 69" [_thread_blocked, id=8972, stack(0x000000b543900000,0x000000b543a00000)]
  0x000001f9f43b77e0 JavaThread "Unconstrained build operations Thread 70" [_thread_blocked, id=3756, stack(0x000000b543a00000,0x000000b543b00000)]
  0x000001f9f43bc790 JavaThread "Unconstrained build operations Thread 71" [_thread_blocked, id=10580, stack(0x000000b543b00000,0x000000b543c00000)]
  0x000001f9f43b7d30 JavaThread "Unconstrained build operations Thread 72" [_thread_blocked, id=11284, stack(0x000000b543c00000,0x000000b543d00000)]
  0x000001f9f43b67f0 JavaThread "Unconstrained build operations Thread 73" [_thread_blocked, id=12452, stack(0x000000b543d00000,0x000000b543e00000)]
  0x000001f9f43bb7a0 JavaThread "Unconstrained build operations Thread 74" [_thread_blocked, id=4164, stack(0x000000b543e00000,0x000000b543f00000)]
  0x000001f9f43be220 JavaThread "Unconstrained build operations Thread 75" [_thread_blocked, id=148, stack(0x000000b543f00000,0x000000b544000000)]
  0x000001f9f43b6d40 JavaThread "Unconstrained build operations Thread 76" [_thread_blocked, id=4936, stack(0x000000b544000000,0x000000b544100000)]
  0x000001f9f43b9270 JavaThread "Unconstrained build operations Thread 77" [_thread_blocked, id=12676, stack(0x000000b544100000,0x000000b544200000)]
  0x000001f9f43ba260 JavaThread "Unconstrained build operations Thread 78" [_thread_blocked, id=3536, stack(0x000000b544200000,0x000000b544300000)]
  0x000001f9f43b8280 JavaThread "Unconstrained build operations Thread 79" [_thread_blocked, id=2976, stack(0x000000b544300000,0x000000b544400000)]
  0x000001f9f43b87d0 JavaThread "Unconstrained build operations Thread 80" [_thread_blocked, id=12192, stack(0x000000b544400000,0x000000b544500000)]
  0x000001f9f43b8d20 JavaThread "jar transforms Thread 4" [_thread_blocked, id=7708, stack(0x000000b544500000,0x000000b544600000)]
  0x000001f9f43bb250 JavaThread "jar transforms Thread 5" [_thread_blocked, id=3836, stack(0x000000b544600000,0x000000b544700000)]
  0x000001f9f43bd780 JavaThread "jar transforms Thread 6" [_thread_blocked, id=5360, stack(0x000000b544700000,0x000000b544800000)]
  0x000001f9f43ba7b0 JavaThread "jar transforms Thread 7" [_thread_blocked, id=6564, stack(0x000000b544800000,0x000000b544900000)]
  0x000001f9f43bdcd0 JavaThread "jar transforms Thread 8" [_thread_blocked, id=3808, stack(0x000000b544900000,0x000000b544a00000)]
  0x000001f9f43b97c0 JavaThread "Memory manager" [_thread_blocked, id=768, stack(0x000000b544a00000,0x000000b544b00000)]
  0x000001f9f43bd230 JavaThread "build event listener" [_thread_blocked, id=8612, stack(0x000000b544b00000,0x000000b544c00000)]
  0x000001f9f8812e40 JavaThread "pool-3-thread-1" [_thread_blocked, id=10484, stack(0x000000b544c00000,0x000000b544d00000)]
  0x000001f9f8813390 JavaThread "build event listener" [_thread_blocked, id=9412, stack(0x000000b544d00000,0x000000b544e00000)]
  0x000001f9f88128f0 JavaThread "Execution worker for ':'" [_thread_blocked, id=7968, stack(0x000000b544e00000,0x000000b544f00000)]
  0x000001f9f88123a0 JavaThread "Execution worker for ':' Thread 2" [_thread_blocked, id=12268, stack(0x000000b544f00000,0x000000b545000000)]
  0x000001f9f880c400 JavaThread "Execution worker for ':' Thread 3" [_thread_blocked, id=5660, stack(0x000000b545000000,0x000000b545100000)]
  0x000001f9f880b960 JavaThread "Execution worker for ':' Thread 4" [_thread_blocked, id=11708, stack(0x000000b545100000,0x000000b545200000)]
  0x000001f9f880c950 JavaThread "Execution worker for ':' Thread 5" [_thread_blocked, id=8684, stack(0x000000b545200000,0x000000b545300000)]
  0x000001f9f880e930 JavaThread "Execution worker for ':' Thread 6" [_thread_blocked, id=8160, stack(0x000000b545300000,0x000000b545400000)]
  0x000001f9f88103c0 JavaThread "Execution worker for ':' Thread 7" [_thread_blocked, id=8896, stack(0x000000b545400000,0x000000b545500000)]
  0x000001f9f880f920 JavaThread "Cache worker for execution history cache (C:\Users\ITECH\AndroidStudioProjects\yummy\.gradle\7.3.3\executionHistory)" [_thread_blocked, id=10360, stack(0x000000b545500000,0x000000b545600000)]
  0x000001f9f880f3d0 JavaThread "WorkerExecutor Queue" [_thread_blocked, id=6668, stack(0x000000b545600000,0x000000b545700000)]
  0x000001f9f8811900 JavaThread "pool-4-thread-1" [_thread_blocked, id=9952, stack(0x000000b545700000,0x000000b545800000)]
  0x000001f9f8810910 JavaThread "stderr" [_thread_in_native, id=10784, stack(0x000000b545800000,0x000000b545900000)]
  0x000001f9f8810e60 JavaThread "stdout" [_thread_in_native, id=11932, stack(0x000000b545900000,0x000000b545a00000)]
=>0x000001f9f686d900 JavaThread "C2 CompilerThread1" daemon [_thread_in_native, id=12912, stack(0x000000b53d100000,0x000000b53d200000)]
  0x000001f9f686ef40 JavaThread "C2 CompilerThread2" daemon [_thread_in_native, id=9348, stack(0x000000b53d200000,0x000000b53d300000)]
  0x000001f9f88113b0 JavaThread "Cache worker for Java compile cache (C:\Users\ITECH\.gradle\caches\7.3.3\javaCompile)" [_thread_blocked, id=6220, stack(0x000000b545a00000,0x000000b545b00000)]
  0x000001f9f8811e50 JavaThread "Build operations" [_thread_blocked, id=11824, stack(0x000000b545b00000,0x000000b545c00000)]
  0x000001f9f880e3e0 JavaThread "Build operations Thread 2" [_thread_blocked, id=11244, stack(0x000000b545c00000,0x000000b545d00000)]
  0x000001f9f43bbcf0 JavaThread "Build operations Thread 3" [_thread_blocked, id=9428, stack(0x000000b545d00000,0x000000b545e00000)]
  0x000001f9f2de9a90 JavaThread "Build operations Thread 4" [_thread_blocked, id=10612, stack(0x000000b545e00000,0x000000b545f00000)]
  0x000001f9f2de8000 JavaThread "Build operations Thread 5" [_thread_blocked, id=13180, stack(0x000000b545f00000,0x000000b546000000)]
  0x000001f9f2de8550 JavaThread "Build operations Thread 6" [_thread_blocked, id=9824, stack(0x000000b546000000,0x000000b546100000)]
  0x000001f9f2de7010 JavaThread "Build operations Thread 7" [_thread_blocked, id=8888, stack(0x000000b546100000,0x000000b546200000)]
  0x000001f9f2de9fe0 JavaThread "Build operations Thread 8" [_thread_blocked, id=10188, stack(0x000000b546200000,0x000000b546300000)]
  0x000001f9f880de90 JavaThread "WorkerExecutor Queue Thread 2" [_thread_blocked, id=5128, stack(0x000000b546300000,0x000000b546400000)]
  0x000001f9f2de7560 JavaThread "WorkerExecutor Queue Thread 3" [_thread_blocked, id=2980, stack(0x000000b546400000,0x000000b546500000)]
  0x000001f9f330d820 JavaThread "WorkerExecutor Queue Thread 4" [_thread_blocked, id=9424, stack(0x000000b546500000,0x000000b546600000)]
  0x000001f9f3311290 JavaThread "WorkerExecutor Queue Thread 5" [_thread_blocked, id=9788, stack(0x000000b546600000,0x000000b546700000)]
  0x000001f9f330f2b0 JavaThread "WorkerExecutor Queue Thread 6" [_thread_blocked, id=12844, stack(0x000000b546700000,0x000000b546800000)]
  0x000001f9f3314d00 JavaThread "WorkerExecutor Queue Thread 7" [_thread_blocked, id=3916, stack(0x000000b546800000,0x000000b546900000)]
  0x000001f9f33117e0 JavaThread "WorkerExecutor Queue Thread 8" [_thread_blocked, id=10572, stack(0x000000b546900000,0x000000b546a00000)]
  0x000001f9f330e810 JavaThread "WorkerExecutor Queue Thread 9" [_thread_blocked, id=1428, stack(0x000000b546a00000,0x000000b546b00000)]
  0x000001f9f33137c0 JavaThread "ForkJoinPool-1-worker-3" daemon [_thread_blocked, id=13184, stack(0x000000b546b00000,0x000000b546c00000)]
  0x000001f9f33107f0 JavaThread "ForkJoinPool-1-worker-5" daemon [_thread_blocked, id=2500, stack(0x000000b546c00000,0x000000b546d00000)]
  0x000001f9f330ed60 JavaThread "ForkJoinPool-1-worker-7" daemon [_thread_blocked, id=9452, stack(0x000000b546d00000,0x000000b546e00000)]
  0x000001f9f3310d40 JavaThread "ForkJoinPool-1-worker-9" daemon [_thread_blocked, id=2612, stack(0x000000b546e00000,0x000000b546f00000)]
  0x000001f9f3311d30 JavaThread "ForkJoinPool-1-worker-11" daemon [_thread_blocked, id=6376, stack(0x000000b546f00000,0x000000b547000000)]
  0x000001f9f3313d10 JavaThread "ForkJoinPool-1-worker-13" daemon [_thread_blocked, id=11772, stack(0x000000b547000000,0x000000b547100000)]
  0x000001f9f3312280 JavaThread "ForkJoinPool-1-worker-15" daemon [_thread_blocked, id=9444, stack(0x000000b547100000,0x000000b547200000)]
  0x000001f9f3312d20 JavaThread "ForkJoinPool-1-worker-1" daemon [_thread_in_Java, id=9960, stack(0x000000b547200000,0x000000b547300000)]

Other Threads:
  0x000001f9effb6950 VMThread "VM Thread" [stack: 0x000000b53c400000,0x000000b53c500000] [id=11720]
  0x000001f9f0ce5690 WatcherThread [stack: 0x000000b53d000000,0x000000b53d100000] [id=10152]
  0x000001f9cffad210 GCTaskThread "GC Thread#0" [stack: 0x000000b53bf00000,0x000000b53c000000] [id=10644]
  0x000001f9f10bcc10 GCTaskThread "GC Thread#1" [stack: 0x000000b53d300000,0x000000b53d400000] [id=11952]
  0x000001f9f10bcf20 GCTaskThread "GC Thread#2" [stack: 0x000000b53d400000,0x000000b53d500000] [id=8576]
  0x000001f9f1b7fc70 GCTaskThread "GC Thread#3" [stack: 0x000000b53d500000,0x000000b53d600000] [id=10440]
  0x000001f9f1b14340 GCTaskThread "GC Thread#4" [stack: 0x000000b53d600000,0x000000b53d700000] [id=9668]
  0x000001f9f32a28f0 GCTaskThread "GC Thread#5" [stack: 0x000000b53e500000,0x000000b53e600000] [id=11900]
  0x000001f9f23dc930 GCTaskThread "GC Thread#6" [stack: 0x000000b53e600000,0x000000b53e700000] [id=7292]
  0x000001f9f6936a30 GCTaskThread "GC Thread#7" [stack: 0x000000b53e700000,0x000000b53e800000] [id=13288]
  0x000001f9cffbf170 ConcurrentGCThread "G1 Main Marker" [stack: 0x000000b53c000000,0x000000b53c100000] [id=6532]
  0x000001f9cffc0b00 ConcurrentGCThread "G1 Conc#0" [stack: 0x000000b53c100000,0x000000b53c200000] [id=11796]
  0x000001f9f6adcc50 ConcurrentGCThread "G1 Conc#1" [stack: 0x000000b53ed00000,0x000000b53ee00000] [id=472]
  0x000001f9d004eaa0 ConcurrentGCThread "G1 Refine#0" [stack: 0x000000b53c200000,0x000000b53c300000] [id=13144]
  0x000001f9f2721af0 ConcurrentGCThread "G1 Refine#1" [stack: 0x000000b547300000,0x000000b547400000] [id=13176]
  0x000001f9f2720430 ConcurrentGCThread "G1 Refine#2" [stack: 0x000000b547400000,0x000000b547500000] [id=8228]
  0x000001f9f2720770 ConcurrentGCThread "G1 Refine#3" [stack: 0x000000b547500000,0x000000b547600000] [id=12228]
  0x000001f9f2720df0 ConcurrentGCThread "G1 Refine#4" [stack: 0x000000b547600000,0x000000b547700000] [id=11348]
  0x000001f9f271e3b0 ConcurrentGCThread "G1 Refine#5" [stack: 0x000000b547700000,0x000000b547800000] [id=2264]
  0x000001f9efe64610 ConcurrentGCThread "G1 Service" [stack: 0x000000b53c300000,0x000000b53c400000] [id=6048]

Threads with active compile tasks:
C2 CompilerThread0    16795 15540       4       com.android.tools.r8.code.y1::a (4129 bytes)
C2 CompilerThread1    16796 15478 %     4       com.android.tools.r8.dex.j::a @ 313 (1042 bytes)
C2 CompilerThread2    16796 15127       4       org.gradle.internal.instantiation.generator.AbstractClassGenerator::inspectType (560 bytes)

VM state: not at safepoint (normal execution)

VM Mutex/Monitor currently owned by a thread: None

Heap address: 0x0000000080000000, size: 2048 MB, Compressed Oops mode: 32-bit

CDS archive(s) mapped at: [0x0000000800000000-0x0000000800bb0000-0x0000000800bb0000), size 12255232, SharedBaseAddress: 0x0000000800000000, ArchiveRelocationMode: 0.
Compressed class space mapped at: 0x0000000800c00000-0x0000000840c00000, reserved size: 1073741824
Narrow klass base: 0x0000000800000000, Narrow klass shift: 3, Narrow klass range: 0x100000000

GC Precious Log:
 CPUs: 8 total, 8 available
 Memory: 7959M
 Large Page Support: Disabled
 NUMA Support: Disabled
 Compressed Oops: Enabled (32-bit)
 Heap Region Size: 1M
 Heap Min Capacity: 8M
 Heap Initial Capacity: 126M
 Heap Max Capacity: 2G
 Pre-touch: Disabled
 Parallel Workers: 8
 Concurrent Workers: 2
 Concurrent Refinement Workers: 8
 Periodic GC: Disabled

Heap:
 garbage-first heap   total 216064K, used 147799K [0x0000000080000000, 0x0000000100000000)
  region size 1024K, 22 young (22528K), 2 survivors (2048K)
 Metaspace       used 105809K, committed 106560K, reserved 1146880K
  class space    used 14637K, committed 14976K, reserved 1048576K

Heap Regions: E=young(eden), S=young(survivor), O=old, HS=humongous(starts), HC=humongous(continues), CS=collection set, F=free, OA=open archive, CA=closed archive, TAMS=top-at-mark-start (previous, next)
|   0|0x0000000080000000, 0x0000000080100000, 0x0000000080100000|100%| O|  |TAMS 0x0000000080100000, 0x0000000080000000| Untracked 
|   1|0x0000000080100000, 0x0000000080200000, 0x0000000080200000|100%| O|  |TAMS 0x0000000080200000, 0x0000000080100000| Untracked 
|   2|0x0000000080200000, 0x0000000080300000, 0x0000000080300000|100%| O|  |TAMS 0x0000000080300000, 0x0000000080200000| Untracked 
|   3|0x0000000080300000, 0x0000000080400000, 0x0000000080400000|100%|HS|  |TAMS 0x0000000080400000, 0x0000000080300000| Complete 
|   4|0x0000000080400000, 0x0000000080500000, 0x0000000080500000|100%|HC|  |TAMS 0x0000000080500000, 0x0000000080400000| Complete 
|   5|0x0000000080500000, 0x0000000080600000, 0x0000000080600000|100%|HC|  |TAMS 0x0000000080600000, 0x0000000080500000| Complete 
|   6|0x0000000080600000, 0x0000000080700000, 0x0000000080700000|100%| O|  |TAMS 0x0000000080700000, 0x0000000080600000| Untracked 
|   7|0x0000000080700000, 0x0000000080800000, 0x0000000080800000|100%| O|  |TAMS 0x0000000080800000, 0x0000000080700000| Untracked 
|   8|0x0000000080800000, 0x0000000080900000, 0x0000000080900000|100%| O|  |TAMS 0x0000000080900000, 0x0000000080800000| Untracked 
|   9|0x0000000080900000, 0x0000000080a00000, 0x0000000080a00000|100%| O|  |TAMS 0x0000000080a00000, 0x0000000080900000| Untracked 
|  10|0x0000000080a00000, 0x0000000080b00000, 0x0000000080b00000|100%| O|  |TAMS 0x0000000080b00000, 0x0000000080a00000| Untracked 
|  11|0x0000000080b00000, 0x0000000080c00000, 0x0000000080c00000|100%| O|  |TAMS 0x0000000080c00000, 0x0000000080b00000| Untracked 
|  12|0x0000000080c00000, 0x0000000080d00000, 0x0000000080d00000|100%| O|  |TAMS 0x0000000080d00000, 0x0000000080c00000| Untracked 
|  13|0x0000000080d00000, 0x0000000080d00000, 0x0000000080e00000|  0%| F|  |TAMS 0x0000000080d00000, 0x0000000080d00000| Untracked 
|  14|0x0000000080e00000, 0x0000000080f00000, 0x0000000080f00000|100%| O|  |TAMS 0x0000000080f00000, 0x0000000080e00000| Untracked 
|  15|0x0000000080f00000, 0x0000000081000000, 0x0000000081000000|100%| O|  |TAMS 0x0000000081000000, 0x0000000080f00000| Untracked 
|  16|0x0000000081000000, 0x0000000081100000, 0x0000000081100000|100%| O|  |TAMS 0x0000000081100000, 0x0000000081000000| Untracked 
|  17|0x0000000081100000, 0x0000000081200000, 0x0000000081200000|100%| O|  |TAMS 0x0000000081200000, 0x0000000081100000| Untracked 
|  18|0x0000000081200000, 0x0000000081200000, 0x0000000081300000|  0%| F|  |TAMS 0x0000000081200000, 0x0000000081200000| Untracked 
|  19|0x0000000081300000, 0x0000000081300000, 0x0000000081400000|  0%| F|  |TAMS 0x0000000081300000, 0x0000000081300000| Untracked 
|  20|0x0000000081400000, 0x0000000081500000, 0x0000000081500000|100%| O|  |TAMS 0x0000000081500000, 0x0000000081400000| Untracked 
|  21|0x0000000081500000, 0x0000000081600000, 0x0000000081600000|100%| O|  |TAMS 0x0000000081600000, 0x0000000081500000| Untracked 
|  22|0x0000000081600000, 0x0000000081700000, 0x0000000081700000|100%| O|  |TAMS 0x0000000081700000, 0x0000000081600000| Untracked 
|  23|0x0000000081700000, 0x0000000081800000, 0x0000000081800000|100%| O|  |TAMS 0x0000000081800000, 0x0000000081700000| Untracked 
|  24|0x0000000081800000, 0x0000000081900000, 0x0000000081900000|100%| O|  |TAMS 0x0000000081900000, 0x0000000081800000| Untracked 
|  25|0x0000000081900000, 0x0000000081a00000, 0x0000000081a00000|100%| O|  |TAMS 0x0000000081a00000, 0x0000000081900000| Untracked 
|  26|0x0000000081a00000, 0x0000000081b00000, 0x0000000081b00000|100%|HS|  |TAMS 0x0000000081b00000, 0x0000000081a00000| Complete 
|  27|0x0000000081b00000, 0x0000000081c00000, 0x0000000081c00000|100%|HS|  |TAMS 0x0000000081c00000, 0x0000000081b00000| Complete 
|  28|0x0000000081c00000, 0x0000000081d00000, 0x0000000081d00000|100%|HS|  |TAMS 0x0000000081d00000, 0x0000000081c00000| Complete 
|  29|0x0000000081d00000, 0x0000000081e00000, 0x0000000081e00000|100%|HC|  |TAMS 0x0000000081e00000, 0x0000000081d00000| Complete 
|  30|0x0000000081e00000, 0x0000000081f00000, 0x0000000081f00000|100%| O|  |TAMS 0x0000000081f00000, 0x0000000081e00000| Untracked 
|  31|0x0000000081f00000, 0x0000000082000000, 0x0000000082000000|100%| O|  |TAMS 0x0000000082000000, 0x0000000081f00000| Untracked 
|  32|0x0000000082000000, 0x0000000082100000, 0x0000000082100000|100%| O|  |TAMS 0x0000000082100000, 0x0000000082000000| Untracked 
|  33|0x0000000082100000, 0x0000000082200000, 0x0000000082200000|100%| O|  |TAMS 0x0000000082200000, 0x0000000082100000| Untracked 
|  34|0x0000000082200000, 0x0000000082300000, 0x0000000082300000|100%| O|  |TAMS 0x0000000082300000, 0x0000000082200000| Untracked 
|  35|0x0000000082300000, 0x0000000082400000, 0x0000000082400000|100%| O|  |TAMS 0x0000000082400000, 0x0000000082300000| Untracked 
|  36|0x0000000082400000, 0x0000000082500000, 0x0000000082500000|100%| O|  |TAMS 0x0000000082500000, 0x0000000082400000| Untracked 
|  37|0x0000000082500000, 0x0000000082600000, 0x0000000082600000|100%| O|  |TAMS 0x0000000082600000, 0x0000000082500000| Untracked 
|  38|0x0000000082600000, 0x0000000082700000, 0x0000000082700000|100%| O|  |TAMS 0x0000000082700000, 0x0000000082600000| Untracked 
|  39|0x0000000082700000, 0x0000000082800000, 0x0000000082800000|100%| O|  |TAMS 0x0000000082800000, 0x0000000082700000| Untracked 
|  40|0x0000000082800000, 0x0000000082900000, 0x0000000082900000|100%| O|  |TAMS 0x0000000082900000, 0x0000000082800000| Untracked 
|  41|0x0000000082900000, 0x0000000082a00000, 0x0000000082a00000|100%| O|  |TAMS 0x0000000082a00000, 0x0000000082900000| Untracked 
|  42|0x0000000082a00000, 0x0000000082b00000, 0x0000000082b00000|100%| O|  |TAMS 0x0000000082b00000, 0x0000000082a00000| Untracked 
|  43|0x0000000082b00000, 0x0000000082c00000, 0x0000000082c00000|100%| O|  |TAMS 0x0000000082c00000, 0x0000000082b00000| Untracked 
|  44|0x0000000082c00000, 0x0000000082d00000, 0x0000000082d00000|100%| O|  |TAMS 0x0000000082d00000, 0x0000000082c00000| Untracked 
|  45|0x0000000082d00000, 0x0000000082e00000, 0x0000000082e00000|100%| O|  |TAMS 0x0000000082e00000, 0x0000000082d00000| Untracked 
|  46|0x0000000082e00000, 0x0000000082f00000, 0x0000000082f00000|100%| O|  |TAMS 0x0000000082f00000, 0x0000000082e00000| Untracked 
|  47|0x0000000082f00000, 0x0000000082f00000, 0x0000000083000000|  0%| F|  |TAMS 0x0000000082f00000, 0x0000000082f00000| Untracked 
|  48|0x0000000083000000, 0x0000000083100000, 0x0000000083100000|100%| O|  |TAMS 0x0000000083100000, 0x0000000083000000| Untracked 
|  49|0x0000000083100000, 0x0000000083200000, 0x0000000083200000|100%| O|  |TAMS 0x0000000083200000, 0x0000000083100000| Untracked 
|  50|0x0000000083200000, 0x0000000083300000, 0x0000000083300000|100%| O|  |TAMS 0x0000000083300000, 0x0000000083200000| Untracked 
|  51|0x0000000083300000, 0x0000000083400000, 0x0000000083400000|100%| O|  |TAMS 0x0000000083400000, 0x0000000083300000| Untracked 
|  52|0x0000000083400000, 0x0000000083500000, 0x0000000083500000|100%| O|  |TAMS 0x0000000083500000, 0x0000000083400000| Untracked 
|  53|0x0000000083500000, 0x0000000083600000, 0x0000000083600000|100%| O|  |TAMS 0x0000000083600000, 0x0000000083500000| Untracked 
|  54|0x0000000083600000, 0x0000000083700000, 0x0000000083700000|100%| O|  |TAMS 0x0000000083700000, 0x0000000083600000| Untracked 
|  55|0x0000000083700000, 0x0000000083800000, 0x0000000083800000|100%| O|  |TAMS 0x0000000083800000, 0x0000000083700000| Untracked 
|  56|0x0000000083800000, 0x0000000083900000, 0x0000000083900000|100%| O|  |TAMS 0x0000000083900000, 0x0000000083800000| Untracked 
|  57|0x0000000083900000, 0x0000000083a00000, 0x0000000083a00000|100%| O|  |TAMS 0x0000000083a00000, 0x0000000083900000| Untracked 
|  58|0x0000000083a00000, 0x0000000083b00000, 0x0000000083b00000|100%| O|  |TAMS 0x0000000083b00000, 0x0000000083a00000| Untracked 
|  59|0x0000000083b00000, 0x0000000083c00000, 0x0000000083c00000|100%| O|  |TAMS 0x0000000083c00000, 0x0000000083b00000| Untracked 
|  60|0x0000000083c00000, 0x0000000083d00000, 0x0000000083d00000|100%| O|  |TAMS 0x0000000083d00000, 0x0000000083c00000| Untracked 
|  61|0x0000000083d00000, 0x0000000083e00000, 0x0000000083e00000|100%| O|  |TAMS 0x0000000083e00000, 0x0000000083d00000| Untracked 
|  62|0x0000000083e00000, 0x0000000083f00000, 0x0000000083f00000|100%| O|  |TAMS 0x0000000083f00000, 0x0000000083e00000| Untracked 
|  63|0x0000000083f00000, 0x0000000084000000, 0x0000000084000000|100%| O|  |TAMS 0x0000000084000000, 0x0000000083f00000| Untracked 
|  64|0x0000000084000000, 0x0000000084100000, 0x0000000084100000|100%| O|  |TAMS 0x0000000084100000, 0x0000000084000000| Untracked 
|  65|0x0000000084100000, 0x0000000084200000, 0x0000000084200000|100%| O|  |TAMS 0x0000000084200000, 0x0000000084100000| Untracked 
|  66|0x0000000084200000, 0x0000000084200000, 0x0000000084300000|  0%| F|  |TAMS 0x0000000084200000, 0x0000000084200000| Untracked 
|  67|0x0000000084300000, 0x0000000084400000, 0x0000000084400000|100%| O|  |TAMS 0x0000000084400000, 0x0000000084300000| Untracked 
|  68|0x0000000084400000, 0x0000000084400000, 0x0000000084500000|  0%| F|  |TAMS 0x0000000084400000, 0x0000000084400000| Untracked 
|  69|0x0000000084500000, 0x0000000084600000, 0x0000000084600000|100%| O|  |TAMS 0x0000000084600000, 0x0000000084500000| Untracked 
|  70|0x0000000084600000, 0x0000000084700000, 0x0000000084700000|100%| O|  |TAMS 0x0000000084700000, 0x0000000084600000| Untracked 
|  71|0x0000000084700000, 0x0000000084700000, 0x0000000084800000|  0%| F|  |TAMS 0x0000000084700000, 0x0000000084700000| Untracked 
|  72|0x0000000084800000, 0x0000000084900000, 0x0000000084900000|100%| O|  |TAMS 0x0000000084900000, 0x0000000084800000| Untracked 
|  73|0x0000000084900000, 0x0000000084a00000, 0x0000000084a00000|100%| O|  |TAMS 0x0000000084a00000, 0x0000000084900000| Untracked 
|  74|0x0000000084a00000, 0x0000000084b00000, 0x0000000084b00000|100%| O|  |TAMS 0x0000000084b00000, 0x0000000084a00000| Untracked 
|  75|0x0000000084b00000, 0x0000000084c00000, 0x0000000084c00000|100%| O|  |TAMS 0x0000000084c00000, 0x0000000084b00000| Untracked 
|  76|0x0000000084c00000, 0x0000000084d00000, 0x0000000084d00000|100%| O|  |TAMS 0x0000000084d00000, 0x0000000084c00000| Untracked 
|  77|0x0000000084d00000, 0x0000000084e00000, 0x0000000084e00000|100%| O|  |TAMS 0x0000000084e00000, 0x0000000084d00000| Untracked 
|  78|0x0000000084e00000, 0x0000000084e00000, 0x0000000084f00000|  0%| F|  |TAMS 0x0000000084e00000, 0x0000000084e00000| Untracked 
|  79|0x0000000084f00000, 0x0000000084f00000, 0x0000000085000000|  0%| F|  |TAMS 0x0000000084f00000, 0x0000000084f00000| Untracked 
|  80|0x0000000085000000, 0x0000000085000000, 0x0000000085100000|  0%| F|  |TAMS 0x0000000085000000, 0x0000000085000000| Untracked 
|  81|0x0000000085100000, 0x0000000085200000, 0x0000000085200000|100%| O|  |TAMS 0x0000000085200000, 0x0000000085100000| Untracked 
|  82|0x0000000085200000, 0x0000000085200000, 0x0000000085300000|  0%| F|  |TAMS 0x0000000085200000, 0x0000000085200000| Untracked 
|  83|0x0000000085300000, 0x0000000085400000, 0x0000000085400000|100%| O|  |TAMS 0x0000000085400000, 0x0000000085300000| Untracked 
|  84|0x0000000085400000, 0x0000000085400000, 0x0000000085500000|  0%| F|  |TAMS 0x0000000085400000, 0x0000000085400000| Untracked 
|  85|0x0000000085500000, 0x0000000085500000, 0x0000000085600000|  0%| F|  |TAMS 0x0000000085500000, 0x0000000085500000| Untracked 
|  86|0x0000000085600000, 0x0000000085700000, 0x0000000085700000|100%| O|  |TAMS 0x0000000085700000, 0x0000000085600000| Untracked 
|  87|0x0000000085700000, 0x0000000085700000, 0x0000000085800000|  0%| F|  |TAMS 0x0000000085700000, 0x0000000085700000| Untracked 
|  88|0x0000000085800000, 0x0000000085800000, 0x0000000085900000|  0%| F|  |TAMS 0x0000000085800000, 0x0000000085800000| Untracked 
|  89|0x0000000085900000, 0x0000000085900000, 0x0000000085a00000|  0%| F|  |TAMS 0x0000000085900000, 0x0000000085900000| Untracked 
|  90|0x0000000085a00000, 0x0000000085a00000, 0x0000000085b00000|  0%| F|  |TAMS 0x0000000085a00000, 0x0000000085a00000| Untracked 
|  91|0x0000000085b00000, 0x0000000085b00000, 0x0000000085c00000|  0%| F|  |TAMS 0x0000000085b00000, 0x0000000085b00000| Untracked 
|  92|0x0000000085c00000, 0x0000000085c00000, 0x0000000085d00000|  0%| F|  |TAMS 0x0000000085c00000, 0x0000000085c00000| Untracked 
|  93|0x0000000085d00000, 0x0000000085d00000, 0x0000000085e00000|  0%| F|  |TAMS 0x0000000085d00000, 0x0000000085d00000| Untracked 
|  94|0x0000000085e00000, 0x0000000085e00000, 0x0000000085f00000|  0%| F|  |TAMS 0x0000000085e00000, 0x0000000085e00000| Untracked 
|  95|0x0000000085f00000, 0x0000000085f00000, 0x0000000086000000|  0%| F|  |TAMS 0x0000000085f00000, 0x0000000085f00000| Untracked 
|  96|0x0000000086000000, 0x0000000086000000, 0x0000000086100000|  0%| F|  |TAMS 0x0000000086000000, 0x0000000086000000| Untracked 
|  97|0x0000000086100000, 0x0000000086200000, 0x0000000086200000|100%| O|  |TAMS 0x0000000086200000, 0x0000000086100000| Untracked 
|  98|0x0000000086200000, 0x0000000086300000, 0x0000000086300000|100%| O|  |TAMS 0x0000000086300000, 0x0000000086200000| Untracked 
|  99|0x0000000086300000, 0x0000000086300000, 0x0000000086400000|  0%| F|  |TAMS 0x0000000086300000, 0x0000000086300000| Untracked 
| 100|0x0000000086400000, 0x0000000086500000, 0x0000000086500000|100%| O|  |TAMS 0x0000000086500000, 0x0000000086400000| Untracked 
| 101|0x0000000086500000, 0x0000000086600000, 0x0000000086600000|100%| O|  |TAMS 0x0000000086600000, 0x0000000086500000| Untracked 
| 102|0x0000000086600000, 0x0000000086700000, 0x0000000086700000|100%| O|  |TAMS 0x0000000086700000, 0x0000000086600000| Untracked 
| 103|0x0000000086700000, 0x0000000086800000, 0x0000000086800000|100%| O|  |TAMS 0x0000000086800000, 0x0000000086700000| Untracked 
| 104|0x0000000086800000, 0x0000000086900000, 0x0000000086900000|100%| O|  |TAMS 0x00000000868c9200, 0x0000000086800000| Untracked 
| 105|0x0000000086900000, 0x0000000086a00000, 0x0000000086a00000|100%| O|  |TAMS 0x0000000086900000, 0x0000000086900000| Untracked 
| 106|0x0000000086a00000, 0x0000000086b00000, 0x0000000086b00000|100%|HS|  |TAMS 0x0000000086a00000, 0x0000000086a00000| Complete 
| 107|0x0000000086b00000, 0x0000000086c00000, 0x0000000086c00000|100%|HC|  |TAMS 0x0000000086b00000, 0x0000000086b00000| Complete 
| 108|0x0000000086c00000, 0x0000000086d00000, 0x0000000086d00000|100%|HC|  |TAMS 0x0000000086c00000, 0x0000000086c00000| Complete 
| 109|0x0000000086d00000, 0x0000000086e00000, 0x0000000086e00000|100%|HC|  |TAMS 0x0000000086d00000, 0x0000000086d00000| Complete 
| 110|0x0000000086e00000, 0x0000000086f00000, 0x0000000086f00000|100%|HC|  |TAMS 0x0000000086e00000, 0x0000000086e00000| Complete 
| 111|0x0000000086f00000, 0x0000000087000000, 0x0000000087000000|100%|HC|  |TAMS 0x0000000086f00000, 0x0000000086f00000| Complete 
| 112|0x0000000087000000, 0x0000000087100000, 0x0000000087100000|100%| O|  |TAMS 0x0000000087000000, 0x0000000087000000| Untracked 
| 113|0x0000000087100000, 0x0000000087200000, 0x0000000087200000|100%| O|  |TAMS 0x0000000087100000, 0x0000000087100000| Untracked 
| 114|0x0000000087200000, 0x0000000087300000, 0x0000000087300000|100%| O|  |TAMS 0x0000000087200000, 0x0000000087200000| Untracked 
| 115|0x0000000087300000, 0x0000000087400000, 0x0000000087400000|100%| O|  |TAMS 0x0000000087300000, 0x0000000087300000| Untracked 
| 116|0x0000000087400000, 0x0000000087500000, 0x0000000087500000|100%| O|  |TAMS 0x0000000087400000, 0x0000000087400000| Untracked 
| 117|0x0000000087500000, 0x0000000087600000, 0x0000000087600000|100%| O|  |TAMS 0x0000000087500000, 0x0000000087500000| Untracked 
| 118|0x0000000087600000, 0x0000000087700000, 0x0000000087700000|100%| O|  |TAMS 0x0000000087600000, 0x0000000087600000| Untracked 
| 119|0x0000000087700000, 0x0000000087800000, 0x0000000087800000|100%| O|  |TAMS 0x0000000087700000, 0x0000000087700000| Untracked 
| 120|0x0000000087800000, 0x0000000087900000, 0x0000000087900000|100%| O|  |TAMS 0x0000000087800000, 0x0000000087800000| Untracked 
| 121|0x0000000087900000, 0x0000000087a00000, 0x0000000087a00000|100%| O|  |TAMS 0x0000000087900000, 0x0000000087900000| Untracked 
| 122|0x0000000087a00000, 0x0000000087b00000, 0x0000000087b00000|100%| O|  |TAMS 0x0000000087a00000, 0x0000000087a00000| Untracked 
| 123|0x0000000087b00000, 0x0000000087c00000, 0x0000000087c00000|100%|HS|  |TAMS 0x0000000087b00000, 0x0000000087b00000| Complete 
| 124|0x0000000087c00000, 0x0000000087d00000, 0x0000000087d00000|100%|HC|  |TAMS 0x0000000087c00000, 0x0000000087c00000| Complete 
| 125|0x0000000087d00000, 0x0000000087e00000, 0x0000000087e00000|100%|HC|  |TAMS 0x0000000087d00000, 0x0000000087d00000| Complete 
| 126|0x0000000087e00000, 0x0000000087f00000, 0x0000000087f00000|100%|HC|  |TAMS 0x0000000087e00000, 0x0000000087e00000| Complete 
| 127|0x0000000087f00000, 0x0000000088000000, 0x0000000088000000|100%|HC|  |TAMS 0x0000000087f00000, 0x0000000087f00000| Complete 
| 128|0x0000000088000000, 0x0000000088100000, 0x0000000088100000|100%|HC|  |TAMS 0x0000000088000000, 0x0000000088000000| Complete 
| 129|0x0000000088100000, 0x0000000088200000, 0x0000000088200000|100%| O|  |TAMS 0x0000000088100000, 0x0000000088100000| Untracked 
| 130|0x0000000088200000, 0x0000000088300000, 0x0000000088300000|100%| O|  |TAMS 0x0000000088200000, 0x0000000088200000| Untracked 
| 131|0x0000000088300000, 0x0000000088400000, 0x0000000088400000|100%| O|  |TAMS 0x0000000088300000, 0x0000000088300000| Untracked 
| 132|0x0000000088400000, 0x0000000088400000, 0x0000000088500000|  0%| F|  |TAMS 0x0000000088400000, 0x0000000088400000| Untracked 
| 133|0x0000000088500000, 0x0000000088500000, 0x0000000088600000|  0%| F|  |TAMS 0x0000000088500000, 0x0000000088500000| Untracked 
| 134|0x0000000088600000, 0x0000000088600000, 0x0000000088700000|  0%| F|  |TAMS 0x0000000088600000, 0x0000000088600000| Untracked 
| 135|0x0000000088700000, 0x0000000088700000, 0x0000000088800000|  0%| F|  |TAMS 0x0000000088700000, 0x0000000088700000| Untracked 
| 136|0x0000000088800000, 0x0000000088800000, 0x0000000088900000|  0%| F|  |TAMS 0x0000000088800000, 0x0000000088800000| Untracked 
| 137|0x0000000088900000, 0x0000000088900000, 0x0000000088a00000|  0%| F|  |TAMS 0x0000000088900000, 0x0000000088900000| Untracked 
| 138|0x0000000088a00000, 0x0000000088a00000, 0x0000000088b00000|  0%| F|  |TAMS 0x0000000088a00000, 0x0000000088a00000| Untracked 
| 139|0x0000000088b00000, 0x0000000088b00000, 0x0000000088c00000|  0%| F|  |TAMS 0x0000000088b00000, 0x0000000088b00000| Untracked 
| 140|0x0000000088c00000, 0x0000000088d00000, 0x0000000088d00000|100%| O|  |TAMS 0x0000000088c00000, 0x0000000088c00000| Untracked 
| 141|0x0000000088d00000, 0x0000000088e00000, 0x0000000088e00000|100%| O|  |TAMS 0x0000000088d00000, 0x0000000088d00000| Untracked 
| 142|0x0000000088e00000, 0x0000000088f00000, 0x0000000088f00000|100%| O|  |TAMS 0x0000000088e00000, 0x0000000088e00000| Untracked 
| 143|0x0000000088f00000, 0x0000000089000000, 0x0000000089000000|100%| O|  |TAMS 0x0000000088f00000, 0x0000000088f00000| Untracked 
| 144|0x0000000089000000, 0x00000000890f8e00, 0x0000000089100000| 97%| O|  |TAMS 0x0000000089000000, 0x0000000089000000| Untracked 
| 145|0x0000000089100000, 0x0000000089100000, 0x0000000089200000|  0%| F|  |TAMS 0x0000000089100000, 0x0000000089100000| Untracked 
| 146|0x0000000089200000, 0x0000000089200000, 0x0000000089300000|  0%| F|  |TAMS 0x0000000089200000, 0x0000000089200000| Untracked 
| 147|0x0000000089300000, 0x0000000089300000, 0x0000000089400000|  0%| F|  |TAMS 0x0000000089300000, 0x0000000089300000| Untracked 
| 148|0x0000000089400000, 0x0000000089400000, 0x0000000089500000|  0%| F|  |TAMS 0x0000000089400000, 0x0000000089400000| Untracked 
| 149|0x0000000089500000, 0x0000000089500000, 0x0000000089600000|  0%| F|  |TAMS 0x0000000089500000, 0x0000000089500000| Untracked 
| 150|0x0000000089600000, 0x0000000089600000, 0x0000000089700000|  0%| F|  |TAMS 0x0000000089600000, 0x0000000089600000| Untracked 
| 151|0x0000000089700000, 0x0000000089700000, 0x0000000089800000|  0%| F|  |TAMS 0x0000000089700000, 0x0000000089700000| Untracked 
| 152|0x0000000089800000, 0x0000000089800000, 0x0000000089900000|  0%| F|  |TAMS 0x0000000089800000, 0x0000000089800000| Untracked 
| 153|0x0000000089900000, 0x0000000089900000, 0x0000000089a00000|  0%| F|  |TAMS 0x0000000089900000, 0x0000000089900000| Untracked 
| 154|0x0000000089a00000, 0x0000000089a00000, 0x0000000089b00000|  0%| F|  |TAMS 0x0000000089a00000, 0x0000000089a00000| Untracked 
| 155|0x0000000089b00000, 0x0000000089b00000, 0x0000000089c00000|  0%| F|  |TAMS 0x0000000089b00000, 0x0000000089b00000| Untracked 
| 156|0x0000000089c00000, 0x0000000089c00000, 0x0000000089d00000|  0%| F|  |TAMS 0x0000000089c00000, 0x0000000089c00000| Untracked 
| 157|0x0000000089d00000, 0x0000000089d00000, 0x0000000089e00000|  0%| F|  |TAMS 0x0000000089d00000, 0x0000000089d00000| Untracked 
| 158|0x0000000089e00000, 0x0000000089e00000, 0x0000000089f00000|  0%| F|  |TAMS 0x0000000089e00000, 0x0000000089e00000| Untracked 
| 159|0x0000000089f00000, 0x0000000089f00000, 0x000000008a000000|  0%| F|  |TAMS 0x0000000089f00000, 0x0000000089f00000| Untracked 
| 160|0x000000008a000000, 0x000000008a000000, 0x000000008a100000|  0%| F|  |TAMS 0x000000008a000000, 0x000000008a000000| Untracked 
| 161|0x000000008a100000, 0x000000008a100000, 0x000000008a200000|  0%| F|  |TAMS 0x000000008a100000, 0x000000008a100000| Untracked 
| 162|0x000000008a200000, 0x000000008a200000, 0x000000008a300000|  0%| F|  |TAMS 0x000000008a200000, 0x000000008a200000| Untracked 
| 163|0x000000008a300000, 0x000000008a300000, 0x000000008a400000|  0%| F|  |TAMS 0x000000008a300000, 0x000000008a300000| Untracked 
| 164|0x000000008a400000, 0x000000008a400000, 0x000000008a500000|  0%| F|  |TAMS 0x000000008a400000, 0x000000008a400000| Untracked 
| 165|0x000000008a500000, 0x000000008a500000, 0x000000008a600000|  0%| F|  |TAMS 0x000000008a500000, 0x000000008a500000| Untracked 
| 166|0x000000008a600000, 0x000000008a600000, 0x000000008a700000|  0%| F|  |TAMS 0x000000008a600000, 0x000000008a600000| Untracked 
| 167|0x000000008a700000, 0x000000008a700000, 0x000000008a800000|  0%| F|  |TAMS 0x000000008a700000, 0x000000008a700000| Untracked 
| 168|0x000000008a800000, 0x000000008a800000, 0x000000008a900000|  0%| F|  |TAMS 0x000000008a800000, 0x000000008a800000| Untracked 
| 169|0x000000008a900000, 0x000000008a900000, 0x000000008aa00000|  0%| F|  |TAMS 0x000000008a900000, 0x000000008a900000| Untracked 
| 170|0x000000008aa00000, 0x000000008aa00000, 0x000000008ab00000|  0%| F|  |TAMS 0x000000008aa00000, 0x000000008aa00000| Untracked 
| 171|0x000000008ab00000, 0x000000008ab00000, 0x000000008ac00000|  0%| F|  |TAMS 0x000000008ab00000, 0x000000008ab00000| Untracked 
| 172|0x000000008ac00000, 0x000000008ac00000, 0x000000008ad00000|  0%| F|  |TAMS 0x000000008ac00000, 0x000000008ac00000| Untracked 
| 173|0x000000008ad00000, 0x000000008ad00000, 0x000000008ae00000|  0%| F|  |TAMS 0x000000008ad00000, 0x000000008ad00000| Untracked 
| 174|0x000000008ae00000, 0x000000008ae00000, 0x000000008af00000|  0%| F|  |TAMS 0x000000008ae00000, 0x000000008ae00000| Untracked 
| 175|0x000000008af00000, 0x000000008af00000, 0x000000008b000000|  0%| F|  |TAMS 0x000000008af00000, 0x000000008af00000| Untracked 
| 176|0x000000008b000000, 0x000000008b04af58, 0x000000008b100000| 29%| E|  |TAMS 0x000000008b000000, 0x000000008b000000| Complete 
| 177|0x000000008b100000, 0x000000008b200000, 0x000000008b200000|100%| E|CS|TAMS 0x000000008b100000, 0x000000008b100000| Complete 
| 178|0x000000008b200000, 0x000000008b300000, 0x000000008b300000|100%| E|CS|TAMS 0x000000008b200000, 0x000000008b200000| Complete 
| 179|0x000000008b300000, 0x000000008b400000, 0x000000008b400000|100%| E|CS|TAMS 0x000000008b300000, 0x000000008b300000| Complete 
| 180|0x000000008b400000, 0x000000008b500000, 0x000000008b500000|100%| E|CS|TAMS 0x000000008b400000, 0x000000008b400000| Complete 
| 181|0x000000008b500000, 0x000000008b600000, 0x000000008b600000|100%| E|CS|TAMS 0x000000008b500000, 0x000000008b500000| Complete 
| 182|0x000000008b600000, 0x000000008b700000, 0x000000008b700000|100%| E|CS|TAMS 0x000000008b600000, 0x000000008b600000| Complete 
| 183|0x000000008b700000, 0x000000008b800000, 0x000000008b800000|100%| E|  |TAMS 0x000000008b700000, 0x000000008b700000| Complete 
| 184|0x000000008b800000, 0x000000008b900000, 0x000000008b900000|100%| E|CS|TAMS 0x000000008b800000, 0x000000008b800000| Complete 
| 185|0x000000008b900000, 0x000000008ba00000, 0x000000008ba00000|100%| E|CS|TAMS 0x000000008b900000, 0x000000008b900000| Complete 
| 186|0x000000008ba00000, 0x000000008bb00000, 0x000000008bb00000|100%| E|CS|TAMS 0x000000008ba00000, 0x000000008ba00000| Complete 
| 187|0x000000008bb00000, 0x000000008bc00000, 0x000000008bc00000|100%| E|CS|TAMS 0x000000008bb00000, 0x000000008bb00000| Complete 
| 188|0x000000008bc00000, 0x000000008bd00000, 0x000000008bd00000|100%| E|CS|TAMS 0x000000008bc00000, 0x000000008bc00000| Complete 
| 189|0x000000008bd00000, 0x000000008be00000, 0x000000008be00000|100%| E|CS|TAMS 0x000000008bd00000, 0x000000008bd00000| Complete 
| 190|0x000000008be00000, 0x000000008bf00000, 0x000000008bf00000|100%| E|CS|TAMS 0x000000008be00000, 0x000000008be00000| Complete 
| 191|0x000000008bf00000, 0x000000008c000000, 0x000000008c000000|100%| E|CS|TAMS 0x000000008bf00000, 0x000000008bf00000| Complete 
| 192|0x000000008c000000, 0x000000008c100000, 0x000000008c100000|100%| E|CS|TAMS 0x000000008c000000, 0x000000008c000000| Complete 
| 193|0x000000008c100000, 0x000000008c200000, 0x000000008c200000|100%| E|CS|TAMS 0x000000008c100000, 0x000000008c100000| Complete 
| 194|0x000000008c200000, 0x000000008c300000, 0x000000008c300000|100%| E|CS|TAMS 0x000000008c200000, 0x000000008c200000| Complete 
| 195|0x000000008c300000, 0x000000008c35cf10, 0x000000008c400000| 36%| S|CS|TAMS 0x000000008c300000, 0x000000008c300000| Complete 
| 196|0x000000008c400000, 0x000000008c500000, 0x000000008c500000|100%| S|CS|TAMS 0x000000008c400000, 0x000000008c400000| Complete 
| 197|0x000000008c500000, 0x000000008c600000, 0x000000008c600000|100%| E|CS|TAMS 0x000000008c500000, 0x000000008c500000| Complete 
| 198|0x000000008c600000, 0x000000008c700000, 0x000000008c700000|100%| E|CS|TAMS 0x000000008c600000, 0x000000008c600000| Complete 
|2036|0x00000000ff400000, 0x00000000ff500000, 0x00000000ff500000|100%| O|  |TAMS 0x00000000ff400000, 0x00000000ff400000| Untracked 
|2037|0x00000000ff500000, 0x00000000ff600000, 0x00000000ff600000|100%| O|  |TAMS 0x00000000ff500000, 0x00000000ff500000| Untracked 
|2038|0x00000000ff600000, 0x00000000ff700000, 0x00000000ff700000|100%| O|  |TAMS 0x00000000ff600000, 0x00000000ff600000| Untracked 
|2039|0x00000000ff700000, 0x00000000ff800000, 0x00000000ff800000|100%| O|  |TAMS 0x00000000ff700000, 0x00000000ff700000| Untracked 
|2040|0x00000000ff800000, 0x00000000ff900000, 0x00000000ff900000|100%| O|  |TAMS 0x00000000ff800000, 0x00000000ff800000| Untracked 
|2041|0x00000000ff900000, 0x00000000ffa00000, 0x00000000ffa00000|100%| O|  |TAMS 0x00000000ff900000, 0x00000000ff900000| Untracked 
|2042|0x00000000ffa00000, 0x00000000ffb00000, 0x00000000ffb00000|100%| O|  |TAMS 0x00000000ffa00000, 0x00000000ffa00000| Untracked 
|2043|0x00000000ffb00000, 0x00000000ffc00000, 0x00000000ffc00000|100%| O|  |TAMS 0x00000000ffb00000, 0x00000000ffb00000| Untracked 
|2044|0x00000000ffc00000, 0x00000000ffd00000, 0x00000000ffd00000|100%| O|  |TAMS 0x00000000ffc00000, 0x00000000ffc00000| Untracked 
|2045|0x00000000ffd00000, 0x00000000ffe00000, 0x00000000ffe00000|100%| O|  |TAMS 0x00000000ffd00000, 0x00000000ffd00000| Untracked 
|2046|0x00000000ffe00000, 0x00000000fff00000, 0x00000000fff00000|100%| O|  |TAMS 0x00000000ffe00000, 0x00000000ffe00000| Untracked 
|2047|0x00000000fff00000, 0x0000000100000000, 0x0000000100000000|100%| O|  |TAMS 0x00000000fff00000, 0x00000000fff00000| Untracked 

Card table byte_map: [0x000001f9e8d30000,0x000001f9e9130000] _byte_map_base: 0x000001f9e8930000

Marking Bits (Prev, Next): (CMBitMap*) 0x000001f9cffae7a0, (CMBitMap*) 0x000001f9cffae7e0
 Prev Bits: [0x000001f9e9530000, 0x000001f9eb530000)
 Next Bits: [0x000001f9eb530000, 0x000001f9ed530000)

Polling page: 0x000001f9d0050000

Metaspace:

Usage:
  Non-class:     89.03 MB used.
      Class:     14.29 MB used.
       Both:    103.33 MB used.

Virtual space:
  Non-class space:       96.00 MB reserved,      89.44 MB ( 93%) committed,  12 nodes.
      Class space:        1.00 GB reserved,      14.62 MB (  1%) committed,  1 nodes.
              Both:        1.09 GB reserved,     104.06 MB (  9%) committed. 

Chunk freelists:
   Non-Class:  2.11 MB
       Class:  1.27 MB
        Both:  3.38 MB

MaxMetaspaceSize: 17179869184.00 GB
CompressedClassSpaceSize: 1.00 GB
 - commit_granule_bytes: 65536.
 - commit_granule_words: 8192.
 - virtual_space_node_default_size: 1048576.
 - enlarge_chunks_in_place: 1.
 - new_chunks_are_fully_committed: 0.
 - uncommit_free_chunks: 1.
 - use_allocation_guard: 0.
 - handle_deallocations: 1.


Internal statistics:

num_allocs_failed_limit: 6.
num_arena_births: 974.
num_arena_deaths: 14.
num_vsnodes_births: 13.
num_vsnodes_deaths: 0.
num_space_committed: 1665.
num_space_uncommitted: 0.
num_chunks_returned_to_freelist: 25.
num_chunks_taken_from_freelist: 5155.
num_chunk_merges: 14.
num_chunk_splits: 3564.
num_chunks_enlarged: 2529.
num_purges: 2.

CodeHeap 'non-profiled nmethods': size=120000Kb used=7491Kb max_used=7629Kb free=112508Kb
 bounds [0x000001f9e0990000, 0x000001f9e1110000, 0x000001f9e7ec0000]
CodeHeap 'profiled nmethods': size=120000Kb used=25996Kb max_used=25996Kb free=94003Kb
 bounds [0x000001f9d9460000, 0x000001f9dadd0000, 0x000001f9e0990000]
CodeHeap 'non-nmethods': size=5760Kb used=2465Kb max_used=2516Kb free=3294Kb
 bounds [0x000001f9d8ec0000, 0x000001f9d9140000, 0x000001f9d9460000]
 total_blobs=14327 nmethods=13341 adapters=897
 compilation: enabled
              stopped_count=0, restarted_count=0
 full_count=0

Compilation events (20 events):
Event: 16.721 Thread 0x000001f9effd6da0 15670       3       com.android.tools.r8.graph.j1$a::g0 (2 bytes)
Event: 16.721 Thread 0x000001f9effd6da0 nmethod 15670 0x000001f9dadba910 code [0x000001f9dadbaaa0, 0x000001f9dadbabb8]
Event: 16.721 Thread 0x000001f9effd6da0 15671       3       com.android.tools.r8.internal.mV$$Lambda$2766/0x00000008019b8c58::a (15 bytes)
Event: 16.721 Thread 0x000001f9effd6da0 nmethod 15671 0x000001f9dadbac90 code [0x000001f9dadbae60, 0x000001f9dadbb288]
Event: 16.724 Thread 0x000001f9effd6da0 15672       3       com.android.tools.r8.graph.f1::n (6 bytes)
Event: 16.724 Thread 0x000001f9effd6da0 nmethod 15672 0x000001f9dadbb390 code [0x000001f9dadbb540, 0x000001f9dadbb798]
Event: 16.727 Thread 0x000001f9effd6da0 15674       3       java.util.Arrays::hashCode (44 bytes)
Event: 16.727 Thread 0x000001f9effd6da0 nmethod 15674 0x000001f9dadbb890 code [0x000001f9dadbba40, 0x000001f9dadbbc58]
Event: 16.733 Thread 0x000001f9effd6da0 15675       3       com.android.tools.r8.internal.V0::iterator (5 bytes)
Event: 16.733 Thread 0x000001f9effd6da0 nmethod 15675 0x000001f9dadbbd90 code [0x000001f9dadbbf40, 0x000001f9dadbc108]
Event: 16.741 Thread 0x000001f9effd6da0 15678       2       com.android.tools.r8.code.T0::<init> (20 bytes)
Event: 16.742 Thread 0x000001f9effd6da0 nmethod 15678 0x000001f9dadbc190 code [0x000001f9dadbc360, 0x000001f9dadbc5f8]
Event: 16.746 Thread 0x000001f9effd6da0 15680       2       com.android.tools.r8.graph.a1$$Lambda$2738/0x00000008019b2a10::a (5 bytes)
Event: 16.747 Thread 0x000001f9effd6da0 nmethod 15680 0x000001f9dadbc810 code [0x000001f9dadbc9e0, 0x000001f9dadbcba8]
Event: 16.749 Thread 0x000001f9effd6da0 15681       2       com.android.tools.r8.code.U0::<init> (20 bytes)
Event: 16.749 Thread 0x000001f9effd6da0 nmethod 15681 0x000001f9dadbcd10 code [0x000001f9dadbcee0, 0x000001f9dadbd178]
Event: 16.755 Thread 0x000001f9effd6da0 15683       1       com.android.tools.r8.internal.cH::size (5 bytes)
Event: 16.755 Thread 0x000001f9effd6da0 nmethod 15683 0x000001f9e0b8f990 code [0x000001f9e0b8fb20, 0x000001f9e0b8fbf8]
Event: 16.757 Thread 0x000001f9effd6da0 15684       2       com.android.tools.r8.internal.cH::<init> (88 bytes)
Event: 16.758 Thread 0x000001f9effd6da0 nmethod 15684 0x000001f9dadbd390 code [0x000001f9dadbd5a0, 0x000001f9dadbdb48]

GC Heap History (20 events):
Event: 13.271 GC heap before
{Heap before GC invocations=42 (full 0):
 garbage-first heap   total 153600K, used 114086K [0x0000000080000000, 0x0000000100000000)
  region size 1024K, 31 young (31744K), 2 survivors (2048K)
 Metaspace       used 82296K, committed 82880K, reserved 1122304K
  class space    used 10966K, committed 11264K, reserved 1048576K
}
Event: 13.276 GC heap after
{Heap after GC invocations=43 (full 0):
 garbage-first heap   total 153600K, used 87993K [0x0000000080000000, 0x0000000100000000)
  region size 1024K, 4 young (4096K), 4 survivors (4096K)
 Metaspace       used 82296K, committed 82880K, reserved 1122304K
  class space    used 10966K, committed 11264K, reserved 1048576K
}
Event: 13.654 GC heap before
{Heap before GC invocations=43 (full 0):
 garbage-first heap   total 153600K, used 93113K [0x0000000080000000, 0x0000000100000000)
  region size 1024K, 11 young (11264K), 4 survivors (4096K)
 Metaspace       used 88284K, committed 88896K, reserved 1130496K
  class space    used 11711K, committed 12032K, reserved 1048576K
}
Event: 13.658 GC heap after
{Heap after GC invocations=44 (full 0):
 garbage-first heap   total 184320K, used 90056K [0x0000000080000000, 0x0000000100000000)
  region size 1024K, 6 young (6144K), 6 survivors (6144K)
 Metaspace       used 88284K, committed 88896K, reserved 1130496K
  class space    used 11711K, committed 12032K, reserved 1048576K
}
Event: 14.609 GC heap before
{Heap before GC invocations=45 (full 0):
 garbage-first heap   total 184320K, used 145352K [0x0000000080000000, 0x0000000100000000)
  region size 1024K, 58 young (59392K), 6 survivors (6144K)
 Metaspace       used 90428K, committed 91072K, reserved 1130496K
  class space    used 11936K, committed 12288K, reserved 1048576K
}
Event: 14.619 GC heap after
{Heap after GC invocations=46 (full 0):
 garbage-first heap   total 184320K, used 99780K [0x0000000080000000, 0x0000000100000000)
  region size 1024K, 8 young (8192K), 8 survivors (8192K)
 Metaspace       used 90428K, committed 91072K, reserved 1130496K
  class space    used 11936K, committed 12288K, reserved 1048576K
}
Event: 14.756 GC heap before
{Heap before GC invocations=46 (full 0):
 garbage-first heap   total 184320K, used 107972K [0x0000000080000000, 0x0000000100000000)
  region size 1024K, 18 young (18432K), 8 survivors (8192K)
 Metaspace       used 90685K, committed 91328K, reserved 1130496K
  class space    used 11967K, committed 12288K, reserved 1048576K
}
Event: 14.762 GC heap after
{Heap after GC invocations=47 (full 0):
 garbage-first heap   total 184320K, used 98960K [0x0000000080000000, 0x0000000100000000)
  region size 1024K, 1 young (1024K), 1 survivors (1024K)
 Metaspace       used 90685K, committed 91328K, reserved 1130496K
  class space    used 11967K, committed 12288K, reserved 1048576K
}
Event: 15.227 GC heap before
{Heap before GC invocations=48 (full 0):
 garbage-first heap   total 184320K, used 149136K [0x0000000080000000, 0x0000000100000000)
  region size 1024K, 49 young (50176K), 1 survivors (1024K)
 Metaspace       used 96034K, committed 96704K, reserved 1138688K
  class space    used 12771K, committed 13120K, reserved 1048576K
}
Event: 15.236 GC heap after
{Heap after GC invocations=49 (full 0):
 garbage-first heap   total 184320K, used 106750K [0x0000000080000000, 0x0000000100000000)
  region size 1024K, 7 young (7168K), 7 survivors (7168K)
 Metaspace       used 96034K, committed 96704K, reserved 1138688K
  class space    used 12771K, committed 13120K, reserved 1048576K
}
Event: 15.571 GC heap before
{Heap before GC invocations=49 (full 0):
 garbage-first heap   total 184320K, used 147710K [0x0000000080000000, 0x0000000100000000)
  region size 1024K, 48 young (49152K), 7 survivors (7168K)
 Metaspace       used 101968K, committed 102656K, reserved 1138688K
  class space    used 13997K, committed 14336K, reserved 1048576K
}
Event: 15.579 GC heap after
{Heap after GC invocations=50 (full 0):
 garbage-first heap   total 184320K, used 109851K [0x0000000080000000, 0x0000000100000000)
  region size 1024K, 3 young (3072K), 3 survivors (3072K)
 Metaspace       used 101968K, committed 102656K, reserved 1138688K
  class space    used 13997K, committed 14336K, reserved 1048576K
}
Event: 15.913 GC heap before
{Heap before GC invocations=51 (full 0):
 garbage-first heap   total 203776K, used 148763K [0x0000000080000000, 0x0000000100000000)
  region size 1024K, 42 young (43008K), 3 survivors (3072K)
 Metaspace       used 103880K, committed 104576K, reserved 1146880K
  class space    used 14311K, committed 14656K, reserved 1048576K
}
Event: 15.917 GC heap after
{Heap after GC invocations=52 (full 0):
 garbage-first heap   total 203776K, used 110153K [0x0000000080000000, 0x0000000100000000)
  region size 1024K, 4 young (4096K), 4 survivors (4096K)
 Metaspace       used 103880K, committed 104576K, reserved 1146880K
  class space    used 14311K, committed 14656K, reserved 1048576K
}
Event: 15.967 GC heap before
{Heap before GC invocations=52 (full 0):
 garbage-first heap   total 203776K, used 113225K [0x0000000080000000, 0x0000000100000000)
  region size 1024K, 9 young (9216K), 4 survivors (4096K)
 Metaspace       used 103932K, committed 104640K, reserved 1146880K
  class space    used 14311K, committed 14656K, reserved 1048576K
}
Event: 15.970 GC heap after
{Heap after GC invocations=53 (full 0):
 garbage-first heap   total 203776K, used 110523K [0x0000000080000000, 0x0000000100000000)
  region size 1024K, 4 young (4096K), 4 survivors (4096K)
 Metaspace       used 103932K, committed 104640K, reserved 1146880K
  class space    used 14311K, committed 14656K, reserved 1048576K
}
Event: 16.574 GC heap before
{Heap before GC invocations=54 (full 0):
 garbage-first heap   total 203776K, used 190395K [0x0000000080000000, 0x0000000100000000)
  region size 1024K, 59 young (60416K), 4 survivors (4096K)
 Metaspace       used 105768K, committed 106496K, reserved 1146880K
  class space    used 14637K, committed 14976K, reserved 1048576K
}
Event: 16.597 GC heap after
{Heap after GC invocations=55 (full 0):
 garbage-first heap   total 216064K, used 142064K [0x0000000080000000, 0x0000000100000000)
  region size 1024K, 8 young (8192K), 8 survivors (8192K)
 Metaspace       used 105768K, committed 106496K, reserved 1146880K
  class space    used 14637K, committed 14976K, reserved 1048576K
}
Event: 16.625 GC heap before
{Heap before GC invocations=55 (full 0):
 garbage-first heap   total 216064K, used 144112K [0x0000000080000000, 0x0000000100000000)
  region size 1024K, 10 young (10240K), 8 survivors (8192K)
 Metaspace       used 105778K, committed 106496K, reserved 1146880K
  class space    used 14637K, committed 14976K, reserved 1048576K
}
Event: 16.646 GC heap after
{Heap after GC invocations=56 (full 0):
 garbage-first heap   total 216064K, used 129367K [0x0000000080000000, 0x0000000100000000)
  region size 1024K, 2 young (2048K), 2 survivors (2048K)
 Metaspace       used 105778K, committed 106496K, reserved 1146880K
  class space    used 14637K, committed 14976K, reserved 1048576K
}

Deoptimization events (20 events):
Event: 16.502 Thread 0x000001f9f3312d20 Uncommon trap: trap_request=0xffffffde fr.pc=0x000001f9e0f23f38 relative=0x0000000000000b78
Event: 16.502 Thread 0x000001f9f3312d20 Uncommon trap: reason=class_check action=maybe_recompile pc=0x000001f9e0f23f38 method=com.android.tools.r8.dex.j.a(ILjava/util/function/Supplier;)Ljava/lang/Object; @ 31 c2
Event: 16.502 Thread 0x000001f9f3312d20 DEOPT PACKING pc=0x000001f9e0f23f38 sp=0x000000b5472fe9c0
Event: 16.503 Thread 0x000001f9f3312d20 DEOPT UNPACKING pc=0x000001f9d8f0f92e sp=0x000000b5472fe9a8 mode 2
Event: 16.503 Thread 0x000001f9f3312d20 Uncommon trap: trap_request=0xffffffde fr.pc=0x000001f9e0f23f38 relative=0x0000000000000b78
Event: 16.503 Thread 0x000001f9f3312d20 Uncommon trap: reason=class_check action=maybe_recompile pc=0x000001f9e0f23f38 method=com.android.tools.r8.dex.j.a(ILjava/util/function/Supplier;)Ljava/lang/Object; @ 31 c2
Event: 16.503 Thread 0x000001f9f3312d20 DEOPT PACKING pc=0x000001f9e0f23f38 sp=0x000000b5472fe9c0
Event: 16.503 Thread 0x000001f9f3312d20 DEOPT UNPACKING pc=0x000001f9d8f0f92e sp=0x000000b5472fe9a8 mode 2
Event: 16.503 Thread 0x000001f9f3312d20 Uncommon trap: trap_request=0xffffffde fr.pc=0x000001f9e0f23f38 relative=0x0000000000000b78
Event: 16.503 Thread 0x000001f9f3312d20 Uncommon trap: reason=class_check action=maybe_recompile pc=0x000001f9e0f23f38 method=com.android.tools.r8.dex.j.a(ILjava/util/function/Supplier;)Ljava/lang/Object; @ 31 c2
Event: 16.503 Thread 0x000001f9f3312d20 DEOPT PACKING pc=0x000001f9e0f23f38 sp=0x000000b5472fe9c0
Event: 16.503 Thread 0x000001f9f3312d20 DEOPT UNPACKING pc=0x000001f9d8f0f92e sp=0x000000b5472fe9a8 mode 2
Event: 16.514 Thread 0x000001f9f3312d20 DEOPT PACKING pc=0x000001f9dac9e78d sp=0x000000b5472fea40
Event: 16.514 Thread 0x000001f9f3312d20 DEOPT UNPACKING pc=0x000001f9d8f0e77e sp=0x000000b5472fe008 mode 0
Event: 16.536 Thread 0x000001f9f3312d20 DEOPT PACKING pc=0x000001f9dacb992e sp=0x000000b5472fe280
Event: 16.536 Thread 0x000001f9f3312d20 DEOPT UNPACKING pc=0x000001f9d8f0e77e sp=0x000000b5472fde90 mode 0
Event: 16.540 Thread 0x000001f9f3312d20 DEOPT PACKING pc=0x000001f9dacc6cdc sp=0x000000b5472fe7a0
Event: 16.540 Thread 0x000001f9f3312d20 DEOPT UNPACKING pc=0x000001f9d8f0e77e sp=0x000000b5472fdd80 mode 0
Event: 16.550 Thread 0x000001f9f3312d20 DEOPT PACKING pc=0x000001f9dacb992e sp=0x000000b5472fe280
Event: 16.550 Thread 0x000001f9f3312d20 DEOPT UNPACKING pc=0x000001f9d8f0e77e sp=0x000000b5472fde90 mode 0

Classes unloaded (7 events):
Event: 10.171 Thread 0x000001f9effb6950 Unloading class 0x0000000801615c00 'java/lang/invoke/LambdaForm$DMH+0x0000000801615c00'
Event: 10.171 Thread 0x000001f9effb6950 Unloading class 0x0000000801615800 'java/lang/invoke/LambdaForm$DMH+0x0000000801615800'
Event: 10.171 Thread 0x000001f9effb6950 Unloading class 0x0000000801615400 'java/lang/invoke/LambdaForm$DMH+0x0000000801615400'
Event: 10.171 Thread 0x000001f9effb6950 Unloading class 0x0000000801615000 'java/lang/invoke/LambdaForm$DMH+0x0000000801615000'
Event: 10.171 Thread 0x000001f9effb6950 Unloading class 0x0000000801614000 'java/lang/invoke/LambdaForm$DMH+0x0000000801614000'
Event: 10.171 Thread 0x000001f9effb6950 Unloading class 0x0000000801614c00 'java/lang/invoke/LambdaForm$DMH+0x0000000801614c00'
Event: 10.171 Thread 0x000001f9effb6950 Unloading class 0x0000000801614400 'java/lang/invoke/LambdaForm$DMH+0x0000000801614400'

Classes redefined (0 events):
No events

Internal exceptions (20 events):
Event: 15.839 Thread 0x000001f9f880de90 Exception <a 'sun/nio/fs/WindowsException'{0x000000008b5b7378}> (0x000000008b5b7378) 
thrown [t:\workspace\open\src\hotspot\share\prims\jni.cpp, line 579]
Event: 15.839 Thread 0x000001f9f2de7560 Exception <a 'sun/nio/fs/WindowsException'{0x000000008b5e1698}> (0x000000008b5e1698) 
thrown [t:\workspace\open\src\hotspot\share\prims\jni.cpp, line 579]
Event: 15.842 Thread 0x000001f9f2de7560 Exception <a 'sun/nio/fs/WindowsException'{0x000000008b5e93c0}> (0x000000008b5e93c0) 
thrown [t:\workspace\open\src\hotspot\share\prims\jni.cpp, line 579]
Event: 15.842 Thread 0x000001f9f880f3d0 Exception <a 'sun/nio/fs/WindowsException'{0x000000008b4dc358}> (0x000000008b4dc358) 
thrown [t:\workspace\open\src\hotspot\share\prims\jni.cpp, line 579]
Event: 15.845 Thread 0x000001f9f880f3d0 Exception <a 'sun/nio/fs/WindowsException'{0x000000008b4e6550}> (0x000000008b4e6550) 
thrown [t:\workspace\open\src\hotspot\share\prims\jni.cpp, line 579]
Event: 15.846 Thread 0x000001f9f880f3d0 Exception <a 'sun/nio/fs/WindowsException'{0x000000008b4ecc60}> (0x000000008b4ecc60) 
thrown [t:\workspace\open\src\hotspot\share\prims\jni.cpp, line 579]
Event: 15.852 Thread 0x000001f9f330d820 Exception <a 'sun/nio/fs/WindowsException'{0x000000008b62f050}> (0x000000008b62f050) 
thrown [t:\workspace\open\src\hotspot\share\prims\jni.cpp, line 579]
Event: 15.855 Thread 0x000001f9f330d820 Exception <a 'sun/nio/fs/WindowsException'{0x000000008a7e2690}> (0x000000008a7e2690) 
thrown [t:\workspace\open\src\hotspot\share\prims\jni.cpp, line 579]
Event: 15.866 Thread 0x000001f9f330d820 Exception <a 'sun/nio/fs/WindowsException'{0x000000008a5ec780}> (0x000000008a5ec780) 
thrown [t:\workspace\open\src\hotspot\share\prims\jni.cpp, line 579]
Event: 15.875 Thread 0x000001f9f330d820 Exception <a 'sun/nio/fs/WindowsException'{0x000000008a4d05f8}> (0x000000008a4d05f8) 
thrown [t:\workspace\open\src\hotspot\share\prims\jni.cpp, line 579]
Event: 15.876 Thread 0x000001f9f330d820 Exception <a 'sun/nio/fs/WindowsException'{0x000000008a4d6cb8}> (0x000000008a4d6cb8) 
thrown [t:\workspace\open\src\hotspot\share\prims\jni.cpp, line 579]
Event: 16.040 Thread 0x000001f9f1fb0c20 Exception <a 'java/lang/NoSuchMethodError'{0x000000008c41a718}: static Lkotlin/InitializedLazyImpl;.<clinit>()V> (0x000000008c41a718) 
thrown [t:\workspace\open\src\hotspot\share\prims\jni.cpp, line 1210]
Event: 16.138 Thread 0x000001f9f2de7560 Exception <a 'sun/nio/fs/WindowsException'{0x000000008bc75438}> (0x000000008bc75438) 
thrown [t:\workspace\open\src\hotspot\share\prims\jni.cpp, line 579]
Event: 16.406 Thread 0x000001f9f33107f0 Exception <a 'java/lang/NoSuchMethodError'{0x0000000089a92510}: 'long java.lang.invoke.DirectMethodHandle$Holder.invokeStatic(java.lang.Object, java.lang.Object, java.lang.Object)'> (0x0000000089a92510) 
thrown [t:\workspace\open\src\hotspot\share\interpreter\linkResolver.cpp, line 790]
Event: 16.406 Thread 0x000001f9f33137c0 Exception <a 'java/lang/NoSuchMethodError'{0x0000000089862e38}: 'long java.lang.invoke.DirectMethodHandle$Holder.invokeStatic(java.lang.Object, java.lang.Object, java.lang.Object)'> (0x0000000089862e38) 
thrown [t:\workspace\open\src\hotspot\share\interpreter\linkResolver.cpp, line 790]
Event: 16.406 Thread 0x000001f9f330ed60 Exception <a 'java/lang/NoSuchMethodError'{0x0000000089853130}: 'long java.lang.invoke.DirectMethodHandle$Holder.invokeStatic(java.lang.Object, java.lang.Object, java.lang.Object)'> (0x0000000089853130) 
thrown [t:\workspace\open\src\hotspot\share\interpreter\linkResolver.cpp, line 790]
Event: 16.406 Thread 0x000001f9f3310d40 Exception <a 'java/lang/NoSuchMethodError'{0x0000000089ab5cd8}: 'long java.lang.invoke.DirectMethodHandle$Holder.invokeStatic(java.lang.Object, java.lang.Object, java.lang.Object)'> (0x0000000089ab5cd8) 
thrown [t:\workspace\open\src\hotspot\share\interpreter\linkResolver.cpp, line 790]
Event: 16.407 Thread 0x000001f9f3312280 Exception <a 'java/lang/NoSuchMethodError'{0x0000000089a55148}: 'long java.lang.invoke.DirectMethodHandle$Holder.invokeStatic(java.lang.Object, java.lang.Object, java.lang.Object)'> (0x0000000089a55148) 
thrown [t:\workspace\open\src\hotspot\share\interpreter\linkResolver.cpp, line 790]
Event: 16.407 Thread 0x000001f9f3313d10 Exception <a 'java/lang/NoSuchMethodError'{0x0000000089a6a660}: 'long java.lang.invoke.DirectMethodHandle$Holder.invokeStatic(java.lang.Object, java.lang.Object, java.lang.Object)'> (0x0000000089a6a660) 
thrown [t:\workspace\open\src\hotspot\share\interpreter\linkResolver.cpp, line 790]
Event: 16.407 Thread 0x000001f9f3311d30 Exception <a 'java/lang/NoSuchMethodError'{0x0000000089aa8cc8}: 'long java.lang.invoke.DirectMethodHandle$Holder.invokeStatic(java.lang.Object, java.lang.Object, java.lang.Object)'> (0x0000000089aa8cc8) 
thrown [t:\workspace\open\src\hotspot\share\interpreter\linkResolver.cpp, line 790]

Events (20 events):
Event: 16.378 Thread 0x000001f9f330ed60 Thread added: 0x000001f9f330ed60
Event: 16.378 Thread 0x000001f9f3310d40 Thread added: 0x000001f9f3310d40
Event: 16.378 Thread 0x000001f9f3311d30 Thread added: 0x000001f9f3311d30
Event: 16.379 Thread 0x000001f9f3313d10 Thread added: 0x000001f9f3313d10
Event: 16.379 Thread 0x000001f9f3312280 Thread added: 0x000001f9f3312280
Event: 16.380 Thread 0x000001f9f3312d20 Thread added: 0x000001f9f3312d20
Event: 16.405 loading class java/nio/HeapShortBuffer
Event: 16.405 loading class java/nio/HeapShortBuffer done
Event: 16.406 loading class java/util/AbstractList$RandomAccessSubList
Event: 16.407 loading class java/util/AbstractList$SubList
Event: 16.407 loading class java/util/AbstractList$SubList done
Event: 16.407 loading class java/util/AbstractList$RandomAccessSubList done
Event: 16.408 loading class java/util/AbstractList$SubList$1
Event: 16.408 loading class java/util/AbstractList$SubList$1 done
Event: 16.574 Executing  VM operation: G1CollectForAllocation
Event: 16.597 Executing  VM operation: G1CollectForAllocation done
Event: 16.625 Executing  VM operation: G1CollectForAllocation
Event: 16.646 Executing  VM operation: G1CollectForAllocation done
Event: 16.728 Executing  VM operation: ICBufferFull
Event: 16.728 Executing  VM operation: ICBufferFull done


Dynamic libraries:
0x00007ff634a40000 - 0x00007ff634a50000 	C:\Program Files\Java\jdk-16.0.2\bin\java.exe
0x00007ff82ff50000 - 0x00007ff830148000 	C:\WINDOWS\SYSTEM32\ntdll.dll
0x00007ff82fdf0000 - 0x00007ff82fead000 	C:\WINDOWS\System32\KERNEL32.DLL
0x00007ff82d7d0000 - 0x00007ff82da9e000 	C:\WINDOWS\System32\KERNELBASE.dll
0x00007ff82daa0000 - 0x00007ff82dba0000 	C:\WINDOWS\System32\ucrtbase.dll
0x00007ff825130000 - 0x00007ff825148000 	C:\Program Files\Java\jdk-16.0.2\bin\jli.dll
0x00007ff824ff0000 - 0x00007ff825009000 	C:\Program Files\Java\jdk-16.0.2\bin\VCRUNTIME140.dll
0x00007ff82e8b0000 - 0x00007ff82e95e000 	C:\WINDOWS\System32\ADVAPI32.dll
0x00007ff82f6d0000 - 0x00007ff82f76e000 	C:\WINDOWS\System32\msvcrt.dll
0x00007ff82eff0000 - 0x00007ff82f08c000 	C:\WINDOWS\System32\sechost.dll
0x00007ff82f800000 - 0x00007ff82f925000 	C:\WINDOWS\System32\RPCRT4.dll
0x00007ff82f0b0000 - 0x00007ff82f250000 	C:\WINDOWS\System32\USER32.dll
0x00007ff82dca0000 - 0x00007ff82dcc2000 	C:\WINDOWS\System32\win32u.dll
0x00007ff815aa0000 - 0x00007ff815d3a000 	C:\WINDOWS\WinSxS\amd64_microsoft.windows.common-controls_6595b64144ccf1df_6.0.19041.1110_none_60b5254171f9507e\COMCTL32.dll
0x00007ff82f930000 - 0x00007ff82f95a000 	C:\WINDOWS\System32\GDI32.dll
0x00007ff82d670000 - 0x00007ff82d77b000 	C:\WINDOWS\System32\gdi32full.dll
0x00007ff82dd00000 - 0x00007ff82dd9d000 	C:\WINDOWS\System32\msvcp_win.dll
0x00007ff8275b0000 - 0x00007ff8275ba000 	C:\WINDOWS\SYSTEM32\VERSION.dll
0x00007ff82f250000 - 0x00007ff82f280000 	C:\WINDOWS\System32\IMM32.DLL
0x00007ff82a810000 - 0x00007ff82a81c000 	C:\Program Files\Java\jdk-16.0.2\bin\vcruntime140_1.dll
0x00007ff80e150000 - 0x00007ff80e1e1000 	C:\Program Files\Java\jdk-16.0.2\bin\msvcp140.dll
0x00007fffc4d60000 - 0x00007fffc590b000 	C:\Program Files\Java\jdk-16.0.2\bin\server\jvm.dll
0x00007ff82f360000 - 0x00007ff82f368000 	C:\WINDOWS\System32\PSAPI.DLL
0x00007ff8278c0000 - 0x00007ff8278c9000 	C:\WINDOWS\SYSTEM32\WSOCK32.dll
0x00007ff82fcc0000 - 0x00007ff82fd2b000 	C:\WINDOWS\System32\WS2_32.dll
0x00007ff82bca0000 - 0x00007ff82bcc7000 	C:\WINDOWS\SYSTEM32\WINMM.dll
0x00007ff82bf30000 - 0x00007ff82bf42000 	C:\WINDOWS\SYSTEM32\kernel.appcore.dll
0x00007ff828d20000 - 0x00007ff828d2a000 	C:\Program Files\Java\jdk-16.0.2\bin\jimage.dll
0x00007ff82bab0000 - 0x00007ff82bc94000 	C:\WINDOWS\SYSTEM32\DBGHELP.DLL
0x00007ff82ba70000 - 0x00007ff82ba9c000 	C:\WINDOWS\SYSTEM32\dbgcore.DLL
0x00007ff82dc10000 - 0x00007ff82dc92000 	C:\WINDOWS\System32\bcryptPrimitives.dll
0x00007ff824fc0000 - 0x00007ff824fe5000 	C:\Program Files\Java\jdk-16.0.2\bin\java.dll
0x00007ff82e160000 - 0x00007ff82e8a4000 	C:\WINDOWS\System32\SHELL32.dll
0x00007ff82b2d0000 - 0x00007ff82ba64000 	C:\WINDOWS\SYSTEM32\windows.storage.dll
0x00007ff82f960000 - 0x00007ff82fcb4000 	C:\WINDOWS\System32\combase.dll
0x00007ff82d0d0000 - 0x00007ff82d100000 	C:\WINDOWS\SYSTEM32\Wldp.dll
0x00007ff82f540000 - 0x00007ff82f5ed000 	C:\WINDOWS\System32\SHCORE.dll
0x00007ff82fd30000 - 0x00007ff82fd85000 	C:\WINDOWS\System32\shlwapi.dll
0x00007ff82d5b0000 - 0x00007ff82d5cf000 	C:\WINDOWS\SYSTEM32\profapi.dll
0x00007ff824fa0000 - 0x00007ff824fb9000 	C:\Program Files\Java\jdk-16.0.2\bin\net.dll
0x00007ff8189b0000 - 0x00007ff818aba000 	C:\WINDOWS\SYSTEM32\WINHTTP.dll
0x00007ff82ce30000 - 0x00007ff82ce9a000 	C:\WINDOWS\system32\mswsock.dll
0x00007ff824f80000 - 0x00007ff824f93000 	C:\Program Files\Java\jdk-16.0.2\bin\nio.dll
0x00007ff820d40000 - 0x00007ff820d58000 	C:\Program Files\Java\jdk-16.0.2\bin\zip.dll
0x00007ff828bd0000 - 0x00007ff828be0000 	C:\Program Files\Java\jdk-16.0.2\bin\verify.dll
0x00007ff828af0000 - 0x00007ff828b17000 	C:\Users\ITECH\.gradle\native\e1d6ef7f7dcc3fd88c89a11ec53ec762bb8ba0a96d01ffa2cd45eb1d1d8dd5c5\windows-amd64\native-platform.dll
0x00007ff8040c0000 - 0x00007ff804204000 	C:\Users\ITECH\.gradle\native\5664cfc778a61ccfe75a443a1ab52a65af34e5dc3c78e0209fed803814484fcb\windows-amd64\native-platform-file-events.dll
0x00007ff828aa0000 - 0x00007ff828aa9000 	C:\Program Files\Java\jdk-16.0.2\bin\management.dll
0x00007ff827510000 - 0x00007ff82751b000 	C:\Program Files\Java\jdk-16.0.2\bin\management_ext.dll
0x00007ff82d020000 - 0x00007ff82d038000 	C:\WINDOWS\SYSTEM32\CRYPTSP.dll
0x00007ff82c740000 - 0x00007ff82c774000 	C:\WINDOWS\system32\rsaenh.dll
0x00007ff82dcd0000 - 0x00007ff82dcf7000 	C:\WINDOWS\System32\bcrypt.dll
0x00007ff82d570000 - 0x00007ff82d59e000 	C:\WINDOWS\SYSTEM32\USERENV.dll
0x00007ff82d040000 - 0x00007ff82d04c000 	C:\WINDOWS\SYSTEM32\CRYPTBASE.dll
0x00007ff82cad0000 - 0x00007ff82cb0b000 	C:\WINDOWS\SYSTEM32\IPHLPAPI.DLL
0x00007ff82ef80000 - 0x00007ff82ef88000 	C:\WINDOWS\System32\NSI.dll
0x00007ff821920000 - 0x00007ff821937000 	C:\WINDOWS\SYSTEM32\dhcpcsvc6.DLL
0x00007ff822720000 - 0x00007ff82273d000 	C:\WINDOWS\SYSTEM32\dhcpcsvc.DLL
0x00007ff82cb20000 - 0x00007ff82cbea000 	C:\WINDOWS\SYSTEM32\DNSAPI.dll
0x00007ff825120000 - 0x00007ff82512e000 	C:\Program Files\Java\jdk-16.0.2\bin\sunmscapi.dll
0x00007ff82dda0000 - 0x00007ff82def6000 	C:\WINDOWS\System32\CRYPT32.dll
0x00007ff82d140000 - 0x00007ff82d167000 	C:\WINDOWS\SYSTEM32\ncrypt.dll
0x00007ff82d100000 - 0x00007ff82d13b000 	C:\WINDOWS\SYSTEM32\NTASN1.dll
0x00007ff805800000 - 0x00007ff805807000 	C:\WINDOWS\system32\wshunix.dll

dbghelp: loaded successfully - version: 4.0.5 - missing functions: none
symbol engine: initialized successfully - sym options: 0x614 - pdb path: .;C:\Program Files\Java\jdk-16.0.2\bin;C:\WINDOWS\SYSTEM32;C:\WINDOWS\WinSxS\amd64_microsoft.windows.common-controls_6595b64144ccf1df_6.0.19041.1110_none_60b5254171f9507e;C:\Program Files\Java\jdk-16.0.2\bin\server;C:\Users\ITECH\.gradle\native\e1d6ef7f7dcc3fd88c89a11ec53ec762bb8ba0a96d01ffa2cd45eb1d1d8dd5c5\windows-amd64;C:\Users\ITECH\.gradle\native\5664cfc778a61ccfe75a443a1ab52a65af34e5dc3c78e0209fed803814484fcb\windows-amd64

VM Arguments:
jvm_args: --add-opens=java.base/java.util=ALL-UNNAMED --add-opens=java.base/java.lang=ALL-UNNAMED --add-opens=java.base/java.lang.invoke=ALL-UNNAMED --add-opens=java.base/java.util=ALL-UNNAMED --add-opens=java.prefs/java.util.prefs=ALL-UNNAMED --add-opens=java.prefs/java.util.prefs=ALL-UNNAMED --add-opens=java.base/java.nio.charset=ALL-UNNAMED --add-opens=java.base/java.net=ALL-UNNAMED --add-opens=java.base/java.util.concurrent.atomic=ALL-UNNAMED -Xmx2048m -Dfile.encoding=UTF-8 -Duser.country=US -Duser.language=en -Duser.variant 
java_command: org.gradle.launcher.daemon.bootstrap.GradleDaemon 7.3.3
java_class_path (initial): C:\Users\ITECH\.gradle\wrapper\dists\gradle-7.3.3-bin\6a41zxkdtcxs8rphpq6y0069z\gradle-7.3.3\lib\gradle-launcher-7.3.3.jar
Launcher Type: SUN_STANDARD

[Global flags]
     intx CICompilerCount                          = 4                                         {product} {ergonomic}
     uint ConcGCThreads                            = 2                                         {product} {ergonomic}
     uint G1ConcRefinementThreads                  = 8                                         {product} {ergonomic}
   size_t G1HeapRegionSize                         = 1048576                                   {product} {ergonomic}
    uintx GCDrainStackTargetSize                   = 64                                        {product} {ergonomic}
   size_t InitialHeapSize                          = 132120576                                 {product} {ergonomic}
   size_t MarkStackSize                            = 4194304                                   {product} {ergonomic}
   size_t MaxHeapSize                              = 2147483648                                {product} {command line}
   size_t MaxNewSize                               = 1287651328                                {product} {ergonomic}
   size_t MinHeapDeltaBytes                        = 1048576                                   {product} {ergonomic}
   size_t MinHeapSize                              = 8388608                                   {product} {ergonomic}
    uintx NonNMethodCodeHeapSize                   = 5839372                                {pd product} {ergonomic}
    uintx NonProfiledCodeHeapSize                  = 122909434                              {pd product} {ergonomic}
    uintx ProfiledCodeHeapSize                     = 122909434                              {pd product} {ergonomic}
    uintx ReservedCodeCacheSize                    = 251658240                              {pd product} {ergonomic}
     bool SegmentedCodeCache                       = true                                      {product} {ergonomic}
   size_t SoftMaxHeapSize                          = 2147483648                             {manageable} {ergonomic}
     bool UseCompressedClassPointers               = true                           {product lp64_product} {ergonomic}
     bool UseCompressedOops                        = true                           {product lp64_product} {ergonomic}
     bool UseG1GC                                  = true                                      {product} {ergonomic}
     bool UseLargePagesIndividualAllocation        = false                                  {pd product} {ergonomic}

Logging:
Log output configuration:
 #0: stdout all=warning uptime,level,tags
 #1: stderr all=off uptime,level,tags

Environment Variables:
JAVA_HOME=C:\Program Files\Java\jdk-16.0.2
PATH=C:\Program Files\Python37\Scripts\;C:\Program Files\Python37\;C:\ProgramData\Oracle\Java\javapath;C:\app\ITECH\product\11.2.0\dbhome_1\bin;C:\Program Files\Common Files\Oracle\Java\javapath;C:\Program Files (x86)\Common Files\Oracle\Java\javapath;C:\WINDOWS\system32;C:\WINDOWS;C:\WINDOWS\System32\Wbem;C:\WINDOWS\System32\WindowsPowerShell\v1.0\;C:\WINDOWS\System32\OpenSSH\;C:\Program Files\Microsoft SQL Server\130\Tools\Binn\;C:\Program Files\Microsoft SQL Server\Client SDK\ODBC\170\Tools\Binn\;C:\Program Files\dotnet\;C:\Program Files\nodejs\;C:\Program Files\Java\jdk-16.0.2\bin;C:\Program Files\Git\cmd;C:\Program Files\Java\jdk-16.0.2\bin;
USERNAME=ITECH
OS=Windows_NT
PROCESSOR_IDENTIFIER=Intel64 Family 6 Model 126 Stepping 5, GenuineIntel



---------------  S Y S T E M  ---------------

OS:
 Windows 10 , 64 bit Build 19041 (10.0.19041.1889)
OS uptime: 0 days 1:48 hours

CPU: total 8 (initial active 8) (4 cores per cpu, 2 threads per core) family 6 model 126 stepping 5 microcode 0xb0, cx8, cmov, fxsr, ht, mmx, 3dnowpref, sse, sse2, sse3, ssse3, sse4.1, sse4.2, popcnt, lzcnt, tsc, tscinvbit, avx, avx2, aes, erms, clmul, bmi1, bmi2, adx, avx512f, avx512dq, avx512cd, avx512bw, avx512vl, sha, fma, vzeroupper, avx512_vpopcntdq, avx512_vpclmulqdq, avx512_vaes, avx512_vnni, clflush, clflushopt, avx512_vmbi2, avx512_vmbi

Memory: 4k page, system-wide physical 7959M (796M free)
TotalPageFile size 7959M (AvailPageFile size 5M)
current process WorkingSet (physical memory assigned to process): 548M, peak: 548M
current process commit charge ("private bytes"): 586M, peak: 586M

vm_info: Java HotSpot(TM) 64-Bit Server VM (16.0.2+7-67) for windows-amd64 JRE (16.0.2+7-67), built on Jun  8 2021 23:24:19 by "mach5one" with MS VC++ 16.7 (VS2019)

END.
