#
# There is insufficient memory for the Java Runtime Environment to continue.
# Native memory allocation (mmap) failed to map 22020096 bytes for G1 virtual space
# Possible reasons:
#   The system is out of physical RAM or swap space
#   The process is running with CompressedOops enabled, and the Java Heap may be blocking the growth of the native heap
# Possible solutions:
#   Reduce memory load on the system
#   Increase physical memory or swap space
#   Check if swap backing store is full
#   Decrease Java heap size (-Xmx/-Xms)
#   Decrease number of Java threads
#   Decrease Java thread stack sizes (-Xss)
#   Set larger code cache with -XX:ReservedCodeCacheSize=
#   JVM is running with Unscaled Compressed Oops mode in which the Java heap is
#     placed in the first 4GB address space. The Java Heap base address is the
#     maximum limit for the native heap growth. Please use -XX:HeapBaseMinAddress
#     to set the Java Heap base and to place the Java Heap above 4GB virtual address.
# This output file may be truncated or incomplete.
#
#  Out of Memory Error (os_windows.cpp:3466), pid=2344, tid=1112
#
# JRE version: Java(TM) SE Runtime Environment (16.0.2+7) (build 16.0.2+7-67)
# Java VM: Java HotSpot(TM) 64-Bit Server VM (16.0.2+7-67, mixed mode, sharing, tiered, compressed oops, compressed class ptrs, g1 gc, windows-amd64)
# No core dump will be written. Minidumps are not enabled by default on client versions of Windows
#

---------------  S U M M A R Y ------------

Command Line: --add-opens=java.base/java.util=ALL-UNNAMED --add-opens=java.base/java.lang=ALL-UNNAMED --add-opens=java.base/java.lang.invoke=ALL-UNNAMED --add-opens=java.base/java.util=ALL-UNNAMED --add-opens=java.prefs/java.util.prefs=ALL-UNNAMED --add-opens=java.prefs/java.util.prefs=ALL-UNNAMED --add-opens=java.base/java.nio.charset=ALL-UNNAMED --add-opens=java.base/java.net=ALL-UNNAMED --add-opens=java.base/java.util.concurrent.atomic=ALL-UNNAMED -Xmx2048m -Dfile.encoding=UTF-8 -Duser.country=US -Duser.language=en -Duser.variant org.gradle.launcher.daemon.bootstrap.GradleDaemon 7.3.3

Host: Intel(R) Core(TM) i7-1065G7 CPU @ 1.30GHz, 8 cores, 7G,  Windows 10 , 64 bit Build 19041 (10.0.19041.1889)
Time: Wed Aug 17 17:06:56 2022 Egypt Standard Time elapsed time: 8.471266 seconds (0d 0h 0m 8s)

---------------  T H R E A D  ---------------

Current thread (0x000002147f186b80):  VMThread "VM Thread" [stack: 0x000000d505c00000,0x000000d505d00000] [id=1112]

Stack: [0x000000d505c00000,0x000000d505d00000]
Native frames: (J=compiled Java code, j=interpreted, Vv=VM code, C=native code)
V  [jvm.dll+0x6681ca]
V  [jvm.dll+0x7c9e69]
V  [jvm.dll+0x7cb61e]
V  [jvm.dll+0x7cbc73]
V  [jvm.dll+0x242c55]
V  [jvm.dll+0x664f89]
V  [jvm.dll+0x659b75]
V  [jvm.dll+0x2fbfbb]
V  [jvm.dll+0x3031b6]
V  [jvm.dll+0x35299e]
V  [jvm.dll+0x352bcf]
V  [jvm.dll+0x2d3028]
V  [jvm.dll+0x2d0bb5]
V  [jvm.dll+0x2d01ec]
V  [jvm.dll+0x3152d2]
V  [jvm.dll+0x7d00ab]
V  [jvm.dll+0x7d0da4]
V  [jvm.dll+0x7d12a9]
V  [jvm.dll+0x7d1564]
V  [jvm.dll+0x7d1630]
V  [jvm.dll+0x7795aa]
V  [jvm.dll+0x667066]
C  [ucrtbase.dll+0x21bb2]
C  [KERNEL32.DLL+0x17034]
C  [ntdll.dll+0x52651]

VM_Operation (0x000000d5075f8d40): G1CollectForAllocation, mode: safepoint, requested by thread 0x000002141def02e0


---------------  P R O C E S S  ---------------

Threads class SMR info:
_java_thread_list=0x000002141ec41060, length=126, elements={
0x000002147d77ca40, 0x000002147f18a190, 0x000002147f18aca0, 0x000002147f1985c0,
0x000002147f1990d0, 0x000002147f19da00, 0x000002147f19e310, 0x000002147f1afec0,
0x000002147f1b3830, 0x000002147f1b4180, 0x000002147fce1a20, 0x000002147fce2b70,
0x000002147fd42ba0, 0x000002141deef2f0, 0x000002141deee850, 0x000002141deef840,
0x000002141deee300, 0x000002141deefd90, 0x000002141deeeda0, 0x000002141def02e0,
0x000002141def0830, 0x000002141def0d80, 0x000002141def12d0, 0x000002141def1820,
0x000002141e206ac0, 0x000002141e203af0, 0x000002141e204040, 0x000002141e208aa0,
0x000002141e205030, 0x000002141e205ad0, 0x000002141e207ab0, 0x000002141e2035a0,
0x000002141e208550, 0x000002141e204590, 0x000002141e208000, 0x000002141e209540,
0x000002141e209a90, 0x000002141e207010, 0x000002141e206570, 0x000002141e207560,
0x000002141e20a530, 0x000002141e205580, 0x000002141e206020, 0x000002141e20aa80,
0x000002141e20afd0, 0x000002141e204ae0, 0x00000214224dcf90, 0x00000214224dca40,
0x00000214224dea20, 0x00000214224dfa10, 0x00000214224dd4e0, 0x00000214224ddf80,
0x00000214224e1f40, 0x00000214224dff60, 0x00000214224def70, 0x00000214224e04b0,
0x00000214224e14a0, 0x00000214224dda30, 0x00000214224dba50, 0x00000214224de4d0,
0x00000214224df4c0, 0x00000214224e0a00, 0x00000214224e0f50, 0x00000214224dafb0,
0x00000214224dbfa0, 0x00000214224e19f0, 0x00000214224e2490, 0x00000214224e29e0,
0x00000214224db500, 0x00000214224dc4f0, 0x000002141fc8f7b0, 0x000002141fc8b7f0,
0x000002141fc8a2b0, 0x000002141fc8fd00, 0x000002141fc8a800, 0x000002141fc8f260,
0x000002141fc8e7c0, 0x000002141fc8ad50, 0x000002141fc8b2a0, 0x000002141fc8d280,
0x000002141fc8d7d0, 0x000002141fc90250, 0x000002141fc907a0, 0x000002141fc8e270,
0x000002141fc8bd40, 0x000002141fc8ed10, 0x000002141fc8c290, 0x000002141fc8c7e0,
0x000002141fc8cd30, 0x000002141fc90cf0, 0x000002141fc91240, 0x000002141fc89810,
0x000002141fc8dd20, 0x000002141fc89d60, 0x0000021422a745b0, 0x0000021422a735c0,
0x0000021422a73b10, 0x0000021422a715e0, 0x0000021422a71b30, 0x0000021422a725d0,
0x0000021422a71090, 0x0000021422a72080, 0x0000021422a74060, 0x0000021422a72b20,
0x0000021422a73070, 0x00000214214b14f0, 0x00000214214b34d0, 0x00000214214b3f70,
0x00000214214b0fa0, 0x00000214214b1f90, 0x00000214214b44c0, 0x00000214214b24e0,
0x00000214214b3a20, 0x00000214214b1a40, 0x00000214214b2a30, 0x00000214214b2f80,
0x0000021422b5ae60, 0x0000021422b53ed0, 0x0000021422b58930, 0x0000021422b56950,
0x0000021422b53980, 0x0000021422b5a3c0, 0x0000021422b56ea0, 0x0000021422b593d0,
0x000002141d3e1b80, 0x0000021422b54970
}

Java Threads: ( => current thread )
  0x000002147d77ca40 JavaThread "main" [_thread_blocked, id=3388, stack(0x000000d505600000,0x000000d505700000)]
  0x000002147f18a190 JavaThread "Reference Handler" daemon [_thread_blocked, id=12508, stack(0x000000d505d00000,0x000000d505e00000)]
  0x000002147f18aca0 JavaThread "Finalizer" daemon [_thread_blocked, id=4076, stack(0x000000d505e00000,0x000000d505f00000)]
  0x000002147f1985c0 JavaThread "Signal Dispatcher" daemon [_thread_blocked, id=7216, stack(0x000000d505f00000,0x000000d506000000)]
  0x000002147f1990d0 JavaThread "Attach Listener" daemon [_thread_blocked, id=2820, stack(0x000000d506000000,0x000000d506100000)]
  0x000002147f19da00 JavaThread "Service Thread" daemon [_thread_blocked, id=5888, stack(0x000000d506100000,0x000000d506200000)]
  0x000002147f19e310 JavaThread "Monitor Deflation Thread" daemon [_thread_blocked, id=8448, stack(0x000000d506200000,0x000000d506300000)]
  0x000002147f1afec0 JavaThread "C2 CompilerThread0" daemon [_thread_blocked, id=7416, stack(0x000000d506300000,0x000000d506400000)]
  0x000002147f1b3830 JavaThread "C1 CompilerThread0" daemon [_thread_blocked, id=8092, stack(0x000000d506400000,0x000000d506500000)]
  0x000002147f1b4180 JavaThread "Sweeper thread" daemon [_thread_blocked, id=11764, stack(0x000000d506500000,0x000000d506600000)]
  0x000002147fce1a20 JavaThread "Common-Cleaner" daemon [_thread_blocked, id=11340, stack(0x000000d506600000,0x000000d506700000)]
  0x000002147fce2b70 JavaThread "Notification Thread" daemon [_thread_blocked, id=5572, stack(0x000000d506700000,0x000000d506800000)]
  0x000002147fd42ba0 JavaThread "C2 CompilerThread1" daemon [_thread_blocked, id=11908, stack(0x000000d506900000,0x000000d506a00000)]
  0x000002141deef2f0 JavaThread "Daemon health stats" [_thread_blocked, id=10184, stack(0x000000d506f00000,0x000000d507000000)]
  0x000002141deee850 JavaThread "Incoming local TCP Connector on port 62684" [_thread_in_native, id=10188, stack(0x000000d507000000,0x000000d507100000)]
  0x000002141deef840 JavaThread "Daemon periodic checks" [_thread_blocked, id=2360, stack(0x000000d507100000,0x000000d507200000)]
  0x000002141deee300 JavaThread "Daemon" [_thread_blocked, id=5584, stack(0x000000d507200000,0x000000d507300000)]
  0x000002141deefd90 JavaThread "Handler for socket connection from /127.0.0.1:62684 to /127.0.0.1:62685" [_thread_in_native, id=584, stack(0x000000d507300000,0x000000d507400000)]
  0x000002141deeeda0 JavaThread "Cancel handler" [_thread_blocked, id=4144, stack(0x000000d507400000,0x000000d507500000)]
  0x000002141def02e0 JavaThread "Daemon worker" [_thread_blocked, id=11996, stack(0x000000d507500000,0x000000d507600000)]
  0x000002141def0830 JavaThread "Asynchronous log dispatcher for DefaultDaemonConnection: socket connection from /127.0.0.1:62684 to /127.0.0.1:62685" [_thread_blocked, id=6516, stack(0x000000d507600000,0x000000d507700000)]
  0x000002141def0d80 JavaThread "Stdin handler" [_thread_blocked, id=11376, stack(0x000000d507700000,0x000000d507800000)]
  0x000002141def12d0 JavaThread "Daemon client event forwarder" [_thread_blocked, id=7872, stack(0x000000d507800000,0x000000d507900000)]
  0x000002141def1820 JavaThread "Cache worker for journal cache (C:\Users\ITECH\.gradle\caches\journal-1)" [_thread_blocked, id=3940, stack(0x000000d506e00000,0x000000d506f00000)]
  0x000002141e206ac0 JavaThread "File lock request listener" [_thread_in_native, id=3744, stack(0x000000d507900000,0x000000d507a00000)]
  0x000002141e203af0 JavaThread "Cache worker for file hash cache (C:\Users\ITECH\.gradle\caches\7.3.3\fileHashes)" [_thread_blocked, id=8664, stack(0x000000d507a00000,0x000000d507b00000)]
  0x000002141e204040 JavaThread "Cache worker for file hash cache (C:\Users\ITECH\AndroidStudioProjects\yummy\.gradle\7.3.3\fileHashes)" [_thread_blocked, id=7952, stack(0x000000d507c00000,0x000000d507d00000)]
  0x000002141e208aa0 JavaThread "File watcher server" daemon [_thread_in_native, id=2400, stack(0x000000d508000000,0x000000d508100000)]
  0x000002141e205030 JavaThread "File watcher consumer" daemon [_thread_blocked, id=10512, stack(0x000000d508100000,0x000000d508200000)]
  0x000002141e205ad0 JavaThread "Cache worker for checksums cache (C:\Users\ITECH\AndroidStudioProjects\yummy\.gradle\7.3.3\checksums)" [_thread_blocked, id=7564, stack(0x000000d508200000,0x000000d508300000)]
  0x000002141e207ab0 JavaThread "Cache worker for cache directory md-supplier (C:\Users\ITECH\.gradle\caches\7.3.3\md-supplier)" [_thread_blocked, id=8508, stack(0x000000d508300000,0x000000d508400000)]
  0x000002141e2035a0 JavaThread "Cache worker for cache directory md-rule (C:\Users\ITECH\.gradle\caches\7.3.3\md-rule)" [_thread_blocked, id=9676, stack(0x000000d508400000,0x000000d508500000)]
  0x000002141e208550 JavaThread "Cache worker for execution history cache (C:\Users\ITECH\.gradle\caches\7.3.3\executionHistory)" [_thread_blocked, id=4516, stack(0x000000d508600000,0x000000d508700000)]
  0x000002141e204590 JavaThread "jar transforms" [_thread_blocked, id=10948, stack(0x000000d508700000,0x000000d508800000)]
  0x000002141e208000 JavaThread "Cache worker for file content cache (C:\Users\ITECH\.gradle\caches\7.3.3\fileContent)" [_thread_blocked, id=8696, stack(0x000000d508800000,0x000000d508900000)]
  0x000002141e209540 JavaThread "jar transforms Thread 2" [_thread_blocked, id=4488, stack(0x000000d508900000,0x000000d508a00000)]
  0x000002141e209a90 JavaThread "Cache worker for dependencies-accessors (C:\Users\ITECH\AndroidStudioProjects\yummy\.gradle\7.3.3\dependencies-accessors)" [_thread_blocked, id=10844, stack(0x000000d508a00000,0x000000d508b00000)]
  0x000002141e207010 JavaThread "jar transforms Thread 3" [_thread_blocked, id=5056, stack(0x000000d508b00000,0x000000d508c00000)]
  0x000002141e206570 JavaThread "Cache worker for Build Output Cleanup Cache (C:\Users\ITECH\AndroidStudioProjects\yummy\.gradle\buildOutputCleanup)" [_thread_blocked, id=4484, stack(0x000000d508c00000,0x000000d508d00000)]
  0x000002141e207560 JavaThread "Unconstrained build operations" [_thread_blocked, id=11696, stack(0x000000d508d00000,0x000000d508e00000)]
  0x000002141e20a530 JavaThread "Unconstrained build operations Thread 2" [_thread_blocked, id=6620, stack(0x000000d508e00000,0x000000d508f00000)]
  0x000002141e205580 JavaThread "Unconstrained build operations Thread 3" [_thread_blocked, id=8544, stack(0x000000d508f00000,0x000000d509000000)]
  0x000002141e206020 JavaThread "Unconstrained build operations Thread 4" [_thread_blocked, id=6296, stack(0x000000d509000000,0x000000d509100000)]
  0x000002141e20aa80 JavaThread "Unconstrained build operations Thread 5" [_thread_blocked, id=2532, stack(0x000000d509100000,0x000000d509200000)]
  0x000002141e20afd0 JavaThread "Unconstrained build operations Thread 6" [_thread_blocked, id=11396, stack(0x000000d509200000,0x000000d509300000)]
  0x000002141e204ae0 JavaThread "Unconstrained build operations Thread 7" [_thread_blocked, id=5048, stack(0x000000d509300000,0x000000d509400000)]
  0x00000214224dcf90 JavaThread "Unconstrained build operations Thread 8" [_thread_blocked, id=2600, stack(0x000000d509400000,0x000000d509500000)]
  0x00000214224dca40 JavaThread "Unconstrained build operations Thread 9" [_thread_blocked, id=4748, stack(0x000000d509500000,0x000000d509600000)]
  0x00000214224dea20 JavaThread "Unconstrained build operations Thread 10" [_thread_blocked, id=12568, stack(0x000000d509600000,0x000000d509700000)]
  0x00000214224dfa10 JavaThread "Unconstrained build operations Thread 11" [_thread_blocked, id=7944, stack(0x000000d509700000,0x000000d509800000)]
  0x00000214224dd4e0 JavaThread "Unconstrained build operations Thread 12" [_thread_blocked, id=9404, stack(0x000000d509800000,0x000000d509900000)]
  0x00000214224ddf80 JavaThread "Unconstrained build operations Thread 13" [_thread_blocked, id=9072, stack(0x000000d509900000,0x000000d509a00000)]
  0x00000214224e1f40 JavaThread "Unconstrained build operations Thread 14" [_thread_blocked, id=12692, stack(0x000000d509a00000,0x000000d509b00000)]
  0x00000214224dff60 JavaThread "Unconstrained build operations Thread 15" [_thread_blocked, id=8016, stack(0x000000d509b00000,0x000000d509c00000)]
  0x00000214224def70 JavaThread "Unconstrained build operations Thread 16" [_thread_blocked, id=9300, stack(0x000000d509c00000,0x000000d509d00000)]
  0x00000214224e04b0 JavaThread "Unconstrained build operations Thread 17" [_thread_blocked, id=7204, stack(0x000000d509d00000,0x000000d509e00000)]
  0x00000214224e14a0 JavaThread "Unconstrained build operations Thread 18" [_thread_blocked, id=10400, stack(0x000000d509e00000,0x000000d509f00000)]
  0x00000214224dda30 JavaThread "Unconstrained build operations Thread 19" [_thread_blocked, id=144, stack(0x000000d509f00000,0x000000d50a000000)]
  0x00000214224dba50 JavaThread "Unconstrained build operations Thread 20" [_thread_blocked, id=6480, stack(0x000000d50a000000,0x000000d50a100000)]
  0x00000214224de4d0 JavaThread "Unconstrained build operations Thread 21" [_thread_blocked, id=10620, stack(0x000000d50a100000,0x000000d50a200000)]
  0x00000214224df4c0 JavaThread "Unconstrained build operations Thread 22" [_thread_blocked, id=3944, stack(0x000000d50a200000,0x000000d50a300000)]
  0x00000214224e0a00 JavaThread "Unconstrained build operations Thread 23" [_thread_blocked, id=9716, stack(0x000000d50a300000,0x000000d50a400000)]
  0x00000214224e0f50 JavaThread "Unconstrained build operations Thread 24" [_thread_blocked, id=12224, stack(0x000000d50a400000,0x000000d50a500000)]
  0x00000214224dafb0 JavaThread "Unconstrained build operations Thread 25" [_thread_blocked, id=12912, stack(0x000000d50a500000,0x000000d50a600000)]
  0x00000214224dbfa0 JavaThread "Unconstrained build operations Thread 26" [_thread_blocked, id=12084, stack(0x000000d50a600000,0x000000d50a700000)]
  0x00000214224e19f0 JavaThread "Unconstrained build operations Thread 27" [_thread_blocked, id=11720, stack(0x000000d50a700000,0x000000d50a800000)]
  0x00000214224e2490 JavaThread "Unconstrained build operations Thread 28" [_thread_blocked, id=1624, stack(0x000000d50a800000,0x000000d50a900000)]
  0x00000214224e29e0 JavaThread "Unconstrained build operations Thread 29" [_thread_blocked, id=2388, stack(0x000000d50a900000,0x000000d50aa00000)]
  0x00000214224db500 JavaThread "Unconstrained build operations Thread 30" [_thread_blocked, id=2512, stack(0x000000d50aa00000,0x000000d50ab00000)]
  0x00000214224dc4f0 JavaThread "Unconstrained build operations Thread 31" [_thread_blocked, id=13120, stack(0x000000d50ab00000,0x000000d50ac00000)]
  0x000002141fc8f7b0 JavaThread "Unconstrained build operations Thread 32" [_thread_blocked, id=7184, stack(0x000000d50ac00000,0x000000d50ad00000)]
  0x000002141fc8b7f0 JavaThread "Unconstrained build operations Thread 33" [_thread_blocked, id=8680, stack(0x000000d50ad00000,0x000000d50ae00000)]
  0x000002141fc8a2b0 JavaThread "Unconstrained build operations Thread 34" [_thread_blocked, id=10116, stack(0x000000d50ae00000,0x000000d50af00000)]
  0x000002141fc8fd00 JavaThread "Unconstrained build operations Thread 35" [_thread_blocked, id=9240, stack(0x000000d50af00000,0x000000d50b000000)]
  0x000002141fc8a800 JavaThread "Unconstrained build operations Thread 36" [_thread_blocked, id=6148, stack(0x000000d50b000000,0x000000d50b100000)]
  0x000002141fc8f260 JavaThread "Unconstrained build operations Thread 37" [_thread_blocked, id=11936, stack(0x000000d50b100000,0x000000d50b200000)]
  0x000002141fc8e7c0 JavaThread "Unconstrained build operations Thread 38" [_thread_blocked, id=2288, stack(0x000000d50b200000,0x000000d50b300000)]
  0x000002141fc8ad50 JavaThread "Unconstrained build operations Thread 39" [_thread_blocked, id=10340, stack(0x000000d50b300000,0x000000d50b400000)]
  0x000002141fc8b2a0 JavaThread "Unconstrained build operations Thread 40" [_thread_blocked, id=11152, stack(0x000000d50b400000,0x000000d50b500000)]
  0x000002141fc8d280 JavaThread "Unconstrained build operations Thread 41" [_thread_blocked, id=6744, stack(0x000000d50b500000,0x000000d50b600000)]
  0x000002141fc8d7d0 JavaThread "Unconstrained build operations Thread 42" [_thread_blocked, id=7384, stack(0x000000d50b600000,0x000000d50b700000)]
  0x000002141fc90250 JavaThread "Unconstrained build operations Thread 43" [_thread_blocked, id=3908, stack(0x000000d50b700000,0x000000d50b800000)]
  0x000002141fc907a0 JavaThread "Unconstrained build operations Thread 44" [_thread_blocked, id=8464, stack(0x000000d50b800000,0x000000d50b900000)]
  0x000002141fc8e270 JavaThread "Unconstrained build operations Thread 45" [_thread_blocked, id=6304, stack(0x000000d50b900000,0x000000d50ba00000)]
  0x000002141fc8bd40 JavaThread "Unconstrained build operations Thread 46" [_thread_blocked, id=3284, stack(0x000000d50ba00000,0x000000d50bb00000)]
  0x000002141fc8ed10 JavaThread "Unconstrained build operations Thread 47" [_thread_blocked, id=4504, stack(0x000000d50bb00000,0x000000d50bc00000)]
  0x000002141fc8c290 JavaThread "Unconstrained build operations Thread 48" [_thread_blocked, id=8856, stack(0x000000d50bc00000,0x000000d50bd00000)]
  0x000002141fc8c7e0 JavaThread "Unconstrained build operations Thread 49" [_thread_blocked, id=13172, stack(0x000000d50bd00000,0x000000d50be00000)]
  0x000002141fc8cd30 JavaThread "Unconstrained build operations Thread 50" [_thread_blocked, id=12732, stack(0x000000d50be00000,0x000000d50bf00000)]
  0x000002141fc90cf0 JavaThread "Unconstrained build operations Thread 51" [_thread_blocked, id=1268, stack(0x000000d50bf00000,0x000000d50c000000)]
  0x000002141fc91240 JavaThread "Unconstrained build operations Thread 52" [_thread_blocked, id=3776, stack(0x000000d50c000000,0x000000d50c100000)]
  0x000002141fc89810 JavaThread "Unconstrained build operations Thread 53" [_thread_blocked, id=4064, stack(0x000000d50c100000,0x000000d50c200000)]
  0x000002141fc8dd20 JavaThread "Unconstrained build operations Thread 54" [_thread_blocked, id=9340, stack(0x000000d50c200000,0x000000d50c300000)]
  0x000002141fc89d60 JavaThread "Unconstrained build operations Thread 55" [_thread_blocked, id=3156, stack(0x000000d50c300000,0x000000d50c400000)]
  0x0000021422a745b0 JavaThread "Unconstrained build operations Thread 56" [_thread_blocked, id=6816, stack(0x000000d50c400000,0x000000d50c500000)]
  0x0000021422a735c0 JavaThread "Unconstrained build operations Thread 57" [_thread_blocked, id=9980, stack(0x000000d50c500000,0x000000d50c600000)]
  0x0000021422a73b10 JavaThread "Unconstrained build operations Thread 58" [_thread_blocked, id=1088, stack(0x000000d50c600000,0x000000d50c700000)]
  0x0000021422a715e0 JavaThread "Unconstrained build operations Thread 59" [_thread_blocked, id=10308, stack(0x000000d50c700000,0x000000d50c800000)]
  0x0000021422a71b30 JavaThread "Unconstrained build operations Thread 60" [_thread_blocked, id=10988, stack(0x000000d50c800000,0x000000d50c900000)]
  0x0000021422a725d0 JavaThread "Unconstrained build operations Thread 61" [_thread_blocked, id=8528, stack(0x000000d50c900000,0x000000d50ca00000)]
  0x0000021422a71090 JavaThread "Unconstrained build operations Thread 62" [_thread_blocked, id=6316, stack(0x000000d50ca00000,0x000000d50cb00000)]
  0x0000021422a72080 JavaThread "Unconstrained build operations Thread 63" [_thread_blocked, id=9196, stack(0x000000d50cb00000,0x000000d50cc00000)]
  0x0000021422a74060 JavaThread "Unconstrained build operations Thread 64" [_thread_blocked, id=9068, stack(0x000000d50cc00000,0x000000d50cd00000)]
  0x0000021422a72b20 JavaThread "Unconstrained build operations Thread 65" [_thread_blocked, id=12032, stack(0x000000d50cd00000,0x000000d50ce00000)]
  0x0000021422a73070 JavaThread "Unconstrained build operations Thread 66" [_thread_blocked, id=11868, stack(0x000000d50ce00000,0x000000d50cf00000)]
  0x00000214214b14f0 JavaThread "Unconstrained build operations Thread 67" [_thread_blocked, id=6752, stack(0x000000d50cf00000,0x000000d50d000000)]
  0x00000214214b34d0 JavaThread "Unconstrained build operations Thread 68" [_thread_blocked, id=10392, stack(0x000000d50d000000,0x000000d50d100000)]
  0x00000214214b3f70 JavaThread "Unconstrained build operations Thread 69" [_thread_blocked, id=10672, stack(0x000000d50d100000,0x000000d50d200000)]
  0x00000214214b0fa0 JavaThread "Unconstrained build operations Thread 70" [_thread_blocked, id=7532, stack(0x000000d50d200000,0x000000d50d300000)]
  0x00000214214b1f90 JavaThread "Unconstrained build operations Thread 71" [_thread_blocked, id=3400, stack(0x000000d50d300000,0x000000d50d400000)]
  0x00000214214b44c0 JavaThread "Unconstrained build operations Thread 72" [_thread_blocked, id=12252, stack(0x000000d50d400000,0x000000d50d500000)]
  0x00000214214b24e0 JavaThread "Unconstrained build operations Thread 73" [_thread_blocked, id=608, stack(0x000000d50d500000,0x000000d50d600000)]
  0x00000214214b3a20 JavaThread "Unconstrained build operations Thread 74" [_thread_blocked, id=2184, stack(0x000000d50d600000,0x000000d50d700000)]
  0x00000214214b1a40 JavaThread "Unconstrained build operations Thread 75" [_thread_blocked, id=10192, stack(0x000000d50d700000,0x000000d50d800000)]
  0x00000214214b2a30 JavaThread "Unconstrained build operations Thread 76" [_thread_blocked, id=3012, stack(0x000000d50d800000,0x000000d50d900000)]
  0x00000214214b2f80 JavaThread "Unconstrained build operations Thread 77" [_thread_blocked, id=10020, stack(0x000000d50d900000,0x000000d50da00000)]
  0x0000021422b5ae60 JavaThread "Unconstrained build operations Thread 78" [_thread_blocked, id=5300, stack(0x000000d50da00000,0x000000d50db00000)]
  0x0000021422b53ed0 JavaThread "Unconstrained build operations Thread 79" [_thread_blocked, id=2428, stack(0x000000d50db00000,0x000000d50dc00000)]
  0x0000021422b58930 JavaThread "Unconstrained build operations Thread 80" [_thread_blocked, id=9880, stack(0x000000d50dc00000,0x000000d50dd00000)]
  0x0000021422b56950 JavaThread "jar transforms Thread 4" [_thread_blocked, id=11748, stack(0x000000d50dd00000,0x000000d50de00000)]
  0x0000021422b53980 JavaThread "jar transforms Thread 5" [_thread_blocked, id=7380, stack(0x000000d50de00000,0x000000d50df00000)]
  0x0000021422b5a3c0 JavaThread "jar transforms Thread 6" [_thread_blocked, id=2624, stack(0x000000d50df00000,0x000000d50e000000)]
  0x0000021422b56ea0 JavaThread "jar transforms Thread 7" [_thread_blocked, id=10424, stack(0x000000d50e000000,0x000000d50e100000)]
  0x0000021422b593d0 JavaThread "jar transforms Thread 8" [_thread_blocked, id=10864, stack(0x000000d50e100000,0x000000d50e200000)]
  0x000002141d3e1b80 JavaThread "C2 CompilerThread2" daemon [_thread_blocked, id=11120, stack(0x000000d507b00000,0x000000d507c00000)]
  0x0000021422b54970 JavaThread "Memory manager" [_thread_blocked, id=1568, stack(0x000000d50e200000,0x000000d50e300000)]

Other Threads:
=>0x000002147f186b80 VMThread "VM Thread" [stack: 0x000000d505c00000,0x000000d505d00000] [id=1112]
  0x000002147fce3cc0 WatcherThread [stack: 0x000000d506800000,0x000000d506900000] [id=240]
  0x000002147d7be360 GCTaskThread "GC Thread#0" [stack: 0x000000d505700000,0x000000d505800000] [id=7780]
  0x000002147fe4e180 GCTaskThread "GC Thread#1" [stack: 0x000000d506a00000,0x000000d506b00000] [id=7208]
  0x000002141cef5040 GCTaskThread "GC Thread#2" [stack: 0x000000d506b00000,0x000000d506c00000] [id=6796]
  0x000002141cda1840 GCTaskThread "GC Thread#3" [stack: 0x000000d506c00000,0x000000d506d00000] [id=9692]
  0x000002141d3cf910 GCTaskThread "GC Thread#4" [stack: 0x000000d506d00000,0x000000d506e00000] [id=724]
  0x000002141d93ea60 GCTaskThread "GC Thread#5" [stack: 0x000000d507d00000,0x000000d507e00000] [id=9852]
  0x000002141d93f080 GCTaskThread "GC Thread#6" [stack: 0x000000d507e00000,0x000000d507f00000] [id=4604]
  0x000002141d93f390 GCTaskThread "GC Thread#7" [stack: 0x000000d507f00000,0x000000d508000000] [id=8724]
  0x000002147d7d07c0 ConcurrentGCThread "G1 Main Marker" [stack: 0x000000d505800000,0x000000d505900000] [id=7200]
  0x000002147d7d1960 ConcurrentGCThread "G1 Conc#0" [stack: 0x000000d505900000,0x000000d505a00000] [id=8848]
  0x000002141d93f9b0 ConcurrentGCThread "G1 Conc#1" [stack: 0x000000d508500000,0x000000d508600000] [id=10344]
  0x000002147d85ec70 ConcurrentGCThread "G1 Refine#0" [stack: 0x000000d505a00000,0x000000d505b00000] [id=11584]
  0x000002147f035d30 ConcurrentGCThread "G1 Service" [stack: 0x000000d505b00000,0x000000d505c00000] [id=10904]

Threads with active compile tasks:
C2 CompilerThread0     8498 7572       4       java.lang.Class::annotationData (44 bytes)
C1 CompilerThread0     8498 7796       3       com.google.common.collect.ImmutableMap::values (23 bytes)
C2 CompilerThread1     8498 7801       4       com.google.common.collect.Iterators$9::hasNext (13 bytes)
C2 CompilerThread2     8498 7787       4       com.google.common.collect.AbstractMapBasedMultimap$WrappedCollection::refreshIfEmpty (78 bytes)

VM state: at safepoint (normal execution)

VM Mutex/Monitor currently owned by a thread:  ([mutex/lock_event])
[0x000002147d7789c0] Threads_lock - owner thread: 0x000002147f186b80
[0x000002147d7793e0] Heap_lock - owner thread: 0x000002141def02e0

Heap address: 0x0000000080000000, size: 2048 MB, Compressed Oops mode: 32-bit

CDS archive(s) mapped at: [0x0000000800000000-0x0000000800bb0000-0x0000000800bb0000), size 12255232, SharedBaseAddress: 0x0000000800000000, ArchiveRelocationMode: 0.
Compressed class space mapped at: 0x0000000800c00000-0x0000000840c00000, reserved size: 1073741824
Narrow klass base: 0x0000000800000000, Narrow klass shift: 3, Narrow klass range: 0x100000000

GC Precious Log:
 CPUs: 8 total, 8 available
 Memory: 7959M
 Large Page Support: Disabled
 NUMA Support: Disabled
 Compressed Oops: Enabled (32-bit)
 Heap Region Size: 1M
 Heap Min Capacity: 8M
 Heap Initial Capacity: 126M
 Heap Max Capacity: 2G
 Pre-touch: Disabled
 Parallel Workers: 8
 Concurrent Workers: 2
 Concurrent Refinement Workers: 8
 Periodic GC: Disabled

Heap:
 garbage-first heap   total 107520K, used 62465K [0x0000000080000000, 0x0000000100000000)
  region size 1024K, 4 young (4096K), 4 survivors (4096K)
 Metaspace       used 68847K, committed 69440K, reserved 1114112K
  class space    used 9304K, committed 9600K, reserved 1048576K

Heap Regions: E=young(eden), S=young(survivor), O=old, HS=humongous(starts), HC=humongous(continues), CS=collection set, F=free, OA=open archive, CA=closed archive, TAMS=top-at-mark-start (previous, next)
|   0|0x0000000080000000, 0x0000000080100000, 0x0000000080100000|100%| O|  |TAMS 0x0000000080100000, 0x0000000080100000| Untracked 
|   1|0x0000000080100000, 0x0000000080200000, 0x0000000080200000|100%| O|  |TAMS 0x0000000080200000, 0x0000000080200000| Untracked 
|   2|0x0000000080200000, 0x0000000080300000, 0x0000000080300000|100%| O|  |TAMS 0x0000000080300000, 0x0000000080300000| Untracked 
|   3|0x0000000080300000, 0x0000000080400000, 0x0000000080400000|100%|HS|  |TAMS 0x0000000080400000, 0x0000000080400000| Complete 
|   4|0x0000000080400000, 0x0000000080500000, 0x0000000080500000|100%|HC|  |TAMS 0x0000000080500000, 0x0000000080500000| Complete 
|   5|0x0000000080500000, 0x0000000080600000, 0x0000000080600000|100%|HC|  |TAMS 0x0000000080600000, 0x0000000080600000| Complete 
|   6|0x0000000080600000, 0x0000000080700000, 0x0000000080700000|100%| O|  |TAMS 0x0000000080700000, 0x0000000080700000| Untracked 
|   7|0x0000000080700000, 0x0000000080800000, 0x0000000080800000|100%| O|  |TAMS 0x0000000080800000, 0x0000000080800000| Untracked 
|   8|0x0000000080800000, 0x0000000080900000, 0x0000000080900000|100%| O|  |TAMS 0x0000000080900000, 0x0000000080900000| Untracked 
|   9|0x0000000080900000, 0x0000000080a00000, 0x0000000080a00000|100%| O|  |TAMS 0x0000000080a00000, 0x0000000080a00000| Untracked 
|  10|0x0000000080a00000, 0x0000000080b00000, 0x0000000080b00000|100%| O|  |TAMS 0x0000000080b00000, 0x0000000080b00000| Untracked 
|  11|0x0000000080b00000, 0x0000000080c00000, 0x0000000080c00000|100%| O|  |TAMS 0x0000000080c00000, 0x0000000080c00000| Untracked 
|  12|0x0000000080c00000, 0x0000000080d00000, 0x0000000080d00000|100%| O|  |TAMS 0x0000000080d00000, 0x0000000080d00000| Untracked 
|  13|0x0000000080d00000, 0x0000000080e00000, 0x0000000080e00000|100%| O|  |TAMS 0x0000000080e00000, 0x0000000080e00000| Untracked 
|  14|0x0000000080e00000, 0x0000000080f00000, 0x0000000080f00000|100%| O|  |TAMS 0x0000000080f00000, 0x0000000080f00000| Untracked 
|  15|0x0000000080f00000, 0x0000000081000000, 0x0000000081000000|100%| O|  |TAMS 0x0000000081000000, 0x0000000081000000| Untracked 
|  16|0x0000000081000000, 0x0000000081100000, 0x0000000081100000|100%| O|  |TAMS 0x0000000081100000, 0x0000000081100000| Untracked 
|  17|0x0000000081100000, 0x0000000081200000, 0x0000000081200000|100%| O|  |TAMS 0x0000000081200000, 0x0000000081200000| Untracked 
|  18|0x0000000081200000, 0x000000008123e000, 0x0000000081300000| 24%| O|  |TAMS 0x000000008123e000, 0x000000008123e000| Untracked 
|  19|0x0000000081300000, 0x0000000081400000, 0x0000000081400000|100%| O|  |TAMS 0x0000000081400000, 0x0000000081400000| Untracked 
|  20|0x0000000081400000, 0x0000000081500000, 0x0000000081500000|100%| O|  |TAMS 0x0000000081500000, 0x0000000081500000| Untracked 
|  21|0x0000000081500000, 0x0000000081600000, 0x0000000081600000|100%| O|  |TAMS 0x0000000081600000, 0x0000000081600000| Untracked 
|  22|0x0000000081600000, 0x0000000081700000, 0x0000000081700000|100%| O|  |TAMS 0x0000000081700000, 0x0000000081700000| Untracked 
|  23|0x0000000081700000, 0x0000000081800000, 0x0000000081800000|100%| O|  |TAMS 0x0000000081800000, 0x0000000081800000| Untracked 
|  24|0x0000000081800000, 0x0000000081900000, 0x0000000081900000|100%| O|  |TAMS 0x0000000081900000, 0x0000000081900000| Untracked 
|  25|0x0000000081900000, 0x0000000081a00000, 0x0000000081a00000|100%| O|  |TAMS 0x0000000081a00000, 0x0000000081a00000| Untracked 
|  26|0x0000000081a00000, 0x0000000081b00000, 0x0000000081b00000|100%|HS|  |TAMS 0x0000000081b00000, 0x0000000081b00000| Complete 
|  27|0x0000000081b00000, 0x0000000081c00000, 0x0000000081c00000|100%| O|  |TAMS 0x0000000081c00000, 0x0000000081c00000| Untracked 
|  28|0x0000000081c00000, 0x0000000081d00000, 0x0000000081d00000|100%|HS|  |TAMS 0x0000000081d00000, 0x0000000081d00000| Complete 
|  29|0x0000000081d00000, 0x0000000081e00000, 0x0000000081e00000|100%| O|  |TAMS 0x0000000081e00000, 0x0000000081e00000| Untracked 
|  30|0x0000000081e00000, 0x0000000081f00000, 0x0000000081f00000|100%| O|  |TAMS 0x0000000081f00000, 0x0000000081f00000| Untracked 
|  31|0x0000000081f00000, 0x0000000082000000, 0x0000000082000000|100%| O|  |TAMS 0x0000000082000000, 0x0000000082000000| Untracked 
|  32|0x0000000082000000, 0x0000000082100000, 0x0000000082100000|100%| O|  |TAMS 0x0000000082100000, 0x0000000082100000| Untracked 
|  33|0x0000000082100000, 0x0000000082200000, 0x0000000082200000|100%| O|  |TAMS 0x0000000082200000, 0x0000000082200000| Untracked 
|  34|0x0000000082200000, 0x0000000082300000, 0x0000000082300000|100%| O|  |TAMS 0x0000000082300000, 0x0000000082300000| Untracked 
|  35|0x0000000082300000, 0x0000000082400000, 0x0000000082400000|100%| O|  |TAMS 0x0000000082400000, 0x0000000082400000| Untracked 
|  36|0x0000000082400000, 0x0000000082500000, 0x0000000082500000|100%| O|  |TAMS 0x0000000082500000, 0x0000000082500000| Untracked 
|  37|0x0000000082500000, 0x0000000082600000, 0x0000000082600000|100%|HS|  |TAMS 0x0000000082600000, 0x0000000082600000| Complete 
|  38|0x0000000082600000, 0x0000000082700000, 0x0000000082700000|100%|HC|  |TAMS 0x0000000082700000, 0x0000000082700000| Complete 
|  39|0x0000000082700000, 0x0000000082800000, 0x0000000082800000|100%| O|  |TAMS 0x0000000082800000, 0x0000000082800000| Untracked 
|  40|0x0000000082800000, 0x0000000082900000, 0x0000000082900000|100%| O|  |TAMS 0x0000000082900000, 0x0000000082900000| Untracked 
|  41|0x0000000082900000, 0x0000000082a00000, 0x0000000082a00000|100%| O|  |TAMS 0x0000000082a00000, 0x0000000082a00000| Untracked 
|  42|0x0000000082a00000, 0x0000000082b00000, 0x0000000082b00000|100%| O|  |TAMS 0x0000000082b00000, 0x0000000082b00000| Untracked 
|  43|0x0000000082b00000, 0x0000000082c00000, 0x0000000082c00000|100%| O|  |TAMS 0x0000000082c00000, 0x0000000082c00000| Untracked 
|  44|0x0000000082c00000, 0x0000000082d00000, 0x0000000082d00000|100%| O|  |TAMS 0x0000000082d00000, 0x0000000082d00000| Untracked 
|  45|0x0000000082d00000, 0x0000000082e00000, 0x0000000082e00000|100%| O|  |TAMS 0x0000000082e00000, 0x0000000082e00000| Untracked 
|  46|0x0000000082e00000, 0x0000000082f00000, 0x0000000082f00000|100%| O|  |TAMS 0x0000000082f00000, 0x0000000082f00000| Untracked 
|  47|0x0000000082f00000, 0x0000000083000000, 0x0000000083000000|100%| O|  |TAMS 0x0000000083000000, 0x0000000083000000| Untracked 
|  48|0x0000000083000000, 0x0000000083100000, 0x0000000083100000|100%| O|  |TAMS 0x0000000083100000, 0x0000000083100000| Untracked 
|  49|0x0000000083100000, 0x0000000083200000, 0x0000000083200000|100%| O|  |TAMS 0x0000000083200000, 0x0000000083200000| Untracked 
|  50|0x0000000083200000, 0x0000000083300000, 0x0000000083300000|100%| O|  |TAMS 0x0000000083300000, 0x0000000083300000| Untracked 
|  51|0x0000000083300000, 0x0000000083400000, 0x0000000083400000|100%| O|  |TAMS 0x0000000083400000, 0x0000000083400000| Untracked 
|  52|0x0000000083400000, 0x0000000083500000, 0x0000000083500000|100%| O|  |TAMS 0x0000000083500000, 0x0000000083500000| Untracked 
|  53|0x0000000083500000, 0x0000000083600000, 0x0000000083600000|100%| O|  |TAMS 0x0000000083600000, 0x0000000083600000| Untracked 
|  54|0x0000000083600000, 0x0000000083700000, 0x0000000083700000|100%| O|  |TAMS 0x00000000836dd600, 0x0000000083700000| Untracked 
|  55|0x0000000083700000, 0x0000000083800000, 0x0000000083800000|100%| O|  |TAMS 0x0000000083700000, 0x0000000083800000| Untracked 
|  56|0x0000000083800000, 0x0000000083900000, 0x0000000083900000|100%| O|  |TAMS 0x0000000083800000, 0x0000000083811000| Untracked 
|  57|0x0000000083900000, 0x00000000839fc200, 0x0000000083a00000| 98%| O|  |TAMS 0x0000000083900000, 0x0000000083900000| Untracked 
|  58|0x0000000083a00000, 0x0000000083a00000, 0x0000000083b00000|  0%| F|  |TAMS 0x0000000083a00000, 0x0000000083a00000| Untracked 
|  59|0x0000000083b00000, 0x0000000083b00000, 0x0000000083c00000|  0%| F|  |TAMS 0x0000000083b00000, 0x0000000083b00000| Untracked 
|  60|0x0000000083c00000, 0x0000000083c00000, 0x0000000083d00000|  0%| F|  |TAMS 0x0000000083c00000, 0x0000000083c00000| Untracked 
|  61|0x0000000083d00000, 0x0000000083d00000, 0x0000000083e00000|  0%| F|  |TAMS 0x0000000083d00000, 0x0000000083d00000| Untracked 
|  62|0x0000000083e00000, 0x0000000083e00000, 0x0000000083f00000|  0%| F|  |TAMS 0x0000000083e00000, 0x0000000083e00000| Untracked 
|  63|0x0000000083f00000, 0x0000000083f00000, 0x0000000084000000|  0%| F|  |TAMS 0x0000000083f00000, 0x0000000083f00000| Untracked 
|  64|0x0000000084000000, 0x0000000084000000, 0x0000000084100000|  0%| F|  |TAMS 0x0000000084000000, 0x0000000084000000| Untracked 
|  65|0x0000000084100000, 0x0000000084100000, 0x0000000084200000|  0%| F|  |TAMS 0x0000000084100000, 0x0000000084100000| Untracked 
|  66|0x0000000084200000, 0x0000000084200000, 0x0000000084300000|  0%| F|  |TAMS 0x0000000084200000, 0x0000000084200000| Untracked 
|  67|0x0000000084300000, 0x0000000084300000, 0x0000000084400000|  0%| F|  |TAMS 0x0000000084300000, 0x0000000084300000| Untracked 
|  68|0x0000000084400000, 0x0000000084400000, 0x0000000084500000|  0%| F|  |TAMS 0x0000000084400000, 0x0000000084400000| Untracked 
|  69|0x0000000084500000, 0x0000000084500000, 0x0000000084600000|  0%| F|  |TAMS 0x0000000084500000, 0x0000000084500000| Untracked 
|  70|0x0000000084600000, 0x0000000084600000, 0x0000000084700000|  0%| F|  |TAMS 0x0000000084600000, 0x0000000084600000| Untracked 
|  71|0x0000000084700000, 0x00000000847c6218, 0x0000000084800000| 77%| S|CS|TAMS 0x0000000084700000, 0x0000000084700000| Complete 
|  72|0x0000000084800000, 0x0000000084900000, 0x0000000084900000|100%| S|CS|TAMS 0x0000000084800000, 0x0000000084800000| Complete 
|  73|0x0000000084900000, 0x0000000084a00000, 0x0000000084a00000|100%| S|CS|TAMS 0x0000000084900000, 0x0000000084900000| Complete 
|  74|0x0000000084a00000, 0x0000000084b00000, 0x0000000084b00000|100%| S|CS|TAMS 0x0000000084a00000, 0x0000000084a00000| Complete 
|  75|0x0000000084b00000, 0x0000000084b00000, 0x0000000084c00000|  0%| F|  |TAMS 0x0000000084b00000, 0x0000000084b00000| Untracked 
|  76|0x0000000084c00000, 0x0000000084c00000, 0x0000000084d00000|  0%| F|  |TAMS 0x0000000084c00000, 0x0000000084c00000| Untracked 
|  77|0x0000000084d00000, 0x0000000084d00000, 0x0000000084e00000|  0%| F|  |TAMS 0x0000000084d00000, 0x0000000084d00000| Untracked 
|  78|0x0000000084e00000, 0x0000000084e00000, 0x0000000084f00000|  0%| F|  |TAMS 0x0000000084e00000, 0x0000000084e00000| Untracked 
|  79|0x0000000084f00000, 0x0000000084f00000, 0x0000000085000000|  0%| F|  |TAMS 0x0000000084f00000, 0x0000000084f00000| Untracked 
|  80|0x0000000085000000, 0x0000000085000000, 0x0000000085100000|  0%| F|  |TAMS 0x0000000085000000, 0x0000000085000000| Untracked 
|  81|0x0000000085100000, 0x0000000085100000, 0x0000000085200000|  0%| F|  |TAMS 0x0000000085100000, 0x0000000085100000| Untracked 
|  82|0x0000000085200000, 0x0000000085200000, 0x0000000085300000|  0%| F|  |TAMS 0x0000000085200000, 0x0000000085200000| Untracked 
|  83|0x0000000085300000, 0x0000000085300000, 0x0000000085400000|  0%| F|  |TAMS 0x0000000085300000, 0x0000000085300000| Untracked 
|  84|0x0000000085400000, 0x0000000085400000, 0x0000000085500000|  0%| F|  |TAMS 0x0000000085400000, 0x0000000085400000| Untracked 
|  85|0x0000000085500000, 0x0000000085500000, 0x0000000085600000|  0%| F|  |TAMS 0x0000000085500000, 0x0000000085500000| Untracked 
|  86|0x0000000085600000, 0x0000000085600000, 0x0000000085700000|  0%| F|  |TAMS 0x0000000085600000, 0x0000000085600000| Untracked 
|  87|0x0000000085700000, 0x0000000085700000, 0x0000000085800000|  0%| F|  |TAMS 0x0000000085700000, 0x0000000085700000| Untracked 
|  88|0x0000000085800000, 0x0000000085800000, 0x0000000085900000|  0%| F|  |TAMS 0x0000000085800000, 0x0000000085800000| Untracked 
|  89|0x0000000085900000, 0x0000000085900000, 0x0000000085a00000|  0%| F|  |TAMS 0x0000000085900000, 0x0000000085900000| Untracked 
|  90|0x0000000085a00000, 0x0000000085a00000, 0x0000000085b00000|  0%| F|  |TAMS 0x0000000085a00000, 0x0000000085a00000| Untracked 
|  91|0x0000000085b00000, 0x0000000085b00000, 0x0000000085c00000|  0%| F|  |TAMS 0x0000000085b00000, 0x0000000085b00000| Untracked 
|  92|0x0000000085c00000, 0x0000000085c00000, 0x0000000085d00000|  0%| F|  |TAMS 0x0000000085c00000, 0x0000000085c00000| Untracked 
|  93|0x0000000085d00000, 0x0000000085d00000, 0x0000000085e00000|  0%| F|  |TAMS 0x0000000085d00000, 0x0000000085d00000| Untracked 
|  94|0x0000000085e00000, 0x0000000085e00000, 0x0000000085f00000|  0%| F|  |TAMS 0x0000000085e00000, 0x0000000085e00000| Untracked 
|  95|0x0000000085f00000, 0x0000000085f00000, 0x0000000086000000|  0%| F|  |TAMS 0x0000000085f00000, 0x0000000085f00000| Untracked 
|  96|0x0000000086000000, 0x0000000086000000, 0x0000000086100000|  0%| F|  |TAMS 0x0000000086000000, 0x0000000086000000| Untracked 
|  97|0x0000000086100000, 0x0000000086100000, 0x0000000086200000|  0%| F|  |TAMS 0x0000000086100000, 0x0000000086100000| Untracked 
|  98|0x0000000086200000, 0x0000000086200000, 0x0000000086300000|  0%| F|  |TAMS 0x0000000086200000, 0x0000000086200000| Untracked 
|  99|0x0000000086300000, 0x0000000086300000, 0x0000000086400000|  0%| F|  |TAMS 0x0000000086300000, 0x0000000086300000| Untracked 
| 100|0x0000000086400000, 0x0000000086400000, 0x0000000086500000|  0%| F|  |TAMS 0x0000000086400000, 0x0000000086400000| Untracked 
| 101|0x0000000086500000, 0x0000000086500000, 0x0000000086600000|  0%| F|  |TAMS 0x0000000086500000, 0x0000000086500000| Untracked 
| 102|0x0000000086600000, 0x0000000086600000, 0x0000000086700000|  0%| F|  |TAMS 0x0000000086600000, 0x0000000086600000| Untracked 
| 103|0x0000000086700000, 0x0000000086700000, 0x0000000086800000|  0%| F|  |TAMS 0x0000000086700000, 0x0000000086700000| Untracked 
| 125|0x0000000087d00000, 0x0000000087d00000, 0x0000000087e00000|  0%| F|  |TAMS 0x0000000087d00000, 0x0000000087d00000| Untracked 

Card table byte_map: [0x000002147df90000,0x000002147e390000] _byte_map_base: 0x000002147db90000

Marking Bits (Prev, Next): (CMBitMap*) 0x000002147d7bfdb0, (CMBitMap*) 0x000002147d7bfd70
 Prev Bits: [0x00000214186a0000, 0x000002141a6a0000)
 Next Bits: [0x00000214166a0000, 0x00000214186a0000)

Polling page: 0x000002147cf60000

Metaspace:

Usage:
  Non-class:     58.15 MB used.
      Class:      9.09 MB used.
       Both:     67.23 MB used.

Virtual space:
  Non-class space:       64.00 MB reserved,      58.44 MB ( 91%) committed,  8 nodes.
      Class space:        1.00 GB reserved,       9.38 MB ( <1%) committed,  1 nodes.
              Both:        1.06 GB reserved,      67.81 MB (  6%) committed. 

Chunk freelists:
   Non-Class:  816.00 KB
       Class:  2.48 MB
        Both:  3.28 MB

MaxMetaspaceSize: 17179869184.00 GB
CompressedClassSpaceSize: 1.00 GB
 - commit_granule_bytes: 65536.
 - commit_granule_words: 8192.
 - virtual_space_node_default_size: 1048576.
 - enlarge_chunks_in_place: 1.
 - new_chunks_are_fully_committed: 0.
 - uncommit_free_chunks: 1.
 - use_allocation_guard: 0.
 - handle_deallocations: 1.


Internal statistics:

num_allocs_failed_limit: 6.
num_arena_births: 618.
num_arena_deaths: 0.
num_vsnodes_births: 9.
num_vsnodes_deaths: 0.
num_space_committed: 1085.
num_space_uncommitted: 0.
num_chunks_returned_to_freelist: 6.
num_chunks_taken_from_freelist: 3263.
num_chunk_merges: 6.
num_chunk_splits: 2209.
num_chunks_enlarged: 1550.
num_purges: 0.

CodeHeap 'non-profiled nmethods': size=120000Kb used=4473Kb max_used=4473Kb free=115526Kb
 bounds [0x000002140f170000, 0x000002140f5d0000, 0x00000214166a0000]
CodeHeap 'profiled nmethods': size=120000Kb used=13613Kb max_used=13613Kb free=106387Kb
 bounds [0x0000021407c40000, 0x0000021408990000, 0x000002140f170000]
CodeHeap 'non-nmethods': size=5760Kb used=2401Kb max_used=2483Kb free=3358Kb
 bounds [0x00000214076a0000, 0x0000021407920000, 0x0000021407c40000]
 total_blobs=7842 nmethods=6941 adapters=811
 compilation: enabled
              stopped_count=0, restarted_count=0
 full_count=0

Compilation events (20 events):
Event: 8.460 Thread 0x000002147f1b3830 nmethod 7792 0x0000021408982c90 code [0x0000021408982e60, 0x0000021408983278]
Event: 8.460 Thread 0x000002147f1b3830 7788       3       com.google.common.collect.MultimapBuilder$LinkedHashSetSupplier::get (5 bytes)
Event: 8.460 Thread 0x000002147f1b3830 nmethod 7788 0x0000021408983410 code [0x0000021408983600, 0x0000021408983978]
Event: 8.460 Thread 0x000002147f1b3830 7789       3       com.google.common.collect.MultimapBuilder$LinkedHashSetSupplier::get (8 bytes)
Event: 8.460 Thread 0x000002147f1b3830 nmethod 7789 0x0000021408983b10 code [0x0000021408983d00, 0x0000021408984018]
Event: 8.460 Thread 0x000002147f1b3830 7790       3       com.google.common.collect.Platform::newLinkedHashSetWithExpectedSize (5 bytes)
Event: 8.461 Thread 0x000002147f1b3830 nmethod 7790 0x0000021408984190 code [0x0000021408984380, 0x0000021408984618]
Event: 8.461 Thread 0x000002147f1b3830 7793       3       org.gradle.internal.reflect.annotations.impl.DefaultTypeAnnotationMetadataStore$PropertyAnnotationMetadataBuilder::<init> (89 bytes)
Event: 8.462 Thread 0x000002147fd42ba0 nmethod 7791 0x000002140f5cd690 code [0x000002140f5cd840, 0x000002140f5cdb98]
Event: 8.462 Thread 0x000002147fd42ba0 7795       4       com.google.common.math.IntMath::log2 (118 bytes)
Event: 8.463 Thread 0x000002147f1b3830 nmethod 7793 0x0000021408984790 code [0x0000021408984f80, 0x000002140898a8c8]
Event: 8.463 Thread 0x000002147f1b3830 7794       3       com.google.common.collect.Multimaps$CustomSetMultimap::wrapCollection (58 bytes)
Event: 8.464 Thread 0x000002147fd42ba0 nmethod 7795 0x000002140f5cdd90 code [0x000002140f5cdf20, 0x000002140f5cdff8]
Event: 8.464 Thread 0x000002147fd42ba0 7799       4       com.google.common.math.MathPreconditions::checkPositive (53 bytes)
Event: 8.464 Thread 0x000002147f1b3830 nmethod 7794 0x000002140898c090 code [0x000002140898c2c0, 0x000002140898cc08]
Event: 8.464 Thread 0x000002147f1b3830 7798       3       org.gradle.internal.reflect.annotations.impl.DefaultTypeAnnotationMetadataStore$PropertyAnnotationMetadataBuilder::allAnnotationCategories (43 bytes)
Event: 8.464 Thread 0x000002147fd42ba0 nmethod 7799 0x000002140f5ce190 code [0x000002140f5ce300, 0x000002140f5ce378]
Event: 8.464 Thread 0x000002147fd42ba0 7801       4       com.google.common.collect.Iterators$9::hasNext (13 bytes)
Event: 8.464 Thread 0x000002147f1b3830 nmethod 7798 0x000002140898cd90 code [0x000002140898d020, 0x000002140898dd68]
Event: 8.464 Thread 0x000002147f1b3830 7796       3       com.google.common.collect.ImmutableMap::values (23 bytes)

GC Heap History (20 events):
Event: 5.677 GC heap after
{Heap after GC invocations=18 (full 0):
 garbage-first heap   total 91136K, used 45732K [0x0000000080000000, 0x0000000100000000)
  region size 1024K, 2 young (2048K), 2 survivors (2048K)
 Metaspace       used 45607K, committed 46080K, reserved 1089536K
  class space    used 6142K, committed 6336K, reserved 1048576K
}
Event: 5.929 GC heap before
{Heap before GC invocations=18 (full 0):
 garbage-first heap   total 91136K, used 66212K [0x0000000080000000, 0x0000000100000000)
  region size 1024K, 22 young (22528K), 2 survivors (2048K)
 Metaspace       used 49001K, committed 49472K, reserved 1097728K
  class space    used 6511K, committed 6720K, reserved 1048576K
}
Event: 5.932 GC heap after
{Heap after GC invocations=19 (full 0):
 garbage-first heap   total 91136K, used 46600K [0x0000000080000000, 0x0000000100000000)
  region size 1024K, 3 young (3072K), 3 survivors (3072K)
 Metaspace       used 49001K, committed 49472K, reserved 1097728K
  class space    used 6511K, committed 6720K, reserved 1048576K
}
Event: 6.225 GC heap before
{Heap before GC invocations=20 (full 0):
 garbage-first heap   total 91136K, used 67080K [0x0000000080000000, 0x0000000100000000)
  region size 1024K, 24 young (24576K), 3 survivors (3072K)
 Metaspace       used 52152K, committed 52608K, reserved 1097728K
  class space    used 6895K, committed 7104K, reserved 1048576K
}
Event: 6.228 GC heap after
{Heap after GC invocations=21 (full 0):
 garbage-first heap   total 91136K, used 49114K [0x0000000080000000, 0x0000000100000000)
  region size 1024K, 3 young (3072K), 3 survivors (3072K)
 Metaspace       used 52152K, committed 52608K, reserved 1097728K
  class space    used 6895K, committed 7104K, reserved 1048576K
}
Event: 6.469 GC heap before
{Heap before GC invocations=21 (full 0):
 garbage-first heap   total 91136K, used 70618K [0x0000000080000000, 0x0000000100000000)
  region size 1024K, 24 young (24576K), 3 survivors (3072K)
 Metaspace       used 54301K, committed 54784K, reserved 1097728K
  class space    used 7158K, committed 7424K, reserved 1048576K
}
Event: 6.472 GC heap after
{Heap after GC invocations=22 (full 0):
 garbage-first heap   total 91136K, used 51074K [0x0000000080000000, 0x0000000100000000)
  region size 1024K, 2 young (2048K), 2 survivors (2048K)
 Metaspace       used 54301K, committed 54784K, reserved 1097728K
  class space    used 7158K, committed 7424K, reserved 1048576K
}
Event: 6.621 GC heap before
{Heap before GC invocations=23 (full 0):
 garbage-first heap   total 94208K, used 61314K [0x0000000080000000, 0x0000000100000000)
  region size 1024K, 14 young (14336K), 2 survivors (2048K)
 Metaspace       used 55366K, committed 55872K, reserved 1097728K
  class space    used 7269K, committed 7488K, reserved 1048576K
}
Event: 6.623 GC heap after
{Heap after GC invocations=24 (full 0):
 garbage-first heap   total 94208K, used 52114K [0x0000000080000000, 0x0000000100000000)
  region size 1024K, 2 young (2048K), 2 survivors (2048K)
 Metaspace       used 55366K, committed 55872K, reserved 1097728K
  class space    used 7269K, committed 7488K, reserved 1048576K
}
Event: 6.856 GC heap before
{Heap before GC invocations=25 (full 0):
 garbage-first heap   total 97280K, used 73618K [0x0000000080000000, 0x0000000100000000)
  region size 1024K, 22 young (22528K), 2 survivors (2048K)
 Metaspace       used 56142K, committed 56640K, reserved 1105920K
  class space    used 7392K, committed 7616K, reserved 1048576K
}
Event: 6.859 GC heap after
{Heap after GC invocations=26 (full 0):
 garbage-first heap   total 97280K, used 53302K [0x0000000080000000, 0x0000000100000000)
  region size 1024K, 3 young (3072K), 3 survivors (3072K)
 Metaspace       used 56142K, committed 56640K, reserved 1105920K
  class space    used 7392K, committed 7616K, reserved 1048576K
}
Event: 7.088 GC heap before
{Heap before GC invocations=26 (full 0):
 garbage-first heap   total 97280K, used 76854K [0x0000000080000000, 0x0000000100000000)
  region size 1024K, 26 young (26624K), 3 survivors (3072K)
 Metaspace       used 57506K, committed 57984K, reserved 1105920K
  class space    used 7561K, committed 7808K, reserved 1048576K
}
Event: 7.091 GC heap after
{Heap after GC invocations=27 (full 0):
 garbage-first heap   total 97280K, used 55639K [0x0000000080000000, 0x0000000100000000)
  region size 1024K, 4 young (4096K), 4 survivors (4096K)
 Metaspace       used 57506K, committed 57984K, reserved 1105920K
  class space    used 7561K, committed 7808K, reserved 1048576K
}
Event: 7.430 GC heap before
{Heap before GC invocations=28 (full 0):
 garbage-first heap   total 102400K, used 77143K [0x0000000080000000, 0x0000000100000000)
  region size 1024K, 25 young (25600K), 4 survivors (4096K)
 Metaspace       used 60229K, committed 60672K, reserved 1105920K
  class space    used 8085K, committed 8320K, reserved 1048576K
}
Event: 7.434 GC heap after
{Heap after GC invocations=29 (full 0):
 garbage-first heap   total 102400K, used 57102K [0x0000000080000000, 0x0000000100000000)
  region size 1024K, 2 young (2048K), 2 survivors (2048K)
 Metaspace       used 60229K, committed 60672K, reserved 1105920K
  class space    used 8085K, committed 8320K, reserved 1048576K
}
Event: 7.737 GC heap before
{Heap before GC invocations=29 (full 0):
 garbage-first heap   total 102400K, used 81678K [0x0000000080000000, 0x0000000100000000)
  region size 1024K, 27 young (27648K), 2 survivors (2048K)
 Metaspace       used 62933K, committed 63424K, reserved 1105920K
  class space    used 8485K, committed 8768K, reserved 1048576K
}
Event: 7.740 GC heap after
{Heap after GC invocations=30 (full 0):
 garbage-first heap   total 102400K, used 58647K [0x0000000080000000, 0x0000000100000000)
  region size 1024K, 4 young (4096K), 4 survivors (4096K)
 Metaspace       used 62933K, committed 63424K, reserved 1105920K
  class space    used 8485K, committed 8768K, reserved 1048576K
}
Event: 8.041 GC heap before
{Heap before GC invocations=31 (full 0):
 garbage-first heap   total 107520K, used 83223K [0x0000000080000000, 0x0000000100000000)
  region size 1024K, 28 young (28672K), 4 survivors (4096K)
 Metaspace       used 64707K, committed 65280K, reserved 1105920K
  class space    used 8726K, committed 9024K, reserved 1048576K
}
Event: 8.045 GC heap after
{Heap after GC invocations=32 (full 0):
 garbage-first heap   total 107520K, used 60371K [0x0000000080000000, 0x0000000100000000)
  region size 1024K, 4 young (4096K), 4 survivors (4096K)
 Metaspace       used 64707K, committed 65280K, reserved 1105920K
  class space    used 8726K, committed 9024K, reserved 1048576K
}
Event: 8.464 GC heap before
{Heap before GC invocations=32 (full 0):
 garbage-first heap   total 107520K, used 86995K [0x0000000080000000, 0x0000000100000000)
  region size 1024K, 30 young (30720K), 4 survivors (4096K)
 Metaspace       used 68847K, committed 69440K, reserved 1114112K
  class space    used 9304K, committed 9600K, reserved 1048576K
}

Deoptimization events (20 events):
Event: 8.409 Thread 0x000002141def02e0 DEOPT PACKING pc=0x00000214087197c6 sp=0x000000d5075f88a0
Event: 8.409 Thread 0x000002141def02e0 DEOPT UNPACKING pc=0x00000214076ee77e sp=0x000000d5075f7d50 mode 0
Event: 8.409 Thread 0x000002141def02e0 DEOPT PACKING pc=0x00000214087197c6 sp=0x000000d5075f88a0
Event: 8.409 Thread 0x000002141def02e0 DEOPT UNPACKING pc=0x00000214076ee77e sp=0x000000d5075f7d50 mode 0
Event: 8.409 Thread 0x000002141def02e0 DEOPT PACKING pc=0x00000214087197c6 sp=0x000000d5075f88a0
Event: 8.409 Thread 0x000002141def02e0 DEOPT UNPACKING pc=0x00000214076ee77e sp=0x000000d5075f7d50 mode 0
Event: 8.409 Thread 0x000002141def02e0 DEOPT PACKING pc=0x00000214087197c6 sp=0x000000d5075f88a0
Event: 8.409 Thread 0x000002141def02e0 DEOPT UNPACKING pc=0x00000214076ee77e sp=0x000000d5075f7d50 mode 0
Event: 8.414 Thread 0x000002141def02e0 Uncommon trap: trap_request=0xffffff45 fr.pc=0x000002140f42d28c relative=0x00000000000005ac
Event: 8.414 Thread 0x000002141def02e0 Uncommon trap: reason=unstable_if action=reinterpret pc=0x000002140f42d28c method=java.util.regex.Matcher.find()Z @ 10 c2
Event: 8.414 Thread 0x000002141def02e0 DEOPT PACKING pc=0x000002140f42d28c sp=0x000000d5075f8ce0
Event: 8.414 Thread 0x000002141def02e0 DEOPT UNPACKING pc=0x00000214076ef92e sp=0x000000d5075f8ca0 mode 2
Event: 8.420 Thread 0x000002141def02e0 Uncommon trap: trap_request=0xffffff45 fr.pc=0x000002140f24b6d0 relative=0x0000000000000290
Event: 8.420 Thread 0x000002141def02e0 Uncommon trap: reason=unstable_if action=reinterpret pc=0x000002140f24b6d0 method=java.lang.CharacterDataLatin1.digit(II)I @ 12 c2
Event: 8.420 Thread 0x000002141def02e0 DEOPT PACKING pc=0x000002140f24b6d0 sp=0x000000d5075f90c0
Event: 8.420 Thread 0x000002141def02e0 DEOPT UNPACKING pc=0x00000214076ef92e sp=0x000000d5075f8ee0 mode 2
Event: 8.437 Thread 0x000002141def02e0 Uncommon trap: trap_request=0xffffff45 fr.pc=0x000002140f249748 relative=0x00000000000000a8
Event: 8.437 Thread 0x000002141def02e0 Uncommon trap: reason=unstable_if action=reinterpret pc=0x000002140f249748 method=java.lang.CharacterDataLatin1.digit(II)I @ 12 c2
Event: 8.437 Thread 0x000002141def02e0 DEOPT PACKING pc=0x000002140f249748 sp=0x000000d5075f8f80
Event: 8.437 Thread 0x000002141def02e0 DEOPT UNPACKING pc=0x00000214076ef92e sp=0x000000d5075f8ef8 mode 2

Classes unloaded (0 events):
No events

Classes redefined (0 events):
No events

Internal exceptions (20 events):
Event: 6.947 Thread 0x000002141def02e0 Exception <a 'java/lang/ClassNotFoundException'{0x00000000850129b0}: org/gradle/api/internal/artifacts/dsl/dependencies/DefaultDependencyHandlerCustomizer> (0x00000000850129b0) 
thrown [t:\workspace\open\src\hotspot\share\classfile\systemDictionary.cpp, line 256]
Event: 6.949 Thread 0x000002141def02e0 Exception <a 'java/lang/ClassNotFoundException'{0x000000008504cbc0}: org/gradle/api/internal/artifacts/dsl/dependencies/DefaultDependencyHandler_DecoratedCustomizer> (0x000000008504cbc0) 
thrown [t:\workspace\open\src\hotspot\share\classfile\systemDictionary.cpp, line 256]
Event: 7.624 Thread 0x000002141def02e0 Exception <a 'java/lang/ClassNotFoundException'{0x00000000854a1540}: com/android/build/gradle/internal/api/ApkVariantOutputImpl_DecoratedBeanInfo> (0x00000000854a1540) 
thrown [t:\workspace\open\src\hotspot\share\classfile\systemDictionary.cpp, line 256]
Event: 7.624 Thread 0x000002141def02e0 Exception <a 'java/lang/ClassNotFoundException'{0x00000000854acaf8}: com/android/build/gradle/internal/api/ApkVariantOutputImplBeanInfo> (0x00000000854acaf8) 
thrown [t:\workspace\open\src\hotspot\share\classfile\systemDictionary.cpp, line 256]
Event: 7.625 Thread 0x000002141def02e0 Exception <a 'java/lang/ClassNotFoundException'{0x00000000854b80c0}: com/android/build/gradle/internal/api/BaseVariantOutputImplBeanInfo> (0x00000000854b80c0) 
thrown [t:\workspace\open\src\hotspot\share\classfile\systemDictionary.cpp, line 256]
Event: 7.625 Thread 0x000002141def02e0 Exception <a 'java/lang/ClassNotFoundException'{0x00000000854c3660}: com/android/build/gradle/internal/api/BaseVariantOutputImplCustomizer> (0x00000000854c3660) 
thrown [t:\workspace\open\src\hotspot\share\classfile\systemDictionary.cpp, line 256]
Event: 7.626 Thread 0x000002141def02e0 Exception <a 'java/lang/ClassNotFoundException'{0x00000000854e12f0}: com/android/build/gradle/internal/api/ApkVariantOutputImplCustomizer> (0x00000000854e12f0) 
thrown [t:\workspace\open\src\hotspot\share\classfile\systemDictionary.cpp, line 256]
Event: 7.627 Thread 0x000002141def02e0 Exception <a 'java/lang/ClassNotFoundException'{0x00000000854fa330}: com/android/build/gradle/internal/api/ApkVariantOutputImpl_DecoratedCustomizer> (0x00000000854fa330) 
thrown [t:\workspace\open\src\hotspot\share\classfile\systemDictionary.cpp, line 256]
Event: 7.635 Thread 0x000002141def02e0 Exception <a 'java/lang/NoClassDefFoundError'{0x00000000853eedc0}: org/jetbrains/kotlin/gradle/plugin/KotlinBasePluginWrapper> (0x00000000853eedc0) 
thrown [t:\workspace\open\src\hotspot\share\classfile\systemDictionary.cpp, line 245]
Event: 7.664 Thread 0x000002141def02e0 Implicit null exception at 0x000002140f432b0f to 0x000002140f433258
Event: 7.664 Thread 0x000002141def02e0 Implicit null exception at 0x000002140f431314 to 0x000002140f431a20
Event: 7.947 Thread 0x000002141def02e0 Exception <a 'java/lang/NoSuchMethodError'{0x000000008594c3a0}: 'java.lang.Object java.lang.invoke.DirectMethodHandle$Holder.newInvokeSpecial(java.lang.Object, java.lang.Object, int)'> (0x000000008594c3a0) 
thrown [t:\workspace\open\src\hotspot\share\interpreter\linkResolver.cpp, line 790]
Event: 8.100 Thread 0x000002141def02e0 Exception <a 'sun/nio/fs/WindowsException'{0x000000008669f778}> (0x000000008669f778) 
thrown [t:\workspace\open\src\hotspot\share\prims\jni.cpp, line 579]
Event: 8.100 Thread 0x000002141def02e0 Exception <a 'sun/nio/fs/WindowsException'{0x000000008669fc88}> (0x000000008669fc88) 
thrown [t:\workspace\open\src\hotspot\share\prims\jni.cpp, line 579]
Event: 8.195 Thread 0x000002141def02e0 Exception <a 'java/lang/NullPointerException'{0x0000000085fea6e0}> (0x0000000085fea6e0) 
thrown [t:\workspace\open\src\hotspot\share\interpreter\linkResolver.cpp, line 1468]
Event: 8.245 Thread 0x000002141def02e0 Implicit null exception at 0x000002140f1ddeb0 to 0x000002140f1dffc0
Event: 8.427 Thread 0x000002141def02e0 Exception <a 'sun/nio/fs/WindowsException'{0x00000000851d3478}> (0x00000000851d3478) 
thrown [t:\workspace\open\src\hotspot\share\prims\jni.cpp, line 579]
Event: 8.427 Thread 0x000002141def02e0 Exception <a 'sun/nio/fs/WindowsException'{0x00000000851d4808}> (0x00000000851d4808) 
thrown [t:\workspace\open\src\hotspot\share\prims\jni.cpp, line 579]
Event: 8.427 Thread 0x000002141def02e0 Exception <a 'sun/nio/fs/WindowsException'{0x00000000851d5bd0}> (0x00000000851d5bd0) 
thrown [t:\workspace\open\src\hotspot\share\prims\jni.cpp, line 579]
Event: 8.427 Thread 0x000002141def02e0 Exception <a 'sun/nio/fs/WindowsException'{0x00000000851d6f98}> (0x00000000851d6f98) 
thrown [t:\workspace\open\src\hotspot\share\prims\jni.cpp, line 579]

Events (20 events):
Event: 8.413 loading class java/util/regex/Pattern$Behind done
Event: 8.413 loading class java/util/regex/Pattern$Neg
Event: 8.413 loading class java/util/regex/Pattern$Neg done
Event: 8.416 Executing  VM operation: ICBufferFull
Event: 8.416 Executing  VM operation: ICBufferFull done
Event: 8.420 loading class javax/xml/datatype/DatatypeConfigurationException
Event: 8.420 loading class javax/xml/datatype/DatatypeConfigurationException done
Event: 8.422 loading class com/sun/org/apache/xerces/internal/impl/io/MalformedByteSequenceException
Event: 8.422 loading class com/sun/org/apache/xerces/internal/impl/io/MalformedByteSequenceException done
Event: 8.428 loading class java/util/EnumMap$EntrySet
Event: 8.428 loading class java/util/EnumMap$EntrySet done
Event: 8.428 loading class java/util/EnumMap$EntryIterator
Event: 8.428 loading class java/util/EnumMap$EnumMapIterator
Event: 8.428 loading class java/util/EnumMap$EnumMapIterator done
Event: 8.428 loading class java/util/EnumMap$EntryIterator done
Event: 8.428 loading class java/util/EnumMap$EntryIterator$Entry
Event: 8.428 loading class java/util/EnumMap$EntryIterator$Entry done
Event: 8.442 Executing  VM operation: HandshakeAllThreads
Event: 8.442 Executing  VM operation: HandshakeAllThreads done
Event: 8.464 Executing  VM operation: G1CollectForAllocation


Dynamic libraries:
0x00007ff6ab5a0000 - 0x00007ff6ab5b0000 	C:\Program Files\Java\jdk-16.0.2\bin\java.exe
0x00007ffb1c030000 - 0x00007ffb1c228000 	C:\WINDOWS\SYSTEM32\ntdll.dll
0x00007ffb1b070000 - 0x00007ffb1b12d000 	C:\WINDOWS\System32\KERNEL32.DLL
0x00007ffb19780000 - 0x00007ffb19a4e000 	C:\WINDOWS\System32\KERNELBASE.dll
0x00007ffb19a50000 - 0x00007ffb19b50000 	C:\WINDOWS\System32\ucrtbase.dll
0x00007ffb168c0000 - 0x00007ffb168d9000 	C:\Program Files\Java\jdk-16.0.2\bin\VCRUNTIME140.dll
0x00007ffb11a70000 - 0x00007ffb11a88000 	C:\Program Files\Java\jdk-16.0.2\bin\jli.dll
0x00007ffb1bdf0000 - 0x00007ffb1be9e000 	C:\WINDOWS\System32\ADVAPI32.dll
0x00007ffb1bea0000 - 0x00007ffb1bf3e000 	C:\WINDOWS\System32\msvcrt.dll
0x00007ffb1bd20000 - 0x00007ffb1bdbc000 	C:\WINDOWS\System32\sechost.dll
0x00007ffb1aa70000 - 0x00007ffb1ab95000 	C:\WINDOWS\System32\RPCRT4.dll
0x00007ffb1ada0000 - 0x00007ffb1af40000 	C:\WINDOWS\System32\USER32.dll
0x00007ffb01ab0000 - 0x00007ffb01d4a000 	C:\WINDOWS\WinSxS\amd64_microsoft.windows.common-controls_6595b64144ccf1df_6.0.19041.1110_none_60b5254171f9507e\COMCTL32.dll
0x00007ffb19f00000 - 0x00007ffb19f22000 	C:\WINDOWS\System32\win32u.dll
0x00007ffb1a0f0000 - 0x00007ffb1a11a000 	C:\WINDOWS\System32\GDI32.dll
0x00007ffb19df0000 - 0x00007ffb19efb000 	C:\WINDOWS\System32\gdi32full.dll
0x00007ffb19c10000 - 0x00007ffb19cad000 	C:\WINDOWS\System32\msvcp_win.dll
0x00007ffb115f0000 - 0x00007ffb115fa000 	C:\WINDOWS\SYSTEM32\VERSION.dll
0x00007ffb1bdc0000 - 0x00007ffb1bdf0000 	C:\WINDOWS\System32\IMM32.DLL
0x00007ffb13660000 - 0x00007ffb1366c000 	C:\Program Files\Java\jdk-16.0.2\bin\vcruntime140_1.dll
0x00007ffb00380000 - 0x00007ffb00411000 	C:\Program Files\Java\jdk-16.0.2\bin\msvcp140.dll
0x00007ffaafda0000 - 0x00007ffab094b000 	C:\Program Files\Java\jdk-16.0.2\bin\server\jvm.dll
0x00007ffb1af40000 - 0x00007ffb1af48000 	C:\WINDOWS\System32\PSAPI.DLL
0x00007ffb16900000 - 0x00007ffb16909000 	C:\WINDOWS\SYSTEM32\WSOCK32.dll
0x00007ffb1ba80000 - 0x00007ffb1baeb000 	C:\WINDOWS\System32\WS2_32.dll
0x00007ffb175d0000 - 0x00007ffb175f7000 	C:\WINDOWS\SYSTEM32\WINMM.dll
0x00007ffb17fe0000 - 0x00007ffb17ff2000 	C:\WINDOWS\SYSTEM32\kernel.appcore.dll
0x00007ffb13630000 - 0x00007ffb1363a000 	C:\Program Files\Java\jdk-16.0.2\bin\jimage.dll
0x00007ffb173e0000 - 0x00007ffb175c4000 	C:\WINDOWS\SYSTEM32\DBGHELP.DLL
0x00007ffb173b0000 - 0x00007ffb173dc000 	C:\WINDOWS\SYSTEM32\dbgcore.DLL
0x00007ffb19cb0000 - 0x00007ffb19d32000 	C:\WINDOWS\System32\bcryptPrimitives.dll
0x00007ffb09150000 - 0x00007ffb09175000 	C:\Program Files\Java\jdk-16.0.2\bin\java.dll
0x00007ffb1a1b0000 - 0x00007ffb1a8f4000 	C:\WINDOWS\System32\SHELL32.dll
0x00007ffb17830000 - 0x00007ffb17fc4000 	C:\WINDOWS\SYSTEM32\windows.storage.dll
0x00007ffb1b5a0000 - 0x00007ffb1b8f4000 	C:\WINDOWS\System32\combase.dll
0x00007ffb191b0000 - 0x00007ffb191e0000 	C:\WINDOWS\SYSTEM32\Wldp.dll
0x00007ffb1afc0000 - 0x00007ffb1b06d000 	C:\WINDOWS\System32\SHCORE.dll
0x00007ffb1ba20000 - 0x00007ffb1ba75000 	C:\WINDOWS\System32\shlwapi.dll
0x00007ffb19690000 - 0x00007ffb196af000 	C:\WINDOWS\SYSTEM32\profapi.dll
0x00007ffb090e0000 - 0x00007ffb090f9000 	C:\Program Files\Java\jdk-16.0.2\bin\net.dll
0x00007ffb05630000 - 0x00007ffb0573a000 	C:\WINDOWS\SYSTEM32\WINHTTP.dll
0x00007ffb18f10000 - 0x00007ffb18f7a000 	C:\WINDOWS\system32\mswsock.dll
0x00007ffb090c0000 - 0x00007ffb090d3000 	C:\Program Files\Java\jdk-16.0.2\bin\nio.dll
0x00007ffb07620000 - 0x00007ffb07638000 	C:\Program Files\Java\jdk-16.0.2\bin\zip.dll
0x00007ffb09140000 - 0x00007ffb09150000 	C:\Program Files\Java\jdk-16.0.2\bin\verify.dll
0x00007ffb13670000 - 0x00007ffb13697000 	C:\Users\ITECH\.gradle\native\e1d6ef7f7dcc3fd88c89a11ec53ec762bb8ba0a96d01ffa2cd45eb1d1d8dd5c5\windows-amd64\native-platform.dll
0x00007ffafff10000 - 0x00007ffb00054000 	C:\Users\ITECH\.gradle\native\5664cfc778a61ccfe75a443a1ab52a65af34e5dc3c78e0209fed803814484fcb\windows-amd64\native-platform-file-events.dll
0x00007ffb09110000 - 0x00007ffb09119000 	C:\Program Files\Java\jdk-16.0.2\bin\management.dll
0x00007ffb07610000 - 0x00007ffb0761b000 	C:\Program Files\Java\jdk-16.0.2\bin\management_ext.dll
0x00007ffb19100000 - 0x00007ffb19118000 	C:\WINDOWS\SYSTEM32\CRYPTSP.dll
0x00007ffb18820000 - 0x00007ffb18854000 	C:\WINDOWS\system32\rsaenh.dll
0x00007ffb19750000 - 0x00007ffb19777000 	C:\WINDOWS\System32\bcrypt.dll
0x00007ffb19650000 - 0x00007ffb1967e000 	C:\WINDOWS\SYSTEM32\USERENV.dll
0x00007ffb19120000 - 0x00007ffb1912c000 	C:\WINDOWS\SYSTEM32\CRYPTBASE.dll
0x00007ffb18bb0000 - 0x00007ffb18beb000 	C:\WINDOWS\SYSTEM32\IPHLPAPI.DLL
0x00007ffb1a1a0000 - 0x00007ffb1a1a8000 	C:\WINDOWS\System32\NSI.dll
0x00007ffb0e180000 - 0x00007ffb0e197000 	C:\WINDOWS\SYSTEM32\dhcpcsvc6.DLL
0x00007ffb0ed40000 - 0x00007ffb0ed5d000 	C:\WINDOWS\SYSTEM32\dhcpcsvc.DLL
0x00007ffb18c00000 - 0x00007ffb18cca000 	C:\WINDOWS\SYSTEM32\DNSAPI.dll
0x00007ffb07600000 - 0x00007ffb0760e000 	C:\Program Files\Java\jdk-16.0.2\bin\sunmscapi.dll
0x00007ffb19f30000 - 0x00007ffb1a086000 	C:\WINDOWS\System32\CRYPT32.dll
0x00007ffb19220000 - 0x00007ffb19247000 	C:\WINDOWS\SYSTEM32\ncrypt.dll
0x00007ffb191e0000 - 0x00007ffb1921b000 	C:\WINDOWS\SYSTEM32\NTASN1.dll
0x00007ffaee180000 - 0x00007ffaee187000 	C:\WINDOWS\system32\wshunix.dll

dbghelp: loaded successfully - version: 4.0.5 - missing functions: none
symbol engine: initialized successfully - sym options: 0x614 - pdb path: .;C:\Program Files\Java\jdk-16.0.2\bin;C:\WINDOWS\SYSTEM32;C:\WINDOWS\WinSxS\amd64_microsoft.windows.common-controls_6595b64144ccf1df_6.0.19041.1110_none_60b5254171f9507e;C:\Program Files\Java\jdk-16.0.2\bin\server;C:\Users\ITECH\.gradle\native\e1d6ef7f7dcc3fd88c89a11ec53ec762bb8ba0a96d01ffa2cd45eb1d1d8dd5c5\windows-amd64;C:\Users\ITECH\.gradle\native\5664cfc778a61ccfe75a443a1ab52a65af34e5dc3c78e0209fed803814484fcb\windows-amd64

VM Arguments:
jvm_args: --add-opens=java.base/java.util=ALL-UNNAMED --add-opens=java.base/java.lang=ALL-UNNAMED --add-opens=java.base/java.lang.invoke=ALL-UNNAMED --add-opens=java.base/java.util=ALL-UNNAMED --add-opens=java.prefs/java.util.prefs=ALL-UNNAMED --add-opens=java.prefs/java.util.prefs=ALL-UNNAMED --add-opens=java.base/java.nio.charset=ALL-UNNAMED --add-opens=java.base/java.net=ALL-UNNAMED --add-opens=java.base/java.util.concurrent.atomic=ALL-UNNAMED -Xmx2048m -Dfile.encoding=UTF-8 -Duser.country=US -Duser.language=en -Duser.variant 
java_command: org.gradle.launcher.daemon.bootstrap.GradleDaemon 7.3.3
java_class_path (initial): C:\Users\ITECH\.gradle\wrapper\dists\gradle-7.3.3-bin\6a41zxkdtcxs8rphpq6y0069z\gradle-7.3.3\lib\gradle-launcher-7.3.3.jar
Launcher Type: SUN_STANDARD

[Global flags]
     intx CICompilerCount                          = 4                                         {product} {ergonomic}
     uint ConcGCThreads                            = 2                                         {product} {ergonomic}
     uint G1ConcRefinementThreads                  = 8                                         {product} {ergonomic}
   size_t G1HeapRegionSize                         = 1048576                                   {product} {ergonomic}
    uintx GCDrainStackTargetSize                   = 64                                        {product} {ergonomic}
   size_t InitialHeapSize                          = 132120576                                 {product} {ergonomic}
   size_t MarkStackSize                            = 4194304                                   {product} {ergonomic}
   size_t MaxHeapSize                              = 2147483648                                {product} {command line}
   size_t MaxNewSize                               = 1287651328                                {product} {ergonomic}
   size_t MinHeapDeltaBytes                        = 1048576                                   {product} {ergonomic}
   size_t MinHeapSize                              = 8388608                                   {product} {ergonomic}
    uintx NonNMethodCodeHeapSize                   = 5839372                                {pd product} {ergonomic}
    uintx NonProfiledCodeHeapSize                  = 122909434                              {pd product} {ergonomic}
    uintx ProfiledCodeHeapSize                     = 122909434                              {pd product} {ergonomic}
    uintx ReservedCodeCacheSize                    = 251658240                              {pd product} {ergonomic}
     bool SegmentedCodeCache                       = true                                      {product} {ergonomic}
   size_t SoftMaxHeapSize                          = 2147483648                             {manageable} {ergonomic}
     bool UseCompressedClassPointers               = true                           {product lp64_product} {ergonomic}
     bool UseCompressedOops                        = true                           {product lp64_product} {ergonomic}
     bool UseG1GC                                  = true                                      {product} {ergonomic}
     bool UseLargePagesIndividualAllocation        = false                                  {pd product} {ergonomic}

Logging:
Log output configuration:
 #0: stdout all=warning uptime,level,tags
 #1: stderr all=off uptime,level,tags

Environment Variables:
JAVA_HOME=C:\Program Files\Java\jdk-16.0.2
PATH=C:\Program Files\Python37\Scripts\;C:\Program Files\Python37\;C:\ProgramData\Oracle\Java\javapath;C:\app\ITECH\product\11.2.0\dbhome_1\bin;C:\Program Files\Common Files\Oracle\Java\javapath;C:\Program Files (x86)\Common Files\Oracle\Java\javapath;C:\WINDOWS\system32;C:\WINDOWS;C:\WINDOWS\System32\Wbem;C:\WINDOWS\System32\WindowsPowerShell\v1.0\;C:\WINDOWS\System32\OpenSSH\;C:\Program Files\Microsoft SQL Server\130\Tools\Binn\;C:\Program Files\Microsoft SQL Server\Client SDK\ODBC\170\Tools\Binn\;C:\Program Files\dotnet\;C:\Program Files\nodejs\;C:\Program Files\Java\jdk-16.0.2\bin;C:\Program Files\Git\cmd;C:\Program Files\Java\jdk-16.0.2\bin;
USERNAME=ITECH
OS=Windows_NT
PROCESSOR_IDENTIFIER=Intel64 Family 6 Model 126 Stepping 5, GenuineIntel



---------------  S Y S T E M  ---------------

OS:
 Windows 10 , 64 bit Build 19041 (10.0.19041.1889)
OS uptime: 0 days 4:22 hours

CPU: total 8 (initial active 8) (4 cores per cpu, 2 threads per core) family 6 model 126 stepping 5 microcode 0xb0, cx8, cmov, fxsr, ht, mmx, 3dnowpref, sse, sse2, sse3, ssse3, sse4.1, sse4.2, popcnt, lzcnt, tsc, tscinvbit, avx, avx2, aes, erms, clmul, bmi1, bmi2, adx, avx512f, avx512dq, avx512cd, avx512bw, avx512vl, sha, fma, vzeroupper, avx512_vpopcntdq, avx512_vpclmulqdq, avx512_vaes, avx512_vnni, clflush, clflushopt, avx512_vmbi2, avx512_vmbi

Memory: 4k page, system-wide physical 7959M (828M free)
TotalPageFile size 7959M (AvailPageFile size 11M)
current process WorkingSet (physical memory assigned to process): 339M, peak: 342M
current process commit charge ("private bytes"): 382M, peak: 405M

vm_info: Java HotSpot(TM) 64-Bit Server VM (16.0.2+7-67) for windows-amd64 JRE (16.0.2+7-67), built on Jun  8 2021 23:24:19 by "mach5one" with MS VC++ 16.7 (VS2019)

END.
