#
# There is insufficient memory for the Java Runtime Environment to continue.
# Native memory allocation (malloc) failed to allocate 1814928 bytes for Chunk::new
# Possible reasons:
#   The system is out of physical RAM or swap space
#   The process is running with CompressedOops enabled, and the Java Heap may be blocking the growth of the native heap
# Possible solutions:
#   Reduce memory load on the system
#   Increase physical memory or swap space
#   Check if swap backing store is full
#   Decrease Java heap size (-Xmx/-Xms)
#   Decrease number of Java threads
#   Decrease Java thread stack sizes (-Xss)
#   Set larger code cache with -XX:ReservedCodeCacheSize=
#   JVM is running with Unscaled Compressed Oops mode in which the Java heap is
#     placed in the first 4GB address space. The Java Heap base address is the
#     maximum limit for the native heap growth. Please use -XX:HeapBaseMinAddress
#     to set the Java Heap base and to place the Java Heap above 4GB virtual address.
# This output file may be truncated or incomplete.
#
#  Out of Memory Error (arena.cpp:195), pid=8956, tid=11624
#
# JRE version: Java(TM) SE Runtime Environment (16.0.2+7) (build 16.0.2+7-67)
# Java VM: Java HotSpot(TM) 64-Bit Server VM (16.0.2+7-67, mixed mode, sharing, tiered, compressed oops, compressed class ptrs, g1 gc, windows-amd64)
# No core dump will be written. Minidumps are not enabled by default on client versions of Windows
#

---------------  S U M M A R Y ------------

Command Line: --add-opens=java.base/java.util=ALL-UNNAMED --add-opens=java.base/java.lang=ALL-UNNAMED --add-opens=java.base/java.lang.invoke=ALL-UNNAMED --add-opens=java.base/java.util=ALL-UNNAMED --add-opens=java.prefs/java.util.prefs=ALL-UNNAMED --add-opens=java.prefs/java.util.prefs=ALL-UNNAMED --add-opens=java.base/java.nio.charset=ALL-UNNAMED --add-opens=java.base/java.net=ALL-UNNAMED --add-opens=java.base/java.util.concurrent.atomic=ALL-UNNAMED -Xmx2048m -Dfile.encoding=UTF-8 -Duser.country=US -Duser.language=en -Duser.variant org.gradle.launcher.daemon.bootstrap.GradleDaemon 7.3.3

Host: Intel(R) Core(TM) i7-1065G7 CPU @ 1.30GHz, 8 cores, 7G,  Windows 10 , 64 bit Build 19041 (10.0.19041.1889)
Time: Sun Aug 21 13:11:35 2022 Egypt Standard Time elapsed time: 1.666911 seconds (0d 0h 0m 1s)

---------------  T H R E A D  ---------------

Current thread (0x00000241fc717a90):  JavaThread "C2 CompilerThread0" daemon [_thread_in_native, id=11624, stack(0x0000009e59200000,0x0000009e59300000)]


Current CompileTask:
C2:   1666 2029   !   4       java.lang.ClassLoader::loadClass (122 bytes)

Stack: [0x0000009e59200000,0x0000009e59300000]
Native frames: (J=compiled Java code, j=interpreted, Vv=VM code, C=native code)
V  [jvm.dll+0x6681ca]
V  [jvm.dll+0x7c9e69]
V  [jvm.dll+0x7cb61e]
V  [jvm.dll+0x7cbc73]
V  [jvm.dll+0x242c55]
V  [jvm.dll+0xadeba]
V  [jvm.dll+0xae45c]
V  [jvm.dll+0x35a8d7]
V  [jvm.dll+0x1b9aca]
V  [jvm.dll+0x215e16]
V  [jvm.dll+0x215100]
V  [jvm.dll+0x1a1beb]
V  [jvm.dll+0x225158]
V  [jvm.dll+0x22319c]
V  [jvm.dll+0x77fa62]
V  [jvm.dll+0x7795aa]
V  [jvm.dll+0x667066]
C  [ucrtbase.dll+0x21bb2]
C  [KERNEL32.DLL+0x17034]
C  [ntdll.dll+0x52651]


---------------  P R O C E S S  ---------------

Threads class SMR info:
_java_thread_list=0x00000241ff2139c0, length=27, elements={
0x00000241ed64c710, 0x00000241fc700c40, 0x00000241fc701750, 0x00000241fc70e2e0,
0x00000241fc710c00, 0x00000241fc713520, 0x00000241fc715e40, 0x00000241fc717a90,
0x00000241fc72d920, 0x00000241fc7422a0, 0x00000241fd1b8f40, 0x00000241fd1bb470,
0x00000241fd2cf590, 0x00000241fe716ed0, 0x00000241ff13af30, 0x00000241feb324f0,
0x00000241fdd63f50, 0x00000241fdd64f40, 0x00000241fdd644a0, 0x00000241fdd65490,
0x00000241fdd66480, 0x00000241fdd634b0, 0x00000241fdd659e0, 0x00000241fdd65f30,
0x00000241fdd63a00, 0x00000241fefdf550, 0x00000241fefe0a90
}

Java Threads: ( => current thread )
  0x00000241ed64c710 JavaThread "main" [_thread_blocked, id=5408, stack(0x0000009e58500000,0x0000009e58600000)]
  0x00000241fc700c40 JavaThread "Reference Handler" daemon [_thread_blocked, id=11368, stack(0x0000009e58c00000,0x0000009e58d00000)]
  0x00000241fc701750 JavaThread "Finalizer" daemon [_thread_blocked, id=8092, stack(0x0000009e58d00000,0x0000009e58e00000)]
  0x00000241fc70e2e0 JavaThread "Signal Dispatcher" daemon [_thread_blocked, id=4616, stack(0x0000009e58e00000,0x0000009e58f00000)]
  0x00000241fc710c00 JavaThread "Attach Listener" daemon [_thread_blocked, id=7088, stack(0x0000009e58f00000,0x0000009e59000000)]
  0x00000241fc713520 JavaThread "Service Thread" daemon [_thread_blocked, id=13868, stack(0x0000009e59000000,0x0000009e59100000)]
  0x00000241fc715e40 JavaThread "Monitor Deflation Thread" daemon [_thread_blocked, id=13696, stack(0x0000009e59100000,0x0000009e59200000)]
=>0x00000241fc717a90 JavaThread "C2 CompilerThread0" daemon [_thread_in_native, id=11624, stack(0x0000009e59200000,0x0000009e59300000)]
  0x00000241fc72d920 JavaThread "C1 CompilerThread0" daemon [_thread_in_native, id=2888, stack(0x0000009e59300000,0x0000009e59400000)]
  0x00000241fc7422a0 JavaThread "Sweeper thread" daemon [_thread_blocked, id=9612, stack(0x0000009e59400000,0x0000009e59500000)]
  0x00000241fd1b8f40 JavaThread "Common-Cleaner" daemon [_thread_blocked, id=10404, stack(0x0000009e59500000,0x0000009e59600000)]
  0x00000241fd1bb470 JavaThread "Notification Thread" daemon [_thread_blocked, id=14156, stack(0x0000009e59600000,0x0000009e59700000)]
  0x00000241fd2cf590 JavaThread "C2 CompilerThread1" daemon [_thread_in_native, id=11260, stack(0x0000009e59800000,0x0000009e59900000)]
  0x00000241fe716ed0 JavaThread "C2 CompilerThread2" daemon [_thread_in_native, id=3276, stack(0x0000009e59d00000,0x0000009e59e00000)]
  0x00000241ff13af30 JavaThread "Daemon health stats" [_thread_blocked, id=14152, stack(0x0000009e59e00000,0x0000009e59f00000)]
  0x00000241feb324f0 JavaThread "Incoming local TCP Connector on port 51601" [_thread_in_native, id=4436, stack(0x0000009e59f00000,0x0000009e5a000000)]
  0x00000241fdd63f50 JavaThread "Daemon periodic checks" [_thread_blocked, id=9488, stack(0x0000009e5a000000,0x0000009e5a100000)]
  0x00000241fdd64f40 JavaThread "Daemon" [_thread_blocked, id=8536, stack(0x0000009e5a100000,0x0000009e5a200000)]
  0x00000241fdd644a0 JavaThread "Handler for socket connection from /127.0.0.1:51601 to /127.0.0.1:51602" [_thread_in_native, id=7096, stack(0x0000009e5a200000,0x0000009e5a300000)]
  0x00000241fdd65490 JavaThread "Cancel handler" [_thread_blocked, id=10164, stack(0x0000009e5a300000,0x0000009e5a400000)]
  0x00000241fdd66480 JavaThread "Daemon worker" [_thread_in_Java, id=9560, stack(0x0000009e5a400000,0x0000009e5a500000)]
  0x00000241fdd634b0 JavaThread "Asynchronous log dispatcher for DefaultDaemonConnection: socket connection from /127.0.0.1:51601 to /127.0.0.1:51602" [_thread_blocked, id=11416, stack(0x0000009e5a500000,0x0000009e5a600000)]
  0x00000241fdd659e0 JavaThread "Stdin handler" [_thread_blocked, id=7404, stack(0x0000009e5a600000,0x0000009e5a700000)]
  0x00000241fdd65f30 JavaThread "Daemon client event forwarder" [_thread_blocked, id=5168, stack(0x0000009e5a700000,0x0000009e5a800000)]
  0x00000241fdd63a00 JavaThread "Cache worker for journal cache (C:\Users\ITECH\.gradle\caches\journal-1)" [_thread_blocked, id=2944, stack(0x0000009e5a800000,0x0000009e5a900000)]
  0x00000241fefdf550 JavaThread "File lock request listener" [_thread_in_native, id=9408, stack(0x0000009e5a900000,0x0000009e5aa00000)]
  0x00000241fefe0a90 JavaThread "Cache worker for file hash cache (C:\Users\ITECH\.gradle\caches\7.3.3\fileHashes)" [_thread_blocked, id=1084, stack(0x0000009e5aa00000,0x0000009e5ab00000)]

Other Threads:
  0x00000241fc6fbf50 VMThread "VM Thread" [stack: 0x0000009e58b00000,0x0000009e58c00000] [id=5248]
  0x00000241fd1bb990 WatcherThread [stack: 0x0000009e59700000,0x0000009e59800000] [id=10576]
  0x00000241ed68ab90 GCTaskThread "GC Thread#0" [stack: 0x0000009e58600000,0x0000009e58700000] [id=1056]
  0x00000241fd9c0330 GCTaskThread "GC Thread#1" [stack: 0x0000009e59900000,0x0000009e59a00000] [id=11676]
  0x00000241fd4feb40 GCTaskThread "GC Thread#2" [stack: 0x0000009e59a00000,0x0000009e59b00000] [id=10684]
  0x00000241fda40e10 GCTaskThread "GC Thread#3" [stack: 0x0000009e59b00000,0x0000009e59c00000] [id=11932]
  0x00000241fddbff50 GCTaskThread "GC Thread#4" [stack: 0x0000009e59c00000,0x0000009e59d00000] [id=7864]
  0x00000241ed69cff0 ConcurrentGCThread "G1 Main Marker" [stack: 0x0000009e58700000,0x0000009e58800000] [id=6848]
  0x00000241ed69ea00 ConcurrentGCThread "G1 Conc#0" [stack: 0x0000009e58800000,0x0000009e58900000] [id=7004]
  0x00000241ed727220 ConcurrentGCThread "G1 Refine#0" [stack: 0x0000009e58900000,0x0000009e58a00000] [id=12856]
  0x00000241ed727c30 ConcurrentGCThread "G1 Service" [stack: 0x0000009e58a00000,0x0000009e58b00000] [id=13044]

Threads with active compile tasks:
C2 CompilerThread0     1682 2029   !   4       java.lang.ClassLoader::loadClass (122 bytes)
C1 CompilerThread0     1682 2117       3       jdk.internal.org.objectweb.asm.MethodWriter::putMethodInfo (1274 bytes)
C2 CompilerThread1     1682 2096   !   4       java.net.URLClassLoader::findClass (47 bytes)
C2 CompilerThread2     1683 2119       4       java.util.HashMap$HashIterator::nextNode (100 bytes)

VM state: not at safepoint (normal execution)

VM Mutex/Monitor currently owned by a thread: None

Heap address: 0x0000000080000000, size: 2048 MB, Compressed Oops mode: 32-bit

CDS archive(s) mapped at: [0x0000000800000000-0x0000000800bb0000-0x0000000800bb0000), size 12255232, SharedBaseAddress: 0x0000000800000000, ArchiveRelocationMode: 0.
Compressed class space mapped at: 0x0000000800c00000-0x0000000840c00000, reserved size: 1073741824
Narrow klass base: 0x0000000800000000, Narrow klass shift: 3, Narrow klass range: 0x100000000

GC Precious Log:
 CPUs: 8 total, 8 available
 Memory: 7959M
 Large Page Support: Disabled
 NUMA Support: Disabled
 Compressed Oops: Enabled (32-bit)
 Heap Region Size: 1M
 Heap Min Capacity: 8M
 Heap Initial Capacity: 126M
 Heap Max Capacity: 2G
 Pre-touch: Disabled
 Parallel Workers: 8
 Concurrent Workers: 2
 Concurrent Refinement Workers: 8
 Periodic GC: Disabled

Heap:
 garbage-first heap   total 129024K, used 78862K [0x0000000080000000, 0x0000000100000000)
  region size 1024K, 69 young (70656K), 2 survivors (2048K)
 Metaspace       used 15173K, committed 15488K, reserved 1064960K
  class space    used 2169K, committed 2368K, reserved 1048576K

Heap Regions: E=young(eden), S=young(survivor), O=old, HS=humongous(starts), HC=humongous(continues), CS=collection set, F=free, OA=open archive, CA=closed archive, TAMS=top-at-mark-start (previous, next)
|   0|0x0000000080000000, 0x0000000080100000, 0x0000000080100000|100%|HS|  |TAMS 0x0000000080000000, 0x0000000080000000| Complete 
|   1|0x0000000080100000, 0x0000000080200000, 0x0000000080200000|100%| O|  |TAMS 0x0000000080100000, 0x0000000080100000| Untracked 
|   2|0x0000000080200000, 0x0000000080300000, 0x0000000080300000|100%| O|  |TAMS 0x0000000080200000, 0x0000000080200000| Untracked 
|   3|0x0000000080300000, 0x0000000080400000, 0x0000000080400000|100%|HS|  |TAMS 0x0000000080300000, 0x0000000080300000| Complete 
|   4|0x0000000080400000, 0x0000000080500000, 0x0000000080500000|100%|HC|  |TAMS 0x0000000080400000, 0x0000000080400000| Complete 
|   5|0x0000000080500000, 0x0000000080600000, 0x0000000080600000|100%|HC|  |TAMS 0x0000000080500000, 0x0000000080500000| Complete 
|   6|0x0000000080600000, 0x0000000080700000, 0x0000000080700000|100%| O|  |TAMS 0x0000000080600000, 0x0000000080600000| Untracked 
|   7|0x0000000080700000, 0x0000000080800000, 0x0000000080800000|100%| O|  |TAMS 0x0000000080700000, 0x0000000080700000| Untracked 
|   8|0x0000000080800000, 0x0000000080900000, 0x0000000080900000|100%| O|  |TAMS 0x0000000080800000, 0x0000000080800000| Untracked 
|   9|0x0000000080900000, 0x00000000809d0200, 0x0000000080a00000| 81%| O|  |TAMS 0x0000000080900000, 0x0000000080900000| Untracked 
|  10|0x0000000080a00000, 0x0000000080a00000, 0x0000000080b00000|  0%| F|  |TAMS 0x0000000080a00000, 0x0000000080a00000| Untracked 
|  11|0x0000000080b00000, 0x0000000080b00000, 0x0000000080c00000|  0%| F|  |TAMS 0x0000000080b00000, 0x0000000080b00000| Untracked 
|  12|0x0000000080c00000, 0x0000000080c00000, 0x0000000080d00000|  0%| F|  |TAMS 0x0000000080c00000, 0x0000000080c00000| Untracked 
|  13|0x0000000080d00000, 0x0000000080d00000, 0x0000000080e00000|  0%| F|  |TAMS 0x0000000080d00000, 0x0000000080d00000| Untracked 
|  14|0x0000000080e00000, 0x0000000080e00000, 0x0000000080f00000|  0%| F|  |TAMS 0x0000000080e00000, 0x0000000080e00000| Untracked 
|  15|0x0000000080f00000, 0x0000000080f00000, 0x0000000081000000|  0%| F|  |TAMS 0x0000000080f00000, 0x0000000080f00000| Untracked 
|  16|0x0000000081000000, 0x0000000081000000, 0x0000000081100000|  0%| F|  |TAMS 0x0000000081000000, 0x0000000081000000| Untracked 
|  17|0x0000000081100000, 0x0000000081100000, 0x0000000081200000|  0%| F|  |TAMS 0x0000000081100000, 0x0000000081100000| Untracked 
|  18|0x0000000081200000, 0x0000000081200000, 0x0000000081300000|  0%| F|  |TAMS 0x0000000081200000, 0x0000000081200000| Untracked 
|  19|0x0000000081300000, 0x0000000081300000, 0x0000000081400000|  0%| F|  |TAMS 0x0000000081300000, 0x0000000081300000| Untracked 
|  20|0x0000000081400000, 0x0000000081400000, 0x0000000081500000|  0%| F|  |TAMS 0x0000000081400000, 0x0000000081400000| Untracked 
|  21|0x0000000081500000, 0x0000000081500000, 0x0000000081600000|  0%| F|  |TAMS 0x0000000081500000, 0x0000000081500000| Untracked 
|  22|0x0000000081600000, 0x0000000081600000, 0x0000000081700000|  0%| F|  |TAMS 0x0000000081600000, 0x0000000081600000| Untracked 
|  23|0x0000000081700000, 0x0000000081700000, 0x0000000081800000|  0%| F|  |TAMS 0x0000000081700000, 0x0000000081700000| Untracked 
|  24|0x0000000081800000, 0x0000000081800000, 0x0000000081900000|  0%| F|  |TAMS 0x0000000081800000, 0x0000000081800000| Untracked 
|  25|0x0000000081900000, 0x0000000081900000, 0x0000000081a00000|  0%| F|  |TAMS 0x0000000081900000, 0x0000000081900000| Untracked 
|  26|0x0000000081a00000, 0x0000000081a00000, 0x0000000081b00000|  0%| F|  |TAMS 0x0000000081a00000, 0x0000000081a00000| Untracked 
|  27|0x0000000081b00000, 0x0000000081b00000, 0x0000000081c00000|  0%| F|  |TAMS 0x0000000081b00000, 0x0000000081b00000| Untracked 
|  28|0x0000000081c00000, 0x0000000081c00000, 0x0000000081d00000|  0%| F|  |TAMS 0x0000000081c00000, 0x0000000081c00000| Untracked 
|  29|0x0000000081d00000, 0x0000000081d00000, 0x0000000081e00000|  0%| F|  |TAMS 0x0000000081d00000, 0x0000000081d00000| Untracked 
|  30|0x0000000081e00000, 0x0000000081e00000, 0x0000000081f00000|  0%| F|  |TAMS 0x0000000081e00000, 0x0000000081e00000| Untracked 
|  31|0x0000000081f00000, 0x0000000081f00000, 0x0000000082000000|  0%| F|  |TAMS 0x0000000081f00000, 0x0000000081f00000| Untracked 
|  32|0x0000000082000000, 0x0000000082000000, 0x0000000082100000|  0%| F|  |TAMS 0x0000000082000000, 0x0000000082000000| Untracked 
|  33|0x0000000082100000, 0x0000000082100000, 0x0000000082200000|  0%| F|  |TAMS 0x0000000082100000, 0x0000000082100000| Untracked 
|  34|0x0000000082200000, 0x0000000082200000, 0x0000000082300000|  0%| F|  |TAMS 0x0000000082200000, 0x0000000082200000| Untracked 
|  35|0x0000000082300000, 0x0000000082300000, 0x0000000082400000|  0%| F|  |TAMS 0x0000000082300000, 0x0000000082300000| Untracked 
|  36|0x0000000082400000, 0x0000000082400000, 0x0000000082500000|  0%| F|  |TAMS 0x0000000082400000, 0x0000000082400000| Untracked 
|  37|0x0000000082500000, 0x0000000082500000, 0x0000000082600000|  0%| F|  |TAMS 0x0000000082500000, 0x0000000082500000| Untracked 
|  38|0x0000000082600000, 0x0000000082600000, 0x0000000082700000|  0%| F|  |TAMS 0x0000000082600000, 0x0000000082600000| Untracked 
|  39|0x0000000082700000, 0x0000000082700000, 0x0000000082800000|  0%| F|  |TAMS 0x0000000082700000, 0x0000000082700000| Untracked 
|  40|0x0000000082800000, 0x0000000082800000, 0x0000000082900000|  0%| F|  |TAMS 0x0000000082800000, 0x0000000082800000| Untracked 
|  41|0x0000000082900000, 0x0000000082900000, 0x0000000082a00000|  0%| F|  |TAMS 0x0000000082900000, 0x0000000082900000| Untracked 
|  42|0x0000000082a00000, 0x0000000082a00000, 0x0000000082b00000|  0%| F|  |TAMS 0x0000000082a00000, 0x0000000082a00000| Untracked 
|  43|0x0000000082b00000, 0x0000000082b00000, 0x0000000082c00000|  0%| F|  |TAMS 0x0000000082b00000, 0x0000000082b00000| Untracked 
|  44|0x0000000082c00000, 0x0000000082c00000, 0x0000000082d00000|  0%| F|  |TAMS 0x0000000082c00000, 0x0000000082c00000| Untracked 
|  45|0x0000000082d00000, 0x0000000082d00000, 0x0000000082e00000|  0%| F|  |TAMS 0x0000000082d00000, 0x0000000082d00000| Untracked 
|  46|0x0000000082e00000, 0x0000000082e00000, 0x0000000082f00000|  0%| F|  |TAMS 0x0000000082e00000, 0x0000000082e00000| Untracked 
|  47|0x0000000082f00000, 0x0000000082f00000, 0x0000000083000000|  0%| F|  |TAMS 0x0000000082f00000, 0x0000000082f00000| Untracked 
|  48|0x0000000083000000, 0x0000000083000000, 0x0000000083100000|  0%| F|  |TAMS 0x0000000083000000, 0x0000000083000000| Untracked 
|  49|0x0000000083100000, 0x0000000083100000, 0x0000000083200000|  0%| F|  |TAMS 0x0000000083100000, 0x0000000083100000| Untracked 
|  50|0x0000000083200000, 0x0000000083200000, 0x0000000083300000|  0%| F|  |TAMS 0x0000000083200000, 0x0000000083200000| Untracked 
|  51|0x0000000083300000, 0x0000000083300000, 0x0000000083400000|  0%| F|  |TAMS 0x0000000083300000, 0x0000000083300000| Untracked 
|  52|0x0000000083400000, 0x0000000083400000, 0x0000000083500000|  0%| F|  |TAMS 0x0000000083400000, 0x0000000083400000| Untracked 
|  53|0x0000000083500000, 0x0000000083500000, 0x0000000083600000|  0%| F|  |TAMS 0x0000000083500000, 0x0000000083500000| Untracked 
|  54|0x0000000083600000, 0x0000000083600000, 0x0000000083700000|  0%| F|  |TAMS 0x0000000083600000, 0x0000000083600000| Untracked 
|  55|0x0000000083700000, 0x0000000083700000, 0x0000000083800000|  0%| F|  |TAMS 0x0000000083700000, 0x0000000083700000| Untracked 
|  56|0x0000000083800000, 0x0000000083800000, 0x0000000083900000|  0%| F|  |TAMS 0x0000000083800000, 0x0000000083800000| Untracked 
|  57|0x0000000083900000, 0x0000000083a00000, 0x0000000083a00000|100%| E|  |TAMS 0x0000000083900000, 0x0000000083900000| Complete 
|  58|0x0000000083a00000, 0x0000000083b00000, 0x0000000083b00000|100%| E|CS|TAMS 0x0000000083a00000, 0x0000000083a00000| Complete 
|  59|0x0000000083b00000, 0x0000000083c00000, 0x0000000083c00000|100%| E|CS|TAMS 0x0000000083b00000, 0x0000000083b00000| Complete 
|  60|0x0000000083c00000, 0x0000000083d00000, 0x0000000083d00000|100%| E|CS|TAMS 0x0000000083c00000, 0x0000000083c00000| Complete 
|  61|0x0000000083d00000, 0x0000000083e00000, 0x0000000083e00000|100%| E|CS|TAMS 0x0000000083d00000, 0x0000000083d00000| Complete 
|  62|0x0000000083e00000, 0x0000000083f00000, 0x0000000083f00000|100%| E|CS|TAMS 0x0000000083e00000, 0x0000000083e00000| Complete 
|  63|0x0000000083f00000, 0x0000000084000000, 0x0000000084000000|100%| E|CS|TAMS 0x0000000083f00000, 0x0000000083f00000| Complete 
|  64|0x0000000084000000, 0x0000000084100000, 0x0000000084100000|100%| E|CS|TAMS 0x0000000084000000, 0x0000000084000000| Complete 
|  65|0x0000000084100000, 0x0000000084200000, 0x0000000084200000|100%| E|CS|TAMS 0x0000000084100000, 0x0000000084100000| Complete 
|  66|0x0000000084200000, 0x0000000084300000, 0x0000000084300000|100%| E|CS|TAMS 0x0000000084200000, 0x0000000084200000| Complete 
|  67|0x0000000084300000, 0x0000000084400000, 0x0000000084400000|100%| E|CS|TAMS 0x0000000084300000, 0x0000000084300000| Complete 
|  68|0x0000000084400000, 0x0000000084500000, 0x0000000084500000|100%| E|CS|TAMS 0x0000000084400000, 0x0000000084400000| Complete 
|  69|0x0000000084500000, 0x0000000084600000, 0x0000000084600000|100%| E|CS|TAMS 0x0000000084500000, 0x0000000084500000| Complete 
|  70|0x0000000084600000, 0x0000000084700000, 0x0000000084700000|100%| E|CS|TAMS 0x0000000084600000, 0x0000000084600000| Complete 
|  71|0x0000000084700000, 0x0000000084800000, 0x0000000084800000|100%| E|CS|TAMS 0x0000000084700000, 0x0000000084700000| Complete 
|  72|0x0000000084800000, 0x0000000084900000, 0x0000000084900000|100%| E|CS|TAMS 0x0000000084800000, 0x0000000084800000| Complete 
|  73|0x0000000084900000, 0x0000000084a00000, 0x0000000084a00000|100%| E|CS|TAMS 0x0000000084900000, 0x0000000084900000| Complete 
|  74|0x0000000084a00000, 0x0000000084b00000, 0x0000000084b00000|100%| E|CS|TAMS 0x0000000084a00000, 0x0000000084a00000| Complete 
|  75|0x0000000084b00000, 0x0000000084c00000, 0x0000000084c00000|100%| E|CS|TAMS 0x0000000084b00000, 0x0000000084b00000| Complete 
|  76|0x0000000084c00000, 0x0000000084d00000, 0x0000000084d00000|100%| E|CS|TAMS 0x0000000084c00000, 0x0000000084c00000| Complete 
|  77|0x0000000084d00000, 0x0000000084e00000, 0x0000000084e00000|100%| E|CS|TAMS 0x0000000084d00000, 0x0000000084d00000| Complete 
|  78|0x0000000084e00000, 0x0000000084f00000, 0x0000000084f00000|100%| E|CS|TAMS 0x0000000084e00000, 0x0000000084e00000| Complete 
|  79|0x0000000084f00000, 0x0000000085000000, 0x0000000085000000|100%| E|CS|TAMS 0x0000000084f00000, 0x0000000084f00000| Complete 
|  80|0x0000000085000000, 0x0000000085100000, 0x0000000085100000|100%| E|CS|TAMS 0x0000000085000000, 0x0000000085000000| Complete 
|  81|0x0000000085100000, 0x0000000085200000, 0x0000000085200000|100%| E|CS|TAMS 0x0000000085100000, 0x0000000085100000| Complete 
|  82|0x0000000085200000, 0x0000000085300000, 0x0000000085300000|100%| E|CS|TAMS 0x0000000085200000, 0x0000000085200000| Complete 
|  83|0x0000000085300000, 0x0000000085400000, 0x0000000085400000|100%| E|CS|TAMS 0x0000000085300000, 0x0000000085300000| Complete 
|  84|0x0000000085400000, 0x0000000085500000, 0x0000000085500000|100%| E|CS|TAMS 0x0000000085400000, 0x0000000085400000| Complete 
|  85|0x0000000085500000, 0x0000000085600000, 0x0000000085600000|100%| E|CS|TAMS 0x0000000085500000, 0x0000000085500000| Complete 
|  86|0x0000000085600000, 0x0000000085700000, 0x0000000085700000|100%| E|CS|TAMS 0x0000000085600000, 0x0000000085600000| Complete 
|  87|0x0000000085700000, 0x0000000085800000, 0x0000000085800000|100%| E|CS|TAMS 0x0000000085700000, 0x0000000085700000| Complete 
|  88|0x0000000085800000, 0x0000000085900000, 0x0000000085900000|100%| E|CS|TAMS 0x0000000085800000, 0x0000000085800000| Complete 
|  89|0x0000000085900000, 0x0000000085a00000, 0x0000000085a00000|100%| E|CS|TAMS 0x0000000085900000, 0x0000000085900000| Complete 
|  90|0x0000000085a00000, 0x0000000085b00000, 0x0000000085b00000|100%| E|CS|TAMS 0x0000000085a00000, 0x0000000085a00000| Complete 
|  91|0x0000000085b00000, 0x0000000085c00000, 0x0000000085c00000|100%| E|CS|TAMS 0x0000000085b00000, 0x0000000085b00000| Complete 
|  92|0x0000000085c00000, 0x0000000085d00000, 0x0000000085d00000|100%| E|CS|TAMS 0x0000000085c00000, 0x0000000085c00000| Complete 
|  93|0x0000000085d00000, 0x0000000085d33738, 0x0000000085e00000| 20%| S|CS|TAMS 0x0000000085d00000, 0x0000000085d00000| Complete 
|  94|0x0000000085e00000, 0x0000000085f00000, 0x0000000085f00000|100%| S|CS|TAMS 0x0000000085e00000, 0x0000000085e00000| Complete 
|  95|0x0000000085f00000, 0x0000000086000000, 0x0000000086000000|100%| E|CS|TAMS 0x0000000085f00000, 0x0000000085f00000| Complete 
|  96|0x0000000086000000, 0x0000000086100000, 0x0000000086100000|100%| E|CS|TAMS 0x0000000086000000, 0x0000000086000000| Complete 
|  97|0x0000000086100000, 0x0000000086200000, 0x0000000086200000|100%| E|CS|TAMS 0x0000000086100000, 0x0000000086100000| Complete 
|  98|0x0000000086200000, 0x0000000086300000, 0x0000000086300000|100%| E|CS|TAMS 0x0000000086200000, 0x0000000086200000| Complete 
|  99|0x0000000086300000, 0x0000000086400000, 0x0000000086400000|100%| E|CS|TAMS 0x0000000086300000, 0x0000000086300000| Complete 
| 100|0x0000000086400000, 0x0000000086500000, 0x0000000086500000|100%| E|CS|TAMS 0x0000000086400000, 0x0000000086400000| Complete 
| 101|0x0000000086500000, 0x0000000086600000, 0x0000000086600000|100%| E|CS|TAMS 0x0000000086500000, 0x0000000086500000| Complete 
| 102|0x0000000086600000, 0x0000000086700000, 0x0000000086700000|100%| E|CS|TAMS 0x0000000086600000, 0x0000000086600000| Complete 
| 103|0x0000000086700000, 0x0000000086800000, 0x0000000086800000|100%| E|CS|TAMS 0x0000000086700000, 0x0000000086700000| Complete 
| 104|0x0000000086800000, 0x0000000086900000, 0x0000000086900000|100%| E|CS|TAMS 0x0000000086800000, 0x0000000086800000| Complete 
| 105|0x0000000086900000, 0x0000000086a00000, 0x0000000086a00000|100%| E|CS|TAMS 0x0000000086900000, 0x0000000086900000| Complete 
| 106|0x0000000086a00000, 0x0000000086b00000, 0x0000000086b00000|100%| E|CS|TAMS 0x0000000086a00000, 0x0000000086a00000| Complete 
| 107|0x0000000086b00000, 0x0000000086c00000, 0x0000000086c00000|100%| E|CS|TAMS 0x0000000086b00000, 0x0000000086b00000| Complete 
| 108|0x0000000086c00000, 0x0000000086d00000, 0x0000000086d00000|100%| E|CS|TAMS 0x0000000086c00000, 0x0000000086c00000| Complete 
| 109|0x0000000086d00000, 0x0000000086e00000, 0x0000000086e00000|100%| E|CS|TAMS 0x0000000086d00000, 0x0000000086d00000| Complete 
| 110|0x0000000086e00000, 0x0000000086f00000, 0x0000000086f00000|100%| E|CS|TAMS 0x0000000086e00000, 0x0000000086e00000| Complete 
| 111|0x0000000086f00000, 0x0000000087000000, 0x0000000087000000|100%| E|CS|TAMS 0x0000000086f00000, 0x0000000086f00000| Complete 
| 112|0x0000000087000000, 0x0000000087100000, 0x0000000087100000|100%| E|CS|TAMS 0x0000000087000000, 0x0000000087000000| Complete 
| 113|0x0000000087100000, 0x0000000087200000, 0x0000000087200000|100%| E|CS|TAMS 0x0000000087100000, 0x0000000087100000| Complete 
| 114|0x0000000087200000, 0x0000000087300000, 0x0000000087300000|100%| E|CS|TAMS 0x0000000087200000, 0x0000000087200000| Complete 
| 115|0x0000000087300000, 0x0000000087400000, 0x0000000087400000|100%| E|CS|TAMS 0x0000000087300000, 0x0000000087300000| Complete 
| 116|0x0000000087400000, 0x0000000087500000, 0x0000000087500000|100%| E|CS|TAMS 0x0000000087400000, 0x0000000087400000| Complete 
| 117|0x0000000087500000, 0x0000000087600000, 0x0000000087600000|100%| E|CS|TAMS 0x0000000087500000, 0x0000000087500000| Complete 
| 118|0x0000000087600000, 0x0000000087700000, 0x0000000087700000|100%| E|CS|TAMS 0x0000000087600000, 0x0000000087600000| Complete 
| 119|0x0000000087700000, 0x0000000087800000, 0x0000000087800000|100%| E|CS|TAMS 0x0000000087700000, 0x0000000087700000| Complete 
| 120|0x0000000087800000, 0x0000000087900000, 0x0000000087900000|100%| E|CS|TAMS 0x0000000087800000, 0x0000000087800000| Complete 
| 121|0x0000000087900000, 0x0000000087a00000, 0x0000000087a00000|100%| E|CS|TAMS 0x0000000087900000, 0x0000000087900000| Complete 
| 122|0x0000000087a00000, 0x0000000087b00000, 0x0000000087b00000|100%| E|CS|TAMS 0x0000000087a00000, 0x0000000087a00000| Complete 
| 123|0x0000000087b00000, 0x0000000087c00000, 0x0000000087c00000|100%| E|CS|TAMS 0x0000000087b00000, 0x0000000087b00000| Complete 
| 124|0x0000000087c00000, 0x0000000087d00000, 0x0000000087d00000|100%| E|CS|TAMS 0x0000000087c00000, 0x0000000087c00000| Complete 
| 125|0x0000000087d00000, 0x0000000087e00000, 0x0000000087e00000|100%| E|CS|TAMS 0x0000000087d00000, 0x0000000087d00000| Complete 

Card table byte_map: [0x00000241f5510000,0x00000241f5910000] _byte_map_base: 0x00000241f5110000

Marking Bits (Prev, Next): (CMBitMap*) 0x00000241ed68b190, (CMBitMap*) 0x00000241ed68b1d0
 Prev Bits: [0x00000241f5d10000, 0x00000241f7d10000)
 Next Bits: [0x00000241f7d10000, 0x00000241f9d10000)

Polling page: 0x00000241eb5d0000

Metaspace:

Usage:
  Non-class:     12.75 MB used.
      Class:      2.13 MB used.
       Both:     14.88 MB used.

Virtual space:
  Non-class space:       16.00 MB reserved,      12.88 MB ( 80%) committed,  2 nodes.
      Class space:        1.00 GB reserved,       2.31 MB ( <1%) committed,  1 nodes.
              Both:        1.02 GB reserved,      15.19 MB (  1%) committed. 

Chunk freelists:
   Non-Class:  2.79 MB
       Class:  1.69 MB
        Both:  4.47 MB

MaxMetaspaceSize: 17179869184.00 GB
CompressedClassSpaceSize: 1.00 GB
 - commit_granule_bytes: 65536.
 - commit_granule_words: 8192.
 - virtual_space_node_default_size: 1048576.
 - enlarge_chunks_in_place: 1.
 - new_chunks_are_fully_committed: 0.
 - uncommit_free_chunks: 1.
 - use_allocation_guard: 0.
 - handle_deallocations: 1.


Internal statistics:

num_allocs_failed_limit: 0.
num_arena_births: 160.
num_arena_deaths: 0.
num_vsnodes_births: 3.
num_vsnodes_deaths: 0.
num_space_committed: 243.
num_space_uncommitted: 0.
num_chunks_returned_to_freelist: 0.
num_chunks_taken_from_freelist: 649.
num_chunk_merges: 0.
num_chunk_splits: 443.
num_chunks_enlarged: 331.
num_purges: 0.

CodeHeap 'non-profiled nmethods': size=120000Kb used=1068Kb max_used=1068Kb free=118931Kb
 bounds [0x0000024187ad0000, 0x0000024187d40000, 0x000002418f000000]
CodeHeap 'profiled nmethods': size=120000Kb used=4124Kb max_used=4124Kb free=115875Kb
 bounds [0x00000241805a0000, 0x00000241809b0000, 0x0000024187ad0000]
CodeHeap 'non-nmethods': size=5760Kb used=1239Kb max_used=1253Kb free=4521Kb
 bounds [0x0000024180000000, 0x0000024180270000, 0x00000241805a0000]
 total_blobs=2651 nmethods=2123 adapters=440
 compilation: enabled
              stopped_count=0, restarted_count=0
 full_count=0

Compilation events (20 events):
Event: 1.652 Thread 0x00000241fc72d920 2092       3       org.gradle.internal.service.AbstractServiceMethod::<init> (42 bytes)
Event: 1.652 Thread 0x00000241fd2cf590 nmethod 2086 0x0000024187bd8c90 code [0x0000024187bd8e40, 0x0000024187bd9138]
Event: 1.653 Thread 0x00000241fc72d920 nmethod 2092 0x0000024180993c90 code [0x0000024180994000, 0x0000024180995c08]
Event: 1.653 Thread 0x00000241fc72d920 2093       3       org.gradle.internal.service.DefaultServiceRegistry$FactoryMethodService::<init> (22 bytes)
Event: 1.654 Thread 0x00000241fc72d920 nmethod 2093 0x0000024180996390 code [0x00000241809965c0, 0x0000024180997048]
Event: 1.656 Thread 0x00000241fd2cf590 2094       4       java.security.CodeSource::getCertificates (98 bytes)
Event: 1.657 Thread 0x00000241fd2cf590 nmethod 2094 0x0000024187bd9490 code [0x0000024187bd9620, 0x0000024187bd96d8]
Event: 1.657 Thread 0x00000241fe716ed0 2095       4       java.lang.ref.SoftReference::get (29 bytes)
Event: 1.658 Thread 0x00000241fe716ed0 nmethod 2095 0x0000024187bd9790 code [0x0000024187bd9920, 0x0000024187bd9a18]
Event: 1.660 Thread 0x00000241fd2cf590 2096   !   4       java.net.URLClassLoader::findClass (47 bytes)
Event: 1.660 Thread 0x00000241fc72d920 2097       3       jdk.internal.reflect.ReflectionFactory::copyConstructor (11 bytes)
Event: 1.660 Thread 0x00000241fc72d920 nmethod 2097 0x0000024180997390 code [0x0000024180997540, 0x0000024180997748]
Event: 1.661 Thread 0x00000241fc72d920 2098       3       java.lang.reflect.ReflectAccess::copyConstructor (5 bytes)
Event: 1.661 Thread 0x00000241fc72d920 nmethod 2098 0x0000024180997890 code [0x0000024180997a40, 0x0000024180997b88]
Event: 1.661 Thread 0x00000241fc72d920 2099       3       java.lang.Class::privateGetDeclaredConstructors (79 bytes)
Event: 1.661 Thread 0x00000241fc72d920 nmethod 2099 0x0000024180997c90 code [0x0000024180997e80, 0x00000241809983c8]
Event: 1.662 Thread 0x00000241fc72d920 2100       3       sun.reflect.generics.scope.ClassScope::make (9 bytes)
Event: 1.662 Thread 0x00000241fc72d920 nmethod 2100 0x0000024180998590 code [0x0000024180998740, 0x0000024180998a18]
Event: 1.662 Thread 0x00000241fc72d920 2101       3       sun.reflect.generics.scope.ClassScope::<init> (6 bytes)
Event: 1.662 Thread 0x00000241fc72d920 nmethod 2101 0x0000024180998b10 code [0x0000024180998cc0, 0x0000024180998ed8]

GC Heap History (4 events):
Event: 0.518 GC heap before
{Heap before GC invocations=0 (full 0):
 garbage-first heap   total 129024K, used 28672K [0x0000000080000000, 0x0000000100000000)
  region size 1024K, 23 young (23552K), 0 survivors (0K)
 Metaspace       used 3125K, committed 3264K, reserved 1056768K
  class space    used 381K, committed 448K, reserved 1048576K
}
Event: 0.524 GC heap after
{Heap after GC invocations=1 (full 0):
 garbage-first heap   total 129024K, used 9027K [0x0000000080000000, 0x0000000100000000)
  region size 1024K, 3 young (3072K), 3 survivors (3072K)
 Metaspace       used 3125K, committed 3264K, reserved 1056768K
  class space    used 381K, committed 448K, reserved 1048576K
}
Event: 0.764 GC heap before
{Heap before GC invocations=1 (full 0):
 garbage-first heap   total 129024K, used 37699K [0x0000000080000000, 0x0000000100000000)
  region size 1024K, 31 young (31744K), 3 survivors (3072K)
 Metaspace       used 4037K, committed 4224K, reserved 1056768K
  class space    used 475K, committed 576K, reserved 1048576K
}
Event: 0.767 GC heap after
{Heap after GC invocations=2 (full 0):
 garbage-first heap   total 129024K, used 11278K [0x0000000080000000, 0x0000000100000000)
  region size 1024K, 2 young (2048K), 2 survivors (2048K)
 Metaspace       used 4037K, committed 4224K, reserved 1056768K
  class space    used 475K, committed 576K, reserved 1048576K
}

Deoptimization events (20 events):
Event: 1.481 Thread 0x00000241fdd66480 Uncommon trap: trap_request=0xffffff45 fr.pc=0x0000024187b37aa0 relative=0x0000000000000200
Event: 1.481 Thread 0x00000241fdd66480 Uncommon trap: reason=unstable_if action=reinterpret pc=0x0000024187b37aa0 method=java.util.regex.Matcher.reset()Ljava/util/regex/Matcher; @ 71 c2
Event: 1.481 Thread 0x00000241fdd66480 DEOPT PACKING pc=0x0000024187b37aa0 sp=0x0000009e5a4f8ea0
Event: 1.481 Thread 0x00000241fdd66480 DEOPT UNPACKING pc=0x000002418004f92e sp=0x0000009e5a4f8e28 mode 2
Event: 1.481 Thread 0x00000241fdd66480 Uncommon trap: trap_request=0xffffff45 fr.pc=0x0000024187ae9580 relative=0x0000000000000420
Event: 1.481 Thread 0x00000241fdd66480 Uncommon trap: reason=unstable_if action=reinterpret pc=0x0000024187ae9580 method=java.util.regex.Matcher.match(II)Z @ 76 c2
Event: 1.481 Thread 0x00000241fdd66480 DEOPT PACKING pc=0x0000024187ae9580 sp=0x0000009e5a4f8ed0
Event: 1.481 Thread 0x00000241fdd66480 DEOPT UNPACKING pc=0x000002418004f92e sp=0x0000009e5a4f8ea0 mode 2
Event: 1.512 Thread 0x00000241fdd66480 Uncommon trap: trap_request=0xffffff45 fr.pc=0x0000024187aed7d8 relative=0x0000000000000b38
Event: 1.512 Thread 0x00000241fdd66480 Uncommon trap: reason=unstable_if action=reinterpret pc=0x0000024187aed7d8 method=java.io.WinNTFileSystem.resolve(Ljava/lang/String;Ljava/lang/String;)Ljava/lang/String; @ 19 c2
Event: 1.512 Thread 0x00000241fdd66480 DEOPT PACKING pc=0x0000024187aed7d8 sp=0x0000009e5a4fb770
Event: 1.512 Thread 0x00000241fdd66480 DEOPT UNPACKING pc=0x000002418004f92e sp=0x0000009e5a4fb718 mode 2
Event: 1.512 Thread 0x00000241fdd66480 Uncommon trap: trap_request=0xffffff45 fr.pc=0x0000024187b3d038 relative=0x00000000000005f8
Event: 1.512 Thread 0x00000241fdd66480 Uncommon trap: reason=unstable_if action=reinterpret pc=0x0000024187b3d038 method=java.io.File.getName()Ljava/lang/String; @ 16 c2
Event: 1.512 Thread 0x00000241fdd66480 DEOPT PACKING pc=0x0000024187b3d038 sp=0x0000009e5a4fb710
Event: 1.512 Thread 0x00000241fdd66480 DEOPT UNPACKING pc=0x000002418004f92e sp=0x0000009e5a4fb6e0 mode 2
Event: 1.528 Thread 0x00000241fdd66480 Uncommon trap: trap_request=0xffffff45 fr.pc=0x0000024187b85594 relative=0x0000000000000174
Event: 1.528 Thread 0x00000241fdd66480 Uncommon trap: reason=unstable_if action=reinterpret pc=0x0000024187b85594 method=java.util.WeakHashMap.expungeStaleEntries()V @ 9 c2
Event: 1.528 Thread 0x00000241fdd66480 DEOPT PACKING pc=0x0000024187b85594 sp=0x0000009e5a4fa5a0
Event: 1.528 Thread 0x00000241fdd66480 DEOPT UNPACKING pc=0x000002418004f92e sp=0x0000009e5a4fa538 mode 2

Classes unloaded (0 events):
No events

Classes redefined (0 events):
No events

Internal exceptions (20 events):
Event: 0.938 Thread 0x00000241ed64c710 Exception <a 'java/lang/NoSuchMethodError'{0x0000000086dd0330}: 'java.lang.Object java.lang.invoke.DirectMethodHandle$Holder.invokeStatic(java.lang.Object)'> (0x0000000086dd0330) 
thrown [t:\workspace\open\src\hotspot\share\interpreter\linkResolver.cpp, line 790]
Event: 0.938 Thread 0x00000241ed64c710 Exception <a 'java/lang/NoSuchMethodError'{0x0000000086dd3c48}: 'java.lang.Object java.lang.invoke.DirectMethodHandle$Holder.invokeStaticInit(java.lang.Object)'> (0x0000000086dd3c48) 
thrown [t:\workspace\open\src\hotspot\share\interpreter\linkResolver.cpp, line 790]
Event: 0.948 Thread 0x00000241ed64c710 Exception <a 'java/lang/NoSuchMethodError'{0x0000000086dee1b8}: 'java.lang.Object java.lang.invoke.DirectMethodHandle$Holder.invokeInterface(java.lang.Object, java.lang.Object)'> (0x0000000086dee1b8) 
thrown [t:\workspace\open\src\hotspot\share\interpreter\linkResolver.cpp, line 790]
Event: 0.949 Thread 0x00000241ed64c710 Exception <a 'java/lang/NoSuchMethodError'{0x0000000086df6a08}: 'java.lang.Object java.lang.invoke.DirectMethodHandle$Holder.invokeStaticInit(java.lang.Object, java.lang.Object, java.lang.Object)'> (0x0000000086df6a08) 
thrown [t:\workspace\open\src\hotspot\share\interpreter\linkResolver.cpp, line 790]
Event: 1.048 Thread 0x00000241ed64c710 Exception <a 'java/lang/NoSuchMethodError'{0x000000008678d310}: 'java.lang.Object java.lang.invoke.DirectMethodHandle$Holder.invokeStaticInit(java.lang.Object, int, int, int, int)'> (0x000000008678d310) 
thrown [t:\workspace\open\src\hotspot\share\interpreter\linkResolver.cpp, line 790]
Event: 1.079 Thread 0x00000241ed64c710 Exception <a 'java/lang/NoSuchMethodError'{0x000000008664ed48}: 'java.lang.Object java.lang.invoke.DirectMethodHandle$Holder.invokeStaticInit(java.lang.Object, java.lang.Object, int, int, int, int)'> (0x000000008664ed48) 
thrown [t:\workspace\open\src\hotspot\share\interpreter\linkResolver.cpp, line 790]
Event: 1.193 Thread 0x00000241ed64c710 Exception <a 'java/lang/NoSuchMethodError'{0x000000008656f8c8}: 'void java.lang.invoke.DirectMethodHandle$Holder.invokeStatic(java.lang.Object, java.lang.Object, java.lang.Object)'> (0x000000008656f8c8) 
thrown [t:\workspace\open\src\hotspot\share\interpreter\linkResolver.cpp, line 790]
Event: 1.213 Thread 0x00000241ed64c710 Exception <a 'java/io/IOException'{0x0000000086431128}> (0x0000000086431128) 
thrown [t:\workspace\open\src\hotspot\share\prims\jni.cpp, line 579]
Event: 1.298 Thread 0x00000241fdd66480 Exception <a 'java/lang/NoSuchMethodError'{0x0000000085c1dee0}: 'long java.lang.invoke.DirectMethodHandle$Holder.invokeInterface(java.lang.Object, java.lang.Object)'> (0x0000000085c1dee0) 
thrown [t:\workspace\open\src\hotspot\share\interpreter\linkResolver.cpp, line 790]
Event: 1.299 Thread 0x00000241fdd66480 Exception <a 'java/lang/NoSuchMethodError'{0x0000000085c2c568}: 'void java.lang.invoke.DelegatingMethodHandle$Holder.reinvoke_L(java.lang.Object, java.lang.Object, java.lang.Object, java.lang.Object, java.lang.Object, java.lang.Object, java.lang.Object)'> (0x0000000085c2c568) 
thrown [t:\workspace\open\src\hotspot\share\interpreter\linkResolver.cpp, line 790]
Event: 1.460 Thread 0x00000241fdd66480 Exception <a 'java/lang/NoSuchMethodError'{0x0000000084d7ee70}: 'void java.lang.invoke.DirectMethodHandle$Holder.invokeStaticInit(java.lang.Object)'> (0x0000000084d7ee70) 
thrown [t:\workspace\open\src\hotspot\share\interpreter\linkResolver.cpp, line 790]
Event: 1.471 Thread 0x00000241fdd66480 Exception <a 'java/lang/NoSuchMethodError'{0x0000000084c23f58}: 'java.lang.Object java.lang.invoke.DirectMethodHandle$Holder.newInvokeSpecial(java.lang.Object, java.lang.Object, java.lang.Object, int)'> (0x0000000084c23f58) 
thrown [t:\workspace\open\src\hotspot\share\interpreter\linkResolver.cpp, line 790]
Event: 1.471 Thread 0x00000241fdd66480 Exception <a 'java/lang/NoSuchMethodError'{0x0000000084c28ef0}: 'java.lang.Object java.lang.invoke.DirectMethodHandle$Holder.invokeSpecial(java.lang.Object, java.lang.Object, java.lang.Object, java.lang.Object, int)'> (0x0000000084c28ef0) 
thrown [t:\workspace\open\src\hotspot\share\interpreter\linkResolver.cpp, line 790]
Event: 1.471 Thread 0x00000241fdd66480 Exception <a 'java/lang/NoSuchMethodError'{0x0000000084c2d750}: 'java.lang.Object java.lang.invoke.Invokers$Holder.linkToTargetMethod(java.lang.Object, java.lang.Object, int, java.lang.Object)'> (0x0000000084c2d750) 
thrown [t:\workspace\open\src\hotspot\share\interpreter\linkResolver.cpp, line 790]
Event: 1.537 Thread 0x00000241fdd66480 Exception <a 'java/lang/NoSuchMethodError'{0x0000000084638998}: 'int java.lang.invoke.DirectMethodHandle$Holder.invokeSpecialIFC(java.lang.Object, java.lang.Object, java.lang.Object, java.lang.Object)'> (0x0000000084638998) 
thrown [t:\workspace\open\src\hotspot\share\interpreter\linkResolver.cpp, line 790]
Event: 1.538 Thread 0x00000241fdd66480 Exception <a 'java/lang/NoSuchMethodError'{0x0000000084647d90}: 'java.lang.Object java.lang.invoke.DirectMethodHandle$Holder.invokeInterface(java.lang.Object, java.lang.Object, java.lang.Object)'> (0x0000000084647d90) 
thrown [t:\workspace\open\src\hotspot\share\interpreter\linkResolver.cpp, line 790]
Event: 1.538 Thread 0x00000241fdd66480 Exception <a 'java/lang/IncompatibleClassChangeError'{0x000000008464bb78}: Found class java.lang.Object, but interface was expected> (0x000000008464bb78) 
thrown [t:\workspace\open\src\hotspot\share\interpreter\linkResolver.cpp, line 857]
Event: 1.578 Thread 0x00000241fdd66480 Exception <a 'java/lang/NoSuchMethodError'{0x0000000084331720}: 'int java.lang.invoke.DirectMethodHandle$Holder.invokeStatic(java.lang.Object, java.lang.Object, java.lang.Object, java.lang.Object)'> (0x0000000084331720) 
thrown [t:\workspace\open\src\hotspot\share\interpreter\linkResolver.cpp, line 790]
Event: 1.579 Thread 0x00000241fdd66480 Exception <a 'java/lang/NoSuchMethodError'{0x00000000843357c8}: 'java.lang.Object java.lang.invoke.Invokers$Holder.invokeExact_MT(java.lang.Object, java.lang.Object, java.lang.Object, java.lang.Object, java.lang.Object, java.lang.Object)'> (0x00000000843357c8) 
thrown [t:\workspace\open\src\hotspot\share\interpreter\linkResolver.cpp, line 790]
Event: 1.628 Thread 0x00000241fdd66480 Exception <a 'java/lang/NoSuchMethodError'{0x0000000083fe6300}: 'java.lang.Object java.lang.invoke.DirectMethodHandle$Holder.invokeSpecial(java.lang.Object, java.lang.Object, java.lang.Object, java.lang.Object, java.lang.Object, java.lang.Object, java.lang.Object, java.lang.Object, java.lang.Object)'> (0x0000000083fe6300) 
thrown [t:\workspace\open\src\hotspot\share\interpreter\linkResolver.cpp, line 790]

Events (20 events):
Event: 1.536 loading class java/nio/file/FileVisitor
Event: 1.536 loading class java/nio/file/FileVisitor done
Event: 1.536 loading class java/nio/file/FileVisitOption
Event: 1.536 loading class java/nio/file/FileVisitOption done
Event: 1.538 loading class java/util/stream/ReduceOps$1
Event: 1.538 loading class java/util/stream/ReduceOps$1 done
Event: 1.539 loading class java/util/stream/ReduceOps$1ReducingSink
Event: 1.539 loading class java/util/stream/ReduceOps$1ReducingSink done
Event: 1.546 loading class java/io/ObjectOutputStream
Event: 1.546 loading class java/io/ObjectOutput
Event: 1.546 loading class java/io/ObjectOutput done
Event: 1.546 loading class java/io/ObjectStreamConstants
Event: 1.546 loading class java/io/ObjectStreamConstants done
Event: 1.546 loading class java/io/ObjectOutputStream done
Event: 1.546 loading class java/io/ObjectInputStream
Event: 1.546 loading class java/io/ObjectInput
Event: 1.546 loading class java/io/ObjectInput done
Event: 1.547 loading class java/io/ObjectInputStream done
Event: 1.561 loading class java/lang/invoke/MethodHandle$1
Event: 1.561 loading class java/lang/invoke/MethodHandle$1 done


Dynamic libraries:
0x00007ff604b90000 - 0x00007ff604ba0000 	C:\Program Files\Java\jdk-16.0.2\bin\java.exe
0x00007ffa7dfd0000 - 0x00007ffa7e1c8000 	C:\WINDOWS\SYSTEM32\ntdll.dll
0x00007ffa7d110000 - 0x00007ffa7d1cd000 	C:\WINDOWS\System32\KERNEL32.DLL
0x00007ffa7bcc0000 - 0x00007ffa7bf8e000 	C:\WINDOWS\System32\KERNELBASE.dll
0x00007ffa7b6f0000 - 0x00007ffa7b7f0000 	C:\WINDOWS\System32\ucrtbase.dll
0x00007ffa67660000 - 0x00007ffa67678000 	C:\Program Files\Java\jdk-16.0.2\bin\jli.dll
0x00007ffa7cf10000 - 0x00007ffa7cfbe000 	C:\WINDOWS\System32\ADVAPI32.dll
0x00007ffa7c030000 - 0x00007ffa7c0ce000 	C:\WINDOWS\System32\msvcrt.dll
0x00007ffa7cbc0000 - 0x00007ffa7cc5c000 	C:\WINDOWS\System32\sechost.dll
0x00007ffa7cfc0000 - 0x00007ffa7d0e5000 	C:\WINDOWS\System32\RPCRT4.dll
0x00007ffa7c0d0000 - 0x00007ffa7c270000 	C:\WINDOWS\System32\USER32.dll
0x00007ffa657c0000 - 0x00007ffa657d9000 	C:\Program Files\Java\jdk-16.0.2\bin\VCRUNTIME140.dll
0x00007ffa7bbd0000 - 0x00007ffa7bbf2000 	C:\WINDOWS\System32\win32u.dll
0x00007ffa7c7c0000 - 0x00007ffa7c7ea000 	C:\WINDOWS\System32\GDI32.dll
0x00007ffa7b7f0000 - 0x00007ffa7b8fb000 	C:\WINDOWS\System32\gdi32full.dll
0x00007ffa7bf90000 - 0x00007ffa7c02d000 	C:\WINDOWS\System32\msvcp_win.dll
0x00007ffa63420000 - 0x00007ffa636ba000 	C:\WINDOWS\WinSxS\amd64_microsoft.windows.common-controls_6595b64144ccf1df_6.0.19041.1110_none_60b5254171f9507e\COMCTL32.dll
0x00007ffa753b0000 - 0x00007ffa753ba000 	C:\WINDOWS\SYSTEM32\VERSION.dll
0x00007ffa7cac0000 - 0x00007ffa7caf0000 	C:\WINDOWS\System32\IMM32.DLL
0x00007ffa67690000 - 0x00007ffa6769c000 	C:\Program Files\Java\jdk-16.0.2\bin\vcruntime140_1.dll
0x00007ffa46de0000 - 0x00007ffa46e71000 	C:\Program Files\Java\jdk-16.0.2\bin\msvcp140.dll
0x00007ffa2c9d0000 - 0x00007ffa2d57b000 	C:\Program Files\Java\jdk-16.0.2\bin\server\jvm.dll
0x00007ffa7df80000 - 0x00007ffa7df88000 	C:\WINDOWS\System32\PSAPI.DLL
0x00007ffa788c0000 - 0x00007ffa788c9000 	C:\WINDOWS\SYSTEM32\WSOCK32.dll
0x00007ffa79d20000 - 0x00007ffa79d47000 	C:\WINDOWS\SYSTEM32\WINMM.dll
0x00007ffa7cd00000 - 0x00007ffa7cd6b000 	C:\WINDOWS\System32\WS2_32.dll
0x00007ffa79fb0000 - 0x00007ffa79fc2000 	C:\WINDOWS\SYSTEM32\kernel.appcore.dll
0x00007ffa642b0000 - 0x00007ffa642ba000 	C:\Program Files\Java\jdk-16.0.2\bin\jimage.dll
0x00007ffa79b30000 - 0x00007ffa79d14000 	C:\WINDOWS\SYSTEM32\DBGHELP.DLL
0x00007ffa79af0000 - 0x00007ffa79b1c000 	C:\WINDOWS\SYSTEM32\dbgcore.DLL
0x00007ffa7bc00000 - 0x00007ffa7bc82000 	C:\WINDOWS\System32\bcryptPrimitives.dll
0x00007ffa61080000 - 0x00007ffa610a5000 	C:\Program Files\Java\jdk-16.0.2\bin\java.dll
0x00007ffa7d830000 - 0x00007ffa7df74000 	C:\WINDOWS\System32\SHELL32.dll
0x00007ffa79350000 - 0x00007ffa79ae4000 	C:\WINDOWS\SYSTEM32\windows.storage.dll
0x00007ffa7c400000 - 0x00007ffa7c754000 	C:\WINDOWS\System32\combase.dll
0x00007ffa7b150000 - 0x00007ffa7b180000 	C:\WINDOWS\SYSTEM32\Wldp.dll
0x00007ffa7c350000 - 0x00007ffa7c3fd000 	C:\WINDOWS\System32\SHCORE.dll
0x00007ffa7c760000 - 0x00007ffa7c7b5000 	C:\WINDOWS\System32\shlwapi.dll
0x00007ffa7b630000 - 0x00007ffa7b64f000 	C:\WINDOWS\SYSTEM32\profapi.dll
0x00007ffa5e040000 - 0x00007ffa5e059000 	C:\Program Files\Java\jdk-16.0.2\bin\net.dll
0x00007ffa669e0000 - 0x00007ffa66aea000 	C:\WINDOWS\SYSTEM32\WINHTTP.dll
0x00007ffa7aeb0000 - 0x00007ffa7af1a000 	C:\WINDOWS\system32\mswsock.dll
0x00007ffa54b30000 - 0x00007ffa54b43000 	C:\Program Files\Java\jdk-16.0.2\bin\nio.dll
0x00007ffa54b10000 - 0x00007ffa54b28000 	C:\Program Files\Java\jdk-16.0.2\bin\zip.dll
0x00007ffa642a0000 - 0x00007ffa642b0000 	C:\Program Files\Java\jdk-16.0.2\bin\verify.dll
0x00007ffa55cd0000 - 0x00007ffa55cf7000 	C:\Users\ITECH\.gradle\native\e1d6ef7f7dcc3fd88c89a11ec53ec762bb8ba0a96d01ffa2cd45eb1d1d8dd5c5\windows-amd64\native-platform.dll
0x00007ffa43020000 - 0x00007ffa43164000 	C:\Users\ITECH\.gradle\native\5664cfc778a61ccfe75a443a1ab52a65af34e5dc3c78e0209fed803814484fcb\windows-amd64\native-platform-file-events.dll
0x00007ffa63060000 - 0x00007ffa63069000 	C:\Program Files\Java\jdk-16.0.2\bin\management.dll
0x00007ffa616b0000 - 0x00007ffa616bb000 	C:\Program Files\Java\jdk-16.0.2\bin\management_ext.dll
0x00007ffa7b0a0000 - 0x00007ffa7b0b8000 	C:\WINDOWS\SYSTEM32\CRYPTSP.dll
0x00007ffa7a7c0000 - 0x00007ffa7a7f4000 	C:\WINDOWS\system32\rsaenh.dll
0x00007ffa7bc90000 - 0x00007ffa7bcb7000 	C:\WINDOWS\System32\bcrypt.dll
0x00007ffa7b5f0000 - 0x00007ffa7b61e000 	C:\WINDOWS\SYSTEM32\USERENV.dll
0x00007ffa7b0c0000 - 0x00007ffa7b0cc000 	C:\WINDOWS\SYSTEM32\CRYPTBASE.dll
0x00007ffa7ab50000 - 0x00007ffa7ab8b000 	C:\WINDOWS\SYSTEM32\IPHLPAPI.DLL
0x00007ffa7cc60000 - 0x00007ffa7cc68000 	C:\WINDOWS\System32\NSI.dll
0x00007ffa6fca0000 - 0x00007ffa6fcb7000 	C:\WINDOWS\SYSTEM32\dhcpcsvc6.DLL
0x00007ffa71010000 - 0x00007ffa7102d000 	C:\WINDOWS\SYSTEM32\dhcpcsvc.DLL
0x00007ffa7aba0000 - 0x00007ffa7ac6a000 	C:\WINDOWS\SYSTEM32\DNSAPI.dll
0x00007ffa61070000 - 0x00007ffa6107e000 	C:\Program Files\Java\jdk-16.0.2\bin\sunmscapi.dll
0x00007ffa7b970000 - 0x00007ffa7bac6000 	C:\WINDOWS\System32\CRYPT32.dll
0x00007ffa7b1c0000 - 0x00007ffa7b1e7000 	C:\WINDOWS\SYSTEM32\ncrypt.dll
0x00007ffa7b180000 - 0x00007ffa7b1bb000 	C:\WINDOWS\SYSTEM32\NTASN1.dll
0x00007ffa53b40000 - 0x00007ffa53b47000 	C:\WINDOWS\system32\wshunix.dll

dbghelp: loaded successfully - version: 4.0.5 - missing functions: none
symbol engine: initialized successfully - sym options: 0x614 - pdb path: .;C:\Program Files\Java\jdk-16.0.2\bin;C:\WINDOWS\SYSTEM32;C:\WINDOWS\WinSxS\amd64_microsoft.windows.common-controls_6595b64144ccf1df_6.0.19041.1110_none_60b5254171f9507e;C:\Program Files\Java\jdk-16.0.2\bin\server;C:\Users\ITECH\.gradle\native\e1d6ef7f7dcc3fd88c89a11ec53ec762bb8ba0a96d01ffa2cd45eb1d1d8dd5c5\windows-amd64;C:\Users\ITECH\.gradle\native\5664cfc778a61ccfe75a443a1ab52a65af34e5dc3c78e0209fed803814484fcb\windows-amd64

VM Arguments:
jvm_args: --add-opens=java.base/java.util=ALL-UNNAMED --add-opens=java.base/java.lang=ALL-UNNAMED --add-opens=java.base/java.lang.invoke=ALL-UNNAMED --add-opens=java.base/java.util=ALL-UNNAMED --add-opens=java.prefs/java.util.prefs=ALL-UNNAMED --add-opens=java.prefs/java.util.prefs=ALL-UNNAMED --add-opens=java.base/java.nio.charset=ALL-UNNAMED --add-opens=java.base/java.net=ALL-UNNAMED --add-opens=java.base/java.util.concurrent.atomic=ALL-UNNAMED -Xmx2048m -Dfile.encoding=UTF-8 -Duser.country=US -Duser.language=en -Duser.variant 
java_command: org.gradle.launcher.daemon.bootstrap.GradleDaemon 7.3.3
java_class_path (initial): C:\Users\ITECH\.gradle\wrapper\dists\gradle-7.3.3-bin\6a41zxkdtcxs8rphpq6y0069z\gradle-7.3.3\lib\gradle-launcher-7.3.3.jar
Launcher Type: SUN_STANDARD

[Global flags]
     intx CICompilerCount                          = 4                                         {product} {ergonomic}
     uint ConcGCThreads                            = 2                                         {product} {ergonomic}
     uint G1ConcRefinementThreads                  = 8                                         {product} {ergonomic}
   size_t G1HeapRegionSize                         = 1048576                                   {product} {ergonomic}
    uintx GCDrainStackTargetSize                   = 64                                        {product} {ergonomic}
   size_t InitialHeapSize                          = 132120576                                 {product} {ergonomic}
   size_t MarkStackSize                            = 4194304                                   {product} {ergonomic}
   size_t MaxHeapSize                              = 2147483648                                {product} {command line}
   size_t MaxNewSize                               = 1287651328                                {product} {ergonomic}
   size_t MinHeapDeltaBytes                        = 1048576                                   {product} {ergonomic}
   size_t MinHeapSize                              = 8388608                                   {product} {ergonomic}
    uintx NonNMethodCodeHeapSize                   = 5839372                                {pd product} {ergonomic}
    uintx NonProfiledCodeHeapSize                  = 122909434                              {pd product} {ergonomic}
    uintx ProfiledCodeHeapSize                     = 122909434                              {pd product} {ergonomic}
    uintx ReservedCodeCacheSize                    = 251658240                              {pd product} {ergonomic}
     bool SegmentedCodeCache                       = true                                      {product} {ergonomic}
   size_t SoftMaxHeapSize                          = 2147483648                             {manageable} {ergonomic}
     bool UseCompressedClassPointers               = true                           {product lp64_product} {ergonomic}
     bool UseCompressedOops                        = true                           {product lp64_product} {ergonomic}
     bool UseG1GC                                  = true                                      {product} {ergonomic}
     bool UseLargePagesIndividualAllocation        = false                                  {pd product} {ergonomic}

Logging:
Log output configuration:
 #0: stdout all=warning uptime,level,tags
 #1: stderr all=off uptime,level,tags

Environment Variables:
JAVA_HOME=C:\Program Files\Java\jdk-16.0.2
PATH=C:\Program Files\Python37\Scripts\;C:\Program Files\Python37\;C:\ProgramData\Oracle\Java\javapath;C:\app\ITECH\product\11.2.0\dbhome_1\bin;C:\Program Files\Common Files\Oracle\Java\javapath;C:\Program Files (x86)\Common Files\Oracle\Java\javapath;C:\WINDOWS\system32;C:\WINDOWS;C:\WINDOWS\System32\Wbem;C:\WINDOWS\System32\WindowsPowerShell\v1.0\;C:\WINDOWS\System32\OpenSSH\;C:\Program Files\Microsoft SQL Server\130\Tools\Binn\;C:\Program Files\Microsoft SQL Server\Client SDK\ODBC\170\Tools\Binn\;C:\Program Files\dotnet\;C:\Program Files\nodejs\;C:\Program Files\Java\jdk-16.0.2\bin;C:\Program Files\Git\cmd;C:\Program Files\Java\jdk-16.0.2\bin;
USERNAME=ITECH
OS=Windows_NT
PROCESSOR_IDENTIFIER=Intel64 Family 6 Model 126 Stepping 5, GenuineIntel



---------------  S Y S T E M  ---------------

OS:
 Windows 10 , 64 bit Build 19041 (10.0.19041.1889)
OS uptime: 1 days 13:59 hours

CPU: total 8 (initial active 8) (4 cores per cpu, 2 threads per core) family 6 model 126 stepping 5 microcode 0xb0, cx8, cmov, fxsr, ht, mmx, 3dnowpref, sse, sse2, sse3, ssse3, sse4.1, sse4.2, popcnt, lzcnt, tsc, tscinvbit, avx, avx2, aes, erms, clmul, bmi1, bmi2, adx, avx512f, avx512dq, avx512cd, avx512bw, avx512vl, sha, fma, vzeroupper, avx512_vpopcntdq, avx512_vpclmulqdq, avx512_vaes, avx512_vnni, clflush, clflushopt, avx512_vmbi2, avx512_vmbi

Memory: 4k page, system-wide physical 7959M (1106M free)
TotalPageFile size 7959M (AvailPageFile size 5M)
current process WorkingSet (physical memory assigned to process): 181M, peak: 181M
current process commit charge ("private bytes"): 278M, peak: 279M

vm_info: Java HotSpot(TM) 64-Bit Server VM (16.0.2+7-67) for windows-amd64 JRE (16.0.2+7-67), built on Jun  8 2021 23:24:19 by "mach5one" with MS VC++ 16.7 (VS2019)

END.
