#
# There is insufficient memory for the Java Runtime Environment to continue.
# Native memory allocation (mmap) failed to map 22020096 bytes for G1 virtual space
# Possible reasons:
#   The system is out of physical RAM or swap space
#   The process is running with CompressedOops enabled, and the Java Heap may be blocking the growth of the native heap
# Possible solutions:
#   Reduce memory load on the system
#   Increase physical memory or swap space
#   Check if swap backing store is full
#   Decrease Java heap size (-Xmx/-Xms)
#   Decrease number of Java threads
#   Decrease Java thread stack sizes (-Xss)
#   Set larger code cache with -XX:ReservedCodeCacheSize=
#   JVM is running with Unscaled Compressed Oops mode in which the Java heap is
#     placed in the first 4GB address space. The Java Heap base address is the
#     maximum limit for the native heap growth. Please use -XX:HeapBaseMinAddress
#     to set the Java Heap base and to place the Java Heap above 4GB virtual address.
# This output file may be truncated or incomplete.
#
#  Out of Memory Error (os_windows.cpp:3466), pid=3972, tid=10520
#
# JRE version: Java(TM) SE Runtime Environment (16.0.2+7) (build 16.0.2+7-67)
# Java VM: Java HotSpot(TM) 64-Bit Server VM (16.0.2+7-67, mixed mode, sharing, tiered, compressed oops, compressed class ptrs, g1 gc, windows-amd64)
# No core dump will be written. Minidumps are not enabled by default on client versions of Windows
#

---------------  S U M M A R Y ------------

Command Line: --add-opens=java.base/java.util=ALL-UNNAMED --add-opens=java.base/java.lang=ALL-UNNAMED --add-opens=java.base/java.lang.invoke=ALL-UNNAMED --add-opens=java.base/java.util=ALL-UNNAMED --add-opens=java.prefs/java.util.prefs=ALL-UNNAMED --add-opens=java.prefs/java.util.prefs=ALL-UNNAMED --add-opens=java.base/java.nio.charset=ALL-UNNAMED --add-opens=java.base/java.net=ALL-UNNAMED --add-opens=java.base/java.util.concurrent.atomic=ALL-UNNAMED -Xmx2048m -Dfile.encoding=UTF-8 -Duser.country=US -Duser.language=en -Duser.variant org.gradle.launcher.daemon.bootstrap.GradleDaemon 7.3.3

Host: Intel(R) Core(TM) i7-1065G7 CPU @ 1.30GHz, 8 cores, 7G,  Windows 10 , 64 bit Build 19041 (10.0.19041.1889)
Time: Thu Aug 18 19:18:32 2022 Egypt Standard Time elapsed time: 7.914964 seconds (0d 0h 0m 7s)

---------------  T H R E A D  ---------------

Current thread (0x00000196255b0390):  VMThread "VM Thread" [stack: 0x00000084e3c00000,0x00000084e3d00000] [id=10520]

Stack: [0x00000084e3c00000,0x00000084e3d00000]
Native frames: (J=compiled Java code, j=interpreted, Vv=VM code, C=native code)
V  [jvm.dll+0x6681ca]
V  [jvm.dll+0x7c9e69]
V  [jvm.dll+0x7cb61e]
V  [jvm.dll+0x7cbc73]
V  [jvm.dll+0x242c55]
V  [jvm.dll+0x664f89]
V  [jvm.dll+0x659b75]
V  [jvm.dll+0x2fbfbb]
V  [jvm.dll+0x3031b6]
V  [jvm.dll+0x35299e]
V  [jvm.dll+0x352bcf]
V  [jvm.dll+0x2d3028]
V  [jvm.dll+0x2d0bb5]
V  [jvm.dll+0x2d01ec]
V  [jvm.dll+0x3152d2]
V  [jvm.dll+0x7d00ab]
V  [jvm.dll+0x7d0da4]
V  [jvm.dll+0x7d12a9]
V  [jvm.dll+0x7d1564]
V  [jvm.dll+0x7d1630]
V  [jvm.dll+0x7795aa]
V  [jvm.dll+0x667066]
C  [ucrtbase.dll+0x21bb2]
C  [KERNEL32.DLL+0x17034]
C  [ntdll.dll+0x52651]

VM_Operation (0x00000084e55fa530): G1CollectForAllocation, mode: safepoint, requested by thread 0x000001962775fa60


---------------  P R O C E S S  ---------------

Threads class SMR info:
_java_thread_list=0x00000196265f0b00, length=126, elements={
0x000001960751dde0, 0x00000196255b3d90, 0x00000196255b48a0, 0x00000196255c1880,
0x00000196255c55c0, 0x00000196255c5ed0, 0x00000196255c67e0, 0x00000196255d2050,
0x00000196255df200, 0x00000196255f5a00, 0x00000196260bdfb0, 0x00000196260c3d10,
0x00000196255de6e0, 0x0000019627a13aa0, 0x0000019627b5b700, 0x000001962787d5a0,
0x0000019627db65e0, 0x0000019628949050, 0x00000196276f87a0, 0x000001962775fa60,
0x00000196278fbe90, 0x00000196278fc3e0, 0x00000196278fce80, 0x00000196278fc930,
0x00000196278fe910, 0x00000196278fe3c0, 0x00000196255e02b0, 0x00000196278fd920,
0x00000196278fee60, 0x00000196278fd3d0, 0x00000196278ff3b0, 0x00000196278fde70,
0x0000019629552920, 0x000001962954e960, 0x000001962954e410, 0x0000019629554900,
0x0000019629553e60, 0x0000019629551e80, 0x000001962954eeb0, 0x00000196295513e0,
0x00000196295543b0, 0x0000019629551930, 0x00000196295533c0, 0x0000019629554e50,
0x00000196295553a0, 0x0000019629550940, 0x00000196295558f0, 0x000001962954f400,
0x00000196295523d0, 0x000001962954fea0, 0x0000019629550e90, 0x0000019629553910,
0x0000019629552e70, 0x000001962941ad10, 0x000001962941bd00, 0x000001962941b260,
0x000001962941fcc0, 0x0000019629420210, 0x0000019629420760, 0x000001962941d790,
0x000001962941dce0, 0x00000196294197d0, 0x0000019629419d20, 0x000001962941a270,
0x0000019629418d30, 0x000001962941e230, 0x000001962941ccf0, 0x000001962941f220,
0x000001962941b7b0, 0x000001962941ecd0, 0x0000019629419280, 0x000001962941f770,
0x000001962941e780, 0x000001962941a7c0, 0x000001962941c250, 0x000001962941d240,
0x000001962941c7a0, 0x0000019627c0f550, 0x0000019627c13510, 0x0000019627c12520,
0x0000019627c0faa0, 0x0000019627c0c580, 0x0000019627c0fff0, 0x0000019627c11a80,
0x0000019627c10540, 0x0000019627c12fc0, 0x0000019627c13fb0, 0x0000019627c10a90,
0x0000019627c0cad0, 0x0000019627c11fd0, 0x0000019627c10fe0, 0x0000019627c0eab0,
0x0000019627c0dac0, 0x0000019627c12a70, 0x0000019627c13a60, 0x0000019627c11530,
0x0000019627c0d020, 0x0000019627c0d570, 0x0000019627c0e010, 0x0000019627c0e560,
0x0000019627c0f000, 0x000001962cff2d90, 0x000001962cfedde0, 0x000001962cfecdf0,
0x000001962cff0310, 0x000001962cff22f0, 0x000001962cff32e0, 0x000001962cfee330,
0x000001962cfed340, 0x000001962cff3d80, 0x000001962cff42d0, 0x000001962cff4820,
0x000001962cff3830, 0x000001962cfed890, 0x000001962cfee880, 0x000001962cfeedd0,
0x000001962cfef320, 0x000001962cfef870, 0x000001962cfefdc0, 0x000001962cff2840,
0x000001962cff0860, 0x000001962cff0db0, 0x000001962cff1300, 0x000001962cff1850,
0x000001962cff1da0, 0x000001962b2a18c0
}

Java Threads: ( => current thread )
  0x000001960751dde0 JavaThread "main" [_thread_blocked, id=4320, stack(0x00000084e3600000,0x00000084e3700000)]
  0x00000196255b3d90 JavaThread "Reference Handler" daemon [_thread_blocked, id=12328, stack(0x00000084e3d00000,0x00000084e3e00000)]
  0x00000196255b48a0 JavaThread "Finalizer" daemon [_thread_blocked, id=5392, stack(0x00000084e3e00000,0x00000084e3f00000)]
  0x00000196255c1880 JavaThread "Signal Dispatcher" daemon [_thread_blocked, id=13000, stack(0x00000084e3f00000,0x00000084e4000000)]
  0x00000196255c55c0 JavaThread "Attach Listener" daemon [_thread_blocked, id=9132, stack(0x00000084e4000000,0x00000084e4100000)]
  0x00000196255c5ed0 JavaThread "Service Thread" daemon [_thread_blocked, id=6592, stack(0x00000084e4100000,0x00000084e4200000)]
  0x00000196255c67e0 JavaThread "Monitor Deflation Thread" daemon [_thread_blocked, id=2572, stack(0x00000084e4200000,0x00000084e4300000)]
  0x00000196255d2050 JavaThread "C2 CompilerThread0" daemon [_thread_in_native, id=10492, stack(0x00000084e4300000,0x00000084e4400000)]
  0x00000196255df200 JavaThread "C1 CompilerThread0" daemon [_thread_blocked, id=10000, stack(0x00000084e4400000,0x00000084e4500000)]
  0x00000196255f5a00 JavaThread "Sweeper thread" daemon [_thread_blocked, id=3684, stack(0x00000084e4500000,0x00000084e4600000)]
  0x00000196260bdfb0 JavaThread "Common-Cleaner" daemon [_thread_blocked, id=11852, stack(0x00000084e4600000,0x00000084e4700000)]
  0x00000196260c3d10 JavaThread "Notification Thread" daemon [_thread_blocked, id=4548, stack(0x00000084e4700000,0x00000084e4800000)]
  0x00000196255de6e0 JavaThread "C2 CompilerThread1" daemon [_thread_blocked, id=9324, stack(0x00000084e4900000,0x00000084e4a00000)]
  0x0000019627a13aa0 JavaThread "Daemon health stats" [_thread_blocked, id=3776, stack(0x00000084e4f00000,0x00000084e5000000)]
  0x0000019627b5b700 JavaThread "Incoming local TCP Connector on port 49794" [_thread_in_native, id=5348, stack(0x00000084e5000000,0x00000084e5100000)]
  0x000001962787d5a0 JavaThread "Daemon periodic checks" [_thread_blocked, id=13216, stack(0x00000084e5100000,0x00000084e5200000)]
  0x0000019627db65e0 JavaThread "Daemon" [_thread_blocked, id=2760, stack(0x00000084e5200000,0x00000084e5300000)]
  0x0000019628949050 JavaThread "Handler for socket connection from /127.0.0.1:49794 to /127.0.0.1:49795" [_thread_in_native, id=3732, stack(0x00000084e5300000,0x00000084e5400000)]
  0x00000196276f87a0 JavaThread "Cancel handler" [_thread_blocked, id=3008, stack(0x00000084e5400000,0x00000084e5500000)]
  0x000001962775fa60 JavaThread "Daemon worker" [_thread_blocked, id=3772, stack(0x00000084e5500000,0x00000084e5600000)]
  0x00000196278fbe90 JavaThread "Asynchronous log dispatcher for DefaultDaemonConnection: socket connection from /127.0.0.1:49794 to /127.0.0.1:49795" [_thread_blocked, id=11412, stack(0x00000084e5600000,0x00000084e5700000)]
  0x00000196278fc3e0 JavaThread "Stdin handler" [_thread_blocked, id=12360, stack(0x00000084e5700000,0x00000084e5800000)]
  0x00000196278fce80 JavaThread "Daemon client event forwarder" [_thread_blocked, id=1988, stack(0x00000084e5800000,0x00000084e5900000)]
  0x00000196278fc930 JavaThread "Cache worker for journal cache (C:\Users\ITECH\.gradle\caches\journal-1)" [_thread_blocked, id=11020, stack(0x00000084e4e00000,0x00000084e4f00000)]
  0x00000196278fe910 JavaThread "File lock request listener" [_thread_in_native, id=13272, stack(0x00000084e5900000,0x00000084e5a00000)]
  0x00000196278fe3c0 JavaThread "Cache worker for file hash cache (C:\Users\ITECH\.gradle\caches\7.3.3\fileHashes)" [_thread_blocked, id=11976, stack(0x00000084e5a00000,0x00000084e5b00000)]
  0x00000196255e02b0 JavaThread "C2 CompilerThread2" daemon [_thread_blocked, id=11748, stack(0x00000084e5b00000,0x00000084e5c00000)]
  0x00000196278fd920 JavaThread "Cache worker for file hash cache (C:\Users\ITECH\AndroidStudioProjects\yummy\.gradle\7.3.3\fileHashes)" [_thread_blocked, id=11972, stack(0x00000084e5c00000,0x00000084e5d00000)]
  0x00000196278fee60 JavaThread "File watcher server" daemon [_thread_in_native, id=3012, stack(0x00000084e6000000,0x00000084e6100000)]
  0x00000196278fd3d0 JavaThread "File watcher consumer" daemon [_thread_blocked, id=10848, stack(0x00000084e6100000,0x00000084e6200000)]
  0x00000196278ff3b0 JavaThread "Cache worker for checksums cache (C:\Users\ITECH\AndroidStudioProjects\yummy\.gradle\7.3.3\checksums)" [_thread_blocked, id=11868, stack(0x00000084e6200000,0x00000084e6300000)]
  0x00000196278fde70 JavaThread "Cache worker for cache directory md-supplier (C:\Users\ITECH\.gradle\caches\7.3.3\md-supplier)" [_thread_blocked, id=6516, stack(0x00000084e6300000,0x00000084e6400000)]
  0x0000019629552920 JavaThread "Cache worker for cache directory md-rule (C:\Users\ITECH\.gradle\caches\7.3.3\md-rule)" [_thread_blocked, id=9256, stack(0x00000084e6400000,0x00000084e6500000)]
  0x000001962954e960 JavaThread "Cache worker for execution history cache (C:\Users\ITECH\.gradle\caches\7.3.3\executionHistory)" [_thread_blocked, id=6828, stack(0x00000084e6600000,0x00000084e6700000)]
  0x000001962954e410 JavaThread "jar transforms" [_thread_blocked, id=7800, stack(0x00000084e6700000,0x00000084e6800000)]
  0x0000019629554900 JavaThread "Cache worker for file content cache (C:\Users\ITECH\.gradle\caches\7.3.3\fileContent)" [_thread_blocked, id=12492, stack(0x00000084e6800000,0x00000084e6900000)]
  0x0000019629553e60 JavaThread "jar transforms Thread 2" [_thread_blocked, id=9928, stack(0x00000084e6900000,0x00000084e6a00000)]
  0x0000019629551e80 JavaThread "Cache worker for dependencies-accessors (C:\Users\ITECH\AndroidStudioProjects\yummy\.gradle\7.3.3\dependencies-accessors)" [_thread_blocked, id=8636, stack(0x00000084e6a00000,0x00000084e6b00000)]
  0x000001962954eeb0 JavaThread "jar transforms Thread 3" [_thread_blocked, id=1692, stack(0x00000084e6b00000,0x00000084e6c00000)]
  0x00000196295513e0 JavaThread "Cache worker for Build Output Cleanup Cache (C:\Users\ITECH\AndroidStudioProjects\yummy\.gradle\buildOutputCleanup)" [_thread_blocked, id=10456, stack(0x00000084e6c00000,0x00000084e6d00000)]
  0x00000196295543b0 JavaThread "Unconstrained build operations" [_thread_blocked, id=12188, stack(0x00000084e6d00000,0x00000084e6e00000)]
  0x0000019629551930 JavaThread "Unconstrained build operations Thread 2" [_thread_blocked, id=11208, stack(0x00000084e6e00000,0x00000084e6f00000)]
  0x00000196295533c0 JavaThread "Unconstrained build operations Thread 3" [_thread_blocked, id=7852, stack(0x00000084e6f00000,0x00000084e7000000)]
  0x0000019629554e50 JavaThread "Unconstrained build operations Thread 4" [_thread_blocked, id=11064, stack(0x00000084e7000000,0x00000084e7100000)]
  0x00000196295553a0 JavaThread "Unconstrained build operations Thread 5" [_thread_blocked, id=7908, stack(0x00000084e7100000,0x00000084e7200000)]
  0x0000019629550940 JavaThread "Unconstrained build operations Thread 6" [_thread_blocked, id=4348, stack(0x00000084e7200000,0x00000084e7300000)]
  0x00000196295558f0 JavaThread "Unconstrained build operations Thread 7" [_thread_blocked, id=5892, stack(0x00000084e7300000,0x00000084e7400000)]
  0x000001962954f400 JavaThread "Unconstrained build operations Thread 8" [_thread_blocked, id=10332, stack(0x00000084e7400000,0x00000084e7500000)]
  0x00000196295523d0 JavaThread "Unconstrained build operations Thread 9" [_thread_blocked, id=7444, stack(0x00000084e7500000,0x00000084e7600000)]
  0x000001962954fea0 JavaThread "Unconstrained build operations Thread 10" [_thread_blocked, id=8088, stack(0x00000084e7600000,0x00000084e7700000)]
  0x0000019629550e90 JavaThread "Unconstrained build operations Thread 11" [_thread_blocked, id=88, stack(0x00000084e7700000,0x00000084e7800000)]
  0x0000019629553910 JavaThread "Unconstrained build operations Thread 12" [_thread_blocked, id=10780, stack(0x00000084e7800000,0x00000084e7900000)]
  0x0000019629552e70 JavaThread "Unconstrained build operations Thread 13" [_thread_blocked, id=10704, stack(0x00000084e7900000,0x00000084e7a00000)]
  0x000001962941ad10 JavaThread "Unconstrained build operations Thread 14" [_thread_blocked, id=9900, stack(0x00000084e7a00000,0x00000084e7b00000)]
  0x000001962941bd00 JavaThread "Unconstrained build operations Thread 15" [_thread_blocked, id=7700, stack(0x00000084e7b00000,0x00000084e7c00000)]
  0x000001962941b260 JavaThread "Unconstrained build operations Thread 16" [_thread_blocked, id=10172, stack(0x00000084e7c00000,0x00000084e7d00000)]
  0x000001962941fcc0 JavaThread "Unconstrained build operations Thread 17" [_thread_blocked, id=4316, stack(0x00000084e7d00000,0x00000084e7e00000)]
  0x0000019629420210 JavaThread "Unconstrained build operations Thread 18" [_thread_blocked, id=5492, stack(0x00000084e7e00000,0x00000084e7f00000)]
  0x0000019629420760 JavaThread "Unconstrained build operations Thread 19" [_thread_blocked, id=2252, stack(0x00000084e7f00000,0x00000084e8000000)]
  0x000001962941d790 JavaThread "Unconstrained build operations Thread 20" [_thread_blocked, id=12924, stack(0x00000084e8000000,0x00000084e8100000)]
  0x000001962941dce0 JavaThread "Unconstrained build operations Thread 21" [_thread_blocked, id=752, stack(0x00000084e8100000,0x00000084e8200000)]
  0x00000196294197d0 JavaThread "Unconstrained build operations Thread 22" [_thread_blocked, id=4916, stack(0x00000084e8200000,0x00000084e8300000)]
  0x0000019629419d20 JavaThread "Unconstrained build operations Thread 23" [_thread_blocked, id=2584, stack(0x00000084e8300000,0x00000084e8400000)]
  0x000001962941a270 JavaThread "Unconstrained build operations Thread 24" [_thread_blocked, id=1868, stack(0x00000084e8400000,0x00000084e8500000)]
  0x0000019629418d30 JavaThread "Unconstrained build operations Thread 25" [_thread_blocked, id=7284, stack(0x00000084e8500000,0x00000084e8600000)]
  0x000001962941e230 JavaThread "Unconstrained build operations Thread 26" [_thread_blocked, id=5424, stack(0x00000084e8600000,0x00000084e8700000)]
  0x000001962941ccf0 JavaThread "Unconstrained build operations Thread 27" [_thread_blocked, id=2192, stack(0x00000084e8700000,0x00000084e8800000)]
  0x000001962941f220 JavaThread "Unconstrained build operations Thread 28" [_thread_blocked, id=13004, stack(0x00000084e8800000,0x00000084e8900000)]
  0x000001962941b7b0 JavaThread "Unconstrained build operations Thread 29" [_thread_blocked, id=10964, stack(0x00000084e8900000,0x00000084e8a00000)]
  0x000001962941ecd0 JavaThread "Unconstrained build operations Thread 30" [_thread_blocked, id=10932, stack(0x00000084e8a00000,0x00000084e8b00000)]
  0x0000019629419280 JavaThread "Unconstrained build operations Thread 31" [_thread_blocked, id=5048, stack(0x00000084e8b00000,0x00000084e8c00000)]
  0x000001962941f770 JavaThread "Unconstrained build operations Thread 32" [_thread_blocked, id=11176, stack(0x00000084e8c00000,0x00000084e8d00000)]
  0x000001962941e780 JavaThread "Unconstrained build operations Thread 33" [_thread_blocked, id=12196, stack(0x00000084e8d00000,0x00000084e8e00000)]
  0x000001962941a7c0 JavaThread "Unconstrained build operations Thread 34" [_thread_blocked, id=12276, stack(0x00000084e8e00000,0x00000084e8f00000)]
  0x000001962941c250 JavaThread "Unconstrained build operations Thread 35" [_thread_blocked, id=8124, stack(0x00000084e8f00000,0x00000084e9000000)]
  0x000001962941d240 JavaThread "Unconstrained build operations Thread 36" [_thread_blocked, id=2732, stack(0x00000084e9000000,0x00000084e9100000)]
  0x000001962941c7a0 JavaThread "Unconstrained build operations Thread 37" [_thread_blocked, id=10376, stack(0x00000084e9100000,0x00000084e9200000)]
  0x0000019627c0f550 JavaThread "Unconstrained build operations Thread 38" [_thread_blocked, id=1968, stack(0x00000084e9200000,0x00000084e9300000)]
  0x0000019627c13510 JavaThread "Unconstrained build operations Thread 39" [_thread_blocked, id=8480, stack(0x00000084e9300000,0x00000084e9400000)]
  0x0000019627c12520 JavaThread "Unconstrained build operations Thread 40" [_thread_blocked, id=11532, stack(0x00000084e9400000,0x00000084e9500000)]
  0x0000019627c0faa0 JavaThread "Unconstrained build operations Thread 41" [_thread_blocked, id=9152, stack(0x00000084e9500000,0x00000084e9600000)]
  0x0000019627c0c580 JavaThread "Unconstrained build operations Thread 42" [_thread_blocked, id=7912, stack(0x00000084e9600000,0x00000084e9700000)]
  0x0000019627c0fff0 JavaThread "Unconstrained build operations Thread 43" [_thread_blocked, id=10364, stack(0x00000084e9700000,0x00000084e9800000)]
  0x0000019627c11a80 JavaThread "Unconstrained build operations Thread 44" [_thread_blocked, id=3164, stack(0x00000084e9800000,0x00000084e9900000)]
  0x0000019627c10540 JavaThread "Unconstrained build operations Thread 45" [_thread_blocked, id=2224, stack(0x00000084e9900000,0x00000084e9a00000)]
  0x0000019627c12fc0 JavaThread "Unconstrained build operations Thread 46" [_thread_blocked, id=5488, stack(0x00000084e9a00000,0x00000084e9b00000)]
  0x0000019627c13fb0 JavaThread "Unconstrained build operations Thread 47" [_thread_blocked, id=7248, stack(0x00000084e9b00000,0x00000084e9c00000)]
  0x0000019627c10a90 JavaThread "Unconstrained build operations Thread 48" [_thread_blocked, id=9800, stack(0x00000084e9c00000,0x00000084e9d00000)]
  0x0000019627c0cad0 JavaThread "Unconstrained build operations Thread 49" [_thread_blocked, id=6148, stack(0x00000084e9d00000,0x00000084e9e00000)]
  0x0000019627c11fd0 JavaThread "Unconstrained build operations Thread 50" [_thread_blocked, id=6756, stack(0x00000084e9e00000,0x00000084e9f00000)]
  0x0000019627c10fe0 JavaThread "Unconstrained build operations Thread 51" [_thread_blocked, id=11004, stack(0x00000084e9f00000,0x00000084ea000000)]
  0x0000019627c0eab0 JavaThread "Unconstrained build operations Thread 52" [_thread_blocked, id=11456, stack(0x00000084ea000000,0x00000084ea100000)]
  0x0000019627c0dac0 JavaThread "Unconstrained build operations Thread 53" [_thread_blocked, id=9876, stack(0x00000084ea100000,0x00000084ea200000)]
  0x0000019627c12a70 JavaThread "Unconstrained build operations Thread 54" [_thread_blocked, id=3512, stack(0x00000084ea200000,0x00000084ea300000)]
  0x0000019627c13a60 JavaThread "Unconstrained build operations Thread 55" [_thread_blocked, id=2580, stack(0x00000084ea300000,0x00000084ea400000)]
  0x0000019627c11530 JavaThread "Unconstrained build operations Thread 56" [_thread_blocked, id=3296, stack(0x00000084ea400000,0x00000084ea500000)]
  0x0000019627c0d020 JavaThread "Unconstrained build operations Thread 57" [_thread_blocked, id=8372, stack(0x00000084ea500000,0x00000084ea600000)]
  0x0000019627c0d570 JavaThread "Unconstrained build operations Thread 58" [_thread_blocked, id=5436, stack(0x00000084ea600000,0x00000084ea700000)]
  0x0000019627c0e010 JavaThread "Unconstrained build operations Thread 59" [_thread_blocked, id=2884, stack(0x00000084ea700000,0x00000084ea800000)]
  0x0000019627c0e560 JavaThread "Unconstrained build operations Thread 60" [_thread_blocked, id=13132, stack(0x00000084ea800000,0x00000084ea900000)]
  0x0000019627c0f000 JavaThread "Unconstrained build operations Thread 61" [_thread_blocked, id=9408, stack(0x00000084ea900000,0x00000084eaa00000)]
  0x000001962cff2d90 JavaThread "Unconstrained build operations Thread 62" [_thread_blocked, id=9112, stack(0x00000084eaa00000,0x00000084eab00000)]
  0x000001962cfedde0 JavaThread "Unconstrained build operations Thread 63" [_thread_blocked, id=7544, stack(0x00000084eab00000,0x00000084eac00000)]
  0x000001962cfecdf0 JavaThread "Unconstrained build operations Thread 64" [_thread_blocked, id=11564, stack(0x00000084eac00000,0x00000084ead00000)]
  0x000001962cff0310 JavaThread "Unconstrained build operations Thread 65" [_thread_blocked, id=13180, stack(0x00000084ead00000,0x00000084eae00000)]
  0x000001962cff22f0 JavaThread "Unconstrained build operations Thread 66" [_thread_blocked, id=536, stack(0x00000084eae00000,0x00000084eaf00000)]
  0x000001962cff32e0 JavaThread "Unconstrained build operations Thread 67" [_thread_blocked, id=8068, stack(0x00000084eaf00000,0x00000084eb000000)]
  0x000001962cfee330 JavaThread "Unconstrained build operations Thread 68" [_thread_blocked, id=4764, stack(0x00000084eb000000,0x00000084eb100000)]
  0x000001962cfed340 JavaThread "Unconstrained build operations Thread 69" [_thread_blocked, id=13044, stack(0x00000084eb100000,0x00000084eb200000)]
  0x000001962cff3d80 JavaThread "Unconstrained build operations Thread 70" [_thread_blocked, id=8428, stack(0x00000084eb200000,0x00000084eb300000)]
  0x000001962cff42d0 JavaThread "Unconstrained build operations Thread 71" [_thread_blocked, id=9476, stack(0x00000084eb300000,0x00000084eb400000)]
  0x000001962cff4820 JavaThread "Unconstrained build operations Thread 72" [_thread_blocked, id=8212, stack(0x00000084eb400000,0x00000084eb500000)]
  0x000001962cff3830 JavaThread "Unconstrained build operations Thread 73" [_thread_blocked, id=7188, stack(0x00000084eb500000,0x00000084eb600000)]
  0x000001962cfed890 JavaThread "Unconstrained build operations Thread 74" [_thread_blocked, id=2304, stack(0x00000084eb600000,0x00000084eb700000)]
  0x000001962cfee880 JavaThread "Unconstrained build operations Thread 75" [_thread_blocked, id=9804, stack(0x00000084eb700000,0x00000084eb800000)]
  0x000001962cfeedd0 JavaThread "Unconstrained build operations Thread 76" [_thread_blocked, id=9148, stack(0x00000084eb800000,0x00000084eb900000)]
  0x000001962cfef320 JavaThread "Unconstrained build operations Thread 77" [_thread_blocked, id=10532, stack(0x00000084eb900000,0x00000084eba00000)]
  0x000001962cfef870 JavaThread "Unconstrained build operations Thread 78" [_thread_blocked, id=6880, stack(0x00000084eba00000,0x00000084ebb00000)]
  0x000001962cfefdc0 JavaThread "Unconstrained build operations Thread 79" [_thread_blocked, id=4820, stack(0x00000084ebb00000,0x00000084ebc00000)]
  0x000001962cff2840 JavaThread "Unconstrained build operations Thread 80" [_thread_blocked, id=5188, stack(0x00000084ebc00000,0x00000084ebd00000)]
  0x000001962cff0860 JavaThread "jar transforms Thread 4" [_thread_blocked, id=3584, stack(0x00000084ebd00000,0x00000084ebe00000)]
  0x000001962cff0db0 JavaThread "jar transforms Thread 5" [_thread_blocked, id=8024, stack(0x00000084ebe00000,0x00000084ebf00000)]
  0x000001962cff1300 JavaThread "jar transforms Thread 6" [_thread_blocked, id=8532, stack(0x00000084ebf00000,0x00000084ec000000)]
  0x000001962cff1850 JavaThread "jar transforms Thread 7" [_thread_blocked, id=8920, stack(0x00000084ec000000,0x00000084ec100000)]
  0x000001962cff1da0 JavaThread "jar transforms Thread 8" [_thread_blocked, id=7640, stack(0x00000084ec100000,0x00000084ec200000)]
  0x000001962b2a18c0 JavaThread "Memory manager" [_thread_blocked, id=11228, stack(0x00000084ec200000,0x00000084ec300000)]

Other Threads:
=>0x00000196255b0390 VMThread "VM Thread" [stack: 0x00000084e3c00000,0x00000084e3d00000] [id=10520]
  0x00000196260c5a60 WatcherThread [stack: 0x00000084e4800000,0x00000084e4900000] [id=9524]
  0x0000019607561910 GCTaskThread "GC Thread#0" [stack: 0x00000084e3700000,0x00000084e3800000] [id=4500]
  0x0000019626366870 GCTaskThread "GC Thread#1" [stack: 0x00000084e4a00000,0x00000084e4b00000] [id=8948]
  0x0000019626366b80 GCTaskThread "GC Thread#2" [stack: 0x00000084e4b00000,0x00000084e4c00000] [id=9252]
  0x0000019626d20430 GCTaskThread "GC Thread#3" [stack: 0x00000084e4c00000,0x00000084e4d00000] [id=7560]
  0x00000196263f72f0 GCTaskThread "GC Thread#4" [stack: 0x00000084e4d00000,0x00000084e4e00000] [id=9988]
  0x0000019627507cd0 GCTaskThread "GC Thread#5" [stack: 0x00000084e5d00000,0x00000084e5e00000] [id=6836]
  0x00000196275076b0 GCTaskThread "GC Thread#6" [stack: 0x00000084e5e00000,0x00000084e5f00000] [id=5456]
  0x0000019627507fe0 GCTaskThread "GC Thread#7" [stack: 0x00000084e5f00000,0x00000084e6000000] [id=4284]
  0x00000196075747a0 ConcurrentGCThread "G1 Main Marker" [stack: 0x00000084e3800000,0x00000084e3900000] [id=7744]
  0x0000019607574fc0 ConcurrentGCThread "G1 Conc#0" [stack: 0x00000084e3900000,0x00000084e3a00000] [id=1172]
  0x00000196275082f0 ConcurrentGCThread "G1 Conc#1" [stack: 0x00000084e6500000,0x00000084e6600000] [id=7348]
  0x00000196075f3570 ConcurrentGCThread "G1 Refine#0" [stack: 0x00000084e3a00000,0x00000084e3b00000] [id=4344]
  0x0000019625470090 ConcurrentGCThread "G1 Service" [stack: 0x00000084e3b00000,0x00000084e3c00000] [id=12016]

Threads with active compile tasks:
C2 CompilerThread0     7939 7522       4       java.lang.Class::annotationData (44 bytes)
C2 CompilerThread1     7939 7727       4       java.util.regex.Matcher::appendExpandedReplacement (510 bytes)

VM state: at safepoint (normal execution)

VM Mutex/Monitor currently owned by a thread:  ([mutex/lock_event])
[0x000001960751b7f0] Threads_lock - owner thread: 0x00000196255b0390
[0x000001960751b130] Heap_lock - owner thread: 0x000001962775fa60

Heap address: 0x0000000080000000, size: 2048 MB, Compressed Oops mode: 32-bit

CDS archive(s) mapped at: [0x0000000800000000-0x0000000800bb0000-0x0000000800bb0000), size 12255232, SharedBaseAddress: 0x0000000800000000, ArchiveRelocationMode: 0.
Compressed class space mapped at: 0x0000000800c00000-0x0000000840c00000, reserved size: 1073741824
Narrow klass base: 0x0000000800000000, Narrow klass shift: 3, Narrow klass range: 0x100000000

GC Precious Log:
 CPUs: 8 total, 8 available
 Memory: 7959M
 Large Page Support: Disabled
 NUMA Support: Disabled
 Compressed Oops: Enabled (32-bit)
 Heap Region Size: 1M
 Heap Min Capacity: 8M
 Heap Initial Capacity: 126M
 Heap Max Capacity: 2G
 Pre-touch: Disabled
 Parallel Workers: 8
 Concurrent Workers: 2
 Concurrent Refinement Workers: 8
 Periodic GC: Disabled

Heap:
 garbage-first heap   total 106496K, used 62299K [0x0000000080000000, 0x0000000100000000)
  region size 1024K, 4 young (4096K), 4 survivors (4096K)
 Metaspace       used 68765K, committed 69312K, reserved 1114112K
  class space    used 9288K, committed 9536K, reserved 1048576K

Heap Regions: E=young(eden), S=young(survivor), O=old, HS=humongous(starts), HC=humongous(continues), CS=collection set, F=free, OA=open archive, CA=closed archive, TAMS=top-at-mark-start (previous, next)
|   0|0x0000000080000000, 0x0000000080100000, 0x0000000080100000|100%| O|  |TAMS 0x0000000080100000, 0x0000000080100000| Untracked 
|   1|0x0000000080100000, 0x0000000080200000, 0x0000000080200000|100%| O|  |TAMS 0x0000000080200000, 0x0000000080200000| Untracked 
|   2|0x0000000080200000, 0x0000000080300000, 0x0000000080300000|100%| O|  |TAMS 0x0000000080300000, 0x0000000080300000| Untracked 
|   3|0x0000000080300000, 0x0000000080400000, 0x0000000080400000|100%|HS|  |TAMS 0x0000000080400000, 0x0000000080400000| Complete 
|   4|0x0000000080400000, 0x0000000080500000, 0x0000000080500000|100%|HC|  |TAMS 0x0000000080500000, 0x0000000080500000| Complete 
|   5|0x0000000080500000, 0x0000000080600000, 0x0000000080600000|100%|HC|  |TAMS 0x0000000080600000, 0x0000000080600000| Complete 
|   6|0x0000000080600000, 0x0000000080700000, 0x0000000080700000|100%| O|  |TAMS 0x0000000080700000, 0x0000000080700000| Untracked 
|   7|0x0000000080700000, 0x0000000080800000, 0x0000000080800000|100%| O|  |TAMS 0x0000000080800000, 0x0000000080800000| Untracked 
|   8|0x0000000080800000, 0x0000000080900000, 0x0000000080900000|100%| O|  |TAMS 0x0000000080900000, 0x0000000080900000| Untracked 
|   9|0x0000000080900000, 0x0000000080a00000, 0x0000000080a00000|100%| O|  |TAMS 0x0000000080a00000, 0x0000000080a00000| Untracked 
|  10|0x0000000080a00000, 0x0000000080b00000, 0x0000000080b00000|100%| O|  |TAMS 0x0000000080b00000, 0x0000000080b00000| Untracked 
|  11|0x0000000080b00000, 0x0000000080c00000, 0x0000000080c00000|100%| O|  |TAMS 0x0000000080c00000, 0x0000000080c00000| Untracked 
|  12|0x0000000080c00000, 0x0000000080d00000, 0x0000000080d00000|100%| O|  |TAMS 0x0000000080d00000, 0x0000000080d00000| Untracked 
|  13|0x0000000080d00000, 0x0000000080e00000, 0x0000000080e00000|100%| O|  |TAMS 0x0000000080e00000, 0x0000000080e00000| Untracked 
|  14|0x0000000080e00000, 0x0000000080f00000, 0x0000000080f00000|100%| O|  |TAMS 0x0000000080f00000, 0x0000000080f00000| Untracked 
|  15|0x0000000080f00000, 0x0000000081000000, 0x0000000081000000|100%| O|  |TAMS 0x0000000081000000, 0x0000000081000000| Untracked 
|  16|0x0000000081000000, 0x0000000081100000, 0x0000000081100000|100%| O|  |TAMS 0x0000000081100000, 0x0000000081100000| Untracked 
|  17|0x0000000081100000, 0x0000000081200000, 0x0000000081200000|100%| O|  |TAMS 0x0000000081200000, 0x0000000081200000| Untracked 
|  18|0x0000000081200000, 0x0000000081223c00, 0x0000000081300000| 13%| O|  |TAMS 0x0000000081223c00, 0x0000000081223c00| Untracked 
|  19|0x0000000081300000, 0x0000000081400000, 0x0000000081400000|100%| O|  |TAMS 0x0000000081400000, 0x0000000081400000| Untracked 
|  20|0x0000000081400000, 0x0000000081500000, 0x0000000081500000|100%| O|  |TAMS 0x0000000081500000, 0x0000000081500000| Untracked 
|  21|0x0000000081500000, 0x0000000081600000, 0x0000000081600000|100%| O|  |TAMS 0x0000000081600000, 0x0000000081600000| Untracked 
|  22|0x0000000081600000, 0x0000000081700000, 0x0000000081700000|100%| O|  |TAMS 0x0000000081700000, 0x0000000081700000| Untracked 
|  23|0x0000000081700000, 0x0000000081800000, 0x0000000081800000|100%| O|  |TAMS 0x0000000081800000, 0x0000000081800000| Untracked 
|  24|0x0000000081800000, 0x0000000081900000, 0x0000000081900000|100%| O|  |TAMS 0x0000000081900000, 0x0000000081900000| Untracked 
|  25|0x0000000081900000, 0x0000000081a00000, 0x0000000081a00000|100%| O|  |TAMS 0x0000000081a00000, 0x0000000081a00000| Untracked 
|  26|0x0000000081a00000, 0x0000000081b00000, 0x0000000081b00000|100%|HS|  |TAMS 0x0000000081b00000, 0x0000000081b00000| Complete 
|  27|0x0000000081b00000, 0x0000000081c00000, 0x0000000081c00000|100%|HS|  |TAMS 0x0000000081c00000, 0x0000000081c00000| Complete 
|  28|0x0000000081c00000, 0x0000000081d00000, 0x0000000081d00000|100%| O|  |TAMS 0x0000000081d00000, 0x0000000081d00000| Untracked 
|  29|0x0000000081d00000, 0x0000000081e00000, 0x0000000081e00000|100%| O|  |TAMS 0x0000000081e00000, 0x0000000081e00000| Untracked 
|  30|0x0000000081e00000, 0x0000000081f00000, 0x0000000081f00000|100%| O|  |TAMS 0x0000000081f00000, 0x0000000081f00000| Untracked 
|  31|0x0000000081f00000, 0x0000000082000000, 0x0000000082000000|100%| O|  |TAMS 0x0000000082000000, 0x0000000082000000| Untracked 
|  32|0x0000000082000000, 0x0000000082100000, 0x0000000082100000|100%| O|  |TAMS 0x0000000082100000, 0x0000000082100000| Untracked 
|  33|0x0000000082100000, 0x0000000082200000, 0x0000000082200000|100%| O|  |TAMS 0x0000000082200000, 0x0000000082200000| Untracked 
|  34|0x0000000082200000, 0x0000000082300000, 0x0000000082300000|100%| O|  |TAMS 0x0000000082300000, 0x0000000082300000| Untracked 
|  35|0x0000000082300000, 0x0000000082400000, 0x0000000082400000|100%| O|  |TAMS 0x0000000082400000, 0x0000000082400000| Untracked 
|  36|0x0000000082400000, 0x0000000082500000, 0x0000000082500000|100%| O|  |TAMS 0x0000000082500000, 0x0000000082500000| Untracked 
|  37|0x0000000082500000, 0x0000000082600000, 0x0000000082600000|100%|HS|  |TAMS 0x0000000082600000, 0x0000000082600000| Complete 
|  38|0x0000000082600000, 0x0000000082700000, 0x0000000082700000|100%|HC|  |TAMS 0x0000000082700000, 0x0000000082700000| Complete 
|  39|0x0000000082700000, 0x0000000082800000, 0x0000000082800000|100%| O|  |TAMS 0x0000000082800000, 0x0000000082800000| Untracked 
|  40|0x0000000082800000, 0x0000000082900000, 0x0000000082900000|100%| O|  |TAMS 0x0000000082900000, 0x0000000082900000| Untracked 
|  41|0x0000000082900000, 0x0000000082a00000, 0x0000000082a00000|100%| O|  |TAMS 0x0000000082a00000, 0x0000000082a00000| Untracked 
|  42|0x0000000082a00000, 0x0000000082b00000, 0x0000000082b00000|100%| O|  |TAMS 0x0000000082b00000, 0x0000000082b00000| Untracked 
|  43|0x0000000082b00000, 0x0000000082c00000, 0x0000000082c00000|100%| O|  |TAMS 0x0000000082c00000, 0x0000000082c00000| Untracked 
|  44|0x0000000082c00000, 0x0000000082d00000, 0x0000000082d00000|100%| O|  |TAMS 0x0000000082d00000, 0x0000000082d00000| Untracked 
|  45|0x0000000082d00000, 0x0000000082e00000, 0x0000000082e00000|100%| O|  |TAMS 0x0000000082e00000, 0x0000000082e00000| Untracked 
|  46|0x0000000082e00000, 0x0000000082f00000, 0x0000000082f00000|100%| O|  |TAMS 0x0000000082f00000, 0x0000000082f00000| Untracked 
|  47|0x0000000082f00000, 0x0000000083000000, 0x0000000083000000|100%| O|  |TAMS 0x0000000083000000, 0x0000000083000000| Untracked 
|  48|0x0000000083000000, 0x0000000083100000, 0x0000000083100000|100%| O|  |TAMS 0x0000000083100000, 0x0000000083100000| Untracked 
|  49|0x0000000083100000, 0x0000000083200000, 0x0000000083200000|100%| O|  |TAMS 0x0000000083200000, 0x0000000083200000| Untracked 
|  50|0x0000000083200000, 0x0000000083300000, 0x0000000083300000|100%| O|  |TAMS 0x0000000083300000, 0x0000000083300000| Untracked 
|  51|0x0000000083300000, 0x0000000083400000, 0x0000000083400000|100%| O|  |TAMS 0x0000000083400000, 0x0000000083400000| Untracked 
|  52|0x0000000083400000, 0x0000000083500000, 0x0000000083500000|100%| O|  |TAMS 0x0000000083500000, 0x0000000083500000| Untracked 
|  53|0x0000000083500000, 0x0000000083600000, 0x0000000083600000|100%| O|  |TAMS 0x0000000083518000, 0x0000000083600000| Untracked 
|  54|0x0000000083600000, 0x0000000083700000, 0x0000000083700000|100%| O|  |TAMS 0x0000000083600000, 0x0000000083700000| Untracked 
|  55|0x0000000083700000, 0x0000000083800000, 0x0000000083800000|100%| O|  |TAMS 0x0000000083700000, 0x0000000083800000| Untracked 
|  56|0x0000000083800000, 0x0000000083900000, 0x0000000083900000|100%| O|  |TAMS 0x0000000083800000, 0x0000000083874e00| Untracked 
|  57|0x0000000083900000, 0x0000000083a00000, 0x0000000083a00000|100%| O|  |TAMS 0x0000000083900000, 0x0000000083900000| Untracked 
|  58|0x0000000083a00000, 0x0000000083a3c000, 0x0000000083b00000| 23%| O|  |TAMS 0x0000000083a00000, 0x0000000083a00000| Untracked 
|  59|0x0000000083b00000, 0x0000000083b00000, 0x0000000083c00000|  0%| F|  |TAMS 0x0000000083b00000, 0x0000000083b00000| Untracked 
|  60|0x0000000083c00000, 0x0000000083c00000, 0x0000000083d00000|  0%| F|  |TAMS 0x0000000083c00000, 0x0000000083c00000| Untracked 
|  61|0x0000000083d00000, 0x0000000083d00000, 0x0000000083e00000|  0%| F|  |TAMS 0x0000000083d00000, 0x0000000083d00000| Untracked 
|  62|0x0000000083e00000, 0x0000000083e00000, 0x0000000083f00000|  0%| F|  |TAMS 0x0000000083e00000, 0x0000000083e00000| Untracked 
|  63|0x0000000083f00000, 0x0000000083f00000, 0x0000000084000000|  0%| F|  |TAMS 0x0000000083f00000, 0x0000000083f00000| Untracked 
|  64|0x0000000084000000, 0x0000000084000000, 0x0000000084100000|  0%| F|  |TAMS 0x0000000084000000, 0x0000000084000000| Untracked 
|  65|0x0000000084100000, 0x0000000084100000, 0x0000000084200000|  0%| F|  |TAMS 0x0000000084100000, 0x0000000084100000| Untracked 
|  66|0x0000000084200000, 0x0000000084200000, 0x0000000084300000|  0%| F|  |TAMS 0x0000000084200000, 0x0000000084200000| Untracked 
|  67|0x0000000084300000, 0x0000000084300000, 0x0000000084400000|  0%| F|  |TAMS 0x0000000084300000, 0x0000000084300000| Untracked 
|  68|0x0000000084400000, 0x0000000084400000, 0x0000000084500000|  0%| F|  |TAMS 0x0000000084400000, 0x0000000084400000| Untracked 
|  69|0x0000000084500000, 0x0000000084500000, 0x0000000084600000|  0%| F|  |TAMS 0x0000000084500000, 0x0000000084500000| Untracked 
|  70|0x0000000084600000, 0x0000000084600000, 0x0000000084700000|  0%| F|  |TAMS 0x0000000084600000, 0x0000000084600000| Untracked 
|  71|0x0000000084700000, 0x00000000847770a8, 0x0000000084800000| 46%| S|CS|TAMS 0x0000000084700000, 0x0000000084700000| Complete 
|  72|0x0000000084800000, 0x0000000084900000, 0x0000000084900000|100%| S|CS|TAMS 0x0000000084800000, 0x0000000084800000| Complete 
|  73|0x0000000084900000, 0x0000000084a00000, 0x0000000084a00000|100%| S|CS|TAMS 0x0000000084900000, 0x0000000084900000| Complete 
|  74|0x0000000084a00000, 0x0000000084b00000, 0x0000000084b00000|100%| S|CS|TAMS 0x0000000084a00000, 0x0000000084a00000| Complete 
|  75|0x0000000084b00000, 0x0000000084b00000, 0x0000000084c00000|  0%| F|  |TAMS 0x0000000084b00000, 0x0000000084b00000| Untracked 
|  76|0x0000000084c00000, 0x0000000084c00000, 0x0000000084d00000|  0%| F|  |TAMS 0x0000000084c00000, 0x0000000084c00000| Untracked 
|  77|0x0000000084d00000, 0x0000000084d00000, 0x0000000084e00000|  0%| F|  |TAMS 0x0000000084d00000, 0x0000000084d00000| Untracked 
|  78|0x0000000084e00000, 0x0000000084e00000, 0x0000000084f00000|  0%| F|  |TAMS 0x0000000084e00000, 0x0000000084e00000| Untracked 
|  79|0x0000000084f00000, 0x0000000084f00000, 0x0000000085000000|  0%| F|  |TAMS 0x0000000084f00000, 0x0000000084f00000| Untracked 
|  80|0x0000000085000000, 0x0000000085000000, 0x0000000085100000|  0%| F|  |TAMS 0x0000000085000000, 0x0000000085000000| Untracked 
|  81|0x0000000085100000, 0x0000000085100000, 0x0000000085200000|  0%| F|  |TAMS 0x0000000085100000, 0x0000000085100000| Untracked 
|  82|0x0000000085200000, 0x0000000085200000, 0x0000000085300000|  0%| F|  |TAMS 0x0000000085200000, 0x0000000085200000| Untracked 
|  83|0x0000000085300000, 0x0000000085300000, 0x0000000085400000|  0%| F|  |TAMS 0x0000000085300000, 0x0000000085300000| Untracked 
|  84|0x0000000085400000, 0x0000000085400000, 0x0000000085500000|  0%| F|  |TAMS 0x0000000085400000, 0x0000000085400000| Untracked 
|  85|0x0000000085500000, 0x0000000085500000, 0x0000000085600000|  0%| F|  |TAMS 0x0000000085500000, 0x0000000085500000| Untracked 
|  86|0x0000000085600000, 0x0000000085600000, 0x0000000085700000|  0%| F|  |TAMS 0x0000000085600000, 0x0000000085600000| Untracked 
|  87|0x0000000085700000, 0x0000000085700000, 0x0000000085800000|  0%| F|  |TAMS 0x0000000085700000, 0x0000000085700000| Untracked 
|  88|0x0000000085800000, 0x0000000085800000, 0x0000000085900000|  0%| F|  |TAMS 0x0000000085800000, 0x0000000085800000| Untracked 
|  89|0x0000000085900000, 0x0000000085900000, 0x0000000085a00000|  0%| F|  |TAMS 0x0000000085900000, 0x0000000085900000| Untracked 
|  90|0x0000000085a00000, 0x0000000085a00000, 0x0000000085b00000|  0%| F|  |TAMS 0x0000000085a00000, 0x0000000085a00000| Untracked 
|  91|0x0000000085b00000, 0x0000000085b00000, 0x0000000085c00000|  0%| F|  |TAMS 0x0000000085b00000, 0x0000000085b00000| Untracked 
|  92|0x0000000085c00000, 0x0000000085c00000, 0x0000000085d00000|  0%| F|  |TAMS 0x0000000085c00000, 0x0000000085c00000| Untracked 
|  93|0x0000000085d00000, 0x0000000085d00000, 0x0000000085e00000|  0%| F|  |TAMS 0x0000000085d00000, 0x0000000085d00000| Untracked 
|  94|0x0000000085e00000, 0x0000000085e00000, 0x0000000085f00000|  0%| F|  |TAMS 0x0000000085e00000, 0x0000000085e00000| Untracked 
|  95|0x0000000085f00000, 0x0000000085f00000, 0x0000000086000000|  0%| F|  |TAMS 0x0000000085f00000, 0x0000000085f00000| Untracked 
|  96|0x0000000086000000, 0x0000000086000000, 0x0000000086100000|  0%| F|  |TAMS 0x0000000086000000, 0x0000000086000000| Untracked 
|  97|0x0000000086100000, 0x0000000086100000, 0x0000000086200000|  0%| F|  |TAMS 0x0000000086100000, 0x0000000086100000| Untracked 
|  98|0x0000000086200000, 0x0000000086200000, 0x0000000086300000|  0%| F|  |TAMS 0x0000000086200000, 0x0000000086200000| Untracked 
|  99|0x0000000086300000, 0x0000000086300000, 0x0000000086400000|  0%| F|  |TAMS 0x0000000086300000, 0x0000000086300000| Untracked 
| 100|0x0000000086400000, 0x0000000086400000, 0x0000000086500000|  0%| F|  |TAMS 0x0000000086400000, 0x0000000086400000| Untracked 
| 101|0x0000000086500000, 0x0000000086500000, 0x0000000086600000|  0%| F|  |TAMS 0x0000000086500000, 0x0000000086500000| Untracked 
| 102|0x0000000086600000, 0x0000000086600000, 0x0000000086700000|  0%| F|  |TAMS 0x0000000086600000, 0x0000000086600000| Untracked 
| 125|0x0000000087d00000, 0x0000000087d00000, 0x0000000087e00000|  0%| F|  |TAMS 0x0000000087d00000, 0x0000000087d00000| Untracked 

Card table byte_map: [0x000001961e3e0000,0x000001961e7e0000] _byte_map_base: 0x000001961dfe0000

Marking Bits (Prev, Next): (CMBitMap*) 0x0000019607562e00, (CMBitMap*) 0x0000019607562dc0
 Prev Bits: [0x0000019620be0000, 0x0000019622be0000)
 Next Bits: [0x000001961ebe0000, 0x0000019620be0000)

Polling page: 0x0000019605480000

Metaspace:

Usage:
  Non-class:     58.08 MB used.
      Class:      9.07 MB used.
       Both:     67.15 MB used.

Virtual space:
  Non-class space:       64.00 MB reserved,      58.38 MB ( 91%) committed,  8 nodes.
      Class space:        1.00 GB reserved,       9.31 MB ( <1%) committed,  1 nodes.
              Both:        1.06 GB reserved,      67.69 MB (  6%) committed. 

Chunk freelists:
   Non-Class:  848.00 KB
       Class:  2.51 MB
        Both:  3.33 MB

MaxMetaspaceSize: 17179869184.00 GB
CompressedClassSpaceSize: 1.00 GB
 - commit_granule_bytes: 65536.
 - commit_granule_words: 8192.
 - virtual_space_node_default_size: 1048576.
 - enlarge_chunks_in_place: 1.
 - new_chunks_are_fully_committed: 0.
 - uncommit_free_chunks: 1.
 - use_allocation_guard: 0.
 - handle_deallocations: 1.


Internal statistics:

num_allocs_failed_limit: 6.
num_arena_births: 622.
num_arena_deaths: 0.
num_vsnodes_births: 9.
num_vsnodes_deaths: 0.
num_space_committed: 1083.
num_space_uncommitted: 0.
num_chunks_returned_to_freelist: 6.
num_chunks_taken_from_freelist: 3293.
num_chunk_merges: 6.
num_chunk_splits: 2211.
num_chunks_enlarged: 1535.
num_purges: 0.

CodeHeap 'non-profiled nmethods': size=120000Kb used=4408Kb max_used=4408Kb free=115591Kb
 bounds [0x0000019616770000, 0x0000019616bc0000, 0x000001961dca0000]
CodeHeap 'profiled nmethods': size=120000Kb used=13403Kb max_used=13403Kb free=106596Kb
 bounds [0x000001960f240000, 0x000001960ff60000, 0x0000019616770000]
CodeHeap 'non-nmethods': size=5760Kb used=2391Kb max_used=2455Kb free=3368Kb
 bounds [0x000001960eca0000, 0x000001960ef10000, 0x000001960f240000]
 total_blobs=7814 nmethods=6915 adapters=811
 compilation: enabled
              stopped_count=0, restarted_count=0
 full_count=0

Compilation events (20 events):
Event: 7.891 Thread 0x00000196255de6e0 7724       4       java.lang.AbstractStringBuilder::appendChars (207 bytes)
Event: 7.892 Thread 0x00000196255df200 7728       1       com.sun.org.apache.xerces.internal.util.XMLAttributesImpl::getLength (5 bytes)
Event: 7.892 Thread 0x00000196255df200 nmethod 7728 0x0000019616bb9510 code [0x0000019616bb96a0, 0x0000019616bb9778]
Event: 7.893 Thread 0x00000196255df200 7729       3       com.sun.org.apache.xerces.internal.impl.XMLEntityScanner::peekChar (63 bytes)
Event: 7.893 Thread 0x00000196255df200 nmethod 7729 0x000001960ff57610 code [0x000001960ff577e0, 0x000001960ff57a88]
Event: 7.895 Thread 0x00000196255e02b0 nmethod 7703 0x0000019616bb9810 code [0x0000019616bb99e0, 0x0000019616bba688]
Event: 7.895 Thread 0x00000196255e02b0 7726       4       java.util.regex.Matcher::find (69 bytes)
Event: 7.898 Thread 0x00000196255df200 7730       1       com.google.gson.reflect.TypeToken::getType (5 bytes)
Event: 7.898 Thread 0x00000196255df200 nmethod 7730 0x0000019616bbad10 code [0x0000019616bbaea0, 0x0000019616bbaf78]
Event: 7.900 Thread 0x00000196255de6e0 nmethod 7724 0x0000019616bbb010 code [0x0000019616bbb1c0, 0x0000019616bbb8e8]
Event: 7.900 Thread 0x00000196255de6e0 7704       4       java.util.regex.Pattern$NotBehind::match (137 bytes)
Event: 7.905 Thread 0x00000196255de6e0 nmethod 7704 0x0000019616bbbc90 code [0x0000019616bbbe60, 0x0000019616bbc338]
Event: 7.905 Thread 0x00000196255de6e0 7727       4       java.util.regex.Matcher::appendExpandedReplacement (510 bytes)
Event: 7.906 Thread 0x00000196255e02b0 nmethod 7726 0x0000019616bbc890 code [0x0000019616bbca60, 0x0000019616bbd118]
Event: 7.906 Thread 0x00000196255e02b0 7725       4       java.util.regex.Matcher::appendReplacement (75 bytes)
Event: 7.906 Thread 0x00000196255df200 7731       3       org.gradle.api.internal.DefaultDomainObjectSet_Decorated::isEmpty (45 bytes)
Event: 7.907 Thread 0x00000196255df200 nmethod 7731 0x000001960ff57c10 code [0x000001960ff57e40, 0x000001960ff58538]
Event: 7.908 Thread 0x00000196255e02b0 nmethod 7725 0x0000019616bbd690 code [0x0000019616bbd840, 0x0000019616bbdb28]
Event: 7.908 Thread 0x00000196255e02b0 7706       4       java.lang.StringBuilder::length (5 bytes)
Event: 7.908 Thread 0x00000196255e02b0 nmethod 7706 0x0000019616bbdd90 code [0x0000019616bbdf00, 0x0000019616bbdf78]

GC Heap History (20 events):
Event: 5.210 GC heap after
{Heap after GC invocations=18 (full 0):
 garbage-first heap   total 95232K, used 45575K [0x0000000080000000, 0x0000000100000000)
  region size 1024K, 2 young (2048K), 2 survivors (2048K)
 Metaspace       used 45800K, committed 46208K, reserved 1089536K
  class space    used 6146K, committed 6336K, reserved 1048576K
}
Event: 5.485 GC heap before
{Heap before GC invocations=18 (full 0):
 garbage-first heap   total 95232K, used 67079K [0x0000000080000000, 0x0000000100000000)
  region size 1024K, 23 young (23552K), 2 survivors (2048K)
 Metaspace       used 49121K, committed 49536K, reserved 1097728K
  class space    used 6529K, committed 6720K, reserved 1048576K
}
Event: 5.487 GC heap after
{Heap after GC invocations=19 (full 0):
 garbage-first heap   total 95232K, used 46529K [0x0000000080000000, 0x0000000100000000)
  region size 1024K, 3 young (3072K), 3 survivors (3072K)
 Metaspace       used 49121K, committed 49536K, reserved 1097728K
  class space    used 6529K, committed 6720K, reserved 1048576K
}
Event: 5.763 GC heap before
{Heap before GC invocations=20 (full 0):
 garbage-first heap   total 95232K, used 68033K [0x0000000080000000, 0x0000000100000000)
  region size 1024K, 25 young (25600K), 3 survivors (3072K)
 Metaspace       used 52595K, committed 53056K, reserved 1097728K
  class space    used 6940K, committed 7168K, reserved 1048576K
}
Event: 5.767 GC heap after
{Heap after GC invocations=21 (full 0):
 garbage-first heap   total 95232K, used 49094K [0x0000000080000000, 0x0000000100000000)
  region size 1024K, 4 young (4096K), 4 survivors (4096K)
 Metaspace       used 52595K, committed 53056K, reserved 1097728K
  class space    used 6940K, committed 7168K, reserved 1048576K
}
Event: 5.997 GC heap before
{Heap before GC invocations=21 (full 0):
 garbage-first heap   total 95232K, used 71622K [0x0000000080000000, 0x0000000100000000)
  region size 1024K, 26 young (26624K), 4 survivors (4096K)
 Metaspace       used 54503K, committed 55040K, reserved 1097728K
  class space    used 7170K, committed 7424K, reserved 1048576K
}
Event: 6.000 GC heap after
{Heap after GC invocations=22 (full 0):
 garbage-first heap   total 95232K, used 51194K [0x0000000080000000, 0x0000000100000000)
  region size 1024K, 3 young (3072K), 3 survivors (3072K)
 Metaspace       used 54503K, committed 55040K, reserved 1097728K
  class space    used 7170K, committed 7424K, reserved 1048576K
}
Event: 6.107 GC heap before
{Heap before GC invocations=23 (full 0):
 garbage-first heap   total 95232K, used 57338K [0x0000000080000000, 0x0000000100000000)
  region size 1024K, 11 young (11264K), 3 survivors (3072K)
 Metaspace       used 55318K, committed 55808K, reserved 1097728K
  class space    used 7253K, committed 7488K, reserved 1048576K
}
Event: 6.110 GC heap after
{Heap after GC invocations=24 (full 0):
 garbage-first heap   total 95232K, used 52094K [0x0000000080000000, 0x0000000100000000)
  region size 1024K, 1 young (1024K), 1 survivors (1024K)
 Metaspace       used 55318K, committed 55808K, reserved 1097728K
  class space    used 7253K, committed 7488K, reserved 1048576K
}
Event: 6.354 GC heap before
{Heap before GC invocations=25 (full 0):
 garbage-first heap   total 96256K, used 75646K [0x0000000080000000, 0x0000000100000000)
  region size 1024K, 23 young (23552K), 1 survivors (1024K)
 Metaspace       used 56096K, committed 56576K, reserved 1105920K
  class space    used 7378K, committed 7616K, reserved 1048576K
}
Event: 6.356 GC heap after
{Heap after GC invocations=26 (full 0):
 garbage-first heap   total 96256K, used 53529K [0x0000000080000000, 0x0000000100000000)
  region size 1024K, 3 young (3072K), 3 survivors (3072K)
 Metaspace       used 56096K, committed 56576K, reserved 1105920K
  class space    used 7378K, committed 7616K, reserved 1048576K
}
Event: 6.557 GC heap before
{Heap before GC invocations=26 (full 0):
 garbage-first heap   total 96256K, used 76057K [0x0000000080000000, 0x0000000100000000)
  region size 1024K, 25 young (25600K), 3 survivors (3072K)
 Metaspace       used 57594K, committed 58048K, reserved 1105920K
  class space    used 7572K, committed 7808K, reserved 1048576K
}
Event: 6.560 GC heap after
{Heap after GC invocations=27 (full 0):
 garbage-first heap   total 96256K, used 55636K [0x0000000080000000, 0x0000000100000000)
  region size 1024K, 4 young (4096K), 4 survivors (4096K)
 Metaspace       used 57594K, committed 58048K, reserved 1105920K
  class space    used 7572K, committed 7808K, reserved 1048576K
}
Event: 6.894 GC heap before
{Heap before GC invocations=28 (full 0):
 garbage-first heap   total 102400K, used 77140K [0x0000000080000000, 0x0000000100000000)
  region size 1024K, 25 young (25600K), 4 survivors (4096K)
 Metaspace       used 60356K, committed 60928K, reserved 1105920K
  class space    used 8100K, committed 8384K, reserved 1048576K
}
Event: 6.898 GC heap after
{Heap after GC invocations=29 (full 0):
 garbage-first heap   total 102400K, used 56966K [0x0000000080000000, 0x0000000100000000)
  region size 1024K, 4 young (4096K), 4 survivors (4096K)
 Metaspace       used 60356K, committed 60928K, reserved 1105920K
  class space    used 8100K, committed 8384K, reserved 1048576K
}
Event: 7.188 GC heap before
{Heap before GC invocations=29 (full 0):
 garbage-first heap   total 102400K, used 81542K [0x0000000080000000, 0x0000000100000000)
  region size 1024K, 28 young (28672K), 4 survivors (4096K)
 Metaspace       used 62882K, committed 63360K, reserved 1105920K
  class space    used 8474K, committed 8704K, reserved 1048576K
}
Event: 7.193 GC heap after
{Heap after GC invocations=30 (full 0):
 garbage-first heap   total 102400K, used 58819K [0x0000000080000000, 0x0000000100000000)
  region size 1024K, 4 young (4096K), 4 survivors (4096K)
 Metaspace       used 62882K, committed 63360K, reserved 1105920K
  class space    used 8474K, committed 8704K, reserved 1048576K
}
Event: 7.522 GC heap before
{Heap before GC invocations=31 (full 0):
 garbage-first heap   total 106496K, used 83395K [0x0000000080000000, 0x0000000100000000)
  region size 1024K, 28 young (28672K), 4 survivors (4096K)
 Metaspace       used 64682K, committed 65216K, reserved 1105920K
  class space    used 8713K, committed 8960K, reserved 1048576K
}
Event: 7.526 GC heap after
{Heap after GC invocations=32 (full 0):
 garbage-first heap   total 106496K, used 60465K [0x0000000080000000, 0x0000000100000000)
  region size 1024K, 4 young (4096K), 4 survivors (4096K)
 Metaspace       used 64682K, committed 65216K, reserved 1105920K
  class space    used 8713K, committed 8960K, reserved 1048576K
}
Event: 7.909 GC heap before
{Heap before GC invocations=32 (full 0):
 garbage-first heap   total 106496K, used 85041K [0x0000000080000000, 0x0000000100000000)
  region size 1024K, 29 young (29696K), 4 survivors (4096K)
 Metaspace       used 68765K, committed 69312K, reserved 1114112K
  class space    used 9288K, committed 9536K, reserved 1048576K
}

Deoptimization events (20 events):
Event: 7.868 Thread 0x000001962775fa60 DEOPT PACKING pc=0x000001960fce1e46 sp=0x00000084e55f89a0
Event: 7.868 Thread 0x000001962775fa60 DEOPT UNPACKING pc=0x000001960ecee77e sp=0x00000084e55f7e50 mode 0
Event: 7.868 Thread 0x000001962775fa60 DEOPT PACKING pc=0x000001960fce1e46 sp=0x00000084e55f89a0
Event: 7.868 Thread 0x000001962775fa60 DEOPT UNPACKING pc=0x000001960ecee77e sp=0x00000084e55f7e50 mode 0
Event: 7.868 Thread 0x000001962775fa60 DEOPT PACKING pc=0x000001960fce1e46 sp=0x00000084e55f89a0
Event: 7.868 Thread 0x000001962775fa60 DEOPT UNPACKING pc=0x000001960ecee77e sp=0x00000084e55f7e50 mode 0
Event: 7.868 Thread 0x000001962775fa60 DEOPT PACKING pc=0x000001960fce1e46 sp=0x00000084e55f89a0
Event: 7.868 Thread 0x000001962775fa60 DEOPT UNPACKING pc=0x000001960ecee77e sp=0x00000084e55f7e50 mode 0
Event: 7.868 Thread 0x000001962775fa60 DEOPT PACKING pc=0x000001960fce1e46 sp=0x00000084e55f89a0
Event: 7.868 Thread 0x000001962775fa60 DEOPT UNPACKING pc=0x000001960ecee77e sp=0x00000084e55f7e50 mode 0
Event: 7.868 Thread 0x000001962775fa60 DEOPT PACKING pc=0x000001960fce1e46 sp=0x00000084e55f89a0
Event: 7.868 Thread 0x000001962775fa60 DEOPT UNPACKING pc=0x000001960ecee77e sp=0x00000084e55f7e50 mode 0
Event: 7.880 Thread 0x000001962775fa60 Uncommon trap: trap_request=0xffffff45 fr.pc=0x000001961685b7c0 relative=0x0000000000000280
Event: 7.880 Thread 0x000001962775fa60 Uncommon trap: reason=unstable_if action=reinterpret pc=0x000001961685b7c0 method=java.lang.CharacterDataLatin1.digit(II)I @ 12 c2
Event: 7.880 Thread 0x000001962775fa60 DEOPT PACKING pc=0x000001961685b7c0 sp=0x00000084e55f91c0
Event: 7.880 Thread 0x000001962775fa60 DEOPT UNPACKING pc=0x000001960ecef92e sp=0x00000084e55f8fe0 mode 2
Event: 7.892 Thread 0x000001962775fa60 Uncommon trap: trap_request=0xffffff45 fr.pc=0x0000019616859548 relative=0x00000000000000a8
Event: 7.892 Thread 0x000001962775fa60 Uncommon trap: reason=unstable_if action=reinterpret pc=0x0000019616859548 method=java.lang.CharacterDataLatin1.digit(II)I @ 12 c2
Event: 7.892 Thread 0x000001962775fa60 DEOPT PACKING pc=0x0000019616859548 sp=0x00000084e55f9080
Event: 7.892 Thread 0x000001962775fa60 DEOPT UNPACKING pc=0x000001960ecef92e sp=0x00000084e55f8ff8 mode 2

Classes unloaded (0 events):
No events

Classes redefined (0 events):
No events

Internal exceptions (20 events):
Event: 6.427 Thread 0x000001962775fa60 Exception <a 'java/lang/ClassNotFoundException'{0x00000000852cbd88}: org/gradle/api/internal/artifacts/dsl/dependencies/DefaultDependencyHandlerCustomizer> (0x00000000852cbd88) 
thrown [t:\workspace\open\src\hotspot\share\classfile\systemDictionary.cpp, line 256]
Event: 6.429 Thread 0x000001962775fa60 Exception <a 'java/lang/ClassNotFoundException'{0x0000000085106668}: org/gradle/api/internal/artifacts/dsl/dependencies/DefaultDependencyHandler_DecoratedCustomizer> (0x0000000085106668) 
thrown [t:\workspace\open\src\hotspot\share\classfile\systemDictionary.cpp, line 256]
Event: 7.049 Thread 0x000001962775fa60 Exception <a 'java/lang/ClassNotFoundException'{0x000000008556ae80}: com/android/build/gradle/internal/api/ApkVariantOutputImpl_DecoratedBeanInfo> (0x000000008556ae80) 
thrown [t:\workspace\open\src\hotspot\share\classfile\systemDictionary.cpp, line 256]
Event: 7.049 Thread 0x000001962775fa60 Exception <a 'java/lang/ClassNotFoundException'{0x0000000085576480}: com/android/build/gradle/internal/api/ApkVariantOutputImplBeanInfo> (0x0000000085576480) 
thrown [t:\workspace\open\src\hotspot\share\classfile\systemDictionary.cpp, line 256]
Event: 7.049 Thread 0x000001962775fa60 Exception <a 'java/lang/ClassNotFoundException'{0x0000000085581d18}: com/android/build/gradle/internal/api/BaseVariantOutputImplBeanInfo> (0x0000000085581d18) 
thrown [t:\workspace\open\src\hotspot\share\classfile\systemDictionary.cpp, line 256]
Event: 7.050 Thread 0x000001962775fa60 Exception <a 'java/lang/ClassNotFoundException'{0x000000008558d300}: com/android/build/gradle/internal/api/BaseVariantOutputImplCustomizer> (0x000000008558d300) 
thrown [t:\workspace\open\src\hotspot\share\classfile\systemDictionary.cpp, line 256]
Event: 7.051 Thread 0x000001962775fa60 Exception <a 'java/lang/ClassNotFoundException'{0x00000000855aafd8}: com/android/build/gradle/internal/api/ApkVariantOutputImplCustomizer> (0x00000000855aafd8) 
thrown [t:\workspace\open\src\hotspot\share\classfile\systemDictionary.cpp, line 256]
Event: 7.052 Thread 0x000001962775fa60 Exception <a 'java/lang/ClassNotFoundException'{0x00000000855c4060}: com/android/build/gradle/internal/api/ApkVariantOutputImpl_DecoratedCustomizer> (0x00000000855c4060) 
thrown [t:\workspace\open\src\hotspot\share\classfile\systemDictionary.cpp, line 256]
Event: 7.062 Thread 0x000001962775fa60 Exception <a 'java/lang/NoClassDefFoundError'{0x00000000854ba100}: org/jetbrains/kotlin/gradle/plugin/KotlinBasePluginWrapper> (0x00000000854ba100) 
thrown [t:\workspace\open\src\hotspot\share\classfile\systemDictionary.cpp, line 245]
Event: 7.102 Thread 0x000001962775fa60 Implicit null exception at 0x0000019616a37a12 to 0x0000019616a38108
Event: 7.102 Thread 0x000001962775fa60 Implicit null exception at 0x0000019616a38994 to 0x0000019616a390f4
Event: 7.404 Thread 0x000001962775fa60 Exception <a 'java/lang/NoSuchMethodError'{0x0000000085828038}: 'java.lang.Object java.lang.invoke.DirectMethodHandle$Holder.newInvokeSpecial(java.lang.Object, java.lang.Object, int)'> (0x0000000085828038) 
thrown [t:\workspace\open\src\hotspot\share\interpreter\linkResolver.cpp, line 790]
Event: 7.590 Thread 0x000001962775fa60 Exception <a 'sun/nio/fs/WindowsException'{0x00000000865735f8}> (0x00000000865735f8) 
thrown [t:\workspace\open\src\hotspot\share\prims\jni.cpp, line 579]
Event: 7.590 Thread 0x000001962775fa60 Exception <a 'sun/nio/fs/WindowsException'{0x0000000086573b08}> (0x0000000086573b08) 
thrown [t:\workspace\open\src\hotspot\share\prims\jni.cpp, line 579]
Event: 7.681 Thread 0x000001962775fa60 Exception <a 'java/lang/NullPointerException'{0x0000000085ecee80}> (0x0000000085ecee80) 
thrown [t:\workspace\open\src\hotspot\share\interpreter\linkResolver.cpp, line 1468]
Event: 7.735 Thread 0x000001962775fa60 Implicit null exception at 0x0000019616794030 to 0x0000019616796148
Event: 7.884 Thread 0x000001962775fa60 Exception <a 'sun/nio/fs/WindowsException'{0x00000000850b89d0}> (0x00000000850b89d0) 
thrown [t:\workspace\open\src\hotspot\share\prims\jni.cpp, line 579]
Event: 7.885 Thread 0x000001962775fa60 Exception <a 'sun/nio/fs/WindowsException'{0x00000000850b9d60}> (0x00000000850b9d60) 
thrown [t:\workspace\open\src\hotspot\share\prims\jni.cpp, line 579]
Event: 7.885 Thread 0x000001962775fa60 Exception <a 'sun/nio/fs/WindowsException'{0x00000000850bb128}> (0x00000000850bb128) 
thrown [t:\workspace\open\src\hotspot\share\prims\jni.cpp, line 579]
Event: 7.885 Thread 0x000001962775fa60 Exception <a 'sun/nio/fs/WindowsException'{0x00000000850bc4f0}> (0x00000000850bc4f0) 
thrown [t:\workspace\open\src\hotspot\share\prims\jni.cpp, line 579]

Events (20 events):
Event: 7.871 loading class org/xml/sax/helpers/AttributesImpl done
Event: 7.871 loading class java/util/regex/Pattern$Behind
Event: 7.872 loading class java/util/regex/Pattern$Behind done
Event: 7.872 loading class java/util/regex/Pattern$Neg
Event: 7.872 loading class java/util/regex/Pattern$Neg done
Event: 7.880 loading class javax/xml/datatype/DatatypeConfigurationException
Event: 7.880 loading class javax/xml/datatype/DatatypeConfigurationException done
Event: 7.882 loading class com/sun/org/apache/xerces/internal/impl/io/MalformedByteSequenceException
Event: 7.882 loading class com/sun/org/apache/xerces/internal/impl/io/MalformedByteSequenceException done
Event: 7.885 loading class java/util/EnumMap$EntrySet
Event: 7.885 loading class java/util/EnumMap$EntrySet done
Event: 7.885 loading class java/util/EnumMap$EntryIterator
Event: 7.885 loading class java/util/EnumMap$EnumMapIterator
Event: 7.885 loading class java/util/EnumMap$EnumMapIterator done
Event: 7.885 loading class java/util/EnumMap$EntryIterator done
Event: 7.885 loading class java/util/EnumMap$EntryIterator$Entry
Event: 7.885 loading class java/util/EnumMap$EntryIterator$Entry done
Event: 7.896 Executing  VM operation: HandshakeAllThreads
Event: 7.896 Executing  VM operation: HandshakeAllThreads done
Event: 7.909 Executing  VM operation: G1CollectForAllocation


Dynamic libraries:
0x00007ff75d210000 - 0x00007ff75d220000 	C:\Program Files\Java\jdk-16.0.2\bin\java.exe
0x00007fff993d0000 - 0x00007fff995c8000 	C:\WINDOWS\SYSTEM32\ntdll.dll
0x00007fff97ca0000 - 0x00007fff97d5d000 	C:\WINDOWS\System32\KERNEL32.DLL
0x00007fff97160000 - 0x00007fff9742e000 	C:\WINDOWS\System32\KERNELBASE.dll
0x00007fff96af0000 - 0x00007fff96bf0000 	C:\WINDOWS\System32\ucrtbase.dll
0x00007fff8a160000 - 0x00007fff8a179000 	C:\Program Files\Java\jdk-16.0.2\bin\VCRUNTIME140.dll
0x00007fff8a250000 - 0x00007fff8a268000 	C:\Program Files\Java\jdk-16.0.2\bin\jli.dll
0x00007fff97d60000 - 0x00007fff97e0e000 	C:\WINDOWS\System32\ADVAPI32.dll
0x00007fff97c00000 - 0x00007fff97c9e000 	C:\WINDOWS\System32\msvcrt.dll
0x00007fff98090000 - 0x00007fff9812c000 	C:\WINDOWS\System32\sechost.dll
0x00007fff97e10000 - 0x00007fff97f35000 	C:\WINDOWS\System32\RPCRT4.dll
0x00007fff99070000 - 0x00007fff99210000 	C:\WINDOWS\System32\USER32.dll
0x00007fff96bf0000 - 0x00007fff96c12000 	C:\WINDOWS\System32\win32u.dll
0x00007fff7efe0000 - 0x00007fff7f27a000 	C:\WINDOWS\WinSxS\amd64_microsoft.windows.common-controls_6595b64144ccf1df_6.0.19041.1110_none_60b5254171f9507e\COMCTL32.dll
0x00007fff98060000 - 0x00007fff9808a000 	C:\WINDOWS\System32\GDI32.dll
0x00007fff96de0000 - 0x00007fff96eeb000 	C:\WINDOWS\System32\gdi32full.dll
0x00007fff96d40000 - 0x00007fff96ddd000 	C:\WINDOWS\System32\msvcp_win.dll
0x00007fff8f4b0000 - 0x00007fff8f4ba000 	C:\WINDOWS\SYSTEM32\VERSION.dll
0x00007fff98ef0000 - 0x00007fff98f20000 	C:\WINDOWS\System32\IMM32.DLL
0x00007fff91fa0000 - 0x00007fff91fac000 	C:\Program Files\Java\jdk-16.0.2\bin\vcruntime140_1.dll
0x00007fff63000000 - 0x00007fff63091000 	C:\Program Files\Java\jdk-16.0.2\bin\msvcp140.dll
0x00007fff24e30000 - 0x00007fff259db000 	C:\Program Files\Java\jdk-16.0.2\bin\server\jvm.dll
0x00007fff989e0000 - 0x00007fff989e8000 	C:\WINDOWS\System32\PSAPI.DLL
0x00007fff92050000 - 0x00007fff92059000 	C:\WINDOWS\SYSTEM32\WSOCK32.dll
0x00007fff94970000 - 0x00007fff94997000 	C:\WINDOWS\SYSTEM32\WINMM.dll
0x00007fff99320000 - 0x00007fff9938b000 	C:\WINDOWS\System32\WS2_32.dll
0x00007fff953b0000 - 0x00007fff953c2000 	C:\WINDOWS\SYSTEM32\kernel.appcore.dll
0x00007fff8e810000 - 0x00007fff8e81a000 	C:\Program Files\Java\jdk-16.0.2\bin\jimage.dll
0x00007fff94780000 - 0x00007fff94964000 	C:\WINDOWS\SYSTEM32\DBGHELP.DLL
0x00007fff94750000 - 0x00007fff9477c000 	C:\WINDOWS\SYSTEM32\dbgcore.DLL
0x00007fff96f20000 - 0x00007fff96fa2000 	C:\WINDOWS\System32\bcryptPrimitives.dll
0x00007fff6e480000 - 0x00007fff6e4a5000 	C:\Program Files\Java\jdk-16.0.2\bin\java.dll
0x00007fff98130000 - 0x00007fff98874000 	C:\WINDOWS\System32\SHELL32.dll
0x00007fff94bd0000 - 0x00007fff95364000 	C:\WINDOWS\SYSTEM32\windows.storage.dll
0x00007fff97890000 - 0x00007fff97be4000 	C:\WINDOWS\System32\combase.dll
0x00007fff96550000 - 0x00007fff96580000 	C:\WINDOWS\SYSTEM32\Wldp.dll
0x00007fff99210000 - 0x00007fff992bd000 	C:\WINDOWS\System32\SHCORE.dll
0x00007fff98900000 - 0x00007fff98955000 	C:\WINDOWS\System32\shlwapi.dll
0x00007fff96a30000 - 0x00007fff96a4f000 	C:\WINDOWS\SYSTEM32\profapi.dll
0x00007fff806f0000 - 0x00007fff80709000 	C:\Program Files\Java\jdk-16.0.2\bin\net.dll
0x00007fff81f00000 - 0x00007fff8200a000 	C:\WINDOWS\SYSTEM32\WINHTTP.dll
0x00007fff962b0000 - 0x00007fff9631a000 	C:\WINDOWS\system32\mswsock.dll
0x00007fff7de60000 - 0x00007fff7de73000 	C:\Program Files\Java\jdk-16.0.2\bin\nio.dll
0x00007fff7cd10000 - 0x00007fff7cd28000 	C:\Program Files\Java\jdk-16.0.2\bin\zip.dll
0x00007fff89aa0000 - 0x00007fff89ab0000 	C:\Program Files\Java\jdk-16.0.2\bin\verify.dll
0x00007fff6e360000 - 0x00007fff6e387000 	C:\Users\ITECH\.gradle\native\e1d6ef7f7dcc3fd88c89a11ec53ec762bb8ba0a96d01ffa2cd45eb1d1d8dd5c5\windows-amd64\native-platform.dll
0x00007fff62930000 - 0x00007fff62a74000 	C:\Users\ITECH\.gradle\native\5664cfc778a61ccfe75a443a1ab52a65af34e5dc3c78e0209fed803814484fcb\windows-amd64\native-platform-file-events.dll
0x00007fff83ed0000 - 0x00007fff83ed9000 	C:\Program Files\Java\jdk-16.0.2\bin\management.dll
0x00007fff82db0000 - 0x00007fff82dbb000 	C:\Program Files\Java\jdk-16.0.2\bin\management_ext.dll
0x00007fff964a0000 - 0x00007fff964b8000 	C:\WINDOWS\SYSTEM32\CRYPTSP.dll
0x00007fff95bc0000 - 0x00007fff95bf4000 	C:\WINDOWS\system32\rsaenh.dll
0x00007fff96ef0000 - 0x00007fff96f17000 	C:\WINDOWS\System32\bcrypt.dll
0x00007fff969b0000 - 0x00007fff969de000 	C:\WINDOWS\SYSTEM32\USERENV.dll
0x00007fff964c0000 - 0x00007fff964cc000 	C:\WINDOWS\SYSTEM32\CRYPTBASE.dll
0x00007fff95f50000 - 0x00007fff95f8b000 	C:\WINDOWS\SYSTEM32\IPHLPAPI.DLL
0x00007fff98f20000 - 0x00007fff98f28000 	C:\WINDOWS\System32\NSI.dll
0x00007fff8ae80000 - 0x00007fff8ae97000 	C:\WINDOWS\SYSTEM32\dhcpcsvc6.DLL
0x00007fff8b590000 - 0x00007fff8b5ad000 	C:\WINDOWS\SYSTEM32\dhcpcsvc.DLL
0x00007fff95fa0000 - 0x00007fff9606a000 	C:\WINDOWS\SYSTEM32\DNSAPI.dll
0x00007fff82cc0000 - 0x00007fff82cce000 	C:\Program Files\Java\jdk-16.0.2\bin\sunmscapi.dll
0x00007fff96fb0000 - 0x00007fff97106000 	C:\WINDOWS\System32\CRYPT32.dll
0x00007fff965c0000 - 0x00007fff965e7000 	C:\WINDOWS\SYSTEM32\ncrypt.dll
0x00007fff96580000 - 0x00007fff965bb000 	C:\WINDOWS\SYSTEM32\NTASN1.dll
0x00007fff5ee10000 - 0x00007fff5ee17000 	C:\WINDOWS\system32\wshunix.dll

dbghelp: loaded successfully - version: 4.0.5 - missing functions: none
symbol engine: initialized successfully - sym options: 0x614 - pdb path: .;C:\Program Files\Java\jdk-16.0.2\bin;C:\WINDOWS\SYSTEM32;C:\WINDOWS\WinSxS\amd64_microsoft.windows.common-controls_6595b64144ccf1df_6.0.19041.1110_none_60b5254171f9507e;C:\Program Files\Java\jdk-16.0.2\bin\server;C:\Users\ITECH\.gradle\native\e1d6ef7f7dcc3fd88c89a11ec53ec762bb8ba0a96d01ffa2cd45eb1d1d8dd5c5\windows-amd64;C:\Users\ITECH\.gradle\native\5664cfc778a61ccfe75a443a1ab52a65af34e5dc3c78e0209fed803814484fcb\windows-amd64

VM Arguments:
jvm_args: --add-opens=java.base/java.util=ALL-UNNAMED --add-opens=java.base/java.lang=ALL-UNNAMED --add-opens=java.base/java.lang.invoke=ALL-UNNAMED --add-opens=java.base/java.util=ALL-UNNAMED --add-opens=java.prefs/java.util.prefs=ALL-UNNAMED --add-opens=java.prefs/java.util.prefs=ALL-UNNAMED --add-opens=java.base/java.nio.charset=ALL-UNNAMED --add-opens=java.base/java.net=ALL-UNNAMED --add-opens=java.base/java.util.concurrent.atomic=ALL-UNNAMED -Xmx2048m -Dfile.encoding=UTF-8 -Duser.country=US -Duser.language=en -Duser.variant 
java_command: org.gradle.launcher.daemon.bootstrap.GradleDaemon 7.3.3
java_class_path (initial): C:\Users\ITECH\.gradle\wrapper\dists\gradle-7.3.3-bin\6a41zxkdtcxs8rphpq6y0069z\gradle-7.3.3\lib\gradle-launcher-7.3.3.jar
Launcher Type: SUN_STANDARD

[Global flags]
     intx CICompilerCount                          = 4                                         {product} {ergonomic}
     uint ConcGCThreads                            = 2                                         {product} {ergonomic}
     uint G1ConcRefinementThreads                  = 8                                         {product} {ergonomic}
   size_t G1HeapRegionSize                         = 1048576                                   {product} {ergonomic}
    uintx GCDrainStackTargetSize                   = 64                                        {product} {ergonomic}
   size_t InitialHeapSize                          = 132120576                                 {product} {ergonomic}
   size_t MarkStackSize                            = 4194304                                   {product} {ergonomic}
   size_t MaxHeapSize                              = 2147483648                                {product} {command line}
   size_t MaxNewSize                               = 1287651328                                {product} {ergonomic}
   size_t MinHeapDeltaBytes                        = 1048576                                   {product} {ergonomic}
   size_t MinHeapSize                              = 8388608                                   {product} {ergonomic}
    uintx NonNMethodCodeHeapSize                   = 5839372                                {pd product} {ergonomic}
    uintx NonProfiledCodeHeapSize                  = 122909434                              {pd product} {ergonomic}
    uintx ProfiledCodeHeapSize                     = 122909434                              {pd product} {ergonomic}
    uintx ReservedCodeCacheSize                    = 251658240                              {pd product} {ergonomic}
     bool SegmentedCodeCache                       = true                                      {product} {ergonomic}
   size_t SoftMaxHeapSize                          = 2147483648                             {manageable} {ergonomic}
     bool UseCompressedClassPointers               = true                           {product lp64_product} {ergonomic}
     bool UseCompressedOops                        = true                           {product lp64_product} {ergonomic}
     bool UseG1GC                                  = true                                      {product} {ergonomic}
     bool UseLargePagesIndividualAllocation        = false                                  {pd product} {ergonomic}

Logging:
Log output configuration:
 #0: stdout all=warning uptime,level,tags
 #1: stderr all=off uptime,level,tags

Environment Variables:
JAVA_HOME=C:\Program Files\Java\jdk-16.0.2
PATH=C:\Program Files\Python37\Scripts\;C:\Program Files\Python37\;C:\ProgramData\Oracle\Java\javapath;C:\app\ITECH\product\11.2.0\dbhome_1\bin;C:\Program Files\Common Files\Oracle\Java\javapath;C:\Program Files (x86)\Common Files\Oracle\Java\javapath;C:\WINDOWS\system32;C:\WINDOWS;C:\WINDOWS\System32\Wbem;C:\WINDOWS\System32\WindowsPowerShell\v1.0\;C:\WINDOWS\System32\OpenSSH\;C:\Program Files\Microsoft SQL Server\130\Tools\Binn\;C:\Program Files\Microsoft SQL Server\Client SDK\ODBC\170\Tools\Binn\;C:\Program Files\dotnet\;C:\Program Files\nodejs\;C:\Program Files\Java\jdk-16.0.2\bin;C:\Program Files\Git\cmd;C:\Program Files\Java\jdk-16.0.2\bin;
USERNAME=ITECH
OS=Windows_NT
PROCESSOR_IDENTIFIER=Intel64 Family 6 Model 126 Stepping 5, GenuineIntel



---------------  S Y S T E M  ---------------

OS:
 Windows 10 , 64 bit Build 19041 (10.0.19041.1889)
OS uptime: 0 days 4:48 hours

CPU: total 8 (initial active 8) (4 cores per cpu, 2 threads per core) family 6 model 126 stepping 5 microcode 0xb0, cx8, cmov, fxsr, ht, mmx, 3dnowpref, sse, sse2, sse3, ssse3, sse4.1, sse4.2, popcnt, lzcnt, tsc, tscinvbit, avx, avx2, aes, erms, clmul, bmi1, bmi2, adx, avx512f, avx512dq, avx512cd, avx512bw, avx512vl, sha, fma, vzeroupper, avx512_vpopcntdq, avx512_vpclmulqdq, avx512_vaes, avx512_vnni, clflush, clflushopt, avx512_vmbi2, avx512_vmbi

Memory: 4k page, system-wide physical 7959M (815M free)
TotalPageFile size 7959M (AvailPageFile size 15M)
current process WorkingSet (physical memory assigned to process): 326M, peak: 329M
current process commit charge ("private bytes"): 368M, peak: 388M

vm_info: Java HotSpot(TM) 64-Bit Server VM (16.0.2+7-67) for windows-amd64 JRE (16.0.2+7-67), built on Jun  8 2021 23:24:19 by "mach5one" with MS VC++ 16.7 (VS2019)

END.
