#
# There is insufficient memory for the Java Runtime Environment to continue.
# Native memory allocation (malloc) failed to allocate 2205616 bytes for Chunk::new
# Possible reasons:
#   The system is out of physical RAM or swap space
#   The process is running with CompressedOops enabled, and the Java Heap may be blocking the growth of the native heap
# Possible solutions:
#   Reduce memory load on the system
#   Increase physical memory or swap space
#   Check if swap backing store is full
#   Decrease Java heap size (-Xmx/-Xms)
#   Decrease number of Java threads
#   Decrease Java thread stack sizes (-Xss)
#   Set larger code cache with -XX:ReservedCodeCacheSize=
#   JVM is running with Unscaled Compressed Oops mode in which the Java heap is
#     placed in the first 4GB address space. The Java Heap base address is the
#     maximum limit for the native heap growth. Please use -XX:HeapBaseMinAddress
#     to set the Java Heap base and to place the Java Heap above 4GB virtual address.
# This output file may be truncated or incomplete.
#
#  Out of Memory Error (arena.cpp:195), pid=5960, tid=10924
#
# JRE version: Java(TM) SE Runtime Environment (16.0.2+7) (build 16.0.2+7-67)
# Java VM: Java HotSpot(TM) 64-Bit Server VM (16.0.2+7-67, mixed mode, sharing, tiered, compressed oops, compressed class ptrs, g1 gc, windows-amd64)
# No core dump will be written. Minidumps are not enabled by default on client versions of Windows
#

---------------  S U M M A R Y ------------

Command Line: --add-opens=java.base/java.util=ALL-UNNAMED --add-opens=java.base/java.lang=ALL-UNNAMED --add-opens=java.base/java.lang.invoke=ALL-UNNAMED --add-opens=java.base/java.util=ALL-UNNAMED --add-opens=java.prefs/java.util.prefs=ALL-UNNAMED --add-opens=java.prefs/java.util.prefs=ALL-UNNAMED --add-opens=java.base/java.nio.charset=ALL-UNNAMED --add-opens=java.base/java.net=ALL-UNNAMED --add-opens=java.base/java.util.concurrent.atomic=ALL-UNNAMED -Xmx2048m -Dfile.encoding=UTF-8 -Duser.country=US -Duser.language=en -Duser.variant org.gradle.launcher.daemon.bootstrap.GradleDaemon 7.3.3

Host: Intel(R) Core(TM) i7-1065G7 CPU @ 1.30GHz, 8 cores, 7G,  Windows 10 , 64 bit Build 19041 (10.0.19041.1889)
Time: Mon Aug 22 12:16:30 2022 Egypt Standard Time elapsed time: 469.123154 seconds (0d 0h 7m 49s)

---------------  T H R E A D  ---------------

Current thread (0x0000027894cdc4f0):  JavaThread "C2 CompilerThread1" daemon [_thread_in_native, id=10924, stack(0x000000eba8200000,0x000000eba8300000)]


Current CompileTask:
C2: 469123 14079       4       org.gradle.internal.service.DefaultServiceRegistry$SingletonService::get (5 bytes)

Stack: [0x000000eba8200000,0x000000eba8300000]
Native frames: (J=compiled Java code, j=interpreted, Vv=VM code, C=native code)
V  [jvm.dll+0x6681ca]
V  [jvm.dll+0x7c9e69]
V  [jvm.dll+0x7cb61e]
V  [jvm.dll+0x7cbc73]
V  [jvm.dll+0x242c55]
V  [jvm.dll+0xadeba]
V  [jvm.dll+0xae45c]
V  [jvm.dll+0x35a882]
V  [jvm.dll+0x324de1]
V  [jvm.dll+0x32428a]
V  [jvm.dll+0x215cec]
V  [jvm.dll+0x215100]
V  [jvm.dll+0x1a1beb]
V  [jvm.dll+0x225158]
V  [jvm.dll+0x22319c]
V  [jvm.dll+0x77fa62]
V  [jvm.dll+0x7795aa]
V  [jvm.dll+0x667066]
C  [ucrtbase.dll+0x21bb2]
C  [KERNEL32.DLL+0x17034]
C  [ntdll.dll+0x52651]


---------------  P R O C E S S  ---------------

Threads class SMR info:
_java_thread_list=0x000002789500d1e0, length=48, elements={
0x00000278ed08e7e0, 0x00000278fc10f470, 0x00000278fc10ff80, 0x00000278fc11c030,
0x00000278fc120960, 0x00000278fc121480, 0x00000278fc1225b0, 0x00000278fc125260,
0x00000278fc126c70, 0x00000278fc129d70, 0x00000278fccb6220, 0x00000278fccb6d50,
0x00000278feb74440, 0x00000278fdc7dbb0, 0x00000278fe9bd900, 0x00000278fe78a360,
0x00000278fe78a8b0, 0x00000278fe78c890, 0x00000278fe78b8a0, 0x00000278fe78b350,
0x000002788fdf7bd0, 0x000002788fdf7680, 0x000002788fdf46b0, 0x000002788fdf06f0,
0x000002788fdf1c30, 0x000002788f70d430, 0x0000027892f93230, 0x0000027892f8ed20,
0x0000027892f8dd30, 0x0000027892f90d00, 0x0000027892f8d7e0, 0x0000027892f90260,
0x0000027894deb160, 0x000002788fdf3170, 0x000002788fdf6690, 0x000002788fdf01a0,
0x000002788fdf6be0, 0x000002788fdf56a0, 0x000002788fdf7130, 0x000002788fdf2180,
0x000002788fdf3c10, 0x0000027894cdc4f0, 0x0000027894cda390, 0x000002788fdf0c40,
0x000002788fdf5150, 0x000002788fdf36c0, 0x000002788fdf4c00, 0x000002788fdf1190
}

Java Threads: ( => current thread )
  0x00000278ed08e7e0 JavaThread "main" [_thread_blocked, id=2084, stack(0x000000eba6300000,0x000000eba6400000)]
  0x00000278fc10f470 JavaThread "Reference Handler" daemon [_thread_blocked, id=5808, stack(0x000000eba6a00000,0x000000eba6b00000)]
  0x00000278fc10ff80 JavaThread "Finalizer" daemon [_thread_blocked, id=9144, stack(0x000000eba6b00000,0x000000eba6c00000)]
  0x00000278fc11c030 JavaThread "Signal Dispatcher" daemon [_thread_blocked, id=9296, stack(0x000000eba6c00000,0x000000eba6d00000)]
  0x00000278fc120960 JavaThread "Attach Listener" daemon [_thread_blocked, id=11608, stack(0x000000eba6d00000,0x000000eba6e00000)]
  0x00000278fc121480 JavaThread "Service Thread" daemon [_thread_blocked, id=1740, stack(0x000000eba6e00000,0x000000eba6f00000)]
  0x00000278fc1225b0 JavaThread "Monitor Deflation Thread" daemon [_thread_blocked, id=5684, stack(0x000000eba6f00000,0x000000eba7000000)]
  0x00000278fc125260 JavaThread "C2 CompilerThread0" daemon [_thread_in_native, id=3632, stack(0x000000eba7000000,0x000000eba7100000)]
  0x00000278fc126c70 JavaThread "C1 CompilerThread0" daemon [_thread_in_native, id=11436, stack(0x000000eba7100000,0x000000eba7200000)]
  0x00000278fc129d70 JavaThread "Sweeper thread" daemon [_thread_blocked, id=9620, stack(0x000000eba7200000,0x000000eba7300000)]
  0x00000278fccb6220 JavaThread "Common-Cleaner" daemon [_thread_blocked, id=1392, stack(0x000000eba7300000,0x000000eba7400000)]
  0x00000278fccb6d50 JavaThread "Notification Thread" daemon [_thread_blocked, id=11732, stack(0x000000eba7400000,0x000000eba7500000)]
  0x00000278feb74440 JavaThread "Daemon health stats" [_thread_blocked, id=2632, stack(0x000000eba7c00000,0x000000eba7d00000)]
  0x00000278fdc7dbb0 JavaThread "Incoming local TCP Connector on port 51769" [_thread_in_native, id=10592, stack(0x000000eba7d00000,0x000000eba7e00000)]
  0x00000278fe9bd900 JavaThread "Daemon periodic checks" [_thread_blocked, id=12680, stack(0x000000eba7e00000,0x000000eba7f00000)]
  0x00000278fe78a360 JavaThread "Cache worker for journal cache (C:\Users\ITECH\.gradle\caches\journal-1)" [_thread_blocked, id=6600, stack(0x000000eba8600000,0x000000eba8700000)]
  0x00000278fe78a8b0 JavaThread "File lock request listener" [_thread_in_native, id=11304, stack(0x000000eba8700000,0x000000eba8800000)]
  0x00000278fe78c890 JavaThread "Cache worker for file hash cache (C:\Users\ITECH\.gradle\caches\7.3.3\fileHashes)" [_thread_blocked, id=1664, stack(0x000000eba8800000,0x000000eba8900000)]
  0x00000278fe78b8a0 JavaThread "File watcher server" daemon [_thread_in_native, id=7736, stack(0x000000eba8d00000,0x000000eba8e00000)]
  0x00000278fe78b350 JavaThread "File watcher consumer" daemon [_thread_blocked, id=9064, stack(0x000000eba8e00000,0x000000eba8f00000)]
  0x000002788fdf7bd0 JavaThread "Cache worker for execution history cache (C:\Users\ITECH\.gradle\caches\7.3.3\executionHistory)" [_thread_blocked, id=12348, stack(0x000000eba9300000,0x000000eba9400000)]
  0x000002788fdf7680 JavaThread "jar transforms" [_thread_blocked, id=9612, stack(0x000000eba9400000,0x000000eba9500000)]
  0x000002788fdf46b0 JavaThread "Cache worker for file content cache (C:\Users\ITECH\.gradle\caches\7.3.3\fileContent)" [_thread_blocked, id=8428, stack(0x000000eba9500000,0x000000eba9600000)]
  0x000002788fdf06f0 JavaThread "jar transforms Thread 2" [_thread_blocked, id=11624, stack(0x000000eba9600000,0x000000eba9700000)]
  0x000002788fdf1c30 JavaThread "jar transforms Thread 3" [_thread_blocked, id=4928, stack(0x000000eba9800000,0x000000eba9900000)]
  0x000002788f70d430 JavaThread "jar transforms Thread 4" [_thread_blocked, id=10648, stack(0x000000ebaea00000,0x000000ebaeb00000)]
  0x0000027892f93230 JavaThread "jar transforms Thread 5" [_thread_blocked, id=7624, stack(0x000000ebaeb00000,0x000000ebaec00000)]
  0x0000027892f8ed20 JavaThread "jar transforms Thread 6" [_thread_blocked, id=9972, stack(0x000000ebaec00000,0x000000ebaed00000)]
  0x0000027892f8dd30 JavaThread "jar transforms Thread 7" [_thread_blocked, id=5468, stack(0x000000ebaed00000,0x000000ebaee00000)]
  0x0000027892f90d00 JavaThread "jar transforms Thread 8" [_thread_blocked, id=12888, stack(0x000000ebaee00000,0x000000ebaef00000)]
  0x0000027892f8d7e0 JavaThread "Memory manager" [_thread_blocked, id=8976, stack(0x000000ebaef00000,0x000000ebaf000000)]
  0x0000027892f90260 JavaThread "pool-3-thread-1" [_thread_blocked, id=12748, stack(0x000000ebaf100000,0x000000ebaf200000)]
  0x0000027894deb160 JavaThread "ForkJoinPool.commonPool-worker-11" daemon [_thread_blocked, id=3652, stack(0x000000ebb0300000,0x000000ebb0400000)]
  0x000002788fdf3170 JavaThread "Daemon Thread 2" [_thread_blocked, id=4684, stack(0x000000eba6000000,0x000000eba6100000)]
  0x000002788fdf6690 JavaThread "Handler for socket connection from /127.0.0.1:51769 to /127.0.0.1:51788" [_thread_in_native, id=8608, stack(0x000000eba6100000,0x000000eba6200000)]
  0x000002788fdf01a0 JavaThread "Cancel handler" [_thread_blocked, id=4692, stack(0x000000eba6200000,0x000000eba6300000)]
  0x000002788fdf6be0 JavaThread "Daemon worker Thread 2" [_thread_in_Java, id=11736, stack(0x000000eba7600000,0x000000eba7700000)]
  0x000002788fdf56a0 JavaThread "Asynchronous log dispatcher for DefaultDaemonConnection: socket connection from /127.0.0.1:51769 to /127.0.0.1:51788" [_thread_blocked, id=7960, stack(0x000000eba7700000,0x000000eba7800000)]
  0x000002788fdf7130 JavaThread "Stdin handler" [_thread_blocked, id=12624, stack(0x000000eba7f00000,0x000000eba8000000)]
  0x000002788fdf2180 JavaThread "Daemon client event forwarder" [_thread_blocked, id=756, stack(0x000000eba8000000,0x000000eba8100000)]
  0x000002788fdf3c10 JavaThread "Cache worker for file hash cache (C:\Users\ITECH\AndroidStudioProjects\yummy\.gradle\7.3.3\fileHashes)" [_thread_blocked, id=11744, stack(0x000000eba8100000,0x000000eba8200000)]
=>0x0000027894cdc4f0 JavaThread "C2 CompilerThread1" daemon [_thread_in_native, id=10924, stack(0x000000eba8200000,0x000000eba8300000)]
  0x0000027894cda390 JavaThread "C2 CompilerThread2" daemon [_thread_in_native, id=12976, stack(0x000000eba8300000,0x000000eba8400000)]
  0x000002788fdf0c40 JavaThread "Cache worker for checksums cache (C:\Users\ITECH\AndroidStudioProjects\yummy\.gradle\7.3.3\checksums)" [_thread_blocked, id=12828, stack(0x000000eba8400000,0x000000eba8500000)]
  0x000002788fdf5150 JavaThread "Cache worker for cache directory md-supplier (C:\Users\ITECH\.gradle\caches\7.3.3\md-supplier)" [_thread_blocked, id=8336, stack(0x000000eba8500000,0x000000eba8600000)]
  0x000002788fdf36c0 JavaThread "Cache worker for cache directory md-rule (C:\Users\ITECH\.gradle\caches\7.3.3\md-rule)" [_thread_blocked, id=4456, stack(0x000000eba8c00000,0x000000eba8d00000)]
  0x000002788fdf4c00 JavaThread "Cache worker for dependencies-accessors (C:\Users\ITECH\AndroidStudioProjects\yummy\.gradle\7.3.3\dependencies-accessors)" [_thread_blocked, id=10164, stack(0x000000eba8f00000,0x000000eba9000000)]
  0x000002788fdf1190 JavaThread "Cache worker for Build Output Cleanup Cache (C:\Users\ITECH\AndroidStudioProjects\yummy\.gradle\buildOutputCleanup)" [_thread_blocked, id=1384, stack(0x000000eba9000000,0x000000eba9100000)]

Other Threads:
  0x00000278fc1092c0 VMThread "VM Thread" [stack: 0x000000eba6900000,0x000000eba6a00000] [id=10652]
  0x00000278fccb7270 WatcherThread [stack: 0x000000eba7500000,0x000000eba7600000] [id=1404]
  0x00000278ed0cd4f0 GCTaskThread "GC Thread#0" [stack: 0x000000eba6400000,0x000000eba6500000] [id=4136]
  0x00000278fd4d10b0 GCTaskThread "GC Thread#1" [stack: 0x000000eba7800000,0x000000eba7900000] [id=13232]
  0x00000278fd833330 GCTaskThread "GC Thread#2" [stack: 0x000000eba7900000,0x000000eba7a00000] [id=12992]
  0x00000278fdc26c90 GCTaskThread "GC Thread#3" [stack: 0x000000eba7a00000,0x000000eba7b00000] [id=12556]
  0x00000278fce62360 GCTaskThread "GC Thread#4" [stack: 0x000000eba7b00000,0x000000eba7c00000] [id=5140]
  0x00000278fe185180 GCTaskThread "GC Thread#5" [stack: 0x000000eba8900000,0x000000eba8a00000] [id=12100]
  0x00000278912219a0 GCTaskThread "GC Thread#6" [stack: 0x000000eba8a00000,0x000000eba8b00000] [id=11280]
  0x00000278929f0b10 GCTaskThread "GC Thread#7" [stack: 0x000000eba8b00000,0x000000eba8c00000] [id=3580]
  0x00000278ed0df4d0 ConcurrentGCThread "G1 Main Marker" [stack: 0x000000eba6500000,0x000000eba6600000] [id=2360]
  0x00000278ed0dfe50 ConcurrentGCThread "G1 Conc#0" [stack: 0x000000eba6600000,0x000000eba6700000] [id=12856]
  0x00000278ff3c9740 ConcurrentGCThread "G1 Conc#1" [stack: 0x000000eba9200000,0x000000eba9300000] [id=9556]
  0x00000278ed168f90 ConcurrentGCThread "G1 Refine#0" [stack: 0x000000eba6700000,0x000000eba6800000] [id=2884]
  0x00000278953b0e40 ConcurrentGCThread "G1 Refine#1" [stack: 0x000000ebafa00000,0x000000ebafb00000] [id=2788]
  0x00000278921f8330 ConcurrentGCThread "G1 Refine#2" [stack: 0x000000ebb0700000,0x000000ebb0800000] [id=1836]
  0x00000278921f6c70 ConcurrentGCThread "G1 Refine#3" [stack: 0x000000ebb0800000,0x000000ebb0900000] [id=7632]
  0x00000278921f7970 ConcurrentGCThread "G1 Refine#4" [stack: 0x000000ebb0900000,0x000000ebb0a00000] [id=7140]
  0x00000278921f6930 ConcurrentGCThread "G1 Refine#5" [stack: 0x000000ebb0a00000,0x000000ebb0b00000] [id=8992]
  0x00000278921f7ff0 ConcurrentGCThread "G1 Refine#6" [stack: 0x000000ebb0b00000,0x000000ebb0c00000] [id=8356]
  0x00000278ed169920 ConcurrentGCThread "G1 Service" [stack: 0x000000eba6800000,0x000000eba6900000] [id=8020]

Threads with active compile tasks:
C2 CompilerThread0   469140 14224       4       java.util.HashMap::computeIfAbsent (330 bytes)
C2 CompilerThread1   469140 14079       4       org.gradle.internal.service.DefaultServiceRegistry$SingletonService::get (5 bytes)
C2 CompilerThread2   469140 14096   !   4       org.gradle.internal.service.DefaultServiceRegistry$ManagedObjectServiceProvider::getInstance (47 bytes)

VM state: not at safepoint (normal execution)

VM Mutex/Monitor currently owned by a thread: None

Heap address: 0x0000000080000000, size: 2048 MB, Compressed Oops mode: 32-bit

CDS archive(s) mapped at: [0x0000000800000000-0x0000000800bb0000-0x0000000800bb0000), size 12255232, SharedBaseAddress: 0x0000000800000000, ArchiveRelocationMode: 0.
Compressed class space mapped at: 0x0000000800c00000-0x0000000840c00000, reserved size: 1073741824
Narrow klass base: 0x0000000800000000, Narrow klass shift: 3, Narrow klass range: 0x100000000

GC Precious Log:
 CPUs: 8 total, 8 available
 Memory: 7959M
 Large Page Support: Disabled
 NUMA Support: Disabled
 Compressed Oops: Enabled (32-bit)
 Heap Region Size: 1M
 Heap Min Capacity: 8M
 Heap Initial Capacity: 126M
 Heap Max Capacity: 2G
 Pre-touch: Disabled
 Parallel Workers: 8
 Concurrent Workers: 2
 Concurrent Refinement Workers: 8
 Periodic GC: Disabled

Heap:
 garbage-first heap   total 317440K, used 238427K [0x0000000080000000, 0x0000000100000000)
  region size 1024K, 61 young (62464K), 6 survivors (6144K)
 Metaspace       used 94191K, committed 94848K, reserved 1138688K
  class space    used 12608K, committed 12928K, reserved 1048576K

Heap Regions: E=young(eden), S=young(survivor), O=old, HS=humongous(starts), HC=humongous(continues), CS=collection set, F=free, OA=open archive, CA=closed archive, TAMS=top-at-mark-start (previous, next)
|   0|0x0000000080000000, 0x0000000080100000, 0x0000000080100000|100%| O|  |TAMS 0x0000000080100000, 0x0000000080000000| Untracked 
|   1|0x0000000080100000, 0x0000000080200000, 0x0000000080200000|100%| O|  |TAMS 0x0000000080200000, 0x0000000080100000| Untracked 
|   2|0x0000000080200000, 0x0000000080300000, 0x0000000080300000|100%| O|  |TAMS 0x0000000080300000, 0x0000000080200000| Complete 
|   3|0x0000000080300000, 0x0000000080400000, 0x0000000080400000|100%|HS|  |TAMS 0x0000000080400000, 0x0000000080300000| Complete 
|   4|0x0000000080400000, 0x0000000080500000, 0x0000000080500000|100%|HC|  |TAMS 0x0000000080500000, 0x0000000080400000| Complete 
|   5|0x0000000080500000, 0x0000000080600000, 0x0000000080600000|100%|HC|  |TAMS 0x0000000080600000, 0x0000000080500000| Complete 
|   6|0x0000000080600000, 0x0000000080700000, 0x0000000080700000|100%| O|  |TAMS 0x0000000080700000, 0x0000000080600000| Untracked 
|   7|0x0000000080700000, 0x0000000080800000, 0x0000000080800000|100%| O|  |TAMS 0x0000000080800000, 0x0000000080700000| Complete 
|   8|0x0000000080800000, 0x0000000080900000, 0x0000000080900000|100%| O|  |TAMS 0x0000000080900000, 0x0000000080800000| Untracked 
|   9|0x0000000080900000, 0x0000000080a00000, 0x0000000080a00000|100%| O|  |TAMS 0x0000000080a00000, 0x0000000080900000| Untracked 
|  10|0x0000000080a00000, 0x0000000080b00000, 0x0000000080b00000|100%| O|  |TAMS 0x0000000080b00000, 0x0000000080a00000| Untracked 
|  11|0x0000000080b00000, 0x0000000080c00000, 0x0000000080c00000|100%| O|  |TAMS 0x0000000080c00000, 0x0000000080b00000| Untracked 
|  12|0x0000000080c00000, 0x0000000080d00000, 0x0000000080d00000|100%| O|  |TAMS 0x0000000080d00000, 0x0000000080c00000| Untracked 
|  13|0x0000000080d00000, 0x0000000080e00000, 0x0000000080e00000|100%| O|  |TAMS 0x0000000080e00000, 0x0000000080d00000| Untracked 
|  14|0x0000000080e00000, 0x0000000080f00000, 0x0000000080f00000|100%| O|  |TAMS 0x0000000080f00000, 0x0000000080e00000| Untracked 
|  15|0x0000000080f00000, 0x0000000081000000, 0x0000000081000000|100%| O|  |TAMS 0x0000000081000000, 0x0000000080f00000| Untracked 
|  16|0x0000000081000000, 0x0000000081100000, 0x0000000081100000|100%| O|  |TAMS 0x0000000081100000, 0x0000000081000000| Untracked 
|  17|0x0000000081100000, 0x0000000081200000, 0x0000000081200000|100%| O|  |TAMS 0x0000000081200000, 0x0000000081100000| Untracked 
|  18|0x0000000081200000, 0x000000008123c600, 0x0000000081300000| 23%| O|  |TAMS 0x000000008123c600, 0x0000000081200000| Complete 
|  19|0x0000000081300000, 0x0000000081400000, 0x0000000081400000|100%| O|  |TAMS 0x0000000081400000, 0x0000000081300000| Complete 
|  20|0x0000000081400000, 0x0000000081500000, 0x0000000081500000|100%| O|  |TAMS 0x0000000081500000, 0x0000000081400000| Untracked 
|  21|0x0000000081500000, 0x0000000081600000, 0x0000000081600000|100%| O|  |TAMS 0x0000000081600000, 0x0000000081500000| Untracked 
|  22|0x0000000081600000, 0x0000000081700000, 0x0000000081700000|100%| O|  |TAMS 0x0000000081700000, 0x0000000081600000| Untracked 
|  23|0x0000000081700000, 0x0000000081800000, 0x0000000081800000|100%| O|  |TAMS 0x0000000081800000, 0x0000000081700000| Untracked 
|  24|0x0000000081800000, 0x0000000081900000, 0x0000000081900000|100%| O|  |TAMS 0x0000000081900000, 0x0000000081800000| Untracked 
|  25|0x0000000081900000, 0x0000000081a00000, 0x0000000081a00000|100%| O|  |TAMS 0x0000000081a00000, 0x0000000081900000| Complete 
|  26|0x0000000081a00000, 0x0000000081b00000, 0x0000000081b00000|100%| O|  |TAMS 0x0000000081b00000, 0x0000000081a00000| Complete 
|  27|0x0000000081b00000, 0x0000000081c00000, 0x0000000081c00000|100%|HS|  |TAMS 0x0000000081c00000, 0x0000000081b00000| Complete 
|  28|0x0000000081c00000, 0x0000000081d00000, 0x0000000081d00000|100%|HS|  |TAMS 0x0000000081d00000, 0x0000000081c00000| Complete 
|  29|0x0000000081d00000, 0x0000000081e00000, 0x0000000081e00000|100%|HS|  |TAMS 0x0000000081e00000, 0x0000000081d00000| Complete 
|  30|0x0000000081e00000, 0x0000000081f00000, 0x0000000081f00000|100%|HC|  |TAMS 0x0000000081f00000, 0x0000000081e00000| Complete 
|  31|0x0000000081f00000, 0x0000000082000000, 0x0000000082000000|100%| O|  |TAMS 0x0000000082000000, 0x0000000081f00000| Untracked 
|  32|0x0000000082000000, 0x0000000082100000, 0x0000000082100000|100%| O|  |TAMS 0x0000000082100000, 0x0000000082000000| Untracked 
|  33|0x0000000082100000, 0x0000000082200000, 0x0000000082200000|100%| O|  |TAMS 0x0000000082200000, 0x0000000082100000| Untracked 
|  34|0x0000000082200000, 0x0000000082300000, 0x0000000082300000|100%| O|  |TAMS 0x0000000082300000, 0x0000000082200000| Complete 
|  35|0x0000000082300000, 0x0000000082400000, 0x0000000082400000|100%| O|  |TAMS 0x0000000082400000, 0x0000000082300000| Untracked 
|  36|0x0000000082400000, 0x0000000082500000, 0x0000000082500000|100%| O|  |TAMS 0x0000000082500000, 0x0000000082400000| Untracked 
|  37|0x0000000082500000, 0x0000000082600000, 0x0000000082600000|100%| O|  |TAMS 0x0000000082600000, 0x0000000082500000| Untracked 
|  38|0x0000000082600000, 0x0000000082700000, 0x0000000082700000|100%| O|  |TAMS 0x0000000082700000, 0x0000000082600000| Untracked 
|  39|0x0000000082700000, 0x0000000082800000, 0x0000000082800000|100%| O|  |TAMS 0x0000000082800000, 0x0000000082700000| Untracked 
|  40|0x0000000082800000, 0x0000000082900000, 0x0000000082900000|100%| O|  |TAMS 0x0000000082900000, 0x0000000082800000| Untracked 
|  41|0x0000000082900000, 0x0000000082a00000, 0x0000000082a00000|100%| O|  |TAMS 0x0000000082a00000, 0x0000000082900000| Untracked 
|  42|0x0000000082a00000, 0x0000000082b00000, 0x0000000082b00000|100%| O|  |TAMS 0x0000000082b00000, 0x0000000082a00000| Untracked 
|  43|0x0000000082b00000, 0x0000000082c00000, 0x0000000082c00000|100%| O|  |TAMS 0x0000000082c00000, 0x0000000082b00000| Complete 
|  44|0x0000000082c00000, 0x0000000082d00000, 0x0000000082d00000|100%| O|  |TAMS 0x0000000082d00000, 0x0000000082c00000| Complete 
|  45|0x0000000082d00000, 0x0000000082e00000, 0x0000000082e00000|100%| O|  |TAMS 0x0000000082e00000, 0x0000000082d00000| Untracked 
|  46|0x0000000082e00000, 0x0000000082f00000, 0x0000000082f00000|100%| O|  |TAMS 0x0000000082f00000, 0x0000000082e00000| Untracked 
|  47|0x0000000082f00000, 0x0000000083000000, 0x0000000083000000|100%| O|  |TAMS 0x0000000083000000, 0x0000000082f00000| Untracked 
|  48|0x0000000083000000, 0x0000000083100000, 0x0000000083100000|100%| O|  |TAMS 0x0000000083100000, 0x0000000083000000| Untracked 
|  49|0x0000000083100000, 0x0000000083200000, 0x0000000083200000|100%| O|  |TAMS 0x0000000083200000, 0x0000000083100000| Untracked 
|  50|0x0000000083200000, 0x0000000083300000, 0x0000000083300000|100%| O|  |TAMS 0x0000000083300000, 0x0000000083200000| Untracked 
|  51|0x0000000083300000, 0x0000000083400000, 0x0000000083400000|100%| O|  |TAMS 0x0000000083400000, 0x0000000083300000| Untracked 
|  52|0x0000000083400000, 0x0000000083500000, 0x0000000083500000|100%| O|  |TAMS 0x0000000083500000, 0x0000000083400000| Untracked 
|  53|0x0000000083500000, 0x0000000083600000, 0x0000000083600000|100%| O|  |TAMS 0x0000000083600000, 0x0000000083500000| Untracked 
|  54|0x0000000083600000, 0x0000000083700000, 0x0000000083700000|100%| O|  |TAMS 0x0000000083700000, 0x0000000083600000| Untracked 
|  55|0x0000000083700000, 0x0000000083800000, 0x0000000083800000|100%| O|  |TAMS 0x0000000083800000, 0x0000000083700000| Complete 
|  56|0x0000000083800000, 0x0000000083900000, 0x0000000083900000|100%| O|  |TAMS 0x0000000083900000, 0x0000000083800000| Untracked 
|  57|0x0000000083900000, 0x0000000083a00000, 0x0000000083a00000|100%| O|  |TAMS 0x0000000083a00000, 0x0000000083900000| Untracked 
|  58|0x0000000083a00000, 0x0000000083b00000, 0x0000000083b00000|100%| O|  |TAMS 0x0000000083b00000, 0x0000000083a00000| Untracked 
|  59|0x0000000083b00000, 0x0000000083c00000, 0x0000000083c00000|100%| O|  |TAMS 0x0000000083c00000, 0x0000000083b00000| Untracked 
|  60|0x0000000083c00000, 0x0000000083d00000, 0x0000000083d00000|100%| O|  |TAMS 0x0000000083d00000, 0x0000000083c00000| Untracked 
|  61|0x0000000083d00000, 0x0000000083e00000, 0x0000000083e00000|100%| O|  |TAMS 0x0000000083e00000, 0x0000000083d00000| Untracked 
|  62|0x0000000083e00000, 0x0000000083f00000, 0x0000000083f00000|100%| O|  |TAMS 0x0000000083f00000, 0x0000000083e00000| Untracked 
|  63|0x0000000083f00000, 0x0000000084000000, 0x0000000084000000|100%| O|  |TAMS 0x0000000084000000, 0x0000000083f00000| Untracked 
|  64|0x0000000084000000, 0x0000000084100000, 0x0000000084100000|100%| O|  |TAMS 0x0000000084100000, 0x0000000084000000| Complete 
|  65|0x0000000084100000, 0x0000000084200000, 0x0000000084200000|100%| O|  |TAMS 0x0000000084200000, 0x0000000084100000| Untracked 
|  66|0x0000000084200000, 0x0000000084300000, 0x0000000084300000|100%| O|  |TAMS 0x0000000084300000, 0x0000000084200000| Untracked 
|  67|0x0000000084300000, 0x0000000084400000, 0x0000000084400000|100%| O|  |TAMS 0x0000000084400000, 0x0000000084300000| Complete 
|  68|0x0000000084400000, 0x0000000084500000, 0x0000000084500000|100%| O|  |TAMS 0x0000000084500000, 0x0000000084400000| Complete 
|  69|0x0000000084500000, 0x0000000084600000, 0x0000000084600000|100%| O|  |TAMS 0x0000000084600000, 0x0000000084500000| Untracked 
|  70|0x0000000084600000, 0x0000000084700000, 0x0000000084700000|100%| O|  |TAMS 0x0000000084700000, 0x0000000084600000| Untracked 
|  71|0x0000000084700000, 0x0000000084800000, 0x0000000084800000|100%| O|  |TAMS 0x0000000084800000, 0x0000000084700000| Untracked 
|  72|0x0000000084800000, 0x0000000084900000, 0x0000000084900000|100%| O|  |TAMS 0x0000000084900000, 0x0000000084800000| Untracked 
|  73|0x0000000084900000, 0x0000000084a00000, 0x0000000084a00000|100%| O|  |TAMS 0x0000000084a00000, 0x0000000084900000| Untracked 
|  74|0x0000000084a00000, 0x0000000084b00000, 0x0000000084b00000|100%| O|  |TAMS 0x0000000084b00000, 0x0000000084a00000| Complete 
|  75|0x0000000084b00000, 0x0000000084c00000, 0x0000000084c00000|100%|HS|  |TAMS 0x0000000084b00000, 0x0000000084b00000| Complete 
|  76|0x0000000084c00000, 0x0000000084d00000, 0x0000000084d00000|100%|HC|  |TAMS 0x0000000084c00000, 0x0000000084c00000| Complete 
|  77|0x0000000084d00000, 0x0000000084e00000, 0x0000000084e00000|100%|HS|  |TAMS 0x0000000084d00000, 0x0000000084d00000| Complete 
|  78|0x0000000084e00000, 0x0000000084f00000, 0x0000000084f00000|100%|HC|  |TAMS 0x0000000084e00000, 0x0000000084e00000| Complete 
|  79|0x0000000084f00000, 0x0000000085000000, 0x0000000085000000|100%|HS|  |TAMS 0x0000000084f00000, 0x0000000084f00000| Complete 
|  80|0x0000000085000000, 0x0000000085100000, 0x0000000085100000|100%|HC|  |TAMS 0x0000000085000000, 0x0000000085000000| Complete 
|  81|0x0000000085100000, 0x0000000085200000, 0x0000000085200000|100%| O|  |TAMS 0x0000000085200000, 0x0000000085100000| Complete 
|  82|0x0000000085200000, 0x0000000085300000, 0x0000000085300000|100%| O|  |TAMS 0x0000000085300000, 0x0000000085200000| Complete 
|  83|0x0000000085300000, 0x0000000085400000, 0x0000000085400000|100%| O|  |TAMS 0x0000000085400000, 0x0000000085300000| Complete 
|  84|0x0000000085400000, 0x0000000085500000, 0x0000000085500000|100%| O|  |TAMS 0x0000000085500000, 0x0000000085400000| Complete 
|  85|0x0000000085500000, 0x0000000085600000, 0x0000000085600000|100%| O|  |TAMS 0x0000000085600000, 0x0000000085500000| Complete 
|  86|0x0000000085600000, 0x0000000085700000, 0x0000000085700000|100%| O|  |TAMS 0x0000000085700000, 0x0000000085600000| Complete 
|  87|0x0000000085700000, 0x0000000085800000, 0x0000000085800000|100%| O|  |TAMS 0x0000000085800000, 0x0000000085700000| Complete 
|  88|0x0000000085800000, 0x0000000085900000, 0x0000000085900000|100%| O|  |TAMS 0x0000000085900000, 0x0000000085800000| Complete 
|  89|0x0000000085900000, 0x0000000085a00000, 0x0000000085a00000|100%| O|  |TAMS 0x0000000085a00000, 0x0000000085900000| Complete 
|  90|0x0000000085a00000, 0x0000000085b00000, 0x0000000085b00000|100%| O|  |TAMS 0x0000000085b00000, 0x0000000085a00000| Complete 
|  91|0x0000000085b00000, 0x0000000085c00000, 0x0000000085c00000|100%| O|  |TAMS 0x0000000085c00000, 0x0000000085b00000| Complete 
|  92|0x0000000085c00000, 0x0000000085d00000, 0x0000000085d00000|100%|HS|  |TAMS 0x0000000085c00000, 0x0000000085c00000| Complete 
|  93|0x0000000085d00000, 0x0000000085e00000, 0x0000000085e00000|100%|HC|  |TAMS 0x0000000085d00000, 0x0000000085d00000| Complete 
|  94|0x0000000085e00000, 0x0000000085f00000, 0x0000000085f00000|100%|HS|  |TAMS 0x0000000085e00000, 0x0000000085e00000| Complete 
|  95|0x0000000085f00000, 0x0000000086000000, 0x0000000086000000|100%| O|  |TAMS 0x0000000086000000, 0x0000000085f00000| Complete 
|  96|0x0000000086000000, 0x0000000086100000, 0x0000000086100000|100%| O|  |TAMS 0x0000000086100000, 0x0000000086000000| Untracked 
|  97|0x0000000086100000, 0x0000000086200000, 0x0000000086200000|100%| O|  |TAMS 0x0000000086200000, 0x0000000086100000| Complete 
|  98|0x0000000086200000, 0x0000000086300000, 0x0000000086300000|100%| O|  |TAMS 0x0000000086300000, 0x0000000086200000| Untracked 
|  99|0x0000000086300000, 0x0000000086400000, 0x0000000086400000|100%| O|  |TAMS 0x0000000086400000, 0x0000000086300000| Complete 
| 100|0x0000000086400000, 0x0000000086500000, 0x0000000086500000|100%| O|  |TAMS 0x0000000086500000, 0x0000000086400000| Complete 
| 101|0x0000000086500000, 0x0000000086600000, 0x0000000086600000|100%| O|  |TAMS 0x0000000086600000, 0x0000000086500000| Complete 
| 102|0x0000000086600000, 0x0000000086700000, 0x0000000086700000|100%| O|  |TAMS 0x0000000086700000, 0x0000000086600000| Complete 
| 103|0x0000000086700000, 0x0000000086800000, 0x0000000086800000|100%| O|  |TAMS 0x0000000086800000, 0x0000000086700000| Complete 
| 104|0x0000000086800000, 0x0000000086900000, 0x0000000086900000|100%| O|  |TAMS 0x0000000086900000, 0x0000000086800000| Complete 
| 105|0x0000000086900000, 0x0000000086a00000, 0x0000000086a00000|100%| O|  |TAMS 0x0000000086a00000, 0x0000000086900000| Complete 
| 106|0x0000000086a00000, 0x0000000086b00000, 0x0000000086b00000|100%| O|  |TAMS 0x0000000086b00000, 0x0000000086a00000| Complete 
| 107|0x0000000086b00000, 0x0000000086c00000, 0x0000000086c00000|100%|HS|  |TAMS 0x0000000086b00000, 0x0000000086b00000| Complete 
| 108|0x0000000086c00000, 0x0000000086d00000, 0x0000000086d00000|100%|HC|  |TAMS 0x0000000086c00000, 0x0000000086c00000| Complete 
| 109|0x0000000086d00000, 0x0000000086d00000, 0x0000000086e00000|  0%| F|  |TAMS 0x0000000086d00000, 0x0000000086d00000| Untracked 
| 110|0x0000000086e00000, 0x0000000086f00000, 0x0000000086f00000|100%| O|  |TAMS 0x0000000086f00000, 0x0000000086e00000| Complete 
| 111|0x0000000086f00000, 0x0000000087000000, 0x0000000087000000|100%| O|  |TAMS 0x0000000087000000, 0x0000000086f00000| Complete 
| 112|0x0000000087000000, 0x0000000087100000, 0x0000000087100000|100%| O|  |TAMS 0x0000000087100000, 0x0000000087000000| Complete 
| 113|0x0000000087100000, 0x0000000087200000, 0x0000000087200000|100%| O|  |TAMS 0x0000000087200000, 0x0000000087100000| Complete 
| 114|0x0000000087200000, 0x0000000087300000, 0x0000000087300000|100%| O|  |TAMS 0x0000000087300000, 0x0000000087200000| Complete 
| 115|0x0000000087300000, 0x0000000087400000, 0x0000000087400000|100%| O|  |TAMS 0x0000000087400000, 0x0000000087300000| Complete 
| 116|0x0000000087400000, 0x0000000087500000, 0x0000000087500000|100%| O|  |TAMS 0x0000000087500000, 0x0000000087400000| Complete 
| 117|0x0000000087500000, 0x0000000087600000, 0x0000000087600000|100%| O|  |TAMS 0x0000000087600000, 0x0000000087500000| Complete 
| 118|0x0000000087600000, 0x0000000087700000, 0x0000000087700000|100%| O|  |TAMS 0x0000000087700000, 0x0000000087600000| Complete 
| 119|0x0000000087700000, 0x0000000087800000, 0x0000000087800000|100%| O|  |TAMS 0x0000000087800000, 0x0000000087700000| Complete 
| 120|0x0000000087800000, 0x0000000087900000, 0x0000000087900000|100%| O|  |TAMS 0x0000000087900000, 0x0000000087800000| Complete 
| 121|0x0000000087900000, 0x0000000087a00000, 0x0000000087a00000|100%| O|  |TAMS 0x0000000087a00000, 0x0000000087900000| Complete 
| 122|0x0000000087a00000, 0x0000000087b00000, 0x0000000087b00000|100%| O|  |TAMS 0x0000000087b00000, 0x0000000087a00000| Complete 
| 123|0x0000000087b00000, 0x0000000087c00000, 0x0000000087c00000|100%| O|  |TAMS 0x0000000087c00000, 0x0000000087b00000| Complete 
| 124|0x0000000087c00000, 0x0000000087d00000, 0x0000000087d00000|100%| O|  |TAMS 0x0000000087d00000, 0x0000000087c00000| Complete 
| 125|0x0000000087d00000, 0x0000000087e00000, 0x0000000087e00000|100%| O|  |TAMS 0x0000000087e00000, 0x0000000087d00000| Complete 
| 126|0x0000000087e00000, 0x0000000087f00000, 0x0000000087f00000|100%| O|  |TAMS 0x0000000087f00000, 0x0000000087e00000| Complete 
| 127|0x0000000087f00000, 0x0000000088000000, 0x0000000088000000|100%| O|  |TAMS 0x0000000088000000, 0x0000000087f00000| Untracked 
| 128|0x0000000088000000, 0x0000000088100000, 0x0000000088100000|100%| O|  |TAMS 0x0000000088100000, 0x0000000088000000| Complete 
| 129|0x0000000088100000, 0x0000000088200000, 0x0000000088200000|100%| O|  |TAMS 0x0000000088200000, 0x0000000088100000| Untracked 
| 130|0x0000000088200000, 0x0000000088300000, 0x0000000088300000|100%| O|  |TAMS 0x0000000088300000, 0x0000000088200000| Complete 
| 131|0x0000000088300000, 0x0000000088400000, 0x0000000088400000|100%| O|  |TAMS 0x0000000088400000, 0x0000000088300000| Complete 
| 132|0x0000000088400000, 0x0000000088500000, 0x0000000088500000|100%| O|  |TAMS 0x0000000088500000, 0x0000000088400000| Complete 
| 133|0x0000000088500000, 0x0000000088600000, 0x0000000088600000|100%| O|  |TAMS 0x0000000088600000, 0x0000000088500000| Complete 
| 134|0x0000000088600000, 0x0000000088700000, 0x0000000088700000|100%| O|  |TAMS 0x0000000088700000, 0x0000000088600000| Complete 
| 135|0x0000000088700000, 0x0000000088800000, 0x0000000088800000|100%| O|  |TAMS 0x0000000088800000, 0x0000000088700000| Untracked 
| 136|0x0000000088800000, 0x0000000088900000, 0x0000000088900000|100%| O|  |TAMS 0x0000000088900000, 0x0000000088800000| Complete 
| 137|0x0000000088900000, 0x0000000088a00000, 0x0000000088a00000|100%|HS|  |TAMS 0x0000000088900000, 0x0000000088900000| Complete 
| 138|0x0000000088a00000, 0x0000000088b00000, 0x0000000088b00000|100%|HC|  |TAMS 0x0000000088a00000, 0x0000000088a00000| Complete 
| 139|0x0000000088b00000, 0x0000000088c00000, 0x0000000088c00000|100%| O|  |TAMS 0x0000000088c00000, 0x0000000088b00000| Complete 
| 140|0x0000000088c00000, 0x0000000088d00000, 0x0000000088d00000|100%|HS|  |TAMS 0x0000000088c00000, 0x0000000088c00000| Complete 
| 141|0x0000000088d00000, 0x0000000088e00000, 0x0000000088e00000|100%|HC|  |TAMS 0x0000000088d00000, 0x0000000088d00000| Complete 
| 142|0x0000000088e00000, 0x0000000088f00000, 0x0000000088f00000|100%|HS|  |TAMS 0x0000000088e00000, 0x0000000088e00000| Complete 
| 143|0x0000000088f00000, 0x0000000089000000, 0x0000000089000000|100%|HC|  |TAMS 0x0000000088f00000, 0x0000000088f00000| Complete 
| 144|0x0000000089000000, 0x0000000089100000, 0x0000000089100000|100%| O|  |TAMS 0x0000000089100000, 0x0000000089000000| Complete 
| 145|0x0000000089100000, 0x0000000089200000, 0x0000000089200000|100%| O|  |TAMS 0x0000000089200000, 0x0000000089100000| Complete 
| 146|0x0000000089200000, 0x0000000089300000, 0x0000000089300000|100%| O|  |TAMS 0x0000000089300000, 0x0000000089200000| Complete 
| 147|0x0000000089300000, 0x0000000089400000, 0x0000000089400000|100%| O|  |TAMS 0x0000000089400000, 0x0000000089300000| Complete 
| 148|0x0000000089400000, 0x0000000089400000, 0x0000000089500000|  0%| F|  |TAMS 0x0000000089400000, 0x0000000089400000| Untracked 
| 149|0x0000000089500000, 0x0000000089600000, 0x0000000089600000|100%|HS|  |TAMS 0x0000000089500000, 0x0000000089500000| Complete 
| 150|0x0000000089600000, 0x0000000089700000, 0x0000000089700000|100%|HC|  |TAMS 0x0000000089600000, 0x0000000089600000| Complete 
| 151|0x0000000089700000, 0x0000000089800000, 0x0000000089800000|100%|HC|  |TAMS 0x0000000089700000, 0x0000000089700000| Complete 
| 152|0x0000000089800000, 0x0000000089900000, 0x0000000089900000|100%|HC|  |TAMS 0x0000000089800000, 0x0000000089800000| Complete 
| 153|0x0000000089900000, 0x0000000089a00000, 0x0000000089a00000|100%|HC|  |TAMS 0x0000000089900000, 0x0000000089900000| Complete 
| 154|0x0000000089a00000, 0x0000000089b00000, 0x0000000089b00000|100%|HC|  |TAMS 0x0000000089a00000, 0x0000000089a00000| Complete 
| 155|0x0000000089b00000, 0x0000000089b00000, 0x0000000089c00000|  0%| F|  |TAMS 0x0000000089b00000, 0x0000000089b00000| Untracked 
| 156|0x0000000089c00000, 0x0000000089d00000, 0x0000000089d00000|100%| O|  |TAMS 0x0000000089d00000, 0x0000000089c00000| Complete 
| 157|0x0000000089d00000, 0x0000000089e00000, 0x0000000089e00000|100%| O|  |TAMS 0x0000000089e00000, 0x0000000089d00000| Complete 
| 158|0x0000000089e00000, 0x0000000089f00000, 0x0000000089f00000|100%| O|  |TAMS 0x0000000089f00000, 0x0000000089e00000| Complete 
| 159|0x0000000089f00000, 0x000000008a000000, 0x000000008a000000|100%| O|  |TAMS 0x000000008a000000, 0x0000000089f00000| Complete 
| 160|0x000000008a000000, 0x000000008a03cc00, 0x000000008a100000| 23%| O|  |TAMS 0x000000008a03cc00, 0x000000008a000000| Untracked 
| 161|0x000000008a100000, 0x000000008a200000, 0x000000008a200000|100%|HS|  |TAMS 0x000000008a100000, 0x000000008a100000| Complete 
| 162|0x000000008a200000, 0x000000008a300000, 0x000000008a300000|100%|HC|  |TAMS 0x000000008a200000, 0x000000008a200000| Complete 
| 163|0x000000008a300000, 0x000000008a400000, 0x000000008a400000|100%|HC|  |TAMS 0x000000008a300000, 0x000000008a300000| Complete 
| 164|0x000000008a400000, 0x000000008a500000, 0x000000008a500000|100%|HC|  |TAMS 0x000000008a400000, 0x000000008a400000| Complete 
| 165|0x000000008a500000, 0x000000008a600000, 0x000000008a600000|100%|HC|  |TAMS 0x000000008a500000, 0x000000008a500000| Complete 
| 166|0x000000008a600000, 0x000000008a700000, 0x000000008a700000|100%|HC|  |TAMS 0x000000008a600000, 0x000000008a600000| Complete 
| 167|0x000000008a700000, 0x000000008a800000, 0x000000008a800000|100%|HS|  |TAMS 0x000000008a700000, 0x000000008a700000| Complete 
| 168|0x000000008a800000, 0x000000008a900000, 0x000000008a900000|100%|HC|  |TAMS 0x000000008a800000, 0x000000008a800000| Complete 
| 169|0x000000008a900000, 0x000000008aa00000, 0x000000008aa00000|100%|HS|  |TAMS 0x000000008a900000, 0x000000008a900000| Complete 
| 170|0x000000008aa00000, 0x000000008ab00000, 0x000000008ab00000|100%|HC|  |TAMS 0x000000008aa00000, 0x000000008aa00000| Complete 
| 171|0x000000008ab00000, 0x000000008ac00000, 0x000000008ac00000|100%|HS|  |TAMS 0x000000008ab00000, 0x000000008ab00000| Complete 
| 172|0x000000008ac00000, 0x000000008ad00000, 0x000000008ad00000|100%|HC|  |TAMS 0x000000008ac00000, 0x000000008ac00000| Complete 
| 173|0x000000008ad00000, 0x000000008ae00000, 0x000000008ae00000|100%|HS|  |TAMS 0x000000008ad00000, 0x000000008ad00000| Complete 
| 174|0x000000008ae00000, 0x000000008af00000, 0x000000008af00000|100%|HC|  |TAMS 0x000000008ae00000, 0x000000008ae00000| Complete 
| 175|0x000000008af00000, 0x000000008b000000, 0x000000008b000000|100%|HS|  |TAMS 0x000000008af00000, 0x000000008af00000| Complete 
| 176|0x000000008b000000, 0x000000008b100000, 0x000000008b100000|100%|HC|  |TAMS 0x000000008b000000, 0x000000008b000000| Complete 
| 177|0x000000008b100000, 0x000000008b200000, 0x000000008b200000|100%|HS|  |TAMS 0x000000008b100000, 0x000000008b100000| Complete 
| 178|0x000000008b200000, 0x000000008b300000, 0x000000008b300000|100%|HC|  |TAMS 0x000000008b200000, 0x000000008b200000| Complete 
| 179|0x000000008b300000, 0x000000008b300000, 0x000000008b400000|  0%| F|  |TAMS 0x000000008b300000, 0x000000008b300000| Untracked 
| 180|0x000000008b400000, 0x000000008b400000, 0x000000008b500000|  0%| F|  |TAMS 0x000000008b400000, 0x000000008b400000| Untracked 
| 181|0x000000008b500000, 0x000000008b500000, 0x000000008b600000|  0%| F|  |TAMS 0x000000008b500000, 0x000000008b500000| Untracked 
| 182|0x000000008b600000, 0x000000008b600000, 0x000000008b700000|  0%| F|  |TAMS 0x000000008b600000, 0x000000008b600000| Untracked 
| 183|0x000000008b700000, 0x000000008b700000, 0x000000008b800000|  0%| F|  |TAMS 0x000000008b700000, 0x000000008b700000| Untracked 
| 184|0x000000008b800000, 0x000000008b800000, 0x000000008b900000|  0%| F|  |TAMS 0x000000008b800000, 0x000000008b800000| Untracked 
| 185|0x000000008b900000, 0x000000008b900000, 0x000000008ba00000|  0%| F|  |TAMS 0x000000008b900000, 0x000000008b900000| Untracked 
| 186|0x000000008ba00000, 0x000000008ba00000, 0x000000008bb00000|  0%| F|  |TAMS 0x000000008ba00000, 0x000000008ba00000| Untracked 
| 187|0x000000008bb00000, 0x000000008bb00000, 0x000000008bc00000|  0%| F|  |TAMS 0x000000008bb00000, 0x000000008bb00000| Untracked 
| 188|0x000000008bc00000, 0x000000008bc00000, 0x000000008bd00000|  0%| F|  |TAMS 0x000000008bc00000, 0x000000008bc00000| Untracked 
| 189|0x000000008bd00000, 0x000000008bd00000, 0x000000008be00000|  0%| F|  |TAMS 0x000000008bd00000, 0x000000008bd00000| Untracked 
| 190|0x000000008be00000, 0x000000008be00000, 0x000000008bf00000|  0%| F|  |TAMS 0x000000008be00000, 0x000000008be00000| Untracked 
| 191|0x000000008bf00000, 0x000000008bf00000, 0x000000008c000000|  0%| F|  |TAMS 0x000000008bf00000, 0x000000008bf00000| Untracked 
| 192|0x000000008c000000, 0x000000008c000000, 0x000000008c100000|  0%| F|  |TAMS 0x000000008c000000, 0x000000008c000000| Untracked 
| 193|0x000000008c100000, 0x000000008c100000, 0x000000008c200000|  0%| F|  |TAMS 0x000000008c100000, 0x000000008c100000| Untracked 
| 194|0x000000008c200000, 0x000000008c200000, 0x000000008c300000|  0%| F|  |TAMS 0x000000008c200000, 0x000000008c200000| Untracked 
| 195|0x000000008c300000, 0x000000008c300000, 0x000000008c400000|  0%| F|  |TAMS 0x000000008c300000, 0x000000008c300000| Untracked 
| 196|0x000000008c400000, 0x000000008c400000, 0x000000008c500000|  0%| F|  |TAMS 0x000000008c400000, 0x000000008c400000| Untracked 
| 197|0x000000008c500000, 0x000000008c500000, 0x000000008c600000|  0%| F|  |TAMS 0x000000008c500000, 0x000000008c500000| Untracked 
| 198|0x000000008c600000, 0x000000008c600000, 0x000000008c700000|  0%| F|  |TAMS 0x000000008c600000, 0x000000008c600000| Untracked 
| 199|0x000000008c700000, 0x000000008c700000, 0x000000008c800000|  0%| F|  |TAMS 0x000000008c700000, 0x000000008c700000| Untracked 
| 200|0x000000008c800000, 0x000000008c800000, 0x000000008c900000|  0%| F|  |TAMS 0x000000008c800000, 0x000000008c800000| Untracked 
| 201|0x000000008c900000, 0x000000008c900000, 0x000000008ca00000|  0%| F|  |TAMS 0x000000008c900000, 0x000000008c900000| Untracked 
| 202|0x000000008ca00000, 0x000000008ca00000, 0x000000008cb00000|  0%| F|  |TAMS 0x000000008ca00000, 0x000000008ca00000| Untracked 
| 203|0x000000008cb00000, 0x000000008cb00000, 0x000000008cc00000|  0%| F|  |TAMS 0x000000008cb00000, 0x000000008cb00000| Untracked 
| 204|0x000000008cc00000, 0x000000008cc00000, 0x000000008cd00000|  0%| F|  |TAMS 0x000000008cc00000, 0x000000008cc00000| Untracked 
| 205|0x000000008cd00000, 0x000000008cd00000, 0x000000008ce00000|  0%| F|  |TAMS 0x000000008cd00000, 0x000000008cd00000| Untracked 
| 206|0x000000008ce00000, 0x000000008ce00000, 0x000000008cf00000|  0%| F|  |TAMS 0x000000008ce00000, 0x000000008ce00000| Untracked 
| 207|0x000000008cf00000, 0x000000008cf00000, 0x000000008d000000|  0%| F|  |TAMS 0x000000008cf00000, 0x000000008cf00000| Untracked 
| 208|0x000000008d000000, 0x000000008d000000, 0x000000008d100000|  0%| F|  |TAMS 0x000000008d000000, 0x000000008d000000| Untracked 
| 209|0x000000008d100000, 0x000000008d100000, 0x000000008d200000|  0%| F|  |TAMS 0x000000008d100000, 0x000000008d100000| Untracked 
| 210|0x000000008d200000, 0x000000008d200000, 0x000000008d300000|  0%| F|  |TAMS 0x000000008d200000, 0x000000008d200000| Untracked 
| 211|0x000000008d300000, 0x000000008d300000, 0x000000008d400000|  0%| F|  |TAMS 0x000000008d300000, 0x000000008d300000| Untracked 
| 212|0x000000008d400000, 0x000000008d400000, 0x000000008d500000|  0%| F|  |TAMS 0x000000008d400000, 0x000000008d400000| Untracked 
| 213|0x000000008d500000, 0x000000008d500000, 0x000000008d600000|  0%| F|  |TAMS 0x000000008d500000, 0x000000008d500000| Untracked 
| 214|0x000000008d600000, 0x000000008d600000, 0x000000008d700000|  0%| F|  |TAMS 0x000000008d600000, 0x000000008d600000| Untracked 
| 215|0x000000008d700000, 0x000000008d700000, 0x000000008d800000|  0%| F|  |TAMS 0x000000008d700000, 0x000000008d700000| Untracked 
| 216|0x000000008d800000, 0x000000008d800000, 0x000000008d900000|  0%| F|  |TAMS 0x000000008d800000, 0x000000008d800000| Untracked 
| 217|0x000000008d900000, 0x000000008d900000, 0x000000008da00000|  0%| F|  |TAMS 0x000000008d900000, 0x000000008d900000| Untracked 
| 218|0x000000008da00000, 0x000000008da00000, 0x000000008db00000|  0%| F|  |TAMS 0x000000008da00000, 0x000000008da00000| Untracked 
| 219|0x000000008db00000, 0x000000008db00000, 0x000000008dc00000|  0%| F|  |TAMS 0x000000008db00000, 0x000000008db00000| Untracked 
| 220|0x000000008dc00000, 0x000000008dc00000, 0x000000008dd00000|  0%| F|  |TAMS 0x000000008dc00000, 0x000000008dc00000| Untracked 
| 221|0x000000008dd00000, 0x000000008dd00000, 0x000000008de00000|  0%| F|  |TAMS 0x000000008dd00000, 0x000000008dd00000| Untracked 
| 222|0x000000008de00000, 0x000000008de00000, 0x000000008df00000|  0%| F|  |TAMS 0x000000008de00000, 0x000000008de00000| Untracked 
| 223|0x000000008df00000, 0x000000008df00000, 0x000000008e000000|  0%| F|  |TAMS 0x000000008df00000, 0x000000008df00000| Untracked 
| 224|0x000000008e000000, 0x000000008e000000, 0x000000008e100000|  0%| F|  |TAMS 0x000000008e000000, 0x000000008e000000| Untracked 
| 225|0x000000008e100000, 0x000000008e100000, 0x000000008e200000|  0%| F|  |TAMS 0x000000008e100000, 0x000000008e100000| Untracked 
| 226|0x000000008e200000, 0x000000008e200000, 0x000000008e300000|  0%| F|  |TAMS 0x000000008e200000, 0x000000008e200000| Untracked 
| 227|0x000000008e300000, 0x000000008e300000, 0x000000008e400000|  0%| F|  |TAMS 0x000000008e300000, 0x000000008e300000| Untracked 
| 228|0x000000008e400000, 0x000000008e400000, 0x000000008e500000|  0%| F|  |TAMS 0x000000008e400000, 0x000000008e400000| Untracked 
| 229|0x000000008e500000, 0x000000008e500000, 0x000000008e600000|  0%| F|  |TAMS 0x000000008e500000, 0x000000008e500000| Untracked 
| 230|0x000000008e600000, 0x000000008e600000, 0x000000008e700000|  0%| F|  |TAMS 0x000000008e600000, 0x000000008e600000| Untracked 
| 231|0x000000008e700000, 0x000000008e700000, 0x000000008e800000|  0%| F|  |TAMS 0x000000008e700000, 0x000000008e700000| Untracked 
| 232|0x000000008e800000, 0x000000008e800000, 0x000000008e900000|  0%| F|  |TAMS 0x000000008e800000, 0x000000008e800000| Untracked 
| 233|0x000000008e900000, 0x000000008e900000, 0x000000008ea00000|  0%| F|  |TAMS 0x000000008e900000, 0x000000008e900000| Untracked 
| 234|0x000000008ea00000, 0x000000008ea00000, 0x000000008eb00000|  0%| F|  |TAMS 0x000000008ea00000, 0x000000008ea00000| Untracked 
| 235|0x000000008eb00000, 0x000000008eb00000, 0x000000008ec00000|  0%| F|  |TAMS 0x000000008eb00000, 0x000000008eb00000| Untracked 
| 236|0x000000008ec00000, 0x000000008ec00000, 0x000000008ed00000|  0%| F|  |TAMS 0x000000008ec00000, 0x000000008ec00000| Untracked 
| 237|0x000000008ed00000, 0x000000008ed00000, 0x000000008ee00000|  0%| F|  |TAMS 0x000000008ed00000, 0x000000008ed00000| Untracked 
| 238|0x000000008ee00000, 0x000000008ee00000, 0x000000008ef00000|  0%| F|  |TAMS 0x000000008ee00000, 0x000000008ee00000| Untracked 
| 239|0x000000008ef00000, 0x000000008ef00000, 0x000000008f000000|  0%| F|  |TAMS 0x000000008ef00000, 0x000000008ef00000| Untracked 
| 240|0x000000008f000000, 0x000000008f000000, 0x000000008f100000|  0%| F|  |TAMS 0x000000008f000000, 0x000000008f000000| Untracked 
| 241|0x000000008f100000, 0x000000008f100000, 0x000000008f200000|  0%| F|  |TAMS 0x000000008f100000, 0x000000008f100000| Untracked 
| 242|0x000000008f200000, 0x000000008f200000, 0x000000008f300000|  0%| F|  |TAMS 0x000000008f200000, 0x000000008f200000| Untracked 
| 243|0x000000008f300000, 0x000000008f300000, 0x000000008f400000|  0%| F|  |TAMS 0x000000008f300000, 0x000000008f300000| Untracked 
| 244|0x000000008f400000, 0x000000008f400000, 0x000000008f500000|  0%| F|  |TAMS 0x000000008f400000, 0x000000008f400000| Untracked 
| 245|0x000000008f500000, 0x000000008f500000, 0x000000008f600000|  0%| F|  |TAMS 0x000000008f500000, 0x000000008f500000| Untracked 
| 246|0x000000008f600000, 0x000000008f600000, 0x000000008f700000|  0%| F|  |TAMS 0x000000008f600000, 0x000000008f600000| Untracked 
| 247|0x000000008f700000, 0x000000008f700000, 0x000000008f800000|  0%| F|  |TAMS 0x000000008f700000, 0x000000008f700000| Untracked 
| 248|0x000000008f800000, 0x000000008f878fe0, 0x000000008f900000| 47%| E|  |TAMS 0x000000008f800000, 0x000000008f800000| Complete 
| 249|0x000000008f900000, 0x000000008fa00000, 0x000000008fa00000|100%| E|CS|TAMS 0x000000008f900000, 0x000000008f900000| Complete 
| 250|0x000000008fa00000, 0x000000008fb00000, 0x000000008fb00000|100%| E|CS|TAMS 0x000000008fa00000, 0x000000008fa00000| Complete 
| 251|0x000000008fb00000, 0x000000008fc00000, 0x000000008fc00000|100%| E|CS|TAMS 0x000000008fb00000, 0x000000008fb00000| Complete 
| 252|0x000000008fc00000, 0x000000008fd00000, 0x000000008fd00000|100%| E|CS|TAMS 0x000000008fc00000, 0x000000008fc00000| Complete 
| 253|0x000000008fd00000, 0x000000008fe00000, 0x000000008fe00000|100%| E|CS|TAMS 0x000000008fd00000, 0x000000008fd00000| Complete 
| 254|0x000000008fe00000, 0x000000008ff00000, 0x000000008ff00000|100%| E|CS|TAMS 0x000000008fe00000, 0x000000008fe00000| Complete 
| 255|0x000000008ff00000, 0x0000000090000000, 0x0000000090000000|100%| E|CS|TAMS 0x000000008ff00000, 0x000000008ff00000| Complete 
| 256|0x0000000090000000, 0x0000000090100000, 0x0000000090100000|100%| E|CS|TAMS 0x0000000090000000, 0x0000000090000000| Complete 
| 257|0x0000000090100000, 0x0000000090200000, 0x0000000090200000|100%| E|CS|TAMS 0x0000000090100000, 0x0000000090100000| Complete 
| 258|0x0000000090200000, 0x0000000090300000, 0x0000000090300000|100%| E|CS|TAMS 0x0000000090200000, 0x0000000090200000| Complete 
| 259|0x0000000090300000, 0x0000000090400000, 0x0000000090400000|100%| E|CS|TAMS 0x0000000090300000, 0x0000000090300000| Complete 
| 260|0x0000000090400000, 0x0000000090500000, 0x0000000090500000|100%| E|CS|TAMS 0x0000000090400000, 0x0000000090400000| Complete 
| 261|0x0000000090500000, 0x0000000090600000, 0x0000000090600000|100%| E|CS|TAMS 0x0000000090500000, 0x0000000090500000| Complete 
| 262|0x0000000090600000, 0x0000000090700000, 0x0000000090700000|100%| E|CS|TAMS 0x0000000090600000, 0x0000000090600000| Complete 
| 263|0x0000000090700000, 0x0000000090800000, 0x0000000090800000|100%| E|CS|TAMS 0x0000000090700000, 0x0000000090700000| Complete 
| 264|0x0000000090800000, 0x000000009085da00, 0x0000000090900000| 36%| S|CS|TAMS 0x0000000090800000, 0x0000000090800000| Complete 
| 265|0x0000000090900000, 0x0000000090a00000, 0x0000000090a00000|100%| S|CS|TAMS 0x0000000090900000, 0x0000000090900000| Complete 
| 266|0x0000000090a00000, 0x0000000090b00000, 0x0000000090b00000|100%| S|CS|TAMS 0x0000000090a00000, 0x0000000090a00000| Complete 
| 267|0x0000000090b00000, 0x0000000090c00000, 0x0000000090c00000|100%| S|CS|TAMS 0x0000000090b00000, 0x0000000090b00000| Complete 
| 268|0x0000000090c00000, 0x0000000090d00000, 0x0000000090d00000|100%| S|CS|TAMS 0x0000000090c00000, 0x0000000090c00000| Complete 
| 269|0x0000000090d00000, 0x0000000090e00000, 0x0000000090e00000|100%| S|CS|TAMS 0x0000000090d00000, 0x0000000090d00000| Complete 
| 270|0x0000000090e00000, 0x0000000090f00000, 0x0000000090f00000|100%| E|CS|TAMS 0x0000000090e00000, 0x0000000090e00000| Complete 
| 271|0x0000000090f00000, 0x0000000091000000, 0x0000000091000000|100%| E|CS|TAMS 0x0000000090f00000, 0x0000000090f00000| Complete 
| 272|0x0000000091000000, 0x0000000091100000, 0x0000000091100000|100%| E|CS|TAMS 0x0000000091000000, 0x0000000091000000| Complete 
| 273|0x0000000091100000, 0x0000000091200000, 0x0000000091200000|100%| E|CS|TAMS 0x0000000091100000, 0x0000000091100000| Complete 
| 274|0x0000000091200000, 0x0000000091300000, 0x0000000091300000|100%| E|CS|TAMS 0x0000000091200000, 0x0000000091200000| Complete 
| 275|0x0000000091300000, 0x0000000091400000, 0x0000000091400000|100%| E|CS|TAMS 0x0000000091300000, 0x0000000091300000| Complete 
| 276|0x0000000091400000, 0x0000000091500000, 0x0000000091500000|100%| E|CS|TAMS 0x0000000091400000, 0x0000000091400000| Complete 
| 277|0x0000000091500000, 0x0000000091600000, 0x0000000091600000|100%| E|CS|TAMS 0x0000000091500000, 0x0000000091500000| Complete 
| 278|0x0000000091600000, 0x0000000091700000, 0x0000000091700000|100%| E|CS|TAMS 0x0000000091600000, 0x0000000091600000| Complete 
| 279|0x0000000091700000, 0x0000000091800000, 0x0000000091800000|100%| E|CS|TAMS 0x0000000091700000, 0x0000000091700000| Complete 
| 280|0x0000000091800000, 0x0000000091900000, 0x0000000091900000|100%| E|CS|TAMS 0x0000000091800000, 0x0000000091800000| Complete 
| 281|0x0000000091900000, 0x0000000091a00000, 0x0000000091a00000|100%| E|CS|TAMS 0x0000000091900000, 0x0000000091900000| Complete 
| 282|0x0000000091a00000, 0x0000000091b00000, 0x0000000091b00000|100%| E|CS|TAMS 0x0000000091a00000, 0x0000000091a00000| Complete 
| 283|0x0000000091b00000, 0x0000000091c00000, 0x0000000091c00000|100%| E|CS|TAMS 0x0000000091b00000, 0x0000000091b00000| Complete 
| 284|0x0000000091c00000, 0x0000000091d00000, 0x0000000091d00000|100%| E|CS|TAMS 0x0000000091c00000, 0x0000000091c00000| Complete 
| 285|0x0000000091d00000, 0x0000000091e00000, 0x0000000091e00000|100%| E|CS|TAMS 0x0000000091d00000, 0x0000000091d00000| Complete 
| 286|0x0000000091e00000, 0x0000000091f00000, 0x0000000091f00000|100%| E|CS|TAMS 0x0000000091e00000, 0x0000000091e00000| Complete 
| 287|0x0000000091f00000, 0x0000000092000000, 0x0000000092000000|100%| E|CS|TAMS 0x0000000091f00000, 0x0000000091f00000| Complete 
| 288|0x0000000092000000, 0x0000000092100000, 0x0000000092100000|100%| E|  |TAMS 0x0000000092000000, 0x0000000092000000| Complete 
| 289|0x0000000092100000, 0x0000000092200000, 0x0000000092200000|100%| E|CS|TAMS 0x0000000092100000, 0x0000000092100000| Complete 
| 290|0x0000000092200000, 0x0000000092300000, 0x0000000092300000|100%| E|CS|TAMS 0x0000000092200000, 0x0000000092200000| Complete 
| 291|0x0000000092300000, 0x0000000092400000, 0x0000000092400000|100%| E|CS|TAMS 0x0000000092300000, 0x0000000092300000| Complete 
| 292|0x0000000092400000, 0x0000000092500000, 0x0000000092500000|100%| E|CS|TAMS 0x0000000092400000, 0x0000000092400000| Complete 
| 293|0x0000000092500000, 0x0000000092600000, 0x0000000092600000|100%| E|CS|TAMS 0x0000000092500000, 0x0000000092500000| Complete 
| 294|0x0000000092600000, 0x0000000092700000, 0x0000000092700000|100%| E|CS|TAMS 0x0000000092600000, 0x0000000092600000| Complete 
| 295|0x0000000092700000, 0x0000000092800000, 0x0000000092800000|100%| E|CS|TAMS 0x0000000092700000, 0x0000000092700000| Complete 
| 296|0x0000000092800000, 0x0000000092900000, 0x0000000092900000|100%| E|CS|TAMS 0x0000000092800000, 0x0000000092800000| Complete 
| 297|0x0000000092900000, 0x0000000092a00000, 0x0000000092a00000|100%| E|CS|TAMS 0x0000000092900000, 0x0000000092900000| Complete 
| 298|0x0000000092a00000, 0x0000000092b00000, 0x0000000092b00000|100%| E|CS|TAMS 0x0000000092a00000, 0x0000000092a00000| Complete 
| 299|0x0000000092b00000, 0x0000000092c00000, 0x0000000092c00000|100%| E|CS|TAMS 0x0000000092b00000, 0x0000000092b00000| Complete 
| 300|0x0000000092c00000, 0x0000000092d00000, 0x0000000092d00000|100%| E|CS|TAMS 0x0000000092c00000, 0x0000000092c00000| Complete 
| 301|0x0000000092d00000, 0x0000000092e00000, 0x0000000092e00000|100%| E|CS|TAMS 0x0000000092d00000, 0x0000000092d00000| Complete 
| 302|0x0000000092e00000, 0x0000000092f00000, 0x0000000092f00000|100%| E|CS|TAMS 0x0000000092e00000, 0x0000000092e00000| Complete 
| 303|0x0000000092f00000, 0x0000000093000000, 0x0000000093000000|100%| E|CS|TAMS 0x0000000092f00000, 0x0000000092f00000| Complete 
| 304|0x0000000093000000, 0x0000000093100000, 0x0000000093100000|100%| E|CS|TAMS 0x0000000093000000, 0x0000000093000000| Complete 
| 305|0x0000000093100000, 0x0000000093200000, 0x0000000093200000|100%| E|CS|TAMS 0x0000000093100000, 0x0000000093100000| Complete 
| 306|0x0000000093200000, 0x0000000093300000, 0x0000000093300000|100%| E|CS|TAMS 0x0000000093200000, 0x0000000093200000| Complete 
| 307|0x0000000093300000, 0x0000000093400000, 0x0000000093400000|100%| E|CS|TAMS 0x0000000093300000, 0x0000000093300000| Complete 
| 308|0x0000000093400000, 0x0000000093500000, 0x0000000093500000|100%| E|CS|TAMS 0x0000000093400000, 0x0000000093400000| Complete 
| 309|0x0000000093500000, 0x0000000093600000, 0x0000000093600000|100%| E|CS|TAMS 0x0000000093500000, 0x0000000093500000| Complete 

Card table byte_map: [0x00000278f4f40000,0x00000278f5340000] _byte_map_base: 0x00000278f4b40000

Marking Bits (Prev, Next): (CMBitMap*) 0x00000278ed0cdaf0, (CMBitMap*) 0x00000278ed0cdb30
 Prev Bits: [0x00000278f5740000, 0x00000278f7740000)
 Next Bits: [0x00000278f7740000, 0x00000278f9740000)

Polling page: 0x00000278eb070000

Metaspace:

Usage:
  Non-class:     79.70 MB used.
      Class:     12.31 MB used.
       Both:     92.01 MB used.

Virtual space:
  Non-class space:       88.00 MB reserved,      80.06 MB ( 91%) committed,  11 nodes.
      Class space:        1.00 GB reserved,      12.62 MB (  1%) committed,  1 nodes.
              Both:        1.09 GB reserved,      92.69 MB (  8%) committed. 

Chunk freelists:
   Non-Class:  3.30 MB
       Class:  3.34 MB
        Both:  6.63 MB

MaxMetaspaceSize: 17179869184.00 GB
CompressedClassSpaceSize: 1.00 GB
 - commit_granule_bytes: 65536.
 - commit_granule_words: 8192.
 - virtual_space_node_default_size: 1048576.
 - enlarge_chunks_in_place: 1.
 - new_chunks_are_fully_committed: 0.
 - uncommit_free_chunks: 1.
 - use_allocation_guard: 0.
 - handle_deallocations: 1.


Internal statistics:

num_allocs_failed_limit: 6.
num_arena_births: 848.
num_arena_deaths: 14.
num_vsnodes_births: 12.
num_vsnodes_deaths: 0.
num_space_committed: 1483.
num_space_uncommitted: 0.
num_chunks_returned_to_freelist: 26.
num_chunks_taken_from_freelist: 4564.
num_chunk_merges: 15.
num_chunk_splits: 3107.
num_chunks_enlarged: 2168.
num_purges: 2.

CodeHeap 'non-profiled nmethods': size=120000Kb used=7510Kb max_used=7510Kb free=112489Kb
 bounds [0x0000027887ad0000, 0x0000027888230000, 0x000002788f000000]
CodeHeap 'profiled nmethods': size=120000Kb used=22318Kb max_used=22318Kb free=97681Kb
 bounds [0x00000278805a0000, 0x0000027881b70000, 0x0000027887ad0000]
CodeHeap 'non-nmethods': size=5760Kb used=2443Kb max_used=2504Kb free=3316Kb
 bounds [0x0000027880000000, 0x0000027880280000, 0x00000278805a0000]
 total_blobs=12938 nmethods=11977 adapters=873
 compilation: enabled
              stopped_count=0, restarted_count=0
 full_count=0

Compilation events (20 events):
Event: 469.116 Thread 0x00000278fc126c70 nmethod 14235 0x0000027881b32e10 code [0x0000027881b32fc0, 0x0000027881b331a8]
Event: 469.116 Thread 0x00000278fc126c70 14237       3       org.gradle.api.internal.artifacts.ivyservice.ivyresolve.strategy.StaticVersionComparator::compare (13 bytes)
Event: 469.116 Thread 0x00000278fc126c70 nmethod 14237 0x0000027881b33290 code [0x0000027881b33460, 0x0000027881b337e8]
Event: 469.116 Thread 0x00000278fc126c70 14238       3       org.gradle.api.internal.artifacts.ivyservice.ivyresolve.ErrorHandlingModuleComponentRepository$ErrorHandlingModuleComponentRepositoryAccess$$Lambda$499/0x000000080110dc80::call (8 bytes)
Event: 469.117 Thread 0x00000278fc126c70 nmethod 14238 0x0000027881b33910 code [0x0000027881b33ac0, 0x0000027881b33d08]
Event: 469.117 Thread 0x00000278fc126c70 14239       3       org.gradle.api.internal.artifacts.ivyservice.ivyresolve.ErrorHandlingModuleComponentRepository$ErrorHandlingModuleComponentRepositoryAccess::lambda$tryResolveAndMaybeBlacklist$18 (8 bytes)
Event: 469.117 Thread 0x00000278fc126c70 nmethod 14239 0x0000027881b33e10 code [0x0000027881b33fc0, 0x0000027881b34188]
Event: 469.120 Thread 0x00000278fc126c70 14241       3       org.gradle.api.internal.artifacts.ivyservice.resolveengine.graph.builder.NodeState::computeExclusionFilter (49 bytes)
Event: 469.120 Thread 0x00000278fc126c70 nmethod 14241 0x0000027881b34290 code [0x0000027881b344a0, 0x0000027881b34ad8]
Event: 469.121 Thread 0x00000278fc126c70 14242       3       org.gradle.api.internal.artifacts.ivyservice.resolveengine.graph.builder.NodeState::joinEdgeAndNodeExclusionsThenCacheResult (33 bytes)
Event: 469.121 Thread 0x00000278fc126c70 nmethod 14242 0x0000027881b34c90 code [0x0000027881b34e40, 0x0000027881b35108]
Event: 469.121 Thread 0x00000278fc126c70 14243       3       org.gradle.api.internal.artifacts.ivyservice.resolveengine.graph.builder.ComponentState::evict (8 bytes)
Event: 469.121 Thread 0x00000278fc126c70 nmethod 14243 0x0000027881b35290 code [0x0000027881b35440, 0x0000027881b355b8]
Event: 469.121 Thread 0x00000278fc126c70 14244       3       org.gradle.api.internal.artifacts.ivyservice.resolveengine.graph.conflicts.DefaultConflictHandler::registerCandidate (9 bytes)
Event: 469.121 Thread 0x00000278fc126c70 nmethod 14244 0x0000027881b35690 code [0x0000027881b35840, 0x0000027881b35aa8]
Event: 469.121 Thread 0x00000278fc126c70 14245       3       org.gradle.api.internal.artifacts.ivyservice.resolveengine.graph.conflicts.DefaultConflictHandler::registerCandidate (53 bytes)
Event: 469.122 Thread 0x00000278fc126c70 nmethod 14245 0x0000027881b35b90 code [0x0000027881b35de0, 0x0000027881b36588]
Event: 469.122 Thread 0x00000278fc126c70 14246       3       org.gradle.api.internal.artifacts.dsl.ComponentModuleMetadataContainer::getReplacementFor (14 bytes)
Event: 469.122 Thread 0x00000278fc126c70 nmethod 14246 0x0000027881b36890 code [0x0000027881b36a40, 0x0000027881b36d68]
Event: 469.122 Thread 0x00000278fc126c70 14247       3       org.gradle.api.internal.artifacts.ivyservice.resolveengine.graph.builder.ModuleResolveState::getVersions (94 bytes)

GC Heap History (20 events):
Event: 9.259 GC heap before
{Heap before GC invocations=36 (full 0):
 garbage-first heap   total 171008K, used 95398K [0x0000000080000000, 0x0000000100000000)
  region size 1024K, 16 young (16384K), 4 survivors (4096K)
 Metaspace       used 77962K, committed 78464K, reserved 1122304K
  class space    used 10495K, committed 10752K, reserved 1048576K
}
Event: 9.262 GC heap after
{Heap after GC invocations=37 (full 0):
 garbage-first heap   total 171008K, used 87324K [0x0000000080000000, 0x0000000100000000)
  region size 1024K, 6 young (6144K), 6 survivors (6144K)
 Metaspace       used 77962K, committed 78464K, reserved 1122304K
  class space    used 10495K, committed 10752K, reserved 1048576K
}
Event: 9.572 GC heap before
{Heap before GC invocations=38 (full 0):
 garbage-first heap   total 193536K, used 147740K [0x0000000080000000, 0x0000000100000000)
  region size 1024K, 49 young (50176K), 6 survivors (6144K)
 Metaspace       used 80158K, committed 80640K, reserved 1122304K
  class space    used 10971K, committed 11200K, reserved 1048576K
}
Event: 9.588 GC heap after
{Heap after GC invocations=39 (full 0):
 garbage-first heap   total 193536K, used 108177K [0x0000000080000000, 0x0000000100000000)
  region size 1024K, 7 young (7168K), 7 survivors (7168K)
 Metaspace       used 80158K, committed 80640K, reserved 1122304K
  class space    used 10971K, committed 11200K, reserved 1048576K
}
Event: 9.825 GC heap before
{Heap before GC invocations=39 (full 0):
 garbage-first heap   total 193536K, used 147089K [0x0000000080000000, 0x0000000100000000)
  region size 1024K, 46 young (47104K), 7 survivors (7168K)
 Metaspace       used 80476K, committed 81024K, reserved 1122304K
  class space    used 10977K, committed 11200K, reserved 1048576K
}
Event: 9.844 GC heap after
{Heap after GC invocations=40 (full 0):
 garbage-first heap   total 193536K, used 129231K [0x0000000080000000, 0x0000000100000000)
  region size 1024K, 6 young (6144K), 6 survivors (6144K)
 Metaspace       used 80476K, committed 81024K, reserved 1122304K
  class space    used 10977K, committed 11200K, reserved 1048576K
}
Event: 10.054 GC heap before
{Heap before GC invocations=41 (full 0):
 garbage-first heap   total 240640K, used 151759K [0x0000000080000000, 0x0000000100000000)
  region size 1024K, 28 young (28672K), 6 survivors (6144K)
 Metaspace       used 82318K, committed 82880K, reserved 1122304K
  class space    used 11249K, committed 11520K, reserved 1048576K
}
Event: 10.065 GC heap after
{Heap after GC invocations=42 (full 0):
 garbage-first heap   total 240640K, used 138273K [0x0000000080000000, 0x0000000100000000)
  region size 1024K, 4 young (4096K), 4 survivors (4096K)
 Metaspace       used 82318K, committed 82880K, reserved 1122304K
  class space    used 11249K, committed 11520K, reserved 1048576K
}
Event: 10.311 GC heap before
{Heap before GC invocations=42 (full 0):
 garbage-first heap   total 240640K, used 176161K [0x0000000080000000, 0x0000000100000000)
  region size 1024K, 42 young (43008K), 4 survivors (4096K)
 Metaspace       used 83418K, committed 83968K, reserved 1122304K
  class space    used 11395K, committed 11648K, reserved 1048576K
}
Event: 10.320 GC heap after
{Heap after GC invocations=43 (full 0):
 garbage-first heap   total 240640K, used 144476K [0x0000000080000000, 0x0000000100000000)
  region size 1024K, 6 young (6144K), 6 survivors (6144K)
 Metaspace       used 83418K, committed 83968K, reserved 1122304K
  class space    used 11395K, committed 11648K, reserved 1048576K
}
Event: 10.638 GC heap before
{Heap before GC invocations=44 (full 0):
 garbage-first heap   total 258048K, used 165980K [0x0000000080000000, 0x0000000100000000)
  region size 1024K, 30 young (30720K), 6 survivors (6144K)
 Metaspace       used 83614K, committed 84160K, reserved 1122304K
  class space    used 11415K, committed 11648K, reserved 1048576K
}
Event: 10.645 GC heap after
{Heap after GC invocations=45 (full 0):
 garbage-first heap   total 258048K, used 145420K [0x0000000080000000, 0x0000000100000000)
  region size 1024K, 3 young (3072K), 3 survivors (3072K)
 Metaspace       used 83614K, committed 84160K, reserved 1122304K
  class space    used 11415K, committed 11648K, reserved 1048576K
}
Event: 10.888 GC heap before
{Heap before GC invocations=46 (full 0):
 garbage-first heap   total 265216K, used 158732K [0x0000000080000000, 0x0000000100000000)
  region size 1024K, 17 young (17408K), 3 survivors (3072K)
 Metaspace       used 83660K, committed 84224K, reserved 1122304K
  class space    used 11422K, committed 11648K, reserved 1048576K
}
Event: 10.892 GC heap after
{Heap after GC invocations=47 (full 0):
 garbage-first heap   total 265216K, used 147441K [0x0000000080000000, 0x0000000100000000)
  region size 1024K, 4 young (4096K), 4 survivors (4096K)
 Metaspace       used 83660K, committed 84224K, reserved 1122304K
  class space    used 11422K, committed 11648K, reserved 1048576K
}
Event: 11.133 GC heap before
{Heap before GC invocations=48 (full 0):
 garbage-first heap   total 273408K, used 195569K [0x0000000080000000, 0x0000000100000000)
  region size 1024K, 50 young (51200K), 4 survivors (4096K)
 Metaspace       used 83938K, committed 84544K, reserved 1122304K
  class space    used 11456K, committed 11712K, reserved 1048576K
}
Event: 11.141 GC heap after
{Heap after GC invocations=49 (full 0):
 garbage-first heap   total 273408K, used 158306K [0x0000000080000000, 0x0000000100000000)
  region size 1024K, 8 young (8192K), 8 survivors (8192K)
 Metaspace       used 83938K, committed 84544K, reserved 1122304K
  class space    used 11456K, committed 11712K, reserved 1048576K
}
Event: 11.756 GC heap before
{Heap before GC invocations=50 (full 0):
 garbage-first heap   total 317440K, used 219746K [0x0000000080000000, 0x0000000100000000)
  region size 1024K, 61 young (62464K), 8 survivors (8192K)
 Metaspace       used 85416K, committed 86016K, reserved 1130496K
  class space    used 11670K, committed 11968K, reserved 1048576K
}
Event: 11.763 GC heap after
{Heap after GC invocations=51 (full 0):
 garbage-first heap   total 317440K, used 153060K [0x0000000080000000, 0x0000000100000000)
  region size 1024K, 2 young (2048K), 2 survivors (2048K)
 Metaspace       used 85416K, committed 86016K, reserved 1130496K
  class space    used 11670K, committed 11968K, reserved 1048576K
}
Event: 12.177 GC heap before
{Heap before GC invocations=51 (full 0):
 garbage-first heap   total 317440K, used 189924K [0x0000000080000000, 0x0000000100000000)
  region size 1024K, 40 young (40960K), 2 survivors (2048K)
 Metaspace       used 89794K, committed 90368K, reserved 1130496K
  class space    used 12230K, committed 12480K, reserved 1048576K
}
Event: 12.182 GC heap after
{Heap after GC invocations=52 (full 0):
 garbage-first heap   total 317440K, used 156507K [0x0000000080000000, 0x0000000100000000)
  region size 1024K, 6 young (6144K), 6 survivors (6144K)
 Metaspace       used 89794K, committed 90368K, reserved 1130496K
  class space    used 12230K, committed 12480K, reserved 1048576K
}

Deoptimization events (20 events):
Event: 468.964 Thread 0x000002788fdf6be0 DEOPT PACKING pc=0x00000278880a3f60 sp=0x000000eba76fb100
Event: 468.964 Thread 0x000002788fdf6be0 DEOPT UNPACKING pc=0x000002788004f92e sp=0x000000eba76fb0c8 mode 2
Event: 469.002 Thread 0x000002788fdf6be0 Uncommon trap: trap_request=0xffffffde fr.pc=0x0000027887f2f418 relative=0x00000000000002b8
Event: 469.002 Thread 0x000002788fdf6be0 Uncommon trap: reason=class_check action=maybe_recompile pc=0x0000027887f2f418 method=java.util.Map.computeIfAbsent(Ljava/lang/Object;Ljava/util/function/Function;)Ljava/lang/Object; @ 7 c2
Event: 469.002 Thread 0x000002788fdf6be0 DEOPT PACKING pc=0x0000027887f2f418 sp=0x000000eba76f8d60
Event: 469.002 Thread 0x000002788fdf6be0 DEOPT UNPACKING pc=0x000002788004f92e sp=0x000000eba76f8d18 mode 2
Event: 469.006 Thread 0x000002788fdf6be0 DEOPT PACKING pc=0x0000027880d84d61 sp=0x000000eba76f8930
Event: 469.006 Thread 0x000002788fdf6be0 DEOPT UNPACKING pc=0x000002788004e77e sp=0x000000eba76f7e28 mode 0
Event: 469.008 Thread 0x000002788fdf6be0 Uncommon trap: trap_request=0xffffffde fr.pc=0x0000027887f2f418 relative=0x00000000000002b8
Event: 469.008 Thread 0x000002788fdf6be0 Uncommon trap: reason=class_check action=maybe_recompile pc=0x0000027887f2f418 method=java.util.Map.computeIfAbsent(Ljava/lang/Object;Ljava/util/function/Function;)Ljava/lang/Object; @ 7 c2
Event: 469.008 Thread 0x000002788fdf6be0 DEOPT PACKING pc=0x0000027887f2f418 sp=0x000000eba76f8d60
Event: 469.008 Thread 0x000002788fdf6be0 DEOPT UNPACKING pc=0x000002788004f92e sp=0x000000eba76f8d18 mode 2
Event: 469.015 Thread 0x000002788fdf6be0 Uncommon trap: trap_request=0xffffffde fr.pc=0x0000027888071780 relative=0x0000000000000640
Event: 469.015 Thread 0x000002788fdf6be0 Uncommon trap: reason=class_check action=maybe_recompile pc=0x0000027888071780 method=org.gradle.cache.internal.LockOnDemandCrossProcessCacheAccess.incrementLockCount()V @ 97 c2
Event: 469.015 Thread 0x000002788fdf6be0 DEOPT PACKING pc=0x0000027888071780 sp=0x000000eba76f77a0
Event: 469.015 Thread 0x000002788fdf6be0 DEOPT UNPACKING pc=0x000002788004f92e sp=0x000000eba76f7750 mode 2
Event: 469.016 Thread 0x000002788fdf6be0 Uncommon trap: trap_request=0xffffffde fr.pc=0x0000027887f2f418 relative=0x00000000000002b8
Event: 469.016 Thread 0x000002788fdf6be0 Uncommon trap: reason=class_check action=maybe_recompile pc=0x0000027887f2f418 method=java.util.Map.computeIfAbsent(Ljava/lang/Object;Ljava/util/function/Function;)Ljava/lang/Object; @ 7 c2
Event: 469.016 Thread 0x000002788fdf6be0 DEOPT PACKING pc=0x0000027887f2f418 sp=0x000000eba76f9300
Event: 469.017 Thread 0x000002788fdf6be0 DEOPT UNPACKING pc=0x000002788004f92e sp=0x000000eba76f92b8 mode 2

Classes unloaded (7 events):
Event: 8.632 Thread 0x00000278fc1092c0 Unloading class 0x0000000801611c00 'java/lang/invoke/LambdaForm$DMH+0x0000000801611c00'
Event: 8.632 Thread 0x00000278fc1092c0 Unloading class 0x0000000801611800 'java/lang/invoke/LambdaForm$DMH+0x0000000801611800'
Event: 8.632 Thread 0x00000278fc1092c0 Unloading class 0x0000000801611400 'java/lang/invoke/LambdaForm$DMH+0x0000000801611400'
Event: 8.632 Thread 0x00000278fc1092c0 Unloading class 0x0000000801611000 'java/lang/invoke/LambdaForm$DMH+0x0000000801611000'
Event: 8.632 Thread 0x00000278fc1092c0 Unloading class 0x0000000801610c00 'java/lang/invoke/LambdaForm$DMH+0x0000000801610c00'
Event: 8.632 Thread 0x00000278fc1092c0 Unloading class 0x0000000801610800 'java/lang/invoke/LambdaForm$DMH+0x0000000801610800'
Event: 8.632 Thread 0x00000278fc1092c0 Unloading class 0x0000000801610400 'java/lang/invoke/LambdaForm$DMH+0x0000000801610400'

Classes redefined (0 events):
No events

Internal exceptions (20 events):
Event: 11.320 Thread 0x0000027894deb6b0 Exception <a 'java/lang/NoSuchMethodError'{0x0000000093216b00}: 'void java.lang.invoke.DirectMethodHandle$Holder.invokeSpecial(java.lang.Object, java.lang.Object, int)'> (0x0000000093216b00) 
thrown [t:\workspace\open\src\hotspot\share\interpreter\linkResolver.cpp, line 790]
Event: 11.611 Thread 0x0000027894deb6b0 Implicit null exception at 0x0000027887fac8c7 to 0x0000027887fad164
Event: 11.613 Thread 0x0000027894deb6b0 Exception <a 'sun/nio/fs/WindowsException'{0x00000000920fe6a0}> (0x00000000920fe6a0) 
thrown [t:\workspace\open\src\hotspot\share\prims\jni.cpp, line 579]
Event: 11.648 Thread 0x00000278fe78d880 Exception <a 'java/lang/NoSuchMethodError'{0x0000000091d56318}: static [Ljava/lang/Object;.<clinit>()V> (0x0000000091d56318) 
thrown [t:\workspace\open\src\hotspot\share\prims\jni.cpp, line 1210]
Event: 11.996 Thread 0x0000027892f91cf0 Exception <a 'java/lang/NoSuchMethodError'{0x0000000091b89890}: static Lcom/android/build/api/variant/impl/VariantOutputImpl$SerializedForm;.<clinit>()V> (0x0000000091b89890) 
thrown [t:\workspace\open\src\hotspot\share\prims\jni.cpp, line 1210]
Event: 11.997 Thread 0x0000027892f91cf0 Exception <a 'java/lang/NoSuchMethodError'{0x0000000091b9be28}: static Lcom/android/build/api/variant/impl/VariantOutputConfigurationImpl;.<clinit>()V> (0x0000000091b9be28) 
thrown [t:\workspace\open\src\hotspot\share\prims\jni.cpp, line 1210]
Event: 12.032 Thread 0x000002789151f110 Exception <a 'sun/nio/fs/WindowsException'{0x0000000091848f10}> (0x0000000091848f10) 
thrown [t:\workspace\open\src\hotspot\share\prims\jni.cpp, line 579]
Event: 12.071 Thread 0x000002789151f110 Exception <a 'java/lang/NoSuchMethodError'{0x00000000918ffba0}: 'java.lang.Object java.lang.invoke.DirectMethodHandle$Holder.newInvokeSpecial(java.lang.Object, java.lang.Object, java.lang.Object, java.lang.Object, java.lang.Object, int, java.lang.Object)'> (0x00000000918ffba0) 
thrown [t:\workspace\open\src\hotspot\share\interpreter\linkResolver.cpp, line 790]
Event: 12.072 Thread 0x000002789151f110 Exception <a 'java/lang/NoSuchMethodError'{0x00000000917096e8}: 'java.lang.Object java.lang.invoke.Invokers$Holder.linkToTargetMethod(java.lang.Object, java.lang.Object, java.lang.Object, java.lang.Object, int, java.lang.Object, java.lang.Object)'> (0x00000000917096e8) 
thrown [t:\workspace\open\src\hotspot\share\interpreter\linkResolver.cpp, line 790]
Event: 12.115 Thread 0x000002789151f110 Exception <a 'java/lang/NoSuchMethodError'{0x0000000091110968}: 'java.lang.Object java.lang.invoke.DirectMethodHandle$Holder.newInvokeSpecial(java.lang.Object, java.lang.Object, java.lang.Object, java.lang.Object, java.lang.Object, java.lang.Object, java.lang.Object, int)'> (0x0000000091110968) 
thrown [t:\workspace\open\src\hotspot\share\interpreter\linkResolver.cpp, line 790]
Event: 12.115 Thread 0x000002789151f110 Exception <a 'java/lang/NoSuchMethodError'{0x0000000091116010}: 'java.lang.Object java.lang.invoke.DirectMethodHandle$Holder.invokeSpecial(java.lang.Object, java.lang.Object, java.lang.Object, java.lang.Object, java.lang.Object, java.lang.Object, java.lang.Object, java.lang.Object, int)'> (0x0000000091116010) 
thrown [t:\workspace\open\src\hotspot\share\interpreter\linkResolver.cpp, line 790]
Event: 12.115 Thread 0x000002789151f110 Exception <a 'java/lang/NoSuchMethodError'{0x000000009111af20}: 'java.lang.Object java.lang.invoke.Invokers$Holder.linkToTargetMethod(java.lang.Object, java.lang.Object, java.lang.Object, java.lang.Object, java.lang.Object, java.lang.Object, int, java.lang.Object)'> (0x000000009111af20) 
thrown [t:\workspace\open\src\hotspot\share\interpreter\linkResolver.cpp, line 790]
Event: 12.198 Thread 0x000002789151f110 Exception <a 'java/lang/NoSuchMethodError'{0x00000000935b3638}: 'java.lang.Object java.lang.invoke.Invokers$Holder.invoke_MT(java.lang.Object, java.lang.Object, java.lang.Object)'> (0x00000000935b3638) 
thrown [t:\workspace\open\src\hotspot\share\interpreter\linkResolver.cpp, line 790]
Event: 12.442 Thread 0x0000027891521640 Exception <a 'sun/nio/fs/WindowsException'{0x00000000931faaa0}> (0x00000000931faaa0) 
thrown [t:\workspace\open\src\hotspot\share\prims\jni.cpp, line 579]
Event: 12.450 Thread 0x00000278ff224830 Exception <a 'sun/nio/fs/WindowsException'{0x00000000930c49b0}> (0x00000000930c49b0) 
thrown [t:\workspace\open\src\hotspot\share\prims\jni.cpp, line 579]
Event: 12.450 Thread 0x00000278ff224830 Exception <a 'sun/nio/fs/WindowsException'{0x00000000930c4d70}> (0x00000000930c4d70) 
thrown [t:\workspace\open\src\hotspot\share\prims\jni.cpp, line 579]
Event: 12.450 Thread 0x00000278ff224830 Exception <a 'sun/nio/fs/WindowsException'{0x00000000930c6718}> (0x00000000930c6718) 
thrown [t:\workspace\open\src\hotspot\share\prims\jni.cpp, line 579]
Event: 12.481 Thread 0x00000278ff224830 Exception <a 'java/lang/NoSuchMethodError'{0x0000000092dd6040}: 'java.lang.Object java.lang.invoke.DirectMethodHandle$Holder.invokeSpecial(java.lang.Object, java.lang.Object, java.lang.Object, java.lang.Object, int, java.lang.Object, java.lang.Object)'> (0x0000000092dd6040) 
thrown [t:\workspace\open\src\hotspot\share\interpreter\linkResolver.cpp, line 790]
Event: 21.168 Thread 0x00000278fe9bd900 Implicit null exception at 0x0000027887b10ff2 to 0x0000027887b115cc
Event: 21.168 Thread 0x00000278fe9bd900 Implicit null exception at 0x0000027887c111f2 to 0x0000027887c11940

Events (20 events):
Event: 431.998 Executing  VM operation: Cleanup done
Event: 464.248 Executing  VM operation: Cleanup
Event: 464.248 Executing  VM operation: Cleanup done
Event: 468.905 Thread 0x000002788fdf3170 Thread added: 0x000002788fdf3170
Event: 468.905 Thread 0x000002788fdf6690 Thread added: 0x000002788fdf6690
Event: 468.909 Thread 0x000002788fdf01a0 Thread added: 0x000002788fdf01a0
Event: 468.914 Thread 0x000002788fdf6be0 Thread added: 0x000002788fdf6be0
Event: 468.917 Thread 0x000002788fdf56a0 Thread added: 0x000002788fdf56a0
Event: 468.918 Thread 0x000002788fdf7130 Thread added: 0x000002788fdf7130
Event: 468.918 Thread 0x000002788fdf2180 Thread added: 0x000002788fdf2180
Event: 468.925 Thread 0x000002788fdf3c10 Thread added: 0x000002788fdf3c10
Event: 468.935 Thread 0x0000027894cdc4f0 Thread added: 0x0000027894cdc4f0
Event: 468.935 Thread 0x0000027894cda390 Thread added: 0x0000027894cda390
Event: 468.940 Thread 0x000002788fdf0c40 Thread added: 0x000002788fdf0c40
Event: 468.946 Thread 0x000002788fdf5150 Thread added: 0x000002788fdf5150
Event: 468.951 Thread 0x000002788fdf36c0 Thread added: 0x000002788fdf36c0
Event: 468.966 Thread 0x000002788fdf4c00 Thread added: 0x000002788fdf4c00
Event: 469.013 Thread 0x000002788fdf1190 Thread added: 0x000002788fdf1190
Event: 469.019 Executing  VM operation: ICBufferFull
Event: 469.020 Executing  VM operation: ICBufferFull done


Dynamic libraries:
0x00007ff74d8a0000 - 0x00007ff74d8b0000 	C:\Program Files\Java\jdk-16.0.2\bin\java.exe
0x00007ff803810000 - 0x00007ff803a08000 	C:\WINDOWS\SYSTEM32\ntdll.dll
0x00007ff801930000 - 0x00007ff8019ed000 	C:\WINDOWS\System32\KERNEL32.DLL
0x00007ff8015a0000 - 0x00007ff80186e000 	C:\WINDOWS\System32\KERNELBASE.dll
0x00007ff8011d0000 - 0x00007ff8012d0000 	C:\WINDOWS\System32\ucrtbase.dll
0x00007ffffc3c0000 - 0x00007ffffc3d8000 	C:\Program Files\Java\jdk-16.0.2\bin\jli.dll
0x00007ffffc350000 - 0x00007ffffc369000 	C:\Program Files\Java\jdk-16.0.2\bin\VCRUNTIME140.dll
0x00007ff8032b0000 - 0x00007ff80335e000 	C:\WINDOWS\System32\ADVAPI32.dll
0x00007ff802f30000 - 0x00007ff802fce000 	C:\WINDOWS\System32\msvcrt.dll
0x00007ff802000000 - 0x00007ff80209c000 	C:\WINDOWS\System32\sechost.dll
0x00007ff802fd0000 - 0x00007ff8030f5000 	C:\WINDOWS\System32\RPCRT4.dll
0x00007ff8020a0000 - 0x00007ff802240000 	C:\WINDOWS\System32\USER32.dll
0x00007fffead00000 - 0x00007fffeaf9a000 	C:\WINDOWS\WinSxS\amd64_microsoft.windows.common-controls_6595b64144ccf1df_6.0.19041.1110_none_60b5254171f9507e\COMCTL32.dll
0x00007ff800f30000 - 0x00007ff800f52000 	C:\WINDOWS\System32\win32u.dll
0x00007ff803520000 - 0x00007ff80354a000 	C:\WINDOWS\System32\GDI32.dll
0x00007ff801020000 - 0x00007ff80112b000 	C:\WINDOWS\System32\gdi32full.dll
0x00007ff801130000 - 0x00007ff8011cd000 	C:\WINDOWS\System32\msvcp_win.dll
0x00007ffffb480000 - 0x00007ffffb48a000 	C:\WINDOWS\SYSTEM32\VERSION.dll
0x00007ff803360000 - 0x00007ff803390000 	C:\WINDOWS\System32\IMM32.DLL
0x00007ffff9fc0000 - 0x00007ffff9fcc000 	C:\Program Files\Java\jdk-16.0.2\bin\vcruntime140_1.dll
0x00007fffee9e0000 - 0x00007fffeea71000 	C:\Program Files\Java\jdk-16.0.2\bin\msvcp140.dll
0x00007fffc0ca0000 - 0x00007fffc184b000 	C:\Program Files\Java\jdk-16.0.2\bin\server\jvm.dll
0x00007ff8022a0000 - 0x00007ff8022a8000 	C:\WINDOWS\System32\PSAPI.DLL
0x00007ffffeda0000 - 0x00007ffffedc7000 	C:\WINDOWS\SYSTEM32\WINMM.dll
0x00007ffffc410000 - 0x00007ffffc419000 	C:\WINDOWS\SYSTEM32\WSOCK32.dll
0x00007ff801eb0000 - 0x00007ff801f1b000 	C:\WINDOWS\System32\WS2_32.dll
0x00007fffff7e0000 - 0x00007fffff7f2000 	C:\WINDOWS\SYSTEM32\kernel.appcore.dll
0x00007ffff9fb0000 - 0x00007ffff9fba000 	C:\Program Files\Java\jdk-16.0.2\bin\jimage.dll
0x00007ffffebb0000 - 0x00007ffffed94000 	C:\WINDOWS\SYSTEM32\DBGHELP.DLL
0x00007ffffeb80000 - 0x00007ffffebac000 	C:\WINDOWS\SYSTEM32\dbgcore.DLL
0x00007ff800f60000 - 0x00007ff800fe2000 	C:\WINDOWS\System32\bcryptPrimitives.dll
0x00007ffff4570000 - 0x00007ffff4595000 	C:\Program Files\Java\jdk-16.0.2\bin\java.dll
0x00007ff8027e0000 - 0x00007ff802f24000 	C:\WINDOWS\System32\SHELL32.dll
0x00007fffff000000 - 0x00007fffff794000 	C:\WINDOWS\SYSTEM32\windows.storage.dll
0x00007ff8019f0000 - 0x00007ff801d44000 	C:\WINDOWS\System32\combase.dll
0x00007ff800990000 - 0x00007ff8009c0000 	C:\WINDOWS\SYSTEM32\Wldp.dll
0x00007ff8022b0000 - 0x00007ff80235d000 	C:\WINDOWS\System32\SHCORE.dll
0x00007ff801f20000 - 0x00007ff801f75000 	C:\WINDOWS\System32\shlwapi.dll
0x00007ff800e70000 - 0x00007ff800e8f000 	C:\WINDOWS\SYSTEM32\profapi.dll
0x00007ffff9f90000 - 0x00007ffff9fa9000 	C:\Program Files\Java\jdk-16.0.2\bin\net.dll
0x00007fffeb9a0000 - 0x00007fffebaaa000 	C:\WINDOWS\SYSTEM32\WINHTTP.dll
0x00007ff8006f0000 - 0x00007ff80075a000 	C:\WINDOWS\system32\mswsock.dll
0x00007ffff4550000 - 0x00007ffff4563000 	C:\Program Files\Java\jdk-16.0.2\bin\nio.dll
0x00007ffff4530000 - 0x00007ffff4548000 	C:\Program Files\Java\jdk-16.0.2\bin\zip.dll
0x00007ffff4640000 - 0x00007ffff4650000 	C:\Program Files\Java\jdk-16.0.2\bin\verify.dll
0x00007fffe6350000 - 0x00007fffe6377000 	C:\Users\ITECH\.gradle\native\e1d6ef7f7dcc3fd88c89a11ec53ec762bb8ba0a96d01ffa2cd45eb1d1d8dd5c5\windows-amd64\native-platform.dll
0x00007fffd7180000 - 0x00007fffd72c4000 	C:\Users\ITECH\.gradle\native\5664cfc778a61ccfe75a443a1ab52a65af34e5dc3c78e0209fed803814484fcb\windows-amd64\native-platform-file-events.dll
0x00007ffff45f0000 - 0x00007ffff45f9000 	C:\Program Files\Java\jdk-16.0.2\bin\management.dll
0x00007ffff4520000 - 0x00007ffff452b000 	C:\Program Files\Java\jdk-16.0.2\bin\management_ext.dll
0x00007ff8008e0000 - 0x00007ff8008f8000 	C:\WINDOWS\SYSTEM32\CRYPTSP.dll
0x00007ff800000000 - 0x00007ff800034000 	C:\WINDOWS\system32\rsaenh.dll
0x00007ff800ff0000 - 0x00007ff801017000 	C:\WINDOWS\System32\bcrypt.dll
0x00007ff800df0000 - 0x00007ff800e1e000 	C:\WINDOWS\SYSTEM32\USERENV.dll
0x00007ff800900000 - 0x00007ff80090c000 	C:\WINDOWS\SYSTEM32\CRYPTBASE.dll
0x00007ff800390000 - 0x00007ff8003cb000 	C:\WINDOWS\SYSTEM32\IPHLPAPI.DLL
0x00007ff801870000 - 0x00007ff801878000 	C:\WINDOWS\System32\NSI.dll
0x00007ffff6270000 - 0x00007ffff6287000 	C:\WINDOWS\SYSTEM32\dhcpcsvc6.DLL
0x00007ffff6740000 - 0x00007ffff675d000 	C:\WINDOWS\SYSTEM32\dhcpcsvc.DLL
0x00007ff8003d0000 - 0x00007ff80049a000 	C:\WINDOWS\SYSTEM32\DNSAPI.dll
0x00007ffff44a0000 - 0x00007ffff44ae000 	C:\Program Files\Java\jdk-16.0.2\bin\sunmscapi.dll
0x00007ff8013f0000 - 0x00007ff801546000 	C:\WINDOWS\System32\CRYPT32.dll
0x00007ff800a00000 - 0x00007ff800a27000 	C:\WINDOWS\SYSTEM32\ncrypt.dll
0x00007ff8009c0000 - 0x00007ff8009fb000 	C:\WINDOWS\SYSTEM32\NTASN1.dll
0x00007fffd89b0000 - 0x00007fffd89b7000 	C:\WINDOWS\system32\wshunix.dll

dbghelp: loaded successfully - version: 4.0.5 - missing functions: none
symbol engine: initialized successfully - sym options: 0x614 - pdb path: .;C:\Program Files\Java\jdk-16.0.2\bin;C:\WINDOWS\SYSTEM32;C:\WINDOWS\WinSxS\amd64_microsoft.windows.common-controls_6595b64144ccf1df_6.0.19041.1110_none_60b5254171f9507e;C:\Program Files\Java\jdk-16.0.2\bin\server;C:\Users\ITECH\.gradle\native\e1d6ef7f7dcc3fd88c89a11ec53ec762bb8ba0a96d01ffa2cd45eb1d1d8dd5c5\windows-amd64;C:\Users\ITECH\.gradle\native\5664cfc778a61ccfe75a443a1ab52a65af34e5dc3c78e0209fed803814484fcb\windows-amd64

VM Arguments:
jvm_args: --add-opens=java.base/java.util=ALL-UNNAMED --add-opens=java.base/java.lang=ALL-UNNAMED --add-opens=java.base/java.lang.invoke=ALL-UNNAMED --add-opens=java.base/java.util=ALL-UNNAMED --add-opens=java.prefs/java.util.prefs=ALL-UNNAMED --add-opens=java.prefs/java.util.prefs=ALL-UNNAMED --add-opens=java.base/java.nio.charset=ALL-UNNAMED --add-opens=java.base/java.net=ALL-UNNAMED --add-opens=java.base/java.util.concurrent.atomic=ALL-UNNAMED -Xmx2048m -Dfile.encoding=UTF-8 -Duser.country=US -Duser.language=en -Duser.variant 
java_command: org.gradle.launcher.daemon.bootstrap.GradleDaemon 7.3.3
java_class_path (initial): C:\Users\ITECH\.gradle\wrapper\dists\gradle-7.3.3-bin\6a41zxkdtcxs8rphpq6y0069z\gradle-7.3.3\lib\gradle-launcher-7.3.3.jar
Launcher Type: SUN_STANDARD

[Global flags]
     intx CICompilerCount                          = 4                                         {product} {ergonomic}
     uint ConcGCThreads                            = 2                                         {product} {ergonomic}
     uint G1ConcRefinementThreads                  = 8                                         {product} {ergonomic}
   size_t G1HeapRegionSize                         = 1048576                                   {product} {ergonomic}
    uintx GCDrainStackTargetSize                   = 64                                        {product} {ergonomic}
   size_t InitialHeapSize                          = 132120576                                 {product} {ergonomic}
   size_t MarkStackSize                            = 4194304                                   {product} {ergonomic}
   size_t MaxHeapSize                              = 2147483648                                {product} {command line}
   size_t MaxNewSize                               = 1287651328                                {product} {ergonomic}
   size_t MinHeapDeltaBytes                        = 1048576                                   {product} {ergonomic}
   size_t MinHeapSize                              = 8388608                                   {product} {ergonomic}
    uintx NonNMethodCodeHeapSize                   = 5839372                                {pd product} {ergonomic}
    uintx NonProfiledCodeHeapSize                  = 122909434                              {pd product} {ergonomic}
    uintx ProfiledCodeHeapSize                     = 122909434                              {pd product} {ergonomic}
    uintx ReservedCodeCacheSize                    = 251658240                              {pd product} {ergonomic}
     bool SegmentedCodeCache                       = true                                      {product} {ergonomic}
   size_t SoftMaxHeapSize                          = 2147483648                             {manageable} {ergonomic}
     bool UseCompressedClassPointers               = true                           {product lp64_product} {ergonomic}
     bool UseCompressedOops                        = true                           {product lp64_product} {ergonomic}
     bool UseG1GC                                  = true                                      {product} {ergonomic}
     bool UseLargePagesIndividualAllocation        = false                                  {pd product} {ergonomic}

Logging:
Log output configuration:
 #0: stdout all=warning uptime,level,tags
 #1: stderr all=off uptime,level,tags

Environment Variables:
JAVA_HOME=C:\Program Files\Java\jdk-16.0.2
PATH=C:\Program Files\Python37\Scripts\;C:\Program Files\Python37\;C:\ProgramData\Oracle\Java\javapath;C:\app\ITECH\product\11.2.0\dbhome_1\bin;C:\Program Files\Common Files\Oracle\Java\javapath;C:\Program Files (x86)\Common Files\Oracle\Java\javapath;C:\WINDOWS\system32;C:\WINDOWS;C:\WINDOWS\System32\Wbem;C:\WINDOWS\System32\WindowsPowerShell\v1.0\;C:\WINDOWS\System32\OpenSSH\;C:\Program Files\Microsoft SQL Server\130\Tools\Binn\;C:\Program Files\Microsoft SQL Server\Client SDK\ODBC\170\Tools\Binn\;C:\Program Files\dotnet\;C:\Program Files\nodejs\;C:\Program Files\Java\jdk-16.0.2\bin;C:\Program Files\Git\cmd;C:\Program Files\Java\jdk-16.0.2\bin;
USERNAME=ITECH
OS=Windows_NT
PROCESSOR_IDENTIFIER=Intel64 Family 6 Model 126 Stepping 5, GenuineIntel



---------------  S Y S T E M  ---------------

OS:
 Windows 10 , 64 bit Build 19041 (10.0.19041.1889)
OS uptime: 0 days 15:10 hours

CPU: total 8 (initial active 8) (4 cores per cpu, 2 threads per core) family 6 model 126 stepping 5 microcode 0xb0, cx8, cmov, fxsr, ht, mmx, 3dnowpref, sse, sse2, sse3, ssse3, sse4.1, sse4.2, popcnt, lzcnt, tsc, tscinvbit, avx, avx2, aes, erms, clmul, bmi1, bmi2, adx, avx512f, avx512dq, avx512cd, avx512bw, avx512vl, sha, fma, vzeroupper, avx512_vpopcntdq, avx512_vpclmulqdq, avx512_vaes, avx512_vnni, clflush, clflushopt, avx512_vmbi2, avx512_vmbi

Memory: 4k page, system-wide physical 7959M (1066M free)
TotalPageFile size 7959M (AvailPageFile size 5M)
current process WorkingSet (physical memory assigned to process): 576M, peak: 627M
current process commit charge ("private bytes"): 618M, peak: 671M

vm_info: Java HotSpot(TM) 64-Bit Server VM (16.0.2+7-67) for windows-amd64 JRE (16.0.2+7-67), built on Jun  8 2021 23:24:19 by "mach5one" with MS VC++ 16.7 (VS2019)

END.
