#
# There is insufficient memory for the Java Runtime Environment to continue.
# Native memory allocation (malloc) failed to allocate 32744 bytes for ChunkPool::allocate
# Possible reasons:
#   The system is out of physical RAM or swap space
#   The process is running with CompressedOops enabled, and the Java Heap may be blocking the growth of the native heap
# Possible solutions:
#   Reduce memory load on the system
#   Increase physical memory or swap space
#   Check if swap backing store is full
#   Decrease Java heap size (-Xmx/-Xms)
#   Decrease number of Java threads
#   Decrease Java thread stack sizes (-Xss)
#   Set larger code cache with -XX:ReservedCodeCacheSize=
#   JVM is running with Unscaled Compressed Oops mode in which the Java heap is
#     placed in the first 4GB address space. The Java Heap base address is the
#     maximum limit for the native heap growth. Please use -XX:HeapBaseMinAddress
#     to set the Java Heap base and to place the Java Heap above 4GB virtual address.
# This output file may be truncated or incomplete.
#
#  Out of Memory Error (arena.cpp:79), pid=552, tid=9024
#
# JRE version: Java(TM) SE Runtime Environment (16.0.2+7) (build 16.0.2+7-67)
# Java VM: Java HotSpot(TM) 64-Bit Server VM (16.0.2+7-67, mixed mode, sharing, tiered, compressed oops, compressed class ptrs, g1 gc, windows-amd64)
# No core dump will be written. Minidumps are not enabled by default on client versions of Windows
#

---------------  S U M M A R Y ------------

Command Line: --add-opens=java.base/java.util=ALL-UNNAMED --add-opens=java.base/java.lang=ALL-UNNAMED --add-opens=java.base/java.lang.invoke=ALL-UNNAMED --add-opens=java.base/java.util=ALL-UNNAMED --add-opens=java.prefs/java.util.prefs=ALL-UNNAMED --add-opens=java.prefs/java.util.prefs=ALL-UNNAMED --add-opens=java.base/java.nio.charset=ALL-UNNAMED --add-opens=java.base/java.net=ALL-UNNAMED --add-opens=java.base/java.util.concurrent.atomic=ALL-UNNAMED -Xmx2048m -Dfile.encoding=UTF-8 -Duser.country=US -Duser.language=en -Duser.variant org.gradle.launcher.daemon.bootstrap.GradleDaemon 7.3.3

Host: Intel(R) Core(TM) i7-1065G7 CPU @ 1.30GHz, 8 cores, 7G,  Windows 10 , 64 bit Build 19041 (10.0.19041.1889)
Time: Thu Aug 18 14:29:08 2022 Egypt Standard Time elapsed time: 5.757683 seconds (0d 0h 0m 5s)

---------------  T H R E A D  ---------------

Current thread (0x0000023682a250f0):  JavaThread "C2 CompilerThread1" daemon [_thread_in_native, id=9024, stack(0x000000b09fa00000,0x000000b09fb00000)]


Current CompileTask:
C2:   5757 5968       4       org.objectweb.asm.Frame::execute (2318 bytes)

Stack: [0x000000b09fa00000,0x000000b09fb00000]
Native frames: (J=compiled Java code, j=interpreted, Vv=VM code, C=native code)
V  [jvm.dll+0x6681ca]
V  [jvm.dll+0x7c9e69]
V  [jvm.dll+0x7cb61e]
V  [jvm.dll+0x7cbc73]
V  [jvm.dll+0x242c55]
V  [jvm.dll+0xae10f]
V  [jvm.dll+0xae45c]
V  [jvm.dll+0x35fbc2]
V  [jvm.dll+0x557506]
V  [jvm.dll+0x324e10]
V  [jvm.dll+0x32428a]
V  [jvm.dll+0x215cec]
V  [jvm.dll+0x215100]
V  [jvm.dll+0x1a1beb]
V  [jvm.dll+0x225158]
V  [jvm.dll+0x22319c]
V  [jvm.dll+0x77fa62]
V  [jvm.dll+0x7795aa]
V  [jvm.dll+0x667066]
C  [ucrtbase.dll+0x21bb2]
C  [KERNEL32.DLL+0x17034]
C  [ntdll.dll+0x52651]


---------------  P R O C E S S  ---------------

Threads class SMR info:
_java_thread_list=0x0000023687a2fb30, length=125, elements={
0x00000236e1711190, 0x00000236ff740e50, 0x00000236ff741960, 0x00000236ff74d350,
0x00000236ff751c80, 0x00000236ff7545a0, 0x00000236ff754eb0, 0x00000236ff757b10,
0x00000236ff75d580, 0x00000236ff75dae0, 0x00000236829bf670, 0x00000236829c4bc0,
0x0000023682a250f0, 0x0000023682ebca30, 0x00000236840449f0, 0x0000023685a338e0,
0x0000023685431a10, 0x00000236843a85d0, 0x0000023683938880, 0x0000023684659a60,
0x0000023684659f80, 0x000002368482f0b0, 0x000002368482f600, 0x0000023684831090,
0x00000236848315e0, 0x00000236848300a0, 0x0000023684830b40, 0x000002368482fb50,
0x00000236848305f0, 0x0000023684831b30, 0x0000023684832080, 0x00000236848325d0,
0x00000236877495b0, 0x000002368774a050, 0x000002368774dac0, 0x00000236877485c0,
0x000002368774bae0, 0x000002368774c030, 0x000002368774d020, 0x000002368774c580,
0x000002368774e560, 0x0000023687748070, 0x000002368774cad0, 0x000002368774f000,
0x000002368774aaf0, 0x000002368774d570, 0x000002368774e010, 0x000002368774f550,
0x000002368774eab0, 0x0000023687748b10, 0x0000023687749060, 0x000002368774a5a0,
0x0000023687749b00, 0x000002368774b040, 0x000002368774b590, 0x0000023685afcae0,
0x0000023685afd580, 0x0000023685afbaf0, 0x0000023685aff560, 0x0000023685afab00,
0x0000023685afa060, 0x0000023685afb5a0, 0x0000023685afc590, 0x0000023685b00aa0,
0x0000023685aff010, 0x0000023685afa5b0, 0x0000023685affab0, 0x0000023685afb050,
0x0000023685afc040, 0x0000023685afdad0, 0x0000023685afe570, 0x0000023685afd030,
0x0000023685afe020, 0x0000023685afeac0, 0x0000023685b00000, 0x0000023685b00550,
0x0000023685b00ff0, 0x0000023685b01540, 0x0000023685b01a90, 0x0000023685f5c6c0,
0x0000023685f5fbe0, 0x0000023685f5bc20, 0x0000023685f5f140, 0x0000023685f61bc0,
0x0000023685f60130, 0x0000023685f61670, 0x0000023685f5e6a0, 0x0000023685f62bb0,
0x0000023685f5b6d0, 0x0000023685f62660, 0x0000023685f5f690, 0x0000023685f60680,
0x0000023685f5b180, 0x0000023685f5cc10, 0x0000023685f5d6b0, 0x0000023685f60bd0,
0x0000023685f61120, 0x0000023685f5d160, 0x0000023685f62110, 0x0000023685f5dc00,
0x0000023685f5e150, 0x0000023685f5c170, 0x0000023685f5ebf0, 0x0000023688afeb70,
0x0000023688afdb80, 0x0000023688aff0c0, 0x0000023688af8bd0, 0x0000023688af9120,
0x0000023688afd0e0, 0x0000023688afd630, 0x0000023688af9bc0, 0x0000023688af9670,
0x0000023688afb650, 0x0000023688afa110, 0x0000023688afa660, 0x0000023688afabb0,
0x0000023688afb100, 0x0000023688afc640, 0x0000023688afbba0, 0x0000023688aff610,
0x0000023688afe0d0, 0x0000023688afc0f0, 0x0000023688afcb90, 0x0000023688b000b0,
0x0000023688afe620
}

Java Threads: ( => current thread )
  0x00000236e1711190 JavaThread "main" [_thread_blocked, id=13688, stack(0x000000b09e700000,0x000000b09e800000)]
  0x00000236ff740e50 JavaThread "Reference Handler" daemon [_thread_blocked, id=9740, stack(0x000000b09ee00000,0x000000b09ef00000)]
  0x00000236ff741960 JavaThread "Finalizer" daemon [_thread_blocked, id=14084, stack(0x000000b09ef00000,0x000000b09f000000)]
  0x00000236ff74d350 JavaThread "Signal Dispatcher" daemon [_thread_blocked, id=1428, stack(0x000000b09f000000,0x000000b09f100000)]
  0x00000236ff751c80 JavaThread "Attach Listener" daemon [_thread_blocked, id=1224, stack(0x000000b09f100000,0x000000b09f200000)]
  0x00000236ff7545a0 JavaThread "Service Thread" daemon [_thread_blocked, id=1092, stack(0x000000b09f200000,0x000000b09f300000)]
  0x00000236ff754eb0 JavaThread "Monitor Deflation Thread" daemon [_thread_blocked, id=8556, stack(0x000000b09f300000,0x000000b09f400000)]
  0x00000236ff757b10 JavaThread "C2 CompilerThread0" daemon [_thread_in_native, id=1216, stack(0x000000b09f400000,0x000000b09f500000)]
  0x00000236ff75d580 JavaThread "C1 CompilerThread0" daemon [_thread_blocked, id=3324, stack(0x000000b09f500000,0x000000b09f600000)]
  0x00000236ff75dae0 JavaThread "Sweeper thread" daemon [_thread_blocked, id=9324, stack(0x000000b09f600000,0x000000b09f700000)]
  0x00000236829bf670 JavaThread "Common-Cleaner" daemon [_thread_blocked, id=7616, stack(0x000000b09f700000,0x000000b09f800000)]
  0x00000236829c4bc0 JavaThread "Notification Thread" daemon [_thread_blocked, id=8764, stack(0x000000b09f800000,0x000000b09f900000)]
=>0x0000023682a250f0 JavaThread "C2 CompilerThread1" daemon [_thread_in_native, id=9024, stack(0x000000b09fa00000,0x000000b09fb00000)]
  0x0000023682ebca30 JavaThread "C2 CompilerThread2" daemon [_thread_in_native, id=1952, stack(0x000000b09fb00000,0x000000b09fc00000)]
  0x00000236840449f0 JavaThread "Daemon health stats" [_thread_blocked, id=11768, stack(0x000000b0a0000000,0x000000b0a0100000)]
  0x0000023685a338e0 JavaThread "Incoming local TCP Connector on port 56973" [_thread_in_native, id=10776, stack(0x000000b0a0100000,0x000000b0a0200000)]
  0x0000023685431a10 JavaThread "Daemon periodic checks" [_thread_blocked, id=8640, stack(0x000000b0a0200000,0x000000b0a0300000)]
  0x00000236843a85d0 JavaThread "Daemon" [_thread_blocked, id=9468, stack(0x000000b0a0300000,0x000000b0a0400000)]
  0x0000023683938880 JavaThread "Handler for socket connection from /127.0.0.1:56973 to /127.0.0.1:56974" [_thread_in_native, id=8448, stack(0x000000b0a0400000,0x000000b0a0500000)]
  0x0000023684659a60 JavaThread "Cancel handler" [_thread_blocked, id=8528, stack(0x000000b0a0500000,0x000000b0a0600000)]
  0x0000023684659f80 JavaThread "Daemon worker" [_thread_in_Java, id=2820, stack(0x000000b0a0600000,0x000000b0a0700000)]
  0x000002368482f0b0 JavaThread "Asynchronous log dispatcher for DefaultDaemonConnection: socket connection from /127.0.0.1:56973 to /127.0.0.1:56974" [_thread_blocked, id=4836, stack(0x000000b0a0700000,0x000000b0a0800000)]
  0x000002368482f600 JavaThread "Stdin handler" [_thread_blocked, id=9272, stack(0x000000b0a0800000,0x000000b0a0900000)]
  0x0000023684831090 JavaThread "Daemon client event forwarder" [_thread_blocked, id=8004, stack(0x000000b0a0900000,0x000000b0a0a00000)]
  0x00000236848315e0 JavaThread "Cache worker for journal cache (C:\Users\ITECH\.gradle\caches\journal-1)" [_thread_blocked, id=14292, stack(0x000000b0a0a00000,0x000000b0a0b00000)]
  0x00000236848300a0 JavaThread "File lock request listener" [_thread_in_native, id=1288, stack(0x000000b0a0b00000,0x000000b0a0c00000)]
  0x0000023684830b40 JavaThread "Cache worker for file hash cache (C:\Users\ITECH\.gradle\caches\7.3.3\fileHashes)" [_thread_blocked, id=8888, stack(0x000000b0a0c00000,0x000000b0a0d00000)]
  0x000002368482fb50 JavaThread "Cache worker for file hash cache (C:\Users\ITECH\AndroidStudioProjects\yummy\.gradle\7.3.3\fileHashes)" [_thread_blocked, id=2432, stack(0x000000b0a0d00000,0x000000b0a0e00000)]
  0x00000236848305f0 JavaThread "File watcher server" daemon [_thread_in_native, id=12128, stack(0x000000b0a1100000,0x000000b0a1200000)]
  0x0000023684831b30 JavaThread "File watcher consumer" daemon [_thread_blocked, id=4780, stack(0x000000b0a1200000,0x000000b0a1300000)]
  0x0000023684832080 JavaThread "Cache worker for checksums cache (C:\Users\ITECH\AndroidStudioProjects\yummy\.gradle\7.3.3\checksums)" [_thread_blocked, id=10808, stack(0x000000b0a1300000,0x000000b0a1400000)]
  0x00000236848325d0 JavaThread "Cache worker for cache directory md-supplier (C:\Users\ITECH\.gradle\caches\7.3.3\md-supplier)" [_thread_blocked, id=12912, stack(0x000000b0a1400000,0x000000b0a1500000)]
  0x00000236877495b0 JavaThread "Cache worker for cache directory md-rule (C:\Users\ITECH\.gradle\caches\7.3.3\md-rule)" [_thread_blocked, id=7412, stack(0x000000b0a1500000,0x000000b0a1600000)]
  0x000002368774a050 JavaThread "Cache worker for execution history cache (C:\Users\ITECH\.gradle\caches\7.3.3\executionHistory)" [_thread_blocked, id=10608, stack(0x000000b0a1700000,0x000000b0a1800000)]
  0x000002368774dac0 JavaThread "jar transforms" [_thread_blocked, id=8552, stack(0x000000b0a1800000,0x000000b0a1900000)]
  0x00000236877485c0 JavaThread "Cache worker for file content cache (C:\Users\ITECH\.gradle\caches\7.3.3\fileContent)" [_thread_blocked, id=7088, stack(0x000000b0a1900000,0x000000b0a1a00000)]
  0x000002368774bae0 JavaThread "jar transforms Thread 2" [_thread_blocked, id=592, stack(0x000000b0a1a00000,0x000000b0a1b00000)]
  0x000002368774c030 JavaThread "Cache worker for dependencies-accessors (C:\Users\ITECH\AndroidStudioProjects\yummy\.gradle\7.3.3\dependencies-accessors)" [_thread_blocked, id=1636, stack(0x000000b0a1b00000,0x000000b0a1c00000)]
  0x000002368774d020 JavaThread "jar transforms Thread 3" [_thread_blocked, id=6940, stack(0x000000b0a1c00000,0x000000b0a1d00000)]
  0x000002368774c580 JavaThread "Cache worker for Build Output Cleanup Cache (C:\Users\ITECH\AndroidStudioProjects\yummy\.gradle\buildOutputCleanup)" [_thread_blocked, id=4612, stack(0x000000b0a1d00000,0x000000b0a1e00000)]
  0x000002368774e560 JavaThread "Unconstrained build operations" [_thread_blocked, id=888, stack(0x000000b0a1e00000,0x000000b0a1f00000)]
  0x0000023687748070 JavaThread "Unconstrained build operations Thread 2" [_thread_blocked, id=1576, stack(0x000000b0a1f00000,0x000000b0a2000000)]
  0x000002368774cad0 JavaThread "Unconstrained build operations Thread 3" [_thread_blocked, id=10328, stack(0x000000b0a2000000,0x000000b0a2100000)]
  0x000002368774f000 JavaThread "Unconstrained build operations Thread 4" [_thread_blocked, id=10212, stack(0x000000b0a2100000,0x000000b0a2200000)]
  0x000002368774aaf0 JavaThread "Unconstrained build operations Thread 5" [_thread_blocked, id=6908, stack(0x000000b0a2200000,0x000000b0a2300000)]
  0x000002368774d570 JavaThread "Unconstrained build operations Thread 6" [_thread_blocked, id=12784, stack(0x000000b0a2300000,0x000000b0a2400000)]
  0x000002368774e010 JavaThread "Unconstrained build operations Thread 7" [_thread_blocked, id=12424, stack(0x000000b0a2400000,0x000000b0a2500000)]
  0x000002368774f550 JavaThread "Unconstrained build operations Thread 8" [_thread_blocked, id=7316, stack(0x000000b0a2500000,0x000000b0a2600000)]
  0x000002368774eab0 JavaThread "Unconstrained build operations Thread 9" [_thread_blocked, id=13120, stack(0x000000b0a2600000,0x000000b0a2700000)]
  0x0000023687748b10 JavaThread "Unconstrained build operations Thread 10" [_thread_blocked, id=11968, stack(0x000000b0a2700000,0x000000b0a2800000)]
  0x0000023687749060 JavaThread "Unconstrained build operations Thread 11" [_thread_blocked, id=2264, stack(0x000000b0a2800000,0x000000b0a2900000)]
  0x000002368774a5a0 JavaThread "Unconstrained build operations Thread 12" [_thread_blocked, id=3120, stack(0x000000b0a2900000,0x000000b0a2a00000)]
  0x0000023687749b00 JavaThread "Unconstrained build operations Thread 13" [_thread_blocked, id=11660, stack(0x000000b0a2a00000,0x000000b0a2b00000)]
  0x000002368774b040 JavaThread "Unconstrained build operations Thread 14" [_thread_blocked, id=956, stack(0x000000b0a2b00000,0x000000b0a2c00000)]
  0x000002368774b590 JavaThread "Unconstrained build operations Thread 15" [_thread_blocked, id=8252, stack(0x000000b0a2c00000,0x000000b0a2d00000)]
  0x0000023685afcae0 JavaThread "Unconstrained build operations Thread 16" [_thread_blocked, id=2148, stack(0x000000b0a2d00000,0x000000b0a2e00000)]
  0x0000023685afd580 JavaThread "Unconstrained build operations Thread 17" [_thread_blocked, id=11212, stack(0x000000b0a2e00000,0x000000b0a2f00000)]
  0x0000023685afbaf0 JavaThread "Unconstrained build operations Thread 18" [_thread_blocked, id=13428, stack(0x000000b0a2f00000,0x000000b0a3000000)]
  0x0000023685aff560 JavaThread "Unconstrained build operations Thread 19" [_thread_blocked, id=2776, stack(0x000000b0a3000000,0x000000b0a3100000)]
  0x0000023685afab00 JavaThread "Unconstrained build operations Thread 20" [_thread_blocked, id=2140, stack(0x000000b0a3100000,0x000000b0a3200000)]
  0x0000023685afa060 JavaThread "Unconstrained build operations Thread 21" [_thread_blocked, id=7304, stack(0x000000b0a3200000,0x000000b0a3300000)]
  0x0000023685afb5a0 JavaThread "Unconstrained build operations Thread 22" [_thread_blocked, id=6048, stack(0x000000b0a3300000,0x000000b0a3400000)]
  0x0000023685afc590 JavaThread "Unconstrained build operations Thread 23" [_thread_blocked, id=9288, stack(0x000000b0a3400000,0x000000b0a3500000)]
  0x0000023685b00aa0 JavaThread "Unconstrained build operations Thread 24" [_thread_blocked, id=4492, stack(0x000000b0a3500000,0x000000b0a3600000)]
  0x0000023685aff010 JavaThread "Unconstrained build operations Thread 25" [_thread_blocked, id=132, stack(0x000000b0a3600000,0x000000b0a3700000)]
  0x0000023685afa5b0 JavaThread "Unconstrained build operations Thread 26" [_thread_blocked, id=2284, stack(0x000000b0a3700000,0x000000b0a3800000)]
  0x0000023685affab0 JavaThread "Unconstrained build operations Thread 27" [_thread_blocked, id=9448, stack(0x000000b0a3800000,0x000000b0a3900000)]
  0x0000023685afb050 JavaThread "Unconstrained build operations Thread 28" [_thread_blocked, id=9892, stack(0x000000b0a3900000,0x000000b0a3a00000)]
  0x0000023685afc040 JavaThread "Unconstrained build operations Thread 29" [_thread_blocked, id=11108, stack(0x000000b0a3a00000,0x000000b0a3b00000)]
  0x0000023685afdad0 JavaThread "Unconstrained build operations Thread 30" [_thread_blocked, id=5156, stack(0x000000b0a3b00000,0x000000b0a3c00000)]
  0x0000023685afe570 JavaThread "Unconstrained build operations Thread 31" [_thread_blocked, id=12148, stack(0x000000b0a3c00000,0x000000b0a3d00000)]
  0x0000023685afd030 JavaThread "Unconstrained build operations Thread 32" [_thread_blocked, id=2168, stack(0x000000b0a3d00000,0x000000b0a3e00000)]
  0x0000023685afe020 JavaThread "Unconstrained build operations Thread 33" [_thread_blocked, id=4860, stack(0x000000b0a3e00000,0x000000b0a3f00000)]
  0x0000023685afeac0 JavaThread "Unconstrained build operations Thread 34" [_thread_blocked, id=10548, stack(0x000000b0a3f00000,0x000000b0a4000000)]
  0x0000023685b00000 JavaThread "Unconstrained build operations Thread 35" [_thread_blocked, id=7696, stack(0x000000b0a4000000,0x000000b0a4100000)]
  0x0000023685b00550 JavaThread "Unconstrained build operations Thread 36" [_thread_blocked, id=10188, stack(0x000000b0a4100000,0x000000b0a4200000)]
  0x0000023685b00ff0 JavaThread "Unconstrained build operations Thread 37" [_thread_blocked, id=10904, stack(0x000000b0a4200000,0x000000b0a4300000)]
  0x0000023685b01540 JavaThread "Unconstrained build operations Thread 38" [_thread_blocked, id=2780, stack(0x000000b0a4300000,0x000000b0a4400000)]
  0x0000023685b01a90 JavaThread "Unconstrained build operations Thread 39" [_thread_blocked, id=13692, stack(0x000000b0a4400000,0x000000b0a4500000)]
  0x0000023685f5c6c0 JavaThread "Unconstrained build operations Thread 40" [_thread_blocked, id=3964, stack(0x000000b0a4500000,0x000000b0a4600000)]
  0x0000023685f5fbe0 JavaThread "Unconstrained build operations Thread 41" [_thread_blocked, id=9632, stack(0x000000b0a4600000,0x000000b0a4700000)]
  0x0000023685f5bc20 JavaThread "Unconstrained build operations Thread 42" [_thread_blocked, id=11700, stack(0x000000b0a4700000,0x000000b0a4800000)]
  0x0000023685f5f140 JavaThread "Unconstrained build operations Thread 43" [_thread_blocked, id=4176, stack(0x000000b0a4800000,0x000000b0a4900000)]
  0x0000023685f61bc0 JavaThread "Unconstrained build operations Thread 44" [_thread_blocked, id=8976, stack(0x000000b0a4900000,0x000000b0a4a00000)]
  0x0000023685f60130 JavaThread "Unconstrained build operations Thread 45" [_thread_blocked, id=9576, stack(0x000000b0a4a00000,0x000000b0a4b00000)]
  0x0000023685f61670 JavaThread "Unconstrained build operations Thread 46" [_thread_blocked, id=9972, stack(0x000000b0a4b00000,0x000000b0a4c00000)]
  0x0000023685f5e6a0 JavaThread "Unconstrained build operations Thread 47" [_thread_blocked, id=12992, stack(0x000000b0a4c00000,0x000000b0a4d00000)]
  0x0000023685f62bb0 JavaThread "Unconstrained build operations Thread 48" [_thread_blocked, id=1084, stack(0x000000b0a4d00000,0x000000b0a4e00000)]
  0x0000023685f5b6d0 JavaThread "Unconstrained build operations Thread 49" [_thread_blocked, id=13624, stack(0x000000b0a4e00000,0x000000b0a4f00000)]
  0x0000023685f62660 JavaThread "Unconstrained build operations Thread 50" [_thread_blocked, id=9808, stack(0x000000b0a4f00000,0x000000b0a5000000)]
  0x0000023685f5f690 JavaThread "Unconstrained build operations Thread 51" [_thread_blocked, id=10300, stack(0x000000b0a5000000,0x000000b0a5100000)]
  0x0000023685f60680 JavaThread "Unconstrained build operations Thread 52" [_thread_blocked, id=11052, stack(0x000000b0a5100000,0x000000b0a5200000)]
  0x0000023685f5b180 JavaThread "Unconstrained build operations Thread 53" [_thread_blocked, id=4816, stack(0x000000b0a5200000,0x000000b0a5300000)]
  0x0000023685f5cc10 JavaThread "Unconstrained build operations Thread 54" [_thread_blocked, id=6512, stack(0x000000b0a5300000,0x000000b0a5400000)]
  0x0000023685f5d6b0 JavaThread "Unconstrained build operations Thread 55" [_thread_blocked, id=5892, stack(0x000000b0a5400000,0x000000b0a5500000)]
  0x0000023685f60bd0 JavaThread "Unconstrained build operations Thread 56" [_thread_blocked, id=3000, stack(0x000000b0a5500000,0x000000b0a5600000)]
  0x0000023685f61120 JavaThread "Unconstrained build operations Thread 57" [_thread_blocked, id=12380, stack(0x000000b0a5600000,0x000000b0a5700000)]
  0x0000023685f5d160 JavaThread "Unconstrained build operations Thread 58" [_thread_blocked, id=7024, stack(0x000000b0a5700000,0x000000b0a5800000)]
  0x0000023685f62110 JavaThread "Unconstrained build operations Thread 59" [_thread_blocked, id=5532, stack(0x000000b0a5800000,0x000000b0a5900000)]
  0x0000023685f5dc00 JavaThread "Unconstrained build operations Thread 60" [_thread_blocked, id=6948, stack(0x000000b0a5900000,0x000000b0a5a00000)]
  0x0000023685f5e150 JavaThread "Unconstrained build operations Thread 61" [_thread_blocked, id=11628, stack(0x000000b0a5a00000,0x000000b0a5b00000)]
  0x0000023685f5c170 JavaThread "Unconstrained build operations Thread 62" [_thread_blocked, id=5540, stack(0x000000b0a5b00000,0x000000b0a5c00000)]
  0x0000023685f5ebf0 JavaThread "Unconstrained build operations Thread 63" [_thread_blocked, id=7856, stack(0x000000b0a5c00000,0x000000b0a5d00000)]
  0x0000023688afeb70 JavaThread "Unconstrained build operations Thread 64" [_thread_blocked, id=13728, stack(0x000000b0a5d00000,0x000000b0a5e00000)]
  0x0000023688afdb80 JavaThread "Unconstrained build operations Thread 65" [_thread_blocked, id=13960, stack(0x000000b0a5e00000,0x000000b0a5f00000)]
  0x0000023688aff0c0 JavaThread "Unconstrained build operations Thread 66" [_thread_blocked, id=10872, stack(0x000000b0a5f00000,0x000000b0a6000000)]
  0x0000023688af8bd0 JavaThread "Unconstrained build operations Thread 67" [_thread_blocked, id=2640, stack(0x000000b0a6000000,0x000000b0a6100000)]
  0x0000023688af9120 JavaThread "Unconstrained build operations Thread 68" [_thread_blocked, id=11548, stack(0x000000b0a6100000,0x000000b0a6200000)]
  0x0000023688afd0e0 JavaThread "Unconstrained build operations Thread 69" [_thread_blocked, id=11028, stack(0x000000b0a6200000,0x000000b0a6300000)]
  0x0000023688afd630 JavaThread "Unconstrained build operations Thread 70" [_thread_blocked, id=12040, stack(0x000000b0a6300000,0x000000b0a6400000)]
  0x0000023688af9bc0 JavaThread "Unconstrained build operations Thread 71" [_thread_blocked, id=7400, stack(0x000000b0a6400000,0x000000b0a6500000)]
  0x0000023688af9670 JavaThread "Unconstrained build operations Thread 72" [_thread_blocked, id=13156, stack(0x000000b0a6500000,0x000000b0a6600000)]
  0x0000023688afb650 JavaThread "Unconstrained build operations Thread 73" [_thread_blocked, id=10284, stack(0x000000b0a6600000,0x000000b0a6700000)]
  0x0000023688afa110 JavaThread "Unconstrained build operations Thread 74" [_thread_blocked, id=11144, stack(0x000000b0a6700000,0x000000b0a6800000)]
  0x0000023688afa660 JavaThread "Unconstrained build operations Thread 75" [_thread_blocked, id=5872, stack(0x000000b0a6800000,0x000000b0a6900000)]
  0x0000023688afabb0 JavaThread "Unconstrained build operations Thread 76" [_thread_blocked, id=8692, stack(0x000000b0a6900000,0x000000b0a6a00000)]
  0x0000023688afb100 JavaThread "Unconstrained build operations Thread 77" [_thread_blocked, id=9724, stack(0x000000b0a6a00000,0x000000b0a6b00000)]
  0x0000023688afc640 JavaThread "Unconstrained build operations Thread 78" [_thread_blocked, id=11188, stack(0x000000b0a6b00000,0x000000b0a6c00000)]
  0x0000023688afbba0 JavaThread "Unconstrained build operations Thread 79" [_thread_blocked, id=8272, stack(0x000000b0a6c00000,0x000000b0a6d00000)]
  0x0000023688aff610 JavaThread "Unconstrained build operations Thread 80" [_thread_blocked, id=13908, stack(0x000000b0a6d00000,0x000000b0a6e00000)]
  0x0000023688afe0d0 JavaThread "jar transforms Thread 4" [_thread_blocked, id=13104, stack(0x000000b0a6e00000,0x000000b0a6f00000)]
  0x0000023688afc0f0 JavaThread "jar transforms Thread 5" [_thread_blocked, id=1624, stack(0x000000b0a6f00000,0x000000b0a7000000)]
  0x0000023688afcb90 JavaThread "jar transforms Thread 6" [_thread_blocked, id=11360, stack(0x000000b0a7000000,0x000000b0a7100000)]
  0x0000023688b000b0 JavaThread "jar transforms Thread 7" [_thread_blocked, id=13500, stack(0x000000b0a7100000,0x000000b0a7200000)]
  0x0000023688afe620 JavaThread "jar transforms Thread 8" [_thread_blocked, id=13784, stack(0x000000b0a7200000,0x000000b0a7300000)]

Other Threads:
  0x00000236ff73d450 VMThread "VM Thread" [stack: 0x000000b09ed00000,0x000000b09ee00000] [id=9104]
  0x00000236829c50e0 WatcherThread [stack: 0x000000b09f900000,0x000000b09fa00000] [id=10828]
  0x00000236e174b670 GCTaskThread "GC Thread#0" [stack: 0x000000b09e800000,0x000000b09e900000] [id=10168]
  0x0000023682d09870 GCTaskThread "GC Thread#1" [stack: 0x000000b09fc00000,0x000000b09fd00000] [id=2336]
  0x0000023682d09b80 GCTaskThread "GC Thread#2" [stack: 0x000000b09fd00000,0x000000b09fe00000] [id=9952]
  0x0000023683022bd0 GCTaskThread "GC Thread#3" [stack: 0x000000b09fe00000,0x000000b09ff00000] [id=4532]
  0x0000023682b380b0 GCTaskThread "GC Thread#4" [stack: 0x000000b09ff00000,0x000000b0a0000000] [id=13332]
  0x0000023683dfa500 GCTaskThread "GC Thread#5" [stack: 0x000000b0a0e00000,0x000000b0a0f00000] [id=9112]
  0x00000236866d9d60 GCTaskThread "GC Thread#6" [stack: 0x000000b0a0f00000,0x000000b0a1000000] [id=1472]
  0x00000236894cc7f0 GCTaskThread "GC Thread#7" [stack: 0x000000b0a1000000,0x000000b0a1100000] [id=8280]
  0x00000236e175e660 ConcurrentGCThread "G1 Main Marker" [stack: 0x000000b09e900000,0x000000b09ea00000] [id=3948]
  0x00000236e1760790 ConcurrentGCThread "G1 Conc#0" [stack: 0x000000b09ea00000,0x000000b09eb00000] [id=12188]
  0x0000023686325a50 ConcurrentGCThread "G1 Conc#1" [stack: 0x000000b0a1600000,0x000000b0a1700000] [id=11552]
  0x00000236e17e9960 ConcurrentGCThread "G1 Refine#0" [stack: 0x000000b09eb00000,0x000000b09ec00000] [id=7208]
  0x00000236e17ea2f0 ConcurrentGCThread "G1 Service" [stack: 0x000000b09ec00000,0x000000b09ed00000] [id=11560]

Threads with active compile tasks:
C2 CompilerThread0     5782 5869   !   4       com.google.common.reflect.TypeVisitor::visit (244 bytes)
C2 CompilerThread1     5782 5968       4       org.objectweb.asm.Frame::execute (2318 bytes)
C2 CompilerThread2     5782 6026       4       org.gradle.internal.reflect.MethodSet::add (50 bytes)

VM state: not at safepoint (normal execution)

VM Mutex/Monitor currently owned by a thread: None

Heap address: 0x0000000080000000, size: 2048 MB, Compressed Oops mode: 32-bit

CDS archive(s) mapped at: [0x0000000800000000-0x0000000800bb0000-0x0000000800bb0000), size 12255232, SharedBaseAddress: 0x0000000800000000, ArchiveRelocationMode: 0.
Compressed class space mapped at: 0x0000000800c00000-0x0000000840c00000, reserved size: 1073741824
Narrow klass base: 0x0000000800000000, Narrow klass shift: 3, Narrow klass range: 0x100000000

GC Precious Log:
 CPUs: 8 total, 8 available
 Memory: 7959M
 Large Page Support: Disabled
 NUMA Support: Disabled
 Compressed Oops: Enabled (32-bit)
 Heap Region Size: 1M
 Heap Min Capacity: 8M
 Heap Initial Capacity: 126M
 Heap Max Capacity: 2G
 Pre-touch: Disabled
 Parallel Workers: 8
 Concurrent Workers: 2
 Concurrent Refinement Workers: 8
 Periodic GC: Disabled

Heap:
 garbage-first heap   total 91136K, used 50366K [0x0000000080000000, 0x0000000100000000)
  region size 1024K, 7 young (7168K), 3 survivors (3072K)
 Metaspace       used 49253K, committed 49728K, reserved 1097728K
  class space    used 6548K, committed 6784K, reserved 1048576K

Heap Regions: E=young(eden), S=young(survivor), O=old, HS=humongous(starts), HC=humongous(continues), CS=collection set, F=free, OA=open archive, CA=closed archive, TAMS=top-at-mark-start (previous, next)
|   0|0x0000000080000000, 0x0000000080100000, 0x0000000080100000|100%| O|  |TAMS 0x0000000080100000, 0x0000000080000000| Untracked 
|   1|0x0000000080100000, 0x0000000080200000, 0x0000000080200000|100%| O|  |TAMS 0x0000000080200000, 0x0000000080100000| Untracked 
|   2|0x0000000080200000, 0x0000000080300000, 0x0000000080300000|100%| O|  |TAMS 0x0000000080300000, 0x0000000080200000| Untracked 
|   3|0x0000000080300000, 0x0000000080400000, 0x0000000080400000|100%|HS|  |TAMS 0x0000000080400000, 0x0000000080300000| Complete 
|   4|0x0000000080400000, 0x0000000080500000, 0x0000000080500000|100%|HC|  |TAMS 0x0000000080500000, 0x0000000080400000| Complete 
|   5|0x0000000080500000, 0x0000000080600000, 0x0000000080600000|100%|HC|  |TAMS 0x0000000080600000, 0x0000000080500000| Complete 
|   6|0x0000000080600000, 0x0000000080700000, 0x0000000080700000|100%| O|  |TAMS 0x0000000080700000, 0x0000000080600000| Untracked 
|   7|0x0000000080700000, 0x0000000080800000, 0x0000000080800000|100%| O|  |TAMS 0x0000000080800000, 0x0000000080700000| Untracked 
|   8|0x0000000080800000, 0x0000000080900000, 0x0000000080900000|100%| O|  |TAMS 0x0000000080900000, 0x0000000080800000| Untracked 
|   9|0x0000000080900000, 0x0000000080a00000, 0x0000000080a00000|100%| O|  |TAMS 0x0000000080a00000, 0x0000000080900000| Untracked 
|  10|0x0000000080a00000, 0x0000000080b00000, 0x0000000080b00000|100%| O|  |TAMS 0x0000000080b00000, 0x0000000080a00000| Untracked 
|  11|0x0000000080b00000, 0x0000000080c00000, 0x0000000080c00000|100%| O|  |TAMS 0x0000000080c00000, 0x0000000080b00000| Untracked 
|  12|0x0000000080c00000, 0x0000000080d00000, 0x0000000080d00000|100%| O|  |TAMS 0x0000000080d00000, 0x0000000080c00000| Untracked 
|  13|0x0000000080d00000, 0x0000000080e00000, 0x0000000080e00000|100%| O|  |TAMS 0x0000000080e00000, 0x0000000080d00000| Untracked 
|  14|0x0000000080e00000, 0x0000000080f00000, 0x0000000080f00000|100%| O|  |TAMS 0x0000000080f00000, 0x0000000080e00000| Untracked 
|  15|0x0000000080f00000, 0x0000000081000000, 0x0000000081000000|100%| O|  |TAMS 0x0000000081000000, 0x0000000080f00000| Untracked 
|  16|0x0000000081000000, 0x0000000081100000, 0x0000000081100000|100%| O|  |TAMS 0x0000000081100000, 0x0000000081000000| Untracked 
|  17|0x0000000081100000, 0x0000000081200000, 0x0000000081200000|100%| O|  |TAMS 0x0000000081200000, 0x0000000081100000| Untracked 
|  18|0x0000000081200000, 0x000000008124ea00, 0x0000000081300000| 30%| O|  |TAMS 0x000000008124ea00, 0x0000000081200000| Untracked 
|  19|0x0000000081300000, 0x0000000081400000, 0x0000000081400000|100%| O|  |TAMS 0x0000000081400000, 0x0000000081300000| Untracked 
|  20|0x0000000081400000, 0x0000000081500000, 0x0000000081500000|100%| O|  |TAMS 0x0000000081500000, 0x0000000081400000| Untracked 
|  21|0x0000000081500000, 0x0000000081600000, 0x0000000081600000|100%| O|  |TAMS 0x0000000081600000, 0x0000000081500000| Untracked 
|  22|0x0000000081600000, 0x0000000081700000, 0x0000000081700000|100%| O|  |TAMS 0x0000000081700000, 0x0000000081600000| Untracked 
|  23|0x0000000081700000, 0x0000000081800000, 0x0000000081800000|100%| O|  |TAMS 0x0000000081800000, 0x0000000081700000| Untracked 
|  24|0x0000000081800000, 0x0000000081900000, 0x0000000081900000|100%| O|  |TAMS 0x0000000081900000, 0x0000000081800000| Untracked 
|  25|0x0000000081900000, 0x0000000081a00000, 0x0000000081a00000|100%| O|  |TAMS 0x0000000081a00000, 0x0000000081900000| Untracked 
|  26|0x0000000081a00000, 0x0000000081b00000, 0x0000000081b00000|100%|HS|  |TAMS 0x0000000081b00000, 0x0000000081a00000| Complete 
|  27|0x0000000081b00000, 0x0000000081c00000, 0x0000000081c00000|100%|HS|  |TAMS 0x0000000081c00000, 0x0000000081b00000| Complete 
|  28|0x0000000081c00000, 0x0000000081d00000, 0x0000000081d00000|100%| O|  |TAMS 0x0000000081d00000, 0x0000000081c00000| Untracked 
|  29|0x0000000081d00000, 0x0000000081e00000, 0x0000000081e00000|100%| O|  |TAMS 0x0000000081e00000, 0x0000000081d00000| Untracked 
|  30|0x0000000081e00000, 0x0000000081f00000, 0x0000000081f00000|100%| O|  |TAMS 0x0000000081f00000, 0x0000000081e00000| Untracked 
|  31|0x0000000081f00000, 0x0000000082000000, 0x0000000082000000|100%| O|  |TAMS 0x0000000082000000, 0x0000000081f00000| Untracked 
|  32|0x0000000082000000, 0x0000000082100000, 0x0000000082100000|100%| O|  |TAMS 0x0000000082100000, 0x0000000082000000| Untracked 
|  33|0x0000000082100000, 0x0000000082200000, 0x0000000082200000|100%| O|  |TAMS 0x0000000082200000, 0x0000000082100000| Untracked 
|  34|0x0000000082200000, 0x0000000082300000, 0x0000000082300000|100%| O|  |TAMS 0x0000000082300000, 0x0000000082200000| Untracked 
|  35|0x0000000082300000, 0x0000000082400000, 0x0000000082400000|100%| O|  |TAMS 0x0000000082400000, 0x0000000082300000| Untracked 
|  36|0x0000000082400000, 0x0000000082500000, 0x0000000082500000|100%| O|  |TAMS 0x0000000082500000, 0x0000000082400000| Untracked 
|  37|0x0000000082500000, 0x0000000082600000, 0x0000000082600000|100%|HS|  |TAMS 0x0000000082600000, 0x0000000082500000| Complete 
|  38|0x0000000082600000, 0x0000000082700000, 0x0000000082700000|100%|HC|  |TAMS 0x0000000082700000, 0x0000000082600000| Complete 
|  39|0x0000000082700000, 0x0000000082800000, 0x0000000082800000|100%| O|  |TAMS 0x0000000082800000, 0x0000000082700000| Untracked 
|  40|0x0000000082800000, 0x0000000082900000, 0x0000000082900000|100%| O|  |TAMS 0x0000000082900000, 0x0000000082800000| Untracked 
|  41|0x0000000082900000, 0x0000000082a00000, 0x0000000082a00000|100%| O|  |TAMS 0x0000000082a00000, 0x0000000082900000| Untracked 
|  42|0x0000000082a00000, 0x0000000082b00000, 0x0000000082b00000|100%| O|  |TAMS 0x0000000082b00000, 0x0000000082a00000| Untracked 
|  43|0x0000000082b00000, 0x0000000082c00000, 0x0000000082c00000|100%| O|  |TAMS 0x0000000082c00000, 0x0000000082b00000| Untracked 
|  44|0x0000000082c00000, 0x0000000082cc0e00, 0x0000000082d00000| 75%| O|  |TAMS 0x0000000082cc0e00, 0x0000000082c00000| Untracked 
|  45|0x0000000082d00000, 0x0000000082d00000, 0x0000000082e00000|  0%| F|  |TAMS 0x0000000082d00000, 0x0000000082d00000| Untracked 
|  46|0x0000000082e00000, 0x0000000082e00000, 0x0000000082f00000|  0%| F|  |TAMS 0x0000000082e00000, 0x0000000082e00000| Untracked 
|  47|0x0000000082f00000, 0x0000000082f00000, 0x0000000083000000|  0%| F|  |TAMS 0x0000000082f00000, 0x0000000082f00000| Untracked 
|  48|0x0000000083000000, 0x0000000083000000, 0x0000000083100000|  0%| F|  |TAMS 0x0000000083000000, 0x0000000083000000| Untracked 
|  49|0x0000000083100000, 0x0000000083100000, 0x0000000083200000|  0%| F|  |TAMS 0x0000000083100000, 0x0000000083100000| Untracked 
|  50|0x0000000083200000, 0x0000000083200000, 0x0000000083300000|  0%| F|  |TAMS 0x0000000083200000, 0x0000000083200000| Untracked 
|  51|0x0000000083300000, 0x0000000083300000, 0x0000000083400000|  0%| F|  |TAMS 0x0000000083300000, 0x0000000083300000| Untracked 
|  52|0x0000000083400000, 0x0000000083400000, 0x0000000083500000|  0%| F|  |TAMS 0x0000000083400000, 0x0000000083400000| Untracked 
|  53|0x0000000083500000, 0x0000000083500000, 0x0000000083600000|  0%| F|  |TAMS 0x0000000083500000, 0x0000000083500000| Untracked 
|  54|0x0000000083600000, 0x0000000083600000, 0x0000000083700000|  0%| F|  |TAMS 0x0000000083600000, 0x0000000083600000| Untracked 
|  55|0x0000000083700000, 0x0000000083700000, 0x0000000083800000|  0%| F|  |TAMS 0x0000000083700000, 0x0000000083700000| Untracked 
|  56|0x0000000083800000, 0x0000000083800000, 0x0000000083900000|  0%| F|  |TAMS 0x0000000083800000, 0x0000000083800000| Untracked 
|  57|0x0000000083900000, 0x0000000083900000, 0x0000000083a00000|  0%| F|  |TAMS 0x0000000083900000, 0x0000000083900000| Untracked 
|  58|0x0000000083a00000, 0x0000000083a00000, 0x0000000083b00000|  0%| F|  |TAMS 0x0000000083a00000, 0x0000000083a00000| Untracked 
|  59|0x0000000083b00000, 0x0000000083b00000, 0x0000000083c00000|  0%| F|  |TAMS 0x0000000083b00000, 0x0000000083b00000| Untracked 
|  60|0x0000000083c00000, 0x0000000083c00000, 0x0000000083d00000|  0%| F|  |TAMS 0x0000000083c00000, 0x0000000083c00000| Untracked 
|  61|0x0000000083d00000, 0x0000000083d00000, 0x0000000083e00000|  0%| F|  |TAMS 0x0000000083d00000, 0x0000000083d00000| Untracked 
|  62|0x0000000083e00000, 0x0000000083e00000, 0x0000000083f00000|  0%| F|  |TAMS 0x0000000083e00000, 0x0000000083e00000| Untracked 
|  63|0x0000000083f00000, 0x0000000083f00000, 0x0000000084000000|  0%| F|  |TAMS 0x0000000083f00000, 0x0000000083f00000| Untracked 
|  64|0x0000000084000000, 0x0000000084020198, 0x0000000084100000| 12%| S|CS|TAMS 0x0000000084000000, 0x0000000084000000| Complete 
|  65|0x0000000084100000, 0x0000000084200000, 0x0000000084200000|100%| S|CS|TAMS 0x0000000084100000, 0x0000000084100000| Complete 
|  66|0x0000000084200000, 0x0000000084300000, 0x0000000084300000|100%| S|CS|TAMS 0x0000000084200000, 0x0000000084200000| Complete 
|  67|0x0000000084300000, 0x0000000084300000, 0x0000000084400000|  0%| F|  |TAMS 0x0000000084300000, 0x0000000084300000| Untracked 
|  68|0x0000000084400000, 0x0000000084400000, 0x0000000084500000|  0%| F|  |TAMS 0x0000000084400000, 0x0000000084400000| Untracked 
|  69|0x0000000084500000, 0x0000000084500000, 0x0000000084600000|  0%| F|  |TAMS 0x0000000084500000, 0x0000000084500000| Untracked 
|  70|0x0000000084600000, 0x0000000084600000, 0x0000000084700000|  0%| F|  |TAMS 0x0000000084600000, 0x0000000084600000| Untracked 
|  71|0x0000000084700000, 0x0000000084700000, 0x0000000084800000|  0%| F|  |TAMS 0x0000000084700000, 0x0000000084700000| Untracked 
|  72|0x0000000084800000, 0x0000000084800000, 0x0000000084900000|  0%| F|  |TAMS 0x0000000084800000, 0x0000000084800000| Untracked 
|  73|0x0000000084900000, 0x0000000084900000, 0x0000000084a00000|  0%| F|  |TAMS 0x0000000084900000, 0x0000000084900000| Untracked 
|  74|0x0000000084a00000, 0x0000000084a00000, 0x0000000084b00000|  0%| F|  |TAMS 0x0000000084a00000, 0x0000000084a00000| Untracked 
|  75|0x0000000084b00000, 0x0000000084b00000, 0x0000000084c00000|  0%| F|  |TAMS 0x0000000084b00000, 0x0000000084b00000| Untracked 
|  76|0x0000000084c00000, 0x0000000084c00000, 0x0000000084d00000|  0%| F|  |TAMS 0x0000000084c00000, 0x0000000084c00000| Untracked 
|  77|0x0000000084d00000, 0x0000000084d00000, 0x0000000084e00000|  0%| F|  |TAMS 0x0000000084d00000, 0x0000000084d00000| Untracked 
|  78|0x0000000084e00000, 0x0000000084e00000, 0x0000000084f00000|  0%| F|  |TAMS 0x0000000084e00000, 0x0000000084e00000| Untracked 
|  79|0x0000000084f00000, 0x0000000084f00000, 0x0000000085000000|  0%| F|  |TAMS 0x0000000084f00000, 0x0000000084f00000| Untracked 
|  80|0x0000000085000000, 0x0000000085000000, 0x0000000085100000|  0%| F|  |TAMS 0x0000000085000000, 0x0000000085000000| Untracked 
|  81|0x0000000085100000, 0x0000000085100000, 0x0000000085200000|  0%| F|  |TAMS 0x0000000085100000, 0x0000000085100000| Untracked 
|  82|0x0000000085200000, 0x0000000085200000, 0x0000000085300000|  0%| F|  |TAMS 0x0000000085200000, 0x0000000085200000| Untracked 
|  83|0x0000000085300000, 0x0000000085300000, 0x0000000085400000|  0%| F|  |TAMS 0x0000000085300000, 0x0000000085300000| Untracked 
|  84|0x0000000085400000, 0x0000000085466b58, 0x0000000085500000| 40%| E|  |TAMS 0x0000000085400000, 0x0000000085400000| Complete 
|  85|0x0000000085500000, 0x0000000085600000, 0x0000000085600000|100%| E|CS|TAMS 0x0000000085500000, 0x0000000085500000| Complete 
|  91|0x0000000085b00000, 0x0000000085c00000, 0x0000000085c00000|100%| E|CS|TAMS 0x0000000085b00000, 0x0000000085b00000| Complete 
|  92|0x0000000085c00000, 0x0000000085d00000, 0x0000000085d00000|100%| E|CS|TAMS 0x0000000085c00000, 0x0000000085c00000| Complete 
| 125|0x0000000087d00000, 0x0000000087e00000, 0x0000000087e00000|100%| E|CS|TAMS 0x0000000087d00000, 0x0000000087d00000| Complete 

Card table byte_map: [0x00000236fa4e0000,0x00000236fa8e0000] _byte_map_base: 0x00000236fa0e0000

Marking Bits (Prev, Next): (CMBitMap*) 0x00000236e174ccc0, (CMBitMap*) 0x00000236e174cc80
 Prev Bits: [0x00000236fcce0000, 0x00000236fece0000)
 Next Bits: [0x00000236face0000, 0x00000236fcce0000)

Polling page: 0x00000236e17f0000

Metaspace:

Usage:
  Non-class:     41.78 MB used.
      Class:      6.40 MB used.
       Both:     48.18 MB used.

Virtual space:
  Non-class space:       48.00 MB reserved,      42.00 MB ( 88%) committed,  6 nodes.
      Class space:        1.00 GB reserved,       6.62 MB ( <1%) committed,  1 nodes.
              Both:        1.05 GB reserved,      48.62 MB (  5%) committed. 

Chunk freelists:
   Non-Class:  2.02 MB
       Class:  1.36 MB
        Both:  3.38 MB

MaxMetaspaceSize: 17179869184.00 GB
CompressedClassSpaceSize: 1.00 GB
 - commit_granule_bytes: 65536.
 - commit_granule_words: 8192.
 - virtual_space_node_default_size: 1048576.
 - enlarge_chunks_in_place: 1.
 - new_chunks_are_fully_committed: 0.
 - uncommit_free_chunks: 1.
 - use_allocation_guard: 0.
 - handle_deallocations: 1.


Internal statistics:

num_allocs_failed_limit: 6.
num_arena_births: 486.
num_arena_deaths: 0.
num_vsnodes_births: 7.
num_vsnodes_deaths: 0.
num_space_committed: 778.
num_space_uncommitted: 0.
num_chunks_returned_to_freelist: 6.
num_chunks_taken_from_freelist: 2346.
num_chunk_merges: 6.
num_chunk_splits: 1603.
num_chunks_enlarged: 1138.
num_purges: 0.

CodeHeap 'non-profiled nmethods': size=120000Kb used=3637Kb max_used=3637Kb free=116362Kb
 bounds [0x00000236f2130000, 0x00000236f24c0000, 0x00000236f9660000]
CodeHeap 'profiled nmethods': size=120000Kb used=11980Kb max_used=11980Kb free=108019Kb
 bounds [0x00000236eac00000, 0x00000236eb7c0000, 0x00000236f2130000]
CodeHeap 'non-nmethods': size=5760Kb used=2348Kb max_used=2400Kb free=3411Kb
 bounds [0x00000236ea660000, 0x00000236ea8d0000, 0x00000236eac00000]
 total_blobs=6891 nmethods=6042 adapters=761
 compilation: enabled
              stopped_count=0, restarted_count=0
 full_count=0

Compilation events (20 events):
Event: 5.742 Thread 0x00000236ff75d580 6044       3       com.google.common.reflect.Types$JavaVersion::usedInGenericType (48 bytes)
Event: 5.742 Thread 0x00000236ff75d580 nmethod 6044 0x00000236eb7a2c90 code [0x00000236eb7a2ea0, 0x00000236eb7a35a8]
Event: 5.742 Thread 0x00000236ff75d580 6041       3       com.google.common.reflect.Types::access$200 (6 bytes)
Event: 5.742 Thread 0x00000236ff75d580 nmethod 6041 0x00000236eb7a3890 code [0x00000236eb7a3a40, 0x00000236eb7a3b48]
Event: 5.742 Thread 0x00000236ff75d580 6046       3       com.google.common.collect.LinkedHashMultimap::access$400 (6 bytes)
Event: 5.742 Thread 0x00000236ff75d580 nmethod 6046 0x00000236eb7a3c10 code [0x00000236eb7a3dc0, 0x00000236eb7a3ff8]
Event: 5.742 Thread 0x00000236ff75d580 6045       3       com.google.common.collect.AbstractMapBasedMultimap::put (92 bytes)
Event: 5.743 Thread 0x00000236ff75d580 nmethod 6045 0x00000236eb7a4110 code [0x00000236eb7a4340, 0x00000236eb7a4bb8]
Event: 5.743 Thread 0x00000236ff75d580 6047       3       com.google.common.collect.LinkedHashMultimap$ValueSet$1::hasNext (21 bytes)
Event: 5.743 Thread 0x00000236ff75d580 nmethod 6047 0x00000236eb7a4e10 code [0x00000236eb7a4fe0, 0x00000236eb7a52e8]
Event: 5.743 Thread 0x00000236ff75d580 6048       3       com.google.common.collect.LinkedHashMultimap$ValueSet$1::checkForComodification (23 bytes)
Event: 5.743 Thread 0x00000236ff75d580 nmethod 6048 0x00000236eb7a5410 code [0x00000236eb7a55c0, 0x00000236eb7a5808]
Event: 5.750 Thread 0x00000236ff75d580 6049       3       com.google.common.reflect.TypeToken::someRawTypeIsSubclassOf (42 bytes)
Event: 5.750 Thread 0x00000236ff75d580 nmethod 6049 0x00000236eb7a5910 code [0x00000236eb7a5b20, 0x00000236eb7a6128]
Event: 5.750 Thread 0x00000236ff75d580 6050       3       org.gradle.internal.instantiation.generator.AbstractClassGenerator::inspectType (560 bytes)
Event: 5.754 Thread 0x00000236ff75d580 nmethod 6050 0x00000236eb7a6310 code [0x00000236eb7a6b00, 0x00000236eb7ac1a8]
Event: 5.754 Thread 0x00000236ff75d580 6051       3       com.google.common.collect.LinkedHashMultimap$ValueEntry::<init> (18 bytes)
Event: 5.754 Thread 0x00000236ff75d580 nmethod 6051 0x00000236eb7adb10 code [0x00000236eb7adcc0, 0x00000236eb7adff8]
Event: 5.754 Thread 0x00000236ff75d580 6052       3       org.objectweb.asm.Frame::addInitializedType (77 bytes)
Event: 5.755 Thread 0x00000236ff75d580 nmethod 6052 0x00000236eb7ae110 code [0x00000236eb7ae2e0, 0x00000236eb7ae828]

GC Heap History (20 events):
Event: 3.442 GC heap before
{Heap before GC invocations=6 (full 0):
 garbage-first heap   total 75776K, used 56403K [0x0000000080000000, 0x0000000100000000)
  region size 1024K, 34 young (34816K), 6 survivors (6144K)
 Metaspace       used 30658K, committed 31040K, reserved 1081344K
  class space    used 4189K, committed 4352K, reserved 1048576K
}
Event: 3.449 GC heap after
{Heap after GC invocations=7 (full 0):
 garbage-first heap   total 75776K, used 29016K [0x0000000080000000, 0x0000000100000000)
  region size 1024K, 4 young (4096K), 4 survivors (4096K)
 Metaspace       used 30658K, committed 31040K, reserved 1081344K
  class space    used 4189K, committed 4352K, reserved 1048576K
}
Event: 3.933 GC heap before
{Heap before GC invocations=7 (full 0):
 garbage-first heap   total 75776K, used 55640K [0x0000000080000000, 0x0000000100000000)
  region size 1024K, 30 young (30720K), 4 survivors (4096K)
 Metaspace       used 34590K, committed 35008K, reserved 1081344K
  class space    used 4667K, committed 4864K, reserved 1048576K
}
Event: 3.936 GC heap after
{Heap after GC invocations=8 (full 0):
 garbage-first heap   total 75776K, used 31047K [0x0000000080000000, 0x0000000100000000)
  region size 1024K, 3 young (3072K), 3 survivors (3072K)
 Metaspace       used 34590K, committed 35008K, reserved 1081344K
  class space    used 4667K, committed 4864K, reserved 1048576K
}
Event: 4.043 GC heap before
{Heap before GC invocations=8 (full 0):
 garbage-first heap   total 75776K, used 36167K [0x0000000080000000, 0x0000000100000000)
  region size 1024K, 9 young (9216K), 3 survivors (3072K)
 Metaspace       used 35263K, committed 35648K, reserved 1081344K
  class space    used 4788K, committed 4992K, reserved 1048576K
}
Event: 4.046 GC heap after
{Heap after GC invocations=9 (full 0):
 garbage-first heap   total 75776K, used 31281K [0x0000000080000000, 0x0000000100000000)
  region size 1024K, 3 young (3072K), 3 survivors (3072K)
 Metaspace       used 35263K, committed 35648K, reserved 1081344K
  class space    used 4788K, committed 4992K, reserved 1048576K
}
Event: 4.372 GC heap before
{Heap before GC invocations=10 (full 0):
 garbage-first heap   total 75776K, used 57905K [0x0000000080000000, 0x0000000100000000)
  region size 1024K, 29 young (29696K), 3 survivors (3072K)
 Metaspace       used 38241K, committed 38656K, reserved 1089536K
  class space    used 5222K, committed 5376K, reserved 1048576K
}
Event: 4.375 GC heap after
{Heap after GC invocations=11 (full 0):
 garbage-first heap   total 75776K, used 32687K [0x0000000080000000, 0x0000000100000000)
  region size 1024K, 2 young (2048K), 2 survivors (2048K)
 Metaspace       used 38241K, committed 38656K, reserved 1089536K
  class space    used 5222K, committed 5376K, reserved 1048576K
}
Event: 4.695 GC heap before
{Heap before GC invocations=11 (full 0):
 garbage-first heap   total 75776K, used 59311K [0x0000000080000000, 0x0000000100000000)
  region size 1024K, 28 young (28672K), 2 survivors (2048K)
 Metaspace       used 39190K, committed 39616K, reserved 1089536K
  class space    used 5312K, committed 5504K, reserved 1048576K
}
Event: 4.698 GC heap after
{Heap after GC invocations=12 (full 0):
 garbage-first heap   total 75776K, used 35701K [0x0000000080000000, 0x0000000100000000)
  region size 1024K, 4 young (4096K), 4 survivors (4096K)
 Metaspace       used 39190K, committed 39616K, reserved 1089536K
  class space    used 5312K, committed 5504K, reserved 1048576K
}
Event: 4.784 GC heap before
{Heap before GC invocations=12 (full 0):
 garbage-first heap   total 75776K, used 40821K [0x0000000080000000, 0x0000000100000000)
  region size 1024K, 10 young (10240K), 4 survivors (4096K)
 Metaspace       used 39212K, committed 39616K, reserved 1089536K
  class space    used 5312K, committed 5504K, reserved 1048576K
}
Event: 4.788 GC heap after
{Heap after GC invocations=13 (full 0):
 garbage-first heap   total 75776K, used 40763K [0x0000000080000000, 0x0000000100000000)
  region size 1024K, 4 young (4096K), 4 survivors (4096K)
 Metaspace       used 39212K, committed 39616K, reserved 1089536K
  class space    used 5312K, committed 5504K, reserved 1048576K
}
Event: 5.006 GC heap before
{Heap before GC invocations=14 (full 0):
 garbage-first heap   total 75776K, used 55099K [0x0000000080000000, 0x0000000100000000)
  region size 1024K, 17 young (17408K), 4 survivors (4096K)
 Metaspace       used 40462K, committed 40832K, reserved 1089536K
  class space    used 5487K, committed 5632K, reserved 1048576K
}
Event: 5.009 GC heap after
{Heap after GC invocations=15 (full 0):
 garbage-first heap   total 75776K, used 45142K [0x0000000080000000, 0x0000000100000000)
  region size 1024K, 3 young (3072K), 3 survivors (3072K)
 Metaspace       used 40462K, committed 40832K, reserved 1089536K
  class space    used 5487K, committed 5632K, reserved 1048576K
}
Event: 5.155 GC heap before
{Heap before GC invocations=15 (full 0):
 garbage-first heap   total 75776K, used 55382K [0x0000000080000000, 0x0000000100000000)
  region size 1024K, 14 young (14336K), 3 survivors (3072K)
 Metaspace       used 42115K, committed 42560K, reserved 1089536K
  class space    used 5683K, committed 5888K, reserved 1048576K
}
Event: 5.158 GC heap after
{Heap after GC invocations=16 (full 0):
 garbage-first heap   total 91136K, used 45546K [0x0000000080000000, 0x0000000100000000)
  region size 1024K, 1 young (1024K), 1 survivors (1024K)
 Metaspace       used 42115K, committed 42560K, reserved 1089536K
  class space    used 5683K, committed 5888K, reserved 1048576K
}
Event: 5.443 GC heap before
{Heap before GC invocations=17 (full 0):
 garbage-first heap   total 91136K, used 65002K [0x0000000080000000, 0x0000000100000000)
  region size 1024K, 20 young (20480K), 1 survivors (1024K)
 Metaspace       used 45320K, committed 45760K, reserved 1089536K
  class space    used 6114K, committed 6336K, reserved 1048576K
}
Event: 5.445 GC heap after
{Heap after GC invocations=18 (full 0):
 garbage-first heap   total 91136K, used 46406K [0x0000000080000000, 0x0000000100000000)
  region size 1024K, 2 young (2048K), 2 survivors (2048K)
 Metaspace       used 45320K, committed 45760K, reserved 1089536K
  class space    used 6114K, committed 6336K, reserved 1048576K
}
Event: 5.715 GC heap before
{Heap before GC invocations=18 (full 0):
 garbage-first heap   total 91136K, used 66886K [0x0000000080000000, 0x0000000100000000)
  region size 1024K, 22 young (22528K), 2 survivors (2048K)
 Metaspace       used 48879K, committed 49344K, reserved 1097728K
  class space    used 6482K, committed 6720K, reserved 1048576K
}
Event: 5.718 GC heap after
{Heap after GC invocations=19 (full 0):
 garbage-first heap   total 91136K, used 47294K [0x0000000080000000, 0x0000000100000000)
  region size 1024K, 3 young (3072K), 3 survivors (3072K)
 Metaspace       used 48879K, committed 49344K, reserved 1097728K
  class space    used 6482K, committed 6720K, reserved 1048576K
}

Deoptimization events (20 events):
Event: 5.346 Thread 0x0000023684659f80 DEOPT PACKING pc=0x00000236eae2d68f sp=0x000000b0a06f5e00
Event: 5.346 Thread 0x0000023684659f80 DEOPT UNPACKING pc=0x00000236ea6ae77e sp=0x000000b0a06f5368 mode 0
Event: 5.347 Thread 0x0000023684659f80 DEOPT PACKING pc=0x00000236eae2d68f sp=0x000000b0a06f5f00
Event: 5.347 Thread 0x0000023684659f80 DEOPT UNPACKING pc=0x00000236ea6ae77e sp=0x000000b0a06f5468 mode 0
Event: 5.363 Thread 0x0000023684659f80 Uncommon trap: trap_request=0xffffff45 fr.pc=0x00000236f2490318 relative=0x0000000000000178
Event: 5.363 Thread 0x0000023684659f80 Uncommon trap: reason=unstable_if action=reinterpret pc=0x00000236f2490318 method=org.apache.xerces.dom.DeferredDocumentImpl.clearChunkValue([[Ljava/lang/Object;II)Ljava/lang/String; @ 59 c2
Event: 5.363 Thread 0x0000023684659f80 DEOPT PACKING pc=0x00000236f2490318 sp=0x000000b0a06f6680
Event: 5.363 Thread 0x0000023684659f80 DEOPT UNPACKING pc=0x00000236ea6af92e sp=0x000000b0a06f6620 mode 2
Event: 5.420 Thread 0x0000023684659f80 Uncommon trap: trap_request=0xffffff45 fr.pc=0x00000236f247bb60 relative=0x00000000000002a0
Event: 5.421 Thread 0x0000023684659f80 Uncommon trap: reason=unstable_if action=reinterpret pc=0x00000236f247bb60 method=org.gradle.internal.instantiation.generator.AbstractClassGenerator$InjectionAnnotationValidator.validateMethod(Ljava/lang/reflect/Method;Lorg/gradle/internal/reflect/Propert
Event: 5.421 Thread 0x0000023684659f80 DEOPT PACKING pc=0x00000236f247bb60 sp=0x000000b0a06f76b0
Event: 5.421 Thread 0x0000023684659f80 DEOPT UNPACKING pc=0x00000236ea6af92e sp=0x000000b0a06f7678 mode 2
Event: 5.445 Thread 0x00000236829bf670 Uncommon trap: trap_request=0xffffffde fr.pc=0x00000236f23c3588 relative=0x0000000000000548
Event: 5.445 Thread 0x00000236829bf670 Uncommon trap: reason=class_check action=maybe_recompile pc=0x00000236f23c3588 method=jdk.internal.ref.PhantomCleanable.clean()V @ 12 c2
Event: 5.445 Thread 0x00000236829bf670 DEOPT PACKING pc=0x00000236f23c3588 sp=0x000000b09f7fecb0
Event: 5.445 Thread 0x00000236829bf670 DEOPT UNPACKING pc=0x00000236ea6af92e sp=0x000000b09f7fec90 mode 2
Event: 5.518 Thread 0x0000023684659f80 Uncommon trap: trap_request=0xffffff45 fr.pc=0x00000236f24037a8 relative=0x00000000000001e8
Event: 5.518 Thread 0x0000023684659f80 Uncommon trap: reason=unstable_if action=reinterpret pc=0x00000236f24037a8 method=java.lang.ThreadLocal$ThreadLocalMap.getEntryAfterMiss(Ljava/lang/ThreadLocal;ILjava/lang/ThreadLocal$ThreadLocalMap$Entry;)Ljava/lang/ThreadLocal$ThreadLocalMap$Entry; @ 30
Event: 5.518 Thread 0x0000023684659f80 DEOPT PACKING pc=0x00000236f24037a8 sp=0x000000b0a06f8180
Event: 5.518 Thread 0x0000023684659f80 DEOPT UNPACKING pc=0x00000236ea6af92e sp=0x000000b0a06f8010 mode 2

Classes unloaded (0 events):
No events

Classes redefined (0 events):
No events

Internal exceptions (20 events):
Event: 4.890 Thread 0x0000023684659f80 Exception <a 'java/lang/ClassNotFoundException'{0x0000000083f78e48}: org/gradle/api/tasks/DeleteCustomizer> (0x0000000083f78e48) 
thrown [t:\workspace\open\src\hotspot\share\classfile\systemDictionary.cpp, line 256]
Event: 4.892 Thread 0x0000023684659f80 Exception <a 'java/lang/ClassNotFoundException'{0x0000000083f9eba8}: org/gradle/api/tasks/Delete_DecoratedCustomizer> (0x0000000083f9eba8) 
thrown [t:\workspace\open\src\hotspot\share\classfile\systemDictionary.cpp, line 256]
Event: 4.910 Thread 0x0000023684659f80 Exception <a 'java/lang/NoSuchMethodError'{0x0000000083e8e658}: 'long java.lang.invoke.DirectMethodHandle$Holder.invokeVirtual(java.lang.Object, java.lang.Object)'> (0x0000000083e8e658) 
thrown [t:\workspace\open\src\hotspot\share\interpreter\linkResolver.cpp, line 790]
Event: 4.915 Thread 0x0000023684831090 Exception <a 'java/lang/NoSuchMethodError'{0x0000000083ed1030}: static Lorg/gradle/internal/build/event/types/DefaultOperationFinishedProgressEvent;.<clinit>()V> (0x0000000083ed1030) 
thrown [t:\workspace\open\src\hotspot\share\prims\jni.cpp, line 1210]
Event: 4.922 Thread 0x0000023684831090 Exception <a 'java/lang/NoSuchMethodError'{0x0000000083ef2ac8}: static Lorg/gradle/internal/build/event/types/DefaultProjectConfigurationSuccessResult;.<clinit>()V> (0x0000000083ef2ac8) 
thrown [t:\workspace\open\src\hotspot\share\prims\jni.cpp, line 1210]
Event: 4.922 Thread 0x0000023684831090 Exception <a 'java/lang/NoSuchMethodError'{0x0000000083ef3e88}: static Lorg/gradle/internal/build/event/types/AbstractProjectConfigurationResult;.<clinit>()V> (0x0000000083ef3e88) 
thrown [t:\workspace\open\src\hotspot\share\prims\jni.cpp, line 1210]
Event: 4.922 Thread 0x0000023684831090 Exception <a 'java/lang/NoSuchMethodError'{0x0000000083ef5680}: static Lorg/gradle/internal/build/event/types/AbstractOperationResult;.<clinit>()V> (0x0000000083ef5680) 
thrown [t:\workspace\open\src\hotspot\share\prims\jni.cpp, line 1210]
Event: 4.922 Thread 0x0000023684831090 Exception <a 'java/lang/NoSuchMethodError'{0x0000000083ef6980}: static Lorg/gradle/internal/build/event/types/AbstractResult;.<clinit>()V> (0x0000000083ef6980) 
thrown [t:\workspace\open\src\hotspot\share\prims\jni.cpp, line 1210]
Event: 4.924 Thread 0x0000023684831090 Exception <a 'java/lang/NoSuchMethodError'{0x0000000083d0ae88}: static Lorg/gradle/internal/build/event/types/DefaultPluginApplicationResult;.<clinit>()V> (0x0000000083d0ae88) 
thrown [t:\workspace\open\src\hotspot\share\prims\jni.cpp, line 1210]
Event: 4.926 Thread 0x0000023684831090 Exception <a 'java/lang/NoSuchMethodError'{0x0000000083d16800}: static Lorg/gradle/internal/build/event/types/DefaultBinaryPluginIdentifier;.<clinit>()V> (0x0000000083d16800) 
thrown [t:\workspace\open\src\hotspot\share\prims\jni.cpp, line 1210]
Event: 4.928 Thread 0x0000023684831090 Exception <a 'java/lang/NoSuchMethodError'{0x0000000083d5e5e8}: static Lorg/gradle/internal/build/event/types/DefaultScriptPluginIdentifier;.<clinit>()V> (0x0000000083d5e5e8) 
thrown [t:\workspace\open\src\hotspot\share\prims\jni.cpp, line 1210]
Event: 4.944 Thread 0x0000023684659f80 Exception <a 'java/lang/ClassNotFoundException'{0x0000000083dbf9e0}: build_4cvax2bq7na11y02z13xu9n3sBeanInfo> (0x0000000083dbf9e0) 
thrown [t:\workspace\open\src\hotspot\share\classfile\systemDictionary.cpp, line 256]
Event: 4.944 Thread 0x0000023684659f80 Exception <a 'java/lang/ClassNotFoundException'{0x0000000083dc5518}: build_4cvax2bq7na11y02z13xu9n3sCustomizer> (0x0000000083dc5518) 
thrown [t:\workspace\open\src\hotspot\share\classfile\systemDictionary.cpp, line 256]
Event: 4.962 Thread 0x0000023684659f80 Exception <a 'java/lang/ClassNotFoundException'{0x0000000083cf1898}: org/gradle/api/internal/plugins/DefaultObjectConfigurationActionBeanInfo> (0x0000000083cf1898) 
thrown [t:\workspace\open\src\hotspot\share\classfile\systemDictionary.cpp, line 256]
Event: 4.963 Thread 0x0000023684659f80 Exception <a 'java/lang/ClassNotFoundException'{0x0000000083b03fe0}: org/gradle/api/internal/plugins/DefaultObjectConfigurationActionCustomizer> (0x0000000083b03fe0) 
thrown [t:\workspace\open\src\hotspot\share\classfile\systemDictionary.cpp, line 256]
Event: 5.083 Thread 0x0000023684659f80 Exception <a 'java/lang/NoSuchMethodError'{0x000000008432d840}: 'java.lang.Object java.lang.invoke.DirectMethodHandle$Holder.newInvokeSpecial(java.lang.Object, java.lang.Object, java.lang.Object, java.lang.Object, int)'> (0x000000008432d840) 
thrown [t:\workspace\open\src\hotspot\share\interpreter\linkResolver.cpp, line 790]
Event: 5.083 Thread 0x0000023684659f80 Exception <a 'java/lang/NoSuchMethodError'{0x0000000084332ee0}: 'java.lang.Object java.lang.invoke.DirectMethodHandle$Holder.invokeSpecial(java.lang.Object, java.lang.Object, java.lang.Object, java.lang.Object, java.lang.Object, int)'> (0x0000000084332ee0) 
thrown [t:\workspace\open\src\hotspot\share\interpreter\linkResolver.cpp, line 790]
Event: 5.083 Thread 0x0000023684659f80 Exception <a 'java/lang/NoSuchMethodError'{0x0000000084337db8}: 'java.lang.Object java.lang.invoke.Invokers$Holder.linkToTargetMethod(java.lang.Object, java.lang.Object, java.lang.Object, int, java.lang.Object)'> (0x0000000084337db8) 
thrown [t:\workspace\open\src\hotspot\share\interpreter\linkResolver.cpp, line 790]
Event: 5.406 Thread 0x0000023684659f80 Exception <a 'java/lang/NoSuchMethodError'{0x00000000848b2968}: 'int java.lang.invoke.DirectMethodHandle$Holder.invokeInterface(java.lang.Object, java.lang.Object, java.lang.Object, java.lang.Object)'> (0x00000000848b2968) 
thrown [t:\workspace\open\src\hotspot\share\interpreter\linkResolver.cpp, line 790]
Event: 5.670 Thread 0x0000023684659f80 Exception <a 'java/lang/NoSuchMethodError'{0x00000000847744d8}: 'void java.lang.invoke.DirectMethodHandle$Holder.invokeInterface(java.lang.Object, java.lang.Object, java.lang.Object, java.lang.Object)'> (0x00000000847744d8) 
thrown [t:\workspace\open\src\hotspot\share\interpreter\linkResolver.cpp, line 790]

Events (20 events):
Event: 5.512 loading class com/sun/management/ThreadMXBean done
Event: 5.512 loading class sun/management/ThreadImpl
Event: 5.512 loading class sun/management/ThreadImpl done
Event: 5.512 loading class com/sun/management/internal/HotSpotThreadImpl done
Event: 5.513 loading class java/util/Collections$SynchronizedRandomAccessList
Event: 5.513 loading class java/util/Collections$SynchronizedList
Event: 5.513 loading class java/util/Collections$SynchronizedList done
Event: 5.513 loading class java/util/Collections$SynchronizedRandomAccessList done
Event: 5.516 loading class java/util/concurrent/Executors$DefaultThreadFactory
Event: 5.516 loading class java/util/concurrent/Executors$DefaultThreadFactory done
Event: 5.577 loading class java/nio/charset/UnsupportedCharsetException
Event: 5.577 loading class java/nio/charset/UnsupportedCharsetException done
Event: 5.674 loading class java/util/regex/Pattern$1
Event: 5.674 loading class java/util/regex/Pattern$1 done
Event: 5.695 Executing  VM operation: HandshakeAllThreads
Event: 5.695 Executing  VM operation: HandshakeAllThreads done
Event: 5.715 Executing  VM operation: G1CollectForAllocation
Event: 5.718 Executing  VM operation: G1CollectForAllocation done
Event: 5.747 Executing  VM operation: G1Concurrent
Event: 5.749 Executing  VM operation: G1Concurrent done


Dynamic libraries:
0x00007ff6f7c30000 - 0x00007ff6f7c40000 	C:\Program Files\Java\jdk-16.0.2\bin\java.exe
0x00007ffb63a10000 - 0x00007ffb63c08000 	C:\WINDOWS\SYSTEM32\ntdll.dll
0x00007ffb61b40000 - 0x00007ffb61bfd000 	C:\WINDOWS\System32\KERNEL32.DLL
0x00007ffb611a0000 - 0x00007ffb6146e000 	C:\WINDOWS\System32\KERNELBASE.dll
0x00007ffb618d0000 - 0x00007ffb619d0000 	C:\WINDOWS\System32\ucrtbase.dll
0x00007ffb435a0000 - 0x00007ffb435b9000 	C:\Program Files\Java\jdk-16.0.2\bin\VCRUNTIME140.dll
0x00007ffb3b8f0000 - 0x00007ffb3b908000 	C:\Program Files\Java\jdk-16.0.2\bin\jli.dll
0x00007ffb62d30000 - 0x00007ffb62dde000 	C:\WINDOWS\System32\ADVAPI32.dll
0x00007ffb62480000 - 0x00007ffb6251e000 	C:\WINDOWS\System32\msvcrt.dll
0x00007ffb63260000 - 0x00007ffb632fc000 	C:\WINDOWS\System32\sechost.dll
0x00007ffb62600000 - 0x00007ffb62725000 	C:\WINDOWS\System32\RPCRT4.dll
0x00007ffb63770000 - 0x00007ffb63910000 	C:\WINDOWS\System32\USER32.dll
0x00007ffb61870000 - 0x00007ffb61892000 	C:\WINDOWS\System32\win32u.dll
0x00007ffb49af0000 - 0x00007ffb49d8a000 	C:\WINDOWS\WinSxS\amd64_microsoft.windows.common-controls_6595b64144ccf1df_6.0.19041.1110_none_60b5254171f9507e\COMCTL32.dll
0x00007ffb63910000 - 0x00007ffb6393a000 	C:\WINDOWS\System32\GDI32.dll
0x00007ffb61470000 - 0x00007ffb6157b000 	C:\WINDOWS\System32\gdi32full.dll
0x00007ffb619d0000 - 0x00007ffb61a6d000 	C:\WINDOWS\System32\msvcp_win.dll
0x00007ffb5b580000 - 0x00007ffb5b58a000 	C:\WINDOWS\SYSTEM32\VERSION.dll
0x00007ffb62a20000 - 0x00007ffb62a50000 	C:\WINDOWS\System32\IMM32.DLL
0x00007ffb466e0000 - 0x00007ffb466ec000 	C:\Program Files\Java\jdk-16.0.2\bin\vcruntime140_1.dll
0x00007ffb32ae0000 - 0x00007ffb32b71000 	C:\Program Files\Java\jdk-16.0.2\bin\msvcp140.dll
0x00007ffaecda0000 - 0x00007ffaed94b000 	C:\Program Files\Java\jdk-16.0.2\bin\server\jvm.dll
0x00007ffb62820000 - 0x00007ffb62828000 	C:\WINDOWS\System32\PSAPI.DLL
0x00007ffb5f760000 - 0x00007ffb5f787000 	C:\WINDOWS\SYSTEM32\WINMM.dll
0x00007ffb5c360000 - 0x00007ffb5c369000 	C:\WINDOWS\SYSTEM32\WSOCK32.dll
0x00007ffb62de0000 - 0x00007ffb62e4b000 	C:\WINDOWS\System32\WS2_32.dll
0x00007ffb5f9f0000 - 0x00007ffb5fa02000 	C:\WINDOWS\SYSTEM32\kernel.appcore.dll
0x00007ffb46670000 - 0x00007ffb4667a000 	C:\Program Files\Java\jdk-16.0.2\bin\jimage.dll
0x00007ffb5f570000 - 0x00007ffb5f754000 	C:\WINDOWS\SYSTEM32\DBGHELP.DLL
0x00007ffb5f540000 - 0x00007ffb5f56c000 	C:\WINDOWS\SYSTEM32\dbgcore.DLL
0x00007ffb61730000 - 0x00007ffb617b2000 	C:\WINDOWS\System32\bcryptPrimitives.dll
0x00007ffb390c0000 - 0x00007ffb390e5000 	C:\Program Files\Java\jdk-16.0.2\bin\java.dll
0x00007ffb61c80000 - 0x00007ffb623c4000 	C:\WINDOWS\System32\SHELL32.dll
0x00007ffb5ed90000 - 0x00007ffb5f524000 	C:\WINDOWS\SYSTEM32\windows.storage.dll
0x00007ffb62e50000 - 0x00007ffb631a4000 	C:\WINDOWS\System32\combase.dll
0x00007ffb60b90000 - 0x00007ffb60bc0000 	C:\WINDOWS\SYSTEM32\Wldp.dll
0x00007ffb631b0000 - 0x00007ffb6325d000 	C:\WINDOWS\System32\SHCORE.dll
0x00007ffb629c0000 - 0x00007ffb62a15000 	C:\WINDOWS\System32\shlwapi.dll
0x00007ffb61070000 - 0x00007ffb6108f000 	C:\WINDOWS\SYSTEM32\profapi.dll
0x00007ffb390a0000 - 0x00007ffb390b9000 	C:\Program Files\Java\jdk-16.0.2\bin\net.dll
0x00007ffb4bce0000 - 0x00007ffb4bdea000 	C:\WINDOWS\SYSTEM32\WINHTTP.dll
0x00007ffb608f0000 - 0x00007ffb6095a000 	C:\WINDOWS\system32\mswsock.dll
0x00007ffb39080000 - 0x00007ffb39093000 	C:\Program Files\Java\jdk-16.0.2\bin\nio.dll
0x00007ffb39060000 - 0x00007ffb39078000 	C:\Program Files\Java\jdk-16.0.2\bin\zip.dll
0x00007ffb42b30000 - 0x00007ffb42b40000 	C:\Program Files\Java\jdk-16.0.2\bin\verify.dll
0x00007ffb46990000 - 0x00007ffb469b7000 	C:\Users\ITECH\.gradle\native\e1d6ef7f7dcc3fd88c89a11ec53ec762bb8ba0a96d01ffa2cd45eb1d1d8dd5c5\windows-amd64\native-platform.dll
0x00007ffaf6380000 - 0x00007ffaf64c4000 	C:\Users\ITECH\.gradle\native\5664cfc778a61ccfe75a443a1ab52a65af34e5dc3c78e0209fed803814484fcb\windows-amd64\native-platform-file-events.dll
0x00007ffb3e310000 - 0x00007ffb3e319000 	C:\Program Files\Java\jdk-16.0.2\bin\management.dll
0x00007ffb3b8e0000 - 0x00007ffb3b8eb000 	C:\Program Files\Java\jdk-16.0.2\bin\management_ext.dll
0x00007ffb60ae0000 - 0x00007ffb60af8000 	C:\WINDOWS\SYSTEM32\CRYPTSP.dll
0x00007ffb60200000 - 0x00007ffb60234000 	C:\WINDOWS\system32\rsaenh.dll
0x00007ffb618a0000 - 0x00007ffb618c7000 	C:\WINDOWS\System32\bcrypt.dll
0x00007ffb61030000 - 0x00007ffb6105e000 	C:\WINDOWS\SYSTEM32\USERENV.dll
0x00007ffb60b00000 - 0x00007ffb60b0c000 	C:\WINDOWS\SYSTEM32\CRYPTBASE.dll
0x00007ffb60590000 - 0x00007ffb605cb000 	C:\WINDOWS\SYSTEM32\IPHLPAPI.DLL
0x00007ffb639c0000 - 0x00007ffb639c8000 	C:\WINDOWS\System32\NSI.dll
0x00007ffb50ec0000 - 0x00007ffb50ed7000 	C:\WINDOWS\SYSTEM32\dhcpcsvc6.DLL
0x00007ffb53de0000 - 0x00007ffb53dfd000 	C:\WINDOWS\SYSTEM32\dhcpcsvc.DLL
0x00007ffb605e0000 - 0x00007ffb606aa000 	C:\WINDOWS\SYSTEM32\DNSAPI.dll
0x00007ffb39030000 - 0x00007ffb3903e000 	C:\Program Files\Java\jdk-16.0.2\bin\sunmscapi.dll
0x00007ffb615d0000 - 0x00007ffb61726000 	C:\WINDOWS\System32\CRYPT32.dll
0x00007ffb60c00000 - 0x00007ffb60c27000 	C:\WINDOWS\SYSTEM32\ncrypt.dll
0x00007ffb60bc0000 - 0x00007ffb60bfb000 	C:\WINDOWS\SYSTEM32\NTASN1.dll
0x00007ffb344b0000 - 0x00007ffb344b7000 	C:\WINDOWS\system32\wshunix.dll

dbghelp: loaded successfully - version: 4.0.5 - missing functions: none
symbol engine: initialized successfully - sym options: 0x614 - pdb path: .;C:\Program Files\Java\jdk-16.0.2\bin;C:\WINDOWS\SYSTEM32;C:\WINDOWS\WinSxS\amd64_microsoft.windows.common-controls_6595b64144ccf1df_6.0.19041.1110_none_60b5254171f9507e;C:\Program Files\Java\jdk-16.0.2\bin\server;C:\Users\ITECH\.gradle\native\e1d6ef7f7dcc3fd88c89a11ec53ec762bb8ba0a96d01ffa2cd45eb1d1d8dd5c5\windows-amd64;C:\Users\ITECH\.gradle\native\5664cfc778a61ccfe75a443a1ab52a65af34e5dc3c78e0209fed803814484fcb\windows-amd64

VM Arguments:
jvm_args: --add-opens=java.base/java.util=ALL-UNNAMED --add-opens=java.base/java.lang=ALL-UNNAMED --add-opens=java.base/java.lang.invoke=ALL-UNNAMED --add-opens=java.base/java.util=ALL-UNNAMED --add-opens=java.prefs/java.util.prefs=ALL-UNNAMED --add-opens=java.prefs/java.util.prefs=ALL-UNNAMED --add-opens=java.base/java.nio.charset=ALL-UNNAMED --add-opens=java.base/java.net=ALL-UNNAMED --add-opens=java.base/java.util.concurrent.atomic=ALL-UNNAMED -Xmx2048m -Dfile.encoding=UTF-8 -Duser.country=US -Duser.language=en -Duser.variant 
java_command: org.gradle.launcher.daemon.bootstrap.GradleDaemon 7.3.3
java_class_path (initial): C:\Users\ITECH\.gradle\wrapper\dists\gradle-7.3.3-bin\6a41zxkdtcxs8rphpq6y0069z\gradle-7.3.3\lib\gradle-launcher-7.3.3.jar
Launcher Type: SUN_STANDARD

[Global flags]
     intx CICompilerCount                          = 4                                         {product} {ergonomic}
     uint ConcGCThreads                            = 2                                         {product} {ergonomic}
     uint G1ConcRefinementThreads                  = 8                                         {product} {ergonomic}
   size_t G1HeapRegionSize                         = 1048576                                   {product} {ergonomic}
    uintx GCDrainStackTargetSize                   = 64                                        {product} {ergonomic}
   size_t InitialHeapSize                          = 132120576                                 {product} {ergonomic}
   size_t MarkStackSize                            = 4194304                                   {product} {ergonomic}
   size_t MaxHeapSize                              = 2147483648                                {product} {command line}
   size_t MaxNewSize                               = 1287651328                                {product} {ergonomic}
   size_t MinHeapDeltaBytes                        = 1048576                                   {product} {ergonomic}
   size_t MinHeapSize                              = 8388608                                   {product} {ergonomic}
    uintx NonNMethodCodeHeapSize                   = 5839372                                {pd product} {ergonomic}
    uintx NonProfiledCodeHeapSize                  = 122909434                              {pd product} {ergonomic}
    uintx ProfiledCodeHeapSize                     = 122909434                              {pd product} {ergonomic}
    uintx ReservedCodeCacheSize                    = 251658240                              {pd product} {ergonomic}
     bool SegmentedCodeCache                       = true                                      {product} {ergonomic}
   size_t SoftMaxHeapSize                          = 2147483648                             {manageable} {ergonomic}
     bool UseCompressedClassPointers               = true                           {product lp64_product} {ergonomic}
     bool UseCompressedOops                        = true                           {product lp64_product} {ergonomic}
     bool UseG1GC                                  = true                                      {product} {ergonomic}
     bool UseLargePagesIndividualAllocation        = false                                  {pd product} {ergonomic}

Logging:
Log output configuration:
 #0: stdout all=warning uptime,level,tags
 #1: stderr all=off uptime,level,tags

Environment Variables:
JAVA_HOME=C:\Program Files\Java\jdk-16.0.2
PATH=C:\Program Files\Python37\Scripts\;C:\Program Files\Python37\;C:\ProgramData\Oracle\Java\javapath;C:\app\ITECH\product\11.2.0\dbhome_1\bin;C:\Program Files\Common Files\Oracle\Java\javapath;C:\Program Files (x86)\Common Files\Oracle\Java\javapath;C:\WINDOWS\system32;C:\WINDOWS;C:\WINDOWS\System32\Wbem;C:\WINDOWS\System32\WindowsPowerShell\v1.0\;C:\WINDOWS\System32\OpenSSH\;C:\Program Files\Microsoft SQL Server\130\Tools\Binn\;C:\Program Files\Microsoft SQL Server\Client SDK\ODBC\170\Tools\Binn\;C:\Program Files\dotnet\;C:\Program Files\nodejs\;C:\Program Files\Java\jdk-16.0.2\bin;C:\Program Files\Git\cmd;C:\Program Files\Java\jdk-16.0.2\bin;
USERNAME=ITECH
OS=Windows_NT
PROCESSOR_IDENTIFIER=Intel64 Family 6 Model 126 Stepping 5, GenuineIntel



---------------  S Y S T E M  ---------------

OS:
 Windows 10 , 64 bit Build 19041 (10.0.19041.1889)
OS uptime: 0 days 13:53 hours

CPU: total 8 (initial active 8) (4 cores per cpu, 2 threads per core) family 6 model 126 stepping 5 microcode 0xb0, cx8, cmov, fxsr, ht, mmx, 3dnowpref, sse, sse2, sse3, ssse3, sse4.1, sse4.2, popcnt, lzcnt, tsc, tscinvbit, avx, avx2, aes, erms, clmul, bmi1, bmi2, adx, avx512f, avx512dq, avx512cd, avx512bw, avx512vl, sha, fma, vzeroupper, avx512_vpopcntdq, avx512_vpclmulqdq, avx512_vaes, avx512_vnni, clflush, clflushopt, avx512_vmbi2, avx512_vmbi

Memory: 4k page, system-wide physical 7959M (879M free)
TotalPageFile size 7959M (AvailPageFile size 5M)
current process WorkingSet (physical memory assigned to process): 289M, peak: 289M
current process commit charge ("private bytes"): 333M, peak: 334M

vm_info: Java HotSpot(TM) 64-Bit Server VM (16.0.2+7-67) for windows-amd64 JRE (16.0.2+7-67), built on Jun  8 2021 23:24:19 by "mach5one" with MS VC++ 16.7 (VS2019)

END.
