#
# There is insufficient memory for the Java Runtime Environment to continue.
# Native memory allocation (malloc) failed to allocate 1917712 bytes for Chunk::new
# Possible reasons:
#   The system is out of physical RAM or swap space
#   The process is running with CompressedOops enabled, and the Java Heap may be blocking the growth of the native heap
# Possible solutions:
#   Reduce memory load on the system
#   Increase physical memory or swap space
#   Check if swap backing store is full
#   Decrease Java heap size (-Xmx/-Xms)
#   Decrease number of Java threads
#   Decrease Java thread stack sizes (-Xss)
#   Set larger code cache with -XX:ReservedCodeCacheSize=
#   JVM is running with Unscaled Compressed Oops mode in which the Java heap is
#     placed in the first 4GB address space. The Java Heap base address is the
#     maximum limit for the native heap growth. Please use -XX:HeapBaseMinAddress
#     to set the Java Heap base and to place the Java Heap above 4GB virtual address.
# This output file may be truncated or incomplete.
#
#  Out of Memory Error (arena.cpp:195), pid=8748, tid=6404
#
# JRE version: Java(TM) SE Runtime Environment (16.0.2+7) (build 16.0.2+7-67)
# Java VM: Java HotSpot(TM) 64-Bit Server VM (16.0.2+7-67, mixed mode, sharing, tiered, compressed oops, compressed class ptrs, g1 gc, windows-amd64)
# No core dump will be written. Minidumps are not enabled by default on client versions of Windows
#

---------------  S U M M A R Y ------------

Command Line: --add-opens=java.base/java.util=ALL-UNNAMED --add-opens=java.base/java.lang=ALL-UNNAMED --add-opens=java.base/java.lang.invoke=ALL-UNNAMED --add-opens=java.base/java.util=ALL-UNNAMED --add-opens=java.prefs/java.util.prefs=ALL-UNNAMED --add-opens=java.prefs/java.util.prefs=ALL-UNNAMED --add-opens=java.base/java.nio.charset=ALL-UNNAMED --add-opens=java.base/java.net=ALL-UNNAMED --add-opens=java.base/java.util.concurrent.atomic=ALL-UNNAMED -Xmx2048m -Dfile.encoding=UTF-8 -Duser.country=US -Duser.language=en -Duser.variant org.gradle.launcher.daemon.bootstrap.GradleDaemon 7.3.3

Host: Intel(R) Core(TM) i7-1065G7 CPU @ 1.30GHz, 8 cores, 7G,  Windows 10 , 64 bit Build 19041 (10.0.19041.1889)
Time: Mon Aug 22 22:24:59 2022 Egypt Standard Time elapsed time: 18.396577 seconds (0d 0h 0m 18s)

---------------  T H R E A D  ---------------

Current thread (0x00000296eb7b1850):  JavaThread "C2 CompilerThread2" daemon [_thread_in_native, id=6404, stack(0x000000f311900000,0x000000f311a00000)]


Current CompileTask:
C2:  18396 16831 %     4       com.android.tools.r8.dex.j::m @ 64 (2094 bytes)

Stack: [0x000000f311900000,0x000000f311a00000]
Native frames: (J=compiled Java code, j=interpreted, Vv=VM code, C=native code)
V  [jvm.dll+0x6681ca]
V  [jvm.dll+0x7c9e69]
V  [jvm.dll+0x7cb61e]
V  [jvm.dll+0x7cbc73]
V  [jvm.dll+0x242c55]
V  [jvm.dll+0xadeba]
V  [jvm.dll+0xae45c]
V  [jvm.dll+0x35a8d7]
V  [jvm.dll+0x324de1]
V  [jvm.dll+0x32428a]
V  [jvm.dll+0x215cec]
V  [jvm.dll+0x215100]
V  [jvm.dll+0x1a1beb]
V  [jvm.dll+0x225158]
V  [jvm.dll+0x22319c]
V  [jvm.dll+0x77fa62]
V  [jvm.dll+0x7795aa]
V  [jvm.dll+0x667066]
C  [ucrtbase.dll+0x21bb2]
C  [KERNEL32.DLL+0x17034]
C  [ntdll.dll+0x52651]


---------------  P R O C E S S  ---------------

Threads class SMR info:
_java_thread_list=0x00000296e52da960, length=166, elements={
0x00000296c65ad1b0, 0x00000296e466d060, 0x00000296e466db70, 0x00000296e467b9a0,
0x00000296e467e4c0, 0x00000296e4682df0, 0x00000296e4683700, 0x00000296e4697590,
0x00000296e468de20, 0x00000296e468e770, 0x00000296e510e7c0, 0x00000296e5110d10,
0x00000296e6d44380, 0x00000296e6d423a0, 0x00000296e6d44e20, 0x00000296e6d438e0,
0x00000296e6d45370, 0x00000296e6d458c0, 0x00000296e6d428f0, 0x00000296e6d43390,
0x00000296e6d43e30, 0x00000296e6370690, 0x00000296e6372670, 0x00000296e6370be0,
0x00000296e6371130, 0x00000296e6372bc0, 0x00000296e6371680, 0x00000296e6371bd0,
0x00000296e6373110, 0x00000296e6372120, 0x00000296e636fbf0, 0x00000296e6370140,
0x00000296eb2b50e0, 0x00000296eb2b0680, 0x00000296eb2b60d0, 0x00000296eb2b5630,
0x00000296eb2b0130, 0x00000296eb2ae6a0, 0x00000296eb2b5b80, 0x00000296eb2b3100,
0x00000296eb2af140, 0x00000296eb2b3650, 0x00000296eb2af690, 0x00000296eb2b3ba0,
0x00000296eb2afbe0, 0x00000296eb2b0bd0, 0x00000296eb2b1120, 0x00000296eb2b1670,
0x00000296eb2b1bc0, 0x00000296eb2b2110, 0x00000296eb2b4640, 0x00000296eb2b4b90,
0x00000296e8303570, 0x00000296e8301590, 0x00000296e82ffb00, 0x00000296e8303ac0,
0x00000296e8301040, 0x00000296e8300af0, 0x00000296e8304010, 0x00000296e8300050,
0x00000296e8304560, 0x00000296e8306540, 0x00000296e8305000, 0x00000296e8304ab0,
0x00000296e8305550, 0x00000296e83005a0, 0x00000296e82ff5b0, 0x00000296e8301ae0,
0x00000296e8302030, 0x00000296e8302580, 0x00000296e8302ad0, 0x00000296e8303020,
0x00000296e8305aa0, 0x00000296e82feb10, 0x00000296e8305ff0, 0x00000296e82ff060,
0x00000296ebe4b8b0, 0x00000296ebe48390, 0x00000296ebe4a370, 0x00000296ebe488e0,
0x00000296ebe4be00, 0x00000296ebe473a0, 0x00000296ebe4a8c0, 0x00000296ebe4c350,
0x00000296ebe47e40, 0x00000296ebe463b0, 0x00000296ebe498d0, 0x00000296ebe4c8a0,
0x00000296ebe48e30, 0x00000296ebe45910, 0x00000296ebe49e20, 0x00000296ebe4ae10,
0x00000296ebe4cdf0, 0x00000296ebe453c0, 0x00000296ebe46e50, 0x00000296ebe49380,
0x00000296ebe4b360, 0x00000296ebe45e60, 0x00000296ebe46900, 0x00000296ebe478f0,
0x00000296ebfa7540, 0x00000296ebfa5010, 0x00000296ebfa5560, 0x00000296ebfa3ad0,
0x00000296ebfa6550, 0x00000296ebfa3030, 0x00000296ebfa6ff0, 0x00000296ebfa3580,
0x00000296ebfa2590, 0x00000296ebfa4020, 0x00000296ebfa5ab0, 0x00000296ebfa6000,
0x00000296ebfa4ac0, 0x00000296ebfa4570, 0x00000296ebfa6aa0, 0x00000296ebfa7a90,
0x00000296ebfa7fe0, 0x00000296ebfa8530, 0x00000296ebfa2ae0, 0x00000296ebfa8a80,
0x00000296ebfa8fd0, 0x00000296ebfa9520, 0x00000296ebfa9a70, 0x00000296e6c98f90,
0x00000296e6c984f0, 0x00000296e6c96510, 0x00000296e6c96a60, 0x00000296e6c9bf60,
0x00000296e6c98a40, 0x00000296e6c9af70, 0x00000296e6c96fb0, 0x00000296e6c9ba10,
0x00000296e6c95520, 0x00000296e6c9cf50, 0x00000296e6c97500, 0x00000296e6c97fa0,
0x00000296e6c994e0, 0x00000296e6c9b4c0, 0x00000296e6c99f80, 0x00000296ebfa2040,
0x00000296f0b3a820, 0x00000296f0b3c800, 0x00000296f0b3cd50, 0x00000296eb7aebd0,
0x00000296eb7b1850, 0x00000296f0b3d7f0, 0x00000296f0b3a2d0, 0x00000296f0b3d2a0,
0x00000296e6c99a30, 0x00000296edf3c1c0, 0x00000296edf416c0, 0x00000296edf3f190,
0x00000296edf3e6f0, 0x00000296edf39c90, 0x00000296edf3ec40, 0x00000296edf3d700,
0x00000296edf3fc30, 0x00000296edf40180, 0x00000296edf3a730, 0x00000296edf3ac80,
0x00000296edf40c20, 0x00000296edf406d0, 0x00000296edf3b1d0, 0x00000296edf41170,
0x00000296edf3c710, 0x00000296edf3d1b0
}

Java Threads: ( => current thread )
  0x00000296c65ad1b0 JavaThread "main" [_thread_blocked, id=12676, stack(0x000000f307f00000,0x000000f308000000)]
  0x00000296e466d060 JavaThread "Reference Handler" daemon [_thread_blocked, id=11744, stack(0x000000f308600000,0x000000f308700000)]
  0x00000296e466db70 JavaThread "Finalizer" daemon [_thread_blocked, id=9888, stack(0x000000f308700000,0x000000f308800000)]
  0x00000296e467b9a0 JavaThread "Signal Dispatcher" daemon [_thread_blocked, id=9820, stack(0x000000f308800000,0x000000f308900000)]
  0x00000296e467e4c0 JavaThread "Attach Listener" daemon [_thread_blocked, id=1020, stack(0x000000f308900000,0x000000f308a00000)]
  0x00000296e4682df0 JavaThread "Service Thread" daemon [_thread_blocked, id=1956, stack(0x000000f308a00000,0x000000f308b00000)]
  0x00000296e4683700 JavaThread "Monitor Deflation Thread" daemon [_thread_blocked, id=12052, stack(0x000000f308b00000,0x000000f308c00000)]
  0x00000296e4697590 JavaThread "C2 CompilerThread0" daemon [_thread_in_native, id=6636, stack(0x000000f308c00000,0x000000f308d00000)]
  0x00000296e468de20 JavaThread "C1 CompilerThread0" daemon [_thread_blocked, id=9180, stack(0x000000f308d00000,0x000000f308e00000)]
  0x00000296e468e770 JavaThread "Sweeper thread" daemon [_thread_blocked, id=10068, stack(0x000000f308e00000,0x000000f308f00000)]
  0x00000296e510e7c0 JavaThread "Common-Cleaner" daemon [_thread_blocked, id=11312, stack(0x000000f308f00000,0x000000f309000000)]
  0x00000296e5110d10 JavaThread "Notification Thread" daemon [_thread_blocked, id=4568, stack(0x000000f309000000,0x000000f309100000)]
  0x00000296e6d44380 JavaThread "Daemon health stats" [_thread_blocked, id=1288, stack(0x000000f309800000,0x000000f309900000)]
  0x00000296e6d423a0 JavaThread "Incoming local TCP Connector on port 60512" [_thread_in_native, id=1636, stack(0x000000f309900000,0x000000f309a00000)]
  0x00000296e6d44e20 JavaThread "Daemon periodic checks" [_thread_blocked, id=10344, stack(0x000000f309a00000,0x000000f309b00000)]
  0x00000296e6d438e0 JavaThread "Daemon" [_thread_blocked, id=10928, stack(0x000000f309b00000,0x000000f309c00000)]
  0x00000296e6d45370 JavaThread "Handler for socket connection from /127.0.0.1:60512 to /127.0.0.1:60513" [_thread_in_native, id=4116, stack(0x000000f309c00000,0x000000f309d00000)]
  0x00000296e6d458c0 JavaThread "Cancel handler" [_thread_blocked, id=1028, stack(0x000000f309d00000,0x000000f309e00000)]
  0x00000296e6d428f0 JavaThread "Daemon worker" [_thread_blocked, id=1656, stack(0x000000f309e00000,0x000000f309f00000)]
  0x00000296e6d43390 JavaThread "Asynchronous log dispatcher for DefaultDaemonConnection: socket connection from /127.0.0.1:60512 to /127.0.0.1:60513" [_thread_blocked, id=7900, stack(0x000000f309f00000,0x000000f30a000000)]
  0x00000296e6d43e30 JavaThread "Stdin handler" [_thread_blocked, id=7540, stack(0x000000f30a000000,0x000000f30a100000)]
  0x00000296e6370690 JavaThread "Daemon client event forwarder" [_thread_blocked, id=10472, stack(0x000000f30a100000,0x000000f30a200000)]
  0x00000296e6372670 JavaThread "Cache worker for journal cache (C:\Users\ITECH\.gradle\caches\journal-1)" [_thread_blocked, id=1588, stack(0x000000f30a200000,0x000000f30a300000)]
  0x00000296e6370be0 JavaThread "File lock request listener" [_thread_in_native, id=10640, stack(0x000000f30a300000,0x000000f30a400000)]
  0x00000296e6371130 JavaThread "Cache worker for file hash cache (C:\Users\ITECH\.gradle\caches\7.3.3\fileHashes)" [_thread_blocked, id=11280, stack(0x000000f30a400000,0x000000f30a500000)]
  0x00000296e6372bc0 JavaThread "Cache worker for file hash cache (C:\Users\ITECH\AndroidStudioProjects\yummy\.gradle\7.3.3\fileHashes)" [_thread_blocked, id=2092, stack(0x000000f30a500000,0x000000f30a600000)]
  0x00000296e6371680 JavaThread "File watcher server" daemon [_thread_in_native, id=2324, stack(0x000000f30a900000,0x000000f30aa00000)]
  0x00000296e6371bd0 JavaThread "File watcher consumer" daemon [_thread_blocked, id=2704, stack(0x000000f30aa00000,0x000000f30ab00000)]
  0x00000296e6373110 JavaThread "Cache worker for checksums cache (C:\Users\ITECH\AndroidStudioProjects\yummy\.gradle\7.3.3\checksums)" [_thread_blocked, id=1240, stack(0x000000f30ab00000,0x000000f30ac00000)]
  0x00000296e6372120 JavaThread "Cache worker for cache directory md-supplier (C:\Users\ITECH\.gradle\caches\7.3.3\md-supplier)" [_thread_blocked, id=8660, stack(0x000000f30ac00000,0x000000f30ad00000)]
  0x00000296e636fbf0 JavaThread "Cache worker for cache directory md-rule (C:\Users\ITECH\.gradle\caches\7.3.3\md-rule)" [_thread_blocked, id=4008, stack(0x000000f30ad00000,0x000000f30ae00000)]
  0x00000296e6370140 JavaThread "Cache worker for execution history cache (C:\Users\ITECH\.gradle\caches\7.3.3\executionHistory)" [_thread_blocked, id=6516, stack(0x000000f30af00000,0x000000f30b000000)]
  0x00000296eb2b50e0 JavaThread "jar transforms" [_thread_blocked, id=5100, stack(0x000000f30b000000,0x000000f30b100000)]
  0x00000296eb2b0680 JavaThread "Cache worker for file content cache (C:\Users\ITECH\.gradle\caches\7.3.3\fileContent)" [_thread_blocked, id=8516, stack(0x000000f30b100000,0x000000f30b200000)]
  0x00000296eb2b60d0 JavaThread "jar transforms Thread 2" [_thread_blocked, id=9460, stack(0x000000f30b200000,0x000000f30b300000)]
  0x00000296eb2b5630 JavaThread "Cache worker for dependencies-accessors (C:\Users\ITECH\AndroidStudioProjects\yummy\.gradle\7.3.3\dependencies-accessors)" [_thread_blocked, id=10608, stack(0x000000f30b300000,0x000000f30b400000)]
  0x00000296eb2b0130 JavaThread "jar transforms Thread 3" [_thread_blocked, id=11892, stack(0x000000f30b400000,0x000000f30b500000)]
  0x00000296eb2ae6a0 JavaThread "Cache worker for Build Output Cleanup Cache (C:\Users\ITECH\AndroidStudioProjects\yummy\.gradle\buildOutputCleanup)" [_thread_blocked, id=9456, stack(0x000000f30b500000,0x000000f30b600000)]
  0x00000296eb2b5b80 JavaThread "Unconstrained build operations" [_thread_blocked, id=12564, stack(0x000000f30b600000,0x000000f30b700000)]
  0x00000296eb2b3100 JavaThread "Unconstrained build operations Thread 2" [_thread_blocked, id=3972, stack(0x000000f30b700000,0x000000f30b800000)]
  0x00000296eb2af140 JavaThread "Unconstrained build operations Thread 3" [_thread_blocked, id=12656, stack(0x000000f30b800000,0x000000f30b900000)]
  0x00000296eb2b3650 JavaThread "Unconstrained build operations Thread 4" [_thread_blocked, id=8268, stack(0x000000f30b900000,0x000000f30ba00000)]
  0x00000296eb2af690 JavaThread "Unconstrained build operations Thread 5" [_thread_blocked, id=8796, stack(0x000000f30ba00000,0x000000f30bb00000)]
  0x00000296eb2b3ba0 JavaThread "Unconstrained build operations Thread 6" [_thread_blocked, id=10028, stack(0x000000f30bb00000,0x000000f30bc00000)]
  0x00000296eb2afbe0 JavaThread "Unconstrained build operations Thread 7" [_thread_blocked, id=7772, stack(0x000000f30bc00000,0x000000f30bd00000)]
  0x00000296eb2b0bd0 JavaThread "Unconstrained build operations Thread 8" [_thread_blocked, id=3104, stack(0x000000f30bd00000,0x000000f30be00000)]
  0x00000296eb2b1120 JavaThread "Unconstrained build operations Thread 9" [_thread_blocked, id=12632, stack(0x000000f30be00000,0x000000f30bf00000)]
  0x00000296eb2b1670 JavaThread "Unconstrained build operations Thread 10" [_thread_blocked, id=2472, stack(0x000000f30bf00000,0x000000f30c000000)]
  0x00000296eb2b1bc0 JavaThread "Unconstrained build operations Thread 11" [_thread_blocked, id=10776, stack(0x000000f30c000000,0x000000f30c100000)]
  0x00000296eb2b2110 JavaThread "Unconstrained build operations Thread 12" [_thread_blocked, id=9816, stack(0x000000f30c100000,0x000000f30c200000)]
  0x00000296eb2b4640 JavaThread "Unconstrained build operations Thread 13" [_thread_blocked, id=8000, stack(0x000000f30c200000,0x000000f30c300000)]
  0x00000296eb2b4b90 JavaThread "Unconstrained build operations Thread 14" [_thread_blocked, id=8536, stack(0x000000f30c300000,0x000000f30c400000)]
  0x00000296e8303570 JavaThread "Unconstrained build operations Thread 15" [_thread_blocked, id=6760, stack(0x000000f30c400000,0x000000f30c500000)]
  0x00000296e8301590 JavaThread "Unconstrained build operations Thread 16" [_thread_blocked, id=7944, stack(0x000000f30c500000,0x000000f30c600000)]
  0x00000296e82ffb00 JavaThread "Unconstrained build operations Thread 17" [_thread_blocked, id=7516, stack(0x000000f30c600000,0x000000f30c700000)]
  0x00000296e8303ac0 JavaThread "Unconstrained build operations Thread 18" [_thread_blocked, id=11412, stack(0x000000f30c700000,0x000000f30c800000)]
  0x00000296e8301040 JavaThread "Unconstrained build operations Thread 19" [_thread_blocked, id=7596, stack(0x000000f30c800000,0x000000f30c900000)]
  0x00000296e8300af0 JavaThread "Unconstrained build operations Thread 20" [_thread_blocked, id=12596, stack(0x000000f30c900000,0x000000f30ca00000)]
  0x00000296e8304010 JavaThread "Unconstrained build operations Thread 21" [_thread_blocked, id=6976, stack(0x000000f30ca00000,0x000000f30cb00000)]
  0x00000296e8300050 JavaThread "Unconstrained build operations Thread 22" [_thread_blocked, id=7884, stack(0x000000f30cb00000,0x000000f30cc00000)]
  0x00000296e8304560 JavaThread "Unconstrained build operations Thread 23" [_thread_blocked, id=3904, stack(0x000000f30cc00000,0x000000f30cd00000)]
  0x00000296e8306540 JavaThread "Unconstrained build operations Thread 24" [_thread_blocked, id=7444, stack(0x000000f30cd00000,0x000000f30ce00000)]
  0x00000296e8305000 JavaThread "Unconstrained build operations Thread 25" [_thread_blocked, id=6668, stack(0x000000f30ce00000,0x000000f30cf00000)]
  0x00000296e8304ab0 JavaThread "Unconstrained build operations Thread 26" [_thread_blocked, id=9576, stack(0x000000f30cf00000,0x000000f30d000000)]
  0x00000296e8305550 JavaThread "Unconstrained build operations Thread 27" [_thread_blocked, id=7404, stack(0x000000f30d000000,0x000000f30d100000)]
  0x00000296e83005a0 JavaThread "Unconstrained build operations Thread 28" [_thread_blocked, id=9916, stack(0x000000f30d100000,0x000000f30d200000)]
  0x00000296e82ff5b0 JavaThread "Unconstrained build operations Thread 29" [_thread_blocked, id=9016, stack(0x000000f30d200000,0x000000f30d300000)]
  0x00000296e8301ae0 JavaThread "Unconstrained build operations Thread 30" [_thread_blocked, id=9440, stack(0x000000f30d300000,0x000000f30d400000)]
  0x00000296e8302030 JavaThread "Unconstrained build operations Thread 31" [_thread_blocked, id=4864, stack(0x000000f30d400000,0x000000f30d500000)]
  0x00000296e8302580 JavaThread "Unconstrained build operations Thread 32" [_thread_blocked, id=2448, stack(0x000000f30d500000,0x000000f30d600000)]
  0x00000296e8302ad0 JavaThread "Unconstrained build operations Thread 33" [_thread_blocked, id=9044, stack(0x000000f30d600000,0x000000f30d700000)]
  0x00000296e8303020 JavaThread "Unconstrained build operations Thread 34" [_thread_blocked, id=13056, stack(0x000000f30d700000,0x000000f30d800000)]
  0x00000296e8305aa0 JavaThread "Unconstrained build operations Thread 35" [_thread_blocked, id=8160, stack(0x000000f30d800000,0x000000f30d900000)]
  0x00000296e82feb10 JavaThread "Unconstrained build operations Thread 36" [_thread_blocked, id=13172, stack(0x000000f30d900000,0x000000f30da00000)]
  0x00000296e8305ff0 JavaThread "Unconstrained build operations Thread 37" [_thread_blocked, id=3956, stack(0x000000f30da00000,0x000000f30db00000)]
  0x00000296e82ff060 JavaThread "Unconstrained build operations Thread 38" [_thread_blocked, id=6224, stack(0x000000f30db00000,0x000000f30dc00000)]
  0x00000296ebe4b8b0 JavaThread "Unconstrained build operations Thread 39" [_thread_blocked, id=12336, stack(0x000000f30dc00000,0x000000f30dd00000)]
  0x00000296ebe48390 JavaThread "Unconstrained build operations Thread 40" [_thread_blocked, id=11204, stack(0x000000f30dd00000,0x000000f30de00000)]
  0x00000296ebe4a370 JavaThread "Unconstrained build operations Thread 41" [_thread_blocked, id=3520, stack(0x000000f30de00000,0x000000f30df00000)]
  0x00000296ebe488e0 JavaThread "Unconstrained build operations Thread 42" [_thread_blocked, id=8980, stack(0x000000f30df00000,0x000000f30e000000)]
  0x00000296ebe4be00 JavaThread "Unconstrained build operations Thread 43" [_thread_blocked, id=10904, stack(0x000000f30e000000,0x000000f30e100000)]
  0x00000296ebe473a0 JavaThread "Unconstrained build operations Thread 44" [_thread_blocked, id=7848, stack(0x000000f30e100000,0x000000f30e200000)]
  0x00000296ebe4a8c0 JavaThread "Unconstrained build operations Thread 45" [_thread_blocked, id=3724, stack(0x000000f30e200000,0x000000f30e300000)]
  0x00000296ebe4c350 JavaThread "Unconstrained build operations Thread 46" [_thread_blocked, id=1420, stack(0x000000f30e300000,0x000000f30e400000)]
  0x00000296ebe47e40 JavaThread "Unconstrained build operations Thread 47" [_thread_blocked, id=12792, stack(0x000000f30e400000,0x000000f30e500000)]
  0x00000296ebe463b0 JavaThread "Unconstrained build operations Thread 48" [_thread_blocked, id=6148, stack(0x000000f30e500000,0x000000f30e600000)]
  0x00000296ebe498d0 JavaThread "Unconstrained build operations Thread 49" [_thread_blocked, id=9376, stack(0x000000f30e600000,0x000000f30e700000)]
  0x00000296ebe4c8a0 JavaThread "Unconstrained build operations Thread 50" [_thread_blocked, id=4548, stack(0x000000f30e700000,0x000000f30e800000)]
  0x00000296ebe48e30 JavaThread "Unconstrained build operations Thread 51" [_thread_blocked, id=5252, stack(0x000000f30e800000,0x000000f30e900000)]
  0x00000296ebe45910 JavaThread "Unconstrained build operations Thread 52" [_thread_blocked, id=4504, stack(0x000000f30e900000,0x000000f30ea00000)]
  0x00000296ebe49e20 JavaThread "Unconstrained build operations Thread 53" [_thread_blocked, id=10696, stack(0x000000f30ea00000,0x000000f30eb00000)]
  0x00000296ebe4ae10 JavaThread "Unconstrained build operations Thread 54" [_thread_blocked, id=13068, stack(0x000000f30eb00000,0x000000f30ec00000)]
  0x00000296ebe4cdf0 JavaThread "Unconstrained build operations Thread 55" [_thread_blocked, id=12700, stack(0x000000f30ec00000,0x000000f30ed00000)]
  0x00000296ebe453c0 JavaThread "Unconstrained build operations Thread 56" [_thread_blocked, id=5748, stack(0x000000f30ed00000,0x000000f30ee00000)]
  0x00000296ebe46e50 JavaThread "Unconstrained build operations Thread 57" [_thread_blocked, id=4544, stack(0x000000f30ee00000,0x000000f30ef00000)]
  0x00000296ebe49380 JavaThread "Unconstrained build operations Thread 58" [_thread_blocked, id=1432, stack(0x000000f30ef00000,0x000000f30f000000)]
  0x00000296ebe4b360 JavaThread "Unconstrained build operations Thread 59" [_thread_blocked, id=12364, stack(0x000000f30f000000,0x000000f30f100000)]
  0x00000296ebe45e60 JavaThread "Unconstrained build operations Thread 60" [_thread_blocked, id=10844, stack(0x000000f30f100000,0x000000f30f200000)]
  0x00000296ebe46900 JavaThread "Unconstrained build operations Thread 61" [_thread_blocked, id=12876, stack(0x000000f30f200000,0x000000f30f300000)]
  0x00000296ebe478f0 JavaThread "Unconstrained build operations Thread 62" [_thread_blocked, id=7616, stack(0x000000f30f300000,0x000000f30f400000)]
  0x00000296ebfa7540 JavaThread "Unconstrained build operations Thread 63" [_thread_blocked, id=1484, stack(0x000000f30f400000,0x000000f30f500000)]
  0x00000296ebfa5010 JavaThread "Unconstrained build operations Thread 64" [_thread_blocked, id=7368, stack(0x000000f30f500000,0x000000f30f600000)]
  0x00000296ebfa5560 JavaThread "Unconstrained build operations Thread 65" [_thread_blocked, id=5096, stack(0x000000f30f600000,0x000000f30f700000)]
  0x00000296ebfa3ad0 JavaThread "Unconstrained build operations Thread 66" [_thread_blocked, id=9720, stack(0x000000f30f700000,0x000000f30f800000)]
  0x00000296ebfa6550 JavaThread "Unconstrained build operations Thread 67" [_thread_blocked, id=11724, stack(0x000000f30f800000,0x000000f30f900000)]
  0x00000296ebfa3030 JavaThread "Unconstrained build operations Thread 68" [_thread_blocked, id=3040, stack(0x000000f30f900000,0x000000f30fa00000)]
  0x00000296ebfa6ff0 JavaThread "Unconstrained build operations Thread 69" [_thread_blocked, id=1396, stack(0x000000f30fa00000,0x000000f30fb00000)]
  0x00000296ebfa3580 JavaThread "Unconstrained build operations Thread 70" [_thread_blocked, id=2020, stack(0x000000f30fb00000,0x000000f30fc00000)]
  0x00000296ebfa2590 JavaThread "Unconstrained build operations Thread 71" [_thread_blocked, id=12968, stack(0x000000f30fc00000,0x000000f30fd00000)]
  0x00000296ebfa4020 JavaThread "Unconstrained build operations Thread 72" [_thread_blocked, id=8792, stack(0x000000f30fd00000,0x000000f30fe00000)]
  0x00000296ebfa5ab0 JavaThread "Unconstrained build operations Thread 73" [_thread_blocked, id=9128, stack(0x000000f30fe00000,0x000000f30ff00000)]
  0x00000296ebfa6000 JavaThread "Unconstrained build operations Thread 74" [_thread_blocked, id=8556, stack(0x000000f30ff00000,0x000000f310000000)]
  0x00000296ebfa4ac0 JavaThread "Unconstrained build operations Thread 75" [_thread_blocked, id=6392, stack(0x000000f310000000,0x000000f310100000)]
  0x00000296ebfa4570 JavaThread "Unconstrained build operations Thread 76" [_thread_blocked, id=10736, stack(0x000000f310100000,0x000000f310200000)]
  0x00000296ebfa6aa0 JavaThread "Unconstrained build operations Thread 77" [_thread_blocked, id=6728, stack(0x000000f310200000,0x000000f310300000)]
  0x00000296ebfa7a90 JavaThread "Unconstrained build operations Thread 78" [_thread_blocked, id=4440, stack(0x000000f310300000,0x000000f310400000)]
  0x00000296ebfa7fe0 JavaThread "Unconstrained build operations Thread 79" [_thread_blocked, id=7140, stack(0x000000f310400000,0x000000f310500000)]
  0x00000296ebfa8530 JavaThread "Unconstrained build operations Thread 80" [_thread_blocked, id=4624, stack(0x000000f310500000,0x000000f310600000)]
  0x00000296ebfa2ae0 JavaThread "jar transforms Thread 4" [_thread_blocked, id=1292, stack(0x000000f310600000,0x000000f310700000)]
  0x00000296ebfa8a80 JavaThread "jar transforms Thread 5" [_thread_blocked, id=9540, stack(0x000000f310700000,0x000000f310800000)]
  0x00000296ebfa8fd0 JavaThread "jar transforms Thread 6" [_thread_blocked, id=4760, stack(0x000000f310800000,0x000000f310900000)]
  0x00000296ebfa9520 JavaThread "jar transforms Thread 7" [_thread_blocked, id=12264, stack(0x000000f310900000,0x000000f310a00000)]
  0x00000296ebfa9a70 JavaThread "jar transforms Thread 8" [_thread_blocked, id=8696, stack(0x000000f310a00000,0x000000f310b00000)]
  0x00000296e6c98f90 JavaThread "Memory manager" [_thread_blocked, id=6480, stack(0x000000f310b00000,0x000000f310c00000)]
  0x00000296e6c984f0 JavaThread "build event listener" [_thread_blocked, id=3624, stack(0x000000f310c00000,0x000000f310d00000)]
  0x00000296e6c96510 JavaThread "pool-3-thread-1" [_thread_blocked, id=5792, stack(0x000000f310d00000,0x000000f310e00000)]
  0x00000296e6c96a60 JavaThread "build event listener" [_thread_blocked, id=10224, stack(0x000000f310e00000,0x000000f310f00000)]
  0x00000296e6c9bf60 JavaThread "Execution worker for ':'" [_thread_blocked, id=11000, stack(0x000000f310f00000,0x000000f311000000)]
  0x00000296e6c98a40 JavaThread "Execution worker for ':' Thread 2" [_thread_blocked, id=8044, stack(0x000000f311000000,0x000000f311100000)]
  0x00000296e6c9af70 JavaThread "Execution worker for ':' Thread 3" [_thread_blocked, id=4604, stack(0x000000f311100000,0x000000f311200000)]
  0x00000296e6c96fb0 JavaThread "Execution worker for ':' Thread 4" [_thread_blocked, id=11776, stack(0x000000f311200000,0x000000f311300000)]
  0x00000296e6c9ba10 JavaThread "Execution worker for ':' Thread 5" [_thread_blocked, id=5844, stack(0x000000f311300000,0x000000f311400000)]
  0x00000296e6c95520 JavaThread "Execution worker for ':' Thread 6" [_thread_blocked, id=7068, stack(0x000000f311400000,0x000000f311500000)]
  0x00000296e6c9cf50 JavaThread "Execution worker for ':' Thread 7" [_thread_blocked, id=11756, stack(0x000000f311500000,0x000000f311600000)]
  0x00000296e6c97500 JavaThread "Cache worker for execution history cache (C:\Users\ITECH\AndroidStudioProjects\yummy\.gradle\7.3.3\executionHistory)" [_thread_blocked, id=10000, stack(0x000000f311600000,0x000000f311700000)]
  0x00000296e6c97fa0 JavaThread "WorkerExecutor Queue" [_thread_blocked, id=9728, stack(0x000000f311700000,0x000000f311800000)]
  0x00000296e6c994e0 JavaThread "WorkerExecutor Queue Thread 2" [_thread_blocked, id=10448, stack(0x000000f311800000,0x000000f311900000)]
  0x00000296e6c9b4c0 JavaThread "WorkerExecutor Queue Thread 4" [_thread_blocked, id=2996, stack(0x000000f311a00000,0x000000f311b00000)]
  0x00000296e6c99f80 JavaThread "WorkerExecutor Queue Thread 5" [_thread_blocked, id=11220, stack(0x000000f311b00000,0x000000f311c00000)]
  0x00000296ebfa2040 JavaThread "WorkerExecutor Queue Thread 6" [_thread_blocked, id=13168, stack(0x000000f311c00000,0x000000f311d00000)]
  0x00000296f0b3a820 JavaThread "pool-4-thread-1" [_thread_blocked, id=13156, stack(0x000000f309700000,0x000000f309800000)]
  0x00000296f0b3c800 JavaThread "stderr" [_thread_in_native, id=11392, stack(0x000000f311d00000,0x000000f311e00000)]
  0x00000296f0b3cd50 JavaThread "stdout" [_thread_in_native, id=12024, stack(0x000000f311e00000,0x000000f311f00000)]
  0x00000296eb7aebd0 JavaThread "C2 CompilerThread1" daemon [_thread_blocked, id=12560, stack(0x000000f309200000,0x000000f309300000)]
=>0x00000296eb7b1850 JavaThread "C2 CompilerThread2" daemon [_thread_in_native, id=6404, stack(0x000000f311900000,0x000000f311a00000)]
  0x00000296f0b3d7f0 JavaThread "Cache worker for Java compile cache (C:\Users\ITECH\.gradle\caches\7.3.3\javaCompile)" [_thread_blocked, id=5380, stack(0x000000f311f00000,0x000000f312000000)]
  0x00000296f0b3a2d0 JavaThread "Build operations" [_thread_blocked, id=540, stack(0x000000f312000000,0x000000f312100000)]
  0x00000296f0b3d2a0 JavaThread "Build operations Thread 2" [_thread_blocked, id=12184, stack(0x000000f312100000,0x000000f312200000)]
  0x00000296e6c99a30 JavaThread "Build operations Thread 3" [_thread_blocked, id=6776, stack(0x000000f312200000,0x000000f312300000)]
  0x00000296edf3c1c0 JavaThread "Build operations Thread 4" [_thread_blocked, id=8524, stack(0x000000f312300000,0x000000f312400000)]
  0x00000296edf416c0 JavaThread "Build operations Thread 5" [_thread_blocked, id=12740, stack(0x000000f312400000,0x000000f312500000)]
  0x00000296edf3f190 JavaThread "Build operations Thread 6" [_thread_blocked, id=8708, stack(0x000000f312500000,0x000000f312600000)]
  0x00000296edf3e6f0 JavaThread "Build operations Thread 7" [_thread_blocked, id=8240, stack(0x000000f312600000,0x000000f312700000)]
  0x00000296edf39c90 JavaThread "Build operations Thread 8" [_thread_blocked, id=9488, stack(0x000000f312700000,0x000000f312800000)]
  0x00000296edf3ec40 JavaThread "WorkerExecutor Queue Thread 7" [_thread_blocked, id=8316, stack(0x000000f312800000,0x000000f312900000)]
  0x00000296edf3d700 JavaThread "WorkerExecutor Queue Thread 8" [_thread_blocked, id=10820, stack(0x000000f312900000,0x000000f312a00000)]
  0x00000296edf3fc30 JavaThread "WorkerExecutor Queue Thread 9" [_thread_blocked, id=6508, stack(0x000000f312a00000,0x000000f312b00000)]
  0x00000296edf40180 JavaThread "WorkerExecutor Queue Thread 10" [_thread_blocked, id=10412, stack(0x000000f312b00000,0x000000f312c00000)]
  0x00000296edf3a730 JavaThread "ForkJoinPool-1-worker-3" daemon [_thread_in_Java, id=13028, stack(0x000000f312c00000,0x000000f312d00000)]
  0x00000296edf3ac80 JavaThread "ForkJoinPool-1-worker-5" daemon [_thread_blocked, id=7312, stack(0x000000f312d00000,0x000000f312e00000)]
  0x00000296edf40c20 JavaThread "ForkJoinPool-1-worker-7" daemon [_thread_blocked, id=10980, stack(0x000000f312e00000,0x000000f312f00000)]
  0x00000296edf406d0 JavaThread "ForkJoinPool-1-worker-9" daemon [_thread_blocked, id=1680, stack(0x000000f312f00000,0x000000f313000000)]
  0x00000296edf3b1d0 JavaThread "ForkJoinPool-1-worker-11" daemon [_thread_blocked, id=13084, stack(0x000000f313000000,0x000000f313100000)]
  0x00000296edf41170 JavaThread "ForkJoinPool-1-worker-13" daemon [_thread_blocked, id=4344, stack(0x000000f313100000,0x000000f313200000)]
  0x00000296edf3c710 JavaThread "ForkJoinPool-1-worker-15" daemon [_thread_blocked, id=12008, stack(0x000000f313200000,0x000000f313300000)]
  0x00000296edf3d1b0 JavaThread "ForkJoinPool-1-worker-1" daemon [_thread_blocked, id=7036, stack(0x000000f313300000,0x000000f313400000)]

Other Threads:
  0x00000296e4669660 VMThread "VM Thread" [stack: 0x000000f308500000,0x000000f308600000] [id=11304]
  0x00000296e5111230 WatcherThread [stack: 0x000000f309100000,0x000000f309200000] [id=12400]
  0x00000296c65eb9e0 GCTaskThread "GC Thread#0" [stack: 0x000000f308000000,0x000000f308100000] [id=6204]
  0x00000296e5cd5820 GCTaskThread "GC Thread#1" [stack: 0x000000f309300000,0x000000f309400000] [id=9508]
  0x00000296e5cd5b30 GCTaskThread "GC Thread#2" [stack: 0x000000f309400000,0x000000f309500000] [id=5288]
  0x00000296e5acae30 GCTaskThread "GC Thread#3" [stack: 0x000000f309500000,0x000000f309600000] [id=9464]
  0x00000296e5d3b050 GCTaskThread "GC Thread#4" [stack: 0x000000f309600000,0x000000f309700000] [id=9388]
  0x00000296e7c3b5d0 GCTaskThread "GC Thread#5" [stack: 0x000000f30a600000,0x000000f30a700000] [id=10848]
  0x00000296e7c3b2c0 GCTaskThread "GC Thread#6" [stack: 0x000000f30a700000,0x000000f30a800000] [id=6652]
  0x00000296e7c3b8e0 GCTaskThread "GC Thread#7" [stack: 0x000000f30a800000,0x000000f30a900000] [id=3452]
  0x00000296c65fda40 ConcurrentGCThread "G1 Main Marker" [stack: 0x000000f308100000,0x000000f308200000] [id=10800]
  0x00000296c65ff450 ConcurrentGCThread "G1 Conc#0" [stack: 0x000000f308200000,0x000000f308300000] [id=12180]
  0x00000296e8405310 ConcurrentGCThread "G1 Conc#1" [stack: 0x000000f30ae00000,0x000000f30af00000] [id=1236]
  0x00000296c668dd80 ConcurrentGCThread "G1 Refine#0" [stack: 0x000000f308300000,0x000000f308400000] [id=10812]
  0x00000296e6ddd490 ConcurrentGCThread "G1 Refine#1" [stack: 0x000000f313400000,0x000000f313500000] [id=9160]
  0x00000296e6ddf850 ConcurrentGCThread "G1 Refine#2" [stack: 0x000000f313500000,0x000000f313600000] [id=4576]
  0x00000296e6ddde50 ConcurrentGCThread "G1 Refine#3" [stack: 0x000000f313600000,0x000000f313700000] [id=11416]
  0x00000296e6dddb10 ConcurrentGCThread "G1 Refine#4" [stack: 0x000000f313700000,0x000000f313800000] [id=9408]
  0x00000296e6dde4d0 ConcurrentGCThread "G1 Refine#5" [stack: 0x000000f313800000,0x000000f313900000] [id=9480]
  0x00000296c668e710 ConcurrentGCThread "G1 Service" [stack: 0x000000f308400000,0x000000f308500000] [id=764]

Threads with active compile tasks:
C2 CompilerThread0    18438 16684       4       org.gradle.internal.instantiation.generator.AbstractClassGenerator$PropertyMetadata::hasAnnotation (40 bytes)
C2 CompilerThread1    18438 17142 %     4       com.android.tools.r8.dex.j::a @ 313 (1042 bytes)
C2 CompilerThread2    18438 16831 %     4       com.android.tools.r8.dex.j::m @ 64 (2094 bytes)

VM state: not at safepoint (normal execution)

VM Mutex/Monitor currently owned by a thread: None

Heap address: 0x0000000080000000, size: 2048 MB, Compressed Oops mode: 32-bit

CDS archive(s) mapped at: [0x0000000800000000-0x0000000800bb0000-0x0000000800bb0000), size 12255232, SharedBaseAddress: 0x0000000800000000, ArchiveRelocationMode: 0.
Compressed class space mapped at: 0x0000000800c00000-0x0000000840c00000, reserved size: 1073741824
Narrow klass base: 0x0000000800000000, Narrow klass shift: 3, Narrow klass range: 0x100000000

GC Precious Log:
 CPUs: 8 total, 8 available
 Memory: 7959M
 Large Page Support: Disabled
 NUMA Support: Disabled
 Compressed Oops: Enabled (32-bit)
 Heap Region Size: 1M
 Heap Min Capacity: 8M
 Heap Initial Capacity: 126M
 Heap Max Capacity: 2G
 Pre-touch: Disabled
 Parallel Workers: 8
 Concurrent Workers: 2
 Concurrent Refinement Workers: 8
 Periodic GC: Disabled

Heap:
 garbage-first heap   total 225280K, used 134922K [0x0000000080000000, 0x0000000100000000)
  region size 1024K, 3 young (3072K), 2 survivors (2048K)
 Metaspace       used 110016K, committed 110720K, reserved 1146880K
  class space    used 14903K, committed 15232K, reserved 1048576K

Heap Regions: E=young(eden), S=young(survivor), O=old, HS=humongous(starts), HC=humongous(continues), CS=collection set, F=free, OA=open archive, CA=closed archive, TAMS=top-at-mark-start (previous, next)
|   0|0x0000000080000000, 0x0000000080100000, 0x0000000080100000|100%| O|  |TAMS 0x0000000080100000, 0x0000000080000000| Untracked 
|   1|0x0000000080100000, 0x0000000080200000, 0x0000000080200000|100%| O|  |TAMS 0x0000000080200000, 0x0000000080100000| Untracked 
|   2|0x0000000080200000, 0x0000000080300000, 0x0000000080300000|100%| O|  |TAMS 0x0000000080300000, 0x0000000080200000| Untracked 
|   3|0x0000000080300000, 0x0000000080400000, 0x0000000080400000|100%|HS|  |TAMS 0x0000000080400000, 0x0000000080300000| Complete 
|   4|0x0000000080400000, 0x0000000080500000, 0x0000000080500000|100%|HC|  |TAMS 0x0000000080500000, 0x0000000080400000| Complete 
|   5|0x0000000080500000, 0x0000000080600000, 0x0000000080600000|100%|HC|  |TAMS 0x0000000080600000, 0x0000000080500000| Complete 
|   6|0x0000000080600000, 0x0000000080700000, 0x0000000080700000|100%| O|  |TAMS 0x0000000080700000, 0x0000000080600000| Untracked 
|   7|0x0000000080700000, 0x0000000080800000, 0x0000000080800000|100%| O|  |TAMS 0x0000000080800000, 0x0000000080700000| Untracked 
|   8|0x0000000080800000, 0x0000000080900000, 0x0000000080900000|100%| O|  |TAMS 0x0000000080900000, 0x0000000080800000| Untracked 
|   9|0x0000000080900000, 0x0000000080a00000, 0x0000000080a00000|100%| O|  |TAMS 0x0000000080a00000, 0x0000000080900000| Untracked 
|  10|0x0000000080a00000, 0x0000000080b00000, 0x0000000080b00000|100%| O|  |TAMS 0x0000000080b00000, 0x0000000080a00000| Untracked 
|  11|0x0000000080b00000, 0x0000000080c00000, 0x0000000080c00000|100%| O|  |TAMS 0x0000000080c00000, 0x0000000080b00000| Untracked 
|  12|0x0000000080c00000, 0x0000000080d00000, 0x0000000080d00000|100%| O|  |TAMS 0x0000000080d00000, 0x0000000080c00000| Untracked 
|  13|0x0000000080d00000, 0x0000000080e00000, 0x0000000080e00000|100%| O|  |TAMS 0x0000000080e00000, 0x0000000080d00000| Untracked 
|  14|0x0000000080e00000, 0x0000000080f00000, 0x0000000080f00000|100%| O|  |TAMS 0x0000000080f00000, 0x0000000080e00000| Untracked 
|  15|0x0000000080f00000, 0x0000000081000000, 0x0000000081000000|100%| O|  |TAMS 0x0000000081000000, 0x0000000080f00000| Untracked 
|  16|0x0000000081000000, 0x0000000081100000, 0x0000000081100000|100%| O|  |TAMS 0x0000000081100000, 0x0000000081000000| Untracked 
|  17|0x0000000081100000, 0x0000000081200000, 0x0000000081200000|100%| O|  |TAMS 0x0000000081200000, 0x0000000081100000| Untracked 
|  18|0x0000000081200000, 0x0000000081300000, 0x0000000081300000|100%| O|  |TAMS 0x0000000081300000, 0x0000000081200000| Untracked 
|  19|0x0000000081300000, 0x0000000081300000, 0x0000000081400000|  0%| F|  |TAMS 0x0000000081300000, 0x0000000081300000| Untracked 
|  20|0x0000000081400000, 0x0000000081500000, 0x0000000081500000|100%| O|  |TAMS 0x0000000081500000, 0x0000000081400000| Untracked 
|  21|0x0000000081500000, 0x0000000081600000, 0x0000000081600000|100%| O|  |TAMS 0x0000000081600000, 0x0000000081500000| Untracked 
|  22|0x0000000081600000, 0x0000000081700000, 0x0000000081700000|100%| O|  |TAMS 0x0000000081700000, 0x0000000081600000| Untracked 
|  23|0x0000000081700000, 0x0000000081800000, 0x0000000081800000|100%| O|  |TAMS 0x0000000081800000, 0x0000000081700000| Untracked 
|  24|0x0000000081800000, 0x0000000081900000, 0x0000000081900000|100%| O|  |TAMS 0x0000000081900000, 0x0000000081800000| Untracked 
|  25|0x0000000081900000, 0x0000000081a00000, 0x0000000081a00000|100%| O|  |TAMS 0x0000000081a00000, 0x0000000081900000| Untracked 
|  26|0x0000000081a00000, 0x0000000081b00000, 0x0000000081b00000|100%| O|  |TAMS 0x0000000081b00000, 0x0000000081a00000| Untracked 
|  27|0x0000000081b00000, 0x0000000081c00000, 0x0000000081c00000|100%|HS|  |TAMS 0x0000000081c00000, 0x0000000081b00000| Complete 
|  28|0x0000000081c00000, 0x0000000081d00000, 0x0000000081d00000|100%|HS|  |TAMS 0x0000000081d00000, 0x0000000081c00000| Complete 
|  29|0x0000000081d00000, 0x0000000081e00000, 0x0000000081e00000|100%| O|  |TAMS 0x0000000081e00000, 0x0000000081d00000| Untracked 
|  30|0x0000000081e00000, 0x0000000081f00000, 0x0000000081f00000|100%| O|  |TAMS 0x0000000081f00000, 0x0000000081e00000| Untracked 
|  31|0x0000000081f00000, 0x0000000082000000, 0x0000000082000000|100%| O|  |TAMS 0x0000000082000000, 0x0000000081f00000| Untracked 
|  32|0x0000000082000000, 0x0000000082100000, 0x0000000082100000|100%| O|  |TAMS 0x0000000082100000, 0x0000000082000000| Untracked 
|  33|0x0000000082100000, 0x0000000082200000, 0x0000000082200000|100%| O|  |TAMS 0x0000000082200000, 0x0000000082100000| Untracked 
|  34|0x0000000082200000, 0x0000000082300000, 0x0000000082300000|100%| O|  |TAMS 0x0000000082300000, 0x0000000082200000| Untracked 
|  35|0x0000000082300000, 0x0000000082400000, 0x0000000082400000|100%| O|  |TAMS 0x0000000082400000, 0x0000000082300000| Untracked 
|  36|0x0000000082400000, 0x0000000082500000, 0x0000000082500000|100%| O|  |TAMS 0x0000000082500000, 0x0000000082400000| Untracked 
|  37|0x0000000082500000, 0x0000000082600000, 0x0000000082600000|100%| O|  |TAMS 0x0000000082600000, 0x0000000082500000| Untracked 
|  38|0x0000000082600000, 0x0000000082700000, 0x0000000082700000|100%| O|  |TAMS 0x0000000082700000, 0x0000000082600000| Untracked 
|  39|0x0000000082700000, 0x0000000082800000, 0x0000000082800000|100%|HS|  |TAMS 0x0000000082800000, 0x0000000082700000| Complete 
|  40|0x0000000082800000, 0x0000000082900000, 0x0000000082900000|100%|HC|  |TAMS 0x0000000082900000, 0x0000000082800000| Complete 
|  41|0x0000000082900000, 0x0000000082a00000, 0x0000000082a00000|100%| O|  |TAMS 0x0000000082a00000, 0x0000000082900000| Untracked 
|  42|0x0000000082a00000, 0x0000000082b00000, 0x0000000082b00000|100%| O|  |TAMS 0x0000000082b00000, 0x0000000082a00000| Untracked 
|  43|0x0000000082b00000, 0x0000000082c00000, 0x0000000082c00000|100%| O|  |TAMS 0x0000000082c00000, 0x0000000082b00000| Untracked 
|  44|0x0000000082c00000, 0x0000000082d00000, 0x0000000082d00000|100%| O|  |TAMS 0x0000000082d00000, 0x0000000082c00000| Untracked 
|  45|0x0000000082d00000, 0x0000000082e00000, 0x0000000082e00000|100%| O|  |TAMS 0x0000000082e00000, 0x0000000082d00000| Untracked 
|  46|0x0000000082e00000, 0x0000000082f00000, 0x0000000082f00000|100%| O|  |TAMS 0x0000000082f00000, 0x0000000082e00000| Untracked 
|  47|0x0000000082f00000, 0x0000000083000000, 0x0000000083000000|100%| O|  |TAMS 0x0000000083000000, 0x0000000082f00000| Untracked 
|  48|0x0000000083000000, 0x0000000083100000, 0x0000000083100000|100%| O|  |TAMS 0x0000000083100000, 0x0000000083000000| Untracked 
|  49|0x0000000083100000, 0x0000000083200000, 0x0000000083200000|100%| O|  |TAMS 0x0000000083200000, 0x0000000083100000| Untracked 
|  50|0x0000000083200000, 0x0000000083300000, 0x0000000083300000|100%| O|  |TAMS 0x0000000083300000, 0x0000000083200000| Untracked 
|  51|0x0000000083300000, 0x0000000083400000, 0x0000000083400000|100%| O|  |TAMS 0x0000000083400000, 0x0000000083300000| Untracked 
|  52|0x0000000083400000, 0x0000000083500000, 0x0000000083500000|100%| O|  |TAMS 0x0000000083500000, 0x0000000083400000| Untracked 
|  53|0x0000000083500000, 0x0000000083600000, 0x0000000083600000|100%| O|  |TAMS 0x0000000083600000, 0x0000000083500000| Untracked 
|  54|0x0000000083600000, 0x0000000083700000, 0x0000000083700000|100%| O|  |TAMS 0x0000000083700000, 0x0000000083600000| Untracked 
|  55|0x0000000083700000, 0x0000000083800000, 0x0000000083800000|100%| O|  |TAMS 0x0000000083800000, 0x0000000083700000| Untracked 
|  56|0x0000000083800000, 0x0000000083900000, 0x0000000083900000|100%| O|  |TAMS 0x0000000083900000, 0x0000000083800000| Untracked 
|  57|0x0000000083900000, 0x0000000083a00000, 0x0000000083a00000|100%| O|  |TAMS 0x0000000083a00000, 0x0000000083900000| Untracked 
|  58|0x0000000083a00000, 0x0000000083b00000, 0x0000000083b00000|100%| O|  |TAMS 0x0000000083b00000, 0x0000000083a00000| Untracked 
|  59|0x0000000083b00000, 0x0000000083b00000, 0x0000000083c00000|  0%| F|  |TAMS 0x0000000083b00000, 0x0000000083b00000| Untracked 
|  60|0x0000000083c00000, 0x0000000083c00000, 0x0000000083d00000|  0%| F|  |TAMS 0x0000000083c00000, 0x0000000083c00000| Untracked 
|  61|0x0000000083d00000, 0x0000000083e00000, 0x0000000083e00000|100%| O|  |TAMS 0x0000000083e00000, 0x0000000083d00000| Untracked 
|  62|0x0000000083e00000, 0x0000000083f00000, 0x0000000083f00000|100%| O|  |TAMS 0x0000000083f00000, 0x0000000083e00000| Untracked 
|  63|0x0000000083f00000, 0x0000000084000000, 0x0000000084000000|100%| O|  |TAMS 0x0000000084000000, 0x0000000083f00000| Untracked 
|  64|0x0000000084000000, 0x0000000084100000, 0x0000000084100000|100%| O|  |TAMS 0x0000000084100000, 0x0000000084000000| Untracked 
|  65|0x0000000084100000, 0x0000000084200000, 0x0000000084200000|100%| O|  |TAMS 0x0000000084200000, 0x0000000084100000| Untracked 
|  66|0x0000000084200000, 0x0000000084300000, 0x0000000084300000|100%| O|  |TAMS 0x0000000084300000, 0x0000000084200000| Untracked 
|  67|0x0000000084300000, 0x0000000084400000, 0x0000000084400000|100%| O|  |TAMS 0x0000000084400000, 0x0000000084300000| Untracked 
|  68|0x0000000084400000, 0x0000000084500000, 0x0000000084500000|100%| O|  |TAMS 0x0000000084500000, 0x0000000084400000| Untracked 
|  69|0x0000000084500000, 0x0000000084500000, 0x0000000084600000|  0%| F|  |TAMS 0x0000000084500000, 0x0000000084500000| Untracked 
|  70|0x0000000084600000, 0x0000000084600000, 0x0000000084700000|  0%| F|  |TAMS 0x0000000084600000, 0x0000000084600000| Untracked 
|  71|0x0000000084700000, 0x0000000084800000, 0x0000000084800000|100%| O|  |TAMS 0x0000000084800000, 0x0000000084700000| Untracked 
|  72|0x0000000084800000, 0x0000000084900000, 0x0000000084900000|100%| O|  |TAMS 0x0000000084900000, 0x0000000084800000| Untracked 
|  73|0x0000000084900000, 0x0000000084a00000, 0x0000000084a00000|100%| O|  |TAMS 0x0000000084a00000, 0x0000000084900000| Untracked 
|  74|0x0000000084a00000, 0x0000000084b00000, 0x0000000084b00000|100%| O|  |TAMS 0x0000000084b00000, 0x0000000084a00000| Untracked 
|  75|0x0000000084b00000, 0x0000000084c00000, 0x0000000084c00000|100%| O|  |TAMS 0x0000000084c00000, 0x0000000084b00000| Untracked 
|  76|0x0000000084c00000, 0x0000000084d00000, 0x0000000084d00000|100%| O|  |TAMS 0x0000000084d00000, 0x0000000084c00000| Untracked 
|  77|0x0000000084d00000, 0x0000000084e00000, 0x0000000084e00000|100%| O|  |TAMS 0x0000000084e00000, 0x0000000084d00000| Untracked 
|  78|0x0000000084e00000, 0x0000000084f00000, 0x0000000084f00000|100%| O|  |TAMS 0x0000000084f00000, 0x0000000084e00000| Untracked 
|  79|0x0000000084f00000, 0x0000000085000000, 0x0000000085000000|100%| O|  |TAMS 0x0000000085000000, 0x0000000084f00000| Untracked 
|  80|0x0000000085000000, 0x0000000085000000, 0x0000000085100000|  0%| F|  |TAMS 0x0000000085000000, 0x0000000085000000| Untracked 
|  81|0x0000000085100000, 0x0000000085200000, 0x0000000085200000|100%| O|  |TAMS 0x0000000085200000, 0x0000000085100000| Untracked 
|  82|0x0000000085200000, 0x0000000085300000, 0x0000000085300000|100%| O|  |TAMS 0x0000000085300000, 0x0000000085200000| Untracked 
|  83|0x0000000085300000, 0x0000000085400000, 0x0000000085400000|100%| O|  |TAMS 0x0000000085400000, 0x0000000085300000| Untracked 
|  84|0x0000000085400000, 0x0000000085400000, 0x0000000085500000|  0%| F|  |TAMS 0x0000000085400000, 0x0000000085400000| Untracked 
|  85|0x0000000085500000, 0x0000000085500000, 0x0000000085600000|  0%| F|  |TAMS 0x0000000085500000, 0x0000000085500000| Untracked 
|  86|0x0000000085600000, 0x0000000085600000, 0x0000000085700000|  0%| F|  |TAMS 0x0000000085600000, 0x0000000085600000| Untracked 
|  87|0x0000000085700000, 0x0000000085700000, 0x0000000085800000|  0%| F|  |TAMS 0x0000000085700000, 0x0000000085700000| Untracked 
|  88|0x0000000085800000, 0x0000000085800000, 0x0000000085900000|  0%| F|  |TAMS 0x0000000085800000, 0x0000000085800000| Untracked 
|  89|0x0000000085900000, 0x0000000085900000, 0x0000000085a00000|  0%| F|  |TAMS 0x0000000085900000, 0x0000000085900000| Untracked 
|  90|0x0000000085a00000, 0x0000000085a00000, 0x0000000085b00000|  0%| F|  |TAMS 0x0000000085a00000, 0x0000000085a00000| Untracked 
|  91|0x0000000085b00000, 0x0000000085b00000, 0x0000000085c00000|  0%| F|  |TAMS 0x0000000085b00000, 0x0000000085b00000| Untracked 
|  92|0x0000000085c00000, 0x0000000085c00000, 0x0000000085d00000|  0%| F|  |TAMS 0x0000000085c00000, 0x0000000085c00000| Untracked 
|  93|0x0000000085d00000, 0x0000000085d00000, 0x0000000085e00000|  0%| F|  |TAMS 0x0000000085d00000, 0x0000000085d00000| Untracked 
|  94|0x0000000085e00000, 0x0000000085e00000, 0x0000000085f00000|  0%| F|  |TAMS 0x0000000085e00000, 0x0000000085e00000| Untracked 
|  95|0x0000000085f00000, 0x0000000085f00000, 0x0000000086000000|  0%| F|  |TAMS 0x0000000085f00000, 0x0000000085f00000| Untracked 
|  96|0x0000000086000000, 0x0000000086000000, 0x0000000086100000|  0%| F|  |TAMS 0x0000000086000000, 0x0000000086000000| Untracked 
|  97|0x0000000086100000, 0x0000000086100000, 0x0000000086200000|  0%| F|  |TAMS 0x0000000086100000, 0x0000000086100000| Untracked 
|  98|0x0000000086200000, 0x0000000086200000, 0x0000000086300000|  0%| F|  |TAMS 0x0000000086200000, 0x0000000086200000| Untracked 
|  99|0x0000000086300000, 0x0000000086400000, 0x0000000086400000|100%| O|  |TAMS 0x0000000086400000, 0x0000000086300000| Untracked 
| 100|0x0000000086400000, 0x0000000086400000, 0x0000000086500000|  0%| F|  |TAMS 0x0000000086400000, 0x0000000086400000| Untracked 
| 101|0x0000000086500000, 0x0000000086600000, 0x0000000086600000|100%| O|  |TAMS 0x0000000086600000, 0x0000000086500000| Untracked 
| 102|0x0000000086600000, 0x0000000086700000, 0x0000000086700000|100%| O|  |TAMS 0x0000000086700000, 0x0000000086600000| Untracked 
| 103|0x0000000086700000, 0x0000000086800000, 0x0000000086800000|100%| O|  |TAMS 0x0000000086800000, 0x0000000086700000| Untracked 
| 104|0x0000000086800000, 0x0000000086900000, 0x0000000086900000|100%| O|  |TAMS 0x0000000086900000, 0x0000000086800000| Untracked 
| 105|0x0000000086900000, 0x0000000086900000, 0x0000000086a00000|  0%| F|  |TAMS 0x0000000086900000, 0x0000000086900000| Untracked 
| 106|0x0000000086a00000, 0x0000000086b00000, 0x0000000086b00000|100%| O|  |TAMS 0x0000000086b00000, 0x0000000086a00000| Untracked 
| 107|0x0000000086b00000, 0x0000000086c00000, 0x0000000086c00000|100%| O|  |TAMS 0x0000000086c00000, 0x0000000086b00000| Untracked 
| 108|0x0000000086c00000, 0x0000000086c00000, 0x0000000086d00000|  0%| F|  |TAMS 0x0000000086c00000, 0x0000000086c00000| Untracked 
| 109|0x0000000086d00000, 0x0000000086e00000, 0x0000000086e00000|100%| O|  |TAMS 0x0000000086d38c00, 0x0000000086d00000| Untracked 
| 110|0x0000000086e00000, 0x0000000086f00000, 0x0000000086f00000|100%| O|  |TAMS 0x0000000086e00000, 0x0000000086e00000| Untracked 
| 111|0x0000000086f00000, 0x0000000087000000, 0x0000000087000000|100%|HS|  |TAMS 0x0000000086f00000, 0x0000000086f00000| Complete 
| 112|0x0000000087000000, 0x0000000087100000, 0x0000000087100000|100%|HC|  |TAMS 0x0000000087000000, 0x0000000087000000| Complete 
| 113|0x0000000087100000, 0x0000000087200000, 0x0000000087200000|100%|HC|  |TAMS 0x0000000087100000, 0x0000000087100000| Complete 
| 114|0x0000000087200000, 0x0000000087300000, 0x0000000087300000|100%|HC|  |TAMS 0x0000000087200000, 0x0000000087200000| Complete 
| 115|0x0000000087300000, 0x0000000087400000, 0x0000000087400000|100%|HC|  |TAMS 0x0000000087300000, 0x0000000087300000| Complete 
| 116|0x0000000087400000, 0x0000000087500000, 0x0000000087500000|100%|HC|  |TAMS 0x0000000087400000, 0x0000000087400000| Complete 
| 117|0x0000000087500000, 0x0000000087600000, 0x0000000087600000|100%| O|  |TAMS 0x0000000087500000, 0x0000000087500000| Untracked 
| 118|0x0000000087600000, 0x0000000087700000, 0x0000000087700000|100%| O|  |TAMS 0x0000000087600000, 0x0000000087600000| Untracked 
| 119|0x0000000087700000, 0x0000000087800000, 0x0000000087800000|100%| O|  |TAMS 0x0000000087700000, 0x0000000087700000| Untracked 
| 120|0x0000000087800000, 0x0000000087900000, 0x0000000087900000|100%| O|  |TAMS 0x0000000087800000, 0x0000000087800000| Untracked 
| 121|0x0000000087900000, 0x0000000087a00000, 0x0000000087a00000|100%| O|  |TAMS 0x0000000087900000, 0x0000000087900000| Untracked 
| 122|0x0000000087a00000, 0x0000000087b00000, 0x0000000087b00000|100%| O|  |TAMS 0x0000000087a00000, 0x0000000087a00000| Untracked 
| 123|0x0000000087b00000, 0x0000000087c00000, 0x0000000087c00000|100%| O|  |TAMS 0x0000000087b00000, 0x0000000087b00000| Untracked 
| 124|0x0000000087c00000, 0x0000000087d00000, 0x0000000087d00000|100%| O|  |TAMS 0x0000000087c00000, 0x0000000087c00000| Untracked 
| 125|0x0000000087d00000, 0x0000000087e00000, 0x0000000087e00000|100%| O|  |TAMS 0x0000000087d00000, 0x0000000087d00000| Untracked 
| 126|0x0000000087e00000, 0x0000000087f00000, 0x0000000087f00000|100%| O|  |TAMS 0x0000000087e00000, 0x0000000087e00000| Untracked 
| 127|0x0000000087f00000, 0x0000000088000000, 0x0000000088000000|100%| O|  |TAMS 0x0000000087f00000, 0x0000000087f00000| Untracked 
| 128|0x0000000088000000, 0x0000000088100000, 0x0000000088100000|100%|HS|  |TAMS 0x0000000088000000, 0x0000000088000000| Complete 
| 129|0x0000000088100000, 0x0000000088200000, 0x0000000088200000|100%|HC|  |TAMS 0x0000000088100000, 0x0000000088100000| Complete 
| 130|0x0000000088200000, 0x0000000088300000, 0x0000000088300000|100%|HC|  |TAMS 0x0000000088200000, 0x0000000088200000| Complete 
| 131|0x0000000088300000, 0x0000000088400000, 0x0000000088400000|100%|HC|  |TAMS 0x0000000088300000, 0x0000000088300000| Complete 
| 132|0x0000000088400000, 0x0000000088500000, 0x0000000088500000|100%|HC|  |TAMS 0x0000000088400000, 0x0000000088400000| Complete 
| 133|0x0000000088500000, 0x0000000088600000, 0x0000000088600000|100%|HC|  |TAMS 0x0000000088500000, 0x0000000088500000| Complete 
| 134|0x0000000088600000, 0x0000000088700000, 0x0000000088700000|100%| O|  |TAMS 0x0000000088600000, 0x0000000088600000| Untracked 
| 135|0x0000000088700000, 0x0000000088800000, 0x0000000088800000|100%| O|  |TAMS 0x0000000088700000, 0x0000000088700000| Untracked 
| 136|0x0000000088800000, 0x0000000088900000, 0x0000000088900000|100%| O|  |TAMS 0x0000000088800000, 0x0000000088800000| Untracked 
| 137|0x0000000088900000, 0x0000000088a00000, 0x0000000088a00000|100%| O|  |TAMS 0x0000000088900000, 0x0000000088900000| Untracked 
| 138|0x0000000088a00000, 0x0000000088b00000, 0x0000000088b00000|100%| O|  |TAMS 0x0000000088a00000, 0x0000000088a00000| Untracked 
| 139|0x0000000088b00000, 0x0000000088b00000, 0x0000000088c00000|  0%| F|  |TAMS 0x0000000088b00000, 0x0000000088b00000| Untracked 
| 140|0x0000000088c00000, 0x0000000088c00000, 0x0000000088d00000|  0%| F|  |TAMS 0x0000000088c00000, 0x0000000088c00000| Untracked 
| 141|0x0000000088d00000, 0x0000000088d00000, 0x0000000088e00000|  0%| F|  |TAMS 0x0000000088d00000, 0x0000000088d00000| Untracked 
| 142|0x0000000088e00000, 0x0000000088e00000, 0x0000000088f00000|  0%| F|  |TAMS 0x0000000088e00000, 0x0000000088e00000| Untracked 
| 143|0x0000000088f00000, 0x0000000088f00000, 0x0000000089000000|  0%| F|  |TAMS 0x0000000088f00000, 0x0000000088f00000| Untracked 
| 144|0x0000000089000000, 0x0000000089000000, 0x0000000089100000|  0%| F|  |TAMS 0x0000000089000000, 0x0000000089000000| Untracked 
| 145|0x0000000089100000, 0x0000000089100000, 0x0000000089200000|  0%| F|  |TAMS 0x0000000089100000, 0x0000000089100000| Untracked 
| 146|0x0000000089200000, 0x0000000089200000, 0x0000000089300000|  0%| F|  |TAMS 0x0000000089200000, 0x0000000089200000| Untracked 
| 147|0x0000000089300000, 0x0000000089400000, 0x0000000089400000|100%| O|  |TAMS 0x0000000089300000, 0x0000000089300000| Untracked 
| 148|0x0000000089400000, 0x0000000089500000, 0x0000000089500000|100%| O|  |TAMS 0x0000000089400000, 0x0000000089400000| Untracked 
| 149|0x0000000089500000, 0x0000000089600000, 0x0000000089600000|100%| O|  |TAMS 0x0000000089500000, 0x0000000089500000| Untracked 
| 150|0x0000000089600000, 0x0000000089700000, 0x0000000089700000|100%| O|  |TAMS 0x0000000089600000, 0x0000000089600000| Untracked 
| 151|0x0000000089700000, 0x0000000089700000, 0x0000000089800000|  0%| F|  |TAMS 0x0000000089700000, 0x0000000089700000| Untracked 
| 152|0x0000000089800000, 0x0000000089800000, 0x0000000089900000|  0%| F|  |TAMS 0x0000000089800000, 0x0000000089800000| Untracked 
| 153|0x0000000089900000, 0x0000000089900000, 0x0000000089a00000|  0%| F|  |TAMS 0x0000000089900000, 0x0000000089900000| Untracked 
| 154|0x0000000089a00000, 0x0000000089a00000, 0x0000000089b00000|  0%| F|  |TAMS 0x0000000089a00000, 0x0000000089a00000| Untracked 
| 155|0x0000000089b00000, 0x0000000089b00000, 0x0000000089c00000|  0%| F|  |TAMS 0x0000000089b00000, 0x0000000089b00000| Untracked 
| 156|0x0000000089c00000, 0x0000000089c00000, 0x0000000089d00000|  0%| F|  |TAMS 0x0000000089c00000, 0x0000000089c00000| Untracked 
| 157|0x0000000089d00000, 0x0000000089d00000, 0x0000000089e00000|  0%| F|  |TAMS 0x0000000089d00000, 0x0000000089d00000| Untracked 
| 158|0x0000000089e00000, 0x0000000089e00000, 0x0000000089f00000|  0%| F|  |TAMS 0x0000000089e00000, 0x0000000089e00000| Untracked 
| 159|0x0000000089f00000, 0x0000000089f00000, 0x000000008a000000|  0%| F|  |TAMS 0x0000000089f00000, 0x0000000089f00000| Untracked 
| 160|0x000000008a000000, 0x000000008a000000, 0x000000008a100000|  0%| F|  |TAMS 0x000000008a000000, 0x000000008a000000| Untracked 
| 161|0x000000008a100000, 0x000000008a100000, 0x000000008a200000|  0%| F|  |TAMS 0x000000008a100000, 0x000000008a100000| Untracked 
| 162|0x000000008a200000, 0x000000008a200000, 0x000000008a300000|  0%| F|  |TAMS 0x000000008a200000, 0x000000008a200000| Untracked 
| 163|0x000000008a300000, 0x000000008a300000, 0x000000008a400000|  0%| F|  |TAMS 0x000000008a300000, 0x000000008a300000| Untracked 
| 164|0x000000008a400000, 0x000000008a400000, 0x000000008a500000|  0%| F|  |TAMS 0x000000008a400000, 0x000000008a400000| Untracked 
| 165|0x000000008a500000, 0x000000008a500000, 0x000000008a600000|  0%| F|  |TAMS 0x000000008a500000, 0x000000008a500000| Untracked 
| 166|0x000000008a600000, 0x000000008a600000, 0x000000008a700000|  0%| F|  |TAMS 0x000000008a600000, 0x000000008a600000| Untracked 
| 167|0x000000008a700000, 0x000000008a700000, 0x000000008a800000|  0%| F|  |TAMS 0x000000008a700000, 0x000000008a700000| Untracked 
| 168|0x000000008a800000, 0x000000008a800000, 0x000000008a900000|  0%| F|  |TAMS 0x000000008a800000, 0x000000008a800000| Untracked 
| 169|0x000000008a900000, 0x000000008a900000, 0x000000008aa00000|  0%| F|  |TAMS 0x000000008a900000, 0x000000008a900000| Untracked 
| 170|0x000000008aa00000, 0x000000008aa00000, 0x000000008ab00000|  0%| F|  |TAMS 0x000000008aa00000, 0x000000008aa00000| Untracked 
| 171|0x000000008ab00000, 0x000000008ab00000, 0x000000008ac00000|  0%| F|  |TAMS 0x000000008ab00000, 0x000000008ab00000| Untracked 
| 172|0x000000008ac00000, 0x000000008ac00000, 0x000000008ad00000|  0%| F|  |TAMS 0x000000008ac00000, 0x000000008ac00000| Untracked 
| 173|0x000000008ad00000, 0x000000008ad00000, 0x000000008ae00000|  0%| F|  |TAMS 0x000000008ad00000, 0x000000008ad00000| Untracked 
| 174|0x000000008ae00000, 0x000000008ae00000, 0x000000008af00000|  0%| F|  |TAMS 0x000000008ae00000, 0x000000008ae00000| Untracked 
| 175|0x000000008af00000, 0x000000008af00000, 0x000000008b000000|  0%| F|  |TAMS 0x000000008af00000, 0x000000008af00000| Untracked 
| 176|0x000000008b000000, 0x000000008b000000, 0x000000008b100000|  0%| F|  |TAMS 0x000000008b000000, 0x000000008b000000| Untracked 
| 177|0x000000008b100000, 0x000000008b100000, 0x000000008b200000|  0%| F|  |TAMS 0x000000008b100000, 0x000000008b100000| Untracked 
| 178|0x000000008b200000, 0x000000008b200000, 0x000000008b300000|  0%| F|  |TAMS 0x000000008b200000, 0x000000008b200000| Untracked 
| 179|0x000000008b300000, 0x000000008b300000, 0x000000008b400000|  0%| F|  |TAMS 0x000000008b300000, 0x000000008b300000| Untracked 
| 180|0x000000008b400000, 0x000000008b400000, 0x000000008b500000|  0%| F|  |TAMS 0x000000008b400000, 0x000000008b400000| Untracked 
| 181|0x000000008b500000, 0x000000008b500000, 0x000000008b600000|  0%| F|  |TAMS 0x000000008b500000, 0x000000008b500000| Untracked 
| 182|0x000000008b600000, 0x000000008b600000, 0x000000008b700000|  0%| F|  |TAMS 0x000000008b600000, 0x000000008b600000| Untracked 
| 183|0x000000008b700000, 0x000000008b700000, 0x000000008b800000|  0%| F|  |TAMS 0x000000008b700000, 0x000000008b700000| Untracked 
| 184|0x000000008b800000, 0x000000008b800000, 0x000000008b900000|  0%| F|  |TAMS 0x000000008b800000, 0x000000008b800000| Untracked 
| 185|0x000000008b900000, 0x000000008b900000, 0x000000008ba00000|  0%| F|  |TAMS 0x000000008b900000, 0x000000008b900000| Untracked 
| 186|0x000000008ba00000, 0x000000008ba00000, 0x000000008bb00000|  0%| F|  |TAMS 0x000000008ba00000, 0x000000008ba00000| Untracked 
| 187|0x000000008bb00000, 0x000000008bb00000, 0x000000008bc00000|  0%| F|  |TAMS 0x000000008bb00000, 0x000000008bb00000| Untracked 
| 188|0x000000008bc00000, 0x000000008bc00000, 0x000000008bd00000|  0%| F|  |TAMS 0x000000008bc00000, 0x000000008bc00000| Untracked 
| 189|0x000000008bd00000, 0x000000008bd00000, 0x000000008be00000|  0%| F|  |TAMS 0x000000008bd00000, 0x000000008bd00000| Untracked 
| 190|0x000000008be00000, 0x000000008be00000, 0x000000008bf00000|  0%| F|  |TAMS 0x000000008be00000, 0x000000008be00000| Untracked 
| 191|0x000000008bf00000, 0x000000008bf00000, 0x000000008c000000|  0%| F|  |TAMS 0x000000008bf00000, 0x000000008bf00000| Untracked 
| 192|0x000000008c000000, 0x000000008c000000, 0x000000008c100000|  0%| F|  |TAMS 0x000000008c000000, 0x000000008c000000| Untracked 
| 193|0x000000008c100000, 0x000000008c100000, 0x000000008c200000|  0%| F|  |TAMS 0x000000008c100000, 0x000000008c100000| Untracked 
| 194|0x000000008c200000, 0x000000008c200000, 0x000000008c300000|  0%| F|  |TAMS 0x000000008c200000, 0x000000008c200000| Untracked 
| 195|0x000000008c300000, 0x000000008c300000, 0x000000008c400000|  0%| F|  |TAMS 0x000000008c300000, 0x000000008c300000| Untracked 
| 196|0x000000008c400000, 0x000000008c400000, 0x000000008c500000|  0%| F|  |TAMS 0x000000008c400000, 0x000000008c400000| Untracked 
| 197|0x000000008c500000, 0x000000008c500000, 0x000000008c600000|  0%| F|  |TAMS 0x000000008c500000, 0x000000008c500000| Untracked 
| 198|0x000000008c600000, 0x000000008c600000, 0x000000008c700000|  0%| F|  |TAMS 0x000000008c600000, 0x000000008c600000| Untracked 
| 199|0x000000008c700000, 0x000000008c700000, 0x000000008c800000|  0%| F|  |TAMS 0x000000008c700000, 0x000000008c700000| Untracked 
| 200|0x000000008c800000, 0x000000008c800000, 0x000000008c900000|  0%| F|  |TAMS 0x000000008c800000, 0x000000008c800000| Untracked 
| 201|0x000000008c900000, 0x000000008c900000, 0x000000008ca00000|  0%| F|  |TAMS 0x000000008c900000, 0x000000008c900000| Untracked 
| 202|0x000000008ca00000, 0x000000008ca00000, 0x000000008cb00000|  0%| F|  |TAMS 0x000000008ca00000, 0x000000008ca00000| Untracked 
| 203|0x000000008cb00000, 0x000000008cb00000, 0x000000008cc00000|  0%| F|  |TAMS 0x000000008cb00000, 0x000000008cb00000| Untracked 
| 204|0x000000008cc00000, 0x000000008ccc2828, 0x000000008cd00000| 75%| S|CS|TAMS 0x000000008cc00000, 0x000000008cc00000| Complete 
| 205|0x000000008cd00000, 0x000000008ce00000, 0x000000008ce00000|100%| S|CS|TAMS 0x000000008cd00000, 0x000000008cd00000| Complete 
| 206|0x000000008ce00000, 0x000000008ce00000, 0x000000008cf00000|  0%| F|  |TAMS 0x000000008ce00000, 0x000000008ce00000| Untracked 
| 207|0x000000008cf00000, 0x000000008cf00000, 0x000000008d000000|  0%| F|  |TAMS 0x000000008cf00000, 0x000000008cf00000| Untracked 
| 208|0x000000008d000000, 0x000000008d0fbb08, 0x000000008d100000| 98%| E|  |TAMS 0x000000008d000000, 0x000000008d000000| Complete 
|2037|0x00000000ff500000, 0x00000000ff600000, 0x00000000ff600000|100%| O|  |TAMS 0x00000000ff500000, 0x00000000ff500000| Untracked 
|2038|0x00000000ff600000, 0x00000000ff700000, 0x00000000ff700000|100%| O|  |TAMS 0x00000000ff600000, 0x00000000ff600000| Untracked 
|2039|0x00000000ff700000, 0x00000000ff800000, 0x00000000ff800000|100%| O|  |TAMS 0x00000000ff700000, 0x00000000ff700000| Untracked 
|2040|0x00000000ff800000, 0x00000000ff900000, 0x00000000ff900000|100%| O|  |TAMS 0x00000000ff800000, 0x00000000ff800000| Untracked 
|2041|0x00000000ff900000, 0x00000000ffa00000, 0x00000000ffa00000|100%| O|  |TAMS 0x00000000ff900000, 0x00000000ff900000| Untracked 
|2042|0x00000000ffa00000, 0x00000000ffb00000, 0x00000000ffb00000|100%| O|  |TAMS 0x00000000ffa00000, 0x00000000ffa00000| Untracked 
|2043|0x00000000ffb00000, 0x00000000ffc00000, 0x00000000ffc00000|100%| O|  |TAMS 0x00000000ffb00000, 0x00000000ffb00000| Untracked 
|2044|0x00000000ffc00000, 0x00000000ffd00000, 0x00000000ffd00000|100%| O|  |TAMS 0x00000000ffc00000, 0x00000000ffc00000| Untracked 
|2045|0x00000000ffd00000, 0x00000000ffe00000, 0x00000000ffe00000|100%| O|  |TAMS 0x00000000ffd00000, 0x00000000ffd00000| Untracked 
|2046|0x00000000ffe00000, 0x00000000fff00000, 0x00000000fff00000|100%| O|  |TAMS 0x00000000ffe00000, 0x00000000ffe00000| Untracked 
|2047|0x00000000fff00000, 0x0000000100000000, 0x0000000100000000|100%| O|  |TAMS 0x00000000fff00000, 0x00000000fff00000| Untracked 

Card table byte_map: [0x00000296dd460000,0x00000296dd860000] _byte_map_base: 0x00000296dd060000

Marking Bits (Prev, Next): (CMBitMap*) 0x00000296c65ed030, (CMBitMap*) 0x00000296c65ecff0
 Prev Bits: [0x00000296dfc60000, 0x00000296e1c60000)
 Next Bits: [0x00000296ddc60000, 0x00000296dfc60000)

Polling page: 0x00000296c4530000

Metaspace:

Usage:
  Non-class:     92.89 MB used.
      Class:     14.55 MB used.
       Both:    107.44 MB used.

Virtual space:
  Non-class space:       96.00 MB reserved,      93.25 MB ( 97%) committed,  12 nodes.
      Class space:        1.00 GB reserved,      14.88 MB (  1%) committed,  1 nodes.
              Both:        1.09 GB reserved,     108.12 MB ( 10%) committed. 

Chunk freelists:
   Non-Class:  2.66 MB
       Class:  1.04 MB
        Both:  3.70 MB

MaxMetaspaceSize: 17179869184.00 GB
CompressedClassSpaceSize: 1.00 GB
 - commit_granule_bytes: 65536.
 - commit_granule_words: 8192.
 - virtual_space_node_default_size: 1048576.
 - enlarge_chunks_in_place: 1.
 - new_chunks_are_fully_committed: 0.
 - uncommit_free_chunks: 1.
 - use_allocation_guard: 0.
 - handle_deallocations: 1.


Internal statistics:

num_allocs_failed_limit: 6.
num_arena_births: 944.
num_arena_deaths: 30.
num_vsnodes_births: 13.
num_vsnodes_deaths: 0.
num_space_committed: 1730.
num_space_uncommitted: 0.
num_chunks_returned_to_freelist: 49.
num_chunks_taken_from_freelist: 5302.
num_chunk_merges: 23.
num_chunk_splits: 3663.
num_chunks_enlarged: 2609.
num_purges: 4.

CodeHeap 'non-profiled nmethods': size=120000Kb used=8470Kb max_used=8470Kb free=111529Kb
 bounds [0x00000296d5800000, 0x00000296d6050000, 0x00000296dcd30000]
CodeHeap 'profiled nmethods': size=120000Kb used=29032Kb max_used=29032Kb free=90967Kb
 bounds [0x00000296ce2d0000, 0x00000296cff30000, 0x00000296d5800000]
CodeHeap 'non-nmethods': size=5760Kb used=2474Kb max_used=2523Kb free=3285Kb
 bounds [0x00000296cdd30000, 0x00000296cdfb0000, 0x00000296ce2d0000]
 total_blobs=15702 nmethods=14704 adapters=909
 compilation: enabled
              stopped_count=0, restarted_count=0
 full_count=0

Compilation events (20 events):
Event: 18.365 Thread 0x00000296e468de20 17136       2       com.android.tools.r8.internal.So::g (29 bytes)
Event: 18.365 Thread 0x00000296e468de20 nmethod 17136 0x00000296cff20e10 code [0x00000296cff20fc0, 0x00000296cff211b8]
Event: 18.365 Thread 0x00000296e468de20 17137       2       com.android.tools.r8.graph.O$b::hashCode (15 bytes)
Event: 18.366 Thread 0x00000296e468de20 nmethod 17137 0x00000296cff21310 code [0x00000296cff214e0, 0x00000296cff21798]
Event: 18.366 Thread 0x00000296e468de20 17138       2       com.android.tools.r8.graph.O$b::n (6 bytes)
Event: 18.366 Thread 0x00000296e468de20 nmethod 17138 0x00000296cff21990 code [0x00000296cff21b20, 0x00000296cff21c38]
Event: 18.366 Thread 0x00000296e468de20 17139       2       com.android.tools.r8.graph.O$b$$Lambda$3337/0x0000000801af4000::a (5 bytes)
Event: 18.367 Thread 0x00000296eb7aebd0 nmethod 17123 0x00000296d6045390 code [0x00000296d6045520, 0x00000296d6045678]
Event: 18.367 Thread 0x00000296eb7aebd0 17142 %     4       com.android.tools.r8.dex.j::a @ 313 (1042 bytes)
Event: 18.367 Thread 0x00000296e468de20 nmethod 17139 0x00000296cff21d10 code [0x00000296cff21ee0, 0x00000296cff22188]
Event: 18.367 Thread 0x00000296e468de20 17143       2       com.android.tools.r8.code.w1::b (25 bytes)
Event: 18.367 Thread 0x00000296e468de20 nmethod 17143 0x00000296cff22390 code [0x00000296cff22540, 0x00000296cff22738]
Event: 18.367 Thread 0x00000296e468de20 17140       2       com.android.tools.r8.graph.O$b::a (19 bytes)
Event: 18.389 Thread 0x00000296e468de20 nmethod 17140 0x00000296cff22890 code [0x00000296cff22a60, 0x00000296cff22ce8]
Event: 18.389 Thread 0x00000296e468de20 17145       2       com.android.tools.r8.graph.z::c (163 bytes)
Event: 18.390 Thread 0x00000296e468de20 nmethod 17145 0x00000296cff22e90 code [0x00000296cff230a0, 0x00000296cff23668]
Event: 18.390 Thread 0x00000296e468de20 17144       2       java.util.AbstractList$SubList::<init> (35 bytes)
Event: 18.391 Thread 0x00000296e468de20 nmethod 17144 0x00000296cff23a10 code [0x00000296cff23ba0, 0x00000296cff23d38]
Event: 18.391 Thread 0x00000296e468de20 17141       2       com.android.tools.r8.graph.O$b$$Lambda$3338/0x0000000801af4218::applyAsInt (8 bytes)
Event: 18.391 Thread 0x00000296e468de20 nmethod 17141 0x00000296cff23e10 code [0x00000296cff23fa0, 0x00000296cff240f8]

GC Heap History (20 events):
Event: 10.750 GC heap before
{Heap before GC invocations=32 (full 0):
 garbage-first heap   total 208896K, used 168158K [0x0000000080000000, 0x0000000100000000)
  region size 1024K, 87 young (89088K), 12 survivors (12288K)
 Metaspace       used 78865K, committed 79424K, reserved 1122304K
  class space    used 10531K, committed 10816K, reserved 1048576K
}
Event: 10.756 GC heap after
{Heap after GC invocations=33 (full 0):
 garbage-first heap   total 208896K, used 74732K [0x0000000080000000, 0x0000000100000000)
  region size 1024K, 4 young (4096K), 4 survivors (4096K)
 Metaspace       used 78865K, committed 79424K, reserved 1122304K
  class space    used 10531K, committed 10816K, reserved 1048576K
}
Event: 11.420 GC heap before
{Heap before GC invocations=33 (full 0):
 garbage-first heap   total 208896K, used 156652K [0x0000000080000000, 0x0000000100000000)
  region size 1024K, 85 young (87040K), 4 survivors (4096K)
 Metaspace       used 80400K, committed 81024K, reserved 1122304K
  class space    used 10700K, committed 11008K, reserved 1048576K
}
Event: 11.427 GC heap after
{Heap after GC invocations=34 (full 0):
 garbage-first heap   total 208896K, used 79135K [0x0000000080000000, 0x0000000100000000)
  region size 1024K, 8 young (8192K), 8 survivors (8192K)
 Metaspace       used 80400K, committed 81024K, reserved 1122304K
  class space    used 10700K, committed 11008K, reserved 1048576K
}
Event: 13.821 GC heap before
{Heap before GC invocations=34 (full 0):
 garbage-first heap   total 208896K, used 161055K [0x0000000080000000, 0x0000000100000000)
  region size 1024K, 89 young (91136K), 8 survivors (8192K)
 Metaspace       used 84372K, committed 84992K, reserved 1130496K
  class space    used 11188K, committed 11520K, reserved 1048576K
}
Event: 13.829 GC heap after
{Heap after GC invocations=35 (full 0):
 garbage-first heap   total 208896K, used 85376K [0x0000000080000000, 0x0000000100000000)
  region size 1024K, 12 young (12288K), 12 survivors (12288K)
 Metaspace       used 84372K, committed 84992K, reserved 1130496K
  class space    used 11188K, committed 11520K, reserved 1048576K
}
Event: 15.381 GC heap before
{Heap before GC invocations=35 (full 0):
 garbage-first heap   total 208896K, used 163200K [0x0000000080000000, 0x0000000100000000)
  region size 1024K, 87 young (89088K), 12 survivors (12288K)
 Metaspace       used 93897K, committed 94528K, reserved 1138688K
  class space    used 12304K, committed 12608K, reserved 1048576K
}
Event: 15.394 GC heap after
{Heap after GC invocations=36 (full 0):
 garbage-first heap   total 208896K, used 99408K [0x0000000080000000, 0x0000000100000000)
  region size 1024K, 11 young (11264K), 11 survivors (11264K)
 Metaspace       used 93897K, committed 94528K, reserved 1138688K
  class space    used 12304K, committed 12608K, reserved 1048576K
}
Event: 15.895 GC heap before
{Heap before GC invocations=36 (full 0):
 garbage-first heap   total 208896K, used 160848K [0x0000000080000000, 0x0000000100000000)
  region size 1024K, 71 young (72704K), 11 survivors (11264K)
 Metaspace       used 94588K, committed 95232K, reserved 1138688K
  class space    used 12322K, committed 12672K, reserved 1048576K
}
Event: 15.903 GC heap after
{Heap after GC invocations=37 (full 0):
 garbage-first heap   total 208896K, used 103126K [0x0000000080000000, 0x0000000100000000)
  region size 1024K, 3 young (3072K), 3 survivors (3072K)
 Metaspace       used 94588K, committed 95232K, reserved 1138688K
  class space    used 12322K, committed 12672K, reserved 1048576K
}
Event: 16.073 GC heap before
{Heap before GC invocations=37 (full 0):
 garbage-first heap   total 208896K, used 115414K [0x0000000080000000, 0x0000000100000000)
  region size 1024K, 16 young (16384K), 3 survivors (3072K)
 Metaspace       used 94868K, committed 95488K, reserved 1138688K
  class space    used 12353K, committed 12672K, reserved 1048576K
}
Event: 16.076 GC heap after
{Heap after GC invocations=38 (full 0):
 garbage-first heap   total 208896K, used 102958K [0x0000000080000000, 0x0000000100000000)
  region size 1024K, 3 young (3072K), 3 survivors (3072K)
 Metaspace       used 94868K, committed 95488K, reserved 1138688K
  class space    used 12353K, committed 12672K, reserved 1048576K
}
Event: 16.790 GC heap before
{Heap before GC invocations=39 (full 0):
 garbage-first heap   total 208896K, used 168494K [0x0000000080000000, 0x0000000100000000)
  region size 1024K, 66 young (67584K), 3 survivors (3072K)
 Metaspace       used 102175K, committed 102784K, reserved 1138688K
  class space    used 13650K, committed 13952K, reserved 1048576K
}
Event: 16.801 GC heap after
{Heap after GC invocations=40 (full 0):
 garbage-first heap   total 208896K, used 112133K [0x0000000080000000, 0x0000000100000000)
  region size 1024K, 9 young (9216K), 9 survivors (9216K)
 Metaspace       used 102175K, committed 102784K, reserved 1138688K
  class space    used 13650K, committed 13952K, reserved 1048576K
}
Event: 17.295 GC heap before
{Heap before GC invocations=40 (full 0):
 garbage-first heap   total 208896K, used 166405K [0x0000000080000000, 0x0000000100000000)
  region size 1024K, 63 young (64512K), 9 survivors (9216K)
 Metaspace       used 107539K, committed 108224K, reserved 1146880K
  class space    used 14589K, committed 14912K, reserved 1048576K
}
Event: 17.306 GC heap after
{Heap after GC invocations=41 (full 0):
 garbage-first heap   total 208896K, used 115840K [0x0000000080000000, 0x0000000100000000)
  region size 1024K, 5 young (5120K), 5 survivors (5120K)
 Metaspace       used 107539K, committed 108224K, reserved 1146880K
  class space    used 14589K, committed 14912K, reserved 1048576K
}
Event: 17.654 GC heap before
{Heap before GC invocations=42 (full 0):
 garbage-first heap   total 214016K, used 139392K [0x0000000080000000, 0x0000000100000000)
  region size 1024K, 30 young (30720K), 5 survivors (5120K)
 Metaspace       used 108264K, committed 108928K, reserved 1146880K
  class space    used 14598K, committed 14912K, reserved 1048576K
}
Event: 17.658 GC heap after
{Heap after GC invocations=43 (full 0):
 garbage-first heap   total 214016K, used 114220K [0x0000000080000000, 0x0000000100000000)
  region size 1024K, 3 young (3072K), 3 survivors (3072K)
 Metaspace       used 108264K, committed 108928K, reserved 1146880K
  class space    used 14598K, committed 14912K, reserved 1048576K
}
Event: 18.368 GC heap before
{Heap before GC invocations=44 (full 0):
 garbage-first heap   total 214016K, used 198188K [0x0000000080000000, 0x0000000100000000)
  region size 1024K, 62 young (63488K), 3 survivors (3072K)
 Metaspace       used 110004K, committed 110720K, reserved 1146880K
  class space    used 14903K, committed 15232K, reserved 1048576K
}
Event: 18.389 GC heap after
{Heap after GC invocations=45 (full 0):
 garbage-first heap   total 225280K, used 148321K [0x0000000080000000, 0x0000000100000000)
  region size 1024K, 8 young (8192K), 8 survivors (8192K)
 Metaspace       used 110004K, committed 110720K, reserved 1146880K
  class space    used 14903K, committed 15232K, reserved 1048576K
}

Deoptimization events (20 events):
Event: 18.036 Thread 0x00000296ebfa2040 DEOPT PACKING pc=0x00000296d5de1e48 sp=0x000000f311cfd990
Event: 18.036 Thread 0x00000296ebfa2040 DEOPT UNPACKING pc=0x00000296cdd7f92e sp=0x000000f311cfd8f0 mode 2
Event: 18.079 Thread 0x00000296ebfa2040 Uncommon trap: trap_request=0xffffff45 fr.pc=0x00000296d58ae724 relative=0x0000000000000084
Event: 18.079 Thread 0x00000296ebfa2040 Uncommon trap: reason=unstable_if action=reinterpret pc=0x00000296d58ae724 method=com.android.tools.r8.internal.jm.d(I)Z @ 45 c2
Event: 18.079 Thread 0x00000296ebfa2040 DEOPT PACKING pc=0x00000296d58ae724 sp=0x000000f311cfd830
Event: 18.079 Thread 0x00000296ebfa2040 DEOPT UNPACKING pc=0x00000296cdd7f92e sp=0x000000f311cfd7c0 mode 2
Event: 18.161 Thread 0x00000296edf40c20 Uncommon trap: trap_request=0xffffff45 fr.pc=0x00000296d58e4568 relative=0x0000000000000348
Event: 18.161 Thread 0x00000296edf40c20 Uncommon trap: reason=unstable_if action=reinterpret pc=0x00000296d58e4568 method=java.util.concurrent.ConcurrentLinkedQueue.offer(Ljava/lang/Object;)Z @ 42 c2
Event: 18.162 Thread 0x00000296edf40c20 DEOPT PACKING pc=0x00000296d58e4568 sp=0x000000f312efeb30
Event: 18.162 Thread 0x00000296edf40c20 DEOPT UNPACKING pc=0x00000296cdd7f92e sp=0x000000f312efead0 mode 2
Event: 18.229 Thread 0x00000296edf3a730 DEOPT PACKING pc=0x00000296cfe5240d sp=0x000000f312cfe920
Event: 18.229 Thread 0x00000296edf3a730 DEOPT UNPACKING pc=0x00000296cdd7e77e sp=0x000000f312cfdee8 mode 0
Event: 18.238 Thread 0x00000296edf3a730 DEOPT PACKING pc=0x00000296ce949eb7 sp=0x000000f312cfe2c0
Event: 18.238 Thread 0x00000296edf3a730 DEOPT UNPACKING pc=0x00000296cdd7e77e sp=0x000000f312cfd800 mode 0
Event: 18.277 Thread 0x00000296edf3a730 DEOPT PACKING pc=0x00000296cfe7c777 sp=0x000000f312cfe120
Event: 18.277 Thread 0x00000296edf3a730 DEOPT UNPACKING pc=0x00000296cdd7e77e sp=0x000000f312cfdd30 mode 0
Event: 18.297 Thread 0x00000296edf3a730 DEOPT PACKING pc=0x00000296cfe7c777 sp=0x000000f312cfe120
Event: 18.297 Thread 0x00000296edf3a730 DEOPT UNPACKING pc=0x00000296cdd7e77e sp=0x000000f312cfdd30 mode 0
Event: 18.301 Thread 0x00000296edf3a730 DEOPT PACKING pc=0x00000296cfe893dc sp=0x000000f312cfe660
Event: 18.301 Thread 0x00000296edf3a730 DEOPT UNPACKING pc=0x00000296cdd7e77e sp=0x000000f312cfdc40 mode 0

Classes unloaded (15 events):
Event: 16.197 Thread 0x00000296e4669660 Unloading class 0x0000000801624400 'java/lang/invoke/LambdaForm$DMH+0x0000000801624400'
Event: 16.197 Thread 0x00000296e4669660 Unloading class 0x0000000801615c00 'java/lang/invoke/LambdaForm$DMH+0x0000000801615c00'
Event: 16.197 Thread 0x00000296e4669660 Unloading class 0x0000000801615800 'java/lang/invoke/LambdaForm$DMH+0x0000000801615800'
Event: 16.197 Thread 0x00000296e4669660 Unloading class 0x0000000801615400 'java/lang/invoke/LambdaForm$DMH+0x0000000801615400'
Event: 16.197 Thread 0x00000296e4669660 Unloading class 0x0000000801615000 'java/lang/invoke/LambdaForm$DMH+0x0000000801615000'
Event: 16.198 Thread 0x00000296e4669660 Unloading class 0x0000000801614c00 'java/lang/invoke/LambdaForm$DMH+0x0000000801614c00'
Event: 16.198 Thread 0x00000296e4669660 Unloading class 0x0000000801614800 'java/lang/invoke/LambdaForm$DMH+0x0000000801614800'
Event: 16.198 Thread 0x00000296e4669660 Unloading class 0x0000000801614400 'java/lang/invoke/LambdaForm$DMH+0x0000000801614400'
Event: 17.776 Thread 0x00000296e4669660 Unloading class 0x0000000801975c00 'java/lang/invoke/LambdaForm$DMH+0x0000000801975c00'
Event: 17.776 Thread 0x00000296e4669660 Unloading class 0x0000000801975800 'java/lang/invoke/LambdaForm$DMH+0x0000000801975800'
Event: 17.776 Thread 0x00000296e4669660 Unloading class 0x0000000801975400 'java/lang/invoke/LambdaForm$DMH+0x0000000801975400'
Event: 17.776 Thread 0x00000296e4669660 Unloading class 0x0000000801975000 'java/lang/invoke/LambdaForm$DMH+0x0000000801975000'
Event: 17.776 Thread 0x00000296e4669660 Unloading class 0x0000000801974c00 'java/lang/invoke/LambdaForm$DMH+0x0000000801974c00'
Event: 17.776 Thread 0x00000296e4669660 Unloading class 0x0000000801974800 'java/lang/invoke/LambdaForm$DMH+0x0000000801974800'
Event: 17.776 Thread 0x00000296e4669660 Unloading class 0x0000000801974000 'java/lang/invoke/LambdaForm$DMH+0x0000000801974000'

Classes redefined (0 events):
No events

Internal exceptions (20 events):
Event: 17.335 Thread 0x00000296edf3ec40 Exception <a 'sun/nio/fs/WindowsException'{0x000000008cd79450}> (0x000000008cd79450) 
thrown [t:\workspace\open\src\hotspot\share\prims\jni.cpp, line 579]
Event: 17.337 Thread 0x00000296e6c9b4c0 Exception <a 'sun/nio/fs/WindowsException'{0x000000008ce7abe0}> (0x000000008ce7abe0) 
thrown [t:\workspace\open\src\hotspot\share\prims\jni.cpp, line 579]
Event: 17.345 Thread 0x00000296ebfa2040 Exception <a 'sun/nio/fs/WindowsException'{0x000000008ce29880}> (0x000000008ce29880) 
thrown [t:\workspace\open\src\hotspot\share\prims\jni.cpp, line 579]
Event: 17.354 Thread 0x00000296edf3ec40 Exception <a 'sun/nio/fs/WindowsException'{0x000000008cd7fd60}> (0x000000008cd7fd60) 
thrown [t:\workspace\open\src\hotspot\share\prims\jni.cpp, line 579]
Event: 17.378 Thread 0x00000296e6c99f80 Exception <a 'sun/nio/fs/WindowsException'{0x000000008ccecaf8}> (0x000000008ccecaf8) 
thrown [t:\workspace\open\src\hotspot\share\prims\jni.cpp, line 579]
Event: 17.379 Thread 0x00000296e6c9b4c0 Exception <a 'sun/nio/fs/WindowsException'{0x000000008c542070}> (0x000000008c542070) 
thrown [t:\workspace\open\src\hotspot\share\prims\jni.cpp, line 579]
Event: 17.414 Thread 0x00000296e6c99f80 Exception <a 'sun/nio/fs/WindowsException'{0x000000008ccfeeb0}> (0x000000008ccfeeb0) 
thrown [t:\workspace\open\src\hotspot\share\prims\jni.cpp, line 579]
Event: 17.415 Thread 0x00000296edf3ec40 Exception <a 'sun/nio/fs/WindowsException'{0x000000008c4862f0}> (0x000000008c4862f0) 
thrown [t:\workspace\open\src\hotspot\share\prims\jni.cpp, line 579]
Event: 17.420 Thread 0x00000296e6c99f80 Exception <a 'sun/nio/fs/WindowsException'{0x000000008c3072e8}> (0x000000008c3072e8) 
thrown [t:\workspace\open\src\hotspot\share\prims\jni.cpp, line 579]
Event: 17.422 Thread 0x00000296edf3ec40 Exception <a 'sun/nio/fs/WindowsException'{0x000000008c39ad08}> (0x000000008c39ad08) 
thrown [t:\workspace\open\src\hotspot\share\prims\jni.cpp, line 579]
Event: 17.422 Thread 0x00000296e6c99f80 Exception <a 'sun/nio/fs/WindowsException'{0x000000008c30f1b0}> (0x000000008c30f1b0) 
thrown [t:\workspace\open\src\hotspot\share\prims\jni.cpp, line 579]
Event: 17.425 Thread 0x00000296edf3ec40 Exception <a 'sun/nio/fs/WindowsException'{0x000000008c3a1618}> (0x000000008c3a1618) 
thrown [t:\workspace\open\src\hotspot\share\prims\jni.cpp, line 579]
Event: 17.901 Thread 0x00000296ebfa2040 Exception <a 'sun/nio/fs/WindowsException'{0x000000008cabf888}> (0x000000008cabf888) 
thrown [t:\workspace\open\src\hotspot\share\prims\jni.cpp, line 579]
Event: 18.160 Thread 0x00000296edf40c20 Exception <a 'java/lang/NoSuchMethodError'{0x000000008a47e518}: 'long java.lang.invoke.DirectMethodHandle$Holder.invokeStatic(java.lang.Object, java.lang.Object, java.lang.Object)'> (0x000000008a47e518) 
thrown [t:\workspace\open\src\hotspot\share\interpreter\linkResolver.cpp, line 790]
Event: 18.160 Thread 0x00000296edf3ac80 Exception <a 'java/lang/NoSuchMethodError'{0x000000008a487d10}: 'long java.lang.invoke.DirectMethodHandle$Holder.invokeStatic(java.lang.Object, java.lang.Object, java.lang.Object)'> (0x000000008a487d10) 
thrown [t:\workspace\open\src\hotspot\share\interpreter\linkResolver.cpp, line 790]
Event: 18.160 Thread 0x00000296edf3d1b0 Exception <a 'java/lang/NoSuchMethodError'{0x000000008a4b9998}: 'long java.lang.invoke.DirectMethodHandle$Holder.invokeStatic(java.lang.Object, java.lang.Object, java.lang.Object)'> (0x000000008a4b9998) 
thrown [t:\workspace\open\src\hotspot\share\interpreter\linkResolver.cpp, line 790]
Event: 18.160 Thread 0x00000296edf41170 Exception <a 'java/lang/NoSuchMethodError'{0x000000008a4934b0}: 'long java.lang.invoke.DirectMethodHandle$Holder.invokeStatic(java.lang.Object, java.lang.Object, java.lang.Object)'> (0x000000008a4934b0) 
thrown [t:\workspace\open\src\hotspot\share\interpreter\linkResolver.cpp, line 790]
Event: 18.160 Thread 0x00000296edf406d0 Exception <a 'java/lang/NoSuchMethodError'{0x000000008a4aa1f0}: 'long java.lang.invoke.DirectMethodHandle$Holder.invokeStatic(java.lang.Object, java.lang.Object, java.lang.Object)'> (0x000000008a4aa1f0) 
thrown [t:\workspace\open\src\hotspot\share\interpreter\linkResolver.cpp, line 790]
Event: 18.160 Thread 0x00000296edf3b1d0 Exception <a 'java/lang/NoSuchMethodError'{0x000000008a23f0b0}: 'long java.lang.invoke.DirectMethodHandle$Holder.invokeStatic(java.lang.Object, java.lang.Object, java.lang.Object)'> (0x000000008a23f0b0) 
thrown [t:\workspace\open\src\hotspot\share\interpreter\linkResolver.cpp, line 790]
Event: 18.161 Thread 0x00000296edf3c710 Exception <a 'java/lang/NoSuchMethodError'{0x000000008a4c0dd8}: 'long java.lang.invoke.DirectMethodHandle$Holder.invokeStatic(java.lang.Object, java.lang.Object, java.lang.Object)'> (0x000000008a4c0dd8) 
thrown [t:\workspace\open\src\hotspot\share\interpreter\linkResolver.cpp, line 790]

Events (20 events):
Event: 18.134 Thread 0x00000296edf40c20 Thread added: 0x00000296edf40c20
Event: 18.134 Thread 0x00000296edf406d0 Thread added: 0x00000296edf406d0
Event: 18.134 Thread 0x00000296edf3b1d0 Thread added: 0x00000296edf3b1d0
Event: 18.134 Thread 0x00000296edf41170 Thread added: 0x00000296edf41170
Event: 18.135 Thread 0x00000296edf3c710 Thread added: 0x00000296edf3c710
Event: 18.135 Thread 0x00000296edf3d1b0 Thread added: 0x00000296edf3d1b0
Event: 18.155 loading class java/nio/HeapShortBuffer
Event: 18.155 loading class java/nio/HeapShortBuffer done
Event: 18.157 Executing  VM operation: HandshakeAllThreads
Event: 18.158 Executing  VM operation: HandshakeAllThreads done
Event: 18.160 loading class java/util/AbstractList$RandomAccessSubList
Event: 18.160 loading class java/util/AbstractList$SubList
Event: 18.160 loading class java/util/AbstractList$SubList done
Event: 18.160 loading class java/util/AbstractList$RandomAccessSubList done
Event: 18.161 loading class java/util/AbstractList$SubList$1
Event: 18.161 loading class java/util/AbstractList$SubList$1 done
Event: 18.331 Executing  VM operation: ICBufferFull
Event: 18.331 Executing  VM operation: ICBufferFull done
Event: 18.368 Executing  VM operation: G1CollectForAllocation
Event: 18.389 Executing  VM operation: G1CollectForAllocation done


Dynamic libraries:
0x00007ff6f3e70000 - 0x00007ff6f3e80000 	C:\Program Files\Java\jdk-16.0.2\bin\java.exe
0x00007ffe2d0b0000 - 0x00007ffe2d2a8000 	C:\WINDOWS\SYSTEM32\ntdll.dll
0x00007ffe2cd10000 - 0x00007ffe2cdcd000 	C:\WINDOWS\System32\KERNEL32.DLL
0x00007ffe2aab0000 - 0x00007ffe2ad7e000 	C:\WINDOWS\System32\KERNELBASE.dll
0x00007ffe2a880000 - 0x00007ffe2a980000 	C:\WINDOWS\System32\ucrtbase.dll
0x00007ffe100a0000 - 0x00007ffe100b8000 	C:\Program Files\Java\jdk-16.0.2\bin\jli.dll
0x00007ffe0c6c0000 - 0x00007ffe0c6d9000 	C:\Program Files\Java\jdk-16.0.2\bin\VCRUNTIME140.dll
0x00007ffe2cfc0000 - 0x00007ffe2d06e000 	C:\WINDOWS\System32\ADVAPI32.dll
0x00007ffe2b380000 - 0x00007ffe2b41e000 	C:\WINDOWS\System32\msvcrt.dll
0x00007ffe2cf10000 - 0x00007ffe2cfac000 	C:\WINDOWS\System32\sechost.dll
0x00007ffe2bbd0000 - 0x00007ffe2bcf5000 	C:\WINDOWS\System32\RPCRT4.dll
0x00007ffe2b1c0000 - 0x00007ffe2b360000 	C:\WINDOWS\System32\USER32.dll
0x00007ffe13020000 - 0x00007ffe132ba000 	C:\WINDOWS\WinSxS\amd64_microsoft.windows.common-controls_6595b64144ccf1df_6.0.19041.1110_none_60b5254171f9507e\COMCTL32.dll
0x00007ffe2aa80000 - 0x00007ffe2aaa2000 	C:\WINDOWS\System32\win32u.dll
0x00007ffe2b110000 - 0x00007ffe2b13a000 	C:\WINDOWS\System32\GDI32.dll
0x00007ffe2af10000 - 0x00007ffe2b01b000 	C:\WINDOWS\System32\gdi32full.dll
0x00007ffe2b020000 - 0x00007ffe2b0bd000 	C:\WINDOWS\System32\msvcp_win.dll
0x00007ffe24720000 - 0x00007ffe2472a000 	C:\WINDOWS\SYSTEM32\VERSION.dll
0x00007ffe2cdd0000 - 0x00007ffe2ce00000 	C:\WINDOWS\System32\IMM32.DLL
0x00007ffe279c0000 - 0x00007ffe279cc000 	C:\Program Files\Java\jdk-16.0.2\bin\vcruntime140_1.dll
0x00007ffe070b0000 - 0x00007ffe07141000 	C:\Program Files\Java\jdk-16.0.2\bin\msvcp140.dll
0x00007ffdc46f0000 - 0x00007ffdc529b000 	C:\Program Files\Java\jdk-16.0.2\bin\server\jvm.dll
0x00007ffe2bd00000 - 0x00007ffe2bd08000 	C:\WINDOWS\System32\PSAPI.DLL
0x00007ffe28650000 - 0x00007ffe28677000 	C:\WINDOWS\SYSTEM32\WINMM.dll
0x00007ffe279b0000 - 0x00007ffe279b9000 	C:\WINDOWS\SYSTEM32\WSOCK32.dll
0x00007ffe2bd10000 - 0x00007ffe2bd7b000 	C:\WINDOWS\System32\WS2_32.dll
0x00007ffe29090000 - 0x00007ffe290a2000 	C:\WINDOWS\SYSTEM32\kernel.appcore.dll
0x00007ffe23890000 - 0x00007ffe2389a000 	C:\Program Files\Java\jdk-16.0.2\bin\jimage.dll
0x00007ffe28460000 - 0x00007ffe28644000 	C:\WINDOWS\SYSTEM32\DBGHELP.DLL
0x00007ffe28430000 - 0x00007ffe2845c000 	C:\WINDOWS\SYSTEM32\dbgcore.DLL
0x00007ffe2a980000 - 0x00007ffe2aa02000 	C:\WINDOWS\System32\bcryptPrimitives.dll
0x00007ffe071e0000 - 0x00007ffe07205000 	C:\Program Files\Java\jdk-16.0.2\bin\java.dll
0x00007ffe2bdf0000 - 0x00007ffe2c534000 	C:\WINDOWS\System32\SHELL32.dll
0x00007ffe288b0000 - 0x00007ffe29044000 	C:\WINDOWS\SYSTEM32\windows.storage.dll
0x00007ffe2b540000 - 0x00007ffe2b894000 	C:\WINDOWS\System32\combase.dll
0x00007ffe2a230000 - 0x00007ffe2a260000 	C:\WINDOWS\SYSTEM32\Wldp.dll
0x00007ffe2ce00000 - 0x00007ffe2cead000 	C:\WINDOWS\System32\SHCORE.dll
0x00007ffe2ccb0000 - 0x00007ffe2cd05000 	C:\WINDOWS\System32\shlwapi.dll
0x00007ffe2a710000 - 0x00007ffe2a72f000 	C:\WINDOWS\SYSTEM32\profapi.dll
0x00007ffe071c0000 - 0x00007ffe071d9000 	C:\Program Files\Java\jdk-16.0.2\bin\net.dll
0x00007ffe15860000 - 0x00007ffe1596a000 	C:\WINDOWS\SYSTEM32\WINHTTP.dll
0x00007ffe29f90000 - 0x00007ffe29ffa000 	C:\WINDOWS\system32\mswsock.dll
0x00007ffe071a0000 - 0x00007ffe071b3000 	C:\Program Files\Java\jdk-16.0.2\bin\nio.dll
0x00007ffe07180000 - 0x00007ffe07198000 	C:\Program Files\Java\jdk-16.0.2\bin\zip.dll
0x00007ffe184a0000 - 0x00007ffe184b0000 	C:\Program Files\Java\jdk-16.0.2\bin\verify.dll
0x00007ffe07150000 - 0x00007ffe07177000 	C:\Users\ITECH\.gradle\native\e1d6ef7f7dcc3fd88c89a11ec53ec762bb8ba0a96d01ffa2cd45eb1d1d8dd5c5\windows-amd64\native-platform.dll
0x00007ffdfc970000 - 0x00007ffdfcab4000 	C:\Users\ITECH\.gradle\native\5664cfc778a61ccfe75a443a1ab52a65af34e5dc3c78e0209fed803814484fcb\windows-amd64\native-platform-file-events.dll
0x00007ffe117d0000 - 0x00007ffe117d9000 	C:\Program Files\Java\jdk-16.0.2\bin\management.dll
0x00007ffe11640000 - 0x00007ffe1164b000 	C:\Program Files\Java\jdk-16.0.2\bin\management_ext.dll
0x00007ffe2a190000 - 0x00007ffe2a1a8000 	C:\WINDOWS\SYSTEM32\CRYPTSP.dll
0x00007ffe298a0000 - 0x00007ffe298d4000 	C:\WINDOWS\system32\rsaenh.dll
0x00007ffe2aee0000 - 0x00007ffe2af07000 	C:\WINDOWS\System32\bcrypt.dll
0x00007ffe2a6d0000 - 0x00007ffe2a6fe000 	C:\WINDOWS\SYSTEM32\USERENV.dll
0x00007ffe2a180000 - 0x00007ffe2a18c000 	C:\WINDOWS\SYSTEM32\CRYPTBASE.dll
0x00007ffe29c30000 - 0x00007ffe29c6b000 	C:\WINDOWS\SYSTEM32\IPHLPAPI.DLL
0x00007ffe2cfb0000 - 0x00007ffe2cfb8000 	C:\WINDOWS\System32\NSI.dll
0x00007ffe1d600000 - 0x00007ffe1d617000 	C:\WINDOWS\SYSTEM32\dhcpcsvc6.DLL
0x00007ffe1f0e0000 - 0x00007ffe1f0fd000 	C:\WINDOWS\SYSTEM32\dhcpcsvc.DLL
0x00007ffe29c70000 - 0x00007ffe29d3a000 	C:\WINDOWS\SYSTEM32\DNSAPI.dll
0x00007ffe10240000 - 0x00007ffe1024e000 	C:\Program Files\Java\jdk-16.0.2\bin\sunmscapi.dll
0x00007ffe2ad80000 - 0x00007ffe2aed6000 	C:\WINDOWS\System32\CRYPT32.dll
0x00007ffe2a2a0000 - 0x00007ffe2a2c7000 	C:\WINDOWS\SYSTEM32\ncrypt.dll
0x00007ffe2a260000 - 0x00007ffe2a29b000 	C:\WINDOWS\SYSTEM32\NTASN1.dll
0x00007ffdfb790000 - 0x00007ffdfb797000 	C:\WINDOWS\system32\wshunix.dll
0x00007ffe294d0000 - 0x00007ffe29503000 	C:\WINDOWS\SYSTEM32\ntmarta.dll

dbghelp: loaded successfully - version: 4.0.5 - missing functions: none
symbol engine: initialized successfully - sym options: 0x614 - pdb path: .;C:\Program Files\Java\jdk-16.0.2\bin;C:\WINDOWS\SYSTEM32;C:\WINDOWS\WinSxS\amd64_microsoft.windows.common-controls_6595b64144ccf1df_6.0.19041.1110_none_60b5254171f9507e;C:\Program Files\Java\jdk-16.0.2\bin\server;C:\Users\ITECH\.gradle\native\e1d6ef7f7dcc3fd88c89a11ec53ec762bb8ba0a96d01ffa2cd45eb1d1d8dd5c5\windows-amd64;C:\Users\ITECH\.gradle\native\5664cfc778a61ccfe75a443a1ab52a65af34e5dc3c78e0209fed803814484fcb\windows-amd64

VM Arguments:
jvm_args: --add-opens=java.base/java.util=ALL-UNNAMED --add-opens=java.base/java.lang=ALL-UNNAMED --add-opens=java.base/java.lang.invoke=ALL-UNNAMED --add-opens=java.base/java.util=ALL-UNNAMED --add-opens=java.prefs/java.util.prefs=ALL-UNNAMED --add-opens=java.prefs/java.util.prefs=ALL-UNNAMED --add-opens=java.base/java.nio.charset=ALL-UNNAMED --add-opens=java.base/java.net=ALL-UNNAMED --add-opens=java.base/java.util.concurrent.atomic=ALL-UNNAMED -Xmx2048m -Dfile.encoding=UTF-8 -Duser.country=US -Duser.language=en -Duser.variant 
java_command: org.gradle.launcher.daemon.bootstrap.GradleDaemon 7.3.3
java_class_path (initial): C:\Users\ITECH\.gradle\wrapper\dists\gradle-7.3.3-bin\6a41zxkdtcxs8rphpq6y0069z\gradle-7.3.3\lib\gradle-launcher-7.3.3.jar
Launcher Type: SUN_STANDARD

[Global flags]
     intx CICompilerCount                          = 4                                         {product} {ergonomic}
     uint ConcGCThreads                            = 2                                         {product} {ergonomic}
     uint G1ConcRefinementThreads                  = 8                                         {product} {ergonomic}
   size_t G1HeapRegionSize                         = 1048576                                   {product} {ergonomic}
    uintx GCDrainStackTargetSize                   = 64                                        {product} {ergonomic}
   size_t InitialHeapSize                          = 132120576                                 {product} {ergonomic}
   size_t MarkStackSize                            = 4194304                                   {product} {ergonomic}
   size_t MaxHeapSize                              = 2147483648                                {product} {command line}
   size_t MaxNewSize                               = 1287651328                                {product} {ergonomic}
   size_t MinHeapDeltaBytes                        = 1048576                                   {product} {ergonomic}
   size_t MinHeapSize                              = 8388608                                   {product} {ergonomic}
    uintx NonNMethodCodeHeapSize                   = 5839372                                {pd product} {ergonomic}
    uintx NonProfiledCodeHeapSize                  = 122909434                              {pd product} {ergonomic}
    uintx ProfiledCodeHeapSize                     = 122909434                              {pd product} {ergonomic}
    uintx ReservedCodeCacheSize                    = 251658240                              {pd product} {ergonomic}
     bool SegmentedCodeCache                       = true                                      {product} {ergonomic}
   size_t SoftMaxHeapSize                          = 2147483648                             {manageable} {ergonomic}
     bool UseCompressedClassPointers               = true                           {product lp64_product} {ergonomic}
     bool UseCompressedOops                        = true                           {product lp64_product} {ergonomic}
     bool UseG1GC                                  = true                                      {product} {ergonomic}
     bool UseLargePagesIndividualAllocation        = false                                  {pd product} {ergonomic}

Logging:
Log output configuration:
 #0: stdout all=warning uptime,level,tags
 #1: stderr all=off uptime,level,tags

Environment Variables:
JAVA_HOME=C:\Program Files\Java\jdk-16.0.2
PATH=C:\Program Files\Python37\Scripts\;C:\Program Files\Python37\;C:\ProgramData\Oracle\Java\javapath;C:\app\ITECH\product\11.2.0\dbhome_1\bin;C:\Program Files\Common Files\Oracle\Java\javapath;C:\Program Files (x86)\Common Files\Oracle\Java\javapath;C:\WINDOWS\system32;C:\WINDOWS;C:\WINDOWS\System32\Wbem;C:\WINDOWS\System32\WindowsPowerShell\v1.0\;C:\WINDOWS\System32\OpenSSH\;C:\Program Files\Microsoft SQL Server\130\Tools\Binn\;C:\Program Files\Microsoft SQL Server\Client SDK\ODBC\170\Tools\Binn\;C:\Program Files\dotnet\;C:\Program Files\nodejs\;C:\Program Files\Java\jdk-16.0.2\bin;C:\Program Files\Git\cmd;C:\Program Files\Java\jdk-16.0.2\bin;
USERNAME=ITECH
OS=Windows_NT
PROCESSOR_IDENTIFIER=Intel64 Family 6 Model 126 Stepping 5, GenuineIntel



---------------  S Y S T E M  ---------------

OS:
 Windows 10 , 64 bit Build 19041 (10.0.19041.1889)
OS uptime: 0 days 1:34 hours

CPU: total 8 (initial active 8) (4 cores per cpu, 2 threads per core) family 6 model 126 stepping 5 microcode 0xb0, cx8, cmov, fxsr, ht, mmx, 3dnowpref, sse, sse2, sse3, ssse3, sse4.1, sse4.2, popcnt, lzcnt, tsc, tscinvbit, avx, avx2, aes, erms, clmul, bmi1, bmi2, adx, avx512f, avx512dq, avx512cd, avx512bw, avx512vl, sha, fma, vzeroupper, avx512_vpopcntdq, avx512_vpclmulqdq, avx512_vaes, avx512_vnni, clflush, clflushopt, avx512_vmbi2, avx512_vmbi

Memory: 4k page, system-wide physical 7959M (732M free)
TotalPageFile size 7959M (AvailPageFile size 10M)
current process WorkingSet (physical memory assigned to process): 562M, peak: 567M
current process commit charge ("private bytes"): 601M, peak: 607M

vm_info: Java HotSpot(TM) 64-Bit Server VM (16.0.2+7-67) for windows-amd64 JRE (16.0.2+7-67), built on Jun  8 2021 23:24:19 by "mach5one" with MS VC++ 16.7 (VS2019)

END.
