#
# There is insufficient memory for the Java Runtime Environment to continue.
# Native memory allocation (malloc) failed to allocate 1892720 bytes for Chunk::new
# Possible reasons:
#   The system is out of physical RAM or swap space
#   The process is running with CompressedOops enabled, and the Java Heap may be blocking the growth of the native heap
# Possible solutions:
#   Reduce memory load on the system
#   Increase physical memory or swap space
#   Check if swap backing store is full
#   Decrease Java heap size (-Xmx/-Xms)
#   Decrease number of Java threads
#   Decrease Java thread stack sizes (-Xss)
#   Set larger code cache with -XX:ReservedCodeCacheSize=
#   JVM is running with Unscaled Compressed Oops mode in which the Java heap is
#     placed in the first 4GB address space. The Java Heap base address is the
#     maximum limit for the native heap growth. Please use -XX:HeapBaseMinAddress
#     to set the Java Heap base and to place the Java Heap above 4GB virtual address.
# This output file may be truncated or incomplete.
#
#  Out of Memory Error (arena.cpp:195), pid=8024, tid=4120
#
# JRE version: Java(TM) SE Runtime Environment (16.0.2+7) (build 16.0.2+7-67)
# Java VM: Java HotSpot(TM) 64-Bit Server VM (16.0.2+7-67, mixed mode, sharing, tiered, compressed oops, compressed class ptrs, g1 gc, windows-amd64)
# No core dump will be written. Minidumps are not enabled by default on client versions of Windows
#

---------------  S U M M A R Y ------------

Command Line: --add-opens=java.base/java.util=ALL-UNNAMED --add-opens=java.base/java.lang=ALL-UNNAMED --add-opens=java.base/java.lang.invoke=ALL-UNNAMED --add-opens=java.base/java.util=ALL-UNNAMED --add-opens=java.prefs/java.util.prefs=ALL-UNNAMED --add-opens=java.prefs/java.util.prefs=ALL-UNNAMED --add-opens=java.base/java.nio.charset=ALL-UNNAMED --add-opens=java.base/java.net=ALL-UNNAMED --add-opens=java.base/java.util.concurrent.atomic=ALL-UNNAMED -Xmx2048m -Dfile.encoding=UTF-8 -Duser.country=US -Duser.language=en -Duser.variant org.gradle.launcher.daemon.bootstrap.GradleDaemon 7.3.3

Host: Intel(R) Core(TM) i7-1065G7 CPU @ 1.30GHz, 8 cores, 7G,  Windows 10 , 64 bit Build 19041 (10.0.19041.1889)
Time: Wed Aug 17 16:33:41 2022 Egypt Standard Time elapsed time: 7.945314 seconds (0d 0h 0m 7s)

---------------  T H R E A D  ---------------

Current thread (0x0000022e8fa4a610):  JavaThread "C2 CompilerThread1" daemon [_thread_in_native, id=4120, stack(0x00000040d9a00000,0x00000040d9b00000)]


Current CompileTask:
C2:   7945 7349 %     4       org.gradle.internal.instantiation.generator.AbstractClassGenerator::inspectType @ 207 (560 bytes)

Stack: [0x00000040d9a00000,0x00000040d9b00000]
Native frames: (J=compiled Java code, j=interpreted, Vv=VM code, C=native code)
V  [jvm.dll+0x6681ca]
V  [jvm.dll+0x7c9e69]
V  [jvm.dll+0x7cb61e]
V  [jvm.dll+0x7cbc73]
V  [jvm.dll+0x242c55]
V  [jvm.dll+0xadeba]
V  [jvm.dll+0xae45c]
V  [jvm.dll+0x35a8d7]
V  [jvm.dll+0x324de1]
V  [jvm.dll+0x32428a]
V  [jvm.dll+0x215cec]
V  [jvm.dll+0x215100]
V  [jvm.dll+0x1a1beb]
V  [jvm.dll+0x225158]
V  [jvm.dll+0x22319c]
V  [jvm.dll+0x77fa62]
V  [jvm.dll+0x7795aa]
V  [jvm.dll+0x667066]
C  [ucrtbase.dll+0x21bb2]
C  [KERNEL32.DLL+0x17034]
C  [ntdll.dll+0x52651]


---------------  P R O C E S S  ---------------

Threads class SMR info:
_java_thread_list=0x0000022e959773a0, length=126, elements={
0x0000022ef0c8d5d0, 0x0000022effd5df80, 0x0000022effd5e890, 0x0000022effd6bf20,
0x0000022effd6c830, 0x0000022effd6f150, 0x0000022effd6fa60, 0x0000022effd74f10,
0x0000022effda5890, 0x0000022effdaa200, 0x0000022e8f8fc000, 0x0000022e8f90dd60,
0x0000022e8fa4a610, 0x0000022e8fd917e0, 0x0000022e9103ac80, 0x0000022e911ca750,
0x0000022e911fa420, 0x0000022e91180a60, 0x0000022e90797ab0, 0x0000022e90f15a20,
0x0000022e91dae510, 0x0000022e91daba90, 0x0000022e91dac530, 0x0000022e91daca80,
0x0000022e91daefb0, 0x0000022e91dabfe0, 0x0000022e91daea60, 0x0000022e91dacfd0,
0x0000022e91dad520, 0x0000022e91dada70, 0x0000022e91dadfc0, 0x0000022e94cef3f0,
0x0000022e94cec420, 0x0000022e94cf0930, 0x0000022e94cebed0, 0x0000022e94ced960,
0x0000022e94cec970, 0x0000022e94cee400, 0x0000022e94cef940, 0x0000022e94cefe90,
0x0000022e94cf03e0, 0x0000022e94cf33b0, 0x0000022e94ceb980, 0x0000022e94cecec0,
0x0000022e94ced410, 0x0000022e94cedeb0, 0x0000022e930739d0, 0x0000022e9306e4d0,
0x0000022e9306ea20, 0x0000022e930714a0, 0x0000022e9306df80, 0x0000022e930719f0,
0x0000022e9306ef70, 0x0000022e93072490, 0x0000022e9306ff60, 0x0000022e93075460,
0x0000022e930729e0, 0x0000022e9306fa10, 0x0000022e9306f4c0, 0x0000022e93070a00,
0x0000022e930704b0, 0x0000022e93070f50, 0x0000022e93071f40, 0x0000022e93072f30,
0x0000022e93073480, 0x0000022e93073f20, 0x0000022e93074470, 0x0000022e930759b0,
0x0000022e930749c0, 0x0000022e93074f10, 0x0000022e92e3ec90, 0x0000022e92e3dca0,
0x0000022e92e411c0, 0x0000022e92e3d750, 0x0000022e92e44190, 0x0000022e92e436f0,
0x0000022e92e40720, 0x0000022e92e3e1f0, 0x0000022e92e3ccb0, 0x0000022e92e43c40,
0x0000022e92e446e0, 0x0000022e92e41710, 0x0000022e92e431a0, 0x0000022e92e40c70,
0x0000022e92e42c50, 0x0000022e92e42700, 0x0000022e92e3d200, 0x0000022e92e3e740,
0x0000022e92e3f1e0, 0x0000022e92e3f730, 0x0000022e92e3fc80, 0x0000022e92e401d0,
0x0000022e92e41c60, 0x0000022e92e421b0, 0x0000022e91c5a9c0, 0x0000022e91c55a10,
0x0000022e91c579f0, 0x0000022e91c5b9b0, 0x0000022e91c5c450, 0x0000022e91c5af10,
0x0000022e91c57f40, 0x0000022e91c56f50, 0x0000022e91c54f70, 0x0000022e91c59480,
0x0000022e91c5b460, 0x0000022e91c56a00, 0x0000022e91c554c0, 0x0000022e91c55f60,
0x0000022e91c589e0, 0x0000022e91c58f30, 0x0000022e91c5bf00, 0x0000022e91c599d0,
0x0000022e91c58490, 0x0000022e91c564b0, 0x0000022e91c5c9a0, 0x0000022e91c574a0,
0x0000022e91c59f20, 0x0000022e91c5a470, 0x0000022e92320720, 0x0000022e923211c0,
0x0000022e9231a230, 0x0000022e9231c210, 0x0000022e92319790, 0x0000022e9231bcc0,
0x0000022e923201d0, 0x0000022e9231d200
}

Java Threads: ( => current thread )
  0x0000022ef0c8d5d0 JavaThread "main" [_thread_blocked, id=12436, stack(0x00000040d8700000,0x00000040d8800000)]
  0x0000022effd5df80 JavaThread "Reference Handler" daemon [_thread_blocked, id=9436, stack(0x00000040d8e00000,0x00000040d8f00000)]
  0x0000022effd5e890 JavaThread "Finalizer" daemon [_thread_blocked, id=6352, stack(0x00000040d8f00000,0x00000040d9000000)]
  0x0000022effd6bf20 JavaThread "Signal Dispatcher" daemon [_thread_blocked, id=9908, stack(0x00000040d9000000,0x00000040d9100000)]
  0x0000022effd6c830 JavaThread "Attach Listener" daemon [_thread_blocked, id=11828, stack(0x00000040d9100000,0x00000040d9200000)]
  0x0000022effd6f150 JavaThread "Service Thread" daemon [_thread_blocked, id=10304, stack(0x00000040d9200000,0x00000040d9300000)]
  0x0000022effd6fa60 JavaThread "Monitor Deflation Thread" daemon [_thread_blocked, id=10940, stack(0x00000040d9300000,0x00000040d9400000)]
  0x0000022effd74f10 JavaThread "C2 CompilerThread0" daemon [_thread_in_native, id=8788, stack(0x00000040d9400000,0x00000040d9500000)]
  0x0000022effda5890 JavaThread "C1 CompilerThread0" daemon [_thread_blocked, id=11768, stack(0x00000040d9500000,0x00000040d9600000)]
  0x0000022effdaa200 JavaThread "Sweeper thread" daemon [_thread_blocked, id=7668, stack(0x00000040d9600000,0x00000040d9700000)]
  0x0000022e8f8fc000 JavaThread "Common-Cleaner" daemon [_thread_blocked, id=6376, stack(0x00000040d9700000,0x00000040d9800000)]
  0x0000022e8f90dd60 JavaThread "Notification Thread" daemon [_thread_blocked, id=12688, stack(0x00000040d9800000,0x00000040d9900000)]
=>0x0000022e8fa4a610 JavaThread "C2 CompilerThread1" daemon [_thread_in_native, id=4120, stack(0x00000040d9a00000,0x00000040d9b00000)]
  0x0000022e8fd917e0 JavaThread "C2 CompilerThread2" daemon [_thread_in_native, id=11296, stack(0x00000040d9b00000,0x00000040d9c00000)]
  0x0000022e9103ac80 JavaThread "Daemon health stats" [_thread_blocked, id=8260, stack(0x00000040da000000,0x00000040da100000)]
  0x0000022e911ca750 JavaThread "Incoming local TCP Connector on port 56639" [_thread_in_native, id=12408, stack(0x00000040da100000,0x00000040da200000)]
  0x0000022e911fa420 JavaThread "Daemon periodic checks" [_thread_blocked, id=9520, stack(0x00000040da200000,0x00000040da300000)]
  0x0000022e91180a60 JavaThread "Daemon" [_thread_blocked, id=11048, stack(0x00000040da300000,0x00000040da400000)]
  0x0000022e90797ab0 JavaThread "Handler for socket connection from /127.0.0.1:56639 to /127.0.0.1:56640" [_thread_in_native, id=10740, stack(0x00000040da400000,0x00000040da500000)]
  0x0000022e90f15a20 JavaThread "Cancel handler" [_thread_blocked, id=7620, stack(0x00000040da500000,0x00000040da600000)]
  0x0000022e91dae510 JavaThread "Daemon worker" [_thread_in_vm, id=6968, stack(0x00000040da600000,0x00000040da700000)]
  0x0000022e91daba90 JavaThread "Asynchronous log dispatcher for DefaultDaemonConnection: socket connection from /127.0.0.1:56639 to /127.0.0.1:56640" [_thread_blocked, id=10900, stack(0x00000040da700000,0x00000040da800000)]
  0x0000022e91dac530 JavaThread "Stdin handler" [_thread_blocked, id=1384, stack(0x00000040da800000,0x00000040da900000)]
  0x0000022e91daca80 JavaThread "Daemon client event forwarder" [_thread_blocked, id=6844, stack(0x00000040da900000,0x00000040daa00000)]
  0x0000022e91daefb0 JavaThread "Cache worker for journal cache (C:\Users\ITECH\.gradle\caches\journal-1)" [_thread_blocked, id=4548, stack(0x00000040daa00000,0x00000040dab00000)]
  0x0000022e91dabfe0 JavaThread "File lock request listener" [_thread_in_native, id=4996, stack(0x00000040dab00000,0x00000040dac00000)]
  0x0000022e91daea60 JavaThread "Cache worker for file hash cache (C:\Users\ITECH\.gradle\caches\7.3.3\fileHashes)" [_thread_blocked, id=10608, stack(0x00000040dac00000,0x00000040dad00000)]
  0x0000022e91dacfd0 JavaThread "Cache worker for file hash cache (C:\Users\ITECH\AndroidStudioProjects\yummy\.gradle\7.3.3\fileHashes)" [_thread_blocked, id=8624, stack(0x00000040dad00000,0x00000040dae00000)]
  0x0000022e91dad520 JavaThread "File watcher server" daemon [_thread_in_native, id=11132, stack(0x00000040db100000,0x00000040db200000)]
  0x0000022e91dada70 JavaThread "File watcher consumer" daemon [_thread_blocked, id=5904, stack(0x00000040db200000,0x00000040db300000)]
  0x0000022e91dadfc0 JavaThread "Cache worker for checksums cache (C:\Users\ITECH\AndroidStudioProjects\yummy\.gradle\7.3.3\checksums)" [_thread_blocked, id=11848, stack(0x00000040db300000,0x00000040db400000)]
  0x0000022e94cef3f0 JavaThread "Cache worker for cache directory md-supplier (C:\Users\ITECH\.gradle\caches\7.3.3\md-supplier)" [_thread_blocked, id=7308, stack(0x00000040db400000,0x00000040db500000)]
  0x0000022e94cec420 JavaThread "Cache worker for cache directory md-rule (C:\Users\ITECH\.gradle\caches\7.3.3\md-rule)" [_thread_blocked, id=12852, stack(0x00000040db500000,0x00000040db600000)]
  0x0000022e94cf0930 JavaThread "Cache worker for execution history cache (C:\Users\ITECH\.gradle\caches\7.3.3\executionHistory)" [_thread_blocked, id=3220, stack(0x00000040db700000,0x00000040db800000)]
  0x0000022e94cebed0 JavaThread "jar transforms" [_thread_blocked, id=88, stack(0x00000040db800000,0x00000040db900000)]
  0x0000022e94ced960 JavaThread "Cache worker for file content cache (C:\Users\ITECH\.gradle\caches\7.3.3\fileContent)" [_thread_blocked, id=13184, stack(0x00000040db900000,0x00000040dba00000)]
  0x0000022e94cec970 JavaThread "jar transforms Thread 2" [_thread_blocked, id=1664, stack(0x00000040dba00000,0x00000040dbb00000)]
  0x0000022e94cee400 JavaThread "Cache worker for dependencies-accessors (C:\Users\ITECH\AndroidStudioProjects\yummy\.gradle\7.3.3\dependencies-accessors)" [_thread_blocked, id=9600, stack(0x00000040dbb00000,0x00000040dbc00000)]
  0x0000022e94cef940 JavaThread "jar transforms Thread 3" [_thread_blocked, id=576, stack(0x00000040dbc00000,0x00000040dbd00000)]
  0x0000022e94cefe90 JavaThread "Cache worker for Build Output Cleanup Cache (C:\Users\ITECH\AndroidStudioProjects\yummy\.gradle\buildOutputCleanup)" [_thread_blocked, id=10868, stack(0x00000040dbd00000,0x00000040dbe00000)]
  0x0000022e94cf03e0 JavaThread "Unconstrained build operations" [_thread_blocked, id=7016, stack(0x00000040dbe00000,0x00000040dbf00000)]
  0x0000022e94cf33b0 JavaThread "Unconstrained build operations Thread 2" [_thread_blocked, id=10344, stack(0x00000040dbf00000,0x00000040dc000000)]
  0x0000022e94ceb980 JavaThread "Unconstrained build operations Thread 3" [_thread_blocked, id=11676, stack(0x00000040dc000000,0x00000040dc100000)]
  0x0000022e94cecec0 JavaThread "Unconstrained build operations Thread 4" [_thread_blocked, id=3304, stack(0x00000040dc100000,0x00000040dc200000)]
  0x0000022e94ced410 JavaThread "Unconstrained build operations Thread 5" [_thread_blocked, id=4360, stack(0x00000040dc200000,0x00000040dc300000)]
  0x0000022e94cedeb0 JavaThread "Unconstrained build operations Thread 6" [_thread_blocked, id=4656, stack(0x00000040dc300000,0x00000040dc400000)]
  0x0000022e930739d0 JavaThread "Unconstrained build operations Thread 7" [_thread_blocked, id=5996, stack(0x00000040dc400000,0x00000040dc500000)]
  0x0000022e9306e4d0 JavaThread "Unconstrained build operations Thread 8" [_thread_blocked, id=10896, stack(0x00000040dc500000,0x00000040dc600000)]
  0x0000022e9306ea20 JavaThread "Unconstrained build operations Thread 9" [_thread_blocked, id=3356, stack(0x00000040dc600000,0x00000040dc700000)]
  0x0000022e930714a0 JavaThread "Unconstrained build operations Thread 10" [_thread_blocked, id=11652, stack(0x00000040dc700000,0x00000040dc800000)]
  0x0000022e9306df80 JavaThread "Unconstrained build operations Thread 11" [_thread_blocked, id=9132, stack(0x00000040dc800000,0x00000040dc900000)]
  0x0000022e930719f0 JavaThread "Unconstrained build operations Thread 12" [_thread_blocked, id=6872, stack(0x00000040dc900000,0x00000040dca00000)]
  0x0000022e9306ef70 JavaThread "Unconstrained build operations Thread 13" [_thread_blocked, id=12920, stack(0x00000040dca00000,0x00000040dcb00000)]
  0x0000022e93072490 JavaThread "Unconstrained build operations Thread 14" [_thread_blocked, id=9548, stack(0x00000040dcb00000,0x00000040dcc00000)]
  0x0000022e9306ff60 JavaThread "Unconstrained build operations Thread 15" [_thread_blocked, id=9928, stack(0x00000040dcc00000,0x00000040dcd00000)]
  0x0000022e93075460 JavaThread "Unconstrained build operations Thread 16" [_thread_blocked, id=5556, stack(0x00000040dcd00000,0x00000040dce00000)]
  0x0000022e930729e0 JavaThread "Unconstrained build operations Thread 17" [_thread_blocked, id=8596, stack(0x00000040dce00000,0x00000040dcf00000)]
  0x0000022e9306fa10 JavaThread "Unconstrained build operations Thread 18" [_thread_blocked, id=4012, stack(0x00000040dcf00000,0x00000040dd000000)]
  0x0000022e9306f4c0 JavaThread "Unconstrained build operations Thread 19" [_thread_blocked, id=7508, stack(0x00000040dd000000,0x00000040dd100000)]
  0x0000022e93070a00 JavaThread "Unconstrained build operations Thread 20" [_thread_blocked, id=2208, stack(0x00000040dd100000,0x00000040dd200000)]
  0x0000022e930704b0 JavaThread "Unconstrained build operations Thread 21" [_thread_blocked, id=8612, stack(0x00000040dd200000,0x00000040dd300000)]
  0x0000022e93070f50 JavaThread "Unconstrained build operations Thread 22" [_thread_blocked, id=12484, stack(0x00000040dd300000,0x00000040dd400000)]
  0x0000022e93071f40 JavaThread "Unconstrained build operations Thread 23" [_thread_blocked, id=1648, stack(0x00000040dd400000,0x00000040dd500000)]
  0x0000022e93072f30 JavaThread "Unconstrained build operations Thread 24" [_thread_blocked, id=5984, stack(0x00000040dd500000,0x00000040dd600000)]
  0x0000022e93073480 JavaThread "Unconstrained build operations Thread 25" [_thread_blocked, id=3968, stack(0x00000040dd600000,0x00000040dd700000)]
  0x0000022e93073f20 JavaThread "Unconstrained build operations Thread 26" [_thread_blocked, id=4516, stack(0x00000040dd700000,0x00000040dd800000)]
  0x0000022e93074470 JavaThread "Unconstrained build operations Thread 27" [_thread_blocked, id=3276, stack(0x00000040dd800000,0x00000040dd900000)]
  0x0000022e930759b0 JavaThread "Unconstrained build operations Thread 28" [_thread_blocked, id=13200, stack(0x00000040dd900000,0x00000040dda00000)]
  0x0000022e930749c0 JavaThread "Unconstrained build operations Thread 29" [_thread_blocked, id=8992, stack(0x00000040dda00000,0x00000040ddb00000)]
  0x0000022e93074f10 JavaThread "Unconstrained build operations Thread 30" [_thread_blocked, id=4512, stack(0x00000040ddb00000,0x00000040ddc00000)]
  0x0000022e92e3ec90 JavaThread "Unconstrained build operations Thread 31" [_thread_blocked, id=7708, stack(0x00000040ddc00000,0x00000040ddd00000)]
  0x0000022e92e3dca0 JavaThread "Unconstrained build operations Thread 32" [_thread_blocked, id=8672, stack(0x00000040ddd00000,0x00000040dde00000)]
  0x0000022e92e411c0 JavaThread "Unconstrained build operations Thread 33" [_thread_blocked, id=10796, stack(0x00000040dde00000,0x00000040ddf00000)]
  0x0000022e92e3d750 JavaThread "Unconstrained build operations Thread 34" [_thread_blocked, id=8396, stack(0x00000040ddf00000,0x00000040de000000)]
  0x0000022e92e44190 JavaThread "Unconstrained build operations Thread 35" [_thread_blocked, id=9112, stack(0x00000040de000000,0x00000040de100000)]
  0x0000022e92e436f0 JavaThread "Unconstrained build operations Thread 36" [_thread_blocked, id=7720, stack(0x00000040de100000,0x00000040de200000)]
  0x0000022e92e40720 JavaThread "Unconstrained build operations Thread 37" [_thread_blocked, id=9708, stack(0x00000040de200000,0x00000040de300000)]
  0x0000022e92e3e1f0 JavaThread "Unconstrained build operations Thread 38" [_thread_blocked, id=3156, stack(0x00000040de300000,0x00000040de400000)]
  0x0000022e92e3ccb0 JavaThread "Unconstrained build operations Thread 39" [_thread_blocked, id=5572, stack(0x00000040de400000,0x00000040de500000)]
  0x0000022e92e43c40 JavaThread "Unconstrained build operations Thread 40" [_thread_blocked, id=7624, stack(0x00000040de500000,0x00000040de600000)]
  0x0000022e92e446e0 JavaThread "Unconstrained build operations Thread 41" [_thread_blocked, id=6148, stack(0x00000040de600000,0x00000040de700000)]
  0x0000022e92e41710 JavaThread "Unconstrained build operations Thread 42" [_thread_blocked, id=9024, stack(0x00000040de700000,0x00000040de800000)]
  0x0000022e92e431a0 JavaThread "Unconstrained build operations Thread 43" [_thread_blocked, id=9420, stack(0x00000040de800000,0x00000040de900000)]
  0x0000022e92e40c70 JavaThread "Unconstrained build operations Thread 44" [_thread_blocked, id=10828, stack(0x00000040de900000,0x00000040dea00000)]
  0x0000022e92e42c50 JavaThread "Unconstrained build operations Thread 45" [_thread_blocked, id=7788, stack(0x00000040dea00000,0x00000040deb00000)]
  0x0000022e92e42700 JavaThread "Unconstrained build operations Thread 46" [_thread_blocked, id=10044, stack(0x00000040deb00000,0x00000040dec00000)]
  0x0000022e92e3d200 JavaThread "Unconstrained build operations Thread 47" [_thread_blocked, id=1764, stack(0x00000040dec00000,0x00000040ded00000)]
  0x0000022e92e3e740 JavaThread "Unconstrained build operations Thread 48" [_thread_blocked, id=12184, stack(0x00000040ded00000,0x00000040dee00000)]
  0x0000022e92e3f1e0 JavaThread "Unconstrained build operations Thread 49" [_thread_blocked, id=7004, stack(0x00000040dee00000,0x00000040def00000)]
  0x0000022e92e3f730 JavaThread "Unconstrained build operations Thread 50" [_thread_blocked, id=1260, stack(0x00000040def00000,0x00000040df000000)]
  0x0000022e92e3fc80 JavaThread "Unconstrained build operations Thread 51" [_thread_blocked, id=12972, stack(0x00000040df000000,0x00000040df100000)]
  0x0000022e92e401d0 JavaThread "Unconstrained build operations Thread 52" [_thread_blocked, id=12812, stack(0x00000040df100000,0x00000040df200000)]
  0x0000022e92e41c60 JavaThread "Unconstrained build operations Thread 53" [_thread_blocked, id=8464, stack(0x00000040df200000,0x00000040df300000)]
  0x0000022e92e421b0 JavaThread "Unconstrained build operations Thread 54" [_thread_blocked, id=11036, stack(0x00000040df300000,0x00000040df400000)]
  0x0000022e91c5a9c0 JavaThread "Unconstrained build operations Thread 55" [_thread_blocked, id=11412, stack(0x00000040df400000,0x00000040df500000)]
  0x0000022e91c55a10 JavaThread "Unconstrained build operations Thread 56" [_thread_blocked, id=12888, stack(0x00000040df500000,0x00000040df600000)]
  0x0000022e91c579f0 JavaThread "Unconstrained build operations Thread 57" [_thread_blocked, id=1528, stack(0x00000040df600000,0x00000040df700000)]
  0x0000022e91c5b9b0 JavaThread "Unconstrained build operations Thread 58" [_thread_blocked, id=7184, stack(0x00000040df700000,0x00000040df800000)]
  0x0000022e91c5c450 JavaThread "Unconstrained build operations Thread 59" [_thread_blocked, id=1432, stack(0x00000040df800000,0x00000040df900000)]
  0x0000022e91c5af10 JavaThread "Unconstrained build operations Thread 60" [_thread_blocked, id=10408, stack(0x00000040df900000,0x00000040dfa00000)]
  0x0000022e91c57f40 JavaThread "Unconstrained build operations Thread 61" [_thread_blocked, id=11248, stack(0x00000040dfa00000,0x00000040dfb00000)]
  0x0000022e91c56f50 JavaThread "Unconstrained build operations Thread 62" [_thread_blocked, id=10512, stack(0x00000040dfb00000,0x00000040dfc00000)]
  0x0000022e91c54f70 JavaThread "Unconstrained build operations Thread 63" [_thread_blocked, id=10124, stack(0x00000040dfc00000,0x00000040dfd00000)]
  0x0000022e91c59480 JavaThread "Unconstrained build operations Thread 64" [_thread_blocked, id=9196, stack(0x00000040dfd00000,0x00000040dfe00000)]
  0x0000022e91c5b460 JavaThread "Unconstrained build operations Thread 65" [_thread_blocked, id=6204, stack(0x00000040dfe00000,0x00000040dff00000)]
  0x0000022e91c56a00 JavaThread "Unconstrained build operations Thread 66" [_thread_blocked, id=7800, stack(0x00000040dff00000,0x00000040e0000000)]
  0x0000022e91c554c0 JavaThread "Unconstrained build operations Thread 67" [_thread_blocked, id=9148, stack(0x00000040e0000000,0x00000040e0100000)]
  0x0000022e91c55f60 JavaThread "Unconstrained build operations Thread 68" [_thread_blocked, id=5288, stack(0x00000040e0100000,0x00000040e0200000)]
  0x0000022e91c589e0 JavaThread "Unconstrained build operations Thread 69" [_thread_blocked, id=3728, stack(0x00000040e0200000,0x00000040e0300000)]
  0x0000022e91c58f30 JavaThread "Unconstrained build operations Thread 70" [_thread_blocked, id=12340, stack(0x00000040e0300000,0x00000040e0400000)]
  0x0000022e91c5bf00 JavaThread "Unconstrained build operations Thread 71" [_thread_blocked, id=1452, stack(0x00000040e0400000,0x00000040e0500000)]
  0x0000022e91c599d0 JavaThread "Unconstrained build operations Thread 72" [_thread_blocked, id=7524, stack(0x00000040e0500000,0x00000040e0600000)]
  0x0000022e91c58490 JavaThread "Unconstrained build operations Thread 73" [_thread_blocked, id=7924, stack(0x00000040e0600000,0x00000040e0700000)]
  0x0000022e91c564b0 JavaThread "Unconstrained build operations Thread 74" [_thread_blocked, id=5516, stack(0x00000040e0700000,0x00000040e0800000)]
  0x0000022e91c5c9a0 JavaThread "Unconstrained build operations Thread 75" [_thread_blocked, id=3020, stack(0x00000040e0800000,0x00000040e0900000)]
  0x0000022e91c574a0 JavaThread "Unconstrained build operations Thread 76" [_thread_blocked, id=1128, stack(0x00000040e0900000,0x00000040e0a00000)]
  0x0000022e91c59f20 JavaThread "Unconstrained build operations Thread 77" [_thread_blocked, id=8908, stack(0x00000040e0a00000,0x00000040e0b00000)]
  0x0000022e91c5a470 JavaThread "Unconstrained build operations Thread 78" [_thread_blocked, id=5308, stack(0x00000040e0b00000,0x00000040e0c00000)]
  0x0000022e92320720 JavaThread "Unconstrained build operations Thread 79" [_thread_blocked, id=12648, stack(0x00000040e0c00000,0x00000040e0d00000)]
  0x0000022e923211c0 JavaThread "Unconstrained build operations Thread 80" [_thread_blocked, id=904, stack(0x00000040e0d00000,0x00000040e0e00000)]
  0x0000022e9231a230 JavaThread "jar transforms Thread 4" [_thread_blocked, id=6716, stack(0x00000040e0e00000,0x00000040e0f00000)]
  0x0000022e9231c210 JavaThread "jar transforms Thread 5" [_thread_blocked, id=11692, stack(0x00000040e0f00000,0x00000040e1000000)]
  0x0000022e92319790 JavaThread "jar transforms Thread 6" [_thread_blocked, id=8440, stack(0x00000040e1000000,0x00000040e1100000)]
  0x0000022e9231bcc0 JavaThread "jar transforms Thread 7" [_thread_blocked, id=5564, stack(0x00000040e1100000,0x00000040e1200000)]
  0x0000022e923201d0 JavaThread "jar transforms Thread 8" [_thread_blocked, id=7552, stack(0x00000040e1200000,0x00000040e1300000)]
  0x0000022e9231d200 JavaThread "Memory manager" [_thread_blocked, id=7352, stack(0x00000040e1300000,0x00000040e1400000)]

Other Threads:
  0x0000022effd5c690 VMThread "VM Thread" [stack: 0x00000040d8d00000,0x00000040d8e00000] [id=7268]
  0x0000022e8f90e280 WatcherThread [stack: 0x00000040d9900000,0x00000040d9a00000] [id=3704]
  0x0000022ef0cd3230 GCTaskThread "GC Thread#0" [stack: 0x00000040d8800000,0x00000040d8900000] [id=1772]
  0x0000022e909ac010 GCTaskThread "GC Thread#1" [stack: 0x00000040d9c00000,0x00000040d9d00000] [id=7928]
  0x0000022e909ac320 GCTaskThread "GC Thread#2" [stack: 0x00000040d9d00000,0x00000040d9e00000] [id=2328]
  0x0000022e902fd640 GCTaskThread "GC Thread#3" [stack: 0x00000040d9e00000,0x00000040d9f00000] [id=13028]
  0x0000022e904edb70 GCTaskThread "GC Thread#4" [stack: 0x00000040d9f00000,0x00000040da000000] [id=9876]
  0x0000022e90eda9e0 GCTaskThread "GC Thread#5" [stack: 0x00000040dae00000,0x00000040daf00000] [id=11268]
  0x0000022e90edacf0 GCTaskThread "GC Thread#6" [stack: 0x00000040daf00000,0x00000040db000000] [id=13256]
  0x0000022e90edb000 GCTaskThread "GC Thread#7" [stack: 0x00000040db000000,0x00000040db100000] [id=5336]
  0x0000022ef0ce4280 ConcurrentGCThread "G1 Main Marker" [stack: 0x00000040d8900000,0x00000040d8a00000] [id=4800]
  0x0000022ef0ce5420 ConcurrentGCThread "G1 Conc#0" [stack: 0x00000040d8a00000,0x00000040d8b00000] [id=2968]
  0x0000022e90edb930 ConcurrentGCThread "G1 Conc#1" [stack: 0x00000040db600000,0x00000040db700000] [id=8108]
  0x0000022effc120c0 ConcurrentGCThread "G1 Refine#0" [stack: 0x00000040d8b00000,0x00000040d8c00000] [id=9144]
  0x0000022effc127f0 ConcurrentGCThread "G1 Service" [stack: 0x00000040d8c00000,0x00000040d8d00000] [id=12416]

Threads with active compile tasks:
C2 CompilerThread0     7969 7529       4       sun.nio.cs.UTF_8$Decoder::decodeArrayLoop (691 bytes)
C2 CompilerThread1     7969 7349 %     4       org.gradle.internal.instantiation.generator.AbstractClassGenerator::inspectType @ 207 (560 bytes)
C2 CompilerThread2     7969 7395       4       org.gradle.internal.reflect.ClassInspector::inspectClass (179 bytes)

VM state: not at safepoint (normal execution)

VM Mutex/Monitor currently owned by a thread: None

Heap address: 0x0000000080000000, size: 2048 MB, Compressed Oops mode: 32-bit

CDS archive(s) mapped at: [0x0000000800000000-0x0000000800bb0000-0x0000000800bb0000), size 12255232, SharedBaseAddress: 0x0000000800000000, ArchiveRelocationMode: 0.
Compressed class space mapped at: 0x0000000800c00000-0x0000000840c00000, reserved size: 1073741824
Narrow klass base: 0x0000000800000000, Narrow klass shift: 3, Narrow klass range: 0x100000000

GC Precious Log:
 CPUs: 8 total, 8 available
 Memory: 7959M
 Large Page Support: Disabled
 NUMA Support: Disabled
 Compressed Oops: Enabled (32-bit)
 Heap Region Size: 1M
 Heap Min Capacity: 8M
 Heap Initial Capacity: 126M
 Heap Max Capacity: 2G
 Pre-touch: Disabled
 Parallel Workers: 8
 Concurrent Workers: 2
 Concurrent Refinement Workers: 8
 Periodic GC: Disabled

Heap:
 garbage-first heap   total 130048K, used 85985K [0x0000000080000000, 0x0000000100000000)
  region size 1024K, 31 young (31744K), 3 survivors (3072K)
 Metaspace       used 64819K, committed 65280K, reserved 1105920K
  class space    used 8725K, committed 8960K, reserved 1048576K

Heap Regions: E=young(eden), S=young(survivor), O=old, HS=humongous(starts), HC=humongous(continues), CS=collection set, F=free, OA=open archive, CA=closed archive, TAMS=top-at-mark-start (previous, next)
|   0|0x0000000080000000, 0x0000000080100000, 0x0000000080100000|100%| O|  |TAMS 0x0000000080100000, 0x0000000080000000| Untracked 
|   1|0x0000000080100000, 0x0000000080200000, 0x0000000080200000|100%| O|  |TAMS 0x0000000080200000, 0x0000000080100000| Untracked 
|   2|0x0000000080200000, 0x0000000080300000, 0x0000000080300000|100%| O|  |TAMS 0x0000000080300000, 0x0000000080200000| Untracked 
|   3|0x0000000080300000, 0x0000000080400000, 0x0000000080400000|100%|HS|  |TAMS 0x0000000080400000, 0x0000000080300000| Complete 
|   4|0x0000000080400000, 0x0000000080500000, 0x0000000080500000|100%|HC|  |TAMS 0x0000000080500000, 0x0000000080400000| Complete 
|   5|0x0000000080500000, 0x0000000080600000, 0x0000000080600000|100%|HC|  |TAMS 0x0000000080600000, 0x0000000080500000| Complete 
|   6|0x0000000080600000, 0x0000000080700000, 0x0000000080700000|100%| O|  |TAMS 0x0000000080700000, 0x0000000080600000| Untracked 
|   7|0x0000000080700000, 0x0000000080800000, 0x0000000080800000|100%| O|  |TAMS 0x0000000080800000, 0x0000000080700000| Untracked 
|   8|0x0000000080800000, 0x0000000080900000, 0x0000000080900000|100%| O|  |TAMS 0x0000000080900000, 0x0000000080800000| Untracked 
|   9|0x0000000080900000, 0x0000000080a00000, 0x0000000080a00000|100%| O|  |TAMS 0x0000000080a00000, 0x0000000080900000| Untracked 
|  10|0x0000000080a00000, 0x0000000080b00000, 0x0000000080b00000|100%| O|  |TAMS 0x0000000080b00000, 0x0000000080a00000| Untracked 
|  11|0x0000000080b00000, 0x0000000080c00000, 0x0000000080c00000|100%| O|  |TAMS 0x0000000080c00000, 0x0000000080b00000| Untracked 
|  12|0x0000000080c00000, 0x0000000080d00000, 0x0000000080d00000|100%| O|  |TAMS 0x0000000080d00000, 0x0000000080c00000| Untracked 
|  13|0x0000000080d00000, 0x0000000080e00000, 0x0000000080e00000|100%| O|  |TAMS 0x0000000080e00000, 0x0000000080d00000| Untracked 
|  14|0x0000000080e00000, 0x0000000080f00000, 0x0000000080f00000|100%| O|  |TAMS 0x0000000080f00000, 0x0000000080e00000| Untracked 
|  15|0x0000000080f00000, 0x0000000081000000, 0x0000000081000000|100%| O|  |TAMS 0x0000000081000000, 0x0000000080f00000| Untracked 
|  16|0x0000000081000000, 0x0000000081100000, 0x0000000081100000|100%| O|  |TAMS 0x0000000081100000, 0x0000000081000000| Untracked 
|  17|0x0000000081100000, 0x0000000081200000, 0x0000000081200000|100%| O|  |TAMS 0x0000000081200000, 0x0000000081100000| Untracked 
|  18|0x0000000081200000, 0x0000000081210200, 0x0000000081300000|  6%| O|  |TAMS 0x0000000081210200, 0x0000000081200000| Untracked 
|  19|0x0000000081300000, 0x0000000081400000, 0x0000000081400000|100%| O|  |TAMS 0x0000000081400000, 0x0000000081300000| Untracked 
|  20|0x0000000081400000, 0x0000000081500000, 0x0000000081500000|100%|HS|  |TAMS 0x0000000081500000, 0x0000000081400000| Complete 
|  21|0x0000000081500000, 0x0000000081600000, 0x0000000081600000|100%| O|  |TAMS 0x0000000081600000, 0x0000000081500000| Untracked 
|  22|0x0000000081600000, 0x0000000081700000, 0x0000000081700000|100%| O|  |TAMS 0x0000000081700000, 0x0000000081600000| Untracked 
|  23|0x0000000081700000, 0x0000000081800000, 0x0000000081800000|100%| O|  |TAMS 0x0000000081800000, 0x0000000081700000| Untracked 
|  24|0x0000000081800000, 0x0000000081900000, 0x0000000081900000|100%| O|  |TAMS 0x0000000081900000, 0x0000000081800000| Untracked 
|  25|0x0000000081900000, 0x0000000081a00000, 0x0000000081a00000|100%| O|  |TAMS 0x0000000081a00000, 0x0000000081900000| Untracked 
|  26|0x0000000081a00000, 0x0000000081b00000, 0x0000000081b00000|100%|HS|  |TAMS 0x0000000081b00000, 0x0000000081a00000| Complete 
|  27|0x0000000081b00000, 0x0000000081c00000, 0x0000000081c00000|100%| O|  |TAMS 0x0000000081c00000, 0x0000000081b00000| Untracked 
|  28|0x0000000081c00000, 0x0000000081d00000, 0x0000000081d00000|100%| O|  |TAMS 0x0000000081d00000, 0x0000000081c00000| Untracked 
|  29|0x0000000081d00000, 0x0000000081e00000, 0x0000000081e00000|100%| O|  |TAMS 0x0000000081e00000, 0x0000000081d00000| Untracked 
|  30|0x0000000081e00000, 0x0000000081f00000, 0x0000000081f00000|100%| O|  |TAMS 0x0000000081f00000, 0x0000000081e00000| Untracked 
|  31|0x0000000081f00000, 0x0000000082000000, 0x0000000082000000|100%| O|  |TAMS 0x0000000082000000, 0x0000000081f00000| Untracked 
|  32|0x0000000082000000, 0x0000000082100000, 0x0000000082100000|100%| O|  |TAMS 0x0000000082100000, 0x0000000082000000| Untracked 
|  33|0x0000000082100000, 0x0000000082200000, 0x0000000082200000|100%| O|  |TAMS 0x0000000082200000, 0x0000000082100000| Untracked 
|  34|0x0000000082200000, 0x0000000082300000, 0x0000000082300000|100%| O|  |TAMS 0x0000000082300000, 0x0000000082200000| Untracked 
|  35|0x0000000082300000, 0x0000000082400000, 0x0000000082400000|100%| O|  |TAMS 0x0000000082400000, 0x0000000082300000| Untracked 
|  36|0x0000000082400000, 0x0000000082500000, 0x0000000082500000|100%| O|  |TAMS 0x0000000082500000, 0x0000000082400000| Untracked 
|  37|0x0000000082500000, 0x0000000082600000, 0x0000000082600000|100%| O|  |TAMS 0x0000000082600000, 0x0000000082500000| Untracked 
|  38|0x0000000082600000, 0x0000000082700000, 0x0000000082700000|100%|HS|  |TAMS 0x0000000082700000, 0x0000000082600000| Complete 
|  39|0x0000000082700000, 0x0000000082800000, 0x0000000082800000|100%|HC|  |TAMS 0x0000000082800000, 0x0000000082700000| Complete 
|  40|0x0000000082800000, 0x0000000082900000, 0x0000000082900000|100%| O|  |TAMS 0x0000000082900000, 0x0000000082800000| Untracked 
|  41|0x0000000082900000, 0x0000000082a00000, 0x0000000082a00000|100%| O|  |TAMS 0x0000000082a00000, 0x0000000082900000| Untracked 
|  42|0x0000000082a00000, 0x0000000082b00000, 0x0000000082b00000|100%| O|  |TAMS 0x0000000082b00000, 0x0000000082a00000| Untracked 
|  43|0x0000000082b00000, 0x0000000082c00000, 0x0000000082c00000|100%| O|  |TAMS 0x0000000082c00000, 0x0000000082b00000| Untracked 
|  44|0x0000000082c00000, 0x0000000082d00000, 0x0000000082d00000|100%| O|  |TAMS 0x0000000082d00000, 0x0000000082c00000| Untracked 
|  45|0x0000000082d00000, 0x0000000082e00000, 0x0000000082e00000|100%| O|  |TAMS 0x0000000082e00000, 0x0000000082d00000| Untracked 
|  46|0x0000000082e00000, 0x0000000082f00000, 0x0000000082f00000|100%| O|  |TAMS 0x0000000082f00000, 0x0000000082e00000| Untracked 
|  47|0x0000000082f00000, 0x0000000083000000, 0x0000000083000000|100%| O|  |TAMS 0x0000000083000000, 0x0000000082f00000| Untracked 
|  48|0x0000000083000000, 0x00000000830ffff8, 0x0000000083100000| 99%| O|  |TAMS 0x00000000830ffff8, 0x0000000083000000| Untracked 
|  49|0x0000000083100000, 0x0000000083200000, 0x0000000083200000|100%| O|  |TAMS 0x0000000083200000, 0x0000000083100000| Untracked 
|  50|0x0000000083200000, 0x0000000083300000, 0x0000000083300000|100%| O|  |TAMS 0x0000000083300000, 0x0000000083200000| Untracked 
|  51|0x0000000083300000, 0x0000000083400000, 0x0000000083400000|100%| O|  |TAMS 0x0000000083400000, 0x0000000083300000| Untracked 
|  52|0x0000000083400000, 0x0000000083500000, 0x0000000083500000|100%| O|  |TAMS 0x0000000083500000, 0x0000000083400000| Untracked 
|  53|0x0000000083500000, 0x0000000083600000, 0x0000000083600000|100%| O|  |TAMS 0x0000000083600000, 0x0000000083500000| Untracked 
|  54|0x0000000083600000, 0x0000000083700000, 0x0000000083700000|100%| O|  |TAMS 0x0000000083700000, 0x0000000083600000| Untracked 
|  55|0x0000000083700000, 0x0000000083717a00, 0x0000000083800000|  9%| O|  |TAMS 0x0000000083717a00, 0x0000000083700000| Untracked 
|  56|0x0000000083800000, 0x0000000083800000, 0x0000000083900000|  0%| F|  |TAMS 0x0000000083800000, 0x0000000083800000| Untracked 
|  57|0x0000000083900000, 0x0000000083900000, 0x0000000083a00000|  0%| F|  |TAMS 0x0000000083900000, 0x0000000083900000| Untracked 
|  58|0x0000000083a00000, 0x0000000083a00000, 0x0000000083b00000|  0%| F|  |TAMS 0x0000000083a00000, 0x0000000083a00000| Untracked 
|  59|0x0000000083b00000, 0x0000000083b00000, 0x0000000083c00000|  0%| F|  |TAMS 0x0000000083b00000, 0x0000000083b00000| Untracked 
|  60|0x0000000083c00000, 0x0000000083c00000, 0x0000000083d00000|  0%| F|  |TAMS 0x0000000083c00000, 0x0000000083c00000| Untracked 
|  61|0x0000000083d00000, 0x0000000083d00000, 0x0000000083e00000|  0%| F|  |TAMS 0x0000000083d00000, 0x0000000083d00000| Untracked 
|  62|0x0000000083e00000, 0x0000000083e00000, 0x0000000083f00000|  0%| F|  |TAMS 0x0000000083e00000, 0x0000000083e00000| Untracked 
|  63|0x0000000083f00000, 0x0000000083f00000, 0x0000000084000000|  0%| F|  |TAMS 0x0000000083f00000, 0x0000000083f00000| Untracked 
|  64|0x0000000084000000, 0x0000000084000000, 0x0000000084100000|  0%| F|  |TAMS 0x0000000084000000, 0x0000000084000000| Untracked 
|  65|0x0000000084100000, 0x0000000084100000, 0x0000000084200000|  0%| F|  |TAMS 0x0000000084100000, 0x0000000084100000| Untracked 
|  66|0x0000000084200000, 0x0000000084200000, 0x0000000084300000|  0%| F|  |TAMS 0x0000000084200000, 0x0000000084200000| Untracked 
|  67|0x0000000084300000, 0x0000000084300000, 0x0000000084400000|  0%| F|  |TAMS 0x0000000084300000, 0x0000000084300000| Untracked 
|  68|0x0000000084400000, 0x0000000084400000, 0x0000000084500000|  0%| F|  |TAMS 0x0000000084400000, 0x0000000084400000| Untracked 
|  69|0x0000000084500000, 0x0000000084500000, 0x0000000084600000|  0%| F|  |TAMS 0x0000000084500000, 0x0000000084500000| Untracked 
|  70|0x0000000084600000, 0x00000000846d0ad0, 0x0000000084700000| 81%| S|CS|TAMS 0x0000000084600000, 0x0000000084600000| Complete 
|  71|0x0000000084700000, 0x0000000084800000, 0x0000000084800000|100%| S|CS|TAMS 0x0000000084700000, 0x0000000084700000| Complete 
|  72|0x0000000084800000, 0x0000000084900000, 0x0000000084900000|100%| S|CS|TAMS 0x0000000084800000, 0x0000000084800000| Complete 
|  73|0x0000000084900000, 0x0000000084900000, 0x0000000084a00000|  0%| F|  |TAMS 0x0000000084900000, 0x0000000084900000| Untracked 
|  74|0x0000000084a00000, 0x0000000084a00000, 0x0000000084b00000|  0%| F|  |TAMS 0x0000000084a00000, 0x0000000084a00000| Untracked 
|  75|0x0000000084b00000, 0x0000000084b00000, 0x0000000084c00000|  0%| F|  |TAMS 0x0000000084b00000, 0x0000000084b00000| Untracked 
|  76|0x0000000084c00000, 0x0000000084c00000, 0x0000000084d00000|  0%| F|  |TAMS 0x0000000084c00000, 0x0000000084c00000| Untracked 
|  77|0x0000000084d00000, 0x0000000084d00000, 0x0000000084e00000|  0%| F|  |TAMS 0x0000000084d00000, 0x0000000084d00000| Untracked 
|  78|0x0000000084e00000, 0x0000000084e00000, 0x0000000084f00000|  0%| F|  |TAMS 0x0000000084e00000, 0x0000000084e00000| Untracked 
|  79|0x0000000084f00000, 0x0000000084f00000, 0x0000000085000000|  0%| F|  |TAMS 0x0000000084f00000, 0x0000000084f00000| Untracked 
|  80|0x0000000085000000, 0x0000000085000000, 0x0000000085100000|  0%| F|  |TAMS 0x0000000085000000, 0x0000000085000000| Untracked 
|  81|0x0000000085100000, 0x0000000085100000, 0x0000000085200000|  0%| F|  |TAMS 0x0000000085100000, 0x0000000085100000| Untracked 
|  82|0x0000000085200000, 0x0000000085200000, 0x0000000085300000|  0%| F|  |TAMS 0x0000000085200000, 0x0000000085200000| Untracked 
|  83|0x0000000085300000, 0x0000000085300000, 0x0000000085400000|  0%| F|  |TAMS 0x0000000085300000, 0x0000000085300000| Untracked 
|  84|0x0000000085400000, 0x0000000085400000, 0x0000000085500000|  0%| F|  |TAMS 0x0000000085400000, 0x0000000085400000| Untracked 
|  85|0x0000000085500000, 0x0000000085500000, 0x0000000085600000|  0%| F|  |TAMS 0x0000000085500000, 0x0000000085500000| Untracked 
|  86|0x0000000085600000, 0x0000000085600000, 0x0000000085700000|  0%| F|  |TAMS 0x0000000085600000, 0x0000000085600000| Untracked 
|  87|0x0000000085700000, 0x0000000085700000, 0x0000000085800000|  0%| F|  |TAMS 0x0000000085700000, 0x0000000085700000| Untracked 
|  88|0x0000000085800000, 0x0000000085800000, 0x0000000085900000|  0%| F|  |TAMS 0x0000000085800000, 0x0000000085800000| Untracked 
|  89|0x0000000085900000, 0x0000000085900000, 0x0000000085a00000|  0%| F|  |TAMS 0x0000000085900000, 0x0000000085900000| Untracked 
|  90|0x0000000085a00000, 0x0000000085a00000, 0x0000000085b00000|  0%| F|  |TAMS 0x0000000085a00000, 0x0000000085a00000| Untracked 
|  91|0x0000000085b00000, 0x0000000085b00000, 0x0000000085c00000|  0%| F|  |TAMS 0x0000000085b00000, 0x0000000085b00000| Untracked 
|  92|0x0000000085c00000, 0x0000000085c00000, 0x0000000085d00000|  0%| F|  |TAMS 0x0000000085c00000, 0x0000000085c00000| Untracked 
|  93|0x0000000085d00000, 0x0000000085d00000, 0x0000000085e00000|  0%| F|  |TAMS 0x0000000085d00000, 0x0000000085d00000| Untracked 
|  94|0x0000000085e00000, 0x0000000085e00000, 0x0000000085f00000|  0%| F|  |TAMS 0x0000000085e00000, 0x0000000085e00000| Untracked 
|  95|0x0000000085f00000, 0x0000000085f00000, 0x0000000086000000|  0%| F|  |TAMS 0x0000000085f00000, 0x0000000085f00000| Untracked 
|  96|0x0000000086000000, 0x0000000086000000, 0x0000000086100000|  0%| F|  |TAMS 0x0000000086000000, 0x0000000086000000| Untracked 
|  97|0x0000000086100000, 0x0000000086100000, 0x0000000086200000|  0%| F|  |TAMS 0x0000000086100000, 0x0000000086100000| Untracked 
|  98|0x0000000086200000, 0x0000000086200000, 0x0000000086300000|  0%| F|  |TAMS 0x0000000086200000, 0x0000000086200000| Untracked 
|  99|0x0000000086300000, 0x0000000086400000, 0x0000000086400000|100%| E|  |TAMS 0x0000000086300000, 0x0000000086300000| Complete 
| 100|0x0000000086400000, 0x0000000086500000, 0x0000000086500000|100%| E|CS|TAMS 0x0000000086400000, 0x0000000086400000| Complete 
| 101|0x0000000086500000, 0x0000000086600000, 0x0000000086600000|100%| E|CS|TAMS 0x0000000086500000, 0x0000000086500000| Complete 
| 102|0x0000000086600000, 0x0000000086700000, 0x0000000086700000|100%| E|CS|TAMS 0x0000000086600000, 0x0000000086600000| Complete 
| 103|0x0000000086700000, 0x0000000086800000, 0x0000000086800000|100%| E|CS|TAMS 0x0000000086700000, 0x0000000086700000| Complete 
| 104|0x0000000086800000, 0x0000000086900000, 0x0000000086900000|100%| E|CS|TAMS 0x0000000086800000, 0x0000000086800000| Complete 
| 105|0x0000000086900000, 0x0000000086a00000, 0x0000000086a00000|100%| E|CS|TAMS 0x0000000086900000, 0x0000000086900000| Complete 
| 106|0x0000000086a00000, 0x0000000086b00000, 0x0000000086b00000|100%| E|CS|TAMS 0x0000000086a00000, 0x0000000086a00000| Complete 
| 107|0x0000000086b00000, 0x0000000086c00000, 0x0000000086c00000|100%| E|CS|TAMS 0x0000000086b00000, 0x0000000086b00000| Complete 
| 108|0x0000000086c00000, 0x0000000086d00000, 0x0000000086d00000|100%| E|CS|TAMS 0x0000000086c00000, 0x0000000086c00000| Complete 
| 109|0x0000000086d00000, 0x0000000086e00000, 0x0000000086e00000|100%| E|CS|TAMS 0x0000000086d00000, 0x0000000086d00000| Complete 
| 110|0x0000000086e00000, 0x0000000086f00000, 0x0000000086f00000|100%| E|CS|TAMS 0x0000000086e00000, 0x0000000086e00000| Complete 
| 111|0x0000000086f00000, 0x0000000087000000, 0x0000000087000000|100%| E|CS|TAMS 0x0000000086f00000, 0x0000000086f00000| Complete 
| 112|0x0000000087000000, 0x0000000087100000, 0x0000000087100000|100%| E|CS|TAMS 0x0000000087000000, 0x0000000087000000| Complete 
| 113|0x0000000087100000, 0x0000000087200000, 0x0000000087200000|100%| E|CS|TAMS 0x0000000087100000, 0x0000000087100000| Complete 
| 114|0x0000000087200000, 0x0000000087300000, 0x0000000087300000|100%| E|CS|TAMS 0x0000000087200000, 0x0000000087200000| Complete 
| 115|0x0000000087300000, 0x0000000087400000, 0x0000000087400000|100%| E|CS|TAMS 0x0000000087300000, 0x0000000087300000| Complete 
| 116|0x0000000087400000, 0x0000000087500000, 0x0000000087500000|100%| E|CS|TAMS 0x0000000087400000, 0x0000000087400000| Complete 
| 117|0x0000000087500000, 0x0000000087600000, 0x0000000087600000|100%| E|CS|TAMS 0x0000000087500000, 0x0000000087500000| Complete 
| 118|0x0000000087600000, 0x0000000087700000, 0x0000000087700000|100%| E|CS|TAMS 0x0000000087600000, 0x0000000087600000| Complete 
| 119|0x0000000087700000, 0x0000000087800000, 0x0000000087800000|100%| E|CS|TAMS 0x0000000087700000, 0x0000000087700000| Complete 
| 120|0x0000000087800000, 0x0000000087900000, 0x0000000087900000|100%| E|CS|TAMS 0x0000000087800000, 0x0000000087800000| Complete 
| 121|0x0000000087900000, 0x0000000087a00000, 0x0000000087a00000|100%| E|CS|TAMS 0x0000000087900000, 0x0000000087900000| Complete 
| 122|0x0000000087a00000, 0x0000000087b00000, 0x0000000087b00000|100%| E|CS|TAMS 0x0000000087a00000, 0x0000000087a00000| Complete 
| 123|0x0000000087b00000, 0x0000000087c00000, 0x0000000087c00000|100%| E|CS|TAMS 0x0000000087b00000, 0x0000000087b00000| Complete 
| 124|0x0000000087c00000, 0x0000000087d00000, 0x0000000087d00000|100%| E|CS|TAMS 0x0000000087c00000, 0x0000000087c00000| Complete 
| 125|0x0000000087d00000, 0x0000000087e00000, 0x0000000087e00000|100%| E|CS|TAMS 0x0000000087d00000, 0x0000000087d00000| Complete 
| 126|0x0000000087e00000, 0x0000000087f00000, 0x0000000087f00000|100%| E|CS|TAMS 0x0000000087e00000, 0x0000000087e00000| Complete 

Card table byte_map: [0x0000022ef8b50000,0x0000022ef8f50000] _byte_map_base: 0x0000022ef8750000

Marking Bits (Prev, Next): (CMBitMap*) 0x0000022ef0cd3870, (CMBitMap*) 0x0000022ef0cd3830
 Prev Bits: [0x0000022efb350000, 0x0000022efd350000)
 Next Bits: [0x0000022ef9350000, 0x0000022efb350000)

Polling page: 0x0000022ef0470000

Metaspace:

Usage:
  Non-class:     54.81 MB used.
      Class:      8.52 MB used.
       Both:     63.33 MB used.

Virtual space:
  Non-class space:       56.00 MB reserved,      55.00 MB ( 98%) committed,  7 nodes.
      Class space:        1.00 GB reserved,       8.75 MB ( <1%) committed,  1 nodes.
              Both:        1.05 GB reserved,      63.75 MB (  6%) committed. 

Chunk freelists:
   Non-Class:  384.00 KB
       Class:  3.19 MB
        Both:  3.57 MB

MaxMetaspaceSize: 17179869184.00 GB
CompressedClassSpaceSize: 1.00 GB
 - commit_granule_bytes: 65536.
 - commit_granule_words: 8192.
 - virtual_space_node_default_size: 1048576.
 - enlarge_chunks_in_place: 1.
 - new_chunks_are_fully_committed: 0.
 - uncommit_free_chunks: 1.
 - use_allocation_guard: 0.
 - handle_deallocations: 1.


Internal statistics:

num_allocs_failed_limit: 6.
num_arena_births: 582.
num_arena_deaths: 0.
num_vsnodes_births: 8.
num_vsnodes_deaths: 0.
num_space_committed: 1020.
num_space_uncommitted: 0.
num_chunks_returned_to_freelist: 6.
num_chunks_taken_from_freelist: 3116.
num_chunk_merges: 3.
num_chunk_splits: 2080.
num_chunks_enlarged: 1448.
num_purges: 0.

CodeHeap 'non-profiled nmethods': size=120000Kb used=4152Kb max_used=4152Kb free=115848Kb
 bounds [0x0000022e87ad0000, 0x0000022e87ee0000, 0x0000022e8f000000]
CodeHeap 'profiled nmethods': size=120000Kb used=13074Kb max_used=13074Kb free=106926Kb
 bounds [0x0000022e805a0000, 0x0000022e81270000, 0x0000022e87ad0000]
CodeHeap 'non-nmethods': size=5760Kb used=2384Kb max_used=2453Kb free=3375Kb
 bounds [0x0000022e80000000, 0x0000022e80280000, 0x0000022e805a0000]
 total_blobs=7606 nmethods=6714 adapters=804
 compilation: enabled
              stopped_count=0, restarted_count=0
 full_count=0

Compilation events (20 events):
Event: 7.940 Thread 0x0000022effda5890 7494       3       org.gradle.api.internal.DefaultDomainObjectCollection::iterator (18 bytes)
Event: 7.940 Thread 0x0000022effda5890 nmethod 7494 0x0000022e8125bf10 code [0x0000022e8125c0e0, 0x0000022e8125c4a8]
Event: 7.941 Thread 0x0000022effda5890 7498       1       org.gradle.api.internal.artifacts.configurations.DefaultConfiguration::getAttributes (5 bytes)
Event: 7.941 Thread 0x0000022effda5890 nmethod 7498 0x0000022e87ed7610 code [0x0000022e87ed77a0, 0x0000022e87ed7878]
Event: 7.941 Thread 0x0000022effda5890 7500       3       org.gradle.api.internal.artifacts.ivyservice.resolveengine.graph.builder.NodeState::enqueue (16 bytes)
Event: 7.941 Thread 0x0000022effda5890 nmethod 7500 0x0000022e8125c610 code [0x0000022e8125c7c0, 0x0000022e8125c938]
Event: 7.941 Thread 0x0000022effda5890 7501       1       org.gradle.internal.component.local.model.DefaultLocalComponentMetadata$DefaultLocalConfigurationMetadata::getName (5 bytes)
Event: 7.941 Thread 0x0000022effda5890 nmethod 7501 0x0000022e87ed7910 code [0x0000022e87ed7aa0, 0x0000022e87ed7b78]
Event: 7.941 Thread 0x0000022effda5890 7502       3       org.gradle.internal.component.local.model.DefaultLocalComponentMetadata$DefaultLocalConfigurationMetadata::include (12 bytes)
Event: 7.941 Thread 0x0000022effda5890 nmethod 7502 0x0000022e8125ca10 code [0x0000022e8125cbc0, 0x0000022e8125ce48]
Event: 7.941 Thread 0x0000022effda5890 7503       1       org.gradle.api.internal.project.DefaultProject::getDepth (5 bytes)
Event: 7.942 Thread 0x0000022effda5890 nmethod 7503 0x0000022e87ed7c10 code [0x0000022e87ed7da0, 0x0000022e87ed7e78]
Event: 7.942 Thread 0x0000022effda5890 7504       3       com.google.common.collect.AbstractMapBasedMultimap::wrapList (33 bytes)
Event: 7.943 Thread 0x0000022effda5890 nmethod 7504 0x0000022e8125cf10 code [0x0000022e8125d0e0, 0x0000022e8125d518]
Event: 7.943 Thread 0x0000022effda5890 7505       3       com.google.common.collect.Multimaps$CustomSetMultimap::createCollection (5 bytes)
Event: 7.943 Thread 0x0000022effda5890 nmethod 7505 0x0000022e8125d610 code [0x0000022e8125d7e0, 0x0000022e8125db48]
Event: 7.943 Thread 0x0000022effda5890 7506       3       com.google.common.collect.Multimaps$CustomSetMultimap::createCollection (13 bytes)
Event: 7.943 Thread 0x0000022effda5890 nmethod 7506 0x0000022e8125dc90 code [0x0000022e8125de40, 0x0000022e8125e128]
Event: 7.943 Thread 0x0000022effda5890 7507       1       java.lang.NamedPackage::packageName (5 bytes)
Event: 7.943 Thread 0x0000022effda5890 nmethod 7507 0x0000022e87ed7f10 code [0x0000022e87ed80a0, 0x0000022e87ed8178]

GC Heap History (20 events):
Event: 5.096 GC heap before
{Heap before GC invocations=12 (full 0):
 garbage-first heap   total 95232K, used 64399K [0x0000000080000000, 0x0000000100000000)
  region size 1024K, 26 young (26624K), 3 survivors (3072K)
 Metaspace       used 41974K, committed 42368K, reserved 1089536K
  class space    used 5657K, committed 5824K, reserved 1048576K
}
Event: 5.099 GC heap after
{Heap after GC invocations=13 (full 0):
 garbage-first heap   total 95232K, used 44366K [0x0000000080000000, 0x0000000100000000)
  region size 1024K, 4 young (4096K), 4 survivors (4096K)
 Metaspace       used 41974K, committed 42368K, reserved 1089536K
  class space    used 5657K, committed 5824K, reserved 1048576K
}
Event: 5.401 GC heap before
{Heap before GC invocations=13 (full 0):
 garbage-first heap   total 95232K, used 66894K [0x0000000080000000, 0x0000000100000000)
  region size 1024K, 26 young (26624K), 4 survivors (4096K)
 Metaspace       used 45862K, committed 46272K, reserved 1089536K
  class space    used 6137K, committed 6336K, reserved 1048576K
}
Event: 5.404 GC heap after
{Heap after GC invocations=14 (full 0):
 garbage-first heap   total 95232K, used 45838K [0x0000000080000000, 0x0000000100000000)
  region size 1024K, 2 young (2048K), 2 survivors (2048K)
 Metaspace       used 45862K, committed 46272K, reserved 1089536K
  class space    used 6137K, committed 6336K, reserved 1048576K
}
Event: 5.717 GC heap before
{Heap before GC invocations=14 (full 0):
 garbage-first heap   total 95232K, used 68366K [0x0000000080000000, 0x0000000100000000)
  region size 1024K, 24 young (24576K), 2 survivors (2048K)
 Metaspace       used 49290K, committed 49792K, reserved 1097728K
  class space    used 6540K, committed 6784K, reserved 1048576K
}
Event: 5.720 GC heap after
{Heap after GC invocations=15 (full 0):
 garbage-first heap   total 95232K, used 46726K [0x0000000080000000, 0x0000000100000000)
  region size 1024K, 2 young (2048K), 2 survivors (2048K)
 Metaspace       used 49290K, committed 49792K, reserved 1097728K
  class space    used 6540K, committed 6784K, reserved 1048576K
}
Event: 6.055 GC heap before
{Heap before GC invocations=16 (full 0):
 garbage-first heap   total 95232K, used 70278K [0x0000000080000000, 0x0000000100000000)
  region size 1024K, 26 young (26624K), 2 survivors (2048K)
 Metaspace       used 52818K, committed 53312K, reserved 1097728K
  class space    used 6958K, committed 7168K, reserved 1048576K
}
Event: 6.059 GC heap after
{Heap after GC invocations=17 (full 0):
 garbage-first heap   total 95232K, used 49820K [0x0000000080000000, 0x0000000100000000)
  region size 1024K, 4 young (4096K), 4 survivors (4096K)
 Metaspace       used 52818K, committed 53312K, reserved 1097728K
  class space    used 6958K, committed 7168K, reserved 1048576K
}
Event: 6.353 GC heap before
{Heap before GC invocations=17 (full 0):
 garbage-first heap   total 95232K, used 71324K [0x0000000080000000, 0x0000000100000000)
  region size 1024K, 26 young (26624K), 4 survivors (4096K)
 Metaspace       used 54843K, committed 55296K, reserved 1097728K
  class space    used 7210K, committed 7424K, reserved 1048576K
}
Event: 6.357 GC heap after
{Heap after GC invocations=18 (full 0):
 garbage-first heap   total 95232K, used 51460K [0x0000000080000000, 0x0000000100000000)
  region size 1024K, 2 young (2048K), 2 survivors (2048K)
 Metaspace       used 54843K, committed 55296K, reserved 1097728K
  class space    used 7210K, committed 7424K, reserved 1048576K
}
Event: 6.443 GC heap before
{Heap before GC invocations=19 (full 0):
 garbage-first heap   total 95232K, used 55556K [0x0000000080000000, 0x0000000100000000)
  region size 1024K, 7 young (7168K), 2 survivors (2048K)
 Metaspace       used 55322K, committed 55744K, reserved 1097728K
  class space    used 7247K, committed 7488K, reserved 1048576K
}
Event: 6.446 GC heap after
{Heap after GC invocations=20 (full 0):
 garbage-first heap   total 95232K, used 51944K [0x0000000080000000, 0x0000000100000000)
  region size 1024K, 3 young (3072K), 3 survivors (3072K)
 Metaspace       used 55322K, committed 55744K, reserved 1097728K
  class space    used 7247K, committed 7488K, reserved 1048576K
}
Event: 6.726 GC heap before
{Heap before GC invocations=21 (full 0):
 garbage-first heap   total 97280K, used 75496K [0x0000000080000000, 0x0000000100000000)
  region size 1024K, 25 young (25600K), 3 survivors (3072K)
 Metaspace       used 56103K, committed 56576K, reserved 1105920K
  class space    used 7373K, committed 7616K, reserved 1048576K
}
Event: 6.729 GC heap after
{Heap after GC invocations=22 (full 0):
 garbage-first heap   total 97280K, used 53517K [0x0000000080000000, 0x0000000100000000)
  region size 1024K, 3 young (3072K), 3 survivors (3072K)
 Metaspace       used 56103K, committed 56576K, reserved 1105920K
  class space    used 7373K, committed 7616K, reserved 1048576K
}
Event: 6.960 GC heap before
{Heap before GC invocations=22 (full 0):
 garbage-first heap   total 97280K, used 77069K [0x0000000080000000, 0x0000000100000000)
  region size 1024K, 26 young (26624K), 3 survivors (3072K)
 Metaspace       used 57600K, committed 58048K, reserved 1105920K
  class space    used 7567K, committed 7808K, reserved 1048576K
}
Event: 6.964 GC heap after
{Heap after GC invocations=23 (full 0):
 garbage-first heap   total 97280K, used 55781K [0x0000000080000000, 0x0000000100000000)
  region size 1024K, 4 young (4096K), 4 survivors (4096K)
 Metaspace       used 57600K, committed 58048K, reserved 1105920K
  class space    used 7567K, committed 7808K, reserved 1048576K
}
Event: 7.297 GC heap before
{Heap before GC invocations=24 (full 0):
 garbage-first heap   total 99328K, used 77285K [0x0000000080000000, 0x0000000100000000)
  region size 1024K, 25 young (25600K), 4 survivors (4096K)
 Metaspace       used 60460K, committed 60992K, reserved 1105920K
  class space    used 8109K, committed 8384K, reserved 1048576K
}
Event: 7.301 GC heap after
{Heap after GC invocations=25 (full 0):
 garbage-first heap   total 99328K, used 56946K [0x0000000080000000, 0x0000000100000000)
  region size 1024K, 2 young (2048K), 2 survivors (2048K)
 Metaspace       used 60460K, committed 60992K, reserved 1105920K
  class space    used 8109K, committed 8384K, reserved 1048576K
}
Event: 7.579 GC heap before
{Heap before GC invocations=25 (full 0):
 garbage-first heap   total 99328K, used 79474K [0x0000000080000000, 0x0000000100000000)
  region size 1024K, 24 young (24576K), 2 survivors (2048K)
 Metaspace       used 62748K, committed 63232K, reserved 1105920K
  class space    used 8452K, committed 8704K, reserved 1048576K
}
Event: 7.582 GC heap after
{Heap after GC invocations=26 (full 0):
 garbage-first heap   total 130048K, used 58337K [0x0000000080000000, 0x0000000100000000)
  region size 1024K, 3 young (3072K), 3 survivors (3072K)
 Metaspace       used 62748K, committed 63232K, reserved 1105920K
  class space    used 8452K, committed 8704K, reserved 1048576K
}

Deoptimization events (20 events):
Event: 7.634 Thread 0x0000022e91dae510 DEOPT PACKING pc=0x0000022e87c746fc sp=0x00000040da6f8a30
Event: 7.634 Thread 0x0000022e91dae510 DEOPT UNPACKING pc=0x0000022e8004f92e sp=0x00000040da6f8918 mode 2
Event: 7.634 Thread 0x0000022e91dae510 Uncommon trap: trap_request=0xffffff45 fr.pc=0x0000022e87cba224 relative=0x00000000000002e4
Event: 7.634 Thread 0x0000022e91dae510 Uncommon trap: reason=unstable_if action=reinterpret pc=0x0000022e87cba224 method=java.util.HashMap.getNode(Ljava/lang/Object;)Ljava/util/HashMap$Node; @ 85 c2
Event: 7.635 Thread 0x0000022e91dae510 DEOPT PACKING pc=0x0000022e87cba224 sp=0x00000040da6f89e0
Event: 7.635 Thread 0x0000022e91dae510 DEOPT UNPACKING pc=0x0000022e8004f92e sp=0x00000040da6f8900 mode 2
Event: 7.635 Thread 0x0000022e91dae510 Uncommon trap: trap_request=0xffffff45 fr.pc=0x0000022e87c4d4dc relative=0x000000000000023c
Event: 7.635 Thread 0x0000022e91dae510 Uncommon trap: reason=unstable_if action=reinterpret pc=0x0000022e87c4d4dc method=java.util.HashMap.getNode(Ljava/lang/Object;)Ljava/util/HashMap$Node; @ 85 c2
Event: 7.635 Thread 0x0000022e91dae510 DEOPT PACKING pc=0x0000022e87c4d4dc sp=0x00000040da6f8980
Event: 7.635 Thread 0x0000022e91dae510 DEOPT UNPACKING pc=0x0000022e8004f92e sp=0x00000040da6f8900 mode 2
Event: 7.647 Thread 0x0000022e91dae510 Uncommon trap: trap_request=0xffffff45 fr.pc=0x0000022e87af9504 relative=0x0000000000000064
Event: 7.647 Thread 0x0000022e91dae510 Uncommon trap: reason=unstable_if action=reinterpret pc=0x0000022e87af9504 method=java.io.WinNTFileSystem.isSlash(C)Z @ 9 c2
Event: 7.647 Thread 0x0000022e91dae510 DEOPT PACKING pc=0x0000022e87af9504 sp=0x00000040da6f8280
Event: 7.647 Thread 0x0000022e91dae510 DEOPT UNPACKING pc=0x0000022e8004f92e sp=0x00000040da6f8208 mode 2
Event: 7.790 Thread 0x0000022e91dae510 Uncommon trap: trap_request=0xffffff45 fr.pc=0x0000022e87d94f14 relative=0x0000000000000734
Event: 7.790 Thread 0x0000022e91dae510 Uncommon trap: reason=unstable_if action=reinterpret pc=0x0000022e87d94f14 method=java.util.HashMap.putVal(ILjava/lang/Object;Ljava/lang/Object;ZZ)Ljava/lang/Object; @ 109 c2
Event: 7.790 Thread 0x0000022e91dae510 DEOPT PACKING pc=0x0000022e87d94f14 sp=0x00000040da6f74d0
Event: 7.790 Thread 0x0000022e91dae510 DEOPT UNPACKING pc=0x0000022e8004f92e sp=0x00000040da6f73e8 mode 2
Event: 7.798 Thread 0x0000022e91dae510 DEOPT PACKING pc=0x0000022e806c8a03 sp=0x00000040da6f69b0
Event: 7.798 Thread 0x0000022e91dae510 DEOPT UNPACKING pc=0x0000022e8004e77e sp=0x00000040da6f5f50 mode 0

Classes unloaded (0 events):
No events

Classes redefined (0 events):
No events

Internal exceptions (20 events):
Event: 6.801 Thread 0x0000022e91dae510 Exception <a 'java/lang/ClassNotFoundException'{0x00000000853312a8}: com/android/build/gradle/internal/CompileOptions$AgpDecorated_DecoratedBeanInfo> (0x00000000853312a8) 
thrown [t:\workspace\open\src\hotspot\share\classfile\systemDictionary.cpp, line 256]
Event: 6.802 Thread 0x0000022e91dae510 Exception <a 'java/lang/ClassNotFoundException'{0x000000008533c7f8}: com/android/build/gradle/internal/CompileOptions$AgpDecoratedBeanInfo> (0x000000008533c7f8) 
thrown [t:\workspace\open\src\hotspot\share\classfile\systemDictionary.cpp, line 256]
Event: 6.802 Thread 0x0000022e91dae510 Exception <a 'java/lang/ClassNotFoundException'{0x0000000085348418}: com/android/build/gradle/internal/CompileOptionsBeanInfo> (0x0000000085348418) 
thrown [t:\workspace\open\src\hotspot\share\classfile\systemDictionary.cpp, line 256]
Event: 6.802 Thread 0x0000022e91dae510 Exception <a 'java/lang/ClassNotFoundException'{0x0000000085353d98}: com/android/build/gradle/internal/CompileOptionsCustomizer> (0x0000000085353d98) 
thrown [t:\workspace\open\src\hotspot\share\classfile\systemDictionary.cpp, line 256]
Event: 6.803 Thread 0x0000022e91dae510 Exception <a 'java/lang/ClassNotFoundException'{0x000000008536ada0}: com/android/build/gradle/internal/CompileOptions$AgpDecoratedCustomizer> (0x000000008536ada0) 
thrown [t:\workspace\open\src\hotspot\share\classfile\systemDictionary.cpp, line 256]
Event: 6.803 Thread 0x0000022e91dae510 Exception <a 'java/lang/ClassNotFoundException'{0x00000000853841a8}: com/android/build/gradle/internal/CompileOptions$AgpDecorated_DecoratedCustomizer> (0x00000000853841a8) 
thrown [t:\workspace\open\src\hotspot\share\classfile\systemDictionary.cpp, line 256]
Event: 6.808 Thread 0x0000022e91dae510 Exception <a 'java/lang/ClassNotFoundException'{0x00000000853fa288}: org/gradle/api/internal/artifacts/dsl/dependencies/DefaultDependencyHandler_DecoratedBeanInfo> (0x00000000853fa288) 
thrown [t:\workspace\open\src\hotspot\share\classfile\systemDictionary.cpp, line 256]
Event: 6.809 Thread 0x0000022e91dae510 Exception <a 'java/lang/ClassNotFoundException'{0x0000000085210aa8}: org/gradle/api/internal/artifacts/dsl/dependencies/DefaultDependencyHandlerBeanInfo> (0x0000000085210aa8) 
thrown [t:\workspace\open\src\hotspot\share\classfile\systemDictionary.cpp, line 256]
Event: 6.809 Thread 0x0000022e91dae510 Exception <a 'java/lang/ClassNotFoundException'{0x00000000852264a0}: org/gradle/api/internal/artifacts/dsl/dependencies/DefaultDependencyHandlerCustomizer> (0x00000000852264a0) 
thrown [t:\workspace\open\src\hotspot\share\classfile\systemDictionary.cpp, line 256]
Event: 6.811 Thread 0x0000022e91dae510 Exception <a 'java/lang/ClassNotFoundException'{0x00000000852605d8}: org/gradle/api/internal/artifacts/dsl/dependencies/DefaultDependencyHandler_DecoratedCustomizer> (0x00000000852605d8) 
thrown [t:\workspace\open\src\hotspot\share\classfile\systemDictionary.cpp, line 256]
Event: 7.446 Thread 0x0000022e91dae510 Exception <a 'java/lang/ClassNotFoundException'{0x00000000853b7868}: com/android/build/gradle/internal/api/ApkVariantOutputImpl_DecoratedBeanInfo> (0x00000000853b7868) 
thrown [t:\workspace\open\src\hotspot\share\classfile\systemDictionary.cpp, line 256]
Event: 7.446 Thread 0x0000022e91dae510 Exception <a 'java/lang/ClassNotFoundException'{0x00000000853c2e20}: com/android/build/gradle/internal/api/ApkVariantOutputImplBeanInfo> (0x00000000853c2e20) 
thrown [t:\workspace\open\src\hotspot\share\classfile\systemDictionary.cpp, line 256]
Event: 7.446 Thread 0x0000022e91dae510 Exception <a 'java/lang/ClassNotFoundException'{0x00000000853ce3e8}: com/android/build/gradle/internal/api/BaseVariantOutputImplBeanInfo> (0x00000000853ce3e8) 
thrown [t:\workspace\open\src\hotspot\share\classfile\systemDictionary.cpp, line 256]
Event: 7.446 Thread 0x0000022e91dae510 Exception <a 'java/lang/ClassNotFoundException'{0x00000000853d9988}: com/android/build/gradle/internal/api/BaseVariantOutputImplCustomizer> (0x00000000853d9988) 
thrown [t:\workspace\open\src\hotspot\share\classfile\systemDictionary.cpp, line 256]
Event: 7.447 Thread 0x0000022e91dae510 Exception <a 'java/lang/ClassNotFoundException'{0x00000000853f7860}: com/android/build/gradle/internal/api/ApkVariantOutputImplCustomizer> (0x00000000853f7860) 
thrown [t:\workspace\open\src\hotspot\share\classfile\systemDictionary.cpp, line 256]
Event: 7.448 Thread 0x0000022e91dae510 Exception <a 'java/lang/ClassNotFoundException'{0x0000000085210da8}: com/android/build/gradle/internal/api/ApkVariantOutputImpl_DecoratedCustomizer> (0x0000000085210da8) 
thrown [t:\workspace\open\src\hotspot\share\classfile\systemDictionary.cpp, line 256]
Event: 7.458 Thread 0x0000022e91dae510 Exception <a 'java/lang/NoClassDefFoundError'{0x00000000851070a8}: org/jetbrains/kotlin/gradle/plugin/KotlinBasePluginWrapper> (0x00000000851070a8) 
thrown [t:\workspace\open\src\hotspot\share\classfile\systemDictionary.cpp, line 245]
Event: 7.502 Thread 0x0000022e91dae510 Implicit null exception at 0x0000022e87d8c40f to 0x0000022e87d8cb58
Event: 7.502 Thread 0x0000022e91dae510 Implicit null exception at 0x0000022e87d83a94 to 0x0000022e87d841a4
Event: 7.809 Thread 0x0000022e91dae510 Exception <a 'java/lang/NoSuchMethodError'{0x0000000086e6e9e0}: 'java.lang.Object java.lang.invoke.DirectMethodHandle$Holder.newInvokeSpecial(java.lang.Object, java.lang.Object, int)'> (0x0000000086e6e9e0) 
thrown [t:\workspace\open\src\hotspot\share\interpreter\linkResolver.cpp, line 790]

Events (20 events):
Event: 6.997 Executing  VM operation: G1Concurrent
Event: 7.000 Executing  VM operation: G1Concurrent done
Event: 7.024 Executing  VM operation: G1Concurrent
Event: 7.024 Executing  VM operation: G1Concurrent done
Event: 7.142 Executing  VM operation: ICBufferFull
Event: 7.142 Executing  VM operation: ICBufferFull done
Event: 7.149 Executing  VM operation: HandshakeAllThreads
Event: 7.149 Executing  VM operation: HandshakeAllThreads done
Event: 7.297 Executing  VM operation: G1CollectForAllocation
Event: 7.301 Executing  VM operation: G1CollectForAllocation done
Event: 7.311 Executing  VM operation: HandshakeAllThreads
Event: 7.311 Executing  VM operation: HandshakeAllThreads done
Event: 7.523 loading class java/util/zip/ZipOutputStream
Event: 7.523 loading class java/util/zip/ZipOutputStream done
Event: 7.579 Executing  VM operation: G1CollectForAllocation
Event: 7.582 Executing  VM operation: G1CollectForAllocation done
Event: 7.625 Executing  VM operation: G1Concurrent
Event: 7.629 Executing  VM operation: G1Concurrent done
Event: 7.655 Executing  VM operation: G1Concurrent
Event: 7.655 Executing  VM operation: G1Concurrent done


Dynamic libraries:
0x00007ff74f6f0000 - 0x00007ff74f700000 	C:\Program Files\Java\jdk-16.0.2\bin\java.exe
0x00007ffb1c030000 - 0x00007ffb1c228000 	C:\WINDOWS\SYSTEM32\ntdll.dll
0x00007ffb1b070000 - 0x00007ffb1b12d000 	C:\WINDOWS\System32\KERNEL32.DLL
0x00007ffb19780000 - 0x00007ffb19a4e000 	C:\WINDOWS\System32\KERNELBASE.dll
0x00007ffb19a50000 - 0x00007ffb19b50000 	C:\WINDOWS\System32\ucrtbase.dll
0x00007ffb03da0000 - 0x00007ffb03db8000 	C:\Program Files\Java\jdk-16.0.2\bin\jli.dll
0x00007ffaf7ec0000 - 0x00007ffaf7ed9000 	C:\Program Files\Java\jdk-16.0.2\bin\VCRUNTIME140.dll
0x00007ffb1bdf0000 - 0x00007ffb1be9e000 	C:\WINDOWS\System32\ADVAPI32.dll
0x00007ffb1bea0000 - 0x00007ffb1bf3e000 	C:\WINDOWS\System32\msvcrt.dll
0x00007ffb1bd20000 - 0x00007ffb1bdbc000 	C:\WINDOWS\System32\sechost.dll
0x00007ffb1aa70000 - 0x00007ffb1ab95000 	C:\WINDOWS\System32\RPCRT4.dll
0x00007ffb1ada0000 - 0x00007ffb1af40000 	C:\WINDOWS\System32\USER32.dll
0x00007ffb19f00000 - 0x00007ffb19f22000 	C:\WINDOWS\System32\win32u.dll
0x00007ffb01ab0000 - 0x00007ffb01d4a000 	C:\WINDOWS\WinSxS\amd64_microsoft.windows.common-controls_6595b64144ccf1df_6.0.19041.1110_none_60b5254171f9507e\COMCTL32.dll
0x00007ffb1a0f0000 - 0x00007ffb1a11a000 	C:\WINDOWS\System32\GDI32.dll
0x00007ffb19df0000 - 0x00007ffb19efb000 	C:\WINDOWS\System32\gdi32full.dll
0x00007ffb19c10000 - 0x00007ffb19cad000 	C:\WINDOWS\System32\msvcp_win.dll
0x00007ffb115f0000 - 0x00007ffb115fa000 	C:\WINDOWS\SYSTEM32\VERSION.dll
0x00007ffb1bdc0000 - 0x00007ffb1bdf0000 	C:\WINDOWS\System32\IMM32.DLL
0x00007ffb111c0000 - 0x00007ffb111cc000 	C:\Program Files\Java\jdk-16.0.2\bin\vcruntime140_1.dll
0x00007ffae3a60000 - 0x00007ffae3af1000 	C:\Program Files\Java\jdk-16.0.2\bin\msvcp140.dll
0x00007ffab11f0000 - 0x00007ffab1d9b000 	C:\Program Files\Java\jdk-16.0.2\bin\server\jvm.dll
0x00007ffb1af40000 - 0x00007ffb1af48000 	C:\WINDOWS\System32\PSAPI.DLL
0x00007ffafd4b0000 - 0x00007ffafd4b9000 	C:\WINDOWS\SYSTEM32\WSOCK32.dll
0x00007ffb175d0000 - 0x00007ffb175f7000 	C:\WINDOWS\SYSTEM32\WINMM.dll
0x00007ffb1ba80000 - 0x00007ffb1baeb000 	C:\WINDOWS\System32\WS2_32.dll
0x00007ffb17fe0000 - 0x00007ffb17ff2000 	C:\WINDOWS\SYSTEM32\kernel.appcore.dll
0x00007ffaf4f50000 - 0x00007ffaf4f5a000 	C:\Program Files\Java\jdk-16.0.2\bin\jimage.dll
0x00007ffb173e0000 - 0x00007ffb175c4000 	C:\WINDOWS\SYSTEM32\DBGHELP.DLL
0x00007ffb173b0000 - 0x00007ffb173dc000 	C:\WINDOWS\SYSTEM32\dbgcore.DLL
0x00007ffb19cb0000 - 0x00007ffb19d32000 	C:\WINDOWS\System32\bcryptPrimitives.dll
0x00007ffaf0170000 - 0x00007ffaf0195000 	C:\Program Files\Java\jdk-16.0.2\bin\java.dll
0x00007ffb1a1b0000 - 0x00007ffb1a8f4000 	C:\WINDOWS\System32\SHELL32.dll
0x00007ffb17830000 - 0x00007ffb17fc4000 	C:\WINDOWS\SYSTEM32\windows.storage.dll
0x00007ffb1b5a0000 - 0x00007ffb1b8f4000 	C:\WINDOWS\System32\combase.dll
0x00007ffb191b0000 - 0x00007ffb191e0000 	C:\WINDOWS\SYSTEM32\Wldp.dll
0x00007ffb1afc0000 - 0x00007ffb1b06d000 	C:\WINDOWS\System32\SHCORE.dll
0x00007ffb1ba20000 - 0x00007ffb1ba75000 	C:\WINDOWS\System32\shlwapi.dll
0x00007ffb19690000 - 0x00007ffb196af000 	C:\WINDOWS\SYSTEM32\profapi.dll
0x00007ffaf1120000 - 0x00007ffaf1139000 	C:\Program Files\Java\jdk-16.0.2\bin\net.dll
0x00007ffb05630000 - 0x00007ffb0573a000 	C:\WINDOWS\SYSTEM32\WINHTTP.dll
0x00007ffb18f10000 - 0x00007ffb18f7a000 	C:\WINDOWS\system32\mswsock.dll
0x00007ffaf00d0000 - 0x00007ffaf00e3000 	C:\Program Files\Java\jdk-16.0.2\bin\nio.dll
0x00007ffaefdc0000 - 0x00007ffaefdd8000 	C:\Program Files\Java\jdk-16.0.2\bin\zip.dll
0x00007ffaf3b80000 - 0x00007ffaf3b90000 	C:\Program Files\Java\jdk-16.0.2\bin\verify.dll
0x00007ffaf0a50000 - 0x00007ffaf0a77000 	C:\Users\ITECH\.gradle\native\e1d6ef7f7dcc3fd88c89a11ec53ec762bb8ba0a96d01ffa2cd45eb1d1d8dd5c5\windows-amd64\native-platform.dll
0x00007ffae3910000 - 0x00007ffae3a54000 	C:\Users\ITECH\.gradle\native\5664cfc778a61ccfe75a443a1ab52a65af34e5dc3c78e0209fed803814484fcb\windows-amd64\native-platform-file-events.dll
0x00007ffaf2500000 - 0x00007ffaf2509000 	C:\Program Files\Java\jdk-16.0.2\bin\management.dll
0x00007ffaf12b0000 - 0x00007ffaf12bb000 	C:\Program Files\Java\jdk-16.0.2\bin\management_ext.dll
0x00007ffb19100000 - 0x00007ffb19118000 	C:\WINDOWS\SYSTEM32\CRYPTSP.dll
0x00007ffb18820000 - 0x00007ffb18854000 	C:\WINDOWS\system32\rsaenh.dll
0x00007ffb19750000 - 0x00007ffb19777000 	C:\WINDOWS\System32\bcrypt.dll
0x00007ffb19650000 - 0x00007ffb1967e000 	C:\WINDOWS\SYSTEM32\USERENV.dll
0x00007ffb19120000 - 0x00007ffb1912c000 	C:\WINDOWS\SYSTEM32\CRYPTBASE.dll
0x00007ffb18bb0000 - 0x00007ffb18beb000 	C:\WINDOWS\SYSTEM32\IPHLPAPI.DLL
0x00007ffb1a1a0000 - 0x00007ffb1a1a8000 	C:\WINDOWS\System32\NSI.dll
0x00007ffb0e180000 - 0x00007ffb0e197000 	C:\WINDOWS\SYSTEM32\dhcpcsvc6.DLL
0x00007ffb0ed40000 - 0x00007ffb0ed5d000 	C:\WINDOWS\SYSTEM32\dhcpcsvc.DLL
0x00007ffb18c00000 - 0x00007ffb18cca000 	C:\WINDOWS\SYSTEM32\DNSAPI.dll
0x00007ffaf10b0000 - 0x00007ffaf10be000 	C:\Program Files\Java\jdk-16.0.2\bin\sunmscapi.dll
0x00007ffb19f30000 - 0x00007ffb1a086000 	C:\WINDOWS\System32\CRYPT32.dll
0x00007ffb19220000 - 0x00007ffb19247000 	C:\WINDOWS\SYSTEM32\ncrypt.dll
0x00007ffb191e0000 - 0x00007ffb1921b000 	C:\WINDOWS\SYSTEM32\NTASN1.dll
0x00007ffacca80000 - 0x00007ffacca87000 	C:\WINDOWS\system32\wshunix.dll

dbghelp: loaded successfully - version: 4.0.5 - missing functions: none
symbol engine: initialized successfully - sym options: 0x614 - pdb path: .;C:\Program Files\Java\jdk-16.0.2\bin;C:\WINDOWS\SYSTEM32;C:\WINDOWS\WinSxS\amd64_microsoft.windows.common-controls_6595b64144ccf1df_6.0.19041.1110_none_60b5254171f9507e;C:\Program Files\Java\jdk-16.0.2\bin\server;C:\Users\ITECH\.gradle\native\e1d6ef7f7dcc3fd88c89a11ec53ec762bb8ba0a96d01ffa2cd45eb1d1d8dd5c5\windows-amd64;C:\Users\ITECH\.gradle\native\5664cfc778a61ccfe75a443a1ab52a65af34e5dc3c78e0209fed803814484fcb\windows-amd64

VM Arguments:
jvm_args: --add-opens=java.base/java.util=ALL-UNNAMED --add-opens=java.base/java.lang=ALL-UNNAMED --add-opens=java.base/java.lang.invoke=ALL-UNNAMED --add-opens=java.base/java.util=ALL-UNNAMED --add-opens=java.prefs/java.util.prefs=ALL-UNNAMED --add-opens=java.prefs/java.util.prefs=ALL-UNNAMED --add-opens=java.base/java.nio.charset=ALL-UNNAMED --add-opens=java.base/java.net=ALL-UNNAMED --add-opens=java.base/java.util.concurrent.atomic=ALL-UNNAMED -Xmx2048m -Dfile.encoding=UTF-8 -Duser.country=US -Duser.language=en -Duser.variant 
java_command: org.gradle.launcher.daemon.bootstrap.GradleDaemon 7.3.3
java_class_path (initial): C:\Users\ITECH\.gradle\wrapper\dists\gradle-7.3.3-bin\6a41zxkdtcxs8rphpq6y0069z\gradle-7.3.3\lib\gradle-launcher-7.3.3.jar
Launcher Type: SUN_STANDARD

[Global flags]
     intx CICompilerCount                          = 4                                         {product} {ergonomic}
     uint ConcGCThreads                            = 2                                         {product} {ergonomic}
     uint G1ConcRefinementThreads                  = 8                                         {product} {ergonomic}
   size_t G1HeapRegionSize                         = 1048576                                   {product} {ergonomic}
    uintx GCDrainStackTargetSize                   = 64                                        {product} {ergonomic}
   size_t InitialHeapSize                          = 132120576                                 {product} {ergonomic}
   size_t MarkStackSize                            = 4194304                                   {product} {ergonomic}
   size_t MaxHeapSize                              = 2147483648                                {product} {command line}
   size_t MaxNewSize                               = 1287651328                                {product} {ergonomic}
   size_t MinHeapDeltaBytes                        = 1048576                                   {product} {ergonomic}
   size_t MinHeapSize                              = 8388608                                   {product} {ergonomic}
    uintx NonNMethodCodeHeapSize                   = 5839372                                {pd product} {ergonomic}
    uintx NonProfiledCodeHeapSize                  = 122909434                              {pd product} {ergonomic}
    uintx ProfiledCodeHeapSize                     = 122909434                              {pd product} {ergonomic}
    uintx ReservedCodeCacheSize                    = 251658240                              {pd product} {ergonomic}
     bool SegmentedCodeCache                       = true                                      {product} {ergonomic}
   size_t SoftMaxHeapSize                          = 2147483648                             {manageable} {ergonomic}
     bool UseCompressedClassPointers               = true                           {product lp64_product} {ergonomic}
     bool UseCompressedOops                        = true                           {product lp64_product} {ergonomic}
     bool UseG1GC                                  = true                                      {product} {ergonomic}
     bool UseLargePagesIndividualAllocation        = false                                  {pd product} {ergonomic}

Logging:
Log output configuration:
 #0: stdout all=warning uptime,level,tags
 #1: stderr all=off uptime,level,tags

Environment Variables:
JAVA_HOME=C:\Program Files\Java\jdk-16.0.2
PATH=C:\Program Files\Python37\Scripts\;C:\Program Files\Python37\;C:\ProgramData\Oracle\Java\javapath;C:\app\ITECH\product\11.2.0\dbhome_1\bin;C:\Program Files\Common Files\Oracle\Java\javapath;C:\Program Files (x86)\Common Files\Oracle\Java\javapath;C:\WINDOWS\system32;C:\WINDOWS;C:\WINDOWS\System32\Wbem;C:\WINDOWS\System32\WindowsPowerShell\v1.0\;C:\WINDOWS\System32\OpenSSH\;C:\Program Files\Microsoft SQL Server\130\Tools\Binn\;C:\Program Files\Microsoft SQL Server\Client SDK\ODBC\170\Tools\Binn\;C:\Program Files\dotnet\;C:\Program Files\nodejs\;C:\Program Files\Java\jdk-16.0.2\bin;C:\Program Files\Git\cmd;C:\Program Files\Java\jdk-16.0.2\bin;
USERNAME=ITECH
OS=Windows_NT
PROCESSOR_IDENTIFIER=Intel64 Family 6 Model 126 Stepping 5, GenuineIntel



---------------  S Y S T E M  ---------------

OS:
 Windows 10 , 64 bit Build 19041 (10.0.19041.1889)
OS uptime: 0 days 3:48 hours

CPU: total 8 (initial active 8) (4 cores per cpu, 2 threads per core) family 6 model 126 stepping 5 microcode 0xb0, cx8, cmov, fxsr, ht, mmx, 3dnowpref, sse, sse2, sse3, ssse3, sse4.1, sse4.2, popcnt, lzcnt, tsc, tscinvbit, avx, avx2, aes, erms, clmul, bmi1, bmi2, adx, avx512f, avx512dq, avx512cd, avx512bw, avx512vl, sha, fma, vzeroupper, avx512_vpopcntdq, avx512_vpclmulqdq, avx512_vaes, avx512_vnni, clflush, clflushopt, avx512_vmbi2, avx512_vmbi

Memory: 4k page, system-wide physical 7959M (778M free)
TotalPageFile size 7959M (AvailPageFile size 9M)
current process WorkingSet (physical memory assigned to process): 347M, peak: 348M
current process commit charge ("private bytes"): 395M, peak: 398M

vm_info: Java HotSpot(TM) 64-Bit Server VM (16.0.2+7-67) for windows-amd64 JRE (16.0.2+7-67), built on Jun  8 2021 23:24:19 by "mach5one" with MS VC++ 16.7 (VS2019)

END.
