#
# There is insufficient memory for the Java Runtime Environment to continue.
# Native memory allocation (malloc) failed to allocate 1346736 bytes for Chunk::new
# Possible reasons:
#   The system is out of physical RAM or swap space
#   The process is running with CompressedOops enabled, and the Java Heap may be blocking the growth of the native heap
# Possible solutions:
#   Reduce memory load on the system
#   Increase physical memory or swap space
#   Check if swap backing store is full
#   Decrease Java heap size (-Xmx/-Xms)
#   Decrease number of Java threads
#   Decrease Java thread stack sizes (-Xss)
#   Set larger code cache with -XX:ReservedCodeCacheSize=
#   JVM is running with Unscaled Compressed Oops mode in which the Java heap is
#     placed in the first 4GB address space. The Java Heap base address is the
#     maximum limit for the native heap growth. Please use -XX:HeapBaseMinAddress
#     to set the Java Heap base and to place the Java Heap above 4GB virtual address.
# This output file may be truncated or incomplete.
#
#  Out of Memory Error (arena.cpp:195), pid=11888, tid=9152
#
# JRE version: Java(TM) SE Runtime Environment (16.0.2+7) (build 16.0.2+7-67)
# Java VM: Java HotSpot(TM) 64-Bit Server VM (16.0.2+7-67, mixed mode, sharing, tiered, compressed oops, compressed class ptrs, g1 gc, windows-amd64)
# No core dump will be written. Minidumps are not enabled by default on client versions of Windows
#

---------------  S U M M A R Y ------------

Command Line: --add-opens=java.base/java.util=ALL-UNNAMED --add-opens=java.base/java.lang=ALL-UNNAMED --add-opens=java.base/java.lang.invoke=ALL-UNNAMED --add-opens=java.base/java.util=ALL-UNNAMED --add-opens=java.prefs/java.util.prefs=ALL-UNNAMED --add-opens=java.prefs/java.util.prefs=ALL-UNNAMED --add-opens=java.base/java.nio.charset=ALL-UNNAMED --add-opens=java.base/java.net=ALL-UNNAMED --add-opens=java.base/java.util.concurrent.atomic=ALL-UNNAMED -Xmx2048m -Dfile.encoding=UTF-8 -Duser.country=US -Duser.language=en -Duser.variant org.gradle.launcher.daemon.bootstrap.GradleDaemon 7.3.3

Host: Intel(R) Core(TM) i7-1065G7 CPU @ 1.30GHz, 8 cores, 7G,  Windows 10 , 64 bit Build 19041 (10.0.19041.1889)
Time: Fri Aug 19 16:04:36 2022 Egypt Standard Time elapsed time: 2.343499 seconds (0d 0h 0m 2s)

---------------  T H R E A D  ---------------

Current thread (0x00000271e1e56b60):  JavaThread "C2 CompilerThread1" daemon [_thread_in_native, id=9152, stack(0x0000008d9e100000,0x0000008d9e200000)]


Current CompileTask:
C2:   2343 2054   !   4       java.security.AccessController::doPrivileged (26 bytes)

Stack: [0x0000008d9e100000,0x0000008d9e200000]
Native frames: (J=compiled Java code, j=interpreted, Vv=VM code, C=native code)
V  [jvm.dll+0x6681ca]
V  [jvm.dll+0x7c9e69]
V  [jvm.dll+0x7cb61e]
V  [jvm.dll+0x7cbc73]
V  [jvm.dll+0x242c55]
V  [jvm.dll+0xadeba]
V  [jvm.dll+0xae45c]
V  [jvm.dll+0x35a882]
V  [jvm.dll+0x1b9aca]
V  [jvm.dll+0x215e16]
V  [jvm.dll+0x215100]
V  [jvm.dll+0x1a1beb]
V  [jvm.dll+0x225158]
V  [jvm.dll+0x22319c]
V  [jvm.dll+0x77fa62]
V  [jvm.dll+0x7795aa]
V  [jvm.dll+0x667066]
C  [ucrtbase.dll+0x21bb2]
C  [KERNEL32.DLL+0x17034]
C  [ntdll.dll+0x52651]


---------------  P R O C E S S  ---------------

Threads class SMR info:
_java_thread_list=0x00000271e4ba7f20, length=26, elements={
0x00000271c2f2daf0, 0x00000271e0fd13b0, 0x00000271e0fd1ec0, 0x00000271e0fdea20,
0x00000271e0fe1340, 0x00000271e0fe4c70, 0x00000271e0fe7b00, 0x00000271e0fed260,
0x00000271e0ff7690, 0x00000271e0ffe010, 0x00000271e0fe6b10, 0x00000271e0fe8050,
0x00000271e1e56b60, 0x00000271e0fe6070, 0x00000271e0fe8af0, 0x00000271e0fe65c0,
0x00000271e0fe55d0, 0x00000271e0fe5b20, 0x00000271e0fe7060, 0x00000271e3803ca0,
0x00000271e3803750, 0x00000271e38051e0, 0x00000271e37ff240, 0x00000271e3804740,
0x00000271e37ff790, 0x00000271e3801770
}

Java Threads: ( => current thread )
  0x00000271c2f2daf0 JavaThread "main" [_thread_blocked, id=6336, stack(0x0000008d9ce00000,0x0000008d9cf00000)]
  0x00000271e0fd13b0 JavaThread "Reference Handler" daemon [_thread_blocked, id=2996, stack(0x0000008d9d500000,0x0000008d9d600000)]
  0x00000271e0fd1ec0 JavaThread "Finalizer" daemon [_thread_blocked, id=10732, stack(0x0000008d9d600000,0x0000008d9d700000)]
  0x00000271e0fdea20 JavaThread "Signal Dispatcher" daemon [_thread_blocked, id=6552, stack(0x0000008d9d700000,0x0000008d9d800000)]
  0x00000271e0fe1340 JavaThread "Attach Listener" daemon [_thread_blocked, id=4788, stack(0x0000008d9d800000,0x0000008d9d900000)]
  0x00000271e0fe4c70 JavaThread "Service Thread" daemon [_thread_blocked, id=6812, stack(0x0000008d9d900000,0x0000008d9da00000)]
  0x00000271e0fe7b00 JavaThread "Monitor Deflation Thread" daemon [_thread_blocked, id=12956, stack(0x0000008d9da00000,0x0000008d9db00000)]
  0x00000271e0fed260 JavaThread "C2 CompilerThread0" daemon [_thread_in_native, id=4744, stack(0x0000008d9db00000,0x0000008d9dc00000)]
  0x00000271e0ff7690 JavaThread "C1 CompilerThread0" daemon [_thread_blocked, id=8896, stack(0x0000008d9dc00000,0x0000008d9dd00000)]
  0x00000271e0ffe010 JavaThread "Sweeper thread" daemon [_thread_blocked, id=7940, stack(0x0000008d9dd00000,0x0000008d9de00000)]
  0x00000271e0fe6b10 JavaThread "Common-Cleaner" daemon [_thread_blocked, id=12396, stack(0x0000008d9de00000,0x0000008d9df00000)]
  0x00000271e0fe8050 JavaThread "Notification Thread" daemon [_thread_blocked, id=7388, stack(0x0000008d9df00000,0x0000008d9e000000)]
=>0x00000271e1e56b60 JavaThread "C2 CompilerThread1" daemon [_thread_in_native, id=9152, stack(0x0000008d9e100000,0x0000008d9e200000)]
  0x00000271e0fe6070 JavaThread "Daemon health stats" [_thread_blocked, id=5144, stack(0x0000008d9e700000,0x0000008d9e800000)]
  0x00000271e0fe8af0 JavaThread "Incoming local TCP Connector on port 64191" [_thread_in_native, id=2776, stack(0x0000008d9e800000,0x0000008d9e900000)]
  0x00000271e0fe65c0 JavaThread "Daemon periodic checks" [_thread_blocked, id=7560, stack(0x0000008d9e900000,0x0000008d9ea00000)]
  0x00000271e0fe55d0 JavaThread "Daemon" [_thread_blocked, id=9052, stack(0x0000008d9ea00000,0x0000008d9eb00000)]
  0x00000271e0fe5b20 JavaThread "Handler for socket connection from /127.0.0.1:64191 to /127.0.0.1:64194" [_thread_in_native, id=13020, stack(0x0000008d9eb00000,0x0000008d9ec00000)]
  0x00000271e0fe7060 JavaThread "Cancel handler" [_thread_blocked, id=456, stack(0x0000008d9ec00000,0x0000008d9ed00000)]
  0x00000271e3803ca0 JavaThread "Daemon worker" [_thread_in_Java, id=7820, stack(0x0000008d9ed00000,0x0000008d9ee00000)]
  0x00000271e3803750 JavaThread "Asynchronous log dispatcher for DefaultDaemonConnection: socket connection from /127.0.0.1:64191 to /127.0.0.1:64194" [_thread_blocked, id=10032, stack(0x0000008d9ee00000,0x0000008d9ef00000)]
  0x00000271e38051e0 JavaThread "Stdin handler" [_thread_blocked, id=5588, stack(0x0000008d9ef00000,0x0000008d9f000000)]
  0x00000271e37ff240 JavaThread "Daemon client event forwarder" [_thread_blocked, id=7908, stack(0x0000008d9f000000,0x0000008d9f100000)]
  0x00000271e3804740 JavaThread "Cache worker for journal cache (C:\Users\ITECH\.gradle\caches\journal-1)" [_thread_blocked, id=9520, stack(0x0000008d9f100000,0x0000008d9f200000)]
  0x00000271e37ff790 JavaThread "File lock request listener" [_thread_in_native, id=9624, stack(0x0000008d9f200000,0x0000008d9f300000)]
  0x00000271e3801770 JavaThread "Cache worker for file hash cache (C:\Users\ITECH\.gradle\caches\7.3.3\fileHashes)" [_thread_blocked, id=1152, stack(0x0000008d9f300000,0x0000008d9f400000)]

Other Threads:
  0x00000271e0fcb9a0 VMThread "VM Thread" [stack: 0x0000008d9d400000,0x0000008d9d500000] [id=2476]
  0x00000271e1cbdfd0 WatcherThread [stack: 0x0000008d9e000000,0x0000008d9e100000] [id=7788]
  0x00000271c2f6ba10 GCTaskThread "GC Thread#0" [stack: 0x0000008d9cf00000,0x0000008d9d000000] [id=12628]
  0x00000271e2b27cc0 GCTaskThread "GC Thread#1" [stack: 0x0000008d9e300000,0x0000008d9e400000] [id=11760]
  0x00000271e2b7d7e0 GCTaskThread "GC Thread#2" [stack: 0x0000008d9e400000,0x0000008d9e500000] [id=2088]
  0x00000271e2906bc0 GCTaskThread "GC Thread#3" [stack: 0x0000008d9e500000,0x0000008d9e600000] [id=7400]
  0x00000271e2c1b090 GCTaskThread "GC Thread#4" [stack: 0x0000008d9e600000,0x0000008d9e700000] [id=7412]
  0x00000271c2f7d810 ConcurrentGCThread "G1 Main Marker" [stack: 0x0000008d9d000000,0x0000008d9d100000] [id=9452]
  0x00000271c2f7f7e0 ConcurrentGCThread "G1 Conc#0" [stack: 0x0000008d9d100000,0x0000008d9d200000] [id=6036]
  0x00000271c30089c0 ConcurrentGCThread "G1 Refine#0" [stack: 0x0000008d9d200000,0x0000008d9d300000] [id=2648]
  0x00000271c30091f0 ConcurrentGCThread "G1 Service" [stack: 0x0000008d9d300000,0x0000008d9d400000] [id=12052]

Threads with active compile tasks:
C2 CompilerThread0     2376 2044   !   4       java.lang.ClassLoader::loadClass (122 bytes)
C2 CompilerThread1     2376 2054   !   4       java.security.AccessController::doPrivileged (26 bytes)

VM state: not at safepoint (normal execution)

VM Mutex/Monitor currently owned by a thread: None

Heap address: 0x0000000080000000, size: 2048 MB, Compressed Oops mode: 32-bit

CDS archive(s) mapped at: [0x0000000800000000-0x0000000800bb0000-0x0000000800bb0000), size 12255232, SharedBaseAddress: 0x0000000800000000, ArchiveRelocationMode: 0.
Compressed class space mapped at: 0x0000000800c00000-0x0000000840c00000, reserved size: 1073741824
Narrow klass base: 0x0000000800000000, Narrow klass shift: 3, Narrow klass range: 0x100000000

GC Precious Log:
 CPUs: 8 total, 8 available
 Memory: 7959M
 Large Page Support: Disabled
 NUMA Support: Disabled
 Compressed Oops: Enabled (32-bit)
 Heap Region Size: 1M
 Heap Min Capacity: 8M
 Heap Initial Capacity: 126M
 Heap Max Capacity: 2G
 Pre-touch: Disabled
 Parallel Workers: 8
 Concurrent Workers: 2
 Concurrent Refinement Workers: 8
 Periodic GC: Disabled

Heap:
 garbage-first heap   total 129024K, used 80095K [0x0000000080000000, 0x0000000100000000)
  region size 1024K, 70 young (71680K), 2 survivors (2048K)
 Metaspace       used 15279K, committed 15552K, reserved 1064960K
  class space    used 2181K, committed 2304K, reserved 1048576K

Heap Regions: E=young(eden), S=young(survivor), O=old, HS=humongous(starts), HC=humongous(continues), CS=collection set, F=free, OA=open archive, CA=closed archive, TAMS=top-at-mark-start (previous, next)
|   0|0x0000000080000000, 0x0000000080100000, 0x0000000080100000|100%|HS|  |TAMS 0x0000000080000000, 0x0000000080000000| Complete 
|   1|0x0000000080100000, 0x0000000080200000, 0x0000000080200000|100%| O|  |TAMS 0x0000000080100000, 0x0000000080100000| Untracked 
|   2|0x0000000080200000, 0x00000000802ec600, 0x0000000080300000| 92%| O|  |TAMS 0x0000000080200000, 0x0000000080200000| Untracked 
|   3|0x0000000080300000, 0x0000000080400000, 0x0000000080400000|100%|HS|  |TAMS 0x0000000080300000, 0x0000000080300000| Complete 
|   4|0x0000000080400000, 0x0000000080500000, 0x0000000080500000|100%|HC|  |TAMS 0x0000000080400000, 0x0000000080400000| Complete 
|   5|0x0000000080500000, 0x0000000080600000, 0x0000000080600000|100%|HC|  |TAMS 0x0000000080500000, 0x0000000080500000| Complete 
|   6|0x0000000080600000, 0x0000000080700000, 0x0000000080700000|100%| O|  |TAMS 0x0000000080600000, 0x0000000080600000| Untracked 
|   7|0x0000000080700000, 0x0000000080800000, 0x0000000080800000|100%| O|  |TAMS 0x0000000080700000, 0x0000000080700000| Untracked 
|   8|0x0000000080800000, 0x0000000080900000, 0x0000000080900000|100%| O|  |TAMS 0x0000000080800000, 0x0000000080800000| Untracked 
|   9|0x0000000080900000, 0x0000000080a00000, 0x0000000080a00000|100%| O|  |TAMS 0x0000000080900000, 0x0000000080900000| Untracked 
|  10|0x0000000080a00000, 0x0000000080a00000, 0x0000000080b00000|  0%| F|  |TAMS 0x0000000080a00000, 0x0000000080a00000| Untracked 
|  11|0x0000000080b00000, 0x0000000080b00000, 0x0000000080c00000|  0%| F|  |TAMS 0x0000000080b00000, 0x0000000080b00000| Untracked 
|  12|0x0000000080c00000, 0x0000000080c00000, 0x0000000080d00000|  0%| F|  |TAMS 0x0000000080c00000, 0x0000000080c00000| Untracked 
|  13|0x0000000080d00000, 0x0000000080d00000, 0x0000000080e00000|  0%| F|  |TAMS 0x0000000080d00000, 0x0000000080d00000| Untracked 
|  14|0x0000000080e00000, 0x0000000080e00000, 0x0000000080f00000|  0%| F|  |TAMS 0x0000000080e00000, 0x0000000080e00000| Untracked 
|  15|0x0000000080f00000, 0x0000000080f00000, 0x0000000081000000|  0%| F|  |TAMS 0x0000000080f00000, 0x0000000080f00000| Untracked 
|  16|0x0000000081000000, 0x0000000081000000, 0x0000000081100000|  0%| F|  |TAMS 0x0000000081000000, 0x0000000081000000| Untracked 
|  17|0x0000000081100000, 0x0000000081100000, 0x0000000081200000|  0%| F|  |TAMS 0x0000000081100000, 0x0000000081100000| Untracked 
|  18|0x0000000081200000, 0x0000000081200000, 0x0000000081300000|  0%| F|  |TAMS 0x0000000081200000, 0x0000000081200000| Untracked 
|  19|0x0000000081300000, 0x0000000081300000, 0x0000000081400000|  0%| F|  |TAMS 0x0000000081300000, 0x0000000081300000| Untracked 
|  20|0x0000000081400000, 0x0000000081400000, 0x0000000081500000|  0%| F|  |TAMS 0x0000000081400000, 0x0000000081400000| Untracked 
|  21|0x0000000081500000, 0x0000000081500000, 0x0000000081600000|  0%| F|  |TAMS 0x0000000081500000, 0x0000000081500000| Untracked 
|  22|0x0000000081600000, 0x0000000081600000, 0x0000000081700000|  0%| F|  |TAMS 0x0000000081600000, 0x0000000081600000| Untracked 
|  23|0x0000000081700000, 0x0000000081700000, 0x0000000081800000|  0%| F|  |TAMS 0x0000000081700000, 0x0000000081700000| Untracked 
|  24|0x0000000081800000, 0x0000000081800000, 0x0000000081900000|  0%| F|  |TAMS 0x0000000081800000, 0x0000000081800000| Untracked 
|  25|0x0000000081900000, 0x0000000081900000, 0x0000000081a00000|  0%| F|  |TAMS 0x0000000081900000, 0x0000000081900000| Untracked 
|  26|0x0000000081a00000, 0x0000000081a00000, 0x0000000081b00000|  0%| F|  |TAMS 0x0000000081a00000, 0x0000000081a00000| Untracked 
|  27|0x0000000081b00000, 0x0000000081b00000, 0x0000000081c00000|  0%| F|  |TAMS 0x0000000081b00000, 0x0000000081b00000| Untracked 
|  28|0x0000000081c00000, 0x0000000081c00000, 0x0000000081d00000|  0%| F|  |TAMS 0x0000000081c00000, 0x0000000081c00000| Untracked 
|  29|0x0000000081d00000, 0x0000000081d00000, 0x0000000081e00000|  0%| F|  |TAMS 0x0000000081d00000, 0x0000000081d00000| Untracked 
|  30|0x0000000081e00000, 0x0000000081e00000, 0x0000000081f00000|  0%| F|  |TAMS 0x0000000081e00000, 0x0000000081e00000| Untracked 
|  31|0x0000000081f00000, 0x0000000081f00000, 0x0000000082000000|  0%| F|  |TAMS 0x0000000081f00000, 0x0000000081f00000| Untracked 
|  32|0x0000000082000000, 0x0000000082000000, 0x0000000082100000|  0%| F|  |TAMS 0x0000000082000000, 0x0000000082000000| Untracked 
|  33|0x0000000082100000, 0x0000000082100000, 0x0000000082200000|  0%| F|  |TAMS 0x0000000082100000, 0x0000000082100000| Untracked 
|  34|0x0000000082200000, 0x0000000082200000, 0x0000000082300000|  0%| F|  |TAMS 0x0000000082200000, 0x0000000082200000| Untracked 
|  35|0x0000000082300000, 0x0000000082300000, 0x0000000082400000|  0%| F|  |TAMS 0x0000000082300000, 0x0000000082300000| Untracked 
|  36|0x0000000082400000, 0x0000000082400000, 0x0000000082500000|  0%| F|  |TAMS 0x0000000082400000, 0x0000000082400000| Untracked 
|  37|0x0000000082500000, 0x0000000082500000, 0x0000000082600000|  0%| F|  |TAMS 0x0000000082500000, 0x0000000082500000| Untracked 
|  38|0x0000000082600000, 0x0000000082600000, 0x0000000082700000|  0%| F|  |TAMS 0x0000000082600000, 0x0000000082600000| Untracked 
|  39|0x0000000082700000, 0x0000000082700000, 0x0000000082800000|  0%| F|  |TAMS 0x0000000082700000, 0x0000000082700000| Untracked 
|  40|0x0000000082800000, 0x0000000082800000, 0x0000000082900000|  0%| F|  |TAMS 0x0000000082800000, 0x0000000082800000| Untracked 
|  41|0x0000000082900000, 0x0000000082900000, 0x0000000082a00000|  0%| F|  |TAMS 0x0000000082900000, 0x0000000082900000| Untracked 
|  42|0x0000000082a00000, 0x0000000082a00000, 0x0000000082b00000|  0%| F|  |TAMS 0x0000000082a00000, 0x0000000082a00000| Untracked 
|  43|0x0000000082b00000, 0x0000000082b00000, 0x0000000082c00000|  0%| F|  |TAMS 0x0000000082b00000, 0x0000000082b00000| Untracked 
|  44|0x0000000082c00000, 0x0000000082c00000, 0x0000000082d00000|  0%| F|  |TAMS 0x0000000082c00000, 0x0000000082c00000| Untracked 
|  45|0x0000000082d00000, 0x0000000082d00000, 0x0000000082e00000|  0%| F|  |TAMS 0x0000000082d00000, 0x0000000082d00000| Untracked 
|  46|0x0000000082e00000, 0x0000000082e00000, 0x0000000082f00000|  0%| F|  |TAMS 0x0000000082e00000, 0x0000000082e00000| Untracked 
|  47|0x0000000082f00000, 0x0000000082f00000, 0x0000000083000000|  0%| F|  |TAMS 0x0000000082f00000, 0x0000000082f00000| Untracked 
|  48|0x0000000083000000, 0x0000000083000000, 0x0000000083100000|  0%| F|  |TAMS 0x0000000083000000, 0x0000000083000000| Untracked 
|  49|0x0000000083100000, 0x0000000083100000, 0x0000000083200000|  0%| F|  |TAMS 0x0000000083100000, 0x0000000083100000| Untracked 
|  50|0x0000000083200000, 0x0000000083200000, 0x0000000083300000|  0%| F|  |TAMS 0x0000000083200000, 0x0000000083200000| Untracked 
|  51|0x0000000083300000, 0x0000000083300000, 0x0000000083400000|  0%| F|  |TAMS 0x0000000083300000, 0x0000000083300000| Untracked 
|  52|0x0000000083400000, 0x0000000083400000, 0x0000000083500000|  0%| F|  |TAMS 0x0000000083400000, 0x0000000083400000| Untracked 
|  53|0x0000000083500000, 0x0000000083500000, 0x0000000083600000|  0%| F|  |TAMS 0x0000000083500000, 0x0000000083500000| Untracked 
|  54|0x0000000083600000, 0x0000000083600000, 0x0000000083700000|  0%| F|  |TAMS 0x0000000083600000, 0x0000000083600000| Untracked 
|  55|0x0000000083700000, 0x0000000083700000, 0x0000000083800000|  0%| F|  |TAMS 0x0000000083700000, 0x0000000083700000| Untracked 
|  56|0x0000000083800000, 0x0000000083880800, 0x0000000083900000| 50%| E|  |TAMS 0x0000000083800000, 0x0000000083800000| Complete 
|  57|0x0000000083900000, 0x0000000083a00000, 0x0000000083a00000|100%| E|CS|TAMS 0x0000000083900000, 0x0000000083900000| Complete 
|  58|0x0000000083a00000, 0x0000000083b00000, 0x0000000083b00000|100%| E|CS|TAMS 0x0000000083a00000, 0x0000000083a00000| Complete 
|  59|0x0000000083b00000, 0x0000000083c00000, 0x0000000083c00000|100%| E|CS|TAMS 0x0000000083b00000, 0x0000000083b00000| Complete 
|  60|0x0000000083c00000, 0x0000000083d00000, 0x0000000083d00000|100%| E|CS|TAMS 0x0000000083c00000, 0x0000000083c00000| Complete 
|  61|0x0000000083d00000, 0x0000000083e00000, 0x0000000083e00000|100%| E|CS|TAMS 0x0000000083d00000, 0x0000000083d00000| Complete 
|  62|0x0000000083e00000, 0x0000000083f00000, 0x0000000083f00000|100%| E|CS|TAMS 0x0000000083e00000, 0x0000000083e00000| Complete 
|  63|0x0000000083f00000, 0x0000000084000000, 0x0000000084000000|100%| E|CS|TAMS 0x0000000083f00000, 0x0000000083f00000| Complete 
|  64|0x0000000084000000, 0x0000000084100000, 0x0000000084100000|100%| E|CS|TAMS 0x0000000084000000, 0x0000000084000000| Complete 
|  65|0x0000000084100000, 0x0000000084200000, 0x0000000084200000|100%| E|CS|TAMS 0x0000000084100000, 0x0000000084100000| Complete 
|  66|0x0000000084200000, 0x0000000084300000, 0x0000000084300000|100%| E|CS|TAMS 0x0000000084200000, 0x0000000084200000| Complete 
|  67|0x0000000084300000, 0x0000000084400000, 0x0000000084400000|100%| E|CS|TAMS 0x0000000084300000, 0x0000000084300000| Complete 
|  68|0x0000000084400000, 0x0000000084500000, 0x0000000084500000|100%| E|CS|TAMS 0x0000000084400000, 0x0000000084400000| Complete 
|  69|0x0000000084500000, 0x0000000084600000, 0x0000000084600000|100%| E|CS|TAMS 0x0000000084500000, 0x0000000084500000| Complete 
|  70|0x0000000084600000, 0x0000000084700000, 0x0000000084700000|100%| E|CS|TAMS 0x0000000084600000, 0x0000000084600000| Complete 
|  71|0x0000000084700000, 0x0000000084800000, 0x0000000084800000|100%| E|CS|TAMS 0x0000000084700000, 0x0000000084700000| Complete 
|  72|0x0000000084800000, 0x0000000084900000, 0x0000000084900000|100%| E|CS|TAMS 0x0000000084800000, 0x0000000084800000| Complete 
|  73|0x0000000084900000, 0x0000000084a00000, 0x0000000084a00000|100%| E|CS|TAMS 0x0000000084900000, 0x0000000084900000| Complete 
|  74|0x0000000084a00000, 0x0000000084b00000, 0x0000000084b00000|100%| E|CS|TAMS 0x0000000084a00000, 0x0000000084a00000| Complete 
|  75|0x0000000084b00000, 0x0000000084c00000, 0x0000000084c00000|100%| E|CS|TAMS 0x0000000084b00000, 0x0000000084b00000| Complete 
|  76|0x0000000084c00000, 0x0000000084d00000, 0x0000000084d00000|100%| E|CS|TAMS 0x0000000084c00000, 0x0000000084c00000| Complete 
|  77|0x0000000084d00000, 0x0000000084e00000, 0x0000000084e00000|100%| E|CS|TAMS 0x0000000084d00000, 0x0000000084d00000| Complete 
|  78|0x0000000084e00000, 0x0000000084f00000, 0x0000000084f00000|100%| E|CS|TAMS 0x0000000084e00000, 0x0000000084e00000| Complete 
|  79|0x0000000084f00000, 0x0000000085000000, 0x0000000085000000|100%| E|CS|TAMS 0x0000000084f00000, 0x0000000084f00000| Complete 
|  80|0x0000000085000000, 0x0000000085100000, 0x0000000085100000|100%| E|CS|TAMS 0x0000000085000000, 0x0000000085000000| Complete 
|  81|0x0000000085100000, 0x0000000085200000, 0x0000000085200000|100%| E|CS|TAMS 0x0000000085100000, 0x0000000085100000| Complete 
|  82|0x0000000085200000, 0x0000000085300000, 0x0000000085300000|100%| E|CS|TAMS 0x0000000085200000, 0x0000000085200000| Complete 
|  83|0x0000000085300000, 0x0000000085400000, 0x0000000085400000|100%| E|CS|TAMS 0x0000000085300000, 0x0000000085300000| Complete 
|  84|0x0000000085400000, 0x0000000085500000, 0x0000000085500000|100%| E|CS|TAMS 0x0000000085400000, 0x0000000085400000| Complete 
|  85|0x0000000085500000, 0x0000000085600000, 0x0000000085600000|100%| E|CS|TAMS 0x0000000085500000, 0x0000000085500000| Complete 
|  86|0x0000000085600000, 0x0000000085700000, 0x0000000085700000|100%| E|CS|TAMS 0x0000000085600000, 0x0000000085600000| Complete 
|  87|0x0000000085700000, 0x0000000085800000, 0x0000000085800000|100%| E|CS|TAMS 0x0000000085700000, 0x0000000085700000| Complete 
|  88|0x0000000085800000, 0x0000000085900000, 0x0000000085900000|100%| E|CS|TAMS 0x0000000085800000, 0x0000000085800000| Complete 
|  89|0x0000000085900000, 0x0000000085a00000, 0x0000000085a00000|100%| E|CS|TAMS 0x0000000085900000, 0x0000000085900000| Complete 
|  90|0x0000000085a00000, 0x0000000085b00000, 0x0000000085b00000|100%| E|CS|TAMS 0x0000000085a00000, 0x0000000085a00000| Complete 
|  91|0x0000000085b00000, 0x0000000085c00000, 0x0000000085c00000|100%| E|CS|TAMS 0x0000000085b00000, 0x0000000085b00000| Complete 
|  92|0x0000000085c00000, 0x0000000085d00000, 0x0000000085d00000|100%| E|CS|TAMS 0x0000000085c00000, 0x0000000085c00000| Complete 
|  93|0x0000000085d00000, 0x0000000085d4b900, 0x0000000085e00000| 29%| S|CS|TAMS 0x0000000085d00000, 0x0000000085d00000| Complete 
|  94|0x0000000085e00000, 0x0000000085f00000, 0x0000000085f00000|100%| S|CS|TAMS 0x0000000085e00000, 0x0000000085e00000| Complete 
|  95|0x0000000085f00000, 0x0000000086000000, 0x0000000086000000|100%| E|CS|TAMS 0x0000000085f00000, 0x0000000085f00000| Complete 
|  96|0x0000000086000000, 0x0000000086100000, 0x0000000086100000|100%| E|CS|TAMS 0x0000000086000000, 0x0000000086000000| Complete 
|  97|0x0000000086100000, 0x0000000086200000, 0x0000000086200000|100%| E|CS|TAMS 0x0000000086100000, 0x0000000086100000| Complete 
|  98|0x0000000086200000, 0x0000000086300000, 0x0000000086300000|100%| E|CS|TAMS 0x0000000086200000, 0x0000000086200000| Complete 
|  99|0x0000000086300000, 0x0000000086400000, 0x0000000086400000|100%| E|CS|TAMS 0x0000000086300000, 0x0000000086300000| Complete 
| 100|0x0000000086400000, 0x0000000086500000, 0x0000000086500000|100%| E|CS|TAMS 0x0000000086400000, 0x0000000086400000| Complete 
| 101|0x0000000086500000, 0x0000000086600000, 0x0000000086600000|100%| E|CS|TAMS 0x0000000086500000, 0x0000000086500000| Complete 
| 102|0x0000000086600000, 0x0000000086700000, 0x0000000086700000|100%| E|CS|TAMS 0x0000000086600000, 0x0000000086600000| Complete 
| 103|0x0000000086700000, 0x0000000086800000, 0x0000000086800000|100%| E|CS|TAMS 0x0000000086700000, 0x0000000086700000| Complete 
| 104|0x0000000086800000, 0x0000000086900000, 0x0000000086900000|100%| E|CS|TAMS 0x0000000086800000, 0x0000000086800000| Complete 
| 105|0x0000000086900000, 0x0000000086a00000, 0x0000000086a00000|100%| E|CS|TAMS 0x0000000086900000, 0x0000000086900000| Complete 
| 106|0x0000000086a00000, 0x0000000086b00000, 0x0000000086b00000|100%| E|CS|TAMS 0x0000000086a00000, 0x0000000086a00000| Complete 
| 107|0x0000000086b00000, 0x0000000086c00000, 0x0000000086c00000|100%| E|CS|TAMS 0x0000000086b00000, 0x0000000086b00000| Complete 
| 108|0x0000000086c00000, 0x0000000086d00000, 0x0000000086d00000|100%| E|CS|TAMS 0x0000000086c00000, 0x0000000086c00000| Complete 
| 109|0x0000000086d00000, 0x0000000086e00000, 0x0000000086e00000|100%| E|CS|TAMS 0x0000000086d00000, 0x0000000086d00000| Complete 
| 110|0x0000000086e00000, 0x0000000086f00000, 0x0000000086f00000|100%| E|CS|TAMS 0x0000000086e00000, 0x0000000086e00000| Complete 
| 111|0x0000000086f00000, 0x0000000087000000, 0x0000000087000000|100%| E|CS|TAMS 0x0000000086f00000, 0x0000000086f00000| Complete 
| 112|0x0000000087000000, 0x0000000087100000, 0x0000000087100000|100%| E|CS|TAMS 0x0000000087000000, 0x0000000087000000| Complete 
| 113|0x0000000087100000, 0x0000000087200000, 0x0000000087200000|100%| E|CS|TAMS 0x0000000087100000, 0x0000000087100000| Complete 
| 114|0x0000000087200000, 0x0000000087300000, 0x0000000087300000|100%| E|CS|TAMS 0x0000000087200000, 0x0000000087200000| Complete 
| 115|0x0000000087300000, 0x0000000087400000, 0x0000000087400000|100%| E|CS|TAMS 0x0000000087300000, 0x0000000087300000| Complete 
| 116|0x0000000087400000, 0x0000000087500000, 0x0000000087500000|100%| E|CS|TAMS 0x0000000087400000, 0x0000000087400000| Complete 
| 117|0x0000000087500000, 0x0000000087600000, 0x0000000087600000|100%| E|CS|TAMS 0x0000000087500000, 0x0000000087500000| Complete 
| 118|0x0000000087600000, 0x0000000087700000, 0x0000000087700000|100%| E|CS|TAMS 0x0000000087600000, 0x0000000087600000| Complete 
| 119|0x0000000087700000, 0x0000000087800000, 0x0000000087800000|100%| E|CS|TAMS 0x0000000087700000, 0x0000000087700000| Complete 
| 120|0x0000000087800000, 0x0000000087900000, 0x0000000087900000|100%| E|CS|TAMS 0x0000000087800000, 0x0000000087800000| Complete 
| 121|0x0000000087900000, 0x0000000087a00000, 0x0000000087a00000|100%| E|CS|TAMS 0x0000000087900000, 0x0000000087900000| Complete 
| 122|0x0000000087a00000, 0x0000000087b00000, 0x0000000087b00000|100%| E|CS|TAMS 0x0000000087a00000, 0x0000000087a00000| Complete 
| 123|0x0000000087b00000, 0x0000000087c00000, 0x0000000087c00000|100%| E|CS|TAMS 0x0000000087b00000, 0x0000000087b00000| Complete 
| 124|0x0000000087c00000, 0x0000000087d00000, 0x0000000087d00000|100%| E|CS|TAMS 0x0000000087c00000, 0x0000000087c00000| Complete 
| 125|0x0000000087d00000, 0x0000000087e00000, 0x0000000087e00000|100%| E|CS|TAMS 0x0000000087d00000, 0x0000000087d00000| Complete 

Card table byte_map: [0x00000271d9de0000,0x00000271da1e0000] _byte_map_base: 0x00000271d99e0000

Marking Bits (Prev, Next): (CMBitMap*) 0x00000271c2f6ce40, (CMBitMap*) 0x00000271c2f6ce80
 Prev Bits: [0x00000271da5e0000, 0x00000271dc5e0000)
 Next Bits: [0x00000271dc5e0000, 0x00000271de5e0000)

Polling page: 0x00000271c0f50000

Metaspace:

Usage:
  Non-class:     12.82 MB used.
      Class:      2.13 MB used.
       Both:     14.95 MB used.

Virtual space:
  Non-class space:       16.00 MB reserved,      12.94 MB ( 81%) committed,  2 nodes.
      Class space:        1.00 GB reserved,       2.25 MB ( <1%) committed,  1 nodes.
              Both:        1.02 GB reserved,      15.19 MB (  1%) committed. 

Chunk freelists:
   Non-Class:  2.75 MB
       Class:  1.69 MB
        Both:  4.44 MB

MaxMetaspaceSize: 17179869184.00 GB
CompressedClassSpaceSize: 1.00 GB
 - commit_granule_bytes: 65536.
 - commit_granule_words: 8192.
 - virtual_space_node_default_size: 1048576.
 - enlarge_chunks_in_place: 1.
 - new_chunks_are_fully_committed: 0.
 - uncommit_free_chunks: 1.
 - use_allocation_guard: 0.
 - handle_deallocations: 1.


Internal statistics:

num_allocs_failed_limit: 0.
num_arena_births: 160.
num_arena_deaths: 0.
num_vsnodes_births: 3.
num_vsnodes_deaths: 0.
num_space_committed: 243.
num_space_uncommitted: 0.
num_chunks_returned_to_freelist: 0.
num_chunks_taken_from_freelist: 649.
num_chunk_merges: 0.
num_chunk_splits: 442.
num_chunks_enlarged: 333.
num_purges: 0.

CodeHeap 'non-profiled nmethods': size=120000Kb used=1119Kb max_used=1119Kb free=118880Kb
 bounds [0x00000271d2180000, 0x00000271d23f0000, 0x00000271d96b0000]
CodeHeap 'profiled nmethods': size=120000Kb used=4207Kb max_used=4207Kb free=115793Kb
 bounds [0x00000271cac50000, 0x00000271cb070000, 0x00000271d2180000]
CodeHeap 'non-nmethods': size=5760Kb used=1238Kb max_used=1259Kb free=4521Kb
 bounds [0x00000271ca6b0000, 0x00000271ca920000, 0x00000271cac50000]
 total_blobs=2652 nmethods=2123 adapters=441
 compilation: enabled
              stopped_count=0, restarted_count=0
 full_count=0

Compilation events (20 events):
Event: 2.304 Thread 0x00000271e0ff7690 2101       3       org.gradle.internal.service.DefaultServiceRegistry$FactoryMethodService::<init> (22 bytes)
Event: 2.304 Thread 0x00000271e0ff7690 nmethod 2101 0x00000271cb058310 code [0x00000271cb058540, 0x00000271cb058fc8]
Event: 2.318 Thread 0x00000271e0ff7690 2102       3       sun.reflect.generics.scope.ClassScope::make (9 bytes)
Event: 2.318 Thread 0x00000271e0ff7690 nmethod 2102 0x00000271cb059310 code [0x00000271cb0594c0, 0x00000271cb059798]
Event: 2.318 Thread 0x00000271e0ff7690 2103       3       sun.reflect.generics.scope.ClassScope::<init> (6 bytes)
Event: 2.318 Thread 0x00000271e0ff7690 nmethod 2103 0x00000271cb059890 code [0x00000271cb059a40, 0x00000271cb059c58]
Event: 2.318 Thread 0x00000271e0ff7690 2104       3       java.lang.Module::implIsExportedOrOpen (92 bytes)
Event: 2.319 Thread 0x00000271e0ff7690 nmethod 2104 0x00000271cb059d10 code [0x00000271cb059f40, 0x00000271cb05a678]
Event: 2.319 Thread 0x00000271e0ff7690 2105       3       java.util.concurrent.locks.AbstractQueuedSynchronizer::compareAndSetState (13 bytes)
Event: 2.319 Thread 0x00000271e0ff7690 nmethod 2105 0x00000271cb05a810 code [0x00000271cb05a9a0, 0x00000271cb05aad8]
Event: 2.321 Thread 0x00000271e0ff7690 2106       3       jdk.internal.reflect.ReflectionFactory::copyConstructor (11 bytes)
Event: 2.321 Thread 0x00000271e0ff7690 nmethod 2106 0x00000271cb05ab90 code [0x00000271cb05ad40, 0x00000271cb05af48]
Event: 2.321 Thread 0x00000271e0ff7690 2107       3       java.lang.reflect.ReflectAccess::copyConstructor (5 bytes)
Event: 2.321 Thread 0x00000271e0ff7690 nmethod 2107 0x00000271cb05b090 code [0x00000271cb05b240, 0x00000271cb05b388]
Event: 2.322 Thread 0x00000271e0ff7690 2108       3       java.lang.Class::privateGetDeclaredConstructors (79 bytes)
Event: 2.322 Thread 0x00000271e0ff7690 nmethod 2108 0x00000271cb05b490 code [0x00000271cb05b680, 0x00000271cb05bbc8]
Event: 2.335 Thread 0x00000271e0ff7690 2109       3       org.gradle.internal.service.DefaultServiceRegistry$SingletonService::<init> (26 bytes)
Event: 2.335 Thread 0x00000271e0ff7690 nmethod 2109 0x00000271cb05bd90 code [0x00000271cb05bfa0, 0x00000271cb05c7a8]
Event: 2.335 Thread 0x00000271e0ff7690 2110       3       org.gradle.internal.service.DefaultServiceRegistry$ManagedObjectServiceProvider::<init> (21 bytes)
Event: 2.335 Thread 0x00000271e0ff7690 nmethod 2110 0x00000271cb05ca10 code [0x00000271cb05cc00, 0x00000271cb05d1f8]

GC Heap History (4 events):
Event: 0.615 GC heap before
{Heap before GC invocations=0 (full 0):
 garbage-first heap   total 129024K, used 28672K [0x0000000080000000, 0x0000000100000000)
  region size 1024K, 23 young (23552K), 0 survivors (0K)
 Metaspace       used 3126K, committed 3264K, reserved 1056768K
  class space    used 381K, committed 448K, reserved 1048576K
}
Event: 0.620 GC heap after
{Heap after GC invocations=1 (full 0):
 garbage-first heap   total 129024K, used 9310K [0x0000000080000000, 0x0000000100000000)
  region size 1024K, 3 young (3072K), 3 survivors (3072K)
 Metaspace       used 3126K, committed 3264K, reserved 1056768K
  class space    used 381K, committed 448K, reserved 1048576K
}
Event: 0.858 GC heap before
{Heap before GC invocations=1 (full 0):
 garbage-first heap   total 129024K, used 37982K [0x0000000080000000, 0x0000000100000000)
  region size 1024K, 31 young (31744K), 3 survivors (3072K)
 Metaspace       used 4041K, committed 4224K, reserved 1056768K
  class space    used 477K, committed 576K, reserved 1048576K
}
Event: 0.862 GC heap after
{Heap after GC invocations=2 (full 0):
 garbage-first heap   total 129024K, used 11487K [0x0000000080000000, 0x0000000100000000)
  region size 1024K, 2 young (2048K), 2 survivors (2048K)
 Metaspace       used 4041K, committed 4224K, reserved 1056768K
  class space    used 477K, committed 576K, reserved 1048576K
}

Deoptimization events (20 events):
Event: 1.944 Thread 0x00000271e3803ca0 Uncommon trap: trap_request=0xffffffde fr.pc=0x00000271d2198914 relative=0x00000000000003b4
Event: 1.944 Thread 0x00000271e3803ca0 Uncommon trap: reason=class_check action=maybe_recompile pc=0x00000271d2198914 method=java.util.regex.Matcher.match(II)Z @ 121 c2
Event: 1.944 Thread 0x00000271e3803ca0 DEOPT PACKING pc=0x00000271d2198914 sp=0x0000008d9edf9ef0
Event: 1.944 Thread 0x00000271e3803ca0 DEOPT UNPACKING pc=0x00000271ca6ff92e sp=0x0000008d9edf9eb0 mode 2
Event: 1.966 Thread 0x00000271e3803ca0 Uncommon trap: trap_request=0xffffff45 fr.pc=0x00000271d21ed9a0 relative=0x0000000000000200
Event: 1.966 Thread 0x00000271e3803ca0 Uncommon trap: reason=unstable_if action=reinterpret pc=0x00000271d21ed9a0 method=java.util.regex.Matcher.reset()Ljava/util/regex/Matcher; @ 71 c2
Event: 1.966 Thread 0x00000271e3803ca0 DEOPT PACKING pc=0x00000271d21ed9a0 sp=0x0000008d9edf8d30
Event: 1.966 Thread 0x00000271e3803ca0 DEOPT UNPACKING pc=0x00000271ca6ff92e sp=0x0000008d9edf8cb8 mode 2
Event: 1.966 Thread 0x00000271e3803ca0 Uncommon trap: trap_request=0xffffff45 fr.pc=0x00000271d2198980 relative=0x0000000000000420
Event: 1.966 Thread 0x00000271e3803ca0 Uncommon trap: reason=unstable_if action=reinterpret pc=0x00000271d2198980 method=java.util.regex.Matcher.match(II)Z @ 76 c2
Event: 1.966 Thread 0x00000271e3803ca0 DEOPT PACKING pc=0x00000271d2198980 sp=0x0000008d9edf8d60
Event: 1.966 Thread 0x00000271e3803ca0 DEOPT UNPACKING pc=0x00000271ca6ff92e sp=0x0000008d9edf8d30 mode 2
Event: 2.007 Thread 0x00000271e3803ca0 Uncommon trap: trap_request=0xffffff45 fr.pc=0x00000271d219c3d8 relative=0x0000000000000b38
Event: 2.007 Thread 0x00000271e3803ca0 Uncommon trap: reason=unstable_if action=reinterpret pc=0x00000271d219c3d8 method=java.io.WinNTFileSystem.resolve(Ljava/lang/String;Ljava/lang/String;)Ljava/lang/String; @ 19 c2
Event: 2.007 Thread 0x00000271e3803ca0 DEOPT PACKING pc=0x00000271d219c3d8 sp=0x0000008d9edfb530
Event: 2.007 Thread 0x00000271e3803ca0 DEOPT UNPACKING pc=0x00000271ca6ff92e sp=0x0000008d9edfb4d8 mode 2
Event: 2.008 Thread 0x00000271e3803ca0 Uncommon trap: trap_request=0xffffff45 fr.pc=0x00000271d21f5138 relative=0x00000000000005f8
Event: 2.008 Thread 0x00000271e3803ca0 Uncommon trap: reason=unstable_if action=reinterpret pc=0x00000271d21f5138 method=java.io.File.getName()Ljava/lang/String; @ 16 c2
Event: 2.008 Thread 0x00000271e3803ca0 DEOPT PACKING pc=0x00000271d21f5138 sp=0x0000008d9edfb4d0
Event: 2.008 Thread 0x00000271e3803ca0 DEOPT UNPACKING pc=0x00000271ca6ff92e sp=0x0000008d9edfb4a0 mode 2

Classes unloaded (0 events):
No events

Classes redefined (0 events):
No events

Internal exceptions (20 events):
Event: 1.094 Thread 0x00000271c2f2daf0 Exception <a 'java/lang/NoSuchMethodError'{0x0000000086d9a7c0}: 'java.lang.Object java.lang.invoke.DirectMethodHandle$Holder.invokeStaticInit(java.lang.Object)'> (0x0000000086d9a7c0) 
thrown [t:\workspace\open\src\hotspot\share\interpreter\linkResolver.cpp, line 790]
Event: 1.108 Thread 0x00000271c2f2daf0 Exception <a 'java/lang/NoSuchMethodError'{0x0000000086db4d30}: 'java.lang.Object java.lang.invoke.DirectMethodHandle$Holder.invokeInterface(java.lang.Object, java.lang.Object)'> (0x0000000086db4d30) 
thrown [t:\workspace\open\src\hotspot\share\interpreter\linkResolver.cpp, line 790]
Event: 1.108 Thread 0x00000271c2f2daf0 Exception <a 'java/lang/NoSuchMethodError'{0x0000000086dbd580}: 'java.lang.Object java.lang.invoke.DirectMethodHandle$Holder.invokeStaticInit(java.lang.Object, java.lang.Object, java.lang.Object)'> (0x0000000086dbd580) 
thrown [t:\workspace\open\src\hotspot\share\interpreter\linkResolver.cpp, line 790]
Event: 1.251 Thread 0x00000271c2f2daf0 Exception <a 'java/lang/NoSuchMethodError'{0x00000000867cbe78}: 'java.lang.Object java.lang.invoke.DirectMethodHandle$Holder.invokeStaticInit(java.lang.Object, int, int, int, int)'> (0x00000000867cbe78) 
thrown [t:\workspace\open\src\hotspot\share\interpreter\linkResolver.cpp, line 790]
Event: 1.320 Thread 0x00000271c2f2daf0 Exception <a 'java/lang/NoSuchMethodError'{0x000000008668e608}: 'java.lang.Object java.lang.invoke.DirectMethodHandle$Holder.invokeStaticInit(java.lang.Object, java.lang.Object, int, int, int, int)'> (0x000000008668e608) 
thrown [t:\workspace\open\src\hotspot\share\interpreter\linkResolver.cpp, line 790]
Event: 1.520 Thread 0x00000271c2f2daf0 Exception <a 'java/lang/NoSuchMethodError'{0x000000008642d928}: 'void java.lang.invoke.DirectMethodHandle$Holder.invokeStatic(java.lang.Object, java.lang.Object, java.lang.Object)'> (0x000000008642d928) 
thrown [t:\workspace\open\src\hotspot\share\interpreter\linkResolver.cpp, line 790]
Event: 1.541 Thread 0x00000271c2f2daf0 Exception <a 'java/io/IOException'{0x00000000864e7bb8}> (0x00000000864e7bb8) 
thrown [t:\workspace\open\src\hotspot\share\prims\jni.cpp, line 579]
Event: 1.693 Thread 0x00000271e3803ca0 Exception <a 'java/lang/NoSuchMethodError'{0x0000000085b1dee0}: 'long java.lang.invoke.DirectMethodHandle$Holder.invokeInterface(java.lang.Object, java.lang.Object)'> (0x0000000085b1dee0) 
thrown [t:\workspace\open\src\hotspot\share\interpreter\linkResolver.cpp, line 790]
Event: 1.694 Thread 0x00000271e3803ca0 Exception <a 'java/lang/NoSuchMethodError'{0x0000000085b2c568}: 'void java.lang.invoke.DelegatingMethodHandle$Holder.reinvoke_L(java.lang.Object, java.lang.Object, java.lang.Object, java.lang.Object, java.lang.Object, java.lang.Object, java.lang.Object)'> (0x0000000085b2c568) 
thrown [t:\workspace\open\src\hotspot\share\interpreter\linkResolver.cpp, line 790]
Event: 1.937 Thread 0x00000271e3803ca0 Exception <a 'java/lang/NoSuchMethodError'{0x0000000084c80b78}: 'void java.lang.invoke.DirectMethodHandle$Holder.invokeStaticInit(java.lang.Object)'> (0x0000000084c80b78) 
thrown [t:\workspace\open\src\hotspot\share\interpreter\linkResolver.cpp, line 790]
Event: 1.951 Thread 0x00000271e3803ca0 Exception <a 'java/lang/NoSuchMethodError'{0x0000000084b25ed0}: 'java.lang.Object java.lang.invoke.DirectMethodHandle$Holder.newInvokeSpecial(java.lang.Object, java.lang.Object, java.lang.Object, int)'> (0x0000000084b25ed0) 
thrown [t:\workspace\open\src\hotspot\share\interpreter\linkResolver.cpp, line 790]
Event: 1.952 Thread 0x00000271e3803ca0 Exception <a 'java/lang/NoSuchMethodError'{0x0000000084b2ae68}: 'java.lang.Object java.lang.invoke.DirectMethodHandle$Holder.invokeSpecial(java.lang.Object, java.lang.Object, java.lang.Object, java.lang.Object, int)'> (0x0000000084b2ae68) 
thrown [t:\workspace\open\src\hotspot\share\interpreter\linkResolver.cpp, line 790]
Event: 1.952 Thread 0x00000271e3803ca0 Exception <a 'java/lang/NoSuchMethodError'{0x0000000084b2f6c8}: 'java.lang.Object java.lang.invoke.Invokers$Holder.linkToTargetMethod(java.lang.Object, java.lang.Object, int, java.lang.Object)'> (0x0000000084b2f6c8) 
thrown [t:\workspace\open\src\hotspot\share\interpreter\linkResolver.cpp, line 790]
Event: 2.044 Thread 0x00000271e3803ca0 Exception <a 'java/lang/NoSuchMethodError'{0x00000000846c1370}: 'int java.lang.invoke.DirectMethodHandle$Holder.invokeSpecialIFC(java.lang.Object, java.lang.Object, java.lang.Object, java.lang.Object)'> (0x00000000846c1370) 
thrown [t:\workspace\open\src\hotspot\share\interpreter\linkResolver.cpp, line 790]
Event: 2.046 Thread 0x00000271e3803ca0 Exception <a 'java/lang/NoSuchMethodError'{0x00000000846d0768}: 'java.lang.Object java.lang.invoke.DirectMethodHandle$Holder.invokeInterface(java.lang.Object, java.lang.Object, java.lang.Object)'> (0x00000000846d0768) 
thrown [t:\workspace\open\src\hotspot\share\interpreter\linkResolver.cpp, line 790]
Event: 2.047 Thread 0x00000271e3803ca0 Exception <a 'java/lang/IncompatibleClassChangeError'{0x00000000846d4550}: Found class java.lang.Object, but interface was expected> (0x00000000846d4550) 
thrown [t:\workspace\open\src\hotspot\share\interpreter\linkResolver.cpp, line 857]
Event: 2.128 Thread 0x00000271e3803ca0 Exception <a 'java/lang/NoSuchMethodError'{0x00000000843b8700}: 'int java.lang.invoke.DirectMethodHandle$Holder.invokeStatic(java.lang.Object, java.lang.Object, java.lang.Object, java.lang.Object)'> (0x00000000843b8700) 
thrown [t:\workspace\open\src\hotspot\share\interpreter\linkResolver.cpp, line 790]
Event: 2.128 Thread 0x00000271e3803ca0 Exception <a 'java/lang/NoSuchMethodError'{0x00000000843bc7a8}: 'java.lang.Object java.lang.invoke.Invokers$Holder.invokeExact_MT(java.lang.Object, java.lang.Object, java.lang.Object, java.lang.Object, java.lang.Object, java.lang.Object)'> (0x00000000843bc7a8) 
thrown [t:\workspace\open\src\hotspot\share\interpreter\linkResolver.cpp, line 790]
Event: 2.250 Thread 0x00000271e3803ca0 Exception <a 'java/lang/NoSuchMethodError'{0x0000000083e682f8}: 'java.lang.Object java.lang.invoke.DirectMethodHandle$Holder.invokeSpecial(java.lang.Object, java.lang.Object, java.lang.Object, java.lang.Object, java.lang.Object, java.lang.Object, java.lang.Object, java.lang.Object, java.lang.Object)'> (0x0000000083e682f8) 
thrown [t:\workspace\open\src\hotspot\share\interpreter\linkResolver.cpp, line 790]
Event: 2.337 Thread 0x00000271e3803ca0 Exception <a 'java/lang/NoSuchMethodError'{0x0000000083ab0ba0}: 'void java.lang.invoke.DirectMethodHandle$Holder.invokeStatic(java.lang.Object, java.lang.Object)'> (0x0000000083ab0ba0) 
thrown [t:\workspace\open\src\hotspot\share\interpreter\linkResolver.cpp, line 790]

Events (20 events):
Event: 2.047 loading class java/util/stream/ReduceOps$1ReducingSink done
Event: 2.053 loading class java/io/ObjectOutputStream
Event: 2.053 loading class java/io/ObjectOutput
Event: 2.053 loading class java/io/ObjectOutput done
Event: 2.053 loading class java/io/ObjectStreamConstants
Event: 2.054 loading class java/io/ObjectStreamConstants done
Event: 2.054 loading class java/io/ObjectOutputStream done
Event: 2.054 loading class java/io/ObjectInputStream
Event: 2.054 loading class java/io/ObjectInput
Event: 2.055 loading class java/io/ObjectInput done
Event: 2.055 loading class java/io/ObjectInputStream done
Event: 2.076 loading class java/lang/invoke/MethodHandle$1
Event: 2.076 loading class java/lang/invoke/MethodHandle$1 done
Event: 2.153 loading class java/lang/management/MemoryType
Event: 2.155 loading class java/lang/management/MemoryType done
Event: 2.156 loading class java/lang/management/MemoryUsage
Event: 2.156 loading class java/lang/management/MemoryUsage done
Event: 2.157 loading class java/util/concurrent/LinkedBlockingDeque$Node
Event: 2.157 loading class java/util/concurrent/LinkedBlockingDeque$Node done
Event: 2.199 Thread 0x00000271e1df04a0 Thread exited: 0x00000271e1df04a0


Dynamic libraries:
0x00007ff793950000 - 0x00007ff793960000 	C:\Program Files\Java\jdk-16.0.2\bin\java.exe
0x00007ffcbfd50000 - 0x00007ffcbff48000 	C:\WINDOWS\SYSTEM32\ntdll.dll
0x00007ffcbf520000 - 0x00007ffcbf5dd000 	C:\WINDOWS\System32\KERNEL32.DLL
0x00007ffcbd6f0000 - 0x00007ffcbd9be000 	C:\WINDOWS\System32\KERNELBASE.dll
0x00007ffcbd9f0000 - 0x00007ffcbdaf0000 	C:\WINDOWS\System32\ucrtbase.dll
0x00007ffcaca70000 - 0x00007ffcaca88000 	C:\Program Files\Java\jdk-16.0.2\bin\jli.dll
0x00007ffcaca50000 - 0x00007ffcaca69000 	C:\Program Files\Java\jdk-16.0.2\bin\VCRUNTIME140.dll
0x00007ffcbe490000 - 0x00007ffcbe53e000 	C:\WINDOWS\System32\ADVAPI32.dll
0x00007ffcbe620000 - 0x00007ffcbe6be000 	C:\WINDOWS\System32\msvcrt.dll
0x00007ffcbfc60000 - 0x00007ffcbfcfc000 	C:\WINDOWS\System32\sechost.dll
0x00007ffcbfb30000 - 0x00007ffcbfc55000 	C:\WINDOWS\System32\RPCRT4.dll
0x00007ffcbf7c0000 - 0x00007ffcbf960000 	C:\WINDOWS\System32\USER32.dll
0x00007ffca5b10000 - 0x00007ffca5daa000 	C:\WINDOWS\WinSxS\amd64_microsoft.windows.common-controls_6595b64144ccf1df_6.0.19041.1110_none_60b5254171f9507e\COMCTL32.dll
0x00007ffcbd630000 - 0x00007ffcbd652000 	C:\WINDOWS\System32\win32u.dll
0x00007ffcbe730000 - 0x00007ffcbe75a000 	C:\WINDOWS\System32\GDI32.dll
0x00007ffcbd470000 - 0x00007ffcbd57b000 	C:\WINDOWS\System32\gdi32full.dll
0x00007ffcbdaf0000 - 0x00007ffcbdb8d000 	C:\WINDOWS\System32\msvcp_win.dll
0x00007ffcb6bc0000 - 0x00007ffcb6bca000 	C:\WINDOWS\SYSTEM32\VERSION.dll
0x00007ffcbf5e0000 - 0x00007ffcbf610000 	C:\WINDOWS\System32\IMM32.DLL
0x00007ffcb7830000 - 0x00007ffcb783c000 	C:\Program Files\Java\jdk-16.0.2\bin\vcruntime140_1.dll
0x00007ffca2850000 - 0x00007ffca28e1000 	C:\Program Files\Java\jdk-16.0.2\bin\msvcp140.dll
0x00007ffc54710000 - 0x00007ffc552bb000 	C:\Program Files\Java\jdk-16.0.2\bin\server\jvm.dll
0x00007ffcbe460000 - 0x00007ffcbe468000 	C:\WINDOWS\System32\PSAPI.DLL
0x00007ffcb88b0000 - 0x00007ffcb88b9000 	C:\WINDOWS\SYSTEM32\WSOCK32.dll
0x00007ffcbb2f0000 - 0x00007ffcbb317000 	C:\WINDOWS\SYSTEM32\WINMM.dll
0x00007ffcbe6c0000 - 0x00007ffcbe72b000 	C:\WINDOWS\System32\WS2_32.dll
0x00007ffcbbd30000 - 0x00007ffcbbd42000 	C:\WINDOWS\SYSTEM32\kernel.appcore.dll
0x00007ffcb77e0000 - 0x00007ffcb77ea000 	C:\Program Files\Java\jdk-16.0.2\bin\jimage.dll
0x00007ffcbb100000 - 0x00007ffcbb2e4000 	C:\WINDOWS\SYSTEM32\DBGHELP.DLL
0x00007ffcbb0d0000 - 0x00007ffcbb0fc000 	C:\WINDOWS\SYSTEM32\dbgcore.DLL
0x00007ffcbd660000 - 0x00007ffcbd6e2000 	C:\WINDOWS\System32\bcryptPrimitives.dll
0x00007ffca45e0000 - 0x00007ffca4605000 	C:\Program Files\Java\jdk-16.0.2\bin\java.dll
0x00007ffcbe760000 - 0x00007ffcbeea4000 	C:\WINDOWS\System32\SHELL32.dll
0x00007ffcbb550000 - 0x00007ffcbbce4000 	C:\WINDOWS\SYSTEM32\windows.storage.dll
0x00007ffcbeec0000 - 0x00007ffcbf214000 	C:\WINDOWS\System32\combase.dll
0x00007ffcbced0000 - 0x00007ffcbcf00000 	C:\WINDOWS\SYSTEM32\Wldp.dll
0x00007ffcbfa80000 - 0x00007ffcbfb2d000 	C:\WINDOWS\System32\SHCORE.dll
0x00007ffcbf460000 - 0x00007ffcbf4b5000 	C:\WINDOWS\System32\shlwapi.dll
0x00007ffcbd3b0000 - 0x00007ffcbd3cf000 	C:\WINDOWS\SYSTEM32\profapi.dll
0x00007ffcaca30000 - 0x00007ffcaca49000 	C:\Program Files\Java\jdk-16.0.2\bin\net.dll
0x00007ffca7f40000 - 0x00007ffca804a000 	C:\WINDOWS\SYSTEM32\WINHTTP.dll
0x00007ffcbcc30000 - 0x00007ffcbcc9a000 	C:\WINDOWS\system32\mswsock.dll
0x00007ffca4330000 - 0x00007ffca4343000 	C:\Program Files\Java\jdk-16.0.2\bin\nio.dll
0x00007ffca38d0000 - 0x00007ffca38e8000 	C:\Program Files\Java\jdk-16.0.2\bin\zip.dll
0x00007ffcb7740000 - 0x00007ffcb7750000 	C:\Program Files\Java\jdk-16.0.2\bin\verify.dll
0x00007ffcaca90000 - 0x00007ffcacab7000 	C:\Users\ITECH\.gradle\native\e1d6ef7f7dcc3fd88c89a11ec53ec762bb8ba0a96d01ffa2cd45eb1d1d8dd5c5\windows-amd64\native-platform.dll
0x00007ffc93e50000 - 0x00007ffc93f94000 	C:\Users\ITECH\.gradle\native\5664cfc778a61ccfe75a443a1ab52a65af34e5dc3c78e0209fed803814484fcb\windows-amd64\native-platform-file-events.dll
0x00007ffcb4eb0000 - 0x00007ffcb4eb9000 	C:\Program Files\Java\jdk-16.0.2\bin\management.dll
0x00007ffcacb70000 - 0x00007ffcacb7b000 	C:\Program Files\Java\jdk-16.0.2\bin\management_ext.dll
0x00007ffcbce20000 - 0x00007ffcbce38000 	C:\WINDOWS\SYSTEM32\CRYPTSP.dll
0x00007ffcbc540000 - 0x00007ffcbc574000 	C:\WINDOWS\system32\rsaenh.dll
0x00007ffcbd9c0000 - 0x00007ffcbd9e7000 	C:\WINDOWS\System32\bcrypt.dll
0x00007ffcbd370000 - 0x00007ffcbd39e000 	C:\WINDOWS\SYSTEM32\USERENV.dll
0x00007ffcbce40000 - 0x00007ffcbce4c000 	C:\WINDOWS\SYSTEM32\CRYPTBASE.dll
0x00007ffcbc8d0000 - 0x00007ffcbc90b000 	C:\WINDOWS\SYSTEM32\IPHLPAPI.DLL
0x00007ffcbfd00000 - 0x00007ffcbfd08000 	C:\WINDOWS\System32\NSI.dll
0x00007ffcb1790000 - 0x00007ffcb17a7000 	C:\WINDOWS\SYSTEM32\dhcpcsvc6.DLL
0x00007ffcb1d50000 - 0x00007ffcb1d6d000 	C:\WINDOWS\SYSTEM32\dhcpcsvc.DLL
0x00007ffcbc920000 - 0x00007ffcbc9ea000 	C:\WINDOWS\SYSTEM32\DNSAPI.dll
0x00007ffca4320000 - 0x00007ffca432e000 	C:\Program Files\Java\jdk-16.0.2\bin\sunmscapi.dll
0x00007ffcbdb90000 - 0x00007ffcbdce6000 	C:\WINDOWS\System32\CRYPT32.dll
0x00007ffcbcf40000 - 0x00007ffcbcf67000 	C:\WINDOWS\SYSTEM32\ncrypt.dll
0x00007ffcbcf00000 - 0x00007ffcbcf3b000 	C:\WINDOWS\SYSTEM32\NTASN1.dll
0x00007ffc6f6b0000 - 0x00007ffc6f6b7000 	C:\WINDOWS\system32\wshunix.dll

dbghelp: loaded successfully - version: 4.0.5 - missing functions: none
symbol engine: initialized successfully - sym options: 0x614 - pdb path: .;C:\Program Files\Java\jdk-16.0.2\bin;C:\WINDOWS\SYSTEM32;C:\WINDOWS\WinSxS\amd64_microsoft.windows.common-controls_6595b64144ccf1df_6.0.19041.1110_none_60b5254171f9507e;C:\Program Files\Java\jdk-16.0.2\bin\server;C:\Users\ITECH\.gradle\native\e1d6ef7f7dcc3fd88c89a11ec53ec762bb8ba0a96d01ffa2cd45eb1d1d8dd5c5\windows-amd64;C:\Users\ITECH\.gradle\native\5664cfc778a61ccfe75a443a1ab52a65af34e5dc3c78e0209fed803814484fcb\windows-amd64

VM Arguments:
jvm_args: --add-opens=java.base/java.util=ALL-UNNAMED --add-opens=java.base/java.lang=ALL-UNNAMED --add-opens=java.base/java.lang.invoke=ALL-UNNAMED --add-opens=java.base/java.util=ALL-UNNAMED --add-opens=java.prefs/java.util.prefs=ALL-UNNAMED --add-opens=java.prefs/java.util.prefs=ALL-UNNAMED --add-opens=java.base/java.nio.charset=ALL-UNNAMED --add-opens=java.base/java.net=ALL-UNNAMED --add-opens=java.base/java.util.concurrent.atomic=ALL-UNNAMED -Xmx2048m -Dfile.encoding=UTF-8 -Duser.country=US -Duser.language=en -Duser.variant 
java_command: org.gradle.launcher.daemon.bootstrap.GradleDaemon 7.3.3
java_class_path (initial): C:\Users\ITECH\.gradle\wrapper\dists\gradle-7.3.3-bin\6a41zxkdtcxs8rphpq6y0069z\gradle-7.3.3\lib\gradle-launcher-7.3.3.jar
Launcher Type: SUN_STANDARD

[Global flags]
     intx CICompilerCount                          = 4                                         {product} {ergonomic}
     uint ConcGCThreads                            = 2                                         {product} {ergonomic}
     uint G1ConcRefinementThreads                  = 8                                         {product} {ergonomic}
   size_t G1HeapRegionSize                         = 1048576                                   {product} {ergonomic}
    uintx GCDrainStackTargetSize                   = 64                                        {product} {ergonomic}
   size_t InitialHeapSize                          = 132120576                                 {product} {ergonomic}
   size_t MarkStackSize                            = 4194304                                   {product} {ergonomic}
   size_t MaxHeapSize                              = 2147483648                                {product} {command line}
   size_t MaxNewSize                               = 1287651328                                {product} {ergonomic}
   size_t MinHeapDeltaBytes                        = 1048576                                   {product} {ergonomic}
   size_t MinHeapSize                              = 8388608                                   {product} {ergonomic}
    uintx NonNMethodCodeHeapSize                   = 5839372                                {pd product} {ergonomic}
    uintx NonProfiledCodeHeapSize                  = 122909434                              {pd product} {ergonomic}
    uintx ProfiledCodeHeapSize                     = 122909434                              {pd product} {ergonomic}
    uintx ReservedCodeCacheSize                    = 251658240                              {pd product} {ergonomic}
     bool SegmentedCodeCache                       = true                                      {product} {ergonomic}
   size_t SoftMaxHeapSize                          = 2147483648                             {manageable} {ergonomic}
     bool UseCompressedClassPointers               = true                           {product lp64_product} {ergonomic}
     bool UseCompressedOops                        = true                           {product lp64_product} {ergonomic}
     bool UseG1GC                                  = true                                      {product} {ergonomic}
     bool UseLargePagesIndividualAllocation        = false                                  {pd product} {ergonomic}

Logging:
Log output configuration:
 #0: stdout all=warning uptime,level,tags
 #1: stderr all=off uptime,level,tags

Environment Variables:
JAVA_HOME=C:\Program Files\Java\jdk-16.0.2
PATH=C:\Program Files\Python37\Scripts\;C:\Program Files\Python37\;C:\ProgramData\Oracle\Java\javapath;C:\app\ITECH\product\11.2.0\dbhome_1\bin;C:\Program Files\Common Files\Oracle\Java\javapath;C:\Program Files (x86)\Common Files\Oracle\Java\javapath;C:\WINDOWS\system32;C:\WINDOWS;C:\WINDOWS\System32\Wbem;C:\WINDOWS\System32\WindowsPowerShell\v1.0\;C:\WINDOWS\System32\OpenSSH\;C:\Program Files\Microsoft SQL Server\130\Tools\Binn\;C:\Program Files\Microsoft SQL Server\Client SDK\ODBC\170\Tools\Binn\;C:\Program Files\dotnet\;C:\Program Files\nodejs\;C:\Program Files\Java\jdk-16.0.2\bin;C:\Program Files\Git\cmd;C:\Program Files\Java\jdk-16.0.2\bin;
USERNAME=ITECH
OS=Windows_NT
PROCESSOR_IDENTIFIER=Intel64 Family 6 Model 126 Stepping 5, GenuineIntel



---------------  S Y S T E M  ---------------

OS:
 Windows 10 , 64 bit Build 19041 (10.0.19041.1889)
OS uptime: 0 days 1:04 hours

CPU: total 8 (initial active 8) (4 cores per cpu, 2 threads per core) family 6 model 126 stepping 5 microcode 0xb0, cx8, cmov, fxsr, ht, mmx, 3dnowpref, sse, sse2, sse3, ssse3, sse4.1, sse4.2, popcnt, lzcnt, tsc, tscinvbit, avx, avx2, aes, erms, clmul, bmi1, bmi2, adx, avx512f, avx512dq, avx512cd, avx512bw, avx512vl, sha, fma, vzeroupper, avx512_vpopcntdq, avx512_vpclmulqdq, avx512_vaes, avx512_vnni, clflush, clflushopt, avx512_vmbi2, avx512_vmbi

Memory: 4k page, system-wide physical 7959M (882M free)
TotalPageFile size 7959M (AvailPageFile size 3M)
current process WorkingSet (physical memory assigned to process): 194M, peak: 194M
current process commit charge ("private bytes"): 289M, peak: 291M

vm_info: Java HotSpot(TM) 64-Bit Server VM (16.0.2+7-67) for windows-amd64 JRE (16.0.2+7-67), built on Jun  8 2021 23:24:19 by "mach5one" with MS VC++ 16.7 (VS2019)

END.
