#
# There is insufficient memory for the Java Runtime Environment to continue.
# Native memory allocation (mmap) failed to map 24117248 bytes for G1 virtual space
# Possible reasons:
#   The system is out of physical RAM or swap space
#   The process is running with CompressedOops enabled, and the Java Heap may be blocking the growth of the native heap
# Possible solutions:
#   Reduce memory load on the system
#   Increase physical memory or swap space
#   Check if swap backing store is full
#   Decrease Java heap size (-Xmx/-Xms)
#   Decrease number of Java threads
#   Decrease Java thread stack sizes (-Xss)
#   Set larger code cache with -XX:ReservedCodeCacheSize=
#   JVM is running with Unscaled Compressed Oops mode in which the Java heap is
#     placed in the first 4GB address space. The Java Heap base address is the
#     maximum limit for the native heap growth. Please use -XX:HeapBaseMinAddress
#     to set the Java Heap base and to place the Java Heap above 4GB virtual address.
# This output file may be truncated or incomplete.
#
#  Out of Memory Error (os_windows.cpp:3466), pid=1344, tid=13600
#
# JRE version: Java(TM) SE Runtime Environment (16.0.2+7) (build 16.0.2+7-67)
# Java VM: Java HotSpot(TM) 64-Bit Server VM (16.0.2+7-67, mixed mode, sharing, tiered, compressed oops, compressed class ptrs, g1 gc, windows-amd64)
# No core dump will be written. Minidumps are not enabled by default on client versions of Windows
#

---------------  S U M M A R Y ------------

Command Line: --add-opens=java.base/java.util=ALL-UNNAMED --add-opens=java.base/java.lang=ALL-UNNAMED --add-opens=java.base/java.lang.invoke=ALL-UNNAMED --add-opens=java.base/java.util=ALL-UNNAMED --add-opens=java.prefs/java.util.prefs=ALL-UNNAMED --add-opens=java.prefs/java.util.prefs=ALL-UNNAMED --add-opens=java.base/java.nio.charset=ALL-UNNAMED --add-opens=java.base/java.net=ALL-UNNAMED --add-opens=java.base/java.util.concurrent.atomic=ALL-UNNAMED -Xmx2048m -Dfile.encoding=UTF-8 -Duser.country=US -Duser.language=en -Duser.variant org.gradle.launcher.daemon.bootstrap.GradleDaemon 7.3.3

Host: Intel(R) Core(TM) i7-1065G7 CPU @ 1.30GHz, 8 cores, 7G,  Windows 10 , 64 bit Build 19041 (10.0.19041.1889)
Time: Mon Aug 22 17:52:53 2022 Egypt Standard Time elapsed time: 9.749996 seconds (0d 0h 0m 9s)

---------------  T H R E A D  ---------------

Current thread (0x000001ff669adbd0):  VMThread "VM Thread" [stack: 0x00000054a2600000,0x00000054a2700000] [id=13600]

Stack: [0x00000054a2600000,0x00000054a2700000]
Native frames: (J=compiled Java code, j=interpreted, Vv=VM code, C=native code)
V  [jvm.dll+0x6681ca]
V  [jvm.dll+0x7c9e69]
V  [jvm.dll+0x7cb61e]
V  [jvm.dll+0x7cbc73]
V  [jvm.dll+0x242c55]
V  [jvm.dll+0x664f89]
V  [jvm.dll+0x659b75]
V  [jvm.dll+0x2fbfbb]
V  [jvm.dll+0x3031b6]
V  [jvm.dll+0x35299e]
V  [jvm.dll+0x352bcf]
V  [jvm.dll+0x2d3028]
V  [jvm.dll+0x2d6596]
V  [jvm.dll+0x2e0aa7]
V  [jvm.dll+0x315550]
V  [jvm.dll+0x7d00ab]
V  [jvm.dll+0x7d0da4]
V  [jvm.dll+0x7d12a9]
V  [jvm.dll+0x7d1564]
V  [jvm.dll+0x7d1630]
V  [jvm.dll+0x7795aa]
V  [jvm.dll+0x667066]
C  [ucrtbase.dll+0x21bb2]
C  [KERNEL32.DLL+0x17034]
C  [ntdll.dll+0x52651]

VM_Operation (0x00000054a22ff860): G1Concurrent, mode: safepoint, requested by thread 0x000001ff4699c870


---------------  P R O C E S S  ---------------

Threads class SMR info:
_java_thread_list=0x000001ff6b247cf0, length=137, elements={
0x000001ff4694da60, 0x000001ff669b15d0, 0x000001ff669b20e0, 0x000001ff669c28b0,
0x000001ff669c33c0, 0x000001ff669c7f00, 0x000001ff669c9030, 0x000001ff669d5a40,
0x000001ff669d7850, 0x000001ff669dc5d0, 0x000001ff674b2d70, 0x000001ff674b80d0,
0x000001ff675c45a0, 0x000001ff68d8cfa0, 0x000001ff6912c160, 0x000001ff68a72970,
0x000001ff69b48200, 0x000001ff6979a580, 0x000001ff690e7370, 0x000001ff69a11a00,
0x000001ff685a2230, 0x000001ff685a0cf0, 0x000001ff685a3cc0, 0x000001ff685a4210,
0x000001ff685a2cd0, 0x000001ff685a3220, 0x000001ff691f3890, 0x000001ff685a1ce0,
0x000001ff685a1240, 0x000001ff685a3770, 0x000001ff685a2780, 0x000001ff685a1790,
0x000001ff6b430690, 0x000001ff6b42ec00, 0x000001ff6b434100, 0x000001ff6b431680,
0x000001ff6b432120, 0x000001ff6b433110, 0x000001ff6b430140, 0x000001ff6b42f6a0,
0x000001ff6b431bd0, 0x000001ff6b42e6b0, 0x000001ff6b432670, 0x000001ff6b432bc0,
0x000001ff6b433660, 0x000001ff6b433bb0, 0x000001ff6b42d6c0, 0x000001ff6b434650,
0x000001ff6b434ba0, 0x000001ff6b4350f0, 0x000001ff6b42f150, 0x000001ff6b42dc10,
0x000001ff6e078a80, 0x000001ff6e078fd0, 0x000001ff6e076000, 0x000001ff6e077fe0,
0x000001ff6e079a70, 0x000001ff6e076550, 0x000001ff6e077540, 0x000001ff6e076aa0,
0x000001ff6e079520, 0x000001ff6e076ff0, 0x000001ff6e079fc0, 0x000001ff6e07a510,
0x000001ff6e077a90, 0x000001ff6e07aa60, 0x000001ff6e078530, 0x000001ff6e07b500,
0x000001ff6e07afb0, 0x000001ff6e07ba50, 0x000001ff6e07bfa0, 0x000001ff6e07c4f0,
0x000001ff6e074ac0, 0x000001ff6e075010, 0x000001ff6e075560, 0x000001ff6e075ab0,
0x000001ff6de43a70, 0x000001ff6de4a4b0, 0x000001ff6de44a60, 0x000001ff6de43520,
0x000001ff6de484d0, 0x000001ff6de44510, 0x000001ff6de49f60, 0x000001ff6de48a20,
0x000001ff6de46a40, 0x000001ff6de474e0, 0x000001ff6de46f90, 0x000001ff6de43fc0,
0x000001ff6de494c0, 0x000001ff6de49a10, 0x000001ff6de48f70, 0x000001ff6de47a30,
0x000001ff6de47f80, 0x000001ff6de44fb0, 0x000001ff6de45500, 0x000001ff6de4aa00,
0x000001ff6de45a50, 0x000001ff6de4af50, 0x000001ff6de45fa0, 0x000001ff6de464f0,
0x000001ff6bcbc460, 0x000001ff6bcbe440, 0x000001ff6bcbaf20, 0x000001ff6bcb9490,
0x000001ff6bcbdef0, 0x000001ff6bcbd9a0, 0x000001ff6bcbe990, 0x000001ff6bcbcf00,
0x000001ff6bcbeee0, 0x000001ff6bcba480, 0x000001ff6bcb84a0, 0x000001ff6bcba9d0,
0x000001ff6bcb74b0, 0x000001ff6bcb7a00, 0x000001ff6bcbb9c0, 0x000001ff6bcb7f50,
0x000001ff6bcbb470, 0x000001ff6bcb89f0, 0x000001ff6bcb8f40, 0x000001ff6bcbbf10,
0x000001ff6bcb99e0, 0x000001ff6bcb9f30, 0x000001ff6bcbc9b0, 0x000001ff6bcbd450,
0x000001ff699230c0, 0x000001ff69926b30, 0x000001ff6992a050, 0x000001ff69927080,
0x000001ff6992a5a0, 0x000001ff69924b50, 0x000001ff699250a0, 0x000001ff69927b20,
0x000001ff699295b0, 0x000001ff69923610, 0x000001ff69923b60, 0x000001ff69928070,
0x000001ff69925b40
}

Java Threads: ( => current thread )
  0x000001ff4694da60 JavaThread "main" [_thread_blocked, id=6996, stack(0x00000054a2000000,0x00000054a2100000)]
  0x000001ff669b15d0 JavaThread "Reference Handler" daemon [_thread_blocked, id=7176, stack(0x00000054a2700000,0x00000054a2800000)]
  0x000001ff669b20e0 JavaThread "Finalizer" daemon [_thread_blocked, id=10208, stack(0x00000054a2800000,0x00000054a2900000)]
  0x000001ff669c28b0 JavaThread "Signal Dispatcher" daemon [_thread_blocked, id=2068, stack(0x00000054a2900000,0x00000054a2a00000)]
  0x000001ff669c33c0 JavaThread "Attach Listener" daemon [_thread_blocked, id=8792, stack(0x00000054a2a00000,0x00000054a2b00000)]
  0x000001ff669c7f00 JavaThread "Service Thread" daemon [_thread_blocked, id=10476, stack(0x00000054a2b00000,0x00000054a2c00000)]
  0x000001ff669c9030 JavaThread "Monitor Deflation Thread" daemon [_thread_blocked, id=6932, stack(0x00000054a2c00000,0x00000054a2d00000)]
  0x000001ff669d5a40 JavaThread "C2 CompilerThread0" daemon [_thread_blocked, id=11032, stack(0x00000054a2d00000,0x00000054a2e00000)]
  0x000001ff669d7850 JavaThread "C1 CompilerThread0" daemon [_thread_blocked, id=14228, stack(0x00000054a2e00000,0x00000054a2f00000)]
  0x000001ff669dc5d0 JavaThread "Sweeper thread" daemon [_thread_blocked, id=11764, stack(0x00000054a2f00000,0x00000054a3000000)]
  0x000001ff674b2d70 JavaThread "Common-Cleaner" daemon [_thread_blocked, id=13184, stack(0x00000054a3000000,0x00000054a3100000)]
  0x000001ff674b80d0 JavaThread "Notification Thread" daemon [_thread_blocked, id=7148, stack(0x00000054a3100000,0x00000054a3200000)]
  0x000001ff675c45a0 JavaThread "C2 CompilerThread1" daemon [_thread_blocked, id=10772, stack(0x00000054a3300000,0x00000054a3400000)]
  0x000001ff68d8cfa0 JavaThread "Daemon health stats" [_thread_blocked, id=8968, stack(0x00000054a3900000,0x00000054a3a00000)]
  0x000001ff6912c160 JavaThread "Incoming local TCP Connector on port 60559" [_thread_in_native, id=8964, stack(0x00000054a3a00000,0x00000054a3b00000)]
  0x000001ff68a72970 JavaThread "Daemon periodic checks" [_thread_blocked, id=3420, stack(0x00000054a3b00000,0x00000054a3c00000)]
  0x000001ff69b48200 JavaThread "Daemon" [_thread_blocked, id=2160, stack(0x00000054a3c00000,0x00000054a3d00000)]
  0x000001ff6979a580 JavaThread "Handler for socket connection from /127.0.0.1:60559 to /127.0.0.1:60560" [_thread_in_native, id=4712, stack(0x00000054a3d00000,0x00000054a3e00000)]
  0x000001ff690e7370 JavaThread "Cancel handler" [_thread_blocked, id=9000, stack(0x00000054a3e00000,0x00000054a3f00000)]
  0x000001ff69a11a00 JavaThread "Daemon worker" [_thread_blocked, id=4384, stack(0x00000054a3f00000,0x00000054a4000000)]
  0x000001ff685a2230 JavaThread "Asynchronous log dispatcher for DefaultDaemonConnection: socket connection from /127.0.0.1:60559 to /127.0.0.1:60560" [_thread_blocked, id=3776, stack(0x00000054a4000000,0x00000054a4100000)]
  0x000001ff685a0cf0 JavaThread "Stdin handler" [_thread_blocked, id=9816, stack(0x00000054a4100000,0x00000054a4200000)]
  0x000001ff685a3cc0 JavaThread "Daemon client event forwarder" [_thread_blocked, id=13520, stack(0x00000054a4200000,0x00000054a4300000)]
  0x000001ff685a4210 JavaThread "Cache worker for journal cache (C:\Users\ITECH\.gradle\caches\journal-1)" [_thread_blocked, id=12236, stack(0x00000054a4300000,0x00000054a4400000)]
  0x000001ff685a2cd0 JavaThread "File lock request listener" [_thread_in_native, id=13256, stack(0x00000054a4400000,0x00000054a4500000)]
  0x000001ff685a3220 JavaThread "Cache worker for file hash cache (C:\Users\ITECH\.gradle\caches\7.3.3\fileHashes)" [_thread_blocked, id=12652, stack(0x00000054a4500000,0x00000054a4600000)]
  0x000001ff691f3890 JavaThread "C2 CompilerThread2" daemon [_thread_in_native, id=3496, stack(0x00000054a3400000,0x00000054a3500000)]
  0x000001ff685a1ce0 JavaThread "Cache worker for file hash cache (C:\Users\ITECH\AndroidStudioProjects\yummy\.gradle\7.3.3\fileHashes)" [_thread_blocked, id=12348, stack(0x00000054a4600000,0x00000054a4700000)]
  0x000001ff685a1240 JavaThread "File watcher server" daemon [_thread_blocked, id=9840, stack(0x00000054a4a00000,0x00000054a4b00000)]
  0x000001ff685a3770 JavaThread "File watcher consumer" daemon [_thread_blocked, id=3412, stack(0x00000054a4b00000,0x00000054a4c00000)]
  0x000001ff685a2780 JavaThread "Cache worker for checksums cache (C:\Users\ITECH\AndroidStudioProjects\yummy\.gradle\7.3.3\checksums)" [_thread_blocked, id=13948, stack(0x00000054a4c00000,0x00000054a4d00000)]
  0x000001ff685a1790 JavaThread "Cache worker for cache directory md-supplier (C:\Users\ITECH\.gradle\caches\7.3.3\md-supplier)" [_thread_blocked, id=13724, stack(0x00000054a4d00000,0x00000054a4e00000)]
  0x000001ff6b430690 JavaThread "Cache worker for cache directory md-rule (C:\Users\ITECH\.gradle\caches\7.3.3\md-rule)" [_thread_blocked, id=12804, stack(0x00000054a4e00000,0x00000054a4f00000)]
  0x000001ff6b42ec00 JavaThread "Cache worker for execution history cache (C:\Users\ITECH\.gradle\caches\7.3.3\executionHistory)" [_thread_blocked, id=2096, stack(0x00000054a5000000,0x00000054a5100000)]
  0x000001ff6b434100 JavaThread "jar transforms" [_thread_blocked, id=4364, stack(0x00000054a5100000,0x00000054a5200000)]
  0x000001ff6b431680 JavaThread "Cache worker for file content cache (C:\Users\ITECH\.gradle\caches\7.3.3\fileContent)" [_thread_blocked, id=7800, stack(0x00000054a5200000,0x00000054a5300000)]
  0x000001ff6b432120 JavaThread "jar transforms Thread 2" [_thread_blocked, id=13452, stack(0x00000054a5300000,0x00000054a5400000)]
  0x000001ff6b433110 JavaThread "Cache worker for dependencies-accessors (C:\Users\ITECH\AndroidStudioProjects\yummy\.gradle\7.3.3\dependencies-accessors)" [_thread_blocked, id=11596, stack(0x00000054a5400000,0x00000054a5500000)]
  0x000001ff6b430140 JavaThread "jar transforms Thread 3" [_thread_blocked, id=12132, stack(0x00000054a5500000,0x00000054a5600000)]
  0x000001ff6b42f6a0 JavaThread "Cache worker for Build Output Cleanup Cache (C:\Users\ITECH\AndroidStudioProjects\yummy\.gradle\buildOutputCleanup)" [_thread_blocked, id=9420, stack(0x00000054a5600000,0x00000054a5700000)]
  0x000001ff6b431bd0 JavaThread "Unconstrained build operations" [_thread_blocked, id=8856, stack(0x00000054a5700000,0x00000054a5800000)]
  0x000001ff6b42e6b0 JavaThread "Unconstrained build operations Thread 2" [_thread_blocked, id=1732, stack(0x00000054a5800000,0x00000054a5900000)]
  0x000001ff6b432670 JavaThread "Unconstrained build operations Thread 3" [_thread_blocked, id=12944, stack(0x00000054a5900000,0x00000054a5a00000)]
  0x000001ff6b432bc0 JavaThread "Unconstrained build operations Thread 4" [_thread_blocked, id=10076, stack(0x00000054a5a00000,0x00000054a5b00000)]
  0x000001ff6b433660 JavaThread "Unconstrained build operations Thread 5" [_thread_blocked, id=4980, stack(0x00000054a5b00000,0x00000054a5c00000)]
  0x000001ff6b433bb0 JavaThread "Unconstrained build operations Thread 6" [_thread_blocked, id=9220, stack(0x00000054a5c00000,0x00000054a5d00000)]
  0x000001ff6b42d6c0 JavaThread "Unconstrained build operations Thread 7" [_thread_blocked, id=10020, stack(0x00000054a5d00000,0x00000054a5e00000)]
  0x000001ff6b434650 JavaThread "Unconstrained build operations Thread 8" [_thread_blocked, id=2688, stack(0x00000054a5e00000,0x00000054a5f00000)]
  0x000001ff6b434ba0 JavaThread "Unconstrained build operations Thread 9" [_thread_blocked, id=9488, stack(0x00000054a5f00000,0x00000054a6000000)]
  0x000001ff6b4350f0 JavaThread "Unconstrained build operations Thread 10" [_thread_blocked, id=10652, stack(0x00000054a6000000,0x00000054a6100000)]
  0x000001ff6b42f150 JavaThread "Unconstrained build operations Thread 11" [_thread_blocked, id=1636, stack(0x00000054a6100000,0x00000054a6200000)]
  0x000001ff6b42dc10 JavaThread "Unconstrained build operations Thread 12" [_thread_blocked, id=12988, stack(0x00000054a6200000,0x00000054a6300000)]
  0x000001ff6e078a80 JavaThread "Unconstrained build operations Thread 13" [_thread_blocked, id=8292, stack(0x00000054a6300000,0x00000054a6400000)]
  0x000001ff6e078fd0 JavaThread "Unconstrained build operations Thread 14" [_thread_blocked, id=5228, stack(0x00000054a6400000,0x00000054a6500000)]
  0x000001ff6e076000 JavaThread "Unconstrained build operations Thread 15" [_thread_blocked, id=8608, stack(0x00000054a6500000,0x00000054a6600000)]
  0x000001ff6e077fe0 JavaThread "Unconstrained build operations Thread 16" [_thread_blocked, id=11212, stack(0x00000054a6600000,0x00000054a6700000)]
  0x000001ff6e079a70 JavaThread "Unconstrained build operations Thread 17" [_thread_blocked, id=1112, stack(0x00000054a6700000,0x00000054a6800000)]
  0x000001ff6e076550 JavaThread "Unconstrained build operations Thread 18" [_thread_blocked, id=9132, stack(0x00000054a6800000,0x00000054a6900000)]
  0x000001ff6e077540 JavaThread "Unconstrained build operations Thread 19" [_thread_blocked, id=9048, stack(0x00000054a6900000,0x00000054a6a00000)]
  0x000001ff6e076aa0 JavaThread "Unconstrained build operations Thread 20" [_thread_blocked, id=12408, stack(0x00000054a6a00000,0x00000054a6b00000)]
  0x000001ff6e079520 JavaThread "Unconstrained build operations Thread 21" [_thread_blocked, id=8092, stack(0x00000054a6b00000,0x00000054a6c00000)]
  0x000001ff6e076ff0 JavaThread "Unconstrained build operations Thread 22" [_thread_blocked, id=14172, stack(0x00000054a6c00000,0x00000054a6d00000)]
  0x000001ff6e079fc0 JavaThread "Unconstrained build operations Thread 23" [_thread_blocked, id=1168, stack(0x00000054a6d00000,0x00000054a6e00000)]
  0x000001ff6e07a510 JavaThread "Unconstrained build operations Thread 24" [_thread_blocked, id=12924, stack(0x00000054a6e00000,0x00000054a6f00000)]
  0x000001ff6e077a90 JavaThread "Unconstrained build operations Thread 25" [_thread_blocked, id=6868, stack(0x00000054a6f00000,0x00000054a7000000)]
  0x000001ff6e07aa60 JavaThread "Unconstrained build operations Thread 26" [_thread_blocked, id=2316, stack(0x00000054a7000000,0x00000054a7100000)]
  0x000001ff6e078530 JavaThread "Unconstrained build operations Thread 27" [_thread_blocked, id=13788, stack(0x00000054a7100000,0x00000054a7200000)]
  0x000001ff6e07b500 JavaThread "Unconstrained build operations Thread 28" [_thread_blocked, id=8300, stack(0x00000054a7200000,0x00000054a7300000)]
  0x000001ff6e07afb0 JavaThread "Unconstrained build operations Thread 29" [_thread_blocked, id=14216, stack(0x00000054a7300000,0x00000054a7400000)]
  0x000001ff6e07ba50 JavaThread "Unconstrained build operations Thread 30" [_thread_blocked, id=4376, stack(0x00000054a7400000,0x00000054a7500000)]
  0x000001ff6e07bfa0 JavaThread "Unconstrained build operations Thread 31" [_thread_blocked, id=6840, stack(0x00000054a7500000,0x00000054a7600000)]
  0x000001ff6e07c4f0 JavaThread "Unconstrained build operations Thread 32" [_thread_blocked, id=5596, stack(0x00000054a7600000,0x00000054a7700000)]
  0x000001ff6e074ac0 JavaThread "Unconstrained build operations Thread 33" [_thread_blocked, id=14120, stack(0x00000054a7700000,0x00000054a7800000)]
  0x000001ff6e075010 JavaThread "Unconstrained build operations Thread 34" [_thread_blocked, id=9540, stack(0x00000054a7800000,0x00000054a7900000)]
  0x000001ff6e075560 JavaThread "Unconstrained build operations Thread 35" [_thread_blocked, id=8332, stack(0x00000054a7900000,0x00000054a7a00000)]
  0x000001ff6e075ab0 JavaThread "Unconstrained build operations Thread 36" [_thread_blocked, id=5648, stack(0x00000054a7a00000,0x00000054a7b00000)]
  0x000001ff6de43a70 JavaThread "Unconstrained build operations Thread 37" [_thread_blocked, id=244, stack(0x00000054a7b00000,0x00000054a7c00000)]
  0x000001ff6de4a4b0 JavaThread "Unconstrained build operations Thread 38" [_thread_blocked, id=6172, stack(0x00000054a7c00000,0x00000054a7d00000)]
  0x000001ff6de44a60 JavaThread "Unconstrained build operations Thread 39" [_thread_blocked, id=3024, stack(0x00000054a7d00000,0x00000054a7e00000)]
  0x000001ff6de43520 JavaThread "Unconstrained build operations Thread 40" [_thread_blocked, id=10868, stack(0x00000054a7e00000,0x00000054a7f00000)]
  0x000001ff6de484d0 JavaThread "Unconstrained build operations Thread 41" [_thread_blocked, id=1456, stack(0x00000054a7f00000,0x00000054a8000000)]
  0x000001ff6de44510 JavaThread "Unconstrained build operations Thread 42" [_thread_blocked, id=1976, stack(0x00000054a8000000,0x00000054a8100000)]
  0x000001ff6de49f60 JavaThread "Unconstrained build operations Thread 43" [_thread_blocked, id=9856, stack(0x00000054a8100000,0x00000054a8200000)]
  0x000001ff6de48a20 JavaThread "Unconstrained build operations Thread 44" [_thread_blocked, id=6968, stack(0x00000054a8200000,0x00000054a8300000)]
  0x000001ff6de46a40 JavaThread "Unconstrained build operations Thread 45" [_thread_blocked, id=7684, stack(0x00000054a8300000,0x00000054a8400000)]
  0x000001ff6de474e0 JavaThread "Unconstrained build operations Thread 46" [_thread_blocked, id=8748, stack(0x00000054a8400000,0x00000054a8500000)]
  0x000001ff6de46f90 JavaThread "Unconstrained build operations Thread 47" [_thread_blocked, id=5656, stack(0x00000054a8500000,0x00000054a8600000)]
  0x000001ff6de43fc0 JavaThread "Unconstrained build operations Thread 48" [_thread_blocked, id=3644, stack(0x00000054a8600000,0x00000054a8700000)]
  0x000001ff6de494c0 JavaThread "Unconstrained build operations Thread 49" [_thread_blocked, id=10812, stack(0x00000054a8700000,0x00000054a8800000)]
  0x000001ff6de49a10 JavaThread "Unconstrained build operations Thread 50" [_thread_blocked, id=2192, stack(0x00000054a8800000,0x00000054a8900000)]
  0x000001ff6de48f70 JavaThread "Unconstrained build operations Thread 51" [_thread_blocked, id=6028, stack(0x00000054a8900000,0x00000054a8a00000)]
  0x000001ff6de47a30 JavaThread "Unconstrained build operations Thread 52" [_thread_blocked, id=9524, stack(0x00000054a8a00000,0x00000054a8b00000)]
  0x000001ff6de47f80 JavaThread "Unconstrained build operations Thread 53" [_thread_blocked, id=13940, stack(0x00000054a8b00000,0x00000054a8c00000)]
  0x000001ff6de44fb0 JavaThread "Unconstrained build operations Thread 54" [_thread_blocked, id=3720, stack(0x00000054a8c00000,0x00000054a8d00000)]
  0x000001ff6de45500 JavaThread "Unconstrained build operations Thread 55" [_thread_blocked, id=11936, stack(0x00000054a8d00000,0x00000054a8e00000)]
  0x000001ff6de4aa00 JavaThread "Unconstrained build operations Thread 56" [_thread_blocked, id=14108, stack(0x00000054a8e00000,0x00000054a8f00000)]
  0x000001ff6de45a50 JavaThread "Unconstrained build operations Thread 57" [_thread_blocked, id=9340, stack(0x00000054a8f00000,0x00000054a9000000)]
  0x000001ff6de4af50 JavaThread "Unconstrained build operations Thread 58" [_thread_blocked, id=11892, stack(0x00000054a9000000,0x00000054a9100000)]
  0x000001ff6de45fa0 JavaThread "Unconstrained build operations Thread 59" [_thread_blocked, id=3052, stack(0x00000054a9100000,0x00000054a9200000)]
  0x000001ff6de464f0 JavaThread "Unconstrained build operations Thread 60" [_thread_blocked, id=6844, stack(0x00000054a9200000,0x00000054a9300000)]
  0x000001ff6bcbc460 JavaThread "Unconstrained build operations Thread 61" [_thread_blocked, id=5676, stack(0x00000054a9300000,0x00000054a9400000)]
  0x000001ff6bcbe440 JavaThread "Unconstrained build operations Thread 62" [_thread_blocked, id=13188, stack(0x00000054a9400000,0x00000054a9500000)]
  0x000001ff6bcbaf20 JavaThread "Unconstrained build operations Thread 63" [_thread_blocked, id=4620, stack(0x00000054a9500000,0x00000054a9600000)]
  0x000001ff6bcb9490 JavaThread "Unconstrained build operations Thread 64" [_thread_blocked, id=4448, stack(0x00000054a9600000,0x00000054a9700000)]
  0x000001ff6bcbdef0 JavaThread "Unconstrained build operations Thread 65" [_thread_blocked, id=6080, stack(0x00000054a9700000,0x00000054a9800000)]
  0x000001ff6bcbd9a0 JavaThread "Unconstrained build operations Thread 66" [_thread_blocked, id=10452, stack(0x00000054a9800000,0x00000054a9900000)]
  0x000001ff6bcbe990 JavaThread "Unconstrained build operations Thread 67" [_thread_blocked, id=13684, stack(0x00000054a9900000,0x00000054a9a00000)]
  0x000001ff6bcbcf00 JavaThread "Unconstrained build operations Thread 68" [_thread_blocked, id=7352, stack(0x00000054a9a00000,0x00000054a9b00000)]
  0x000001ff6bcbeee0 JavaThread "Unconstrained build operations Thread 69" [_thread_blocked, id=2884, stack(0x00000054a9b00000,0x00000054a9c00000)]
  0x000001ff6bcba480 JavaThread "Unconstrained build operations Thread 70" [_thread_blocked, id=6292, stack(0x00000054a9c00000,0x00000054a9d00000)]
  0x000001ff6bcb84a0 JavaThread "Unconstrained build operations Thread 71" [_thread_blocked, id=9280, stack(0x00000054a9d00000,0x00000054a9e00000)]
  0x000001ff6bcba9d0 JavaThread "Unconstrained build operations Thread 72" [_thread_blocked, id=13736, stack(0x00000054a9e00000,0x00000054a9f00000)]
  0x000001ff6bcb74b0 JavaThread "Unconstrained build operations Thread 73" [_thread_blocked, id=6980, stack(0x00000054a9f00000,0x00000054aa000000)]
  0x000001ff6bcb7a00 JavaThread "Unconstrained build operations Thread 74" [_thread_blocked, id=2896, stack(0x00000054aa000000,0x00000054aa100000)]
  0x000001ff6bcbb9c0 JavaThread "Unconstrained build operations Thread 75" [_thread_blocked, id=7028, stack(0x00000054aa100000,0x00000054aa200000)]
  0x000001ff6bcb7f50 JavaThread "Unconstrained build operations Thread 76" [_thread_blocked, id=8476, stack(0x00000054aa200000,0x00000054aa300000)]
  0x000001ff6bcbb470 JavaThread "Unconstrained build operations Thread 77" [_thread_blocked, id=8416, stack(0x00000054aa300000,0x00000054aa400000)]
  0x000001ff6bcb89f0 JavaThread "Unconstrained build operations Thread 78" [_thread_blocked, id=11860, stack(0x00000054aa400000,0x00000054aa500000)]
  0x000001ff6bcb8f40 JavaThread "Unconstrained build operations Thread 79" [_thread_blocked, id=10616, stack(0x00000054aa500000,0x00000054aa600000)]
  0x000001ff6bcbbf10 JavaThread "Unconstrained build operations Thread 80" [_thread_blocked, id=11628, stack(0x00000054aa600000,0x00000054aa700000)]
  0x000001ff6bcb99e0 JavaThread "jar transforms Thread 4" [_thread_blocked, id=3596, stack(0x00000054aa700000,0x00000054aa800000)]
  0x000001ff6bcb9f30 JavaThread "jar transforms Thread 5" [_thread_blocked, id=7816, stack(0x00000054aa800000,0x00000054aa900000)]
  0x000001ff6bcbc9b0 JavaThread "jar transforms Thread 6" [_thread_blocked, id=13000, stack(0x00000054aa900000,0x00000054aaa00000)]
  0x000001ff6bcbd450 JavaThread "jar transforms Thread 7" [_thread_blocked, id=12200, stack(0x00000054aaa00000,0x00000054aab00000)]
  0x000001ff699230c0 JavaThread "jar transforms Thread 8" [_thread_blocked, id=5788, stack(0x00000054aab00000,0x00000054aac00000)]
  0x000001ff69926b30 JavaThread "Memory manager" [_thread_blocked, id=13380, stack(0x00000054aac00000,0x00000054aad00000)]
  0x000001ff6992a050 JavaThread "build event listener" [_thread_blocked, id=12528, stack(0x00000054aad00000,0x00000054aae00000)]
  0x000001ff69927080 JavaThread "pool-3-thread-1" [_thread_blocked, id=4368, stack(0x00000054aae00000,0x00000054aaf00000)]
  0x000001ff6992a5a0 JavaThread "build event listener" [_thread_blocked, id=2760, stack(0x00000054aaf00000,0x00000054ab000000)]
  0x000001ff69924b50 JavaThread "Execution worker for ':'" [_thread_blocked, id=14116, stack(0x00000054ab000000,0x00000054ab100000)]
  0x000001ff699250a0 JavaThread "Execution worker for ':' Thread 2" [_thread_blocked, id=8124, stack(0x00000054ab100000,0x00000054ab200000)]
  0x000001ff69927b20 JavaThread "Execution worker for ':' Thread 3" [_thread_blocked, id=2080, stack(0x00000054ab200000,0x00000054ab300000)]
  0x000001ff699295b0 JavaThread "Execution worker for ':' Thread 4" [_thread_blocked, id=6360, stack(0x00000054ab300000,0x00000054ab400000)]
  0x000001ff69923610 JavaThread "Execution worker for ':' Thread 5" [_thread_blocked, id=7468, stack(0x00000054ab400000,0x00000054ab500000)]
  0x000001ff69923b60 JavaThread "Execution worker for ':' Thread 6" [_thread_blocked, id=9896, stack(0x00000054ab500000,0x00000054ab600000)]
  0x000001ff69928070 JavaThread "Execution worker for ':' Thread 7" [_thread_blocked, id=9812, stack(0x00000054ab600000,0x00000054ab700000)]
  0x000001ff69925b40 JavaThread "Cache worker for execution history cache (C:\Users\ITECH\AndroidStudioProjects\yummy\.gradle\7.3.3\executionHistory)" [_thread_blocked, id=3256, stack(0x00000054ab700000,0x00000054ab800000)]

Other Threads:
=>0x000001ff669adbd0 VMThread "VM Thread" [stack: 0x00000054a2600000,0x00000054a2700000] [id=13600]
  0x000001ff674c05e0 WatcherThread [stack: 0x00000054a3200000,0x00000054a3300000] [id=12208]
  0x000001ff4698a970 GCTaskThread "GC Thread#0" [stack: 0x00000054a2100000,0x00000054a2200000] [id=4804]
  0x000001ff6819ec40 GCTaskThread "GC Thread#1" [stack: 0x00000054a3500000,0x00000054a3600000] [id=11176]
  0x000001ff68389450 GCTaskThread "GC Thread#2" [stack: 0x00000054a3600000,0x00000054a3700000] [id=11216]
  0x000001ff68247d10 GCTaskThread "GC Thread#3" [stack: 0x00000054a3700000,0x00000054a3800000] [id=7676]
  0x000001ff6850fb30 GCTaskThread "GC Thread#4" [stack: 0x00000054a3800000,0x00000054a3900000] [id=9208]
  0x000001ff6b2654c0 GCTaskThread "GC Thread#5" [stack: 0x00000054a4700000,0x00000054a4800000] [id=7144]
  0x000001ff6b264570 GCTaskThread "GC Thread#6" [stack: 0x00000054a4800000,0x00000054a4900000] [id=8176]
  0x000001ff6b2657d0 GCTaskThread "GC Thread#7" [stack: 0x00000054a4900000,0x00000054a4a00000] [id=1076]
  0x000001ff4699c870 ConcurrentGCThread "G1 Main Marker" [stack: 0x00000054a2200000,0x00000054a2300000] [id=7316]
  0x000001ff4699f0b0 ConcurrentGCThread "G1 Conc#0" [stack: 0x00000054a2300000,0x00000054a2400000] [id=3120]
  0x000001ff6b263c40 ConcurrentGCThread "G1 Conc#1" [stack: 0x00000054a4f00000,0x00000054a5000000] [id=8372]
  0x000001ff66870090 ConcurrentGCThread "G1 Refine#0" [stack: 0x00000054a2400000,0x00000054a2500000] [id=9836]
  0x000001ff6c24b480 ConcurrentGCThread "G1 Refine#1" [stack: 0x00000054ab800000,0x00000054ab900000] [id=7916]
  0x000001ff668708c0 ConcurrentGCThread "G1 Service" [stack: 0x00000054a2500000,0x00000054a2600000] [id=5524]

Threads with active compile tasks:
C2 CompilerThread0     9773 10004   !   4       com.android.utils.PositionXmlParser$DomBuilder::startElement (272 bytes)
C2 CompilerThread1     9773 9996       4       org.apache.xerces.impl.XMLEntityScanner::scanData (1105 bytes)
C2 CompilerThread2     9773 9921       4       org.apache.xerces.impl.XMLNSDocumentScannerImpl::scanStartElement (873 bytes)

VM state: at safepoint (normal execution)

VM Mutex/Monitor currently owned by a thread:  ([mutex/lock_event])
[0x000001ff4694b8f0] Threads_lock - owner thread: 0x000001ff669adbd0
[0x000001ff4694b7d0] Heap_lock - owner thread: 0x000001ff4699c870

Heap address: 0x0000000080000000, size: 2048 MB, Compressed Oops mode: 32-bit

CDS archive(s) mapped at: [0x0000000800000000-0x0000000800bb0000-0x0000000800bb0000), size 12255232, SharedBaseAddress: 0x0000000800000000, ArchiveRelocationMode: 0.
Compressed class space mapped at: 0x0000000800c00000-0x0000000840c00000, reserved size: 1073741824
Narrow klass base: 0x0000000800000000, Narrow klass shift: 3, Narrow klass range: 0x100000000

GC Precious Log:
 CPUs: 8 total, 8 available
 Memory: 7959M
 Large Page Support: Disabled
 NUMA Support: Disabled
 Compressed Oops: Enabled (32-bit)
 Heap Region Size: 1M
 Heap Min Capacity: 8M
 Heap Initial Capacity: 126M
 Heap Max Capacity: 2G
 Pre-touch: Disabled
 Parallel Workers: 8
 Concurrent Workers: 2
 Concurrent Refinement Workers: 8
 Periodic GC: Disabled

Heap:
 garbage-first heap   total 130048K, used 89567K [0x0000000080000000, 0x0000000100000000)
  region size 1024K, 13 young (13312K), 5 survivors (5120K)
 Metaspace       used 75360K, committed 75904K, reserved 1114112K
  class space    used 10149K, committed 10432K, reserved 1048576K

Heap Regions: E=young(eden), S=young(survivor), O=old, HS=humongous(starts), HC=humongous(continues), CS=collection set, F=free, OA=open archive, CA=closed archive, TAMS=top-at-mark-start (previous, next)
|   0|0x0000000080000000, 0x0000000080100000, 0x0000000080100000|100%| O|  |TAMS 0x0000000080100000, 0x0000000080000000| Updating 
|   1|0x0000000080100000, 0x0000000080200000, 0x0000000080200000|100%| O|  |TAMS 0x0000000080200000, 0x0000000080100000| Updating 
|   2|0x0000000080200000, 0x0000000080300000, 0x0000000080300000|100%| O|  |TAMS 0x0000000080300000, 0x0000000080200000| Updating 
|   3|0x0000000080300000, 0x0000000080400000, 0x0000000080400000|100%|HS|  |TAMS 0x0000000080400000, 0x0000000080300000| Complete 
|   4|0x0000000080400000, 0x0000000080500000, 0x0000000080500000|100%|HC|  |TAMS 0x0000000080500000, 0x0000000080400000| Complete 
|   5|0x0000000080500000, 0x0000000080600000, 0x0000000080600000|100%|HC|  |TAMS 0x0000000080600000, 0x0000000080500000| Complete 
|   6|0x0000000080600000, 0x0000000080700000, 0x0000000080700000|100%| O|  |TAMS 0x0000000080700000, 0x0000000080600000| Updating 
|   7|0x0000000080700000, 0x0000000080800000, 0x0000000080800000|100%| O|  |TAMS 0x0000000080800000, 0x0000000080700000| Updating 
|   8|0x0000000080800000, 0x0000000080900000, 0x0000000080900000|100%| O|  |TAMS 0x0000000080900000, 0x0000000080800000| Updating 
|   9|0x0000000080900000, 0x0000000080a00000, 0x0000000080a00000|100%| O|  |TAMS 0x0000000080a00000, 0x0000000080900000| Updating 
|  10|0x0000000080a00000, 0x0000000080b00000, 0x0000000080b00000|100%| O|  |TAMS 0x0000000080b00000, 0x0000000080a00000| Updating 
|  11|0x0000000080b00000, 0x0000000080c00000, 0x0000000080c00000|100%| O|  |TAMS 0x0000000080c00000, 0x0000000080b00000| Updating 
|  12|0x0000000080c00000, 0x0000000080d00000, 0x0000000080d00000|100%| O|  |TAMS 0x0000000080d00000, 0x0000000080c00000| Updating 
|  13|0x0000000080d00000, 0x0000000080e00000, 0x0000000080e00000|100%| O|  |TAMS 0x0000000080e00000, 0x0000000080d00000| Updating 
|  14|0x0000000080e00000, 0x0000000080f00000, 0x0000000080f00000|100%| O|  |TAMS 0x0000000080f00000, 0x0000000080e00000| Updating 
|  15|0x0000000080f00000, 0x0000000081000000, 0x0000000081000000|100%| O|  |TAMS 0x0000000081000000, 0x0000000080f00000| Updating 
|  16|0x0000000081000000, 0x0000000081100000, 0x0000000081100000|100%| O|  |TAMS 0x0000000081100000, 0x0000000081000000| Updating 
|  17|0x0000000081100000, 0x0000000081200000, 0x0000000081200000|100%| O|  |TAMS 0x0000000081200000, 0x0000000081100000| Updating 
|  18|0x0000000081200000, 0x00000000812bfe00, 0x0000000081300000| 74%| O|  |TAMS 0x00000000812bfe00, 0x0000000081200000| Updating 
|  19|0x0000000081300000, 0x0000000081400000, 0x0000000081400000|100%| O|  |TAMS 0x0000000081400000, 0x0000000081300000| Updating 
|  20|0x0000000081400000, 0x0000000081500000, 0x0000000081500000|100%|HS|  |TAMS 0x0000000081500000, 0x0000000081400000| Complete 
|  21|0x0000000081500000, 0x0000000081600000, 0x0000000081600000|100%| O|  |TAMS 0x0000000081600000, 0x0000000081500000| Updating 
|  22|0x0000000081600000, 0x0000000081700000, 0x0000000081700000|100%| O|  |TAMS 0x0000000081700000, 0x0000000081600000| Updating 
|  23|0x0000000081700000, 0x0000000081800000, 0x0000000081800000|100%| O|  |TAMS 0x0000000081800000, 0x0000000081700000| Updating 
|  24|0x0000000081800000, 0x0000000081900000, 0x0000000081900000|100%| O|  |TAMS 0x0000000081900000, 0x0000000081800000| Updating 
|  25|0x0000000081900000, 0x0000000081a00000, 0x0000000081a00000|100%| O|  |TAMS 0x0000000081a00000, 0x0000000081900000| Updating 
|  26|0x0000000081a00000, 0x0000000081b00000, 0x0000000081b00000|100%| O|  |TAMS 0x0000000081b00000, 0x0000000081a00000| Updating 
|  27|0x0000000081b00000, 0x0000000081c00000, 0x0000000081c00000|100%| O|  |TAMS 0x0000000081c00000, 0x0000000081b00000| Updating 
|  28|0x0000000081c00000, 0x0000000081d00000, 0x0000000081d00000|100%|HS|  |TAMS 0x0000000081d00000, 0x0000000081c00000| Complete 
|  29|0x0000000081d00000, 0x0000000081e00000, 0x0000000081e00000|100%|HS|  |TAMS 0x0000000081e00000, 0x0000000081d00000| Complete 
|  30|0x0000000081e00000, 0x0000000081f00000, 0x0000000081f00000|100%|HC|  |TAMS 0x0000000081f00000, 0x0000000081e00000| Complete 
|  31|0x0000000081f00000, 0x0000000082000000, 0x0000000082000000|100%| O|  |TAMS 0x0000000082000000, 0x0000000081f00000| Updating 
|  32|0x0000000082000000, 0x0000000082100000, 0x0000000082100000|100%| O|  |TAMS 0x0000000082100000, 0x0000000082000000| Updating 
|  33|0x0000000082100000, 0x0000000082200000, 0x0000000082200000|100%| O|  |TAMS 0x0000000082200000, 0x0000000082100000| Updating 
|  34|0x0000000082200000, 0x0000000082300000, 0x0000000082300000|100%| O|  |TAMS 0x0000000082300000, 0x0000000082200000| Updating 
|  35|0x0000000082300000, 0x0000000082400000, 0x0000000082400000|100%| O|  |TAMS 0x0000000082400000, 0x0000000082300000| Updating 
|  36|0x0000000082400000, 0x0000000082500000, 0x0000000082500000|100%| O|  |TAMS 0x0000000082500000, 0x0000000082400000| Updating 
|  37|0x0000000082500000, 0x0000000082600000, 0x0000000082600000|100%| O|  |TAMS 0x0000000082600000, 0x0000000082500000| Updating 
|  38|0x0000000082600000, 0x0000000082700000, 0x0000000082700000|100%| O|  |TAMS 0x0000000082700000, 0x0000000082600000| Updating 
|  39|0x0000000082700000, 0x0000000082800000, 0x0000000082800000|100%| O|  |TAMS 0x0000000082800000, 0x0000000082700000| Updating 
|  40|0x0000000082800000, 0x0000000082900000, 0x0000000082900000|100%| O|  |TAMS 0x0000000082900000, 0x0000000082800000| Updating 
|  41|0x0000000082900000, 0x0000000082a00000, 0x0000000082a00000|100%| O|  |TAMS 0x0000000082a00000, 0x0000000082900000| Updating 
|  42|0x0000000082a00000, 0x0000000082b00000, 0x0000000082b00000|100%| O|  |TAMS 0x0000000082b00000, 0x0000000082a00000| Updating 
|  43|0x0000000082b00000, 0x0000000082c00000, 0x0000000082c00000|100%| O|  |TAMS 0x0000000082c00000, 0x0000000082b00000| Updating 
|  44|0x0000000082c00000, 0x0000000082d00000, 0x0000000082d00000|100%| O|  |TAMS 0x0000000082d00000, 0x0000000082c00000| Updating 
|  45|0x0000000082d00000, 0x0000000082e00000, 0x0000000082e00000|100%| O|  |TAMS 0x0000000082e00000, 0x0000000082d00000| Updating 
|  46|0x0000000082e00000, 0x0000000082f00000, 0x0000000082f00000|100%| O|  |TAMS 0x0000000082f00000, 0x0000000082e00000| Updating 
|  47|0x0000000082f00000, 0x0000000083000000, 0x0000000083000000|100%| O|  |TAMS 0x0000000083000000, 0x0000000082f00000| Updating 
|  48|0x0000000083000000, 0x0000000083100000, 0x0000000083100000|100%| O|  |TAMS 0x0000000083100000, 0x0000000083000000| Updating 
|  49|0x0000000083100000, 0x0000000083200000, 0x0000000083200000|100%| O|  |TAMS 0x0000000083200000, 0x0000000083100000| Updating 
|  50|0x0000000083200000, 0x0000000083300000, 0x0000000083300000|100%| O|  |TAMS 0x0000000083300000, 0x0000000083200000| Updating 
|  51|0x0000000083300000, 0x0000000083400000, 0x0000000083400000|100%| O|  |TAMS 0x0000000083400000, 0x0000000083300000| Updating 
|  52|0x0000000083400000, 0x0000000083500000, 0x0000000083500000|100%| O|  |TAMS 0x0000000083500000, 0x0000000083400000| Updating 
|  53|0x0000000083500000, 0x0000000083600000, 0x0000000083600000|100%| O|  |TAMS 0x0000000083600000, 0x0000000083500000| Updating 
|  54|0x0000000083600000, 0x0000000083700000, 0x0000000083700000|100%| O|  |TAMS 0x0000000083700000, 0x0000000083600000| Updating 
|  55|0x0000000083700000, 0x0000000083800000, 0x0000000083800000|100%| O|  |TAMS 0x0000000083800000, 0x0000000083700000| Updating 
|  56|0x0000000083800000, 0x0000000083900000, 0x0000000083900000|100%| O|  |TAMS 0x0000000083900000, 0x0000000083800000| Updating 
|  57|0x0000000083900000, 0x0000000083a00000, 0x0000000083a00000|100%| O|  |TAMS 0x0000000083a00000, 0x0000000083900000| Updating 
|  58|0x0000000083a00000, 0x0000000083b00000, 0x0000000083b00000|100%| O|  |TAMS 0x0000000083b00000, 0x0000000083a00000| Updating 
|  59|0x0000000083b00000, 0x0000000083c00000, 0x0000000083c00000|100%| O|  |TAMS 0x0000000083c00000, 0x0000000083b00000| Updating 
|  60|0x0000000083c00000, 0x0000000083d00000, 0x0000000083d00000|100%| O|  |TAMS 0x0000000083d00000, 0x0000000083c00000| Updating 
|  61|0x0000000083d00000, 0x0000000083e00000, 0x0000000083e00000|100%| O|  |TAMS 0x0000000083e00000, 0x0000000083d00000| Updating 
|  62|0x0000000083e00000, 0x0000000083f00000, 0x0000000083f00000|100%| O|  |TAMS 0x0000000083f00000, 0x0000000083e00000| Updating 
|  63|0x0000000083f00000, 0x0000000084000000, 0x0000000084000000|100%| O|  |TAMS 0x0000000084000000, 0x0000000083f00000| Updating 
|  64|0x0000000084000000, 0x0000000084100000, 0x0000000084100000|100%| O|  |TAMS 0x0000000084100000, 0x0000000084000000| Updating 
|  65|0x0000000084100000, 0x0000000084200000, 0x0000000084200000|100%| O|  |TAMS 0x0000000084200000, 0x0000000084100000| Updating 
|  66|0x0000000084200000, 0x0000000084300000, 0x0000000084300000|100%| O|  |TAMS 0x0000000084300000, 0x0000000084200000| Updating 
|  67|0x0000000084300000, 0x0000000084400000, 0x0000000084400000|100%| O|  |TAMS 0x0000000084400000, 0x0000000084300000| Updating 
|  68|0x0000000084400000, 0x0000000084500000, 0x0000000084500000|100%| O|  |TAMS 0x0000000084500000, 0x0000000084400000| Updating 
|  69|0x0000000084500000, 0x0000000084600000, 0x0000000084600000|100%| O|  |TAMS 0x00000000845b7c00, 0x0000000084500000| Updating 
|  70|0x0000000084600000, 0x0000000084700000, 0x0000000084700000|100%| O|  |TAMS 0x0000000084600000, 0x0000000084600000| Untracked 
|  71|0x0000000084700000, 0x0000000084800000, 0x0000000084800000|100%| O|  |TAMS 0x0000000084700000, 0x0000000084700000| Untracked 
|  72|0x0000000084800000, 0x0000000084900000, 0x0000000084900000|100%| O|  |TAMS 0x0000000084800000, 0x0000000084800000| Untracked 
|  73|0x0000000084900000, 0x00000000849b7e00, 0x0000000084a00000| 71%| O|  |TAMS 0x0000000084900000, 0x0000000084900000| Updating 
|  74|0x0000000084a00000, 0x0000000084b00000, 0x0000000084b00000|100%|HS|  |TAMS 0x0000000084a00000, 0x0000000084a00000| Complete 
|  75|0x0000000084b00000, 0x0000000084c00000, 0x0000000084c00000|100%|HS|  |TAMS 0x0000000084b00000, 0x0000000084b00000| Complete 
|  76|0x0000000084c00000, 0x0000000084d00000, 0x0000000084d00000|100%|HS|  |TAMS 0x0000000084c00000, 0x0000000084c00000| Complete 
|  77|0x0000000084d00000, 0x0000000084d00000, 0x0000000084e00000|  0%| F|  |TAMS 0x0000000084d00000, 0x0000000084d00000| Untracked 
|  78|0x0000000084e00000, 0x0000000084e00000, 0x0000000084f00000|  0%| F|  |TAMS 0x0000000084e00000, 0x0000000084e00000| Untracked 
|  79|0x0000000084f00000, 0x0000000084f00000, 0x0000000085000000|  0%| F|  |TAMS 0x0000000084f00000, 0x0000000084f00000| Untracked 
|  80|0x0000000085000000, 0x0000000085000000, 0x0000000085100000|  0%| F|  |TAMS 0x0000000085000000, 0x0000000085000000| Untracked 
|  81|0x0000000085100000, 0x0000000085100000, 0x0000000085200000|  0%| F|  |TAMS 0x0000000085100000, 0x0000000085100000| Untracked 
|  82|0x0000000085200000, 0x0000000085200000, 0x0000000085300000|  0%| F|  |TAMS 0x0000000085200000, 0x0000000085200000| Untracked 
|  83|0x0000000085300000, 0x0000000085300000, 0x0000000085400000|  0%| F|  |TAMS 0x0000000085300000, 0x0000000085300000| Untracked 
|  84|0x0000000085400000, 0x0000000085400000, 0x0000000085500000|  0%| F|  |TAMS 0x0000000085400000, 0x0000000085400000| Untracked 
|  85|0x0000000085500000, 0x0000000085500000, 0x0000000085600000|  0%| F|  |TAMS 0x0000000085500000, 0x0000000085500000| Untracked 
|  86|0x0000000085600000, 0x0000000085600000, 0x0000000085700000|  0%| F|  |TAMS 0x0000000085600000, 0x0000000085600000| Untracked 
|  87|0x0000000085700000, 0x0000000085700000, 0x0000000085800000|  0%| F|  |TAMS 0x0000000085700000, 0x0000000085700000| Untracked 
|  88|0x0000000085800000, 0x0000000085800000, 0x0000000085900000|  0%| F|  |TAMS 0x0000000085800000, 0x0000000085800000| Untracked 
|  89|0x0000000085900000, 0x0000000085900000, 0x0000000085a00000|  0%| F|  |TAMS 0x0000000085900000, 0x0000000085900000| Untracked 
|  90|0x0000000085a00000, 0x0000000085a00000, 0x0000000085b00000|  0%| F|  |TAMS 0x0000000085a00000, 0x0000000085a00000| Untracked 
|  91|0x0000000085b00000, 0x0000000085b00000, 0x0000000085c00000|  0%| F|  |TAMS 0x0000000085b00000, 0x0000000085b00000| Untracked 
|  92|0x0000000085c00000, 0x0000000085c00000, 0x0000000085d00000|  0%| F|  |TAMS 0x0000000085c00000, 0x0000000085c00000| Untracked 
|  93|0x0000000085d00000, 0x0000000085d00000, 0x0000000085e00000|  0%| F|  |TAMS 0x0000000085d00000, 0x0000000085d00000| Untracked 
|  94|0x0000000085e00000, 0x0000000085e00000, 0x0000000085f00000|  0%| F|  |TAMS 0x0000000085e00000, 0x0000000085e00000| Untracked 
|  95|0x0000000085f00000, 0x0000000085f00000, 0x0000000086000000|  0%| F|  |TAMS 0x0000000085f00000, 0x0000000085f00000| Untracked 
|  96|0x0000000086000000, 0x0000000086000000, 0x0000000086100000|  0%| F|  |TAMS 0x0000000086000000, 0x0000000086000000| Untracked 
|  97|0x0000000086100000, 0x0000000086100000, 0x0000000086200000|  0%| F|  |TAMS 0x0000000086100000, 0x0000000086100000| Untracked 
|  98|0x0000000086200000, 0x0000000086200000, 0x0000000086300000|  0%| F|  |TAMS 0x0000000086200000, 0x0000000086200000| Untracked 
|  99|0x0000000086300000, 0x0000000086300000, 0x0000000086400000|  0%| F|  |TAMS 0x0000000086300000, 0x0000000086300000| Untracked 
| 100|0x0000000086400000, 0x0000000086400000, 0x0000000086500000|  0%| F|  |TAMS 0x0000000086400000, 0x0000000086400000| Untracked 
| 101|0x0000000086500000, 0x0000000086500000, 0x0000000086600000|  0%| F|  |TAMS 0x0000000086500000, 0x0000000086500000| Untracked 
| 102|0x0000000086600000, 0x0000000086600000, 0x0000000086700000|  0%| F|  |TAMS 0x0000000086600000, 0x0000000086600000| Untracked 
| 103|0x0000000086700000, 0x0000000086700000, 0x0000000086800000|  0%| F|  |TAMS 0x0000000086700000, 0x0000000086700000| Untracked 
| 104|0x0000000086800000, 0x0000000086800000, 0x0000000086900000|  0%| F|  |TAMS 0x0000000086800000, 0x0000000086800000| Untracked 
| 105|0x0000000086900000, 0x0000000086900000, 0x0000000086a00000|  0%| F|  |TAMS 0x0000000086900000, 0x0000000086900000| Untracked 
| 106|0x0000000086a00000, 0x0000000086a00000, 0x0000000086b00000|  0%| F|  |TAMS 0x0000000086a00000, 0x0000000086a00000| Untracked 
| 107|0x0000000086b00000, 0x0000000086b00000, 0x0000000086c00000|  0%| F|  |TAMS 0x0000000086b00000, 0x0000000086b00000| Untracked 
| 108|0x0000000086c00000, 0x0000000086d00000, 0x0000000086d00000|100%| S|CS|TAMS 0x0000000086c00000, 0x0000000086c00000| Complete 
| 109|0x0000000086d00000, 0x0000000086e00000, 0x0000000086e00000|100%| S|CS|TAMS 0x0000000086d00000, 0x0000000086d00000| Complete 
| 110|0x0000000086e00000, 0x0000000086f00000, 0x0000000086f00000|100%| S|CS|TAMS 0x0000000086e00000, 0x0000000086e00000| Complete 
| 111|0x0000000086f00000, 0x0000000087000000, 0x0000000087000000|100%| S|CS|TAMS 0x0000000086f00000, 0x0000000086f00000| Complete 
| 112|0x0000000087000000, 0x0000000087100000, 0x0000000087100000|100%| S|CS|TAMS 0x0000000087000000, 0x0000000087000000| Complete 
| 113|0x0000000087100000, 0x0000000087100000, 0x0000000087200000|  0%| F|  |TAMS 0x0000000087100000, 0x0000000087100000| Untracked 
| 114|0x0000000087200000, 0x0000000087200000, 0x0000000087300000|  0%| F|  |TAMS 0x0000000087200000, 0x0000000087200000| Untracked 
| 115|0x0000000087300000, 0x0000000087300000, 0x0000000087400000|  0%| F|  |TAMS 0x0000000087300000, 0x0000000087300000| Untracked 
| 116|0x0000000087400000, 0x0000000087400000, 0x0000000087500000|  0%| F|  |TAMS 0x0000000087400000, 0x0000000087400000| Untracked 
| 117|0x0000000087500000, 0x0000000087500000, 0x0000000087600000|  0%| F|  |TAMS 0x0000000087500000, 0x0000000087500000| Untracked 
| 118|0x0000000087600000, 0x0000000087600000, 0x0000000087700000|  0%| F|  |TAMS 0x0000000087600000, 0x0000000087600000| Untracked 
| 119|0x0000000087700000, 0x000000008779a3f0, 0x0000000087800000| 60%| E|  |TAMS 0x0000000087700000, 0x0000000087700000| Complete 
| 120|0x0000000087800000, 0x0000000087900000, 0x0000000087900000|100%| E|CS|TAMS 0x0000000087800000, 0x0000000087800000| Complete 
| 121|0x0000000087900000, 0x0000000087a00000, 0x0000000087a00000|100%| E|CS|TAMS 0x0000000087900000, 0x0000000087900000| Complete 
| 122|0x0000000087a00000, 0x0000000087b00000, 0x0000000087b00000|100%| E|CS|TAMS 0x0000000087a00000, 0x0000000087a00000| Complete 
| 123|0x0000000087b00000, 0x0000000087c00000, 0x0000000087c00000|100%| E|CS|TAMS 0x0000000087b00000, 0x0000000087b00000| Complete 
| 124|0x0000000087c00000, 0x0000000087d00000, 0x0000000087d00000|100%| E|CS|TAMS 0x0000000087c00000, 0x0000000087c00000| Complete 
| 125|0x0000000087d00000, 0x0000000087e00000, 0x0000000087e00000|100%| E|CS|TAMS 0x0000000087d00000, 0x0000000087d00000| Complete 
| 126|0x0000000087e00000, 0x0000000087f00000, 0x0000000087f00000|100%| E|  |TAMS 0x0000000087e00000, 0x0000000087e00000| Complete 

Card table byte_map: [0x000001ff5f750000,0x000001ff5fb50000] _byte_map_base: 0x000001ff5f350000

Marking Bits (Prev, Next): (CMBitMap*) 0x000001ff4698be60, (CMBitMap*) 0x000001ff4698be20
 Prev Bits: [0x000001ff61f50000, 0x000001ff63f50000)
 Next Bits: [0x000001ff5ff50000, 0x000001ff61f50000)

Polling page: 0x000001ff46a30000

Metaspace:

Usage:
  Non-class:     63.68 MB used.
      Class:      9.91 MB used.
       Both:     73.59 MB used.

Virtual space:
  Non-class space:       64.00 MB reserved,      63.94 MB (>99%) committed,  8 nodes.
      Class space:        1.00 GB reserved,      10.19 MB ( <1%) committed,  1 nodes.
              Both:        1.06 GB reserved,      74.12 MB (  7%) committed. 

Chunk freelists:
   Non-Class:  84.00 KB
       Class:  1.68 MB
        Both:  1.76 MB

MaxMetaspaceSize: 17179869184.00 GB
CompressedClassSpaceSize: 1.00 GB
 - commit_granule_bytes: 65536.
 - commit_granule_words: 8192.
 - virtual_space_node_default_size: 1048576.
 - enlarge_chunks_in_place: 1.
 - new_chunks_are_fully_committed: 0.
 - uncommit_free_chunks: 1.
 - use_allocation_guard: 0.
 - handle_deallocations: 1.


Internal statistics:

num_allocs_failed_limit: 6.
num_arena_births: 720.
num_arena_deaths: 14.
num_vsnodes_births: 9.
num_vsnodes_deaths: 0.
num_space_committed: 1186.
num_space_uncommitted: 0.
num_chunks_returned_to_freelist: 25.
num_chunks_taken_from_freelist: 3701.
num_chunk_merges: 14.
num_chunk_splits: 2473.
num_chunks_enlarged: 1678.
num_purges: 2.

CodeHeap 'non-profiled nmethods': size=120000Kb used=5703Kb max_used=5703Kb free=114296Kb
 bounds [0x000001ff573c0000, 0x000001ff57960000, 0x000001ff5e8f0000]
CodeHeap 'profiled nmethods': size=120000Kb used=18136Kb max_used=18136Kb free=101863Kb
 bounds [0x000001ff4fe90000, 0x000001ff51050000, 0x000001ff573c0000]
CodeHeap 'non-nmethods': size=5760Kb used=2394Kb max_used=2463Kb free=3365Kb
 bounds [0x000001ff4f8f0000, 0x000001ff4fb60000, 0x000001ff4fe90000]
 total_blobs=10030 nmethods=9125 adapters=817
 compilation: enabled
              stopped_count=0, restarted_count=0
 full_count=0

Compilation events (20 events):
Event: 9.687 Thread 0x000001ff669d7850 9988       3       org.apache.xerces.impl.XMLScanner::normalizeWhitespace (56 bytes)
Event: 9.687 Thread 0x000001ff669d7850 nmethod 9988 0x000001ff51042710 code [0x000001ff510428c0, 0x000001ff51042b38]
Event: 9.688 Thread 0x000001ff669d7850 9992       3       org.apache.xerces.util.XMLStringBuffer::clear (11 bytes)
Event: 9.688 Thread 0x000001ff669d7850 nmethod 9992 0x000001ff51042c90 code [0x000001ff51042e20, 0x000001ff51042f38]
Event: 9.688 Thread 0x000001ff669d7850 9991       3       org.apache.xerces.util.XMLStringBuffer::append (17 bytes)
Event: 9.688 Thread 0x000001ff669d7850 nmethod 9991 0x000001ff51043010 code [0x000001ff510431c0, 0x000001ff51043328]
Event: 9.696 Thread 0x000001ff669d5a40 nmethod 9980 0x000001ff5794dc10 code [0x000001ff5794de60, 0x000001ff5794ecc0]
Event: 9.697 Thread 0x000001ff669d5a40 9997 %     4       org.apache.xerces.impl.XMLEntityScanner::scanLiteral @ 549 (746 bytes)
Event: 9.698 Thread 0x000001ff669d7850 10002       3       org.apache.xerces.dom.CoreDocumentImpl::checkDOMNSErr (135 bytes)
Event: 9.699 Thread 0x000001ff669d7850 nmethod 10002 0x000001ff51043410 code [0x000001ff510436a0, 0x000001ff51043e58]
Event: 9.705 Thread 0x000001ff675c45a0 nmethod 9993 0x000001ff5794f610 code [0x000001ff5794f860, 0x000001ff57950710]
Event: 9.705 Thread 0x000001ff675c45a0 9996       4       org.apache.xerces.impl.XMLEntityScanner::scanData (1105 bytes)
Event: 9.707 Thread 0x000001ff669d5a40 nmethod 9997% 0x000001ff57951010 code [0x000001ff579511a0, 0x000001ff579516f8]
Event: 9.707 Thread 0x000001ff669d5a40 10004   !   4       com.android.utils.PositionXmlParser$DomBuilder::startElement (272 bytes)
Event: 9.710 Thread 0x000001ff669d7850 10005       3       com.android.ide.common.resources.ValueResourceParser2::addStyleableItems (182 bytes)
Event: 9.711 Thread 0x000001ff669d7850 nmethod 10005 0x000001ff51044190 code [0x000001ff51044440, 0x000001ff51045478]
Event: 9.719 Thread 0x000001ff669d7850 10007       3       com.google.common.base.Splitter::splittingIterator (12 bytes)
Event: 9.720 Thread 0x000001ff669d7850 nmethod 10007 0x000001ff51045990 code [0x000001ff51045b40, 0x000001ff51045d48]
Event: 9.720 Thread 0x000001ff669d7850 10008       3       com.google.common.base.Splitter$1::iterator (7 bytes)
Event: 9.720 Thread 0x000001ff669d7850 nmethod 10008 0x000001ff51045e90 code [0x000001ff51046040, 0x000001ff51046188]

GC Heap History (20 events):
Event: 6.248 GC heap before
{Heap before GC invocations=19 (full 0):
 garbage-first heap   total 96256K, used 77450K [0x0000000080000000, 0x0000000100000000)
  region size 1024K, 25 young (25600K), 2 survivors (2048K)
 Metaspace       used 56210K, committed 56704K, reserved 1105920K
  class space    used 7402K, committed 7616K, reserved 1048576K
}
Event: 6.251 GC heap after
{Heap after GC invocations=20 (full 0):
 garbage-first heap   total 96256K, used 54512K [0x0000000080000000, 0x0000000100000000)
  region size 1024K, 4 young (4096K), 4 survivors (4096K)
 Metaspace       used 56210K, committed 56704K, reserved 1105920K
  class space    used 7402K, committed 7616K, reserved 1048576K
}
Event: 6.463 GC heap before
{Heap before GC invocations=20 (full 0):
 garbage-first heap   total 96256K, used 77040K [0x0000000080000000, 0x0000000100000000)
  region size 1024K, 26 young (26624K), 4 survivors (4096K)
 Metaspace       used 57693K, committed 58240K, reserved 1105920K
  class space    used 7599K, committed 7872K, reserved 1048576K
}
Event: 6.468 GC heap after
{Heap after GC invocations=21 (full 0):
 garbage-first heap   total 96256K, used 56624K [0x0000000080000000, 0x0000000100000000)
  region size 1024K, 4 young (4096K), 4 survivors (4096K)
 Metaspace       used 57693K, committed 58240K, reserved 1105920K
  class space    used 7599K, committed 7872K, reserved 1048576K
}
Event: 6.789 GC heap before
{Heap before GC invocations=22 (full 0):
 garbage-first heap   total 101376K, used 78128K [0x0000000080000000, 0x0000000100000000)
  region size 1024K, 25 young (25600K), 4 survivors (4096K)
 Metaspace       used 60575K, committed 61056K, reserved 1105920K
  class space    used 8144K, committed 8384K, reserved 1048576K
}
Event: 6.793 GC heap after
{Heap after GC invocations=23 (full 0):
 garbage-first heap   total 101376K, used 58022K [0x0000000080000000, 0x0000000100000000)
  region size 1024K, 2 young (2048K), 2 survivors (2048K)
 Metaspace       used 60575K, committed 61056K, reserved 1105920K
  class space    used 8144K, committed 8384K, reserved 1048576K
}
Event: 7.077 GC heap before
{Heap before GC invocations=23 (full 0):
 garbage-first heap   total 101376K, used 81574K [0x0000000080000000, 0x0000000100000000)
  region size 1024K, 26 young (26624K), 2 survivors (2048K)
 Metaspace       used 62973K, committed 63552K, reserved 1105920K
  class space    used 8499K, committed 8768K, reserved 1048576K
}
Event: 7.081 GC heap after
{Heap after GC invocations=24 (full 0):
 garbage-first heap   total 121856K, used 59696K [0x0000000080000000, 0x0000000100000000)
  region size 1024K, 4 young (4096K), 4 survivors (4096K)
 Metaspace       used 62973K, committed 63552K, reserved 1105920K
  class space    used 8499K, committed 8768K, reserved 1048576K
}
Event: 7.557 GC heap before
{Heap before GC invocations=25 (full 0):
 garbage-first heap   total 121856K, used 97584K [0x0000000080000000, 0x0000000100000000)
  region size 1024K, 41 young (41984K), 4 survivors (4096K)
 Metaspace       used 67999K, committed 68544K, reserved 1114112K
  class space    used 9208K, committed 9472K, reserved 1048576K
}
Event: 7.561 GC heap after
{Heap after GC invocations=26 (full 0):
 garbage-first heap   total 121856K, used 61959K [0x0000000080000000, 0x0000000100000000)
  region size 1024K, 5 young (5120K), 5 survivors (5120K)
 Metaspace       used 67999K, committed 68544K, reserved 1114112K
  class space    used 9208K, committed 9472K, reserved 1048576K
}
Event: 8.004 GC heap before
{Heap before GC invocations=26 (full 0):
 garbage-first heap   total 121856K, used 97799K [0x0000000080000000, 0x0000000100000000)
  region size 1024K, 41 young (41984K), 5 survivors (5120K)
 Metaspace       used 71280K, committed 71808K, reserved 1114112K
  class space    used 9553K, committed 9792K, reserved 1048576K
}
Event: 8.009 GC heap after
{Heap after GC invocations=27 (full 0):
 garbage-first heap   total 121856K, used 66489K [0x0000000080000000, 0x0000000100000000)
  region size 1024K, 6 young (6144K), 6 survivors (6144K)
 Metaspace       used 71280K, committed 71808K, reserved 1114112K
  class space    used 9553K, committed 9792K, reserved 1048576K
}
Event: 8.500 GC heap before
{Heap before GC invocations=28 (full 0):
 garbage-first heap   total 121856K, used 98233K [0x0000000080000000, 0x0000000100000000)
  region size 1024K, 37 young (37888K), 6 survivors (6144K)
 Metaspace       used 73501K, committed 74048K, reserved 1114112K
  class space    used 9957K, committed 10240K, reserved 1048576K
}
Event: 8.507 GC heap after
{Heap after GC invocations=29 (full 0):
 garbage-first heap   total 121856K, used 69361K [0x0000000080000000, 0x0000000100000000)
  region size 1024K, 3 young (3072K), 3 survivors (3072K)
 Metaspace       used 73501K, committed 74048K, reserved 1114112K
  class space    used 9957K, committed 10240K, reserved 1048576K
}
Event: 8.748 GC heap before
{Heap before GC invocations=29 (full 0):
 garbage-first heap   total 121856K, used 98033K [0x0000000080000000, 0x0000000100000000)
  region size 1024K, 32 young (32768K), 3 survivors (3072K)
 Metaspace       used 73762K, committed 74304K, reserved 1114112K
  class space    used 9971K, committed 10240K, reserved 1048576K
}
Event: 8.752 GC heap after
{Heap after GC invocations=30 (full 0):
 garbage-first heap   total 121856K, used 71297K [0x0000000080000000, 0x0000000100000000)
  region size 1024K, 3 young (3072K), 3 survivors (3072K)
 Metaspace       used 73762K, committed 74304K, reserved 1114112K
  class space    used 9971K, committed 10240K, reserved 1048576K
}
Event: 9.396 GC heap before
{Heap before GC invocations=31 (full 0):
 garbage-first heap   total 130048K, used 98945K [0x0000000080000000, 0x0000000100000000)
  region size 1024K, 31 young (31744K), 3 survivors (3072K)
 Metaspace       used 75293K, committed 75840K, reserved 1114112K
  class space    used 10153K, committed 10432K, reserved 1048576K
}
Event: 9.401 GC heap after
{Heap after GC invocations=32 (full 0):
 garbage-first heap   total 130048K, used 75230K [0x0000000080000000, 0x0000000100000000)
  region size 1024K, 4 young (4096K), 4 survivors (4096K)
 Metaspace       used 75293K, committed 75840K, reserved 1114112K
  class space    used 10153K, committed 10432K, reserved 1048576K
}
Event: 9.665 GC heap before
{Heap before GC invocations=32 (full 0):
 garbage-first heap   total 130048K, used 87518K [0x0000000080000000, 0x0000000100000000)
  region size 1024K, 18 young (18432K), 4 survivors (4096K)
 Metaspace       used 75370K, committed 75904K, reserved 1114112K
  class space    used 10153K, committed 10432K, reserved 1048576K
}
Event: 9.670 GC heap after
{Heap after GC invocations=33 (full 0):
 garbage-first heap   total 130048K, used 80351K [0x0000000080000000, 0x0000000100000000)
  region size 1024K, 5 young (5120K), 5 survivors (5120K)
 Metaspace       used 75370K, committed 75904K, reserved 1114112K
  class space    used 10153K, committed 10432K, reserved 1048576K
}

Deoptimization events (20 events):
Event: 9.679 Thread 0x000001ff69928070 DEOPT PACKING pc=0x000001ff57905078 sp=0x00000054ab6f95e0
Event: 9.679 Thread 0x000001ff69928070 DEOPT UNPACKING pc=0x000001ff4f93f92e sp=0x00000054ab6f9568 mode 2
Event: 9.679 Thread 0x000001ff69928070 Uncommon trap: trap_request=0xffffff45 fr.pc=0x000001ff57931ce8 relative=0x0000000000001228
Event: 9.679 Thread 0x000001ff69928070 Uncommon trap: reason=unstable_if action=reinterpret pc=0x000001ff57931ce8 method=org.apache.xerces.impl.XMLScanner.scanAttributeValue(Lorg/apache/xerces/xni/XMLString;Lorg/apache/xerces/xni/XMLString;Ljava/lang/String;ZLjava/lang/String;)Z @ 642 c2
Event: 9.679 Thread 0x000001ff69928070 DEOPT PACKING pc=0x000001ff57931ce8 sp=0x00000054ab6f9640
Event: 9.679 Thread 0x000001ff69928070 DEOPT UNPACKING pc=0x000001ff4f93f92e sp=0x00000054ab6f9610 mode 2
Event: 9.689 Thread 0x000001ff69928070 DEOPT PACKING pc=0x000001ff51041f3d sp=0x00000054ab6f9570
Event: 9.689 Thread 0x000001ff69928070 DEOPT UNPACKING pc=0x000001ff4f93e77e sp=0x00000054ab6f8a00 mode 0
Event: 9.691 Thread 0x000001ff69928070 DEOPT PACKING pc=0x000001ff51041f3d sp=0x00000054ab6f9570
Event: 9.691 Thread 0x000001ff69928070 DEOPT UNPACKING pc=0x000001ff4f93e77e sp=0x00000054ab6f8a00 mode 0
Event: 9.694 Thread 0x000001ff69928070 DEOPT PACKING pc=0x000001ff51041f3d sp=0x00000054ab6f9570
Event: 9.694 Thread 0x000001ff69928070 DEOPT UNPACKING pc=0x000001ff4f93e77e sp=0x00000054ab6f8a00 mode 0
Event: 9.696 Thread 0x000001ff69928070 DEOPT PACKING pc=0x000001ff51041f3d sp=0x00000054ab6f9570
Event: 9.696 Thread 0x000001ff69928070 DEOPT UNPACKING pc=0x000001ff4f93e77e sp=0x00000054ab6f8a00 mode 0
Event: 9.698 Thread 0x000001ff69928070 DEOPT PACKING pc=0x000001ff51041f3d sp=0x00000054ab6f9570
Event: 9.698 Thread 0x000001ff69928070 DEOPT UNPACKING pc=0x000001ff4f93e77e sp=0x00000054ab6f8a00 mode 0
Event: 9.701 Thread 0x000001ff69928070 DEOPT PACKING pc=0x000001ff51041f3d sp=0x00000054ab6f9570
Event: 9.701 Thread 0x000001ff69928070 DEOPT UNPACKING pc=0x000001ff4f93e77e sp=0x00000054ab6f8a00 mode 0
Event: 9.715 Thread 0x000001ff69928070 DEOPT PACKING pc=0x000001ff51041f3d sp=0x00000054ab6f9570
Event: 9.715 Thread 0x000001ff69928070 DEOPT UNPACKING pc=0x000001ff4f93e77e sp=0x00000054ab6f8a00 mode 0

Classes unloaded (7 events):
Event: 9.740 Thread 0x000001ff669adbd0 Unloading class 0x0000000801615c00 'java/lang/invoke/LambdaForm$DMH+0x0000000801615c00'
Event: 9.740 Thread 0x000001ff669adbd0 Unloading class 0x0000000801615800 'java/lang/invoke/LambdaForm$DMH+0x0000000801615800'
Event: 9.740 Thread 0x000001ff669adbd0 Unloading class 0x0000000801615400 'java/lang/invoke/LambdaForm$DMH+0x0000000801615400'
Event: 9.740 Thread 0x000001ff669adbd0 Unloading class 0x0000000801615000 'java/lang/invoke/LambdaForm$DMH+0x0000000801615000'
Event: 9.740 Thread 0x000001ff669adbd0 Unloading class 0x0000000801614c00 'java/lang/invoke/LambdaForm$DMH+0x0000000801614c00'
Event: 9.740 Thread 0x000001ff669adbd0 Unloading class 0x0000000801614800 'java/lang/invoke/LambdaForm$DMH+0x0000000801614800'
Event: 9.740 Thread 0x000001ff669adbd0 Unloading class 0x0000000801614000 'java/lang/invoke/LambdaForm$DMH+0x0000000801614000'

Classes redefined (0 events):
No events

Internal exceptions (20 events):
Event: 8.090 Thread 0x000001ff6992a050 Exception <a 'java/lang/NoSuchMethodError'{0x000000008725d228}: static Lcom/android/ide/common/attribution/AndroidGradlePluginAttributionData$JavaInfo;.<clinit>()V> (0x000000008725d228) 
thrown [t:\workspace\open\src\hotspot\share\prims\jni.cpp, line 1210]
Event: 8.093 Thread 0x000001ff6992a050 Exception <a 'java/lang/NoSuchMethodError'{0x000000008727ecb0}: static [Ljava/lang/String;.<clinit>()V> (0x000000008727ecb0) 
thrown [t:\workspace\open\src\hotspot\share\prims\jni.cpp, line 1210]
Event: 8.111 Thread 0x000001ff69928070 Exception <a 'java/lang/IncompatibleClassChangeError'{0x00000000872ceda8}: Found class java.lang.Object, but interface was expected> (0x00000000872ceda8) 
thrown [t:\workspace\open\src\hotspot\share\interpreter\linkResolver.cpp, line 857]
Event: 8.127 Thread 0x000001ff685a3cc0 Exception <a 'java/lang/NoSuchMethodError'{0x00000000871cd3e8}: static Lorg/gradle/internal/build/event/types/DefaultTaskSkippedResult;.<clinit>()V> (0x00000000871cd3e8) 
thrown [t:\workspace\open\src\hotspot\share\prims\jni.cpp, line 1210]
Event: 8.128 Thread 0x000001ff69928070 Exception <a 'java/lang/NoSuchMethodError'{0x00000000871bce20}: 'java.lang.Object java.lang.invoke.DirectMethodHandle$Holder.invokeInterface(java.lang.Object, java.lang.Object, int)'> (0x00000000871bce20) 
thrown [t:\workspace\open\src\hotspot\share\interpreter\linkResolver.cpp, line 790]
Event: 8.129 Thread 0x000001ff69928070 Exception <a 'java/lang/NoSuchMethodError'{0x00000000871d92a0}: 'void java.lang.invoke.DirectMethodHandle$Holder.invokeStatic(java.lang.Object, java.lang.Object, java.lang.Object, int)'> (0x00000000871d92a0) 
thrown [t:\workspace\open\src\hotspot\share\interpreter\linkResolver.cpp, line 790]
Event: 8.168 Thread 0x000001ff69928070 Implicit null exception at 0x000001ff576b5057 to 0x000001ff576b51fc
Event: 8.174 Thread 0x000001ff69928070 Exception <a 'java/lang/IncompatibleClassChangeError'{0x0000000086f5ef48}: Found class java.lang.Object, but interface was expected> (0x0000000086f5ef48) 
thrown [t:\workspace\open\src\hotspot\share\interpreter\linkResolver.cpp, line 857]
Event: 8.200 Thread 0x000001ff69928070 Exception <a 'java/lang/NoSuchMethodError'{0x0000000086d0ff38}: 'int java.lang.invoke.DirectMethodHandle$Holder.invokeStaticInit(java.lang.Object, java.lang.Object, java.lang.Object, java.lang.Object, java.lang.Object)'> (0x0000000086d0ff38) 
thrown [t:\workspace\open\src\hotspot\share\interpreter\linkResolver.cpp, line 790]
Event: 8.340 Thread 0x000001ff69928070 Exception <a 'java/lang/NoSuchMethodError'{0x000000008683b840}: 'void java.lang.invoke.DirectMethodHandle$Holder.invokeStatic(java.lang.Object, java.lang.Object, java.lang.Object, java.lang.Object, int, java.lang.Object, java.lang.Object)'> (0x000000008683b840) 
thrown [t:\workspace\open\src\hotspot\share\interpreter\linkResolver.cpp, line 790]
Event: 8.376 Thread 0x000001ff6b431bd0 Exception <a 'java/lang/NoSuchMethodError'{0x00000000863e28e0}: 'java.lang.Object java.lang.invoke.DirectMethodHandle$Holder.invokeSpecialIFC(java.lang.Object, java.lang.Object, java.lang.Object)'> (0x00000000863e28e0) 
thrown [t:\workspace\open\src\hotspot\share\interpreter\linkResolver.cpp, line 790]
Event: 8.376 Thread 0x000001ff6b433660 Exception <a 'java/lang/NoSuchMethodError'{0x00000000863ed480}: 'java.lang.Object java.lang.invoke.DirectMethodHandle$Holder.invokeSpecialIFC(java.lang.Object, java.lang.Object, java.lang.Object)'> (0x00000000863ed480) 
thrown [t:\workspace\open\src\hotspot\share\interpreter\linkResolver.cpp, line 790]
Event: 8.376 Thread 0x000001ff69928070 Exception <a 'java/lang/NoSuchMethodError'{0x00000000863cf418}: 'java.lang.Object java.lang.invoke.DirectMethodHandle$Holder.invokeSpecialIFC(java.lang.Object, java.lang.Object, java.lang.Object)'> (0x00000000863cf418) 
thrown [t:\workspace\open\src\hotspot\share\interpreter\linkResolver.cpp, line 790]
Event: 8.376 Thread 0x000001ff6b432bc0 Exception <a 'java/lang/NoSuchMethodError'{0x0000000086202a98}: 'java.lang.Object java.lang.invoke.DirectMethodHandle$Holder.invokeSpecialIFC(java.lang.Object, java.lang.Object, java.lang.Object)'> (0x0000000086202a98) 
thrown [t:\workspace\open\src\hotspot\share\interpreter\linkResolver.cpp, line 790]
Event: 8.376 Thread 0x000001ff6e075ab0 Exception <a 'java/lang/NoSuchMethodError'{0x00000000863bb1e0}: 'java.lang.Object java.lang.invoke.DirectMethodHandle$Holder.invokeSpecialIFC(java.lang.Object, java.lang.Object, java.lang.Object)'> (0x00000000863bb1e0) 
thrown [t:\workspace\open\src\hotspot\share\interpreter\linkResolver.cpp, line 790]
Event: 8.376 Thread 0x000001ff6e079a70 Exception <a 'java/lang/NoSuchMethodError'{0x000000008620fcd0}: 'java.lang.Object java.lang.invoke.DirectMethodHandle$Holder.invokeSpecialIFC(java.lang.Object, java.lang.Object, java.lang.Object)'> (0x000000008620fcd0) 
thrown [t:\workspace\open\src\hotspot\share\interpreter\linkResolver.cpp, line 790]
Event: 8.376 Thread 0x000001ff6e079fc0 Exception <a 'java/lang/NoSuchMethodError'{0x00000000863c4ea0}: 'java.lang.Object java.lang.invoke.DirectMethodHandle$Holder.invokeSpecialIFC(java.lang.Object, java.lang.Object, java.lang.Object)'> (0x00000000863c4ea0) 
thrown [t:\workspace\open\src\hotspot\share\interpreter\linkResolver.cpp, line 790]
Event: 8.376 Thread 0x000001ff6bcbb9c0 Exception <a 'java/lang/NoSuchMethodError'{0x00000000863f74c8}: 'java.lang.Object java.lang.invoke.DirectMethodHandle$Holder.invokeSpecialIFC(java.lang.Object, java.lang.Object, java.lang.Object)'> (0x00000000863f74c8) 
thrown [t:\workspace\open\src\hotspot\share\interpreter\linkResolver.cpp, line 790]
Event: 8.870 Thread 0x000001ff6de46f90 Implicit null exception at 0x000001ff578c125b to 0x000001ff578c12f0
Event: 8.918 Thread 0x000001ff69928070 Exception <a 'java/lang/NoSuchMethodError'{0x0000000087612ee8}: 'void java.lang.invoke.DirectMethodHandle$Holder.invokeVirtual(java.lang.Object, java.lang.Object)'> (0x0000000087612ee8) 
thrown [t:\workspace\open\src\hotspot\share\interpreter\linkResolver.cpp, line 790]

Events (20 events):
Event: 8.909 Executing  VM operation: HandshakeAllThreads done
Event: 8.910 Executing  VM operation: ICBufferFull
Event: 8.910 Executing  VM operation: ICBufferFull done
Event: 8.923 loading class java/util/PriorityQueue
Event: 8.924 loading class java/util/PriorityQueue done
Event: 9.110 loading class org/xml/sax/ext/DefaultHandler2
Event: 9.110 loading class org/xml/sax/ext/LexicalHandler
Event: 9.110 loading class org/xml/sax/ext/LexicalHandler done
Event: 9.110 loading class org/xml/sax/ext/DeclHandler
Event: 9.110 loading class org/xml/sax/ext/DeclHandler done
Event: 9.110 loading class org/xml/sax/ext/DefaultHandler2 done
Event: 9.112 loading class org/xml/sax/DocumentHandler
Event: 9.112 loading class org/xml/sax/DocumentHandler done
Event: 9.138 Executing  VM operation: HandshakeAllThreads
Event: 9.138 Executing  VM operation: HandshakeAllThreads done
Event: 9.396 Executing  VM operation: G1CollectForAllocation
Event: 9.401 Executing  VM operation: G1CollectForAllocation done
Event: 9.664 Executing  VM operation: G1TryInitiateConcMark
Event: 9.670 Executing  VM operation: G1TryInitiateConcMark done
Event: 9.740 Executing  VM operation: G1Concurrent


Dynamic libraries:
0x00007ff6660f0000 - 0x00007ff666100000 	C:\Program Files\Java\jdk-16.0.2\bin\java.exe
0x00007ffef1ab0000 - 0x00007ffef1ca8000 	C:\WINDOWS\SYSTEM32\ntdll.dll
0x00007ffef0990000 - 0x00007ffef0a4d000 	C:\WINDOWS\System32\KERNEL32.DLL
0x00007ffeef410000 - 0x00007ffeef6de000 	C:\WINDOWS\System32\KERNELBASE.dll
0x00007ffeef9c0000 - 0x00007ffeefac0000 	C:\WINDOWS\System32\ucrtbase.dll
0x00007ffee8700000 - 0x00007ffee8718000 	C:\Program Files\Java\jdk-16.0.2\bin\jli.dll
0x00007ffee86e0000 - 0x00007ffee86f9000 	C:\Program Files\Java\jdk-16.0.2\bin\VCRUNTIME140.dll
0x00007ffef0630000 - 0x00007ffef06de000 	C:\WINDOWS\System32\ADVAPI32.dll
0x00007ffef08f0000 - 0x00007ffef098e000 	C:\WINDOWS\System32\msvcrt.dll
0x00007ffef0c00000 - 0x00007ffef0c9c000 	C:\WINDOWS\System32\sechost.dll
0x00007ffef0ca0000 - 0x00007ffef0dc5000 	C:\WINDOWS\System32\RPCRT4.dll
0x00007ffef0dd0000 - 0x00007ffef0f70000 	C:\WINDOWS\System32\USER32.dll
0x00007ffed7360000 - 0x00007ffed75fa000 	C:\WINDOWS\WinSxS\amd64_microsoft.windows.common-controls_6595b64144ccf1df_6.0.19041.1110_none_60b5254171f9507e\COMCTL32.dll
0x00007ffeef280000 - 0x00007ffeef2a2000 	C:\WINDOWS\System32\win32u.dll
0x00007ffef13b0000 - 0x00007ffef13da000 	C:\WINDOWS\System32\GDI32.dll
0x00007ffeef770000 - 0x00007ffeef87b000 	C:\WINDOWS\System32\gdi32full.dll
0x00007ffeef8b0000 - 0x00007ffeef94d000 	C:\WINDOWS\System32\msvcp_win.dll
0x00007ffee8d00000 - 0x00007ffee8d0a000 	C:\WINDOWS\SYSTEM32\VERSION.dll
0x00007ffeefb10000 - 0x00007ffeefb40000 	C:\WINDOWS\System32\IMM32.DLL
0x00007ffee86d0000 - 0x00007ffee86dc000 	C:\Program Files\Java\jdk-16.0.2\bin\vcruntime140_1.dll
0x00007ffed4680000 - 0x00007ffed4711000 	C:\Program Files\Java\jdk-16.0.2\bin\msvcp140.dll
0x00007ffe842e0000 - 0x00007ffe84e8b000 	C:\Program Files\Java\jdk-16.0.2\bin\server\jvm.dll
0x00007ffef08e0000 - 0x00007ffef08e8000 	C:\WINDOWS\System32\PSAPI.DLL
0x00007ffeed050000 - 0x00007ffeed077000 	C:\WINDOWS\SYSTEM32\WINMM.dll
0x00007ffeec360000 - 0x00007ffeec369000 	C:\WINDOWS\SYSTEM32\WSOCK32.dll
0x00007ffef1330000 - 0x00007ffef139b000 	C:\WINDOWS\System32\WS2_32.dll
0x00007ffeeda90000 - 0x00007ffeedaa2000 	C:\WINDOWS\SYSTEM32\kernel.appcore.dll
0x00007ffee86c0000 - 0x00007ffee86ca000 	C:\Program Files\Java\jdk-16.0.2\bin\jimage.dll
0x00007ffeece60000 - 0x00007ffeed044000 	C:\WINDOWS\SYSTEM32\DBGHELP.DLL
0x00007ffeece30000 - 0x00007ffeece5c000 	C:\WINDOWS\SYSTEM32\dbgcore.DLL
0x00007ffeef6e0000 - 0x00007ffeef762000 	C:\WINDOWS\System32\bcryptPrimitives.dll
0x00007ffee8690000 - 0x00007ffee86b5000 	C:\Program Files\Java\jdk-16.0.2\bin\java.dll
0x00007ffeefee0000 - 0x00007ffef0624000 	C:\WINDOWS\System32\SHELL32.dll
0x00007ffeed2b0000 - 0x00007ffeeda44000 	C:\WINDOWS\SYSTEM32\windows.storage.dll
0x00007ffef0f70000 - 0x00007ffef12c4000 	C:\WINDOWS\System32\combase.dll
0x00007ffeeec30000 - 0x00007ffeeec60000 	C:\WINDOWS\SYSTEM32\Wldp.dll
0x00007ffef07d0000 - 0x00007ffef087d000 	C:\WINDOWS\System32\SHCORE.dll
0x00007ffef06e0000 - 0x00007ffef0735000 	C:\WINDOWS\System32\shlwapi.dll
0x00007ffeef110000 - 0x00007ffeef12f000 	C:\WINDOWS\SYSTEM32\profapi.dll
0x00007ffee8670000 - 0x00007ffee8689000 	C:\Program Files\Java\jdk-16.0.2\bin\net.dll
0x00007ffeda9b0000 - 0x00007ffedaaba000 	C:\WINDOWS\SYSTEM32\WINHTTP.dll
0x00007ffeee990000 - 0x00007ffeee9fa000 	C:\WINDOWS\system32\mswsock.dll
0x00007ffee8650000 - 0x00007ffee8663000 	C:\Program Files\Java\jdk-16.0.2\bin\nio.dll
0x00007ffee6be0000 - 0x00007ffee6bf8000 	C:\Program Files\Java\jdk-16.0.2\bin\zip.dll
0x00007ffee6bd0000 - 0x00007ffee6be0000 	C:\Program Files\Java\jdk-16.0.2\bin\verify.dll
0x00007ffee8d50000 - 0x00007ffee8d77000 	C:\Users\ITECH\.gradle\native\e1d6ef7f7dcc3fd88c89a11ec53ec762bb8ba0a96d01ffa2cd45eb1d1d8dd5c5\windows-amd64\native-platform.dll
0x00007ffec5900000 - 0x00007ffec5a44000 	C:\Users\ITECH\.gradle\native\5664cfc778a61ccfe75a443a1ab52a65af34e5dc3c78e0209fed803814484fcb\windows-amd64\native-platform-file-events.dll
0x00007ffee6bc0000 - 0x00007ffee6bc9000 	C:\Program Files\Java\jdk-16.0.2\bin\management.dll
0x00007ffed7d20000 - 0x00007ffed7d2b000 	C:\Program Files\Java\jdk-16.0.2\bin\management_ext.dll
0x00007ffeeeb80000 - 0x00007ffeeeb98000 	C:\WINDOWS\SYSTEM32\CRYPTSP.dll
0x00007ffeee2a0000 - 0x00007ffeee2d4000 	C:\WINDOWS\system32\rsaenh.dll
0x00007ffeef880000 - 0x00007ffeef8a7000 	C:\WINDOWS\System32\bcrypt.dll
0x00007ffeef0d0000 - 0x00007ffeef0fe000 	C:\WINDOWS\SYSTEM32\USERENV.dll
0x00007ffeeeba0000 - 0x00007ffeeebac000 	C:\WINDOWS\SYSTEM32\CRYPTBASE.dll
0x00007ffeee630000 - 0x00007ffeee66b000 	C:\WINDOWS\SYSTEM32\IPHLPAPI.DLL
0x00007ffef13a0000 - 0x00007ffef13a8000 	C:\WINDOWS\System32\NSI.dll
0x00007ffee34c0000 - 0x00007ffee34d7000 	C:\WINDOWS\SYSTEM32\dhcpcsvc6.DLL
0x00007ffee37f0000 - 0x00007ffee380d000 	C:\WINDOWS\SYSTEM32\dhcpcsvc.DLL
0x00007ffeee680000 - 0x00007ffeee74a000 	C:\WINDOWS\SYSTEM32\DNSAPI.dll
0x00007ffed7d10000 - 0x00007ffed7d1e000 	C:\Program Files\Java\jdk-16.0.2\bin\sunmscapi.dll
0x00007ffeef2b0000 - 0x00007ffeef406000 	C:\WINDOWS\System32\CRYPT32.dll
0x00007ffeeeca0000 - 0x00007ffeeecc7000 	C:\WINDOWS\SYSTEM32\ncrypt.dll
0x00007ffeeec60000 - 0x00007ffeeec9b000 	C:\WINDOWS\SYSTEM32\NTASN1.dll
0x00007ffea0400000 - 0x00007ffea0407000 	C:\WINDOWS\system32\wshunix.dll

dbghelp: loaded successfully - version: 4.0.5 - missing functions: none
symbol engine: initialized successfully - sym options: 0x614 - pdb path: .;C:\Program Files\Java\jdk-16.0.2\bin;C:\WINDOWS\SYSTEM32;C:\WINDOWS\WinSxS\amd64_microsoft.windows.common-controls_6595b64144ccf1df_6.0.19041.1110_none_60b5254171f9507e;C:\Program Files\Java\jdk-16.0.2\bin\server;C:\Users\ITECH\.gradle\native\e1d6ef7f7dcc3fd88c89a11ec53ec762bb8ba0a96d01ffa2cd45eb1d1d8dd5c5\windows-amd64;C:\Users\ITECH\.gradle\native\5664cfc778a61ccfe75a443a1ab52a65af34e5dc3c78e0209fed803814484fcb\windows-amd64

VM Arguments:
jvm_args: --add-opens=java.base/java.util=ALL-UNNAMED --add-opens=java.base/java.lang=ALL-UNNAMED --add-opens=java.base/java.lang.invoke=ALL-UNNAMED --add-opens=java.base/java.util=ALL-UNNAMED --add-opens=java.prefs/java.util.prefs=ALL-UNNAMED --add-opens=java.prefs/java.util.prefs=ALL-UNNAMED --add-opens=java.base/java.nio.charset=ALL-UNNAMED --add-opens=java.base/java.net=ALL-UNNAMED --add-opens=java.base/java.util.concurrent.atomic=ALL-UNNAMED -Xmx2048m -Dfile.encoding=UTF-8 -Duser.country=US -Duser.language=en -Duser.variant 
java_command: org.gradle.launcher.daemon.bootstrap.GradleDaemon 7.3.3
java_class_path (initial): C:\Users\ITECH\.gradle\wrapper\dists\gradle-7.3.3-bin\6a41zxkdtcxs8rphpq6y0069z\gradle-7.3.3\lib\gradle-launcher-7.3.3.jar
Launcher Type: SUN_STANDARD

[Global flags]
     intx CICompilerCount                          = 4                                         {product} {ergonomic}
     uint ConcGCThreads                            = 2                                         {product} {ergonomic}
     uint G1ConcRefinementThreads                  = 8                                         {product} {ergonomic}
   size_t G1HeapRegionSize                         = 1048576                                   {product} {ergonomic}
    uintx GCDrainStackTargetSize                   = 64                                        {product} {ergonomic}
   size_t InitialHeapSize                          = 132120576                                 {product} {ergonomic}
   size_t MarkStackSize                            = 4194304                                   {product} {ergonomic}
   size_t MaxHeapSize                              = 2147483648                                {product} {command line}
   size_t MaxNewSize                               = 1287651328                                {product} {ergonomic}
   size_t MinHeapDeltaBytes                        = 1048576                                   {product} {ergonomic}
   size_t MinHeapSize                              = 8388608                                   {product} {ergonomic}
    uintx NonNMethodCodeHeapSize                   = 5839372                                {pd product} {ergonomic}
    uintx NonProfiledCodeHeapSize                  = 122909434                              {pd product} {ergonomic}
    uintx ProfiledCodeHeapSize                     = 122909434                              {pd product} {ergonomic}
    uintx ReservedCodeCacheSize                    = 251658240                              {pd product} {ergonomic}
     bool SegmentedCodeCache                       = true                                      {product} {ergonomic}
   size_t SoftMaxHeapSize                          = 2147483648                             {manageable} {ergonomic}
     bool UseCompressedClassPointers               = true                           {product lp64_product} {ergonomic}
     bool UseCompressedOops                        = true                           {product lp64_product} {ergonomic}
     bool UseG1GC                                  = true                                      {product} {ergonomic}
     bool UseLargePagesIndividualAllocation        = false                                  {pd product} {ergonomic}

Logging:
Log output configuration:
 #0: stdout all=warning uptime,level,tags
 #1: stderr all=off uptime,level,tags

Environment Variables:
JAVA_HOME=C:\Program Files\Java\jdk-16.0.2
PATH=C:\Program Files\Python37\Scripts\;C:\Program Files\Python37\;C:\ProgramData\Oracle\Java\javapath;C:\app\ITECH\product\11.2.0\dbhome_1\bin;C:\Program Files\Common Files\Oracle\Java\javapath;C:\Program Files (x86)\Common Files\Oracle\Java\javapath;C:\WINDOWS\system32;C:\WINDOWS;C:\WINDOWS\System32\Wbem;C:\WINDOWS\System32\WindowsPowerShell\v1.0\;C:\WINDOWS\System32\OpenSSH\;C:\Program Files\Microsoft SQL Server\130\Tools\Binn\;C:\Program Files\Microsoft SQL Server\Client SDK\ODBC\170\Tools\Binn\;C:\Program Files\dotnet\;C:\Program Files\nodejs\;C:\Program Files\Java\jdk-16.0.2\bin;C:\Program Files\Git\cmd;C:\Program Files\Java\jdk-16.0.2\bin;
USERNAME=ITECH
OS=Windows_NT
PROCESSOR_IDENTIFIER=Intel64 Family 6 Model 126 Stepping 5, GenuineIntel



---------------  S Y S T E M  ---------------

OS:
 Windows 10 , 64 bit Build 19041 (10.0.19041.1889)
OS uptime: 0 days 0:35 hours

CPU: total 8 (initial active 8) (4 cores per cpu, 2 threads per core) family 6 model 126 stepping 5 microcode 0xb0, cx8, cmov, fxsr, ht, mmx, 3dnowpref, sse, sse2, sse3, ssse3, sse4.1, sse4.2, popcnt, lzcnt, tsc, tscinvbit, avx, avx2, aes, erms, clmul, bmi1, bmi2, adx, avx512f, avx512dq, avx512cd, avx512bw, avx512vl, sha, fma, vzeroupper, avx512_vpopcntdq, avx512_vpclmulqdq, avx512_vaes, avx512_vnni, clflush, clflushopt, avx512_vmbi2, avx512_vmbi

Memory: 4k page, system-wide physical 7959M (938M free)
TotalPageFile size 7959M (AvailPageFile size 19M)
current process WorkingSet (physical memory assigned to process): 384M, peak: 387M
current process commit charge ("private bytes"): 426M, peak: 449M

vm_info: Java HotSpot(TM) 64-Bit Server VM (16.0.2+7-67) for windows-amd64 JRE (16.0.2+7-67), built on Jun  8 2021 23:24:19 by "mach5one" with MS VC++ 16.7 (VS2019)

END.
