#
# There is insufficient memory for the Java Runtime Environment to continue.
# Native memory allocation (malloc) failed to allocate 1858416 bytes for Chunk::new
# Possible reasons:
#   The system is out of physical RAM or swap space
#   The process is running with CompressedOops enabled, and the Java Heap may be blocking the growth of the native heap
# Possible solutions:
#   Reduce memory load on the system
#   Increase physical memory or swap space
#   Check if swap backing store is full
#   Decrease Java heap size (-Xmx/-Xms)
#   Decrease number of Java threads
#   Decrease Java thread stack sizes (-Xss)
#   Set larger code cache with -XX:ReservedCodeCacheSize=
#   JVM is running with Unscaled Compressed Oops mode in which the Java heap is
#     placed in the first 4GB address space. The Java Heap base address is the
#     maximum limit for the native heap growth. Please use -XX:HeapBaseMinAddress
#     to set the Java Heap base and to place the Java Heap above 4GB virtual address.
# This output file may be truncated or incomplete.
#
#  Out of Memory Error (arena.cpp:195), pid=5384, tid=7860
#
# JRE version: Java(TM) SE Runtime Environment (16.0.2+7) (build 16.0.2+7-67)
# Java VM: Java HotSpot(TM) 64-Bit Server VM (16.0.2+7-67, mixed mode, sharing, tiered, compressed oops, compressed class ptrs, g1 gc, windows-amd64)
# No core dump will be written. Minidumps are not enabled by default on client versions of Windows
#

---------------  S U M M A R Y ------------

Command Line: --add-opens=java.base/java.util=ALL-UNNAMED --add-opens=java.base/java.lang=ALL-UNNAMED --add-opens=java.base/java.lang.invoke=ALL-UNNAMED --add-opens=java.base/java.util=ALL-UNNAMED --add-opens=java.prefs/java.util.prefs=ALL-UNNAMED --add-opens=java.prefs/java.util.prefs=ALL-UNNAMED --add-opens=java.base/java.nio.charset=ALL-UNNAMED --add-opens=java.base/java.net=ALL-UNNAMED --add-opens=java.base/java.util.concurrent.atomic=ALL-UNNAMED -Xmx2048m -Dfile.encoding=UTF-8 -Duser.country=US -Duser.language=en -Duser.variant org.gradle.launcher.daemon.bootstrap.GradleDaemon 7.3.3

Host: Intel(R) Core(TM) i7-1065G7 CPU @ 1.30GHz, 8 cores, 7G,  Windows 10 , 64 bit Build 19041 (10.0.19041.1889)
Time: Thu Aug 18 00:34:11 2022 Egypt Standard Time elapsed time: 10.590441 seconds (0d 0h 0m 10s)

---------------  T H R E A D  ---------------

Current thread (0x000001e99e7f0760):  JavaThread "C2 CompilerThread1" daemon [_thread_in_native, id=7860, stack(0x000000a4e7c00000,0x000000a4e7d00000)]


Current CompileTask:
C2:  10590 9523       4       java.net.URLClassLoader$1::run (5 bytes)

Stack: [0x000000a4e7c00000,0x000000a4e7d00000]
Native frames: (J=compiled Java code, j=interpreted, Vv=VM code, C=native code)
V  [jvm.dll+0x6681ca]
V  [jvm.dll+0x7c9e69]
V  [jvm.dll+0x7cb61e]
V  [jvm.dll+0x7cbc73]
V  [jvm.dll+0x242c55]
V  [jvm.dll+0xadeba]
V  [jvm.dll+0xae45c]
V  [jvm.dll+0x35a882]
V  [jvm.dll+0x324de1]
V  [jvm.dll+0x32428a]
V  [jvm.dll+0x215cec]
V  [jvm.dll+0x215100]
V  [jvm.dll+0x1a1beb]
V  [jvm.dll+0x225158]
V  [jvm.dll+0x22319c]
V  [jvm.dll+0x77fa62]
V  [jvm.dll+0x7795aa]
V  [jvm.dll+0x667066]
C  [ucrtbase.dll+0x21bb2]
C  [KERNEL32.DLL+0x17034]
C  [ntdll.dll+0x52651]


---------------  P R O C E S S  ---------------

Threads class SMR info:
_java_thread_list=0x000001e9a5e43790, length=137, elements={
0x000001e9fab60490, 0x000001e99e7cc000, 0x000001e99e7ccb10, 0x000001e99e7d7950,
0x000001e99e7da470, 0x000001e99e7e0db0, 0x000001e99e7e26d0, 0x000001e99e7ee820,
0x000001e99e7f2330, 0x000001e99e800590, 0x000001e99f4e9c00, 0x000001e99f4ec170,
0x000001e99e7f0760, 0x000001e99e7f0cf0, 0x000001e9a077c5f0, 0x000001e9a12e3b50,
0x000001e9a0e6d2f0, 0x000001e9a0b3ecc0, 0x000001e9a147d390, 0x000001e9a19a3dd0,
0x000001e9a020a250, 0x000001e9a1b33a20, 0x000001e9a1b32a30, 0x000001e9a1b324e0,
0x000001e9a1b31a40, 0x000001e9a1b31f90, 0x000001e9a1b344c0, 0x000001e9a1b32f80,
0x000001e9a1b33f70, 0x000001e9a2321080, 0x000001e9a2322070, 0x000001e9a231d0c0,
0x000001e9a231f5f0, 0x000001e9a23225c0, 0x000001e9a23205e0, 0x000001e9a231b630,
0x000001e9a231f0a0, 0x000001e9a231eb50, 0x000001e9a231db60, 0x000001e9a231e0b0,
0x000001e9a2320b30, 0x000001e9a2321b20, 0x000001e9a3cf7000, 0x000001e9a3cf7ff0,
0x000001e9a3cf8540, 0x000001e9a3cf1060, 0x000001e9a3cf8a90, 0x000001e9a3cf25a0,
0x000001e9a3cf6ab0, 0x000001e9a3cf15b0, 0x000001e9a3cf4030, 0x000001e9a3cf1b00,
0x000001e9a3cf7550, 0x000001e9a3cf5020, 0x000001e9a3cf6560, 0x000001e9a3cf2050,
0x000001e9a3cf3040, 0x000001e9a3cf2af0, 0x000001e9a3cf7aa0, 0x000001e9a3cf6010,
0x000001e9a3cf4580, 0x000001e9a3cf3590, 0x000001e9a3cf3ae0, 0x000001e9a3cf4ad0,
0x000001e9a3cf5570, 0x000001e9a3cf5ac0, 0x000001e9a20c7ae0, 0x000001e9a20c9ac0,
0x000001e9a20c6af0, 0x000001e9a20c9020, 0x000001e9a20c25e0, 0x000001e9a20c7040,
0x000001e9a20c7590, 0x000001e9a20c8030, 0x000001e9a20c3080, 0x000001e9a20c8ad0,
0x000001e9a20c2090, 0x000001e9a20c2b30, 0x000001e9a20c5060, 0x000001e9a20c55b0,
0x000001e9a20c9570, 0x000001e9a20c35d0, 0x000001e9a20c8580, 0x000001e9a20c3b20,
0x000001e9a20c4070, 0x000001e9a20c5b00, 0x000001e9a20c45c0, 0x000001e9a20c4b10,
0x000001e9a20c6050, 0x000001e9a20c65a0, 0x000001e9a2b81550, 0x000001e9a2b7e580,
0x000001e9a2b80ab0, 0x000001e9a2b82540, 0x000001e9a2b7e030, 0x000001e9a2b7c5a0,
0x000001e9a2b81000, 0x000001e9a2b7d040, 0x000001e9a2b81aa0, 0x000001e9a2b7f020,
0x000001e9a2b7bb00, 0x000001e9a2b81ff0, 0x000001e9a2b7f570, 0x000001e9a2b82a90,
0x000001e9a2b7b060, 0x000001e9a2b7ead0, 0x000001e9a2b7b5b0, 0x000001e9a2b7d590,
0x000001e9a2b7c050, 0x000001e9a2b7caf0, 0x000001e9a2b7fac0, 0x000001e9a2b7dae0,
0x000001e9a2b80010, 0x000001e9a2b80560, 0x000001e9a20b7570, 0x000001e9a20b9ff0,
0x000001e9a20b45a0, 0x000001e9a20b7ac0, 0x000001e9a20baa90, 0x000001e9a20b3060,
0x000001e9a20b7020, 0x000001e9a20b8010, 0x000001e9a20b6580, 0x000001e9a20b8560,
0x000001e9a20ba540, 0x000001e9a20b9000, 0x000001e9a20b35b0, 0x000001e9a20b4050,
0x000001e9a20b9aa0, 0x000001e9a20b9550, 0x000001e9a20b5040, 0x000001e9a20b5590,
0x000001e9a20b5ae0, 0x000001e9a20b6ad0, 0x000001e9a1b34f60, 0x000001e9a62923e0,
0x000001e9a6290400
}

Java Threads: ( => current thread )
  0x000001e9fab60490 JavaThread "main" [_thread_blocked, id=6644, stack(0x000000a4e6900000,0x000000a4e6a00000)]
  0x000001e99e7cc000 JavaThread "Reference Handler" daemon [_thread_blocked, id=11028, stack(0x000000a4e7000000,0x000000a4e7100000)]
  0x000001e99e7ccb10 JavaThread "Finalizer" daemon [_thread_blocked, id=2420, stack(0x000000a4e7100000,0x000000a4e7200000)]
  0x000001e99e7d7950 JavaThread "Signal Dispatcher" daemon [_thread_blocked, id=11036, stack(0x000000a4e7200000,0x000000a4e7300000)]
  0x000001e99e7da470 JavaThread "Attach Listener" daemon [_thread_blocked, id=10276, stack(0x000000a4e7300000,0x000000a4e7400000)]
  0x000001e99e7e0db0 JavaThread "Service Thread" daemon [_thread_blocked, id=2652, stack(0x000000a4e7400000,0x000000a4e7500000)]
  0x000001e99e7e26d0 JavaThread "Monitor Deflation Thread" daemon [_thread_blocked, id=8052, stack(0x000000a4e7500000,0x000000a4e7600000)]
  0x000001e99e7ee820 JavaThread "C2 CompilerThread0" daemon [_thread_in_native, id=1288, stack(0x000000a4e7600000,0x000000a4e7700000)]
  0x000001e99e7f2330 JavaThread "C1 CompilerThread0" daemon [_thread_blocked, id=5832, stack(0x000000a4e7700000,0x000000a4e7800000)]
  0x000001e99e800590 JavaThread "Sweeper thread" daemon [_thread_blocked, id=7504, stack(0x000000a4e7800000,0x000000a4e7900000)]
  0x000001e99f4e9c00 JavaThread "Common-Cleaner" daemon [_thread_blocked, id=8044, stack(0x000000a4e7900000,0x000000a4e7a00000)]
  0x000001e99f4ec170 JavaThread "Notification Thread" daemon [_thread_blocked, id=524, stack(0x000000a4e7a00000,0x000000a4e7b00000)]
=>0x000001e99e7f0760 JavaThread "C2 CompilerThread1" daemon [_thread_in_native, id=7860, stack(0x000000a4e7c00000,0x000000a4e7d00000)]
  0x000001e99e7f0cf0 JavaThread "C2 CompilerThread2" daemon [_thread_in_native, id=11572, stack(0x000000a4e7d00000,0x000000a4e7e00000)]
  0x000001e9a077c5f0 JavaThread "Daemon health stats" [_thread_blocked, id=12784, stack(0x000000a4e8200000,0x000000a4e8300000)]
  0x000001e9a12e3b50 JavaThread "Incoming local TCP Connector on port 64437" [_thread_in_native, id=12164, stack(0x000000a4e8300000,0x000000a4e8400000)]
  0x000001e9a0e6d2f0 JavaThread "Daemon periodic checks" [_thread_blocked, id=10572, stack(0x000000a4e8400000,0x000000a4e8500000)]
  0x000001e9a0b3ecc0 JavaThread "Daemon" [_thread_blocked, id=548, stack(0x000000a4e8500000,0x000000a4e8600000)]
  0x000001e9a147d390 JavaThread "Handler for socket connection from /127.0.0.1:64437 to /127.0.0.1:64438" [_thread_in_native, id=3564, stack(0x000000a4e8600000,0x000000a4e8700000)]
  0x000001e9a19a3dd0 JavaThread "Cancel handler" [_thread_blocked, id=7268, stack(0x000000a4e8700000,0x000000a4e8800000)]
  0x000001e9a020a250 JavaThread "Daemon worker" [_thread_blocked, id=7724, stack(0x000000a4e8800000,0x000000a4e8900000)]
  0x000001e9a1b33a20 JavaThread "Asynchronous log dispatcher for DefaultDaemonConnection: socket connection from /127.0.0.1:64437 to /127.0.0.1:64438" [_thread_blocked, id=13000, stack(0x000000a4e8900000,0x000000a4e8a00000)]
  0x000001e9a1b32a30 JavaThread "Stdin handler" [_thread_blocked, id=10752, stack(0x000000a4e8a00000,0x000000a4e8b00000)]
  0x000001e9a1b324e0 JavaThread "Daemon client event forwarder" [_thread_blocked, id=13064, stack(0x000000a4e8b00000,0x000000a4e8c00000)]
  0x000001e9a1b31a40 JavaThread "Cache worker for journal cache (C:\Users\ITECH\.gradle\caches\journal-1)" [_thread_blocked, id=2864, stack(0x000000a4e8c00000,0x000000a4e8d00000)]
  0x000001e9a1b31f90 JavaThread "File lock request listener" [_thread_in_native, id=8080, stack(0x000000a4e8d00000,0x000000a4e8e00000)]
  0x000001e9a1b344c0 JavaThread "Cache worker for file hash cache (C:\Users\ITECH\.gradle\caches\7.3.3\fileHashes)" [_thread_blocked, id=12532, stack(0x000000a4e8e00000,0x000000a4e8f00000)]
  0x000001e9a1b32f80 JavaThread "Cache worker for file hash cache (C:\Users\ITECH\AndroidStudioProjects\yummy\.gradle\7.3.3\fileHashes)" [_thread_blocked, id=12800, stack(0x000000a4e8f00000,0x000000a4e9000000)]
  0x000001e9a1b33f70 JavaThread "File watcher server" daemon [_thread_in_native, id=8980, stack(0x000000a4e9300000,0x000000a4e9400000)]
  0x000001e9a2321080 JavaThread "File watcher consumer" daemon [_thread_blocked, id=12824, stack(0x000000a4e9400000,0x000000a4e9500000)]
  0x000001e9a2322070 JavaThread "Cache worker for checksums cache (C:\Users\ITECH\AndroidStudioProjects\yummy\.gradle\7.3.3\checksums)" [_thread_blocked, id=7236, stack(0x000000a4e9500000,0x000000a4e9600000)]
  0x000001e9a231d0c0 JavaThread "Cache worker for cache directory md-supplier (C:\Users\ITECH\.gradle\caches\7.3.3\md-supplier)" [_thread_blocked, id=13300, stack(0x000000a4e9600000,0x000000a4e9700000)]
  0x000001e9a231f5f0 JavaThread "Cache worker for cache directory md-rule (C:\Users\ITECH\.gradle\caches\7.3.3\md-rule)" [_thread_blocked, id=7492, stack(0x000000a4e9700000,0x000000a4e9800000)]
  0x000001e9a23225c0 JavaThread "Cache worker for execution history cache (C:\Users\ITECH\.gradle\caches\7.3.3\executionHistory)" [_thread_blocked, id=8332, stack(0x000000a4e9900000,0x000000a4e9a00000)]
  0x000001e9a23205e0 JavaThread "jar transforms" [_thread_blocked, id=9392, stack(0x000000a4e9a00000,0x000000a4e9b00000)]
  0x000001e9a231b630 JavaThread "Cache worker for file content cache (C:\Users\ITECH\.gradle\caches\7.3.3\fileContent)" [_thread_blocked, id=4124, stack(0x000000a4e9b00000,0x000000a4e9c00000)]
  0x000001e9a231f0a0 JavaThread "jar transforms Thread 2" [_thread_blocked, id=9640, stack(0x000000a4e9c00000,0x000000a4e9d00000)]
  0x000001e9a231eb50 JavaThread "Cache worker for dependencies-accessors (C:\Users\ITECH\AndroidStudioProjects\yummy\.gradle\7.3.3\dependencies-accessors)" [_thread_blocked, id=3716, stack(0x000000a4e9d00000,0x000000a4e9e00000)]
  0x000001e9a231db60 JavaThread "jar transforms Thread 3" [_thread_blocked, id=11388, stack(0x000000a4e9e00000,0x000000a4e9f00000)]
  0x000001e9a231e0b0 JavaThread "Cache worker for Build Output Cleanup Cache (C:\Users\ITECH\AndroidStudioProjects\yummy\.gradle\buildOutputCleanup)" [_thread_blocked, id=12956, stack(0x000000a4e9f00000,0x000000a4ea000000)]
  0x000001e9a2320b30 JavaThread "Unconstrained build operations" [_thread_blocked, id=12896, stack(0x000000a4ea000000,0x000000a4ea100000)]
  0x000001e9a2321b20 JavaThread "Unconstrained build operations Thread 2" [_thread_blocked, id=5700, stack(0x000000a4ea100000,0x000000a4ea200000)]
  0x000001e9a3cf7000 JavaThread "Unconstrained build operations Thread 3" [_thread_blocked, id=6496, stack(0x000000a4ea200000,0x000000a4ea300000)]
  0x000001e9a3cf7ff0 JavaThread "Unconstrained build operations Thread 4" [_thread_blocked, id=13304, stack(0x000000a4ea300000,0x000000a4ea400000)]
  0x000001e9a3cf8540 JavaThread "Unconstrained build operations Thread 5" [_thread_blocked, id=8748, stack(0x000000a4ea400000,0x000000a4ea500000)]
  0x000001e9a3cf1060 JavaThread "Unconstrained build operations Thread 6" [_thread_blocked, id=8456, stack(0x000000a4ea500000,0x000000a4ea600000)]
  0x000001e9a3cf8a90 JavaThread "Unconstrained build operations Thread 7" [_thread_blocked, id=9660, stack(0x000000a4ea600000,0x000000a4ea700000)]
  0x000001e9a3cf25a0 JavaThread "Unconstrained build operations Thread 8" [_thread_blocked, id=4292, stack(0x000000a4ea700000,0x000000a4ea800000)]
  0x000001e9a3cf6ab0 JavaThread "Unconstrained build operations Thread 9" [_thread_blocked, id=9180, stack(0x000000a4ea800000,0x000000a4ea900000)]
  0x000001e9a3cf15b0 JavaThread "Unconstrained build operations Thread 10" [_thread_blocked, id=8596, stack(0x000000a4ea900000,0x000000a4eaa00000)]
  0x000001e9a3cf4030 JavaThread "Unconstrained build operations Thread 11" [_thread_blocked, id=10912, stack(0x000000a4eaa00000,0x000000a4eab00000)]
  0x000001e9a3cf1b00 JavaThread "Unconstrained build operations Thread 12" [_thread_blocked, id=7788, stack(0x000000a4eab00000,0x000000a4eac00000)]
  0x000001e9a3cf7550 JavaThread "Unconstrained build operations Thread 13" [_thread_blocked, id=8728, stack(0x000000a4eac00000,0x000000a4ead00000)]
  0x000001e9a3cf5020 JavaThread "Unconstrained build operations Thread 14" [_thread_blocked, id=10700, stack(0x000000a4ead00000,0x000000a4eae00000)]
  0x000001e9a3cf6560 JavaThread "Unconstrained build operations Thread 15" [_thread_blocked, id=9368, stack(0x000000a4eae00000,0x000000a4eaf00000)]
  0x000001e9a3cf2050 JavaThread "Unconstrained build operations Thread 16" [_thread_blocked, id=1408, stack(0x000000a4eaf00000,0x000000a4eb000000)]
  0x000001e9a3cf3040 JavaThread "Unconstrained build operations Thread 17" [_thread_blocked, id=7184, stack(0x000000a4eb000000,0x000000a4eb100000)]
  0x000001e9a3cf2af0 JavaThread "Unconstrained build operations Thread 18" [_thread_blocked, id=6344, stack(0x000000a4eb100000,0x000000a4eb200000)]
  0x000001e9a3cf7aa0 JavaThread "Unconstrained build operations Thread 19" [_thread_blocked, id=4092, stack(0x000000a4eb200000,0x000000a4eb300000)]
  0x000001e9a3cf6010 JavaThread "Unconstrained build operations Thread 20" [_thread_blocked, id=4692, stack(0x000000a4eb300000,0x000000a4eb400000)]
  0x000001e9a3cf4580 JavaThread "Unconstrained build operations Thread 21" [_thread_blocked, id=9960, stack(0x000000a4eb400000,0x000000a4eb500000)]
  0x000001e9a3cf3590 JavaThread "Unconstrained build operations Thread 22" [_thread_blocked, id=2196, stack(0x000000a4eb500000,0x000000a4eb600000)]
  0x000001e9a3cf3ae0 JavaThread "Unconstrained build operations Thread 23" [_thread_blocked, id=12856, stack(0x000000a4eb600000,0x000000a4eb700000)]
  0x000001e9a3cf4ad0 JavaThread "Unconstrained build operations Thread 24" [_thread_blocked, id=9892, stack(0x000000a4eb700000,0x000000a4eb800000)]
  0x000001e9a3cf5570 JavaThread "Unconstrained build operations Thread 25" [_thread_blocked, id=9448, stack(0x000000a4eb800000,0x000000a4eb900000)]
  0x000001e9a3cf5ac0 JavaThread "Unconstrained build operations Thread 26" [_thread_blocked, id=8924, stack(0x000000a4eb900000,0x000000a4eba00000)]
  0x000001e9a20c7ae0 JavaThread "Unconstrained build operations Thread 27" [_thread_blocked, id=7336, stack(0x000000a4eba00000,0x000000a4ebb00000)]
  0x000001e9a20c9ac0 JavaThread "Unconstrained build operations Thread 28" [_thread_blocked, id=10836, stack(0x000000a4ebb00000,0x000000a4ebc00000)]
  0x000001e9a20c6af0 JavaThread "Unconstrained build operations Thread 29" [_thread_blocked, id=10388, stack(0x000000a4ebc00000,0x000000a4ebd00000)]
  0x000001e9a20c9020 JavaThread "Unconstrained build operations Thread 30" [_thread_blocked, id=7052, stack(0x000000a4ebd00000,0x000000a4ebe00000)]
  0x000001e9a20c25e0 JavaThread "Unconstrained build operations Thread 31" [_thread_blocked, id=11760, stack(0x000000a4ebe00000,0x000000a4ebf00000)]
  0x000001e9a20c7040 JavaThread "Unconstrained build operations Thread 32" [_thread_blocked, id=12396, stack(0x000000a4ebf00000,0x000000a4ec000000)]
  0x000001e9a20c7590 JavaThread "Unconstrained build operations Thread 33" [_thread_blocked, id=12468, stack(0x000000a4ec000000,0x000000a4ec100000)]
  0x000001e9a20c8030 JavaThread "Unconstrained build operations Thread 34" [_thread_blocked, id=2400, stack(0x000000a4ec100000,0x000000a4ec200000)]
  0x000001e9a20c3080 JavaThread "Unconstrained build operations Thread 35" [_thread_blocked, id=3664, stack(0x000000a4ec200000,0x000000a4ec300000)]
  0x000001e9a20c8ad0 JavaThread "Unconstrained build operations Thread 36" [_thread_blocked, id=1856, stack(0x000000a4ec300000,0x000000a4ec400000)]
  0x000001e9a20c2090 JavaThread "Unconstrained build operations Thread 37" [_thread_blocked, id=2712, stack(0x000000a4ec400000,0x000000a4ec500000)]
  0x000001e9a20c2b30 JavaThread "Unconstrained build operations Thread 38" [_thread_blocked, id=3076, stack(0x000000a4ec500000,0x000000a4ec600000)]
  0x000001e9a20c5060 JavaThread "Unconstrained build operations Thread 39" [_thread_blocked, id=1604, stack(0x000000a4ec600000,0x000000a4ec700000)]
  0x000001e9a20c55b0 JavaThread "Unconstrained build operations Thread 40" [_thread_blocked, id=1672, stack(0x000000a4ec700000,0x000000a4ec800000)]
  0x000001e9a20c9570 JavaThread "Unconstrained build operations Thread 41" [_thread_blocked, id=11668, stack(0x000000a4ec800000,0x000000a4ec900000)]
  0x000001e9a20c35d0 JavaThread "Unconstrained build operations Thread 42" [_thread_blocked, id=3104, stack(0x000000a4ec900000,0x000000a4eca00000)]
  0x000001e9a20c8580 JavaThread "Unconstrained build operations Thread 43" [_thread_blocked, id=6748, stack(0x000000a4eca00000,0x000000a4ecb00000)]
  0x000001e9a20c3b20 JavaThread "Unconstrained build operations Thread 44" [_thread_blocked, id=10656, stack(0x000000a4ecb00000,0x000000a4ecc00000)]
  0x000001e9a20c4070 JavaThread "Unconstrained build operations Thread 45" [_thread_blocked, id=12040, stack(0x000000a4ecc00000,0x000000a4ecd00000)]
  0x000001e9a20c5b00 JavaThread "Unconstrained build operations Thread 46" [_thread_blocked, id=11116, stack(0x000000a4ecd00000,0x000000a4ece00000)]
  0x000001e9a20c45c0 JavaThread "Unconstrained build operations Thread 47" [_thread_blocked, id=9644, stack(0x000000a4ece00000,0x000000a4ecf00000)]
  0x000001e9a20c4b10 JavaThread "Unconstrained build operations Thread 48" [_thread_blocked, id=1168, stack(0x000000a4ecf00000,0x000000a4ed000000)]
  0x000001e9a20c6050 JavaThread "Unconstrained build operations Thread 49" [_thread_blocked, id=11164, stack(0x000000a4ed000000,0x000000a4ed100000)]
  0x000001e9a20c65a0 JavaThread "Unconstrained build operations Thread 50" [_thread_blocked, id=4456, stack(0x000000a4ed100000,0x000000a4ed200000)]
  0x000001e9a2b81550 JavaThread "Unconstrained build operations Thread 51" [_thread_blocked, id=11184, stack(0x000000a4ed200000,0x000000a4ed300000)]
  0x000001e9a2b7e580 JavaThread "Unconstrained build operations Thread 52" [_thread_blocked, id=8660, stack(0x000000a4ed300000,0x000000a4ed400000)]
  0x000001e9a2b80ab0 JavaThread "Unconstrained build operations Thread 53" [_thread_blocked, id=12196, stack(0x000000a4ed400000,0x000000a4ed500000)]
  0x000001e9a2b82540 JavaThread "Unconstrained build operations Thread 54" [_thread_blocked, id=11372, stack(0x000000a4ed500000,0x000000a4ed600000)]
  0x000001e9a2b7e030 JavaThread "Unconstrained build operations Thread 55" [_thread_blocked, id=11968, stack(0x000000a4ed600000,0x000000a4ed700000)]
  0x000001e9a2b7c5a0 JavaThread "Unconstrained build operations Thread 56" [_thread_blocked, id=12960, stack(0x000000a4ed700000,0x000000a4ed800000)]
  0x000001e9a2b81000 JavaThread "Unconstrained build operations Thread 57" [_thread_blocked, id=7012, stack(0x000000a4ed800000,0x000000a4ed900000)]
  0x000001e9a2b7d040 JavaThread "Unconstrained build operations Thread 58" [_thread_blocked, id=12620, stack(0x000000a4ed900000,0x000000a4eda00000)]
  0x000001e9a2b81aa0 JavaThread "Unconstrained build operations Thread 59" [_thread_blocked, id=12616, stack(0x000000a4eda00000,0x000000a4edb00000)]
  0x000001e9a2b7f020 JavaThread "Unconstrained build operations Thread 60" [_thread_blocked, id=7408, stack(0x000000a4edb00000,0x000000a4edc00000)]
  0x000001e9a2b7bb00 JavaThread "Unconstrained build operations Thread 61" [_thread_blocked, id=1304, stack(0x000000a4edc00000,0x000000a4edd00000)]
  0x000001e9a2b81ff0 JavaThread "Unconstrained build operations Thread 62" [_thread_blocked, id=3692, stack(0x000000a4edd00000,0x000000a4ede00000)]
  0x000001e9a2b7f570 JavaThread "Unconstrained build operations Thread 63" [_thread_blocked, id=10036, stack(0x000000a4ede00000,0x000000a4edf00000)]
  0x000001e9a2b82a90 JavaThread "Unconstrained build operations Thread 64" [_thread_blocked, id=8960, stack(0x000000a4edf00000,0x000000a4ee000000)]
  0x000001e9a2b7b060 JavaThread "Unconstrained build operations Thread 65" [_thread_blocked, id=8236, stack(0x000000a4ee000000,0x000000a4ee100000)]
  0x000001e9a2b7ead0 JavaThread "Unconstrained build operations Thread 66" [_thread_blocked, id=5420, stack(0x000000a4ee100000,0x000000a4ee200000)]
  0x000001e9a2b7b5b0 JavaThread "Unconstrained build operations Thread 67" [_thread_blocked, id=12588, stack(0x000000a4ee200000,0x000000a4ee300000)]
  0x000001e9a2b7d590 JavaThread "Unconstrained build operations Thread 68" [_thread_blocked, id=12664, stack(0x000000a4ee300000,0x000000a4ee400000)]
  0x000001e9a2b7c050 JavaThread "Unconstrained build operations Thread 69" [_thread_blocked, id=9804, stack(0x000000a4ee400000,0x000000a4ee500000)]
  0x000001e9a2b7caf0 JavaThread "Unconstrained build operations Thread 70" [_thread_blocked, id=8992, stack(0x000000a4ee500000,0x000000a4ee600000)]
  0x000001e9a2b7fac0 JavaThread "Unconstrained build operations Thread 71" [_thread_blocked, id=11384, stack(0x000000a4ee600000,0x000000a4ee700000)]
  0x000001e9a2b7dae0 JavaThread "Unconstrained build operations Thread 72" [_thread_blocked, id=8752, stack(0x000000a4ee700000,0x000000a4ee800000)]
  0x000001e9a2b80010 JavaThread "Unconstrained build operations Thread 73" [_thread_blocked, id=12788, stack(0x000000a4ee800000,0x000000a4ee900000)]
  0x000001e9a2b80560 JavaThread "Unconstrained build operations Thread 74" [_thread_blocked, id=11552, stack(0x000000a4ee900000,0x000000a4eea00000)]
  0x000001e9a20b7570 JavaThread "Unconstrained build operations Thread 75" [_thread_blocked, id=1952, stack(0x000000a4eea00000,0x000000a4eeb00000)]
  0x000001e9a20b9ff0 JavaThread "Unconstrained build operations Thread 76" [_thread_blocked, id=5152, stack(0x000000a4eeb00000,0x000000a4eec00000)]
  0x000001e9a20b45a0 JavaThread "Unconstrained build operations Thread 77" [_thread_blocked, id=8396, stack(0x000000a4eec00000,0x000000a4eed00000)]
  0x000001e9a20b7ac0 JavaThread "Unconstrained build operations Thread 78" [_thread_blocked, id=2952, stack(0x000000a4eed00000,0x000000a4eee00000)]
  0x000001e9a20baa90 JavaThread "Unconstrained build operations Thread 79" [_thread_blocked, id=13092, stack(0x000000a4eee00000,0x000000a4eef00000)]
  0x000001e9a20b3060 JavaThread "Unconstrained build operations Thread 80" [_thread_blocked, id=12020, stack(0x000000a4eef00000,0x000000a4ef000000)]
  0x000001e9a20b7020 JavaThread "jar transforms Thread 4" [_thread_blocked, id=3160, stack(0x000000a4ef000000,0x000000a4ef100000)]
  0x000001e9a20b8010 JavaThread "jar transforms Thread 5" [_thread_blocked, id=13248, stack(0x000000a4ef100000,0x000000a4ef200000)]
  0x000001e9a20b6580 JavaThread "jar transforms Thread 6" [_thread_blocked, id=10880, stack(0x000000a4ef200000,0x000000a4ef300000)]
  0x000001e9a20b8560 JavaThread "jar transforms Thread 7" [_thread_blocked, id=9184, stack(0x000000a4ef300000,0x000000a4ef400000)]
  0x000001e9a20ba540 JavaThread "jar transforms Thread 8" [_thread_blocked, id=11716, stack(0x000000a4ef400000,0x000000a4ef500000)]
  0x000001e9a20b9000 JavaThread "Memory manager" [_thread_blocked, id=6924, stack(0x000000a4ef500000,0x000000a4ef600000)]
  0x000001e9a20b35b0 JavaThread "build event listener" [_thread_blocked, id=6332, stack(0x000000a4ef600000,0x000000a4ef700000)]
  0x000001e9a20b4050 JavaThread "pool-3-thread-1" [_thread_blocked, id=3012, stack(0x000000a4ef700000,0x000000a4ef800000)]
  0x000001e9a20b9aa0 JavaThread "build event listener" [_thread_blocked, id=3296, stack(0x000000a4ef800000,0x000000a4ef900000)]
  0x000001e9a20b9550 JavaThread "Execution worker for ':'" [_thread_blocked, id=2568, stack(0x000000a4ef900000,0x000000a4efa00000)]
  0x000001e9a20b5040 JavaThread "Execution worker for ':' Thread 2" [_thread_in_vm, id=9028, stack(0x000000a4efa00000,0x000000a4efb00000)]
  0x000001e9a20b5590 JavaThread "Execution worker for ':' Thread 3" [_thread_blocked, id=1892, stack(0x000000a4efb00000,0x000000a4efc00000)]
  0x000001e9a20b5ae0 JavaThread "Execution worker for ':' Thread 4" [_thread_blocked, id=9064, stack(0x000000a4efc00000,0x000000a4efd00000)]
  0x000001e9a20b6ad0 JavaThread "Execution worker for ':' Thread 5" [_thread_blocked, id=8032, stack(0x000000a4efd00000,0x000000a4efe00000)]
  0x000001e9a1b34f60 JavaThread "Execution worker for ':' Thread 6" [_thread_blocked, id=7364, stack(0x000000a4efe00000,0x000000a4eff00000)]
  0x000001e9a62923e0 JavaThread "Execution worker for ':' Thread 7" [_thread_blocked, id=6248, stack(0x000000a4eff00000,0x000000a4f0000000)]
  0x000001e9a6290400 JavaThread "Cache worker for execution history cache (C:\Users\ITECH\AndroidStudioProjects\yummy\.gradle\7.3.3\executionHistory)" [_thread_blocked, id=6436, stack(0x000000a4f0000000,0x000000a4f0100000)]

Other Threads:
  0x000001e99e7c65f0 VMThread "VM Thread" [stack: 0x000000a4e6f00000,0x000000a4e7000000] [id=2436]
  0x000001e99f4eceb0 WatcherThread [stack: 0x000000a4e7b00000,0x000000a4e7c00000] [id=4972]
  0x000001e9faba0890 GCTaskThread "GC Thread#0" [stack: 0x000000a4e6a00000,0x000000a4e6b00000] [id=4468]
  0x000001e99ff8e0e0 GCTaskThread "GC Thread#1" [stack: 0x000000a4e7e00000,0x000000a4e7f00000] [id=12204]
  0x000001e99ff8e3f0 GCTaskThread "GC Thread#2" [stack: 0x000000a4e7f00000,0x000000a4e8000000] [id=9136]
  0x000001e99ff83d90 GCTaskThread "GC Thread#3" [stack: 0x000000a4e8000000,0x000000a4e8100000] [id=8588]
  0x000001e9a02e1ba0 GCTaskThread "GC Thread#4" [stack: 0x000000a4e8100000,0x000000a4e8200000] [id=8532]
  0x000001e9a2836420 GCTaskThread "GC Thread#5" [stack: 0x000000a4e9000000,0x000000a4e9100000] [id=3432]
  0x000001e9a03d91c0 GCTaskThread "GC Thread#6" [stack: 0x000000a4e9100000,0x000000a4e9200000] [id=13292]
  0x000001e9a49e0bd0 GCTaskThread "GC Thread#7" [stack: 0x000000a4e9200000,0x000000a4e9300000] [id=11824]
  0x000001e9fabb17e0 ConcurrentGCThread "G1 Main Marker" [stack: 0x000000a4e6b00000,0x000000a4e6c00000] [id=4856]
  0x000001e9fabb3910 ConcurrentGCThread "G1 Conc#0" [stack: 0x000000a4e6c00000,0x000000a4e6d00000] [id=6676]
  0x000001e9a49df350 ConcurrentGCThread "G1 Conc#1" [stack: 0x000000a4e9800000,0x000000a4e9900000] [id=7848]
  0x000001e9fac3dda0 ConcurrentGCThread "G1 Refine#0" [stack: 0x000000a4e6d00000,0x000000a4e6e00000] [id=6576]
  0x000001e9a54ab4c0 ConcurrentGCThread "G1 Refine#1" [stack: 0x000000a4f0100000,0x000000a4f0200000] [id=9820]
  0x000001e9fac3e730 ConcurrentGCThread "G1 Service" [stack: 0x000000a4e6e00000,0x000000a4e6f00000] [id=2560]

Threads with active compile tasks:
C2 CompilerThread0    10618 9524   !   4       java.net.URLClassLoader$1::run (63 bytes)
C2 CompilerThread1    10618 9523       4       java.net.URLClassLoader$1::run (5 bytes)
C2 CompilerThread2    10618 9525   !   4       java.security.AccessController::doPrivileged (26 bytes)

VM state: not at safepoint (normal execution)

VM Mutex/Monitor currently owned by a thread: None

Heap address: 0x0000000080000000, size: 2048 MB, Compressed Oops mode: 32-bit

CDS archive(s) mapped at: [0x0000000800000000-0x0000000800bb0000-0x0000000800bb0000), size 12255232, SharedBaseAddress: 0x0000000800000000, ArchiveRelocationMode: 0.
Compressed class space mapped at: 0x0000000800c00000-0x0000000840c00000, reserved size: 1073741824
Narrow klass base: 0x0000000800000000, Narrow klass shift: 3, Narrow klass range: 0x100000000

GC Precious Log:
 CPUs: 8 total, 8 available
 Memory: 7959M
 Large Page Support: Disabled
 NUMA Support: Disabled
 Compressed Oops: Enabled (32-bit)
 Heap Region Size: 1M
 Heap Min Capacity: 8M
 Heap Initial Capacity: 126M
 Heap Max Capacity: 2G
 Pre-touch: Disabled
 Parallel Workers: 8
 Concurrent Workers: 2
 Concurrent Refinement Workers: 8
 Periodic GC: Disabled

Heap:
 garbage-first heap   total 128000K, used 94103K [0x0000000080000000, 0x0000000100000000)
  region size 1024K, 29 young (29696K), 5 survivors (5120K)
 Metaspace       used 77636K, committed 78208K, reserved 1122304K
  class space    used 10477K, committed 10752K, reserved 1048576K

Heap Regions: E=young(eden), S=young(survivor), O=old, HS=humongous(starts), HC=humongous(continues), CS=collection set, F=free, OA=open archive, CA=closed archive, TAMS=top-at-mark-start (previous, next)
|   0|0x0000000080000000, 0x0000000080100000, 0x0000000080100000|100%| O|  |TAMS 0x0000000080100000, 0x0000000080000000| Untracked 
|   1|0x0000000080100000, 0x0000000080200000, 0x0000000080200000|100%| O|  |TAMS 0x0000000080200000, 0x0000000080100000| Untracked 
|   2|0x0000000080200000, 0x0000000080300000, 0x0000000080300000|100%| O|  |TAMS 0x0000000080300000, 0x0000000080200000| Untracked 
|   3|0x0000000080300000, 0x0000000080400000, 0x0000000080400000|100%|HS|  |TAMS 0x0000000080400000, 0x0000000080300000| Complete 
|   4|0x0000000080400000, 0x0000000080500000, 0x0000000080500000|100%|HC|  |TAMS 0x0000000080500000, 0x0000000080400000| Complete 
|   5|0x0000000080500000, 0x0000000080600000, 0x0000000080600000|100%|HC|  |TAMS 0x0000000080600000, 0x0000000080500000| Complete 
|   6|0x0000000080600000, 0x0000000080700000, 0x0000000080700000|100%| O|  |TAMS 0x0000000080700000, 0x0000000080600000| Untracked 
|   7|0x0000000080700000, 0x0000000080800000, 0x0000000080800000|100%|HS|  |TAMS 0x0000000080800000, 0x0000000080700000| Complete 
|   8|0x0000000080800000, 0x0000000080900000, 0x0000000080900000|100%| O|  |TAMS 0x0000000080900000, 0x0000000080800000| Untracked 
|   9|0x0000000080900000, 0x0000000080a00000, 0x0000000080a00000|100%|HS|  |TAMS 0x0000000080a00000, 0x0000000080900000| Complete 
|  10|0x0000000080a00000, 0x0000000080b00000, 0x0000000080b00000|100%| O|  |TAMS 0x0000000080b00000, 0x0000000080a00000| Untracked 
|  11|0x0000000080b00000, 0x0000000080c00000, 0x0000000080c00000|100%| O|  |TAMS 0x0000000080c00000, 0x0000000080b00000| Untracked 
|  12|0x0000000080c00000, 0x0000000080d00000, 0x0000000080d00000|100%| O|  |TAMS 0x0000000080d00000, 0x0000000080c00000| Untracked 
|  13|0x0000000080d00000, 0x0000000080e00000, 0x0000000080e00000|100%| O|  |TAMS 0x0000000080e00000, 0x0000000080d00000| Untracked 
|  14|0x0000000080e00000, 0x0000000080f00000, 0x0000000080f00000|100%| O|  |TAMS 0x0000000080f00000, 0x0000000080e00000| Untracked 
|  15|0x0000000080f00000, 0x0000000081000000, 0x0000000081000000|100%| O|  |TAMS 0x0000000081000000, 0x0000000080f00000| Untracked 
|  16|0x0000000081000000, 0x0000000081100000, 0x0000000081100000|100%| O|  |TAMS 0x0000000081100000, 0x0000000081000000| Untracked 
|  17|0x0000000081100000, 0x0000000081200000, 0x0000000081200000|100%| O|  |TAMS 0x0000000081200000, 0x0000000081100000| Untracked 
|  18|0x0000000081200000, 0x0000000081300000, 0x0000000081300000|100%| O|  |TAMS 0x0000000081300000, 0x0000000081200000| Untracked 
|  19|0x0000000081300000, 0x0000000081400000, 0x0000000081400000|100%|HS|  |TAMS 0x0000000081400000, 0x0000000081300000| Complete 
|  20|0x0000000081400000, 0x0000000081500000, 0x0000000081500000|100%|HC|  |TAMS 0x0000000081500000, 0x0000000081400000| Complete 
|  21|0x0000000081500000, 0x0000000081600000, 0x0000000081600000|100%| O|  |TAMS 0x0000000081600000, 0x0000000081500000| Untracked 
|  22|0x0000000081600000, 0x0000000081700000, 0x0000000081700000|100%| O|  |TAMS 0x0000000081700000, 0x0000000081600000| Untracked 
|  23|0x0000000081700000, 0x0000000081800000, 0x0000000081800000|100%| O|  |TAMS 0x0000000081800000, 0x0000000081700000| Untracked 
|  24|0x0000000081800000, 0x0000000081900000, 0x0000000081900000|100%| O|  |TAMS 0x0000000081900000, 0x0000000081800000| Untracked 
|  25|0x0000000081900000, 0x0000000081a00000, 0x0000000081a00000|100%| O|  |TAMS 0x0000000081a00000, 0x0000000081900000| Untracked 
|  26|0x0000000081a00000, 0x0000000081b00000, 0x0000000081b00000|100%| O|  |TAMS 0x0000000081b00000, 0x0000000081a00000| Untracked 
|  27|0x0000000081b00000, 0x0000000081c00000, 0x0000000081c00000|100%| O|  |TAMS 0x0000000081c00000, 0x0000000081b00000| Untracked 
|  28|0x0000000081c00000, 0x0000000081d00000, 0x0000000081d00000|100%| O|  |TAMS 0x0000000081d00000, 0x0000000081c00000| Untracked 
|  29|0x0000000081d00000, 0x0000000081e00000, 0x0000000081e00000|100%| O|  |TAMS 0x0000000081e00000, 0x0000000081d00000| Untracked 
|  30|0x0000000081e00000, 0x0000000081f00000, 0x0000000081f00000|100%| O|  |TAMS 0x0000000081f00000, 0x0000000081e00000| Untracked 
|  31|0x0000000081f00000, 0x0000000082000000, 0x0000000082000000|100%| O|  |TAMS 0x0000000082000000, 0x0000000081f00000| Untracked 
|  32|0x0000000082000000, 0x0000000082100000, 0x0000000082100000|100%| O|  |TAMS 0x0000000082100000, 0x0000000082000000| Untracked 
|  33|0x0000000082100000, 0x0000000082200000, 0x0000000082200000|100%| O|  |TAMS 0x0000000082200000, 0x0000000082100000| Untracked 
|  34|0x0000000082200000, 0x0000000082300000, 0x0000000082300000|100%| O|  |TAMS 0x0000000082300000, 0x0000000082200000| Untracked 
|  35|0x0000000082300000, 0x0000000082400000, 0x0000000082400000|100%| O|  |TAMS 0x0000000082400000, 0x0000000082300000| Untracked 
|  36|0x0000000082400000, 0x0000000082500000, 0x0000000082500000|100%| O|  |TAMS 0x0000000082500000, 0x0000000082400000| Untracked 
|  37|0x0000000082500000, 0x0000000082600000, 0x0000000082600000|100%| O|  |TAMS 0x0000000082600000, 0x0000000082500000| Untracked 
|  38|0x0000000082600000, 0x0000000082700000, 0x0000000082700000|100%| O|  |TAMS 0x0000000082700000, 0x0000000082600000| Untracked 
|  39|0x0000000082700000, 0x0000000082800000, 0x0000000082800000|100%| O|  |TAMS 0x0000000082800000, 0x0000000082700000| Untracked 
|  40|0x0000000082800000, 0x0000000082900000, 0x0000000082900000|100%| O|  |TAMS 0x0000000082900000, 0x0000000082800000| Untracked 
|  41|0x0000000082900000, 0x0000000082a00000, 0x0000000082a00000|100%| O|  |TAMS 0x0000000082a00000, 0x0000000082900000| Untracked 
|  42|0x0000000082a00000, 0x0000000082b00000, 0x0000000082b00000|100%| O|  |TAMS 0x0000000082b00000, 0x0000000082a00000| Untracked 
|  43|0x0000000082b00000, 0x0000000082c00000, 0x0000000082c00000|100%| O|  |TAMS 0x0000000082c00000, 0x0000000082b00000| Untracked 
|  44|0x0000000082c00000, 0x0000000082d00000, 0x0000000082d00000|100%| O|  |TAMS 0x0000000082d00000, 0x0000000082c00000| Untracked 
|  45|0x0000000082d00000, 0x0000000082e00000, 0x0000000082e00000|100%| O|  |TAMS 0x0000000082e00000, 0x0000000082d00000| Untracked 
|  46|0x0000000082e00000, 0x0000000082f00000, 0x0000000082f00000|100%| O|  |TAMS 0x0000000082f00000, 0x0000000082e00000| Untracked 
|  47|0x0000000082f00000, 0x0000000083000000, 0x0000000083000000|100%| O|  |TAMS 0x0000000083000000, 0x0000000082f00000| Untracked 
|  48|0x0000000083000000, 0x0000000083100000, 0x0000000083100000|100%| O|  |TAMS 0x0000000083100000, 0x0000000083000000| Untracked 
|  49|0x0000000083100000, 0x0000000083200000, 0x0000000083200000|100%| O|  |TAMS 0x0000000083200000, 0x0000000083100000| Untracked 
|  50|0x0000000083200000, 0x0000000083300000, 0x0000000083300000|100%| O|  |TAMS 0x0000000083300000, 0x0000000083200000| Untracked 
|  51|0x0000000083300000, 0x0000000083400000, 0x0000000083400000|100%| O|  |TAMS 0x0000000083400000, 0x0000000083300000| Untracked 
|  52|0x0000000083400000, 0x0000000083500000, 0x0000000083500000|100%| O|  |TAMS 0x0000000083500000, 0x0000000083400000| Untracked 
|  53|0x0000000083500000, 0x0000000083600000, 0x0000000083600000|100%| O|  |TAMS 0x0000000083600000, 0x0000000083500000| Untracked 
|  54|0x0000000083600000, 0x0000000083700000, 0x0000000083700000|100%| O|  |TAMS 0x0000000083700000, 0x0000000083600000| Untracked 
|  55|0x0000000083700000, 0x0000000083800000, 0x0000000083800000|100%| O|  |TAMS 0x0000000083800000, 0x0000000083700000| Untracked 
|  56|0x0000000083800000, 0x0000000083900000, 0x0000000083900000|100%| O|  |TAMS 0x0000000083900000, 0x0000000083800000| Untracked 
|  57|0x0000000083900000, 0x0000000083a00000, 0x0000000083a00000|100%| O|  |TAMS 0x0000000083a00000, 0x0000000083900000| Untracked 
|  58|0x0000000083a00000, 0x0000000083b00000, 0x0000000083b00000|100%| O|  |TAMS 0x0000000083aec000, 0x0000000083a00000| Untracked 
|  59|0x0000000083b00000, 0x0000000083c00000, 0x0000000083c00000|100%| O|  |TAMS 0x0000000083b00000, 0x0000000083b00000| Untracked 
|  60|0x0000000083c00000, 0x0000000083d00000, 0x0000000083d00000|100%| O|  |TAMS 0x0000000083c00000, 0x0000000083c00000| Untracked 
|  61|0x0000000083d00000, 0x0000000083e00000, 0x0000000083e00000|100%| O|  |TAMS 0x0000000083d00000, 0x0000000083d00000| Untracked 
|  62|0x0000000083e00000, 0x0000000083f00000, 0x0000000083f00000|100%| O|  |TAMS 0x0000000083e00000, 0x0000000083e00000| Untracked 
|  63|0x0000000083f00000, 0x0000000084000000, 0x0000000084000000|100%| O|  |TAMS 0x0000000083f00000, 0x0000000083f00000| Untracked 
|  64|0x0000000084000000, 0x00000000840e5e00, 0x0000000084100000| 89%| O|  |TAMS 0x0000000084000000, 0x0000000084000000| Untracked 
|  65|0x0000000084100000, 0x0000000084100000, 0x0000000084200000|  0%| F|  |TAMS 0x0000000084100000, 0x0000000084100000| Untracked 
|  66|0x0000000084200000, 0x0000000084200000, 0x0000000084300000|  0%| F|  |TAMS 0x0000000084200000, 0x0000000084200000| Untracked 
|  67|0x0000000084300000, 0x0000000084300000, 0x0000000084400000|  0%| F|  |TAMS 0x0000000084300000, 0x0000000084300000| Untracked 
|  68|0x0000000084400000, 0x0000000084400000, 0x0000000084500000|  0%| F|  |TAMS 0x0000000084400000, 0x0000000084400000| Untracked 
|  69|0x0000000084500000, 0x0000000084500000, 0x0000000084600000|  0%| F|  |TAMS 0x0000000084500000, 0x0000000084500000| Untracked 
|  70|0x0000000084600000, 0x0000000084600000, 0x0000000084700000|  0%| F|  |TAMS 0x0000000084600000, 0x0000000084600000| Untracked 
|  71|0x0000000084700000, 0x0000000084700000, 0x0000000084800000|  0%| F|  |TAMS 0x0000000084700000, 0x0000000084700000| Untracked 
|  72|0x0000000084800000, 0x0000000084800000, 0x0000000084900000|  0%| F|  |TAMS 0x0000000084800000, 0x0000000084800000| Untracked 
|  73|0x0000000084900000, 0x0000000084900000, 0x0000000084a00000|  0%| F|  |TAMS 0x0000000084900000, 0x0000000084900000| Untracked 
|  74|0x0000000084a00000, 0x0000000084a00000, 0x0000000084b00000|  0%| F|  |TAMS 0x0000000084a00000, 0x0000000084a00000| Untracked 
|  75|0x0000000084b00000, 0x0000000084b00000, 0x0000000084c00000|  0%| F|  |TAMS 0x0000000084b00000, 0x0000000084b00000| Untracked 
|  76|0x0000000084c00000, 0x0000000084c00000, 0x0000000084d00000|  0%| F|  |TAMS 0x0000000084c00000, 0x0000000084c00000| Untracked 
|  77|0x0000000084d00000, 0x0000000084d00000, 0x0000000084e00000|  0%| F|  |TAMS 0x0000000084d00000, 0x0000000084d00000| Untracked 
|  78|0x0000000084e00000, 0x0000000084e00000, 0x0000000084f00000|  0%| F|  |TAMS 0x0000000084e00000, 0x0000000084e00000| Untracked 
|  79|0x0000000084f00000, 0x0000000084f00000, 0x0000000085000000|  0%| F|  |TAMS 0x0000000084f00000, 0x0000000084f00000| Untracked 
|  80|0x0000000085000000, 0x0000000085000000, 0x0000000085100000|  0%| F|  |TAMS 0x0000000085000000, 0x0000000085000000| Untracked 
|  81|0x0000000085100000, 0x0000000085100000, 0x0000000085200000|  0%| F|  |TAMS 0x0000000085100000, 0x0000000085100000| Untracked 
|  82|0x0000000085200000, 0x0000000085200000, 0x0000000085300000|  0%| F|  |TAMS 0x0000000085200000, 0x0000000085200000| Untracked 
|  83|0x0000000085300000, 0x0000000085400000, 0x0000000085400000|100%| S|CS|TAMS 0x0000000085300000, 0x0000000085300000| Complete 
|  84|0x0000000085400000, 0x0000000085500000, 0x0000000085500000|100%| S|CS|TAMS 0x0000000085400000, 0x0000000085400000| Complete 
|  85|0x0000000085500000, 0x0000000085600000, 0x0000000085600000|100%| S|CS|TAMS 0x0000000085500000, 0x0000000085500000| Complete 
|  86|0x0000000085600000, 0x0000000085600000, 0x0000000085700000|  0%| F|  |TAMS 0x0000000085600000, 0x0000000085600000| Untracked 
|  87|0x0000000085700000, 0x0000000085700000, 0x0000000085800000|  0%| F|  |TAMS 0x0000000085700000, 0x0000000085700000| Untracked 
|  88|0x0000000085800000, 0x0000000085800000, 0x0000000085900000|  0%| F|  |TAMS 0x0000000085800000, 0x0000000085800000| Untracked 
|  89|0x0000000085900000, 0x0000000085a00000, 0x0000000085a00000|100%| S|CS|TAMS 0x0000000085900000, 0x0000000085900000| Complete 
|  90|0x0000000085a00000, 0x0000000085b00000, 0x0000000085b00000|100%| S|CS|TAMS 0x0000000085a00000, 0x0000000085a00000| Complete 
|  91|0x0000000085b00000, 0x0000000085b00000, 0x0000000085c00000|  0%| F|  |TAMS 0x0000000085b00000, 0x0000000085b00000| Untracked 
|  92|0x0000000085c00000, 0x0000000085c00000, 0x0000000085d00000|  0%| F|  |TAMS 0x0000000085c00000, 0x0000000085c00000| Untracked 
|  93|0x0000000085d00000, 0x0000000085d00000, 0x0000000085e00000|  0%| F|  |TAMS 0x0000000085d00000, 0x0000000085d00000| Untracked 
|  94|0x0000000085e00000, 0x0000000085e00000, 0x0000000085f00000|  0%| F|  |TAMS 0x0000000085e00000, 0x0000000085e00000| Untracked 
|  95|0x0000000085f00000, 0x0000000085f00000, 0x0000000086000000|  0%| F|  |TAMS 0x0000000085f00000, 0x0000000085f00000| Untracked 
|  96|0x0000000086000000, 0x0000000086000000, 0x0000000086100000|  0%| F|  |TAMS 0x0000000086000000, 0x0000000086000000| Untracked 
|  97|0x0000000086100000, 0x0000000086100000, 0x0000000086200000|  0%| F|  |TAMS 0x0000000086100000, 0x0000000086100000| Untracked 
|  98|0x0000000086200000, 0x0000000086200000, 0x0000000086300000|  0%| F|  |TAMS 0x0000000086200000, 0x0000000086200000| Untracked 
|  99|0x0000000086300000, 0x0000000086300000, 0x0000000086400000|  0%| F|  |TAMS 0x0000000086300000, 0x0000000086300000| Untracked 
| 100|0x0000000086400000, 0x0000000086400000, 0x0000000086500000|  0%| F|  |TAMS 0x0000000086400000, 0x0000000086400000| Untracked 
| 101|0x0000000086500000, 0x00000000865fd028, 0x0000000086600000| 98%| E|  |TAMS 0x0000000086500000, 0x0000000086500000| Complete 
| 102|0x0000000086600000, 0x0000000086700000, 0x0000000086700000|100%| E|CS|TAMS 0x0000000086600000, 0x0000000086600000| Complete 
| 103|0x0000000086700000, 0x0000000086800000, 0x0000000086800000|100%| E|CS|TAMS 0x0000000086700000, 0x0000000086700000| Complete 
| 104|0x0000000086800000, 0x0000000086900000, 0x0000000086900000|100%| E|CS|TAMS 0x0000000086800000, 0x0000000086800000| Complete 
| 105|0x0000000086900000, 0x0000000086a00000, 0x0000000086a00000|100%| E|CS|TAMS 0x0000000086900000, 0x0000000086900000| Complete 
| 106|0x0000000086a00000, 0x0000000086b00000, 0x0000000086b00000|100%| E|CS|TAMS 0x0000000086a00000, 0x0000000086a00000| Complete 
| 107|0x0000000086b00000, 0x0000000086c00000, 0x0000000086c00000|100%| E|CS|TAMS 0x0000000086b00000, 0x0000000086b00000| Complete 
| 108|0x0000000086c00000, 0x0000000086d00000, 0x0000000086d00000|100%| E|CS|TAMS 0x0000000086c00000, 0x0000000086c00000| Complete 
| 109|0x0000000086d00000, 0x0000000086e00000, 0x0000000086e00000|100%| E|CS|TAMS 0x0000000086d00000, 0x0000000086d00000| Complete 
| 110|0x0000000086e00000, 0x0000000086f00000, 0x0000000086f00000|100%| E|  |TAMS 0x0000000086e00000, 0x0000000086e00000| Complete 
| 111|0x0000000086f00000, 0x0000000087000000, 0x0000000087000000|100%| E|CS|TAMS 0x0000000086f00000, 0x0000000086f00000| Complete 
| 112|0x0000000087000000, 0x0000000087100000, 0x0000000087100000|100%| E|CS|TAMS 0x0000000087000000, 0x0000000087000000| Complete 
| 113|0x0000000087100000, 0x0000000087200000, 0x0000000087200000|100%| E|CS|TAMS 0x0000000087100000, 0x0000000087100000| Complete 
| 114|0x0000000087200000, 0x0000000087300000, 0x0000000087300000|100%| E|CS|TAMS 0x0000000087200000, 0x0000000087200000| Complete 
| 115|0x0000000087300000, 0x0000000087400000, 0x0000000087400000|100%| E|CS|TAMS 0x0000000087300000, 0x0000000087300000| Complete 
| 116|0x0000000087400000, 0x0000000087500000, 0x0000000087500000|100%| E|CS|TAMS 0x0000000087400000, 0x0000000087400000| Complete 
| 117|0x0000000087500000, 0x0000000087600000, 0x0000000087600000|100%| E|CS|TAMS 0x0000000087500000, 0x0000000087500000| Complete 
| 118|0x0000000087600000, 0x0000000087700000, 0x0000000087700000|100%| E|CS|TAMS 0x0000000087600000, 0x0000000087600000| Complete 
| 119|0x0000000087700000, 0x0000000087800000, 0x0000000087800000|100%| E|CS|TAMS 0x0000000087700000, 0x0000000087700000| Complete 
| 120|0x0000000087800000, 0x0000000087900000, 0x0000000087900000|100%| E|CS|TAMS 0x0000000087800000, 0x0000000087800000| Complete 
| 121|0x0000000087900000, 0x0000000087a00000, 0x0000000087a00000|100%| E|CS|TAMS 0x0000000087900000, 0x0000000087900000| Complete 
| 122|0x0000000087a00000, 0x0000000087b00000, 0x0000000087b00000|100%| E|CS|TAMS 0x0000000087a00000, 0x0000000087a00000| Complete 
| 123|0x0000000087b00000, 0x0000000087c00000, 0x0000000087c00000|100%| E|CS|TAMS 0x0000000087b00000, 0x0000000087b00000| Complete 
| 125|0x0000000087d00000, 0x0000000087e00000, 0x0000000087e00000|100%| E|CS|TAMS 0x0000000087d00000, 0x0000000087d00000| Complete 

Card table byte_map: [0x000001e997530000,0x000001e997930000] _byte_map_base: 0x000001e997130000

Marking Bits (Prev, Next): (CMBitMap*) 0x000001e9faba0e50, (CMBitMap*) 0x000001e9faba0e10
 Prev Bits: [0x000001e999d30000, 0x000001e99bd30000)
 Next Bits: [0x000001e997d30000, 0x000001e999d30000)

Polling page: 0x000001e980000000

Metaspace:

Usage:
  Non-class:     65.59 MB used.
      Class:     10.23 MB used.
       Both:     75.82 MB used.

Virtual space:
  Non-class space:       72.00 MB reserved,      65.88 MB ( 91%) committed,  9 nodes.
      Class space:        1.00 GB reserved,      10.50 MB (  1%) committed,  1 nodes.
              Both:        1.07 GB reserved,      76.38 MB (  7%) committed. 

Chunk freelists:
   Non-Class:  1.81 MB
       Class:  1.36 MB
        Both:  3.17 MB

MaxMetaspaceSize: 17179869184.00 GB
CompressedClassSpaceSize: 1.00 GB
 - commit_granule_bytes: 65536.
 - commit_granule_words: 8192.
 - virtual_space_node_default_size: 1048576.
 - enlarge_chunks_in_place: 1.
 - new_chunks_are_fully_committed: 0.
 - uncommit_free_chunks: 1.
 - use_allocation_guard: 0.
 - handle_deallocations: 1.


Internal statistics:

num_allocs_failed_limit: 6.
num_arena_births: 720.
num_arena_deaths: 0.
num_vsnodes_births: 10.
num_vsnodes_deaths: 0.
num_space_committed: 1222.
num_space_uncommitted: 0.
num_chunks_returned_to_freelist: 6.
num_chunks_taken_from_freelist: 3766.
num_chunk_merges: 6.
num_chunk_splits: 2543.
num_chunks_enlarged: 1749.
num_purges: 0.

CodeHeap 'non-profiled nmethods': size=120000Kb used=5451Kb max_used=5451Kb free=114548Kb
 bounds [0x000001e98f190000, 0x000001e98f6f0000, 0x000001e9966c0000]
CodeHeap 'profiled nmethods': size=120000Kb used=17336Kb max_used=17336Kb free=102663Kb
 bounds [0x000001e987c60000, 0x000001e988d50000, 0x000001e98f190000]
CodeHeap 'non-nmethods': size=5760Kb used=2405Kb max_used=2471Kb free=3354Kb
 bounds [0x000001e9876c0000, 0x000001e987940000, 0x000001e987c60000]
 total_blobs=9645 nmethods=8727 adapters=830
 compilation: enabled
              stopped_count=0, restarted_count=0
 full_count=0

Compilation events (20 events):
Event: 10.397 Thread 0x000001e99e7f2330 nmethod 9518 0x000001e988d40b10 code [0x000001e988d40cc0, 0x000001e988d40ed8]
Event: 10.397 Thread 0x000001e99e7f2330 9519       3       kotlin.reflect.jvm.internal.ReflectProperties$LazySoftVal::<init> (43 bytes)
Event: 10.397 Thread 0x000001e99e7f2330 nmethod 9519 0x000001e988d41010 code [0x000001e988d41200, 0x000001e988d417b8]
Event: 10.397 Thread 0x000001e99e7f2330 9520       3       kotlin.reflect.jvm.internal.ReflectProperties::lazySoft (14 bytes)
Event: 10.397 Thread 0x000001e99e7f2330 nmethod 9520 0x000001e988d41990 code [0x000001e988d41b60, 0x000001e988d41e48]
Event: 10.405 Thread 0x000001e99e7f2330 9521       3       kotlin.reflect.jvm.internal.impl.renderer.DescriptorRendererOptionsImpl::property (21 bytes)
Event: 10.405 Thread 0x000001e99e7f2330 nmethod 9521 0x000001e988d41f90 code [0x000001e988d42160, 0x000001e988d424f8]
Event: 10.405 Thread 0x000001e99e7f2330 9522       3       kotlin.reflect.jvm.internal.impl.renderer.DescriptorRendererOptionsImpl$property$$inlined$vetoable$1::<init> (16 bytes)
Event: 10.405 Thread 0x000001e99e7f2330 nmethod 9522 0x000001e988d42610 code [0x000001e988d427c0, 0x000001e988d42a98]
Event: 10.414 Thread 0x000001e99e7f0760 9523       4       java.net.URLClassLoader$1::run (5 bytes)
Event: 10.416 Thread 0x000001e99e7ee820 9524   !   4       java.net.URLClassLoader$1::run (63 bytes)
Event: 10.424 Thread 0x000001e99e7f0cf0 9525   !   4       java.security.AccessController::doPrivileged (26 bytes)
Event: 10.511 Thread 0x000001e99e7f2330 9527       3       kotlin.reflect.jvm.internal.impl.name.FqNameUnsafe::<init> (28 bytes)
Event: 10.511 Thread 0x000001e99e7f2330 nmethod 9527 0x000001e988d42b90 code [0x000001e988d42d40, 0x000001e988d43048]
Event: 10.531 Thread 0x000001e99e7f2330 9528       3       kotlin.reflect.jvm.internal.pcollections.HashPMap::get (54 bytes)
Event: 10.532 Thread 0x000001e99e7f2330 nmethod 9528 0x000001e988d43110 code [0x000001e988d43320, 0x000001e988d43b28]
Event: 10.546 Thread 0x000001e99e7f2330 9529       3       kotlin.reflect.jvm.internal.impl.name.FqName::isRoot (8 bytes)
Event: 10.546 Thread 0x000001e99e7f2330 nmethod 9529 0x000001e988d43d90 code [0x000001e988d43f40, 0x000001e988d44198]
Event: 10.588 Thread 0x000001e99e7f2330 9530       3       java.lang.StringLatin1::lastIndexOf (125 bytes)
Event: 10.588 Thread 0x000001e99e7f2330 nmethod 9530 0x000001e988d44310 code [0x000001e988d444e0, 0x000001e988d44978]

GC Heap History (20 events):
Event: 6.961 GC heap before
{Heap before GC invocations=20 (full 0):
 garbage-first heap   total 95232K, used 51978K [0x0000000080000000, 0x0000000100000000)
  region size 1024K, 4 young (4096K), 3 survivors (3072K)
 Metaspace       used 55334K, committed 55872K, reserved 1097728K
  class space    used 7252K, committed 7488K, reserved 1048576K
}
Event: 6.964 GC heap after
{Heap after GC invocations=21 (full 0):
 garbage-first heap   total 95232K, used 52169K [0x0000000080000000, 0x0000000100000000)
  region size 1024K, 3 young (3072K), 3 survivors (3072K)
 Metaspace       used 55334K, committed 55872K, reserved 1097728K
  class space    used 7252K, committed 7488K, reserved 1048576K
}
Event: 7.220 GC heap before
{Heap before GC invocations=22 (full 0):
 garbage-first heap   total 96256K, used 73673K [0x0000000080000000, 0x0000000100000000)
  region size 1024K, 23 young (23552K), 3 survivors (3072K)
 Metaspace       used 56111K, committed 56576K, reserved 1105920K
  class space    used 7379K, committed 7616K, reserved 1048576K
}
Event: 7.223 GC heap after
{Heap after GC invocations=23 (full 0):
 garbage-first heap   total 96256K, used 53343K [0x0000000080000000, 0x0000000100000000)
  region size 1024K, 2 young (2048K), 2 survivors (2048K)
 Metaspace       used 56111K, committed 56576K, reserved 1105920K
  class space    used 7379K, committed 7616K, reserved 1048576K
}
Event: 7.451 GC heap before
{Heap before GC invocations=23 (full 0):
 garbage-first heap   total 96256K, used 74847K [0x0000000080000000, 0x0000000100000000)
  region size 1024K, 23 young (23552K), 2 survivors (2048K)
 Metaspace       used 57264K, committed 57792K, reserved 1105920K
  class space    used 7507K, committed 7744K, reserved 1048576K
}
Event: 7.455 GC heap after
{Heap after GC invocations=24 (full 0):
 garbage-first heap   total 96256K, used 55373K [0x0000000080000000, 0x0000000100000000)
  region size 1024K, 3 young (3072K), 3 survivors (3072K)
 Metaspace       used 57264K, committed 57792K, reserved 1105920K
  class space    used 7507K, committed 7744K, reserved 1048576K
}
Event: 7.758 GC heap before
{Heap before GC invocations=25 (full 0):
 garbage-first heap   total 99328K, used 75853K [0x0000000080000000, 0x0000000100000000)
  region size 1024K, 23 young (23552K), 3 survivors (3072K)
 Metaspace       used 59812K, committed 60352K, reserved 1105920K
  class space    used 7975K, committed 8192K, reserved 1048576K
}
Event: 7.761 GC heap after
{Heap after GC invocations=26 (full 0):
 garbage-first heap   total 99328K, used 56669K [0x0000000080000000, 0x0000000100000000)
  region size 1024K, 2 young (2048K), 2 survivors (2048K)
 Metaspace       used 59812K, committed 60352K, reserved 1105920K
  class space    used 7975K, committed 8192K, reserved 1048576K
}
Event: 8.055 GC heap before
{Heap before GC invocations=26 (full 0):
 garbage-first heap   total 99328K, used 79197K [0x0000000080000000, 0x0000000100000000)
  region size 1024K, 24 young (24576K), 2 survivors (2048K)
 Metaspace       used 62262K, committed 62784K, reserved 1105920K
  class space    used 8369K, committed 8640K, reserved 1048576K
}
Event: 8.057 GC heap after
{Heap after GC invocations=27 (full 0):
 garbage-first heap   total 99328K, used 58377K [0x0000000080000000, 0x0000000100000000)
  region size 1024K, 3 young (3072K), 3 survivors (3072K)
 Metaspace       used 62262K, committed 62784K, reserved 1105920K
  class space    used 8369K, committed 8640K, reserved 1048576K
}
Event: 8.351 GC heap before
{Heap before GC invocations=28 (full 0):
 garbage-first heap   total 106496K, used 80905K [0x0000000080000000, 0x0000000100000000)
  region size 1024K, 25 young (25600K), 3 survivors (3072K)
 Metaspace       used 64057K, committed 64576K, reserved 1105920K
  class space    used 8647K, committed 8896K, reserved 1048576K
}
Event: 8.356 GC heap after
{Heap after GC invocations=29 (full 0):
 garbage-first heap   total 106496K, used 59873K [0x0000000080000000, 0x0000000100000000)
  region size 1024K, 4 young (4096K), 4 survivors (4096K)
 Metaspace       used 64057K, committed 64576K, reserved 1105920K
  class space    used 8647K, committed 8896K, reserved 1048576K
}
Event: 8.713 GC heap before
{Heap before GC invocations=29 (full 0):
 garbage-first heap   total 106496K, used 84449K [0x0000000080000000, 0x0000000100000000)
  region size 1024K, 29 young (29696K), 4 survivors (4096K)
 Metaspace       used 66963K, committed 67456K, reserved 1114112K
  class space    used 9075K, committed 9344K, reserved 1048576K
}
Event: 8.718 GC heap after
{Heap after GC invocations=30 (full 0):
 garbage-first heap   total 128000K, used 61616K [0x0000000080000000, 0x0000000100000000)
  region size 1024K, 4 young (4096K), 4 survivors (4096K)
 Metaspace       used 66963K, committed 67456K, reserved 1114112K
  class space    used 9075K, committed 9344K, reserved 1048576K
}
Event: 9.412 GC heap before
{Heap before GC invocations=31 (full 0):
 garbage-first heap   total 128000K, used 102576K [0x0000000080000000, 0x0000000100000000)
  region size 1024K, 44 young (45056K), 4 survivors (4096K)
 Metaspace       used 72230K, committed 72768K, reserved 1114112K
  class space    used 9707K, committed 9984K, reserved 1048576K
}
Event: 9.419 GC heap after
{Heap after GC invocations=32 (full 0):
 garbage-first heap   total 128000K, used 66480K [0x0000000080000000, 0x0000000100000000)
  region size 1024K, 6 young (6144K), 6 survivors (6144K)
 Metaspace       used 72230K, committed 72768K, reserved 1114112K
  class space    used 9707K, committed 9984K, reserved 1048576K
}
Event: 9.800 GC heap before
{Heap before GC invocations=32 (full 0):
 garbage-first heap   total 128000K, used 102320K [0x0000000080000000, 0x0000000100000000)
  region size 1024K, 42 young (43008K), 6 survivors (6144K)
 Metaspace       used 73509K, committed 73984K, reserved 1114112K
  class space    used 9937K, committed 10176K, reserved 1048576K
}
Event: 9.807 GC heap after
{Heap after GC invocations=33 (full 0):
 garbage-first heap   total 128000K, used 69527K [0x0000000080000000, 0x0000000100000000)
  region size 1024K, 3 young (3072K), 3 survivors (3072K)
 Metaspace       used 73509K, committed 73984K, reserved 1114112K
  class space    used 9937K, committed 10176K, reserved 1048576K
}
Event: 10.302 GC heap before
{Heap before GC invocations=34 (full 0):
 garbage-first heap   total 128000K, used 103319K [0x0000000080000000, 0x0000000100000000)
  region size 1024K, 37 young (37888K), 3 survivors (3072K)
 Metaspace       used 74148K, committed 74688K, reserved 1114112K
  class space    used 9997K, committed 10240K, reserved 1048576K
}
Event: 10.308 GC heap after
{Heap after GC invocations=35 (full 0):
 garbage-first heap   total 128000K, used 71575K [0x0000000080000000, 0x0000000100000000)
  region size 1024K, 5 young (5120K), 5 survivors (5120K)
 Metaspace       used 74148K, committed 74688K, reserved 1114112K
  class space    used 9997K, committed 10240K, reserved 1048576K
}

Deoptimization events (20 events):
Event: 10.177 Thread 0x000001e9a20b5590 Uncommon trap: trap_request=0xfffffff4 fr.pc=0x000001e98f6ba744 relative=0x0000000000000fa4
Event: 10.178 Thread 0x000001e9a20b5590 Uncommon trap: reason=null_check action=make_not_entrant pc=0x000001e98f6ba744 method=org.gradle.tooling.internal.provider.runner.ClientBuildEventGenerator$Enabled.accept(Lorg/gradle/internal/operations/BuildOperationDescriptor;)Lorg/gradle/tooling/intern
Event: 10.178 Thread 0x000001e9a20b5590 DEOPT PACKING pc=0x000001e98f6ba744 sp=0x000000a4efbfad40
Event: 10.178 Thread 0x000001e9a20b5590 DEOPT UNPACKING pc=0x000001e98770f92e sp=0x000000a4efbfac08 mode 2
Event: 10.178 Thread 0x000001e9a20b5590 Uncommon trap: trap_request=0xffffff45 fr.pc=0x000001e98f2d0180 relative=0x0000000000000720
Event: 10.178 Thread 0x000001e9a20b5590 Uncommon trap: reason=unstable_if action=reinterpret pc=0x000001e98f2d0180 method=sun.security.provider.DigestBase.engineUpdate([BII)V @ 1 c2
Event: 10.178 Thread 0x000001e9a20b5590 DEOPT PACKING pc=0x000001e98f2d0180 sp=0x000000a4efbfa1a0
Event: 10.178 Thread 0x000001e9a20b5590 DEOPT UNPACKING pc=0x000001e98770f92e sp=0x000000a4efbfa158 mode 2
Event: 10.199 Thread 0x000001e9a20b5040 Uncommon trap: trap_request=0xffffffc6 fr.pc=0x000001e98f6bbbbc relative=0x000000000000035c
Event: 10.199 Thread 0x000001e9a20b5040 Uncommon trap: reason=bimorphic_or_optimized_type_check action=maybe_recompile pc=0x000001e98f6bbbbc method=org.gradle.internal.snapshot.SnapshotUtil$1.handleAsDescendantOfChild(Lorg/gradle/internal/snapshot/VfsRelativePath;Lorg/gradle/internal/snapshot/F
Event: 10.199 Thread 0x000001e9a20b5040 DEOPT PACKING pc=0x000001e98f6bbbbc sp=0x000000a4efafbc20
Event: 10.199 Thread 0x000001e9a20b5040 DEOPT UNPACKING pc=0x000001e98770f92e sp=0x000000a4efafbb38 mode 2
Event: 10.264 Thread 0x000001e9a3cf6560 Uncommon trap: trap_request=0xffffff45 fr.pc=0x000001e98f513e6c relative=0x000000000000122c
Event: 10.264 Thread 0x000001e9a3cf6560 Uncommon trap: reason=unstable_if action=reinterpret pc=0x000001e98f513e6c method=java.util.concurrent.ConcurrentHashMap.putVal(Ljava/lang/Object;Ljava/lang/Object;Z)Ljava/lang/Object; @ 112 c2
Event: 10.264 Thread 0x000001e9a3cf6560 DEOPT PACKING pc=0x000001e98f513e6c sp=0x000000a4eaefdd00
Event: 10.264 Thread 0x000001e9a3cf6560 DEOPT UNPACKING pc=0x000001e98770f92e sp=0x000000a4eaefdc90 mode 2
Event: 10.282 Thread 0x000001e9a20b5040 Uncommon trap: trap_request=0xffffff45 fr.pc=0x000001e98f6b1f5c relative=0x00000000000001bc
Event: 10.282 Thread 0x000001e9a20b5040 Uncommon trap: reason=unstable_if action=reinterpret pc=0x000001e98f6b1f5c method=org.gradle.internal.hash.HashCode.equals(Ljava/lang/Object;)Z @ 66 c2
Event: 10.282 Thread 0x000001e9a20b5040 DEOPT PACKING pc=0x000001e98f6b1f5c sp=0x000000a4efafcd40
Event: 10.282 Thread 0x000001e9a20b5040 DEOPT UNPACKING pc=0x000001e98770f92e sp=0x000000a4efafccb8 mode 2

Classes unloaded (0 events):
No events

Classes redefined (0 events):
No events

Internal exceptions (20 events):
Event: 9.316 Thread 0x000001e9a20b5590 Exception <a 'java/lang/IncompatibleClassChangeError'{0x000000008573fc48}: Found class java.lang.Object, but interface was expected> (0x000000008573fc48) 
thrown [t:\workspace\open\src\hotspot\share\interpreter\linkResolver.cpp, line 857]
Event: 9.322 Thread 0x000001e9a20b35b0 Exception <a 'java/lang/NoSuchMethodError'{0x00000000857a7bc0}: static [Ljava/lang/String;.<clinit>()V> (0x00000000857a7bc0) 
thrown [t:\workspace\open\src\hotspot\share\prims\jni.cpp, line 1210]
Event: 9.348 Thread 0x000001e9a1b324e0 Exception <a 'java/lang/NoSuchMethodError'{0x00000000856d7648}: static Lorg/gradle/internal/build/event/types/DefaultTaskSkippedResult;.<clinit>()V> (0x00000000856d7648) 
thrown [t:\workspace\open\src\hotspot\share\prims\jni.cpp, line 1210]
Event: 9.348 Thread 0x000001e9a20b5590 Exception <a 'java/lang/NoSuchMethodError'{0x00000000856bf908}: 'java.lang.Object java.lang.invoke.DirectMethodHandle$Holder.invokeInterface(java.lang.Object, java.lang.Object, int)'> (0x00000000856bf908) 
thrown [t:\workspace\open\src\hotspot\share\interpreter\linkResolver.cpp, line 790]
Event: 9.351 Thread 0x000001e9a20b5590 Exception <a 'java/lang/NoSuchMethodError'{0x00000000856dcf48}: 'void java.lang.invoke.DirectMethodHandle$Holder.invokeStatic(java.lang.Object, java.lang.Object, java.lang.Object, int)'> (0x00000000856dcf48) 
thrown [t:\workspace\open\src\hotspot\share\interpreter\linkResolver.cpp, line 790]
Event: 9.409 Thread 0x000001e9a20b5590 Implicit null exception at 0x000001e98f4b6bd7 to 0x000001e98f4b6d7c
Event: 9.425 Thread 0x000001e9a20b5590 Exception <a 'java/lang/IncompatibleClassChangeError'{0x0000000087d1e7e0}: Found class java.lang.Object, but interface was expected> (0x0000000087d1e7e0) 
thrown [t:\workspace\open\src\hotspot\share\interpreter\linkResolver.cpp, line 857]
Event: 9.458 Thread 0x000001e9a20b5590 Exception <a 'java/lang/NoSuchMethodError'{0x0000000087bf0b70}: 'int java.lang.invoke.DirectMethodHandle$Holder.invokeStaticInit(java.lang.Object, java.lang.Object, java.lang.Object, java.lang.Object, java.lang.Object)'> (0x0000000087bf0b70) 
thrown [t:\workspace\open\src\hotspot\share\interpreter\linkResolver.cpp, line 790]
Event: 9.595 Thread 0x000001e9a20b5590 Exception <a 'java/lang/NoSuchMethodError'{0x000000008759f428}: 'void java.lang.invoke.DirectMethodHandle$Holder.invokeStatic(java.lang.Object, java.lang.Object, java.lang.Object, java.lang.Object, int, java.lang.Object, java.lang.Object)'> (0x000000008759f428) 
thrown [t:\workspace\open\src\hotspot\share\interpreter\linkResolver.cpp, line 790]
Event: 9.626 Thread 0x000001e9a20b9ff0 Exception <a 'java/lang/NoSuchMethodError'{0x0000000086f9fd40}: 'java.lang.Object java.lang.invoke.DirectMethodHandle$Holder.invokeSpecialIFC(java.lang.Object, java.lang.Object, java.lang.Object)'> (0x0000000086f9fd40) 
thrown [t:\workspace\open\src\hotspot\share\interpreter\linkResolver.cpp, line 790]
Event: 9.626 Thread 0x000001e9a20b5590 Exception <a 'java/lang/NoSuchMethodError'{0x0000000086f1e848}: 'java.lang.Object java.lang.invoke.DirectMethodHandle$Holder.invokeSpecialIFC(java.lang.Object, java.lang.Object, java.lang.Object)'> (0x0000000086f1e848) 
thrown [t:\workspace\open\src\hotspot\share\interpreter\linkResolver.cpp, line 790]
Event: 9.626 Thread 0x000001e9a20b7ac0 Exception <a 'java/lang/NoSuchMethodError'{0x0000000086fbe3f0}: 'java.lang.Object java.lang.invoke.DirectMethodHandle$Holder.invokeSpecialIFC(java.lang.Object, java.lang.Object, java.lang.Object)'> (0x0000000086fbe3f0) 
thrown [t:\workspace\open\src\hotspot\share\interpreter\linkResolver.cpp, line 790]
Event: 9.626 Thread 0x000001e9a2b80010 Exception <a 'java/lang/NoSuchMethodError'{0x0000000086f8f6e0}: 'java.lang.Object java.lang.invoke.DirectMethodHandle$Holder.invokeSpecialIFC(java.lang.Object, java.lang.Object, java.lang.Object)'> (0x0000000086f8f6e0) 
thrown [t:\workspace\open\src\hotspot\share\interpreter\linkResolver.cpp, line 790]
Event: 9.626 Thread 0x000001e9a20c25e0 Exception <a 'java/lang/NoSuchMethodError'{0x0000000086fed220}: 'java.lang.Object java.lang.invoke.DirectMethodHandle$Holder.invokeSpecialIFC(java.lang.Object, java.lang.Object, java.lang.Object)'> (0x0000000086fed220) 
thrown [t:\workspace\open\src\hotspot\share\interpreter\linkResolver.cpp, line 790]
Event: 9.626 Thread 0x000001e9a20b7570 Exception <a 'java/lang/NoSuchMethodError'{0x0000000086fafa08}: 'java.lang.Object java.lang.invoke.DirectMethodHandle$Holder.invokeSpecialIFC(java.lang.Object, java.lang.Object, java.lang.Object)'> (0x0000000086fafa08) 
thrown [t:\workspace\open\src\hotspot\share\interpreter\linkResolver.cpp, line 790]
Event: 9.626 Thread 0x000001e9a20b45a0 Exception <a 'java/lang/NoSuchMethodError'{0x0000000086fdafd8}: 'java.lang.Object java.lang.invoke.DirectMethodHandle$Holder.invokeSpecialIFC(java.lang.Object, java.lang.Object, java.lang.Object)'> (0x0000000086fdafd8) 
thrown [t:\workspace\open\src\hotspot\share\interpreter\linkResolver.cpp, line 790]
Event: 9.627 Thread 0x000001e9a20c8580 Exception <a 'java/lang/NoSuchMethodError'{0x0000000086fccce0}: 'java.lang.Object java.lang.invoke.DirectMethodHandle$Holder.invokeSpecialIFC(java.lang.Object, java.lang.Object, java.lang.Object)'> (0x0000000086fccce0) 
thrown [t:\workspace\open\src\hotspot\share\interpreter\linkResolver.cpp, line 790]
Event: 9.823 Thread 0x000001e9a2b81ff0 Exception <a 'java/lang/NoSuchMethodError'{0x0000000087bf5630}: 'void java.lang.invoke.DirectMethodHandle$Holder.invokeVirtual(java.lang.Object, java.lang.Object)'> (0x0000000087bf5630) 
thrown [t:\workspace\open\src\hotspot\share\interpreter\linkResolver.cpp, line 790]
Event: 9.916 Thread 0x000001e9a3cf3040 Implicit null exception at 0x000001e98f6918db to 0x000001e98f691970
Event: 10.177 Thread 0x000001e9a20b5590 Implicit null exception at 0x000001e98f6b9ee2 to 0x000001e98f6ba734

Events (20 events):
Event: 10.009 Executing  VM operation: ICBufferFull
Event: 10.009 Executing  VM operation: ICBufferFull done
Event: 10.012 Executing  VM operation: ICBufferFull
Event: 10.012 Executing  VM operation: ICBufferFull done
Event: 10.017 Executing  VM operation: ICBufferFull
Event: 10.017 Executing  VM operation: ICBufferFull done
Event: 10.022 loading class java/util/stream/SortedOps$SizedRefSortingSink
Event: 10.022 loading class java/util/stream/SortedOps$SizedRefSortingSink done
Event: 10.067 Executing  VM operation: ICBufferFull
Event: 10.067 Executing  VM operation: ICBufferFull done
Event: 10.142 Executing  VM operation: ICBufferFull
Event: 10.142 Executing  VM operation: ICBufferFull done
Event: 10.284 Executing  VM operation: HandshakeAllThreads
Event: 10.285 Executing  VM operation: HandshakeAllThreads done
Event: 10.298 Executing  VM operation: HandshakeAllThreads
Event: 10.298 Executing  VM operation: HandshakeAllThreads done
Event: 10.302 Executing  VM operation: G1CollectForAllocation
Event: 10.308 Executing  VM operation: G1CollectForAllocation done
Event: 10.325 loading class jdk/internal/reflect/UnsafeQualifiedIntegerFieldAccessorImpl
Event: 10.325 loading class jdk/internal/reflect/UnsafeQualifiedIntegerFieldAccessorImpl done


Dynamic libraries:
0x00007ff6d8560000 - 0x00007ff6d8570000 	C:\Program Files\Java\jdk-16.0.2\bin\java.exe
0x00007ffdd9db0000 - 0x00007ffdd9fa8000 	C:\WINDOWS\SYSTEM32\ntdll.dll
0x00007ffdd9010000 - 0x00007ffdd90cd000 	C:\WINDOWS\System32\KERNEL32.DLL
0x00007ffdd7690000 - 0x00007ffdd795e000 	C:\WINDOWS\System32\KERNELBASE.dll
0x00007ffdd7590000 - 0x00007ffdd7690000 	C:\WINDOWS\System32\ucrtbase.dll
0x00007ffdd2a30000 - 0x00007ffdd2a48000 	C:\Program Files\Java\jdk-16.0.2\bin\jli.dll
0x00007ffdd2a10000 - 0x00007ffdd2a29000 	C:\Program Files\Java\jdk-16.0.2\bin\VCRUNTIME140.dll
0x00007ffdd7e10000 - 0x00007ffdd7ebe000 	C:\WINDOWS\System32\ADVAPI32.dll
0x00007ffdd9160000 - 0x00007ffdd91fe000 	C:\WINDOWS\System32\msvcrt.dll
0x00007ffdd8250000 - 0x00007ffdd82ec000 	C:\WINDOWS\System32\sechost.dll
0x00007ffdd8490000 - 0x00007ffdd85b5000 	C:\WINDOWS\System32\RPCRT4.dll
0x00007ffdd82f0000 - 0x00007ffdd8490000 	C:\WINDOWS\System32\USER32.dll
0x00007ffdd7960000 - 0x00007ffdd7982000 	C:\WINDOWS\System32\win32u.dll
0x00007ffdbf480000 - 0x00007ffdbf71a000 	C:\WINDOWS\WinSxS\amd64_microsoft.windows.common-controls_6595b64144ccf1df_6.0.19041.1110_none_60b5254171f9507e\COMCTL32.dll
0x00007ffdd8220000 - 0x00007ffdd824a000 	C:\WINDOWS\System32\GDI32.dll
0x00007ffdd7a40000 - 0x00007ffdd7b4b000 	C:\WINDOWS\System32\gdi32full.dll
0x00007ffdd7d70000 - 0x00007ffdd7e0d000 	C:\WINDOWS\System32\msvcp_win.dll
0x00007ffdd1760000 - 0x00007ffdd176a000 	C:\WINDOWS\SYSTEM32\VERSION.dll
0x00007ffdd9b90000 - 0x00007ffdd9bc0000 	C:\WINDOWS\System32\IMM32.DLL
0x00007ffdd4630000 - 0x00007ffdd463c000 	C:\Program Files\Java\jdk-16.0.2\bin\vcruntime140_1.dll
0x00007ffdd2970000 - 0x00007ffdd2a01000 	C:\Program Files\Java\jdk-16.0.2\bin\msvcp140.dll
0x00007ffdadba0000 - 0x00007ffdae74b000 	C:\Program Files\Java\jdk-16.0.2\bin\server\jvm.dll
0x00007ffdd8fa0000 - 0x00007ffdd8fa8000 	C:\WINDOWS\System32\PSAPI.DLL
0x00007ffdd5b00000 - 0x00007ffdd5b27000 	C:\WINDOWS\SYSTEM32\WINMM.dll
0x00007ffdb66a0000 - 0x00007ffdb66a9000 	C:\WINDOWS\SYSTEM32\WSOCK32.dll
0x00007ffdd9a00000 - 0x00007ffdd9a6b000 	C:\WINDOWS\System32\WS2_32.dll
0x00007ffdd5d90000 - 0x00007ffdd5da2000 	C:\WINDOWS\SYSTEM32\kernel.appcore.dll
0x00007ffdd2960000 - 0x00007ffdd296a000 	C:\Program Files\Java\jdk-16.0.2\bin\jimage.dll
0x00007ffdd5910000 - 0x00007ffdd5af4000 	C:\WINDOWS\SYSTEM32\DBGHELP.DLL
0x00007ffdd58e0000 - 0x00007ffdd590c000 	C:\WINDOWS\SYSTEM32\dbgcore.DLL
0x00007ffdd7b50000 - 0x00007ffdd7bd2000 	C:\WINDOWS\System32\bcryptPrimitives.dll
0x00007ffdd2930000 - 0x00007ffdd2955000 	C:\Program Files\Java\jdk-16.0.2\bin\java.dll
0x00007ffdd8660000 - 0x00007ffdd8da4000 	C:\WINDOWS\System32\SHELL32.dll
0x00007ffdd5130000 - 0x00007ffdd58c4000 	C:\WINDOWS\SYSTEM32\windows.storage.dll
0x00007ffdd7ec0000 - 0x00007ffdd8214000 	C:\WINDOWS\System32\combase.dll
0x00007ffdd6f30000 - 0x00007ffdd6f60000 	C:\WINDOWS\SYSTEM32\Wldp.dll
0x00007ffdd94e0000 - 0x00007ffdd958d000 	C:\WINDOWS\System32\SHCORE.dll
0x00007ffdd8fb0000 - 0x00007ffdd9005000 	C:\WINDOWS\System32\shlwapi.dll
0x00007ffdd7410000 - 0x00007ffdd742f000 	C:\WINDOWS\SYSTEM32\profapi.dll
0x00007ffdd2910000 - 0x00007ffdd2929000 	C:\Program Files\Java\jdk-16.0.2\bin\net.dll
0x00007ffdc2400000 - 0x00007ffdc250a000 	C:\WINDOWS\SYSTEM32\WINHTTP.dll
0x00007ffdd6c90000 - 0x00007ffdd6cfa000 	C:\WINDOWS\system32\mswsock.dll
0x00007ffdcfa00000 - 0x00007ffdcfa13000 	C:\Program Files\Java\jdk-16.0.2\bin\nio.dll
0x00007ffdbdfe0000 - 0x00007ffdbdff8000 	C:\Program Files\Java\jdk-16.0.2\bin\zip.dll
0x00007ffdd2900000 - 0x00007ffdd2910000 	C:\Program Files\Java\jdk-16.0.2\bin\verify.dll
0x00007ffdbe060000 - 0x00007ffdbe087000 	C:\Users\ITECH\.gradle\native\e1d6ef7f7dcc3fd88c89a11ec53ec762bb8ba0a96d01ffa2cd45eb1d1d8dd5c5\windows-amd64\native-platform.dll
0x00007ffdaeb60000 - 0x00007ffdaeca4000 	C:\Users\ITECH\.gradle\native\5664cfc778a61ccfe75a443a1ab52a65af34e5dc3c78e0209fed803814484fcb\windows-amd64\native-platform-file-events.dll
0x00007ffdcfab0000 - 0x00007ffdcfab9000 	C:\Program Files\Java\jdk-16.0.2\bin\management.dll
0x00007ffdbdf70000 - 0x00007ffdbdf7b000 	C:\Program Files\Java\jdk-16.0.2\bin\management_ext.dll
0x00007ffdd6e80000 - 0x00007ffdd6e98000 	C:\WINDOWS\SYSTEM32\CRYPTSP.dll
0x00007ffdd65a0000 - 0x00007ffdd65d4000 	C:\WINDOWS\system32\rsaenh.dll
0x00007ffdd7be0000 - 0x00007ffdd7c07000 	C:\WINDOWS\System32\bcrypt.dll
0x00007ffdd73d0000 - 0x00007ffdd73fe000 	C:\WINDOWS\SYSTEM32\USERENV.dll
0x00007ffdd6ea0000 - 0x00007ffdd6eac000 	C:\WINDOWS\SYSTEM32\CRYPTBASE.dll
0x00007ffdd6930000 - 0x00007ffdd696b000 	C:\WINDOWS\SYSTEM32\IPHLPAPI.DLL
0x00007ffdd93a0000 - 0x00007ffdd93a8000 	C:\WINDOWS\System32\NSI.dll
0x00007ffdca9d0000 - 0x00007ffdca9e7000 	C:\WINDOWS\SYSTEM32\dhcpcsvc6.DLL
0x00007ffdcc1e0000 - 0x00007ffdcc1fd000 	C:\WINDOWS\SYSTEM32\dhcpcsvc.DLL
0x00007ffdd6970000 - 0x00007ffdd6a3a000 	C:\WINDOWS\SYSTEM32\DNSAPI.dll
0x00007ffdbdf60000 - 0x00007ffdbdf6e000 	C:\Program Files\Java\jdk-16.0.2\bin\sunmscapi.dll
0x00007ffdd7c10000 - 0x00007ffdd7d66000 	C:\WINDOWS\System32\CRYPT32.dll
0x00007ffdd6fa0000 - 0x00007ffdd6fc7000 	C:\WINDOWS\SYSTEM32\ncrypt.dll
0x00007ffdd6f60000 - 0x00007ffdd6f9b000 	C:\WINDOWS\SYSTEM32\NTASN1.dll
0x00007ffd8a7f0000 - 0x00007ffd8a7f7000 	C:\WINDOWS\system32\wshunix.dll

dbghelp: loaded successfully - version: 4.0.5 - missing functions: none
symbol engine: initialized successfully - sym options: 0x614 - pdb path: .;C:\Program Files\Java\jdk-16.0.2\bin;C:\WINDOWS\SYSTEM32;C:\WINDOWS\WinSxS\amd64_microsoft.windows.common-controls_6595b64144ccf1df_6.0.19041.1110_none_60b5254171f9507e;C:\Program Files\Java\jdk-16.0.2\bin\server;C:\Users\ITECH\.gradle\native\e1d6ef7f7dcc3fd88c89a11ec53ec762bb8ba0a96d01ffa2cd45eb1d1d8dd5c5\windows-amd64;C:\Users\ITECH\.gradle\native\5664cfc778a61ccfe75a443a1ab52a65af34e5dc3c78e0209fed803814484fcb\windows-amd64

VM Arguments:
jvm_args: --add-opens=java.base/java.util=ALL-UNNAMED --add-opens=java.base/java.lang=ALL-UNNAMED --add-opens=java.base/java.lang.invoke=ALL-UNNAMED --add-opens=java.base/java.util=ALL-UNNAMED --add-opens=java.prefs/java.util.prefs=ALL-UNNAMED --add-opens=java.prefs/java.util.prefs=ALL-UNNAMED --add-opens=java.base/java.nio.charset=ALL-UNNAMED --add-opens=java.base/java.net=ALL-UNNAMED --add-opens=java.base/java.util.concurrent.atomic=ALL-UNNAMED -Xmx2048m -Dfile.encoding=UTF-8 -Duser.country=US -Duser.language=en -Duser.variant 
java_command: org.gradle.launcher.daemon.bootstrap.GradleDaemon 7.3.3
java_class_path (initial): C:\Users\ITECH\.gradle\wrapper\dists\gradle-7.3.3-bin\6a41zxkdtcxs8rphpq6y0069z\gradle-7.3.3\lib\gradle-launcher-7.3.3.jar
Launcher Type: SUN_STANDARD

[Global flags]
     intx CICompilerCount                          = 4                                         {product} {ergonomic}
     uint ConcGCThreads                            = 2                                         {product} {ergonomic}
     uint G1ConcRefinementThreads                  = 8                                         {product} {ergonomic}
   size_t G1HeapRegionSize                         = 1048576                                   {product} {ergonomic}
    uintx GCDrainStackTargetSize                   = 64                                        {product} {ergonomic}
   size_t InitialHeapSize                          = 132120576                                 {product} {ergonomic}
   size_t MarkStackSize                            = 4194304                                   {product} {ergonomic}
   size_t MaxHeapSize                              = 2147483648                                {product} {command line}
   size_t MaxNewSize                               = 1287651328                                {product} {ergonomic}
   size_t MinHeapDeltaBytes                        = 1048576                                   {product} {ergonomic}
   size_t MinHeapSize                              = 8388608                                   {product} {ergonomic}
    uintx NonNMethodCodeHeapSize                   = 5839372                                {pd product} {ergonomic}
    uintx NonProfiledCodeHeapSize                  = 122909434                              {pd product} {ergonomic}
    uintx ProfiledCodeHeapSize                     = 122909434                              {pd product} {ergonomic}
    uintx ReservedCodeCacheSize                    = 251658240                              {pd product} {ergonomic}
     bool SegmentedCodeCache                       = true                                      {product} {ergonomic}
   size_t SoftMaxHeapSize                          = 2147483648                             {manageable} {ergonomic}
     bool UseCompressedClassPointers               = true                           {product lp64_product} {ergonomic}
     bool UseCompressedOops                        = true                           {product lp64_product} {ergonomic}
     bool UseG1GC                                  = true                                      {product} {ergonomic}
     bool UseLargePagesIndividualAllocation        = false                                  {pd product} {ergonomic}

Logging:
Log output configuration:
 #0: stdout all=warning uptime,level,tags
 #1: stderr all=off uptime,level,tags

Environment Variables:
JAVA_HOME=C:\Program Files\Java\jdk-16.0.2
PATH=C:\Program Files\Python37\Scripts\;C:\Program Files\Python37\;C:\ProgramData\Oracle\Java\javapath;C:\app\ITECH\product\11.2.0\dbhome_1\bin;C:\Program Files\Common Files\Oracle\Java\javapath;C:\Program Files (x86)\Common Files\Oracle\Java\javapath;C:\WINDOWS\system32;C:\WINDOWS;C:\WINDOWS\System32\Wbem;C:\WINDOWS\System32\WindowsPowerShell\v1.0\;C:\WINDOWS\System32\OpenSSH\;C:\Program Files\Microsoft SQL Server\130\Tools\Binn\;C:\Program Files\Microsoft SQL Server\Client SDK\ODBC\170\Tools\Binn\;C:\Program Files\dotnet\;C:\Program Files\nodejs\;C:\Program Files\Java\jdk-16.0.2\bin;C:\Program Files\Git\cmd;C:\Program Files\Java\jdk-16.0.2\bin;
USERNAME=ITECH
OS=Windows_NT
PROCESSOR_IDENTIFIER=Intel64 Family 6 Model 126 Stepping 5, GenuineIntel



---------------  S Y S T E M  ---------------

OS:
 Windows 10 , 64 bit Build 19041 (10.0.19041.1889)
OS uptime: 0 days 0:10 hours

CPU: total 8 (initial active 8) (4 cores per cpu, 2 threads per core) family 6 model 126 stepping 5 microcode 0xb0, cx8, cmov, fxsr, ht, mmx, 3dnowpref, sse, sse2, sse3, ssse3, sse4.1, sse4.2, popcnt, lzcnt, tsc, tscinvbit, avx, avx2, aes, erms, clmul, bmi1, bmi2, adx, avx512f, avx512dq, avx512cd, avx512bw, avx512vl, sha, fma, vzeroupper, avx512_vpopcntdq, avx512_vpclmulqdq, avx512_vaes, avx512_vnni, clflush, clflushopt, avx512_vmbi2, avx512_vmbi

Memory: 4k page, system-wide physical 7959M (1122M free)
TotalPageFile size 7959M (AvailPageFile size 5M)
current process WorkingSet (physical memory assigned to process): 371M, peak: 374M
current process commit charge ("private bytes"): 420M, peak: 422M

vm_info: Java HotSpot(TM) 64-Bit Server VM (16.0.2+7-67) for windows-amd64 JRE (16.0.2+7-67), built on Jun  8 2021 23:24:19 by "mach5one" with MS VC++ 16.7 (VS2019)

END.
