#
# There is insufficient memory for the Java Runtime Environment to continue.
# Native memory allocation (mmap) failed to map 154140672 bytes for G1 virtual space
# Possible reasons:
#   The system is out of physical RAM or swap space
#   The process is running with CompressedOops enabled, and the Java Heap may be blocking the growth of the native heap
# Possible solutions:
#   Reduce memory load on the system
#   Increase physical memory or swap space
#   Check if swap backing store is full
#   Decrease Java heap size (-Xmx/-Xms)
#   Decrease number of Java threads
#   Decrease Java thread stack sizes (-Xss)
#   Set larger code cache with -XX:ReservedCodeCacheSize=
#   JVM is running with Unscaled Compressed Oops mode in which the Java heap is
#     placed in the first 4GB address space. The Java Heap base address is the
#     maximum limit for the native heap growth. Please use -XX:HeapBaseMinAddress
#     to set the Java Heap base and to place the Java Heap above 4GB virtual address.
# This output file may be truncated or incomplete.
#
#  Out of Memory Error (os_windows.cpp:3466), pid=3056, tid=8268
#
# JRE version: Java(TM) SE Runtime Environment (16.0.2+7) (build 16.0.2+7-67)
# Java VM: Java HotSpot(TM) 64-Bit Server VM (16.0.2+7-67, mixed mode, sharing, tiered, compressed oops, compressed class ptrs, g1 gc, windows-amd64)
# No core dump will be written. Minidumps are not enabled by default on client versions of Windows
#

---------------  S U M M A R Y ------------

Command Line: --add-opens=java.base/java.util=ALL-UNNAMED --add-opens=java.base/java.lang=ALL-UNNAMED --add-opens=java.base/java.lang.invoke=ALL-UNNAMED --add-opens=java.base/java.util=ALL-UNNAMED --add-opens=java.prefs/java.util.prefs=ALL-UNNAMED --add-opens=java.prefs/java.util.prefs=ALL-UNNAMED --add-opens=java.base/java.nio.charset=ALL-UNNAMED --add-opens=java.base/java.net=ALL-UNNAMED --add-opens=java.base/java.util.concurrent.atomic=ALL-UNNAMED -Xmx2048m -Dfile.encoding=UTF-8 -Duser.country=US -Duser.language=en -Duser.variant org.gradle.launcher.daemon.bootstrap.GradleDaemon 7.3.3

Host: Intel(R) Core(TM) i7-1065G7 CPU @ 1.30GHz, 8 cores, 7G,  Windows 10 , 64 bit Build 19041 (10.0.19041.1889)
Time: Thu Aug 18 00:32:49 2022 Egypt Standard Time elapsed time: 10.589703 seconds (0d 0h 0m 10s)

---------------  T H R E A D  ---------------

Current thread (0x000001568225e220):  VMThread "VM Thread" [stack: 0x0000002531d00000,0x0000002531e00000] [id=8268]

Stack: [0x0000002531d00000,0x0000002531e00000]
Native frames: (J=compiled Java code, j=interpreted, Vv=VM code, C=native code)
V  [jvm.dll+0x6681ca]
V  [jvm.dll+0x7c9e69]
V  [jvm.dll+0x7cb61e]
V  [jvm.dll+0x7cbc73]
V  [jvm.dll+0x242c55]
V  [jvm.dll+0x664f89]
V  [jvm.dll+0x659b75]
V  [jvm.dll+0x2fbfbb]
V  [jvm.dll+0x3031b6]
V  [jvm.dll+0x35299e]
V  [jvm.dll+0x352bcf]
V  [jvm.dll+0x2d3028]
V  [jvm.dll+0x2d0bb5]
V  [jvm.dll+0x2d01ec]
V  [jvm.dll+0x3152d2]
V  [jvm.dll+0x7d00ab]
V  [jvm.dll+0x7d0da4]
V  [jvm.dll+0x7d12a9]
V  [jvm.dll+0x7d1564]
V  [jvm.dll+0x7d1630]
V  [jvm.dll+0x7795aa]
V  [jvm.dll+0x667066]
C  [ucrtbase.dll+0x21bb2]
C  [KERNEL32.DLL+0x17034]
C  [ntdll.dll+0x52651]

VM_Operation (0x00000025375fd300): G1CollectForAllocation, mode: safepoint, requested by thread 0x0000015688230df0


---------------  P R O C E S S  ---------------

Threads class SMR info:
_java_thread_list=0x000001568964cbd0, length=138, elements={
0x00000156e414df50, 0x0000015682261c20, 0x0000015682262730, 0x0000015682270680,
0x00000156822774c0, 0x0000015682279de0, 0x000001568227a6f0, 0x000001568227e830,
0x0000015682288250, 0x000001568228abb0, 0x0000015682dabc50, 0x0000015682db9580,
0x000001568522f800, 0x000001568535b840, 0x0000015685858770, 0x0000015684f5d4f0,
0x00000156856a5360, 0x0000015684f52f40, 0x0000015684762710, 0x0000015684762c60,
0x00000156847631b0, 0x0000015684763c50, 0x0000015684763700, 0x0000015683bdef10,
0x0000015683be09a0, 0x0000015683bdcf30, 0x0000015683be0ef0, 0x0000015683bdff00,
0x0000015683be1440, 0x0000015683be1990, 0x0000015683bdd480, 0x0000015683bdf460,
0x0000015683bddf20, 0x0000015683be1ee0, 0x0000015683be2430, 0x0000015683bdb9f0,
0x0000015683bdbf40, 0x0000015683bde470, 0x0000015683bdc9e0, 0x0000015683bdc490,
0x0000015683be2980, 0x0000015683bde9c0, 0x0000015683be2ed0, 0x0000015683be3420,
0x0000015685d9f820, 0x0000015685d9f2d0, 0x0000015685da2d40, 0x0000015685d9cda0,
0x0000015685d9b860, 0x0000015685d9c300, 0x0000015685d9fd70, 0x0000015685da1d50,
0x0000015685d9d2f0, 0x0000015685da3290, 0x0000015685da0d60, 0x0000015685d9bdb0,
0x0000015685d9c850, 0x0000015685da27f0, 0x0000015685d9d840, 0x0000015685d9dd90,
0x0000015685d9e2e0, 0x0000015685da02c0, 0x0000015685da0810, 0x0000015685d9e830,
0x0000015685d9ed80, 0x0000015685da12b0, 0x0000015685da1800, 0x0000015685da22a0,
0x0000015688231890, 0x0000015688232880, 0x0000015688233dc0, 0x0000015688233320,
0x0000015688231340, 0x00000156882308a0, 0x0000015688231de0, 0x0000015688233870,
0x0000015688232330, 0x0000015688230df0, 0x0000015688232dd0, 0x0000015689297c30,
0x0000015689293c70, 0x0000015689295c50, 0x00000156892961a0, 0x00000156892941c0,
0x0000015689294710, 0x0000015689295700, 0x00000156892986d0, 0x0000015689299170,
0x0000015689297190, 0x00000156892976e0, 0x00000156892966f0, 0x0000015689292730,
0x00000156892931d0, 0x00000156892996c0, 0x0000015689291c90, 0x00000156892921e0,
0x0000015689298180, 0x0000015689298c20, 0x0000015689292c80, 0x0000015689293720,
0x0000015689294c60, 0x00000156892951b0, 0x0000015689296c40, 0x0000015685cfcb70,
0x0000015685d015d0, 0x0000015685cfb0e0, 0x0000015685cfa0f0, 0x0000015685cfbb80,
0x0000015685cfd610, 0x0000015685cfd0c0, 0x0000015685cfdb60, 0x0000015685cfe0b0,
0x0000015685cff5f0, 0x0000015685cfe600, 0x0000015685cfeb50, 0x0000015685cfab90,
0x0000015685cffb40, 0x0000015685d00b30, 0x0000015685d00090, 0x0000015685d005e0,
0x0000015685cfa640, 0x0000015685d01b20, 0x0000015685cfb630, 0x0000015685cfc0d0,
0x000001568b5ec540, 0x000001568b5ea560, 0x000001568b5e8580, 0x000001568b5e55b0,
0x000001568b5e9020, 0x000001568b5eca90, 0x000001568b5e5b00, 0x000001568b5ea010,
0x000001568b5e6af0, 0x000001568b5e8030, 0x000001568b5e6050, 0x000001568e0f4290,
0x000001568b5e5060, 0x000001568e0f5340
}

Java Threads: ( => current thread )
  0x00000156e414df50 JavaThread "main" [_thread_blocked, id=10020, stack(0x0000002531700000,0x0000002531800000)]
  0x0000015682261c20 JavaThread "Reference Handler" daemon [_thread_blocked, id=5176, stack(0x0000002531e00000,0x0000002531f00000)]
  0x0000015682262730 JavaThread "Finalizer" daemon [_thread_blocked, id=11148, stack(0x0000002531f00000,0x0000002532000000)]
  0x0000015682270680 JavaThread "Signal Dispatcher" daemon [_thread_blocked, id=5632, stack(0x0000002532000000,0x0000002532100000)]
  0x00000156822774c0 JavaThread "Attach Listener" daemon [_thread_blocked, id=6352, stack(0x0000002532100000,0x0000002532200000)]
  0x0000015682279de0 JavaThread "Service Thread" daemon [_thread_blocked, id=10548, stack(0x0000002532200000,0x0000002532300000)]
  0x000001568227a6f0 JavaThread "Monitor Deflation Thread" daemon [_thread_blocked, id=2664, stack(0x0000002532300000,0x0000002532400000)]
  0x000001568227e830 JavaThread "C2 CompilerThread0" daemon [_thread_blocked, id=11804, stack(0x0000002532400000,0x0000002532500000)]
  0x0000015682288250 JavaThread "C1 CompilerThread0" daemon [_thread_blocked, id=10444, stack(0x0000002532500000,0x0000002532600000)]
  0x000001568228abb0 JavaThread "Sweeper thread" daemon [_thread_blocked, id=8256, stack(0x0000002532600000,0x0000002532700000)]
  0x0000015682dabc50 JavaThread "Common-Cleaner" daemon [_thread_blocked, id=7416, stack(0x0000002532700000,0x0000002532800000)]
  0x0000015682db9580 JavaThread "Notification Thread" daemon [_thread_blocked, id=12696, stack(0x0000002532800000,0x0000002532900000)]
  0x000001568522f800 JavaThread "Daemon health stats" [_thread_blocked, id=5464, stack(0x0000002533000000,0x0000002533100000)]
  0x000001568535b840 JavaThread "Incoming local TCP Connector on port 64431" [_thread_in_native, id=7984, stack(0x0000002533100000,0x0000002533200000)]
  0x0000015685858770 JavaThread "Daemon periodic checks" [_thread_blocked, id=6688, stack(0x0000002533200000,0x0000002533300000)]
  0x0000015684f5d4f0 JavaThread "Daemon" [_thread_blocked, id=2912, stack(0x0000002533300000,0x0000002533400000)]
  0x00000156856a5360 JavaThread "Handler for socket connection from /127.0.0.1:64431 to /127.0.0.1:64432" [_thread_in_native, id=10536, stack(0x0000002533400000,0x0000002533500000)]
  0x0000015684f52f40 JavaThread "Cancel handler" [_thread_blocked, id=10528, stack(0x0000002533500000,0x0000002533600000)]
  0x0000015684762710 JavaThread "Daemon worker" [_thread_blocked, id=9800, stack(0x0000002533600000,0x0000002533700000)]
  0x0000015684762c60 JavaThread "Asynchronous log dispatcher for DefaultDaemonConnection: socket connection from /127.0.0.1:64431 to /127.0.0.1:64432" [_thread_blocked, id=9768, stack(0x0000002533700000,0x0000002533800000)]
  0x00000156847631b0 JavaThread "Stdin handler" [_thread_blocked, id=12944, stack(0x0000002533800000,0x0000002533900000)]
  0x0000015684763c50 JavaThread "Daemon client event forwarder" [_thread_blocked, id=10404, stack(0x0000002533900000,0x0000002533a00000)]
  0x0000015684763700 JavaThread "Cache worker for journal cache (C:\Users\ITECH\.gradle\caches\journal-1)" [_thread_blocked, id=11808, stack(0x0000002533a00000,0x0000002533b00000)]
  0x0000015683bdef10 JavaThread "File lock request listener" [_thread_in_native, id=10612, stack(0x0000002533b00000,0x0000002533c00000)]
  0x0000015683be09a0 JavaThread "Cache worker for file hash cache (C:\Users\ITECH\.gradle\caches\7.3.3\fileHashes)" [_thread_blocked, id=7876, stack(0x0000002533c00000,0x0000002533d00000)]
  0x0000015683bdcf30 JavaThread "Cache worker for file hash cache (C:\Users\ITECH\AndroidStudioProjects\yummy\.gradle\7.3.3\fileHashes)" [_thread_blocked, id=10312, stack(0x0000002533d00000,0x0000002533e00000)]
  0x0000015683be0ef0 JavaThread "File watcher server" daemon [_thread_blocked, id=1868, stack(0x0000002534100000,0x0000002534200000)]
  0x0000015683bdff00 JavaThread "File watcher consumer" daemon [_thread_blocked, id=2596, stack(0x0000002534200000,0x0000002534300000)]
  0x0000015683be1440 JavaThread "Cache worker for checksums cache (C:\Users\ITECH\AndroidStudioProjects\yummy\.gradle\7.3.3\checksums)" [_thread_blocked, id=1684, stack(0x0000002534300000,0x0000002534400000)]
  0x0000015683be1990 JavaThread "Cache worker for cache directory md-supplier (C:\Users\ITECH\.gradle\caches\7.3.3\md-supplier)" [_thread_blocked, id=8400, stack(0x0000002534400000,0x0000002534500000)]
  0x0000015683bdd480 JavaThread "Cache worker for cache directory md-rule (C:\Users\ITECH\.gradle\caches\7.3.3\md-rule)" [_thread_blocked, id=6504, stack(0x0000002534500000,0x0000002534600000)]
  0x0000015683bdf460 JavaThread "Cache worker for execution history cache (C:\Users\ITECH\.gradle\caches\7.3.3\executionHistory)" [_thread_blocked, id=3428, stack(0x0000002534700000,0x0000002534800000)]
  0x0000015683bddf20 JavaThread "jar transforms" [_thread_blocked, id=11700, stack(0x0000002534800000,0x0000002534900000)]
  0x0000015683be1ee0 JavaThread "Cache worker for file content cache (C:\Users\ITECH\.gradle\caches\7.3.3\fileContent)" [_thread_blocked, id=12928, stack(0x0000002534900000,0x0000002534a00000)]
  0x0000015683be2430 JavaThread "jar transforms Thread 2" [_thread_blocked, id=9456, stack(0x0000002534a00000,0x0000002534b00000)]
  0x0000015683bdb9f0 JavaThread "Cache worker for dependencies-accessors (C:\Users\ITECH\AndroidStudioProjects\yummy\.gradle\7.3.3\dependencies-accessors)" [_thread_blocked, id=11752, stack(0x0000002534b00000,0x0000002534c00000)]
  0x0000015683bdbf40 JavaThread "jar transforms Thread 3" [_thread_blocked, id=9452, stack(0x0000002534c00000,0x0000002534d00000)]
  0x0000015683bde470 JavaThread "Cache worker for Build Output Cleanup Cache (C:\Users\ITECH\AndroidStudioProjects\yummy\.gradle\buildOutputCleanup)" [_thread_blocked, id=11812, stack(0x0000002534d00000,0x0000002534e00000)]
  0x0000015683bdc9e0 JavaThread "Unconstrained build operations" [_thread_blocked, id=8300, stack(0x0000002534e00000,0x0000002534f00000)]
  0x0000015683bdc490 JavaThread "Unconstrained build operations Thread 2" [_thread_blocked, id=1776, stack(0x0000002534f00000,0x0000002535000000)]
  0x0000015683be2980 JavaThread "Unconstrained build operations Thread 3" [_thread_blocked, id=2324, stack(0x0000002535000000,0x0000002535100000)]
  0x0000015683bde9c0 JavaThread "Unconstrained build operations Thread 4" [_thread_blocked, id=8964, stack(0x0000002535100000,0x0000002535200000)]
  0x0000015683be2ed0 JavaThread "Unconstrained build operations Thread 5" [_thread_blocked, id=11312, stack(0x0000002535200000,0x0000002535300000)]
  0x0000015683be3420 JavaThread "Unconstrained build operations Thread 6" [_thread_blocked, id=12984, stack(0x0000002535300000,0x0000002535400000)]
  0x0000015685d9f820 JavaThread "Unconstrained build operations Thread 7" [_thread_blocked, id=10256, stack(0x0000002535400000,0x0000002535500000)]
  0x0000015685d9f2d0 JavaThread "Unconstrained build operations Thread 8" [_thread_blocked, id=2820, stack(0x0000002535500000,0x0000002535600000)]
  0x0000015685da2d40 JavaThread "Unconstrained build operations Thread 9" [_thread_blocked, id=10768, stack(0x0000002535600000,0x0000002535700000)]
  0x0000015685d9cda0 JavaThread "Unconstrained build operations Thread 10" [_thread_blocked, id=2672, stack(0x0000002535700000,0x0000002535800000)]
  0x0000015685d9b860 JavaThread "Unconstrained build operations Thread 11" [_thread_blocked, id=13228, stack(0x0000002535800000,0x0000002535900000)]
  0x0000015685d9c300 JavaThread "Unconstrained build operations Thread 12" [_thread_blocked, id=3356, stack(0x0000002535900000,0x0000002535a00000)]
  0x0000015685d9fd70 JavaThread "Unconstrained build operations Thread 13" [_thread_blocked, id=3340, stack(0x0000002535a00000,0x0000002535b00000)]
  0x0000015685da1d50 JavaThread "Unconstrained build operations Thread 14" [_thread_blocked, id=10988, stack(0x0000002535b00000,0x0000002535c00000)]
  0x0000015685d9d2f0 JavaThread "Unconstrained build operations Thread 15" [_thread_blocked, id=5272, stack(0x0000002535c00000,0x0000002535d00000)]
  0x0000015685da3290 JavaThread "Unconstrained build operations Thread 16" [_thread_blocked, id=10780, stack(0x0000002535d00000,0x0000002535e00000)]
  0x0000015685da0d60 JavaThread "Unconstrained build operations Thread 17" [_thread_blocked, id=11396, stack(0x0000002535e00000,0x0000002535f00000)]
  0x0000015685d9bdb0 JavaThread "Unconstrained build operations Thread 18" [_thread_blocked, id=11820, stack(0x0000002535f00000,0x0000002536000000)]
  0x0000015685d9c850 JavaThread "Unconstrained build operations Thread 19" [_thread_blocked, id=8312, stack(0x0000002536000000,0x0000002536100000)]
  0x0000015685da27f0 JavaThread "Unconstrained build operations Thread 20" [_thread_blocked, id=6016, stack(0x0000002536100000,0x0000002536200000)]
  0x0000015685d9d840 JavaThread "Unconstrained build operations Thread 21" [_thread_blocked, id=5828, stack(0x0000002536200000,0x0000002536300000)]
  0x0000015685d9dd90 JavaThread "Unconstrained build operations Thread 22" [_thread_blocked, id=5160, stack(0x0000002536300000,0x0000002536400000)]
  0x0000015685d9e2e0 JavaThread "Unconstrained build operations Thread 23" [_thread_blocked, id=7028, stack(0x0000002536400000,0x0000002536500000)]
  0x0000015685da02c0 JavaThread "Unconstrained build operations Thread 24" [_thread_blocked, id=5324, stack(0x0000002536500000,0x0000002536600000)]
  0x0000015685da0810 JavaThread "Unconstrained build operations Thread 25" [_thread_blocked, id=7048, stack(0x0000002536600000,0x0000002536700000)]
  0x0000015685d9e830 JavaThread "Unconstrained build operations Thread 26" [_thread_blocked, id=7708, stack(0x0000002536700000,0x0000002536800000)]
  0x0000015685d9ed80 JavaThread "Unconstrained build operations Thread 27" [_thread_blocked, id=8248, stack(0x0000002536800000,0x0000002536900000)]
  0x0000015685da12b0 JavaThread "Unconstrained build operations Thread 28" [_thread_blocked, id=11564, stack(0x0000002536900000,0x0000002536a00000)]
  0x0000015685da1800 JavaThread "Unconstrained build operations Thread 29" [_thread_blocked, id=4964, stack(0x0000002536a00000,0x0000002536b00000)]
  0x0000015685da22a0 JavaThread "Unconstrained build operations Thread 30" [_thread_blocked, id=4948, stack(0x0000002536b00000,0x0000002536c00000)]
  0x0000015688231890 JavaThread "Unconstrained build operations Thread 31" [_thread_blocked, id=2160, stack(0x0000002536c00000,0x0000002536d00000)]
  0x0000015688232880 JavaThread "Unconstrained build operations Thread 32" [_thread_blocked, id=12444, stack(0x0000002536d00000,0x0000002536e00000)]
  0x0000015688233dc0 JavaThread "Unconstrained build operations Thread 33" [_thread_blocked, id=4960, stack(0x0000002536e00000,0x0000002536f00000)]
  0x0000015688233320 JavaThread "Unconstrained build operations Thread 34" [_thread_blocked, id=4932, stack(0x0000002536f00000,0x0000002537000000)]
  0x0000015688231340 JavaThread "Unconstrained build operations Thread 35" [_thread_blocked, id=4928, stack(0x0000002537000000,0x0000002537100000)]
  0x00000156882308a0 JavaThread "Unconstrained build operations Thread 36" [_thread_blocked, id=11740, stack(0x0000002537100000,0x0000002537200000)]
  0x0000015688231de0 JavaThread "Unconstrained build operations Thread 37" [_thread_blocked, id=12080, stack(0x0000002537200000,0x0000002537300000)]
  0x0000015688233870 JavaThread "Unconstrained build operations Thread 38" [_thread_blocked, id=3988, stack(0x0000002537300000,0x0000002537400000)]
  0x0000015688232330 JavaThread "Unconstrained build operations Thread 39" [_thread_blocked, id=12688, stack(0x0000002537400000,0x0000002537500000)]
  0x0000015688230df0 JavaThread "Unconstrained build operations Thread 40" [_thread_blocked, id=13152, stack(0x0000002537500000,0x0000002537600000)]
  0x0000015688232dd0 JavaThread "Unconstrained build operations Thread 41" [_thread_blocked, id=8, stack(0x0000002537600000,0x0000002537700000)]
  0x0000015689297c30 JavaThread "Unconstrained build operations Thread 42" [_thread_blocked, id=11268, stack(0x0000002537700000,0x0000002537800000)]
  0x0000015689293c70 JavaThread "Unconstrained build operations Thread 43" [_thread_blocked, id=9176, stack(0x0000002537800000,0x0000002537900000)]
  0x0000015689295c50 JavaThread "Unconstrained build operations Thread 44" [_thread_blocked, id=10252, stack(0x0000002537900000,0x0000002537a00000)]
  0x00000156892961a0 JavaThread "Unconstrained build operations Thread 45" [_thread_blocked, id=11872, stack(0x0000002537a00000,0x0000002537b00000)]
  0x00000156892941c0 JavaThread "Unconstrained build operations Thread 46" [_thread_blocked, id=7076, stack(0x0000002537b00000,0x0000002537c00000)]
  0x0000015689294710 JavaThread "Unconstrained build operations Thread 47" [_thread_blocked, id=4844, stack(0x0000002537c00000,0x0000002537d00000)]
  0x0000015689295700 JavaThread "Unconstrained build operations Thread 48" [_thread_blocked, id=2464, stack(0x0000002537d00000,0x0000002537e00000)]
  0x00000156892986d0 JavaThread "Unconstrained build operations Thread 49" [_thread_blocked, id=7404, stack(0x0000002537e00000,0x0000002537f00000)]
  0x0000015689299170 JavaThread "Unconstrained build operations Thread 50" [_thread_blocked, id=5192, stack(0x0000002537f00000,0x0000002538000000)]
  0x0000015689297190 JavaThread "Unconstrained build operations Thread 51" [_thread_blocked, id=2104, stack(0x0000002538000000,0x0000002538100000)]
  0x00000156892976e0 JavaThread "Unconstrained build operations Thread 52" [_thread_blocked, id=2576, stack(0x0000002538100000,0x0000002538200000)]
  0x00000156892966f0 JavaThread "Unconstrained build operations Thread 53" [_thread_blocked, id=1740, stack(0x0000002538200000,0x0000002538300000)]
  0x0000015689292730 JavaThread "Unconstrained build operations Thread 54" [_thread_blocked, id=7712, stack(0x0000002538300000,0x0000002538400000)]
  0x00000156892931d0 JavaThread "Unconstrained build operations Thread 55" [_thread_blocked, id=11420, stack(0x0000002538400000,0x0000002538500000)]
  0x00000156892996c0 JavaThread "Unconstrained build operations Thread 56" [_thread_blocked, id=3992, stack(0x0000002538500000,0x0000002538600000)]
  0x0000015689291c90 JavaThread "Unconstrained build operations Thread 57" [_thread_blocked, id=10728, stack(0x0000002538600000,0x0000002538700000)]
  0x00000156892921e0 JavaThread "Unconstrained build operations Thread 58" [_thread_blocked, id=6336, stack(0x0000002538700000,0x0000002538800000)]
  0x0000015689298180 JavaThread "Unconstrained build operations Thread 59" [_thread_blocked, id=88, stack(0x0000002538800000,0x0000002538900000)]
  0x0000015689298c20 JavaThread "Unconstrained build operations Thread 60" [_thread_blocked, id=8632, stack(0x0000002538900000,0x0000002538a00000)]
  0x0000015689292c80 JavaThread "Unconstrained build operations Thread 61" [_thread_blocked, id=8636, stack(0x0000002538a00000,0x0000002538b00000)]
  0x0000015689293720 JavaThread "Unconstrained build operations Thread 62" [_thread_blocked, id=4396, stack(0x0000002538b00000,0x0000002538c00000)]
  0x0000015689294c60 JavaThread "Unconstrained build operations Thread 63" [_thread_blocked, id=2716, stack(0x0000002538c00000,0x0000002538d00000)]
  0x00000156892951b0 JavaThread "Unconstrained build operations Thread 64" [_thread_blocked, id=7692, stack(0x0000002538d00000,0x0000002538e00000)]
  0x0000015689296c40 JavaThread "Unconstrained build operations Thread 65" [_thread_blocked, id=8944, stack(0x0000002538e00000,0x0000002538f00000)]
  0x0000015685cfcb70 JavaThread "Unconstrained build operations Thread 66" [_thread_blocked, id=2932, stack(0x0000002538f00000,0x0000002539000000)]
  0x0000015685d015d0 JavaThread "Unconstrained build operations Thread 67" [_thread_blocked, id=11112, stack(0x0000002539000000,0x0000002539100000)]
  0x0000015685cfb0e0 JavaThread "Unconstrained build operations Thread 68" [_thread_blocked, id=11256, stack(0x0000002539100000,0x0000002539200000)]
  0x0000015685cfa0f0 JavaThread "Unconstrained build operations Thread 69" [_thread_blocked, id=10668, stack(0x0000002539200000,0x0000002539300000)]
  0x0000015685cfbb80 JavaThread "Unconstrained build operations Thread 70" [_thread_blocked, id=3816, stack(0x0000002539300000,0x0000002539400000)]
  0x0000015685cfd610 JavaThread "Unconstrained build operations Thread 71" [_thread_blocked, id=1916, stack(0x0000002539400000,0x0000002539500000)]
  0x0000015685cfd0c0 JavaThread "Unconstrained build operations Thread 72" [_thread_blocked, id=12376, stack(0x0000002539500000,0x0000002539600000)]
  0x0000015685cfdb60 JavaThread "Unconstrained build operations Thread 73" [_thread_blocked, id=5768, stack(0x0000002539600000,0x0000002539700000)]
  0x0000015685cfe0b0 JavaThread "Unconstrained build operations Thread 74" [_thread_blocked, id=7892, stack(0x0000002539700000,0x0000002539800000)]
  0x0000015685cff5f0 JavaThread "Unconstrained build operations Thread 75" [_thread_blocked, id=8664, stack(0x0000002539800000,0x0000002539900000)]
  0x0000015685cfe600 JavaThread "Unconstrained build operations Thread 76" [_thread_blocked, id=7008, stack(0x0000002539900000,0x0000002539a00000)]
  0x0000015685cfeb50 JavaThread "Unconstrained build operations Thread 77" [_thread_blocked, id=12128, stack(0x0000002539a00000,0x0000002539b00000)]
  0x0000015685cfab90 JavaThread "Unconstrained build operations Thread 78" [_thread_blocked, id=8720, stack(0x0000002539b00000,0x0000002539c00000)]
  0x0000015685cffb40 JavaThread "Unconstrained build operations Thread 79" [_thread_blocked, id=11848, stack(0x0000002539c00000,0x0000002539d00000)]
  0x0000015685d00b30 JavaThread "Unconstrained build operations Thread 80" [_thread_blocked, id=10168, stack(0x0000002539d00000,0x0000002539e00000)]
  0x0000015685d00090 JavaThread "jar transforms Thread 4" [_thread_blocked, id=12352, stack(0x0000002539e00000,0x0000002539f00000)]
  0x0000015685d005e0 JavaThread "jar transforms Thread 5" [_thread_blocked, id=6556, stack(0x0000002539f00000,0x000000253a000000)]
  0x0000015685cfa640 JavaThread "jar transforms Thread 6" [_thread_blocked, id=7668, stack(0x000000253a000000,0x000000253a100000)]
  0x0000015685d01b20 JavaThread "jar transforms Thread 7" [_thread_blocked, id=10920, stack(0x000000253a100000,0x000000253a200000)]
  0x0000015685cfb630 JavaThread "jar transforms Thread 8" [_thread_blocked, id=12356, stack(0x000000253a200000,0x000000253a300000)]
  0x0000015685cfc0d0 JavaThread "Memory manager" [_thread_blocked, id=13052, stack(0x000000253a300000,0x000000253a400000)]
  0x000001568b5ec540 JavaThread "build event listener" [_thread_blocked, id=12260, stack(0x000000253a400000,0x000000253a500000)]
  0x000001568b5ea560 JavaThread "pool-3-thread-1" [_thread_blocked, id=12232, stack(0x000000253a500000,0x000000253a600000)]
  0x000001568b5e8580 JavaThread "build event listener" [_thread_blocked, id=10664, stack(0x000000253a600000,0x000000253a700000)]
  0x000001568b5e55b0 JavaThread "Execution worker for ':'" [_thread_blocked, id=5336, stack(0x000000253a700000,0x000000253a800000)]
  0x000001568b5e9020 JavaThread "Execution worker for ':' Thread 2" [_thread_blocked, id=13204, stack(0x000000253a800000,0x000000253a900000)]
  0x000001568b5eca90 JavaThread "Execution worker for ':' Thread 3" [_thread_blocked, id=6852, stack(0x000000253a900000,0x000000253aa00000)]
  0x000001568b5e5b00 JavaThread "Execution worker for ':' Thread 4" [_thread_blocked, id=8304, stack(0x000000253aa00000,0x000000253ab00000)]
  0x000001568b5ea010 JavaThread "Execution worker for ':' Thread 5" [_thread_blocked, id=2492, stack(0x000000253ab00000,0x000000253ac00000)]
  0x000001568b5e6af0 JavaThread "Execution worker for ':' Thread 6" [_thread_blocked, id=3952, stack(0x000000253ac00000,0x000000253ad00000)]
  0x000001568b5e8030 JavaThread "Execution worker for ':' Thread 7" [_thread_blocked, id=9412, stack(0x000000253ad00000,0x000000253ae00000)]
  0x000001568b5e6050 JavaThread "Cache worker for execution history cache (C:\Users\ITECH\AndroidStudioProjects\yummy\.gradle\7.3.3\executionHistory)" [_thread_blocked, id=10520, stack(0x000000253ae00000,0x000000253af00000)]
  0x000001568e0f4290 JavaThread "C2 CompilerThread1" daemon [_thread_blocked, id=1480, stack(0x0000002532a00000,0x0000002532b00000)]
  0x000001568b5e5060 JavaThread "WorkerExecutor Queue" [_thread_blocked, id=2168, stack(0x0000002532e00000,0x0000002532f00000)]
  0x000001568e0f5340 JavaThread "C2 CompilerThread2" daemon [_thread_blocked, id=1076, stack(0x000000253b000000,0x000000253b100000)]

Other Threads:
=>0x000001568225e220 VMThread "VM Thread" [stack: 0x0000002531d00000,0x0000002531e00000] [id=8268]
  0x0000015682db9aa0 WatcherThread [stack: 0x0000002532900000,0x0000002532a00000] [id=5124]
  0x00000156e418d410 GCTaskThread "GC Thread#0" [stack: 0x0000002531800000,0x0000002531900000] [id=3700]
  0x00000156838127c0 GCTaskThread "GC Thread#1" [stack: 0x0000002532b00000,0x0000002532c00000] [id=2768]
  0x0000015683812ad0 GCTaskThread "GC Thread#2" [stack: 0x0000002532c00000,0x0000002532d00000] [id=7776]
  0x0000015683363590 GCTaskThread "GC Thread#3" [stack: 0x0000002532d00000,0x0000002532e00000] [id=6216]
  0x0000015683c6ca00 GCTaskThread "GC Thread#4" [stack: 0x0000002532f00000,0x0000002533000000] [id=5496]
  0x000001568455bf50 GCTaskThread "GC Thread#5" [stack: 0x0000002533e00000,0x0000002533f00000] [id=10380]
  0x0000015687a94b70 GCTaskThread "GC Thread#6" [stack: 0x0000002533f00000,0x0000002534000000] [id=10384]
  0x0000015686762f00 GCTaskThread "GC Thread#7" [stack: 0x0000002534000000,0x0000002534100000] [id=10896]
  0x00000156e419f370 ConcurrentGCThread "G1 Main Marker" [stack: 0x0000002531900000,0x0000002531a00000] [id=11032]
  0x00000156e41a0d00 ConcurrentGCThread "G1 Conc#0" [stack: 0x0000002531a00000,0x0000002531b00000] [id=10024]
  0x00000156866ce2b0 ConcurrentGCThread "G1 Conc#1" [stack: 0x0000002534600000,0x0000002534700000] [id=5276]
  0x00000156e4229960 ConcurrentGCThread "G1 Refine#0" [stack: 0x0000002531b00000,0x0000002531c00000] [id=10016]
  0x000001568d9ebf80 ConcurrentGCThread "G1 Refine#1" [stack: 0x000000253af00000,0x000000253b000000] [id=2508]
  0x00000156e422a2f0 ConcurrentGCThread "G1 Service" [stack: 0x0000002531c00000,0x0000002531d00000] [id=1148]

Threads with active compile tasks:
C2 CompilerThread0    10618 10103       4       org.gradle.internal.file.FileHierarchySet$Node::isChildOfOrThis (110 bytes)
C2 CompilerThread1    10618 10094       4       org.gradle.internal.hash.HashCode::toStringBuilder (70 bytes)
C2 CompilerThread2    10618 10018   !   4       org.gradle.internal.service.DefaultServiceRegistry$ManagedObjectServiceProvider::getInstance (47 bytes)

VM state: at safepoint (normal execution)

VM Mutex/Monitor currently owned by a thread:  ([mutex/lock_event])
[0x00000156e414bba0] Threads_lock - owner thread: 0x000001568225e220
[0x00000156e414a6d0] Heap_lock - owner thread: 0x0000015688230df0

Heap address: 0x0000000080000000, size: 2048 MB, Compressed Oops mode: 32-bit

CDS archive(s) mapped at: [0x0000000800000000-0x0000000800bb0000-0x0000000800bb0000), size 12255232, SharedBaseAddress: 0x0000000800000000, ArchiveRelocationMode: 0.
Compressed class space mapped at: 0x0000000800c00000-0x0000000840c00000, reserved size: 1073741824
Narrow klass base: 0x0000000800000000, Narrow klass shift: 3, Narrow klass range: 0x100000000

GC Precious Log:
 CPUs: 8 total, 8 available
 Memory: 7959M
 Large Page Support: Disabled
 NUMA Support: Disabled
 Compressed Oops: Enabled (32-bit)
 Heap Region Size: 1M
 Heap Min Capacity: 8M
 Heap Initial Capacity: 126M
 Heap Max Capacity: 2G
 Pre-touch: Disabled
 Parallel Workers: 8
 Concurrent Workers: 2
 Concurrent Refinement Workers: 8
 Periodic GC: Disabled

Heap:
 garbage-first heap   total 129024K, used 75272K [0x0000000080000000, 0x0000000100000000)
  region size 1024K, 3 young (3072K), 3 survivors (3072K)
 Metaspace       used 78771K, committed 79360K, reserved 1122304K
  class space    used 10611K, committed 10880K, reserved 1048576K

Heap Regions: E=young(eden), S=young(survivor), O=old, HS=humongous(starts), HC=humongous(continues), CS=collection set, F=free, OA=open archive, CA=closed archive, TAMS=top-at-mark-start (previous, next)
|   0|0x0000000080000000, 0x0000000080100000, 0x0000000080100000|100%| O|  |TAMS 0x0000000080100000, 0x0000000080100000| Untracked 
|   1|0x0000000080100000, 0x0000000080200000, 0x0000000080200000|100%| O|  |TAMS 0x0000000080200000, 0x0000000080200000| Untracked 
|   2|0x0000000080200000, 0x0000000080300000, 0x0000000080300000|100%| O|  |TAMS 0x0000000080300000, 0x0000000080300000| Untracked 
|   3|0x0000000080300000, 0x0000000080400000, 0x0000000080400000|100%|HS|  |TAMS 0x0000000080400000, 0x0000000080400000| Complete 
|   4|0x0000000080400000, 0x0000000080500000, 0x0000000080500000|100%|HC|  |TAMS 0x0000000080500000, 0x0000000080500000| Complete 
|   5|0x0000000080500000, 0x0000000080600000, 0x0000000080600000|100%|HC|  |TAMS 0x0000000080600000, 0x0000000080600000| Complete 
|   6|0x0000000080600000, 0x0000000080700000, 0x0000000080700000|100%| O|  |TAMS 0x0000000080700000, 0x0000000080700000| Untracked 
|   7|0x0000000080700000, 0x0000000080800000, 0x0000000080800000|100%| O|  |TAMS 0x0000000080800000, 0x0000000080800000| Untracked 
|   8|0x0000000080800000, 0x0000000080900000, 0x0000000080900000|100%| O|  |TAMS 0x0000000080900000, 0x0000000080900000| Untracked 
|   9|0x0000000080900000, 0x0000000080a00000, 0x0000000080a00000|100%| O|  |TAMS 0x0000000080a00000, 0x0000000080a00000| Untracked 
|  10|0x0000000080a00000, 0x0000000080b00000, 0x0000000080b00000|100%| O|  |TAMS 0x0000000080b00000, 0x0000000080b00000| Untracked 
|  11|0x0000000080b00000, 0x0000000080c00000, 0x0000000080c00000|100%| O|  |TAMS 0x0000000080c00000, 0x0000000080c00000| Untracked 
|  12|0x0000000080c00000, 0x0000000080d00000, 0x0000000080d00000|100%| O|  |TAMS 0x0000000080d00000, 0x0000000080d00000| Untracked 
|  13|0x0000000080d00000, 0x0000000080e00000, 0x0000000080e00000|100%| O|  |TAMS 0x0000000080e00000, 0x0000000080e00000| Untracked 
|  14|0x0000000080e00000, 0x0000000080f00000, 0x0000000080f00000|100%| O|  |TAMS 0x0000000080f00000, 0x0000000080f00000| Untracked 
|  15|0x0000000080f00000, 0x0000000081000000, 0x0000000081000000|100%| O|  |TAMS 0x0000000081000000, 0x0000000081000000| Untracked 
|  16|0x0000000081000000, 0x0000000081100000, 0x0000000081100000|100%| O|  |TAMS 0x0000000081100000, 0x0000000081100000| Untracked 
|  17|0x0000000081100000, 0x0000000081200000, 0x0000000081200000|100%| O|  |TAMS 0x0000000081200000, 0x0000000081200000| Untracked 
|  18|0x0000000081200000, 0x0000000081300000, 0x0000000081300000|100%| O|  |TAMS 0x0000000081300000, 0x0000000081300000| Untracked 
|  19|0x0000000081300000, 0x0000000081400000, 0x0000000081400000|100%| O|  |TAMS 0x0000000081400000, 0x0000000081400000| Untracked 
|  20|0x0000000081400000, 0x0000000081500000, 0x0000000081500000|100%|HS|  |TAMS 0x0000000081500000, 0x0000000081500000| Complete 
|  21|0x0000000081500000, 0x0000000081600000, 0x0000000081600000|100%| O|  |TAMS 0x0000000081600000, 0x0000000081600000| Untracked 
|  22|0x0000000081600000, 0x0000000081700000, 0x0000000081700000|100%| O|  |TAMS 0x0000000081700000, 0x0000000081700000| Untracked 
|  23|0x0000000081700000, 0x0000000081800000, 0x0000000081800000|100%| O|  |TAMS 0x0000000081800000, 0x0000000081800000| Untracked 
|  24|0x0000000081800000, 0x0000000081900000, 0x0000000081900000|100%| O|  |TAMS 0x0000000081900000, 0x0000000081900000| Untracked 
|  25|0x0000000081900000, 0x0000000081a00000, 0x0000000081a00000|100%| O|  |TAMS 0x0000000081a00000, 0x0000000081a00000| Untracked 
|  26|0x0000000081a00000, 0x0000000081b00000, 0x0000000081b00000|100%|HS|  |TAMS 0x0000000081b00000, 0x0000000081b00000| Complete 
|  27|0x0000000081b00000, 0x0000000081c00000, 0x0000000081c00000|100%| O|  |TAMS 0x0000000081c00000, 0x0000000081c00000| Untracked 
|  28|0x0000000081c00000, 0x0000000081d00000, 0x0000000081d00000|100%| O|  |TAMS 0x0000000081d00000, 0x0000000081d00000| Untracked 
|  29|0x0000000081d00000, 0x0000000081e00000, 0x0000000081e00000|100%| O|  |TAMS 0x0000000081e00000, 0x0000000081e00000| Untracked 
|  30|0x0000000081e00000, 0x0000000081f00000, 0x0000000081f00000|100%| O|  |TAMS 0x0000000081f00000, 0x0000000081f00000| Untracked 
|  31|0x0000000081f00000, 0x0000000082000000, 0x0000000082000000|100%| O|  |TAMS 0x0000000082000000, 0x0000000082000000| Untracked 
|  32|0x0000000082000000, 0x0000000082100000, 0x0000000082100000|100%| O|  |TAMS 0x0000000082100000, 0x0000000082100000| Untracked 
|  33|0x0000000082100000, 0x0000000082200000, 0x0000000082200000|100%| O|  |TAMS 0x0000000082200000, 0x0000000082200000| Untracked 
|  34|0x0000000082200000, 0x0000000082300000, 0x0000000082300000|100%| O|  |TAMS 0x0000000082300000, 0x0000000082300000| Untracked 
|  35|0x0000000082300000, 0x0000000082400000, 0x0000000082400000|100%| O|  |TAMS 0x0000000082400000, 0x0000000082400000| Untracked 
|  36|0x0000000082400000, 0x0000000082500000, 0x0000000082500000|100%| O|  |TAMS 0x0000000082500000, 0x0000000082500000| Untracked 
|  37|0x0000000082500000, 0x0000000082600000, 0x0000000082600000|100%|HS|  |TAMS 0x0000000082600000, 0x0000000082600000| Complete 
|  38|0x0000000082600000, 0x0000000082700000, 0x0000000082700000|100%|HC|  |TAMS 0x0000000082700000, 0x0000000082700000| Complete 
|  39|0x0000000082700000, 0x0000000082800000, 0x0000000082800000|100%| O|  |TAMS 0x0000000082800000, 0x0000000082800000| Untracked 
|  40|0x0000000082800000, 0x0000000082900000, 0x0000000082900000|100%| O|  |TAMS 0x0000000082900000, 0x0000000082900000| Untracked 
|  41|0x0000000082900000, 0x0000000082a00000, 0x0000000082a00000|100%| O|  |TAMS 0x0000000082a00000, 0x0000000082a00000| Untracked 
|  42|0x0000000082a00000, 0x0000000082b00000, 0x0000000082b00000|100%| O|  |TAMS 0x0000000082b00000, 0x0000000082b00000| Untracked 
|  43|0x0000000082b00000, 0x0000000082c00000, 0x0000000082c00000|100%| O|  |TAMS 0x0000000082c00000, 0x0000000082c00000| Untracked 
|  44|0x0000000082c00000, 0x0000000082d00000, 0x0000000082d00000|100%| O|  |TAMS 0x0000000082d00000, 0x0000000082d00000| Untracked 
|  45|0x0000000082d00000, 0x0000000082e00000, 0x0000000082e00000|100%| O|  |TAMS 0x0000000082e00000, 0x0000000082e00000| Untracked 
|  46|0x0000000082e00000, 0x0000000082f00000, 0x0000000082f00000|100%| O|  |TAMS 0x0000000082f00000, 0x0000000082f00000| Untracked 
|  47|0x0000000082f00000, 0x0000000083000000, 0x0000000083000000|100%| O|  |TAMS 0x0000000083000000, 0x0000000083000000| Untracked 
|  48|0x0000000083000000, 0x0000000083100000, 0x0000000083100000|100%| O|  |TAMS 0x0000000083100000, 0x0000000083100000| Untracked 
|  49|0x0000000083100000, 0x0000000083200000, 0x0000000083200000|100%| O|  |TAMS 0x0000000083200000, 0x0000000083200000| Untracked 
|  50|0x0000000083200000, 0x0000000083300000, 0x0000000083300000|100%| O|  |TAMS 0x0000000083300000, 0x0000000083300000| Untracked 
|  51|0x0000000083300000, 0x0000000083400000, 0x0000000083400000|100%| O|  |TAMS 0x0000000083400000, 0x0000000083400000| Untracked 
|  52|0x0000000083400000, 0x0000000083500000, 0x0000000083500000|100%| O|  |TAMS 0x0000000083500000, 0x0000000083500000| Untracked 
|  53|0x0000000083500000, 0x0000000083600000, 0x0000000083600000|100%| O|  |TAMS 0x0000000083600000, 0x0000000083600000| Untracked 
|  54|0x0000000083600000, 0x0000000083700000, 0x0000000083700000|100%| O|  |TAMS 0x0000000083700000, 0x0000000083700000| Untracked 
|  55|0x0000000083700000, 0x0000000083800000, 0x0000000083800000|100%| O|  |TAMS 0x0000000083800000, 0x0000000083800000| Untracked 
|  56|0x0000000083800000, 0x0000000083900000, 0x0000000083900000|100%| O|  |TAMS 0x0000000083900000, 0x0000000083900000| Untracked 
|  57|0x0000000083900000, 0x0000000083a00000, 0x0000000083a00000|100%| O|  |TAMS 0x0000000083a00000, 0x0000000083a00000| Untracked 
|  58|0x0000000083a00000, 0x0000000083b00000, 0x0000000083b00000|100%| O|  |TAMS 0x0000000083b00000, 0x0000000083b00000| Untracked 
|  59|0x0000000083b00000, 0x0000000083c00000, 0x0000000083c00000|100%| O|  |TAMS 0x0000000083c00000, 0x0000000083c00000| Untracked 
|  60|0x0000000083c00000, 0x0000000083d00000, 0x0000000083d00000|100%| O|  |TAMS 0x0000000083d00000, 0x0000000083d00000| Untracked 
|  61|0x0000000083d00000, 0x0000000083e00000, 0x0000000083e00000|100%| O|  |TAMS 0x0000000083e00000, 0x0000000083e00000| Untracked 
|  62|0x0000000083e00000, 0x0000000083f00000, 0x0000000083f00000|100%| O|  |TAMS 0x0000000083f00000, 0x0000000083f00000| Untracked 
|  63|0x0000000083f00000, 0x0000000084000000, 0x0000000084000000|100%| O|  |TAMS 0x0000000084000000, 0x0000000084000000| Untracked 
|  64|0x0000000084000000, 0x0000000084100000, 0x0000000084100000|100%| O|  |TAMS 0x000000008403d000, 0x0000000084100000| Untracked 
|  65|0x0000000084100000, 0x0000000084200000, 0x0000000084200000|100%| O|  |TAMS 0x0000000084100000, 0x0000000084200000| Untracked 
|  66|0x0000000084200000, 0x0000000084300000, 0x0000000084300000|100%| O|  |TAMS 0x0000000084200000, 0x0000000084241400| Untracked 
|  67|0x0000000084300000, 0x0000000084400000, 0x0000000084400000|100%| O|  |TAMS 0x0000000084300000, 0x0000000084300000| Untracked 
|  68|0x0000000084400000, 0x0000000084500000, 0x0000000084500000|100%| O|  |TAMS 0x0000000084400000, 0x0000000084400000| Untracked 
|  69|0x0000000084500000, 0x0000000084600000, 0x0000000084600000|100%| O|  |TAMS 0x0000000084500000, 0x0000000084500000| Untracked 
|  70|0x0000000084600000, 0x0000000084700000, 0x0000000084700000|100%| O|  |TAMS 0x0000000084600000, 0x0000000084600000| Untracked 
|  71|0x0000000084700000, 0x000000008472cc00, 0x0000000084800000| 17%| O|  |TAMS 0x0000000084700000, 0x0000000084700000| Untracked 
|  72|0x0000000084800000, 0x0000000084800000, 0x0000000084900000|  0%| F|  |TAMS 0x0000000084800000, 0x0000000084800000| Untracked 
|  73|0x0000000084900000, 0x0000000084900000, 0x0000000084a00000|  0%| F|  |TAMS 0x0000000084900000, 0x0000000084900000| Untracked 
|  74|0x0000000084a00000, 0x0000000084a00000, 0x0000000084b00000|  0%| F|  |TAMS 0x0000000084a00000, 0x0000000084a00000| Untracked 
|  75|0x0000000084b00000, 0x0000000084b00000, 0x0000000084c00000|  0%| F|  |TAMS 0x0000000084b00000, 0x0000000084b00000| Untracked 
|  76|0x0000000084c00000, 0x0000000084c00000, 0x0000000084d00000|  0%| F|  |TAMS 0x0000000084c00000, 0x0000000084c00000| Untracked 
|  77|0x0000000084d00000, 0x0000000084d00000, 0x0000000084e00000|  0%| F|  |TAMS 0x0000000084d00000, 0x0000000084d00000| Untracked 
|  78|0x0000000084e00000, 0x0000000084e00000, 0x0000000084f00000|  0%| F|  |TAMS 0x0000000084e00000, 0x0000000084e00000| Untracked 
|  79|0x0000000084f00000, 0x0000000084f00000, 0x0000000085000000|  0%| F|  |TAMS 0x0000000084f00000, 0x0000000084f00000| Untracked 
|  80|0x0000000085000000, 0x0000000085000000, 0x0000000085100000|  0%| F|  |TAMS 0x0000000085000000, 0x0000000085000000| Untracked 
|  81|0x0000000085100000, 0x0000000085100000, 0x0000000085200000|  0%| F|  |TAMS 0x0000000085100000, 0x0000000085100000| Untracked 
|  82|0x0000000085200000, 0x0000000085200000, 0x0000000085300000|  0%| F|  |TAMS 0x0000000085200000, 0x0000000085200000| Untracked 
|  83|0x0000000085300000, 0x0000000085300000, 0x0000000085400000|  0%| F|  |TAMS 0x0000000085300000, 0x0000000085300000| Untracked 
|  84|0x0000000085400000, 0x0000000085400000, 0x0000000085500000|  0%| F|  |TAMS 0x0000000085400000, 0x0000000085400000| Untracked 
|  85|0x0000000085500000, 0x0000000085500000, 0x0000000085600000|  0%| F|  |TAMS 0x0000000085500000, 0x0000000085500000| Untracked 
|  86|0x0000000085600000, 0x00000000856556c8, 0x0000000085700000| 33%| S|CS|TAMS 0x0000000085600000, 0x0000000085600000| Complete 
|  87|0x0000000085700000, 0x0000000085800000, 0x0000000085800000|100%| S|CS|TAMS 0x0000000085700000, 0x0000000085700000| Complete 
|  88|0x0000000085800000, 0x0000000085900000, 0x0000000085900000|100%| S|CS|TAMS 0x0000000085800000, 0x0000000085800000| Complete 
|  89|0x0000000085900000, 0x0000000085900000, 0x0000000085a00000|  0%| F|  |TAMS 0x0000000085900000, 0x0000000085900000| Untracked 
|  90|0x0000000085a00000, 0x0000000085a00000, 0x0000000085b00000|  0%| F|  |TAMS 0x0000000085a00000, 0x0000000085a00000| Untracked 
|  91|0x0000000085b00000, 0x0000000085b00000, 0x0000000085c00000|  0%| F|  |TAMS 0x0000000085b00000, 0x0000000085b00000| Untracked 
|  92|0x0000000085c00000, 0x0000000085c00000, 0x0000000085d00000|  0%| F|  |TAMS 0x0000000085c00000, 0x0000000085c00000| Untracked 
|  93|0x0000000085d00000, 0x0000000085d00000, 0x0000000085e00000|  0%| F|  |TAMS 0x0000000085d00000, 0x0000000085d00000| Untracked 
|  94|0x0000000085e00000, 0x0000000085e00000, 0x0000000085f00000|  0%| F|  |TAMS 0x0000000085e00000, 0x0000000085e00000| Untracked 
|  95|0x0000000085f00000, 0x0000000085f00000, 0x0000000086000000|  0%| F|  |TAMS 0x0000000085f00000, 0x0000000085f00000| Untracked 
|  96|0x0000000086000000, 0x0000000086000000, 0x0000000086100000|  0%| F|  |TAMS 0x0000000086000000, 0x0000000086000000| Untracked 
|  97|0x0000000086100000, 0x0000000086100000, 0x0000000086200000|  0%| F|  |TAMS 0x0000000086100000, 0x0000000086100000| Untracked 
|  98|0x0000000086200000, 0x0000000086200000, 0x0000000086300000|  0%| F|  |TAMS 0x0000000086200000, 0x0000000086200000| Untracked 
|  99|0x0000000086300000, 0x0000000086300000, 0x0000000086400000|  0%| F|  |TAMS 0x0000000086300000, 0x0000000086300000| Untracked 
| 100|0x0000000086400000, 0x0000000086400000, 0x0000000086500000|  0%| F|  |TAMS 0x0000000086400000, 0x0000000086400000| Untracked 
| 101|0x0000000086500000, 0x0000000086500000, 0x0000000086600000|  0%| F|  |TAMS 0x0000000086500000, 0x0000000086500000| Untracked 
| 102|0x0000000086600000, 0x0000000086600000, 0x0000000086700000|  0%| F|  |TAMS 0x0000000086600000, 0x0000000086600000| Untracked 
| 103|0x0000000086700000, 0x0000000086700000, 0x0000000086800000|  0%| F|  |TAMS 0x0000000086700000, 0x0000000086700000| Untracked 
| 104|0x0000000086800000, 0x0000000086800000, 0x0000000086900000|  0%| F|  |TAMS 0x0000000086800000, 0x0000000086800000| Untracked 
| 105|0x0000000086900000, 0x0000000086900000, 0x0000000086a00000|  0%| F|  |TAMS 0x0000000086900000, 0x0000000086900000| Untracked 
| 106|0x0000000086a00000, 0x0000000086a00000, 0x0000000086b00000|  0%| F|  |TAMS 0x0000000086a00000, 0x0000000086a00000| Untracked 
| 107|0x0000000086b00000, 0x0000000086b00000, 0x0000000086c00000|  0%| F|  |TAMS 0x0000000086b00000, 0x0000000086b00000| Untracked 
| 108|0x0000000086c00000, 0x0000000086c00000, 0x0000000086d00000|  0%| F|  |TAMS 0x0000000086c00000, 0x0000000086c00000| Untracked 
| 109|0x0000000086d00000, 0x0000000086d00000, 0x0000000086e00000|  0%| F|  |TAMS 0x0000000086d00000, 0x0000000086d00000| Untracked 
| 110|0x0000000086e00000, 0x0000000086e00000, 0x0000000086f00000|  0%| F|  |TAMS 0x0000000086e00000, 0x0000000086e00000| Untracked 
| 111|0x0000000086f00000, 0x0000000086f00000, 0x0000000087000000|  0%| F|  |TAMS 0x0000000086f00000, 0x0000000086f00000| Untracked 
| 112|0x0000000087000000, 0x0000000087000000, 0x0000000087100000|  0%| F|  |TAMS 0x0000000087000000, 0x0000000087000000| Untracked 
| 113|0x0000000087100000, 0x0000000087100000, 0x0000000087200000|  0%| F|  |TAMS 0x0000000087100000, 0x0000000087100000| Untracked 
| 114|0x0000000087200000, 0x0000000087200000, 0x0000000087300000|  0%| F|  |TAMS 0x0000000087200000, 0x0000000087200000| Untracked 
| 115|0x0000000087300000, 0x0000000087300000, 0x0000000087400000|  0%| F|  |TAMS 0x0000000087300000, 0x0000000087300000| Untracked 
| 116|0x0000000087400000, 0x0000000087400000, 0x0000000087500000|  0%| F|  |TAMS 0x0000000087400000, 0x0000000087400000| Untracked 
| 117|0x0000000087500000, 0x0000000087500000, 0x0000000087600000|  0%| F|  |TAMS 0x0000000087500000, 0x0000000087500000| Untracked 
| 118|0x0000000087600000, 0x0000000087600000, 0x0000000087700000|  0%| F|  |TAMS 0x0000000087600000, 0x0000000087600000| Untracked 
| 119|0x0000000087700000, 0x0000000087700000, 0x0000000087800000|  0%| F|  |TAMS 0x0000000087700000, 0x0000000087700000| Untracked 
| 120|0x0000000087800000, 0x0000000087800000, 0x0000000087900000|  0%| F|  |TAMS 0x0000000087800000, 0x0000000087800000| Untracked 
| 121|0x0000000087900000, 0x0000000087900000, 0x0000000087a00000|  0%| F|  |TAMS 0x0000000087900000, 0x0000000087900000| Untracked 
| 122|0x0000000087a00000, 0x0000000087a00000, 0x0000000087b00000|  0%| F|  |TAMS 0x0000000087a00000, 0x0000000087a00000| Untracked 
| 123|0x0000000087b00000, 0x0000000087b00000, 0x0000000087c00000|  0%| F|  |TAMS 0x0000000087b00000, 0x0000000087b00000| Untracked 
| 124|0x0000000087c00000, 0x0000000087c00000, 0x0000000087d00000|  0%| F|  |TAMS 0x0000000087c00000, 0x0000000087c00000| Untracked 
| 125|0x0000000087d00000, 0x0000000087d00000, 0x0000000087e00000|  0%| F|  |TAMS 0x0000000087d00000, 0x0000000087d00000| Untracked 

Card table byte_map: [0x00000156fb000000,0x00000156fb400000] _byte_map_base: 0x00000156fac00000

Marking Bits (Prev, Next): (CMBitMap*) 0x00000156e418e9e0, (CMBitMap*) 0x00000156e418e9a0
 Prev Bits: [0x00000156fd800000, 0x00000156ff800000)
 Next Bits: [0x00000156fb800000, 0x00000156fd800000)

Polling page: 0x00000156e20d0000

Metaspace:

Usage:
  Non-class:     66.56 MB used.
      Class:     10.36 MB used.
       Both:     76.92 MB used.

Virtual space:
  Non-class space:       72.00 MB reserved,      66.88 MB ( 93%) committed,  9 nodes.
      Class space:        1.00 GB reserved,      10.62 MB (  1%) committed,  1 nodes.
              Both:        1.07 GB reserved,      77.50 MB (  7%) committed. 

Chunk freelists:
   Non-Class:  1.17 MB
       Class:  1.23 MB
        Both:  2.41 MB

MaxMetaspaceSize: 17179869184.00 GB
CompressedClassSpaceSize: 1.00 GB
 - commit_granule_bytes: 65536.
 - commit_granule_words: 8192.
 - virtual_space_node_default_size: 1048576.
 - enlarge_chunks_in_place: 1.
 - new_chunks_are_fully_committed: 0.
 - uncommit_free_chunks: 1.
 - use_allocation_guard: 0.
 - handle_deallocations: 1.


Internal statistics:

num_allocs_failed_limit: 6.
num_arena_births: 724.
num_arena_deaths: 0.
num_vsnodes_births: 10.
num_vsnodes_deaths: 0.
num_space_committed: 1240.
num_space_uncommitted: 0.
num_chunks_returned_to_freelist: 6.
num_chunks_taken_from_freelist: 3830.
num_chunk_merges: 3.
num_chunk_splits: 2575.
num_chunks_enlarged: 1769.
num_purges: 0.

CodeHeap 'non-profiled nmethods': size=120000Kb used=5556Kb max_used=5556Kb free=114443Kb
 bounds [0x00000156f33a0000, 0x00000156f3910000, 0x00000156fa8d0000]
CodeHeap 'profiled nmethods': size=120000Kb used=18402Kb max_used=18402Kb free=101597Kb
 bounds [0x00000156ebe70000, 0x00000156ed070000, 0x00000156f33a0000]
CodeHeap 'non-nmethods': size=5760Kb used=2407Kb max_used=2506Kb free=3352Kb
 bounds [0x00000156eb8d0000, 0x00000156ebb50000, 0x00000156ebe70000]
 total_blobs=10160 nmethods=9239 adapters=833
 compilation: enabled
              stopped_count=0, restarted_count=0
 full_count=0

Compilation events (20 events):
Event: 10.566 Thread 0x0000015682288250 10113   !   3       org.gradle.internal.resources.AbstractResourceLockRegistry::whileDisallowingLockChanges (44 bytes)
Event: 10.566 Thread 0x0000015682288250 nmethod 10113 0x00000156ed063e10 code [0x00000156ed063fe0, 0x00000156ed064378]
Event: 10.566 Thread 0x0000015682288250 10114       3       org.gradle.internal.MutableReference::<init> (10 bytes)
Event: 10.567 Thread 0x0000015682288250 nmethod 10114 0x00000156ed064590 code [0x00000156ed064740, 0x00000156ed0648f8]
Event: 10.567 Thread 0x0000015682288250 10115   !   3       sun.nio.ch.FileChannelImpl::size (239 bytes)
Event: 10.569 Thread 0x0000015682288250 nmethod 10115 0x00000156ed064990 code [0x00000156ed064c60, 0x00000156ed065bf8]
Event: 10.569 Thread 0x0000015682288250 10118       3       org.gradle.internal.snapshot.AbstractIncompleteFileSystemNode$2$$Lambda$404/0x0000000801047ab0::apply (15 bytes)
Event: 10.569 Thread 0x0000015682288250 nmethod 10118 0x00000156ed066390 code [0x00000156ed066560, 0x00000156ed066a08]
Event: 10.569 Thread 0x0000015682288250 10119       3       org.gradle.internal.snapshot.AbstractIncompleteFileSystemNode$2::isRegularFileOrDirectory (18 bytes)
Event: 10.570 Thread 0x0000015682288250 nmethod 10119 0x00000156ed066b90 code [0x00000156ed066d40, 0x00000156ed066f88]
Event: 10.570 Thread 0x0000015682288250 10120       3       org.gradle.internal.MutableReference::empty (5 bytes)
Event: 10.570 Thread 0x0000015682288250 nmethod 10120 0x00000156ed067090 code [0x00000156ed067240, 0x00000156ed067498]
Event: 10.570 Thread 0x0000015682288250 10121       3       org.gradle.internal.MutableReference::of (9 bytes)
Event: 10.570 Thread 0x0000015682288250 nmethod 10121 0x00000156ed067590 code [0x00000156ed067740, 0x00000156ed067998]
Event: 10.570 Thread 0x0000015682288250 10116       3       sun.nio.ch.FileDispatcherImpl::size (5 bytes)
Event: 10.570 Thread 0x0000015682288250 nmethod 10116 0x00000156ed067a90 code [0x00000156ed067c40, 0x00000156ed067d88]
Event: 10.579 Thread 0x0000015682288250 10122       3       org.gradle.internal.execution.steps.CaptureStateBeforeExecutionStep$ImplementationsBuilder::visitImplementation (25 bytes)
Event: 10.579 Thread 0x0000015682288250 nmethod 10122 0x00000156ed067e10 code [0x00000156ed067fc0, 0x00000156ed0681e8]
Event: 10.581 Thread 0x0000015682288250 10123       3       org.gradle.internal.execution.steps.ValidateStep::validateImplementation (24 bytes)
Event: 10.581 Thread 0x0000015682288250 nmethod 10123 0x00000156ed068290 code [0x00000156ed068460, 0x00000156ed068828]

GC Heap History (20 events):
Event: 6.041 GC heap after
{Heap after GC invocations=19 (full 0):
 garbage-first heap   total 96256K, used 54944K [0x0000000080000000, 0x0000000100000000)
  region size 1024K, 2 young (2048K), 2 survivors (2048K)
 Metaspace       used 55352K, committed 55808K, reserved 1097728K
  class space    used 7259K, committed 7488K, reserved 1048576K
}
Event: 6.315 GC heap before
{Heap before GC invocations=20 (full 0):
 garbage-first heap   total 101376K, used 78496K [0x0000000080000000, 0x0000000100000000)
  region size 1024K, 24 young (24576K), 2 survivors (2048K)
 Metaspace       used 56131K, committed 56640K, reserved 1105920K
  class space    used 7384K, committed 7616K, reserved 1048576K
}
Event: 6.318 GC heap after
{Heap after GC invocations=21 (full 0):
 garbage-first heap   total 101376K, used 56315K [0x0000000080000000, 0x0000000100000000)
  region size 1024K, 3 young (3072K), 3 survivors (3072K)
 Metaspace       used 56131K, committed 56640K, reserved 1105920K
  class space    used 7384K, committed 7616K, reserved 1048576K
}
Event: 6.323 GC heap before
{Heap before GC invocations=21 (full 0):
 garbage-first heap   total 101376K, used 57339K [0x0000000080000000, 0x0000000100000000)
  region size 1024K, 4 young (4096K), 3 survivors (3072K)
 Metaspace       used 56133K, committed 56640K, reserved 1105920K
  class space    used 7385K, committed 7616K, reserved 1048576K
}
Event: 6.330 GC heap after
{Heap after GC invocations=22 (full 0):
 garbage-first heap   total 121856K, used 52674K [0x0000000080000000, 0x0000000100000000)
  region size 1024K, 1 young (1024K), 1 survivors (1024K)
 Metaspace       used 56133K, committed 56640K, reserved 1105920K
  class space    used 7385K, committed 7616K, reserved 1048576K
}
Event: 6.878 GC heap before
{Heap before GC invocations=22 (full 0):
 garbage-first heap   total 121856K, used 94658K [0x0000000080000000, 0x0000000100000000)
  region size 1024K, 42 young (43008K), 1 survivors (1024K)
 Metaspace       used 60171K, committed 60672K, reserved 1105920K
  class space    used 8068K, committed 8320K, reserved 1048576K
}
Event: 6.882 GC heap after
{Heap after GC invocations=23 (full 0):
 garbage-first heap   total 121856K, used 55285K [0x0000000080000000, 0x0000000100000000)
  region size 1024K, 4 young (4096K), 4 survivors (4096K)
 Metaspace       used 60171K, committed 60672K, reserved 1105920K
  class space    used 8068K, committed 8320K, reserved 1048576K
}
Event: 7.595 GC heap before
{Heap before GC invocations=23 (full 0):
 garbage-first heap   total 121856K, used 96245K [0x0000000080000000, 0x0000000100000000)
  region size 1024K, 44 young (45056K), 4 survivors (4096K)
 Metaspace       used 64208K, committed 64704K, reserved 1105920K
  class space    used 8667K, committed 8896K, reserved 1048576K
}
Event: 7.601 GC heap after
{Heap after GC invocations=24 (full 0):
 garbage-first heap   total 121856K, used 58200K [0x0000000080000000, 0x0000000100000000)
  region size 1024K, 6 young (6144K), 6 survivors (6144K)
 Metaspace       used 64208K, committed 64704K, reserved 1105920K
  class space    used 8667K, committed 8896K, reserved 1048576K
}
Event: 8.291 GC heap before
{Heap before GC invocations=24 (full 0):
 garbage-first heap   total 121856K, used 98136K [0x0000000080000000, 0x0000000100000000)
  region size 1024K, 45 young (46080K), 6 survivors (6144K)
 Metaspace       used 69113K, committed 69632K, reserved 1114112K
  class space    used 9322K, committed 9600K, reserved 1048576K
}
Event: 8.298 GC heap after
{Heap after GC invocations=25 (full 0):
 garbage-first heap   total 121856K, used 61306K [0x0000000080000000, 0x0000000100000000)
  region size 1024K, 6 young (6144K), 6 survivors (6144K)
 Metaspace       used 69113K, committed 69632K, reserved 1114112K
  class space    used 9322K, committed 9600K, reserved 1048576K
}
Event: 8.913 GC heap before
{Heap before GC invocations=25 (full 0):
 garbage-first heap   total 121856K, used 98170K [0x0000000080000000, 0x0000000100000000)
  region size 1024K, 43 young (44032K), 6 survivors (6144K)
 Metaspace       used 72977K, committed 73472K, reserved 1114112K
  class space    used 9824K, committed 10048K, reserved 1048576K
}
Event: 8.922 GC heap after
{Heap after GC invocations=26 (full 0):
 garbage-first heap   total 121856K, used 65797K [0x0000000080000000, 0x0000000100000000)
  region size 1024K, 6 young (6144K), 6 survivors (6144K)
 Metaspace       used 72977K, committed 73472K, reserved 1114112K
  class space    used 9824K, committed 10048K, reserved 1048576K
}
Event: 9.263 GC heap before
{Heap before GC invocations=27 (full 0):
 garbage-first heap   total 121856K, used 97541K [0x0000000080000000, 0x0000000100000000)
  region size 1024K, 38 young (38912K), 6 survivors (6144K)
 Metaspace       used 73559K, committed 74112K, reserved 1114112K
  class space    used 9936K, committed 10176K, reserved 1048576K
}
Event: 9.271 GC heap after
{Heap after GC invocations=28 (full 0):
 garbage-first heap   total 121856K, used 68413K [0x0000000080000000, 0x0000000100000000)
  region size 1024K, 3 young (3072K), 3 survivors (3072K)
 Metaspace       used 73559K, committed 74112K, reserved 1114112K
  class space    used 9936K, committed 10176K, reserved 1048576K
}
Event: 9.803 GC heap before
{Heap before GC invocations=28 (full 0):
 garbage-first heap   total 121856K, used 98109K [0x0000000080000000, 0x0000000100000000)
  region size 1024K, 33 young (33792K), 3 survivors (3072K)
 Metaspace       used 74408K, committed 74944K, reserved 1114112K
  class space    used 10037K, committed 10304K, reserved 1048576K
}
Event: 9.807 GC heap after
{Heap after GC invocations=29 (full 0):
 garbage-first heap   total 121856K, used 70251K [0x0000000080000000, 0x0000000100000000)
  region size 1024K, 5 young (5120K), 5 survivors (5120K)
 Metaspace       used 74408K, committed 74944K, reserved 1114112K
  class space    used 10037K, committed 10304K, reserved 1048576K
}
Event: 10.194 GC heap before
{Heap before GC invocations=30 (full 0):
 garbage-first heap   total 126976K, used 98923K [0x0000000080000000, 0x0000000100000000)
  region size 1024K, 34 young (34816K), 5 survivors (5120K)
 Metaspace       used 77803K, committed 78400K, reserved 1122304K
  class space    used 10489K, committed 10752K, reserved 1048576K
}
Event: 10.199 GC heap after
{Heap after GC invocations=31 (full 0):
 garbage-first heap   total 126976K, used 72965K [0x0000000080000000, 0x0000000100000000)
  region size 1024K, 5 young (5120K), 5 survivors (5120K)
 Metaspace       used 77803K, committed 78400K, reserved 1122304K
  class space    used 10489K, committed 10752K, reserved 1048576K
}
Event: 10.582 GC heap before
{Heap before GC invocations=31 (full 0):
 garbage-first heap   total 126976K, used 102661K [0x0000000080000000, 0x0000000100000000)
  region size 1024K, 35 young (35840K), 5 survivors (5120K)
 Metaspace       used 78771K, committed 79360K, reserved 1122304K
  class space    used 10611K, committed 10880K, reserved 1048576K
}

Deoptimization events (20 events):
Event: 10.270 Thread 0x000001568b5e5b00 Uncommon trap: trap_request=0xffffff76 fr.pc=0x00000156f38325b8 relative=0x0000000000000118
Event: 10.270 Thread 0x000001568b5e5b00 Uncommon trap: reason=predicate action=maybe_recompile pc=0x00000156f38325b8 method=com.google.common.collect.ImmutableList.hashCode()I @ 11 c2
Event: 10.270 Thread 0x000001568b5e5b00 DEOPT PACKING pc=0x00000156f38325b8 sp=0x000000253aafd230
Event: 10.270 Thread 0x000001568b5e5b00 DEOPT UNPACKING pc=0x00000156eb91f92e sp=0x000000253aafd1b8 mode 2
Event: 10.364 Thread 0x000001568b5e5060 Uncommon trap: trap_request=0xffffffde fr.pc=0x00000156f38b3ce0 relative=0x00000000000006c0
Event: 10.364 Thread 0x000001568b5e5060 Uncommon trap: reason=class_check action=maybe_recompile pc=0x00000156f38b3ce0 method=org.gradle.tooling.internal.provider.runner.ClientBuildEventGenerator.finished(Lorg/gradle/internal/operations/BuildOperationDescriptor;Lorg/gradle/internal/operations/O
Event: 10.364 Thread 0x000001568b5e5060 DEOPT PACKING pc=0x00000156f38b3ce0 sp=0x0000002532efe240
Event: 10.364 Thread 0x000001568b5e5060 DEOPT UNPACKING pc=0x00000156eb91f92e sp=0x0000002532efe200 mode 2
Event: 10.364 Thread 0x000001568b5e5060 Uncommon trap: trap_request=0xffffffde fr.pc=0x00000156f38b3ce0 relative=0x00000000000006c0
Event: 10.364 Thread 0x000001568b5e5060 Uncommon trap: reason=class_check action=maybe_recompile pc=0x00000156f38b3ce0 method=org.gradle.tooling.internal.provider.runner.ClientBuildEventGenerator.finished(Lorg/gradle/internal/operations/BuildOperationDescriptor;Lorg/gradle/internal/operations/O
Event: 10.364 Thread 0x000001568b5e5060 DEOPT PACKING pc=0x00000156f38b3ce0 sp=0x0000002532efe240
Event: 10.364 Thread 0x000001568b5e5060 DEOPT UNPACKING pc=0x00000156eb91f92e sp=0x0000002532efe200 mode 2
Event: 10.364 Thread 0x000001568b5e5060 Uncommon trap: trap_request=0xffffffde fr.pc=0x00000156f38b3ce0 relative=0x00000000000006c0
Event: 10.364 Thread 0x000001568b5e5060 Uncommon trap: reason=class_check action=maybe_recompile pc=0x00000156f38b3ce0 method=org.gradle.tooling.internal.provider.runner.ClientBuildEventGenerator.finished(Lorg/gradle/internal/operations/BuildOperationDescriptor;Lorg/gradle/internal/operations/O
Event: 10.364 Thread 0x000001568b5e5060 DEOPT PACKING pc=0x00000156f38b3ce0 sp=0x0000002532efe240
Event: 10.364 Thread 0x000001568b5e5060 DEOPT UNPACKING pc=0x00000156eb91f92e sp=0x0000002532efe200 mode 2
Event: 10.364 Thread 0x000001568b5ea010 Uncommon trap: trap_request=0xffffff45 fr.pc=0x00000156f384c904 relative=0x0000000000000164
Event: 10.364 Thread 0x000001568b5ea010 Uncommon trap: reason=unstable_if action=reinterpret pc=0x00000156f384c904 method=java.util.concurrent.locks.ReentrantLock$Sync.tryLock()Z @ 34 c2
Event: 10.364 Thread 0x000001568b5ea010 DEOPT PACKING pc=0x00000156f384c904 sp=0x000000253abfb5c0
Event: 10.364 Thread 0x000001568b5ea010 DEOPT UNPACKING pc=0x00000156eb91f92e sp=0x000000253abfb570 mode 2

Classes unloaded (0 events):
No events

Classes redefined (0 events):
No events

Internal exceptions (20 events):
Event: 8.689 Thread 0x0000015684763c50 Exception <a 'java/lang/NoSuchMethodError'{0x0000000085deea08}: static Lorg/gradle/internal/build/event/types/DefaultTaskSkippedResult;.<clinit>()V> (0x0000000085deea08) 
thrown [t:\workspace\open\src\hotspot\share\prims\jni.cpp, line 1210]
Event: 8.690 Thread 0x000001568b5ea010 Exception <a 'java/lang/NoSuchMethodError'{0x0000000085dca1c0}: 'java.lang.Object java.lang.invoke.DirectMethodHandle$Holder.invokeInterface(java.lang.Object, java.lang.Object, int)'> (0x0000000085dca1c0) 
thrown [t:\workspace\open\src\hotspot\share\interpreter\linkResolver.cpp, line 790]
Event: 8.692 Thread 0x000001568b5ea010 Exception <a 'java/lang/NoSuchMethodError'{0x0000000085ddb3a0}: 'void java.lang.invoke.DirectMethodHandle$Holder.invokeStatic(java.lang.Object, java.lang.Object, java.lang.Object, int)'> (0x0000000085ddb3a0) 
thrown [t:\workspace\open\src\hotspot\share\interpreter\linkResolver.cpp, line 790]
Event: 8.744 Thread 0x000001568b5ea010 Implicit null exception at 0x00000156f373bfd7 to 0x00000156f373c17c
Event: 8.751 Thread 0x000001568b5ea010 Exception <a 'java/lang/IncompatibleClassChangeError'{0x0000000085b659a0}: Found class java.lang.Object, but interface was expected> (0x0000000085b659a0) 
thrown [t:\workspace\open\src\hotspot\share\interpreter\linkResolver.cpp, line 857]
Event: 8.779 Thread 0x000001568b5ea010 Exception <a 'java/lang/NoSuchMethodError'{0x000000008591cfb0}: 'int java.lang.invoke.DirectMethodHandle$Holder.invokeStaticInit(java.lang.Object, java.lang.Object, java.lang.Object, java.lang.Object, java.lang.Object)'> (0x000000008591cfb0) 
thrown [t:\workspace\open\src\hotspot\share\interpreter\linkResolver.cpp, line 790]
Event: 8.899 Thread 0x000001568b5ea010 Exception <a 'java/lang/NoSuchMethodError'{0x00000000855f5bb0}: 'void java.lang.invoke.DirectMethodHandle$Holder.invokeStatic(java.lang.Object, java.lang.Object, java.lang.Object, java.lang.Object, int, java.lang.Object, java.lang.Object)'> (0x00000000855f5bb0) 
thrown [t:\workspace\open\src\hotspot\share\interpreter\linkResolver.cpp, line 790]
Event: 8.959 Thread 0x0000015689295c50 Exception <a 'java/lang/NoSuchMethodError'{0x00000000874442c8}: 'java.lang.Object java.lang.invoke.DirectMethodHandle$Holder.invokeSpecialIFC(java.lang.Object, java.lang.Object, java.lang.Object)'> (0x00000000874442c8) 
thrown [t:\workspace\open\src\hotspot\share\interpreter\linkResolver.cpp, line 790]
Event: 8.959 Thread 0x0000015685cfd610 Exception <a 'java/lang/NoSuchMethodError'{0x000000008744fd78}: 'java.lang.Object java.lang.invoke.DirectMethodHandle$Holder.invokeSpecialIFC(java.lang.Object, java.lang.Object, java.lang.Object)'> (0x000000008744fd78) 
thrown [t:\workspace\open\src\hotspot\share\interpreter\linkResolver.cpp, line 790]
Event: 8.960 Thread 0x0000015688233870 Exception <a 'java/lang/NoSuchMethodError'{0x000000008744d8c8}: 'java.lang.Object java.lang.invoke.DirectMethodHandle$Holder.invokeSpecialIFC(java.lang.Object, java.lang.Object, java.lang.Object)'> (0x000000008744d8c8) 
thrown [t:\workspace\open\src\hotspot\share\interpreter\linkResolver.cpp, line 790]
Event: 8.960 Thread 0x0000015683bdc490 Exception <a 'java/lang/NoSuchMethodError'{0x000000008743c4e8}: 'java.lang.Object java.lang.invoke.DirectMethodHandle$Holder.invokeSpecialIFC(java.lang.Object, java.lang.Object, java.lang.Object)'> (0x000000008743c4e8) 
thrown [t:\workspace\open\src\hotspot\share\interpreter\linkResolver.cpp, line 790]
Event: 8.960 Thread 0x0000015685cfe600 Exception <a 'java/lang/NoSuchMethodError'{0x0000000087436998}: 'java.lang.Object java.lang.invoke.DirectMethodHandle$Holder.invokeSpecialIFC(java.lang.Object, java.lang.Object, java.lang.Object)'> (0x0000000087436998) 
thrown [t:\workspace\open\src\hotspot\share\interpreter\linkResolver.cpp, line 790]
Event: 8.960 Thread 0x0000015683bde9c0 Exception <a 'java/lang/NoSuchMethodError'{0x0000000087458c20}: 'java.lang.Object java.lang.invoke.DirectMethodHandle$Holder.invokeSpecialIFC(java.lang.Object, java.lang.Object, java.lang.Object)'> (0x0000000087458c20) 
thrown [t:\workspace\open\src\hotspot\share\interpreter\linkResolver.cpp, line 790]
Event: 8.961 Thread 0x0000015688232880 Exception <a 'java/lang/NoSuchMethodError'{0x0000000087460500}: 'java.lang.Object java.lang.invoke.DirectMethodHandle$Holder.invokeSpecialIFC(java.lang.Object, java.lang.Object, java.lang.Object)'> (0x0000000087460500) 
thrown [t:\workspace\open\src\hotspot\share\interpreter\linkResolver.cpp, line 790]
Event: 8.961 Thread 0x0000015685d9c300 Exception <a 'java/lang/NoSuchMethodError'{0x000000008742ebd8}: 'java.lang.Object java.lang.invoke.DirectMethodHandle$Holder.invokeSpecialIFC(java.lang.Object, java.lang.Object, java.lang.Object)'> (0x000000008742ebd8) 
thrown [t:\workspace\open\src\hotspot\share\interpreter\linkResolver.cpp, line 790]
Event: 9.480 Thread 0x0000015685da22a0 Implicit null exception at 0x00000156f38964db to 0x00000156f3896570
Event: 9.598 Thread 0x00000156892921e0 Implicit null exception at 0x00000156f389d062 to 0x00000156f389d9b0
Event: 9.767 Thread 0x000001568b5ea010 Exception <a 'java/lang/NoSuchMethodError'{0x0000000085bc78c0}: 'void java.lang.invoke.DirectMethodHandle$Holder.invokeVirtual(java.lang.Object, java.lang.Object)'> (0x0000000085bc78c0) 
thrown [t:\workspace\open\src\hotspot\share\interpreter\linkResolver.cpp, line 790]
Event: 10.220 Thread 0x0000015684763c50 Exception <a 'java/lang/NoSuchMethodError'{0x0000000087ab12c8}: static [Ljava/lang/Object;.<clinit>()V> (0x0000000087ab12c8) 
thrown [t:\workspace\open\src\hotspot\share\prims\jni.cpp, line 1210]
Event: 10.475 Thread 0x000001568b5e5b00 Exception <a 'java/lang/NoSuchMethodError'{0x00000000867e1118}: 'int java.lang.invoke.DirectMethodHandle$Holder.invokeSpecial(java.lang.Object, java.lang.Object, java.lang.Object, java.lang.Object, java.lang.Object)'> (0x00000000867e1118) 
thrown [t:\workspace\open\src\hotspot\share\interpreter\linkResolver.cpp, line 790]

Events (20 events):
Event: 10.252 Executing  VM operation: HandshakeAllThreads done
Event: 10.252 Thread 0x000001568b5e5060 Thread added: 0x000001568b5e5060
Event: 10.263 Executing  VM operation: HandshakeAllThreads
Event: 10.263 Executing  VM operation: HandshakeAllThreads done
Event: 10.271 loading class org/xml/sax/ext/DefaultHandler2
Event: 10.271 loading class org/xml/sax/ext/LexicalHandler
Event: 10.271 loading class org/xml/sax/ext/LexicalHandler done
Event: 10.271 loading class org/xml/sax/ext/DeclHandler
Event: 10.271 loading class org/xml/sax/ext/DeclHandler done
Event: 10.271 loading class org/xml/sax/ext/DefaultHandler2 done
Event: 10.272 loading class java/nio/file/FileTreeWalker$1
Event: 10.272 loading class java/nio/file/FileTreeWalker$1 done
Event: 10.275 loading class org/xml/sax/DocumentHandler
Event: 10.275 loading class org/xml/sax/DocumentHandler done
Event: 10.296 Thread 0x000001568e0f5340 Thread added: 0x000001568e0f5340
Event: 10.384 Executing  VM operation: ICBufferFull
Event: 10.385 Executing  VM operation: ICBufferFull done
Event: 10.473 Executing  VM operation: HandshakeAllThreads
Event: 10.473 Executing  VM operation: HandshakeAllThreads done
Event: 10.581 Executing  VM operation: G1CollectForAllocation


Dynamic libraries:
0x00007ff6d8560000 - 0x00007ff6d8570000 	C:\Program Files\Java\jdk-16.0.2\bin\java.exe
0x00007ffdd9db0000 - 0x00007ffdd9fa8000 	C:\WINDOWS\SYSTEM32\ntdll.dll
0x00007ffdd9010000 - 0x00007ffdd90cd000 	C:\WINDOWS\System32\KERNEL32.DLL
0x00007ffdd7690000 - 0x00007ffdd795e000 	C:\WINDOWS\System32\KERNELBASE.dll
0x00007ffdd7590000 - 0x00007ffdd7690000 	C:\WINDOWS\System32\ucrtbase.dll
0x00007ffdd4630000 - 0x00007ffdd4648000 	C:\Program Files\Java\jdk-16.0.2\bin\jli.dll
0x00007ffdcfa00000 - 0x00007ffdcfa19000 	C:\Program Files\Java\jdk-16.0.2\bin\VCRUNTIME140.dll
0x00007ffdd7e10000 - 0x00007ffdd7ebe000 	C:\WINDOWS\System32\ADVAPI32.dll
0x00007ffdd9160000 - 0x00007ffdd91fe000 	C:\WINDOWS\System32\msvcrt.dll
0x00007ffdd8250000 - 0x00007ffdd82ec000 	C:\WINDOWS\System32\sechost.dll
0x00007ffdd8490000 - 0x00007ffdd85b5000 	C:\WINDOWS\System32\RPCRT4.dll
0x00007ffdd82f0000 - 0x00007ffdd8490000 	C:\WINDOWS\System32\USER32.dll
0x00007ffdbf480000 - 0x00007ffdbf71a000 	C:\WINDOWS\WinSxS\amd64_microsoft.windows.common-controls_6595b64144ccf1df_6.0.19041.1110_none_60b5254171f9507e\COMCTL32.dll
0x00007ffdd7960000 - 0x00007ffdd7982000 	C:\WINDOWS\System32\win32u.dll
0x00007ffdd8220000 - 0x00007ffdd824a000 	C:\WINDOWS\System32\GDI32.dll
0x00007ffdd7a40000 - 0x00007ffdd7b4b000 	C:\WINDOWS\System32\gdi32full.dll
0x00007ffdd7d70000 - 0x00007ffdd7e0d000 	C:\WINDOWS\System32\msvcp_win.dll
0x00007ffdd1760000 - 0x00007ffdd176a000 	C:\WINDOWS\SYSTEM32\VERSION.dll
0x00007ffdd9b90000 - 0x00007ffdd9bc0000 	C:\WINDOWS\System32\IMM32.DLL
0x00007ffdcfab0000 - 0x00007ffdcfabc000 	C:\Program Files\Java\jdk-16.0.2\bin\vcruntime140_1.dll
0x00007ffdb3150000 - 0x00007ffdb31e1000 	C:\Program Files\Java\jdk-16.0.2\bin\msvcp140.dll
0x00007ffdadd50000 - 0x00007ffdae8fb000 	C:\Program Files\Java\jdk-16.0.2\bin\server\jvm.dll
0x00007ffdd8fa0000 - 0x00007ffdd8fa8000 	C:\WINDOWS\System32\PSAPI.DLL
0x00007ffdb66a0000 - 0x00007ffdb66a9000 	C:\WINDOWS\SYSTEM32\WSOCK32.dll
0x00007ffdd5b00000 - 0x00007ffdd5b27000 	C:\WINDOWS\SYSTEM32\WINMM.dll
0x00007ffdd9a00000 - 0x00007ffdd9a6b000 	C:\WINDOWS\System32\WS2_32.dll
0x00007ffdd5d90000 - 0x00007ffdd5da2000 	C:\WINDOWS\SYSTEM32\kernel.appcore.dll
0x00007ffdbe050000 - 0x00007ffdbe05a000 	C:\Program Files\Java\jdk-16.0.2\bin\jimage.dll
0x00007ffdd5910000 - 0x00007ffdd5af4000 	C:\WINDOWS\SYSTEM32\DBGHELP.DLL
0x00007ffdd58e0000 - 0x00007ffdd590c000 	C:\WINDOWS\SYSTEM32\dbgcore.DLL
0x00007ffdd7b50000 - 0x00007ffdd7bd2000 	C:\WINDOWS\System32\bcryptPrimitives.dll
0x00007ffdbe020000 - 0x00007ffdbe045000 	C:\Program Files\Java\jdk-16.0.2\bin\java.dll
0x00007ffdd8660000 - 0x00007ffdd8da4000 	C:\WINDOWS\System32\SHELL32.dll
0x00007ffdd5130000 - 0x00007ffdd58c4000 	C:\WINDOWS\SYSTEM32\windows.storage.dll
0x00007ffdd7ec0000 - 0x00007ffdd8214000 	C:\WINDOWS\System32\combase.dll
0x00007ffdd6f30000 - 0x00007ffdd6f60000 	C:\WINDOWS\SYSTEM32\Wldp.dll
0x00007ffdd94e0000 - 0x00007ffdd958d000 	C:\WINDOWS\System32\SHCORE.dll
0x00007ffdd8fb0000 - 0x00007ffdd9005000 	C:\WINDOWS\System32\shlwapi.dll
0x00007ffdd7410000 - 0x00007ffdd742f000 	C:\WINDOWS\SYSTEM32\profapi.dll
0x00007ffdbe000000 - 0x00007ffdbe019000 	C:\Program Files\Java\jdk-16.0.2\bin\net.dll
0x00007ffdc2400000 - 0x00007ffdc250a000 	C:\WINDOWS\SYSTEM32\WINHTTP.dll
0x00007ffdd6c90000 - 0x00007ffdd6cfa000 	C:\WINDOWS\system32\mswsock.dll
0x00007ffdbdfe0000 - 0x00007ffdbdff3000 	C:\Program Files\Java\jdk-16.0.2\bin\nio.dll
0x00007ffdbdf60000 - 0x00007ffdbdf78000 	C:\Program Files\Java\jdk-16.0.2\bin\zip.dll
0x00007ffdbdf50000 - 0x00007ffdbdf60000 	C:\Program Files\Java\jdk-16.0.2\bin\verify.dll
0x00007ffdbe060000 - 0x00007ffdbe087000 	C:\Users\ITECH\.gradle\native\e1d6ef7f7dcc3fd88c89a11ec53ec762bb8ba0a96d01ffa2cd45eb1d1d8dd5c5\windows-amd64\native-platform.dll
0x00007ffdaeb60000 - 0x00007ffdaeca4000 	C:\Users\ITECH\.gradle\native\5664cfc778a61ccfe75a443a1ab52a65af34e5dc3c78e0209fed803814484fcb\windows-amd64\native-platform-file-events.dll
0x00007ffdbdf40000 - 0x00007ffdbdf49000 	C:\Program Files\Java\jdk-16.0.2\bin\management.dll
0x00007ffdbdf30000 - 0x00007ffdbdf3b000 	C:\Program Files\Java\jdk-16.0.2\bin\management_ext.dll
0x00007ffdd6e80000 - 0x00007ffdd6e98000 	C:\WINDOWS\SYSTEM32\CRYPTSP.dll
0x00007ffdd65a0000 - 0x00007ffdd65d4000 	C:\WINDOWS\system32\rsaenh.dll
0x00007ffdd7be0000 - 0x00007ffdd7c07000 	C:\WINDOWS\System32\bcrypt.dll
0x00007ffdd73d0000 - 0x00007ffdd73fe000 	C:\WINDOWS\SYSTEM32\USERENV.dll
0x00007ffdd6ea0000 - 0x00007ffdd6eac000 	C:\WINDOWS\SYSTEM32\CRYPTBASE.dll
0x00007ffdd6930000 - 0x00007ffdd696b000 	C:\WINDOWS\SYSTEM32\IPHLPAPI.DLL
0x00007ffdd93a0000 - 0x00007ffdd93a8000 	C:\WINDOWS\System32\NSI.dll
0x00007ffdca9d0000 - 0x00007ffdca9e7000 	C:\WINDOWS\SYSTEM32\dhcpcsvc6.DLL
0x00007ffdcc1e0000 - 0x00007ffdcc1fd000 	C:\WINDOWS\SYSTEM32\dhcpcsvc.DLL
0x00007ffdd6970000 - 0x00007ffdd6a3a000 	C:\WINDOWS\SYSTEM32\DNSAPI.dll
0x00007ffdbdf20000 - 0x00007ffdbdf2e000 	C:\Program Files\Java\jdk-16.0.2\bin\sunmscapi.dll
0x00007ffdd7c10000 - 0x00007ffdd7d66000 	C:\WINDOWS\System32\CRYPT32.dll
0x00007ffdd6fa0000 - 0x00007ffdd6fc7000 	C:\WINDOWS\SYSTEM32\ncrypt.dll
0x00007ffdd6f60000 - 0x00007ffdd6f9b000 	C:\WINDOWS\SYSTEM32\NTASN1.dll
0x00007ffd8a7f0000 - 0x00007ffd8a7f7000 	C:\WINDOWS\system32\wshunix.dll

dbghelp: loaded successfully - version: 4.0.5 - missing functions: none
symbol engine: initialized successfully - sym options: 0x614 - pdb path: .;C:\Program Files\Java\jdk-16.0.2\bin;C:\WINDOWS\SYSTEM32;C:\WINDOWS\WinSxS\amd64_microsoft.windows.common-controls_6595b64144ccf1df_6.0.19041.1110_none_60b5254171f9507e;C:\Program Files\Java\jdk-16.0.2\bin\server;C:\Users\ITECH\.gradle\native\e1d6ef7f7dcc3fd88c89a11ec53ec762bb8ba0a96d01ffa2cd45eb1d1d8dd5c5\windows-amd64;C:\Users\ITECH\.gradle\native\5664cfc778a61ccfe75a443a1ab52a65af34e5dc3c78e0209fed803814484fcb\windows-amd64

VM Arguments:
jvm_args: --add-opens=java.base/java.util=ALL-UNNAMED --add-opens=java.base/java.lang=ALL-UNNAMED --add-opens=java.base/java.lang.invoke=ALL-UNNAMED --add-opens=java.base/java.util=ALL-UNNAMED --add-opens=java.prefs/java.util.prefs=ALL-UNNAMED --add-opens=java.prefs/java.util.prefs=ALL-UNNAMED --add-opens=java.base/java.nio.charset=ALL-UNNAMED --add-opens=java.base/java.net=ALL-UNNAMED --add-opens=java.base/java.util.concurrent.atomic=ALL-UNNAMED -Xmx2048m -Dfile.encoding=UTF-8 -Duser.country=US -Duser.language=en -Duser.variant 
java_command: org.gradle.launcher.daemon.bootstrap.GradleDaemon 7.3.3
java_class_path (initial): C:\Users\ITECH\.gradle\wrapper\dists\gradle-7.3.3-bin\6a41zxkdtcxs8rphpq6y0069z\gradle-7.3.3\lib\gradle-launcher-7.3.3.jar
Launcher Type: SUN_STANDARD

[Global flags]
     intx CICompilerCount                          = 4                                         {product} {ergonomic}
     uint ConcGCThreads                            = 2                                         {product} {ergonomic}
     uint G1ConcRefinementThreads                  = 8                                         {product} {ergonomic}
   size_t G1HeapRegionSize                         = 1048576                                   {product} {ergonomic}
    uintx GCDrainStackTargetSize                   = 64                                        {product} {ergonomic}
   size_t InitialHeapSize                          = 132120576                                 {product} {ergonomic}
   size_t MarkStackSize                            = 4194304                                   {product} {ergonomic}
   size_t MaxHeapSize                              = 2147483648                                {product} {command line}
   size_t MaxNewSize                               = 1287651328                                {product} {ergonomic}
   size_t MinHeapDeltaBytes                        = 1048576                                   {product} {ergonomic}
   size_t MinHeapSize                              = 8388608                                   {product} {ergonomic}
    uintx NonNMethodCodeHeapSize                   = 5839372                                {pd product} {ergonomic}
    uintx NonProfiledCodeHeapSize                  = 122909434                              {pd product} {ergonomic}
    uintx ProfiledCodeHeapSize                     = 122909434                              {pd product} {ergonomic}
    uintx ReservedCodeCacheSize                    = 251658240                              {pd product} {ergonomic}
     bool SegmentedCodeCache                       = true                                      {product} {ergonomic}
   size_t SoftMaxHeapSize                          = 2147483648                             {manageable} {ergonomic}
     bool UseCompressedClassPointers               = true                           {product lp64_product} {ergonomic}
     bool UseCompressedOops                        = true                           {product lp64_product} {ergonomic}
     bool UseG1GC                                  = true                                      {product} {ergonomic}
     bool UseLargePagesIndividualAllocation        = false                                  {pd product} {ergonomic}

Logging:
Log output configuration:
 #0: stdout all=warning uptime,level,tags
 #1: stderr all=off uptime,level,tags

Environment Variables:
JAVA_HOME=C:\Program Files\Java\jdk-16.0.2
PATH=C:\Program Files\Python37\Scripts\;C:\Program Files\Python37\;C:\ProgramData\Oracle\Java\javapath;C:\app\ITECH\product\11.2.0\dbhome_1\bin;C:\Program Files\Common Files\Oracle\Java\javapath;C:\Program Files (x86)\Common Files\Oracle\Java\javapath;C:\WINDOWS\system32;C:\WINDOWS;C:\WINDOWS\System32\Wbem;C:\WINDOWS\System32\WindowsPowerShell\v1.0\;C:\WINDOWS\System32\OpenSSH\;C:\Program Files\Microsoft SQL Server\130\Tools\Binn\;C:\Program Files\Microsoft SQL Server\Client SDK\ODBC\170\Tools\Binn\;C:\Program Files\dotnet\;C:\Program Files\nodejs\;C:\Program Files\Java\jdk-16.0.2\bin;C:\Program Files\Git\cmd;C:\Program Files\Java\jdk-16.0.2\bin;
USERNAME=ITECH
OS=Windows_NT
PROCESSOR_IDENTIFIER=Intel64 Family 6 Model 126 Stepping 5, GenuineIntel



---------------  S Y S T E M  ---------------

OS:
 Windows 10 , 64 bit Build 19041 (10.0.19041.1889)
OS uptime: 0 days 0:09 hours

CPU: total 8 (initial active 8) (4 cores per cpu, 2 threads per core) family 6 model 126 stepping 5 microcode 0xb0, cx8, cmov, fxsr, ht, mmx, 3dnowpref, sse, sse2, sse3, ssse3, sse4.1, sse4.2, popcnt, lzcnt, tsc, tscinvbit, avx, avx2, aes, erms, clmul, bmi1, bmi2, adx, avx512f, avx512dq, avx512cd, avx512bw, avx512vl, sha, fma, vzeroupper, avx512_vpopcntdq, avx512_vpclmulqdq, avx512_vaes, avx512_vnni, clflush, clflushopt, avx512_vmbi2, avx512_vmbi

Memory: 4k page, system-wide physical 7959M (1054M free)
TotalPageFile size 7959M (AvailPageFile size 35M)
current process WorkingSet (physical memory assigned to process): 362M, peak: 389M
current process commit charge ("private bytes"): 414M, peak: 561M

vm_info: Java HotSpot(TM) 64-Bit Server VM (16.0.2+7-67) for windows-amd64 JRE (16.0.2+7-67), built on Jun  8 2021 23:24:19 by "mach5one" with MS VC++ 16.7 (VS2019)

END.
