#
# There is insufficient memory for the Java Runtime Environment to continue.
# Native memory allocation (malloc) failed to allocate 1444256 bytes for Chunk::new
# Possible reasons:
#   The system is out of physical RAM or swap space
#   The process is running with CompressedOops enabled, and the Java Heap may be blocking the growth of the native heap
# Possible solutions:
#   Reduce memory load on the system
#   Increase physical memory or swap space
#   Check if swap backing store is full
#   Decrease Java heap size (-Xmx/-Xms)
#   Decrease number of Java threads
#   Decrease Java thread stack sizes (-Xss)
#   Set larger code cache with -XX:ReservedCodeCacheSize=
#   JVM is running with Unscaled Compressed Oops mode in which the Java heap is
#     placed in the first 4GB address space. The Java Heap base address is the
#     maximum limit for the native heap growth. Please use -XX:HeapBaseMinAddress
#     to set the Java Heap base and to place the Java Heap above 4GB virtual address.
# This output file may be truncated or incomplete.
#
#  Out of Memory Error (arena.cpp:195), pid=3148, tid=6880
#
# JRE version: Java(TM) SE Runtime Environment (16.0.2+7) (build 16.0.2+7-67)
# Java VM: Java HotSpot(TM) 64-Bit Server VM (16.0.2+7-67, mixed mode, sharing, tiered, compressed oops, compressed class ptrs, g1 gc, windows-amd64)
# No core dump will be written. Minidumps are not enabled by default on client versions of Windows
#

---------------  S U M M A R Y ------------

Command Line: --add-opens=java.base/java.util=ALL-UNNAMED --add-opens=java.base/java.lang=ALL-UNNAMED --add-opens=java.base/java.lang.invoke=ALL-UNNAMED --add-opens=java.base/java.util=ALL-UNNAMED --add-opens=java.prefs/java.util.prefs=ALL-UNNAMED --add-opens=java.prefs/java.util.prefs=ALL-UNNAMED --add-opens=java.base/java.nio.charset=ALL-UNNAMED --add-opens=java.base/java.net=ALL-UNNAMED --add-opens=java.base/java.util.concurrent.atomic=ALL-UNNAMED -Xmx2048m -Dfile.encoding=UTF-8 -Duser.country=US -Duser.language=en -Duser.variant org.gradle.launcher.daemon.bootstrap.GradleDaemon 7.3.3

Host: Intel(R) Core(TM) i7-1065G7 CPU @ 1.30GHz, 8 cores, 7G,  Windows 10 , 64 bit Build 19041 (10.0.19041.1889)
Time: Mon Aug 22 14:58:11 2022 Egypt Standard Time elapsed time: 12.401981 seconds (0d 0h 0m 12s)

---------------  T H R E A D  ---------------

Current thread (0x00000154ffa54f80):  JavaThread "C2 CompilerThread1" daemon [_thread_in_native, id=6880, stack(0x00000027ed200000,0x00000027ed300000)]


Current CompileTask:
C2:  12402 12142       4       com.android.tools.r8.graph.C::a (95 bytes)

Stack: [0x00000027ed200000,0x00000027ed300000]
Native frames: (J=compiled Java code, j=interpreted, Vv=VM code, C=native code)
V  [jvm.dll+0x6681ca]
V  [jvm.dll+0x7c9e69]
V  [jvm.dll+0x7cb61e]
V  [jvm.dll+0x7cbc73]
V  [jvm.dll+0x242c55]
V  [jvm.dll+0xadeba]
V  [jvm.dll+0xae45c]
V  [jvm.dll+0x2a4cdf]
V  [jvm.dll+0x573c29]
V  [jvm.dll+0x21e905]
V  [jvm.dll+0x217c01]
V  [jvm.dll+0x214ffc]
V  [jvm.dll+0x1a1beb]
V  [jvm.dll+0x225158]
V  [jvm.dll+0x22319c]
V  [jvm.dll+0x77fa62]
V  [jvm.dll+0x7795aa]
V  [jvm.dll+0x667066]
C  [ucrtbase.dll+0x21bb2]
C  [KERNEL32.DLL+0x17034]
C  [ntdll.dll+0x52651]


---------------  P R O C E S S  ---------------

Threads class SMR info:
_java_thread_list=0x00000154952c5d30, length=147, elements={
0x00000154f5e2c7c0, 0x00000154feeb11f0, 0x00000154feeb1d00, 0x00000154feebdbe0,
0x00000154feec2510, 0x00000154feec4e30, 0x00000154feec6750, 0x00000154feec7390,
0x00000154feed0db0, 0x00000154feedf5e0, 0x00000154ff9d66a0, 0x00000154ff9de200,
0x00000154ffa54f80, 0x00000154966e4e80, 0x0000015495c687a0, 0x00000154971c4680,
0x000001549708f080, 0x0000015495e35a40, 0x00000154964adbf0, 0x0000015495e33270,
0x0000015495e33d10, 0x0000015495e34260, 0x0000015495e347b0, 0x0000015495e337c0,
0x0000015496aea1b0, 0x0000015496aec6e0, 0x0000015496ae9710, 0x0000015496aea700,
0x0000015496ae8720, 0x0000015496ae6740, 0x0000015496ae71e0, 0x0000015496ae5750,
0x0000015496ae8c70, 0x0000015496aeac50, 0x0000015496ae7730, 0x0000015496ae9c60,
0x0000015496aeb1a0, 0x0000015496aeb6f0, 0x0000015496ae4cb0, 0x0000015496ae61f0,
0x0000015496ae91c0, 0x0000015496aebc40, 0x000001549af93030, 0x000001549af905b0,
0x000001549af95010, 0x000001549af93580, 0x000001549af94020, 0x000001549af97a90,
0x000001549af97540, 0x000001549af94570, 0x000001549af90b00, 0x000001549af93ad0,
0x000001549af94ac0, 0x000001549af96000, 0x000001549af96ff0, 0x000001549af95ab0,
0x000001549af91af0, 0x000001549af92040, 0x000001549af92590, 0x000001549af95560,
0x000001549af90060, 0x000001549af96550, 0x000001549af96aa0, 0x000001549af91050,
0x000001549af915a0, 0x000001549af92ae0, 0x000001549bcf43b0, 0x000001549bcf7380,
0x000001549bcf3910, 0x000001549bcf5e40, 0x000001549bcf6390, 0x000001549bcf58f0,
0x000001549bcf8370, 0x000001549bcf33c0, 0x000001549bcf4900, 0x000001549bcf9360,
0x000001549bcf8e10, 0x000001549bcf4e50, 0x000001549bcfa350, 0x000001549bcf3e60,
0x000001549bcf68e0, 0x000001549bcf53a0, 0x000001549bcf98b0, 0x000001549bcf6e30,
0x000001549bcf78d0, 0x000001549bcfadf0, 0x000001549bcf7e20, 0x000001549bcf88c0,
0x000001549bcf9e00, 0x000001549bcfa8a0, 0x0000015499ecad80, 0x0000015499ece2a0,
0x0000015499eced40, 0x0000015499ecf7e0, 0x0000015499ecb2d0, 0x0000015499ecf290,
0x0000015499ec7db0, 0x0000015499ecb820, 0x0000015499eccd60, 0x0000015499ece7f0,
0x0000015499eca830, 0x0000015499ecd2b0, 0x0000015499ecbd70, 0x0000015499ec8300,
0x0000015499ecc2c0, 0x0000015499ecc810, 0x0000015499ecd800, 0x0000015499ec8850,
0x0000015499ec8da0, 0x0000015499ec92f0, 0x0000015499ecdd50, 0x0000015499ec9840,
0x0000015499ec9d90, 0x0000015499eca2e0, 0x000001549b8e8950, 0x000001549b8eae80,
0x000001549b8ec910, 0x000001549b8e7eb0, 0x000001549b8eb3d0, 0x000001549b8eee40,
0x000001549b8ece60, 0x000001549b8ed3b0, 0x000001549b8ebe70, 0x000001549b8ef8e0,
0x000001549bb5a3c0, 0x000001549b8ef390, 0x000001549b8ea3e0, 0x000001549b8ee3a0,
0x000001549b8e8ea0, 0x000001549b8e9940, 0x000001549b8e9e90, 0x000001549b8ea930,
0x000001549b8eb920, 0x000001549b2cca10, 0x000001549b2c7a60, 0x000001549b2caf80,
0x000001549b2c9a40, 0x000001549b2c9f90, 0x000001549b2cb4d0, 0x000001549b2cba20,
0x000001549b2ccf60, 0x000001549b2c8fa0, 0x000001549b2c94f0, 0x000001549b2cd4b0,
0x000001549b2cda00, 0x000001549b2ce4a0, 0x000001549b2ca4e0
}

Java Threads: ( => current thread )
  0x00000154f5e2c7c0 JavaThread "main" [_thread_blocked, id=10076, stack(0x00000027ebf00000,0x00000027ec000000)]
  0x00000154feeb11f0 JavaThread "Reference Handler" daemon [_thread_blocked, id=2588, stack(0x00000027ec600000,0x00000027ec700000)]
  0x00000154feeb1d00 JavaThread "Finalizer" daemon [_thread_blocked, id=8960, stack(0x00000027ec700000,0x00000027ec800000)]
  0x00000154feebdbe0 JavaThread "Signal Dispatcher" daemon [_thread_blocked, id=4740, stack(0x00000027ec800000,0x00000027ec900000)]
  0x00000154feec2510 JavaThread "Attach Listener" daemon [_thread_blocked, id=4840, stack(0x00000027ec900000,0x00000027eca00000)]
  0x00000154feec4e30 JavaThread "Service Thread" daemon [_thread_blocked, id=11412, stack(0x00000027eca00000,0x00000027ecb00000)]
  0x00000154feec6750 JavaThread "Monitor Deflation Thread" daemon [_thread_blocked, id=4608, stack(0x00000027ecb00000,0x00000027ecc00000)]
  0x00000154feec7390 JavaThread "C2 CompilerThread0" daemon [_thread_in_native, id=3760, stack(0x00000027ecc00000,0x00000027ecd00000)]
  0x00000154feed0db0 JavaThread "C1 CompilerThread0" daemon [_thread_blocked, id=12488, stack(0x00000027ecd00000,0x00000027ece00000)]
  0x00000154feedf5e0 JavaThread "Sweeper thread" daemon [_thread_blocked, id=11384, stack(0x00000027ece00000,0x00000027ecf00000)]
  0x00000154ff9d66a0 JavaThread "Common-Cleaner" daemon [_thread_blocked, id=592, stack(0x00000027ecf00000,0x00000027ed000000)]
  0x00000154ff9de200 JavaThread "Notification Thread" daemon [_thread_blocked, id=8708, stack(0x00000027ed000000,0x00000027ed100000)]
=>0x00000154ffa54f80 JavaThread "C2 CompilerThread1" daemon [_thread_in_native, id=6880, stack(0x00000027ed200000,0x00000027ed300000)]
  0x00000154966e4e80 JavaThread "Daemon health stats" [_thread_blocked, id=10276, stack(0x00000027ed800000,0x00000027ed900000)]
  0x0000015495c687a0 JavaThread "Incoming local TCP Connector on port 49781" [_thread_in_native, id=8212, stack(0x00000027ed900000,0x00000027eda00000)]
  0x00000154971c4680 JavaThread "Daemon periodic checks" [_thread_blocked, id=10524, stack(0x00000027eda00000,0x00000027edb00000)]
  0x000001549708f080 JavaThread "Daemon" [_thread_blocked, id=11000, stack(0x00000027edb00000,0x00000027edc00000)]
  0x0000015495e35a40 JavaThread "Handler for socket connection from /127.0.0.1:49781 to /127.0.0.1:49782" [_thread_in_native, id=3464, stack(0x00000027edc00000,0x00000027edd00000)]
  0x00000154964adbf0 JavaThread "Cancel handler" [_thread_blocked, id=7260, stack(0x00000027edd00000,0x00000027ede00000)]
  0x0000015495e33270 JavaThread "Daemon worker" [_thread_blocked, id=3968, stack(0x00000027ede00000,0x00000027edf00000)]
  0x0000015495e33d10 JavaThread "Asynchronous log dispatcher for DefaultDaemonConnection: socket connection from /127.0.0.1:49781 to /127.0.0.1:49782" [_thread_blocked, id=12744, stack(0x00000027edf00000,0x00000027ee000000)]
  0x0000015495e34260 JavaThread "Stdin handler" [_thread_blocked, id=9684, stack(0x00000027ee000000,0x00000027ee100000)]
  0x0000015495e347b0 JavaThread "Daemon client event forwarder" [_thread_blocked, id=7608, stack(0x00000027ee100000,0x00000027ee200000)]
  0x0000015495e337c0 JavaThread "Cache worker for journal cache (C:\Users\ITECH\.gradle\caches\journal-1)" [_thread_blocked, id=11740, stack(0x00000027ee200000,0x00000027ee300000)]
  0x0000015496aea1b0 JavaThread "File lock request listener" [_thread_in_native, id=1080, stack(0x00000027ee300000,0x00000027ee400000)]
  0x0000015496aec6e0 JavaThread "Cache worker for file hash cache (C:\Users\ITECH\.gradle\caches\7.3.3\fileHashes)" [_thread_blocked, id=7212, stack(0x00000027ee400000,0x00000027ee500000)]
  0x0000015496ae9710 JavaThread "Cache worker for file hash cache (C:\Users\ITECH\AndroidStudioProjects\yummy\.gradle\7.3.3\fileHashes)" [_thread_blocked, id=12656, stack(0x00000027ee800000,0x00000027ee900000)]
  0x0000015496aea700 JavaThread "File watcher server" daemon [_thread_in_native, id=10608, stack(0x00000027ee900000,0x00000027eea00000)]
  0x0000015496ae8720 JavaThread "File watcher consumer" daemon [_thread_blocked, id=10740, stack(0x00000027eea00000,0x00000027eeb00000)]
  0x0000015496ae6740 JavaThread "Cache worker for checksums cache (C:\Users\ITECH\AndroidStudioProjects\yummy\.gradle\7.3.3\checksums)" [_thread_blocked, id=8412, stack(0x00000027eeb00000,0x00000027eec00000)]
  0x0000015496ae71e0 JavaThread "Cache worker for cache directory md-supplier (C:\Users\ITECH\.gradle\caches\7.3.3\md-supplier)" [_thread_blocked, id=6064, stack(0x00000027eec00000,0x00000027eed00000)]
  0x0000015496ae5750 JavaThread "Cache worker for cache directory md-rule (C:\Users\ITECH\.gradle\caches\7.3.3\md-rule)" [_thread_blocked, id=4676, stack(0x00000027eed00000,0x00000027eee00000)]
  0x0000015496ae8c70 JavaThread "Cache worker for execution history cache (C:\Users\ITECH\.gradle\caches\7.3.3\executionHistory)" [_thread_blocked, id=9728, stack(0x00000027eef00000,0x00000027ef000000)]
  0x0000015496aeac50 JavaThread "jar transforms" [_thread_blocked, id=4592, stack(0x00000027ef000000,0x00000027ef100000)]
  0x0000015496ae7730 JavaThread "Cache worker for file content cache (C:\Users\ITECH\.gradle\caches\7.3.3\fileContent)" [_thread_blocked, id=1884, stack(0x00000027ef100000,0x00000027ef200000)]
  0x0000015496ae9c60 JavaThread "jar transforms Thread 2" [_thread_blocked, id=10496, stack(0x00000027ef200000,0x00000027ef300000)]
  0x0000015496aeb1a0 JavaThread "Cache worker for dependencies-accessors (C:\Users\ITECH\AndroidStudioProjects\yummy\.gradle\7.3.3\dependencies-accessors)" [_thread_blocked, id=11640, stack(0x00000027ef300000,0x00000027ef400000)]
  0x0000015496aeb6f0 JavaThread "jar transforms Thread 3" [_thread_blocked, id=12208, stack(0x00000027ef400000,0x00000027ef500000)]
  0x0000015496ae4cb0 JavaThread "Cache worker for Build Output Cleanup Cache (C:\Users\ITECH\AndroidStudioProjects\yummy\.gradle\buildOutputCleanup)" [_thread_blocked, id=12728, stack(0x00000027ef500000,0x00000027ef600000)]
  0x0000015496ae61f0 JavaThread "Unconstrained build operations" [_thread_blocked, id=9096, stack(0x00000027ef600000,0x00000027ef700000)]
  0x0000015496ae91c0 JavaThread "Unconstrained build operations Thread 2" [_thread_blocked, id=132, stack(0x00000027ef700000,0x00000027ef800000)]
  0x0000015496aebc40 JavaThread "Unconstrained build operations Thread 3" [_thread_blocked, id=10488, stack(0x00000027ef800000,0x00000027ef900000)]
  0x000001549af93030 JavaThread "Unconstrained build operations Thread 4" [_thread_blocked, id=5876, stack(0x00000027ef900000,0x00000027efa00000)]
  0x000001549af905b0 JavaThread "Unconstrained build operations Thread 5" [_thread_blocked, id=12172, stack(0x00000027efa00000,0x00000027efb00000)]
  0x000001549af95010 JavaThread "Unconstrained build operations Thread 6" [_thread_blocked, id=3668, stack(0x00000027efb00000,0x00000027efc00000)]
  0x000001549af93580 JavaThread "Unconstrained build operations Thread 7" [_thread_blocked, id=4072, stack(0x00000027efc00000,0x00000027efd00000)]
  0x000001549af94020 JavaThread "Unconstrained build operations Thread 8" [_thread_blocked, id=1388, stack(0x00000027efd00000,0x00000027efe00000)]
  0x000001549af97a90 JavaThread "Unconstrained build operations Thread 9" [_thread_blocked, id=8800, stack(0x00000027efe00000,0x00000027eff00000)]
  0x000001549af97540 JavaThread "Unconstrained build operations Thread 10" [_thread_blocked, id=1056, stack(0x00000027eff00000,0x00000027f0000000)]
  0x000001549af94570 JavaThread "Unconstrained build operations Thread 11" [_thread_blocked, id=7044, stack(0x00000027f0000000,0x00000027f0100000)]
  0x000001549af90b00 JavaThread "Unconstrained build operations Thread 12" [_thread_blocked, id=3960, stack(0x00000027f0100000,0x00000027f0200000)]
  0x000001549af93ad0 JavaThread "Unconstrained build operations Thread 13" [_thread_blocked, id=10796, stack(0x00000027f0200000,0x00000027f0300000)]
  0x000001549af94ac0 JavaThread "Unconstrained build operations Thread 14" [_thread_blocked, id=13268, stack(0x00000027f0300000,0x00000027f0400000)]
  0x000001549af96000 JavaThread "Unconstrained build operations Thread 15" [_thread_blocked, id=2268, stack(0x00000027f0400000,0x00000027f0500000)]
  0x000001549af96ff0 JavaThread "Unconstrained build operations Thread 16" [_thread_blocked, id=9884, stack(0x00000027f0500000,0x00000027f0600000)]
  0x000001549af95ab0 JavaThread "Unconstrained build operations Thread 17" [_thread_blocked, id=13088, stack(0x00000027f0600000,0x00000027f0700000)]
  0x000001549af91af0 JavaThread "Unconstrained build operations Thread 18" [_thread_blocked, id=5668, stack(0x00000027f0700000,0x00000027f0800000)]
  0x000001549af92040 JavaThread "Unconstrained build operations Thread 19" [_thread_blocked, id=11592, stack(0x00000027f0800000,0x00000027f0900000)]
  0x000001549af92590 JavaThread "Unconstrained build operations Thread 20" [_thread_blocked, id=6996, stack(0x00000027f0900000,0x00000027f0a00000)]
  0x000001549af95560 JavaThread "Unconstrained build operations Thread 21" [_thread_blocked, id=6892, stack(0x00000027f0a00000,0x00000027f0b00000)]
  0x000001549af90060 JavaThread "Unconstrained build operations Thread 22" [_thread_blocked, id=4052, stack(0x00000027f0b00000,0x00000027f0c00000)]
  0x000001549af96550 JavaThread "Unconstrained build operations Thread 23" [_thread_blocked, id=7252, stack(0x00000027f0c00000,0x00000027f0d00000)]
  0x000001549af96aa0 JavaThread "Unconstrained build operations Thread 24" [_thread_blocked, id=11040, stack(0x00000027f0d00000,0x00000027f0e00000)]
  0x000001549af91050 JavaThread "Unconstrained build operations Thread 25" [_thread_blocked, id=8592, stack(0x00000027f0e00000,0x00000027f0f00000)]
  0x000001549af915a0 JavaThread "Unconstrained build operations Thread 26" [_thread_blocked, id=8008, stack(0x00000027f0f00000,0x00000027f1000000)]
  0x000001549af92ae0 JavaThread "Unconstrained build operations Thread 27" [_thread_blocked, id=11736, stack(0x00000027f1000000,0x00000027f1100000)]
  0x000001549bcf43b0 JavaThread "Unconstrained build operations Thread 28" [_thread_blocked, id=5072, stack(0x00000027f1100000,0x00000027f1200000)]
  0x000001549bcf7380 JavaThread "Unconstrained build operations Thread 29" [_thread_blocked, id=1948, stack(0x00000027f1200000,0x00000027f1300000)]
  0x000001549bcf3910 JavaThread "Unconstrained build operations Thread 30" [_thread_blocked, id=11756, stack(0x00000027f1300000,0x00000027f1400000)]
  0x000001549bcf5e40 JavaThread "Unconstrained build operations Thread 31" [_thread_blocked, id=8740, stack(0x00000027f1400000,0x00000027f1500000)]
  0x000001549bcf6390 JavaThread "Unconstrained build operations Thread 32" [_thread_blocked, id=10160, stack(0x00000027f1500000,0x00000027f1600000)]
  0x000001549bcf58f0 JavaThread "Unconstrained build operations Thread 33" [_thread_blocked, id=11196, stack(0x00000027f1600000,0x00000027f1700000)]
  0x000001549bcf8370 JavaThread "Unconstrained build operations Thread 34" [_thread_blocked, id=6168, stack(0x00000027f1700000,0x00000027f1800000)]
  0x000001549bcf33c0 JavaThread "Unconstrained build operations Thread 35" [_thread_blocked, id=9240, stack(0x00000027f1800000,0x00000027f1900000)]
  0x000001549bcf4900 JavaThread "Unconstrained build operations Thread 36" [_thread_blocked, id=12944, stack(0x00000027f1900000,0x00000027f1a00000)]
  0x000001549bcf9360 JavaThread "Unconstrained build operations Thread 37" [_thread_blocked, id=1432, stack(0x00000027f1a00000,0x00000027f1b00000)]
  0x000001549bcf8e10 JavaThread "Unconstrained build operations Thread 38" [_thread_blocked, id=4036, stack(0x00000027f1b00000,0x00000027f1c00000)]
  0x000001549bcf4e50 JavaThread "Unconstrained build operations Thread 39" [_thread_blocked, id=11328, stack(0x00000027f1c00000,0x00000027f1d00000)]
  0x000001549bcfa350 JavaThread "Unconstrained build operations Thread 40" [_thread_blocked, id=1260, stack(0x00000027f1d00000,0x00000027f1e00000)]
  0x000001549bcf3e60 JavaThread "Unconstrained build operations Thread 41" [_thread_blocked, id=3832, stack(0x00000027f1e00000,0x00000027f1f00000)]
  0x000001549bcf68e0 JavaThread "Unconstrained build operations Thread 42" [_thread_blocked, id=1612, stack(0x00000027f1f00000,0x00000027f2000000)]
  0x000001549bcf53a0 JavaThread "Unconstrained build operations Thread 43" [_thread_blocked, id=8848, stack(0x00000027f2000000,0x00000027f2100000)]
  0x000001549bcf98b0 JavaThread "Unconstrained build operations Thread 44" [_thread_blocked, id=3976, stack(0x00000027f2100000,0x00000027f2200000)]
  0x000001549bcf6e30 JavaThread "Unconstrained build operations Thread 45" [_thread_blocked, id=8496, stack(0x00000027f2200000,0x00000027f2300000)]
  0x000001549bcf78d0 JavaThread "Unconstrained build operations Thread 46" [_thread_blocked, id=10356, stack(0x00000027f2300000,0x00000027f2400000)]
  0x000001549bcfadf0 JavaThread "Unconstrained build operations Thread 47" [_thread_blocked, id=11776, stack(0x00000027f2400000,0x00000027f2500000)]
  0x000001549bcf7e20 JavaThread "Unconstrained build operations Thread 48" [_thread_blocked, id=7824, stack(0x00000027f2500000,0x00000027f2600000)]
  0x000001549bcf88c0 JavaThread "Unconstrained build operations Thread 49" [_thread_blocked, id=4804, stack(0x00000027f2600000,0x00000027f2700000)]
  0x000001549bcf9e00 JavaThread "Unconstrained build operations Thread 50" [_thread_blocked, id=6228, stack(0x00000027f2700000,0x00000027f2800000)]
  0x000001549bcfa8a0 JavaThread "Unconstrained build operations Thread 51" [_thread_blocked, id=11380, stack(0x00000027f2800000,0x00000027f2900000)]
  0x0000015499ecad80 JavaThread "Unconstrained build operations Thread 52" [_thread_blocked, id=7304, stack(0x00000027f2900000,0x00000027f2a00000)]
  0x0000015499ece2a0 JavaThread "Unconstrained build operations Thread 53" [_thread_blocked, id=7152, stack(0x00000027f2a00000,0x00000027f2b00000)]
  0x0000015499eced40 JavaThread "Unconstrained build operations Thread 54" [_thread_blocked, id=8036, stack(0x00000027f2b00000,0x00000027f2c00000)]
  0x0000015499ecf7e0 JavaThread "Unconstrained build operations Thread 55" [_thread_blocked, id=3856, stack(0x00000027f2c00000,0x00000027f2d00000)]
  0x0000015499ecb2d0 JavaThread "Unconstrained build operations Thread 56" [_thread_blocked, id=10952, stack(0x00000027f2d00000,0x00000027f2e00000)]
  0x0000015499ecf290 JavaThread "Unconstrained build operations Thread 57" [_thread_blocked, id=4572, stack(0x00000027f2e00000,0x00000027f2f00000)]
  0x0000015499ec7db0 JavaThread "Unconstrained build operations Thread 58" [_thread_blocked, id=6972, stack(0x00000027f2f00000,0x00000027f3000000)]
  0x0000015499ecb820 JavaThread "Unconstrained build operations Thread 59" [_thread_blocked, id=11508, stack(0x00000027f3000000,0x00000027f3100000)]
  0x0000015499eccd60 JavaThread "Unconstrained build operations Thread 60" [_thread_blocked, id=10596, stack(0x00000027f3100000,0x00000027f3200000)]
  0x0000015499ece7f0 JavaThread "Unconstrained build operations Thread 61" [_thread_blocked, id=8012, stack(0x00000027f3200000,0x00000027f3300000)]
  0x0000015499eca830 JavaThread "Unconstrained build operations Thread 62" [_thread_blocked, id=6464, stack(0x00000027f3300000,0x00000027f3400000)]
  0x0000015499ecd2b0 JavaThread "Unconstrained build operations Thread 63" [_thread_blocked, id=1216, stack(0x00000027f3400000,0x00000027f3500000)]
  0x0000015499ecbd70 JavaThread "Unconstrained build operations Thread 64" [_thread_blocked, id=3052, stack(0x00000027f3500000,0x00000027f3600000)]
  0x0000015499ec8300 JavaThread "Unconstrained build operations Thread 65" [_thread_blocked, id=10760, stack(0x00000027f3600000,0x00000027f3700000)]
  0x0000015499ecc2c0 JavaThread "Unconstrained build operations Thread 66" [_thread_blocked, id=2340, stack(0x00000027f3700000,0x00000027f3800000)]
  0x0000015499ecc810 JavaThread "Unconstrained build operations Thread 67" [_thread_blocked, id=1092, stack(0x00000027f3800000,0x00000027f3900000)]
  0x0000015499ecd800 JavaThread "Unconstrained build operations Thread 68" [_thread_blocked, id=8296, stack(0x00000027f3900000,0x00000027f3a00000)]
  0x0000015499ec8850 JavaThread "Unconstrained build operations Thread 69" [_thread_blocked, id=7160, stack(0x00000027f3a00000,0x00000027f3b00000)]
  0x0000015499ec8da0 JavaThread "Unconstrained build operations Thread 70" [_thread_blocked, id=6724, stack(0x00000027f3b00000,0x00000027f3c00000)]
  0x0000015499ec92f0 JavaThread "Unconstrained build operations Thread 71" [_thread_blocked, id=2116, stack(0x00000027f3c00000,0x00000027f3d00000)]
  0x0000015499ecdd50 JavaThread "Unconstrained build operations Thread 72" [_thread_blocked, id=8940, stack(0x00000027f3d00000,0x00000027f3e00000)]
  0x0000015499ec9840 JavaThread "Unconstrained build operations Thread 73" [_thread_blocked, id=7488, stack(0x00000027f3e00000,0x00000027f3f00000)]
  0x0000015499ec9d90 JavaThread "Unconstrained build operations Thread 74" [_thread_blocked, id=10288, stack(0x00000027f3f00000,0x00000027f4000000)]
  0x0000015499eca2e0 JavaThread "Unconstrained build operations Thread 75" [_thread_blocked, id=5076, stack(0x00000027f4000000,0x00000027f4100000)]
  0x000001549b8e8950 JavaThread "Unconstrained build operations Thread 76" [_thread_blocked, id=9380, stack(0x00000027f4100000,0x00000027f4200000)]
  0x000001549b8eae80 JavaThread "Unconstrained build operations Thread 77" [_thread_blocked, id=11484, stack(0x00000027f4200000,0x00000027f4300000)]
  0x000001549b8ec910 JavaThread "Unconstrained build operations Thread 78" [_thread_blocked, id=2244, stack(0x00000027f4300000,0x00000027f4400000)]
  0x000001549b8e7eb0 JavaThread "Unconstrained build operations Thread 79" [_thread_blocked, id=1476, stack(0x00000027f4400000,0x00000027f4500000)]
  0x000001549b8eb3d0 JavaThread "Unconstrained build operations Thread 80" [_thread_blocked, id=1620, stack(0x00000027f4500000,0x00000027f4600000)]
  0x000001549b8eee40 JavaThread "jar transforms Thread 4" [_thread_blocked, id=12872, stack(0x00000027f4600000,0x00000027f4700000)]
  0x000001549b8ece60 JavaThread "jar transforms Thread 5" [_thread_blocked, id=5304, stack(0x00000027f4700000,0x00000027f4800000)]
  0x000001549b8ed3b0 JavaThread "jar transforms Thread 6" [_thread_blocked, id=3188, stack(0x00000027f4800000,0x00000027f4900000)]
  0x000001549b8ebe70 JavaThread "jar transforms Thread 7" [_thread_blocked, id=8824, stack(0x00000027f4900000,0x00000027f4a00000)]
  0x000001549b8ef8e0 JavaThread "jar transforms Thread 8" [_thread_blocked, id=9320, stack(0x00000027f4a00000,0x00000027f4b00000)]
  0x000001549bb5a3c0 JavaThread "C2 CompilerThread2" daemon [_thread_in_native, id=1060, stack(0x00000027ed300000,0x00000027ed400000)]
  0x000001549b8ef390 JavaThread "Memory manager" [_thread_blocked, id=4848, stack(0x00000027f4b00000,0x00000027f4c00000)]
  0x000001549b8ea3e0 JavaThread "build event listener" [_thread_blocked, id=10304, stack(0x00000027f4c00000,0x00000027f4d00000)]
  0x000001549b8ee3a0 JavaThread "pool-3-thread-1" [_thread_blocked, id=4828, stack(0x00000027f4d00000,0x00000027f4e00000)]
  0x000001549b8e8ea0 JavaThread "build event listener" [_thread_blocked, id=13104, stack(0x00000027f4e00000,0x00000027f4f00000)]
  0x000001549b8e9940 JavaThread "Execution worker for ':'" [_thread_blocked, id=1908, stack(0x00000027f4f00000,0x00000027f5000000)]
  0x000001549b8e9e90 JavaThread "Execution worker for ':' Thread 2" [_thread_blocked, id=11704, stack(0x00000027f5000000,0x00000027f5100000)]
  0x000001549b8ea930 JavaThread "Execution worker for ':' Thread 3" [_thread_blocked, id=8116, stack(0x00000027f5100000,0x00000027f5200000)]
  0x000001549b8eb920 JavaThread "Execution worker for ':' Thread 4" [_thread_blocked, id=13300, stack(0x00000027f5200000,0x00000027f5300000)]
  0x000001549b2cca10 JavaThread "Execution worker for ':' Thread 5" [_thread_blocked, id=11432, stack(0x00000027f5300000,0x00000027f5400000)]
  0x000001549b2c7a60 JavaThread "Execution worker for ':' Thread 6" [_thread_blocked, id=5456, stack(0x00000027f5400000,0x00000027f5500000)]
  0x000001549b2caf80 JavaThread "Execution worker for ':' Thread 7" [_thread_blocked, id=2096, stack(0x00000027f5500000,0x00000027f5600000)]
  0x000001549b2c9a40 JavaThread "Cache worker for execution history cache (C:\Users\ITECH\AndroidStudioProjects\yummy\.gradle\7.3.3\executionHistory)" [_thread_blocked, id=9020, stack(0x00000027f5600000,0x00000027f5700000)]
  0x000001549b2c9f90 JavaThread "WorkerExecutor Queue" [_thread_blocked, id=6272, stack(0x00000027f5800000,0x00000027f5900000)]
  0x000001549b2cb4d0 JavaThread "WorkerExecutor Queue Thread 2" [_thread_blocked, id=4588, stack(0x00000027f5900000,0x00000027f5a00000)]
  0x000001549b2cba20 JavaThread "ForkJoinPool-1-worker-3" daemon [_thread_in_Java, id=5596, stack(0x00000027f5a00000,0x00000027f5b00000)]
  0x000001549b2ccf60 JavaThread "ForkJoinPool-1-worker-5" daemon [_thread_blocked, id=952, stack(0x00000027f5b00000,0x00000027f5c00000)]
  0x000001549b2c8fa0 JavaThread "ForkJoinPool-1-worker-7" daemon [_thread_blocked, id=6804, stack(0x00000027f5c00000,0x00000027f5d00000)]
  0x000001549b2c94f0 JavaThread "ForkJoinPool-1-worker-9" daemon [_thread_blocked, id=3372, stack(0x00000027f5d00000,0x00000027f5e00000)]
  0x000001549b2cd4b0 JavaThread "ForkJoinPool-1-worker-11" daemon [_thread_blocked, id=6244, stack(0x00000027f5e00000,0x00000027f5f00000)]
  0x000001549b2cda00 JavaThread "ForkJoinPool-1-worker-13" daemon [_thread_blocked, id=10728, stack(0x00000027f5f00000,0x00000027f6000000)]
  0x000001549b2ce4a0 JavaThread "ForkJoinPool-1-worker-15" daemon [_thread_blocked, id=9528, stack(0x00000027f6000000,0x00000027f6100000)]
  0x000001549b2ca4e0 JavaThread "ForkJoinPool-1-worker-1" daemon [_thread_blocked, id=10376, stack(0x00000027f6100000,0x00000027f6200000)]

Other Threads:
  0x00000154feead7f0 VMThread "VM Thread" [stack: 0x00000027ec500000,0x00000027ec600000] [id=12904]
  0x00000154ff9de720 WatcherThread [stack: 0x00000027ed100000,0x00000027ed200000] [id=2372]
  0x00000154f5e6aec0 GCTaskThread "GC Thread#0" [stack: 0x00000027ec000000,0x00000027ec100000] [id=10788]
  0x0000015495a32d50 GCTaskThread "GC Thread#1" [stack: 0x00000027ed400000,0x00000027ed500000] [id=6552]
  0x000001549574a7c0 GCTaskThread "GC Thread#2" [stack: 0x00000027ed500000,0x00000027ed600000] [id=4812]
  0x0000015495708160 GCTaskThread "GC Thread#3" [stack: 0x00000027ed600000,0x00000027ed700000] [id=8668]
  0x00000154959e10b0 GCTaskThread "GC Thread#4" [stack: 0x00000027ed700000,0x00000027ed800000] [id=8352]
  0x000001549655d6a0 GCTaskThread "GC Thread#5" [stack: 0x00000027ee500000,0x00000027ee600000] [id=5792]
  0x000001549655c750 GCTaskThread "GC Thread#6" [stack: 0x00000027ee600000,0x00000027ee700000] [id=8268]
  0x000001549655d9b0 GCTaskThread "GC Thread#7" [stack: 0x00000027ee700000,0x00000027ee800000] [id=2532]
  0x00000154f5e7cf20 ConcurrentGCThread "G1 Main Marker" [stack: 0x00000027ec100000,0x00000027ec200000] [id=9808]
  0x00000154f5e7e930 ConcurrentGCThread "G1 Conc#0" [stack: 0x00000027ec200000,0x00000027ec300000] [id=11524]
  0x000001549655c440 ConcurrentGCThread "G1 Conc#1" [stack: 0x00000027eee00000,0x00000027eef00000] [id=5372]
  0x00000154f5f0aa80 ConcurrentGCThread "G1 Refine#0" [stack: 0x00000027ec300000,0x00000027ec400000] [id=2040]
  0x0000015497b39cc0 ConcurrentGCThread "G1 Refine#1" [stack: 0x00000027f5700000,0x00000027f5800000] [id=6816]
  0x0000015498529100 ConcurrentGCThread "G1 Refine#2" [stack: 0x00000027f6200000,0x00000027f6300000] [id=4736]
  0x0000015498529440 ConcurrentGCThread "G1 Refine#3" [stack: 0x00000027f6300000,0x00000027f6400000] [id=11472]
  0x0000015498528400 ConcurrentGCThread "G1 Refine#4" [stack: 0x00000027f6400000,0x00000027f6500000] [id=7672]
  0x000001549852b180 ConcurrentGCThread "G1 Refine#5" [stack: 0x00000027f6500000,0x00000027f6600000] [id=5156]
  0x0000015498527d80 ConcurrentGCThread "G1 Refine#6" [stack: 0x00000027f6600000,0x00000027f6700000] [id=8076]
  0x00000154f5f0b490 ConcurrentGCThread "G1 Service" [stack: 0x00000027ec400000,0x00000027ec500000] [id=1916]

Threads with active compile tasks:
C2 CompilerThread0    12433 12129       4       com.android.tools.r8.graph.s0::a (48 bytes)
C2 CompilerThread1    12433 12142       4       com.android.tools.r8.graph.C::a (95 bytes)
C2 CompilerThread2    12433 12226       4       com.android.tools.r8.graph.S0::a (10 bytes)

VM state: not at safepoint (normal execution)

VM Mutex/Monitor currently owned by a thread: None

Heap address: 0x0000000080000000, size: 2048 MB, Compressed Oops mode: 32-bit

CDS archive(s) mapped at: [0x0000000800000000-0x0000000800bb0000-0x0000000800bb0000), size 12255232, SharedBaseAddress: 0x0000000800000000, ArchiveRelocationMode: 0.
Compressed class space mapped at: 0x0000000800c00000-0x0000000840c00000, reserved size: 1073741824
Narrow klass base: 0x0000000800000000, Narrow klass shift: 3, Narrow klass range: 0x100000000

GC Precious Log:
 CPUs: 8 total, 8 available
 Memory: 7959M
 Large Page Support: Disabled
 NUMA Support: Disabled
 Compressed Oops: Enabled (32-bit)
 Heap Region Size: 1M
 Heap Min Capacity: 8M
 Heap Initial Capacity: 126M
 Heap Max Capacity: 2G
 Pre-touch: Disabled
 Parallel Workers: 8
 Concurrent Workers: 2
 Concurrent Refinement Workers: 8
 Periodic GC: Disabled

Heap:
 garbage-first heap   total 256000K, used 163235K [0x0000000080000000, 0x0000000100000000)
  region size 1024K, 24 young (24576K), 4 survivors (4096K)
 Metaspace       used 83660K, committed 84224K, reserved 1122304K
  class space    used 11420K, committed 11648K, reserved 1048576K

Heap Regions: E=young(eden), S=young(survivor), O=old, HS=humongous(starts), HC=humongous(continues), CS=collection set, F=free, OA=open archive, CA=closed archive, TAMS=top-at-mark-start (previous, next)
|   0|0x0000000080000000, 0x0000000080100000, 0x0000000080100000|100%| O|  |TAMS 0x0000000080100000, 0x0000000080000000| Untracked 
|   1|0x0000000080100000, 0x0000000080200000, 0x0000000080200000|100%| O|  |TAMS 0x0000000080200000, 0x0000000080100000| Untracked 
|   2|0x0000000080200000, 0x0000000080300000, 0x0000000080300000|100%| O|  |TAMS 0x0000000080300000, 0x0000000080200000| Untracked 
|   3|0x0000000080300000, 0x0000000080400000, 0x0000000080400000|100%|HS|  |TAMS 0x0000000080400000, 0x0000000080300000| Complete 
|   4|0x0000000080400000, 0x0000000080500000, 0x0000000080500000|100%|HC|  |TAMS 0x0000000080500000, 0x0000000080400000| Complete 
|   5|0x0000000080500000, 0x0000000080600000, 0x0000000080600000|100%|HC|  |TAMS 0x0000000080600000, 0x0000000080500000| Complete 
|   6|0x0000000080600000, 0x0000000080700000, 0x0000000080700000|100%| O|  |TAMS 0x0000000080700000, 0x0000000080600000| Untracked 
|   7|0x0000000080700000, 0x0000000080800000, 0x0000000080800000|100%| O|  |TAMS 0x0000000080800000, 0x0000000080700000| Untracked 
|   8|0x0000000080800000, 0x0000000080900000, 0x0000000080900000|100%| O|  |TAMS 0x0000000080900000, 0x0000000080800000| Untracked 
|   9|0x0000000080900000, 0x0000000080a00000, 0x0000000080a00000|100%| O|  |TAMS 0x0000000080a00000, 0x0000000080900000| Untracked 
|  10|0x0000000080a00000, 0x0000000080b00000, 0x0000000080b00000|100%| O|  |TAMS 0x0000000080b00000, 0x0000000080a00000| Untracked 
|  11|0x0000000080b00000, 0x0000000080c00000, 0x0000000080c00000|100%| O|  |TAMS 0x0000000080c00000, 0x0000000080b00000| Untracked 
|  12|0x0000000080c00000, 0x0000000080d00000, 0x0000000080d00000|100%| O|  |TAMS 0x0000000080d00000, 0x0000000080c00000| Untracked 
|  13|0x0000000080d00000, 0x0000000080e00000, 0x0000000080e00000|100%| O|  |TAMS 0x0000000080e00000, 0x0000000080d00000| Untracked 
|  14|0x0000000080e00000, 0x0000000080f00000, 0x0000000080f00000|100%| O|  |TAMS 0x0000000080f00000, 0x0000000080e00000| Untracked 
|  15|0x0000000080f00000, 0x0000000081000000, 0x0000000081000000|100%| O|  |TAMS 0x0000000081000000, 0x0000000080f00000| Untracked 
|  16|0x0000000081000000, 0x0000000081100000, 0x0000000081100000|100%| O|  |TAMS 0x0000000081100000, 0x0000000081000000| Untracked 
|  17|0x0000000081100000, 0x0000000081200000, 0x0000000081200000|100%| O|  |TAMS 0x0000000081200000, 0x0000000081100000| Untracked 
|  18|0x0000000081200000, 0x0000000081247e00, 0x0000000081300000| 28%| O|  |TAMS 0x0000000081247e00, 0x0000000081200000| Untracked 
|  19|0x0000000081300000, 0x0000000081400000, 0x0000000081400000|100%| O|  |TAMS 0x0000000081400000, 0x0000000081300000| Untracked 
|  20|0x0000000081400000, 0x0000000081500000, 0x0000000081500000|100%|HS|  |TAMS 0x0000000081500000, 0x0000000081400000| Complete 
|  21|0x0000000081500000, 0x0000000081600000, 0x0000000081600000|100%| O|  |TAMS 0x0000000081600000, 0x0000000081500000| Untracked 
|  22|0x0000000081600000, 0x0000000081700000, 0x0000000081700000|100%| O|  |TAMS 0x0000000081700000, 0x0000000081600000| Untracked 
|  23|0x0000000081700000, 0x0000000081800000, 0x0000000081800000|100%| O|  |TAMS 0x0000000081800000, 0x0000000081700000| Untracked 
|  24|0x0000000081800000, 0x0000000081900000, 0x0000000081900000|100%| O|  |TAMS 0x0000000081900000, 0x0000000081800000| Untracked 
|  25|0x0000000081900000, 0x0000000081a00000, 0x0000000081a00000|100%| O|  |TAMS 0x0000000081a00000, 0x0000000081900000| Untracked 
|  26|0x0000000081a00000, 0x0000000081b00000, 0x0000000081b00000|100%|HS|  |TAMS 0x0000000081b00000, 0x0000000081a00000| Complete 
|  27|0x0000000081b00000, 0x0000000081c00000, 0x0000000081c00000|100%|HS|  |TAMS 0x0000000081c00000, 0x0000000081b00000| Complete 
|  28|0x0000000081c00000, 0x0000000081d00000, 0x0000000081d00000|100%|HC|  |TAMS 0x0000000081d00000, 0x0000000081c00000| Complete 
|  29|0x0000000081d00000, 0x0000000081e00000, 0x0000000081e00000|100%| O|  |TAMS 0x0000000081e00000, 0x0000000081d00000| Untracked 
|  30|0x0000000081e00000, 0x0000000081f00000, 0x0000000081f00000|100%| O|  |TAMS 0x0000000081f00000, 0x0000000081e00000| Untracked 
|  31|0x0000000081f00000, 0x0000000082000000, 0x0000000082000000|100%| O|  |TAMS 0x0000000082000000, 0x0000000081f00000| Untracked 
|  32|0x0000000082000000, 0x0000000082100000, 0x0000000082100000|100%| O|  |TAMS 0x0000000082100000, 0x0000000082000000| Untracked 
|  33|0x0000000082100000, 0x0000000082200000, 0x0000000082200000|100%| O|  |TAMS 0x0000000082200000, 0x0000000082100000| Untracked 
|  34|0x0000000082200000, 0x0000000082300000, 0x0000000082300000|100%| O|  |TAMS 0x0000000082300000, 0x0000000082200000| Untracked 
|  35|0x0000000082300000, 0x0000000082400000, 0x0000000082400000|100%| O|  |TAMS 0x0000000082400000, 0x0000000082300000| Untracked 
|  36|0x0000000082400000, 0x0000000082500000, 0x0000000082500000|100%| O|  |TAMS 0x0000000082500000, 0x0000000082400000| Untracked 
|  37|0x0000000082500000, 0x0000000082600000, 0x0000000082600000|100%| O|  |TAMS 0x0000000082600000, 0x0000000082500000| Untracked 
|  38|0x0000000082600000, 0x0000000082700000, 0x0000000082700000|100%| O|  |TAMS 0x0000000082700000, 0x0000000082600000| Untracked 
|  39|0x0000000082700000, 0x0000000082800000, 0x0000000082800000|100%| O|  |TAMS 0x0000000082800000, 0x0000000082700000| Untracked 
|  40|0x0000000082800000, 0x0000000082900000, 0x0000000082900000|100%| O|  |TAMS 0x0000000082900000, 0x0000000082800000| Untracked 
|  41|0x0000000082900000, 0x0000000082a00000, 0x0000000082a00000|100%| O|  |TAMS 0x0000000082a00000, 0x0000000082900000| Untracked 
|  42|0x0000000082a00000, 0x0000000082b00000, 0x0000000082b00000|100%| O|  |TAMS 0x0000000082b00000, 0x0000000082a00000| Untracked 
|  43|0x0000000082b00000, 0x0000000082c00000, 0x0000000082c00000|100%| O|  |TAMS 0x0000000082c00000, 0x0000000082b00000| Untracked 
|  44|0x0000000082c00000, 0x0000000082d00000, 0x0000000082d00000|100%| O|  |TAMS 0x0000000082d00000, 0x0000000082c00000| Untracked 
|  45|0x0000000082d00000, 0x0000000082e00000, 0x0000000082e00000|100%| O|  |TAMS 0x0000000082e00000, 0x0000000082d00000| Untracked 
|  46|0x0000000082e00000, 0x0000000082f00000, 0x0000000082f00000|100%| O|  |TAMS 0x0000000082f00000, 0x0000000082e00000| Untracked 
|  47|0x0000000082f00000, 0x0000000083000000, 0x0000000083000000|100%| O|  |TAMS 0x0000000083000000, 0x0000000082f00000| Untracked 
|  48|0x0000000083000000, 0x0000000083100000, 0x0000000083100000|100%| O|  |TAMS 0x0000000083100000, 0x0000000083000000| Untracked 
|  49|0x0000000083100000, 0x0000000083200000, 0x0000000083200000|100%| O|  |TAMS 0x0000000083200000, 0x0000000083100000| Untracked 
|  50|0x0000000083200000, 0x0000000083300000, 0x0000000083300000|100%| O|  |TAMS 0x0000000083300000, 0x0000000083200000| Untracked 
|  51|0x0000000083300000, 0x0000000083400000, 0x0000000083400000|100%| O|  |TAMS 0x0000000083400000, 0x0000000083300000| Untracked 
|  52|0x0000000083400000, 0x0000000083500000, 0x0000000083500000|100%| O|  |TAMS 0x0000000083500000, 0x0000000083400000| Untracked 
|  53|0x0000000083500000, 0x0000000083600000, 0x0000000083600000|100%| O|  |TAMS 0x0000000083600000, 0x0000000083500000| Untracked 
|  54|0x0000000083600000, 0x0000000083700000, 0x0000000083700000|100%| O|  |TAMS 0x0000000083700000, 0x0000000083600000| Untracked 
|  55|0x0000000083700000, 0x0000000083800000, 0x0000000083800000|100%| O|  |TAMS 0x0000000083800000, 0x0000000083700000| Untracked 
|  56|0x0000000083800000, 0x0000000083900000, 0x0000000083900000|100%| O|  |TAMS 0x0000000083900000, 0x0000000083800000| Untracked 
|  57|0x0000000083900000, 0x0000000083a00000, 0x0000000083a00000|100%| O|  |TAMS 0x0000000083a00000, 0x0000000083900000| Untracked 
|  58|0x0000000083a00000, 0x0000000083b00000, 0x0000000083b00000|100%| O|  |TAMS 0x0000000083b00000, 0x0000000083a00000| Untracked 
|  59|0x0000000083b00000, 0x0000000083c00000, 0x0000000083c00000|100%| O|  |TAMS 0x0000000083c00000, 0x0000000083b00000| Untracked 
|  60|0x0000000083c00000, 0x0000000083d00000, 0x0000000083d00000|100%| O|  |TAMS 0x0000000083d00000, 0x0000000083c00000| Untracked 
|  61|0x0000000083d00000, 0x0000000083e00000, 0x0000000083e00000|100%| O|  |TAMS 0x0000000083e00000, 0x0000000083d00000| Untracked 
|  62|0x0000000083e00000, 0x0000000083f00000, 0x0000000083f00000|100%| O|  |TAMS 0x0000000083f00000, 0x0000000083e00000| Untracked 
|  63|0x0000000083f00000, 0x0000000084000000, 0x0000000084000000|100%| O|  |TAMS 0x0000000084000000, 0x0000000083f00000| Untracked 
|  64|0x0000000084000000, 0x0000000084100000, 0x0000000084100000|100%| O|  |TAMS 0x0000000084100000, 0x0000000084000000| Untracked 
|  65|0x0000000084100000, 0x0000000084200000, 0x0000000084200000|100%| O|  |TAMS 0x0000000084200000, 0x0000000084100000| Untracked 
|  66|0x0000000084200000, 0x0000000084300000, 0x0000000084300000|100%| O|  |TAMS 0x0000000084300000, 0x0000000084200000| Untracked 
|  67|0x0000000084300000, 0x0000000084400000, 0x0000000084400000|100%| O|  |TAMS 0x0000000084400000, 0x0000000084300000| Untracked 
|  68|0x0000000084400000, 0x0000000084500000, 0x0000000084500000|100%| O|  |TAMS 0x0000000084500000, 0x0000000084400000| Untracked 
|  69|0x0000000084500000, 0x0000000084600000, 0x0000000084600000|100%| O|  |TAMS 0x0000000084600000, 0x0000000084500000| Untracked 
|  70|0x0000000084600000, 0x0000000084700000, 0x0000000084700000|100%| O|  |TAMS 0x0000000084700000, 0x0000000084600000| Untracked 
|  71|0x0000000084700000, 0x0000000084800000, 0x0000000084800000|100%| O|  |TAMS 0x0000000084800000, 0x0000000084700000| Untracked 
|  72|0x0000000084800000, 0x0000000084900000, 0x0000000084900000|100%|HS|  |TAMS 0x0000000084900000, 0x0000000084800000| Complete 
|  73|0x0000000084900000, 0x0000000084a00000, 0x0000000084a00000|100%|HC|  |TAMS 0x0000000084a00000, 0x0000000084900000| Complete 
|  74|0x0000000084a00000, 0x0000000084b00000, 0x0000000084b00000|100%|HC|  |TAMS 0x0000000084b00000, 0x0000000084a00000| Complete 
|  75|0x0000000084b00000, 0x0000000084c00000, 0x0000000084c00000|100%|HC|  |TAMS 0x0000000084c00000, 0x0000000084b00000| Complete 
|  76|0x0000000084c00000, 0x0000000084d00000, 0x0000000084d00000|100%|HC|  |TAMS 0x0000000084d00000, 0x0000000084c00000| Complete 
|  77|0x0000000084d00000, 0x0000000084e00000, 0x0000000084e00000|100%|HC|  |TAMS 0x0000000084e00000, 0x0000000084d00000| Complete 
|  78|0x0000000084e00000, 0x0000000084f00000, 0x0000000084f00000|100%| O|  |TAMS 0x0000000084f00000, 0x0000000084e00000| Untracked 
|  79|0x0000000084f00000, 0x0000000085000000, 0x0000000085000000|100%| O|  |TAMS 0x0000000085000000, 0x0000000084f00000| Untracked 
|  80|0x0000000085000000, 0x0000000085100000, 0x0000000085100000|100%| O|  |TAMS 0x0000000085100000, 0x0000000085000000| Untracked 
|  81|0x0000000085100000, 0x0000000085200000, 0x0000000085200000|100%| O|  |TAMS 0x0000000085200000, 0x0000000085100000| Untracked 
|  82|0x0000000085200000, 0x0000000085300000, 0x0000000085300000|100%| O|  |TAMS 0x0000000085300000, 0x0000000085200000| Untracked 
|  83|0x0000000085300000, 0x0000000085400000, 0x0000000085400000|100%| O|  |TAMS 0x0000000085400000, 0x0000000085300000| Untracked 
|  84|0x0000000085400000, 0x0000000085500000, 0x0000000085500000|100%| O|  |TAMS 0x0000000085500000, 0x0000000085400000| Untracked 
|  85|0x0000000085500000, 0x0000000085600000, 0x0000000085600000|100%| O|  |TAMS 0x0000000085600000, 0x0000000085500000| Untracked 
|  86|0x0000000085600000, 0x0000000085700000, 0x0000000085700000|100%| O|  |TAMS 0x0000000085700000, 0x0000000085600000| Untracked 
|  87|0x0000000085700000, 0x0000000085800000, 0x0000000085800000|100%| O|  |TAMS 0x0000000085800000, 0x0000000085700000| Untracked 
|  88|0x0000000085800000, 0x0000000085900000, 0x0000000085900000|100%| O|  |TAMS 0x0000000085900000, 0x0000000085800000| Untracked 
|  89|0x0000000085900000, 0x0000000085a00000, 0x0000000085a00000|100%| O|  |TAMS 0x0000000085a00000, 0x0000000085900000| Untracked 
|  90|0x0000000085a00000, 0x0000000085b00000, 0x0000000085b00000|100%| O|  |TAMS 0x0000000085b00000, 0x0000000085a00000| Untracked 
|  91|0x0000000085b00000, 0x0000000085c00000, 0x0000000085c00000|100%| O|  |TAMS 0x0000000085c00000, 0x0000000085b00000| Untracked 
|  92|0x0000000085c00000, 0x0000000085d00000, 0x0000000085d00000|100%|HS|  |TAMS 0x0000000085d00000, 0x0000000085c00000| Complete 
|  93|0x0000000085d00000, 0x0000000085e00000, 0x0000000085e00000|100%|HS|  |TAMS 0x0000000085e00000, 0x0000000085d00000| Complete 
|  94|0x0000000085e00000, 0x0000000085f00000, 0x0000000085f00000|100%| O|  |TAMS 0x0000000085e00000, 0x0000000085e00000| Untracked 
|  95|0x0000000085f00000, 0x0000000086000000, 0x0000000086000000|100%| O|  |TAMS 0x0000000085f00000, 0x0000000085f00000| Untracked 
|  96|0x0000000086000000, 0x0000000086100000, 0x0000000086100000|100%| O|  |TAMS 0x0000000086000000, 0x0000000086000000| Untracked 
|  97|0x0000000086100000, 0x00000000861bac00, 0x0000000086200000| 72%| O|  |TAMS 0x0000000086100000, 0x0000000086100000| Untracked 
|  98|0x0000000086200000, 0x0000000086300000, 0x0000000086300000|100%| O|  |TAMS 0x0000000086300000, 0x0000000086200000| Untracked 
|  99|0x0000000086300000, 0x0000000086400000, 0x0000000086400000|100%| O|  |TAMS 0x0000000086400000, 0x0000000086300000| Untracked 
| 100|0x0000000086400000, 0x0000000086500000, 0x0000000086500000|100%| O|  |TAMS 0x0000000086500000, 0x0000000086400000| Untracked 
| 101|0x0000000086500000, 0x0000000086600000, 0x0000000086600000|100%| O|  |TAMS 0x0000000086600000, 0x0000000086500000| Untracked 
| 102|0x0000000086600000, 0x0000000086700000, 0x0000000086700000|100%| O|  |TAMS 0x0000000086700000, 0x0000000086600000| Untracked 
| 103|0x0000000086700000, 0x0000000086800000, 0x0000000086800000|100%| O|  |TAMS 0x0000000086800000, 0x0000000086700000| Untracked 
| 104|0x0000000086800000, 0x0000000086900000, 0x0000000086900000|100%| O|  |TAMS 0x0000000086900000, 0x0000000086800000| Untracked 
| 105|0x0000000086900000, 0x0000000086a00000, 0x0000000086a00000|100%| O|  |TAMS 0x0000000086a00000, 0x0000000086900000| Untracked 
| 106|0x0000000086a00000, 0x0000000086b00000, 0x0000000086b00000|100%| O|  |TAMS 0x0000000086b00000, 0x0000000086a00000| Untracked 
| 107|0x0000000086b00000, 0x0000000086c00000, 0x0000000086c00000|100%| O|  |TAMS 0x0000000086c00000, 0x0000000086b00000| Untracked 
| 108|0x0000000086c00000, 0x0000000086d00000, 0x0000000086d00000|100%| O|  |TAMS 0x0000000086d00000, 0x0000000086c00000| Untracked 
| 109|0x0000000086d00000, 0x0000000086e00000, 0x0000000086e00000|100%| O|  |TAMS 0x0000000086e00000, 0x0000000086d00000| Untracked 
| 110|0x0000000086e00000, 0x0000000086f00000, 0x0000000086f00000|100%| O|  |TAMS 0x0000000086f00000, 0x0000000086e00000| Untracked 
| 111|0x0000000086f00000, 0x0000000087000000, 0x0000000087000000|100%| O|  |TAMS 0x0000000087000000, 0x0000000086f00000| Untracked 
| 112|0x0000000087000000, 0x0000000087100000, 0x0000000087100000|100%| O|  |TAMS 0x0000000087100000, 0x0000000087000000| Untracked 
| 113|0x0000000087100000, 0x0000000087200000, 0x0000000087200000|100%| O|  |TAMS 0x0000000087200000, 0x0000000087100000| Untracked 
| 114|0x0000000087200000, 0x0000000087300000, 0x0000000087300000|100%| O|  |TAMS 0x0000000087300000, 0x0000000087200000| Untracked 
| 115|0x0000000087300000, 0x0000000087400000, 0x0000000087400000|100%| O|  |TAMS 0x0000000087400000, 0x0000000087300000| Untracked 
| 116|0x0000000087400000, 0x0000000087500000, 0x0000000087500000|100%| O|  |TAMS 0x0000000087500000, 0x0000000087400000| Untracked 
| 117|0x0000000087500000, 0x0000000087600000, 0x0000000087600000|100%| O|  |TAMS 0x0000000087600000, 0x0000000087500000| Untracked 
| 118|0x0000000087600000, 0x0000000087700000, 0x0000000087700000|100%| O|  |TAMS 0x0000000087700000, 0x0000000087600000| Untracked 
| 119|0x0000000087700000, 0x0000000087800000, 0x0000000087800000|100%| O|  |TAMS 0x0000000087800000, 0x0000000087700000| Untracked 
| 120|0x0000000087800000, 0x0000000087900000, 0x0000000087900000|100%| O|  |TAMS 0x0000000087900000, 0x0000000087800000| Untracked 
| 121|0x0000000087900000, 0x0000000087a00000, 0x0000000087a00000|100%| O|  |TAMS 0x0000000087a00000, 0x0000000087900000| Untracked 
| 122|0x0000000087a00000, 0x0000000087b00000, 0x0000000087b00000|100%| O|  |TAMS 0x0000000087b00000, 0x0000000087a00000| Untracked 
| 123|0x0000000087b00000, 0x0000000087c00000, 0x0000000087c00000|100%| O|  |TAMS 0x0000000087c00000, 0x0000000087b00000| Untracked 
| 124|0x0000000087c00000, 0x0000000087d00000, 0x0000000087d00000|100%| O|  |TAMS 0x0000000087d00000, 0x0000000087c00000| Untracked 
| 125|0x0000000087d00000, 0x0000000087e00000, 0x0000000087e00000|100%| O|  |TAMS 0x0000000087e00000, 0x0000000087d00000| Untracked 
| 126|0x0000000087e00000, 0x0000000087f00000, 0x0000000087f00000|100%| O|  |TAMS 0x0000000087f00000, 0x0000000087e00000| Untracked 
| 127|0x0000000087f00000, 0x0000000088000000, 0x0000000088000000|100%| O|  |TAMS 0x0000000088000000, 0x0000000087f00000| Untracked 
| 128|0x0000000088000000, 0x0000000088100000, 0x0000000088100000|100%| O|  |TAMS 0x0000000088100000, 0x0000000088000000| Untracked 
| 129|0x0000000088100000, 0x0000000088200000, 0x0000000088200000|100%| O|  |TAMS 0x0000000088200000, 0x0000000088100000| Untracked 
| 130|0x0000000088200000, 0x0000000088300000, 0x0000000088300000|100%| O|  |TAMS 0x0000000088300000, 0x0000000088200000| Untracked 
| 131|0x0000000088300000, 0x0000000088400000, 0x0000000088400000|100%| O|  |TAMS 0x0000000088400000, 0x0000000088300000| Untracked 
| 132|0x0000000088400000, 0x0000000088500000, 0x0000000088500000|100%| O|  |TAMS 0x0000000088500000, 0x0000000088400000| Untracked 
| 133|0x0000000088500000, 0x0000000088600000, 0x0000000088600000|100%| O|  |TAMS 0x0000000088600000, 0x0000000088500000| Untracked 
| 134|0x0000000088600000, 0x0000000088700000, 0x0000000088700000|100%| O|  |TAMS 0x0000000088640200, 0x0000000088600000| Untracked 
| 135|0x0000000088700000, 0x0000000088800000, 0x0000000088800000|100%|HS|  |TAMS 0x0000000088700000, 0x0000000088700000| Complete 
| 136|0x0000000088800000, 0x0000000088900000, 0x0000000088900000|100%|HS|  |TAMS 0x0000000088800000, 0x0000000088800000| Complete 
| 137|0x0000000088900000, 0x0000000088a00000, 0x0000000088a00000|100%|HC|  |TAMS 0x0000000088900000, 0x0000000088900000| Complete 
| 138|0x0000000088a00000, 0x0000000088b00000, 0x0000000088b00000|100%|HS|  |TAMS 0x0000000088a00000, 0x0000000088a00000| Complete 
| 139|0x0000000088b00000, 0x0000000088b00000, 0x0000000088c00000|  0%| F|  |TAMS 0x0000000088b00000, 0x0000000088b00000| Untracked 
| 140|0x0000000088c00000, 0x0000000088c00000, 0x0000000088d00000|  0%| F|  |TAMS 0x0000000088c00000, 0x0000000088c00000| Untracked 
| 141|0x0000000088d00000, 0x0000000088d00000, 0x0000000088e00000|  0%| F|  |TAMS 0x0000000088d00000, 0x0000000088d00000| Untracked 
| 142|0x0000000088e00000, 0x0000000088e00000, 0x0000000088f00000|  0%| F|  |TAMS 0x0000000088e00000, 0x0000000088e00000| Untracked 
| 143|0x0000000088f00000, 0x0000000088f00000, 0x0000000089000000|  0%| F|  |TAMS 0x0000000088f00000, 0x0000000088f00000| Untracked 
| 144|0x0000000089000000, 0x0000000089000000, 0x0000000089100000|  0%| F|  |TAMS 0x0000000089000000, 0x0000000089000000| Untracked 
| 145|0x0000000089100000, 0x0000000089100000, 0x0000000089200000|  0%| F|  |TAMS 0x0000000089100000, 0x0000000089100000| Untracked 
| 146|0x0000000089200000, 0x0000000089200000, 0x0000000089300000|  0%| F|  |TAMS 0x0000000089200000, 0x0000000089200000| Untracked 
| 147|0x0000000089300000, 0x0000000089300000, 0x0000000089400000|  0%| F|  |TAMS 0x0000000089300000, 0x0000000089300000| Untracked 
| 148|0x0000000089400000, 0x0000000089400000, 0x0000000089500000|  0%| F|  |TAMS 0x0000000089400000, 0x0000000089400000| Untracked 
| 149|0x0000000089500000, 0x0000000089500000, 0x0000000089600000|  0%| F|  |TAMS 0x0000000089500000, 0x0000000089500000| Untracked 
| 150|0x0000000089600000, 0x0000000089600000, 0x0000000089700000|  0%| F|  |TAMS 0x0000000089600000, 0x0000000089600000| Untracked 
| 151|0x0000000089700000, 0x0000000089700000, 0x0000000089800000|  0%| F|  |TAMS 0x0000000089700000, 0x0000000089700000| Untracked 
| 152|0x0000000089800000, 0x0000000089800000, 0x0000000089900000|  0%| F|  |TAMS 0x0000000089800000, 0x0000000089800000| Untracked 
| 153|0x0000000089900000, 0x0000000089900000, 0x0000000089a00000|  0%| F|  |TAMS 0x0000000089900000, 0x0000000089900000| Untracked 
| 154|0x0000000089a00000, 0x0000000089a00000, 0x0000000089b00000|  0%| F|  |TAMS 0x0000000089a00000, 0x0000000089a00000| Untracked 
| 155|0x0000000089b00000, 0x0000000089b00000, 0x0000000089c00000|  0%| F|  |TAMS 0x0000000089b00000, 0x0000000089b00000| Untracked 
| 156|0x0000000089c00000, 0x0000000089c00000, 0x0000000089d00000|  0%| F|  |TAMS 0x0000000089c00000, 0x0000000089c00000| Untracked 
| 157|0x0000000089d00000, 0x0000000089d00000, 0x0000000089e00000|  0%| F|  |TAMS 0x0000000089d00000, 0x0000000089d00000| Untracked 
| 158|0x0000000089e00000, 0x0000000089e00000, 0x0000000089f00000|  0%| F|  |TAMS 0x0000000089e00000, 0x0000000089e00000| Untracked 
| 159|0x0000000089f00000, 0x0000000089f00000, 0x000000008a000000|  0%| F|  |TAMS 0x0000000089f00000, 0x0000000089f00000| Untracked 
| 160|0x000000008a000000, 0x000000008a000000, 0x000000008a100000|  0%| F|  |TAMS 0x000000008a000000, 0x000000008a000000| Untracked 
| 161|0x000000008a100000, 0x000000008a100000, 0x000000008a200000|  0%| F|  |TAMS 0x000000008a100000, 0x000000008a100000| Untracked 
| 162|0x000000008a200000, 0x000000008a200000, 0x000000008a300000|  0%| F|  |TAMS 0x000000008a200000, 0x000000008a200000| Untracked 
| 163|0x000000008a300000, 0x000000008a300000, 0x000000008a400000|  0%| F|  |TAMS 0x000000008a300000, 0x000000008a300000| Untracked 
| 164|0x000000008a400000, 0x000000008a400000, 0x000000008a500000|  0%| F|  |TAMS 0x000000008a400000, 0x000000008a400000| Untracked 
| 165|0x000000008a500000, 0x000000008a500000, 0x000000008a600000|  0%| F|  |TAMS 0x000000008a500000, 0x000000008a500000| Untracked 
| 166|0x000000008a600000, 0x000000008a600000, 0x000000008a700000|  0%| F|  |TAMS 0x000000008a600000, 0x000000008a600000| Untracked 
| 167|0x000000008a700000, 0x000000008a700000, 0x000000008a800000|  0%| F|  |TAMS 0x000000008a700000, 0x000000008a700000| Untracked 
| 168|0x000000008a800000, 0x000000008a800000, 0x000000008a900000|  0%| F|  |TAMS 0x000000008a800000, 0x000000008a800000| Untracked 
| 169|0x000000008a900000, 0x000000008a900000, 0x000000008aa00000|  0%| F|  |TAMS 0x000000008a900000, 0x000000008a900000| Untracked 
| 170|0x000000008aa00000, 0x000000008aa00000, 0x000000008ab00000|  0%| F|  |TAMS 0x000000008aa00000, 0x000000008aa00000| Untracked 
| 171|0x000000008ab00000, 0x000000008ab00000, 0x000000008ac00000|  0%| F|  |TAMS 0x000000008ab00000, 0x000000008ab00000| Untracked 
| 172|0x000000008ac00000, 0x000000008ac00000, 0x000000008ad00000|  0%| F|  |TAMS 0x000000008ac00000, 0x000000008ac00000| Untracked 
| 173|0x000000008ad00000, 0x000000008ad00000, 0x000000008ae00000|  0%| F|  |TAMS 0x000000008ad00000, 0x000000008ad00000| Untracked 
| 174|0x000000008ae00000, 0x000000008ae00000, 0x000000008af00000|  0%| F|  |TAMS 0x000000008ae00000, 0x000000008ae00000| Untracked 
| 175|0x000000008af00000, 0x000000008af00000, 0x000000008b000000|  0%| F|  |TAMS 0x000000008af00000, 0x000000008af00000| Untracked 
| 176|0x000000008b000000, 0x000000008b000000, 0x000000008b100000|  0%| F|  |TAMS 0x000000008b000000, 0x000000008b000000| Untracked 
| 177|0x000000008b100000, 0x000000008b100000, 0x000000008b200000|  0%| F|  |TAMS 0x000000008b100000, 0x000000008b100000| Untracked 
| 178|0x000000008b200000, 0x000000008b200000, 0x000000008b300000|  0%| F|  |TAMS 0x000000008b200000, 0x000000008b200000| Untracked 
| 179|0x000000008b300000, 0x000000008b300000, 0x000000008b400000|  0%| F|  |TAMS 0x000000008b300000, 0x000000008b300000| Untracked 
| 180|0x000000008b400000, 0x000000008b400000, 0x000000008b500000|  0%| F|  |TAMS 0x000000008b400000, 0x000000008b400000| Untracked 
| 181|0x000000008b500000, 0x000000008b500000, 0x000000008b600000|  0%| F|  |TAMS 0x000000008b500000, 0x000000008b500000| Untracked 
| 182|0x000000008b600000, 0x000000008b600000, 0x000000008b700000|  0%| F|  |TAMS 0x000000008b600000, 0x000000008b600000| Untracked 
| 183|0x000000008b700000, 0x000000008b700000, 0x000000008b800000|  0%| F|  |TAMS 0x000000008b700000, 0x000000008b700000| Untracked 
| 184|0x000000008b800000, 0x000000008b800000, 0x000000008b900000|  0%| F|  |TAMS 0x000000008b800000, 0x000000008b800000| Untracked 
| 185|0x000000008b900000, 0x000000008b900000, 0x000000008ba00000|  0%| F|  |TAMS 0x000000008b900000, 0x000000008b900000| Untracked 
| 186|0x000000008ba00000, 0x000000008ba00000, 0x000000008bb00000|  0%| F|  |TAMS 0x000000008ba00000, 0x000000008ba00000| Untracked 
| 187|0x000000008bb00000, 0x000000008bb00000, 0x000000008bc00000|  0%| F|  |TAMS 0x000000008bb00000, 0x000000008bb00000| Untracked 
| 188|0x000000008bc00000, 0x000000008bc00000, 0x000000008bd00000|  0%| F|  |TAMS 0x000000008bc00000, 0x000000008bc00000| Untracked 
| 189|0x000000008bd00000, 0x000000008bd00000, 0x000000008be00000|  0%| F|  |TAMS 0x000000008bd00000, 0x000000008bd00000| Untracked 
| 190|0x000000008be00000, 0x000000008be00000, 0x000000008bf00000|  0%| F|  |TAMS 0x000000008be00000, 0x000000008be00000| Untracked 
| 191|0x000000008bf00000, 0x000000008bf00000, 0x000000008c000000|  0%| F|  |TAMS 0x000000008bf00000, 0x000000008bf00000| Untracked 
| 192|0x000000008c000000, 0x000000008c000000, 0x000000008c100000|  0%| F|  |TAMS 0x000000008c000000, 0x000000008c000000| Untracked 
| 193|0x000000008c100000, 0x000000008c100000, 0x000000008c200000|  0%| F|  |TAMS 0x000000008c100000, 0x000000008c100000| Untracked 
| 194|0x000000008c200000, 0x000000008c200000, 0x000000008c300000|  0%| F|  |TAMS 0x000000008c200000, 0x000000008c200000| Untracked 
| 195|0x000000008c300000, 0x000000008c300000, 0x000000008c400000|  0%| F|  |TAMS 0x000000008c300000, 0x000000008c300000| Untracked 
| 196|0x000000008c400000, 0x000000008c400000, 0x000000008c500000|  0%| F|  |TAMS 0x000000008c400000, 0x000000008c400000| Untracked 
| 197|0x000000008c500000, 0x000000008c500000, 0x000000008c600000|  0%| F|  |TAMS 0x000000008c500000, 0x000000008c500000| Untracked 
| 198|0x000000008c600000, 0x000000008c600000, 0x000000008c700000|  0%| F|  |TAMS 0x000000008c600000, 0x000000008c600000| Untracked 
| 199|0x000000008c700000, 0x000000008c700000, 0x000000008c800000|  0%| F|  |TAMS 0x000000008c700000, 0x000000008c700000| Untracked 
| 200|0x000000008c800000, 0x000000008c800000, 0x000000008c900000|  0%| F|  |TAMS 0x000000008c800000, 0x000000008c800000| Untracked 
| 201|0x000000008c900000, 0x000000008c900000, 0x000000008ca00000|  0%| F|  |TAMS 0x000000008c900000, 0x000000008c900000| Untracked 
| 202|0x000000008ca00000, 0x000000008ca00000, 0x000000008cb00000|  0%| F|  |TAMS 0x000000008ca00000, 0x000000008ca00000| Untracked 
| 203|0x000000008cb00000, 0x000000008cb00000, 0x000000008cc00000|  0%| F|  |TAMS 0x000000008cb00000, 0x000000008cb00000| Untracked 
| 204|0x000000008cc00000, 0x000000008cc00000, 0x000000008cd00000|  0%| F|  |TAMS 0x000000008cc00000, 0x000000008cc00000| Untracked 
| 205|0x000000008cd00000, 0x000000008cd00000, 0x000000008ce00000|  0%| F|  |TAMS 0x000000008cd00000, 0x000000008cd00000| Untracked 
| 206|0x000000008ce00000, 0x000000008ce00000, 0x000000008cf00000|  0%| F|  |TAMS 0x000000008ce00000, 0x000000008ce00000| Untracked 
| 207|0x000000008cf00000, 0x000000008cf00000, 0x000000008d000000|  0%| F|  |TAMS 0x000000008cf00000, 0x000000008cf00000| Untracked 
| 208|0x000000008d000000, 0x000000008d000000, 0x000000008d100000|  0%| F|  |TAMS 0x000000008d000000, 0x000000008d000000| Untracked 
| 209|0x000000008d100000, 0x000000008d100000, 0x000000008d200000|  0%| F|  |TAMS 0x000000008d100000, 0x000000008d100000| Untracked 
| 210|0x000000008d200000, 0x000000008d200000, 0x000000008d300000|  0%| F|  |TAMS 0x000000008d200000, 0x000000008d200000| Untracked 
| 211|0x000000008d300000, 0x000000008d300000, 0x000000008d400000|  0%| F|  |TAMS 0x000000008d300000, 0x000000008d300000| Untracked 
| 212|0x000000008d400000, 0x000000008d400000, 0x000000008d500000|  0%| F|  |TAMS 0x000000008d400000, 0x000000008d400000| Untracked 
| 213|0x000000008d500000, 0x000000008d500000, 0x000000008d600000|  0%| F|  |TAMS 0x000000008d500000, 0x000000008d500000| Untracked 
| 214|0x000000008d600000, 0x000000008d600000, 0x000000008d700000|  0%| F|  |TAMS 0x000000008d600000, 0x000000008d600000| Untracked 
| 215|0x000000008d700000, 0x000000008d700000, 0x000000008d800000|  0%| F|  |TAMS 0x000000008d700000, 0x000000008d700000| Untracked 
| 216|0x000000008d800000, 0x000000008d800000, 0x000000008d900000|  0%| F|  |TAMS 0x000000008d800000, 0x000000008d800000| Untracked 
| 217|0x000000008d900000, 0x000000008d900000, 0x000000008da00000|  0%| F|  |TAMS 0x000000008d900000, 0x000000008d900000| Untracked 
| 218|0x000000008da00000, 0x000000008da00000, 0x000000008db00000|  0%| F|  |TAMS 0x000000008da00000, 0x000000008da00000| Untracked 
| 219|0x000000008db00000, 0x000000008db00000, 0x000000008dc00000|  0%| F|  |TAMS 0x000000008db00000, 0x000000008db00000| Untracked 
| 220|0x000000008dc00000, 0x000000008dc00000, 0x000000008dd00000|  0%| F|  |TAMS 0x000000008dc00000, 0x000000008dc00000| Untracked 
| 221|0x000000008dd00000, 0x000000008dd00000, 0x000000008de00000|  0%| F|  |TAMS 0x000000008dd00000, 0x000000008dd00000| Untracked 
| 222|0x000000008de00000, 0x000000008de00000, 0x000000008df00000|  0%| F|  |TAMS 0x000000008de00000, 0x000000008de00000| Untracked 
| 223|0x000000008df00000, 0x000000008df00000, 0x000000008e000000|  0%| F|  |TAMS 0x000000008df00000, 0x000000008df00000| Untracked 
| 224|0x000000008e000000, 0x000000008e000000, 0x000000008e100000|  0%| F|  |TAMS 0x000000008e000000, 0x000000008e000000| Untracked 
| 225|0x000000008e100000, 0x000000008e100000, 0x000000008e200000|  0%| F|  |TAMS 0x000000008e100000, 0x000000008e100000| Untracked 
| 226|0x000000008e200000, 0x000000008e246310, 0x000000008e300000| 27%| E|  |TAMS 0x000000008e200000, 0x000000008e200000| Complete 
| 227|0x000000008e300000, 0x000000008e400000, 0x000000008e400000|100%| E|CS|TAMS 0x000000008e300000, 0x000000008e300000| Complete 
| 228|0x000000008e400000, 0x000000008e500000, 0x000000008e500000|100%| E|CS|TAMS 0x000000008e400000, 0x000000008e400000| Complete 
| 229|0x000000008e500000, 0x000000008e600000, 0x000000008e600000|100%| E|CS|TAMS 0x000000008e500000, 0x000000008e500000| Complete 
| 230|0x000000008e600000, 0x000000008e700000, 0x000000008e700000|100%| E|CS|TAMS 0x000000008e600000, 0x000000008e600000| Complete 
| 231|0x000000008e700000, 0x000000008e800000, 0x000000008e800000|100%| E|CS|TAMS 0x000000008e700000, 0x000000008e700000| Complete 
| 232|0x000000008e800000, 0x000000008e900000, 0x000000008e900000|100%| E|CS|TAMS 0x000000008e800000, 0x000000008e800000| Complete 
| 233|0x000000008e900000, 0x000000008e966218, 0x000000008ea00000| 39%| S|CS|TAMS 0x000000008e900000, 0x000000008e900000| Complete 
| 234|0x000000008ea00000, 0x000000008eb00000, 0x000000008eb00000|100%| S|CS|TAMS 0x000000008ea00000, 0x000000008ea00000| Complete 
| 235|0x000000008eb00000, 0x000000008ec00000, 0x000000008ec00000|100%| S|CS|TAMS 0x000000008eb00000, 0x000000008eb00000| Complete 
| 236|0x000000008ec00000, 0x000000008ed00000, 0x000000008ed00000|100%| S|CS|TAMS 0x000000008ec00000, 0x000000008ec00000| Complete 
| 237|0x000000008ed00000, 0x000000008ee00000, 0x000000008ee00000|100%| E|CS|TAMS 0x000000008ed00000, 0x000000008ed00000| Complete 
| 238|0x000000008ee00000, 0x000000008ef00000, 0x000000008ef00000|100%| E|CS|TAMS 0x000000008ee00000, 0x000000008ee00000| Complete 
| 239|0x000000008ef00000, 0x000000008f000000, 0x000000008f000000|100%| E|CS|TAMS 0x000000008ef00000, 0x000000008ef00000| Complete 
| 240|0x000000008f000000, 0x000000008f100000, 0x000000008f100000|100%| E|  |TAMS 0x000000008f000000, 0x000000008f000000| Complete 
| 241|0x000000008f100000, 0x000000008f200000, 0x000000008f200000|100%| E|CS|TAMS 0x000000008f100000, 0x000000008f100000| Complete 
| 242|0x000000008f200000, 0x000000008f300000, 0x000000008f300000|100%| E|CS|TAMS 0x000000008f200000, 0x000000008f200000| Complete 
| 243|0x000000008f300000, 0x000000008f400000, 0x000000008f400000|100%| E|CS|TAMS 0x000000008f300000, 0x000000008f300000| Complete 
| 244|0x000000008f400000, 0x000000008f500000, 0x000000008f500000|100%| E|CS|TAMS 0x000000008f400000, 0x000000008f400000| Complete 
| 245|0x000000008f500000, 0x000000008f600000, 0x000000008f600000|100%| E|CS|TAMS 0x000000008f500000, 0x000000008f500000| Complete 
| 246|0x000000008f600000, 0x000000008f700000, 0x000000008f700000|100%| E|CS|TAMS 0x000000008f600000, 0x000000008f600000| Complete 
| 247|0x000000008f700000, 0x000000008f800000, 0x000000008f800000|100%| E|CS|TAMS 0x000000008f700000, 0x000000008f700000| Complete 
| 248|0x000000008f800000, 0x000000008f900000, 0x000000008f900000|100%| E|CS|TAMS 0x000000008f800000, 0x000000008f800000| Complete 
| 249|0x000000008f900000, 0x000000008fa00000, 0x000000008fa00000|100%| E|CS|TAMS 0x000000008f900000, 0x000000008f900000| Complete 

Card table byte_map: [0x00000154fdce0000,0x00000154fe0e0000] _byte_map_base: 0x00000154fd8e0000

Marking Bits (Prev, Next): (CMBitMap*) 0x00000154f5e6c4d0, (CMBitMap*) 0x00000154f5e6c510
 Prev Bits: [0x000001548f000000, 0x0000015491000000)
 Next Bits: [0x0000015491000000, 0x0000015493000000)

Polling page: 0x00000154f3e50000

Metaspace:

Usage:
  Non-class:     70.55 MB used.
      Class:     11.15 MB used.
       Both:     81.70 MB used.

Virtual space:
  Non-class space:       72.00 MB reserved,      70.88 MB ( 98%) committed,  9 nodes.
      Class space:        1.00 GB reserved,      11.38 MB (  1%) committed,  1 nodes.
              Both:        1.07 GB reserved,      82.25 MB (  8%) committed. 

Chunk freelists:
   Non-Class:  1.11 MB
       Class:  448.00 KB
        Both:  1.55 MB

MaxMetaspaceSize: 17179869184.00 GB
CompressedClassSpaceSize: 1.00 GB
 - commit_granule_bytes: 65536.
 - commit_granule_words: 8192.
 - virtual_space_node_default_size: 1048576.
 - enlarge_chunks_in_place: 1.
 - new_chunks_are_fully_committed: 0.
 - uncommit_free_chunks: 1.
 - use_allocation_guard: 0.
 - handle_deallocations: 1.


Internal statistics:

num_allocs_failed_limit: 6.
num_arena_births: 774.
num_arena_deaths: 22.
num_vsnodes_births: 10.
num_vsnodes_deaths: 0.
num_space_committed: 1316.
num_space_uncommitted: 0.
num_chunks_returned_to_freelist: 37.
num_chunks_taken_from_freelist: 4098.
num_chunk_merges: 18.
num_chunk_splits: 2749.
num_chunks_enlarged: 1909.
num_purges: 4.

CodeHeap 'non-profiled nmethods': size=120000Kb used=5958Kb max_used=5958Kb free=114042Kb
 bounds [0x0000015487ad0000, 0x00000154880b0000, 0x000001548f000000]
CodeHeap 'profiled nmethods': size=120000Kb used=20147Kb max_used=20147Kb free=99852Kb
 bounds [0x00000154805a0000, 0x0000015481950000, 0x0000015487ad0000]
CodeHeap 'non-nmethods': size=5760Kb used=2417Kb max_used=2498Kb free=3342Kb
 bounds [0x0000015480000000, 0x0000015480280000, 0x00000154805a0000]
 total_blobs=11454 nmethods=10525 adapters=841
 compilation: enabled
              stopped_count=0, restarted_count=0
 full_count=0

Compilation events (20 events):
Event: 12.373 Thread 0x000001549bb5a3c0 nmethod 12218 0x000001548809a510 code [0x000001548809a6c0, 0x000001548809a968]
Event: 12.373 Thread 0x000001549bb5a3c0 12203       4       com.android.tools.r8.internal.XO::a (109 bytes)
Event: 12.377 Thread 0x000001549bb5a3c0 nmethod 12203 0x000001548809ac10 code [0x000001548809adc0, 0x000001548809b028]
Event: 12.377 Thread 0x000001549bb5a3c0 12221       4       com.android.tools.r8.internal.bc::a (80 bytes)
Event: 12.383 Thread 0x000001549bb5a3c0 nmethod 12221 0x000001548809b210 code [0x000001548809b3c0, 0x000001548809b738]
Event: 12.383 Thread 0x000001549bb5a3c0 12136       4       com.android.tools.r8.graph.e1::a (10 bytes)
Event: 12.384 Thread 0x000001549bb5a3c0 nmethod 12136 0x000001548809ba90 code [0x000001548809bc20, 0x000001548809bcf8]
Event: 12.384 Thread 0x000001549bb5a3c0 12211       4       com.android.tools.r8.internal.gI$$Lambda$1532/0x000000080178c050::applyAsInt (12 bytes)
Event: 12.386 Thread 0x000001549bb5a3c0 nmethod 12211 0x000001548809be10 code [0x000001548809bfc0, 0x000001548809c2a8]
Event: 12.386 Thread 0x000001549bb5a3c0 12207       4       com.android.tools.r8.internal.bc::a (24 bytes)
Event: 12.387 Thread 0x000001549bb5a3c0 nmethod 12207 0x000001548809c590 code [0x000001548809c720, 0x000001548809c868]
Event: 12.387 Thread 0x000001549bb5a3c0 12208       4       com.android.tools.r8.internal.ac::<init> (24 bytes)
Event: 12.390 Thread 0x000001549bb5a3c0 nmethod 12208 0x000001548809c990 code [0x000001548809cb00, 0x000001548809cdf8]
Event: 12.390 Thread 0x000001549bb5a3c0 12223       4       com.android.tools.r8.internal.LO::a (263 bytes)
Event: 12.392 Thread 0x00000154feed0db0 12225       3       com.android.tools.r8.internal.cc::a (86 bytes)
Event: 12.393 Thread 0x00000154feed0db0 nmethod 12225 0x000001548194b790 code [0x000001548194b9e0, 0x000001548194c4a8]
Event: 12.394 Thread 0x00000154feed0db0 12227       3       com.android.tools.r8.internal.gI$$Lambda$1531/0x000000080178be30::applyAsInt (12 bytes)
Event: 12.394 Thread 0x00000154feed0db0 nmethod 12227 0x000001548194c810 code [0x000001548194c9c0, 0x000001548194cc08]
Event: 12.396 Thread 0x000001549bb5a3c0 nmethod 12223 0x000001548809ce90 code [0x000001548809d040, 0x000001548809d5a8]
Event: 12.396 Thread 0x000001549bb5a3c0 12224 %     4       java.util.IdentityHashMap$KeySet::toArray @ 49 (139 bytes)

GC Heap History (20 events):
Event: 8.903 GC heap before
{Heap before GC invocations=28 (full 0):
 garbage-first heap   total 122880K, used 98026K [0x0000000080000000, 0x0000000100000000)
  region size 1024K, 32 young (32768K), 3 survivors (3072K)
 Metaspace       used 73768K, committed 74368K, reserved 1114112K
  class space    used 9963K, committed 10240K, reserved 1048576K
}
Event: 8.908 GC heap after
{Heap after GC invocations=29 (full 0):
 garbage-first heap   total 122880K, used 70900K [0x0000000080000000, 0x0000000100000000)
  region size 1024K, 4 young (4096K), 4 survivors (4096K)
 Metaspace       used 73768K, committed 74368K, reserved 1114112K
  class space    used 9963K, committed 10240K, reserved 1048576K
}
Event: 9.247 GC heap before
{Heap before GC invocations=30 (full 0):
 garbage-first heap   total 130048K, used 98548K [0x0000000080000000, 0x0000000100000000)
  region size 1024K, 32 young (32768K), 4 survivors (4096K)
 Metaspace       used 74200K, committed 74752K, reserved 1114112K
  class space    used 10002K, committed 10240K, reserved 1048576K
}
Event: 9.252 GC heap after
{Heap after GC invocations=31 (full 0):
 garbage-first heap   total 130048K, used 73326K [0x0000000080000000, 0x0000000100000000)
  region size 1024K, 3 young (3072K), 3 survivors (3072K)
 Metaspace       used 74200K, committed 74752K, reserved 1114112K
  class space    used 10002K, committed 10240K, reserved 1048576K
}
Event: 9.621 GC heap before
{Heap before GC invocations=31 (full 0):
 garbage-first heap   total 130048K, used 105070K [0x0000000080000000, 0x0000000100000000)
  region size 1024K, 35 young (35840K), 3 survivors (3072K)
 Metaspace       used 74640K, committed 75200K, reserved 1114112K
  class space    used 10036K, committed 10304K, reserved 1048576K
}
Event: 9.626 GC heap after
{Heap after GC invocations=32 (full 0):
 garbage-first heap   total 156672K, used 75401K [0x0000000080000000, 0x0000000100000000)
  region size 1024K, 5 young (5120K), 5 survivors (5120K)
 Metaspace       used 74640K, committed 75200K, reserved 1114112K
  class space    used 10036K, committed 10304K, reserved 1048576K
}
Event: 10.133 GC heap before
{Heap before GC invocations=33 (full 0):
 garbage-first heap   total 156672K, used 119433K [0x0000000080000000, 0x0000000100000000)
  region size 1024K, 50 young (51200K), 5 survivors (5120K)
 Metaspace       used 75314K, committed 75904K, reserved 1122304K
  class space    used 10118K, committed 10368K, reserved 1048576K
}
Event: 10.139 GC heap after
{Heap after GC invocations=34 (full 0):
 garbage-first heap   total 156672K, used 77947K [0x0000000080000000, 0x0000000100000000)
  region size 1024K, 5 young (5120K), 5 survivors (5120K)
 Metaspace       used 75314K, committed 75904K, reserved 1122304K
  class space    used 10118K, committed 10368K, reserved 1048576K
}
Event: 10.328 GC heap before
{Heap before GC invocations=35 (full 0):
 garbage-first heap   total 156672K, used 95355K [0x0000000080000000, 0x0000000100000000)
  region size 1024K, 18 young (18432K), 5 survivors (5120K)
 Metaspace       used 77925K, committed 78528K, reserved 1122304K
  class space    used 10488K, committed 10752K, reserved 1048576K
}
Event: 10.334 GC heap after
{Heap after GC invocations=36 (full 0):
 garbage-first heap   total 156672K, used 86166K [0x0000000080000000, 0x0000000100000000)
  region size 1024K, 5 young (5120K), 5 survivors (5120K)
 Metaspace       used 77925K, committed 78528K, reserved 1122304K
  class space    used 10488K, committed 10752K, reserved 1048576K
}
Event: 10.635 GC heap before
{Heap before GC invocations=37 (full 0):
 garbage-first heap   total 189440K, used 139414K [0x0000000080000000, 0x0000000100000000)
  region size 1024K, 41 young (41984K), 5 survivors (5120K)
 Metaspace       used 78444K, committed 79040K, reserved 1122304K
  class space    used 10553K, committed 10816K, reserved 1048576K
}
Event: 10.649 GC heap after
{Heap after GC invocations=38 (full 0):
 garbage-first heap   total 189440K, used 104735K [0x0000000080000000, 0x0000000100000000)
  region size 1024K, 6 young (6144K), 6 survivors (6144K)
 Metaspace       used 78444K, committed 79040K, reserved 1122304K
  class space    used 10553K, committed 10816K, reserved 1048576K
}
Event: 11.050 GC heap before
{Heap before GC invocations=38 (full 0):
 garbage-first heap   total 189440K, used 143647K [0x0000000080000000, 0x0000000100000000)
  region size 1024K, 45 young (46080K), 6 survivors (6144K)
 Metaspace       used 80393K, committed 80960K, reserved 1122304K
  class space    used 10970K, committed 11200K, reserved 1048576K
}
Event: 11.073 GC heap after
{Heap after GC invocations=39 (full 0):
 garbage-first heap   total 189440K, used 122555K [0x0000000080000000, 0x0000000100000000)
  region size 1024K, 6 young (6144K), 6 survivors (6144K)
 Metaspace       used 80393K, committed 80960K, reserved 1122304K
  class space    used 10970K, committed 11200K, reserved 1048576K
}
Event: 11.330 GC heap before
{Heap before GC invocations=40 (full 0):
 garbage-first heap   total 225280K, used 146107K [0x0000000080000000, 0x0000000100000000)
  region size 1024K, 30 young (30720K), 6 survivors (6144K)
 Metaspace       used 80696K, committed 81280K, reserved 1122304K
  class space    used 11001K, committed 11264K, reserved 1048576K
}
Event: 11.345 GC heap after
{Heap after GC invocations=41 (full 0):
 garbage-first heap   total 225280K, used 135455K [0x0000000080000000, 0x0000000100000000)
  region size 1024K, 4 young (4096K), 4 survivors (4096K)
 Metaspace       used 80696K, committed 81280K, reserved 1122304K
  class space    used 11001K, committed 11264K, reserved 1048576K
}
Event: 11.696 GC heap before
{Heap before GC invocations=41 (full 0):
 garbage-first heap   total 225280K, used 167199K [0x0000000080000000, 0x0000000100000000)
  region size 1024K, 36 young (36864K), 4 survivors (4096K)
 Metaspace       used 83181K, committed 83776K, reserved 1122304K
  class space    used 11370K, committed 11648K, reserved 1048576K
}
Event: 11.704 GC heap after
{Heap after GC invocations=42 (full 0):
 garbage-first heap   total 225280K, used 141029K [0x0000000080000000, 0x0000000100000000)
  region size 1024K, 5 young (5120K), 5 survivors (5120K)
 Metaspace       used 83181K, committed 83776K, reserved 1122304K
  class space    used 11370K, committed 11648K, reserved 1048576K
}
Event: 12.027 GC heap before
{Heap before GC invocations=43 (full 0):
 garbage-first heap   total 252928K, used 159461K [0x0000000080000000, 0x0000000100000000)
  region size 1024K, 29 young (29696K), 5 survivors (5120K)
 Metaspace       used 83425K, committed 84032K, reserved 1122304K
  class space    used 11392K, committed 11648K, reserved 1048576K
}
Event: 12.036 GC heap after
{Heap after GC invocations=44 (full 0):
 garbage-first heap   total 252928K, used 140707K [0x0000000080000000, 0x0000000100000000)
  region size 1024K, 4 young (4096K), 4 survivors (4096K)
 Metaspace       used 83425K, committed 84032K, reserved 1122304K
  class space    used 11392K, committed 11648K, reserved 1048576K
}

Deoptimization events (20 events):
Event: 12.270 Thread 0x000001549b2cba20 DEOPT PACKING pc=0x0000015481906254 sp=0x00000027f5afe700
Event: 12.270 Thread 0x000001549b2cba20 DEOPT UNPACKING pc=0x000001548004e77e sp=0x00000027f5afdbe8 mode 0
Event: 12.275 Thread 0x000001549b2cba20 DEOPT PACKING pc=0x0000015481906254 sp=0x00000027f5afe700
Event: 12.275 Thread 0x000001549b2cba20 DEOPT UNPACKING pc=0x000001548004e77e sp=0x00000027f5afdbe8 mode 0
Event: 12.293 Thread 0x000001549b2cba20 DEOPT PACKING pc=0x000001548194015f sp=0x00000027f5afe410
Event: 12.293 Thread 0x000001549b2cba20 DEOPT UNPACKING pc=0x000001548004e77e sp=0x00000027f5afd8b0 mode 0
Event: 12.299 Thread 0x000001549b2cba20 DEOPT PACKING pc=0x000001548193a7e5 sp=0x00000027f5afe590
Event: 12.299 Thread 0x000001549b2cba20 DEOPT UNPACKING pc=0x000001548004e77e sp=0x00000027f5afda80 mode 0
Event: 12.300 Thread 0x000001549b2cba20 DEOPT PACKING pc=0x0000015481906254 sp=0x00000027f5afe5a0
Event: 12.300 Thread 0x000001549b2cba20 DEOPT UNPACKING pc=0x000001548004e77e sp=0x00000027f5afda88 mode 0
Event: 12.317 Thread 0x000001549b2cba20 DEOPT PACKING pc=0x000001548193a7e5 sp=0x00000027f5afe510
Event: 12.317 Thread 0x000001549b2cba20 DEOPT UNPACKING pc=0x000001548004e77e sp=0x00000027f5afda00 mode 0
Event: 12.318 Thread 0x000001549b2cba20 Uncommon trap: trap_request=0xffffffde fr.pc=0x000001548809418c relative=0x0000000000000fec
Event: 12.318 Thread 0x000001549b2cba20 Uncommon trap: reason=class_check action=maybe_recompile pc=0x000001548809418c method=java.util.TimSort.mergeHi(IIII)V @ 227 c2
Event: 12.318 Thread 0x000001549b2cba20 DEOPT PACKING pc=0x000001548809418c sp=0x00000027f5afe540
Event: 12.318 Thread 0x000001549b2cba20 DEOPT UNPACKING pc=0x000001548004f92e sp=0x00000027f5afe508 mode 2
Event: 12.324 Thread 0x000001549b2cba20 DEOPT PACKING pc=0x0000015481906254 sp=0x00000027f5afe760
Event: 12.324 Thread 0x000001549b2cba20 DEOPT UNPACKING pc=0x000001548004e77e sp=0x00000027f5afdc48 mode 0
Event: 12.348 Thread 0x000001549b2cba20 DEOPT PACKING pc=0x000001548193a7e5 sp=0x00000027f5afe750
Event: 12.348 Thread 0x000001549b2cba20 DEOPT UNPACKING pc=0x000001548004e77e sp=0x00000027f5afdc40 mode 0

Classes unloaded (11 events):
Event: 9.729 Thread 0x00000154feead7f0 Unloading class 0x0000000801611c00 'java/lang/invoke/LambdaForm$DMH+0x0000000801611c00'
Event: 9.729 Thread 0x00000154feead7f0 Unloading class 0x0000000801611400 'java/lang/invoke/LambdaForm$DMH+0x0000000801611400'
Event: 9.729 Thread 0x00000154feead7f0 Unloading class 0x0000000801611800 'java/lang/invoke/LambdaForm$DMH+0x0000000801611800'
Event: 9.729 Thread 0x00000154feead7f0 Unloading class 0x0000000801611000 'java/lang/invoke/LambdaForm$DMH+0x0000000801611000'
Event: 9.729 Thread 0x00000154feead7f0 Unloading class 0x0000000801610c00 'java/lang/invoke/LambdaForm$DMH+0x0000000801610c00'
Event: 9.729 Thread 0x00000154feead7f0 Unloading class 0x0000000801610000 'java/lang/invoke/LambdaForm$DMH+0x0000000801610000'
Event: 9.729 Thread 0x00000154feead7f0 Unloading class 0x0000000801610800 'java/lang/invoke/LambdaForm$DMH+0x0000000801610800'
Event: 11.862 Thread 0x00000154feead7f0 Unloading class 0x0000000801711000 'java/lang/invoke/LambdaForm$DMH+0x0000000801711000'
Event: 11.862 Thread 0x00000154feead7f0 Unloading class 0x0000000801710800 'java/lang/invoke/LambdaForm$DMH+0x0000000801710800'
Event: 11.862 Thread 0x00000154feead7f0 Unloading class 0x0000000801710c00 'java/lang/invoke/LambdaForm$DMH+0x0000000801710c00'
Event: 11.862 Thread 0x00000154feead7f0 Unloading class 0x0000000801710400 'java/lang/invoke/LambdaForm$DMH+0x0000000801710400'

Classes redefined (0 events):
No events

Internal exceptions (20 events):
Event: 9.165 Thread 0x000001549b8eb920 Exception <a 'java/lang/NoSuchMethodError'{0x00000000870512e0}: static Ljava/lang/Object;.<clinit>()V> (0x00000000870512e0) 
thrown [t:\workspace\open\src\hotspot\share\prims\jni.cpp, line 1210]
Event: 9.166 Thread 0x000001549b8eb920 Exception <a 'java/lang/NoSuchMethodError'{0x0000000087066e60}: static Lcom/android/build/api/artifact/ArtifactKind;.<clinit>()V> (0x0000000087066e60) 
thrown [t:\workspace\open\src\hotspot\share\prims\jni.cpp, line 1210]
Event: 9.166 Thread 0x000001549b8eb920 Exception <a 'java/lang/NoSuchMethodError'{0x00000000870680d8}: static Lcom/android/build/api/artifact/ArtifactKind;.<clinit>()V> (0x00000000870680d8) 
thrown [t:\workspace\open\src\hotspot\share\prims\jni.cpp, line 1210]
Event: 9.484 Thread 0x000001549b8eb920 Exception <a 'java/lang/NoSuchMethodError'{0x0000000086b6c898}: 'int java.lang.invoke.DirectMethodHandle$Holder.invokeSpecial(java.lang.Object, java.lang.Object, java.lang.Object, java.lang.Object, java.lang.Object)'> (0x0000000086b6c898) 
thrown [t:\workspace\open\src\hotspot\share\interpreter\linkResolver.cpp, line 790]
Event: 10.205 Thread 0x000001549b2cb4d0 Exception <a 'sun/nio/fs/WindowsException'{0x0000000089586530}> (0x0000000089586530) 
thrown [t:\workspace\open\src\hotspot\share\prims\jni.cpp, line 579]
Event: 10.322 Thread 0x000001549b2cb4d0 Exception <a 'java/lang/NoSuchMethodError'{0x0000000088d186a8}: 'java.lang.Object java.lang.invoke.DirectMethodHandle$Holder.invokeStaticInit(java.lang.Object, java.lang.Object, java.lang.Object, java.lang.Object, java.lang.Object, java.lang.Object, java.lang.Object, java.lang.Object, java.lang.Object, java.lang.Object, java.lang.Object, java.lang.Object, java.lang.Object, java.lang.Object, java.lang.Object, java.lang.Object, java.lang.Object, java.lang.Object, int, java.lang.Object, java.lang.Object)'> (0
Event: 10.562 Thread 0x000001549b2cb4d0 Implicit null exception at 0x0000015487d176a1 to 0x0000015487d18244
Event: 10.694 Thread 0x000001549b2ca4e0 Exception <a 'java/lang/IncompatibleClassChangeError'{0x000000008b5ab3c8}: Found class java.lang.Object, but interface was expected> (0x000000008b5ab3c8) 
thrown [t:\workspace\open\src\hotspot\share\interpreter\linkResolver.cpp, line 857]
Event: 10.695 Thread 0x000001549b2cda00 Exception <a 'java/lang/NoSuchMethodError'{0x000000008b5b8798}: 'long java.lang.invoke.DirectMethodHandle$Holder.invokeStatic(java.lang.Object, java.lang.Object, java.lang.Object)'> (0x000000008b5b8798) 
thrown [t:\workspace\open\src\hotspot\share\interpreter\linkResolver.cpp, line 790]
Event: 10.695 Thread 0x000001549b2cba20 Exception <a 'java/lang/NoSuchMethodError'{0x000000008b8ac750}: 'long java.lang.invoke.DirectMethodHandle$Holder.invokeStatic(java.lang.Object, java.lang.Object, java.lang.Object)'> (0x000000008b8ac750) 
thrown [t:\workspace\open\src\hotspot\share\interpreter\linkResolver.cpp, line 790]
Event: 10.695 Thread 0x000001549b2c94f0 Exception <a 'java/lang/NoSuchMethodError'{0x000000008b5c4638}: 'long java.lang.invoke.DirectMethodHandle$Holder.invokeStatic(java.lang.Object, java.lang.Object, java.lang.Object)'> (0x000000008b5c4638) 
thrown [t:\workspace\open\src\hotspot\share\interpreter\linkResolver.cpp, line 790]
Event: 10.695 Thread 0x000001549b2ccf60 Exception <a 'java/lang/NoSuchMethodError'{0x000000008b896f88}: 'long java.lang.invoke.DirectMethodHandle$Holder.invokeStatic(java.lang.Object, java.lang.Object, java.lang.Object)'> (0x000000008b896f88) 
thrown [t:\workspace\open\src\hotspot\share\interpreter\linkResolver.cpp, line 790]
Event: 10.695 Thread 0x000001549b2c8fa0 Exception <a 'java/lang/NoSuchMethodError'{0x000000008b5d40f8}: 'long java.lang.invoke.DirectMethodHandle$Holder.invokeStatic(java.lang.Object, java.lang.Object, java.lang.Object)'> (0x000000008b5d40f8) 
thrown [t:\workspace\open\src\hotspot\share\interpreter\linkResolver.cpp, line 790]
Event: 10.697 Thread 0x000001549b2ca4e0 Exception <a 'java/lang/IncompatibleClassChangeError'{0x000000008b401990}: Found class java.lang.Object, but interface was expected> (0x000000008b401990) 
thrown [t:\workspace\open\src\hotspot\share\interpreter\linkResolver.cpp, line 857]
Event: 10.698 Thread 0x000001549b2ca4e0 Exception <a 'java/lang/IncompatibleClassChangeError'{0x000000008b414af8}: Found class java.lang.Object, but interface was expected> (0x000000008b414af8) 
thrown [t:\workspace\open\src\hotspot\share\interpreter\linkResolver.cpp, line 857]
Event: 11.377 Thread 0x000001549b2cb4d0 Exception <a 'java/lang/IncompatibleClassChangeError'{0x000000008dab5790}: Found class java.lang.Object, but interface was expected> (0x000000008dab5790) 
thrown [t:\workspace\open\src\hotspot\share\interpreter\linkResolver.cpp, line 857]
Event: 11.594 Thread 0x000001549b2cb4d0 Exception <a 'java/lang/NoSuchMethodError'{0x000000008c085f70}: 'java.lang.Object java.lang.invoke.Invokers$Holder.linkToTargetMethod(java.lang.Object, int, java.lang.Object, java.lang.Object, java.lang.Object, java.lang.Object)'> (0x000000008c085f70) 
thrown [t:\workspace\open\src\hotspot\share\interpreter\linkResolver.cpp, line 790]
Event: 11.595 Thread 0x000001549b2cb4d0 Exception <a 'java/lang/NoSuchMethodError'{0x000000008c09cf48}: 'java.lang.Object java.lang.invoke.Invokers$Holder.linkToTargetMethod(java.lang.Object, java.lang.Object, java.lang.Object, int, java.lang.Object, java.lang.Object, java.lang.Object)'> (0x000000008c09cf48) 
thrown [t:\workspace\open\src\hotspot\share\interpreter\linkResolver.cpp, line 790]
Event: 11.597 Thread 0x000001549b2cb4d0 Exception <a 'java/lang/NoSuchMethodError'{0x000000008c0b1948}: 'void java.lang.invoke.DirectMethodHandle$Holder.invokeStatic(java.lang.Object, java.lang.Object, java.lang.Object, java.lang.Object, java.lang.Object, java.lang.Object, java.lang.Object, java.lang.Object)'> (0x000000008c0b1948) 
thrown [t:\workspace\open\src\hotspot\share\interpreter\linkResolver.cpp, line 790]
Event: 12.094 Thread 0x000001549b2cb4d0 Exception <a 'java/lang/IncompatibleClassChangeError'{0x000000008f4790d8}: Found class java.lang.Object, but interface was expected> (0x000000008f4790d8) 
thrown [t:\workspace\open\src\hotspot\share\interpreter\linkResolver.cpp, line 857]

Events (20 events):
Event: 11.704 Executing  VM operation: G1CollectForAllocation done
Event: 11.843 Executing  VM operation: HandshakeAllThreads
Event: 11.844 Executing  VM operation: HandshakeAllThreads done
Event: 11.854 Thread 0x00000154feedf5e0 flushing nmethod 0x0000015481021790
Event: 11.861 Executing  VM operation: G1Concurrent
Event: 11.871 Executing  VM operation: G1Concurrent done
Event: 11.981 Executing  VM operation: G1Concurrent
Event: 11.982 Executing  VM operation: G1Concurrent done
Event: 12.027 Executing  VM operation: G1TryInitiateConcMark
Event: 12.036 Executing  VM operation: G1TryInitiateConcMark done
Event: 12.151 Executing  VM operation: HandshakeAllThreads
Event: 12.151 Executing  VM operation: HandshakeAllThreads done
Event: 12.200 Executing  VM operation: G1Concurrent
Event: 12.205 Executing  VM operation: G1Concurrent done
Event: 12.282 loading class java/util/IdentityHashMap$KeySpliterator
Event: 12.282 loading class java/util/IdentityHashMap$IdentityHashMapSpliterator
Event: 12.282 loading class java/util/IdentityHashMap$IdentityHashMapSpliterator done
Event: 12.282 loading class java/util/IdentityHashMap$KeySpliterator done
Event: 12.322 Executing  VM operation: G1Concurrent
Event: 12.322 Executing  VM operation: G1Concurrent done


Dynamic libraries:
0x00007ff634a40000 - 0x00007ff634a50000 	C:\Program Files\Java\jdk-16.0.2\bin\java.exe
0x00007ff82ff50000 - 0x00007ff830148000 	C:\WINDOWS\SYSTEM32\ntdll.dll
0x00007ff82fdf0000 - 0x00007ff82fead000 	C:\WINDOWS\System32\KERNEL32.DLL
0x00007ff82d7d0000 - 0x00007ff82da9e000 	C:\WINDOWS\System32\KERNELBASE.dll
0x00007ff82daa0000 - 0x00007ff82dba0000 	C:\WINDOWS\System32\ucrtbase.dll
0x00007ff828b20000 - 0x00007ff828b39000 	C:\Program Files\Java\jdk-16.0.2\bin\VCRUNTIME140.dll
0x00007ff825130000 - 0x00007ff825148000 	C:\Program Files\Java\jdk-16.0.2\bin\jli.dll
0x00007ff82e8b0000 - 0x00007ff82e95e000 	C:\WINDOWS\System32\ADVAPI32.dll
0x00007ff82f6d0000 - 0x00007ff82f76e000 	C:\WINDOWS\System32\msvcrt.dll
0x00007ff82eff0000 - 0x00007ff82f08c000 	C:\WINDOWS\System32\sechost.dll
0x00007ff82f800000 - 0x00007ff82f925000 	C:\WINDOWS\System32\RPCRT4.dll
0x00007ff82f0b0000 - 0x00007ff82f250000 	C:\WINDOWS\System32\USER32.dll
0x00007ff82dca0000 - 0x00007ff82dcc2000 	C:\WINDOWS\System32\win32u.dll
0x00007ff815aa0000 - 0x00007ff815d3a000 	C:\WINDOWS\WinSxS\amd64_microsoft.windows.common-controls_6595b64144ccf1df_6.0.19041.1110_none_60b5254171f9507e\COMCTL32.dll
0x00007ff82f930000 - 0x00007ff82f95a000 	C:\WINDOWS\System32\GDI32.dll
0x00007ff82d670000 - 0x00007ff82d77b000 	C:\WINDOWS\System32\gdi32full.dll
0x00007ff82dd00000 - 0x00007ff82dd9d000 	C:\WINDOWS\System32\msvcp_win.dll
0x00007ff8275b0000 - 0x00007ff8275ba000 	C:\WINDOWS\SYSTEM32\VERSION.dll
0x00007ff82f250000 - 0x00007ff82f280000 	C:\WINDOWS\System32\IMM32.DLL
0x00007ff82a810000 - 0x00007ff82a81c000 	C:\Program Files\Java\jdk-16.0.2\bin\vcruntime140_1.dll
0x00007ff824f70000 - 0x00007ff825001000 	C:\Program Files\Java\jdk-16.0.2\bin\msvcp140.dll
0x00007fffc4d60000 - 0x00007fffc590b000 	C:\Program Files\Java\jdk-16.0.2\bin\server\jvm.dll
0x00007ff82f360000 - 0x00007ff82f368000 	C:\WINDOWS\System32\PSAPI.DLL
0x00007ff82bca0000 - 0x00007ff82bcc7000 	C:\WINDOWS\SYSTEM32\WINMM.dll
0x00007ff8278c0000 - 0x00007ff8278c9000 	C:\WINDOWS\SYSTEM32\WSOCK32.dll
0x00007ff82fcc0000 - 0x00007ff82fd2b000 	C:\WINDOWS\System32\WS2_32.dll
0x00007ff82bf30000 - 0x00007ff82bf42000 	C:\WINDOWS\SYSTEM32\kernel.appcore.dll
0x00007ff828d20000 - 0x00007ff828d2a000 	C:\Program Files\Java\jdk-16.0.2\bin\jimage.dll
0x00007ff82bab0000 - 0x00007ff82bc94000 	C:\WINDOWS\SYSTEM32\DBGHELP.DLL
0x00007ff82ba70000 - 0x00007ff82ba9c000 	C:\WINDOWS\SYSTEM32\dbgcore.DLL
0x00007ff82dc10000 - 0x00007ff82dc92000 	C:\WINDOWS\System32\bcryptPrimitives.dll
0x00007ff81b150000 - 0x00007ff81b175000 	C:\Program Files\Java\jdk-16.0.2\bin\java.dll
0x00007ff82e160000 - 0x00007ff82e8a4000 	C:\WINDOWS\System32\SHELL32.dll
0x00007ff82b2d0000 - 0x00007ff82ba64000 	C:\WINDOWS\SYSTEM32\windows.storage.dll
0x00007ff82f960000 - 0x00007ff82fcb4000 	C:\WINDOWS\System32\combase.dll
0x00007ff82d0d0000 - 0x00007ff82d100000 	C:\WINDOWS\SYSTEM32\Wldp.dll
0x00007ff82f540000 - 0x00007ff82f5ed000 	C:\WINDOWS\System32\SHCORE.dll
0x00007ff82fd30000 - 0x00007ff82fd85000 	C:\WINDOWS\System32\shlwapi.dll
0x00007ff82d5b0000 - 0x00007ff82d5cf000 	C:\WINDOWS\SYSTEM32\profapi.dll
0x00007ff820d40000 - 0x00007ff820d59000 	C:\Program Files\Java\jdk-16.0.2\bin\net.dll
0x00007ff8189b0000 - 0x00007ff818aba000 	C:\WINDOWS\SYSTEM32\WINHTTP.dll
0x00007ff82ce30000 - 0x00007ff82ce9a000 	C:\WINDOWS\system32\mswsock.dll
0x00007ff81a670000 - 0x00007ff81a683000 	C:\Program Files\Java\jdk-16.0.2\bin\nio.dll
0x00007ff81a390000 - 0x00007ff81a3a8000 	C:\Program Files\Java\jdk-16.0.2\bin\zip.dll
0x00007ff828bd0000 - 0x00007ff828be0000 	C:\Program Files\Java\jdk-16.0.2\bin\verify.dll
0x00007ff828af0000 - 0x00007ff828b17000 	C:\Users\ITECH\.gradle\native\e1d6ef7f7dcc3fd88c89a11ec53ec762bb8ba0a96d01ffa2cd45eb1d1d8dd5c5\windows-amd64\native-platform.dll
0x00007ff80e0a0000 - 0x00007ff80e1e4000 	C:\Users\ITECH\.gradle\native\5664cfc778a61ccfe75a443a1ab52a65af34e5dc3c78e0209fed803814484fcb\windows-amd64\native-platform-file-events.dll
0x00007ff828aa0000 - 0x00007ff828aa9000 	C:\Program Files\Java\jdk-16.0.2\bin\management.dll
0x00007ff827510000 - 0x00007ff82751b000 	C:\Program Files\Java\jdk-16.0.2\bin\management_ext.dll
0x00007ff82d020000 - 0x00007ff82d038000 	C:\WINDOWS\SYSTEM32\CRYPTSP.dll
0x00007ff82c740000 - 0x00007ff82c774000 	C:\WINDOWS\system32\rsaenh.dll
0x00007ff82dcd0000 - 0x00007ff82dcf7000 	C:\WINDOWS\System32\bcrypt.dll
0x00007ff82d570000 - 0x00007ff82d59e000 	C:\WINDOWS\SYSTEM32\USERENV.dll
0x00007ff82d040000 - 0x00007ff82d04c000 	C:\WINDOWS\SYSTEM32\CRYPTBASE.dll
0x00007ff82cad0000 - 0x00007ff82cb0b000 	C:\WINDOWS\SYSTEM32\IPHLPAPI.DLL
0x00007ff82ef80000 - 0x00007ff82ef88000 	C:\WINDOWS\System32\NSI.dll
0x00007ff821920000 - 0x00007ff821937000 	C:\WINDOWS\SYSTEM32\dhcpcsvc6.DLL
0x00007ff822720000 - 0x00007ff82273d000 	C:\WINDOWS\SYSTEM32\dhcpcsvc.DLL
0x00007ff82cb20000 - 0x00007ff82cbea000 	C:\WINDOWS\SYSTEM32\DNSAPI.dll
0x00007ff825120000 - 0x00007ff82512e000 	C:\Program Files\Java\jdk-16.0.2\bin\sunmscapi.dll
0x00007ff82dda0000 - 0x00007ff82def6000 	C:\WINDOWS\System32\CRYPT32.dll
0x00007ff82d140000 - 0x00007ff82d167000 	C:\WINDOWS\SYSTEM32\ncrypt.dll
0x00007ff82d100000 - 0x00007ff82d13b000 	C:\WINDOWS\SYSTEM32\NTASN1.dll
0x00007ff805800000 - 0x00007ff805807000 	C:\WINDOWS\system32\wshunix.dll

dbghelp: loaded successfully - version: 4.0.5 - missing functions: none
symbol engine: initialized successfully - sym options: 0x614 - pdb path: .;C:\Program Files\Java\jdk-16.0.2\bin;C:\WINDOWS\SYSTEM32;C:\WINDOWS\WinSxS\amd64_microsoft.windows.common-controls_6595b64144ccf1df_6.0.19041.1110_none_60b5254171f9507e;C:\Program Files\Java\jdk-16.0.2\bin\server;C:\Users\ITECH\.gradle\native\e1d6ef7f7dcc3fd88c89a11ec53ec762bb8ba0a96d01ffa2cd45eb1d1d8dd5c5\windows-amd64;C:\Users\ITECH\.gradle\native\5664cfc778a61ccfe75a443a1ab52a65af34e5dc3c78e0209fed803814484fcb\windows-amd64

VM Arguments:
jvm_args: --add-opens=java.base/java.util=ALL-UNNAMED --add-opens=java.base/java.lang=ALL-UNNAMED --add-opens=java.base/java.lang.invoke=ALL-UNNAMED --add-opens=java.base/java.util=ALL-UNNAMED --add-opens=java.prefs/java.util.prefs=ALL-UNNAMED --add-opens=java.prefs/java.util.prefs=ALL-UNNAMED --add-opens=java.base/java.nio.charset=ALL-UNNAMED --add-opens=java.base/java.net=ALL-UNNAMED --add-opens=java.base/java.util.concurrent.atomic=ALL-UNNAMED -Xmx2048m -Dfile.encoding=UTF-8 -Duser.country=US -Duser.language=en -Duser.variant 
java_command: org.gradle.launcher.daemon.bootstrap.GradleDaemon 7.3.3
java_class_path (initial): C:\Users\ITECH\.gradle\wrapper\dists\gradle-7.3.3-bin\6a41zxkdtcxs8rphpq6y0069z\gradle-7.3.3\lib\gradle-launcher-7.3.3.jar
Launcher Type: SUN_STANDARD

[Global flags]
     intx CICompilerCount                          = 4                                         {product} {ergonomic}
     uint ConcGCThreads                            = 2                                         {product} {ergonomic}
     uint G1ConcRefinementThreads                  = 8                                         {product} {ergonomic}
   size_t G1HeapRegionSize                         = 1048576                                   {product} {ergonomic}
    uintx GCDrainStackTargetSize                   = 64                                        {product} {ergonomic}
   size_t InitialHeapSize                          = 132120576                                 {product} {ergonomic}
   size_t MarkStackSize                            = 4194304                                   {product} {ergonomic}
   size_t MaxHeapSize                              = 2147483648                                {product} {command line}
   size_t MaxNewSize                               = 1287651328                                {product} {ergonomic}
   size_t MinHeapDeltaBytes                        = 1048576                                   {product} {ergonomic}
   size_t MinHeapSize                              = 8388608                                   {product} {ergonomic}
    uintx NonNMethodCodeHeapSize                   = 5839372                                {pd product} {ergonomic}
    uintx NonProfiledCodeHeapSize                  = 122909434                              {pd product} {ergonomic}
    uintx ProfiledCodeHeapSize                     = 122909434                              {pd product} {ergonomic}
    uintx ReservedCodeCacheSize                    = 251658240                              {pd product} {ergonomic}
     bool SegmentedCodeCache                       = true                                      {product} {ergonomic}
   size_t SoftMaxHeapSize                          = 2147483648                             {manageable} {ergonomic}
     bool UseCompressedClassPointers               = true                           {product lp64_product} {ergonomic}
     bool UseCompressedOops                        = true                           {product lp64_product} {ergonomic}
     bool UseG1GC                                  = true                                      {product} {ergonomic}
     bool UseLargePagesIndividualAllocation        = false                                  {pd product} {ergonomic}

Logging:
Log output configuration:
 #0: stdout all=warning uptime,level,tags
 #1: stderr all=off uptime,level,tags

Environment Variables:
JAVA_HOME=C:\Program Files\Java\jdk-16.0.2
PATH=C:\Program Files\Python37\Scripts\;C:\Program Files\Python37\;C:\ProgramData\Oracle\Java\javapath;C:\app\ITECH\product\11.2.0\dbhome_1\bin;C:\Program Files\Common Files\Oracle\Java\javapath;C:\Program Files (x86)\Common Files\Oracle\Java\javapath;C:\WINDOWS\system32;C:\WINDOWS;C:\WINDOWS\System32\Wbem;C:\WINDOWS\System32\WindowsPowerShell\v1.0\;C:\WINDOWS\System32\OpenSSH\;C:\Program Files\Microsoft SQL Server\130\Tools\Binn\;C:\Program Files\Microsoft SQL Server\Client SDK\ODBC\170\Tools\Binn\;C:\Program Files\dotnet\;C:\Program Files\nodejs\;C:\Program Files\Java\jdk-16.0.2\bin;C:\Program Files\Git\cmd;C:\Program Files\Java\jdk-16.0.2\bin;
USERNAME=ITECH
OS=Windows_NT
PROCESSOR_IDENTIFIER=Intel64 Family 6 Model 126 Stepping 5, GenuineIntel



---------------  S Y S T E M  ---------------

OS:
 Windows 10 , 64 bit Build 19041 (10.0.19041.1889)
OS uptime: 0 days 1:48 hours

CPU: total 8 (initial active 8) (4 cores per cpu, 2 threads per core) family 6 model 126 stepping 5 microcode 0xb0, cx8, cmov, fxsr, ht, mmx, 3dnowpref, sse, sse2, sse3, ssse3, sse4.1, sse4.2, popcnt, lzcnt, tsc, tscinvbit, avx, avx2, aes, erms, clmul, bmi1, bmi2, adx, avx512f, avx512dq, avx512cd, avx512bw, avx512vl, sha, fma, vzeroupper, avx512_vpopcntdq, avx512_vpclmulqdq, avx512_vaes, avx512_vnni, clflush, clflushopt, avx512_vmbi2, avx512_vmbi

Memory: 4k page, system-wide physical 7959M (825M free)
TotalPageFile size 7959M (AvailPageFile size 6M)
current process WorkingSet (physical memory assigned to process): 532M, peak: 535M
current process commit charge ("private bytes"): 584M, peak: 587M

vm_info: Java HotSpot(TM) 64-Bit Server VM (16.0.2+7-67) for windows-amd64 JRE (16.0.2+7-67), built on Jun  8 2021 23:24:19 by "mach5one" with MS VC++ 16.7 (VS2019)

END.
