#
# There is insufficient memory for the Java Runtime Environment to continue.
# Native memory allocation (mmap) failed to map 53477376 bytes for G1 virtual space
# Possible reasons:
#   The system is out of physical RAM or swap space
#   The process is running with CompressedOops enabled, and the Java Heap may be blocking the growth of the native heap
# Possible solutions:
#   Reduce memory load on the system
#   Increase physical memory or swap space
#   Check if swap backing store is full
#   Decrease Java heap size (-Xmx/-Xms)
#   Decrease number of Java threads
#   Decrease Java thread stack sizes (-Xss)
#   Set larger code cache with -XX:ReservedCodeCacheSize=
#   JVM is running with Unscaled Compressed Oops mode in which the Java heap is
#     placed in the first 4GB address space. The Java Heap base address is the
#     maximum limit for the native heap growth. Please use -XX:HeapBaseMinAddress
#     to set the Java Heap base and to place the Java Heap above 4GB virtual address.
# This output file may be truncated or incomplete.
#
#  Out of Memory Error (os_windows.cpp:3466), pid=2656, tid=9264
#
# JRE version: Java(TM) SE Runtime Environment (16.0.2+7) (build 16.0.2+7-67)
# Java VM: Java HotSpot(TM) 64-Bit Server VM (16.0.2+7-67, mixed mode, sharing, tiered, compressed oops, compressed class ptrs, g1 gc, windows-amd64)
# No core dump will be written. Minidumps are not enabled by default on client versions of Windows
#

---------------  S U M M A R Y ------------

Command Line: --add-opens=java.base/java.util=ALL-UNNAMED --add-opens=java.base/java.lang=ALL-UNNAMED --add-opens=java.base/java.lang.invoke=ALL-UNNAMED --add-opens=java.base/java.util=ALL-UNNAMED --add-opens=java.prefs/java.util.prefs=ALL-UNNAMED --add-opens=java.prefs/java.util.prefs=ALL-UNNAMED --add-opens=java.base/java.nio.charset=ALL-UNNAMED --add-opens=java.base/java.net=ALL-UNNAMED --add-opens=java.base/java.util.concurrent.atomic=ALL-UNNAMED -Xmx2048m -Dfile.encoding=UTF-8 -Duser.country=US -Duser.language=en -Duser.variant org.gradle.launcher.daemon.bootstrap.GradleDaemon 7.3.3

Host: Intel(R) Core(TM) i7-1065G7 CPU @ 1.30GHz, 8 cores, 7G,  Windows 10 , 64 bit Build 19041 (10.0.19041.1889)
Time: Mon Aug 22 19:10:49 2022 Egypt Standard Time elapsed time: 465.252020 seconds (0d 0h 7m 45s)

---------------  T H R E A D  ---------------

Current thread (0x00000296eda3f410):  VMThread "VM Thread" [stack: 0x000000ab51000000,0x000000ab51100000] [id=9264]

Stack: [0x000000ab51000000,0x000000ab51100000]
Native frames: (J=compiled Java code, j=interpreted, Vv=VM code, C=native code)
V  [jvm.dll+0x6681ca]
V  [jvm.dll+0x7c9e69]
V  [jvm.dll+0x7cb61e]
V  [jvm.dll+0x7cbc73]
V  [jvm.dll+0x242c55]
V  [jvm.dll+0x664f89]
V  [jvm.dll+0x659b75]
V  [jvm.dll+0x2fbfbb]
V  [jvm.dll+0x3031b6]
V  [jvm.dll+0x35299e]
V  [jvm.dll+0x352bcf]
V  [jvm.dll+0x2d3028]
V  [jvm.dll+0x2d6596]
V  [jvm.dll+0x2e0aa7]
V  [jvm.dll+0x315550]
V  [jvm.dll+0x7d00ab]
V  [jvm.dll+0x7d0da4]
V  [jvm.dll+0x7d12a9]
V  [jvm.dll+0x7d1564]
V  [jvm.dll+0x7d1630]
V  [jvm.dll+0x7795aa]
V  [jvm.dll+0x667066]
C  [ucrtbase.dll+0x21bb2]
C  [KERNEL32.DLL+0x17034]
C  [ntdll.dll+0x52651]

VM_Operation (0x000000ab50cff780): G1Concurrent, mode: safepoint, requested by thread 0x00000296cf9fec80


---------------  P R O C E S S  ---------------

Threads class SMR info:
_java_thread_list=0x00000296f0f90090, length=138, elements={
0x00000296cf9b36e0, 0x00000296eda42e10, 0x00000296eda43920, 0x00000296eda510a0,
0x00000296eda57de0, 0x00000296eda586f0, 0x00000296eda5a010, 0x00000296eda5e150,
0x00000296eda67ac0, 0x00000296eda6c430, 0x00000296ee4b7bf0, 0x00000296ee4b9120,
0x00000296eef26af0, 0x00000296eef28ad0, 0x00000296eef27590, 0x00000296f0596480,
0x00000296f05959e0, 0x00000296f0594f40, 0x00000296f0592f60, 0x00000296f0595f30,
0x00000296f0b0a900, 0x00000296f0b08e70, 0x00000296f0b07930, 0x00000296f0b05ea0,
0x00000296f0b0b3a0, 0x00000296f0b09e60, 0x00000296f0b07e80, 0x00000296f0b08920,
0x00000296f0b0ae50, 0x00000296f0b09910, 0x00000296f4e8a0a0, 0x00000296f4e8b5e0,
0x00000296f4e8a5f0, 0x00000296f4e8f050, 0x00000296f4e89600, 0x00000296f4e8ab40,
0x00000296f4e8b090, 0x00000296f4e890b0, 0x00000296f4e8e060, 0x00000296f4e8d070,
0x00000296fac5f5e0, 0x00000296fac60100, 0x00000296f4e8e5b0, 0x00000296f4e8f5a0,
0x00000296f4e8eb00, 0x00000296f4e8faf0, 0x00000296f4e90040, 0x00000296f4e90ae0,
0x00000296ee6fb590, 0x00000296ee6f9b00, 0x00000296ee6fc580, 0x00000296ee6f9060,
0x00000296ee6fb040, 0x00000296ee6f95b0, 0x00000296ee6fa050, 0x00000296ee6fa5a0,
0x00000296ee6faaf0, 0x00000296eef27040, 0x00000296eef265a0, 0x00000296eef27ae0,
0x00000296eef25b00, 0x00000296eef26050, 0x00000296eef28580, 0x00000296eef255b0,
0x00000296f05934b0, 0x00000296f0593a00, 0x00000296f0593f50, 0x00000296f05944a0,
0x00000296f05949f0, 0x00000296f0b0c8e0, 0x00000296f0b0c390, 0x00000296f0b063f0,
0x00000296f0b06e90, 0x00000296f3bc5ea0, 0x00000296f3bc4410, 0x00000296f3bc6940,
0x00000296f3bc4eb0, 0x00000296f3bc4960, 0x00000296f3bc6e90, 0x00000296f3bc5950,
0x00000296f3bc73e0, 0x00000296f3bc3ec0, 0x00000296f3bc5400, 0x00000296f3bc63f0,
0x00000296f7a43150, 0x00000296f7a48ba0, 0x00000296f7a49640, 0x00000296f7a46bc0,
0x00000296f7a49b90, 0x00000296f7a4a630, 0x00000296f7a48100, 0x00000296f7a45bd0,
0x00000296f7a45130, 0x00000296f7a44690, 0x00000296f7a46120, 0x00000296f7a45680,
0x00000296f7a490f0, 0x00000296f7a4ab80, 0x00000296f7a4a0e0, 0x00000296f7a436a0,
0x00000296f7a47660, 0x00000296f7a43bf0, 0x00000296f7a46670, 0x00000296f7a44140,
0x00000296f7a44be0, 0x00000296f7a47110, 0x00000296f7a47bb0, 0x00000296f7a48650,
0x00000296f7a32970, 0x00000296f7a34ea0, 0x00000296f7a2ef00, 0x00000296f7a2fef0,
0x00000296f7a2e9b0, 0x00000296f7a31430, 0x00000296f7a31ed0, 0x00000296f7a353f0,
0x00000296f7a30440, 0x00000296f7a30990, 0x00000296f7a35940, 0x00000296f7a35e90,
0x00000296f7a30ee0, 0x00000296f7a34400, 0x00000296f7a34950, 0x00000296f7a2f450,
0x00000296f7a363e0, 0x00000296f7a2f9a0, 0x00000296f7a31980, 0x00000296f7a33410,
0x00000296f7a33960, 0x00000296f7a33eb0, 0x00000296f6cd5650, 0x00000296f6cd70e0,
0x00000296f6cd2130, 0x00000296f6cd7630, 0x00000296f6cd3670, 0x00000296f6cd4bb0,
0x00000296f6cd3120, 0x00000296f6cd7b80
}

Java Threads: ( => current thread )
  0x00000296cf9b36e0 JavaThread "main" [_thread_blocked, id=4164, stack(0x000000ab50a00000,0x000000ab50b00000)]
  0x00000296eda42e10 JavaThread "Reference Handler" daemon [_thread_blocked, id=10008, stack(0x000000ab51100000,0x000000ab51200000)]
  0x00000296eda43920 JavaThread "Finalizer" daemon [_thread_blocked, id=2536, stack(0x000000ab51200000,0x000000ab51300000)]
  0x00000296eda510a0 JavaThread "Signal Dispatcher" daemon [_thread_blocked, id=1932, stack(0x000000ab51300000,0x000000ab51400000)]
  0x00000296eda57de0 JavaThread "Attach Listener" daemon [_thread_blocked, id=6916, stack(0x000000ab51400000,0x000000ab51500000)]
  0x00000296eda586f0 JavaThread "Service Thread" daemon [_thread_blocked, id=2456, stack(0x000000ab51500000,0x000000ab51600000)]
  0x00000296eda5a010 JavaThread "Monitor Deflation Thread" daemon [_thread_blocked, id=2876, stack(0x000000ab51600000,0x000000ab51700000)]
  0x00000296eda5e150 JavaThread "C2 CompilerThread0" daemon [_thread_blocked, id=10712, stack(0x000000ab51700000,0x000000ab51800000)]
  0x00000296eda67ac0 JavaThread "C1 CompilerThread0" daemon [_thread_blocked, id=13284, stack(0x000000ab51800000,0x000000ab51900000)]
  0x00000296eda6c430 JavaThread "Sweeper thread" daemon [_thread_blocked, id=4368, stack(0x000000ab51900000,0x000000ab51a00000)]
  0x00000296ee4b7bf0 JavaThread "Common-Cleaner" daemon [_thread_blocked, id=3996, stack(0x000000ab51a00000,0x000000ab51b00000)]
  0x00000296ee4b9120 JavaThread "Notification Thread" daemon [_thread_blocked, id=5728, stack(0x000000ab51b00000,0x000000ab51c00000)]
  0x00000296eef26af0 JavaThread "Daemon health stats" [_thread_blocked, id=8496, stack(0x000000ab52300000,0x000000ab52400000)]
  0x00000296eef28ad0 JavaThread "Incoming local TCP Connector on port 63792" [_thread_in_native, id=272, stack(0x000000ab52400000,0x000000ab52500000)]
  0x00000296eef27590 JavaThread "Daemon periodic checks" [_thread_blocked, id=12520, stack(0x000000ab52500000,0x000000ab52600000)]
  0x00000296f0596480 JavaThread "Cache worker for journal cache (C:\Users\ITECH\.gradle\caches\journal-1)" [_thread_blocked, id=7304, stack(0x000000ab52100000,0x000000ab52200000)]
  0x00000296f05959e0 JavaThread "File lock request listener" [_thread_in_native, id=1560, stack(0x000000ab52d00000,0x000000ab52e00000)]
  0x00000296f0594f40 JavaThread "Cache worker for file hash cache (C:\Users\ITECH\.gradle\caches\7.3.3\fileHashes)" [_thread_blocked, id=448, stack(0x000000ab52e00000,0x000000ab52f00000)]
  0x00000296f0592f60 JavaThread "File watcher server" daemon [_thread_blocked, id=2852, stack(0x000000ab53300000,0x000000ab53400000)]
  0x00000296f0595f30 JavaThread "File watcher consumer" daemon [_thread_blocked, id=10256, stack(0x000000ab53400000,0x000000ab53500000)]
  0x00000296f0b0a900 JavaThread "jar transforms" [_thread_blocked, id=2660, stack(0x000000ab53500000,0x000000ab53600000)]
  0x00000296f0b08e70 JavaThread "jar transforms Thread 2" [_thread_blocked, id=12312, stack(0x000000ab53600000,0x000000ab53700000)]
  0x00000296f0b07930 JavaThread "jar transforms Thread 3" [_thread_blocked, id=6420, stack(0x000000ab53700000,0x000000ab53800000)]
  0x00000296f0b05ea0 JavaThread "jar transforms Thread 4" [_thread_blocked, id=3740, stack(0x000000ab53800000,0x000000ab53900000)]
  0x00000296f0b0b3a0 JavaThread "jar transforms Thread 5" [_thread_blocked, id=6788, stack(0x000000ab53900000,0x000000ab53a00000)]
  0x00000296f0b09e60 JavaThread "jar transforms Thread 6" [_thread_blocked, id=4828, stack(0x000000ab53a00000,0x000000ab53b00000)]
  0x00000296f0b07e80 JavaThread "jar transforms Thread 7" [_thread_blocked, id=9244, stack(0x000000ab53b00000,0x000000ab53c00000)]
  0x00000296f0b08920 JavaThread "jar transforms Thread 8" [_thread_blocked, id=2996, stack(0x000000ab53c00000,0x000000ab53d00000)]
  0x00000296f0b0ae50 JavaThread "Cache worker for execution history cache (C:\Users\ITECH\.gradle\caches\7.3.3\executionHistory)" [_thread_blocked, id=1464, stack(0x000000ab54200000,0x000000ab54300000)]
  0x00000296f0b09910 JavaThread "Cache worker for file content cache (C:\Users\ITECH\.gradle\caches\7.3.3\fileContent)" [_thread_blocked, id=8844, stack(0x000000ab54300000,0x000000ab54400000)]
  0x00000296f4e8a0a0 JavaThread "Memory manager" [_thread_blocked, id=7724, stack(0x000000ab59600000,0x000000ab59700000)]
  0x00000296f4e8b5e0 JavaThread "pool-3-thread-1" [_thread_blocked, id=13216, stack(0x000000ab59700000,0x000000ab59800000)]
  0x00000296f4e8a5f0 JavaThread "Daemon Thread 2" [_thread_blocked, id=6676, stack(0x000000ab50700000,0x000000ab50800000)]
  0x00000296f4e8f050 JavaThread "Handler for socket connection from /127.0.0.1:63792 to /127.0.0.1:63820" [_thread_in_native, id=7620, stack(0x000000ab50800000,0x000000ab50900000)]
  0x00000296f4e89600 JavaThread "Cancel handler" [_thread_blocked, id=9896, stack(0x000000ab50900000,0x000000ab50a00000)]
  0x00000296f4e8ab40 JavaThread "Daemon worker Thread 2" [_thread_blocked, id=3180, stack(0x000000ab51d00000,0x000000ab51e00000)]
  0x00000296f4e8b090 JavaThread "Asynchronous log dispatcher for DefaultDaemonConnection: socket connection from /127.0.0.1:63792 to /127.0.0.1:63820" [_thread_blocked, id=9936, stack(0x000000ab52600000,0x000000ab52700000)]
  0x00000296f4e890b0 JavaThread "Stdin handler" [_thread_blocked, id=8500, stack(0x000000ab52700000,0x000000ab52800000)]
  0x00000296f4e8e060 JavaThread "Daemon client event forwarder" [_thread_blocked, id=7296, stack(0x000000ab52800000,0x000000ab52900000)]
  0x00000296f4e8d070 JavaThread "Cache worker for file hash cache (C:\Users\ITECH\AndroidStudioProjects\yummy\.gradle\7.3.3\fileHashes)" [_thread_blocked, id=6820, stack(0x000000ab52900000,0x000000ab52a00000)]
  0x00000296fac5f5e0 JavaThread "C2 CompilerThread1" daemon [_thread_blocked, id=2956, stack(0x000000ab52a00000,0x000000ab52b00000)]
  0x00000296fac60100 JavaThread "C2 CompilerThread2" daemon [_thread_in_native, id=12640, stack(0x000000ab52b00000,0x000000ab52c00000)]
  0x00000296f4e8e5b0 JavaThread "Cache worker for checksums cache (C:\Users\ITECH\AndroidStudioProjects\yummy\.gradle\7.3.3\checksums)" [_thread_blocked, id=12436, stack(0x000000ab52c00000,0x000000ab52d00000)]
  0x00000296f4e8f5a0 JavaThread "Cache worker for cache directory md-supplier (C:\Users\ITECH\.gradle\caches\7.3.3\md-supplier)" [_thread_blocked, id=11612, stack(0x000000ab53200000,0x000000ab53300000)]
  0x00000296f4e8eb00 JavaThread "Cache worker for cache directory md-rule (C:\Users\ITECH\.gradle\caches\7.3.3\md-rule)" [_thread_blocked, id=9808, stack(0x000000ab53d00000,0x000000ab53e00000)]
  0x00000296f4e8faf0 JavaThread "Cache worker for dependencies-accessors (C:\Users\ITECH\AndroidStudioProjects\yummy\.gradle\7.3.3\dependencies-accessors)" [_thread_blocked, id=12604, stack(0x000000ab53f00000,0x000000ab54000000)]
  0x00000296f4e90040 JavaThread "Cache worker for Build Output Cleanup Cache (C:\Users\ITECH\AndroidStudioProjects\yummy\.gradle\buildOutputCleanup)" [_thread_blocked, id=6208, stack(0x000000ab54000000,0x000000ab54100000)]
  0x00000296f4e90ae0 JavaThread "Unconstrained build operations" [_thread_blocked, id=12116, stack(0x000000ab54100000,0x000000ab54200000)]
  0x00000296ee6fb590 JavaThread "Unconstrained build operations Thread 2" [_thread_blocked, id=13232, stack(0x000000ab54400000,0x000000ab54500000)]
  0x00000296ee6f9b00 JavaThread "Unconstrained build operations Thread 3" [_thread_blocked, id=13256, stack(0x000000ab54500000,0x000000ab54600000)]
  0x00000296ee6fc580 JavaThread "Unconstrained build operations Thread 4" [_thread_blocked, id=12244, stack(0x000000ab54600000,0x000000ab54700000)]
  0x00000296ee6f9060 JavaThread "Unconstrained build operations Thread 5" [_thread_blocked, id=11520, stack(0x000000ab54700000,0x000000ab54800000)]
  0x00000296ee6fb040 JavaThread "Unconstrained build operations Thread 6" [_thread_blocked, id=9468, stack(0x000000ab54800000,0x000000ab54900000)]
  0x00000296ee6f95b0 JavaThread "Unconstrained build operations Thread 7" [_thread_blocked, id=13280, stack(0x000000ab54900000,0x000000ab54a00000)]
  0x00000296ee6fa050 JavaThread "Unconstrained build operations Thread 8" [_thread_blocked, id=13184, stack(0x000000ab54a00000,0x000000ab54b00000)]
  0x00000296ee6fa5a0 JavaThread "Unconstrained build operations Thread 9" [_thread_blocked, id=5428, stack(0x000000ab54b00000,0x000000ab54c00000)]
  0x00000296ee6faaf0 JavaThread "Unconstrained build operations Thread 10" [_thread_blocked, id=2388, stack(0x000000ab54c00000,0x000000ab54d00000)]
  0x00000296eef27040 JavaThread "Unconstrained build operations Thread 11" [_thread_blocked, id=9020, stack(0x000000ab54d00000,0x000000ab54e00000)]
  0x00000296eef265a0 JavaThread "Unconstrained build operations Thread 12" [_thread_blocked, id=3684, stack(0x000000ab54e00000,0x000000ab54f00000)]
  0x00000296eef27ae0 JavaThread "Unconstrained build operations Thread 13" [_thread_blocked, id=6444, stack(0x000000ab54f00000,0x000000ab55000000)]
  0x00000296eef25b00 JavaThread "Unconstrained build operations Thread 14" [_thread_blocked, id=7608, stack(0x000000ab55000000,0x000000ab55100000)]
  0x00000296eef26050 JavaThread "Unconstrained build operations Thread 15" [_thread_blocked, id=12552, stack(0x000000ab55100000,0x000000ab55200000)]
  0x00000296eef28580 JavaThread "Unconstrained build operations Thread 16" [_thread_blocked, id=10076, stack(0x000000ab55200000,0x000000ab55300000)]
  0x00000296eef255b0 JavaThread "Unconstrained build operations Thread 17" [_thread_blocked, id=5096, stack(0x000000ab55300000,0x000000ab55400000)]
  0x00000296f05934b0 JavaThread "Unconstrained build operations Thread 18" [_thread_blocked, id=12476, stack(0x000000ab55400000,0x000000ab55500000)]
  0x00000296f0593a00 JavaThread "Unconstrained build operations Thread 19" [_thread_blocked, id=12348, stack(0x000000ab55500000,0x000000ab55600000)]
  0x00000296f0593f50 JavaThread "Unconstrained build operations Thread 20" [_thread_blocked, id=10952, stack(0x000000ab55600000,0x000000ab55700000)]
  0x00000296f05944a0 JavaThread "Unconstrained build operations Thread 21" [_thread_blocked, id=1448, stack(0x000000ab55700000,0x000000ab55800000)]
  0x00000296f05949f0 JavaThread "Unconstrained build operations Thread 22" [_thread_blocked, id=8672, stack(0x000000ab55800000,0x000000ab55900000)]
  0x00000296f0b0c8e0 JavaThread "Unconstrained build operations Thread 23" [_thread_blocked, id=13124, stack(0x000000ab55900000,0x000000ab55a00000)]
  0x00000296f0b0c390 JavaThread "Unconstrained build operations Thread 24" [_thread_blocked, id=9128, stack(0x000000ab55a00000,0x000000ab55b00000)]
  0x00000296f0b063f0 JavaThread "Unconstrained build operations Thread 25" [_thread_blocked, id=11668, stack(0x000000ab55b00000,0x000000ab55c00000)]
  0x00000296f0b06e90 JavaThread "Unconstrained build operations Thread 26" [_thread_blocked, id=7480, stack(0x000000ab55c00000,0x000000ab55d00000)]
  0x00000296f3bc5ea0 JavaThread "Unconstrained build operations Thread 27" [_thread_blocked, id=7280, stack(0x000000ab55d00000,0x000000ab55e00000)]
  0x00000296f3bc4410 JavaThread "Unconstrained build operations Thread 28" [_thread_blocked, id=1492, stack(0x000000ab55e00000,0x000000ab55f00000)]
  0x00000296f3bc6940 JavaThread "Unconstrained build operations Thread 29" [_thread_blocked, id=6748, stack(0x000000ab55f00000,0x000000ab56000000)]
  0x00000296f3bc4eb0 JavaThread "Unconstrained build operations Thread 30" [_thread_blocked, id=884, stack(0x000000ab56000000,0x000000ab56100000)]
  0x00000296f3bc4960 JavaThread "Unconstrained build operations Thread 31" [_thread_blocked, id=12700, stack(0x000000ab56100000,0x000000ab56200000)]
  0x00000296f3bc6e90 JavaThread "Unconstrained build operations Thread 32" [_thread_blocked, id=8284, stack(0x000000ab56200000,0x000000ab56300000)]
  0x00000296f3bc5950 JavaThread "Unconstrained build operations Thread 33" [_thread_blocked, id=132, stack(0x000000ab56300000,0x000000ab56400000)]
  0x00000296f3bc73e0 JavaThread "Unconstrained build operations Thread 34" [_thread_blocked, id=10876, stack(0x000000ab56400000,0x000000ab56500000)]
  0x00000296f3bc3ec0 JavaThread "Unconstrained build operations Thread 35" [_thread_blocked, id=9500, stack(0x000000ab56500000,0x000000ab56600000)]
  0x00000296f3bc5400 JavaThread "Unconstrained build operations Thread 36" [_thread_blocked, id=7720, stack(0x000000ab56600000,0x000000ab56700000)]
  0x00000296f3bc63f0 JavaThread "Unconstrained build operations Thread 37" [_thread_blocked, id=1784, stack(0x000000ab56700000,0x000000ab56800000)]
  0x00000296f7a43150 JavaThread "Unconstrained build operations Thread 38" [_thread_blocked, id=9596, stack(0x000000ab56800000,0x000000ab56900000)]
  0x00000296f7a48ba0 JavaThread "Unconstrained build operations Thread 39" [_thread_blocked, id=10196, stack(0x000000ab56900000,0x000000ab56a00000)]
  0x00000296f7a49640 JavaThread "Unconstrained build operations Thread 40" [_thread_blocked, id=5956, stack(0x000000ab56a00000,0x000000ab56b00000)]
  0x00000296f7a46bc0 JavaThread "Unconstrained build operations Thread 41" [_thread_blocked, id=8804, stack(0x000000ab56b00000,0x000000ab56c00000)]
  0x00000296f7a49b90 JavaThread "Unconstrained build operations Thread 42" [_thread_blocked, id=7832, stack(0x000000ab56c00000,0x000000ab56d00000)]
  0x00000296f7a4a630 JavaThread "Unconstrained build operations Thread 43" [_thread_blocked, id=9968, stack(0x000000ab56d00000,0x000000ab56e00000)]
  0x00000296f7a48100 JavaThread "Unconstrained build operations Thread 44" [_thread_blocked, id=4208, stack(0x000000ab56e00000,0x000000ab56f00000)]
  0x00000296f7a45bd0 JavaThread "Unconstrained build operations Thread 45" [_thread_blocked, id=4000, stack(0x000000ab56f00000,0x000000ab57000000)]
  0x00000296f7a45130 JavaThread "Unconstrained build operations Thread 46" [_thread_blocked, id=8552, stack(0x000000ab57000000,0x000000ab57100000)]
  0x00000296f7a44690 JavaThread "Unconstrained build operations Thread 47" [_thread_blocked, id=1712, stack(0x000000ab57100000,0x000000ab57200000)]
  0x00000296f7a46120 JavaThread "Unconstrained build operations Thread 48" [_thread_blocked, id=10124, stack(0x000000ab57200000,0x000000ab57300000)]
  0x00000296f7a45680 JavaThread "Unconstrained build operations Thread 49" [_thread_blocked, id=5084, stack(0x000000ab57300000,0x000000ab57400000)]
  0x00000296f7a490f0 JavaThread "Unconstrained build operations Thread 50" [_thread_blocked, id=6172, stack(0x000000ab57400000,0x000000ab57500000)]
  0x00000296f7a4ab80 JavaThread "Unconstrained build operations Thread 51" [_thread_blocked, id=10444, stack(0x000000ab57500000,0x000000ab57600000)]
  0x00000296f7a4a0e0 JavaThread "Unconstrained build operations Thread 52" [_thread_blocked, id=2988, stack(0x000000ab57600000,0x000000ab57700000)]
  0x00000296f7a436a0 JavaThread "Unconstrained build operations Thread 53" [_thread_blocked, id=2256, stack(0x000000ab57700000,0x000000ab57800000)]
  0x00000296f7a47660 JavaThread "Unconstrained build operations Thread 54" [_thread_blocked, id=3560, stack(0x000000ab57800000,0x000000ab57900000)]
  0x00000296f7a43bf0 JavaThread "Unconstrained build operations Thread 55" [_thread_blocked, id=10828, stack(0x000000ab57900000,0x000000ab57a00000)]
  0x00000296f7a46670 JavaThread "Unconstrained build operations Thread 56" [_thread_blocked, id=13276, stack(0x000000ab57a00000,0x000000ab57b00000)]
  0x00000296f7a44140 JavaThread "Unconstrained build operations Thread 57" [_thread_blocked, id=4736, stack(0x000000ab57b00000,0x000000ab57c00000)]
  0x00000296f7a44be0 JavaThread "Unconstrained build operations Thread 58" [_thread_blocked, id=10704, stack(0x000000ab57c00000,0x000000ab57d00000)]
  0x00000296f7a47110 JavaThread "Unconstrained build operations Thread 59" [_thread_blocked, id=12892, stack(0x000000ab57d00000,0x000000ab57e00000)]
  0x00000296f7a47bb0 JavaThread "Unconstrained build operations Thread 60" [_thread_blocked, id=6980, stack(0x000000ab57e00000,0x000000ab57f00000)]
  0x00000296f7a48650 JavaThread "Unconstrained build operations Thread 61" [_thread_blocked, id=3760, stack(0x000000ab57f00000,0x000000ab58000000)]
  0x00000296f7a32970 JavaThread "Unconstrained build operations Thread 62" [_thread_blocked, id=7644, stack(0x000000ab58000000,0x000000ab58100000)]
  0x00000296f7a34ea0 JavaThread "Unconstrained build operations Thread 63" [_thread_blocked, id=11944, stack(0x000000ab58100000,0x000000ab58200000)]
  0x00000296f7a2ef00 JavaThread "Unconstrained build operations Thread 64" [_thread_blocked, id=1740, stack(0x000000ab58200000,0x000000ab58300000)]
  0x00000296f7a2fef0 JavaThread "Unconstrained build operations Thread 65" [_thread_blocked, id=5440, stack(0x000000ab58300000,0x000000ab58400000)]
  0x00000296f7a2e9b0 JavaThread "Unconstrained build operations Thread 66" [_thread_blocked, id=6968, stack(0x000000ab58400000,0x000000ab58500000)]
  0x00000296f7a31430 JavaThread "Unconstrained build operations Thread 67" [_thread_blocked, id=3672, stack(0x000000ab58500000,0x000000ab58600000)]
  0x00000296f7a31ed0 JavaThread "Unconstrained build operations Thread 68" [_thread_blocked, id=11336, stack(0x000000ab58600000,0x000000ab58700000)]
  0x00000296f7a353f0 JavaThread "Unconstrained build operations Thread 69" [_thread_blocked, id=5624, stack(0x000000ab58700000,0x000000ab58800000)]
  0x00000296f7a30440 JavaThread "Unconstrained build operations Thread 70" [_thread_blocked, id=3612, stack(0x000000ab58800000,0x000000ab58900000)]
  0x00000296f7a30990 JavaThread "Unconstrained build operations Thread 71" [_thread_blocked, id=4036, stack(0x000000ab58900000,0x000000ab58a00000)]
  0x00000296f7a35940 JavaThread "Unconstrained build operations Thread 72" [_thread_blocked, id=12812, stack(0x000000ab58a00000,0x000000ab58b00000)]
  0x00000296f7a35e90 JavaThread "Unconstrained build operations Thread 73" [_thread_blocked, id=10480, stack(0x000000ab58b00000,0x000000ab58c00000)]
  0x00000296f7a30ee0 JavaThread "Unconstrained build operations Thread 74" [_thread_blocked, id=11796, stack(0x000000ab58c00000,0x000000ab58d00000)]
  0x00000296f7a34400 JavaThread "Unconstrained build operations Thread 75" [_thread_blocked, id=2176, stack(0x000000ab58d00000,0x000000ab58e00000)]
  0x00000296f7a34950 JavaThread "Unconstrained build operations Thread 76" [_thread_blocked, id=9388, stack(0x000000ab58e00000,0x000000ab58f00000)]
  0x00000296f7a2f450 JavaThread "Unconstrained build operations Thread 77" [_thread_blocked, id=4556, stack(0x000000ab58f00000,0x000000ab59000000)]
  0x00000296f7a363e0 JavaThread "Unconstrained build operations Thread 78" [_thread_blocked, id=2520, stack(0x000000ab59000000,0x000000ab59100000)]
  0x00000296f7a2f9a0 JavaThread "Unconstrained build operations Thread 79" [_thread_blocked, id=3780, stack(0x000000ab59100000,0x000000ab59200000)]
  0x00000296f7a31980 JavaThread "Unconstrained build operations Thread 80" [_thread_blocked, id=9628, stack(0x000000ab59200000,0x000000ab59300000)]
  0x00000296f7a33410 JavaThread "build event listener" [_thread_blocked, id=3100, stack(0x000000ab59300000,0x000000ab59400000)]
  0x00000296f7a33960 JavaThread "pool-6-thread-1" [_thread_blocked, id=6324, stack(0x000000ab59400000,0x000000ab59500000)]
  0x00000296f7a33eb0 JavaThread "build event listener" [_thread_blocked, id=10416, stack(0x000000ab59500000,0x000000ab59600000)]
  0x00000296f6cd5650 JavaThread "Execution worker for ':'" [_thread_blocked, id=11516, stack(0x000000ab59800000,0x000000ab59900000)]
  0x00000296f6cd70e0 JavaThread "Execution worker for ':' Thread 2" [_thread_blocked, id=9640, stack(0x000000ab59900000,0x000000ab59a00000)]
  0x00000296f6cd2130 JavaThread "Execution worker for ':' Thread 3" [_thread_blocked, id=1540, stack(0x000000ab59a00000,0x000000ab59b00000)]
  0x00000296f6cd7630 JavaThread "Execution worker for ':' Thread 4" [_thread_blocked, id=7496, stack(0x000000ab59b00000,0x000000ab59c00000)]
  0x00000296f6cd3670 JavaThread "Execution worker for ':' Thread 5" [_thread_blocked, id=320, stack(0x000000ab59c00000,0x000000ab59d00000)]
  0x00000296f6cd4bb0 JavaThread "Execution worker for ':' Thread 6" [_thread_blocked, id=7820, stack(0x000000ab59d00000,0x000000ab59e00000)]
  0x00000296f6cd3120 JavaThread "Execution worker for ':' Thread 7" [_thread_blocked, id=8816, stack(0x000000ab59e00000,0x000000ab59f00000)]
  0x00000296f6cd7b80 JavaThread "Cache worker for execution history cache (C:\Users\ITECH\AndroidStudioProjects\yummy\.gradle\7.3.3\executionHistory)" [_thread_blocked, id=10132, stack(0x000000ab59f00000,0x000000ab5a000000)]

Other Threads:
=>0x00000296eda3f410 VMThread "VM Thread" [stack: 0x000000ab51000000,0x000000ab51100000] [id=9264]
  0x00000296ee4b9640 WatcherThread [stack: 0x000000ab51c00000,0x000000ab51d00000] [id=2116]
  0x00000296cf9edc30 GCTaskThread "GC Thread#0" [stack: 0x000000ab50b00000,0x000000ab50c00000] [id=6824]
  0x00000296ef0d85c0 GCTaskThread "GC Thread#1" [stack: 0x000000ab51e00000,0x000000ab51f00000] [id=7200]
  0x00000296eeda3a20 GCTaskThread "GC Thread#2" [stack: 0x000000ab51f00000,0x000000ab52000000] [id=7292]
  0x00000296ef2b56f0 GCTaskThread "GC Thread#3" [stack: 0x000000ab52000000,0x000000ab52100000] [id=32]
  0x00000296ef814cc0 GCTaskThread "GC Thread#4" [stack: 0x000000ab52200000,0x000000ab52300000] [id=7816]
  0x00000296f3471dd0 GCTaskThread "GC Thread#5" [stack: 0x000000ab52f00000,0x000000ab53000000] [id=4072]
  0x00000296efbc6330 GCTaskThread "GC Thread#6" [stack: 0x000000ab53000000,0x000000ab53100000] [id=3924]
  0x00000296efa31890 GCTaskThread "GC Thread#7" [stack: 0x000000ab53100000,0x000000ab53200000] [id=9728]
  0x00000296cf9fec80 ConcurrentGCThread "G1 Main Marker" [stack: 0x000000ab50c00000,0x000000ab50d00000] [id=7868]
  0x00000296cf9ffe20 ConcurrentGCThread "G1 Conc#0" [stack: 0x000000ab50d00000,0x000000ab50e00000] [id=6956]
  0x00000296f08a8130 ConcurrentGCThread "G1 Conc#1" [stack: 0x000000ab53e00000,0x000000ab53f00000] [id=4692]
  0x00000296cfa88f50 ConcurrentGCThread "G1 Refine#0" [stack: 0x000000ab50e00000,0x000000ab50f00000] [id=8768]
  0x00000296f59285b0 ConcurrentGCThread "G1 Refine#1" [stack: 0x000000ab5a000000,0x000000ab5a100000] [id=1432]
  0x00000296f592b330 ConcurrentGCThread "G1 Refine#2" [stack: 0x000000ab5a100000,0x000000ab5a200000] [id=8504]
  0x00000296f592a630 ConcurrentGCThread "G1 Refine#3" [stack: 0x000000ab5a200000,0x000000ab5a300000] [id=10800]
  0x00000296f592b670 ConcurrentGCThread "G1 Refine#4" [stack: 0x000000ab5a300000,0x000000ab5a400000] [id=2592]
  0x00000296cfa8a8f0 ConcurrentGCThread "G1 Service" [stack: 0x000000ab50f00000,0x000000ab51000000] [id=5376]

Threads with active compile tasks:
C2 CompilerThread0   465283 13290 %     4       java.lang.StringUTF16::getChars @ 16 (42 bytes)
C2 CompilerThread1   465284 13286       4       com.android.utils.XmlUtils::append (645 bytes)
C2 CompilerThread2   465284 13134 % !   4       com.android.ide.common.resources.DataMerger::mergeData @ 247 (611 bytes)

VM state: at safepoint (normal execution)

VM Mutex/Monitor currently owned by a thread:  ([mutex/lock_event])
[0x00000296cf9b0760] Threads_lock - owner thread: 0x00000296eda3f410
[0x00000296cf9af950] Heap_lock - owner thread: 0x00000296cf9fec80

Heap address: 0x0000000080000000, size: 2048 MB, Compressed Oops mode: 32-bit

CDS archive(s) mapped at: [0x0000000800000000-0x0000000800bb0000-0x0000000800bb0000), size 12255232, SharedBaseAddress: 0x0000000800000000, ArchiveRelocationMode: 0.
Compressed class space mapped at: 0x0000000800c00000-0x0000000840c00000, reserved size: 1073741824
Narrow klass base: 0x0000000800000000, Narrow klass shift: 3, Narrow klass range: 0x100000000

GC Precious Log:
 CPUs: 8 total, 8 available
 Memory: 7959M
 Large Page Support: Disabled
 NUMA Support: Disabled
 Compressed Oops: Enabled (32-bit)
 Heap Region Size: 1M
 Heap Min Capacity: 8M
 Heap Initial Capacity: 126M
 Heap Max Capacity: 2G
 Pre-touch: Disabled
 Parallel Workers: 8
 Concurrent Workers: 2
 Concurrent Refinement Workers: 8
 Periodic GC: Disabled

Heap:
 garbage-first heap   total 224256K, used 163274K [0x0000000080000000, 0x0000000100000000)
  region size 1024K, 9 young (9216K), 7 survivors (7168K)
 Metaspace       used 93644K, committed 94400K, reserved 1138688K
  class space    used 12043K, committed 12416K, reserved 1048576K

Heap Regions: E=young(eden), S=young(survivor), O=old, HS=humongous(starts), HC=humongous(continues), CS=collection set, F=free, OA=open archive, CA=closed archive, TAMS=top-at-mark-start (previous, next)
|   0|0x0000000080000000, 0x0000000080100000, 0x0000000080100000|100%|HS|  |TAMS 0x0000000080100000, 0x0000000080000000| Complete 
|   1|0x0000000080100000, 0x0000000080200000, 0x0000000080200000|100%| O|  |TAMS 0x0000000080200000, 0x0000000080100000| Updating 
|   2|0x0000000080200000, 0x0000000080300000, 0x0000000080300000|100%| O|  |TAMS 0x0000000080300000, 0x0000000080200000| Updating 
|   3|0x0000000080300000, 0x0000000080400000, 0x0000000080400000|100%|HS|  |TAMS 0x0000000080400000, 0x0000000080300000| Complete 
|   4|0x0000000080400000, 0x0000000080500000, 0x0000000080500000|100%|HC|  |TAMS 0x0000000080500000, 0x0000000080400000| Complete 
|   5|0x0000000080500000, 0x0000000080600000, 0x0000000080600000|100%|HC|  |TAMS 0x0000000080600000, 0x0000000080500000| Complete 
|   6|0x0000000080600000, 0x0000000080700000, 0x0000000080700000|100%| O|  |TAMS 0x0000000080700000, 0x0000000080600000| Updating 
|   7|0x0000000080700000, 0x0000000080800000, 0x0000000080800000|100%| O|  |TAMS 0x0000000080800000, 0x0000000080700000| Updating 
|   8|0x0000000080800000, 0x0000000080900000, 0x0000000080900000|100%| O|  |TAMS 0x0000000080900000, 0x0000000080800000| Updating 
|   9|0x0000000080900000, 0x0000000080a00000, 0x0000000080a00000|100%| O|  |TAMS 0x0000000080a00000, 0x0000000080900000| Updating 
|  10|0x0000000080a00000, 0x0000000080b00000, 0x0000000080b00000|100%|HS|  |TAMS 0x0000000080b00000, 0x0000000080a00000| Complete 
|  11|0x0000000080b00000, 0x0000000080c00000, 0x0000000080c00000|100%|HC|  |TAMS 0x0000000080c00000, 0x0000000080b00000| Complete 
|  12|0x0000000080c00000, 0x0000000080d00000, 0x0000000080d00000|100%|HS|  |TAMS 0x0000000080d00000, 0x0000000080c00000| Complete 
|  13|0x0000000080d00000, 0x0000000080e00000, 0x0000000080e00000|100%|HC|  |TAMS 0x0000000080e00000, 0x0000000080d00000| Complete 
|  14|0x0000000080e00000, 0x0000000080f00000, 0x0000000080f00000|100%|HC|  |TAMS 0x0000000080f00000, 0x0000000080e00000| Complete 
|  15|0x0000000080f00000, 0x0000000081000000, 0x0000000081000000|100%|HS|  |TAMS 0x0000000081000000, 0x0000000080f00000| Complete 
|  16|0x0000000081000000, 0x0000000081100000, 0x0000000081100000|100%|HC|  |TAMS 0x0000000081100000, 0x0000000081000000| Complete 
|  17|0x0000000081100000, 0x0000000081200000, 0x0000000081200000|100%|HC|  |TAMS 0x0000000081200000, 0x0000000081100000| Complete 
|  18|0x0000000081200000, 0x0000000081300000, 0x0000000081300000|100%|HC|  |TAMS 0x0000000081300000, 0x0000000081200000| Complete 
|  19|0x0000000081300000, 0x0000000081400000, 0x0000000081400000|100%| O|  |TAMS 0x0000000081400000, 0x0000000081300000| Updating 
|  20|0x0000000081400000, 0x0000000081500000, 0x0000000081500000|100%| O|  |TAMS 0x0000000081500000, 0x0000000081400000| Updating 
|  21|0x0000000081500000, 0x0000000081600000, 0x0000000081600000|100%| O|  |TAMS 0x0000000081600000, 0x0000000081500000| Updating 
|  22|0x0000000081600000, 0x0000000081700000, 0x0000000081700000|100%| O|  |TAMS 0x0000000081700000, 0x0000000081600000| Updating 
|  23|0x0000000081700000, 0x0000000081800000, 0x0000000081800000|100%| O|  |TAMS 0x0000000081800000, 0x0000000081700000| Updating 
|  24|0x0000000081800000, 0x0000000081900000, 0x0000000081900000|100%| O|  |TAMS 0x0000000081900000, 0x0000000081800000| Updating 
|  25|0x0000000081900000, 0x0000000081a00000, 0x0000000081a00000|100%| O|  |TAMS 0x0000000081a00000, 0x0000000081900000| Updating 
|  26|0x0000000081a00000, 0x0000000081b00000, 0x0000000081b00000|100%| O|  |TAMS 0x0000000081b00000, 0x0000000081a00000| Updating 
|  27|0x0000000081b00000, 0x0000000081c00000, 0x0000000081c00000|100%| O|  |TAMS 0x0000000081c00000, 0x0000000081b00000| Updating 
|  28|0x0000000081c00000, 0x0000000081c52c00, 0x0000000081d00000| 32%| O|  |TAMS 0x0000000081c52c00, 0x0000000081c00000| Updating 
|  29|0x0000000081d00000, 0x0000000081e00000, 0x0000000081e00000|100%| O|  |TAMS 0x0000000081e00000, 0x0000000081d00000| Updating 
|  30|0x0000000081e00000, 0x0000000081f00000, 0x0000000081f00000|100%| O|  |TAMS 0x0000000081f00000, 0x0000000081e00000| Updating 
|  31|0x0000000081f00000, 0x0000000082000000, 0x0000000082000000|100%| O|  |TAMS 0x0000000082000000, 0x0000000081f00000| Updating 
|  32|0x0000000082000000, 0x0000000082100000, 0x0000000082100000|100%| O|  |TAMS 0x0000000082100000, 0x0000000082000000| Updating 
|  33|0x0000000082100000, 0x0000000082200000, 0x0000000082200000|100%| O|  |TAMS 0x0000000082200000, 0x0000000082100000| Updating 
|  34|0x0000000082200000, 0x0000000082300000, 0x0000000082300000|100%|HS|  |TAMS 0x0000000082300000, 0x0000000082200000| Complete 
|  35|0x0000000082300000, 0x0000000082400000, 0x0000000082400000|100%|HS|  |TAMS 0x0000000082400000, 0x0000000082300000| Complete 
|  36|0x0000000082400000, 0x0000000082500000, 0x0000000082500000|100%|HC|  |TAMS 0x0000000082500000, 0x0000000082400000| Complete 
|  37|0x0000000082500000, 0x0000000082600000, 0x0000000082600000|100%|HC|  |TAMS 0x0000000082600000, 0x0000000082500000| Complete 
|  38|0x0000000082600000, 0x0000000082700000, 0x0000000082700000|100%| O|  |TAMS 0x0000000082700000, 0x0000000082600000| Updating 
|  39|0x0000000082700000, 0x0000000082800000, 0x0000000082800000|100%| O|  |TAMS 0x0000000082800000, 0x0000000082700000| Updating 
|  40|0x0000000082800000, 0x0000000082900000, 0x0000000082900000|100%| O|  |TAMS 0x0000000082900000, 0x0000000082800000| Updating 
|  41|0x0000000082900000, 0x0000000082a00000, 0x0000000082a00000|100%| O|  |TAMS 0x0000000082a00000, 0x0000000082900000| Updating 
|  42|0x0000000082a00000, 0x0000000082b00000, 0x0000000082b00000|100%| O|  |TAMS 0x0000000082b00000, 0x0000000082a00000| Updating 
|  43|0x0000000082b00000, 0x0000000082c00000, 0x0000000082c00000|100%| O|  |TAMS 0x0000000082c00000, 0x0000000082b00000| Updating 
|  44|0x0000000082c00000, 0x0000000082d00000, 0x0000000082d00000|100%| O|  |TAMS 0x0000000082d00000, 0x0000000082c00000| Updating 
|  45|0x0000000082d00000, 0x0000000082e00000, 0x0000000082e00000|100%| O|  |TAMS 0x0000000082e00000, 0x0000000082d00000| Updating 
|  46|0x0000000082e00000, 0x0000000082f00000, 0x0000000082f00000|100%|HS|  |TAMS 0x0000000082f00000, 0x0000000082e00000| Complete 
|  47|0x0000000082f00000, 0x0000000083000000, 0x0000000083000000|100%|HC|  |TAMS 0x0000000083000000, 0x0000000082f00000| Complete 
|  48|0x0000000083000000, 0x0000000083100000, 0x0000000083100000|100%|HC|  |TAMS 0x0000000083100000, 0x0000000083000000| Complete 
|  49|0x0000000083100000, 0x0000000083200000, 0x0000000083200000|100%|HC|  |TAMS 0x0000000083200000, 0x0000000083100000| Complete 
|  50|0x0000000083200000, 0x0000000083300000, 0x0000000083300000|100%| O|  |TAMS 0x0000000083300000, 0x0000000083200000| Updating 
|  51|0x0000000083300000, 0x0000000083400000, 0x0000000083400000|100%| O|  |TAMS 0x0000000083400000, 0x0000000083300000| Updating 
|  52|0x0000000083400000, 0x0000000083500000, 0x0000000083500000|100%| O|  |TAMS 0x0000000083500000, 0x0000000083400000| Updating 
|  53|0x0000000083500000, 0x0000000083600000, 0x0000000083600000|100%| O|  |TAMS 0x0000000083600000, 0x0000000083500000| Updating 
|  54|0x0000000083600000, 0x0000000083700000, 0x0000000083700000|100%| O|  |TAMS 0x0000000083700000, 0x0000000083600000| Updating 
|  55|0x0000000083700000, 0x0000000083800000, 0x0000000083800000|100%| O|  |TAMS 0x0000000083800000, 0x0000000083700000| Updating 
|  56|0x0000000083800000, 0x0000000083900000, 0x0000000083900000|100%| O|  |TAMS 0x0000000083900000, 0x0000000083800000| Updating 
|  57|0x0000000083900000, 0x0000000083a00000, 0x0000000083a00000|100%|HS|  |TAMS 0x0000000083a00000, 0x0000000083900000| Complete 
|  58|0x0000000083a00000, 0x0000000083b00000, 0x0000000083b00000|100%|HS|  |TAMS 0x0000000083b00000, 0x0000000083a00000| Complete 
|  59|0x0000000083b00000, 0x0000000083c00000, 0x0000000083c00000|100%| O|  |TAMS 0x0000000083c00000, 0x0000000083b00000| Updating 
|  60|0x0000000083c00000, 0x0000000083d00000, 0x0000000083d00000|100%| O|  |TAMS 0x0000000083d00000, 0x0000000083c00000| Updating 
|  61|0x0000000083d00000, 0x0000000083e00000, 0x0000000083e00000|100%| O|  |TAMS 0x0000000083e00000, 0x0000000083d00000| Updating 
|  62|0x0000000083e00000, 0x0000000083f00000, 0x0000000083f00000|100%|HS|  |TAMS 0x0000000083f00000, 0x0000000083e00000| Complete 
|  63|0x0000000083f00000, 0x0000000084000000, 0x0000000084000000|100%|HC|  |TAMS 0x0000000084000000, 0x0000000083f00000| Complete 
|  64|0x0000000084000000, 0x0000000084100000, 0x0000000084100000|100%| O|  |TAMS 0x0000000084100000, 0x0000000084000000| Updating 
|  65|0x0000000084100000, 0x0000000084200000, 0x0000000084200000|100%| O|  |TAMS 0x0000000084200000, 0x0000000084100000| Updating 
|  66|0x0000000084200000, 0x0000000084300000, 0x0000000084300000|100%| O|  |TAMS 0x0000000084300000, 0x0000000084200000| Updating 
|  67|0x0000000084300000, 0x0000000084400000, 0x0000000084400000|100%| O|  |TAMS 0x0000000084400000, 0x0000000084300000| Updating 
|  68|0x0000000084400000, 0x0000000084500000, 0x0000000084500000|100%| O|  |TAMS 0x0000000084500000, 0x0000000084400000| Updating 
|  69|0x0000000084500000, 0x0000000084600000, 0x0000000084600000|100%| O|  |TAMS 0x0000000084600000, 0x0000000084500000| Updating 
|  70|0x0000000084600000, 0x0000000084700000, 0x0000000084700000|100%| O|  |TAMS 0x0000000084700000, 0x0000000084600000| Updating 
|  71|0x0000000084700000, 0x0000000084800000, 0x0000000084800000|100%| O|  |TAMS 0x0000000084800000, 0x0000000084700000| Updating 
|  72|0x0000000084800000, 0x0000000084900000, 0x0000000084900000|100%| O|  |TAMS 0x0000000084900000, 0x0000000084800000| Updating 
|  73|0x0000000084900000, 0x0000000084a00000, 0x0000000084a00000|100%| O|  |TAMS 0x0000000084a00000, 0x0000000084900000| Updating 
|  74|0x0000000084a00000, 0x0000000084b00000, 0x0000000084b00000|100%| O|  |TAMS 0x0000000084b00000, 0x0000000084a00000| Updating 
|  75|0x0000000084b00000, 0x0000000084c00000, 0x0000000084c00000|100%| O|  |TAMS 0x0000000084c00000, 0x0000000084b00000| Updating 
|  76|0x0000000084c00000, 0x0000000084d00000, 0x0000000084d00000|100%| O|  |TAMS 0x0000000084d00000, 0x0000000084c00000| Updating 
|  77|0x0000000084d00000, 0x0000000084e00000, 0x0000000084e00000|100%| O|  |TAMS 0x0000000084e00000, 0x0000000084d00000| Updating 
|  78|0x0000000084e00000, 0x0000000084f00000, 0x0000000084f00000|100%| O|  |TAMS 0x0000000084f00000, 0x0000000084e00000| Updating 
|  79|0x0000000084f00000, 0x0000000085000000, 0x0000000085000000|100%| O|  |TAMS 0x0000000085000000, 0x0000000084f00000| Updating 
|  80|0x0000000085000000, 0x0000000085100000, 0x0000000085100000|100%| O|  |TAMS 0x0000000085100000, 0x0000000085000000| Updating 
|  81|0x0000000085100000, 0x0000000085200000, 0x0000000085200000|100%| O|  |TAMS 0x0000000085200000, 0x0000000085100000| Updating 
|  82|0x0000000085200000, 0x0000000085300000, 0x0000000085300000|100%|HS|  |TAMS 0x0000000085300000, 0x0000000085200000| Complete 
|  83|0x0000000085300000, 0x0000000085400000, 0x0000000085400000|100%|HC|  |TAMS 0x0000000085400000, 0x0000000085300000| Complete 
|  84|0x0000000085400000, 0x0000000085500000, 0x0000000085500000|100%|HS|  |TAMS 0x0000000085500000, 0x0000000085400000| Complete 
|  85|0x0000000085500000, 0x0000000085600000, 0x0000000085600000|100%|HC|  |TAMS 0x0000000085600000, 0x0000000085500000| Complete 
|  86|0x0000000085600000, 0x0000000085700000, 0x0000000085700000|100%|HC|  |TAMS 0x0000000085700000, 0x0000000085600000| Complete 
|  87|0x0000000085700000, 0x0000000085800000, 0x0000000085800000|100%|HS|  |TAMS 0x0000000085800000, 0x0000000085700000| Complete 
|  88|0x0000000085800000, 0x0000000085900000, 0x0000000085900000|100%|HS|  |TAMS 0x0000000085900000, 0x0000000085800000| Complete 
|  89|0x0000000085900000, 0x0000000085a00000, 0x0000000085a00000|100%|HC|  |TAMS 0x0000000085a00000, 0x0000000085900000| Complete 
|  90|0x0000000085a00000, 0x0000000085b00000, 0x0000000085b00000|100%|HC|  |TAMS 0x0000000085b00000, 0x0000000085a00000| Complete 
|  91|0x0000000085b00000, 0x0000000085c00000, 0x0000000085c00000|100%|HC|  |TAMS 0x0000000085c00000, 0x0000000085b00000| Complete 
|  92|0x0000000085c00000, 0x0000000085d00000, 0x0000000085d00000|100%| O|  |TAMS 0x0000000085d00000, 0x0000000085c00000| Updating 
|  93|0x0000000085d00000, 0x0000000085e00000, 0x0000000085e00000|100%| O|  |TAMS 0x0000000085e00000, 0x0000000085d00000| Updating 
|  94|0x0000000085e00000, 0x0000000085f00000, 0x0000000085f00000|100%| O|  |TAMS 0x0000000085f00000, 0x0000000085e00000| Updating 
|  95|0x0000000085f00000, 0x0000000086000000, 0x0000000086000000|100%| O|  |TAMS 0x0000000086000000, 0x0000000085f00000| Updating 
|  96|0x0000000086000000, 0x0000000086100000, 0x0000000086100000|100%| O|  |TAMS 0x0000000086100000, 0x0000000086000000| Updating 
|  97|0x0000000086100000, 0x0000000086200000, 0x0000000086200000|100%| O|  |TAMS 0x0000000086200000, 0x0000000086100000| Updating 
|  98|0x0000000086200000, 0x0000000086300000, 0x0000000086300000|100%| O|  |TAMS 0x0000000086300000, 0x0000000086200000| Updating 
|  99|0x0000000086300000, 0x0000000086400000, 0x0000000086400000|100%| O|  |TAMS 0x0000000086400000, 0x0000000086300000| Updating 
| 100|0x0000000086400000, 0x0000000086500000, 0x0000000086500000|100%| O|  |TAMS 0x0000000086500000, 0x0000000086400000| Updating 
| 101|0x0000000086500000, 0x0000000086600000, 0x0000000086600000|100%| O|  |TAMS 0x0000000086600000, 0x0000000086500000| Updating 
| 102|0x0000000086600000, 0x0000000086700000, 0x0000000086700000|100%| O|  |TAMS 0x0000000086700000, 0x0000000086600000| Updating 
| 103|0x0000000086700000, 0x0000000086800000, 0x0000000086800000|100%| O|  |TAMS 0x0000000086800000, 0x0000000086700000| Updating 
| 104|0x0000000086800000, 0x0000000086900000, 0x0000000086900000|100%| O|  |TAMS 0x0000000086900000, 0x0000000086800000| Updating 
| 105|0x0000000086900000, 0x0000000086a00000, 0x0000000086a00000|100%| O|  |TAMS 0x0000000086a00000, 0x0000000086900000| Updating 
| 106|0x0000000086a00000, 0x0000000086b00000, 0x0000000086b00000|100%| O|  |TAMS 0x0000000086b00000, 0x0000000086a00000| Updating 
| 107|0x0000000086b00000, 0x0000000086c00000, 0x0000000086c00000|100%| O|  |TAMS 0x0000000086c00000, 0x0000000086b00000| Updating 
| 108|0x0000000086c00000, 0x0000000086d00000, 0x0000000086d00000|100%| O|  |TAMS 0x0000000086d00000, 0x0000000086c00000| Updating 
| 109|0x0000000086d00000, 0x0000000086e00000, 0x0000000086e00000|100%| O|  |TAMS 0x0000000086e00000, 0x0000000086d00000| Updating 
| 110|0x0000000086e00000, 0x0000000086f00000, 0x0000000086f00000|100%| O|  |TAMS 0x0000000086f00000, 0x0000000086e00000| Updating 
| 111|0x0000000086f00000, 0x0000000087000000, 0x0000000087000000|100%| O|  |TAMS 0x0000000087000000, 0x0000000086f00000| Updating 
| 112|0x0000000087000000, 0x0000000087100000, 0x0000000087100000|100%| O|  |TAMS 0x0000000087100000, 0x0000000087000000| Updating 
| 113|0x0000000087100000, 0x0000000087200000, 0x0000000087200000|100%| O|  |TAMS 0x0000000087200000, 0x0000000087100000| Updating 
| 114|0x0000000087200000, 0x0000000087300000, 0x0000000087300000|100%| O|  |TAMS 0x0000000087300000, 0x0000000087200000| Updating 
| 115|0x0000000087300000, 0x0000000087400000, 0x0000000087400000|100%| O|  |TAMS 0x0000000087400000, 0x0000000087300000| Updating 
| 116|0x0000000087400000, 0x0000000087500000, 0x0000000087500000|100%| O|  |TAMS 0x0000000087500000, 0x0000000087400000| Updating 
| 117|0x0000000087500000, 0x0000000087600000, 0x0000000087600000|100%| O|  |TAMS 0x0000000087600000, 0x0000000087500000| Updating 
| 118|0x0000000087600000, 0x0000000087700000, 0x0000000087700000|100%| O|  |TAMS 0x0000000087700000, 0x0000000087600000| Updating 
| 119|0x0000000087700000, 0x0000000087800000, 0x0000000087800000|100%| O|  |TAMS 0x0000000087800000, 0x0000000087700000| Updating 
| 120|0x0000000087800000, 0x0000000087900000, 0x0000000087900000|100%| O|  |TAMS 0x0000000087900000, 0x0000000087800000| Updating 
| 121|0x0000000087900000, 0x0000000087a00000, 0x0000000087a00000|100%| O|  |TAMS 0x0000000087931200, 0x0000000087900000| Updating 
| 122|0x0000000087a00000, 0x0000000087b00000, 0x0000000087b00000|100%|HS|  |TAMS 0x0000000087a00000, 0x0000000087a00000| Complete 
| 123|0x0000000087b00000, 0x0000000087b00000, 0x0000000087c00000|  0%| F|  |TAMS 0x0000000087b00000, 0x0000000087b00000| Untracked 
| 124|0x0000000087c00000, 0x0000000087d00000, 0x0000000087d00000|100%| O|  |TAMS 0x0000000087c00000, 0x0000000087c00000| Untracked 
| 125|0x0000000087d00000, 0x0000000087e00000, 0x0000000087e00000|100%| O|  |TAMS 0x0000000087d00000, 0x0000000087d00000| Untracked 
| 126|0x0000000087e00000, 0x0000000087f00000, 0x0000000087f00000|100%| O|  |TAMS 0x0000000087e00000, 0x0000000087e00000| Untracked 
| 127|0x0000000087f00000, 0x0000000088000000, 0x0000000088000000|100%| O|  |TAMS 0x0000000087f00000, 0x0000000087f00000| Untracked 
| 128|0x0000000088000000, 0x0000000088100000, 0x0000000088100000|100%| O|  |TAMS 0x0000000088000000, 0x0000000088000000| Untracked 
| 129|0x0000000088100000, 0x0000000088200000, 0x0000000088200000|100%| O|  |TAMS 0x0000000088100000, 0x0000000088100000| Untracked 
| 130|0x0000000088200000, 0x0000000088300000, 0x0000000088300000|100%| O|  |TAMS 0x0000000088200000, 0x0000000088200000| Untracked 
| 131|0x0000000088300000, 0x0000000088400000, 0x0000000088400000|100%| O|  |TAMS 0x0000000088300000, 0x0000000088300000| Untracked 
| 132|0x0000000088400000, 0x0000000088500000, 0x0000000088500000|100%| O|  |TAMS 0x0000000088400000, 0x0000000088400000| Untracked 
| 133|0x0000000088500000, 0x0000000088600000, 0x0000000088600000|100%| O|  |TAMS 0x0000000088500000, 0x0000000088500000| Untracked 
| 134|0x0000000088600000, 0x0000000088700000, 0x0000000088700000|100%| O|  |TAMS 0x0000000088600000, 0x0000000088600000| Untracked 
| 135|0x0000000088700000, 0x0000000088800000, 0x0000000088800000|100%| O|  |TAMS 0x0000000088700000, 0x0000000088700000| Untracked 
| 136|0x0000000088800000, 0x0000000088900000, 0x0000000088900000|100%| O|  |TAMS 0x0000000088800000, 0x0000000088800000| Untracked 
| 137|0x0000000088900000, 0x0000000088a00000, 0x0000000088a00000|100%| O|  |TAMS 0x0000000088900000, 0x0000000088900000| Untracked 
| 138|0x0000000088a00000, 0x0000000088b00000, 0x0000000088b00000|100%| O|  |TAMS 0x0000000088a00000, 0x0000000088a00000| Untracked 
| 139|0x0000000088b00000, 0x0000000088b1fe00, 0x0000000088c00000| 12%| O|  |TAMS 0x0000000088b00000, 0x0000000088b00000| Updating 
| 140|0x0000000088c00000, 0x0000000088d00000, 0x0000000088d00000|100%|HS|  |TAMS 0x0000000088c00000, 0x0000000088c00000| Complete 
| 141|0x0000000088d00000, 0x0000000088e00000, 0x0000000088e00000|100%|HC|  |TAMS 0x0000000088d00000, 0x0000000088d00000| Complete 
| 142|0x0000000088e00000, 0x0000000088f00000, 0x0000000088f00000|100%|HS|  |TAMS 0x0000000088e00000, 0x0000000088e00000| Complete 
| 143|0x0000000088f00000, 0x0000000089000000, 0x0000000089000000|100%|HC|  |TAMS 0x0000000088f00000, 0x0000000088f00000| Complete 
| 144|0x0000000089000000, 0x0000000089100000, 0x0000000089100000|100%|HC|  |TAMS 0x0000000089000000, 0x0000000089000000| Complete 
| 145|0x0000000089100000, 0x0000000089200000, 0x0000000089200000|100%|HC|  |TAMS 0x0000000089100000, 0x0000000089100000| Complete 
| 146|0x0000000089200000, 0x0000000089300000, 0x0000000089300000|100%|HS|  |TAMS 0x0000000089200000, 0x0000000089200000| Complete 
| 147|0x0000000089300000, 0x0000000089400000, 0x0000000089400000|100%|HC|  |TAMS 0x0000000089300000, 0x0000000089300000| Complete 
| 148|0x0000000089400000, 0x0000000089500000, 0x0000000089500000|100%|HS|  |TAMS 0x0000000089400000, 0x0000000089400000| Complete 
| 149|0x0000000089500000, 0x0000000089600000, 0x0000000089600000|100%|HC|  |TAMS 0x0000000089500000, 0x0000000089500000| Complete 
| 150|0x0000000089600000, 0x0000000089700000, 0x0000000089700000|100%|HC|  |TAMS 0x0000000089600000, 0x0000000089600000| Complete 
| 151|0x0000000089700000, 0x0000000089800000, 0x0000000089800000|100%|HS|  |TAMS 0x0000000089700000, 0x0000000089700000| Complete 
| 152|0x0000000089800000, 0x0000000089900000, 0x0000000089900000|100%|HC|  |TAMS 0x0000000089800000, 0x0000000089800000| Complete 
| 153|0x0000000089900000, 0x0000000089a00000, 0x0000000089a00000|100%|HC|  |TAMS 0x0000000089900000, 0x0000000089900000| Complete 
| 154|0x0000000089a00000, 0x0000000089a00000, 0x0000000089b00000|  0%| F|  |TAMS 0x0000000089a00000, 0x0000000089a00000| Untracked 
| 155|0x0000000089b00000, 0x0000000089b00000, 0x0000000089c00000|  0%| F|  |TAMS 0x0000000089b00000, 0x0000000089b00000| Untracked 
| 156|0x0000000089c00000, 0x0000000089c00000, 0x0000000089d00000|  0%| F|  |TAMS 0x0000000089c00000, 0x0000000089c00000| Untracked 
| 157|0x0000000089d00000, 0x0000000089d00000, 0x0000000089e00000|  0%| F|  |TAMS 0x0000000089d00000, 0x0000000089d00000| Untracked 
| 158|0x0000000089e00000, 0x0000000089e00000, 0x0000000089f00000|  0%| F|  |TAMS 0x0000000089e00000, 0x0000000089e00000| Untracked 
| 159|0x0000000089f00000, 0x0000000089f00000, 0x000000008a000000|  0%| F|  |TAMS 0x0000000089f00000, 0x0000000089f00000| Untracked 
| 160|0x000000008a000000, 0x000000008a000000, 0x000000008a100000|  0%| F|  |TAMS 0x000000008a000000, 0x000000008a000000| Untracked 
| 161|0x000000008a100000, 0x000000008a100000, 0x000000008a200000|  0%| F|  |TAMS 0x000000008a100000, 0x000000008a100000| Untracked 
| 162|0x000000008a200000, 0x000000008a200000, 0x000000008a300000|  0%| F|  |TAMS 0x000000008a200000, 0x000000008a200000| Untracked 
| 163|0x000000008a300000, 0x000000008a300000, 0x000000008a400000|  0%| F|  |TAMS 0x000000008a300000, 0x000000008a300000| Untracked 
| 164|0x000000008a400000, 0x000000008a400000, 0x000000008a500000|  0%| F|  |TAMS 0x000000008a400000, 0x000000008a400000| Untracked 
| 165|0x000000008a500000, 0x000000008a600000, 0x000000008a600000|100%| S|CS|TAMS 0x000000008a500000, 0x000000008a500000| Complete 
| 166|0x000000008a600000, 0x000000008a700000, 0x000000008a700000|100%| S|CS|TAMS 0x000000008a600000, 0x000000008a600000| Complete 
| 167|0x000000008a700000, 0x000000008a800000, 0x000000008a800000|100%| S|CS|TAMS 0x000000008a700000, 0x000000008a700000| Complete 
| 168|0x000000008a800000, 0x000000008a900000, 0x000000008a900000|100%| S|CS|TAMS 0x000000008a800000, 0x000000008a800000| Complete 
| 169|0x000000008a900000, 0x000000008aa00000, 0x000000008aa00000|100%| S|CS|TAMS 0x000000008a900000, 0x000000008a900000| Complete 
| 170|0x000000008aa00000, 0x000000008ab00000, 0x000000008ab00000|100%| S|CS|TAMS 0x000000008aa00000, 0x000000008aa00000| Complete 
| 171|0x000000008ab00000, 0x000000008ac00000, 0x000000008ac00000|100%| S|CS|TAMS 0x000000008ab00000, 0x000000008ab00000| Complete 
| 172|0x000000008ac00000, 0x000000008ac00000, 0x000000008ad00000|  0%| F|  |TAMS 0x000000008ac00000, 0x000000008ac00000| Untracked 
| 173|0x000000008ad00000, 0x000000008ad00000, 0x000000008ae00000|  0%| F|  |TAMS 0x000000008ad00000, 0x000000008ad00000| Untracked 
| 174|0x000000008ae00000, 0x000000008ae00000, 0x000000008af00000|  0%| F|  |TAMS 0x000000008ae00000, 0x000000008ae00000| Untracked 
| 175|0x000000008af00000, 0x000000008af00000, 0x000000008b000000|  0%| F|  |TAMS 0x000000008af00000, 0x000000008af00000| Untracked 
| 176|0x000000008b000000, 0x000000008b000000, 0x000000008b100000|  0%| F|  |TAMS 0x000000008b000000, 0x000000008b000000| Untracked 
| 177|0x000000008b100000, 0x000000008b100000, 0x000000008b200000|  0%| F|  |TAMS 0x000000008b100000, 0x000000008b100000| Untracked 
| 178|0x000000008b200000, 0x000000008b200000, 0x000000008b300000|  0%| F|  |TAMS 0x000000008b200000, 0x000000008b200000| Untracked 
| 179|0x000000008b300000, 0x000000008b300000, 0x000000008b400000|  0%| F|  |TAMS 0x000000008b300000, 0x000000008b300000| Untracked 
| 180|0x000000008b400000, 0x000000008b400000, 0x000000008b500000|  0%| F|  |TAMS 0x000000008b400000, 0x000000008b400000| Untracked 
| 181|0x000000008b500000, 0x000000008b500000, 0x000000008b600000|  0%| F|  |TAMS 0x000000008b500000, 0x000000008b500000| Untracked 
| 182|0x000000008b600000, 0x000000008b600000, 0x000000008b700000|  0%| F|  |TAMS 0x000000008b600000, 0x000000008b600000| Untracked 
| 183|0x000000008b700000, 0x000000008b700000, 0x000000008b800000|  0%| F|  |TAMS 0x000000008b700000, 0x000000008b700000| Untracked 
| 184|0x000000008b800000, 0x000000008b800000, 0x000000008b900000|  0%| F|  |TAMS 0x000000008b800000, 0x000000008b800000| Untracked 
| 185|0x000000008b900000, 0x000000008b900000, 0x000000008ba00000|  0%| F|  |TAMS 0x000000008b900000, 0x000000008b900000| Untracked 
| 186|0x000000008ba00000, 0x000000008ba00000, 0x000000008bb00000|  0%| F|  |TAMS 0x000000008ba00000, 0x000000008ba00000| Untracked 
| 187|0x000000008bb00000, 0x000000008bb00000, 0x000000008bc00000|  0%| F|  |TAMS 0x000000008bb00000, 0x000000008bb00000| Untracked 
| 188|0x000000008bc00000, 0x000000008bc00000, 0x000000008bd00000|  0%| F|  |TAMS 0x000000008bc00000, 0x000000008bc00000| Untracked 
| 189|0x000000008bd00000, 0x000000008bd00000, 0x000000008be00000|  0%| F|  |TAMS 0x000000008bd00000, 0x000000008bd00000| Untracked 
| 190|0x000000008be00000, 0x000000008be00000, 0x000000008bf00000|  0%| F|  |TAMS 0x000000008be00000, 0x000000008be00000| Untracked 
| 191|0x000000008bf00000, 0x000000008bf00000, 0x000000008c000000|  0%| F|  |TAMS 0x000000008bf00000, 0x000000008bf00000| Untracked 
| 192|0x000000008c000000, 0x000000008c000000, 0x000000008c100000|  0%| F|  |TAMS 0x000000008c000000, 0x000000008c000000| Untracked 
| 193|0x000000008c100000, 0x000000008c100000, 0x000000008c200000|  0%| F|  |TAMS 0x000000008c100000, 0x000000008c100000| Untracked 
| 194|0x000000008c200000, 0x000000008c200000, 0x000000008c300000|  0%| F|  |TAMS 0x000000008c200000, 0x000000008c200000| Untracked 
| 195|0x000000008c300000, 0x000000008c300000, 0x000000008c400000|  0%| F|  |TAMS 0x000000008c300000, 0x000000008c300000| Untracked 
| 196|0x000000008c400000, 0x000000008c400000, 0x000000008c500000|  0%| F|  |TAMS 0x000000008c400000, 0x000000008c400000| Untracked 
| 197|0x000000008c500000, 0x000000008c500000, 0x000000008c600000|  0%| F|  |TAMS 0x000000008c500000, 0x000000008c500000| Untracked 
| 198|0x000000008c600000, 0x000000008c600000, 0x000000008c700000|  0%| F|  |TAMS 0x000000008c600000, 0x000000008c600000| Untracked 
| 199|0x000000008c700000, 0x000000008c700000, 0x000000008c800000|  0%| F|  |TAMS 0x000000008c700000, 0x000000008c700000| Untracked 
| 200|0x000000008c800000, 0x000000008c800000, 0x000000008c900000|  0%| F|  |TAMS 0x000000008c800000, 0x000000008c800000| Untracked 
| 201|0x000000008c900000, 0x000000008c900000, 0x000000008ca00000|  0%| F|  |TAMS 0x000000008c900000, 0x000000008c900000| Untracked 
| 202|0x000000008ca00000, 0x000000008ca00000, 0x000000008cb00000|  0%| F|  |TAMS 0x000000008ca00000, 0x000000008ca00000| Untracked 
| 203|0x000000008cb00000, 0x000000008cb00000, 0x000000008cc00000|  0%| F|  |TAMS 0x000000008cb00000, 0x000000008cb00000| Untracked 
| 204|0x000000008cc00000, 0x000000008cc00000, 0x000000008cd00000|  0%| F|  |TAMS 0x000000008cc00000, 0x000000008cc00000| Untracked 
| 205|0x000000008cd00000, 0x000000008cd00000, 0x000000008ce00000|  0%| F|  |TAMS 0x000000008cd00000, 0x000000008cd00000| Untracked 
| 206|0x000000008ce00000, 0x000000008ce00000, 0x000000008cf00000|  0%| F|  |TAMS 0x000000008ce00000, 0x000000008ce00000| Untracked 
| 207|0x000000008cf00000, 0x000000008cf00000, 0x000000008d000000|  0%| F|  |TAMS 0x000000008cf00000, 0x000000008cf00000| Untracked 
| 208|0x000000008d000000, 0x000000008d000000, 0x000000008d100000|  0%| F|  |TAMS 0x000000008d000000, 0x000000008d000000| Untracked 
| 209|0x000000008d100000, 0x000000008d100000, 0x000000008d200000|  0%| F|  |TAMS 0x000000008d100000, 0x000000008d100000| Untracked 
| 210|0x000000008d200000, 0x000000008d200000, 0x000000008d300000|  0%| F|  |TAMS 0x000000008d200000, 0x000000008d200000| Untracked 
| 211|0x000000008d300000, 0x000000008d300000, 0x000000008d400000|  0%| F|  |TAMS 0x000000008d300000, 0x000000008d300000| Untracked 
| 212|0x000000008d400000, 0x000000008d400000, 0x000000008d500000|  0%| F|  |TAMS 0x000000008d400000, 0x000000008d400000| Untracked 
| 213|0x000000008d500000, 0x000000008d500000, 0x000000008d600000|  0%| F|  |TAMS 0x000000008d500000, 0x000000008d500000| Untracked 
| 214|0x000000008d600000, 0x000000008d600000, 0x000000008d700000|  0%| F|  |TAMS 0x000000008d600000, 0x000000008d600000| Untracked 
| 215|0x000000008d700000, 0x000000008d700000, 0x000000008d800000|  0%| F|  |TAMS 0x000000008d700000, 0x000000008d700000| Untracked 
| 216|0x000000008d800000, 0x000000008d800000, 0x000000008d900000|  0%| F|  |TAMS 0x000000008d800000, 0x000000008d800000| Untracked 
| 217|0x000000008d900000, 0x000000008d9d7318, 0x000000008da00000| 84%| E|  |TAMS 0x000000008d900000, 0x000000008d900000| Complete 
| 218|0x000000008da00000, 0x000000008db00000, 0x000000008db00000|100%| E|CS|TAMS 0x000000008da00000, 0x000000008da00000| Complete 

Card table byte_map: [0x00000296e6870000,0x00000296e6c70000] _byte_map_base: 0x00000296e6470000

Marking Bits (Prev, Next): (CMBitMap*) 0x00000296cf9ee230, (CMBitMap*) 0x00000296cf9ee270
 Prev Bits: [0x00000296e7070000, 0x00000296e9070000)
 Next Bits: [0x00000296e9070000, 0x00000296eb070000)

Polling page: 0x00000296cd850000

Metaspace:

Usage:
  Non-class:     79.69 MB used.
      Class:     11.76 MB used.
       Both:     91.45 MB used.

Virtual space:
  Non-class space:       88.00 MB reserved,      80.06 MB ( 91%) committed,  11 nodes.
      Class space:        1.00 GB reserved,      12.12 MB (  1%) committed,  1 nodes.
              Both:        1.09 GB reserved,      92.19 MB (  8%) committed. 

Chunk freelists:
   Non-Class:  3.88 MB
       Class:  3.89 MB
        Both:  7.77 MB

MaxMetaspaceSize: 17179869184.00 GB
CompressedClassSpaceSize: 1.00 GB
 - commit_granule_bytes: 65536.
 - commit_granule_words: 8192.
 - virtual_space_node_default_size: 1048576.
 - enlarge_chunks_in_place: 1.
 - new_chunks_are_fully_committed: 0.
 - uncommit_free_chunks: 1.
 - use_allocation_guard: 0.
 - handle_deallocations: 1.


Internal statistics:

num_allocs_failed_limit: 6.
num_arena_births: 1142.
num_arena_deaths: 6.
num_vsnodes_births: 12.
num_vsnodes_deaths: 0.
num_space_committed: 1475.
num_space_uncommitted: 0.
num_chunks_returned_to_freelist: 12.
num_chunks_taken_from_freelist: 5099.
num_chunk_merges: 7.
num_chunk_splits: 3307.
num_chunks_enlarged: 2103.
num_purges: 4.

CodeHeap 'non-profiled nmethods': size=120000Kb used=7584Kb max_used=7584Kb free=112415Kb
 bounds [0x00000296dec00000, 0x00000296df370000, 0x00000296e6130000]
CodeHeap 'profiled nmethods': size=120000Kb used=24185Kb max_used=24185Kb free=95814Kb
 bounds [0x00000296d76d0000, 0x00000296d8e70000, 0x00000296dec00000]
CodeHeap 'non-nmethods': size=5760Kb used=2446Kb max_used=2532Kb free=3313Kb
 bounds [0x00000296d7130000, 0x00000296d73c0000, 0x00000296d76d0000]
 total_blobs=12696 nmethods=11735 adapters=873
 compilation: enabled
              stopped_count=0, restarted_count=0
 full_count=0

Compilation events (20 events):
Event: 465.189 Thread 0x00000296fac5f5e0 nmethod 13190 0x00000296df35bb10 code [0x00000296df35bd80, 0x00000296df35e058]
Event: 465.189 Thread 0x00000296fac5f5e0 13277       4       com.android.utils.XmlUtils::toXmlAttributeValue (89 bytes)
Event: 465.195 Thread 0x00000296eda67ac0 13284 %     3       java.lang.StringUTF16::lastIndexOf @ 17 (47 bytes)
Event: 465.195 Thread 0x00000296eda67ac0 nmethod 13284% 0x00000296d8e6d790 code [0x00000296d8e6d960, 0x00000296d8e6dd08]
Event: 465.198 Thread 0x00000296fac5f5e0 nmethod 13277 0x00000296df35f310 code [0x00000296df35f4c0, 0x00000296df35fb58]
Event: 465.198 Thread 0x00000296fac5f5e0 13282       4       com.android.utils.XmlUtils::toXmlTextValue (65 bytes)
Event: 465.200 Thread 0x00000296eda67ac0 13285       3       java.lang.StringUTF16::lastIndexOf (47 bytes)
Event: 465.200 Thread 0x00000296eda67ac0 nmethod 13285 0x00000296d8e6de90 code [0x00000296d8e6e060, 0x00000296d8e6e3a8]
Event: 465.204 Thread 0x00000296fac5f5e0 nmethod 13282 0x00000296df35fe10 code [0x00000296df35ffa0, 0x00000296df3602f8]
Event: 465.204 Thread 0x00000296fac5f5e0 13286       4       com.android.utils.XmlUtils::append (645 bytes)
Event: 465.216 Thread 0x00000296eda67ac0 13288 %     3       java.lang.StringUTF16::getChars @ 16 (42 bytes)
Event: 465.216 Thread 0x00000296eda67ac0 nmethod 13288% 0x00000296d8e6e510 code [0x00000296d8e6e6e0, 0x00000296d8e6eaa8]
Event: 465.216 Thread 0x00000296eda67ac0 13289       3       java.lang.StringUTF16::getChars (42 bytes)
Event: 465.216 Thread 0x00000296eda67ac0 nmethod 13289 0x00000296d8e6ec90 code [0x00000296d8e6ee60, 0x00000296d8e6f1a8]
Event: 465.222 Thread 0x00000296eda5e150 nmethod 13253 0x00000296df360490 code [0x00000296df360a00, 0x00000296df3643b0]
Event: 465.223 Thread 0x00000296eda5e150 13291 %     4       sun.nio.cs.UTF_8$Encoder::encodeArrayLoop @ 73 (489 bytes)
Event: 465.237 Thread 0x00000296eda5e150 nmethod 13291% 0x00000296df366a10 code [0x00000296df366be0, 0x00000296df367608]
Event: 465.237 Thread 0x00000296eda5e150 13287       4       com.google.common.base.CharMatcher::countIn (39 bytes)
Event: 465.243 Thread 0x00000296eda5e150 nmethod 13287 0x00000296df367d10 code [0x00000296df367ea0, 0x00000296df368198]
Event: 465.243 Thread 0x00000296eda5e150 13290 %     4       java.lang.StringUTF16::getChars @ 16 (42 bytes)

GC Heap History (20 events):
Event: 13.880 GC heap before
{Heap before GC invocations=28 (full 0):
 garbage-first heap   total 168960K, used 134535K [0x0000000080000000, 0x0000000100000000)
  region size 1024K, 35 young (35840K), 5 survivors (5120K)
 Metaspace       used 71076K, committed 71808K, reserved 1114112K
  class space    used 9499K, committed 9856K, reserved 1048576K
}
Event: 13.884 GC heap after
{Heap after GC invocations=29 (full 0):
 garbage-first heap   total 168960K, used 106140K [0x0000000080000000, 0x0000000100000000)
  region size 1024K, 3 young (3072K), 3 survivors (3072K)
 Metaspace       used 71076K, committed 71808K, reserved 1114112K
  class space    used 9499K, committed 9856K, reserved 1048576K
}
Event: 14.247 GC heap before
{Heap before GC invocations=30 (full 0):
 garbage-first heap   total 186368K, used 116380K [0x0000000080000000, 0x0000000100000000)
  region size 1024K, 15 young (15360K), 3 survivors (3072K)
 Metaspace       used 72972K, committed 73664K, reserved 1114112K
  class space    used 9738K, committed 10048K, reserved 1048576K
}
Event: 14.251 GC heap after
{Heap after GC invocations=31 (full 0):
 garbage-first heap   total 186368K, used 106825K [0x0000000080000000, 0x0000000100000000)
  region size 1024K, 3 young (3072K), 3 survivors (3072K)
 Metaspace       used 72972K, committed 73664K, reserved 1114112K
  class space    used 9738K, committed 10048K, reserved 1048576K
}
Event: 15.192 GC heap before
{Heap before GC invocations=32 (full 0):
 garbage-first heap   total 186368K, used 147785K [0x0000000080000000, 0x0000000100000000)
  region size 1024K, 42 young (43008K), 3 survivors (3072K)
 Metaspace       used 79652K, committed 80384K, reserved 1122304K
  class space    used 10582K, committed 10944K, reserved 1048576K
}
Event: 15.198 GC heap after
{Heap after GC invocations=33 (full 0):
 garbage-first heap   total 186368K, used 108893K [0x0000000080000000, 0x0000000100000000)
  region size 1024K, 5 young (5120K), 5 survivors (5120K)
 Metaspace       used 79652K, committed 80384K, reserved 1122304K
  class space    used 10582K, committed 10944K, reserved 1048576K
}
Event: 16.277 GC heap before
{Heap before GC invocations=33 (full 0):
 garbage-first heap   total 186368K, used 148829K [0x0000000080000000, 0x0000000100000000)
  region size 1024K, 44 young (45056K), 5 survivors (5120K)
 Metaspace       used 83653K, committed 84416K, reserved 1122304K
  class space    used 11065K, committed 11392K, reserved 1048576K
}
Event: 16.287 GC heap after
{Heap after GC invocations=34 (full 0):
 garbage-first heap   total 186368K, used 112046K [0x0000000080000000, 0x0000000100000000)
  region size 1024K, 6 young (6144K), 6 survivors (6144K)
 Metaspace       used 83653K, committed 84416K, reserved 1122304K
  class space    used 11065K, committed 11392K, reserved 1048576K
}
Event: 16.975 GC heap before
{Heap before GC invocations=35 (full 0):
 garbage-first heap   total 196608K, used 149934K [0x0000000080000000, 0x0000000100000000)
  region size 1024K, 44 young (45056K), 6 survivors (6144K)
 Metaspace       used 84034K, committed 84736K, reserved 1122304K
  class space    used 11079K, committed 11392K, reserved 1048576K
}
Event: 16.982 GC heap after
{Heap after GC invocations=36 (full 0):
 garbage-first heap   total 196608K, used 114932K [0x0000000080000000, 0x0000000100000000)
  region size 1024K, 4 young (4096K), 4 survivors (4096K)
 Metaspace       used 84034K, committed 84736K, reserved 1122304K
  class space    used 11079K, committed 11392K, reserved 1048576K
}
Event: 17.805 GC heap before
{Heap before GC invocations=36 (full 0):
 garbage-first heap   total 196608K, used 158964K [0x0000000080000000, 0x0000000100000000)
  region size 1024K, 48 young (49152K), 4 survivors (4096K)
 Metaspace       used 85442K, committed 86144K, reserved 1130496K
  class space    used 11212K, committed 11520K, reserved 1048576K
}
Event: 17.811 GC heap after
{Heap after GC invocations=37 (full 0):
 garbage-first heap   total 196608K, used 117333K [0x0000000080000000, 0x0000000100000000)
  region size 1024K, 6 young (6144K), 6 survivors (6144K)
 Metaspace       used 85442K, committed 86144K, reserved 1130496K
  class space    used 11212K, committed 11520K, reserved 1048576K
}
Event: 431.574 GC heap before
{Heap before GC invocations=38 (full 0):
 garbage-first heap   total 204800K, used 160341K [0x0000000080000000, 0x0000000100000000)
  region size 1024K, 49 young (50176K), 6 survivors (6144K)
 Metaspace       used 89419K, committed 90240K, reserved 1130496K
  class space    used 11538K, committed 11904K, reserved 1048576K
}
Event: 431.578 GC heap after
{Heap after GC invocations=39 (full 0):
 garbage-first heap   total 204800K, used 118585K [0x0000000080000000, 0x0000000100000000)
  region size 1024K, 5 young (5120K), 5 survivors (5120K)
 Metaspace       used 89419K, committed 90240K, reserved 1130496K
  class space    used 11538K, committed 11904K, reserved 1048576K
}
Event: 464.145 GC heap before
{Heap before GC invocations=39 (full 0):
 garbage-first heap   total 204800K, used 166713K [0x0000000080000000, 0x0000000100000000)
  region size 1024K, 53 young (54272K), 5 survivors (5120K)
 Metaspace       used 91066K, committed 91904K, reserved 1130496K
  class space    used 11703K, committed 12096K, reserved 1048576K
}
Event: 464.151 GC heap after
{Heap after GC invocations=40 (full 0):
 garbage-first heap   total 204800K, used 123965K [0x0000000080000000, 0x0000000100000000)
  region size 1024K, 7 young (7168K), 7 survivors (7168K)
 Metaspace       used 91066K, committed 91904K, reserved 1130496K
  class space    used 11703K, committed 12096K, reserved 1048576K
}
Event: 464.688 GC heap before
{Heap before GC invocations=41 (full 0):
 garbage-first heap   total 217088K, used 158781K [0x0000000080000000, 0x0000000100000000)
  region size 1024K, 43 young (44032K), 7 survivors (7168K)
 Metaspace       used 92322K, committed 93184K, reserved 1130496K
  class space    used 11910K, committed 12288K, reserved 1048576K
}
Event: 464.695 GC heap after
{Heap after GC invocations=42 (full 0):
 garbage-first heap   total 217088K, used 126760K [0x0000000080000000, 0x0000000100000000)
  region size 1024K, 4 young (4096K), 4 survivors (4096K)
 Metaspace       used 92322K, committed 93184K, reserved 1130496K
  class space    used 11910K, committed 12288K, reserved 1048576K
}
Event: 465.155 GC heap before
{Heap before GC invocations=43 (full 0):
 garbage-first heap   total 224256K, used 170792K [0x0000000080000000, 0x0000000100000000)
  region size 1024K, 47 young (48128K), 4 survivors (4096K)
 Metaspace       used 93543K, committed 94336K, reserved 1138688K
  class space    used 12037K, committed 12416K, reserved 1048576K
}
Event: 465.166 GC heap after
{Heap after GC invocations=44 (full 0):
 garbage-first heap   total 224256K, used 146890K [0x0000000080000000, 0x0000000100000000)
  region size 1024K, 7 young (7168K), 7 survivors (7168K)
 Metaspace       used 93543K, committed 94336K, reserved 1138688K
  class space    used 12037K, committed 12416K, reserved 1048576K
}

Deoptimization events (20 events):
Event: 465.142 Thread 0x00000296f6cd5650 DEOPT PACKING pc=0x00000296d8e5041b sp=0x000000ab598fa480
Event: 465.142 Thread 0x00000296f6cd5650 DEOPT UNPACKING pc=0x00000296d717e77e sp=0x000000ab598f9940 mode 0
Event: 465.150 Thread 0x00000296f6cd5650 DEOPT PACKING pc=0x00000296d8e55c80 sp=0x000000ab598fa2a0
Event: 465.150 Thread 0x00000296f6cd5650 DEOPT UNPACKING pc=0x00000296d717e77e sp=0x000000ab598f97b0 mode 0
Event: 465.151 Thread 0x00000296f6cd5650 DEOPT PACKING pc=0x00000296d8e55c80 sp=0x000000ab598fa2a0
Event: 465.151 Thread 0x00000296f6cd5650 DEOPT UNPACKING pc=0x00000296d717e77e sp=0x000000ab598f97b0 mode 0
Event: 465.152 Thread 0x00000296f6cd5650 DEOPT PACKING pc=0x00000296d8e55c80 sp=0x000000ab598fa160
Event: 465.152 Thread 0x00000296f6cd5650 DEOPT UNPACKING pc=0x00000296d717e77e sp=0x000000ab598f9670 mode 0
Event: 465.154 Thread 0x00000296f6cd5650 DEOPT PACKING pc=0x00000296d8e5ac60 sp=0x000000ab598fa160
Event: 465.154 Thread 0x00000296f6cd5650 DEOPT UNPACKING pc=0x00000296d717e77e sp=0x000000ab598f9670 mode 0
Event: 465.200 Thread 0x00000296f6cd5650 DEOPT PACKING pc=0x00000296d8e5fce9 sp=0x000000ab598fa120
Event: 465.200 Thread 0x00000296f6cd5650 DEOPT UNPACKING pc=0x00000296d717e77e sp=0x000000ab598f95b8 mode 0
Event: 465.209 Thread 0x00000296f6cd5650 Uncommon trap: trap_request=0xffffff45 fr.pc=0x00000296dec875ac relative=0x000000000000038c
Event: 465.209 Thread 0x00000296f6cd5650 Uncommon trap: reason=unstable_if action=reinterpret pc=0x00000296dec875ac method=java.lang.AbstractStringBuilder.isLatin1()Z @ 10 c2
Event: 465.209 Thread 0x00000296f6cd5650 DEOPT PACKING pc=0x00000296dec875ac sp=0x000000ab598fa960
Event: 465.209 Thread 0x00000296f6cd5650 DEOPT UNPACKING pc=0x00000296d717f92e sp=0x000000ab598fa8e0 mode 2
Event: 465.214 Thread 0x00000296f6cd5650 Uncommon trap: trap_request=0xffffff45 fr.pc=0x00000296dec15ce8 relative=0x00000000000002c8
Event: 465.214 Thread 0x00000296f6cd5650 Uncommon trap: reason=unstable_if action=reinterpret pc=0x00000296dec15ce8 method=java.lang.String.getChars(II[CI)V @ 23 c2
Event: 465.214 Thread 0x00000296f6cd5650 DEOPT PACKING pc=0x00000296dec15ce8 sp=0x000000ab598fa890
Event: 465.214 Thread 0x00000296f6cd5650 DEOPT UNPACKING pc=0x00000296d717f92e sp=0x000000ab598fa850 mode 2

Classes unloaded (3 events):
Event: 17.897 Thread 0x00000296eda3f410 Unloading class 0x0000000801714800 'java/lang/invoke/LambdaForm$DMH+0x0000000801714800'
Event: 464.235 Thread 0x00000296eda3f410 Unloading class 0x0000000801715000 'java/lang/invoke/LambdaForm$DMH+0x0000000801715000'
Event: 464.235 Thread 0x00000296eda3f410 Unloading class 0x0000000801714c00 'java/lang/invoke/LambdaForm$DMH+0x0000000801714c00'

Classes redefined (0 events):
No events

Internal exceptions (20 events):
Event: 463.773 Thread 0x00000296f4e8ab40 Exception <a 'sun/nio/fs/WindowsException'{0x000000008af5c510}> (0x000000008af5c510) 
thrown [t:\workspace\open\src\hotspot\share\prims\jni.cpp, line 579]
Event: 463.859 Thread 0x00000296f4e8ab40 Exception <a 'java/lang/NoClassDefFoundError'{0x000000008acc3460}: org/jetbrains/kotlin/gradle/plugin/KotlinBasePluginWrapper> (0x000000008acc3460) 
thrown [t:\workspace\open\src\hotspot\share\oops\constantPool.cpp, line 809]
Event: 463.862 Thread 0x00000296f4e8ab40 Implicit null exception at 0x00000296df267005 to 0x00000296df26779c
Event: 464.003 Thread 0x00000296f4e8ab40 Exception <a 'sun/nio/fs/WindowsException'{0x000000008a26f998}> (0x000000008a26f998) 
thrown [t:\workspace\open\src\hotspot\share\prims\jni.cpp, line 579]
Event: 464.011 Thread 0x00000296f4e8ab40 Exception <a 'sun/nio/fs/WindowsException'{0x000000008a114890}> (0x000000008a114890) 
thrown [t:\workspace\open\src\hotspot\share\prims\jni.cpp, line 579]
Event: 464.011 Thread 0x00000296f4e8ab40 Exception <a 'sun/nio/fs/WindowsException'{0x000000008a115c08}> (0x000000008a115c08) 
thrown [t:\workspace\open\src\hotspot\share\prims\jni.cpp, line 579]
Event: 464.011 Thread 0x00000296f4e8ab40 Exception <a 'sun/nio/fs/WindowsException'{0x000000008a116fd0}> (0x000000008a116fd0) 
thrown [t:\workspace\open\src\hotspot\share\prims\jni.cpp, line 579]
Event: 464.011 Thread 0x00000296f4e8ab40 Exception <a 'sun/nio/fs/WindowsException'{0x000000008a118610}> (0x000000008a118610) 
thrown [t:\workspace\open\src\hotspot\share\prims\jni.cpp, line 579]
Event: 464.060 Thread 0x00000296f4e8ab40 Exception <a 'java/lang/NoSuchMethodError'{0x0000000089ed5f10}: 'java.lang.Object java.lang.invoke.DirectMethodHandle$Holder.invokeStatic(java.lang.Object, java.lang.Object, int, int)'> (0x0000000089ed5f10) 
thrown [t:\workspace\open\src\hotspot\share\interpreter\linkResolver.cpp, line 790]
Event: 464.060 Thread 0x00000296f4e8ab40 Exception <a 'java/lang/NoSuchMethodError'{0x0000000089ede918}: 'java.lang.Object java.lang.invoke.DirectMethodHandle$Holder.newInvokeSpecial(java.lang.Object, java.lang.Object, int, int)'> (0x0000000089ede918) 
thrown [t:\workspace\open\src\hotspot\share\interpreter\linkResolver.cpp, line 790]
Event: 464.199 Thread 0x00000296f4e8ab40 Exception <a 'java/lang/NoSuchMethodError'{0x000000008c58cc30}: static Lcom/android/build/gradle/internal/profile/TaskMetadata;.<clinit>()V> (0x000000008c58cc30) 
thrown [t:\workspace\open\src\hotspot\share\prims\jni.cpp, line 1210]
Event: 464.207 Thread 0x00000296f4e8ab40 Exception <a 'sun/nio/fs/WindowsException'{0x000000008c40c730}> (0x000000008c40c730) 
thrown [t:\workspace\open\src\hotspot\share\prims\jni.cpp, line 579]
Event: 464.304 Thread 0x00000296f7a33410 Exception <a 'java/lang/NoSuchMethodError'{0x000000008d206058}: static Lcom/android/ide/common/attribution/AndroidGradlePluginAttributionData$BuildInfo;.<clinit>()V> (0x000000008d206058) 
thrown [t:\workspace\open\src\hotspot\share\prims\jni.cpp, line 1210]
Event: 464.306 Thread 0x00000296f7a33410 Exception <a 'java/lang/NoSuchMethodError'{0x000000008d2464c0}: static Lcom/android/ide/common/attribution/AndroidGradlePluginAttributionData$JavaInfo;.<clinit>()V> (0x000000008d2464c0) 
thrown [t:\workspace\open\src\hotspot\share\prims\jni.cpp, line 1210]
Event: 464.309 Thread 0x00000296f7a33410 Exception <a 'java/lang/NoSuchMethodError'{0x000000008d260050}: static [Ljava/lang/String;.<clinit>()V> (0x000000008d260050) 
thrown [t:\workspace\open\src\hotspot\share\prims\jni.cpp, line 1210]
Event: 464.322 Thread 0x00000296f4e8e060 Exception <a 'java/lang/NoSuchMethodError'{0x000000008d116948}: static Lorg/gradle/internal/build/event/types/DefaultTaskSkippedResult;.<clinit>()V> (0x000000008d116948) 
thrown [t:\workspace\open\src\hotspot\share\prims\jni.cpp, line 1210]
Event: 464.323 Thread 0x00000296f4e8ab40 Exception <a 'java/lang/NoSuchMethodError'{0x000000008d2f2f60}: 'java.lang.Object java.lang.invoke.DirectMethodHandle$Holder.invokeInterface(java.lang.Object, java.lang.Object, int)'> (0x000000008d2f2f60) 
thrown [t:\workspace\open\src\hotspot\share\interpreter\linkResolver.cpp, line 790]
Event: 464.326 Thread 0x00000296f4e8ab40 Exception <a 'java/lang/NoSuchMethodError'{0x000000008d121038}: 'void java.lang.invoke.DirectMethodHandle$Holder.invokeStatic(java.lang.Object, java.lang.Object, java.lang.Object, int)'> (0x000000008d121038) 
thrown [t:\workspace\open\src\hotspot\share\interpreter\linkResolver.cpp, line 790]
Event: 464.359 Thread 0x00000296f6cd5650 Implicit null exception at 0x00000296def826d7 to 0x00000296def8287c
Event: 464.825 Thread 0x00000296f6cd5650 Implicit null exception at 0x00000296dec43664 to 0x00000296dec43830

Events (20 events):
Event: 464.776 Executing  VM operation: G1Concurrent done
Event: 464.827 Executing  VM operation: G1Concurrent
Event: 464.828 Executing  VM operation: G1Concurrent done
Event: 464.933 loading class java/util/stream/Nodes$IntFixedNodeBuilder
Event: 464.933 loading class java/util/stream/Node$Builder$OfInt
Event: 464.933 loading class java/util/stream/Node$Builder$OfInt done
Event: 464.933 loading class java/util/stream/Nodes$IntArrayNode
Event: 464.933 loading class java/util/stream/Nodes$IntArrayNode done
Event: 464.933 loading class java/util/stream/Nodes$IntFixedNodeBuilder done
Event: 465.000 loading class java/util/concurrent/ConcurrentLinkedDeque
Event: 465.001 loading class java/util/concurrent/ConcurrentLinkedDeque done
Event: 465.001 loading class java/util/concurrent/ConcurrentLinkedDeque$Node
Event: 465.001 loading class java/util/concurrent/ConcurrentLinkedDeque$Node done
Event: 465.018 Executing  VM operation: HandshakeAllThreads
Event: 465.018 Executing  VM operation: HandshakeAllThreads done
Event: 465.085 Executing  VM operation: ICBufferFull
Event: 465.085 Executing  VM operation: ICBufferFull done
Event: 465.155 Executing  VM operation: G1TryInitiateConcMark
Event: 465.166 Executing  VM operation: G1TryInitiateConcMark done
Event: 465.245 Executing  VM operation: G1Concurrent


Dynamic libraries:
0x00007ff6acd30000 - 0x00007ff6acd40000 	C:\Program Files\Java\jdk-16.0.2\bin\java.exe
0x00007ff919b30000 - 0x00007ff919d28000 	C:\WINDOWS\SYSTEM32\ntdll.dll
0x00007ff917df0000 - 0x00007ff917ead000 	C:\WINDOWS\System32\KERNEL32.DLL
0x00007ff9175a0000 - 0x00007ff91786e000 	C:\WINDOWS\System32\KERNELBASE.dll
0x00007ff917a60000 - 0x00007ff917b60000 	C:\WINDOWS\System32\ucrtbase.dll
0x00007ff9111a0000 - 0x00007ff9111b8000 	C:\Program Files\Java\jdk-16.0.2\bin\jli.dll
0x00007ff90b270000 - 0x00007ff90b289000 	C:\Program Files\Java\jdk-16.0.2\bin\VCRUNTIME140.dll
0x00007ff9183c0000 - 0x00007ff91846e000 	C:\WINDOWS\System32\ADVAPI32.dll
0x00007ff919a40000 - 0x00007ff919ade000 	C:\WINDOWS\System32\msvcrt.dll
0x00007ff9195d0000 - 0x00007ff91966c000 	C:\WINDOWS\System32\sechost.dll
0x00007ff917b90000 - 0x00007ff917cb5000 	C:\WINDOWS\System32\RPCRT4.dll
0x00007ff918dd0000 - 0x00007ff918f70000 	C:\WINDOWS\System32\USER32.dll
0x00007ff917460000 - 0x00007ff917482000 	C:\WINDOWS\System32\win32u.dll
0x00007ff901050000 - 0x00007ff9012ea000 	C:\WINDOWS\WinSxS\amd64_microsoft.windows.common-controls_6595b64144ccf1df_6.0.19041.1110_none_60b5254171f9507e\COMCTL32.dll
0x00007ff918470000 - 0x00007ff91849a000 	C:\WINDOWS\System32\GDI32.dll
0x00007ff917490000 - 0x00007ff91759b000 	C:\WINDOWS\System32\gdi32full.dll
0x00007ff917250000 - 0x00007ff9172ed000 	C:\WINDOWS\System32\msvcp_win.dll
0x00007ff9112c0000 - 0x00007ff9112ca000 	C:\WINDOWS\SYSTEM32\VERSION.dll
0x00007ff919670000 - 0x00007ff9196a0000 	C:\WINDOWS\System32\IMM32.DLL
0x00007ff911190000 - 0x00007ff91119c000 	C:\Program Files\Java\jdk-16.0.2\bin\vcruntime140_1.dll
0x00007ff8f7380000 - 0x00007ff8f7411000 	C:\Program Files\Java\jdk-16.0.2\bin\msvcp140.dll
0x00007ff8ae800000 - 0x00007ff8af3ab000 	C:\Program Files\Java\jdk-16.0.2\bin\server\jvm.dll
0x00007ff919880000 - 0x00007ff919888000 	C:\WINDOWS\System32\PSAPI.DLL
0x00007ff912680000 - 0x00007ff912689000 	C:\WINDOWS\SYSTEM32\WSOCK32.dll
0x00007ff9150d0000 - 0x00007ff9150f7000 	C:\WINDOWS\SYSTEM32\WINMM.dll
0x00007ff9199d0000 - 0x00007ff919a3b000 	C:\WINDOWS\System32\WS2_32.dll
0x00007ff915b10000 - 0x00007ff915b22000 	C:\WINDOWS\SYSTEM32\kernel.appcore.dll
0x00007ff90b250000 - 0x00007ff90b25a000 	C:\Program Files\Java\jdk-16.0.2\bin\jimage.dll
0x00007ff914ee0000 - 0x00007ff9150c4000 	C:\WINDOWS\SYSTEM32\DBGHELP.DLL
0x00007ff914d60000 - 0x00007ff914d8c000 	C:\WINDOWS\SYSTEM32\dbgcore.DLL
0x00007ff917870000 - 0x00007ff9178f2000 	C:\WINDOWS\System32\bcryptPrimitives.dll
0x00007ff909c40000 - 0x00007ff909c65000 	C:\Program Files\Java\jdk-16.0.2\bin\java.dll
0x00007ff9184a0000 - 0x00007ff918be4000 	C:\WINDOWS\System32\SHELL32.dll
0x00007ff915330000 - 0x00007ff915ac4000 	C:\WINDOWS\SYSTEM32\windows.storage.dll
0x00007ff918060000 - 0x00007ff9183b4000 	C:\WINDOWS\System32\combase.dll
0x00007ff916cb0000 - 0x00007ff916ce0000 	C:\WINDOWS\SYSTEM32\Wldp.dll
0x00007ff9197d0000 - 0x00007ff91987d000 	C:\WINDOWS\System32\SHCORE.dll
0x00007ff9196c0000 - 0x00007ff919715000 	C:\WINDOWS\System32\shlwapi.dll
0x00007ff917190000 - 0x00007ff9171af000 	C:\WINDOWS\SYSTEM32\profapi.dll
0x00007ff8ffa90000 - 0x00007ff8ffaa9000 	C:\Program Files\Java\jdk-16.0.2\bin\net.dll
0x00007ff901ce0000 - 0x00007ff901dea000 	C:\WINDOWS\SYSTEM32\WINHTTP.dll
0x00007ff916a10000 - 0x00007ff916a7a000 	C:\WINDOWS\system32\mswsock.dll
0x00007ff8ffa70000 - 0x00007ff8ffa83000 	C:\Program Files\Java\jdk-16.0.2\bin\nio.dll
0x00007ff8fe1c0000 - 0x00007ff8fe1d8000 	C:\Program Files\Java\jdk-16.0.2\bin\zip.dll
0x00007ff8fe1b0000 - 0x00007ff8fe1c0000 	C:\Program Files\Java\jdk-16.0.2\bin\verify.dll
0x00007ff912740000 - 0x00007ff912767000 	C:\Users\ITECH\.gradle\native\e1d6ef7f7dcc3fd88c89a11ec53ec762bb8ba0a96d01ffa2cd45eb1d1d8dd5c5\windows-amd64\native-platform.dll
0x00007ff8f1d00000 - 0x00007ff8f1e44000 	C:\Users\ITECH\.gradle\native\5664cfc778a61ccfe75a443a1ab52a65af34e5dc3c78e0209fed803814484fcb\windows-amd64\native-platform-file-events.dll
0x00007ff8fe1a0000 - 0x00007ff8fe1a9000 	C:\Program Files\Java\jdk-16.0.2\bin\management.dll
0x00007ff8fe190000 - 0x00007ff8fe19b000 	C:\Program Files\Java\jdk-16.0.2\bin\management_ext.dll
0x00007ff916c00000 - 0x00007ff916c18000 	C:\WINDOWS\SYSTEM32\CRYPTSP.dll
0x00007ff916320000 - 0x00007ff916354000 	C:\WINDOWS\system32\rsaenh.dll
0x00007ff917b60000 - 0x00007ff917b87000 	C:\WINDOWS\System32\bcrypt.dll
0x00007ff917110000 - 0x00007ff91713e000 	C:\WINDOWS\SYSTEM32\USERENV.dll
0x00007ff916c20000 - 0x00007ff916c2c000 	C:\WINDOWS\SYSTEM32\CRYPTBASE.dll
0x00007ff9166b0000 - 0x00007ff9166eb000 	C:\WINDOWS\SYSTEM32\IPHLPAPI.DLL
0x00007ff919ae0000 - 0x00007ff919ae8000 	C:\WINDOWS\System32\NSI.dll
0x00007ff904f10000 - 0x00007ff904f27000 	C:\WINDOWS\SYSTEM32\dhcpcsvc6.DLL
0x00007ff90b5d0000 - 0x00007ff90b5ed000 	C:\WINDOWS\SYSTEM32\dhcpcsvc.DLL
0x00007ff916700000 - 0x00007ff9167ca000 	C:\WINDOWS\SYSTEM32\DNSAPI.dll
0x00007ff8fe180000 - 0x00007ff8fe18e000 	C:\Program Files\Java\jdk-16.0.2\bin\sunmscapi.dll
0x00007ff917900000 - 0x00007ff917a56000 	C:\WINDOWS\System32\CRYPT32.dll
0x00007ff916d20000 - 0x00007ff916d47000 	C:\WINDOWS\SYSTEM32\ncrypt.dll
0x00007ff916ce0000 - 0x00007ff916d1b000 	C:\WINDOWS\SYSTEM32\NTASN1.dll
0x00007ff8c98d0000 - 0x00007ff8c98d7000 	C:\WINDOWS\system32\wshunix.dll

dbghelp: loaded successfully - version: 4.0.5 - missing functions: none
symbol engine: initialized successfully - sym options: 0x614 - pdb path: .;C:\Program Files\Java\jdk-16.0.2\bin;C:\WINDOWS\SYSTEM32;C:\WINDOWS\WinSxS\amd64_microsoft.windows.common-controls_6595b64144ccf1df_6.0.19041.1110_none_60b5254171f9507e;C:\Program Files\Java\jdk-16.0.2\bin\server;C:\Users\ITECH\.gradle\native\e1d6ef7f7dcc3fd88c89a11ec53ec762bb8ba0a96d01ffa2cd45eb1d1d8dd5c5\windows-amd64;C:\Users\ITECH\.gradle\native\5664cfc778a61ccfe75a443a1ab52a65af34e5dc3c78e0209fed803814484fcb\windows-amd64

VM Arguments:
jvm_args: --add-opens=java.base/java.util=ALL-UNNAMED --add-opens=java.base/java.lang=ALL-UNNAMED --add-opens=java.base/java.lang.invoke=ALL-UNNAMED --add-opens=java.base/java.util=ALL-UNNAMED --add-opens=java.prefs/java.util.prefs=ALL-UNNAMED --add-opens=java.prefs/java.util.prefs=ALL-UNNAMED --add-opens=java.base/java.nio.charset=ALL-UNNAMED --add-opens=java.base/java.net=ALL-UNNAMED --add-opens=java.base/java.util.concurrent.atomic=ALL-UNNAMED -Xmx2048m -Dfile.encoding=UTF-8 -Duser.country=US -Duser.language=en -Duser.variant 
java_command: org.gradle.launcher.daemon.bootstrap.GradleDaemon 7.3.3
java_class_path (initial): C:\Users\ITECH\.gradle\wrapper\dists\gradle-7.3.3-bin\6a41zxkdtcxs8rphpq6y0069z\gradle-7.3.3\lib\gradle-launcher-7.3.3.jar
Launcher Type: SUN_STANDARD

[Global flags]
     intx CICompilerCount                          = 4                                         {product} {ergonomic}
     uint ConcGCThreads                            = 2                                         {product} {ergonomic}
     uint G1ConcRefinementThreads                  = 8                                         {product} {ergonomic}
   size_t G1HeapRegionSize                         = 1048576                                   {product} {ergonomic}
    uintx GCDrainStackTargetSize                   = 64                                        {product} {ergonomic}
   size_t InitialHeapSize                          = 132120576                                 {product} {ergonomic}
   size_t MarkStackSize                            = 4194304                                   {product} {ergonomic}
   size_t MaxHeapSize                              = 2147483648                                {product} {command line}
   size_t MaxNewSize                               = 1287651328                                {product} {ergonomic}
   size_t MinHeapDeltaBytes                        = 1048576                                   {product} {ergonomic}
   size_t MinHeapSize                              = 8388608                                   {product} {ergonomic}
    uintx NonNMethodCodeHeapSize                   = 5839372                                {pd product} {ergonomic}
    uintx NonProfiledCodeHeapSize                  = 122909434                              {pd product} {ergonomic}
    uintx ProfiledCodeHeapSize                     = 122909434                              {pd product} {ergonomic}
    uintx ReservedCodeCacheSize                    = 251658240                              {pd product} {ergonomic}
     bool SegmentedCodeCache                       = true                                      {product} {ergonomic}
   size_t SoftMaxHeapSize                          = 2147483648                             {manageable} {ergonomic}
     bool UseCompressedClassPointers               = true                           {product lp64_product} {ergonomic}
     bool UseCompressedOops                        = true                           {product lp64_product} {ergonomic}
     bool UseG1GC                                  = true                                      {product} {ergonomic}
     bool UseLargePagesIndividualAllocation        = false                                  {pd product} {ergonomic}

Logging:
Log output configuration:
 #0: stdout all=warning uptime,level,tags
 #1: stderr all=off uptime,level,tags

Environment Variables:
JAVA_HOME=C:\Program Files\Java\jdk-16.0.2
PATH=C:\Program Files\Python37\Scripts\;C:\Program Files\Python37\;C:\ProgramData\Oracle\Java\javapath;C:\app\ITECH\product\11.2.0\dbhome_1\bin;C:\Program Files\Common Files\Oracle\Java\javapath;C:\Program Files (x86)\Common Files\Oracle\Java\javapath;C:\WINDOWS\system32;C:\WINDOWS;C:\WINDOWS\System32\Wbem;C:\WINDOWS\System32\WindowsPowerShell\v1.0\;C:\WINDOWS\System32\OpenSSH\;C:\Program Files\Microsoft SQL Server\130\Tools\Binn\;C:\Program Files\Microsoft SQL Server\Client SDK\ODBC\170\Tools\Binn\;C:\Program Files\dotnet\;C:\Program Files\nodejs\;C:\Program Files\Java\jdk-16.0.2\bin;C:\Program Files\Git\cmd;C:\Program Files\Java\jdk-16.0.2\bin;
USERNAME=ITECH
OS=Windows_NT
PROCESSOR_IDENTIFIER=Intel64 Family 6 Model 126 Stepping 5, GenuineIntel



---------------  S Y S T E M  ---------------

OS:
 Windows 10 , 64 bit Build 19041 (10.0.19041.1889)
OS uptime: 0 days 0:52 hours

CPU: total 8 (initial active 8) (4 cores per cpu, 2 threads per core) family 6 model 126 stepping 5 microcode 0xb0, cx8, cmov, fxsr, ht, mmx, 3dnowpref, sse, sse2, sse3, ssse3, sse4.1, sse4.2, popcnt, lzcnt, tsc, tscinvbit, avx, avx2, aes, erms, clmul, bmi1, bmi2, adx, avx512f, avx512dq, avx512cd, avx512bw, avx512vl, sha, fma, vzeroupper, avx512_vpopcntdq, avx512_vpclmulqdq, avx512_vaes, avx512_vnni, clflush, clflushopt, avx512_vmbi2, avx512_vmbi

Memory: 4k page, system-wide physical 7959M (898M free)
TotalPageFile size 7959M (AvailPageFile size 30M)
current process WorkingSet (physical memory assigned to process): 505M, peak: 509M
current process commit charge ("private bytes"): 551M, peak: 602M

vm_info: Java HotSpot(TM) 64-Bit Server VM (16.0.2+7-67) for windows-amd64 JRE (16.0.2+7-67), built on Jun  8 2021 23:24:19 by "mach5one" with MS VC++ 16.7 (VS2019)

END.
