#
# There is insufficient memory for the Java Runtime Environment to continue.
# Native memory allocation (malloc) failed to allocate 1754736 bytes for Chunk::new
# Possible reasons:
#   The system is out of physical RAM or swap space
#   The process is running with CompressedOops enabled, and the Java Heap may be blocking the growth of the native heap
# Possible solutions:
#   Reduce memory load on the system
#   Increase physical memory or swap space
#   Check if swap backing store is full
#   Decrease Java heap size (-Xmx/-Xms)
#   Decrease number of Java threads
#   Decrease Java thread stack sizes (-Xss)
#   Set larger code cache with -XX:ReservedCodeCacheSize=
#   JVM is running with Unscaled Compressed Oops mode in which the Java heap is
#     placed in the first 4GB address space. The Java Heap base address is the
#     maximum limit for the native heap growth. Please use -XX:HeapBaseMinAddress
#     to set the Java Heap base and to place the Java Heap above 4GB virtual address.
# This output file may be truncated or incomplete.
#
#  Out of Memory Error (arena.cpp:195), pid=3384, tid=8716
#
# JRE version: Java(TM) SE Runtime Environment (16.0.2+7) (build 16.0.2+7-67)
# Java VM: Java HotSpot(TM) 64-Bit Server VM (16.0.2+7-67, mixed mode, sharing, tiered, compressed oops, compressed class ptrs, g1 gc, windows-amd64)
# No core dump will be written. Minidumps are not enabled by default on client versions of Windows
#

---------------  S U M M A R Y ------------

Command Line: --add-opens=java.base/java.util=ALL-UNNAMED --add-opens=java.base/java.lang=ALL-UNNAMED --add-opens=java.base/java.lang.invoke=ALL-UNNAMED --add-opens=java.base/java.util=ALL-UNNAMED --add-opens=java.prefs/java.util.prefs=ALL-UNNAMED --add-opens=java.prefs/java.util.prefs=ALL-UNNAMED --add-opens=java.base/java.nio.charset=ALL-UNNAMED --add-opens=java.base/java.net=ALL-UNNAMED --add-opens=java.base/java.util.concurrent.atomic=ALL-UNNAMED -Xmx2048m -Dfile.encoding=UTF-8 -Duser.country=US -Duser.language=en -Duser.variant org.gradle.launcher.daemon.bootstrap.GradleDaemon 7.3.3

Host: Intel(R) Core(TM) i7-1065G7 CPU @ 1.30GHz, 8 cores, 7G,  Windows 10 , 64 bit Build 19041 (10.0.19041.1889)
Time: Mon Aug 22 13:07:27 2022 Egypt Standard Time elapsed time: 19.116553 seconds (0d 0h 0m 19s)

---------------  T H R E A D  ---------------

Current thread (0x00000292dc6ff040):  JavaThread "C2 CompilerThread1" daemon [_thread_in_native, id=8716, stack(0x0000009786800000,0x0000009786900000)]


Current CompileTask:
C2:  19116 11288   !   4       org.gradle.api.internal.attributes.DefaultImmutableAttributesFactory::doConcatIsolatable (128 bytes)

Stack: [0x0000009786800000,0x0000009786900000]
Native frames: (J=compiled Java code, j=interpreted, Vv=VM code, C=native code)
V  [jvm.dll+0x6681ca]
V  [jvm.dll+0x7c9e69]
V  [jvm.dll+0x7cb61e]
V  [jvm.dll+0x7cbc73]
V  [jvm.dll+0x242c55]
V  [jvm.dll+0xadeba]
V  [jvm.dll+0xae45c]
V  [jvm.dll+0x35a8d7]
V  [jvm.dll+0x324de1]
V  [jvm.dll+0x32428a]
V  [jvm.dll+0x215cec]
V  [jvm.dll+0x215100]
V  [jvm.dll+0x1a1beb]
V  [jvm.dll+0x225158]
V  [jvm.dll+0x22319c]
V  [jvm.dll+0x77fa62]
V  [jvm.dll+0x7795aa]
V  [jvm.dll+0x667066]
C  [ucrtbase.dll+0x21bb2]
C  [KERNEL32.DLL+0x17034]
C  [ntdll.dll+0x52651]


---------------  P R O C E S S  ---------------

Threads class SMR info:
_java_thread_list=0x00000292d7df7c90, length=128, elements={
0x00000292b786df90, 0x00000292d58ee9a0, 0x00000292d58ef4b0, 0x00000292d58fcb50,
0x00000292d58ff570, 0x00000292d5902630, 0x00000292d5909c00, 0x00000292d590afe0,
0x00000292d590d0e0, 0x00000292d59125f0, 0x00000292d64cca20, 0x00000292d64ccf40,
0x00000292d7e9d4c0, 0x00000292d840d800, 0x00000292d861e820, 0x00000292d8b698c0,
0x00000292d79b4230, 0x00000292d7a1e060, 0x00000292d7a1e580, 0x00000292d77b4c30,
0x00000292d77b46e0, 0x00000292d77b4190, 0x00000292d77b5180, 0x00000292d77b56d0,
0x00000292d77b7160, 0x00000292d77b3c40, 0x00000292d77b6170, 0x00000292d77b66c0,
0x00000292d77b6c10, 0x00000292da29bcf0, 0x00000292da2977e0, 0x00000292da299270,
0x00000292da2952b0, 0x00000292da29ad00, 0x00000292da29b250, 0x00000292da2987d0,
0x00000292da29a260, 0x00000292da297290, 0x00000292da295800, 0x00000292da298d20,
0x00000292da2962a0, 0x00000292da298280, 0x00000292da299d10, 0x00000292da29a7b0,
0x00000292dc408270, 0x00000292dc4057f0, 0x00000292dc409d00, 0x00000292dc40a250,
0x00000292dc405d40, 0x00000292dc4087c0, 0x00000292dc40acf0, 0x00000292dc408d10,
0x00000292dc40a7a0, 0x00000292dc4067e0, 0x00000292dc409260, 0x00000292dc406290,
0x00000292dc40b240, 0x00000292dc4097b0, 0x00000292dc4052a0, 0x00000292dc406d30,
0x00000292dc407d20, 0x00000292dc40b790, 0x00000292dc40c780, 0x00000292dc40bce0,
0x00000292dc407280, 0x00000292dc40c230, 0x00000292dc40ccd0, 0x00000292dc4077d0,
0x00000292db071af0, 0x00000292db06eb20, 0x00000292db074020, 0x00000292db06e5d0,
0x00000292db06f5c0, 0x00000292db0705b0, 0x00000292db0715a0, 0x00000292db06cb40,
0x00000292db073030, 0x00000292db070b00, 0x00000292db06f070, 0x00000292db06fb10,
0x00000292db06c5f0, 0x00000292db072040, 0x00000292db070060, 0x00000292db073ad0,
0x00000292db071050, 0x00000292db072590, 0x00000292db072ae0, 0x00000292db06d090,
0x00000292db073580, 0x00000292db06d5e0, 0x00000292db06db30, 0x00000292db06e080,
0x00000292d6b90b00, 0x00000292d6b915a0, 0x00000292d6b93030, 0x00000292d6b91050,
0x00000292d6b93580, 0x00000292d6b92ae0, 0x00000292d6b90060, 0x00000292d6b91af0,
0x00000292d6b92040, 0x00000292d6b92590, 0x00000292d6b905b0, 0x00000292d8ab3a30,
0x00000292d8ab1500, 0x00000292d8ab0fb0, 0x00000292d8ab64b0, 0x00000292d8ab1a50,
0x00000292d8ab3f80, 0x00000292d8ab7f40, 0x00000292d8ab4a20, 0x00000292d8ab74a0,
0x00000292d8ab5a10, 0x00000292d8ab1fa0, 0x00000292d8ab54c0, 0x00000292d8ab6a00,
0x00000292d8ab89e0, 0x00000292d8ab6f50, 0x00000292d8ab2f90, 0x00000292d8ab79f0,
0x00000292d8ab5f60, 0x00000292d8ab4f70, 0x00000292d8ab8490, 0x00000292dc6ff040,
0x00000292dd086bf0, 0x00000292d8ab2a40, 0x00000292d8ab34e0, 0x00000292dcf6d710
}

Java Threads: ( => current thread )
  0x00000292b786df90 JavaThread "main" [_thread_blocked, id=10852, stack(0x0000009785500000,0x0000009785600000)]
  0x00000292d58ee9a0 JavaThread "Reference Handler" daemon [_thread_blocked, id=11276, stack(0x0000009785c00000,0x0000009785d00000)]
  0x00000292d58ef4b0 JavaThread "Finalizer" daemon [_thread_blocked, id=10464, stack(0x0000009785d00000,0x0000009785e00000)]
  0x00000292d58fcb50 JavaThread "Signal Dispatcher" daemon [_thread_blocked, id=2540, stack(0x0000009785e00000,0x0000009785f00000)]
  0x00000292d58ff570 JavaThread "Attach Listener" daemon [_thread_blocked, id=1476, stack(0x0000009785f00000,0x0000009786000000)]
  0x00000292d5902630 JavaThread "Service Thread" daemon [_thread_blocked, id=5056, stack(0x0000009786000000,0x0000009786100000)]
  0x00000292d5909c00 JavaThread "Monitor Deflation Thread" daemon [_thread_blocked, id=11192, stack(0x0000009786100000,0x0000009786200000)]
  0x00000292d590afe0 JavaThread "C2 CompilerThread0" daemon [_thread_in_native, id=10420, stack(0x0000009786200000,0x0000009786300000)]
  0x00000292d590d0e0 JavaThread "C1 CompilerThread0" daemon [_thread_in_vm, id=9196, stack(0x0000009786300000,0x0000009786400000)]
  0x00000292d59125f0 JavaThread "Sweeper thread" daemon [_thread_blocked, id=5396, stack(0x0000009786400000,0x0000009786500000)]
  0x00000292d64cca20 JavaThread "Common-Cleaner" daemon [_thread_blocked, id=7492, stack(0x0000009786500000,0x0000009786600000)]
  0x00000292d64ccf40 JavaThread "Notification Thread" daemon [_thread_blocked, id=11248, stack(0x0000009786600000,0x0000009786700000)]
  0x00000292d7e9d4c0 JavaThread "Daemon health stats" [_thread_blocked, id=10476, stack(0x0000009786e00000,0x0000009786f00000)]
  0x00000292d840d800 JavaThread "Incoming local TCP Connector on port 61506" [_thread_in_native, id=9600, stack(0x0000009786f00000,0x0000009787000000)]
  0x00000292d861e820 JavaThread "Daemon periodic checks" [_thread_blocked, id=12844, stack(0x0000009787000000,0x0000009787100000)]
  0x00000292d8b698c0 JavaThread "Daemon" [_thread_blocked, id=7956, stack(0x0000009787100000,0x0000009787200000)]
  0x00000292d79b4230 JavaThread "Handler for socket connection from /127.0.0.1:61506 to /127.0.0.1:61507" [_thread_in_native, id=2872, stack(0x0000009787200000,0x0000009787300000)]
  0x00000292d7a1e060 JavaThread "Cancel handler" [_thread_blocked, id=6776, stack(0x0000009787300000,0x0000009787400000)]
  0x00000292d7a1e580 JavaThread "Daemon worker" [_thread_in_Java, id=8476, stack(0x0000009787400000,0x0000009787500000)]
  0x00000292d77b4c30 JavaThread "Asynchronous log dispatcher for DefaultDaemonConnection: socket connection from /127.0.0.1:61506 to /127.0.0.1:61507" [_thread_blocked, id=12916, stack(0x0000009787500000,0x0000009787600000)]
  0x00000292d77b46e0 JavaThread "Stdin handler" [_thread_blocked, id=3176, stack(0x0000009787600000,0x0000009787700000)]
  0x00000292d77b4190 JavaThread "Daemon client event forwarder" [_thread_blocked, id=8368, stack(0x0000009787700000,0x0000009787800000)]
  0x00000292d77b5180 JavaThread "Cache worker for journal cache (C:\Users\ITECH\.gradle\caches\journal-1)" [_thread_blocked, id=10908, stack(0x0000009787800000,0x0000009787900000)]
  0x00000292d77b56d0 JavaThread "File lock request listener" [_thread_in_native, id=6856, stack(0x0000009787900000,0x0000009787a00000)]
  0x00000292d77b7160 JavaThread "Cache worker for file hash cache (C:\Users\ITECH\.gradle\caches\7.3.3\fileHashes)" [_thread_blocked, id=2788, stack(0x0000009787a00000,0x0000009787b00000)]
  0x00000292d77b3c40 JavaThread "Cache worker for file hash cache (C:\Users\ITECH\AndroidStudioProjects\yummy\.gradle\7.3.3\fileHashes)" [_thread_blocked, id=10144, stack(0x0000009787e00000,0x0000009787f00000)]
  0x00000292d77b6170 JavaThread "File watcher server" daemon [_thread_in_native, id=10176, stack(0x0000009787f00000,0x0000009788000000)]
  0x00000292d77b66c0 JavaThread "File watcher consumer" daemon [_thread_blocked, id=6988, stack(0x0000009788000000,0x0000009788100000)]
  0x00000292d77b6c10 JavaThread "jar transforms" [_thread_blocked, id=1076, stack(0x0000009788100000,0x0000009788200000)]
  0x00000292da29bcf0 JavaThread "jar transforms Thread 2" [_thread_blocked, id=9432, stack(0x0000009788200000,0x0000009788300000)]
  0x00000292da2977e0 JavaThread "jar transforms Thread 3" [_thread_blocked, id=11048, stack(0x0000009788300000,0x0000009788400000)]
  0x00000292da299270 JavaThread "jar transforms Thread 4" [_thread_blocked, id=3852, stack(0x0000009788400000,0x0000009788500000)]
  0x00000292da2952b0 JavaThread "jar transforms Thread 5" [_thread_blocked, id=2604, stack(0x0000009788500000,0x0000009788600000)]
  0x00000292da29ad00 JavaThread "jar transforms Thread 6" [_thread_blocked, id=9784, stack(0x0000009788600000,0x0000009788700000)]
  0x00000292da29b250 JavaThread "jar transforms Thread 7" [_thread_blocked, id=9532, stack(0x0000009788700000,0x0000009788800000)]
  0x00000292da2987d0 JavaThread "jar transforms Thread 8" [_thread_blocked, id=12240, stack(0x0000009788800000,0x0000009788900000)]
  0x00000292da29a260 JavaThread "Cache worker for checksums cache (C:\Users\ITECH\AndroidStudioProjects\yummy\.gradle\7.3.3\checksums)" [_thread_blocked, id=10396, stack(0x0000009788a00000,0x0000009788b00000)]
  0x00000292da297290 JavaThread "Cache worker for cache directory md-supplier (C:\Users\ITECH\.gradle\caches\7.3.3\md-supplier)" [_thread_blocked, id=2720, stack(0x0000009788b00000,0x0000009788c00000)]
  0x00000292da295800 JavaThread "Cache worker for cache directory md-rule (C:\Users\ITECH\.gradle\caches\7.3.3\md-rule)" [_thread_blocked, id=9416, stack(0x0000009788c00000,0x0000009788d00000)]
  0x00000292da298d20 JavaThread "Cache worker for execution history cache (C:\Users\ITECH\.gradle\caches\7.3.3\executionHistory)" [_thread_blocked, id=10764, stack(0x0000009788d00000,0x0000009788e00000)]
  0x00000292da2962a0 JavaThread "Cache worker for file content cache (C:\Users\ITECH\.gradle\caches\7.3.3\fileContent)" [_thread_blocked, id=8736, stack(0x0000009788e00000,0x0000009788f00000)]
  0x00000292da298280 JavaThread "Cache worker for dependencies-accessors (C:\Users\ITECH\AndroidStudioProjects\yummy\.gradle\7.3.3\dependencies-accessors)" [_thread_blocked, id=10040, stack(0x0000009788f00000,0x0000009789000000)]
  0x00000292da299d10 JavaThread "Cache worker for Build Output Cleanup Cache (C:\Users\ITECH\AndroidStudioProjects\yummy\.gradle\buildOutputCleanup)" [_thread_blocked, id=3672, stack(0x0000009789000000,0x0000009789100000)]
  0x00000292da29a7b0 JavaThread "Unconstrained build operations" [_thread_blocked, id=3516, stack(0x0000009789100000,0x0000009789200000)]
  0x00000292dc408270 JavaThread "Unconstrained build operations Thread 2" [_thread_blocked, id=2064, stack(0x0000009789200000,0x0000009789300000)]
  0x00000292dc4057f0 JavaThread "Unconstrained build operations Thread 3" [_thread_blocked, id=9624, stack(0x0000009789300000,0x0000009789400000)]
  0x00000292dc409d00 JavaThread "Unconstrained build operations Thread 4" [_thread_blocked, id=9100, stack(0x0000009789400000,0x0000009789500000)]
  0x00000292dc40a250 JavaThread "Unconstrained build operations Thread 5" [_thread_blocked, id=11852, stack(0x0000009789500000,0x0000009789600000)]
  0x00000292dc405d40 JavaThread "Unconstrained build operations Thread 6" [_thread_blocked, id=7996, stack(0x0000009789600000,0x0000009789700000)]
  0x00000292dc4087c0 JavaThread "Unconstrained build operations Thread 7" [_thread_blocked, id=6104, stack(0x0000009789700000,0x0000009789800000)]
  0x00000292dc40acf0 JavaThread "Unconstrained build operations Thread 8" [_thread_blocked, id=6956, stack(0x0000009789800000,0x0000009789900000)]
  0x00000292dc408d10 JavaThread "Unconstrained build operations Thread 9" [_thread_blocked, id=12864, stack(0x0000009789900000,0x0000009789a00000)]
  0x00000292dc40a7a0 JavaThread "Unconstrained build operations Thread 10" [_thread_blocked, id=11904, stack(0x0000009789a00000,0x0000009789b00000)]
  0x00000292dc4067e0 JavaThread "Unconstrained build operations Thread 11" [_thread_blocked, id=8108, stack(0x0000009789b00000,0x0000009789c00000)]
  0x00000292dc409260 JavaThread "Unconstrained build operations Thread 12" [_thread_blocked, id=9304, stack(0x0000009789c00000,0x0000009789d00000)]
  0x00000292dc406290 JavaThread "Unconstrained build operations Thread 13" [_thread_blocked, id=13296, stack(0x0000009789d00000,0x0000009789e00000)]
  0x00000292dc40b240 JavaThread "Unconstrained build operations Thread 14" [_thread_blocked, id=13008, stack(0x0000009789e00000,0x0000009789f00000)]
  0x00000292dc4097b0 JavaThread "Unconstrained build operations Thread 15" [_thread_blocked, id=12512, stack(0x0000009789f00000,0x000000978a000000)]
  0x00000292dc4052a0 JavaThread "Unconstrained build operations Thread 16" [_thread_blocked, id=1680, stack(0x000000978a000000,0x000000978a100000)]
  0x00000292dc406d30 JavaThread "Unconstrained build operations Thread 17" [_thread_blocked, id=7556, stack(0x000000978a100000,0x000000978a200000)]
  0x00000292dc407d20 JavaThread "Unconstrained build operations Thread 18" [_thread_blocked, id=6204, stack(0x000000978a200000,0x000000978a300000)]
  0x00000292dc40b790 JavaThread "Unconstrained build operations Thread 19" [_thread_blocked, id=6540, stack(0x000000978a300000,0x000000978a400000)]
  0x00000292dc40c780 JavaThread "Unconstrained build operations Thread 20" [_thread_blocked, id=8984, stack(0x000000978a400000,0x000000978a500000)]
  0x00000292dc40bce0 JavaThread "Unconstrained build operations Thread 21" [_thread_blocked, id=13068, stack(0x000000978a500000,0x000000978a600000)]
  0x00000292dc407280 JavaThread "Unconstrained build operations Thread 22" [_thread_blocked, id=10204, stack(0x000000978a600000,0x000000978a700000)]
  0x00000292dc40c230 JavaThread "Unconstrained build operations Thread 23" [_thread_blocked, id=6364, stack(0x000000978a700000,0x000000978a800000)]
  0x00000292dc40ccd0 JavaThread "Unconstrained build operations Thread 24" [_thread_blocked, id=10624, stack(0x000000978a800000,0x000000978a900000)]
  0x00000292dc4077d0 JavaThread "Unconstrained build operations Thread 25" [_thread_blocked, id=10644, stack(0x000000978a900000,0x000000978aa00000)]
  0x00000292db071af0 JavaThread "Unconstrained build operations Thread 26" [_thread_blocked, id=11720, stack(0x000000978aa00000,0x000000978ab00000)]
  0x00000292db06eb20 JavaThread "Unconstrained build operations Thread 27" [_thread_blocked, id=2352, stack(0x000000978ab00000,0x000000978ac00000)]
  0x00000292db074020 JavaThread "Unconstrained build operations Thread 28" [_thread_blocked, id=13136, stack(0x000000978ac00000,0x000000978ad00000)]
  0x00000292db06e5d0 JavaThread "Unconstrained build operations Thread 29" [_thread_blocked, id=2868, stack(0x000000978ad00000,0x000000978ae00000)]
  0x00000292db06f5c0 JavaThread "Unconstrained build operations Thread 30" [_thread_blocked, id=10460, stack(0x000000978ae00000,0x000000978af00000)]
  0x00000292db0705b0 JavaThread "Unconstrained build operations Thread 31" [_thread_blocked, id=8996, stack(0x000000978af00000,0x000000978b000000)]
  0x00000292db0715a0 JavaThread "Unconstrained build operations Thread 32" [_thread_blocked, id=11108, stack(0x000000978b000000,0x000000978b100000)]
  0x00000292db06cb40 JavaThread "Unconstrained build operations Thread 33" [_thread_blocked, id=8432, stack(0x000000978b100000,0x000000978b200000)]
  0x00000292db073030 JavaThread "Unconstrained build operations Thread 34" [_thread_blocked, id=10876, stack(0x000000978b200000,0x000000978b300000)]
  0x00000292db070b00 JavaThread "Unconstrained build operations Thread 35" [_thread_blocked, id=1236, stack(0x000000978b300000,0x000000978b400000)]
  0x00000292db06f070 JavaThread "Unconstrained build operations Thread 36" [_thread_blocked, id=10108, stack(0x000000978b400000,0x000000978b500000)]
  0x00000292db06fb10 JavaThread "Unconstrained build operations Thread 37" [_thread_blocked, id=3436, stack(0x000000978b500000,0x000000978b600000)]
  0x00000292db06c5f0 JavaThread "Unconstrained build operations Thread 38" [_thread_blocked, id=3488, stack(0x000000978b600000,0x000000978b700000)]
  0x00000292db072040 JavaThread "Unconstrained build operations Thread 39" [_thread_blocked, id=2560, stack(0x000000978b700000,0x000000978b800000)]
  0x00000292db070060 JavaThread "Unconstrained build operations Thread 40" [_thread_blocked, id=8064, stack(0x000000978b800000,0x000000978b900000)]
  0x00000292db073ad0 JavaThread "Unconstrained build operations Thread 41" [_thread_blocked, id=10072, stack(0x000000978b900000,0x000000978ba00000)]
  0x00000292db071050 JavaThread "Unconstrained build operations Thread 42" [_thread_blocked, id=9380, stack(0x000000978ba00000,0x000000978bb00000)]
  0x00000292db072590 JavaThread "Unconstrained build operations Thread 43" [_thread_blocked, id=768, stack(0x000000978bb00000,0x000000978bc00000)]
  0x00000292db072ae0 JavaThread "Unconstrained build operations Thread 44" [_thread_blocked, id=12344, stack(0x000000978bc00000,0x000000978bd00000)]
  0x00000292db06d090 JavaThread "Unconstrained build operations Thread 45" [_thread_blocked, id=8572, stack(0x000000978bd00000,0x000000978be00000)]
  0x00000292db073580 JavaThread "Unconstrained build operations Thread 46" [_thread_blocked, id=2796, stack(0x000000978be00000,0x000000978bf00000)]
  0x00000292db06d5e0 JavaThread "Unconstrained build operations Thread 47" [_thread_blocked, id=8620, stack(0x000000978bf00000,0x000000978c000000)]
  0x00000292db06db30 JavaThread "Unconstrained build operations Thread 48" [_thread_blocked, id=10192, stack(0x000000978c000000,0x000000978c100000)]
  0x00000292db06e080 JavaThread "Unconstrained build operations Thread 49" [_thread_blocked, id=12452, stack(0x000000978c100000,0x000000978c200000)]
  0x00000292d6b90b00 JavaThread "Unconstrained build operations Thread 50" [_thread_blocked, id=4576, stack(0x000000978c200000,0x000000978c300000)]
  0x00000292d6b915a0 JavaThread "Unconstrained build operations Thread 51" [_thread_blocked, id=7808, stack(0x000000978c300000,0x000000978c400000)]
  0x00000292d6b93030 JavaThread "Unconstrained build operations Thread 52" [_thread_blocked, id=1872, stack(0x000000978c400000,0x000000978c500000)]
  0x00000292d6b91050 JavaThread "Unconstrained build operations Thread 53" [_thread_blocked, id=7976, stack(0x000000978c500000,0x000000978c600000)]
  0x00000292d6b93580 JavaThread "Unconstrained build operations Thread 54" [_thread_blocked, id=9920, stack(0x000000978c600000,0x000000978c700000)]
  0x00000292d6b92ae0 JavaThread "Unconstrained build operations Thread 55" [_thread_blocked, id=7540, stack(0x000000978c700000,0x000000978c800000)]
  0x00000292d6b90060 JavaThread "Unconstrained build operations Thread 56" [_thread_blocked, id=10052, stack(0x000000978c800000,0x000000978c900000)]
  0x00000292d6b91af0 JavaThread "Unconstrained build operations Thread 57" [_thread_blocked, id=3192, stack(0x000000978c900000,0x000000978ca00000)]
  0x00000292d6b92040 JavaThread "Unconstrained build operations Thread 58" [_thread_blocked, id=12616, stack(0x000000978ca00000,0x000000978cb00000)]
  0x00000292d6b92590 JavaThread "Unconstrained build operations Thread 59" [_thread_blocked, id=9160, stack(0x000000978cb00000,0x000000978cc00000)]
  0x00000292d6b905b0 JavaThread "Unconstrained build operations Thread 60" [_thread_blocked, id=2456, stack(0x000000978cc00000,0x000000978cd00000)]
  0x00000292d8ab3a30 JavaThread "Unconstrained build operations Thread 61" [_thread_blocked, id=7708, stack(0x000000978cd00000,0x000000978ce00000)]
  0x00000292d8ab1500 JavaThread "Unconstrained build operations Thread 62" [_thread_blocked, id=10728, stack(0x000000978ce00000,0x000000978cf00000)]
  0x00000292d8ab0fb0 JavaThread "Unconstrained build operations Thread 63" [_thread_blocked, id=4056, stack(0x000000978cf00000,0x000000978d000000)]
  0x00000292d8ab64b0 JavaThread "Unconstrained build operations Thread 64" [_thread_blocked, id=8348, stack(0x000000978d000000,0x000000978d100000)]
  0x00000292d8ab1a50 JavaThread "Unconstrained build operations Thread 65" [_thread_blocked, id=1468, stack(0x000000978d100000,0x000000978d200000)]
  0x00000292d8ab3f80 JavaThread "Unconstrained build operations Thread 66" [_thread_blocked, id=5004, stack(0x000000978d200000,0x000000978d300000)]
  0x00000292d8ab7f40 JavaThread "Unconstrained build operations Thread 67" [_thread_blocked, id=6872, stack(0x000000978d300000,0x000000978d400000)]
  0x00000292d8ab4a20 JavaThread "Unconstrained build operations Thread 68" [_thread_blocked, id=580, stack(0x000000978d400000,0x000000978d500000)]
  0x00000292d8ab74a0 JavaThread "Unconstrained build operations Thread 69" [_thread_blocked, id=13100, stack(0x000000978d500000,0x000000978d600000)]
  0x00000292d8ab5a10 JavaThread "Unconstrained build operations Thread 70" [_thread_blocked, id=7948, stack(0x000000978d600000,0x000000978d700000)]
  0x00000292d8ab1fa0 JavaThread "Unconstrained build operations Thread 71" [_thread_blocked, id=2896, stack(0x000000978d700000,0x000000978d800000)]
  0x00000292d8ab54c0 JavaThread "Unconstrained build operations Thread 72" [_thread_blocked, id=6496, stack(0x000000978d800000,0x000000978d900000)]
  0x00000292d8ab6a00 JavaThread "Unconstrained build operations Thread 73" [_thread_blocked, id=4148, stack(0x000000978d900000,0x000000978da00000)]
  0x00000292d8ab89e0 JavaThread "Unconstrained build operations Thread 74" [_thread_blocked, id=4364, stack(0x000000978da00000,0x000000978db00000)]
  0x00000292d8ab6f50 JavaThread "Unconstrained build operations Thread 75" [_thread_blocked, id=11516, stack(0x000000978db00000,0x000000978dc00000)]
  0x00000292d8ab2f90 JavaThread "Unconstrained build operations Thread 76" [_thread_blocked, id=7668, stack(0x000000978dc00000,0x000000978dd00000)]
  0x00000292d8ab79f0 JavaThread "Unconstrained build operations Thread 77" [_thread_blocked, id=8212, stack(0x000000978dd00000,0x000000978de00000)]
  0x00000292d8ab5f60 JavaThread "Unconstrained build operations Thread 78" [_thread_blocked, id=6264, stack(0x000000978de00000,0x000000978df00000)]
  0x00000292d8ab4f70 JavaThread "Unconstrained build operations Thread 79" [_thread_blocked, id=5156, stack(0x000000978df00000,0x000000978e000000)]
  0x00000292d8ab8490 JavaThread "Unconstrained build operations Thread 80" [_thread_blocked, id=8508, stack(0x000000978e000000,0x000000978e100000)]
=>0x00000292dc6ff040 JavaThread "C2 CompilerThread1" daemon [_thread_in_native, id=8716, stack(0x0000009786800000,0x0000009786900000)]
  0x00000292dd086bf0 JavaThread "C2 CompilerThread2" daemon [_thread_in_native, id=11196, stack(0x0000009786d00000,0x0000009786e00000)]
  0x00000292d8ab2a40 JavaThread "Memory manager" [_thread_blocked, id=7724, stack(0x000000978e100000,0x000000978e200000)]
  0x00000292d8ab34e0 JavaThread "pool-3-thread-1" [_thread_blocked, id=2804, stack(0x000000978e200000,0x000000978e300000)]
  0x00000292dcf6d710 JavaThread "Cache worker for execution history cache (C:\Users\ITECH\AndroidStudioProjects\yummy\.gradle\7.3.3\executionHistory)" [_thread_blocked, id=3628, stack(0x000000978ea00000,0x000000978eb00000)]

Other Threads:
  0x00000292d58e67e0 VMThread "VM Thread" [stack: 0x0000009785b00000,0x0000009785c00000] [id=3300]
  0x00000292d64d1870 WatcherThread [stack: 0x0000009786700000,0x0000009786800000] [id=1972]
  0x00000292b78ab440 GCTaskThread "GC Thread#0" [stack: 0x0000009785600000,0x0000009785700000] [id=2392]
  0x00000292d6fbeb90 GCTaskThread "GC Thread#1" [stack: 0x0000009786900000,0x0000009786a00000] [id=6744]
  0x00000292d6f96960 GCTaskThread "GC Thread#2" [stack: 0x0000009786a00000,0x0000009786b00000] [id=2024]
  0x00000292d728e5c0 GCTaskThread "GC Thread#3" [stack: 0x0000009786b00000,0x0000009786c00000] [id=10864]
  0x00000292d74b3c90 GCTaskThread "GC Thread#4" [stack: 0x0000009786c00000,0x0000009786d00000] [id=10472]
  0x00000292dac75cc0 GCTaskThread "GC Thread#5" [stack: 0x0000009787b00000,0x0000009787c00000] [id=11184]
  0x00000292dac765f0 GCTaskThread "GC Thread#6" [stack: 0x0000009787c00000,0x0000009787d00000] [id=8920]
  0x00000292dac74d70 GCTaskThread "GC Thread#7" [stack: 0x0000009787d00000,0x0000009787e00000] [id=11220]
  0x00000292b78bd4a0 ConcurrentGCThread "G1 Main Marker" [stack: 0x0000009785700000,0x0000009785800000] [id=10620]
  0x00000292b78c05e0 ConcurrentGCThread "G1 Conc#0" [stack: 0x0000009785800000,0x0000009785900000] [id=13044]
  0x00000292dac75390 ConcurrentGCThread "G1 Conc#1" [stack: 0x0000009788900000,0x0000009788a00000] [id=3172]
  0x00000292b7946de0 ConcurrentGCThread "G1 Refine#0" [stack: 0x0000009785900000,0x0000009785a00000] [id=7024]
  0x00000292b7947770 ConcurrentGCThread "G1 Service" [stack: 0x0000009785a00000,0x0000009785b00000] [id=9352]

Threads with active compile tasks:
C2 CompilerThread0    19172 11471       4       org.gradle.api.internal.attributes.DefaultImmutableAttributesFactory::concat (46 bytes)
C1 CompilerThread0    19172 11571       3       java.util.LinkedList::linkBefore (63 bytes)
C2 CompilerThread1    19172 11288   !   4       org.gradle.api.internal.attributes.DefaultImmutableAttributesFactory::doConcatIsolatable (128 bytes)
C2 CompilerThread2    19172 11498   !   4       org.gradle.internal.serialize.kryo.StringDeduplicatingKryoBackedDecoder::readNullableString (110 bytes)

VM state: not at safepoint (normal execution)

VM Mutex/Monitor currently owned by a thread: None

Heap address: 0x0000000080000000, size: 2048 MB, Compressed Oops mode: 32-bit

CDS archive(s) mapped at: [0x0000000800000000-0x0000000800bb0000-0x0000000800bb0000), size 12255232, SharedBaseAddress: 0x0000000800000000, ArchiveRelocationMode: 0.
Compressed class space mapped at: 0x0000000800c00000-0x0000000840c00000, reserved size: 1073741824
Narrow klass base: 0x0000000800000000, Narrow klass shift: 3, Narrow klass range: 0x100000000

GC Precious Log:
 CPUs: 8 total, 8 available
 Memory: 7959M
 Large Page Support: Disabled
 NUMA Support: Disabled
 Compressed Oops: Enabled (32-bit)
 Heap Region Size: 1M
 Heap Min Capacity: 8M
 Heap Initial Capacity: 126M
 Heap Max Capacity: 2G
 Pre-touch: Disabled
 Parallel Workers: 8
 Concurrent Workers: 2
 Concurrent Refinement Workers: 8
 Periodic GC: Disabled

Heap:
 garbage-first heap   total 211968K, used 126087K [0x0000000080000000, 0x0000000100000000)
  region size 1024K, 12 young (12288K), 3 survivors (3072K)
 Metaspace       used 89956K, committed 90688K, reserved 1130496K
  class space    used 11848K, committed 12224K, reserved 1048576K

Heap Regions: E=young(eden), S=young(survivor), O=old, HS=humongous(starts), HC=humongous(continues), CS=collection set, F=free, OA=open archive, CA=closed archive, TAMS=top-at-mark-start (previous, next)
|   0|0x0000000080000000, 0x0000000080100000, 0x0000000080100000|100%|HS|  |TAMS 0x0000000080100000, 0x0000000080000000| Complete 
|   1|0x0000000080100000, 0x0000000080200000, 0x0000000080200000|100%| O|  |TAMS 0x0000000080200000, 0x0000000080100000| Untracked 
|   2|0x0000000080200000, 0x0000000080300000, 0x0000000080300000|100%| O|  |TAMS 0x0000000080300000, 0x0000000080200000| Untracked 
|   3|0x0000000080300000, 0x0000000080400000, 0x0000000080400000|100%|HS|  |TAMS 0x0000000080400000, 0x0000000080300000| Complete 
|   4|0x0000000080400000, 0x0000000080500000, 0x0000000080500000|100%|HC|  |TAMS 0x0000000080500000, 0x0000000080400000| Complete 
|   5|0x0000000080500000, 0x0000000080600000, 0x0000000080600000|100%|HC|  |TAMS 0x0000000080600000, 0x0000000080500000| Complete 
|   6|0x0000000080600000, 0x0000000080700000, 0x0000000080700000|100%| O|  |TAMS 0x0000000080700000, 0x0000000080600000| Untracked 
|   7|0x0000000080700000, 0x0000000080800000, 0x0000000080800000|100%| O|  |TAMS 0x0000000080800000, 0x0000000080700000| Untracked 
|   8|0x0000000080800000, 0x0000000080900000, 0x0000000080900000|100%| O|  |TAMS 0x0000000080900000, 0x0000000080800000| Untracked 
|   9|0x0000000080900000, 0x0000000080a00000, 0x0000000080a00000|100%| O|  |TAMS 0x0000000080a00000, 0x0000000080900000| Untracked 
|  10|0x0000000080a00000, 0x0000000080b00000, 0x0000000080b00000|100%| O|  |TAMS 0x0000000080b00000, 0x0000000080a00000| Untracked 
|  11|0x0000000080b00000, 0x0000000080c00000, 0x0000000080c00000|100%|HS|  |TAMS 0x0000000080c00000, 0x0000000080b00000| Complete 
|  12|0x0000000080c00000, 0x0000000080d00000, 0x0000000080d00000|100%|HC|  |TAMS 0x0000000080d00000, 0x0000000080c00000| Complete 
|  13|0x0000000080d00000, 0x0000000080e00000, 0x0000000080e00000|100%|HS|  |TAMS 0x0000000080e00000, 0x0000000080d00000| Complete 
|  14|0x0000000080e00000, 0x0000000080f00000, 0x0000000080f00000|100%|HC|  |TAMS 0x0000000080f00000, 0x0000000080e00000| Complete 
|  15|0x0000000080f00000, 0x0000000081000000, 0x0000000081000000|100%|HC|  |TAMS 0x0000000081000000, 0x0000000080f00000| Complete 
|  16|0x0000000081000000, 0x0000000081100000, 0x0000000081100000|100%|HS|  |TAMS 0x0000000081100000, 0x0000000081000000| Complete 
|  17|0x0000000081100000, 0x0000000081200000, 0x0000000081200000|100%|HC|  |TAMS 0x0000000081200000, 0x0000000081100000| Complete 
|  18|0x0000000081200000, 0x0000000081300000, 0x0000000081300000|100%|HC|  |TAMS 0x0000000081300000, 0x0000000081200000| Complete 
|  19|0x0000000081300000, 0x0000000081400000, 0x0000000081400000|100%|HC|  |TAMS 0x0000000081400000, 0x0000000081300000| Complete 
|  20|0x0000000081400000, 0x0000000081500000, 0x0000000081500000|100%| O|  |TAMS 0x0000000081500000, 0x0000000081400000| Untracked 
|  21|0x0000000081500000, 0x0000000081600000, 0x0000000081600000|100%| O|  |TAMS 0x0000000081600000, 0x0000000081500000| Untracked 
|  22|0x0000000081600000, 0x0000000081700000, 0x0000000081700000|100%| O|  |TAMS 0x0000000081700000, 0x0000000081600000| Untracked 
|  23|0x0000000081700000, 0x0000000081800000, 0x0000000081800000|100%| O|  |TAMS 0x0000000081800000, 0x0000000081700000| Untracked 
|  24|0x0000000081800000, 0x0000000081900000, 0x0000000081900000|100%| O|  |TAMS 0x0000000081900000, 0x0000000081800000| Untracked 
|  25|0x0000000081900000, 0x0000000081a00000, 0x0000000081a00000|100%| O|  |TAMS 0x0000000081a00000, 0x0000000081900000| Untracked 
|  26|0x0000000081a00000, 0x0000000081b00000, 0x0000000081b00000|100%| O|  |TAMS 0x0000000081b00000, 0x0000000081a00000| Untracked 
|  27|0x0000000081b00000, 0x0000000081c00000, 0x0000000081c00000|100%| O|  |TAMS 0x0000000081c00000, 0x0000000081b00000| Untracked 
|  28|0x0000000081c00000, 0x0000000081cc2200, 0x0000000081d00000| 75%| O|  |TAMS 0x0000000081cc2200, 0x0000000081c00000| Untracked 
|  29|0x0000000081d00000, 0x0000000081e00000, 0x0000000081e00000|100%| O|  |TAMS 0x0000000081e00000, 0x0000000081d00000| Untracked 
|  30|0x0000000081e00000, 0x0000000081f00000, 0x0000000081f00000|100%| O|  |TAMS 0x0000000081f00000, 0x0000000081e00000| Untracked 
|  31|0x0000000081f00000, 0x0000000082000000, 0x0000000082000000|100%| O|  |TAMS 0x0000000082000000, 0x0000000081f00000| Untracked 
|  32|0x0000000082000000, 0x0000000082100000, 0x0000000082100000|100%| O|  |TAMS 0x0000000082100000, 0x0000000082000000| Untracked 
|  33|0x0000000082100000, 0x0000000082200000, 0x0000000082200000|100%| O|  |TAMS 0x0000000082200000, 0x0000000082100000| Untracked 
|  34|0x0000000082200000, 0x0000000082300000, 0x0000000082300000|100%| O|  |TAMS 0x0000000082300000, 0x0000000082200000| Untracked 
|  35|0x0000000082300000, 0x0000000082400000, 0x0000000082400000|100%| O|  |TAMS 0x0000000082400000, 0x0000000082300000| Untracked 
|  36|0x0000000082400000, 0x0000000082500000, 0x0000000082500000|100%| O|  |TAMS 0x0000000082500000, 0x0000000082400000| Untracked 
|  37|0x0000000082500000, 0x0000000082600000, 0x0000000082600000|100%| O|  |TAMS 0x0000000082600000, 0x0000000082500000| Untracked 
|  38|0x0000000082600000, 0x0000000082700000, 0x0000000082700000|100%| O|  |TAMS 0x0000000082700000, 0x0000000082600000| Untracked 
|  39|0x0000000082700000, 0x0000000082800000, 0x0000000082800000|100%| O|  |TAMS 0x0000000082800000, 0x0000000082700000| Untracked 
|  40|0x0000000082800000, 0x0000000082900000, 0x0000000082900000|100%| O|  |TAMS 0x0000000082900000, 0x0000000082800000| Untracked 
|  41|0x0000000082900000, 0x0000000082a00000, 0x0000000082a00000|100%|HS|  |TAMS 0x0000000082a00000, 0x0000000082900000| Complete 
|  42|0x0000000082a00000, 0x0000000082b00000, 0x0000000082b00000|100%|HS|  |TAMS 0x0000000082b00000, 0x0000000082a00000| Complete 
|  43|0x0000000082b00000, 0x0000000082c00000, 0x0000000082c00000|100%|HC|  |TAMS 0x0000000082c00000, 0x0000000082b00000| Complete 
|  44|0x0000000082c00000, 0x0000000082d00000, 0x0000000082d00000|100%|HC|  |TAMS 0x0000000082d00000, 0x0000000082c00000| Complete 
|  45|0x0000000082d00000, 0x0000000082e00000, 0x0000000082e00000|100%| O|  |TAMS 0x0000000082e00000, 0x0000000082d00000| Untracked 
|  46|0x0000000082e00000, 0x0000000082f00000, 0x0000000082f00000|100%| O|  |TAMS 0x0000000082f00000, 0x0000000082e00000| Untracked 
|  47|0x0000000082f00000, 0x0000000083000000, 0x0000000083000000|100%| O|  |TAMS 0x0000000083000000, 0x0000000082f00000| Untracked 
|  48|0x0000000083000000, 0x0000000083100000, 0x0000000083100000|100%| O|  |TAMS 0x0000000083100000, 0x0000000083000000| Untracked 
|  49|0x0000000083100000, 0x0000000083200000, 0x0000000083200000|100%|HS|  |TAMS 0x0000000083200000, 0x0000000083100000| Complete 
|  50|0x0000000083200000, 0x0000000083300000, 0x0000000083300000|100%|HC|  |TAMS 0x0000000083300000, 0x0000000083200000| Complete 
|  51|0x0000000083300000, 0x0000000083400000, 0x0000000083400000|100%|HC|  |TAMS 0x0000000083400000, 0x0000000083300000| Complete 
|  52|0x0000000083400000, 0x0000000083500000, 0x0000000083500000|100%|HC|  |TAMS 0x0000000083500000, 0x0000000083400000| Complete 
|  53|0x0000000083500000, 0x0000000083600000, 0x0000000083600000|100%| O|  |TAMS 0x0000000083600000, 0x0000000083500000| Untracked 
|  54|0x0000000083600000, 0x0000000083700000, 0x0000000083700000|100%| O|  |TAMS 0x0000000083700000, 0x0000000083600000| Untracked 
|  55|0x0000000083700000, 0x0000000083800000, 0x0000000083800000|100%| O|  |TAMS 0x0000000083800000, 0x0000000083700000| Untracked 
|  56|0x0000000083800000, 0x0000000083900000, 0x0000000083900000|100%| O|  |TAMS 0x0000000083900000, 0x0000000083800000| Untracked 
|  57|0x0000000083900000, 0x0000000083a00000, 0x0000000083a00000|100%| O|  |TAMS 0x0000000083a00000, 0x0000000083900000| Untracked 
|  58|0x0000000083a00000, 0x0000000083b00000, 0x0000000083b00000|100%| O|  |TAMS 0x0000000083b00000, 0x0000000083a00000| Untracked 
|  59|0x0000000083b00000, 0x0000000083c00000, 0x0000000083c00000|100%| O|  |TAMS 0x0000000083c00000, 0x0000000083b00000| Untracked 
|  60|0x0000000083c00000, 0x0000000083d00000, 0x0000000083d00000|100%| O|  |TAMS 0x0000000083d00000, 0x0000000083c00000| Untracked 
|  61|0x0000000083d00000, 0x0000000083e00000, 0x0000000083e00000|100%|HS|  |TAMS 0x0000000083e00000, 0x0000000083d00000| Complete 
|  62|0x0000000083e00000, 0x0000000083f00000, 0x0000000083f00000|100%|HS|  |TAMS 0x0000000083f00000, 0x0000000083e00000| Complete 
|  63|0x0000000083f00000, 0x0000000084000000, 0x0000000084000000|100%| O|  |TAMS 0x0000000084000000, 0x0000000083f00000| Untracked 
|  64|0x0000000084000000, 0x0000000084100000, 0x0000000084100000|100%| O|  |TAMS 0x0000000084100000, 0x0000000084000000| Untracked 
|  65|0x0000000084100000, 0x0000000084200000, 0x0000000084200000|100%|HS|  |TAMS 0x0000000084200000, 0x0000000084100000| Complete 
|  66|0x0000000084200000, 0x0000000084300000, 0x0000000084300000|100%|HC|  |TAMS 0x0000000084300000, 0x0000000084200000| Complete 
|  67|0x0000000084300000, 0x0000000084400000, 0x0000000084400000|100%| O|  |TAMS 0x0000000084400000, 0x0000000084300000| Untracked 
|  68|0x0000000084400000, 0x0000000084500000, 0x0000000084500000|100%| O|  |TAMS 0x0000000084500000, 0x0000000084400000| Untracked 
|  69|0x0000000084500000, 0x0000000084600000, 0x0000000084600000|100%| O|  |TAMS 0x0000000084600000, 0x0000000084500000| Untracked 
|  70|0x0000000084600000, 0x0000000084700000, 0x0000000084700000|100%| O|  |TAMS 0x0000000084700000, 0x0000000084600000| Untracked 
|  71|0x0000000084700000, 0x0000000084800000, 0x0000000084800000|100%| O|  |TAMS 0x0000000084800000, 0x0000000084700000| Untracked 
|  72|0x0000000084800000, 0x0000000084900000, 0x0000000084900000|100%| O|  |TAMS 0x0000000084900000, 0x0000000084800000| Untracked 
|  73|0x0000000084900000, 0x0000000084a00000, 0x0000000084a00000|100%| O|  |TAMS 0x0000000084a00000, 0x0000000084900000| Untracked 
|  74|0x0000000084a00000, 0x0000000084b00000, 0x0000000084b00000|100%| O|  |TAMS 0x0000000084b00000, 0x0000000084a00000| Untracked 
|  75|0x0000000084b00000, 0x0000000084c00000, 0x0000000084c00000|100%| O|  |TAMS 0x0000000084c00000, 0x0000000084b00000| Untracked 
|  76|0x0000000084c00000, 0x0000000084d00000, 0x0000000084d00000|100%| O|  |TAMS 0x0000000084d00000, 0x0000000084c00000| Untracked 
|  77|0x0000000084d00000, 0x0000000084e00000, 0x0000000084e00000|100%| O|  |TAMS 0x0000000084e00000, 0x0000000084d00000| Untracked 
|  78|0x0000000084e00000, 0x0000000084f00000, 0x0000000084f00000|100%| O|  |TAMS 0x0000000084f00000, 0x0000000084e00000| Untracked 
|  79|0x0000000084f00000, 0x0000000085000000, 0x0000000085000000|100%| O|  |TAMS 0x0000000085000000, 0x0000000084f00000| Untracked 
|  80|0x0000000085000000, 0x0000000085100000, 0x0000000085100000|100%| O|  |TAMS 0x0000000085100000, 0x0000000085000000| Untracked 
|  81|0x0000000085100000, 0x0000000085200000, 0x0000000085200000|100%| O|  |TAMS 0x0000000085200000, 0x0000000085100000| Untracked 
|  82|0x0000000085200000, 0x0000000085300000, 0x0000000085300000|100%| O|  |TAMS 0x0000000085300000, 0x0000000085200000| Untracked 
|  83|0x0000000085300000, 0x0000000085400000, 0x0000000085400000|100%| O|  |TAMS 0x0000000085400000, 0x0000000085300000| Untracked 
|  84|0x0000000085400000, 0x0000000085500000, 0x0000000085500000|100%| O|  |TAMS 0x0000000085500000, 0x0000000085400000| Untracked 
|  85|0x0000000085500000, 0x0000000085600000, 0x0000000085600000|100%| O|  |TAMS 0x0000000085600000, 0x0000000085500000| Untracked 
|  86|0x0000000085600000, 0x0000000085700000, 0x0000000085700000|100%| O|  |TAMS 0x0000000085700000, 0x0000000085600000| Untracked 
|  87|0x0000000085700000, 0x0000000085800000, 0x0000000085800000|100%| O|  |TAMS 0x0000000085800000, 0x0000000085700000| Untracked 
|  88|0x0000000085800000, 0x0000000085900000, 0x0000000085900000|100%| O|  |TAMS 0x0000000085900000, 0x0000000085800000| Untracked 
|  89|0x0000000085900000, 0x0000000085a00000, 0x0000000085a00000|100%|HS|  |TAMS 0x0000000085a00000, 0x0000000085900000| Complete 
|  90|0x0000000085a00000, 0x0000000085b00000, 0x0000000085b00000|100%|HC|  |TAMS 0x0000000085b00000, 0x0000000085a00000| Complete 
|  91|0x0000000085b00000, 0x0000000085c00000, 0x0000000085c00000|100%|HS|  |TAMS 0x0000000085c00000, 0x0000000085b00000| Complete 
|  92|0x0000000085c00000, 0x0000000085d00000, 0x0000000085d00000|100%|HC|  |TAMS 0x0000000085d00000, 0x0000000085c00000| Complete 
|  93|0x0000000085d00000, 0x0000000085e00000, 0x0000000085e00000|100%|HC|  |TAMS 0x0000000085e00000, 0x0000000085d00000| Complete 
|  94|0x0000000085e00000, 0x0000000085f00000, 0x0000000085f00000|100%|HS|  |TAMS 0x0000000085f00000, 0x0000000085e00000| Complete 
|  95|0x0000000085f00000, 0x0000000086000000, 0x0000000086000000|100%|HS|  |TAMS 0x0000000086000000, 0x0000000085f00000| Complete 
|  96|0x0000000086000000, 0x0000000086100000, 0x0000000086100000|100%|HC|  |TAMS 0x0000000086100000, 0x0000000086000000| Complete 
|  97|0x0000000086100000, 0x0000000086200000, 0x0000000086200000|100%|HC|  |TAMS 0x0000000086200000, 0x0000000086100000| Complete 
|  98|0x0000000086200000, 0x0000000086300000, 0x0000000086300000|100%|HC|  |TAMS 0x0000000086300000, 0x0000000086200000| Complete 
|  99|0x0000000086300000, 0x0000000086400000, 0x0000000086400000|100%| O|  |TAMS 0x0000000086400000, 0x0000000086300000| Untracked 
| 100|0x0000000086400000, 0x0000000086500000, 0x0000000086500000|100%| O|  |TAMS 0x0000000086500000, 0x0000000086400000| Untracked 
| 101|0x0000000086500000, 0x0000000086600000, 0x0000000086600000|100%| O|  |TAMS 0x0000000086600000, 0x0000000086500000| Untracked 
| 102|0x0000000086600000, 0x0000000086700000, 0x0000000086700000|100%| O|  |TAMS 0x0000000086700000, 0x0000000086600000| Untracked 
| 103|0x0000000086700000, 0x0000000086800000, 0x0000000086800000|100%| O|  |TAMS 0x0000000086800000, 0x0000000086700000| Untracked 
| 104|0x0000000086800000, 0x0000000086900000, 0x0000000086900000|100%| O|  |TAMS 0x0000000086900000, 0x0000000086800000| Untracked 
| 105|0x0000000086900000, 0x0000000086a00000, 0x0000000086a00000|100%| O|  |TAMS 0x0000000086912c00, 0x0000000086900000| Untracked 
| 106|0x0000000086a00000, 0x0000000086b00000, 0x0000000086b00000|100%| O|  |TAMS 0x0000000086a00000, 0x0000000086a00000| Untracked 
| 107|0x0000000086b00000, 0x0000000086c00000, 0x0000000086c00000|100%| O|  |TAMS 0x0000000086b00000, 0x0000000086b00000| Untracked 
| 108|0x0000000086c00000, 0x0000000086d00000, 0x0000000086d00000|100%| O|  |TAMS 0x0000000086c00000, 0x0000000086c00000| Untracked 
| 109|0x0000000086d00000, 0x0000000086e00000, 0x0000000086e00000|100%| O|  |TAMS 0x0000000086d00000, 0x0000000086d00000| Untracked 
| 110|0x0000000086e00000, 0x0000000086f00000, 0x0000000086f00000|100%| O|  |TAMS 0x0000000086e00000, 0x0000000086e00000| Untracked 
| 111|0x0000000086f00000, 0x0000000087000000, 0x0000000087000000|100%| O|  |TAMS 0x0000000086f00000, 0x0000000086f00000| Untracked 
| 112|0x0000000087000000, 0x0000000087100000, 0x0000000087100000|100%| O|  |TAMS 0x0000000087000000, 0x0000000087000000| Untracked 
| 113|0x0000000087100000, 0x000000008715fa00, 0x0000000087200000| 37%| O|  |TAMS 0x0000000087100000, 0x0000000087100000| Untracked 
| 114|0x0000000087200000, 0x0000000087200000, 0x0000000087300000|  0%| F|  |TAMS 0x0000000087200000, 0x0000000087200000| Untracked 
| 115|0x0000000087300000, 0x0000000087300000, 0x0000000087400000|  0%| F|  |TAMS 0x0000000087300000, 0x0000000087300000| Untracked 
| 116|0x0000000087400000, 0x0000000087400000, 0x0000000087500000|  0%| F|  |TAMS 0x0000000087400000, 0x0000000087400000| Untracked 
| 117|0x0000000087500000, 0x0000000087500000, 0x0000000087600000|  0%| F|  |TAMS 0x0000000087500000, 0x0000000087500000| Untracked 
| 118|0x0000000087600000, 0x0000000087600000, 0x0000000087700000|  0%| F|  |TAMS 0x0000000087600000, 0x0000000087600000| Untracked 
| 119|0x0000000087700000, 0x0000000087700000, 0x0000000087800000|  0%| F|  |TAMS 0x0000000087700000, 0x0000000087700000| Untracked 
| 120|0x0000000087800000, 0x0000000087800000, 0x0000000087900000|  0%| F|  |TAMS 0x0000000087800000, 0x0000000087800000| Untracked 
| 121|0x0000000087900000, 0x0000000087900000, 0x0000000087a00000|  0%| F|  |TAMS 0x0000000087900000, 0x0000000087900000| Untracked 
| 122|0x0000000087a00000, 0x0000000087a00000, 0x0000000087b00000|  0%| F|  |TAMS 0x0000000087a00000, 0x0000000087a00000| Untracked 
| 123|0x0000000087b00000, 0x0000000087b00000, 0x0000000087c00000|  0%| F|  |TAMS 0x0000000087b00000, 0x0000000087b00000| Untracked 
| 124|0x0000000087c00000, 0x0000000087c00000, 0x0000000087d00000|  0%| F|  |TAMS 0x0000000087c00000, 0x0000000087c00000| Untracked 
| 125|0x0000000087d00000, 0x0000000087d00000, 0x0000000087e00000|  0%| F|  |TAMS 0x0000000087d00000, 0x0000000087d00000| Untracked 
| 126|0x0000000087e00000, 0x0000000087e00000, 0x0000000087f00000|  0%| F|  |TAMS 0x0000000087e00000, 0x0000000087e00000| Untracked 
| 127|0x0000000087f00000, 0x0000000087f00000, 0x0000000088000000|  0%| F|  |TAMS 0x0000000087f00000, 0x0000000087f00000| Untracked 
| 128|0x0000000088000000, 0x0000000088000000, 0x0000000088100000|  0%| F|  |TAMS 0x0000000088000000, 0x0000000088000000| Untracked 
| 129|0x0000000088100000, 0x0000000088100000, 0x0000000088200000|  0%| F|  |TAMS 0x0000000088100000, 0x0000000088100000| Untracked 
| 130|0x0000000088200000, 0x0000000088200000, 0x0000000088300000|  0%| F|  |TAMS 0x0000000088200000, 0x0000000088200000| Untracked 
| 131|0x0000000088300000, 0x0000000088300000, 0x0000000088400000|  0%| F|  |TAMS 0x0000000088300000, 0x0000000088300000| Untracked 
| 132|0x0000000088400000, 0x0000000088400000, 0x0000000088500000|  0%| F|  |TAMS 0x0000000088400000, 0x0000000088400000| Untracked 
| 133|0x0000000088500000, 0x0000000088500000, 0x0000000088600000|  0%| F|  |TAMS 0x0000000088500000, 0x0000000088500000| Untracked 
| 134|0x0000000088600000, 0x0000000088600000, 0x0000000088700000|  0%| F|  |TAMS 0x0000000088600000, 0x0000000088600000| Untracked 
| 135|0x0000000088700000, 0x0000000088700000, 0x0000000088800000|  0%| F|  |TAMS 0x0000000088700000, 0x0000000088700000| Untracked 
| 136|0x0000000088800000, 0x0000000088800000, 0x0000000088900000|  0%| F|  |TAMS 0x0000000088800000, 0x0000000088800000| Untracked 
| 137|0x0000000088900000, 0x0000000088900000, 0x0000000088a00000|  0%| F|  |TAMS 0x0000000088900000, 0x0000000088900000| Untracked 
| 138|0x0000000088a00000, 0x0000000088a00000, 0x0000000088b00000|  0%| F|  |TAMS 0x0000000088a00000, 0x0000000088a00000| Untracked 
| 139|0x0000000088b00000, 0x0000000088b00000, 0x0000000088c00000|  0%| F|  |TAMS 0x0000000088b00000, 0x0000000088b00000| Untracked 
| 140|0x0000000088c00000, 0x0000000088c00000, 0x0000000088d00000|  0%| F|  |TAMS 0x0000000088c00000, 0x0000000088c00000| Untracked 
| 141|0x0000000088d00000, 0x0000000088d00000, 0x0000000088e00000|  0%| F|  |TAMS 0x0000000088d00000, 0x0000000088d00000| Untracked 
| 142|0x0000000088e00000, 0x0000000088e00000, 0x0000000088f00000|  0%| F|  |TAMS 0x0000000088e00000, 0x0000000088e00000| Untracked 
| 143|0x0000000088f00000, 0x0000000088f00000, 0x0000000089000000|  0%| F|  |TAMS 0x0000000088f00000, 0x0000000088f00000| Untracked 
| 144|0x0000000089000000, 0x0000000089000000, 0x0000000089100000|  0%| F|  |TAMS 0x0000000089000000, 0x0000000089000000| Untracked 
| 145|0x0000000089100000, 0x0000000089100000, 0x0000000089200000|  0%| F|  |TAMS 0x0000000089100000, 0x0000000089100000| Untracked 
| 146|0x0000000089200000, 0x0000000089200000, 0x0000000089300000|  0%| F|  |TAMS 0x0000000089200000, 0x0000000089200000| Untracked 
| 147|0x0000000089300000, 0x0000000089300000, 0x0000000089400000|  0%| F|  |TAMS 0x0000000089300000, 0x0000000089300000| Untracked 
| 148|0x0000000089400000, 0x0000000089400000, 0x0000000089500000|  0%| F|  |TAMS 0x0000000089400000, 0x0000000089400000| Untracked 
| 149|0x0000000089500000, 0x0000000089500000, 0x0000000089600000|  0%| F|  |TAMS 0x0000000089500000, 0x0000000089500000| Untracked 
| 150|0x0000000089600000, 0x0000000089600000, 0x0000000089700000|  0%| F|  |TAMS 0x0000000089600000, 0x0000000089600000| Untracked 
| 151|0x0000000089700000, 0x0000000089700000, 0x0000000089800000|  0%| F|  |TAMS 0x0000000089700000, 0x0000000089700000| Untracked 
| 152|0x0000000089800000, 0x0000000089800000, 0x0000000089900000|  0%| F|  |TAMS 0x0000000089800000, 0x0000000089800000| Untracked 
| 153|0x0000000089900000, 0x0000000089900000, 0x0000000089a00000|  0%| F|  |TAMS 0x0000000089900000, 0x0000000089900000| Untracked 
| 154|0x0000000089a00000, 0x0000000089a00000, 0x0000000089b00000|  0%| F|  |TAMS 0x0000000089a00000, 0x0000000089a00000| Untracked 
| 155|0x0000000089b00000, 0x0000000089b00000, 0x0000000089c00000|  0%| F|  |TAMS 0x0000000089b00000, 0x0000000089b00000| Untracked 
| 156|0x0000000089c00000, 0x0000000089c00000, 0x0000000089d00000|  0%| F|  |TAMS 0x0000000089c00000, 0x0000000089c00000| Untracked 
| 157|0x0000000089d00000, 0x0000000089d00000, 0x0000000089e00000|  0%| F|  |TAMS 0x0000000089d00000, 0x0000000089d00000| Untracked 
| 158|0x0000000089e00000, 0x0000000089e00000, 0x0000000089f00000|  0%| F|  |TAMS 0x0000000089e00000, 0x0000000089e00000| Untracked 
| 159|0x0000000089f00000, 0x0000000089f00000, 0x000000008a000000|  0%| F|  |TAMS 0x0000000089f00000, 0x0000000089f00000| Untracked 
| 160|0x000000008a000000, 0x000000008a000000, 0x000000008a100000|  0%| F|  |TAMS 0x000000008a000000, 0x000000008a000000| Untracked 
| 161|0x000000008a100000, 0x000000008a100000, 0x000000008a200000|  0%| F|  |TAMS 0x000000008a100000, 0x000000008a100000| Untracked 
| 162|0x000000008a200000, 0x000000008a200000, 0x000000008a300000|  0%| F|  |TAMS 0x000000008a200000, 0x000000008a200000| Untracked 
| 163|0x000000008a300000, 0x000000008a300000, 0x000000008a400000|  0%| F|  |TAMS 0x000000008a300000, 0x000000008a300000| Untracked 
| 164|0x000000008a400000, 0x000000008a500000, 0x000000008a500000|100%| S|CS|TAMS 0x000000008a400000, 0x000000008a400000| Complete 
| 165|0x000000008a500000, 0x000000008a600000, 0x000000008a600000|100%| S|CS|TAMS 0x000000008a500000, 0x000000008a500000| Complete 
| 166|0x000000008a600000, 0x000000008a700000, 0x000000008a700000|100%| S|CS|TAMS 0x000000008a600000, 0x000000008a600000| Complete 
| 167|0x000000008a700000, 0x000000008a700000, 0x000000008a800000|  0%| F|  |TAMS 0x000000008a700000, 0x000000008a700000| Untracked 
| 168|0x000000008a800000, 0x000000008a800000, 0x000000008a900000|  0%| F|  |TAMS 0x000000008a800000, 0x000000008a800000| Untracked 
| 169|0x000000008a900000, 0x000000008a900000, 0x000000008aa00000|  0%| F|  |TAMS 0x000000008a900000, 0x000000008a900000| Untracked 
| 170|0x000000008aa00000, 0x000000008aa00000, 0x000000008ab00000|  0%| F|  |TAMS 0x000000008aa00000, 0x000000008aa00000| Untracked 
| 171|0x000000008ab00000, 0x000000008ab00000, 0x000000008ac00000|  0%| F|  |TAMS 0x000000008ab00000, 0x000000008ab00000| Untracked 
| 172|0x000000008ac00000, 0x000000008ac00000, 0x000000008ad00000|  0%| F|  |TAMS 0x000000008ac00000, 0x000000008ac00000| Untracked 
| 173|0x000000008ad00000, 0x000000008ad00000, 0x000000008ae00000|  0%| F|  |TAMS 0x000000008ad00000, 0x000000008ad00000| Untracked 
| 174|0x000000008ae00000, 0x000000008ae00000, 0x000000008af00000|  0%| F|  |TAMS 0x000000008ae00000, 0x000000008ae00000| Untracked 
| 175|0x000000008af00000, 0x000000008af00000, 0x000000008b000000|  0%| F|  |TAMS 0x000000008af00000, 0x000000008af00000| Untracked 
| 176|0x000000008b000000, 0x000000008b000000, 0x000000008b100000|  0%| F|  |TAMS 0x000000008b000000, 0x000000008b000000| Untracked 
| 177|0x000000008b100000, 0x000000008b100000, 0x000000008b200000|  0%| F|  |TAMS 0x000000008b100000, 0x000000008b100000| Untracked 
| 178|0x000000008b200000, 0x000000008b200000, 0x000000008b300000|  0%| F|  |TAMS 0x000000008b200000, 0x000000008b200000| Untracked 
| 179|0x000000008b300000, 0x000000008b300000, 0x000000008b400000|  0%| F|  |TAMS 0x000000008b300000, 0x000000008b300000| Untracked 
| 180|0x000000008b400000, 0x000000008b400000, 0x000000008b500000|  0%| F|  |TAMS 0x000000008b400000, 0x000000008b400000| Untracked 
| 181|0x000000008b500000, 0x000000008b500000, 0x000000008b600000|  0%| F|  |TAMS 0x000000008b500000, 0x000000008b500000| Untracked 
| 182|0x000000008b600000, 0x000000008b600000, 0x000000008b700000|  0%| F|  |TAMS 0x000000008b600000, 0x000000008b600000| Untracked 
| 183|0x000000008b700000, 0x000000008b700000, 0x000000008b800000|  0%| F|  |TAMS 0x000000008b700000, 0x000000008b700000| Untracked 
| 184|0x000000008b800000, 0x000000008b800000, 0x000000008b900000|  0%| F|  |TAMS 0x000000008b800000, 0x000000008b800000| Untracked 
| 185|0x000000008b900000, 0x000000008b900000, 0x000000008ba00000|  0%| F|  |TAMS 0x000000008b900000, 0x000000008b900000| Untracked 
| 186|0x000000008ba00000, 0x000000008ba00000, 0x000000008bb00000|  0%| F|  |TAMS 0x000000008ba00000, 0x000000008ba00000| Untracked 
| 187|0x000000008bb00000, 0x000000008bb00000, 0x000000008bc00000|  0%| F|  |TAMS 0x000000008bb00000, 0x000000008bb00000| Untracked 
| 188|0x000000008bc00000, 0x000000008bc00000, 0x000000008bd00000|  0%| F|  |TAMS 0x000000008bc00000, 0x000000008bc00000| Untracked 
| 189|0x000000008bd00000, 0x000000008bd00000, 0x000000008be00000|  0%| F|  |TAMS 0x000000008bd00000, 0x000000008bd00000| Untracked 
| 190|0x000000008be00000, 0x000000008be00000, 0x000000008bf00000|  0%| F|  |TAMS 0x000000008be00000, 0x000000008be00000| Untracked 
| 191|0x000000008bf00000, 0x000000008bf00000, 0x000000008c000000|  0%| F|  |TAMS 0x000000008bf00000, 0x000000008bf00000| Untracked 
| 192|0x000000008c000000, 0x000000008c000000, 0x000000008c100000|  0%| F|  |TAMS 0x000000008c000000, 0x000000008c000000| Untracked 
| 193|0x000000008c100000, 0x000000008c100000, 0x000000008c200000|  0%| F|  |TAMS 0x000000008c100000, 0x000000008c100000| Untracked 
| 194|0x000000008c200000, 0x000000008c200000, 0x000000008c300000|  0%| F|  |TAMS 0x000000008c200000, 0x000000008c200000| Untracked 
| 195|0x000000008c300000, 0x000000008c300000, 0x000000008c400000|  0%| F|  |TAMS 0x000000008c300000, 0x000000008c300000| Untracked 
| 196|0x000000008c400000, 0x000000008c400000, 0x000000008c500000|  0%| F|  |TAMS 0x000000008c400000, 0x000000008c400000| Untracked 
| 197|0x000000008c500000, 0x000000008c583608, 0x000000008c600000| 51%| E|  |TAMS 0x000000008c500000, 0x000000008c500000| Complete 
| 198|0x000000008c600000, 0x000000008c700000, 0x000000008c700000|100%| E|CS|TAMS 0x000000008c600000, 0x000000008c600000| Complete 
| 199|0x000000008c700000, 0x000000008c800000, 0x000000008c800000|100%| E|CS|TAMS 0x000000008c700000, 0x000000008c700000| Complete 
| 200|0x000000008c800000, 0x000000008c900000, 0x000000008c900000|100%| E|CS|TAMS 0x000000008c800000, 0x000000008c800000| Complete 
| 201|0x000000008c900000, 0x000000008ca00000, 0x000000008ca00000|100%| E|CS|TAMS 0x000000008c900000, 0x000000008c900000| Complete 
| 202|0x000000008ca00000, 0x000000008cb00000, 0x000000008cb00000|100%| E|CS|TAMS 0x000000008ca00000, 0x000000008ca00000| Complete 
| 203|0x000000008cb00000, 0x000000008cc00000, 0x000000008cc00000|100%| E|CS|TAMS 0x000000008cb00000, 0x000000008cb00000| Complete 
| 204|0x000000008cc00000, 0x000000008cd00000, 0x000000008cd00000|100%| E|CS|TAMS 0x000000008cc00000, 0x000000008cc00000| Complete 
| 205|0x000000008cd00000, 0x000000008ce00000, 0x000000008ce00000|100%| E|  |TAMS 0x000000008cd00000, 0x000000008cd00000| Complete 
| 206|0x000000008ce00000, 0x000000008cf00000, 0x000000008cf00000|100%| E|CS|TAMS 0x000000008ce00000, 0x000000008ce00000| Complete 

Card table byte_map: [0x00000292ce720000,0x00000292ceb20000] _byte_map_base: 0x00000292ce320000

Marking Bits (Prev, Next): (CMBitMap*) 0x00000292b78aca90, (CMBitMap*) 0x00000292b78aca50
 Prev Bits: [0x00000292d0f20000, 0x00000292d2f20000)
 Next Bits: [0x00000292cef20000, 0x00000292d0f20000)

Polling page: 0x00000292b57b0000

Metaspace:

Usage:
  Non-class:     76.29 MB used.
      Class:     11.57 MB used.
       Both:     87.86 MB used.

Virtual space:
  Non-class space:       80.00 MB reserved,      76.62 MB ( 96%) committed,  10 nodes.
      Class space:        1.00 GB reserved,      11.94 MB (  1%) committed,  1 nodes.
              Both:        1.08 GB reserved,      88.56 MB (  8%) committed. 

Chunk freelists:
   Non-Class:  3.31 MB
       Class:  3.94 MB
        Both:  7.25 MB

MaxMetaspaceSize: 17179869184.00 GB
CompressedClassSpaceSize: 1.00 GB
 - commit_granule_bytes: 65536.
 - commit_granule_words: 8192.
 - virtual_space_node_default_size: 1048576.
 - enlarge_chunks_in_place: 1.
 - new_chunks_are_fully_committed: 0.
 - uncommit_free_chunks: 1.
 - use_allocation_guard: 0.
 - handle_deallocations: 1.


Internal statistics:

num_allocs_failed_limit: 6.
num_arena_births: 856.
num_arena_deaths: 4.
num_vsnodes_births: 11.
num_vsnodes_deaths: 0.
num_space_committed: 1417.
num_space_uncommitted: 0.
num_chunks_returned_to_freelist: 15.
num_chunks_taken_from_freelist: 4493.
num_chunk_merges: 6.
num_chunk_splits: 2993.
num_chunks_enlarged: 2036.
num_purges: 4.

CodeHeap 'non-profiled nmethods': size=120000Kb used=6389Kb max_used=6389Kb free=113610Kb
 bounds [0x00000292c6ac0000, 0x00000292c7100000, 0x00000292cdff0000]
CodeHeap 'profiled nmethods': size=120000Kb used=19865Kb max_used=19865Kb free=100134Kb
 bounds [0x00000292bf590000, 0x00000292c0900000, 0x00000292c6ac0000]
CodeHeap 'non-nmethods': size=5760Kb used=2443Kb max_used=2522Kb free=3316Kb
 bounds [0x00000292beff0000, 0x00000292bf280000, 0x00000292bf590000]
 total_blobs=11025 nmethods=10064 adapters=872
 compilation: enabled
              stopped_count=0, restarted_count=0
 full_count=0

Compilation events (20 events):
Event: 19.100 Thread 0x00000292d590d0e0 nmethod 11467 0x00000292c089f390 code [0x00000292c089f540, 0x00000292c089f7b8]
Event: 19.102 Thread 0x00000292d590d0e0 11468       3       org.gradle.internal.classloader.VisitableURLClassLoader::visit (38 bytes)
Event: 19.104 Thread 0x00000292d590d0e0 nmethod 11468 0x00000292c089f890 code [0x00000292c089fbc0, 0x00000292c08a1498]
Event: 19.104 Thread 0x00000292d590afe0 nmethod 11458 0x00000292c70f8c90 code [0x00000292c70f8e40, 0x00000292c70f9218]
Event: 19.104 Thread 0x00000292d590d0e0 11469       3       org.gradle.internal.classloader.ClassLoaderVisitor::visitClassPath (1 bytes)
Event: 19.104 Thread 0x00000292d590d0e0 nmethod 11469 0x00000292c08a1c90 code [0x00000292c08a1e20, 0x00000292c08a1f38]
Event: 19.105 Thread 0x00000292dd086bf0 nmethod 11428 0x00000292c70f9490 code [0x00000292c70f96e0, 0x00000292c70fa970]
Event: 19.107 Thread 0x00000292dd086bf0 11470   !   4       com.google.common.cache.LocalCache::processPendingNotifications (47 bytes)
Event: 19.110 Thread 0x00000292d590afe0 11471       4       org.gradle.api.internal.attributes.DefaultImmutableAttributesFactory::concat (46 bytes)
Event: 19.111 Thread 0x00000292d590d0e0 11472       3       org.gradle.api.internal.artifacts.ivyservice.resolveengine.graph.builder.ModuleSelectors::getFirstDependencyArtifact (47 bytes)
Event: 19.111 Thread 0x00000292d590d0e0 nmethod 11472 0x00000292c08a2010 code [0x00000292c08a2220, 0x00000292c08a2838]
Event: 19.112 Thread 0x00000292d590d0e0 11473       3       org.gradle.internal.component.model.DefaultComponentOverrideMetadata::forDependency (27 bytes)
Event: 19.112 Thread 0x00000292d590d0e0 nmethod 11473 0x00000292c08a2a10 code [0x00000292c08a2c40, 0x00000292c08a3588]
Event: 19.112 Thread 0x00000292d590d0e0 11474       3       org.gradle.api.internal.artifacts.ivyservice.resolveengine.graph.builder.ComponentState::tryResolveVirtualPlatform (92 bytes)
Event: 19.113 Thread 0x00000292d590d0e0 nmethod 11474 0x00000292c08a3910 code [0x00000292c08a3ba0, 0x00000292c08a49f8]
Event: 19.114 Thread 0x00000292d590d0e0 11475       3       org.gradle.api.internal.artifacts.ivyservice.resolveengine.graph.builder.DependencyGraphBuilder::attachToTargetRevisionsSerially (47 bytes)
Event: 19.114 Thread 0x00000292d590d0e0 nmethod 11475 0x00000292c08a4d90 code [0x00000292c08a4fa0, 0x00000292c08a5608]
Event: 19.114 Thread 0x00000292d590d0e0 11476       3       org.gradle.api.internal.artifacts.ivyservice.resolveengine.graph.builder.ResolveState$SelectorCacheKey::equals (71 bytes)
Event: 19.114 Thread 0x00000292d590d0e0 nmethod 11476 0x00000292c08a5810 code [0x00000292c08a59e0, 0x00000292c08a5f08]
Event: 19.114 Thread 0x00000292d590d0e0 11481       3       org.gradle.api.internal.artifacts.ivyservice.resolveengine.graph.builder.NodeState::collectEndorsedStrictVersions (86 bytes)

GC Heap History (20 events):
Event: 13.781 GC heap before
{Heap before GC invocations=27 (full 0):
 garbage-first heap   total 150528K, used 116209K [0x0000000080000000, 0x0000000100000000)
  region size 1024K, 34 young (34816K), 2 survivors (2048K)
 Metaspace       used 64032K, committed 64576K, reserved 1105920K
  class space    used 8448K, committed 8704K, reserved 1048576K
}
Event: 13.785 GC heap after
{Heap after GC invocations=28 (full 0):
 garbage-first heap   total 150528K, used 84408K [0x0000000080000000, 0x0000000100000000)
  region size 1024K, 4 young (4096K), 4 survivors (4096K)
 Metaspace       used 64032K, committed 64576K, reserved 1105920K
  class space    used 8448K, committed 8704K, reserved 1048576K
}
Event: 14.476 GC heap before
{Heap before GC invocations=28 (full 0):
 garbage-first heap   total 150528K, used 118200K [0x0000000080000000, 0x0000000100000000)
  region size 1024K, 37 young (37888K), 4 survivors (4096K)
 Metaspace       used 68059K, committed 68608K, reserved 1114112K
  class space    used 9134K, committed 9408K, reserved 1048576K
}
Event: 14.482 GC heap after
{Heap after GC invocations=29 (full 0):
 garbage-first heap   total 150528K, used 86807K [0x0000000080000000, 0x0000000100000000)
  region size 1024K, 3 young (3072K), 3 survivors (3072K)
 Metaspace       used 68059K, committed 68608K, reserved 1114112K
  class space    used 9134K, committed 9408K, reserved 1048576K
}
Event: 15.108 GC heap before
{Heap before GC invocations=30 (full 0):
 garbage-first heap   total 152576K, used 118551K [0x0000000080000000, 0x0000000100000000)
  region size 1024K, 35 young (35840K), 3 survivors (3072K)
 Metaspace       used 71726K, committed 72256K, reserved 1114112K
  class space    used 9552K, committed 9792K, reserved 1048576K
}
Event: 15.116 GC heap after
{Heap after GC invocations=31 (full 0):
 garbage-first heap   total 152576K, used 90844K [0x0000000080000000, 0x0000000100000000)
  region size 1024K, 5 young (5120K), 5 survivors (5120K)
 Metaspace       used 71726K, committed 72256K, reserved 1114112K
  class space    used 9552K, committed 9792K, reserved 1048576K
}
Event: 15.267 GC heap before
{Heap before GC invocations=31 (full 0):
 garbage-first heap   total 152576K, used 94940K [0x0000000080000000, 0x0000000100000000)
  region size 1024K, 10 young (10240K), 5 survivors (5120K)
 Metaspace       used 72427K, committed 72960K, reserved 1114112K
  class space    used 9640K, committed 9856K, reserved 1048576K
}
Event: 15.273 GC heap after
{Heap after GC invocations=32 (full 0):
 garbage-first heap   total 152576K, used 92175K [0x0000000080000000, 0x0000000100000000)
  region size 1024K, 2 young (2048K), 2 survivors (2048K)
 Metaspace       used 72427K, committed 72960K, reserved 1114112K
  class space    used 9640K, committed 9856K, reserved 1048576K
}
Event: 15.849 GC heap before
{Heap before GC invocations=33 (full 0):
 garbage-first heap   total 179200K, used 134159K [0x0000000080000000, 0x0000000100000000)
  region size 1024K, 33 young (33792K), 2 survivors (2048K)
 Metaspace       used 74113K, committed 74752K, reserved 1114112K
  class space    used 9905K, committed 10240K, reserved 1048576K
}
Event: 15.854 GC heap after
{Heap after GC invocations=34 (full 0):
 garbage-first heap   total 179200K, used 107067K [0x0000000080000000, 0x0000000100000000)
  region size 1024K, 5 young (5120K), 5 survivors (5120K)
 Metaspace       used 74113K, committed 74752K, reserved 1114112K
  class space    used 9905K, committed 10240K, reserved 1048576K
}
Event: 16.400 GC heap before
{Heap before GC invocations=34 (full 0):
 garbage-first heap   total 179200K, used 141883K [0x0000000080000000, 0x0000000100000000)
  region size 1024K, 39 young (39936K), 5 survivors (5120K)
 Metaspace       used 76946K, committed 77696K, reserved 1122304K
  class space    used 10282K, committed 10624K, reserved 1048576K
}
Event: 16.408 GC heap after
{Heap after GC invocations=35 (full 0):
 garbage-first heap   total 179200K, used 109879K [0x0000000080000000, 0x0000000100000000)
  region size 1024K, 3 young (3072K), 3 survivors (3072K)
 Metaspace       used 76946K, committed 77696K, reserved 1122304K
  class space    used 10282K, committed 10624K, reserved 1048576K
}
Event: 16.657 GC heap before
{Heap before GC invocations=36 (full 0):
 garbage-first heap   total 191488K, used 117047K [0x0000000080000000, 0x0000000100000000)
  region size 1024K, 11 young (11264K), 3 survivors (3072K)
 Metaspace       used 78436K, committed 79168K, reserved 1122304K
  class space    used 10460K, committed 10816K, reserved 1048576K
}
Event: 16.661 GC heap after
{Heap after GC invocations=37 (full 0):
 garbage-first heap   total 191488K, used 110519K [0x0000000080000000, 0x0000000100000000)
  region size 1024K, 4 young (4096K), 4 survivors (4096K)
 Metaspace       used 78436K, committed 79168K, reserved 1122304K
  class space    used 10460K, committed 10816K, reserved 1048576K
}
Event: 17.468 GC heap before
{Heap before GC invocations=38 (full 0):
 garbage-first heap   total 193536K, used 152503K [0x0000000080000000, 0x0000000100000000)
  region size 1024K, 44 young (45056K), 4 survivors (4096K)
 Metaspace       used 85167K, committed 85824K, reserved 1130496K
  class space    used 11316K, committed 11648K, reserved 1048576K
}
Event: 17.473 GC heap after
{Heap after GC invocations=39 (full 0):
 garbage-first heap   total 193536K, used 112523K [0x0000000080000000, 0x0000000100000000)
  region size 1024K, 6 young (6144K), 6 survivors (6144K)
 Metaspace       used 85167K, committed 85824K, reserved 1130496K
  class space    used 11316K, committed 11648K, reserved 1048576K
}
Event: 18.417 GC heap before
{Heap before GC invocations=39 (full 0):
 garbage-first heap   total 193536K, used 155531K [0x0000000080000000, 0x0000000100000000)
  region size 1024K, 48 young (49152K), 6 survivors (6144K)
 Metaspace       used 89164K, committed 89856K, reserved 1130496K
  class space    used 11805K, committed 12160K, reserved 1048576K
}
Event: 18.427 GC heap after
{Heap after GC invocations=40 (full 0):
 garbage-first heap   total 193536K, used 116025K [0x0000000080000000, 0x0000000100000000)
  region size 1024K, 6 young (6144K), 6 survivors (6144K)
 Metaspace       used 89164K, committed 89856K, reserved 1130496K
  class space    used 11805K, committed 12160K, reserved 1048576K
}
Event: 19.010 GC heap before
{Heap before GC invocations=41 (full 0):
 garbage-first heap   total 211968K, used 155961K [0x0000000080000000, 0x0000000100000000)
  region size 1024K, 46 young (47104K), 6 survivors (6144K)
 Metaspace       used 89757K, committed 90432K, reserved 1130496K
  class space    used 11841K, committed 12160K, reserved 1048576K
}
Event: 19.017 GC heap after
{Heap after GC invocations=42 (full 0):
 garbage-first heap   total 211968K, used 118919K [0x0000000080000000, 0x0000000100000000)
  region size 1024K, 3 young (3072K), 3 survivors (3072K)
 Metaspace       used 89757K, committed 90432K, reserved 1130496K
  class space    used 11841K, committed 12160K, reserved 1048576K
}

Deoptimization events (20 events):
Event: 18.815 Thread 0x00000292dc406d30 Uncommon trap: trap_request=0xffffff45 fr.pc=0x00000292c6fd4984 relative=0x0000000000000164
Event: 18.815 Thread 0x00000292dc406d30 Uncommon trap: reason=unstable_if action=reinterpret pc=0x00000292c6fd4984 method=java.util.concurrent.locks.ReentrantLock$Sync.tryLock()Z @ 34 c2
Event: 18.815 Thread 0x00000292dc406d30 DEOPT PACKING pc=0x00000292c6fd4984 sp=0x000000978a1fe290
Event: 18.815 Thread 0x00000292dc406d30 DEOPT UNPACKING pc=0x00000292bf03f92e sp=0x000000978a1fe240 mode 2
Event: 18.870 Thread 0x00000292d7a1e580 Uncommon trap: trap_request=0xffffffbe fr.pc=0x00000292c7097250 relative=0x00000000000040b0
Event: 18.870 Thread 0x00000292d7a1e580 Uncommon trap: reason=profile_predicate action=maybe_recompile pc=0x00000292c7097250 method=org.gradle.api.internal.attributes.DefaultImmutableAttributesFactory.doConcatIsolatable(Lorg/gradle/api/internal/attributes/ImmutableAttributes;Lorg/gradle/api/att
Event: 18.870 Thread 0x00000292d7a1e580 DEOPT PACKING pc=0x00000292c7097250 sp=0x00000097874f9620
Event: 18.870 Thread 0x00000292d7a1e580 DEOPT UNPACKING pc=0x00000292bf03f92e sp=0x00000097874f9618 mode 2
Event: 18.870 Thread 0x00000292d7a1e580 Uncommon trap: trap_request=0xffffffbe fr.pc=0x00000292c7097250 relative=0x00000000000040b0
Event: 18.870 Thread 0x00000292d7a1e580 Uncommon trap: reason=profile_predicate action=maybe_recompile pc=0x00000292c7097250 method=org.gradle.api.internal.attributes.DefaultImmutableAttributesFactory.doConcatIsolatable(Lorg/gradle/api/internal/attributes/ImmutableAttributes;Lorg/gradle/api/att
Event: 18.870 Thread 0x00000292d7a1e580 DEOPT PACKING pc=0x00000292c7097250 sp=0x00000097874f9620
Event: 18.870 Thread 0x00000292d7a1e580 DEOPT UNPACKING pc=0x00000292bf03f92e sp=0x00000097874f9618 mode 2
Event: 18.870 Thread 0x00000292d7a1e580 Uncommon trap: trap_request=0xffffffbe fr.pc=0x00000292c7097250 relative=0x00000000000040b0
Event: 18.870 Thread 0x00000292d7a1e580 Uncommon trap: reason=profile_predicate action=maybe_recompile pc=0x00000292c7097250 method=org.gradle.api.internal.attributes.DefaultImmutableAttributesFactory.doConcatIsolatable(Lorg/gradle/api/internal/attributes/ImmutableAttributes;Lorg/gradle/api/att
Event: 18.871 Thread 0x00000292d7a1e580 DEOPT PACKING pc=0x00000292c7097250 sp=0x00000097874f9620
Event: 18.871 Thread 0x00000292d7a1e580 DEOPT UNPACKING pc=0x00000292bf03f92e sp=0x00000097874f9618 mode 2
Event: 18.871 Thread 0x00000292d7a1e580 Uncommon trap: trap_request=0xffffffbe fr.pc=0x00000292c7097250 relative=0x00000000000040b0
Event: 18.871 Thread 0x00000292d7a1e580 Uncommon trap: reason=profile_predicate action=maybe_recompile pc=0x00000292c7097250 method=org.gradle.api.internal.attributes.DefaultImmutableAttributesFactory.doConcatIsolatable(Lorg/gradle/api/internal/attributes/ImmutableAttributes;Lorg/gradle/api/att
Event: 18.871 Thread 0x00000292d7a1e580 DEOPT PACKING pc=0x00000292c7097250 sp=0x00000097874f9620
Event: 18.871 Thread 0x00000292d7a1e580 DEOPT UNPACKING pc=0x00000292bf03f92e sp=0x00000097874f9618 mode 2

Classes unloaded (9 events):
Event: 10.700 Thread 0x00000292d58e67e0 Unloading class 0x000000080118c918 '_BuildScript_$_run_closure1$_closure2'
Event: 10.700 Thread 0x00000292d58e67e0 Unloading class 0x000000080118c530 '_BuildScript_$_run_closure1'
Event: 10.700 Thread 0x00000292d58e67e0 Unloading class 0x000000080118c000 '_BuildScript_'
Event: 10.805 Thread 0x00000292d58e67e0 Unloading class 0x00000008011986b0 '_BuildScript_'
Event: 10.805 Thread 0x00000292d58e67e0 Unloading class 0x00000008011983e8 'RegistryProcessor'
Event: 10.805 Thread 0x00000292d58e67e0 Unloading class 0x0000000801198000 'JetGradlePlugin$_apply_closure1$_closure2$_closure3'
Event: 10.805 Thread 0x00000292d58e67e0 Unloading class 0x0000000801191400 'JetGradlePlugin$_apply_closure1$_closure2'
Event: 10.805 Thread 0x00000292d58e67e0 Unloading class 0x0000000801191a98 'JetGradlePlugin$_apply_closure1'
Event: 10.805 Thread 0x00000292d58e67e0 Unloading class 0x0000000801191800 'JetGradlePlugin'

Classes redefined (0 events):
No events

Internal exceptions (20 events):
Event: 16.919 Thread 0x00000292d7a1e580 Exception <a 'java/lang/NullPointerException'{0x000000008ad0bdd8}> (0x000000008ad0bdd8) 
thrown [t:\workspace\open\src\hotspot\share\interpreter\linkResolver.cpp, line 1468]
Event: 16.986 Thread 0x00000292d7a1e580 Implicit null exception at 0x00000292c6f6545b to 0x00000292c6f6cf6c
Event: 17.171 Thread 0x00000292d7a1e580 Exception <a 'sun/nio/fs/WindowsException'{0x000000008a034330}> (0x000000008a034330) 
thrown [t:\workspace\open\src\hotspot\share\prims\jni.cpp, line 579]
Event: 17.171 Thread 0x00000292d7a1e580 Exception <a 'sun/nio/fs/WindowsException'{0x000000008a035400}> (0x000000008a035400) 
thrown [t:\workspace\open\src\hotspot\share\prims\jni.cpp, line 579]
Event: 17.171 Thread 0x00000292d7a1e580 Exception <a 'sun/nio/fs/WindowsException'{0x000000008a036520}> (0x000000008a036520) 
thrown [t:\workspace\open\src\hotspot\share\prims\jni.cpp, line 579]
Event: 17.171 Thread 0x00000292d7a1e580 Exception <a 'sun/nio/fs/WindowsException'{0x000000008a037640}> (0x000000008a037640) 
thrown [t:\workspace\open\src\hotspot\share\prims\jni.cpp, line 579]
Event: 17.381 Thread 0x00000292d7a1e580 Exception <a 'java/lang/NoSuchMethodError'{0x00000000896e1b40}: 'int java.lang.invoke.DirectMethodHandle$Holder.invokeSpecialIFC(java.lang.Object, java.lang.Object, java.lang.Object)'> (0x00000000896e1b40) 
thrown [t:\workspace\open\src\hotspot\share\interpreter\linkResolver.cpp, line 790]
Event: 17.649 Thread 0x00000292d7a1e580 Exception <a 'java/lang/NoSuchMethodError'{0x000000008b2e9fa0}: 'void java.lang.invoke.DirectMethodHandle$Holder.invokeStatic(java.lang.Object, java.lang.Object, java.lang.Object, java.lang.Object, int, java.lang.Object, java.lang.Object)'> (0x000000008b2e9fa0) 
thrown [t:\workspace\open\src\hotspot\share\interpreter\linkResolver.cpp, line 790]
Event: 17.669 Thread 0x00000292d7a1e580 Exception <a 'java/lang/IncompatibleClassChangeError'{0x000000008b1dc0b0}: Found class java.lang.Object, but interface was expected> (0x000000008b1dc0b0) 
thrown [t:\workspace\open\src\hotspot\share\interpreter\linkResolver.cpp, line 857]
Event: 17.707 Thread 0x00000292dc40a250 Exception <a 'java/lang/IncompatibleClassChangeError'{0x000000008af63f50}: Found class java.lang.Object, but interface was expected> (0x000000008af63f50) 
thrown [t:\workspace\open\src\hotspot\share\interpreter\linkResolver.cpp, line 857]
Event: 17.731 Thread 0x00000292dc40a250 Exception <a 'java/lang/NoSuchMethodError'{0x000000008ae6c990}: 'int java.lang.invoke.DirectMethodHandle$Holder.invokeStaticInit(java.lang.Object, java.lang.Object, java.lang.Object, java.lang.Object, java.lang.Object)'> (0x000000008ae6c990) 
thrown [t:\workspace\open\src\hotspot\share\interpreter\linkResolver.cpp, line 790]
Event: 18.385 Thread 0x00000292dc40acf0 Exception <a 'java/lang/NoSuchMethodError'{0x0000000089989810}: 'java.lang.Object java.lang.invoke.DirectMethodHandle$Holder.invokeSpecialIFC(java.lang.Object, java.lang.Object, java.lang.Object)'> (0x0000000089989810) 
thrown [t:\workspace\open\src\hotspot\share\interpreter\linkResolver.cpp, line 790]
Event: 18.385 Thread 0x00000292dc4087c0 Exception <a 'java/lang/NoSuchMethodError'{0x00000000899cc0e0}: 'java.lang.Object java.lang.invoke.DirectMethodHandle$Holder.invokeSpecialIFC(java.lang.Object, java.lang.Object, java.lang.Object)'> (0x00000000899cc0e0) 
thrown [t:\workspace\open\src\hotspot\share\interpreter\linkResolver.cpp, line 790]
Event: 18.385 Thread 0x00000292dc408d10 Exception <a 'java/lang/NoSuchMethodError'{0x0000000089737db8}: 'java.lang.Object java.lang.invoke.DirectMethodHandle$Holder.invokeSpecialIFC(java.lang.Object, java.lang.Object, java.lang.Object)'> (0x0000000089737db8) 
thrown [t:\workspace\open\src\hotspot\share\interpreter\linkResolver.cpp, line 790]
Event: 18.385 Thread 0x00000292d8ab1a50 Exception <a 'java/lang/NoSuchMethodError'{0x0000000089768ef0}: 'java.lang.Object java.lang.invoke.DirectMethodHandle$Holder.invokeSpecialIFC(java.lang.Object, java.lang.Object, java.lang.Object)'> (0x0000000089768ef0) 
thrown [t:\workspace\open\src\hotspot\share\interpreter\linkResolver.cpp, line 790]
Event: 18.385 Thread 0x00000292dc4057f0 Exception <a 'java/lang/NoSuchMethodError'{0x00000000899e2ba8}: 'java.lang.Object java.lang.invoke.DirectMethodHandle$Holder.invokeSpecialIFC(java.lang.Object, java.lang.Object, java.lang.Object)'> (0x00000000899e2ba8) 
thrown [t:\workspace\open\src\hotspot\share\interpreter\linkResolver.cpp, line 790]
Event: 18.385 Thread 0x00000292dc408270 Exception <a 'java/lang/NoSuchMethodError'{0x00000000899bfcd8}: 'java.lang.Object java.lang.invoke.DirectMethodHandle$Holder.invokeSpecialIFC(java.lang.Object, java.lang.Object, java.lang.Object)'> (0x00000000899bfcd8) 
thrown [t:\workspace\open\src\hotspot\share\interpreter\linkResolver.cpp, line 790]
Event: 18.386 Thread 0x00000292dc40c230 Exception <a 'java/lang/NoSuchMethodError'{0x00000000899f0fe8}: 'java.lang.Object java.lang.invoke.DirectMethodHandle$Holder.invokeSpecialIFC(java.lang.Object, java.lang.Object, java.lang.Object)'> (0x00000000899f0fe8) 
thrown [t:\workspace\open\src\hotspot\share\interpreter\linkResolver.cpp, line 790]
Event: 18.386 Thread 0x00000292db074020 Exception <a 'java/lang/NoSuchMethodError'{0x00000000899fbbb8}: 'java.lang.Object java.lang.invoke.DirectMethodHandle$Holder.invokeSpecialIFC(java.lang.Object, java.lang.Object, java.lang.Object)'> (0x00000000899fbbb8) 
thrown [t:\workspace\open\src\hotspot\share\interpreter\linkResolver.cpp, line 790]
Event: 18.485 Thread 0x00000292da29a7b0 Implicit null exception at 0x00000292c6dee5db to 0x00000292c6dee670

Events (20 events):
Event: 18.618 Executing  VM operation: ICBufferFull
Event: 18.618 Executing  VM operation: ICBufferFull done
Event: 18.631 Executing  VM operation: ICBufferFull
Event: 18.631 Executing  VM operation: ICBufferFull done
Event: 18.664 Executing  VM operation: ICBufferFull
Event: 18.665 Executing  VM operation: ICBufferFull done
Event: 18.728 Executing  VM operation: ICBufferFull
Event: 18.728 Executing  VM operation: ICBufferFull done
Event: 18.795 Executing  VM operation: ICBufferFull
Event: 18.795 Executing  VM operation: ICBufferFull done
Event: 18.840 Executing  VM operation: ICBufferFull
Event: 18.840 Executing  VM operation: ICBufferFull done
Event: 18.910 Executing  VM operation: ICBufferFull
Event: 18.910 Executing  VM operation: ICBufferFull done
Event: 18.910 Executing  VM operation: ICBufferFull
Event: 18.910 Executing  VM operation: ICBufferFull done
Event: 19.009 Executing  VM operation: G1CollectForAllocation
Event: 19.018 Executing  VM operation: G1CollectForAllocation done
Event: 19.095 Executing  VM operation: ICBufferFull
Event: 19.095 Executing  VM operation: ICBufferFull done


Dynamic libraries:
0x00007ff6976b0000 - 0x00007ff6976c0000 	C:\Program Files\Java\jdk-16.0.2\bin\java.exe
0x00007ffce3bd0000 - 0x00007ffce3dc8000 	C:\WINDOWS\SYSTEM32\ntdll.dll
0x00007ffce2920000 - 0x00007ffce29dd000 	C:\WINDOWS\System32\KERNEL32.DLL
0x00007ffce13f0000 - 0x00007ffce16be000 	C:\WINDOWS\System32\KERNELBASE.dll
0x00007ffce1760000 - 0x00007ffce1860000 	C:\WINDOWS\System32\ucrtbase.dll
0x00007ffcbdd70000 - 0x00007ffcbdd88000 	C:\Program Files\Java\jdk-16.0.2\bin\jli.dll
0x00007ffcbdd50000 - 0x00007ffcbdd69000 	C:\Program Files\Java\jdk-16.0.2\bin\VCRUNTIME140.dll
0x00007ffce1c30000 - 0x00007ffce1cde000 	C:\WINDOWS\System32\ADVAPI32.dll
0x00007ffce32d0000 - 0x00007ffce336e000 	C:\WINDOWS\System32\msvcrt.dll
0x00007ffce39e0000 - 0x00007ffce3a7c000 	C:\WINDOWS\System32\sechost.dll
0x00007ffce3780000 - 0x00007ffce38a5000 	C:\WINDOWS\System32\RPCRT4.dll
0x00007ffce23a0000 - 0x00007ffce2540000 	C:\WINDOWS\System32\USER32.dll
0x00007ffcc9070000 - 0x00007ffcc930a000 	C:\WINDOWS\WinSxS\amd64_microsoft.windows.common-controls_6595b64144ccf1df_6.0.19041.1110_none_60b5254171f9507e\COMCTL32.dll
0x00007ffce1b90000 - 0x00007ffce1bb2000 	C:\WINDOWS\System32\win32u.dll
0x00007ffce34e0000 - 0x00007ffce350a000 	C:\WINDOWS\System32\GDI32.dll
0x00007ffce1860000 - 0x00007ffce196b000 	C:\WINDOWS\System32\gdi32full.dll
0x00007ffce16c0000 - 0x00007ffce175d000 	C:\WINDOWS\System32\msvcp_win.dll
0x00007ffcdb420000 - 0x00007ffcdb42a000 	C:\WINDOWS\SYSTEM32\VERSION.dll
0x00007ffce33e0000 - 0x00007ffce3410000 	C:\WINDOWS\System32\IMM32.DLL
0x00007ffcc9ef0000 - 0x00007ffcc9efc000 	C:\Program Files\Java\jdk-16.0.2\bin\vcruntime140_1.dll
0x00007ffcb8030000 - 0x00007ffcb80c1000 	C:\Program Files\Java\jdk-16.0.2\bin\msvcp140.dll
0x00007ffc77ec0000 - 0x00007ffc78a6b000 	C:\Program Files\Java\jdk-16.0.2\bin\server\jvm.dll
0x00007ffce1d70000 - 0x00007ffce1d78000 	C:\WINDOWS\System32\PSAPI.DLL
0x00007ffcdc800000 - 0x00007ffcdc809000 	C:\WINDOWS\SYSTEM32\WSOCK32.dll
0x00007ffcdf170000 - 0x00007ffcdf197000 	C:\WINDOWS\SYSTEM32\WINMM.dll
0x00007ffce3370000 - 0x00007ffce33db000 	C:\WINDOWS\System32\WS2_32.dll
0x00007ffcdfbb0000 - 0x00007ffcdfbc2000 	C:\WINDOWS\SYSTEM32\kernel.appcore.dll
0x00007ffcc64a0000 - 0x00007ffcc64aa000 	C:\Program Files\Java\jdk-16.0.2\bin\jimage.dll
0x00007ffcdef80000 - 0x00007ffcdf164000 	C:\WINDOWS\SYSTEM32\DBGHELP.DLL
0x00007ffcdee00000 - 0x00007ffcdee2c000 	C:\WINDOWS\SYSTEM32\dbgcore.DLL
0x00007ffce19a0000 - 0x00007ffce1a22000 	C:\WINDOWS\System32\bcryptPrimitives.dll
0x00007ffcb9670000 - 0x00007ffcb9695000 	C:\Program Files\Java\jdk-16.0.2\bin\java.dll
0x00007ffce2b00000 - 0x00007ffce3244000 	C:\WINDOWS\System32\SHELL32.dll
0x00007ffcdf3d0000 - 0x00007ffcdfb64000 	C:\WINDOWS\SYSTEM32\windows.storage.dll
0x00007ffce2540000 - 0x00007ffce2894000 	C:\WINDOWS\System32\combase.dll
0x00007ffce0d50000 - 0x00007ffce0d80000 	C:\WINDOWS\SYSTEM32\Wldp.dll
0x00007ffce3a80000 - 0x00007ffce3b2d000 	C:\WINDOWS\System32\SHCORE.dll
0x00007ffce3720000 - 0x00007ffce3775000 	C:\WINDOWS\System32\shlwapi.dll
0x00007ffce1230000 - 0x00007ffce124f000 	C:\WINDOWS\SYSTEM32\profapi.dll
0x00007ffcbdd30000 - 0x00007ffcbdd49000 	C:\Program Files\Java\jdk-16.0.2\bin\net.dll
0x00007ffccc640000 - 0x00007ffccc74a000 	C:\WINDOWS\SYSTEM32\WINHTTP.dll
0x00007ffce0ab0000 - 0x00007ffce0b1a000 	C:\WINDOWS\system32\mswsock.dll
0x00007ffcb94f0000 - 0x00007ffcb9503000 	C:\Program Files\Java\jdk-16.0.2\bin\nio.dll
0x00007ffcb94d0000 - 0x00007ffcb94e8000 	C:\Program Files\Java\jdk-16.0.2\bin\zip.dll
0x00007ffcc3850000 - 0x00007ffcc3860000 	C:\Program Files\Java\jdk-16.0.2\bin\verify.dll
0x00007ffcc36a0000 - 0x00007ffcc36c7000 	C:\Users\ITECH\.gradle\native\e1d6ef7f7dcc3fd88c89a11ec53ec762bb8ba0a96d01ffa2cd45eb1d1d8dd5c5\windows-amd64\native-platform.dll
0x00007ffcb7b10000 - 0x00007ffcb7c54000 	C:\Users\ITECH\.gradle\native\5664cfc778a61ccfe75a443a1ab52a65af34e5dc3c78e0209fed803814484fcb\windows-amd64\native-platform-file-events.dll
0x00007ffcc3690000 - 0x00007ffcc3699000 	C:\Program Files\Java\jdk-16.0.2\bin\management.dll
0x00007ffcbc440000 - 0x00007ffcbc44b000 	C:\Program Files\Java\jdk-16.0.2\bin\management_ext.dll
0x00007ffce0ca0000 - 0x00007ffce0cb8000 	C:\WINDOWS\SYSTEM32\CRYPTSP.dll
0x00007ffce03c0000 - 0x00007ffce03f4000 	C:\WINDOWS\system32\rsaenh.dll
0x00007ffce1970000 - 0x00007ffce1997000 	C:\WINDOWS\System32\bcrypt.dll
0x00007ffce11f0000 - 0x00007ffce121e000 	C:\WINDOWS\SYSTEM32\USERENV.dll
0x00007ffce0cc0000 - 0x00007ffce0ccc000 	C:\WINDOWS\SYSTEM32\CRYPTBASE.dll
0x00007ffce0750000 - 0x00007ffce078b000 	C:\WINDOWS\SYSTEM32\IPHLPAPI.DLL
0x00007ffce3250000 - 0x00007ffce3258000 	C:\WINDOWS\System32\NSI.dll
0x00007ffcd6440000 - 0x00007ffcd6457000 	C:\WINDOWS\SYSTEM32\dhcpcsvc6.DLL
0x00007ffcd6460000 - 0x00007ffcd647d000 	C:\WINDOWS\SYSTEM32\dhcpcsvc.DLL
0x00007ffce07f0000 - 0x00007ffce08ba000 	C:\WINDOWS\SYSTEM32\DNSAPI.dll
0x00007ffcbc150000 - 0x00007ffcbc15e000 	C:\Program Files\Java\jdk-16.0.2\bin\sunmscapi.dll
0x00007ffce1a30000 - 0x00007ffce1b86000 	C:\WINDOWS\System32\CRYPT32.dll
0x00007ffce0dc0000 - 0x00007ffce0de7000 	C:\WINDOWS\SYSTEM32\ncrypt.dll
0x00007ffce0d80000 - 0x00007ffce0dbb000 	C:\WINDOWS\SYSTEM32\NTASN1.dll
0x00007ffc94050000 - 0x00007ffc94057000 	C:\WINDOWS\system32\wshunix.dll

dbghelp: loaded successfully - version: 4.0.5 - missing functions: none
symbol engine: initialized successfully - sym options: 0x614 - pdb path: .;C:\Program Files\Java\jdk-16.0.2\bin;C:\WINDOWS\SYSTEM32;C:\WINDOWS\WinSxS\amd64_microsoft.windows.common-controls_6595b64144ccf1df_6.0.19041.1110_none_60b5254171f9507e;C:\Program Files\Java\jdk-16.0.2\bin\server;C:\Users\ITECH\.gradle\native\e1d6ef7f7dcc3fd88c89a11ec53ec762bb8ba0a96d01ffa2cd45eb1d1d8dd5c5\windows-amd64;C:\Users\ITECH\.gradle\native\5664cfc778a61ccfe75a443a1ab52a65af34e5dc3c78e0209fed803814484fcb\windows-amd64

VM Arguments:
jvm_args: --add-opens=java.base/java.util=ALL-UNNAMED --add-opens=java.base/java.lang=ALL-UNNAMED --add-opens=java.base/java.lang.invoke=ALL-UNNAMED --add-opens=java.base/java.util=ALL-UNNAMED --add-opens=java.prefs/java.util.prefs=ALL-UNNAMED --add-opens=java.prefs/java.util.prefs=ALL-UNNAMED --add-opens=java.base/java.nio.charset=ALL-UNNAMED --add-opens=java.base/java.net=ALL-UNNAMED --add-opens=java.base/java.util.concurrent.atomic=ALL-UNNAMED -Xmx2048m -Dfile.encoding=UTF-8 -Duser.country=US -Duser.language=en -Duser.variant 
java_command: org.gradle.launcher.daemon.bootstrap.GradleDaemon 7.3.3
java_class_path (initial): C:\Users\ITECH\.gradle\wrapper\dists\gradle-7.3.3-bin\6a41zxkdtcxs8rphpq6y0069z\gradle-7.3.3\lib\gradle-launcher-7.3.3.jar
Launcher Type: SUN_STANDARD

[Global flags]
     intx CICompilerCount                          = 4                                         {product} {ergonomic}
     uint ConcGCThreads                            = 2                                         {product} {ergonomic}
     uint G1ConcRefinementThreads                  = 8                                         {product} {ergonomic}
   size_t G1HeapRegionSize                         = 1048576                                   {product} {ergonomic}
    uintx GCDrainStackTargetSize                   = 64                                        {product} {ergonomic}
   size_t InitialHeapSize                          = 132120576                                 {product} {ergonomic}
   size_t MarkStackSize                            = 4194304                                   {product} {ergonomic}
   size_t MaxHeapSize                              = 2147483648                                {product} {command line}
   size_t MaxNewSize                               = 1287651328                                {product} {ergonomic}
   size_t MinHeapDeltaBytes                        = 1048576                                   {product} {ergonomic}
   size_t MinHeapSize                              = 8388608                                   {product} {ergonomic}
    uintx NonNMethodCodeHeapSize                   = 5839372                                {pd product} {ergonomic}
    uintx NonProfiledCodeHeapSize                  = 122909434                              {pd product} {ergonomic}
    uintx ProfiledCodeHeapSize                     = 122909434                              {pd product} {ergonomic}
    uintx ReservedCodeCacheSize                    = 251658240                              {pd product} {ergonomic}
     bool SegmentedCodeCache                       = true                                      {product} {ergonomic}
   size_t SoftMaxHeapSize                          = 2147483648                             {manageable} {ergonomic}
     bool UseCompressedClassPointers               = true                           {product lp64_product} {ergonomic}
     bool UseCompressedOops                        = true                           {product lp64_product} {ergonomic}
     bool UseG1GC                                  = true                                      {product} {ergonomic}
     bool UseLargePagesIndividualAllocation        = false                                  {pd product} {ergonomic}

Logging:
Log output configuration:
 #0: stdout all=warning uptime,level,tags
 #1: stderr all=off uptime,level,tags

Environment Variables:
JAVA_HOME=C:\Program Files\Java\jdk-16.0.2
PATH=C:\Program Files\Python37\Scripts\;C:\Program Files\Python37\;C:\ProgramData\Oracle\Java\javapath;C:\app\ITECH\product\11.2.0\dbhome_1\bin;C:\Program Files\Common Files\Oracle\Java\javapath;C:\Program Files (x86)\Common Files\Oracle\Java\javapath;C:\WINDOWS\system32;C:\WINDOWS;C:\WINDOWS\System32\Wbem;C:\WINDOWS\System32\WindowsPowerShell\v1.0\;C:\WINDOWS\System32\OpenSSH\;C:\Program Files\Microsoft SQL Server\130\Tools\Binn\;C:\Program Files\Microsoft SQL Server\Client SDK\ODBC\170\Tools\Binn\;C:\Program Files\dotnet\;C:\Program Files\nodejs\;C:\Program Files\Java\jdk-16.0.2\bin;C:\Program Files\Git\cmd;C:\Program Files\Java\jdk-16.0.2\bin;
USERNAME=ITECH
OS=Windows_NT
PROCESSOR_IDENTIFIER=Intel64 Family 6 Model 126 Stepping 5, GenuineIntel



---------------  S Y S T E M  ---------------

OS:
 Windows 10 , 64 bit Build 19041 (10.0.19041.1889)
OS uptime: 0 days 0:32 hours

CPU: total 8 (initial active 8) (4 cores per cpu, 2 threads per core) family 6 model 126 stepping 5 microcode 0xb0, cx8, cmov, fxsr, ht, mmx, 3dnowpref, sse, sse2, sse3, ssse3, sse4.1, sse4.2, popcnt, lzcnt, tsc, tscinvbit, avx, avx2, aes, erms, clmul, bmi1, bmi2, adx, avx512f, avx512dq, avx512cd, avx512bw, avx512vl, sha, fma, vzeroupper, avx512_vpopcntdq, avx512_vpclmulqdq, avx512_vaes, avx512_vnni, clflush, clflushopt, avx512_vmbi2, avx512_vmbi

Memory: 4k page, system-wide physical 7959M (710M free)
TotalPageFile size 7959M (AvailPageFile size 8M)
current process WorkingSet (physical memory assigned to process): 504M, peak: 504M
current process commit charge ("private bytes"): 550M, peak: 551M

vm_info: Java HotSpot(TM) 64-Bit Server VM (16.0.2+7-67) for windows-amd64 JRE (16.0.2+7-67), built on Jun  8 2021 23:24:19 by "mach5one" with MS VC++ 16.7 (VS2019)

END.
