#
# There is insufficient memory for the Java Runtime Environment to continue.
# Native memory allocation (malloc) failed to allocate 1261056 bytes for Chunk::new
# Possible reasons:
#   The system is out of physical RAM or swap space
#   The process is running with CompressedOops enabled, and the Java Heap may be blocking the growth of the native heap
# Possible solutions:
#   Reduce memory load on the system
#   Increase physical memory or swap space
#   Check if swap backing store is full
#   Decrease Java heap size (-Xmx/-Xms)
#   Decrease number of Java threads
#   Decrease Java thread stack sizes (-Xss)
#   Set larger code cache with -XX:ReservedCodeCacheSize=
#   JVM is running with Unscaled Compressed Oops mode in which the Java heap is
#     placed in the first 4GB address space. The Java Heap base address is the
#     maximum limit for the native heap growth. Please use -XX:HeapBaseMinAddress
#     to set the Java Heap base and to place the Java Heap above 4GB virtual address.
# This output file may be truncated or incomplete.
#
#  Out of Memory Error (arena.cpp:195), pid=6768, tid=4852
#
# JRE version: Java(TM) SE Runtime Environment (16.0.2+7) (build 16.0.2+7-67)
# Java VM: Java HotSpot(TM) 64-Bit Server VM (16.0.2+7-67, mixed mode, sharing, tiered, compressed oops, compressed class ptrs, g1 gc, windows-amd64)
# No core dump will be written. Minidumps are not enabled by default on client versions of Windows
#

---------------  S U M M A R Y ------------

Command Line: --add-opens=java.base/java.util=ALL-UNNAMED --add-opens=java.base/java.lang=ALL-UNNAMED --add-opens=java.base/java.lang.invoke=ALL-UNNAMED --add-opens=java.base/java.util=ALL-UNNAMED --add-opens=java.prefs/java.util.prefs=ALL-UNNAMED --add-opens=java.prefs/java.util.prefs=ALL-UNNAMED --add-opens=java.base/java.nio.charset=ALL-UNNAMED --add-opens=java.base/java.net=ALL-UNNAMED --add-opens=java.base/java.util.concurrent.atomic=ALL-UNNAMED -Xmx2048m -Dfile.encoding=UTF-8 -Duser.country=US -Duser.language=en -Duser.variant org.gradle.launcher.daemon.bootstrap.GradleDaemon 7.3.3

Host: Intel(R) Core(TM) i7-1065G7 CPU @ 1.30GHz, 8 cores, 7G,  Windows 10 , 64 bit Build 19041 (10.0.19041.1889)
Time: Mon Aug 22 13:08:54 2022 Egypt Standard Time elapsed time: 11.518948 seconds (0d 0h 0m 11s)

---------------  T H R E A D  ---------------

Current thread (0x0000028d76a172c0):  JavaThread "C2 CompilerThread1" daemon [_thread_in_native, id=4852, stack(0x000000dd72b00000,0x000000dd72c00000)]


Current CompileTask:
C2:  11519 9623       4       org.gradle.cache.internal.btree.FreeListBlockStore::read (12 bytes)

Stack: [0x000000dd72b00000,0x000000dd72c00000]
Native frames: (J=compiled Java code, j=interpreted, Vv=VM code, C=native code)
V  [jvm.dll+0x6681ca]
V  [jvm.dll+0x7c9e69]
V  [jvm.dll+0x7cb61e]
V  [jvm.dll+0x7cbc73]
V  [jvm.dll+0x242c55]
V  [jvm.dll+0xadeba]
V  [jvm.dll+0xae45c]
V  [jvm.dll+0x35a8d7]
V  [jvm.dll+0x324de1]
V  [jvm.dll+0x32428a]
V  [jvm.dll+0x215cec]
V  [jvm.dll+0x215100]
V  [jvm.dll+0x1a1beb]
V  [jvm.dll+0x225158]
V  [jvm.dll+0x22319c]
V  [jvm.dll+0x77fa62]
V  [jvm.dll+0x7795aa]
V  [jvm.dll+0x667066]
C  [ucrtbase.dll+0x21bb2]
C  [KERNEL32.DLL+0x17034]
C  [ntdll.dll+0x52651]


---------------  P R O C E S S  ---------------

Threads class SMR info:
_java_thread_list=0x0000028d79317720, length=128, elements={
0x0000028d57e7e710, 0x0000028d75f22690, 0x0000028d75f231a0, 0x0000028d75f2fe90,
0x0000028d75f329b0, 0x0000028d75f372e0, 0x0000028d75f38c00, 0x0000028d75f45200,
0x0000028d75f46c10, 0x0000028d75f5b560, 0x0000028d769b0ae0, 0x0000028d769b5410,
0x0000028d76a172c0, 0x0000028d7810a9e0, 0x0000028d7759cdf0, 0x0000028d782bb3b0,
0x0000028d78f78af0, 0x0000028d78bbb9d0, 0x0000028d7826fe80, 0x0000028d782733a0,
0x0000028d782713c0, 0x0000028d782703d0, 0x0000028d78270920, 0x0000028d78271910,
0x0000028d78271e60, 0x0000028d782723b0, 0x0000028d78272900, 0x0000028d78272e50,
0x0000028d78270e70, 0x0000028d79080260, 0x0000028d79081250, 0x0000028d79080d00,
0x0000028d790807b0, 0x0000028d790817a0, 0x0000028d79081cf0, 0x0000028d7907f7c0,
0x0000028d7907f270, 0x0000028d7907fd10, 0x0000028d79082240, 0x0000028d7907ed20,
0x0000028d798d58e0, 0x0000028d798d48f0, 0x0000028d798d5390, 0x0000028d798d4e40,
0x0000028d798d43a0, 0x0000028d798d9350, 0x0000028d798d78c0, 0x0000028d798d2910,
0x0000028d798d68d0, 0x0000028d798d1920, 0x0000028d798d6e20, 0x0000028d798d8360,
0x0000028d798d8e00, 0x0000028d798d2e60, 0x0000028d798d7e10, 0x0000028d798d1e70,
0x0000028d78c579e0, 0x0000028d78c57490, 0x0000028d78c5a460, 0x0000028d78c5d430,
0x0000028d78c57f30, 0x0000028d78c569f0, 0x0000028d78c599c0, 0x0000028d78c59f10,
0x0000028d78c5ded0, 0x0000028d78c5bef0, 0x0000028d78c5a9b0, 0x0000028d78c56f40,
0x0000028d78c5af00, 0x0000028d78c5b9a0, 0x0000028d78c5b450, 0x0000028d78c5c440,
0x0000028d78c5c990, 0x0000028d78c58480, 0x0000028d78c589d0, 0x0000028d78c59470,
0x0000028d78c58f20, 0x0000028d78c564a0, 0x0000028d78c5cee0, 0x0000028d78c5d980,
0x0000028d7d6159a0, 0x0000028d7d617980, 0x0000028d7d615450, 0x0000028d7d615ef0,
0x0000028d7d616440, 0x0000028d7d614460, 0x0000028d7d619960, 0x0000028d7d612480,
0x0000028d7d617ed0, 0x0000028d7d6149b0, 0x0000028d7d612f20, 0x0000028d7d618420,
0x0000028d7d6139c0, 0x0000028d7d618970, 0x0000028d7d616990, 0x0000028d7d618ec0,
0x0000028d7d613470, 0x0000028d7d619410, 0x0000028d7d613f10, 0x0000028d7d614f00,
0x0000028d7d619eb0, 0x0000028d7d6129d0, 0x0000028d7d616ee0, 0x0000028d7d617430,
0x0000028d79ccaaf0, 0x0000028d79cca5a0, 0x0000028d79cccad0, 0x0000028d79ccb040,
0x0000028d79cc7080, 0x0000028d79ccd020, 0x0000028d79ccb590, 0x0000028d79cce560,
0x0000028d79cc75d0, 0x0000028d79ccd570, 0x0000028d79cc7b20, 0x0000028d79cc8070,
0x0000028d79cca050, 0x0000028d79cc6b30, 0x0000028d79cce010, 0x0000028d79cc95b0,
0x0000028d79ccc580, 0x0000028d79cc85c0, 0x0000028d79ccbae0, 0x0000028d79cc8b10,
0x0000028d7c547a00, 0x0000028d79cc9060, 0x0000028d79cc9b00, 0x0000028d7fbb6040
}

Java Threads: ( => current thread )
  0x0000028d57e7e710 JavaThread "main" [_thread_blocked, id=4292, stack(0x000000dd71800000,0x000000dd71900000)]
  0x0000028d75f22690 JavaThread "Reference Handler" daemon [_thread_blocked, id=12260, stack(0x000000dd71f00000,0x000000dd72000000)]
  0x0000028d75f231a0 JavaThread "Finalizer" daemon [_thread_blocked, id=8000, stack(0x000000dd72000000,0x000000dd72100000)]
  0x0000028d75f2fe90 JavaThread "Signal Dispatcher" daemon [_thread_blocked, id=12548, stack(0x000000dd72100000,0x000000dd72200000)]
  0x0000028d75f329b0 JavaThread "Attach Listener" daemon [_thread_blocked, id=6536, stack(0x000000dd72200000,0x000000dd72300000)]
  0x0000028d75f372e0 JavaThread "Service Thread" daemon [_thread_blocked, id=2500, stack(0x000000dd72300000,0x000000dd72400000)]
  0x0000028d75f38c00 JavaThread "Monitor Deflation Thread" daemon [_thread_blocked, id=8660, stack(0x000000dd72400000,0x000000dd72500000)]
  0x0000028d75f45200 JavaThread "C2 CompilerThread0" daemon [_thread_in_native, id=11100, stack(0x000000dd72500000,0x000000dd72600000)]
  0x0000028d75f46c10 JavaThread "C1 CompilerThread0" daemon [_thread_blocked, id=8056, stack(0x000000dd72600000,0x000000dd72700000)]
  0x0000028d75f5b560 JavaThread "Sweeper thread" daemon [_thread_blocked, id=13280, stack(0x000000dd72700000,0x000000dd72800000)]
  0x0000028d769b0ae0 JavaThread "Common-Cleaner" daemon [_thread_blocked, id=3640, stack(0x000000dd72800000,0x000000dd72900000)]
  0x0000028d769b5410 JavaThread "Notification Thread" daemon [_thread_blocked, id=11412, stack(0x000000dd72900000,0x000000dd72a00000)]
=>0x0000028d76a172c0 JavaThread "C2 CompilerThread1" daemon [_thread_in_native, id=4852, stack(0x000000dd72b00000,0x000000dd72c00000)]
  0x0000028d7810a9e0 JavaThread "Daemon health stats" [_thread_blocked, id=1764, stack(0x000000dd73100000,0x000000dd73200000)]
  0x0000028d7759cdf0 JavaThread "Incoming local TCP Connector on port 61516" [_thread_in_native, id=13012, stack(0x000000dd73200000,0x000000dd73300000)]
  0x0000028d782bb3b0 JavaThread "Daemon periodic checks" [_thread_blocked, id=5408, stack(0x000000dd73300000,0x000000dd73400000)]
  0x0000028d78f78af0 JavaThread "Daemon" [_thread_blocked, id=5756, stack(0x000000dd73400000,0x000000dd73500000)]
  0x0000028d78bbb9d0 JavaThread "Handler for socket connection from /127.0.0.1:61516 to /127.0.0.1:61517" [_thread_in_native, id=11116, stack(0x000000dd73500000,0x000000dd73600000)]
  0x0000028d7826fe80 JavaThread "Cancel handler" [_thread_blocked, id=6120, stack(0x000000dd73600000,0x000000dd73700000)]
  0x0000028d782733a0 JavaThread "Daemon worker" [_thread_blocked, id=9524, stack(0x000000dd73700000,0x000000dd73800000)]
  0x0000028d782713c0 JavaThread "Asynchronous log dispatcher for DefaultDaemonConnection: socket connection from /127.0.0.1:61516 to /127.0.0.1:61517" [_thread_blocked, id=8976, stack(0x000000dd73800000,0x000000dd73900000)]
  0x0000028d782703d0 JavaThread "Stdin handler" [_thread_blocked, id=9584, stack(0x000000dd73900000,0x000000dd73a00000)]
  0x0000028d78270920 JavaThread "Daemon client event forwarder" [_thread_blocked, id=12136, stack(0x000000dd73a00000,0x000000dd73b00000)]
  0x0000028d78271910 JavaThread "Cache worker for journal cache (C:\Users\ITECH\.gradle\caches\journal-1)" [_thread_blocked, id=11068, stack(0x000000dd73b00000,0x000000dd73c00000)]
  0x0000028d78271e60 JavaThread "File lock request listener" [_thread_in_native, id=11244, stack(0x000000dd73c00000,0x000000dd73d00000)]
  0x0000028d782723b0 JavaThread "Cache worker for file hash cache (C:\Users\ITECH\.gradle\caches\7.3.3\fileHashes)" [_thread_blocked, id=7304, stack(0x000000dd73d00000,0x000000dd73e00000)]
  0x0000028d78272900 JavaThread "Cache worker for file hash cache (C:\Users\ITECH\AndroidStudioProjects\yummy\.gradle\7.3.3\fileHashes)" [_thread_blocked, id=4680, stack(0x000000dd73e00000,0x000000dd73f00000)]
  0x0000028d78272e50 JavaThread "File watcher server" daemon [_thread_in_native, id=13156, stack(0x000000dd74200000,0x000000dd74300000)]
  0x0000028d78270e70 JavaThread "File watcher consumer" daemon [_thread_blocked, id=8636, stack(0x000000dd74300000,0x000000dd74400000)]
  0x0000028d79080260 JavaThread "jar transforms" [_thread_blocked, id=4412, stack(0x000000dd74400000,0x000000dd74500000)]
  0x0000028d79081250 JavaThread "jar transforms Thread 2" [_thread_blocked, id=1996, stack(0x000000dd74500000,0x000000dd74600000)]
  0x0000028d79080d00 JavaThread "jar transforms Thread 3" [_thread_blocked, id=9828, stack(0x000000dd74600000,0x000000dd74700000)]
  0x0000028d790807b0 JavaThread "jar transforms Thread 4" [_thread_blocked, id=9988, stack(0x000000dd74700000,0x000000dd74800000)]
  0x0000028d790817a0 JavaThread "jar transforms Thread 5" [_thread_blocked, id=7412, stack(0x000000dd74800000,0x000000dd74900000)]
  0x0000028d79081cf0 JavaThread "jar transforms Thread 6" [_thread_blocked, id=3876, stack(0x000000dd74900000,0x000000dd74a00000)]
  0x0000028d7907f7c0 JavaThread "jar transforms Thread 7" [_thread_blocked, id=7084, stack(0x000000dd74a00000,0x000000dd74b00000)]
  0x0000028d7907f270 JavaThread "jar transforms Thread 8" [_thread_blocked, id=6624, stack(0x000000dd74b00000,0x000000dd74c00000)]
  0x0000028d7907fd10 JavaThread "Cache worker for checksums cache (C:\Users\ITECH\AndroidStudioProjects\yummy\.gradle\7.3.3\checksums)" [_thread_blocked, id=9488, stack(0x000000dd74d00000,0x000000dd74e00000)]
  0x0000028d79082240 JavaThread "Cache worker for cache directory md-supplier (C:\Users\ITECH\.gradle\caches\7.3.3\md-supplier)" [_thread_blocked, id=10964, stack(0x000000dd74e00000,0x000000dd74f00000)]
  0x0000028d7907ed20 JavaThread "Cache worker for cache directory md-rule (C:\Users\ITECH\.gradle\caches\7.3.3\md-rule)" [_thread_blocked, id=3840, stack(0x000000dd74f00000,0x000000dd75000000)]
  0x0000028d798d58e0 JavaThread "Cache worker for execution history cache (C:\Users\ITECH\.gradle\caches\7.3.3\executionHistory)" [_thread_blocked, id=12488, stack(0x000000dd75000000,0x000000dd75100000)]
  0x0000028d798d48f0 JavaThread "Cache worker for file content cache (C:\Users\ITECH\.gradle\caches\7.3.3\fileContent)" [_thread_blocked, id=12780, stack(0x000000dd75100000,0x000000dd75200000)]
  0x0000028d798d5390 JavaThread "Cache worker for dependencies-accessors (C:\Users\ITECH\AndroidStudioProjects\yummy\.gradle\7.3.3\dependencies-accessors)" [_thread_blocked, id=4908, stack(0x000000dd75200000,0x000000dd75300000)]
  0x0000028d798d4e40 JavaThread "Cache worker for Build Output Cleanup Cache (C:\Users\ITECH\AndroidStudioProjects\yummy\.gradle\buildOutputCleanup)" [_thread_blocked, id=10436, stack(0x000000dd75300000,0x000000dd75400000)]
  0x0000028d798d43a0 JavaThread "Unconstrained build operations" [_thread_blocked, id=724, stack(0x000000dd75400000,0x000000dd75500000)]
  0x0000028d798d9350 JavaThread "Unconstrained build operations Thread 2" [_thread_blocked, id=9472, stack(0x000000dd75500000,0x000000dd75600000)]
  0x0000028d798d78c0 JavaThread "Unconstrained build operations Thread 3" [_thread_blocked, id=9468, stack(0x000000dd75600000,0x000000dd75700000)]
  0x0000028d798d2910 JavaThread "Unconstrained build operations Thread 4" [_thread_blocked, id=7160, stack(0x000000dd75700000,0x000000dd75800000)]
  0x0000028d798d68d0 JavaThread "Unconstrained build operations Thread 5" [_thread_blocked, id=1740, stack(0x000000dd75800000,0x000000dd75900000)]
  0x0000028d798d1920 JavaThread "Unconstrained build operations Thread 6" [_thread_blocked, id=11552, stack(0x000000dd75900000,0x000000dd75a00000)]
  0x0000028d798d6e20 JavaThread "Unconstrained build operations Thread 7" [_thread_blocked, id=11144, stack(0x000000dd75a00000,0x000000dd75b00000)]
  0x0000028d798d8360 JavaThread "Unconstrained build operations Thread 8" [_thread_blocked, id=7616, stack(0x000000dd75b00000,0x000000dd75c00000)]
  0x0000028d798d8e00 JavaThread "Unconstrained build operations Thread 9" [_thread_blocked, id=11936, stack(0x000000dd75c00000,0x000000dd75d00000)]
  0x0000028d798d2e60 JavaThread "Unconstrained build operations Thread 10" [_thread_blocked, id=11180, stack(0x000000dd75d00000,0x000000dd75e00000)]
  0x0000028d798d7e10 JavaThread "Unconstrained build operations Thread 11" [_thread_blocked, id=11336, stack(0x000000dd75e00000,0x000000dd75f00000)]
  0x0000028d798d1e70 JavaThread "Unconstrained build operations Thread 12" [_thread_blocked, id=9412, stack(0x000000dd75f00000,0x000000dd76000000)]
  0x0000028d78c579e0 JavaThread "Unconstrained build operations Thread 13" [_thread_blocked, id=5876, stack(0x000000dd76000000,0x000000dd76100000)]
  0x0000028d78c57490 JavaThread "Unconstrained build operations Thread 14" [_thread_blocked, id=12728, stack(0x000000dd76100000,0x000000dd76200000)]
  0x0000028d78c5a460 JavaThread "Unconstrained build operations Thread 15" [_thread_blocked, id=12404, stack(0x000000dd76200000,0x000000dd76300000)]
  0x0000028d78c5d430 JavaThread "Unconstrained build operations Thread 16" [_thread_blocked, id=3940, stack(0x000000dd76300000,0x000000dd76400000)]
  0x0000028d78c57f30 JavaThread "Unconstrained build operations Thread 17" [_thread_blocked, id=2272, stack(0x000000dd76400000,0x000000dd76500000)]
  0x0000028d78c569f0 JavaThread "Unconstrained build operations Thread 18" [_thread_blocked, id=11168, stack(0x000000dd76500000,0x000000dd76600000)]
  0x0000028d78c599c0 JavaThread "Unconstrained build operations Thread 19" [_thread_blocked, id=1620, stack(0x000000dd76600000,0x000000dd76700000)]
  0x0000028d78c59f10 JavaThread "Unconstrained build operations Thread 20" [_thread_blocked, id=11548, stack(0x000000dd76700000,0x000000dd76800000)]
  0x0000028d78c5ded0 JavaThread "Unconstrained build operations Thread 21" [_thread_in_native, id=3916, stack(0x000000dd76800000,0x000000dd76900000)]
  0x0000028d78c5bef0 JavaThread "Unconstrained build operations Thread 22" [_thread_blocked, id=3728, stack(0x000000dd76900000,0x000000dd76a00000)]
  0x0000028d78c5a9b0 JavaThread "Unconstrained build operations Thread 23" [_thread_blocked, id=9044, stack(0x000000dd76a00000,0x000000dd76b00000)]
  0x0000028d78c56f40 JavaThread "Unconstrained build operations Thread 24" [_thread_blocked, id=8232, stack(0x000000dd76b00000,0x000000dd76c00000)]
  0x0000028d78c5af00 JavaThread "Unconstrained build operations Thread 25" [_thread_blocked, id=3720, stack(0x000000dd76c00000,0x000000dd76d00000)]
  0x0000028d78c5b9a0 JavaThread "Unconstrained build operations Thread 26" [_thread_blocked, id=3168, stack(0x000000dd76d00000,0x000000dd76e00000)]
  0x0000028d78c5b450 JavaThread "Unconstrained build operations Thread 27" [_thread_blocked, id=2940, stack(0x000000dd76e00000,0x000000dd76f00000)]
  0x0000028d78c5c440 JavaThread "Unconstrained build operations Thread 28" [_thread_blocked, id=3440, stack(0x000000dd76f00000,0x000000dd77000000)]
  0x0000028d78c5c990 JavaThread "Unconstrained build operations Thread 29" [_thread_blocked, id=11524, stack(0x000000dd77000000,0x000000dd77100000)]
  0x0000028d78c58480 JavaThread "Unconstrained build operations Thread 30" [_thread_blocked, id=12848, stack(0x000000dd77100000,0x000000dd77200000)]
  0x0000028d78c589d0 JavaThread "Unconstrained build operations Thread 31" [_thread_blocked, id=12416, stack(0x000000dd77200000,0x000000dd77300000)]
  0x0000028d78c59470 JavaThread "Unconstrained build operations Thread 32" [_thread_blocked, id=5124, stack(0x000000dd77300000,0x000000dd77400000)]
  0x0000028d78c58f20 JavaThread "Unconstrained build operations Thread 33" [_thread_blocked, id=10276, stack(0x000000dd77400000,0x000000dd77500000)]
  0x0000028d78c564a0 JavaThread "Unconstrained build operations Thread 34" [_thread_blocked, id=8180, stack(0x000000dd77500000,0x000000dd77600000)]
  0x0000028d78c5cee0 JavaThread "Unconstrained build operations Thread 35" [_thread_in_native, id=2628, stack(0x000000dd77600000,0x000000dd77700000)]
  0x0000028d78c5d980 JavaThread "Unconstrained build operations Thread 36" [_thread_blocked, id=12672, stack(0x000000dd77700000,0x000000dd77800000)]
  0x0000028d7d6159a0 JavaThread "Unconstrained build operations Thread 37" [_thread_blocked, id=11728, stack(0x000000dd77800000,0x000000dd77900000)]
  0x0000028d7d617980 JavaThread "Unconstrained build operations Thread 38" [_thread_blocked, id=7664, stack(0x000000dd77900000,0x000000dd77a00000)]
  0x0000028d7d615450 JavaThread "Unconstrained build operations Thread 39" [_thread_blocked, id=5200, stack(0x000000dd77a00000,0x000000dd77b00000)]
  0x0000028d7d615ef0 JavaThread "Unconstrained build operations Thread 40" [_thread_blocked, id=12376, stack(0x000000dd77b00000,0x000000dd77c00000)]
  0x0000028d7d616440 JavaThread "Unconstrained build operations Thread 41" [_thread_blocked, id=2832, stack(0x000000dd77c00000,0x000000dd77d00000)]
  0x0000028d7d614460 JavaThread "Unconstrained build operations Thread 42" [_thread_blocked, id=12200, stack(0x000000dd77d00000,0x000000dd77e00000)]
  0x0000028d7d619960 JavaThread "Unconstrained build operations Thread 43" [_thread_blocked, id=7424, stack(0x000000dd77e00000,0x000000dd77f00000)]
  0x0000028d7d612480 JavaThread "Unconstrained build operations Thread 44" [_thread_blocked, id=1864, stack(0x000000dd77f00000,0x000000dd78000000)]
  0x0000028d7d617ed0 JavaThread "Unconstrained build operations Thread 45" [_thread_blocked, id=3948, stack(0x000000dd78000000,0x000000dd78100000)]
  0x0000028d7d6149b0 JavaThread "Unconstrained build operations Thread 46" [_thread_blocked, id=12244, stack(0x000000dd78100000,0x000000dd78200000)]
  0x0000028d7d612f20 JavaThread "Unconstrained build operations Thread 47" [_thread_blocked, id=9580, stack(0x000000dd78200000,0x000000dd78300000)]
  0x0000028d7d618420 JavaThread "Unconstrained build operations Thread 48" [_thread_blocked, id=9368, stack(0x000000dd78300000,0x000000dd78400000)]
  0x0000028d7d6139c0 JavaThread "Unconstrained build operations Thread 49" [_thread_blocked, id=7260, stack(0x000000dd78400000,0x000000dd78500000)]
  0x0000028d7d618970 JavaThread "Unconstrained build operations Thread 50" [_thread_blocked, id=1628, stack(0x000000dd78500000,0x000000dd78600000)]
  0x0000028d7d616990 JavaThread "Unconstrained build operations Thread 51" [_thread_blocked, id=5340, stack(0x000000dd78600000,0x000000dd78700000)]
  0x0000028d7d618ec0 JavaThread "Unconstrained build operations Thread 52" [_thread_blocked, id=7472, stack(0x000000dd78700000,0x000000dd78800000)]
  0x0000028d7d613470 JavaThread "Unconstrained build operations Thread 53" [_thread_blocked, id=1884, stack(0x000000dd78800000,0x000000dd78900000)]
  0x0000028d7d619410 JavaThread "Unconstrained build operations Thread 54" [_thread_blocked, id=5404, stack(0x000000dd78900000,0x000000dd78a00000)]
  0x0000028d7d613f10 JavaThread "Unconstrained build operations Thread 55" [_thread_blocked, id=12712, stack(0x000000dd78a00000,0x000000dd78b00000)]
  0x0000028d7d614f00 JavaThread "Unconstrained build operations Thread 56" [_thread_in_native, id=3028, stack(0x000000dd78b00000,0x000000dd78c00000)]
  0x0000028d7d619eb0 JavaThread "Unconstrained build operations Thread 57" [_thread_blocked, id=5916, stack(0x000000dd78c00000,0x000000dd78d00000)]
  0x0000028d7d6129d0 JavaThread "Unconstrained build operations Thread 58" [_thread_blocked, id=9664, stack(0x000000dd78d00000,0x000000dd78e00000)]
  0x0000028d7d616ee0 JavaThread "Unconstrained build operations Thread 59" [_thread_blocked, id=588, stack(0x000000dd78e00000,0x000000dd78f00000)]
  0x0000028d7d617430 JavaThread "Unconstrained build operations Thread 60" [_thread_blocked, id=1164, stack(0x000000dd78f00000,0x000000dd79000000)]
  0x0000028d79ccaaf0 JavaThread "Unconstrained build operations Thread 61" [_thread_blocked, id=10844, stack(0x000000dd79000000,0x000000dd79100000)]
  0x0000028d79cca5a0 JavaThread "Unconstrained build operations Thread 62" [_thread_blocked, id=4492, stack(0x000000dd79100000,0x000000dd79200000)]
  0x0000028d79cccad0 JavaThread "Unconstrained build operations Thread 63" [_thread_blocked, id=5132, stack(0x000000dd79200000,0x000000dd79300000)]
  0x0000028d79ccb040 JavaThread "Unconstrained build operations Thread 64" [_thread_blocked, id=11572, stack(0x000000dd79300000,0x000000dd79400000)]
  0x0000028d79cc7080 JavaThread "Unconstrained build operations Thread 65" [_thread_blocked, id=9956, stack(0x000000dd79400000,0x000000dd79500000)]
  0x0000028d79ccd020 JavaThread "Unconstrained build operations Thread 66" [_thread_blocked, id=9048, stack(0x000000dd79500000,0x000000dd79600000)]
  0x0000028d79ccb590 JavaThread "Unconstrained build operations Thread 67" [_thread_in_Java, id=2348, stack(0x000000dd79600000,0x000000dd79700000)]
  0x0000028d79cce560 JavaThread "Unconstrained build operations Thread 68" [_thread_blocked, id=11664, stack(0x000000dd79700000,0x000000dd79800000)]
  0x0000028d79cc75d0 JavaThread "Unconstrained build operations Thread 69" [_thread_blocked, id=2260, stack(0x000000dd79800000,0x000000dd79900000)]
  0x0000028d79ccd570 JavaThread "Unconstrained build operations Thread 70" [_thread_blocked, id=8640, stack(0x000000dd79900000,0x000000dd79a00000)]
  0x0000028d79cc7b20 JavaThread "Unconstrained build operations Thread 71" [_thread_in_native, id=7112, stack(0x000000dd79a00000,0x000000dd79b00000)]
  0x0000028d79cc8070 JavaThread "Unconstrained build operations Thread 72" [_thread_blocked, id=3180, stack(0x000000dd79b00000,0x000000dd79c00000)]
  0x0000028d79cca050 JavaThread "Unconstrained build operations Thread 73" [_thread_blocked, id=6944, stack(0x000000dd79c00000,0x000000dd79d00000)]
  0x0000028d79cc6b30 JavaThread "Unconstrained build operations Thread 74" [_thread_blocked, id=1948, stack(0x000000dd79d00000,0x000000dd79e00000)]
  0x0000028d79cce010 JavaThread "Unconstrained build operations Thread 75" [_thread_blocked, id=3928, stack(0x000000dd79e00000,0x000000dd79f00000)]
  0x0000028d79cc95b0 JavaThread "Unconstrained build operations Thread 76" [_thread_blocked, id=9376, stack(0x000000dd79f00000,0x000000dd7a000000)]
  0x0000028d79ccc580 JavaThread "Unconstrained build operations Thread 77" [_thread_blocked, id=10428, stack(0x000000dd7a000000,0x000000dd7a100000)]
  0x0000028d79cc85c0 JavaThread "Unconstrained build operations Thread 78" [_thread_blocked, id=4296, stack(0x000000dd7a100000,0x000000dd7a200000)]
  0x0000028d79ccbae0 JavaThread "Unconstrained build operations Thread 79" [_thread_blocked, id=11660, stack(0x000000dd7a200000,0x000000dd7a300000)]
  0x0000028d79cc8b10 JavaThread "Unconstrained build operations Thread 80" [_thread_blocked, id=5212, stack(0x000000dd7a300000,0x000000dd7a400000)]
  0x0000028d7c547a00 JavaThread "C2 CompilerThread2" daemon [_thread_in_native, id=2772, stack(0x000000dd72c00000,0x000000dd72d00000)]
  0x0000028d79cc9060 JavaThread "Memory manager" [_thread_blocked, id=1748, stack(0x000000dd7a400000,0x000000dd7a500000)]
  0x0000028d79cc9b00 JavaThread "pool-3-thread-1" [_thread_blocked, id=2972, stack(0x000000dd7a500000,0x000000dd7a600000)]
  0x0000028d7fbb6040 JavaThread "Cache worker for execution history cache (C:\Users\ITECH\AndroidStudioProjects\yummy\.gradle\7.3.3\executionHistory)" [_thread_blocked, id=11796, stack(0x000000dd7ad00000,0x000000dd7ae00000)]

Other Threads:
  0x0000028d75f1ec90 VMThread "VM Thread" [stack: 0x000000dd71e00000,0x000000dd71f00000] [id=5160]
  0x0000028d769b6f90 WatcherThread [stack: 0x000000dd72a00000,0x000000dd72b00000] [id=7036]
  0x0000028d57ebcec0 GCTaskThread "GC Thread#0" [stack: 0x000000dd71900000,0x000000dd71a00000] [id=4812]
  0x0000028d7759dc70 GCTaskThread "GC Thread#1" [stack: 0x000000dd72d00000,0x000000dd72e00000] [id=8776]
  0x0000028d7759df80 GCTaskThread "GC Thread#2" [stack: 0x000000dd72e00000,0x000000dd72f00000] [id=7876]
  0x0000028d77481d80 GCTaskThread "GC Thread#3" [stack: 0x000000dd72f00000,0x000000dd73000000] [id=7484]
  0x0000028d775f57e0 GCTaskThread "GC Thread#4" [stack: 0x000000dd73000000,0x000000dd73100000] [id=5148]
  0x0000028d78ba8ff0 GCTaskThread "GC Thread#5" [stack: 0x000000dd73f00000,0x000000dd74000000] [id=3152]
  0x0000028d79c4d5c0 GCTaskThread "GC Thread#6" [stack: 0x000000dd74000000,0x000000dd74100000] [id=9140]
  0x0000028d77aba2e0 GCTaskThread "GC Thread#7" [stack: 0x000000dd74100000,0x000000dd74200000] [id=6992]
  0x0000028d57ecef20 ConcurrentGCThread "G1 Main Marker" [stack: 0x000000dd71a00000,0x000000dd71b00000] [id=4224]
  0x0000028d57ed0930 ConcurrentGCThread "G1 Conc#0" [stack: 0x000000dd71b00000,0x000000dd71c00000] [id=6000]
  0x0000028d7c414750 ConcurrentGCThread "G1 Conc#1" [stack: 0x000000dd74c00000,0x000000dd74d00000] [id=7496]
  0x0000028d75de0090 ConcurrentGCThread "G1 Refine#0" [stack: 0x000000dd71c00000,0x000000dd71d00000] [id=5680]
  0x0000028d75de0aa0 ConcurrentGCThread "G1 Service" [stack: 0x000000dd71d00000,0x000000dd71e00000] [id=12956]

Threads with active compile tasks:
C2 CompilerThread0    11554 9050   !   4       org.gradle.api.internal.attributes.DefaultImmutableAttributesFactory::doConcatIsolatable (128 bytes)
C1 CompilerThread0    11554 9803       3       com.google.common.collect.ImmutableSortedSet::unsafeCompare (10 bytes)
C2 CompilerThread1    11554 9623       4       org.gradle.cache.internal.btree.FreeListBlockStore::read (12 bytes)
C2 CompilerThread2    11554 9620       4       org.gradle.cache.internal.btree.CachingBlockStore::read (56 bytes)

VM state: not at safepoint (normal execution)

VM Mutex/Monitor currently owned by a thread: None

Heap address: 0x0000000080000000, size: 2048 MB, Compressed Oops mode: 32-bit

CDS archive(s) mapped at: [0x0000000800000000-0x0000000800bb0000-0x0000000800bb0000), size 12255232, SharedBaseAddress: 0x0000000800000000, ArchiveRelocationMode: 0.
Compressed class space mapped at: 0x0000000800c00000-0x0000000840c00000, reserved size: 1073741824
Narrow klass base: 0x0000000800000000, Narrow klass shift: 3, Narrow klass range: 0x100000000

GC Precious Log:
 CPUs: 8 total, 8 available
 Memory: 7959M
 Large Page Support: Disabled
 NUMA Support: Disabled
 Compressed Oops: Enabled (32-bit)
 Heap Region Size: 1M
 Heap Min Capacity: 8M
 Heap Initial Capacity: 126M
 Heap Max Capacity: 2G
 Pre-touch: Disabled
 Parallel Workers: 8
 Concurrent Workers: 2
 Concurrent Refinement Workers: 8
 Periodic GC: Disabled

Heap:
 garbage-first heap   total 196608K, used 136827K [0x0000000080000000, 0x0000000100000000)
  region size 1024K, 33 young (33792K), 6 survivors (6144K)
 Metaspace       used 83843K, committed 84544K, reserved 1122304K
  class space    used 11095K, committed 11392K, reserved 1048576K

Heap Regions: E=young(eden), S=young(survivor), O=old, HS=humongous(starts), HC=humongous(continues), CS=collection set, F=free, OA=open archive, CA=closed archive, TAMS=top-at-mark-start (previous, next)
|   0|0x0000000080000000, 0x0000000080100000, 0x0000000080100000|100%|HS|  |TAMS 0x0000000080100000, 0x0000000080000000| Complete 
|   1|0x0000000080100000, 0x0000000080200000, 0x0000000080200000|100%| O|  |TAMS 0x0000000080200000, 0x0000000080100000| Untracked 
|   2|0x0000000080200000, 0x0000000080300000, 0x0000000080300000|100%| O|  |TAMS 0x0000000080300000, 0x0000000080200000| Untracked 
|   3|0x0000000080300000, 0x0000000080400000, 0x0000000080400000|100%|HS|  |TAMS 0x0000000080400000, 0x0000000080300000| Complete 
|   4|0x0000000080400000, 0x0000000080500000, 0x0000000080500000|100%|HC|  |TAMS 0x0000000080500000, 0x0000000080400000| Complete 
|   5|0x0000000080500000, 0x0000000080600000, 0x0000000080600000|100%|HC|  |TAMS 0x0000000080600000, 0x0000000080500000| Complete 
|   6|0x0000000080600000, 0x0000000080700000, 0x0000000080700000|100%| O|  |TAMS 0x0000000080700000, 0x0000000080600000| Untracked 
|   7|0x0000000080700000, 0x0000000080800000, 0x0000000080800000|100%| O|  |TAMS 0x0000000080800000, 0x0000000080700000| Untracked 
|   8|0x0000000080800000, 0x0000000080900000, 0x0000000080900000|100%| O|  |TAMS 0x0000000080900000, 0x0000000080800000| Untracked 
|   9|0x0000000080900000, 0x0000000080a00000, 0x0000000080a00000|100%| O|  |TAMS 0x0000000080a00000, 0x0000000080900000| Untracked 
|  10|0x0000000080a00000, 0x0000000080b00000, 0x0000000080b00000|100%|HS|  |TAMS 0x0000000080b00000, 0x0000000080a00000| Complete 
|  11|0x0000000080b00000, 0x0000000080c00000, 0x0000000080c00000|100%|HC|  |TAMS 0x0000000080c00000, 0x0000000080b00000| Complete 
|  12|0x0000000080c00000, 0x0000000080d00000, 0x0000000080d00000|100%|HS|  |TAMS 0x0000000080d00000, 0x0000000080c00000| Complete 
|  13|0x0000000080d00000, 0x0000000080e00000, 0x0000000080e00000|100%|HC|  |TAMS 0x0000000080e00000, 0x0000000080d00000| Complete 
|  14|0x0000000080e00000, 0x0000000080f00000, 0x0000000080f00000|100%|HC|  |TAMS 0x0000000080f00000, 0x0000000080e00000| Complete 
|  15|0x0000000080f00000, 0x0000000081000000, 0x0000000081000000|100%|HS|  |TAMS 0x0000000081000000, 0x0000000080f00000| Complete 
|  16|0x0000000081000000, 0x0000000081100000, 0x0000000081100000|100%|HC|  |TAMS 0x0000000081100000, 0x0000000081000000| Complete 
|  17|0x0000000081100000, 0x0000000081200000, 0x0000000081200000|100%|HC|  |TAMS 0x0000000081200000, 0x0000000081100000| Complete 
|  18|0x0000000081200000, 0x0000000081300000, 0x0000000081300000|100%|HC|  |TAMS 0x0000000081300000, 0x0000000081200000| Complete 
|  19|0x0000000081300000, 0x0000000081400000, 0x0000000081400000|100%| O|  |TAMS 0x0000000081400000, 0x0000000081300000| Untracked 
|  20|0x0000000081400000, 0x0000000081500000, 0x0000000081500000|100%| O|  |TAMS 0x0000000081500000, 0x0000000081400000| Untracked 
|  21|0x0000000081500000, 0x0000000081600000, 0x0000000081600000|100%| O|  |TAMS 0x0000000081600000, 0x0000000081500000| Untracked 
|  22|0x0000000081600000, 0x0000000081700000, 0x0000000081700000|100%| O|  |TAMS 0x0000000081700000, 0x0000000081600000| Untracked 
|  23|0x0000000081700000, 0x0000000081800000, 0x0000000081800000|100%| O|  |TAMS 0x0000000081800000, 0x0000000081700000| Untracked 
|  24|0x0000000081800000, 0x0000000081900000, 0x0000000081900000|100%| O|  |TAMS 0x0000000081900000, 0x0000000081800000| Untracked 
|  25|0x0000000081900000, 0x0000000081a00000, 0x0000000081a00000|100%| O|  |TAMS 0x0000000081a00000, 0x0000000081900000| Untracked 
|  26|0x0000000081a00000, 0x0000000081b00000, 0x0000000081b00000|100%| O|  |TAMS 0x0000000081b00000, 0x0000000081a00000| Untracked 
|  27|0x0000000081b00000, 0x0000000081c00000, 0x0000000081c00000|100%| O|  |TAMS 0x0000000081c00000, 0x0000000081b00000| Untracked 
|  28|0x0000000081c00000, 0x0000000081c5a200, 0x0000000081d00000| 35%| O|  |TAMS 0x0000000081c5a200, 0x0000000081c00000| Untracked 
|  29|0x0000000081d00000, 0x0000000081e00000, 0x0000000081e00000|100%| O|  |TAMS 0x0000000081e00000, 0x0000000081d00000| Untracked 
|  30|0x0000000081e00000, 0x0000000081f00000, 0x0000000081f00000|100%| O|  |TAMS 0x0000000081f00000, 0x0000000081e00000| Untracked 
|  31|0x0000000081f00000, 0x0000000082000000, 0x0000000082000000|100%| O|  |TAMS 0x0000000082000000, 0x0000000081f00000| Untracked 
|  32|0x0000000082000000, 0x0000000082100000, 0x0000000082100000|100%| O|  |TAMS 0x0000000082100000, 0x0000000082000000| Untracked 
|  33|0x0000000082100000, 0x0000000082200000, 0x0000000082200000|100%| O|  |TAMS 0x0000000082200000, 0x0000000082100000| Untracked 
|  34|0x0000000082200000, 0x0000000082300000, 0x0000000082300000|100%| O|  |TAMS 0x0000000082300000, 0x0000000082200000| Untracked 
|  35|0x0000000082300000, 0x0000000082400000, 0x0000000082400000|100%| O|  |TAMS 0x0000000082400000, 0x0000000082300000| Untracked 
|  36|0x0000000082400000, 0x0000000082500000, 0x0000000082500000|100%| O|  |TAMS 0x0000000082500000, 0x0000000082400000| Untracked 
|  37|0x0000000082500000, 0x0000000082600000, 0x0000000082600000|100%|HS|  |TAMS 0x0000000082600000, 0x0000000082500000| Complete 
|  38|0x0000000082600000, 0x0000000082700000, 0x0000000082700000|100%|HS|  |TAMS 0x0000000082700000, 0x0000000082600000| Complete 
|  39|0x0000000082700000, 0x0000000082800000, 0x0000000082800000|100%|HC|  |TAMS 0x0000000082800000, 0x0000000082700000| Complete 
|  40|0x0000000082800000, 0x0000000082900000, 0x0000000082900000|100%|HC|  |TAMS 0x0000000082900000, 0x0000000082800000| Complete 
|  41|0x0000000082900000, 0x0000000082a00000, 0x0000000082a00000|100%| O|  |TAMS 0x0000000082a00000, 0x0000000082900000| Untracked 
|  42|0x0000000082a00000, 0x0000000082b00000, 0x0000000082b00000|100%| O|  |TAMS 0x0000000082b00000, 0x0000000082a00000| Untracked 
|  43|0x0000000082b00000, 0x0000000082c00000, 0x0000000082c00000|100%| O|  |TAMS 0x0000000082c00000, 0x0000000082b00000| Untracked 
|  44|0x0000000082c00000, 0x0000000082d00000, 0x0000000082d00000|100%| O|  |TAMS 0x0000000082d00000, 0x0000000082c00000| Untracked 
|  45|0x0000000082d00000, 0x0000000082e00000, 0x0000000082e00000|100%| O|  |TAMS 0x0000000082e00000, 0x0000000082d00000| Untracked 
|  46|0x0000000082e00000, 0x0000000082f00000, 0x0000000082f00000|100%|HS|  |TAMS 0x0000000082f00000, 0x0000000082e00000| Complete 
|  47|0x0000000082f00000, 0x0000000083000000, 0x0000000083000000|100%|HC|  |TAMS 0x0000000083000000, 0x0000000082f00000| Complete 
|  48|0x0000000083000000, 0x0000000083100000, 0x0000000083100000|100%|HC|  |TAMS 0x0000000083100000, 0x0000000083000000| Complete 
|  49|0x0000000083100000, 0x0000000083200000, 0x0000000083200000|100%|HC|  |TAMS 0x0000000083200000, 0x0000000083100000| Complete 
|  50|0x0000000083200000, 0x0000000083300000, 0x0000000083300000|100%| O|  |TAMS 0x0000000083300000, 0x0000000083200000| Untracked 
|  51|0x0000000083300000, 0x0000000083400000, 0x0000000083400000|100%| O|  |TAMS 0x0000000083400000, 0x0000000083300000| Untracked 
|  52|0x0000000083400000, 0x0000000083500000, 0x0000000083500000|100%| O|  |TAMS 0x0000000083500000, 0x0000000083400000| Untracked 
|  53|0x0000000083500000, 0x0000000083600000, 0x0000000083600000|100%| O|  |TAMS 0x0000000083600000, 0x0000000083500000| Untracked 
|  54|0x0000000083600000, 0x0000000083700000, 0x0000000083700000|100%| O|  |TAMS 0x0000000083700000, 0x0000000083600000| Untracked 
|  55|0x0000000083700000, 0x0000000083800000, 0x0000000083800000|100%| O|  |TAMS 0x0000000083800000, 0x0000000083700000| Untracked 
|  56|0x0000000083800000, 0x0000000083900000, 0x0000000083900000|100%| O|  |TAMS 0x0000000083900000, 0x0000000083800000| Untracked 
|  57|0x0000000083900000, 0x0000000083a00000, 0x0000000083a00000|100%|HS|  |TAMS 0x0000000083a00000, 0x0000000083900000| Complete 
|  58|0x0000000083a00000, 0x0000000083b00000, 0x0000000083b00000|100%|HS|  |TAMS 0x0000000083b00000, 0x0000000083a00000| Complete 
|  59|0x0000000083b00000, 0x0000000083c00000, 0x0000000083c00000|100%| O|  |TAMS 0x0000000083c00000, 0x0000000083b00000| Untracked 
|  60|0x0000000083c00000, 0x0000000083d00000, 0x0000000083d00000|100%| O|  |TAMS 0x0000000083d00000, 0x0000000083c00000| Untracked 
|  61|0x0000000083d00000, 0x0000000083e00000, 0x0000000083e00000|100%|HS|  |TAMS 0x0000000083e00000, 0x0000000083d00000| Complete 
|  62|0x0000000083e00000, 0x0000000083f00000, 0x0000000083f00000|100%|HC|  |TAMS 0x0000000083f00000, 0x0000000083e00000| Complete 
|  63|0x0000000083f00000, 0x0000000084000000, 0x0000000084000000|100%| O|  |TAMS 0x0000000084000000, 0x0000000083f00000| Untracked 
|  64|0x0000000084000000, 0x0000000084100000, 0x0000000084100000|100%| O|  |TAMS 0x0000000084100000, 0x0000000084000000| Untracked 
|  65|0x0000000084100000, 0x0000000084200000, 0x0000000084200000|100%| O|  |TAMS 0x0000000084200000, 0x0000000084100000| Untracked 
|  66|0x0000000084200000, 0x0000000084300000, 0x0000000084300000|100%| O|  |TAMS 0x0000000084300000, 0x0000000084200000| Untracked 
|  67|0x0000000084300000, 0x0000000084400000, 0x0000000084400000|100%| O|  |TAMS 0x0000000084400000, 0x0000000084300000| Untracked 
|  68|0x0000000084400000, 0x0000000084500000, 0x0000000084500000|100%| O|  |TAMS 0x0000000084500000, 0x0000000084400000| Untracked 
|  69|0x0000000084500000, 0x0000000084600000, 0x0000000084600000|100%| O|  |TAMS 0x0000000084600000, 0x0000000084500000| Untracked 
|  70|0x0000000084600000, 0x0000000084700000, 0x0000000084700000|100%| O|  |TAMS 0x0000000084700000, 0x0000000084600000| Untracked 
|  71|0x0000000084700000, 0x0000000084800000, 0x0000000084800000|100%| O|  |TAMS 0x0000000084800000, 0x0000000084700000| Untracked 
|  72|0x0000000084800000, 0x0000000084900000, 0x0000000084900000|100%| O|  |TAMS 0x0000000084900000, 0x0000000084800000| Untracked 
|  73|0x0000000084900000, 0x0000000084a00000, 0x0000000084a00000|100%| O|  |TAMS 0x0000000084a00000, 0x0000000084900000| Untracked 
|  74|0x0000000084a00000, 0x0000000084b00000, 0x0000000084b00000|100%| O|  |TAMS 0x0000000084b00000, 0x0000000084a00000| Untracked 
|  75|0x0000000084b00000, 0x0000000084c00000, 0x0000000084c00000|100%| O|  |TAMS 0x0000000084c00000, 0x0000000084b00000| Untracked 
|  76|0x0000000084c00000, 0x0000000084d00000, 0x0000000084d00000|100%| O|  |TAMS 0x0000000084d00000, 0x0000000084c00000| Untracked 
|  77|0x0000000084d00000, 0x0000000084e00000, 0x0000000084e00000|100%| O|  |TAMS 0x0000000084e00000, 0x0000000084d00000| Untracked 
|  78|0x0000000084e00000, 0x0000000084f00000, 0x0000000084f00000|100%| O|  |TAMS 0x0000000084f00000, 0x0000000084e00000| Untracked 
|  79|0x0000000084f00000, 0x0000000085000000, 0x0000000085000000|100%| O|  |TAMS 0x0000000085000000, 0x0000000084f00000| Untracked 
|  80|0x0000000085000000, 0x0000000085100000, 0x0000000085100000|100%| O|  |TAMS 0x0000000085100000, 0x0000000085000000| Untracked 
|  81|0x0000000085100000, 0x0000000085200000, 0x0000000085200000|100%| O|  |TAMS 0x0000000085200000, 0x0000000085100000| Untracked 
|  82|0x0000000085200000, 0x0000000085300000, 0x0000000085300000|100%| O|  |TAMS 0x0000000085300000, 0x0000000085200000| Untracked 
|  83|0x0000000085300000, 0x0000000085400000, 0x0000000085400000|100%| O|  |TAMS 0x0000000085400000, 0x0000000085300000| Untracked 
|  84|0x0000000085400000, 0x0000000085500000, 0x0000000085500000|100%| O|  |TAMS 0x0000000085500000, 0x0000000085400000| Untracked 
|  85|0x0000000085500000, 0x0000000085600000, 0x0000000085600000|100%|HS|  |TAMS 0x0000000085600000, 0x0000000085500000| Complete 
|  86|0x0000000085600000, 0x0000000085700000, 0x0000000085700000|100%|HC|  |TAMS 0x0000000085700000, 0x0000000085600000| Complete 
|  87|0x0000000085700000, 0x0000000085800000, 0x0000000085800000|100%|HS|  |TAMS 0x0000000085800000, 0x0000000085700000| Complete 
|  88|0x0000000085800000, 0x0000000085900000, 0x0000000085900000|100%|HC|  |TAMS 0x0000000085900000, 0x0000000085800000| Complete 
|  89|0x0000000085900000, 0x0000000085a00000, 0x0000000085a00000|100%|HC|  |TAMS 0x0000000085a00000, 0x0000000085900000| Complete 
|  90|0x0000000085a00000, 0x0000000085b00000, 0x0000000085b00000|100%|HS|  |TAMS 0x0000000085b00000, 0x0000000085a00000| Complete 
|  91|0x0000000085b00000, 0x0000000085c00000, 0x0000000085c00000|100%|HS|  |TAMS 0x0000000085c00000, 0x0000000085b00000| Complete 
|  92|0x0000000085c00000, 0x0000000085d00000, 0x0000000085d00000|100%|HC|  |TAMS 0x0000000085d00000, 0x0000000085c00000| Complete 
|  93|0x0000000085d00000, 0x0000000085e00000, 0x0000000085e00000|100%|HC|  |TAMS 0x0000000085e00000, 0x0000000085d00000| Complete 
|  94|0x0000000085e00000, 0x0000000085f00000, 0x0000000085f00000|100%|HC|  |TAMS 0x0000000085f00000, 0x0000000085e00000| Complete 
|  95|0x0000000085f00000, 0x0000000086000000, 0x0000000086000000|100%| O|  |TAMS 0x0000000086000000, 0x0000000085f00000| Untracked 
|  96|0x0000000086000000, 0x0000000086100000, 0x0000000086100000|100%| O|  |TAMS 0x0000000086100000, 0x0000000086000000| Untracked 
|  97|0x0000000086100000, 0x0000000086200000, 0x0000000086200000|100%| O|  |TAMS 0x0000000086200000, 0x0000000086100000| Untracked 
|  98|0x0000000086200000, 0x0000000086300000, 0x0000000086300000|100%| O|  |TAMS 0x0000000086300000, 0x0000000086200000| Untracked 
|  99|0x0000000086300000, 0x0000000086400000, 0x0000000086400000|100%| O|  |TAMS 0x0000000086400000, 0x0000000086300000| Untracked 
| 100|0x0000000086400000, 0x0000000086500000, 0x0000000086500000|100%| O|  |TAMS 0x0000000086500000, 0x0000000086400000| Untracked 
| 101|0x0000000086500000, 0x0000000086600000, 0x0000000086600000|100%| O|  |TAMS 0x0000000086532800, 0x0000000086500000| Untracked 
| 102|0x0000000086600000, 0x0000000086700000, 0x0000000086700000|100%| O|  |TAMS 0x0000000086600000, 0x0000000086600000| Untracked 
| 103|0x0000000086700000, 0x0000000086744a00, 0x0000000086800000| 26%| O|  |TAMS 0x0000000086700000, 0x0000000086700000| Untracked 
| 104|0x0000000086800000, 0x0000000086800000, 0x0000000086900000|  0%| F|  |TAMS 0x0000000086800000, 0x0000000086800000| Untracked 
| 105|0x0000000086900000, 0x0000000086900000, 0x0000000086a00000|  0%| F|  |TAMS 0x0000000086900000, 0x0000000086900000| Untracked 
| 106|0x0000000086a00000, 0x0000000086a00000, 0x0000000086b00000|  0%| F|  |TAMS 0x0000000086a00000, 0x0000000086a00000| Untracked 
| 107|0x0000000086b00000, 0x0000000086b00000, 0x0000000086c00000|  0%| F|  |TAMS 0x0000000086b00000, 0x0000000086b00000| Untracked 
| 108|0x0000000086c00000, 0x0000000086c00000, 0x0000000086d00000|  0%| F|  |TAMS 0x0000000086c00000, 0x0000000086c00000| Untracked 
| 109|0x0000000086d00000, 0x0000000086d00000, 0x0000000086e00000|  0%| F|  |TAMS 0x0000000086d00000, 0x0000000086d00000| Untracked 
| 110|0x0000000086e00000, 0x0000000086e00000, 0x0000000086f00000|  0%| F|  |TAMS 0x0000000086e00000, 0x0000000086e00000| Untracked 
| 111|0x0000000086f00000, 0x0000000086f00000, 0x0000000087000000|  0%| F|  |TAMS 0x0000000086f00000, 0x0000000086f00000| Untracked 
| 112|0x0000000087000000, 0x0000000087000000, 0x0000000087100000|  0%| F|  |TAMS 0x0000000087000000, 0x0000000087000000| Untracked 
| 113|0x0000000087100000, 0x0000000087100000, 0x0000000087200000|  0%| F|  |TAMS 0x0000000087100000, 0x0000000087100000| Untracked 
| 114|0x0000000087200000, 0x0000000087200000, 0x0000000087300000|  0%| F|  |TAMS 0x0000000087200000, 0x0000000087200000| Untracked 
| 115|0x0000000087300000, 0x0000000087300000, 0x0000000087400000|  0%| F|  |TAMS 0x0000000087300000, 0x0000000087300000| Untracked 
| 116|0x0000000087400000, 0x0000000087400000, 0x0000000087500000|  0%| F|  |TAMS 0x0000000087400000, 0x0000000087400000| Untracked 
| 117|0x0000000087500000, 0x0000000087500000, 0x0000000087600000|  0%| F|  |TAMS 0x0000000087500000, 0x0000000087500000| Untracked 
| 118|0x0000000087600000, 0x0000000087600000, 0x0000000087700000|  0%| F|  |TAMS 0x0000000087600000, 0x0000000087600000| Untracked 
| 119|0x0000000087700000, 0x0000000087700000, 0x0000000087800000|  0%| F|  |TAMS 0x0000000087700000, 0x0000000087700000| Untracked 
| 120|0x0000000087800000, 0x0000000087800000, 0x0000000087900000|  0%| F|  |TAMS 0x0000000087800000, 0x0000000087800000| Untracked 
| 121|0x0000000087900000, 0x0000000087900000, 0x0000000087a00000|  0%| F|  |TAMS 0x0000000087900000, 0x0000000087900000| Untracked 
| 122|0x0000000087a00000, 0x0000000087a00000, 0x0000000087b00000|  0%| F|  |TAMS 0x0000000087a00000, 0x0000000087a00000| Untracked 
| 123|0x0000000087b00000, 0x0000000087b00000, 0x0000000087c00000|  0%| F|  |TAMS 0x0000000087b00000, 0x0000000087b00000| Untracked 
| 124|0x0000000087c00000, 0x0000000087c00000, 0x0000000087d00000|  0%| F|  |TAMS 0x0000000087c00000, 0x0000000087c00000| Untracked 
| 125|0x0000000087d00000, 0x0000000087d00000, 0x0000000087e00000|  0%| F|  |TAMS 0x0000000087d00000, 0x0000000087d00000| Untracked 
| 126|0x0000000087e00000, 0x0000000087e00000, 0x0000000087f00000|  0%| F|  |TAMS 0x0000000087e00000, 0x0000000087e00000| Untracked 
| 127|0x0000000087f00000, 0x0000000087f00000, 0x0000000088000000|  0%| F|  |TAMS 0x0000000087f00000, 0x0000000087f00000| Untracked 
| 128|0x0000000088000000, 0x0000000088000000, 0x0000000088100000|  0%| F|  |TAMS 0x0000000088000000, 0x0000000088000000| Untracked 
| 129|0x0000000088100000, 0x0000000088200000, 0x0000000088200000|100%| S|CS|TAMS 0x0000000088100000, 0x0000000088100000| Complete 
| 130|0x0000000088200000, 0x0000000088300000, 0x0000000088300000|100%| S|CS|TAMS 0x0000000088200000, 0x0000000088200000| Complete 
| 131|0x0000000088300000, 0x0000000088400000, 0x0000000088400000|100%| S|CS|TAMS 0x0000000088300000, 0x0000000088300000| Complete 
| 132|0x0000000088400000, 0x0000000088400000, 0x0000000088500000|  0%| F|  |TAMS 0x0000000088400000, 0x0000000088400000| Untracked 
| 133|0x0000000088500000, 0x0000000088500000, 0x0000000088600000|  0%| F|  |TAMS 0x0000000088500000, 0x0000000088500000| Untracked 
| 134|0x0000000088600000, 0x0000000088600000, 0x0000000088700000|  0%| F|  |TAMS 0x0000000088600000, 0x0000000088600000| Untracked 
| 135|0x0000000088700000, 0x0000000088700000, 0x0000000088800000|  0%| F|  |TAMS 0x0000000088700000, 0x0000000088700000| Untracked 
| 136|0x0000000088800000, 0x0000000088800000, 0x0000000088900000|  0%| F|  |TAMS 0x0000000088800000, 0x0000000088800000| Untracked 
| 137|0x0000000088900000, 0x0000000088a00000, 0x0000000088a00000|100%| S|CS|TAMS 0x0000000088900000, 0x0000000088900000| Complete 
| 138|0x0000000088a00000, 0x0000000088b00000, 0x0000000088b00000|100%| S|CS|TAMS 0x0000000088a00000, 0x0000000088a00000| Complete 
| 139|0x0000000088b00000, 0x0000000088c00000, 0x0000000088c00000|100%| S|CS|TAMS 0x0000000088b00000, 0x0000000088b00000| Complete 
| 140|0x0000000088c00000, 0x0000000088c00000, 0x0000000088d00000|  0%| F|  |TAMS 0x0000000088c00000, 0x0000000088c00000| Untracked 
| 141|0x0000000088d00000, 0x0000000088d00000, 0x0000000088e00000|  0%| F|  |TAMS 0x0000000088d00000, 0x0000000088d00000| Untracked 
| 142|0x0000000088e00000, 0x0000000088e00000, 0x0000000088f00000|  0%| F|  |TAMS 0x0000000088e00000, 0x0000000088e00000| Untracked 
| 143|0x0000000088f00000, 0x0000000088f00000, 0x0000000089000000|  0%| F|  |TAMS 0x0000000088f00000, 0x0000000088f00000| Untracked 
| 144|0x0000000089000000, 0x0000000089000000, 0x0000000089100000|  0%| F|  |TAMS 0x0000000089000000, 0x0000000089000000| Untracked 
| 145|0x0000000089100000, 0x0000000089100000, 0x0000000089200000|  0%| F|  |TAMS 0x0000000089100000, 0x0000000089100000| Untracked 
| 146|0x0000000089200000, 0x0000000089200000, 0x0000000089300000|  0%| F|  |TAMS 0x0000000089200000, 0x0000000089200000| Untracked 
| 147|0x0000000089300000, 0x0000000089300000, 0x0000000089400000|  0%| F|  |TAMS 0x0000000089300000, 0x0000000089300000| Untracked 
| 148|0x0000000089400000, 0x0000000089400000, 0x0000000089500000|  0%| F|  |TAMS 0x0000000089400000, 0x0000000089400000| Untracked 
| 149|0x0000000089500000, 0x0000000089500000, 0x0000000089600000|  0%| F|  |TAMS 0x0000000089500000, 0x0000000089500000| Untracked 
| 150|0x0000000089600000, 0x0000000089600000, 0x0000000089700000|  0%| F|  |TAMS 0x0000000089600000, 0x0000000089600000| Untracked 
| 151|0x0000000089700000, 0x0000000089700000, 0x0000000089800000|  0%| F|  |TAMS 0x0000000089700000, 0x0000000089700000| Untracked 
| 152|0x0000000089800000, 0x0000000089800000, 0x0000000089900000|  0%| F|  |TAMS 0x0000000089800000, 0x0000000089800000| Untracked 
| 153|0x0000000089900000, 0x0000000089900000, 0x0000000089a00000|  0%| F|  |TAMS 0x0000000089900000, 0x0000000089900000| Untracked 
| 154|0x0000000089a00000, 0x0000000089a00000, 0x0000000089b00000|  0%| F|  |TAMS 0x0000000089a00000, 0x0000000089a00000| Untracked 
| 155|0x0000000089b00000, 0x0000000089b00000, 0x0000000089c00000|  0%| F|  |TAMS 0x0000000089b00000, 0x0000000089b00000| Untracked 
| 156|0x0000000089c00000, 0x0000000089c00000, 0x0000000089d00000|  0%| F|  |TAMS 0x0000000089c00000, 0x0000000089c00000| Untracked 
| 157|0x0000000089d00000, 0x0000000089d00000, 0x0000000089e00000|  0%| F|  |TAMS 0x0000000089d00000, 0x0000000089d00000| Untracked 
| 158|0x0000000089e00000, 0x0000000089e00000, 0x0000000089f00000|  0%| F|  |TAMS 0x0000000089e00000, 0x0000000089e00000| Untracked 
| 159|0x0000000089f00000, 0x0000000089f00000, 0x000000008a000000|  0%| F|  |TAMS 0x0000000089f00000, 0x0000000089f00000| Untracked 
| 160|0x000000008a000000, 0x000000008a000000, 0x000000008a100000|  0%| F|  |TAMS 0x000000008a000000, 0x000000008a000000| Untracked 
| 161|0x000000008a100000, 0x000000008a100000, 0x000000008a200000|  0%| F|  |TAMS 0x000000008a100000, 0x000000008a100000| Untracked 
| 162|0x000000008a200000, 0x000000008a200000, 0x000000008a300000|  0%| F|  |TAMS 0x000000008a200000, 0x000000008a200000| Untracked 
| 163|0x000000008a300000, 0x000000008a300000, 0x000000008a400000|  0%| F|  |TAMS 0x000000008a300000, 0x000000008a300000| Untracked 
| 164|0x000000008a400000, 0x000000008a438890, 0x000000008a500000| 22%| E|  |TAMS 0x000000008a400000, 0x000000008a400000| Complete 
| 165|0x000000008a500000, 0x000000008a600000, 0x000000008a600000|100%| E|CS|TAMS 0x000000008a500000, 0x000000008a500000| Complete 
| 166|0x000000008a600000, 0x000000008a700000, 0x000000008a700000|100%| E|  |TAMS 0x000000008a600000, 0x000000008a600000| Complete 
| 167|0x000000008a700000, 0x000000008a800000, 0x000000008a800000|100%| E|CS|TAMS 0x000000008a700000, 0x000000008a700000| Complete 
| 168|0x000000008a800000, 0x000000008a900000, 0x000000008a900000|100%| E|CS|TAMS 0x000000008a800000, 0x000000008a800000| Complete 
| 169|0x000000008a900000, 0x000000008aa00000, 0x000000008aa00000|100%| E|CS|TAMS 0x000000008a900000, 0x000000008a900000| Complete 
| 170|0x000000008aa00000, 0x000000008ab00000, 0x000000008ab00000|100%| E|CS|TAMS 0x000000008aa00000, 0x000000008aa00000| Complete 
| 171|0x000000008ab00000, 0x000000008ac00000, 0x000000008ac00000|100%| E|CS|TAMS 0x000000008ab00000, 0x000000008ab00000| Complete 
| 172|0x000000008ac00000, 0x000000008ad00000, 0x000000008ad00000|100%| E|CS|TAMS 0x000000008ac00000, 0x000000008ac00000| Complete 
| 173|0x000000008ad00000, 0x000000008ae00000, 0x000000008ae00000|100%| E|CS|TAMS 0x000000008ad00000, 0x000000008ad00000| Complete 
| 174|0x000000008ae00000, 0x000000008af00000, 0x000000008af00000|100%| E|CS|TAMS 0x000000008ae00000, 0x000000008ae00000| Complete 
| 175|0x000000008af00000, 0x000000008b000000, 0x000000008b000000|100%| E|CS|TAMS 0x000000008af00000, 0x000000008af00000| Complete 
| 176|0x000000008b000000, 0x000000008b100000, 0x000000008b100000|100%| E|CS|TAMS 0x000000008b000000, 0x000000008b000000| Complete 
| 177|0x000000008b100000, 0x000000008b200000, 0x000000008b200000|100%| E|CS|TAMS 0x000000008b100000, 0x000000008b100000| Complete 
| 178|0x000000008b200000, 0x000000008b300000, 0x000000008b300000|100%| E|CS|TAMS 0x000000008b200000, 0x000000008b200000| Complete 
| 179|0x000000008b300000, 0x000000008b400000, 0x000000008b400000|100%| E|CS|TAMS 0x000000008b300000, 0x000000008b300000| Complete 
| 180|0x000000008b400000, 0x000000008b500000, 0x000000008b500000|100%| E|CS|TAMS 0x000000008b400000, 0x000000008b400000| Complete 
| 181|0x000000008b500000, 0x000000008b600000, 0x000000008b600000|100%| E|CS|TAMS 0x000000008b500000, 0x000000008b500000| Complete 
| 182|0x000000008b600000, 0x000000008b700000, 0x000000008b700000|100%| E|CS|TAMS 0x000000008b600000, 0x000000008b600000| Complete 
| 183|0x000000008b700000, 0x000000008b800000, 0x000000008b800000|100%| E|CS|TAMS 0x000000008b700000, 0x000000008b700000| Complete 
| 184|0x000000008b800000, 0x000000008b900000, 0x000000008b900000|100%| E|CS|TAMS 0x000000008b800000, 0x000000008b800000| Complete 
| 185|0x000000008b900000, 0x000000008ba00000, 0x000000008ba00000|100%| E|CS|TAMS 0x000000008b900000, 0x000000008b900000| Complete 
| 186|0x000000008ba00000, 0x000000008bb00000, 0x000000008bb00000|100%| E|CS|TAMS 0x000000008ba00000, 0x000000008ba00000| Complete 
| 187|0x000000008bb00000, 0x000000008bc00000, 0x000000008bc00000|100%| E|CS|TAMS 0x000000008bb00000, 0x000000008bb00000| Complete 
| 188|0x000000008bc00000, 0x000000008bd00000, 0x000000008bd00000|100%| E|CS|TAMS 0x000000008bc00000, 0x000000008bc00000| Complete 
| 189|0x000000008bd00000, 0x000000008be00000, 0x000000008be00000|100%| E|CS|TAMS 0x000000008bd00000, 0x000000008bd00000| Complete 
| 190|0x000000008be00000, 0x000000008bf00000, 0x000000008bf00000|100%| E|CS|TAMS 0x000000008be00000, 0x000000008be00000| Complete 
| 191|0x000000008bf00000, 0x000000008c000000, 0x000000008c000000|100%| E|CS|TAMS 0x000000008bf00000, 0x000000008bf00000| Complete 

Card table byte_map: [0x0000028d6ed40000,0x0000028d6f140000] _byte_map_base: 0x0000028d6e940000

Marking Bits (Prev, Next): (CMBitMap*) 0x0000028d57ebe4d0, (CMBitMap*) 0x0000028d57ebe510
 Prev Bits: [0x0000028d6f540000, 0x0000028d71540000)
 Next Bits: [0x0000028d71540000, 0x0000028d73540000)

Polling page: 0x0000028d55e20000

Metaspace:

Usage:
  Non-class:     71.07 MB used.
      Class:     10.84 MB used.
       Both:     81.90 MB used.

Virtual space:
  Non-class space:       72.00 MB reserved,      71.50 MB (>99%) committed,  9 nodes.
      Class space:        1.00 GB reserved,      11.12 MB (  1%) committed,  1 nodes.
              Both:        1.07 GB reserved,      82.62 MB (  8%) committed. 

Chunk freelists:
   Non-Class:  368.00 KB
       Class:  899.00 KB
        Both:  1.24 MB

MaxMetaspaceSize: 17179869184.00 GB
CompressedClassSpaceSize: 1.00 GB
 - commit_granule_bytes: 65536.
 - commit_granule_words: 8192.
 - virtual_space_node_default_size: 1048576.
 - enlarge_chunks_in_place: 1.
 - new_chunks_are_fully_committed: 0.
 - uncommit_free_chunks: 1.
 - use_allocation_guard: 0.
 - handle_deallocations: 1.


Internal statistics:

num_allocs_failed_limit: 6.
num_arena_births: 832.
num_arena_deaths: 0.
num_vsnodes_births: 10.
num_vsnodes_deaths: 0.
num_space_committed: 1322.
num_space_uncommitted: 0.
num_chunks_returned_to_freelist: 6.
num_chunks_taken_from_freelist: 4245.
num_chunk_merges: 6.
num_chunk_splits: 2802.
num_chunks_enlarged: 1878.
num_purges: 0.

CodeHeap 'non-profiled nmethods': size=120000Kb used=5000Kb max_used=5650Kb free=114999Kb
 bounds [0x0000028d670d0000, 0x0000028d67660000, 0x0000028d6e600000]
CodeHeap 'profiled nmethods': size=120000Kb used=16316Kb max_used=18074Kb free=103683Kb
 bounds [0x0000028d5fba0000, 0x0000028d60d50000, 0x0000028d670d0000]
CodeHeap 'non-nmethods': size=5760Kb used=2435Kb max_used=2500Kb free=3324Kb
 bounds [0x0000028d5f600000, 0x0000028d5f880000, 0x0000028d5fba0000]
 total_blobs=9289 nmethods=8342 adapters=858
 compilation: enabled
              stopped_count=0, restarted_count=0
 full_count=0

Compilation events (20 events):
Event: 11.502 Thread 0x0000028d75f46c10 nmethod 9713 0x0000028d6002e690 code [0x0000028d6002e980, 0x0000028d6002fc58]
Event: 11.510 Thread 0x0000028d75f46c10 9714       3       org.gradle.internal.fingerprint.impl.DefaultFileCollectionSnapshotter$SnapshottingVisitor$$Lambda$488/0x00000008010e0000::apply (17 bytes)
Event: 11.511 Thread 0x0000028d75f46c10 nmethod 9714 0x0000028d5ff56490 code [0x0000028d5ff56660, 0x0000028d5ff56a28]
Event: 11.511 Thread 0x0000028d75f46c10 9715       1       org.gradle.internal.snapshot.impl.ImplementationSnapshot::getTypeName (5 bytes)
Event: 11.512 Thread 0x0000028d75f46c10 nmethod 9715 0x0000028d672bc510 code [0x0000028d672bc6a0, 0x0000028d672bc778]
Event: 11.512 Thread 0x0000028d75f46c10 9716       3       com.google.common.collect.ImmutableSortedMap::entrySet (5 bytes)
Event: 11.513 Thread 0x0000028d75f46c10 nmethod 9716 0x0000028d5ffb5c90 code [0x0000028d5ffb5ea0, 0x0000028d5ffb6748]
Event: 11.513 Thread 0x0000028d75f46c10 9717       3       org.gradle.cache.internal.InMemoryDecoratedCache::putLater (24 bytes)
Event: 11.514 Thread 0x0000028d75f46c10 nmethod 9717 0x0000028d5fc6c610 code [0x0000028d5fc6c7e0, 0x0000028d5fc6cb58]
Event: 11.514 Thread 0x0000028d75f46c10 9718       3       com.google.common.collect.ImmutableSortedMap$Builder::build (87 bytes)
Event: 11.515 Thread 0x0000028d75f46c10 nmethod 9718 0x0000028d60153610 code [0x0000028d60153900, 0x0000028d60154ad8]
Event: 11.515 Thread 0x0000028d75f46c10 9721       3       com.google.common.collect.RegularImmutableSortedSet::size (8 bytes)
Event: 11.516 Thread 0x0000028d75f46c10 nmethod 9721 0x0000028d6012e990 code [0x0000028d6012eb40, 0x0000028d6012ed28]
Event: 11.516 Thread 0x0000028d75f46c10 9719       3       com.google.common.collect.ImmutableSortedMap$1EntrySet::iterator (8 bytes)
Event: 11.516 Thread 0x0000028d75f46c10 nmethod 9719 0x0000028d602d3310 code [0x0000028d602d3500, 0x0000028d602d3bc8]
Event: 11.516 Thread 0x0000028d75f46c10 9722       3       com.google.common.collect.ImmutableMultimap$EntryCollection::iterator (8 bytes)
Event: 11.517 Thread 0x0000028d75f46c10 nmethod 9722 0x0000028d5fd05a10 code [0x0000028d5fd05bc0, 0x0000028d5fd05e68]
Event: 11.517 Thread 0x0000028d75f46c10 9723       3       com.google.common.collect.ImmutableMultimap::entries (8 bytes)
Event: 11.517 Thread 0x0000028d75f46c10 nmethod 9723 0x0000028d6009b510 code [0x0000028d6009b700, 0x0000028d6009be18]
Event: 11.517 Thread 0x0000028d75f46c10 9724       3       org.gradle.internal.vfs.impl.DefaultFileSystemAccess::readSnapshotFromLocation (27 bytes)

GC Heap History (20 events):
Event: 7.170 GC heap before
{Heap before GC invocations=20 (full 0):
 garbage-first heap   total 146432K, used 92359K [0x0000000080000000, 0x0000000100000000)
  region size 1024K, 22 young (22528K), 5 survivors (5120K)
 Metaspace       used 57628K, committed 58240K, reserved 1105920K
  class space    used 7604K, committed 7872K, reserved 1048576K
}
Event: 7.174 GC heap after
{Heap after GC invocations=21 (full 0):
 garbage-first heap   total 146432K, used 77899K [0x0000000080000000, 0x0000000100000000)
  region size 1024K, 2 young (2048K), 2 survivors (2048K)
 Metaspace       used 57628K, committed 58240K, reserved 1105920K
  class space    used 7604K, committed 7872K, reserved 1048576K
}
Event: 7.484 GC heap before
{Heap before GC invocations=22 (full 0):
 garbage-first heap   total 146432K, used 112715K [0x0000000080000000, 0x0000000100000000)
  region size 1024K, 35 young (35840K), 2 survivors (2048K)
 Metaspace       used 58489K, committed 59072K, reserved 1105920K
  class space    used 7731K, committed 8000K, reserved 1048576K
}
Event: 7.488 GC heap after
{Heap after GC invocations=23 (full 0):
 garbage-first heap   total 146432K, used 80079K [0x0000000080000000, 0x0000000100000000)
  region size 1024K, 5 young (5120K), 5 survivors (5120K)
 Metaspace       used 58489K, committed 59072K, reserved 1105920K
  class space    used 7731K, committed 8000K, reserved 1048576K
}
Event: 8.092 GC heap before
{Heap before GC invocations=23 (full 0):
 garbage-first heap   total 146432K, used 112847K [0x0000000080000000, 0x0000000100000000)
  region size 1024K, 37 young (37888K), 5 survivors (5120K)
 Metaspace       used 62493K, committed 63040K, reserved 1105920K
  class space    used 8410K, committed 8640K, reserved 1048576K
}
Event: 8.097 GC heap after
{Heap after GC invocations=24 (full 0):
 garbage-first heap   total 146432K, used 82144K [0x0000000080000000, 0x0000000100000000)
  region size 1024K, 3 young (3072K), 3 survivors (3072K)
 Metaspace       used 62493K, committed 63040K, reserved 1105920K
  class space    used 8410K, committed 8640K, reserved 1048576K
}
Event: 8.571 GC heap before
{Heap before GC invocations=25 (full 0):
 garbage-first heap   total 146432K, used 113888K [0x0000000080000000, 0x0000000100000000)
  region size 1024K, 35 young (35840K), 3 survivors (3072K)
 Metaspace       used 66147K, committed 66752K, reserved 1114112K
  class space    used 8826K, committed 9088K, reserved 1048576K
}
Event: 8.576 GC heap after
{Heap after GC invocations=26 (full 0):
 garbage-first heap   total 146432K, used 86230K [0x0000000080000000, 0x0000000100000000)
  region size 1024K, 5 young (5120K), 5 survivors (5120K)
 Metaspace       used 66147K, committed 66752K, reserved 1114112K
  class space    used 8826K, committed 9088K, reserved 1048576K
}
Event: 8.635 GC heap before
{Heap before GC invocations=26 (full 0):
 garbage-first heap   total 146432K, used 90326K [0x0000000080000000, 0x0000000100000000)
  region size 1024K, 10 young (10240K), 5 survivors (5120K)
 Metaspace       used 66878K, committed 67456K, reserved 1114112K
  class space    used 8917K, committed 9152K, reserved 1048576K
}
Event: 8.639 GC heap after
{Heap after GC invocations=27 (full 0):
 garbage-first heap   total 146432K, used 87612K [0x0000000080000000, 0x0000000100000000)
  region size 1024K, 2 young (2048K), 2 survivors (2048K)
 Metaspace       used 66878K, committed 67456K, reserved 1114112K
  class space    used 8917K, committed 9152K, reserved 1048576K
}
Event: 9.179 GC heap before
{Heap before GC invocations=28 (full 0):
 garbage-first heap   total 173056K, used 128572K [0x0000000080000000, 0x0000000100000000)
  region size 1024K, 32 young (32768K), 2 survivors (2048K)
 Metaspace       used 68549K, committed 69184K, reserved 1114112K
  class space    used 9184K, committed 9472K, reserved 1048576K
}
Event: 9.183 GC heap after
{Heap after GC invocations=29 (full 0):
 garbage-first heap   total 173056K, used 103578K [0x0000000080000000, 0x0000000100000000)
  region size 1024K, 4 young (4096K), 4 survivors (4096K)
 Metaspace       used 68549K, committed 69184K, reserved 1114112K
  class space    used 9184K, committed 9472K, reserved 1048576K
}
Event: 9.594 GC heap before
{Heap before GC invocations=29 (full 0):
 garbage-first heap   total 173056K, used 137370K [0x0000000080000000, 0x0000000100000000)
  region size 1024K, 37 young (37888K), 4 survivors (4096K)
 Metaspace       used 71110K, committed 71808K, reserved 1114112K
  class space    used 9520K, committed 9856K, reserved 1048576K
}
Event: 9.598 GC heap after
{Heap after GC invocations=30 (full 0):
 garbage-first heap   total 173056K, used 105160K [0x0000000080000000, 0x0000000100000000)
  region size 1024K, 3 young (3072K), 3 survivors (3072K)
 Metaspace       used 71110K, committed 71808K, reserved 1114112K
  class space    used 9520K, committed 9856K, reserved 1048576K
}
Event: 9.808 GC heap before
{Heap before GC invocations=31 (full 0):
 garbage-first heap   total 184320K, used 114376K [0x0000000080000000, 0x0000000100000000)
  region size 1024K, 13 young (13312K), 3 survivors (3072K)
 Metaspace       used 72888K, committed 73536K, reserved 1114112K
  class space    used 9738K, committed 10048K, reserved 1048576K
}
Event: 9.812 GC heap after
{Heap after GC invocations=32 (full 0):
 garbage-first heap   total 184320K, used 106034K [0x0000000080000000, 0x0000000100000000)
  region size 1024K, 3 young (3072K), 3 survivors (3072K)
 Metaspace       used 72888K, committed 73536K, reserved 1114112K
  class space    used 9738K, committed 10048K, reserved 1048576K
}
Event: 10.461 GC heap before
{Heap before GC invocations=33 (full 0):
 garbage-first heap   total 184320K, used 148018K [0x0000000080000000, 0x0000000100000000)
  region size 1024K, 43 young (44032K), 3 survivors (3072K)
 Metaspace       used 79607K, committed 80320K, reserved 1122304K
  class space    used 10592K, committed 10944K, reserved 1048576K
}
Event: 10.466 GC heap after
{Heap after GC invocations=34 (full 0):
 garbage-first heap   total 184320K, used 107977K [0x0000000080000000, 0x0000000100000000)
  region size 1024K, 5 young (5120K), 5 survivors (5120K)
 Metaspace       used 79607K, committed 80320K, reserved 1122304K
  class space    used 10592K, committed 10944K, reserved 1048576K
}
Event: 11.196 GC heap before
{Heap before GC invocations=34 (full 0):
 garbage-first heap   total 184320K, used 147913K [0x0000000080000000, 0x0000000100000000)
  region size 1024K, 45 young (46080K), 5 survivors (5120K)
 Metaspace       used 83573K, committed 84288K, reserved 1122304K
  class space    used 11076K, committed 11392K, reserved 1048576K
}
Event: 11.204 GC heap after
{Heap after GC invocations=35 (full 0):
 garbage-first heap   total 184320K, used 111227K [0x0000000080000000, 0x0000000100000000)
  region size 1024K, 6 young (6144K), 6 survivors (6144K)
 Metaspace       used 83573K, committed 84288K, reserved 1122304K
  class space    used 11076K, committed 11392K, reserved 1048576K
}

Deoptimization events (20 events):
Event: 11.246 Thread 0x0000028d79ccc580 DEOPT PACKING pc=0x0000028d67220388 sp=0x000000dd7a0fb520
Event: 11.246 Thread 0x0000028d79ccc580 DEOPT UNPACKING pc=0x0000028d5f64f92e sp=0x000000dd7a0fb4a8 mode 2
Event: 11.265 Thread 0x0000028d79cca050 Uncommon trap: trap_request=0xffffff45 fr.pc=0x0000028d67154c20 relative=0x00000000000002c0
Event: 11.265 Thread 0x0000028d79cca050 Uncommon trap: reason=unstable_if action=reinterpret pc=0x0000028d67154c20 method=org.gradle.internal.snapshot.PathUtil.equalChars(CCLorg/gradle/internal/snapshot/CaseSensitivity;)Z @ 11 c2
Event: 11.265 Thread 0x0000028d79cca050 DEOPT PACKING pc=0x0000028d67154c20 sp=0x000000dd79cfc130
Event: 11.265 Thread 0x0000028d79cca050 DEOPT UNPACKING pc=0x0000028d5f64f92e sp=0x000000dd79cfc0c8 mode 2
Event: 11.413 Thread 0x0000028d798d58e0 Uncommon trap: trap_request=0xffffffc6 fr.pc=0x0000028d6751c414 relative=0x0000000000000994
Event: 11.413 Thread 0x0000028d798d58e0 Uncommon trap: reason=bimorphic_or_optimized_type_check action=maybe_recompile pc=0x0000028d6751c414 method=java.io.BufferedInputStream.read1([BII)I @ 39 c2
Event: 11.413 Thread 0x0000028d798d58e0 DEOPT PACKING pc=0x0000028d6751c414 sp=0x000000dd750fe020
Event: 11.413 Thread 0x0000028d798d58e0 DEOPT UNPACKING pc=0x0000028d5f64f92e sp=0x000000dd750fdf38 mode 2
Event: 11.413 Thread 0x0000028d798d58e0 Uncommon trap: trap_request=0xffffff45 fr.pc=0x0000028d674105f0 relative=0x0000000000000230
Event: 11.414 Thread 0x0000028d798d58e0 Uncommon trap: reason=unstable_if action=reinterpret pc=0x0000028d674105f0 method=com.esotericsoftware.kryo.io.Input.readVarInt(Z)I @ 42 c2
Event: 11.414 Thread 0x0000028d798d58e0 DEOPT PACKING pc=0x0000028d674105f0 sp=0x000000dd750fe200
Event: 11.414 Thread 0x0000028d798d58e0 DEOPT UNPACKING pc=0x0000028d5f64f92e sp=0x000000dd750fe0f0 mode 2
Event: 11.480 Thread 0x0000028d798d43a0 DEOPT PACKING pc=0x0000028d60d3aea7 sp=0x000000dd754fb5a0
Event: 11.480 Thread 0x0000028d798d43a0 DEOPT UNPACKING pc=0x0000028d5f64e77e sp=0x000000dd754faa68 mode 0
Event: 11.517 Thread 0x0000028d798d58e0 Uncommon trap: trap_request=0xffffffc6 fr.pc=0x0000028d6751c414 relative=0x0000000000000994
Event: 11.517 Thread 0x0000028d798d58e0 Uncommon trap: reason=bimorphic_or_optimized_type_check action=maybe_recompile pc=0x0000028d6751c414 method=java.io.BufferedInputStream.read1([BII)I @ 39 c2
Event: 11.517 Thread 0x0000028d798d58e0 DEOPT PACKING pc=0x0000028d6751c414 sp=0x000000dd750fe020
Event: 11.517 Thread 0x0000028d798d58e0 DEOPT UNPACKING pc=0x0000028d5f64f92e sp=0x000000dd750fdf38 mode 2

Classes unloaded (0 events):
No events

Classes redefined (0 events):
No events

Internal exceptions (20 events):
Event: 9.486 Thread 0x0000028d782733a0 Exception <a 'java/lang/ClassNotFoundException'{0x0000000088e74dd8}: java/util/HashMapCustomizer> (0x0000000088e74dd8) 
thrown [t:\workspace\open\src\hotspot\share\classfile\systemDictionary.cpp, line 256]
Event: 9.486 Thread 0x0000028d782733a0 Exception <a 'java/lang/ClassNotFoundException'{0x0000000088e90c78}: java/util/LinkedHashMapCustomizer> (0x0000000088e90c78) 
thrown [t:\workspace\open\src\hotspot\share\classfile\systemDictionary.cpp, line 256]
Event: 9.783 Thread 0x0000028d782733a0 Exception <a 'java/lang/NoSuchMethodError'{0x000000008af3f6f8}: static Lorg/jetbrains/plugins/gradle/tooling/serialization/internal/adapter/kotlin/dsl/InternalKotlinDslScriptsModel;.<clinit>()V> (0x000000008af3f6f8) 
thrown [t:\workspace\open\src\hotspot\share\prims\jni.cpp, line 1210]
Event: 9.940 Thread 0x0000028d782733a0 Exception <a 'sun/nio/fs/WindowsException'{0x000000008af36408}> (0x000000008af36408) 
thrown [t:\workspace\open\src\hotspot\share\prims\jni.cpp, line 579]
Event: 9.940 Thread 0x0000028d782733a0 Exception <a 'sun/nio/fs/WindowsException'{0x000000008af36918}> (0x000000008af36918) 
thrown [t:\workspace\open\src\hotspot\share\prims\jni.cpp, line 579]
Event: 10.022 Thread 0x0000028d782733a0 Exception <a 'java/lang/NullPointerException'{0x000000008a51c0c0}> (0x000000008a51c0c0) 
thrown [t:\workspace\open\src\hotspot\share\interpreter\linkResolver.cpp, line 1468]
Event: 10.067 Thread 0x0000028d782733a0 Implicit null exception at 0x0000028d67216316 to 0x0000028d672185b4
Event: 10.101 Thread 0x0000028d782733a0 Implicit null exception at 0x0000028d6720b8b0 to 0x0000028d6720d9d4
Event: 10.237 Thread 0x0000028d782733a0 Exception <a 'sun/nio/fs/WindowsException'{0x0000000089887270}> (0x0000000089887270) 
thrown [t:\workspace\open\src\hotspot\share\prims\jni.cpp, line 579]
Event: 10.237 Thread 0x0000028d782733a0 Exception <a 'sun/nio/fs/WindowsException'{0x0000000089888340}> (0x0000000089888340) 
thrown [t:\workspace\open\src\hotspot\share\prims\jni.cpp, line 579]
Event: 10.237 Thread 0x0000028d782733a0 Exception <a 'sun/nio/fs/WindowsException'{0x0000000089889460}> (0x0000000089889460) 
thrown [t:\workspace\open\src\hotspot\share\prims\jni.cpp, line 579]
Event: 10.238 Thread 0x0000028d782733a0 Exception <a 'sun/nio/fs/WindowsException'{0x000000008988a580}> (0x000000008988a580) 
thrown [t:\workspace\open\src\hotspot\share\prims\jni.cpp, line 579]
Event: 10.384 Thread 0x0000028d782733a0 Exception <a 'java/lang/NoSuchMethodError'{0x0000000088d14f98}: 'int java.lang.invoke.DirectMethodHandle$Holder.invokeSpecialIFC(java.lang.Object, java.lang.Object, java.lang.Object)'> (0x0000000088d14f98) 
thrown [t:\workspace\open\src\hotspot\share\interpreter\linkResolver.cpp, line 790]
Event: 10.623 Thread 0x0000028d782733a0 Exception <a 'java/lang/NoSuchMethodError'{0x000000008a8245d0}: 'void java.lang.invoke.DirectMethodHandle$Holder.invokeStatic(java.lang.Object, java.lang.Object, java.lang.Object, java.lang.Object, int, java.lang.Object, java.lang.Object)'> (0x000000008a8245d0) 
thrown [t:\workspace\open\src\hotspot\share\interpreter\linkResolver.cpp, line 790]
Event: 10.645 Thread 0x0000028d782733a0 Exception <a 'java/lang/IncompatibleClassChangeError'{0x000000008a71d428}: Found class java.lang.Object, but interface was expected> (0x000000008a71d428) 
thrown [t:\workspace\open\src\hotspot\share\interpreter\linkResolver.cpp, line 857]
Event: 10.680 Thread 0x0000028d79cccad0 Exception <a 'java/lang/IncompatibleClassChangeError'{0x000000008a678fc0}: Found class java.lang.Object, but interface was expected> (0x000000008a678fc0) 
thrown [t:\workspace\open\src\hotspot\share\interpreter\linkResolver.cpp, line 857]
Event: 10.700 Thread 0x0000028d79cccad0 Exception <a 'java/lang/NoSuchMethodError'{0x000000008a581ce0}: 'int java.lang.invoke.DirectMethodHandle$Holder.invokeStaticInit(java.lang.Object, java.lang.Object, java.lang.Object, java.lang.Object, java.lang.Object)'> (0x000000008a581ce0) 
thrown [t:\workspace\open\src\hotspot\share\interpreter\linkResolver.cpp, line 790]
Event: 11.183 Thread 0x0000028d7d617ed0 Exception <a 'java/lang/NoSuchMethodError'{0x0000000088fb1af0}: 'java.lang.Object java.lang.invoke.DirectMethodHandle$Holder.invokeSpecialIFC(java.lang.Object, java.lang.Object, java.lang.Object)'> (0x0000000088fb1af0) 
thrown [t:\workspace\open\src\hotspot\share\interpreter\linkResolver.cpp, line 790]
Event: 11.183 Thread 0x0000028d79ccc580 Exception <a 'java/lang/NoSuchMethodError'{0x0000000088f42330}: 'java.lang.Object java.lang.invoke.DirectMethodHandle$Holder.invokeSpecialIFC(java.lang.Object, java.lang.Object, java.lang.Object)'> (0x0000000088f42330) 
thrown [t:\workspace\open\src\hotspot\share\interpreter\linkResolver.cpp, line 790]
Event: 11.184 Thread 0x0000028d79ccbae0 Exception <a 'java/lang/NoSuchMethodError'{0x0000000088f3add0}: 'java.lang.Object java.lang.invoke.DirectMethodHandle$Holder.invokeSpecialIFC(java.lang.Object, java.lang.Object, java.lang.Object)'> (0x0000000088f3add0) 
thrown [t:\workspace\open\src\hotspot\share\interpreter\linkResolver.cpp, line 790]

Events (20 events):
Event: 11.426 Executing  VM operation: ICBufferFull
Event: 11.429 Executing  VM operation: ICBufferFull done
Event: 11.448 Executing  VM operation: ICBufferFull
Event: 11.450 Executing  VM operation: ICBufferFull done
Event: 11.471 Executing  VM operation: ICBufferFull
Event: 11.471 Executing  VM operation: ICBufferFull done
Event: 11.478 Executing  VM operation: ICBufferFull
Event: 11.479 Executing  VM operation: ICBufferFull done
Event: 11.479 Executing  VM operation: ICBufferFull
Event: 11.479 Executing  VM operation: ICBufferFull done
Event: 11.484 Executing  VM operation: ICBufferFull
Event: 11.484 Executing  VM operation: ICBufferFull done
Event: 11.490 Executing  VM operation: ICBufferFull
Event: 11.490 Executing  VM operation: ICBufferFull done
Event: 11.496 Executing  VM operation: ICBufferFull
Event: 11.496 Executing  VM operation: ICBufferFull done
Event: 11.502 Executing  VM operation: ICBufferFull
Event: 11.502 Executing  VM operation: ICBufferFull done
Event: 11.508 Executing  VM operation: ICBufferFull
Event: 11.508 Executing  VM operation: ICBufferFull done


Dynamic libraries:
0x00007ff6976b0000 - 0x00007ff6976c0000 	C:\Program Files\Java\jdk-16.0.2\bin\java.exe
0x00007ffce3bd0000 - 0x00007ffce3dc8000 	C:\WINDOWS\SYSTEM32\ntdll.dll
0x00007ffce2920000 - 0x00007ffce29dd000 	C:\WINDOWS\System32\KERNEL32.DLL
0x00007ffce13f0000 - 0x00007ffce16be000 	C:\WINDOWS\System32\KERNELBASE.dll
0x00007ffce1760000 - 0x00007ffce1860000 	C:\WINDOWS\System32\ucrtbase.dll
0x00007ffcdb3c0000 - 0x00007ffcdb3d8000 	C:\Program Files\Java\jdk-16.0.2\bin\jli.dll
0x00007ffcc6760000 - 0x00007ffcc6779000 	C:\Program Files\Java\jdk-16.0.2\bin\VCRUNTIME140.dll
0x00007ffce1c30000 - 0x00007ffce1cde000 	C:\WINDOWS\System32\ADVAPI32.dll
0x00007ffce32d0000 - 0x00007ffce336e000 	C:\WINDOWS\System32\msvcrt.dll
0x00007ffce39e0000 - 0x00007ffce3a7c000 	C:\WINDOWS\System32\sechost.dll
0x00007ffce3780000 - 0x00007ffce38a5000 	C:\WINDOWS\System32\RPCRT4.dll
0x00007ffce23a0000 - 0x00007ffce2540000 	C:\WINDOWS\System32\USER32.dll
0x00007ffce1b90000 - 0x00007ffce1bb2000 	C:\WINDOWS\System32\win32u.dll
0x00007ffcc9070000 - 0x00007ffcc930a000 	C:\WINDOWS\WinSxS\amd64_microsoft.windows.common-controls_6595b64144ccf1df_6.0.19041.1110_none_60b5254171f9507e\COMCTL32.dll
0x00007ffce34e0000 - 0x00007ffce350a000 	C:\WINDOWS\System32\GDI32.dll
0x00007ffce1860000 - 0x00007ffce196b000 	C:\WINDOWS\System32\gdi32full.dll
0x00007ffce16c0000 - 0x00007ffce175d000 	C:\WINDOWS\System32\msvcp_win.dll
0x00007ffcdb420000 - 0x00007ffcdb42a000 	C:\WINDOWS\SYSTEM32\VERSION.dll
0x00007ffce33e0000 - 0x00007ffce3410000 	C:\WINDOWS\System32\IMM32.DLL
0x00007ffcde4b0000 - 0x00007ffcde4bc000 	C:\Program Files\Java\jdk-16.0.2\bin\vcruntime140_1.dll
0x00007ffcb94f0000 - 0x00007ffcb9581000 	C:\Program Files\Java\jdk-16.0.2\bin\msvcp140.dll
0x00007ffc77ec0000 - 0x00007ffc78a6b000 	C:\Program Files\Java\jdk-16.0.2\bin\server\jvm.dll
0x00007ffce1d70000 - 0x00007ffce1d78000 	C:\WINDOWS\System32\PSAPI.DLL
0x00007ffcdc800000 - 0x00007ffcdc809000 	C:\WINDOWS\SYSTEM32\WSOCK32.dll
0x00007ffcdf170000 - 0x00007ffcdf197000 	C:\WINDOWS\SYSTEM32\WINMM.dll
0x00007ffce3370000 - 0x00007ffce33db000 	C:\WINDOWS\System32\WS2_32.dll
0x00007ffcdfbb0000 - 0x00007ffcdfbc2000 	C:\WINDOWS\SYSTEM32\kernel.appcore.dll
0x00007ffcc9ef0000 - 0x00007ffcc9efa000 	C:\Program Files\Java\jdk-16.0.2\bin\jimage.dll
0x00007ffcdef80000 - 0x00007ffcdf164000 	C:\WINDOWS\SYSTEM32\DBGHELP.DLL
0x00007ffcdee00000 - 0x00007ffcdee2c000 	C:\WINDOWS\SYSTEM32\dbgcore.DLL
0x00007ffce19a0000 - 0x00007ffce1a22000 	C:\WINDOWS\System32\bcryptPrimitives.dll
0x00007ffcc6730000 - 0x00007ffcc6755000 	C:\Program Files\Java\jdk-16.0.2\bin\java.dll
0x00007ffce2b00000 - 0x00007ffce3244000 	C:\WINDOWS\System32\SHELL32.dll
0x00007ffcdf3d0000 - 0x00007ffcdfb64000 	C:\WINDOWS\SYSTEM32\windows.storage.dll
0x00007ffce2540000 - 0x00007ffce2894000 	C:\WINDOWS\System32\combase.dll
0x00007ffce0d50000 - 0x00007ffce0d80000 	C:\WINDOWS\SYSTEM32\Wldp.dll
0x00007ffce3a80000 - 0x00007ffce3b2d000 	C:\WINDOWS\System32\SHCORE.dll
0x00007ffce3720000 - 0x00007ffce3775000 	C:\WINDOWS\System32\shlwapi.dll
0x00007ffce1230000 - 0x00007ffce124f000 	C:\WINDOWS\SYSTEM32\profapi.dll
0x00007ffcc6710000 - 0x00007ffcc6729000 	C:\Program Files\Java\jdk-16.0.2\bin\net.dll
0x00007ffccc640000 - 0x00007ffccc74a000 	C:\WINDOWS\SYSTEM32\WINHTTP.dll
0x00007ffce0ab0000 - 0x00007ffce0b1a000 	C:\WINDOWS\system32\mswsock.dll
0x00007ffcc66f0000 - 0x00007ffcc6703000 	C:\Program Files\Java\jdk-16.0.2\bin\nio.dll
0x00007ffcc66d0000 - 0x00007ffcc66e8000 	C:\Program Files\Java\jdk-16.0.2\bin\zip.dll
0x00007ffcc64a0000 - 0x00007ffcc64b0000 	C:\Program Files\Java\jdk-16.0.2\bin\verify.dll
0x00007ffcc36a0000 - 0x00007ffcc36c7000 	C:\Users\ITECH\.gradle\native\e1d6ef7f7dcc3fd88c89a11ec53ec762bb8ba0a96d01ffa2cd45eb1d1d8dd5c5\windows-amd64\native-platform.dll
0x00007ffcb7f80000 - 0x00007ffcb80c4000 	C:\Users\ITECH\.gradle\native\5664cfc778a61ccfe75a443a1ab52a65af34e5dc3c78e0209fed803814484fcb\windows-amd64\native-platform-file-events.dll
0x00007ffcc3850000 - 0x00007ffcc3859000 	C:\Program Files\Java\jdk-16.0.2\bin\management.dll
0x00007ffcc3690000 - 0x00007ffcc369b000 	C:\Program Files\Java\jdk-16.0.2\bin\management_ext.dll
0x00007ffce0ca0000 - 0x00007ffce0cb8000 	C:\WINDOWS\SYSTEM32\CRYPTSP.dll
0x00007ffce03c0000 - 0x00007ffce03f4000 	C:\WINDOWS\system32\rsaenh.dll
0x00007ffce1970000 - 0x00007ffce1997000 	C:\WINDOWS\System32\bcrypt.dll
0x00007ffce11f0000 - 0x00007ffce121e000 	C:\WINDOWS\SYSTEM32\USERENV.dll
0x00007ffce0cc0000 - 0x00007ffce0ccc000 	C:\WINDOWS\SYSTEM32\CRYPTBASE.dll
0x00007ffce0750000 - 0x00007ffce078b000 	C:\WINDOWS\SYSTEM32\IPHLPAPI.DLL
0x00007ffce3250000 - 0x00007ffce3258000 	C:\WINDOWS\System32\NSI.dll
0x00007ffcd6440000 - 0x00007ffcd6457000 	C:\WINDOWS\SYSTEM32\dhcpcsvc6.DLL
0x00007ffcd6460000 - 0x00007ffcd647d000 	C:\WINDOWS\SYSTEM32\dhcpcsvc.DLL
0x00007ffce07f0000 - 0x00007ffce08ba000 	C:\WINDOWS\SYSTEM32\DNSAPI.dll
0x00007ffcc3560000 - 0x00007ffcc356e000 	C:\Program Files\Java\jdk-16.0.2\bin\sunmscapi.dll
0x00007ffce1a30000 - 0x00007ffce1b86000 	C:\WINDOWS\System32\CRYPT32.dll
0x00007ffce0dc0000 - 0x00007ffce0de7000 	C:\WINDOWS\SYSTEM32\ncrypt.dll
0x00007ffce0d80000 - 0x00007ffce0dbb000 	C:\WINDOWS\SYSTEM32\NTASN1.dll
0x00007ffc94050000 - 0x00007ffc94057000 	C:\WINDOWS\system32\wshunix.dll

dbghelp: loaded successfully - version: 4.0.5 - missing functions: none
symbol engine: initialized successfully - sym options: 0x614 - pdb path: .;C:\Program Files\Java\jdk-16.0.2\bin;C:\WINDOWS\SYSTEM32;C:\WINDOWS\WinSxS\amd64_microsoft.windows.common-controls_6595b64144ccf1df_6.0.19041.1110_none_60b5254171f9507e;C:\Program Files\Java\jdk-16.0.2\bin\server;C:\Users\ITECH\.gradle\native\e1d6ef7f7dcc3fd88c89a11ec53ec762bb8ba0a96d01ffa2cd45eb1d1d8dd5c5\windows-amd64;C:\Users\ITECH\.gradle\native\5664cfc778a61ccfe75a443a1ab52a65af34e5dc3c78e0209fed803814484fcb\windows-amd64

VM Arguments:
jvm_args: --add-opens=java.base/java.util=ALL-UNNAMED --add-opens=java.base/java.lang=ALL-UNNAMED --add-opens=java.base/java.lang.invoke=ALL-UNNAMED --add-opens=java.base/java.util=ALL-UNNAMED --add-opens=java.prefs/java.util.prefs=ALL-UNNAMED --add-opens=java.prefs/java.util.prefs=ALL-UNNAMED --add-opens=java.base/java.nio.charset=ALL-UNNAMED --add-opens=java.base/java.net=ALL-UNNAMED --add-opens=java.base/java.util.concurrent.atomic=ALL-UNNAMED -Xmx2048m -Dfile.encoding=UTF-8 -Duser.country=US -Duser.language=en -Duser.variant 
java_command: org.gradle.launcher.daemon.bootstrap.GradleDaemon 7.3.3
java_class_path (initial): C:\Users\ITECH\.gradle\wrapper\dists\gradle-7.3.3-bin\6a41zxkdtcxs8rphpq6y0069z\gradle-7.3.3\lib\gradle-launcher-7.3.3.jar
Launcher Type: SUN_STANDARD

[Global flags]
     intx CICompilerCount                          = 4                                         {product} {ergonomic}
     uint ConcGCThreads                            = 2                                         {product} {ergonomic}
     uint G1ConcRefinementThreads                  = 8                                         {product} {ergonomic}
   size_t G1HeapRegionSize                         = 1048576                                   {product} {ergonomic}
    uintx GCDrainStackTargetSize                   = 64                                        {product} {ergonomic}
   size_t InitialHeapSize                          = 132120576                                 {product} {ergonomic}
   size_t MarkStackSize                            = 4194304                                   {product} {ergonomic}
   size_t MaxHeapSize                              = 2147483648                                {product} {command line}
   size_t MaxNewSize                               = 1287651328                                {product} {ergonomic}
   size_t MinHeapDeltaBytes                        = 1048576                                   {product} {ergonomic}
   size_t MinHeapSize                              = 8388608                                   {product} {ergonomic}
    uintx NonNMethodCodeHeapSize                   = 5839372                                {pd product} {ergonomic}
    uintx NonProfiledCodeHeapSize                  = 122909434                              {pd product} {ergonomic}
    uintx ProfiledCodeHeapSize                     = 122909434                              {pd product} {ergonomic}
    uintx ReservedCodeCacheSize                    = 251658240                              {pd product} {ergonomic}
     bool SegmentedCodeCache                       = true                                      {product} {ergonomic}
   size_t SoftMaxHeapSize                          = 2147483648                             {manageable} {ergonomic}
     bool UseCompressedClassPointers               = true                           {product lp64_product} {ergonomic}
     bool UseCompressedOops                        = true                           {product lp64_product} {ergonomic}
     bool UseG1GC                                  = true                                      {product} {ergonomic}
     bool UseLargePagesIndividualAllocation        = false                                  {pd product} {ergonomic}

Logging:
Log output configuration:
 #0: stdout all=warning uptime,level,tags
 #1: stderr all=off uptime,level,tags

Environment Variables:
JAVA_HOME=C:\Program Files\Java\jdk-16.0.2
PATH=C:\Program Files\Python37\Scripts\;C:\Program Files\Python37\;C:\ProgramData\Oracle\Java\javapath;C:\app\ITECH\product\11.2.0\dbhome_1\bin;C:\Program Files\Common Files\Oracle\Java\javapath;C:\Program Files (x86)\Common Files\Oracle\Java\javapath;C:\WINDOWS\system32;C:\WINDOWS;C:\WINDOWS\System32\Wbem;C:\WINDOWS\System32\WindowsPowerShell\v1.0\;C:\WINDOWS\System32\OpenSSH\;C:\Program Files\Microsoft SQL Server\130\Tools\Binn\;C:\Program Files\Microsoft SQL Server\Client SDK\ODBC\170\Tools\Binn\;C:\Program Files\dotnet\;C:\Program Files\nodejs\;C:\Program Files\Java\jdk-16.0.2\bin;C:\Program Files\Git\cmd;C:\Program Files\Java\jdk-16.0.2\bin;
USERNAME=ITECH
OS=Windows_NT
PROCESSOR_IDENTIFIER=Intel64 Family 6 Model 126 Stepping 5, GenuineIntel



---------------  S Y S T E M  ---------------

OS:
 Windows 10 , 64 bit Build 19041 (10.0.19041.1889)
OS uptime: 0 days 0:34 hours

CPU: total 8 (initial active 8) (4 cores per cpu, 2 threads per core) family 6 model 126 stepping 5 microcode 0xb0, cx8, cmov, fxsr, ht, mmx, 3dnowpref, sse, sse2, sse3, ssse3, sse4.1, sse4.2, popcnt, lzcnt, tsc, tscinvbit, avx, avx2, aes, erms, clmul, bmi1, bmi2, adx, avx512f, avx512dq, avx512cd, avx512bw, avx512vl, sha, fma, vzeroupper, avx512_vpopcntdq, avx512_vpclmulqdq, avx512_vaes, avx512_vnni, clflush, clflushopt, avx512_vmbi2, avx512_vmbi

Memory: 4k page, system-wide physical 7959M (771M free)
TotalPageFile size 7959M (AvailPageFile size 8M)
current process WorkingSet (physical memory assigned to process): 458M, peak: 462M
current process commit charge ("private bytes"): 505M, peak: 508M

vm_info: Java HotSpot(TM) 64-Bit Server VM (16.0.2+7-67) for windows-amd64 JRE (16.0.2+7-67), built on Jun  8 2021 23:24:19 by "mach5one" with MS VC++ 16.7 (VS2019)

END.
