#
# There is insufficient memory for the Java Runtime Environment to continue.
# Native memory allocation (malloc) failed to allocate 1509568 bytes for Chunk::new
# Possible reasons:
#   The system is out of physical RAM or swap space
#   The process is running with CompressedOops enabled, and the Java Heap may be blocking the growth of the native heap
# Possible solutions:
#   Reduce memory load on the system
#   Increase physical memory or swap space
#   Check if swap backing store is full
#   Decrease Java heap size (-Xmx/-Xms)
#   Decrease number of Java threads
#   Decrease Java thread stack sizes (-Xss)
#   Set larger code cache with -XX:ReservedCodeCacheSize=
#   JVM is running with Unscaled Compressed Oops mode in which the Java heap is
#     placed in the first 4GB address space. The Java Heap base address is the
#     maximum limit for the native heap growth. Please use -XX:HeapBaseMinAddress
#     to set the Java Heap base and to place the Java Heap above 4GB virtual address.
# This output file may be truncated or incomplete.
#
#  Out of Memory Error (arena.cpp:195), pid=9464, tid=8720
#
# JRE version: Java(TM) SE Runtime Environment (16.0.2+7) (build 16.0.2+7-67)
# Java VM: Java HotSpot(TM) 64-Bit Server VM (16.0.2+7-67, mixed mode, sharing, tiered, compressed oops, compressed class ptrs, g1 gc, windows-amd64)
# No core dump will be written. Minidumps are not enabled by default on client versions of Windows
#

---------------  S U M M A R Y ------------

Command Line: --add-opens=java.base/java.util=ALL-UNNAMED --add-opens=java.base/java.lang=ALL-UNNAMED --add-opens=java.base/java.lang.invoke=ALL-UNNAMED --add-opens=java.base/java.util=ALL-UNNAMED --add-opens=java.prefs/java.util.prefs=ALL-UNNAMED --add-opens=java.prefs/java.util.prefs=ALL-UNNAMED --add-opens=java.base/java.nio.charset=ALL-UNNAMED --add-opens=java.base/java.net=ALL-UNNAMED --add-opens=java.base/java.util.concurrent.atomic=ALL-UNNAMED -Xmx2048m -Dfile.encoding=UTF-8 -Duser.country=US -Duser.language=en -Duser.variant org.gradle.launcher.daemon.bootstrap.GradleDaemon 7.3.3

Host: Intel(R) Core(TM) i7-1065G7 CPU @ 1.30GHz, 8 cores, 7G,  Windows 10 , 64 bit Build 19041 (10.0.19041.1889)
Time: Sun Aug 21 13:09:59 2022 Egypt Standard Time elapsed time: 1.873748 seconds (0d 0h 0m 1s)

---------------  T H R E A D  ---------------

Current thread (0x000001b4a15185e0):  JavaThread "C2 CompilerThread2" daemon [_thread_in_native, id=8720, stack(0x00000053a5a00000,0x00000053a5b00000)]


Current CompileTask:
C2:   1873 2073   !   4       java.security.AccessController::doPrivileged (26 bytes)

Stack: [0x00000053a5a00000,0x00000053a5b00000]
Native frames: (J=compiled Java code, j=interpreted, Vv=VM code, C=native code)
V  [jvm.dll+0x6681ca]
V  [jvm.dll+0x7c9e69]
V  [jvm.dll+0x7cb61e]
V  [jvm.dll+0x7cbc73]
V  [jvm.dll+0x242c55]
V  [jvm.dll+0xadeba]
V  [jvm.dll+0xae45c]
V  [jvm.dll+0x35a8d7]
V  [jvm.dll+0x1b9aca]
V  [jvm.dll+0x215e16]
V  [jvm.dll+0x215100]
V  [jvm.dll+0x1a1beb]
V  [jvm.dll+0x225158]
V  [jvm.dll+0x22319c]
V  [jvm.dll+0x77fa62]
V  [jvm.dll+0x7795aa]
V  [jvm.dll+0x667066]
C  [ucrtbase.dll+0x21bb2]
C  [KERNEL32.DLL+0x17034]
C  [ntdll.dll+0x52651]


---------------  P R O C E S S  ---------------

Threads class SMR info:
_java_thread_list=0x000001b4a2dfc4b0, length=27, elements={
0x000001b48052cbb0, 0x000001b4a057f600, 0x000001b4a0580110, 0x000001b4a058ad40,
0x000001b4a058b850, 0x000001b4a0592190, 0x000001b4a0593ab0, 0x000001b4a059c7b0,
0x000001b4a05a1530, 0x000001b4a05a3e90, 0x000001b4a10d9fe0, 0x000001b4a10de510,
0x000001b4a113c050, 0x000001b4a15185e0, 0x000001b4a314ee80, 0x000001b4a3f50850,
0x000001b4a1f92510, 0x000001b4a2097e60, 0x000001b4a27388a0, 0x000001b4a3ae0070,
0x000001b4a2825890, 0x000001b4a2825de0, 0x000001b4a2825340, 0x000001b4a2826330,
0x000001b4a2826880, 0x000001b4a2824df0, 0x000001b4a2826dd0
}

Java Threads: ( => current thread )
  0x000001b48052cbb0 JavaThread "main" [_thread_blocked, id=9392, stack(0x00000053a4300000,0x00000053a4400000)]
  0x000001b4a057f600 JavaThread "Reference Handler" daemon [_thread_blocked, id=13908, stack(0x00000053a4a00000,0x00000053a4b00000)]
  0x000001b4a0580110 JavaThread "Finalizer" daemon [_thread_blocked, id=592, stack(0x00000053a4b00000,0x00000053a4c00000)]
  0x000001b4a058ad40 JavaThread "Signal Dispatcher" daemon [_thread_blocked, id=12588, stack(0x00000053a4c00000,0x00000053a4d00000)]
  0x000001b4a058b850 JavaThread "Attach Listener" daemon [_thread_blocked, id=11424, stack(0x00000053a4d00000,0x00000053a4e00000)]
  0x000001b4a0592190 JavaThread "Service Thread" daemon [_thread_blocked, id=7796, stack(0x00000053a4e00000,0x00000053a4f00000)]
  0x000001b4a0593ab0 JavaThread "Monitor Deflation Thread" daemon [_thread_blocked, id=2552, stack(0x00000053a4f00000,0x00000053a5000000)]
  0x000001b4a059c7b0 JavaThread "C2 CompilerThread0" daemon [_thread_in_native, id=3580, stack(0x00000053a5000000,0x00000053a5100000)]
  0x000001b4a05a1530 JavaThread "C1 CompilerThread0" daemon [_thread_blocked, id=13896, stack(0x00000053a5100000,0x00000053a5200000)]
  0x000001b4a05a3e90 JavaThread "Sweeper thread" daemon [_thread_blocked, id=10228, stack(0x00000053a5200000,0x00000053a5300000)]
  0x000001b4a10d9fe0 JavaThread "Common-Cleaner" daemon [_thread_blocked, id=4372, stack(0x00000053a5300000,0x00000053a5400000)]
  0x000001b4a10de510 JavaThread "Notification Thread" daemon [_thread_blocked, id=13112, stack(0x00000053a5400000,0x00000053a5500000)]
  0x000001b4a113c050 JavaThread "C2 CompilerThread1" daemon [_thread_in_native, id=8220, stack(0x00000053a5600000,0x00000053a5700000)]
=>0x000001b4a15185e0 JavaThread "C2 CompilerThread2" daemon [_thread_in_native, id=8720, stack(0x00000053a5a00000,0x00000053a5b00000)]
  0x000001b4a314ee80 JavaThread "Daemon health stats" [_thread_blocked, id=9172, stack(0x00000053a5c00000,0x00000053a5d00000)]
  0x000001b4a3f50850 JavaThread "Incoming local TCP Connector on port 51529" [_thread_in_native, id=13512, stack(0x00000053a5d00000,0x00000053a5e00000)]
  0x000001b4a1f92510 JavaThread "Daemon periodic checks" [_thread_blocked, id=10492, stack(0x00000053a5e00000,0x00000053a5f00000)]
  0x000001b4a2097e60 JavaThread "Daemon" [_thread_blocked, id=8456, stack(0x00000053a5f00000,0x00000053a6000000)]
  0x000001b4a27388a0 JavaThread "Handler for socket connection from /127.0.0.1:51529 to /127.0.0.1:51530" [_thread_in_native, id=3212, stack(0x00000053a6000000,0x00000053a6100000)]
  0x000001b4a3ae0070 JavaThread "Cancel handler" [_thread_blocked, id=12764, stack(0x00000053a6100000,0x00000053a6200000)]
  0x000001b4a2825890 JavaThread "Daemon worker" [_thread_in_vm, id=10168, stack(0x00000053a6200000,0x00000053a6300000)]
  0x000001b4a2825de0 JavaThread "Asynchronous log dispatcher for DefaultDaemonConnection: socket connection from /127.0.0.1:51529 to /127.0.0.1:51530" [_thread_blocked, id=4052, stack(0x00000053a6300000,0x00000053a6400000)]
  0x000001b4a2825340 JavaThread "Stdin handler" [_thread_blocked, id=3844, stack(0x00000053a6400000,0x00000053a6500000)]
  0x000001b4a2826330 JavaThread "Daemon client event forwarder" [_thread_blocked, id=2120, stack(0x00000053a6500000,0x00000053a6600000)]
  0x000001b4a2826880 JavaThread "Cache worker for journal cache (C:\Users\ITECH\.gradle\caches\journal-1)" [_thread_blocked, id=7600, stack(0x00000053a6600000,0x00000053a6700000)]
  0x000001b4a2824df0 JavaThread "File lock request listener" [_thread_in_native, id=14300, stack(0x00000053a6700000,0x00000053a6800000)]
  0x000001b4a2826dd0 JavaThread "Cache worker for file hash cache (C:\Users\ITECH\.gradle\caches\7.3.3\fileHashes)" [_thread_blocked, id=960, stack(0x00000053a6800000,0x00000053a6900000)]

Other Threads:
  0x000001b4a0579bf0 VMThread "VM Thread" [stack: 0x00000053a4900000,0x00000053a4a00000] [id=12476]
  0x000001b4a10dea30 WatcherThread [stack: 0x00000053a5500000,0x00000053a5600000] [id=13924]
  0x000001b48056add0 GCTaskThread "GC Thread#0" [stack: 0x00000053a4400000,0x00000053a4500000] [id=5564]
  0x000001b4a1b1d190 GCTaskThread "GC Thread#1" [stack: 0x00000053a5700000,0x00000053a5800000] [id=8152]
  0x000001b4a1ded510 GCTaskThread "GC Thread#2" [stack: 0x00000053a5800000,0x00000053a5900000] [id=10952]
  0x000001b4a2137580 GCTaskThread "GC Thread#3" [stack: 0x00000053a5900000,0x00000053a5a00000] [id=14000]
  0x000001b4a1740230 GCTaskThread "GC Thread#4" [stack: 0x00000053a5b00000,0x00000053a5c00000] [id=8736]
  0x000001b48057cc50 ConcurrentGCThread "G1 Main Marker" [stack: 0x00000053a4500000,0x00000053a4600000] [id=9356]
  0x000001b48057e480 ConcurrentGCThread "G1 Conc#0" [stack: 0x00000053a4600000,0x00000053a4700000] [id=8116]
  0x000001b480608700 ConcurrentGCThread "G1 Refine#0" [stack: 0x00000053a4700000,0x00000053a4800000] [id=9632]
  0x000001b4a04320c0 ConcurrentGCThread "G1 Service" [stack: 0x00000053a4800000,0x00000053a4900000] [id=3480]

Threads with active compile tasks:
C2 CompilerThread0     1892 2131   !   4       java.net.URLClassLoader::findClass (47 bytes)
C1 CompilerThread0     1892 2143       3       sun.reflect.annotation.AnnotationParser::parseSig (62 bytes)
C2 CompilerThread1     1892 2062   !   4       java.lang.ClassLoader::loadClass (122 bytes)
C2 CompilerThread2     1892 2073   !   4       java.security.AccessController::doPrivileged (26 bytes)

VM state: not at safepoint (normal execution)

VM Mutex/Monitor currently owned by a thread: None

Heap address: 0x0000000080000000, size: 2048 MB, Compressed Oops mode: 32-bit

CDS archive(s) mapped at: [0x0000000800000000-0x0000000800bb0000-0x0000000800bb0000), size 12255232, SharedBaseAddress: 0x0000000800000000, ArchiveRelocationMode: 0.
Compressed class space mapped at: 0x0000000800c00000-0x0000000840c00000, reserved size: 1073741824
Narrow klass base: 0x0000000800000000, Narrow klass shift: 3, Narrow klass range: 0x100000000

GC Precious Log:
 CPUs: 8 total, 8 available
 Memory: 7959M
 Large Page Support: Disabled
 NUMA Support: Disabled
 Compressed Oops: Enabled (32-bit)
 Heap Region Size: 1M
 Heap Min Capacity: 8M
 Heap Initial Capacity: 126M
 Heap Max Capacity: 2G
 Pre-touch: Disabled
 Parallel Workers: 8
 Concurrent Workers: 2
 Concurrent Refinement Workers: 8
 Periodic GC: Disabled

Heap:
 garbage-first heap   total 129024K, used 78913K [0x0000000080000000, 0x0000000100000000)
  region size 1024K, 69 young (70656K), 2 survivors (2048K)
 Metaspace       used 15164K, committed 15424K, reserved 1064960K
  class space    used 2168K, committed 2304K, reserved 1048576K

Heap Regions: E=young(eden), S=young(survivor), O=old, HS=humongous(starts), HC=humongous(continues), CS=collection set, F=free, OA=open archive, CA=closed archive, TAMS=top-at-mark-start (previous, next)
|   0|0x0000000080000000, 0x0000000080100000, 0x0000000080100000|100%|HS|  |TAMS 0x0000000080000000, 0x0000000080000000| Complete 
|   1|0x0000000080100000, 0x0000000080200000, 0x0000000080200000|100%| O|  |TAMS 0x0000000080100000, 0x0000000080100000| Untracked 
|   2|0x0000000080200000, 0x0000000080300000, 0x0000000080300000|100%| O|  |TAMS 0x0000000080200000, 0x0000000080200000| Untracked 
|   3|0x0000000080300000, 0x0000000080400000, 0x0000000080400000|100%|HS|  |TAMS 0x0000000080300000, 0x0000000080300000| Complete 
|   4|0x0000000080400000, 0x0000000080500000, 0x0000000080500000|100%|HC|  |TAMS 0x0000000080400000, 0x0000000080400000| Complete 
|   5|0x0000000080500000, 0x0000000080600000, 0x0000000080600000|100%|HC|  |TAMS 0x0000000080500000, 0x0000000080500000| Complete 
|   6|0x0000000080600000, 0x0000000080700000, 0x0000000080700000|100%| O|  |TAMS 0x0000000080600000, 0x0000000080600000| Untracked 
|   7|0x0000000080700000, 0x0000000080800000, 0x0000000080800000|100%| O|  |TAMS 0x0000000080700000, 0x0000000080700000| Untracked 
|   8|0x0000000080800000, 0x0000000080900000, 0x0000000080900000|100%| O|  |TAMS 0x0000000080800000, 0x0000000080800000| Untracked 
|   9|0x0000000080900000, 0x00000000809bf400, 0x0000000080a00000| 74%| O|  |TAMS 0x0000000080900000, 0x0000000080900000| Untracked 
|  10|0x0000000080a00000, 0x0000000080a00000, 0x0000000080b00000|  0%| F|  |TAMS 0x0000000080a00000, 0x0000000080a00000| Untracked 
|  11|0x0000000080b00000, 0x0000000080b00000, 0x0000000080c00000|  0%| F|  |TAMS 0x0000000080b00000, 0x0000000080b00000| Untracked 
|  12|0x0000000080c00000, 0x0000000080c00000, 0x0000000080d00000|  0%| F|  |TAMS 0x0000000080c00000, 0x0000000080c00000| Untracked 
|  13|0x0000000080d00000, 0x0000000080d00000, 0x0000000080e00000|  0%| F|  |TAMS 0x0000000080d00000, 0x0000000080d00000| Untracked 
|  14|0x0000000080e00000, 0x0000000080e00000, 0x0000000080f00000|  0%| F|  |TAMS 0x0000000080e00000, 0x0000000080e00000| Untracked 
|  15|0x0000000080f00000, 0x0000000080f00000, 0x0000000081000000|  0%| F|  |TAMS 0x0000000080f00000, 0x0000000080f00000| Untracked 
|  16|0x0000000081000000, 0x0000000081000000, 0x0000000081100000|  0%| F|  |TAMS 0x0000000081000000, 0x0000000081000000| Untracked 
|  17|0x0000000081100000, 0x0000000081100000, 0x0000000081200000|  0%| F|  |TAMS 0x0000000081100000, 0x0000000081100000| Untracked 
|  18|0x0000000081200000, 0x0000000081200000, 0x0000000081300000|  0%| F|  |TAMS 0x0000000081200000, 0x0000000081200000| Untracked 
|  19|0x0000000081300000, 0x0000000081300000, 0x0000000081400000|  0%| F|  |TAMS 0x0000000081300000, 0x0000000081300000| Untracked 
|  20|0x0000000081400000, 0x0000000081400000, 0x0000000081500000|  0%| F|  |TAMS 0x0000000081400000, 0x0000000081400000| Untracked 
|  21|0x0000000081500000, 0x0000000081500000, 0x0000000081600000|  0%| F|  |TAMS 0x0000000081500000, 0x0000000081500000| Untracked 
|  22|0x0000000081600000, 0x0000000081600000, 0x0000000081700000|  0%| F|  |TAMS 0x0000000081600000, 0x0000000081600000| Untracked 
|  23|0x0000000081700000, 0x0000000081700000, 0x0000000081800000|  0%| F|  |TAMS 0x0000000081700000, 0x0000000081700000| Untracked 
|  24|0x0000000081800000, 0x0000000081800000, 0x0000000081900000|  0%| F|  |TAMS 0x0000000081800000, 0x0000000081800000| Untracked 
|  25|0x0000000081900000, 0x0000000081900000, 0x0000000081a00000|  0%| F|  |TAMS 0x0000000081900000, 0x0000000081900000| Untracked 
|  26|0x0000000081a00000, 0x0000000081a00000, 0x0000000081b00000|  0%| F|  |TAMS 0x0000000081a00000, 0x0000000081a00000| Untracked 
|  27|0x0000000081b00000, 0x0000000081b00000, 0x0000000081c00000|  0%| F|  |TAMS 0x0000000081b00000, 0x0000000081b00000| Untracked 
|  28|0x0000000081c00000, 0x0000000081c00000, 0x0000000081d00000|  0%| F|  |TAMS 0x0000000081c00000, 0x0000000081c00000| Untracked 
|  29|0x0000000081d00000, 0x0000000081d00000, 0x0000000081e00000|  0%| F|  |TAMS 0x0000000081d00000, 0x0000000081d00000| Untracked 
|  30|0x0000000081e00000, 0x0000000081e00000, 0x0000000081f00000|  0%| F|  |TAMS 0x0000000081e00000, 0x0000000081e00000| Untracked 
|  31|0x0000000081f00000, 0x0000000081f00000, 0x0000000082000000|  0%| F|  |TAMS 0x0000000081f00000, 0x0000000081f00000| Untracked 
|  32|0x0000000082000000, 0x0000000082000000, 0x0000000082100000|  0%| F|  |TAMS 0x0000000082000000, 0x0000000082000000| Untracked 
|  33|0x0000000082100000, 0x0000000082100000, 0x0000000082200000|  0%| F|  |TAMS 0x0000000082100000, 0x0000000082100000| Untracked 
|  34|0x0000000082200000, 0x0000000082200000, 0x0000000082300000|  0%| F|  |TAMS 0x0000000082200000, 0x0000000082200000| Untracked 
|  35|0x0000000082300000, 0x0000000082300000, 0x0000000082400000|  0%| F|  |TAMS 0x0000000082300000, 0x0000000082300000| Untracked 
|  36|0x0000000082400000, 0x0000000082400000, 0x0000000082500000|  0%| F|  |TAMS 0x0000000082400000, 0x0000000082400000| Untracked 
|  37|0x0000000082500000, 0x0000000082500000, 0x0000000082600000|  0%| F|  |TAMS 0x0000000082500000, 0x0000000082500000| Untracked 
|  38|0x0000000082600000, 0x0000000082600000, 0x0000000082700000|  0%| F|  |TAMS 0x0000000082600000, 0x0000000082600000| Untracked 
|  39|0x0000000082700000, 0x0000000082700000, 0x0000000082800000|  0%| F|  |TAMS 0x0000000082700000, 0x0000000082700000| Untracked 
|  40|0x0000000082800000, 0x0000000082800000, 0x0000000082900000|  0%| F|  |TAMS 0x0000000082800000, 0x0000000082800000| Untracked 
|  41|0x0000000082900000, 0x0000000082900000, 0x0000000082a00000|  0%| F|  |TAMS 0x0000000082900000, 0x0000000082900000| Untracked 
|  42|0x0000000082a00000, 0x0000000082a00000, 0x0000000082b00000|  0%| F|  |TAMS 0x0000000082a00000, 0x0000000082a00000| Untracked 
|  43|0x0000000082b00000, 0x0000000082b00000, 0x0000000082c00000|  0%| F|  |TAMS 0x0000000082b00000, 0x0000000082b00000| Untracked 
|  44|0x0000000082c00000, 0x0000000082c00000, 0x0000000082d00000|  0%| F|  |TAMS 0x0000000082c00000, 0x0000000082c00000| Untracked 
|  45|0x0000000082d00000, 0x0000000082d00000, 0x0000000082e00000|  0%| F|  |TAMS 0x0000000082d00000, 0x0000000082d00000| Untracked 
|  46|0x0000000082e00000, 0x0000000082e00000, 0x0000000082f00000|  0%| F|  |TAMS 0x0000000082e00000, 0x0000000082e00000| Untracked 
|  47|0x0000000082f00000, 0x0000000082f00000, 0x0000000083000000|  0%| F|  |TAMS 0x0000000082f00000, 0x0000000082f00000| Untracked 
|  48|0x0000000083000000, 0x0000000083000000, 0x0000000083100000|  0%| F|  |TAMS 0x0000000083000000, 0x0000000083000000| Untracked 
|  49|0x0000000083100000, 0x0000000083100000, 0x0000000083200000|  0%| F|  |TAMS 0x0000000083100000, 0x0000000083100000| Untracked 
|  50|0x0000000083200000, 0x0000000083200000, 0x0000000083300000|  0%| F|  |TAMS 0x0000000083200000, 0x0000000083200000| Untracked 
|  51|0x0000000083300000, 0x0000000083300000, 0x0000000083400000|  0%| F|  |TAMS 0x0000000083300000, 0x0000000083300000| Untracked 
|  52|0x0000000083400000, 0x0000000083400000, 0x0000000083500000|  0%| F|  |TAMS 0x0000000083400000, 0x0000000083400000| Untracked 
|  53|0x0000000083500000, 0x0000000083500000, 0x0000000083600000|  0%| F|  |TAMS 0x0000000083500000, 0x0000000083500000| Untracked 
|  54|0x0000000083600000, 0x0000000083600000, 0x0000000083700000|  0%| F|  |TAMS 0x0000000083600000, 0x0000000083600000| Untracked 
|  55|0x0000000083700000, 0x0000000083700000, 0x0000000083800000|  0%| F|  |TAMS 0x0000000083700000, 0x0000000083700000| Untracked 
|  56|0x0000000083800000, 0x0000000083800000, 0x0000000083900000|  0%| F|  |TAMS 0x0000000083800000, 0x0000000083800000| Untracked 
|  57|0x0000000083900000, 0x0000000083a00000, 0x0000000083a00000|100%| E|  |TAMS 0x0000000083900000, 0x0000000083900000| Complete 
|  58|0x0000000083a00000, 0x0000000083b00000, 0x0000000083b00000|100%| E|CS|TAMS 0x0000000083a00000, 0x0000000083a00000| Complete 
|  59|0x0000000083b00000, 0x0000000083c00000, 0x0000000083c00000|100%| E|CS|TAMS 0x0000000083b00000, 0x0000000083b00000| Complete 
|  60|0x0000000083c00000, 0x0000000083d00000, 0x0000000083d00000|100%| E|CS|TAMS 0x0000000083c00000, 0x0000000083c00000| Complete 
|  61|0x0000000083d00000, 0x0000000083e00000, 0x0000000083e00000|100%| E|CS|TAMS 0x0000000083d00000, 0x0000000083d00000| Complete 
|  62|0x0000000083e00000, 0x0000000083f00000, 0x0000000083f00000|100%| E|CS|TAMS 0x0000000083e00000, 0x0000000083e00000| Complete 
|  63|0x0000000083f00000, 0x0000000084000000, 0x0000000084000000|100%| E|CS|TAMS 0x0000000083f00000, 0x0000000083f00000| Complete 
|  64|0x0000000084000000, 0x0000000084100000, 0x0000000084100000|100%| E|CS|TAMS 0x0000000084000000, 0x0000000084000000| Complete 
|  65|0x0000000084100000, 0x0000000084200000, 0x0000000084200000|100%| E|CS|TAMS 0x0000000084100000, 0x0000000084100000| Complete 
|  66|0x0000000084200000, 0x0000000084300000, 0x0000000084300000|100%| E|CS|TAMS 0x0000000084200000, 0x0000000084200000| Complete 
|  67|0x0000000084300000, 0x0000000084400000, 0x0000000084400000|100%| E|CS|TAMS 0x0000000084300000, 0x0000000084300000| Complete 
|  68|0x0000000084400000, 0x0000000084500000, 0x0000000084500000|100%| E|CS|TAMS 0x0000000084400000, 0x0000000084400000| Complete 
|  69|0x0000000084500000, 0x0000000084600000, 0x0000000084600000|100%| E|CS|TAMS 0x0000000084500000, 0x0000000084500000| Complete 
|  70|0x0000000084600000, 0x0000000084700000, 0x0000000084700000|100%| E|CS|TAMS 0x0000000084600000, 0x0000000084600000| Complete 
|  71|0x0000000084700000, 0x0000000084800000, 0x0000000084800000|100%| E|CS|TAMS 0x0000000084700000, 0x0000000084700000| Complete 
|  72|0x0000000084800000, 0x0000000084900000, 0x0000000084900000|100%| E|CS|TAMS 0x0000000084800000, 0x0000000084800000| Complete 
|  73|0x0000000084900000, 0x0000000084a00000, 0x0000000084a00000|100%| E|CS|TAMS 0x0000000084900000, 0x0000000084900000| Complete 
|  74|0x0000000084a00000, 0x0000000084b00000, 0x0000000084b00000|100%| E|CS|TAMS 0x0000000084a00000, 0x0000000084a00000| Complete 
|  75|0x0000000084b00000, 0x0000000084c00000, 0x0000000084c00000|100%| E|CS|TAMS 0x0000000084b00000, 0x0000000084b00000| Complete 
|  76|0x0000000084c00000, 0x0000000084d00000, 0x0000000084d00000|100%| E|CS|TAMS 0x0000000084c00000, 0x0000000084c00000| Complete 
|  77|0x0000000084d00000, 0x0000000084e00000, 0x0000000084e00000|100%| E|CS|TAMS 0x0000000084d00000, 0x0000000084d00000| Complete 
|  78|0x0000000084e00000, 0x0000000084f00000, 0x0000000084f00000|100%| E|CS|TAMS 0x0000000084e00000, 0x0000000084e00000| Complete 
|  79|0x0000000084f00000, 0x0000000085000000, 0x0000000085000000|100%| E|CS|TAMS 0x0000000084f00000, 0x0000000084f00000| Complete 
|  80|0x0000000085000000, 0x0000000085100000, 0x0000000085100000|100%| E|CS|TAMS 0x0000000085000000, 0x0000000085000000| Complete 
|  81|0x0000000085100000, 0x0000000085200000, 0x0000000085200000|100%| E|CS|TAMS 0x0000000085100000, 0x0000000085100000| Complete 
|  82|0x0000000085200000, 0x0000000085300000, 0x0000000085300000|100%| E|CS|TAMS 0x0000000085200000, 0x0000000085200000| Complete 
|  83|0x0000000085300000, 0x0000000085400000, 0x0000000085400000|100%| E|CS|TAMS 0x0000000085300000, 0x0000000085300000| Complete 
|  84|0x0000000085400000, 0x0000000085500000, 0x0000000085500000|100%| E|CS|TAMS 0x0000000085400000, 0x0000000085400000| Complete 
|  85|0x0000000085500000, 0x0000000085600000, 0x0000000085600000|100%| E|CS|TAMS 0x0000000085500000, 0x0000000085500000| Complete 
|  86|0x0000000085600000, 0x0000000085700000, 0x0000000085700000|100%| E|CS|TAMS 0x0000000085600000, 0x0000000085600000| Complete 
|  87|0x0000000085700000, 0x0000000085800000, 0x0000000085800000|100%| E|CS|TAMS 0x0000000085700000, 0x0000000085700000| Complete 
|  88|0x0000000085800000, 0x0000000085900000, 0x0000000085900000|100%| E|CS|TAMS 0x0000000085800000, 0x0000000085800000| Complete 
|  89|0x0000000085900000, 0x0000000085a00000, 0x0000000085a00000|100%| E|CS|TAMS 0x0000000085900000, 0x0000000085900000| Complete 
|  90|0x0000000085a00000, 0x0000000085b00000, 0x0000000085b00000|100%| E|CS|TAMS 0x0000000085a00000, 0x0000000085a00000| Complete 
|  91|0x0000000085b00000, 0x0000000085c00000, 0x0000000085c00000|100%| E|CS|TAMS 0x0000000085b00000, 0x0000000085b00000| Complete 
|  92|0x0000000085c00000, 0x0000000085d00000, 0x0000000085d00000|100%| E|CS|TAMS 0x0000000085c00000, 0x0000000085c00000| Complete 
|  93|0x0000000085d00000, 0x0000000085d51080, 0x0000000085e00000| 31%| S|CS|TAMS 0x0000000085d00000, 0x0000000085d00000| Complete 
|  94|0x0000000085e00000, 0x0000000085f00000, 0x0000000085f00000|100%| S|CS|TAMS 0x0000000085e00000, 0x0000000085e00000| Complete 
|  95|0x0000000085f00000, 0x0000000086000000, 0x0000000086000000|100%| E|CS|TAMS 0x0000000085f00000, 0x0000000085f00000| Complete 
|  96|0x0000000086000000, 0x0000000086100000, 0x0000000086100000|100%| E|CS|TAMS 0x0000000086000000, 0x0000000086000000| Complete 
|  97|0x0000000086100000, 0x0000000086200000, 0x0000000086200000|100%| E|CS|TAMS 0x0000000086100000, 0x0000000086100000| Complete 
|  98|0x0000000086200000, 0x0000000086300000, 0x0000000086300000|100%| E|CS|TAMS 0x0000000086200000, 0x0000000086200000| Complete 
|  99|0x0000000086300000, 0x0000000086400000, 0x0000000086400000|100%| E|CS|TAMS 0x0000000086300000, 0x0000000086300000| Complete 
| 100|0x0000000086400000, 0x0000000086500000, 0x0000000086500000|100%| E|CS|TAMS 0x0000000086400000, 0x0000000086400000| Complete 
| 101|0x0000000086500000, 0x0000000086600000, 0x0000000086600000|100%| E|CS|TAMS 0x0000000086500000, 0x0000000086500000| Complete 
| 102|0x0000000086600000, 0x0000000086700000, 0x0000000086700000|100%| E|CS|TAMS 0x0000000086600000, 0x0000000086600000| Complete 
| 103|0x0000000086700000, 0x0000000086800000, 0x0000000086800000|100%| E|CS|TAMS 0x0000000086700000, 0x0000000086700000| Complete 
| 104|0x0000000086800000, 0x0000000086900000, 0x0000000086900000|100%| E|CS|TAMS 0x0000000086800000, 0x0000000086800000| Complete 
| 105|0x0000000086900000, 0x0000000086a00000, 0x0000000086a00000|100%| E|CS|TAMS 0x0000000086900000, 0x0000000086900000| Complete 
| 106|0x0000000086a00000, 0x0000000086b00000, 0x0000000086b00000|100%| E|CS|TAMS 0x0000000086a00000, 0x0000000086a00000| Complete 
| 107|0x0000000086b00000, 0x0000000086c00000, 0x0000000086c00000|100%| E|CS|TAMS 0x0000000086b00000, 0x0000000086b00000| Complete 
| 108|0x0000000086c00000, 0x0000000086d00000, 0x0000000086d00000|100%| E|CS|TAMS 0x0000000086c00000, 0x0000000086c00000| Complete 
| 109|0x0000000086d00000, 0x0000000086e00000, 0x0000000086e00000|100%| E|CS|TAMS 0x0000000086d00000, 0x0000000086d00000| Complete 
| 110|0x0000000086e00000, 0x0000000086f00000, 0x0000000086f00000|100%| E|CS|TAMS 0x0000000086e00000, 0x0000000086e00000| Complete 
| 111|0x0000000086f00000, 0x0000000087000000, 0x0000000087000000|100%| E|CS|TAMS 0x0000000086f00000, 0x0000000086f00000| Complete 
| 112|0x0000000087000000, 0x0000000087100000, 0x0000000087100000|100%| E|CS|TAMS 0x0000000087000000, 0x0000000087000000| Complete 
| 113|0x0000000087100000, 0x0000000087200000, 0x0000000087200000|100%| E|CS|TAMS 0x0000000087100000, 0x0000000087100000| Complete 
| 114|0x0000000087200000, 0x0000000087300000, 0x0000000087300000|100%| E|CS|TAMS 0x0000000087200000, 0x0000000087200000| Complete 
| 115|0x0000000087300000, 0x0000000087400000, 0x0000000087400000|100%| E|CS|TAMS 0x0000000087300000, 0x0000000087300000| Complete 
| 116|0x0000000087400000, 0x0000000087500000, 0x0000000087500000|100%| E|CS|TAMS 0x0000000087400000, 0x0000000087400000| Complete 
| 117|0x0000000087500000, 0x0000000087600000, 0x0000000087600000|100%| E|CS|TAMS 0x0000000087500000, 0x0000000087500000| Complete 
| 118|0x0000000087600000, 0x0000000087700000, 0x0000000087700000|100%| E|CS|TAMS 0x0000000087600000, 0x0000000087600000| Complete 
| 119|0x0000000087700000, 0x0000000087800000, 0x0000000087800000|100%| E|CS|TAMS 0x0000000087700000, 0x0000000087700000| Complete 
| 120|0x0000000087800000, 0x0000000087900000, 0x0000000087900000|100%| E|CS|TAMS 0x0000000087800000, 0x0000000087800000| Complete 
| 121|0x0000000087900000, 0x0000000087a00000, 0x0000000087a00000|100%| E|CS|TAMS 0x0000000087900000, 0x0000000087900000| Complete 
| 122|0x0000000087a00000, 0x0000000087b00000, 0x0000000087b00000|100%| E|CS|TAMS 0x0000000087a00000, 0x0000000087a00000| Complete 
| 123|0x0000000087b00000, 0x0000000087c00000, 0x0000000087c00000|100%| E|CS|TAMS 0x0000000087b00000, 0x0000000087b00000| Complete 
| 124|0x0000000087c00000, 0x0000000087d00000, 0x0000000087d00000|100%| E|CS|TAMS 0x0000000087c00000, 0x0000000087c00000| Complete 
| 125|0x0000000087d00000, 0x0000000087e00000, 0x0000000087e00000|100%| E|CS|TAMS 0x0000000087d00000, 0x0000000087d00000| Complete 

Card table byte_map: [0x000001b4992f0000,0x000001b4996f0000] _byte_map_base: 0x000001b498ef0000

Marking Bits (Prev, Next): (CMBitMap*) 0x000001b48056b270, (CMBitMap*) 0x000001b48056b2b0
 Prev Bits: [0x000001b499af0000, 0x000001b49baf0000)
 Next Bits: [0x000001b49baf0000, 0x000001b49daf0000)

Polling page: 0x000001b480610000

Metaspace:

Usage:
  Non-class:     12.71 MB used.
      Class:      2.12 MB used.
       Both:     14.83 MB used.

Virtual space:
  Non-class space:       16.00 MB reserved,      12.88 MB ( 80%) committed,  2 nodes.
      Class space:        1.00 GB reserved,       2.25 MB ( <1%) committed,  1 nodes.
              Both:        1.02 GB reserved,      15.12 MB (  1%) committed. 

Chunk freelists:
   Non-Class:  2.84 MB
       Class:  1.70 MB
        Both:  4.54 MB

MaxMetaspaceSize: 17179869184.00 GB
CompressedClassSpaceSize: 1.00 GB
 - commit_granule_bytes: 65536.
 - commit_granule_words: 8192.
 - virtual_space_node_default_size: 1048576.
 - enlarge_chunks_in_place: 1.
 - new_chunks_are_fully_committed: 0.
 - uncommit_free_chunks: 1.
 - use_allocation_guard: 0.
 - handle_deallocations: 1.


Internal statistics:

num_allocs_failed_limit: 0.
num_arena_births: 160.
num_arena_deaths: 0.
num_vsnodes_births: 3.
num_vsnodes_deaths: 0.
num_space_committed: 242.
num_space_uncommitted: 0.
num_chunks_returned_to_freelist: 0.
num_chunks_taken_from_freelist: 641.
num_chunk_merges: 0.
num_chunk_splits: 440.
num_chunks_enlarged: 332.
num_purges: 0.

CodeHeap 'non-profiled nmethods': size=120000Kb used=1154Kb max_used=1154Kb free=118845Kb
 bounds [0x000001b490f50000, 0x000001b4911c0000, 0x000001b498480000]
CodeHeap 'profiled nmethods': size=120000Kb used=4203Kb max_used=4203Kb free=115796Kb
 bounds [0x000001b489a20000, 0x000001b489e40000, 0x000001b490f50000]
CodeHeap 'non-nmethods': size=5760Kb used=1240Kb max_used=1250Kb free=4519Kb
 bounds [0x000001b489480000, 0x000001b4896f0000, 0x000001b489a20000]
 total_blobs=2674 nmethods=2146 adapters=440
 compilation: enabled
              stopped_count=0, restarted_count=0
 full_count=0

Compilation events (20 events):
Event: 1.851 Thread 0x000001b4a05a1530 2125       3       org.gradle.internal.service.DefaultServiceRegistry$FactoryMethodService::<init> (22 bytes)
Event: 1.851 Thread 0x000001b4a05a1530 nmethod 2125 0x000001b489e31090 code [0x000001b489e312c0, 0x000001b489e31d48]
Event: 1.852 Thread 0x000001b4a059c7b0 nmethod 2123 0x000001b49106ed10 code [0x000001b49106eec0, 0x000001b49106f1d8]
Event: 1.856 Thread 0x000001b4a059c7b0 2126       4       java.security.CodeSource::getCertificates (98 bytes)
Event: 1.857 Thread 0x000001b4a059c7b0 nmethod 2126 0x000001b49106f590 code [0x000001b49106f720, 0x000001b49106f7d8]
Event: 1.858 Thread 0x000001b4a059c7b0 2127       4       java.lang.ref.SoftReference::get (29 bytes)
Event: 1.859 Thread 0x000001b4a059c7b0 nmethod 2127 0x000001b49106f890 code [0x000001b49106fa20, 0x000001b49106fb18]
Event: 1.860 Thread 0x000001b4a05a1530 2128       3       java.lang.Module::implIsExportedOrOpen (92 bytes)
Event: 1.860 Thread 0x000001b4a05a1530 nmethod 2128 0x000001b489e32090 code [0x000001b489e322c0, 0x000001b489e329f8]
Event: 1.862 Thread 0x000001b4a05a1530 2129       3       jdk.internal.reflect.ReflectionFactory::copyConstructor (11 bytes)
Event: 1.862 Thread 0x000001b4a059c7b0 2131   !   4       java.net.URLClassLoader::findClass (47 bytes)
Event: 1.862 Thread 0x000001b4a05a1530 nmethod 2129 0x000001b489e32b90 code [0x000001b489e32d40, 0x000001b489e32f48]
Event: 1.862 Thread 0x000001b4a05a1530 2130       3       java.lang.reflect.ReflectAccess::copyConstructor (5 bytes)
Event: 1.862 Thread 0x000001b4a05a1530 nmethod 2130 0x000001b489e33090 code [0x000001b489e33240, 0x000001b489e33388]
Event: 1.862 Thread 0x000001b4a05a1530 2132       3       java.lang.Class::privateGetDeclaredConstructors (79 bytes)
Event: 1.863 Thread 0x000001b4a05a1530 nmethod 2132 0x000001b489e33490 code [0x000001b489e33680, 0x000001b489e33bc8]
Event: 1.871 Thread 0x000001b4a05a1530 2133       3       org.gradle.internal.service.DefaultServiceRegistry$SingletonService::<init> (26 bytes)
Event: 1.871 Thread 0x000001b4a05a1530 nmethod 2133 0x000001b489e33d90 code [0x000001b489e33fa0, 0x000001b489e347a8]
Event: 1.871 Thread 0x000001b4a05a1530 2134       3       org.gradle.internal.service.DefaultServiceRegistry$ManagedObjectServiceProvider::<init> (21 bytes)
Event: 1.872 Thread 0x000001b4a05a1530 nmethod 2134 0x000001b489e34a10 code [0x000001b489e34c00, 0x000001b489e351f8]

GC Heap History (4 events):
Event: 0.447 GC heap before
{Heap before GC invocations=0 (full 0):
 garbage-first heap   total 129024K, used 28672K [0x0000000080000000, 0x0000000100000000)
  region size 1024K, 23 young (23552K), 0 survivors (0K)
 Metaspace       used 3126K, committed 3264K, reserved 1056768K
  class space    used 381K, committed 448K, reserved 1048576K
}
Event: 0.454 GC heap after
{Heap after GC invocations=1 (full 0):
 garbage-first heap   total 129024K, used 9027K [0x0000000080000000, 0x0000000100000000)
  region size 1024K, 3 young (3072K), 3 survivors (3072K)
 Metaspace       used 3126K, committed 3264K, reserved 1056768K
  class space    used 381K, committed 448K, reserved 1048576K
}
Event: 0.710 GC heap before
{Heap before GC invocations=1 (full 0):
 garbage-first heap   total 129024K, used 37699K [0x0000000080000000, 0x0000000100000000)
  region size 1024K, 31 young (31744K), 3 survivors (3072K)
 Metaspace       used 4046K, committed 4224K, reserved 1056768K
  class space    used 477K, committed 576K, reserved 1048576K
}
Event: 0.713 GC heap after
{Heap after GC invocations=2 (full 0):
 garbage-first heap   total 129024K, used 11329K [0x0000000080000000, 0x0000000100000000)
  region size 1024K, 2 young (2048K), 2 survivors (2048K)
 Metaspace       used 4046K, committed 4224K, reserved 1056768K
  class space    used 477K, committed 576K, reserved 1048576K
}

Deoptimization events (20 events):
Event: 1.617 Thread 0x000001b4a2825890 Uncommon trap: trap_request=0xffffffde fr.pc=0x000001b490f69194 relative=0x00000000000003b4
Event: 1.617 Thread 0x000001b4a2825890 Uncommon trap: reason=class_check action=maybe_recompile pc=0x000001b490f69194 method=java.util.regex.Matcher.match(II)Z @ 121 c2
Event: 1.617 Thread 0x000001b4a2825890 DEOPT PACKING pc=0x000001b490f69194 sp=0x00000053a62f9ed0
Event: 1.617 Thread 0x000001b4a2825890 DEOPT UNPACKING pc=0x000001b4894cf92e sp=0x00000053a62f9e90 mode 2
Event: 1.634 Thread 0x000001b4a2825890 Uncommon trap: trap_request=0xffffff45 fr.pc=0x000001b490fc54a0 relative=0x0000000000000200
Event: 1.634 Thread 0x000001b4a2825890 Uncommon trap: reason=unstable_if action=reinterpret pc=0x000001b490fc54a0 method=java.util.regex.Matcher.reset()Ljava/util/regex/Matcher; @ 71 c2
Event: 1.634 Thread 0x000001b4a2825890 DEOPT PACKING pc=0x000001b490fc54a0 sp=0x00000053a62f8d10
Event: 1.634 Thread 0x000001b4a2825890 DEOPT UNPACKING pc=0x000001b4894cf92e sp=0x00000053a62f8c98 mode 2
Event: 1.634 Thread 0x000001b4a2825890 Uncommon trap: trap_request=0xffffff45 fr.pc=0x000001b490f69200 relative=0x0000000000000420
Event: 1.634 Thread 0x000001b4a2825890 Uncommon trap: reason=unstable_if action=reinterpret pc=0x000001b490f69200 method=java.util.regex.Matcher.match(II)Z @ 76 c2
Event: 1.634 Thread 0x000001b4a2825890 DEOPT PACKING pc=0x000001b490f69200 sp=0x00000053a62f8d40
Event: 1.634 Thread 0x000001b4a2825890 DEOPT UNPACKING pc=0x000001b4894cf92e sp=0x00000053a62f8d10 mode 2
Event: 1.665 Thread 0x000001b4a2825890 Uncommon trap: trap_request=0xffffff45 fr.pc=0x000001b490f6d7d8 relative=0x0000000000000b38
Event: 1.665 Thread 0x000001b4a2825890 Uncommon trap: reason=unstable_if action=reinterpret pc=0x000001b490f6d7d8 method=java.io.WinNTFileSystem.resolve(Ljava/lang/String;Ljava/lang/String;)Ljava/lang/String; @ 19 c2
Event: 1.665 Thread 0x000001b4a2825890 DEOPT PACKING pc=0x000001b490f6d7d8 sp=0x00000053a62fb510
Event: 1.665 Thread 0x000001b4a2825890 DEOPT UNPACKING pc=0x000001b4894cf92e sp=0x00000053a62fb4b8 mode 2
Event: 1.666 Thread 0x000001b4a2825890 Uncommon trap: trap_request=0xffffff45 fr.pc=0x000001b490fcae38 relative=0x00000000000005f8
Event: 1.666 Thread 0x000001b4a2825890 Uncommon trap: reason=unstable_if action=reinterpret pc=0x000001b490fcae38 method=java.io.File.getName()Ljava/lang/String; @ 16 c2
Event: 1.666 Thread 0x000001b4a2825890 DEOPT PACKING pc=0x000001b490fcae38 sp=0x00000053a62fb4b0
Event: 1.666 Thread 0x000001b4a2825890 DEOPT UNPACKING pc=0x000001b4894cf92e sp=0x00000053a62fb480 mode 2

Classes unloaded (0 events):
No events

Classes redefined (0 events):
No events

Internal exceptions (20 events):
Event: 0.962 Thread 0x000001b48052cbb0 Exception <a 'java/lang/NoSuchMethodError'{0x0000000086d96ea8}: 'java.lang.Object java.lang.invoke.DirectMethodHandle$Holder.invokeStatic(java.lang.Object)'> (0x0000000086d96ea8) 
thrown [t:\workspace\open\src\hotspot\share\interpreter\linkResolver.cpp, line 790]
Event: 0.962 Thread 0x000001b48052cbb0 Exception <a 'java/lang/NoSuchMethodError'{0x0000000086d9a7c0}: 'java.lang.Object java.lang.invoke.DirectMethodHandle$Holder.invokeStaticInit(java.lang.Object)'> (0x0000000086d9a7c0) 
thrown [t:\workspace\open\src\hotspot\share\interpreter\linkResolver.cpp, line 790]
Event: 0.976 Thread 0x000001b48052cbb0 Exception <a 'java/lang/NoSuchMethodError'{0x0000000086db4d30}: 'java.lang.Object java.lang.invoke.DirectMethodHandle$Holder.invokeInterface(java.lang.Object, java.lang.Object)'> (0x0000000086db4d30) 
thrown [t:\workspace\open\src\hotspot\share\interpreter\linkResolver.cpp, line 790]
Event: 0.977 Thread 0x000001b48052cbb0 Exception <a 'java/lang/NoSuchMethodError'{0x0000000086dbd580}: 'java.lang.Object java.lang.invoke.DirectMethodHandle$Holder.invokeStaticInit(java.lang.Object, java.lang.Object, java.lang.Object)'> (0x0000000086dbd580) 
thrown [t:\workspace\open\src\hotspot\share\interpreter\linkResolver.cpp, line 790]
Event: 1.098 Thread 0x000001b48052cbb0 Exception <a 'java/lang/NoSuchMethodError'{0x00000000867cbe78}: 'java.lang.Object java.lang.invoke.DirectMethodHandle$Holder.invokeStaticInit(java.lang.Object, int, int, int, int)'> (0x00000000867cbe78) 
thrown [t:\workspace\open\src\hotspot\share\interpreter\linkResolver.cpp, line 790]
Event: 1.140 Thread 0x000001b48052cbb0 Exception <a 'java/lang/NoSuchMethodError'{0x000000008668d2e0}: 'java.lang.Object java.lang.invoke.DirectMethodHandle$Holder.invokeStaticInit(java.lang.Object, java.lang.Object, int, int, int, int)'> (0x000000008668d2e0) 
thrown [t:\workspace\open\src\hotspot\share\interpreter\linkResolver.cpp, line 790]
Event: 1.274 Thread 0x000001b48052cbb0 Exception <a 'java/lang/NoSuchMethodError'{0x000000008642c618}: 'void java.lang.invoke.DirectMethodHandle$Holder.invokeStatic(java.lang.Object, java.lang.Object, java.lang.Object)'> (0x000000008642c618) 
thrown [t:\workspace\open\src\hotspot\share\interpreter\linkResolver.cpp, line 790]
Event: 1.293 Thread 0x000001b48052cbb0 Exception <a 'java/io/IOException'{0x00000000864e21b8}> (0x00000000864e21b8) 
thrown [t:\workspace\open\src\hotspot\share\prims\jni.cpp, line 579]
Event: 1.417 Thread 0x000001b4a2825890 Exception <a 'java/lang/NoSuchMethodError'{0x0000000085b1e338}: 'long java.lang.invoke.DirectMethodHandle$Holder.invokeInterface(java.lang.Object, java.lang.Object)'> (0x0000000085b1e338) 
thrown [t:\workspace\open\src\hotspot\share\interpreter\linkResolver.cpp, line 790]
Event: 1.418 Thread 0x000001b4a2825890 Exception <a 'java/lang/NoSuchMethodError'{0x0000000085b2c9c0}: 'void java.lang.invoke.DelegatingMethodHandle$Holder.reinvoke_L(java.lang.Object, java.lang.Object, java.lang.Object, java.lang.Object, java.lang.Object, java.lang.Object, java.lang.Object)'> (0x0000000085b2c9c0) 
thrown [t:\workspace\open\src\hotspot\share\interpreter\linkResolver.cpp, line 790]
Event: 1.612 Thread 0x000001b4a2825890 Exception <a 'java/lang/NoSuchMethodError'{0x0000000084c7ee68}: 'void java.lang.invoke.DirectMethodHandle$Holder.invokeStaticInit(java.lang.Object)'> (0x0000000084c7ee68) 
thrown [t:\workspace\open\src\hotspot\share\interpreter\linkResolver.cpp, line 790]
Event: 1.623 Thread 0x000001b4a2825890 Exception <a 'java/lang/NoSuchMethodError'{0x0000000084b23f58}: 'java.lang.Object java.lang.invoke.DirectMethodHandle$Holder.newInvokeSpecial(java.lang.Object, java.lang.Object, java.lang.Object, int)'> (0x0000000084b23f58) 
thrown [t:\workspace\open\src\hotspot\share\interpreter\linkResolver.cpp, line 790]
Event: 1.624 Thread 0x000001b4a2825890 Exception <a 'java/lang/NoSuchMethodError'{0x0000000084b28ef0}: 'java.lang.Object java.lang.invoke.DirectMethodHandle$Holder.invokeSpecial(java.lang.Object, java.lang.Object, java.lang.Object, java.lang.Object, int)'> (0x0000000084b28ef0) 
thrown [t:\workspace\open\src\hotspot\share\interpreter\linkResolver.cpp, line 790]
Event: 1.624 Thread 0x000001b4a2825890 Exception <a 'java/lang/NoSuchMethodError'{0x0000000084b2d750}: 'java.lang.Object java.lang.invoke.Invokers$Holder.linkToTargetMethod(java.lang.Object, java.lang.Object, int, java.lang.Object)'> (0x0000000084b2d750) 
thrown [t:\workspace\open\src\hotspot\share\interpreter\linkResolver.cpp, line 790]
Event: 1.699 Thread 0x000001b4a2825890 Exception <a 'java/lang/NoSuchMethodError'{0x00000000846bf2f0}: 'int java.lang.invoke.DirectMethodHandle$Holder.invokeSpecialIFC(java.lang.Object, java.lang.Object, java.lang.Object, java.lang.Object)'> (0x00000000846bf2f0) 
thrown [t:\workspace\open\src\hotspot\share\interpreter\linkResolver.cpp, line 790]
Event: 1.701 Thread 0x000001b4a2825890 Exception <a 'java/lang/NoSuchMethodError'{0x00000000846ce6e8}: 'java.lang.Object java.lang.invoke.DirectMethodHandle$Holder.invokeInterface(java.lang.Object, java.lang.Object, java.lang.Object)'> (0x00000000846ce6e8) 
thrown [t:\workspace\open\src\hotspot\share\interpreter\linkResolver.cpp, line 790]
Event: 1.701 Thread 0x000001b4a2825890 Exception <a 'java/lang/IncompatibleClassChangeError'{0x00000000846d24d0}: Found class java.lang.Object, but interface was expected> (0x00000000846d24d0) 
thrown [t:\workspace\open\src\hotspot\share\interpreter\linkResolver.cpp, line 857]
Event: 1.745 Thread 0x000001b4a2825890 Exception <a 'java/lang/NoSuchMethodError'{0x00000000843b6c18}: 'int java.lang.invoke.DirectMethodHandle$Holder.invokeStatic(java.lang.Object, java.lang.Object, java.lang.Object, java.lang.Object)'> (0x00000000843b6c18) 
thrown [t:\workspace\open\src\hotspot\share\interpreter\linkResolver.cpp, line 790]
Event: 1.745 Thread 0x000001b4a2825890 Exception <a 'java/lang/NoSuchMethodError'{0x00000000843bacc0}: 'java.lang.Object java.lang.invoke.Invokers$Holder.invokeExact_MT(java.lang.Object, java.lang.Object, java.lang.Object, java.lang.Object, java.lang.Object, java.lang.Object)'> (0x00000000843bacc0) 
thrown [t:\workspace\open\src\hotspot\share\interpreter\linkResolver.cpp, line 790]
Event: 1.815 Thread 0x000001b4a2825890 Exception <a 'java/lang/NoSuchMethodError'{0x0000000083e6d968}: 'java.lang.Object java.lang.invoke.DirectMethodHandle$Holder.invokeSpecial(java.lang.Object, java.lang.Object, java.lang.Object, java.lang.Object, java.lang.Object, java.lang.Object, java.lang.Object, java.lang.Object, java.lang.Object)'> (0x0000000083e6d968) 
thrown [t:\workspace\open\src\hotspot\share\interpreter\linkResolver.cpp, line 790]

Events (20 events):
Event: 1.698 loading class java/nio/file/FileVisitor
Event: 1.698 loading class java/nio/file/FileVisitor done
Event: 1.698 loading class java/nio/file/FileVisitOption
Event: 1.698 loading class java/nio/file/FileVisitOption done
Event: 1.701 loading class java/util/stream/ReduceOps$1
Event: 1.701 loading class java/util/stream/ReduceOps$1 done
Event: 1.701 loading class java/util/stream/ReduceOps$1ReducingSink
Event: 1.701 loading class java/util/stream/ReduceOps$1ReducingSink done
Event: 1.706 loading class java/io/ObjectOutputStream
Event: 1.706 loading class java/io/ObjectOutput
Event: 1.706 loading class java/io/ObjectOutput done
Event: 1.706 loading class java/io/ObjectStreamConstants
Event: 1.706 loading class java/io/ObjectStreamConstants done
Event: 1.706 loading class java/io/ObjectOutputStream done
Event: 1.707 loading class java/io/ObjectInputStream
Event: 1.707 loading class java/io/ObjectInput
Event: 1.707 loading class java/io/ObjectInput done
Event: 1.707 loading class java/io/ObjectInputStream done
Event: 1.723 loading class java/lang/invoke/MethodHandle$1
Event: 1.724 loading class java/lang/invoke/MethodHandle$1 done


Dynamic libraries:
0x00007ff604b90000 - 0x00007ff604ba0000 	C:\Program Files\Java\jdk-16.0.2\bin\java.exe
0x00007ffa7dfd0000 - 0x00007ffa7e1c8000 	C:\WINDOWS\SYSTEM32\ntdll.dll
0x00007ffa7d110000 - 0x00007ffa7d1cd000 	C:\WINDOWS\System32\KERNEL32.DLL
0x00007ffa7bcc0000 - 0x00007ffa7bf8e000 	C:\WINDOWS\System32\KERNELBASE.dll
0x00007ffa7b6f0000 - 0x00007ffa7b7f0000 	C:\WINDOWS\System32\ucrtbase.dll
0x00007ffa63bc0000 - 0x00007ffa63bd8000 	C:\Program Files\Java\jdk-16.0.2\bin\jli.dll
0x00007ffa5e040000 - 0x00007ffa5e059000 	C:\Program Files\Java\jdk-16.0.2\bin\VCRUNTIME140.dll
0x00007ffa7cf10000 - 0x00007ffa7cfbe000 	C:\WINDOWS\System32\ADVAPI32.dll
0x00007ffa7c030000 - 0x00007ffa7c0ce000 	C:\WINDOWS\System32\msvcrt.dll
0x00007ffa7cbc0000 - 0x00007ffa7cc5c000 	C:\WINDOWS\System32\sechost.dll
0x00007ffa7cfc0000 - 0x00007ffa7d0e5000 	C:\WINDOWS\System32\RPCRT4.dll
0x00007ffa7c0d0000 - 0x00007ffa7c270000 	C:\WINDOWS\System32\USER32.dll
0x00007ffa7bbd0000 - 0x00007ffa7bbf2000 	C:\WINDOWS\System32\win32u.dll
0x00007ffa63420000 - 0x00007ffa636ba000 	C:\WINDOWS\WinSxS\amd64_microsoft.windows.common-controls_6595b64144ccf1df_6.0.19041.1110_none_60b5254171f9507e\COMCTL32.dll
0x00007ffa7c7c0000 - 0x00007ffa7c7ea000 	C:\WINDOWS\System32\GDI32.dll
0x00007ffa7b7f0000 - 0x00007ffa7b8fb000 	C:\WINDOWS\System32\gdi32full.dll
0x00007ffa7bf90000 - 0x00007ffa7c02d000 	C:\WINDOWS\System32\msvcp_win.dll
0x00007ffa753b0000 - 0x00007ffa753ba000 	C:\WINDOWS\SYSTEM32\VERSION.dll
0x00007ffa7cac0000 - 0x00007ffa7caf0000 	C:\WINDOWS\System32\IMM32.DLL
0x00007ffa63060000 - 0x00007ffa6306c000 	C:\Program Files\Java\jdk-16.0.2\bin\vcruntime140_1.dll
0x00007ffa46de0000 - 0x00007ffa46e71000 	C:\Program Files\Java\jdk-16.0.2\bin\msvcp140.dll
0x00007ffa2c9d0000 - 0x00007ffa2d57b000 	C:\Program Files\Java\jdk-16.0.2\bin\server\jvm.dll
0x00007ffa7df80000 - 0x00007ffa7df88000 	C:\WINDOWS\System32\PSAPI.DLL
0x00007ffa788c0000 - 0x00007ffa788c9000 	C:\WINDOWS\SYSTEM32\WSOCK32.dll
0x00007ffa79d20000 - 0x00007ffa79d47000 	C:\WINDOWS\SYSTEM32\WINMM.dll
0x00007ffa7cd00000 - 0x00007ffa7cd6b000 	C:\WINDOWS\System32\WS2_32.dll
0x00007ffa79fb0000 - 0x00007ffa79fc2000 	C:\WINDOWS\SYSTEM32\kernel.appcore.dll
0x00007ffa616b0000 - 0x00007ffa616ba000 	C:\Program Files\Java\jdk-16.0.2\bin\jimage.dll
0x00007ffa79b30000 - 0x00007ffa79d14000 	C:\WINDOWS\SYSTEM32\DBGHELP.DLL
0x00007ffa79af0000 - 0x00007ffa79b1c000 	C:\WINDOWS\SYSTEM32\dbgcore.DLL
0x00007ffa7bc00000 - 0x00007ffa7bc82000 	C:\WINDOWS\System32\bcryptPrimitives.dll
0x00007ffa55cd0000 - 0x00007ffa55cf5000 	C:\Program Files\Java\jdk-16.0.2\bin\java.dll
0x00007ffa7d830000 - 0x00007ffa7df74000 	C:\WINDOWS\System32\SHELL32.dll
0x00007ffa79350000 - 0x00007ffa79ae4000 	C:\WINDOWS\SYSTEM32\windows.storage.dll
0x00007ffa7c400000 - 0x00007ffa7c754000 	C:\WINDOWS\System32\combase.dll
0x00007ffa7b150000 - 0x00007ffa7b180000 	C:\WINDOWS\SYSTEM32\Wldp.dll
0x00007ffa7c350000 - 0x00007ffa7c3fd000 	C:\WINDOWS\System32\SHCORE.dll
0x00007ffa7c760000 - 0x00007ffa7c7b5000 	C:\WINDOWS\System32\shlwapi.dll
0x00007ffa7b630000 - 0x00007ffa7b64f000 	C:\WINDOWS\SYSTEM32\profapi.dll
0x00007ffa54b30000 - 0x00007ffa54b49000 	C:\Program Files\Java\jdk-16.0.2\bin\net.dll
0x00007ffa669e0000 - 0x00007ffa66aea000 	C:\WINDOWS\SYSTEM32\WINHTTP.dll
0x00007ffa7aeb0000 - 0x00007ffa7af1a000 	C:\WINDOWS\system32\mswsock.dll
0x00007ffa54b10000 - 0x00007ffa54b23000 	C:\Program Files\Java\jdk-16.0.2\bin\nio.dll
0x00007ffa545b0000 - 0x00007ffa545c8000 	C:\Program Files\Java\jdk-16.0.2\bin\zip.dll
0x00007ffa566b0000 - 0x00007ffa566c0000 	C:\Program Files\Java\jdk-16.0.2\bin\verify.dll
0x00007ffa67690000 - 0x00007ffa676b7000 	C:\Users\ITECH\.gradle\native\e1d6ef7f7dcc3fd88c89a11ec53ec762bb8ba0a96d01ffa2cd45eb1d1d8dd5c5\windows-amd64\native-platform.dll
0x00007ffa43020000 - 0x00007ffa43164000 	C:\Users\ITECH\.gradle\native\5664cfc778a61ccfe75a443a1ab52a65af34e5dc3c78e0209fed803814484fcb\windows-amd64\native-platform-file-events.dll
0x00007ffa53610000 - 0x00007ffa53619000 	C:\Program Files\Java\jdk-16.0.2\bin\management.dll
0x00007ffa53600000 - 0x00007ffa5360b000 	C:\Program Files\Java\jdk-16.0.2\bin\management_ext.dll
0x00007ffa7b0a0000 - 0x00007ffa7b0b8000 	C:\WINDOWS\SYSTEM32\CRYPTSP.dll
0x00007ffa7a7c0000 - 0x00007ffa7a7f4000 	C:\WINDOWS\system32\rsaenh.dll
0x00007ffa7bc90000 - 0x00007ffa7bcb7000 	C:\WINDOWS\System32\bcrypt.dll
0x00007ffa7b5f0000 - 0x00007ffa7b61e000 	C:\WINDOWS\SYSTEM32\USERENV.dll
0x00007ffa7b0c0000 - 0x00007ffa7b0cc000 	C:\WINDOWS\SYSTEM32\CRYPTBASE.dll
0x00007ffa7ab50000 - 0x00007ffa7ab8b000 	C:\WINDOWS\SYSTEM32\IPHLPAPI.DLL
0x00007ffa7cc60000 - 0x00007ffa7cc68000 	C:\WINDOWS\System32\NSI.dll
0x00007ffa6fca0000 - 0x00007ffa6fcb7000 	C:\WINDOWS\SYSTEM32\dhcpcsvc6.DLL
0x00007ffa71010000 - 0x00007ffa7102d000 	C:\WINDOWS\SYSTEM32\dhcpcsvc.DLL
0x00007ffa7aba0000 - 0x00007ffa7ac6a000 	C:\WINDOWS\SYSTEM32\DNSAPI.dll
0x00007ffa53420000 - 0x00007ffa5342e000 	C:\Program Files\Java\jdk-16.0.2\bin\sunmscapi.dll
0x00007ffa7b970000 - 0x00007ffa7bac6000 	C:\WINDOWS\System32\CRYPT32.dll
0x00007ffa7b1c0000 - 0x00007ffa7b1e7000 	C:\WINDOWS\SYSTEM32\ncrypt.dll
0x00007ffa7b180000 - 0x00007ffa7b1bb000 	C:\WINDOWS\SYSTEM32\NTASN1.dll
0x00007ffa53b40000 - 0x00007ffa53b47000 	C:\WINDOWS\system32\wshunix.dll

dbghelp: loaded successfully - version: 4.0.5 - missing functions: none
symbol engine: initialized successfully - sym options: 0x614 - pdb path: .;C:\Program Files\Java\jdk-16.0.2\bin;C:\WINDOWS\SYSTEM32;C:\WINDOWS\WinSxS\amd64_microsoft.windows.common-controls_6595b64144ccf1df_6.0.19041.1110_none_60b5254171f9507e;C:\Program Files\Java\jdk-16.0.2\bin\server;C:\Users\ITECH\.gradle\native\e1d6ef7f7dcc3fd88c89a11ec53ec762bb8ba0a96d01ffa2cd45eb1d1d8dd5c5\windows-amd64;C:\Users\ITECH\.gradle\native\5664cfc778a61ccfe75a443a1ab52a65af34e5dc3c78e0209fed803814484fcb\windows-amd64

VM Arguments:
jvm_args: --add-opens=java.base/java.util=ALL-UNNAMED --add-opens=java.base/java.lang=ALL-UNNAMED --add-opens=java.base/java.lang.invoke=ALL-UNNAMED --add-opens=java.base/java.util=ALL-UNNAMED --add-opens=java.prefs/java.util.prefs=ALL-UNNAMED --add-opens=java.prefs/java.util.prefs=ALL-UNNAMED --add-opens=java.base/java.nio.charset=ALL-UNNAMED --add-opens=java.base/java.net=ALL-UNNAMED --add-opens=java.base/java.util.concurrent.atomic=ALL-UNNAMED -Xmx2048m -Dfile.encoding=UTF-8 -Duser.country=US -Duser.language=en -Duser.variant 
java_command: org.gradle.launcher.daemon.bootstrap.GradleDaemon 7.3.3
java_class_path (initial): C:\Users\ITECH\.gradle\wrapper\dists\gradle-7.3.3-bin\6a41zxkdtcxs8rphpq6y0069z\gradle-7.3.3\lib\gradle-launcher-7.3.3.jar
Launcher Type: SUN_STANDARD

[Global flags]
     intx CICompilerCount                          = 4                                         {product} {ergonomic}
     uint ConcGCThreads                            = 2                                         {product} {ergonomic}
     uint G1ConcRefinementThreads                  = 8                                         {product} {ergonomic}
   size_t G1HeapRegionSize                         = 1048576                                   {product} {ergonomic}
    uintx GCDrainStackTargetSize                   = 64                                        {product} {ergonomic}
   size_t InitialHeapSize                          = 132120576                                 {product} {ergonomic}
   size_t MarkStackSize                            = 4194304                                   {product} {ergonomic}
   size_t MaxHeapSize                              = 2147483648                                {product} {command line}
   size_t MaxNewSize                               = 1287651328                                {product} {ergonomic}
   size_t MinHeapDeltaBytes                        = 1048576                                   {product} {ergonomic}
   size_t MinHeapSize                              = 8388608                                   {product} {ergonomic}
    uintx NonNMethodCodeHeapSize                   = 5839372                                {pd product} {ergonomic}
    uintx NonProfiledCodeHeapSize                  = 122909434                              {pd product} {ergonomic}
    uintx ProfiledCodeHeapSize                     = 122909434                              {pd product} {ergonomic}
    uintx ReservedCodeCacheSize                    = 251658240                              {pd product} {ergonomic}
     bool SegmentedCodeCache                       = true                                      {product} {ergonomic}
   size_t SoftMaxHeapSize                          = 2147483648                             {manageable} {ergonomic}
     bool UseCompressedClassPointers               = true                           {product lp64_product} {ergonomic}
     bool UseCompressedOops                        = true                           {product lp64_product} {ergonomic}
     bool UseG1GC                                  = true                                      {product} {ergonomic}
     bool UseLargePagesIndividualAllocation        = false                                  {pd product} {ergonomic}

Logging:
Log output configuration:
 #0: stdout all=warning uptime,level,tags
 #1: stderr all=off uptime,level,tags

Environment Variables:
JAVA_HOME=C:\Program Files\Java\jdk-16.0.2
PATH=C:\Program Files\Python37\Scripts\;C:\Program Files\Python37\;C:\ProgramData\Oracle\Java\javapath;C:\app\ITECH\product\11.2.0\dbhome_1\bin;C:\Program Files\Common Files\Oracle\Java\javapath;C:\Program Files (x86)\Common Files\Oracle\Java\javapath;C:\WINDOWS\system32;C:\WINDOWS;C:\WINDOWS\System32\Wbem;C:\WINDOWS\System32\WindowsPowerShell\v1.0\;C:\WINDOWS\System32\OpenSSH\;C:\Program Files\Microsoft SQL Server\130\Tools\Binn\;C:\Program Files\Microsoft SQL Server\Client SDK\ODBC\170\Tools\Binn\;C:\Program Files\dotnet\;C:\Program Files\nodejs\;C:\Program Files\Java\jdk-16.0.2\bin;C:\Program Files\Git\cmd;C:\Program Files\Java\jdk-16.0.2\bin;
USERNAME=ITECH
OS=Windows_NT
PROCESSOR_IDENTIFIER=Intel64 Family 6 Model 126 Stepping 5, GenuineIntel



---------------  S Y S T E M  ---------------

OS:
 Windows 10 , 64 bit Build 19041 (10.0.19041.1889)
OS uptime: 1 days 13:58 hours

CPU: total 8 (initial active 8) (4 cores per cpu, 2 threads per core) family 6 model 126 stepping 5 microcode 0xb0, cx8, cmov, fxsr, ht, mmx, 3dnowpref, sse, sse2, sse3, ssse3, sse4.1, sse4.2, popcnt, lzcnt, tsc, tscinvbit, avx, avx2, aes, erms, clmul, bmi1, bmi2, adx, avx512f, avx512dq, avx512cd, avx512bw, avx512vl, sha, fma, vzeroupper, avx512_vpopcntdq, avx512_vpclmulqdq, avx512_vaes, avx512_vnni, clflush, clflushopt, avx512_vmbi2, avx512_vmbi

Memory: 4k page, system-wide physical 7959M (1096M free)
TotalPageFile size 7959M (AvailPageFile size 5M)
current process WorkingSet (physical memory assigned to process): 199M, peak: 199M
current process commit charge ("private bytes"): 297M, peak: 297M

vm_info: Java HotSpot(TM) 64-Bit Server VM (16.0.2+7-67) for windows-amd64 JRE (16.0.2+7-67), built on Jun  8 2021 23:24:19 by "mach5one" with MS VC++ 16.7 (VS2019)

END.
