#
# There is insufficient memory for the Java Runtime Environment to continue.
# Native memory allocation (malloc) failed to allocate 904416 bytes for Chunk::new
# Possible reasons:
#   The system is out of physical RAM or swap space
#   The process is running with CompressedOops enabled, and the Java Heap may be blocking the growth of the native heap
# Possible solutions:
#   Reduce memory load on the system
#   Increase physical memory or swap space
#   Check if swap backing store is full
#   Decrease Java heap size (-Xmx/-Xms)
#   Decrease number of Java threads
#   Decrease Java thread stack sizes (-Xss)
#   Set larger code cache with -XX:ReservedCodeCacheSize=
#   JVM is running with Unscaled Compressed Oops mode in which the Java heap is
#     placed in the first 4GB address space. The Java Heap base address is the
#     maximum limit for the native heap growth. Please use -XX:HeapBaseMinAddress
#     to set the Java Heap base and to place the Java Heap above 4GB virtual address.
# This output file may be truncated or incomplete.
#
#  Out of Memory Error (arena.cpp:195), pid=5412, tid=12396
#
# JRE version: Java(TM) SE Runtime Environment (16.0.2+7) (build 16.0.2+7-67)
# Java VM: Java HotSpot(TM) 64-Bit Server VM (16.0.2+7-67, mixed mode, sharing, tiered, compressed oops, compressed class ptrs, g1 gc, windows-amd64)
# No core dump will be written. Minidumps are not enabled by default on client versions of Windows
#

---------------  S U M M A R Y ------------

Command Line: --add-opens=java.base/java.util=ALL-UNNAMED --add-opens=java.base/java.lang=ALL-UNNAMED --add-opens=java.base/java.lang.invoke=ALL-UNNAMED --add-opens=java.base/java.util=ALL-UNNAMED --add-opens=java.prefs/java.util.prefs=ALL-UNNAMED --add-opens=java.prefs/java.util.prefs=ALL-UNNAMED --add-opens=java.base/java.nio.charset=ALL-UNNAMED --add-opens=java.base/java.net=ALL-UNNAMED --add-opens=java.base/java.util.concurrent.atomic=ALL-UNNAMED -Xmx2048m -Dfile.encoding=UTF-8 -Duser.country=US -Duser.language=en -Duser.variant org.gradle.launcher.daemon.bootstrap.GradleDaemon 7.3.3

Host: Intel(R) Core(TM) i7-1065G7 CPU @ 1.30GHz, 8 cores, 7G,  Windows 10 , 64 bit Build 19041 (10.0.19041.1889)
Time: Sat Aug 20 19:42:11 2022 Egypt Standard Time elapsed time: 11.855884 seconds (0d 0h 0m 11s)

---------------  T H R E A D  ---------------

Current thread (0x000001e2bd7bcbe0):  JavaThread "C2 CompilerThread0" daemon [_thread_in_native, id=12396, stack(0x000000aee8200000,0x000000aee8300000)]


Current CompileTask:
C2:  11855 10212   !   4       com.google.common.reflect.TypeVisitor::visit (244 bytes)

Stack: [0x000000aee8200000,0x000000aee8300000]
Native frames: (J=compiled Java code, j=interpreted, Vv=VM code, C=native code)
V  [jvm.dll+0x6681ca]
V  [jvm.dll+0x7c9e69]
V  [jvm.dll+0x7cb61e]
V  [jvm.dll+0x7cbc73]
V  [jvm.dll+0x242c55]
V  [jvm.dll+0xadeba]
V  [jvm.dll+0xae45c]
V  [jvm.dll+0x2a4cdf]
V  [jvm.dll+0x573c29]
V  [jvm.dll+0x21e905]
V  [jvm.dll+0x217c01]
V  [jvm.dll+0x214ffc]
V  [jvm.dll+0x1a1beb]
V  [jvm.dll+0x225158]
V  [jvm.dll+0x22319c]
V  [jvm.dll+0x77fa62]
V  [jvm.dll+0x7795aa]
V  [jvm.dll+0x667066]
C  [ucrtbase.dll+0x21bb2]
C  [KERNEL32.DLL+0x17034]
C  [ntdll.dll+0x52651]


---------------  P R O C E S S  ---------------

Threads class SMR info:
_java_thread_list=0x000001e2c47d1980, length=146, elements={
0x000001e29f6cca00, 0x000001e2bd79ae00, 0x000001e2bd79b910, 0x000001e2bd7a94a0,
0x000001e2bd7abec0, 0x000001e2bd7b07f0, 0x000001e2bd7b2110, 0x000001e2bd7bcbe0,
0x000001e2bd7c8170, 0x000001e2bd7d26d0, 0x000001e2be4e1c30, 0x000001e2be4e2150,
0x000001e2be5329d0, 0x000001e2be946ef0, 0x000001e2c03ea3d0, 0x000001e2bf1acaf0,
0x000001e2bffc7a60, 0x000001e2c0207200, 0x000001e2bfd070d0, 0x000001e2bf60f2b0,
0x000001e2beff44f0, 0x000001e2beff2fb0, 0x000001e2beff54e0, 0x000001e2beff3500,
0x000001e2beff4a40, 0x000001e2beff3a50, 0x000001e2beff5a30, 0x000001e2beff5f80,
0x000001e2c0f37930, 0x000001e2c0f36e90, 0x000001e2c0f3b3a0, 0x000001e2c0f3a900,
0x000001e2c0f37e80, 0x000001e2c0f3c390, 0x000001e2c0f363f0, 0x000001e2c0f3b8f0,
0x000001e2c0f3a3b0, 0x000001e2c0f383d0, 0x000001e2c0f34eb0, 0x000001e2c0f35400,
0x000001e2c0f35950, 0x000001e2c0f35ea0, 0x000001e2c0f36940, 0x000001e2c0f393c0,
0x000001e2c0f39e60, 0x000001e2c3f409b0, 0x000001e2c3f3c4a0, 0x000001e2c3f40f00,
0x000001e2c3f3ef20, 0x000001e2c3f42ee0, 0x000001e2c3f42990, 0x000001e2c3f3f9c0,
0x000001e2c3f3d490, 0x000001e2c3f3d9e0, 0x000001e2c3f43430, 0x000001e2c3f3df30,
0x000001e2c3f3ba00, 0x000001e2c3f41450, 0x000001e2c3f419a0, 0x000001e2c3f3e480,
0x000001e2c3f3bf50, 0x000001e2c3f41ef0, 0x000001e2c3f3c9f0, 0x000001e2c3f3cf40,
0x000001e2c3f42440, 0x000001e2c3f3e9d0, 0x000001e2c3f3f470, 0x000001e2c3f3ff10,
0x000001e2c3f40460, 0x000001e2c43b7850, 0x000001e2c43b5870, 0x000001e2c43b5dc0,
0x000001e2c43b92e0, 0x000001e2c43b4dd0, 0x000001e2c43b8840, 0x000001e2c43b3340,
0x000001e2c43b3de0, 0x000001e2c43b8d90, 0x000001e2c43b9830, 0x000001e2c43b6310,
0x000001e2c43b6860, 0x000001e2c43b82f0, 0x000001e2c43b7da0, 0x000001e2c43b28a0,
0x000001e2c43b4330, 0x000001e2c43b6db0, 0x000001e2c43b4880, 0x000001e2c43b2df0,
0x000001e2c43b1e00, 0x000001e2c43b5320, 0x000001e2c43b7300, 0x000001e2c43b2350,
0x000001e2c43b3890, 0x000001e2c3d23d30, 0x000001e2c3d222a0, 0x000001e2c3d27cf0,
0x000001e2c3d22d40, 0x000001e2c3d27250, 0x000001e2c3d21800, 0x000001e2c3d247d0,
0x000001e2c3d227f0, 0x000001e2c3d277a0, 0x000001e2c3d28790, 0x000001e2c3d20d60,
0x000001e2c3d28240, 0x000001e2c3d23290, 0x000001e2c3d24280, 0x000001e2c3d25270,
0x000001e2c3d21d50, 0x000001e2c3d212b0, 0x000001e2c3d237e0, 0x000001e2c3d267b0,
0x000001e2c3d24d20, 0x000001e2c3d257c0, 0x000001e2c3d25d10, 0x000001e2c3d26260,
0x000001e2c3d26d00, 0x000001e2c4a99a40, 0x000001e2c4a9ca10, 0x000001e2c4a97fb0,
0x000001e2c4a9cf60, 0x000001e2c4a9bf70, 0x000001e2c4a96520, 0x000001e2c4a9af80,
0x000001e2c4a95a80, 0x000001e2c4a9a4e0, 0x000001e2c4a98a50, 0x000001e2c4a9d4b0,
0x000001e2c4a9c4c0, 0x000001e2c4a96fc0, 0x000001e2c4a9ba20, 0x000001e2c4a98fa0,
0x000001e2c4a97510, 0x000001e2c4a9aa30, 0x000001e2c4a97a60, 0x000001e2c4a98500,
0x000001e2beff3fa0, 0x000001e2be918b80, 0x000001e2be91d090, 0x000001e2be91bb50,
0x000001e2be91cb40, 0x000001e2be91b600, 0x000001e2be919620, 0x000001e2be91e080,
0x000001e2be91a610, 0x000001e2be91ab60
}

Java Threads: ( => current thread )
  0x000001e29f6cca00 JavaThread "main" [_thread_blocked, id=10644, stack(0x000000aee7500000,0x000000aee7600000)]
  0x000001e2bd79ae00 JavaThread "Reference Handler" daemon [_thread_blocked, id=9520, stack(0x000000aee7c00000,0x000000aee7d00000)]
  0x000001e2bd79b910 JavaThread "Finalizer" daemon [_thread_blocked, id=4704, stack(0x000000aee7d00000,0x000000aee7e00000)]
  0x000001e2bd7a94a0 JavaThread "Signal Dispatcher" daemon [_thread_blocked, id=1876, stack(0x000000aee7e00000,0x000000aee7f00000)]
  0x000001e2bd7abec0 JavaThread "Attach Listener" daemon [_thread_blocked, id=2748, stack(0x000000aee7f00000,0x000000aee8000000)]
  0x000001e2bd7b07f0 JavaThread "Service Thread" daemon [_thread_blocked, id=12460, stack(0x000000aee8000000,0x000000aee8100000)]
  0x000001e2bd7b2110 JavaThread "Monitor Deflation Thread" daemon [_thread_blocked, id=4500, stack(0x000000aee8100000,0x000000aee8200000)]
=>0x000001e2bd7bcbe0 JavaThread "C2 CompilerThread0" daemon [_thread_in_native, id=12396, stack(0x000000aee8200000,0x000000aee8300000)]
  0x000001e2bd7c8170 JavaThread "C1 CompilerThread0" daemon [_thread_in_vm, id=10676, stack(0x000000aee8300000,0x000000aee8400000)]
  0x000001e2bd7d26d0 JavaThread "Sweeper thread" daemon [_thread_blocked, id=8864, stack(0x000000aee8400000,0x000000aee8500000)]
  0x000001e2be4e1c30 JavaThread "Common-Cleaner" daemon [_thread_blocked, id=11640, stack(0x000000aee8500000,0x000000aee8600000)]
  0x000001e2be4e2150 JavaThread "Notification Thread" daemon [_thread_blocked, id=2520, stack(0x000000aee8600000,0x000000aee8700000)]
  0x000001e2be5329d0 JavaThread "C2 CompilerThread1" daemon [_thread_in_vm, id=9852, stack(0x000000aee8800000,0x000000aee8900000)]
  0x000001e2be946ef0 JavaThread "C2 CompilerThread2" daemon [_thread_in_native, id=7204, stack(0x000000aee8900000,0x000000aee8a00000)]
  0x000001e2c03ea3d0 JavaThread "Daemon health stats" [_thread_blocked, id=12448, stack(0x000000aee8e00000,0x000000aee8f00000)]
  0x000001e2bf1acaf0 JavaThread "Incoming local TCP Connector on port 64412" [_thread_in_native, id=2296, stack(0x000000aee8f00000,0x000000aee9000000)]
  0x000001e2bffc7a60 JavaThread "Daemon periodic checks" [_thread_blocked, id=11536, stack(0x000000aee9000000,0x000000aee9100000)]
  0x000001e2c0207200 JavaThread "Daemon" [_thread_blocked, id=4040, stack(0x000000aee9100000,0x000000aee9200000)]
  0x000001e2bfd070d0 JavaThread "Handler for socket connection from /127.0.0.1:64412 to /127.0.0.1:64413" [_thread_in_native, id=8668, stack(0x000000aee9200000,0x000000aee9300000)]
  0x000001e2bf60f2b0 JavaThread "Cancel handler" [_thread_blocked, id=4976, stack(0x000000aee9300000,0x000000aee9400000)]
  0x000001e2beff44f0 JavaThread "Daemon worker" [_thread_blocked, id=10316, stack(0x000000aee9400000,0x000000aee9500000)]
  0x000001e2beff2fb0 JavaThread "Asynchronous log dispatcher for DefaultDaemonConnection: socket connection from /127.0.0.1:64412 to /127.0.0.1:64413" [_thread_blocked, id=11404, stack(0x000000aee9500000,0x000000aee9600000)]
  0x000001e2beff54e0 JavaThread "Stdin handler" [_thread_blocked, id=7632, stack(0x000000aee9600000,0x000000aee9700000)]
  0x000001e2beff3500 JavaThread "Daemon client event forwarder" [_thread_blocked, id=12340, stack(0x000000aee9700000,0x000000aee9800000)]
  0x000001e2beff4a40 JavaThread "Cache worker for journal cache (C:\Users\ITECH\.gradle\caches\journal-1)" [_thread_blocked, id=9888, stack(0x000000aee9800000,0x000000aee9900000)]
  0x000001e2beff3a50 JavaThread "File lock request listener" [_thread_in_native, id=11840, stack(0x000000aee9900000,0x000000aee9a00000)]
  0x000001e2beff5a30 JavaThread "Cache worker for file hash cache (C:\Users\ITECH\.gradle\caches\7.3.3\fileHashes)" [_thread_blocked, id=9124, stack(0x000000aee9a00000,0x000000aee9b00000)]
  0x000001e2beff5f80 JavaThread "Cache worker for file hash cache (C:\Users\ITECH\AndroidStudioProjects\yummy\.gradle\7.3.3\fileHashes)" [_thread_blocked, id=8424, stack(0x000000aee9e00000,0x000000aee9f00000)]
  0x000001e2c0f37930 JavaThread "File watcher server" daemon [_thread_in_native, id=12528, stack(0x000000aee9f00000,0x000000aeea000000)]
  0x000001e2c0f36e90 JavaThread "File watcher consumer" daemon [_thread_blocked, id=10116, stack(0x000000aeea000000,0x000000aeea100000)]
  0x000001e2c0f3b3a0 JavaThread "Cache worker for checksums cache (C:\Users\ITECH\AndroidStudioProjects\yummy\.gradle\7.3.3\checksums)" [_thread_blocked, id=3336, stack(0x000000aeea100000,0x000000aeea200000)]
  0x000001e2c0f3a900 JavaThread "Cache worker for cache directory md-supplier (C:\Users\ITECH\.gradle\caches\7.3.3\md-supplier)" [_thread_blocked, id=6836, stack(0x000000aeea200000,0x000000aeea300000)]
  0x000001e2c0f37e80 JavaThread "Cache worker for cache directory md-rule (C:\Users\ITECH\.gradle\caches\7.3.3\md-rule)" [_thread_blocked, id=13212, stack(0x000000aeea300000,0x000000aeea400000)]
  0x000001e2c0f3c390 JavaThread "Cache worker for execution history cache (C:\Users\ITECH\.gradle\caches\7.3.3\executionHistory)" [_thread_blocked, id=12188, stack(0x000000aeea500000,0x000000aeea600000)]
  0x000001e2c0f363f0 JavaThread "jar transforms" [_thread_blocked, id=9608, stack(0x000000aeea600000,0x000000aeea700000)]
  0x000001e2c0f3b8f0 JavaThread "Cache worker for file content cache (C:\Users\ITECH\.gradle\caches\7.3.3\fileContent)" [_thread_blocked, id=8336, stack(0x000000aeea700000,0x000000aeea800000)]
  0x000001e2c0f3a3b0 JavaThread "jar transforms Thread 2" [_thread_blocked, id=8884, stack(0x000000aeea800000,0x000000aeea900000)]
  0x000001e2c0f383d0 JavaThread "Cache worker for dependencies-accessors (C:\Users\ITECH\AndroidStudioProjects\yummy\.gradle\7.3.3\dependencies-accessors)" [_thread_blocked, id=11716, stack(0x000000aeea900000,0x000000aeeaa00000)]
  0x000001e2c0f34eb0 JavaThread "jar transforms Thread 3" [_thread_blocked, id=12772, stack(0x000000aeeaa00000,0x000000aeeab00000)]
  0x000001e2c0f35400 JavaThread "Cache worker for Build Output Cleanup Cache (C:\Users\ITECH\AndroidStudioProjects\yummy\.gradle\buildOutputCleanup)" [_thread_blocked, id=9784, stack(0x000000aeeab00000,0x000000aeeac00000)]
  0x000001e2c0f35950 JavaThread "Unconstrained build operations" [_thread_blocked, id=6316, stack(0x000000aeeac00000,0x000000aeead00000)]
  0x000001e2c0f35ea0 JavaThread "Unconstrained build operations Thread 2" [_thread_blocked, id=4572, stack(0x000000aeead00000,0x000000aeeae00000)]
  0x000001e2c0f36940 JavaThread "Unconstrained build operations Thread 3" [_thread_blocked, id=7260, stack(0x000000aeeae00000,0x000000aeeaf00000)]
  0x000001e2c0f393c0 JavaThread "Unconstrained build operations Thread 4" [_thread_blocked, id=5580, stack(0x000000aeeaf00000,0x000000aeeb000000)]
  0x000001e2c0f39e60 JavaThread "Unconstrained build operations Thread 5" [_thread_blocked, id=11696, stack(0x000000aeeb000000,0x000000aeeb100000)]
  0x000001e2c3f409b0 JavaThread "Unconstrained build operations Thread 6" [_thread_blocked, id=11084, stack(0x000000aeeb100000,0x000000aeeb200000)]
  0x000001e2c3f3c4a0 JavaThread "Unconstrained build operations Thread 7" [_thread_blocked, id=8284, stack(0x000000aeeb200000,0x000000aeeb300000)]
  0x000001e2c3f40f00 JavaThread "Unconstrained build operations Thread 8" [_thread_blocked, id=12516, stack(0x000000aeeb300000,0x000000aeeb400000)]
  0x000001e2c3f3ef20 JavaThread "Unconstrained build operations Thread 9" [_thread_blocked, id=11500, stack(0x000000aeeb400000,0x000000aeeb500000)]
  0x000001e2c3f42ee0 JavaThread "Unconstrained build operations Thread 10" [_thread_blocked, id=1868, stack(0x000000aeeb500000,0x000000aeeb600000)]
  0x000001e2c3f42990 JavaThread "Unconstrained build operations Thread 11" [_thread_blocked, id=2432, stack(0x000000aeeb600000,0x000000aeeb700000)]
  0x000001e2c3f3f9c0 JavaThread "Unconstrained build operations Thread 12" [_thread_blocked, id=7112, stack(0x000000aeeb700000,0x000000aeeb800000)]
  0x000001e2c3f3d490 JavaThread "Unconstrained build operations Thread 13" [_thread_blocked, id=7580, stack(0x000000aeeb800000,0x000000aeeb900000)]
  0x000001e2c3f3d9e0 JavaThread "Unconstrained build operations Thread 14" [_thread_blocked, id=10048, stack(0x000000aeeb900000,0x000000aeeba00000)]
  0x000001e2c3f43430 JavaThread "Unconstrained build operations Thread 15" [_thread_blocked, id=3968, stack(0x000000aeeba00000,0x000000aeebb00000)]
  0x000001e2c3f3df30 JavaThread "Unconstrained build operations Thread 16" [_thread_blocked, id=2116, stack(0x000000aeebb00000,0x000000aeebc00000)]
  0x000001e2c3f3ba00 JavaThread "Unconstrained build operations Thread 17" [_thread_blocked, id=12360, stack(0x000000aeebc00000,0x000000aeebd00000)]
  0x000001e2c3f41450 JavaThread "Unconstrained build operations Thread 18" [_thread_blocked, id=8768, stack(0x000000aeebd00000,0x000000aeebe00000)]
  0x000001e2c3f419a0 JavaThread "Unconstrained build operations Thread 19" [_thread_blocked, id=3624, stack(0x000000aeebe00000,0x000000aeebf00000)]
  0x000001e2c3f3e480 JavaThread "Unconstrained build operations Thread 20" [_thread_blocked, id=5692, stack(0x000000aeebf00000,0x000000aeec000000)]
  0x000001e2c3f3bf50 JavaThread "Unconstrained build operations Thread 21" [_thread_blocked, id=7648, stack(0x000000aeec000000,0x000000aeec100000)]
  0x000001e2c3f41ef0 JavaThread "Unconstrained build operations Thread 22" [_thread_blocked, id=12712, stack(0x000000aeec100000,0x000000aeec200000)]
  0x000001e2c3f3c9f0 JavaThread "Unconstrained build operations Thread 23" [_thread_blocked, id=12220, stack(0x000000aeec200000,0x000000aeec300000)]
  0x000001e2c3f3cf40 JavaThread "Unconstrained build operations Thread 24" [_thread_blocked, id=9452, stack(0x000000aeec300000,0x000000aeec400000)]
  0x000001e2c3f42440 JavaThread "Unconstrained build operations Thread 25" [_thread_blocked, id=1640, stack(0x000000aeec400000,0x000000aeec500000)]
  0x000001e2c3f3e9d0 JavaThread "Unconstrained build operations Thread 26" [_thread_blocked, id=11192, stack(0x000000aeec500000,0x000000aeec600000)]
  0x000001e2c3f3f470 JavaThread "Unconstrained build operations Thread 27" [_thread_blocked, id=6112, stack(0x000000aeec600000,0x000000aeec700000)]
  0x000001e2c3f3ff10 JavaThread "Unconstrained build operations Thread 28" [_thread_blocked, id=7220, stack(0x000000aeec700000,0x000000aeec800000)]
  0x000001e2c3f40460 JavaThread "Unconstrained build operations Thread 29" [_thread_blocked, id=8024, stack(0x000000aeec800000,0x000000aeec900000)]
  0x000001e2c43b7850 JavaThread "Unconstrained build operations Thread 30" [_thread_blocked, id=3932, stack(0x000000aeec900000,0x000000aeeca00000)]
  0x000001e2c43b5870 JavaThread "Unconstrained build operations Thread 31" [_thread_blocked, id=9168, stack(0x000000aeeca00000,0x000000aeecb00000)]
  0x000001e2c43b5dc0 JavaThread "Unconstrained build operations Thread 32" [_thread_blocked, id=13184, stack(0x000000aeecb00000,0x000000aeecc00000)]
  0x000001e2c43b92e0 JavaThread "Unconstrained build operations Thread 33" [_thread_blocked, id=3976, stack(0x000000aeecc00000,0x000000aeecd00000)]
  0x000001e2c43b4dd0 JavaThread "Unconstrained build operations Thread 34" [_thread_blocked, id=8644, stack(0x000000aeecd00000,0x000000aeece00000)]
  0x000001e2c43b8840 JavaThread "Unconstrained build operations Thread 35" [_thread_blocked, id=5528, stack(0x000000aeece00000,0x000000aeecf00000)]
  0x000001e2c43b3340 JavaThread "Unconstrained build operations Thread 36" [_thread_blocked, id=8136, stack(0x000000aeecf00000,0x000000aeed000000)]
  0x000001e2c43b3de0 JavaThread "Unconstrained build operations Thread 37" [_thread_blocked, id=9232, stack(0x000000aeed000000,0x000000aeed100000)]
  0x000001e2c43b8d90 JavaThread "Unconstrained build operations Thread 38" [_thread_blocked, id=7908, stack(0x000000aeed100000,0x000000aeed200000)]
  0x000001e2c43b9830 JavaThread "Unconstrained build operations Thread 39" [_thread_blocked, id=3256, stack(0x000000aeed200000,0x000000aeed300000)]
  0x000001e2c43b6310 JavaThread "Unconstrained build operations Thread 40" [_thread_blocked, id=11356, stack(0x000000aeed300000,0x000000aeed400000)]
  0x000001e2c43b6860 JavaThread "Unconstrained build operations Thread 41" [_thread_blocked, id=4564, stack(0x000000aeed400000,0x000000aeed500000)]
  0x000001e2c43b82f0 JavaThread "Unconstrained build operations Thread 42" [_thread_blocked, id=1188, stack(0x000000aeed500000,0x000000aeed600000)]
  0x000001e2c43b7da0 JavaThread "Unconstrained build operations Thread 43" [_thread_blocked, id=6812, stack(0x000000aeed600000,0x000000aeed700000)]
  0x000001e2c43b28a0 JavaThread "Unconstrained build operations Thread 44" [_thread_blocked, id=7520, stack(0x000000aeed700000,0x000000aeed800000)]
  0x000001e2c43b4330 JavaThread "Unconstrained build operations Thread 45" [_thread_blocked, id=4152, stack(0x000000aeed800000,0x000000aeed900000)]
  0x000001e2c43b6db0 JavaThread "Unconstrained build operations Thread 46" [_thread_blocked, id=11180, stack(0x000000aeed900000,0x000000aeeda00000)]
  0x000001e2c43b4880 JavaThread "Unconstrained build operations Thread 47" [_thread_blocked, id=11196, stack(0x000000aeeda00000,0x000000aeedb00000)]
  0x000001e2c43b2df0 JavaThread "Unconstrained build operations Thread 48" [_thread_blocked, id=8524, stack(0x000000aeedb00000,0x000000aeedc00000)]
  0x000001e2c43b1e00 JavaThread "Unconstrained build operations Thread 49" [_thread_blocked, id=11496, stack(0x000000aeedc00000,0x000000aeedd00000)]
  0x000001e2c43b5320 JavaThread "Unconstrained build operations Thread 50" [_thread_blocked, id=4024, stack(0x000000aeedd00000,0x000000aeede00000)]
  0x000001e2c43b7300 JavaThread "Unconstrained build operations Thread 51" [_thread_blocked, id=4816, stack(0x000000aeede00000,0x000000aeedf00000)]
  0x000001e2c43b2350 JavaThread "Unconstrained build operations Thread 52" [_thread_blocked, id=12844, stack(0x000000aeedf00000,0x000000aeee000000)]
  0x000001e2c43b3890 JavaThread "Unconstrained build operations Thread 53" [_thread_blocked, id=11792, stack(0x000000aeee000000,0x000000aeee100000)]
  0x000001e2c3d23d30 JavaThread "Unconstrained build operations Thread 54" [_thread_blocked, id=8272, stack(0x000000aeee100000,0x000000aeee200000)]
  0x000001e2c3d222a0 JavaThread "Unconstrained build operations Thread 55" [_thread_blocked, id=10300, stack(0x000000aeee200000,0x000000aeee300000)]
  0x000001e2c3d27cf0 JavaThread "Unconstrained build operations Thread 56" [_thread_blocked, id=9824, stack(0x000000aeee300000,0x000000aeee400000)]
  0x000001e2c3d22d40 JavaThread "Unconstrained build operations Thread 57" [_thread_blocked, id=8660, stack(0x000000aeee400000,0x000000aeee500000)]
  0x000001e2c3d27250 JavaThread "Unconstrained build operations Thread 58" [_thread_blocked, id=6908, stack(0x000000aeee500000,0x000000aeee600000)]
  0x000001e2c3d21800 JavaThread "Unconstrained build operations Thread 59" [_thread_blocked, id=5604, stack(0x000000aeee600000,0x000000aeee700000)]
  0x000001e2c3d247d0 JavaThread "Unconstrained build operations Thread 60" [_thread_blocked, id=2292, stack(0x000000aeee700000,0x000000aeee800000)]
  0x000001e2c3d227f0 JavaThread "Unconstrained build operations Thread 61" [_thread_blocked, id=4288, stack(0x000000aeee800000,0x000000aeee900000)]
  0x000001e2c3d277a0 JavaThread "Unconstrained build operations Thread 62" [_thread_blocked, id=2724, stack(0x000000aeee900000,0x000000aeeea00000)]
  0x000001e2c3d28790 JavaThread "Unconstrained build operations Thread 63" [_thread_blocked, id=6008, stack(0x000000aeeea00000,0x000000aeeeb00000)]
  0x000001e2c3d20d60 JavaThread "Unconstrained build operations Thread 64" [_thread_blocked, id=10192, stack(0x000000aeeeb00000,0x000000aeeec00000)]
  0x000001e2c3d28240 JavaThread "Unconstrained build operations Thread 65" [_thread_blocked, id=9624, stack(0x000000aeeec00000,0x000000aeeed00000)]
  0x000001e2c3d23290 JavaThread "Unconstrained build operations Thread 66" [_thread_blocked, id=8740, stack(0x000000aeeed00000,0x000000aeeee00000)]
  0x000001e2c3d24280 JavaThread "Unconstrained build operations Thread 67" [_thread_blocked, id=1008, stack(0x000000aeeee00000,0x000000aeeef00000)]
  0x000001e2c3d25270 JavaThread "Unconstrained build operations Thread 68" [_thread_blocked, id=3772, stack(0x000000aeeef00000,0x000000aeef000000)]
  0x000001e2c3d21d50 JavaThread "Unconstrained build operations Thread 69" [_thread_blocked, id=4212, stack(0x000000aeef000000,0x000000aeef100000)]
  0x000001e2c3d212b0 JavaThread "Unconstrained build operations Thread 70" [_thread_blocked, id=8076, stack(0x000000aeef100000,0x000000aeef200000)]
  0x000001e2c3d237e0 JavaThread "Unconstrained build operations Thread 71" [_thread_blocked, id=13020, stack(0x000000aeef200000,0x000000aeef300000)]
  0x000001e2c3d267b0 JavaThread "Unconstrained build operations Thread 72" [_thread_blocked, id=8780, stack(0x000000aeef300000,0x000000aeef400000)]
  0x000001e2c3d24d20 JavaThread "Unconstrained build operations Thread 73" [_thread_blocked, id=9300, stack(0x000000aeef400000,0x000000aeef500000)]
  0x000001e2c3d257c0 JavaThread "Unconstrained build operations Thread 74" [_thread_blocked, id=12320, stack(0x000000aeef500000,0x000000aeef600000)]
  0x000001e2c3d25d10 JavaThread "Unconstrained build operations Thread 75" [_thread_blocked, id=7228, stack(0x000000aeef600000,0x000000aeef700000)]
  0x000001e2c3d26260 JavaThread "Unconstrained build operations Thread 76" [_thread_blocked, id=6456, stack(0x000000aeef700000,0x000000aeef800000)]
  0x000001e2c3d26d00 JavaThread "Unconstrained build operations Thread 77" [_thread_blocked, id=10960, stack(0x000000aeef800000,0x000000aeef900000)]
  0x000001e2c4a99a40 JavaThread "Unconstrained build operations Thread 78" [_thread_blocked, id=2744, stack(0x000000aeef900000,0x000000aeefa00000)]
  0x000001e2c4a9ca10 JavaThread "Unconstrained build operations Thread 79" [_thread_blocked, id=10520, stack(0x000000aeefa00000,0x000000aeefb00000)]
  0x000001e2c4a97fb0 JavaThread "Unconstrained build operations Thread 80" [_thread_blocked, id=3196, stack(0x000000aeefb00000,0x000000aeefc00000)]
  0x000001e2c4a9cf60 JavaThread "jar transforms Thread 4" [_thread_blocked, id=10160, stack(0x000000aeefc00000,0x000000aeefd00000)]
  0x000001e2c4a9bf70 JavaThread "jar transforms Thread 5" [_thread_blocked, id=12544, stack(0x000000aeefd00000,0x000000aeefe00000)]
  0x000001e2c4a96520 JavaThread "jar transforms Thread 6" [_thread_blocked, id=11980, stack(0x000000aeefe00000,0x000000aeeff00000)]
  0x000001e2c4a9af80 JavaThread "jar transforms Thread 7" [_thread_blocked, id=5952, stack(0x000000aeeff00000,0x000000aef0000000)]
  0x000001e2c4a95a80 JavaThread "jar transforms Thread 8" [_thread_blocked, id=7880, stack(0x000000aef0000000,0x000000aef0100000)]
  0x000001e2c4a9a4e0 JavaThread "Memory manager" [_thread_blocked, id=11092, stack(0x000000aef0100000,0x000000aef0200000)]
  0x000001e2c4a98a50 JavaThread "build event listener" [_thread_blocked, id=4700, stack(0x000000aef0200000,0x000000aef0300000)]
  0x000001e2c4a9d4b0 JavaThread "pool-3-thread-1" [_thread_blocked, id=11416, stack(0x000000aef0300000,0x000000aef0400000)]
  0x000001e2c4a9c4c0 JavaThread "build event listener" [_thread_blocked, id=9356, stack(0x000000aef0500000,0x000000aef0600000)]
  0x000001e2c4a96fc0 JavaThread "Execution worker for ':'" [_thread_blocked, id=10320, stack(0x000000aef0600000,0x000000aef0700000)]
  0x000001e2c4a9ba20 JavaThread "Execution worker for ':' Thread 2" [_thread_in_native, id=9392, stack(0x000000aef0700000,0x000000aef0800000)]
  0x000001e2c4a98fa0 JavaThread "Execution worker for ':' Thread 3" [_thread_blocked, id=4532, stack(0x000000aef0800000,0x000000aef0900000)]
  0x000001e2c4a97510 JavaThread "Execution worker for ':' Thread 4" [_thread_blocked, id=8240, stack(0x000000aef0900000,0x000000aef0a00000)]
  0x000001e2c4a9aa30 JavaThread "Execution worker for ':' Thread 5" [_thread_blocked, id=8512, stack(0x000000aef0a00000,0x000000aef0b00000)]
  0x000001e2c4a97a60 JavaThread "Execution worker for ':' Thread 6" [_thread_blocked, id=11816, stack(0x000000aef0b00000,0x000000aef0c00000)]
  0x000001e2c4a98500 JavaThread "Execution worker for ':' Thread 7" [_thread_blocked, id=9952, stack(0x000000aef0c00000,0x000000aef0d00000)]
  0x000001e2beff3fa0 JavaThread "Cache worker for execution history cache (C:\Users\ITECH\AndroidStudioProjects\yummy\.gradle\7.3.3\executionHistory)" [_thread_blocked, id=8696, stack(0x000000aef0d00000,0x000000aef0e00000)]
  0x000001e2be918b80 JavaThread "WorkerExecutor Queue" [_thread_in_Java, id=588, stack(0x000000aef0e00000,0x000000aef0f00000)]
  0x000001e2be91d090 JavaThread "WorkerExecutor Queue Thread 2" [_thread_in_Java, id=2164, stack(0x000000aef0f00000,0x000000aef1000000)]
  0x000001e2be91bb50 JavaThread "WorkerExecutor Queue Thread 3" [_thread_in_vm, id=11908, stack(0x000000aef1000000,0x000000aef1100000)]
  0x000001e2be91cb40 JavaThread "WorkerExecutor Queue Thread 4" [_thread_in_Java, id=8412, stack(0x000000aef1100000,0x000000aef1200000)]
  0x000001e2be91b600 JavaThread "WorkerExecutor Queue Thread 5" [_thread_in_Java, id=8300, stack(0x000000aef1200000,0x000000aef1300000)]
  0x000001e2be919620 JavaThread "WorkerExecutor Queue Thread 6" [_thread_blocked, id=4892, stack(0x000000aef1300000,0x000000aef1400000)]
  0x000001e2be91e080 JavaThread "WorkerExecutor Queue Thread 7" [_thread_in_Java, id=5036, stack(0x000000aef1400000,0x000000aef1500000)]
  0x000001e2be91a610 JavaThread "WorkerExecutor Queue Thread 8" [_thread_blocked, id=12660, stack(0x000000aef1500000,0x000000aef1600000)]
  0x000001e2be91ab60 JavaThread "Java2D Disposer" daemon [_thread_blocked, id=8720, stack(0x000000aef1600000,0x000000aef1700000)]

Other Threads:
  0x000001e2bd796510 VMThread "VM Thread" [stack: 0x000000aee7b00000,0x000000aee7c00000] [id=6944]
  0x000001e2be4ea660 WatcherThread [stack: 0x000000aee8700000,0x000000aee8800000] [id=12364]
  0x000001e29f70b100 GCTaskThread "GC Thread#0" [stack: 0x000000aee7600000,0x000000aee7700000] [id=3588]
  0x000001e2bef91670 GCTaskThread "GC Thread#1" [stack: 0x000000aee8a00000,0x000000aee8b00000] [id=10584]
  0x000001e2bf1627e0 GCTaskThread "GC Thread#2" [stack: 0x000000aee8b00000,0x000000aee8c00000] [id=13248]
  0x000001e2be6c1600 GCTaskThread "GC Thread#3" [stack: 0x000000aee8c00000,0x000000aee8d00000] [id=12324]
  0x000001e2bf46a620 GCTaskThread "GC Thread#4" [stack: 0x000000aee8d00000,0x000000aee8e00000] [id=12876]
  0x000001e2c1260420 GCTaskThread "GC Thread#5" [stack: 0x000000aee9b00000,0x000000aee9c00000] [id=6332]
  0x000001e2c125f7e0 GCTaskThread "GC Thread#6" [stack: 0x000000aee9c00000,0x000000aee9d00000] [id=13232]
  0x000001e2c125eba0 GCTaskThread "GC Thread#7" [stack: 0x000000aee9d00000,0x000000aee9e00000] [id=9628]
  0x000001e29f71d160 ConcurrentGCThread "G1 Main Marker" [stack: 0x000000aee7700000,0x000000aee7800000] [id=12412]
  0x000001e29f71e300 ConcurrentGCThread "G1 Conc#0" [stack: 0x000000aee7800000,0x000000aee7900000] [id=7804]
  0x000001e2c125f4d0 ConcurrentGCThread "G1 Conc#1" [stack: 0x000000aeea400000,0x000000aeea500000] [id=7324]
  0x000001e29f7ad590 ConcurrentGCThread "G1 Refine#0" [stack: 0x000000aee7900000,0x000000aee7a00000] [id=11612]
  0x000001e2c654cfb0 ConcurrentGCThread "G1 Refine#1" [stack: 0x000000aef0400000,0x000000aef0500000] [id=12920]
  0x000001e29f7adfa0 ConcurrentGCThread "G1 Service" [stack: 0x000000aee7a00000,0x000000aee7b00000] [id=6020]

Threads with active compile tasks:
C2 CompilerThread0    11900 10212   !   4       com.google.common.reflect.TypeVisitor::visit (244 bytes)
C1 CompilerThread0    11900 10479 %     3       sun.java2d.marlin.DRenderer::_endRendering @ 784 (2480 bytes)
C2 CompilerThread1    11900 10203 % !   4       com.android.ide.common.resources.DataMerger::mergeData @ 247 (611 bytes)
C2 CompilerThread2    11900 10374       4       org.apache.xerces.dom.ParentNode::getLength (5 bytes)

VM state: not at safepoint (normal execution)

VM Mutex/Monitor currently owned by a thread: None

Heap address: 0x0000000080000000, size: 2048 MB, Compressed Oops mode: 32-bit

CDS archive(s) mapped at: [0x0000000800000000-0x0000000800bb0000-0x0000000800bb0000), size 12255232, SharedBaseAddress: 0x0000000800000000, ArchiveRelocationMode: 0.
Compressed class space mapped at: 0x0000000800c00000-0x0000000840c00000, reserved size: 1073741824
Narrow klass base: 0x0000000800000000, Narrow klass shift: 3, Narrow klass range: 0x100000000

GC Precious Log:
 CPUs: 8 total, 8 available
 Memory: 7959M
 Large Page Support: Disabled
 NUMA Support: Disabled
 Compressed Oops: Enabled (32-bit)
 Heap Region Size: 1M
 Heap Min Capacity: 8M
 Heap Initial Capacity: 126M
 Heap Max Capacity: 2G
 Pre-touch: Disabled
 Parallel Workers: 8
 Concurrent Workers: 2
 Concurrent Refinement Workers: 8
 Periodic GC: Disabled

Heap:
 garbage-first heap   total 171008K, used 106514K [0x0000000080000000, 0x0000000100000000)
  region size 1024K, 7 young (7168K), 4 survivors (4096K)
 Metaspace       used 78934K, committed 79424K, reserved 1122304K
  class space    used 10509K, committed 10752K, reserved 1048576K

Heap Regions: E=young(eden), S=young(survivor), O=old, HS=humongous(starts), HC=humongous(continues), CS=collection set, F=free, OA=open archive, CA=closed archive, TAMS=top-at-mark-start (previous, next)
|   0|0x0000000080000000, 0x0000000080100000, 0x0000000080100000|100%| O|  |TAMS 0x0000000080100000, 0x0000000080100000| Untracked 
|   1|0x0000000080100000, 0x0000000080200000, 0x0000000080200000|100%| O|  |TAMS 0x0000000080200000, 0x0000000080200000| Untracked 
|   2|0x0000000080200000, 0x0000000080300000, 0x0000000080300000|100%| O|  |TAMS 0x0000000080300000, 0x0000000080300000| Untracked 
|   3|0x0000000080300000, 0x0000000080400000, 0x0000000080400000|100%|HS|  |TAMS 0x0000000080400000, 0x0000000080400000| Complete 
|   4|0x0000000080400000, 0x0000000080500000, 0x0000000080500000|100%|HC|  |TAMS 0x0000000080500000, 0x0000000080500000| Complete 
|   5|0x0000000080500000, 0x0000000080600000, 0x0000000080600000|100%|HC|  |TAMS 0x0000000080600000, 0x0000000080600000| Complete 
|   6|0x0000000080600000, 0x0000000080700000, 0x0000000080700000|100%| O|  |TAMS 0x0000000080700000, 0x0000000080700000| Untracked 
|   7|0x0000000080700000, 0x0000000080800000, 0x0000000080800000|100%| O|  |TAMS 0x0000000080800000, 0x0000000080800000| Untracked 
|   8|0x0000000080800000, 0x0000000080900000, 0x0000000080900000|100%| O|  |TAMS 0x0000000080900000, 0x0000000080900000| Untracked 
|   9|0x0000000080900000, 0x0000000080a00000, 0x0000000080a00000|100%| O|  |TAMS 0x0000000080a00000, 0x0000000080a00000| Untracked 
|  10|0x0000000080a00000, 0x0000000080b00000, 0x0000000080b00000|100%| O|  |TAMS 0x0000000080b00000, 0x0000000080b00000| Untracked 
|  11|0x0000000080b00000, 0x0000000080c00000, 0x0000000080c00000|100%| O|  |TAMS 0x0000000080c00000, 0x0000000080c00000| Untracked 
|  12|0x0000000080c00000, 0x0000000080d00000, 0x0000000080d00000|100%| O|  |TAMS 0x0000000080d00000, 0x0000000080d00000| Untracked 
|  13|0x0000000080d00000, 0x0000000080e00000, 0x0000000080e00000|100%| O|  |TAMS 0x0000000080e00000, 0x0000000080e00000| Untracked 
|  14|0x0000000080e00000, 0x0000000080f00000, 0x0000000080f00000|100%| O|  |TAMS 0x0000000080f00000, 0x0000000080f00000| Untracked 
|  15|0x0000000080f00000, 0x0000000081000000, 0x0000000081000000|100%| O|  |TAMS 0x0000000081000000, 0x0000000081000000| Untracked 
|  16|0x0000000081000000, 0x0000000081100000, 0x0000000081100000|100%| O|  |TAMS 0x0000000081100000, 0x0000000081100000| Untracked 
|  17|0x0000000081100000, 0x0000000081200000, 0x0000000081200000|100%| O|  |TAMS 0x0000000081200000, 0x0000000081200000| Untracked 
|  18|0x0000000081200000, 0x00000000812a4400, 0x0000000081300000| 64%| O|  |TAMS 0x00000000812a4400, 0x00000000812a4400| Untracked 
|  19|0x0000000081300000, 0x0000000081400000, 0x0000000081400000|100%| O|  |TAMS 0x0000000081400000, 0x0000000081400000| Untracked 
|  20|0x0000000081400000, 0x0000000081500000, 0x0000000081500000|100%| O|  |TAMS 0x0000000081500000, 0x0000000081500000| Untracked 
|  21|0x0000000081500000, 0x0000000081600000, 0x0000000081600000|100%| O|  |TAMS 0x0000000081600000, 0x0000000081600000| Untracked 
|  22|0x0000000081600000, 0x0000000081700000, 0x0000000081700000|100%| O|  |TAMS 0x0000000081700000, 0x0000000081700000| Untracked 
|  23|0x0000000081700000, 0x0000000081800000, 0x0000000081800000|100%| O|  |TAMS 0x0000000081800000, 0x0000000081800000| Untracked 
|  24|0x0000000081800000, 0x0000000081900000, 0x0000000081900000|100%| O|  |TAMS 0x0000000081900000, 0x0000000081900000| Untracked 
|  25|0x0000000081900000, 0x0000000081a00000, 0x0000000081a00000|100%|HS|  |TAMS 0x0000000081a00000, 0x0000000081a00000| Complete 
|  26|0x0000000081a00000, 0x0000000081b00000, 0x0000000081b00000|100%|HS|  |TAMS 0x0000000081b00000, 0x0000000081b00000| Complete 
|  27|0x0000000081b00000, 0x0000000081c00000, 0x0000000081c00000|100%|HS|  |TAMS 0x0000000081c00000, 0x0000000081c00000| Complete 
|  28|0x0000000081c00000, 0x0000000081d00000, 0x0000000081d00000|100%|HC|  |TAMS 0x0000000081d00000, 0x0000000081d00000| Complete 
|  29|0x0000000081d00000, 0x0000000081e00000, 0x0000000081e00000|100%| O|  |TAMS 0x0000000081e00000, 0x0000000081e00000| Untracked 
|  30|0x0000000081e00000, 0x0000000081f00000, 0x0000000081f00000|100%| O|  |TAMS 0x0000000081f00000, 0x0000000081f00000| Untracked 
|  31|0x0000000081f00000, 0x0000000082000000, 0x0000000082000000|100%| O|  |TAMS 0x0000000082000000, 0x0000000082000000| Untracked 
|  32|0x0000000082000000, 0x0000000082100000, 0x0000000082100000|100%| O|  |TAMS 0x0000000082100000, 0x0000000082100000| Untracked 
|  33|0x0000000082100000, 0x0000000082200000, 0x0000000082200000|100%| O|  |TAMS 0x0000000082200000, 0x0000000082200000| Untracked 
|  34|0x0000000082200000, 0x0000000082300000, 0x0000000082300000|100%| O|  |TAMS 0x0000000082300000, 0x0000000082300000| Untracked 
|  35|0x0000000082300000, 0x0000000082400000, 0x0000000082400000|100%| O|  |TAMS 0x0000000082400000, 0x0000000082400000| Untracked 
|  36|0x0000000082400000, 0x0000000082500000, 0x0000000082500000|100%| O|  |TAMS 0x0000000082500000, 0x0000000082500000| Untracked 
|  37|0x0000000082500000, 0x0000000082600000, 0x0000000082600000|100%| O|  |TAMS 0x0000000082600000, 0x0000000082600000| Untracked 
|  38|0x0000000082600000, 0x0000000082700000, 0x0000000082700000|100%| O|  |TAMS 0x0000000082700000, 0x0000000082700000| Untracked 
|  39|0x0000000082700000, 0x0000000082800000, 0x0000000082800000|100%| O|  |TAMS 0x0000000082800000, 0x0000000082800000| Untracked 
|  40|0x0000000082800000, 0x0000000082900000, 0x0000000082900000|100%| O|  |TAMS 0x0000000082900000, 0x0000000082900000| Untracked 
|  41|0x0000000082900000, 0x0000000082a00000, 0x0000000082a00000|100%| O|  |TAMS 0x0000000082a00000, 0x0000000082a00000| Untracked 
|  42|0x0000000082a00000, 0x0000000082b00000, 0x0000000082b00000|100%| O|  |TAMS 0x0000000082b00000, 0x0000000082b00000| Untracked 
|  43|0x0000000082b00000, 0x0000000082c00000, 0x0000000082c00000|100%| O|  |TAMS 0x0000000082c00000, 0x0000000082c00000| Untracked 
|  44|0x0000000082c00000, 0x0000000082d00000, 0x0000000082d00000|100%| O|  |TAMS 0x0000000082d00000, 0x0000000082d00000| Untracked 
|  45|0x0000000082d00000, 0x0000000082e00000, 0x0000000082e00000|100%| O|  |TAMS 0x0000000082e00000, 0x0000000082e00000| Untracked 
|  46|0x0000000082e00000, 0x0000000082f00000, 0x0000000082f00000|100%| O|  |TAMS 0x0000000082f00000, 0x0000000082f00000| Untracked 
|  47|0x0000000082f00000, 0x0000000083000000, 0x0000000083000000|100%| O|  |TAMS 0x0000000083000000, 0x0000000083000000| Untracked 
|  48|0x0000000083000000, 0x0000000083100000, 0x0000000083100000|100%| O|  |TAMS 0x0000000083100000, 0x0000000083100000| Untracked 
|  49|0x0000000083100000, 0x0000000083200000, 0x0000000083200000|100%| O|  |TAMS 0x0000000083200000, 0x0000000083200000| Untracked 
|  50|0x0000000083200000, 0x0000000083300000, 0x0000000083300000|100%| O|  |TAMS 0x0000000083300000, 0x0000000083300000| Untracked 
|  51|0x0000000083300000, 0x0000000083400000, 0x0000000083400000|100%| O|  |TAMS 0x0000000083400000, 0x0000000083400000| Untracked 
|  52|0x0000000083400000, 0x0000000083500000, 0x0000000083500000|100%| O|  |TAMS 0x0000000083500000, 0x0000000083500000| Untracked 
|  53|0x0000000083500000, 0x0000000083600000, 0x0000000083600000|100%| O|  |TAMS 0x0000000083600000, 0x0000000083600000| Untracked 
|  54|0x0000000083600000, 0x0000000083700000, 0x0000000083700000|100%| O|  |TAMS 0x0000000083700000, 0x0000000083700000| Untracked 
|  55|0x0000000083700000, 0x0000000083800000, 0x0000000083800000|100%| O|  |TAMS 0x0000000083800000, 0x0000000083800000| Untracked 
|  56|0x0000000083800000, 0x0000000083900000, 0x0000000083900000|100%| O|  |TAMS 0x0000000083900000, 0x0000000083900000| Untracked 
|  57|0x0000000083900000, 0x0000000083a00000, 0x0000000083a00000|100%| O|  |TAMS 0x0000000083a00000, 0x0000000083a00000| Untracked 
|  58|0x0000000083a00000, 0x0000000083b00000, 0x0000000083b00000|100%| O|  |TAMS 0x0000000083b00000, 0x0000000083b00000| Untracked 
|  59|0x0000000083b00000, 0x0000000083c00000, 0x0000000083c00000|100%| O|  |TAMS 0x0000000083c00000, 0x0000000083c00000| Untracked 
|  60|0x0000000083c00000, 0x0000000083d00000, 0x0000000083d00000|100%| O|  |TAMS 0x0000000083d00000, 0x0000000083d00000| Untracked 
|  61|0x0000000083d00000, 0x0000000083e00000, 0x0000000083e00000|100%| O|  |TAMS 0x0000000083e00000, 0x0000000083e00000| Untracked 
|  62|0x0000000083e00000, 0x0000000083f00000, 0x0000000083f00000|100%| O|  |TAMS 0x0000000083f00000, 0x0000000083f00000| Untracked 
|  63|0x0000000083f00000, 0x0000000084000000, 0x0000000084000000|100%| O|  |TAMS 0x0000000084000000, 0x0000000084000000| Untracked 
|  64|0x0000000084000000, 0x0000000084100000, 0x0000000084100000|100%| O|  |TAMS 0x0000000084100000, 0x0000000084100000| Untracked 
|  65|0x0000000084100000, 0x0000000084200000, 0x0000000084200000|100%| O|  |TAMS 0x0000000084200000, 0x0000000084200000| Untracked 
|  66|0x0000000084200000, 0x0000000084300000, 0x0000000084300000|100%| O|  |TAMS 0x0000000084300000, 0x0000000084300000| Untracked 
|  67|0x0000000084300000, 0x0000000084400000, 0x0000000084400000|100%| O|  |TAMS 0x0000000084400000, 0x0000000084400000| Untracked 
|  68|0x0000000084400000, 0x0000000084500000, 0x0000000084500000|100%| O|  |TAMS 0x0000000084500000, 0x0000000084500000| Untracked 
|  69|0x0000000084500000, 0x0000000084600000, 0x0000000084600000|100%| O|  |TAMS 0x0000000084600000, 0x0000000084600000| Untracked 
|  70|0x0000000084600000, 0x0000000084700000, 0x0000000084700000|100%| O|  |TAMS 0x0000000084700000, 0x0000000084700000| Untracked 
|  71|0x0000000084700000, 0x0000000084800000, 0x0000000084800000|100%| O|  |TAMS 0x0000000084800000, 0x0000000084800000| Untracked 
|  72|0x0000000084800000, 0x0000000084900000, 0x0000000084900000|100%| O|  |TAMS 0x0000000084900000, 0x0000000084900000| Untracked 
|  73|0x0000000084900000, 0x0000000084a00000, 0x0000000084a00000|100%| O|  |TAMS 0x0000000084a00000, 0x0000000084a00000| Untracked 
|  74|0x0000000084a00000, 0x0000000084b00000, 0x0000000084b00000|100%| O|  |TAMS 0x0000000084a00000, 0x0000000084b00000| Untracked 
|  75|0x0000000084b00000, 0x0000000084c00000, 0x0000000084c00000|100%| O|  |TAMS 0x0000000084b00000, 0x0000000084c00000| Untracked 
|  76|0x0000000084c00000, 0x0000000084d00000, 0x0000000084d00000|100%|HS|  |TAMS 0x0000000084d00000, 0x0000000084d00000| Complete 
|  77|0x0000000084d00000, 0x0000000084e00000, 0x0000000084e00000|100%| O|  |TAMS 0x0000000084e00000, 0x0000000084e00000| Untracked 
|  78|0x0000000084e00000, 0x0000000084f00000, 0x0000000084f00000|100%| O|  |TAMS 0x0000000084f00000, 0x0000000084f00000| Untracked 
|  79|0x0000000084f00000, 0x0000000085000000, 0x0000000085000000|100%| O|  |TAMS 0x0000000085000000, 0x0000000085000000| Untracked 
|  80|0x0000000085000000, 0x0000000085100000, 0x0000000085100000|100%| O|  |TAMS 0x0000000085100000, 0x0000000085100000| Untracked 
|  81|0x0000000085100000, 0x0000000085200000, 0x0000000085200000|100%| O|  |TAMS 0x0000000085200000, 0x0000000085200000| Untracked 
|  82|0x0000000085200000, 0x0000000085300000, 0x0000000085300000|100%| O|  |TAMS 0x0000000085300000, 0x0000000085300000| Untracked 
|  83|0x0000000085300000, 0x0000000085400000, 0x0000000085400000|100%| O|  |TAMS 0x0000000085400000, 0x0000000085400000| Untracked 
|  84|0x0000000085400000, 0x0000000085500000, 0x0000000085500000|100%| O|  |TAMS 0x0000000085500000, 0x0000000085500000| Untracked 
|  85|0x0000000085500000, 0x0000000085600000, 0x0000000085600000|100%| O|  |TAMS 0x0000000085600000, 0x0000000085600000| Untracked 
|  86|0x0000000085600000, 0x0000000085700000, 0x0000000085700000|100%| O|  |TAMS 0x0000000085700000, 0x0000000085700000| Untracked 
|  87|0x0000000085700000, 0x0000000085800000, 0x0000000085800000|100%| O|  |TAMS 0x0000000085800000, 0x0000000085800000| Untracked 
|  88|0x0000000085800000, 0x0000000085900000, 0x0000000085900000|100%| O|  |TAMS 0x0000000085900000, 0x0000000085900000| Untracked 
|  89|0x0000000085900000, 0x0000000085a00000, 0x0000000085a00000|100%| O|  |TAMS 0x0000000085925c00, 0x0000000085a00000| Untracked 
|  90|0x0000000085a00000, 0x0000000085b00000, 0x0000000085b00000|100%| O|  |TAMS 0x0000000085a00000, 0x0000000085b00000| Untracked 
|  91|0x0000000085b00000, 0x0000000085bf9e00, 0x0000000085c00000| 97%| O|  |TAMS 0x0000000085b00000, 0x0000000085bf9e00| Untracked 
|  92|0x0000000085c00000, 0x0000000085d00000, 0x0000000085d00000|100%|HS|  |TAMS 0x0000000085c00000, 0x0000000085d00000| Complete 
|  93|0x0000000085d00000, 0x0000000085e00000, 0x0000000085e00000|100%|HS|  |TAMS 0x0000000085d00000, 0x0000000085d00000| Complete 
|  94|0x0000000085e00000, 0x0000000085f00000, 0x0000000085f00000|100%|HS|  |TAMS 0x0000000085e00000, 0x0000000085f00000| Complete 
|  95|0x0000000085f00000, 0x0000000086000000, 0x0000000086000000|100%|HC|  |TAMS 0x0000000085f00000, 0x0000000086000000| Complete 
|  96|0x0000000086000000, 0x0000000086100000, 0x0000000086100000|100%|HS|  |TAMS 0x0000000086000000, 0x0000000086000000| Complete 
|  97|0x0000000086100000, 0x0000000086200000, 0x0000000086200000|100%|HC|  |TAMS 0x0000000086100000, 0x0000000086100000| Complete 
|  98|0x0000000086200000, 0x0000000086300000, 0x0000000086300000|100%|HS|  |TAMS 0x0000000086200000, 0x0000000086200000| Complete 
|  99|0x0000000086300000, 0x0000000086400000, 0x0000000086400000|100%|HC|  |TAMS 0x0000000086300000, 0x0000000086300000| Complete 
| 100|0x0000000086400000, 0x0000000086400000, 0x0000000086500000|  0%| F|  |TAMS 0x0000000086400000, 0x0000000086400000| Untracked 
| 101|0x0000000086500000, 0x0000000086500000, 0x0000000086600000|  0%| F|  |TAMS 0x0000000086500000, 0x0000000086500000| Untracked 
| 102|0x0000000086600000, 0x0000000086600000, 0x0000000086700000|  0%| F|  |TAMS 0x0000000086600000, 0x0000000086600000| Untracked 
| 103|0x0000000086700000, 0x0000000086700000, 0x0000000086800000|  0%| F|  |TAMS 0x0000000086700000, 0x0000000086700000| Untracked 
| 104|0x0000000086800000, 0x0000000086800000, 0x0000000086900000|  0%| F|  |TAMS 0x0000000086800000, 0x0000000086800000| Untracked 
| 105|0x0000000086900000, 0x0000000086900000, 0x0000000086a00000|  0%| F|  |TAMS 0x0000000086900000, 0x0000000086900000| Untracked 
| 106|0x0000000086a00000, 0x0000000086a00000, 0x0000000086b00000|  0%| F|  |TAMS 0x0000000086a00000, 0x0000000086a00000| Untracked 
| 107|0x0000000086b00000, 0x0000000086b00000, 0x0000000086c00000|  0%| F|  |TAMS 0x0000000086b00000, 0x0000000086b00000| Untracked 
| 108|0x0000000086c00000, 0x0000000086c00000, 0x0000000086d00000|  0%| F|  |TAMS 0x0000000086c00000, 0x0000000086c00000| Untracked 
| 109|0x0000000086d00000, 0x0000000086d00000, 0x0000000086e00000|  0%| F|  |TAMS 0x0000000086d00000, 0x0000000086d00000| Untracked 
| 110|0x0000000086e00000, 0x0000000086e00000, 0x0000000086f00000|  0%| F|  |TAMS 0x0000000086e00000, 0x0000000086e00000| Untracked 
| 111|0x0000000086f00000, 0x0000000086f00000, 0x0000000087000000|  0%| F|  |TAMS 0x0000000086f00000, 0x0000000086f00000| Untracked 
| 112|0x0000000087000000, 0x0000000087000000, 0x0000000087100000|  0%| F|  |TAMS 0x0000000087000000, 0x0000000087000000| Untracked 
| 113|0x0000000087100000, 0x0000000087100000, 0x0000000087200000|  0%| F|  |TAMS 0x0000000087100000, 0x0000000087100000| Untracked 
| 114|0x0000000087200000, 0x0000000087200000, 0x0000000087300000|  0%| F|  |TAMS 0x0000000087200000, 0x0000000087200000| Untracked 
| 115|0x0000000087300000, 0x0000000087300000, 0x0000000087400000|  0%| F|  |TAMS 0x0000000087300000, 0x0000000087300000| Untracked 
| 116|0x0000000087400000, 0x0000000087400000, 0x0000000087500000|  0%| F|  |TAMS 0x0000000087400000, 0x0000000087400000| Untracked 
| 117|0x0000000087500000, 0x0000000087500000, 0x0000000087600000|  0%| F|  |TAMS 0x0000000087500000, 0x0000000087500000| Untracked 
| 118|0x0000000087600000, 0x0000000087600000, 0x0000000087700000|  0%| F|  |TAMS 0x0000000087600000, 0x0000000087600000| Untracked 
| 119|0x0000000087700000, 0x0000000087700000, 0x0000000087800000|  0%| F|  |TAMS 0x0000000087700000, 0x0000000087700000| Untracked 
| 120|0x0000000087800000, 0x0000000087800000, 0x0000000087900000|  0%| F|  |TAMS 0x0000000087800000, 0x0000000087800000| Untracked 
| 121|0x0000000087900000, 0x0000000087900000, 0x0000000087a00000|  0%| F|  |TAMS 0x0000000087900000, 0x0000000087900000| Untracked 
| 122|0x0000000087a00000, 0x0000000087a00000, 0x0000000087b00000|  0%| F|  |TAMS 0x0000000087a00000, 0x0000000087a00000| Untracked 
| 123|0x0000000087b00000, 0x0000000087b00000, 0x0000000087c00000|  0%| F|  |TAMS 0x0000000087b00000, 0x0000000087b00000| Untracked 
| 124|0x0000000087c00000, 0x0000000087c00000, 0x0000000087d00000|  0%| F|  |TAMS 0x0000000087c00000, 0x0000000087c00000| Untracked 
| 125|0x0000000087d00000, 0x0000000087d00000, 0x0000000087e00000|  0%| F|  |TAMS 0x0000000087d00000, 0x0000000087d00000| Untracked 
| 126|0x0000000087e00000, 0x0000000087e00000, 0x0000000087f00000|  0%| F|  |TAMS 0x0000000087e00000, 0x0000000087e00000| Untracked 
| 127|0x0000000087f00000, 0x0000000087f00000, 0x0000000088000000|  0%| F|  |TAMS 0x0000000087f00000, 0x0000000087f00000| Untracked 
| 128|0x0000000088000000, 0x0000000088000000, 0x0000000088100000|  0%| F|  |TAMS 0x0000000088000000, 0x0000000088000000| Untracked 
| 129|0x0000000088100000, 0x0000000088100000, 0x0000000088200000|  0%| F|  |TAMS 0x0000000088100000, 0x0000000088100000| Untracked 
| 130|0x0000000088200000, 0x0000000088200000, 0x0000000088300000|  0%| F|  |TAMS 0x0000000088200000, 0x0000000088200000| Untracked 
| 131|0x0000000088300000, 0x0000000088300000, 0x0000000088400000|  0%| F|  |TAMS 0x0000000088300000, 0x0000000088300000| Untracked 
| 132|0x0000000088400000, 0x0000000088400000, 0x0000000088500000|  0%| F|  |TAMS 0x0000000088400000, 0x0000000088400000| Untracked 
| 133|0x0000000088500000, 0x0000000088500000, 0x0000000088600000|  0%| F|  |TAMS 0x0000000088500000, 0x0000000088500000| Untracked 
| 134|0x0000000088600000, 0x0000000088600000, 0x0000000088700000|  0%| F|  |TAMS 0x0000000088600000, 0x0000000088600000| Untracked 
| 135|0x0000000088700000, 0x0000000088700000, 0x0000000088800000|  0%| F|  |TAMS 0x0000000088700000, 0x0000000088700000| Untracked 
| 136|0x0000000088800000, 0x0000000088800000, 0x0000000088900000|  0%| F|  |TAMS 0x0000000088800000, 0x0000000088800000| Untracked 
| 137|0x0000000088900000, 0x0000000088900000, 0x0000000088a00000|  0%| F|  |TAMS 0x0000000088900000, 0x0000000088900000| Untracked 
| 138|0x0000000088a00000, 0x0000000088a00000, 0x0000000088b00000|  0%| F|  |TAMS 0x0000000088a00000, 0x0000000088a00000| Untracked 
| 139|0x0000000088b00000, 0x0000000088b00000, 0x0000000088c00000|  0%| F|  |TAMS 0x0000000088b00000, 0x0000000088b00000| Untracked 
| 140|0x0000000088c00000, 0x0000000088c00000, 0x0000000088d00000|  0%| F|  |TAMS 0x0000000088c00000, 0x0000000088c00000| Untracked 
| 141|0x0000000088d00000, 0x0000000088d00000, 0x0000000088e00000|  0%| F|  |TAMS 0x0000000088d00000, 0x0000000088d00000| Untracked 
| 142|0x0000000088e00000, 0x0000000088e00000, 0x0000000088f00000|  0%| F|  |TAMS 0x0000000088e00000, 0x0000000088e00000| Untracked 
| 143|0x0000000088f00000, 0x0000000088f00000, 0x0000000089000000|  0%| F|  |TAMS 0x0000000088f00000, 0x0000000088f00000| Untracked 
| 144|0x0000000089000000, 0x0000000089000000, 0x0000000089100000|  0%| F|  |TAMS 0x0000000089000000, 0x0000000089000000| Untracked 
| 145|0x0000000089100000, 0x0000000089100000, 0x0000000089200000|  0%| F|  |TAMS 0x0000000089100000, 0x0000000089100000| Untracked 
| 146|0x0000000089200000, 0x0000000089200000, 0x0000000089300000|  0%| F|  |TAMS 0x0000000089200000, 0x0000000089200000| Untracked 
| 147|0x0000000089300000, 0x0000000089300000, 0x0000000089400000|  0%| F|  |TAMS 0x0000000089300000, 0x0000000089300000| Untracked 
| 148|0x0000000089400000, 0x0000000089400000, 0x0000000089500000|  0%| F|  |TAMS 0x0000000089400000, 0x0000000089400000| Untracked 
| 149|0x0000000089500000, 0x0000000089500000, 0x0000000089600000|  0%| F|  |TAMS 0x0000000089500000, 0x0000000089500000| Untracked 
| 150|0x0000000089600000, 0x0000000089600000, 0x0000000089700000|  0%| F|  |TAMS 0x0000000089600000, 0x0000000089600000| Untracked 
| 151|0x0000000089700000, 0x0000000089700000, 0x0000000089800000|  0%| F|  |TAMS 0x0000000089700000, 0x0000000089700000| Untracked 
| 152|0x0000000089800000, 0x0000000089800000, 0x0000000089900000|  0%| F|  |TAMS 0x0000000089800000, 0x0000000089800000| Untracked 
| 153|0x0000000089900000, 0x0000000089900000, 0x0000000089a00000|  0%| F|  |TAMS 0x0000000089900000, 0x0000000089900000| Untracked 
| 154|0x0000000089a00000, 0x0000000089a00000, 0x0000000089b00000|  0%| F|  |TAMS 0x0000000089a00000, 0x0000000089a00000| Untracked 
| 155|0x0000000089b00000, 0x0000000089b00000, 0x0000000089c00000|  0%| F|  |TAMS 0x0000000089b00000, 0x0000000089b00000| Untracked 
| 156|0x0000000089c00000, 0x0000000089c00000, 0x0000000089d00000|  0%| F|  |TAMS 0x0000000089c00000, 0x0000000089c00000| Untracked 
| 157|0x0000000089d00000, 0x0000000089d00000, 0x0000000089e00000|  0%| F|  |TAMS 0x0000000089d00000, 0x0000000089d00000| Untracked 
| 158|0x0000000089e00000, 0x0000000089e00000, 0x0000000089f00000|  0%| F|  |TAMS 0x0000000089e00000, 0x0000000089e00000| Untracked 
| 159|0x0000000089f00000, 0x0000000089f00000, 0x000000008a000000|  0%| F|  |TAMS 0x0000000089f00000, 0x0000000089f00000| Untracked 
| 160|0x000000008a000000, 0x000000008a092530, 0x000000008a100000| 57%| E|  |TAMS 0x000000008a000000, 0x000000008a000000| Complete 
| 161|0x000000008a100000, 0x000000008a200000, 0x000000008a200000|100%| E|  |TAMS 0x000000008a100000, 0x000000008a100000| Complete 
| 162|0x000000008a200000, 0x000000008a266850, 0x000000008a300000| 40%| S|CS|TAMS 0x000000008a200000, 0x000000008a200000| Complete 
| 163|0x000000008a300000, 0x000000008a400000, 0x000000008a400000|100%| S|CS|TAMS 0x000000008a300000, 0x000000008a300000| Complete 
| 164|0x000000008a400000, 0x000000008a500000, 0x000000008a500000|100%| S|CS|TAMS 0x000000008a400000, 0x000000008a400000| Complete 
| 165|0x000000008a500000, 0x000000008a600000, 0x000000008a600000|100%| S|CS|TAMS 0x000000008a500000, 0x000000008a500000| Complete 
| 166|0x000000008a600000, 0x000000008a700000, 0x000000008a700000|100%| E|CS|TAMS 0x000000008a600000, 0x000000008a600000| Complete 

Card table byte_map: [0x000001e2b6580000,0x000001e2b6980000] _byte_map_base: 0x000001e2b6180000

Marking Bits (Prev, Next): (CMBitMap*) 0x000001e29f70c750, (CMBitMap*) 0x000001e29f70c710
 Prev Bits: [0x000001e2b8d80000, 0x000001e2bad80000)
 Next Bits: [0x000001e2b6d80000, 0x000001e2b8d80000)

Polling page: 0x000001e29d630000

Metaspace:

Usage:
  Non-class:     66.82 MB used.
      Class:     10.26 MB used.
       Both:     77.08 MB used.

Virtual space:
  Non-class space:       72.00 MB reserved,      67.06 MB ( 93%) committed,  9 nodes.
      Class space:        1.00 GB reserved,      10.50 MB (  1%) committed,  1 nodes.
              Both:        1.07 GB reserved,      77.56 MB (  7%) committed. 

Chunk freelists:
   Non-Class:  960.00 KB
       Class:  1.50 MB
        Both:  2.44 MB

MaxMetaspaceSize: 17179869184.00 GB
CompressedClassSpaceSize: 1.00 GB
 - commit_granule_bytes: 65536.
 - commit_granule_words: 8192.
 - virtual_space_node_default_size: 1048576.
 - enlarge_chunks_in_place: 1.
 - new_chunks_are_fully_committed: 0.
 - uncommit_free_chunks: 1.
 - use_allocation_guard: 0.
 - handle_deallocations: 1.


Internal statistics:

num_allocs_failed_limit: 6.
num_arena_births: 760.
num_arena_deaths: 14.
num_vsnodes_births: 10.
num_vsnodes_deaths: 0.
num_space_committed: 1241.
num_space_uncommitted: 0.
num_chunks_returned_to_freelist: 25.
num_chunks_taken_from_freelist: 3881.
num_chunk_merges: 14.
num_chunk_splits: 2563.
num_chunks_enlarged: 1709.
num_purges: 2.

CodeHeap 'non-profiled nmethods': size=120000Kb used=5770Kb max_used=5920Kb free=114229Kb
 bounds [0x000001e2ae920000, 0x000001e2aeef0000, 0x000001e2b5e50000]
CodeHeap 'profiled nmethods': size=120000Kb used=17016Kb max_used=18054Kb free=102983Kb
 bounds [0x000001e2a73f0000, 0x000001e2a85b0000, 0x000001e2ae920000]
CodeHeap 'non-nmethods': size=5760Kb used=2485Kb max_used=2496Kb free=3274Kb
 bounds [0x000001e2a6e50000, 0x000001e2a70d0000, 0x000001e2a73f0000]
 total_blobs=9890 nmethods=8875 adapters=926
 compilation: enabled
              stopped_count=0, restarted_count=0
 full_count=0

Compilation events (20 events):
Event: 11.842 Thread 0x000001e2bd7c8170 10441       3       sun.java2d.loops.GraphicsPrimitiveMgr::locate (104 bytes)
Event: 11.843 Thread 0x000001e2bd7c8170 nmethod 10441 0x000001e2a752f490 code [0x000001e2a752f6e0, 0x000001e2a7530178]
Event: 11.845 Thread 0x000001e2bd7c8170 10442       1       sun.java2d.loops.SurfaceType::getSuperType (5 bytes)
Event: 11.845 Thread 0x000001e2bd7c8170 nmethod 10442 0x000001e2ae9c8a90 code [0x000001e2ae9c8c20, 0x000001e2ae9c8cf8]
Event: 11.847 Thread 0x000001e2be946ef0 nmethod 10428 0x000001e2aec22510 code [0x000001e2aec226a0, 0x000001e2aec229d8]
Event: 11.847 Thread 0x000001e2be946ef0 10372       4       org.apache.xerces.dom.ParentNode::nodeListGetLength (141 bytes)
Event: 11.847 Thread 0x000001e2bd7c8170 10443       1       java.awt.image.Raster::getWidth (5 bytes)
Event: 11.847 Thread 0x000001e2bd7c8170 nmethod 10443 0x000001e2aec22110 code [0x000001e2aec222a0, 0x000001e2aec22378]
Event: 11.847 Thread 0x000001e2bd7c8170 10444       1       java.awt.image.Raster::getHeight (5 bytes)
Event: 11.848 Thread 0x000001e2bd7c8170 nmethod 10444 0x000001e2aea08090 code [0x000001e2aea08220, 0x000001e2aea082f8]
Event: 11.848 Thread 0x000001e2bd7c8170 10445       1       java.awt.image.Raster::getMinY (5 bytes)
Event: 11.848 Thread 0x000001e2bd7c8170 nmethod 10445 0x000001e2aea07d90 code [0x000001e2aea07f20, 0x000001e2aea07ff8]
Event: 11.848 Thread 0x000001e2bd7c8170 10446       1       java.awt.image.Raster::getMinX (5 bytes)
Event: 11.848 Thread 0x000001e2bd7c8170 nmethod 10446 0x000001e2aea07890 code [0x000001e2aea07a20, 0x000001e2aea07af8]
Event: 11.848 Thread 0x000001e2bd7c8170 10447  s    3       java.awt.ColorPaintContext::getRaster (88 bytes)
Event: 11.848 Thread 0x000001e2bd7c8170 nmethod 10447 0x000001e2a7a2ae90 code [0x000001e2a7a2b0a0, 0x000001e2a7a2b8d8]
Event: 11.848 Thread 0x000001e2bd7c8170 10448       3       sun.java2d.loops.Blit$GeneralMaskBlit::Blit (28 bytes)
Event: 11.848 Thread 0x000001e2be5329d0 nmethod 10440 0x000001e2ae9ff310 code [0x000001e2ae9ff4a0, 0x000001e2ae9ff958]
Event: 11.849 Thread 0x000001e2be5329d0 10416       4       java.util.HashMap::removeNode (291 bytes)
Event: 11.849 Thread 0x000001e2bd7c8170 nmethod 10448 0x000001e2a7897190 code [0x000001e2a7897340, 0x000001e2a7897508]

GC Heap History (20 events):
Event: 7.460 GC heap after
{Heap after GC invocations=25 (full 0):
 garbage-first heap   total 101376K, used 57106K [0x0000000080000000, 0x0000000100000000)
  region size 1024K, 2 young (2048K), 2 survivors (2048K)
 Metaspace       used 60225K, committed 60736K, reserved 1105920K
  class space    used 8082K, committed 8320K, reserved 1048576K
}
Event: 7.885 GC heap before
{Heap before GC invocations=25 (full 0):
 garbage-first heap   total 101376K, used 81682K [0x0000000080000000, 0x0000000100000000)
  region size 1024K, 27 young (27648K), 2 survivors (2048K)
 Metaspace       used 62921K, committed 63488K, reserved 1105920K
  class space    used 8483K, committed 8768K, reserved 1048576K
}
Event: 7.890 GC heap after
{Heap after GC invocations=26 (full 0):
 garbage-first heap   total 121856K, used 58988K [0x0000000080000000, 0x0000000100000000)
  region size 1024K, 4 young (4096K), 4 survivors (4096K)
 Metaspace       used 62921K, committed 63488K, reserved 1105920K
  class space    used 8483K, committed 8768K, reserved 1048576K
}
Event: 8.491 GC heap before
{Heap before GC invocations=27 (full 0):
 garbage-first heap   total 121856K, used 96876K [0x0000000080000000, 0x0000000100000000)
  region size 1024K, 41 young (41984K), 4 survivors (4096K)
 Metaspace       used 66484K, committed 66944K, reserved 1114112K
  class space    used 9002K, committed 9216K, reserved 1048576K
}
Event: 8.495 GC heap after
{Heap after GC invocations=28 (full 0):
 garbage-first heap   total 121856K, used 61416K [0x0000000080000000, 0x0000000100000000)
  region size 1024K, 6 young (6144K), 6 survivors (6144K)
 Metaspace       used 66484K, committed 66944K, reserved 1114112K
  class space    used 9002K, committed 9216K, reserved 1048576K
}
Event: 9.080 GC heap before
{Heap before GC invocations=28 (full 0):
 garbage-first heap   total 121856K, used 98280K [0x0000000080000000, 0x0000000100000000)
  region size 1024K, 42 young (43008K), 6 survivors (6144K)
 Metaspace       used 71091K, committed 71680K, reserved 1114112K
  class space    used 9505K, committed 9792K, reserved 1048576K
}
Event: 9.087 GC heap after
{Heap after GC invocations=29 (full 0):
 garbage-first heap   total 121856K, used 65889K [0x0000000080000000, 0x0000000100000000)
  region size 1024K, 6 young (6144K), 6 survivors (6144K)
 Metaspace       used 71091K, committed 71680K, reserved 1114112K
  class space    used 9505K, committed 9792K, reserved 1048576K
}
Event: 9.532 GC heap before
{Heap before GC invocations=30 (full 0):
 garbage-first heap   total 121856K, used 97633K [0x0000000080000000, 0x0000000100000000)
  region size 1024K, 38 young (38912K), 6 survivors (6144K)
 Metaspace       used 73471K, committed 74048K, reserved 1114112K
  class space    used 9958K, committed 10240K, reserved 1048576K
}
Event: 9.539 GC heap after
{Heap after GC invocations=31 (full 0):
 garbage-first heap   total 121856K, used 69036K [0x0000000080000000, 0x0000000100000000)
  region size 1024K, 3 young (3072K), 3 survivors (3072K)
 Metaspace       used 73471K, committed 74048K, reserved 1114112K
  class space    used 9958K, committed 10240K, reserved 1048576K
}
Event: 9.853 GC heap before
{Heap before GC invocations=31 (full 0):
 garbage-first heap   total 121856K, used 98732K [0x0000000080000000, 0x0000000100000000)
  region size 1024K, 33 young (33792K), 3 survivors (3072K)
 Metaspace       used 73720K, committed 74240K, reserved 1114112K
  class space    used 9970K, committed 10240K, reserved 1048576K
}
Event: 9.857 GC heap after
{Heap after GC invocations=32 (full 0):
 garbage-first heap   total 121856K, used 71217K [0x0000000080000000, 0x0000000100000000)
  region size 1024K, 3 young (3072K), 3 survivors (3072K)
 Metaspace       used 73720K, committed 74240K, reserved 1114112K
  class space    used 9970K, committed 10240K, reserved 1048576K
}
Event: 10.674 GC heap before
{Heap before GC invocations=33 (full 0):
 garbage-first heap   total 135168K, used 98865K [0x0000000080000000, 0x0000000100000000)
  region size 1024K, 31 young (31744K), 3 survivors (3072K)
 Metaspace       used 75265K, committed 75840K, reserved 1122304K
  class space    used 10153K, committed 10432K, reserved 1048576K
}
Event: 10.679 GC heap after
{Heap after GC invocations=34 (full 0):
 garbage-first heap   total 135168K, used 75563K [0x0000000080000000, 0x0000000100000000)
  region size 1024K, 4 young (4096K), 4 survivors (4096K)
 Metaspace       used 75265K, committed 75840K, reserved 1122304K
  class space    used 10153K, committed 10432K, reserved 1048576K
}
Event: 10.946 GC heap before
{Heap before GC invocations=34 (full 0):
 garbage-first heap   total 135168K, used 87851K [0x0000000080000000, 0x0000000100000000)
  region size 1024K, 17 young (17408K), 4 survivors (4096K)
 Metaspace       used 75328K, committed 75904K, reserved 1122304K
  class space    used 10154K, committed 10432K, reserved 1048576K
}
Event: 10.952 GC heap after
{Heap after GC invocations=35 (full 0):
 garbage-first heap   total 135168K, used 80212K [0x0000000080000000, 0x0000000100000000)
  region size 1024K, 5 young (5120K), 5 survivors (5120K)
 Metaspace       used 75328K, committed 75904K, reserved 1122304K
  class space    used 10154K, committed 10432K, reserved 1048576K
}
Event: 11.381 GC heap before
{Heap before GC invocations=36 (full 0):
 garbage-first heap   total 153600K, used 107860K [0x0000000080000000, 0x0000000100000000)
  region size 1024K, 30 young (30720K), 5 survivors (5120K)
 Metaspace       used 75959K, committed 76480K, reserved 1122304K
  class space    used 10212K, committed 10432K, reserved 1048576K
}
Event: 11.390 GC heap after
{Heap after GC invocations=37 (full 0):
 garbage-first heap   total 153600K, used 92968K [0x0000000080000000, 0x0000000100000000)
  region size 1024K, 4 young (4096K), 4 survivors (4096K)
 Metaspace       used 75959K, committed 76480K, reserved 1122304K
  class space    used 10212K, committed 10432K, reserved 1048576K
}
Event: 11.646 GC heap before
{Heap before GC invocations=37 (full 0):
 garbage-first heap   total 153600K, used 110376K [0x0000000080000000, 0x0000000100000000)
  region size 1024K, 22 young (22528K), 4 survivors (4096K)
 Metaspace       used 77284K, committed 77824K, reserved 1122304K
  class space    used 10358K, committed 10624K, reserved 1048576K
}
Event: 11.651 GC heap after
{Heap after GC invocations=38 (full 0):
 garbage-first heap   total 153600K, used 95561K [0x0000000080000000, 0x0000000100000000)
  region size 1024K, 2 young (2048K), 2 survivors (2048K)
 Metaspace       used 77284K, committed 77824K, reserved 1122304K
  class space    used 10358K, committed 10624K, reserved 1048576K
}
Event: 11.854 GC heap before
{Heap before GC invocations=39 (full 0):
 garbage-first heap   total 171008K, used 103753K [0x0000000080000000, 0x0000000100000000)
  region size 1024K, 7 young (7168K), 2 survivors (2048K)
 Metaspace       used 78585K, committed 79168K, reserved 1122304K
  class space    used 10481K, committed 10752K, reserved 1048576K
}

Deoptimization events (20 events):
Event: 11.840 Thread 0x000001e2c4a9ba20 Uncommon trap: trap_request=0xffffffbe fr.pc=0x000001e2aeca8150 relative=0x0000000000000430
Event: 11.840 Thread 0x000001e2c4a9ba20 Uncommon trap: reason=profile_predicate action=maybe_recompile pc=0x000001e2aeca8150 method=com.android.utils.XmlUtils.toXmlAttributeValue(Ljava/lang/String;)Ljava/lang/String; @ 9 c2
Event: 11.840 Thread 0x000001e2c4a9ba20 DEOPT PACKING pc=0x000001e2aeca8150 sp=0x000000aef07f9b90
Event: 11.840 Thread 0x000001e2c4a9ba20 DEOPT UNPACKING pc=0x000001e2a6e9f92e sp=0x000000aef07f9b10 mode 2
Event: 11.841 Thread 0x000001e2c4a9ba20 Uncommon trap: trap_request=0xffffffbe fr.pc=0x000001e2aeca8150 relative=0x0000000000000430
Event: 11.841 Thread 0x000001e2c4a9ba20 Uncommon trap: reason=profile_predicate action=maybe_recompile pc=0x000001e2aeca8150 method=com.android.utils.XmlUtils.toXmlAttributeValue(Ljava/lang/String;)Ljava/lang/String; @ 9 c2
Event: 11.841 Thread 0x000001e2c4a9ba20 DEOPT PACKING pc=0x000001e2aeca8150 sp=0x000000aef07f9a50
Event: 11.841 Thread 0x000001e2c4a9ba20 DEOPT UNPACKING pc=0x000001e2a6e9f92e sp=0x000000aef07f99d0 mode 2
Event: 11.841 Thread 0x000001e2c4a9ba20 Uncommon trap: trap_request=0xffffffbe fr.pc=0x000001e2aeca8150 relative=0x0000000000000430
Event: 11.841 Thread 0x000001e2c4a9ba20 Uncommon trap: reason=profile_predicate action=maybe_recompile pc=0x000001e2aeca8150 method=com.android.utils.XmlUtils.toXmlAttributeValue(Ljava/lang/String;)Ljava/lang/String; @ 9 c2
Event: 11.841 Thread 0x000001e2c4a9ba20 DEOPT PACKING pc=0x000001e2aeca8150 sp=0x000000aef07f9a50
Event: 11.841 Thread 0x000001e2c4a9ba20 DEOPT UNPACKING pc=0x000001e2a6e9f92e sp=0x000000aef07f99d0 mode 2
Event: 11.841 Thread 0x000001e2c4a9ba20 Uncommon trap: trap_request=0xffffffbe fr.pc=0x000001e2aeca8150 relative=0x0000000000000430
Event: 11.841 Thread 0x000001e2c4a9ba20 Uncommon trap: reason=profile_predicate action=maybe_recompile pc=0x000001e2aeca8150 method=com.android.utils.XmlUtils.toXmlAttributeValue(Ljava/lang/String;)Ljava/lang/String; @ 9 c2
Event: 11.841 Thread 0x000001e2c4a9ba20 DEOPT PACKING pc=0x000001e2aeca8150 sp=0x000000aef07f9a50
Event: 11.841 Thread 0x000001e2c4a9ba20 DEOPT UNPACKING pc=0x000001e2a6e9f92e sp=0x000000aef07f99d0 mode 2
Event: 11.845 Thread 0x000001e2be91d090 Uncommon trap: trap_request=0xffffffc6 fr.pc=0x000001e2aea66ed4 relative=0x0000000000000b54
Event: 11.846 Thread 0x000001e2be91d090 Uncommon trap: reason=bimorphic_or_optimized_type_check action=maybe_recompile pc=0x000001e2aea66ed4 method=java.util.Hashtable.addEntry(ILjava/lang/Object;Ljava/lang/Object;I)V @ 28 c2
Event: 11.846 Thread 0x000001e2be91d090 DEOPT PACKING pc=0x000001e2aea66ed4 sp=0x000000aef0ffcab0
Event: 11.846 Thread 0x000001e2be91d090 DEOPT UNPACKING pc=0x000001e2a6e9f92e sp=0x000000aef0ffc9e8 mode 2

Classes unloaded (7 events):
Event: 11.037 Thread 0x000001e2bd796510 Unloading class 0x0000000801615c00 'java/lang/invoke/LambdaForm$DMH+0x0000000801615c00'
Event: 11.037 Thread 0x000001e2bd796510 Unloading class 0x0000000801615800 'java/lang/invoke/LambdaForm$DMH+0x0000000801615800'
Event: 11.037 Thread 0x000001e2bd796510 Unloading class 0x0000000801615400 'java/lang/invoke/LambdaForm$DMH+0x0000000801615400'
Event: 11.037 Thread 0x000001e2bd796510 Unloading class 0x0000000801615000 'java/lang/invoke/LambdaForm$DMH+0x0000000801615000'
Event: 11.037 Thread 0x000001e2bd796510 Unloading class 0x0000000801614800 'java/lang/invoke/LambdaForm$DMH+0x0000000801614800'
Event: 11.037 Thread 0x000001e2bd796510 Unloading class 0x0000000801614000 'java/lang/invoke/LambdaForm$DMH+0x0000000801614000'
Event: 11.037 Thread 0x000001e2bd796510 Unloading class 0x0000000801614c00 'java/lang/invoke/LambdaForm$DMH+0x0000000801614c00'

Classes redefined (0 events):
No events

Internal exceptions (20 events):
Event: 11.515 Thread 0x000001e2c4a9ba20 Exception <a 'java/lang/NoSuchMethodError'{0x0000000088dd3fd0}: static Lcom/android/ide/common/resources/SourcelessResourceMergerItem;.<clinit>()V> (0x0000000088dd3fd0) 
thrown [t:\workspace\open\src\hotspot\share\prims\jni.cpp, line 1210]
Event: 11.515 Thread 0x000001e2c4a9ba20 Exception <a 'java/lang/NoSuchMethodError'{0x0000000088dd89f8}: static Lcom/android/ide/common/resources/DataItem;.<clinit>()V> (0x0000000088dd89f8) 
thrown [t:\workspace\open\src\hotspot\share\prims\jni.cpp, line 1210]
Event: 11.515 Thread 0x000001e2c4a9ba20 Exception <a 'java/lang/NoSuchMethodError'{0x0000000088de4440}: static Lcom/android/ide/common/resources/DataItem;.<clinit>()V> (0x0000000088de4440) 
thrown [t:\workspace\open\src\hotspot\share\prims\jni.cpp, line 1210]
Event: 11.518 Thread 0x000001e2c4a9ba20 Exception <a 'java/lang/NoSuchMethodError'{0x0000000088c0c0a0}: static Ljava/lang/Object;.<clinit>()V> (0x0000000088c0c0a0) 
thrown [t:\workspace\open\src\hotspot\share\prims\jni.cpp, line 1210]
Event: 11.520 Thread 0x000001e2c4a9ba20 Exception <a 'java/lang/NoSuchMethodError'{0x0000000088c2eb70}: static Lcom/android/ide/common/rendering/api/ResourceNamespace$ResAutoNamespace;.<clinit>()V> (0x0000000088c2eb70) 
thrown [t:\workspace\open\src\hotspot\share\prims\jni.cpp, line 1210]
Event: 11.521 Thread 0x000001e2c4a9ba20 Exception <a 'java/lang/NoSuchMethodError'{0x0000000088c325e0}: static Ljava/lang/Object;.<clinit>()V> (0x0000000088c325e0) 
thrown [t:\workspace\open\src\hotspot\share\prims\jni.cpp, line 1210]
Event: 11.522 Thread 0x000001e2c4a9ba20 Exception <a 'java/lang/NoSuchMethodError'{0x0000000088c50358}: static Ljava/lang/Object;.<clinit>()V> (0x0000000088c50358) 
thrown [t:\workspace\open\src\hotspot\share\prims\jni.cpp, line 1210]
Event: 11.523 Thread 0x000001e2c4a9ba20 Exception <a 'java/lang/NoSuchMethodError'{0x0000000088c65c80}: static [Lcom/android/ide/common/resources/configuration/ResourceQualifier;.<clinit>()V> (0x0000000088c65c80) 
thrown [t:\workspace\open\src\hotspot\share\prims\jni.cpp, line 1210]
Event: 11.526 Thread 0x000001e2c4a9ba20 Exception <a 'java/lang/NoSuchMethodError'{0x0000000088c96688}: static Lcom/android/ide/common/resources/configuration/EnumBasedResourceQualifier;.<clinit>()V> (0x0000000088c96688) 
thrown [t:\workspace\open\src\hotspot\share\prims\jni.cpp, line 1210]
Event: 11.526 Thread 0x000001e2c4a9ba20 Exception <a 'java/lang/NoSuchMethodError'{0x0000000088c99b40}: static Lcom/android/ide/common/resources/configuration/EnumBasedResourceQualifier;.<clinit>()V> (0x0000000088c99b40) 
thrown [t:\workspace\open\src\hotspot\share\prims\jni.cpp, line 1210]
Event: 11.526 Thread 0x000001e2c4a9ba20 Exception <a 'java/lang/NoSuchMethodError'{0x0000000088c9c810}: static Lcom/android/ide/common/resources/configuration/ResourceQualifier;.<clinit>()V> (0x0000000088c9c810) 
thrown [t:\workspace\open\src\hotspot\share\prims\jni.cpp, line 1210]
Event: 11.527 Thread 0x000001e2c4a9ba20 Exception <a 'java/lang/NoSuchMethodError'{0x0000000088cb3e40}: static Lcom/android/ide/common/resources/configuration/EnumBasedResourceQualifier;.<clinit>()V> (0x0000000088cb3e40) 
thrown [t:\workspace\open\src\hotspot\share\prims\jni.cpp, line 1210]
Event: 11.528 Thread 0x000001e2c4a9ba20 Exception <a 'java/lang/NoSuchMethodError'{0x0000000088cca780}: static Lcom/android/ide/common/resources/configuration/EnumBasedResourceQualifier;.<clinit>()V> (0x0000000088cca780) 
thrown [t:\workspace\open\src\hotspot\share\prims\jni.cpp, line 1210]
Event: 11.530 Thread 0x000001e2c4a9ba20 Exception <a 'java/lang/NoSuchMethodError'{0x0000000088ceb968}: static Lcom/android/build/gradle/tasks/MergeResources$MergeResourcesVectorDrawableRenderer;.<clinit>()V> (0x0000000088ceb968) 
thrown [t:\workspace\open\src\hotspot\share\prims\jni.cpp, line 1210]
Event: 11.530 Thread 0x000001e2c4a9ba20 Exception <a 'java/lang/NoSuchMethodError'{0x0000000088cee460}: static Ljava/lang/Object;.<clinit>()V> (0x0000000088cee460) 
thrown [t:\workspace\open\src\hotspot\share\prims\jni.cpp, line 1210]
Event: 11.532 Thread 0x000001e2c4a9ba20 Exception <a 'java/lang/NoSuchMethodError'{0x0000000088cff030}: static Lcom/android/build/gradle/internal/LoggerWrapper$LoggerSupplier;.<clinit>()V> (0x0000000088cff030) 
thrown [t:\workspace\open\src\hotspot\share\prims\jni.cpp, line 1210]
Event: 11.573 Thread 0x000001e2c4a9ba20 Exception <a 'java/lang/NoSuchMethodError'{0x000000008893a500}: static Lcom/android/ide/common/resources/configuration/ResourceQualifier;.<clinit>()V> (0x000000008893a500) 
thrown [t:\workspace\open\src\hotspot\share\prims\jni.cpp, line 1210]
Event: 11.677 Thread 0x000001e2be91d090 Exception <a 'java/lang/ClassNotFoundException'{0x00000000895dfcf8}: sun/awt/resources/spi/awtProvider> (0x00000000895dfcf8) 
thrown [t:\workspace\open\src\hotspot\share\classfile\systemDictionary.cpp, line 256]
Event: 11.686 Thread 0x000001e2be91d090 Exception <a 'java/io/FileNotFoundException'{0x00000000895eabd8}> (0x00000000895eabd8) 
thrown [t:\workspace\open\src\hotspot\share\prims\jni.cpp, line 579]
Event: 11.688 Thread 0x000001e2be91d090 Exception <a 'java/io/FileNotFoundException'{0x0000000089401960}> (0x0000000089401960) 
thrown [t:\workspace\open\src\hotspot\share\prims\jni.cpp, line 579]

Events (20 events):
Event: 11.849 loading class sun/java2d/ReentrantContext
Event: 11.849 loading class sun/java2d/ReentrantContext done
Event: 11.849 loading class sun/java2d/pipe/AAShapePipe$TileState done
Event: 11.849 loading class java/awt/geom/Rectangle2D$Double
Event: 11.849 loading class java/awt/geom/Rectangle2D$Double done
Event: 11.849 loading class sun/java2d/ReentrantContextProvider$HardReference
Event: 11.850 loading class sun/java2d/ReentrantContextProvider$HardReference done
Event: 11.851 Executing  VM operation: HandshakeAllThreads
Event: 11.851 Executing  VM operation: HandshakeAllThreads done
Event: 11.851 loading class sun/java2d/marlin/DRendererContext
Event: 11.852 loading class sun/java2d/marlin/IRendererContext
Event: 11.852 loading class sun/java2d/marlin/IRendererContext done
Event: 11.852 loading class sun/java2d/marlin/DRendererContext done
Event: 11.853 loading class sun/java2d/marlin/DCurve
Event: 11.853 loading class sun/java2d/marlin/DCurve done
Event: 11.853 loading class sun/java2d/marlin/DCollinearSimplifier
Event: 11.853 Executing  VM operation: G1TryInitiateConcMark
Event: 11.854 loading class sun/java2d/marlin/DPathConsumer2D
Event: 11.854 loading class sun/java2d/marlin/DPathConsumer2D done
Event: 11.854 loading class sun/java2d/marlin/DCollinearSimplifier done


Dynamic libraries:
0x00007ff64e610000 - 0x00007ff64e620000 	C:\Program Files\Java\jdk-16.0.2\bin\java.exe
0x00007ffa7dfd0000 - 0x00007ffa7e1c8000 	C:\WINDOWS\SYSTEM32\ntdll.dll
0x00007ffa7d110000 - 0x00007ffa7d1cd000 	C:\WINDOWS\System32\KERNEL32.DLL
0x00007ffa7bcc0000 - 0x00007ffa7bf8e000 	C:\WINDOWS\System32\KERNELBASE.dll
0x00007ffa7b6f0000 - 0x00007ffa7b7f0000 	C:\WINDOWS\System32\ucrtbase.dll
0x00007ffa69510000 - 0x00007ffa69528000 	C:\Program Files\Java\jdk-16.0.2\bin\jli.dll
0x00007ffa7cf10000 - 0x00007ffa7cfbe000 	C:\WINDOWS\System32\ADVAPI32.dll
0x00007ffa7c030000 - 0x00007ffa7c0ce000 	C:\WINDOWS\System32\msvcrt.dll
0x00007ffa7cbc0000 - 0x00007ffa7cc5c000 	C:\WINDOWS\System32\sechost.dll
0x00007ffa7cfc0000 - 0x00007ffa7d0e5000 	C:\WINDOWS\System32\RPCRT4.dll
0x00007ffa7c0d0000 - 0x00007ffa7c270000 	C:\WINDOWS\System32\USER32.dll
0x00007ffa7bbd0000 - 0x00007ffa7bbf2000 	C:\WINDOWS\System32\win32u.dll
0x00007ffa7c7c0000 - 0x00007ffa7c7ea000 	C:\WINDOWS\System32\GDI32.dll
0x00007ffa7b7f0000 - 0x00007ffa7b8fb000 	C:\WINDOWS\System32\gdi32full.dll
0x00007ffa7bf90000 - 0x00007ffa7c02d000 	C:\WINDOWS\System32\msvcp_win.dll
0x00007ffa66910000 - 0x00007ffa66929000 	C:\Program Files\Java\jdk-16.0.2\bin\VCRUNTIME140.dll
0x00007ffa63420000 - 0x00007ffa636ba000 	C:\WINDOWS\WinSxS\amd64_microsoft.windows.common-controls_6595b64144ccf1df_6.0.19041.1110_none_60b5254171f9507e\COMCTL32.dll
0x00007ffa753b0000 - 0x00007ffa753ba000 	C:\WINDOWS\SYSTEM32\VERSION.dll
0x00007ffa7cac0000 - 0x00007ffa7caf0000 	C:\WINDOWS\System32\IMM32.DLL
0x00007ffa78900000 - 0x00007ffa7890c000 	C:\Program Files\Java\jdk-16.0.2\bin\vcruntime140_1.dll
0x00007ffa66870000 - 0x00007ffa66901000 	C:\Program Files\Java\jdk-16.0.2\bin\msvcp140.dll
0x00007ffa16dd0000 - 0x00007ffa1797b000 	C:\Program Files\Java\jdk-16.0.2\bin\server\jvm.dll
0x00007ffa7df80000 - 0x00007ffa7df88000 	C:\WINDOWS\System32\PSAPI.DLL
0x00007ffa79d20000 - 0x00007ffa79d47000 	C:\WINDOWS\SYSTEM32\WINMM.dll
0x00007ffa788f0000 - 0x00007ffa788f9000 	C:\WINDOWS\SYSTEM32\WSOCK32.dll
0x00007ffa7cd00000 - 0x00007ffa7cd6b000 	C:\WINDOWS\System32\WS2_32.dll
0x00007ffa79fb0000 - 0x00007ffa79fc2000 	C:\WINDOWS\SYSTEM32\kernel.appcore.dll
0x00007ffa6afd0000 - 0x00007ffa6afda000 	C:\Program Files\Java\jdk-16.0.2\bin\jimage.dll
0x00007ffa79b30000 - 0x00007ffa79d14000 	C:\WINDOWS\SYSTEM32\DBGHELP.DLL
0x00007ffa79af0000 - 0x00007ffa79b1c000 	C:\WINDOWS\SYSTEM32\dbgcore.DLL
0x00007ffa7bc00000 - 0x00007ffa7bc82000 	C:\WINDOWS\System32\bcryptPrimitives.dll
0x00007ffa66840000 - 0x00007ffa66865000 	C:\Program Files\Java\jdk-16.0.2\bin\java.dll
0x00007ffa7d830000 - 0x00007ffa7df74000 	C:\WINDOWS\System32\SHELL32.dll
0x00007ffa79350000 - 0x00007ffa79ae4000 	C:\WINDOWS\SYSTEM32\windows.storage.dll
0x00007ffa7c400000 - 0x00007ffa7c754000 	C:\WINDOWS\System32\combase.dll
0x00007ffa7b150000 - 0x00007ffa7b180000 	C:\WINDOWS\SYSTEM32\Wldp.dll
0x00007ffa7c350000 - 0x00007ffa7c3fd000 	C:\WINDOWS\System32\SHCORE.dll
0x00007ffa7c760000 - 0x00007ffa7c7b5000 	C:\WINDOWS\System32\shlwapi.dll
0x00007ffa7b630000 - 0x00007ffa7b64f000 	C:\WINDOWS\SYSTEM32\profapi.dll
0x00007ffa66820000 - 0x00007ffa66839000 	C:\Program Files\Java\jdk-16.0.2\bin\net.dll
0x00007ffa669e0000 - 0x00007ffa66aea000 	C:\WINDOWS\SYSTEM32\WINHTTP.dll
0x00007ffa7aeb0000 - 0x00007ffa7af1a000 	C:\WINDOWS\system32\mswsock.dll
0x00007ffa66800000 - 0x00007ffa66813000 	C:\Program Files\Java\jdk-16.0.2\bin\nio.dll
0x00007ffa667e0000 - 0x00007ffa667f8000 	C:\Program Files\Java\jdk-16.0.2\bin\zip.dll
0x00007ffa6a170000 - 0x00007ffa6a180000 	C:\Program Files\Java\jdk-16.0.2\bin\verify.dll
0x00007ffa66930000 - 0x00007ffa66957000 	C:\Users\ITECH\.gradle\native\e1d6ef7f7dcc3fd88c89a11ec53ec762bb8ba0a96d01ffa2cd45eb1d1d8dd5c5\windows-amd64\native-platform.dll
0x00007ffa537c0000 - 0x00007ffa53904000 	C:\Users\ITECH\.gradle\native\5664cfc778a61ccfe75a443a1ab52a65af34e5dc3c78e0209fed803814484fcb\windows-amd64\native-platform-file-events.dll
0x00007ffa69b60000 - 0x00007ffa69b69000 	C:\Program Files\Java\jdk-16.0.2\bin\management.dll
0x00007ffa69b30000 - 0x00007ffa69b3b000 	C:\Program Files\Java\jdk-16.0.2\bin\management_ext.dll
0x00007ffa7b0a0000 - 0x00007ffa7b0b8000 	C:\WINDOWS\SYSTEM32\CRYPTSP.dll
0x00007ffa7a7c0000 - 0x00007ffa7a7f4000 	C:\WINDOWS\system32\rsaenh.dll
0x00007ffa7bc90000 - 0x00007ffa7bcb7000 	C:\WINDOWS\System32\bcrypt.dll
0x00007ffa7b5f0000 - 0x00007ffa7b61e000 	C:\WINDOWS\SYSTEM32\USERENV.dll
0x00007ffa7b0c0000 - 0x00007ffa7b0cc000 	C:\WINDOWS\SYSTEM32\CRYPTBASE.dll
0x00007ffa7ab50000 - 0x00007ffa7ab8b000 	C:\WINDOWS\SYSTEM32\IPHLPAPI.DLL
0x00007ffa7cc60000 - 0x00007ffa7cc68000 	C:\WINDOWS\System32\NSI.dll
0x00007ffa6fca0000 - 0x00007ffa6fcb7000 	C:\WINDOWS\SYSTEM32\dhcpcsvc6.DLL
0x00007ffa71010000 - 0x00007ffa7102d000 	C:\WINDOWS\SYSTEM32\dhcpcsvc.DLL
0x00007ffa7aba0000 - 0x00007ffa7ac6a000 	C:\WINDOWS\SYSTEM32\DNSAPI.dll
0x00007ffa69a40000 - 0x00007ffa69a4e000 	C:\Program Files\Java\jdk-16.0.2\bin\sunmscapi.dll
0x00007ffa7b970000 - 0x00007ffa7bac6000 	C:\WINDOWS\System32\CRYPT32.dll
0x00007ffa7b1c0000 - 0x00007ffa7b1e7000 	C:\WINDOWS\SYSTEM32\ncrypt.dll
0x00007ffa7b180000 - 0x00007ffa7b1bb000 	C:\WINDOWS\SYSTEM32\NTASN1.dll
0x00007ffa54150000 - 0x00007ffa54157000 	C:\WINDOWS\system32\wshunix.dll
0x00007ffa48640000 - 0x00007ffa487c0000 	C:\Program Files\Java\jdk-16.0.2\bin\awt.dll
0x00007ffa7caf0000 - 0x00007ffa7cbbd000 	C:\WINDOWS\System32\OLEAUT32.dll
0x00007ffa78940000 - 0x00007ffa789d0000 	C:\WINDOWS\SYSTEM32\apphelp.dll
0x00007ffa78dc0000 - 0x00007ffa78def000 	C:\WINDOWS\system32\DWMAPI.DLL
0x00007ffa78ae0000 - 0x00007ffa78b7e000 	C:\WINDOWS\system32\uxtheme.dll

dbghelp: loaded successfully - version: 4.0.5 - missing functions: none
symbol engine: initialized successfully - sym options: 0x614 - pdb path: .;C:\Program Files\Java\jdk-16.0.2\bin;C:\WINDOWS\SYSTEM32;C:\WINDOWS\WinSxS\amd64_microsoft.windows.common-controls_6595b64144ccf1df_6.0.19041.1110_none_60b5254171f9507e;C:\Program Files\Java\jdk-16.0.2\bin\server;C:\Users\ITECH\.gradle\native\e1d6ef7f7dcc3fd88c89a11ec53ec762bb8ba0a96d01ffa2cd45eb1d1d8dd5c5\windows-amd64;C:\Users\ITECH\.gradle\native\5664cfc778a61ccfe75a443a1ab52a65af34e5dc3c78e0209fed803814484fcb\windows-amd64

VM Arguments:
jvm_args: --add-opens=java.base/java.util=ALL-UNNAMED --add-opens=java.base/java.lang=ALL-UNNAMED --add-opens=java.base/java.lang.invoke=ALL-UNNAMED --add-opens=java.base/java.util=ALL-UNNAMED --add-opens=java.prefs/java.util.prefs=ALL-UNNAMED --add-opens=java.prefs/java.util.prefs=ALL-UNNAMED --add-opens=java.base/java.nio.charset=ALL-UNNAMED --add-opens=java.base/java.net=ALL-UNNAMED --add-opens=java.base/java.util.concurrent.atomic=ALL-UNNAMED -Xmx2048m -Dfile.encoding=UTF-8 -Duser.country=US -Duser.language=en -Duser.variant 
java_command: org.gradle.launcher.daemon.bootstrap.GradleDaemon 7.3.3
java_class_path (initial): C:\Users\ITECH\.gradle\wrapper\dists\gradle-7.3.3-bin\6a41zxkdtcxs8rphpq6y0069z\gradle-7.3.3\lib\gradle-launcher-7.3.3.jar
Launcher Type: SUN_STANDARD

[Global flags]
     intx CICompilerCount                          = 4                                         {product} {ergonomic}
     uint ConcGCThreads                            = 2                                         {product} {ergonomic}
     uint G1ConcRefinementThreads                  = 8                                         {product} {ergonomic}
   size_t G1HeapRegionSize                         = 1048576                                   {product} {ergonomic}
    uintx GCDrainStackTargetSize                   = 64                                        {product} {ergonomic}
   size_t InitialHeapSize                          = 132120576                                 {product} {ergonomic}
   size_t MarkStackSize                            = 4194304                                   {product} {ergonomic}
   size_t MaxHeapSize                              = 2147483648                                {product} {command line}
   size_t MaxNewSize                               = 1287651328                                {product} {ergonomic}
   size_t MinHeapDeltaBytes                        = 1048576                                   {product} {ergonomic}
   size_t MinHeapSize                              = 8388608                                   {product} {ergonomic}
    uintx NonNMethodCodeHeapSize                   = 5839372                                {pd product} {ergonomic}
    uintx NonProfiledCodeHeapSize                  = 122909434                              {pd product} {ergonomic}
    uintx ProfiledCodeHeapSize                     = 122909434                              {pd product} {ergonomic}
    uintx ReservedCodeCacheSize                    = 251658240                              {pd product} {ergonomic}
     bool SegmentedCodeCache                       = true                                      {product} {ergonomic}
   size_t SoftMaxHeapSize                          = 2147483648                             {manageable} {ergonomic}
     bool UseCompressedClassPointers               = true                           {product lp64_product} {ergonomic}
     bool UseCompressedOops                        = true                           {product lp64_product} {ergonomic}
     bool UseG1GC                                  = true                                      {product} {ergonomic}
     bool UseLargePagesIndividualAllocation        = false                                  {pd product} {ergonomic}

Logging:
Log output configuration:
 #0: stdout all=warning uptime,level,tags
 #1: stderr all=off uptime,level,tags

Environment Variables:
JAVA_HOME=C:\Program Files\Java\jdk-16.0.2
PATH=C:\Program Files\Python37\Scripts\;C:\Program Files\Python37\;C:\ProgramData\Oracle\Java\javapath;C:\app\ITECH\product\11.2.0\dbhome_1\bin;C:\Program Files\Common Files\Oracle\Java\javapath;C:\Program Files (x86)\Common Files\Oracle\Java\javapath;C:\WINDOWS\system32;C:\WINDOWS;C:\WINDOWS\System32\Wbem;C:\WINDOWS\System32\WindowsPowerShell\v1.0\;C:\WINDOWS\System32\OpenSSH\;C:\Program Files\Microsoft SQL Server\130\Tools\Binn\;C:\Program Files\Microsoft SQL Server\Client SDK\ODBC\170\Tools\Binn\;C:\Program Files\dotnet\;C:\Program Files\nodejs\;C:\Program Files\Java\jdk-16.0.2\bin;C:\Program Files\Git\cmd;C:\Program Files\Java\jdk-16.0.2\bin;
USERNAME=ITECH
OS=Windows_NT
PROCESSOR_IDENTIFIER=Intel64 Family 6 Model 126 Stepping 5, GenuineIntel



---------------  S Y S T E M  ---------------

OS:
 Windows 10 , 64 bit Build 19041 (10.0.19041.1889)
OS uptime: 0 days 20:30 hours

CPU: total 8 (initial active 8) (4 cores per cpu, 2 threads per core) family 6 model 126 stepping 5 microcode 0xb0, cx8, cmov, fxsr, ht, mmx, 3dnowpref, sse, sse2, sse3, ssse3, sse4.1, sse4.2, popcnt, lzcnt, tsc, tscinvbit, avx, avx2, aes, erms, clmul, bmi1, bmi2, adx, avx512f, avx512dq, avx512cd, avx512bw, avx512vl, sha, fma, vzeroupper, avx512_vpopcntdq, avx512_vpclmulqdq, avx512_vaes, avx512_vnni, clflush, clflushopt, avx512_vmbi2, avx512_vmbi

Memory: 4k page, system-wide physical 7959M (950M free)
TotalPageFile size 7959M (AvailPageFile size 5M)
current process WorkingSet (physical memory assigned to process): 394M, peak: 401M
current process commit charge ("private bytes"): 449M, peak: 449M

vm_info: Java HotSpot(TM) 64-Bit Server VM (16.0.2+7-67) for windows-amd64 JRE (16.0.2+7-67), built on Jun  8 2021 23:24:19 by "mach5one" with MS VC++ 16.7 (VS2019)

END.
