#
# There is insufficient memory for the Java Runtime Environment to continue.
# Native memory allocation (malloc) failed to allocate 1512208 bytes for Chunk::new
# Possible reasons:
#   The system is out of physical RAM or swap space
#   The process is running with CompressedOops enabled, and the Java Heap may be blocking the growth of the native heap
# Possible solutions:
#   Reduce memory load on the system
#   Increase physical memory or swap space
#   Check if swap backing store is full
#   Decrease Java heap size (-Xmx/-Xms)
#   Decrease number of Java threads
#   Decrease Java thread stack sizes (-Xss)
#   Set larger code cache with -XX:ReservedCodeCacheSize=
#   JVM is running with Unscaled Compressed Oops mode in which the Java heap is
#     placed in the first 4GB address space. The Java Heap base address is the
#     maximum limit for the native heap growth. Please use -XX:HeapBaseMinAddress
#     to set the Java Heap base and to place the Java Heap above 4GB virtual address.
# This output file may be truncated or incomplete.
#
#  Out of Memory Error (arena.cpp:195), pid=8564, tid=516
#
# JRE version: Java(TM) SE Runtime Environment (16.0.2+7) (build 16.0.2+7-67)
# Java VM: Java HotSpot(TM) 64-Bit Server VM (16.0.2+7-67, mixed mode, sharing, tiered, compressed oops, compressed class ptrs, g1 gc, windows-amd64)
# No core dump will be written. Minidumps are not enabled by default on client versions of Windows
#

---------------  S U M M A R Y ------------

Command Line: --add-opens=java.base/java.util=ALL-UNNAMED --add-opens=java.base/java.lang=ALL-UNNAMED --add-opens=java.base/java.lang.invoke=ALL-UNNAMED --add-opens=java.base/java.util=ALL-UNNAMED --add-opens=java.prefs/java.util.prefs=ALL-UNNAMED --add-opens=java.prefs/java.util.prefs=ALL-UNNAMED --add-opens=java.base/java.nio.charset=ALL-UNNAMED --add-opens=java.base/java.net=ALL-UNNAMED --add-opens=java.base/java.util.concurrent.atomic=ALL-UNNAMED -Xmx2048m -Dfile.encoding=UTF-8 -Duser.country=US -Duser.language=en -Duser.variant org.gradle.launcher.daemon.bootstrap.GradleDaemon 7.3.3

Host: Intel(R) Core(TM) i7-1065G7 CPU @ 1.30GHz, 8 cores, 7G,  Windows 10 , 64 bit Build 19041 (10.0.19041.1889)
Time: Mon Aug 22 11:49:24 2022 Egypt Standard Time elapsed time: 8.456760 seconds (0d 0h 0m 8s)

---------------  T H R E A D  ---------------

Current thread (0x000002bb9dab3ff0):  JavaThread "C2 CompilerThread1" daemon [_thread_in_native, id=516, stack(0x000000f537f00000,0x000000f538000000)]


Current CompileTask:
C2:   8456 6765       4       java.lang.Class::getMethodsRecursive (99 bytes)

Stack: [0x000000f537f00000,0x000000f538000000]
Native frames: (J=compiled Java code, j=interpreted, Vv=VM code, C=native code)
V  [jvm.dll+0x6681ca]
V  [jvm.dll+0x7c9e69]
V  [jvm.dll+0x7cb61e]
V  [jvm.dll+0x7cbc73]
V  [jvm.dll+0x242c55]
V  [jvm.dll+0xadeba]
V  [jvm.dll+0xae45c]
V  [jvm.dll+0x35a8d7]
V  [jvm.dll+0x324de1]
V  [jvm.dll+0x32428a]
V  [jvm.dll+0x215cec]
V  [jvm.dll+0x215100]
V  [jvm.dll+0x1a1beb]
V  [jvm.dll+0x225158]
V  [jvm.dll+0x22319c]
V  [jvm.dll+0x77fa62]
V  [jvm.dll+0x7795aa]
V  [jvm.dll+0x667066]
C  [ucrtbase.dll+0x21bb2]
C  [KERNEL32.DLL+0x17034]
C  [ntdll.dll+0x52651]


---------------  P R O C E S S  ---------------

Threads class SMR info:
_java_thread_list=0x000002bba0b7b1d0, length=126, elements={
0x000002bbfc5a4090, 0x000002bbfff7e630, 0x000002bbfff7f140, 0x000002bbfff88ba0,
0x000002bbfff8dad0, 0x000002bbfff903f0, 0x000002bbfff91d10, 0x000002bbfff92950,
0x000002bbfff9f7c0, 0x000002bbfffc2130, 0x000002bb9d0fd3c0, 0x000002bb9d0fe900,
0x000002bb9dab3ff0, 0x000002bb9d0fde60, 0x000002bb9d0fb3e0, 0x000002bb9d0fb930,
0x000002bb9d0fbe80, 0x000002bb9d0fe3b0, 0x000002bb9d0fc3d0, 0x000002bb9d0fc920,
0x000002bb9d0fce70, 0x000002bb9f726550, 0x000002bb9f726aa0, 0x000002bb9f723580,
0x000002bb9f724ac0, 0x000002bb9f725010, 0x000002bb9f721af0, 0x000002bb9f722040,
0x000002bb9f723ad0, 0x000002bb9f723030, 0x000002bb9f722590, 0x000002bb9f724020,
0x000002bb9f726ff0, 0x000002bb9f7215a0, 0x000002bb9f720060, 0x000002bb9f720b00,
0x000002bb9f7205b0, 0x000002bb9f726000, 0x000002bb9f724570, 0x000002bb9f721050,
0x000002bb9f722ae0, 0x000002bb9f725ab0, 0x000002bb9fab64d0, 0x000002bb9fab94a0,
0x000002bb9fab2a60, 0x000002bb9fab2fb0, 0x000002bb9fab7f60, 0x000002bb9fab9f40,
0x000002bb9fab99f0, 0x000002bb9faba490, 0x000002bb9fab4a40, 0x000002bb9fab4f90,
0x000002bb9fab3fa0, 0x000002bb9fab3500, 0x000002bb9fab84b0, 0x000002bb9fab6a20,
0x000002bb9fab6f70, 0x000002bb9fab3a50, 0x000002bb9fab44f0, 0x000002bb9fab74c0,
0x000002bb9fab8a00, 0x000002bb9fab54e0, 0x000002bb9fab8f50, 0x000002bb9fab5a30,
0x000002bb9fab5f80, 0x000002bb9fab7a10, 0x000002bb9ddb1370, 0x000002bb9ddb28b0,
0x000002bb9ddb5330, 0x000002bb9ddb5dd0, 0x000002bb9ddb0e20, 0x000002bb9ddb2360,
0x000002bb9ddb18c0, 0x000002bb9ddb38a0, 0x000002bb9ddb8300, 0x000002bb9ddb4890,
0x000002bb9ddb2e00, 0x000002bb9ddb1e10, 0x000002bb9ddb4de0, 0x000002bb9ddb7db0,
0x000002bb9ddb7860, 0x000002bb9ddb3df0, 0x000002bb9ddb3350, 0x000002bb9ddb4340,
0x000002bb9ddb7310, 0x000002bb9ddb5880, 0x000002bb9ddb6320, 0x000002bb9ddb6870,
0x000002bb9ddb6dc0, 0x000002bb9ddb8850, 0x000002bb9e2aaeb0, 0x000002bb9e2a7440,
0x000002bb9e2ab400, 0x000002bb9e2ab950, 0x000002bb9e2abea0, 0x000002bb9e2ac3f0,
0x000002bb9e2a59b0, 0x000002bb9e2a6ef0, 0x000002bb9e2a7ee0, 0x000002bb9e2a7990,
0x000002bb9e2a5f00, 0x000002bb9e2a8430, 0x000002bb9e2ac940, 0x000002bb9e2a6450,
0x000002bb9e2aa960, 0x000002bb9e2a4f10, 0x000002bb9e2a8980, 0x000002bb9e2a5460,
0x000002bb9e2aa410, 0x000002bb9e2a69a0, 0x000002bb9e2a8ed0, 0x000002bb9e2a9420,
0x000002bb9e2a9970, 0x000002bb9e2a9ec0, 0x000002bba0759910, 0x000002bba075c390,
0x000002bba075a900, 0x000002bba075e370, 0x000002bba0758920, 0x000002bba07583d0,
0x000002bba0758e70, 0x000002bba075e8c0, 0x000002bba075ee10, 0x000002bba075d380,
0x000002bb9dbb3870, 0x000002bba075b3a0
}

Java Threads: ( => current thread )
  0x000002bbfc5a4090 JavaThread "main" [_thread_blocked, id=2832, stack(0x000000f536c00000,0x000000f536d00000)]
  0x000002bbfff7e630 JavaThread "Reference Handler" daemon [_thread_blocked, id=12508, stack(0x000000f537300000,0x000000f537400000)]
  0x000002bbfff7f140 JavaThread "Finalizer" daemon [_thread_blocked, id=10016, stack(0x000000f537400000,0x000000f537500000)]
  0x000002bbfff88ba0 JavaThread "Signal Dispatcher" daemon [_thread_blocked, id=8120, stack(0x000000f537500000,0x000000f537600000)]
  0x000002bbfff8dad0 JavaThread "Attach Listener" daemon [_thread_blocked, id=8180, stack(0x000000f537600000,0x000000f537700000)]
  0x000002bbfff903f0 JavaThread "Service Thread" daemon [_thread_blocked, id=10176, stack(0x000000f537700000,0x000000f537800000)]
  0x000002bbfff91d10 JavaThread "Monitor Deflation Thread" daemon [_thread_blocked, id=10144, stack(0x000000f537800000,0x000000f537900000)]
  0x000002bbfff92950 JavaThread "C2 CompilerThread0" daemon [_thread_in_native, id=12260, stack(0x000000f537900000,0x000000f537a00000)]
  0x000002bbfff9f7c0 JavaThread "C1 CompilerThread0" daemon [_thread_blocked, id=10636, stack(0x000000f537a00000,0x000000f537b00000)]
  0x000002bbfffc2130 JavaThread "Sweeper thread" daemon [_thread_blocked, id=1996, stack(0x000000f537b00000,0x000000f537c00000)]
  0x000002bb9d0fd3c0 JavaThread "Common-Cleaner" daemon [_thread_blocked, id=8596, stack(0x000000f537c00000,0x000000f537d00000)]
  0x000002bb9d0fe900 JavaThread "Notification Thread" daemon [_thread_blocked, id=11076, stack(0x000000f537d00000,0x000000f537e00000)]
=>0x000002bb9dab3ff0 JavaThread "C2 CompilerThread1" daemon [_thread_in_native, id=516, stack(0x000000f537f00000,0x000000f538000000)]
  0x000002bb9d0fde60 JavaThread "Daemon health stats" [_thread_blocked, id=2252, stack(0x000000f538500000,0x000000f538600000)]
  0x000002bb9d0fb3e0 JavaThread "Incoming local TCP Connector on port 54476" [_thread_in_native, id=11756, stack(0x000000f538600000,0x000000f538700000)]
  0x000002bb9d0fb930 JavaThread "Daemon periodic checks" [_thread_blocked, id=512, stack(0x000000f538700000,0x000000f538800000)]
  0x000002bb9d0fbe80 JavaThread "Daemon" [_thread_blocked, id=11824, stack(0x000000f538800000,0x000000f538900000)]
  0x000002bb9d0fe3b0 JavaThread "Handler for socket connection from /127.0.0.1:54476 to /127.0.0.1:54477" [_thread_in_native, id=996, stack(0x000000f538900000,0x000000f538a00000)]
  0x000002bb9d0fc3d0 JavaThread "Cancel handler" [_thread_blocked, id=5376, stack(0x000000f538a00000,0x000000f538b00000)]
  0x000002bb9d0fc920 JavaThread "Daemon worker" [_thread_in_Java, id=6956, stack(0x000000f538b00000,0x000000f538c00000)]
  0x000002bb9d0fce70 JavaThread "Asynchronous log dispatcher for DefaultDaemonConnection: socket connection from /127.0.0.1:54476 to /127.0.0.1:54477" [_thread_blocked, id=588, stack(0x000000f538c00000,0x000000f538d00000)]
  0x000002bb9f726550 JavaThread "Stdin handler" [_thread_blocked, id=3224, stack(0x000000f538d00000,0x000000f538e00000)]
  0x000002bb9f726aa0 JavaThread "Daemon client event forwarder" [_thread_blocked, id=3656, stack(0x000000f538e00000,0x000000f538f00000)]
  0x000002bb9f723580 JavaThread "Cache worker for journal cache (C:\Users\ITECH\.gradle\caches\journal-1)" [_thread_blocked, id=9500, stack(0x000000f538f00000,0x000000f539000000)]
  0x000002bb9f724ac0 JavaThread "File lock request listener" [_thread_in_native, id=3636, stack(0x000000f539000000,0x000000f539100000)]
  0x000002bb9f725010 JavaThread "Cache worker for file hash cache (C:\Users\ITECH\.gradle\caches\7.3.3\fileHashes)" [_thread_blocked, id=4736, stack(0x000000f539100000,0x000000f539200000)]
  0x000002bb9f721af0 JavaThread "Cache worker for file hash cache (C:\Users\ITECH\AndroidStudioProjects\yummy\.gradle\7.3.3\fileHashes)" [_thread_blocked, id=4668, stack(0x000000f539500000,0x000000f539600000)]
  0x000002bb9f722040 JavaThread "File watcher server" daemon [_thread_in_native, id=5856, stack(0x000000f539600000,0x000000f539700000)]
  0x000002bb9f723ad0 JavaThread "File watcher consumer" daemon [_thread_blocked, id=9468, stack(0x000000f539700000,0x000000f539800000)]
  0x000002bb9f723030 JavaThread "Cache worker for checksums cache (C:\Users\ITECH\AndroidStudioProjects\yummy\.gradle\7.3.3\checksums)" [_thread_blocked, id=8968, stack(0x000000f539800000,0x000000f539900000)]
  0x000002bb9f722590 JavaThread "Cache worker for cache directory md-supplier (C:\Users\ITECH\.gradle\caches\7.3.3\md-supplier)" [_thread_blocked, id=3796, stack(0x000000f539900000,0x000000f539a00000)]
  0x000002bb9f724020 JavaThread "Cache worker for cache directory md-rule (C:\Users\ITECH\.gradle\caches\7.3.3\md-rule)" [_thread_blocked, id=9132, stack(0x000000f539a00000,0x000000f539b00000)]
  0x000002bb9f726ff0 JavaThread "Cache worker for execution history cache (C:\Users\ITECH\.gradle\caches\7.3.3\executionHistory)" [_thread_blocked, id=11984, stack(0x000000f539c00000,0x000000f539d00000)]
  0x000002bb9f7215a0 JavaThread "jar transforms" [_thread_blocked, id=11708, stack(0x000000f539d00000,0x000000f539e00000)]
  0x000002bb9f720060 JavaThread "Cache worker for file content cache (C:\Users\ITECH\.gradle\caches\7.3.3\fileContent)" [_thread_blocked, id=1588, stack(0x000000f539e00000,0x000000f539f00000)]
  0x000002bb9f720b00 JavaThread "jar transforms Thread 2" [_thread_blocked, id=8580, stack(0x000000f539f00000,0x000000f53a000000)]
  0x000002bb9f7205b0 JavaThread "Cache worker for dependencies-accessors (C:\Users\ITECH\AndroidStudioProjects\yummy\.gradle\7.3.3\dependencies-accessors)" [_thread_blocked, id=7036, stack(0x000000f53a000000,0x000000f53a100000)]
  0x000002bb9f726000 JavaThread "jar transforms Thread 3" [_thread_blocked, id=3188, stack(0x000000f53a100000,0x000000f53a200000)]
  0x000002bb9f724570 JavaThread "Cache worker for Build Output Cleanup Cache (C:\Users\ITECH\AndroidStudioProjects\yummy\.gradle\buildOutputCleanup)" [_thread_blocked, id=7552, stack(0x000000f53a200000,0x000000f53a300000)]
  0x000002bb9f721050 JavaThread "Unconstrained build operations" [_thread_blocked, id=8992, stack(0x000000f53a300000,0x000000f53a400000)]
  0x000002bb9f722ae0 JavaThread "Unconstrained build operations Thread 2" [_thread_blocked, id=11704, stack(0x000000f53a400000,0x000000f53a500000)]
  0x000002bb9f725ab0 JavaThread "Unconstrained build operations Thread 3" [_thread_blocked, id=4612, stack(0x000000f53a500000,0x000000f53a600000)]
  0x000002bb9fab64d0 JavaThread "Unconstrained build operations Thread 4" [_thread_blocked, id=2068, stack(0x000000f53a600000,0x000000f53a700000)]
  0x000002bb9fab94a0 JavaThread "Unconstrained build operations Thread 5" [_thread_blocked, id=13188, stack(0x000000f53a700000,0x000000f53a800000)]
  0x000002bb9fab2a60 JavaThread "Unconstrained build operations Thread 6" [_thread_blocked, id=3260, stack(0x000000f53a800000,0x000000f53a900000)]
  0x000002bb9fab2fb0 JavaThread "Unconstrained build operations Thread 7" [_thread_blocked, id=11620, stack(0x000000f53a900000,0x000000f53aa00000)]
  0x000002bb9fab7f60 JavaThread "Unconstrained build operations Thread 8" [_thread_blocked, id=4692, stack(0x000000f53aa00000,0x000000f53ab00000)]
  0x000002bb9fab9f40 JavaThread "Unconstrained build operations Thread 9" [_thread_blocked, id=6980, stack(0x000000f53ab00000,0x000000f53ac00000)]
  0x000002bb9fab99f0 JavaThread "Unconstrained build operations Thread 10" [_thread_blocked, id=5180, stack(0x000000f53ac00000,0x000000f53ad00000)]
  0x000002bb9faba490 JavaThread "Unconstrained build operations Thread 11" [_thread_blocked, id=10024, stack(0x000000f53ad00000,0x000000f53ae00000)]
  0x000002bb9fab4a40 JavaThread "Unconstrained build operations Thread 12" [_thread_blocked, id=10192, stack(0x000000f53ae00000,0x000000f53af00000)]
  0x000002bb9fab4f90 JavaThread "Unconstrained build operations Thread 13" [_thread_blocked, id=7240, stack(0x000000f53af00000,0x000000f53b000000)]
  0x000002bb9fab3fa0 JavaThread "Unconstrained build operations Thread 14" [_thread_blocked, id=10540, stack(0x000000f53b000000,0x000000f53b100000)]
  0x000002bb9fab3500 JavaThread "Unconstrained build operations Thread 15" [_thread_blocked, id=4728, stack(0x000000f53b100000,0x000000f53b200000)]
  0x000002bb9fab84b0 JavaThread "Unconstrained build operations Thread 16" [_thread_blocked, id=6424, stack(0x000000f53b200000,0x000000f53b300000)]
  0x000002bb9fab6a20 JavaThread "Unconstrained build operations Thread 17" [_thread_blocked, id=12564, stack(0x000000f53b300000,0x000000f53b400000)]
  0x000002bb9fab6f70 JavaThread "Unconstrained build operations Thread 18" [_thread_blocked, id=7364, stack(0x000000f53b400000,0x000000f53b500000)]
  0x000002bb9fab3a50 JavaThread "Unconstrained build operations Thread 19" [_thread_blocked, id=12320, stack(0x000000f53b500000,0x000000f53b600000)]
  0x000002bb9fab44f0 JavaThread "Unconstrained build operations Thread 20" [_thread_blocked, id=8964, stack(0x000000f53b600000,0x000000f53b700000)]
  0x000002bb9fab74c0 JavaThread "Unconstrained build operations Thread 21" [_thread_blocked, id=9112, stack(0x000000f53b700000,0x000000f53b800000)]
  0x000002bb9fab8a00 JavaThread "Unconstrained build operations Thread 22" [_thread_blocked, id=10692, stack(0x000000f53b800000,0x000000f53b900000)]
  0x000002bb9fab54e0 JavaThread "Unconstrained build operations Thread 23" [_thread_blocked, id=9168, stack(0x000000f53b900000,0x000000f53ba00000)]
  0x000002bb9fab8f50 JavaThread "Unconstrained build operations Thread 24" [_thread_blocked, id=9824, stack(0x000000f53ba00000,0x000000f53bb00000)]
  0x000002bb9fab5a30 JavaThread "Unconstrained build operations Thread 25" [_thread_blocked, id=1624, stack(0x000000f53bb00000,0x000000f53bc00000)]
  0x000002bb9fab5f80 JavaThread "Unconstrained build operations Thread 26" [_thread_blocked, id=6972, stack(0x000000f53bc00000,0x000000f53bd00000)]
  0x000002bb9fab7a10 JavaThread "Unconstrained build operations Thread 27" [_thread_blocked, id=9360, stack(0x000000f53bd00000,0x000000f53be00000)]
  0x000002bb9ddb1370 JavaThread "Unconstrained build operations Thread 28" [_thread_blocked, id=11056, stack(0x000000f53be00000,0x000000f53bf00000)]
  0x000002bb9ddb28b0 JavaThread "Unconstrained build operations Thread 29" [_thread_blocked, id=9784, stack(0x000000f53bf00000,0x000000f53c000000)]
  0x000002bb9ddb5330 JavaThread "Unconstrained build operations Thread 30" [_thread_blocked, id=12292, stack(0x000000f53c000000,0x000000f53c100000)]
  0x000002bb9ddb5dd0 JavaThread "Unconstrained build operations Thread 31" [_thread_blocked, id=3868, stack(0x000000f53c100000,0x000000f53c200000)]
  0x000002bb9ddb0e20 JavaThread "Unconstrained build operations Thread 32" [_thread_blocked, id=10276, stack(0x000000f53c200000,0x000000f53c300000)]
  0x000002bb9ddb2360 JavaThread "Unconstrained build operations Thread 33" [_thread_blocked, id=4264, stack(0x000000f53c300000,0x000000f53c400000)]
  0x000002bb9ddb18c0 JavaThread "Unconstrained build operations Thread 34" [_thread_blocked, id=8652, stack(0x000000f53c400000,0x000000f53c500000)]
  0x000002bb9ddb38a0 JavaThread "Unconstrained build operations Thread 35" [_thread_blocked, id=7400, stack(0x000000f53c500000,0x000000f53c600000)]
  0x000002bb9ddb8300 JavaThread "Unconstrained build operations Thread 36" [_thread_blocked, id=10388, stack(0x000000f53c600000,0x000000f53c700000)]
  0x000002bb9ddb4890 JavaThread "Unconstrained build operations Thread 37" [_thread_blocked, id=11424, stack(0x000000f53c700000,0x000000f53c800000)]
  0x000002bb9ddb2e00 JavaThread "Unconstrained build operations Thread 38" [_thread_blocked, id=888, stack(0x000000f53c800000,0x000000f53c900000)]
  0x000002bb9ddb1e10 JavaThread "Unconstrained build operations Thread 39" [_thread_blocked, id=3960, stack(0x000000f53c900000,0x000000f53ca00000)]
  0x000002bb9ddb4de0 JavaThread "Unconstrained build operations Thread 40" [_thread_blocked, id=8332, stack(0x000000f53ca00000,0x000000f53cb00000)]
  0x000002bb9ddb7db0 JavaThread "Unconstrained build operations Thread 41" [_thread_blocked, id=10972, stack(0x000000f53cb00000,0x000000f53cc00000)]
  0x000002bb9ddb7860 JavaThread "Unconstrained build operations Thread 42" [_thread_blocked, id=12084, stack(0x000000f53cc00000,0x000000f53cd00000)]
  0x000002bb9ddb3df0 JavaThread "Unconstrained build operations Thread 43" [_thread_blocked, id=5724, stack(0x000000f53cd00000,0x000000f53ce00000)]
  0x000002bb9ddb3350 JavaThread "Unconstrained build operations Thread 44" [_thread_blocked, id=11412, stack(0x000000f53ce00000,0x000000f53cf00000)]
  0x000002bb9ddb4340 JavaThread "Unconstrained build operations Thread 45" [_thread_blocked, id=10436, stack(0x000000f53cf00000,0x000000f53d000000)]
  0x000002bb9ddb7310 JavaThread "Unconstrained build operations Thread 46" [_thread_blocked, id=452, stack(0x000000f53d000000,0x000000f53d100000)]
  0x000002bb9ddb5880 JavaThread "Unconstrained build operations Thread 47" [_thread_blocked, id=8356, stack(0x000000f53d100000,0x000000f53d200000)]
  0x000002bb9ddb6320 JavaThread "Unconstrained build operations Thread 48" [_thread_blocked, id=12144, stack(0x000000f53d200000,0x000000f53d300000)]
  0x000002bb9ddb6870 JavaThread "Unconstrained build operations Thread 49" [_thread_blocked, id=6036, stack(0x000000f53d300000,0x000000f53d400000)]
  0x000002bb9ddb6dc0 JavaThread "Unconstrained build operations Thread 50" [_thread_blocked, id=2776, stack(0x000000f53d400000,0x000000f53d500000)]
  0x000002bb9ddb8850 JavaThread "Unconstrained build operations Thread 51" [_thread_blocked, id=7228, stack(0x000000f53d500000,0x000000f53d600000)]
  0x000002bb9e2aaeb0 JavaThread "Unconstrained build operations Thread 52" [_thread_blocked, id=10864, stack(0x000000f53d600000,0x000000f53d700000)]
  0x000002bb9e2a7440 JavaThread "Unconstrained build operations Thread 53" [_thread_blocked, id=9088, stack(0x000000f53d700000,0x000000f53d800000)]
  0x000002bb9e2ab400 JavaThread "Unconstrained build operations Thread 54" [_thread_blocked, id=12140, stack(0x000000f53d800000,0x000000f53d900000)]
  0x000002bb9e2ab950 JavaThread "Unconstrained build operations Thread 55" [_thread_blocked, id=8572, stack(0x000000f53d900000,0x000000f53da00000)]
  0x000002bb9e2abea0 JavaThread "Unconstrained build operations Thread 56" [_thread_blocked, id=6620, stack(0x000000f53da00000,0x000000f53db00000)]
  0x000002bb9e2ac3f0 JavaThread "Unconstrained build operations Thread 57" [_thread_blocked, id=2920, stack(0x000000f53db00000,0x000000f53dc00000)]
  0x000002bb9e2a59b0 JavaThread "Unconstrained build operations Thread 58" [_thread_blocked, id=852, stack(0x000000f53dc00000,0x000000f53dd00000)]
  0x000002bb9e2a6ef0 JavaThread "Unconstrained build operations Thread 59" [_thread_blocked, id=9740, stack(0x000000f53dd00000,0x000000f53de00000)]
  0x000002bb9e2a7ee0 JavaThread "Unconstrained build operations Thread 60" [_thread_blocked, id=3232, stack(0x000000f53de00000,0x000000f53df00000)]
  0x000002bb9e2a7990 JavaThread "Unconstrained build operations Thread 61" [_thread_blocked, id=10512, stack(0x000000f53df00000,0x000000f53e000000)]
  0x000002bb9e2a5f00 JavaThread "Unconstrained build operations Thread 62" [_thread_blocked, id=12928, stack(0x000000f53e000000,0x000000f53e100000)]
  0x000002bb9e2a8430 JavaThread "Unconstrained build operations Thread 63" [_thread_blocked, id=11856, stack(0x000000f53e100000,0x000000f53e200000)]
  0x000002bb9e2ac940 JavaThread "Unconstrained build operations Thread 64" [_thread_blocked, id=12968, stack(0x000000f53e200000,0x000000f53e300000)]
  0x000002bb9e2a6450 JavaThread "Unconstrained build operations Thread 65" [_thread_blocked, id=9608, stack(0x000000f53e300000,0x000000f53e400000)]
  0x000002bb9e2aa960 JavaThread "Unconstrained build operations Thread 66" [_thread_blocked, id=4356, stack(0x000000f53e400000,0x000000f53e500000)]
  0x000002bb9e2a4f10 JavaThread "Unconstrained build operations Thread 67" [_thread_blocked, id=4036, stack(0x000000f53e500000,0x000000f53e600000)]
  0x000002bb9e2a8980 JavaThread "Unconstrained build operations Thread 68" [_thread_blocked, id=7360, stack(0x000000f53e600000,0x000000f53e700000)]
  0x000002bb9e2a5460 JavaThread "Unconstrained build operations Thread 69" [_thread_blocked, id=9316, stack(0x000000f53e700000,0x000000f53e800000)]
  0x000002bb9e2aa410 JavaThread "Unconstrained build operations Thread 70" [_thread_blocked, id=7108, stack(0x000000f53e800000,0x000000f53e900000)]
  0x000002bb9e2a69a0 JavaThread "Unconstrained build operations Thread 71" [_thread_blocked, id=11896, stack(0x000000f53e900000,0x000000f53ea00000)]
  0x000002bb9e2a8ed0 JavaThread "Unconstrained build operations Thread 72" [_thread_blocked, id=8532, stack(0x000000f53ea00000,0x000000f53eb00000)]
  0x000002bb9e2a9420 JavaThread "Unconstrained build operations Thread 73" [_thread_blocked, id=3164, stack(0x000000f53eb00000,0x000000f53ec00000)]
  0x000002bb9e2a9970 JavaThread "Unconstrained build operations Thread 74" [_thread_blocked, id=11596, stack(0x000000f53ec00000,0x000000f53ed00000)]
  0x000002bb9e2a9ec0 JavaThread "Unconstrained build operations Thread 75" [_thread_blocked, id=244, stack(0x000000f53ed00000,0x000000f53ee00000)]
  0x000002bba0759910 JavaThread "Unconstrained build operations Thread 76" [_thread_blocked, id=2008, stack(0x000000f53ee00000,0x000000f53ef00000)]
  0x000002bba075c390 JavaThread "Unconstrained build operations Thread 77" [_thread_blocked, id=10172, stack(0x000000f53ef00000,0x000000f53f000000)]
  0x000002bba075a900 JavaThread "Unconstrained build operations Thread 78" [_thread_blocked, id=8380, stack(0x000000f53f000000,0x000000f53f100000)]
  0x000002bba075e370 JavaThread "Unconstrained build operations Thread 79" [_thread_blocked, id=12808, stack(0x000000f53f100000,0x000000f53f200000)]
  0x000002bba0758920 JavaThread "Unconstrained build operations Thread 80" [_thread_blocked, id=2736, stack(0x000000f53f200000,0x000000f53f300000)]
  0x000002bba07583d0 JavaThread "jar transforms Thread 4" [_thread_blocked, id=9328, stack(0x000000f53f300000,0x000000f53f400000)]
  0x000002bba0758e70 JavaThread "jar transforms Thread 5" [_thread_blocked, id=4288, stack(0x000000f53f400000,0x000000f53f500000)]
  0x000002bba075e8c0 JavaThread "jar transforms Thread 6" [_thread_blocked, id=12992, stack(0x000000f53f500000,0x000000f53f600000)]
  0x000002bba075ee10 JavaThread "jar transforms Thread 7" [_thread_blocked, id=9032, stack(0x000000f53f600000,0x000000f53f700000)]
  0x000002bba075d380 JavaThread "jar transforms Thread 8" [_thread_blocked, id=2168, stack(0x000000f53f700000,0x000000f53f800000)]
  0x000002bb9dbb3870 JavaThread "C2 CompilerThread2" daemon [_thread_in_native, id=12800, stack(0x000000f538400000,0x000000f538500000)]
  0x000002bba075b3a0 JavaThread "Memory manager" [_thread_blocked, id=9876, stack(0x000000f53f800000,0x000000f53f900000)]

Other Threads:
  0x000002bbfff78c20 VMThread "VM Thread" [stack: 0x000000f537200000,0x000000f537300000] [id=1412]
  0x000002bb9d0ff7b0 WatcherThread [stack: 0x000000f537e00000,0x000000f537f00000] [id=12880]
  0x000002bbfc5df220 GCTaskThread "GC Thread#0" [stack: 0x000000f536d00000,0x000000f536e00000] [id=9280]
  0x000002bb9da9c2e0 GCTaskThread "GC Thread#1" [stack: 0x000000f538000000,0x000000f538100000] [id=5388]
  0x000002bb9db5abe0 GCTaskThread "GC Thread#2" [stack: 0x000000f538100000,0x000000f538200000] [id=7852]
  0x000002bb9dda3340 GCTaskThread "GC Thread#3" [stack: 0x000000f538200000,0x000000f538300000] [id=2916]
  0x000002bb9d25c3f0 GCTaskThread "GC Thread#4" [stack: 0x000000f538300000,0x000000f538400000] [id=7872]
  0x000002bb9f68ae10 GCTaskThread "GC Thread#5" [stack: 0x000000f539200000,0x000000f539300000] [id=8004]
  0x000002bb9f68b120 GCTaskThread "GC Thread#6" [stack: 0x000000f539300000,0x000000f539400000] [id=7152]
  0x000002bb9f68ba50 GCTaskThread "GC Thread#7" [stack: 0x000000f539400000,0x000000f539500000] [id=4368]
  0x000002bbfc5f1200 ConcurrentGCThread "G1 Main Marker" [stack: 0x000000f536e00000,0x000000f536f00000] [id=9312]
  0x000002bbfc5f2320 ConcurrentGCThread "G1 Conc#0" [stack: 0x000000f536f00000,0x000000f537000000] [id=9172]
  0x000002bb9f4f5270 ConcurrentGCThread "G1 Conc#1" [stack: 0x000000f539b00000,0x000000f539c00000] [id=4616]
  0x000002bbfc67da70 ConcurrentGCThread "G1 Refine#0" [stack: 0x000000f537000000,0x000000f537100000] [id=8640]
  0x000002bbfc67e400 ConcurrentGCThread "G1 Service" [stack: 0x000000f537100000,0x000000f537200000] [id=7012]

Threads with active compile tasks:
C2 CompilerThread0     8492 6801       4       com.sun.beans.introspect.MethodInfo$MethodOrder::compare (167 bytes)
C1 CompilerThread0     8492 6809       3       com.google.common.base.Preconditions::checkNotNull (14 bytes)
C2 CompilerThread1     8492 6765       4       java.lang.Class::getMethodsRecursive (99 bytes)
C2 CompilerThread2     8492 6569   !   4       java.net.URLClassLoader::findClass (47 bytes)

VM state: not at safepoint (normal execution)

VM Mutex/Monitor currently owned by a thread: None

Heap address: 0x0000000080000000, size: 2048 MB, Compressed Oops mode: 32-bit

CDS archive(s) mapped at: [0x0000000800000000-0x0000000800bb0000-0x0000000800bb0000), size 12255232, SharedBaseAddress: 0x0000000800000000, ArchiveRelocationMode: 0.
Compressed class space mapped at: 0x0000000800c00000-0x0000000840c00000, reserved size: 1073741824
Narrow klass base: 0x0000000800000000, Narrow klass shift: 3, Narrow klass range: 0x100000000

GC Precious Log:
 CPUs: 8 total, 8 available
 Memory: 7959M
 Large Page Support: Disabled
 NUMA Support: Disabled
 Compressed Oops: Enabled (32-bit)
 Heap Region Size: 1M
 Heap Min Capacity: 8M
 Heap Initial Capacity: 126M
 Heap Max Capacity: 2G
 Pre-touch: Disabled
 Parallel Workers: 8
 Concurrent Workers: 2
 Concurrent Refinement Workers: 8
 Periodic GC: Disabled

Heap:
 garbage-first heap   total 104448K, used 61041K [0x0000000080000000, 0x0000000100000000)
  region size 1024K, 9 young (9216K), 3 survivors (3072K)
 Metaspace       used 56201K, committed 56704K, reserved 1105920K
  class space    used 7390K, committed 7616K, reserved 1048576K

Heap Regions: E=young(eden), S=young(survivor), O=old, HS=humongous(starts), HC=humongous(continues), CS=collection set, F=free, OA=open archive, CA=closed archive, TAMS=top-at-mark-start (previous, next)
|   0|0x0000000080000000, 0x0000000080100000, 0x0000000080100000|100%| O|  |TAMS 0x0000000080100000, 0x0000000080000000| Untracked 
|   1|0x0000000080100000, 0x0000000080200000, 0x0000000080200000|100%| O|  |TAMS 0x0000000080200000, 0x0000000080100000| Untracked 
|   2|0x0000000080200000, 0x0000000080300000, 0x0000000080300000|100%| O|  |TAMS 0x0000000080300000, 0x0000000080200000| Untracked 
|   3|0x0000000080300000, 0x0000000080400000, 0x0000000080400000|100%|HS|  |TAMS 0x0000000080400000, 0x0000000080300000| Complete 
|   4|0x0000000080400000, 0x0000000080500000, 0x0000000080500000|100%|HC|  |TAMS 0x0000000080500000, 0x0000000080400000| Complete 
|   5|0x0000000080500000, 0x0000000080600000, 0x0000000080600000|100%|HC|  |TAMS 0x0000000080600000, 0x0000000080500000| Complete 
|   6|0x0000000080600000, 0x0000000080700000, 0x0000000080700000|100%| O|  |TAMS 0x0000000080700000, 0x0000000080600000| Untracked 
|   7|0x0000000080700000, 0x0000000080800000, 0x0000000080800000|100%| O|  |TAMS 0x0000000080800000, 0x0000000080700000| Untracked 
|   8|0x0000000080800000, 0x0000000080900000, 0x0000000080900000|100%| O|  |TAMS 0x0000000080900000, 0x0000000080800000| Untracked 
|   9|0x0000000080900000, 0x0000000080a00000, 0x0000000080a00000|100%| O|  |TAMS 0x0000000080a00000, 0x0000000080900000| Untracked 
|  10|0x0000000080a00000, 0x0000000080b00000, 0x0000000080b00000|100%| O|  |TAMS 0x0000000080b00000, 0x0000000080a00000| Untracked 
|  11|0x0000000080b00000, 0x0000000080c00000, 0x0000000080c00000|100%| O|  |TAMS 0x0000000080c00000, 0x0000000080b00000| Untracked 
|  12|0x0000000080c00000, 0x0000000080d00000, 0x0000000080d00000|100%| O|  |TAMS 0x0000000080d00000, 0x0000000080c00000| Untracked 
|  13|0x0000000080d00000, 0x0000000080e00000, 0x0000000080e00000|100%| O|  |TAMS 0x0000000080e00000, 0x0000000080d00000| Untracked 
|  14|0x0000000080e00000, 0x0000000080f00000, 0x0000000080f00000|100%| O|  |TAMS 0x0000000080f00000, 0x0000000080e00000| Untracked 
|  15|0x0000000080f00000, 0x0000000081000000, 0x0000000081000000|100%| O|  |TAMS 0x0000000081000000, 0x0000000080f00000| Untracked 
|  16|0x0000000081000000, 0x0000000081100000, 0x0000000081100000|100%| O|  |TAMS 0x0000000081100000, 0x0000000081000000| Untracked 
|  17|0x0000000081100000, 0x0000000081200000, 0x0000000081200000|100%| O|  |TAMS 0x0000000081200000, 0x0000000081100000| Untracked 
|  18|0x0000000081200000, 0x00000000812a8000, 0x0000000081300000| 65%| O|  |TAMS 0x00000000812a8000, 0x0000000081200000| Untracked 
|  19|0x0000000081300000, 0x0000000081400000, 0x0000000081400000|100%| O|  |TAMS 0x0000000081400000, 0x0000000081300000| Untracked 
|  20|0x0000000081400000, 0x0000000081500000, 0x0000000081500000|100%|HS|  |TAMS 0x0000000081500000, 0x0000000081400000| Complete 
|  21|0x0000000081500000, 0x0000000081600000, 0x0000000081600000|100%| O|  |TAMS 0x0000000081600000, 0x0000000081500000| Untracked 
|  22|0x0000000081600000, 0x0000000081700000, 0x0000000081700000|100%| O|  |TAMS 0x0000000081700000, 0x0000000081600000| Untracked 
|  23|0x0000000081700000, 0x0000000081800000, 0x0000000081800000|100%| O|  |TAMS 0x0000000081800000, 0x0000000081700000| Untracked 
|  24|0x0000000081800000, 0x0000000081900000, 0x0000000081900000|100%| O|  |TAMS 0x0000000081900000, 0x0000000081800000| Untracked 
|  25|0x0000000081900000, 0x0000000081a00000, 0x0000000081a00000|100%| O|  |TAMS 0x0000000081a00000, 0x0000000081900000| Untracked 
|  26|0x0000000081a00000, 0x0000000081b00000, 0x0000000081b00000|100%| O|  |TAMS 0x0000000081b00000, 0x0000000081a00000| Untracked 
|  27|0x0000000081b00000, 0x0000000081c00000, 0x0000000081c00000|100%|HS|  |TAMS 0x0000000081c00000, 0x0000000081b00000| Complete 
|  28|0x0000000081c00000, 0x0000000081d00000, 0x0000000081d00000|100%| O|  |TAMS 0x0000000081d00000, 0x0000000081c00000| Untracked 
|  29|0x0000000081d00000, 0x0000000081e00000, 0x0000000081e00000|100%| O|  |TAMS 0x0000000081e00000, 0x0000000081d00000| Untracked 
|  30|0x0000000081e00000, 0x0000000081f00000, 0x0000000081f00000|100%| O|  |TAMS 0x0000000081f00000, 0x0000000081e00000| Untracked 
|  31|0x0000000081f00000, 0x0000000082000000, 0x0000000082000000|100%| O|  |TAMS 0x0000000082000000, 0x0000000081f00000| Untracked 
|  32|0x0000000082000000, 0x0000000082100000, 0x0000000082100000|100%| O|  |TAMS 0x0000000082100000, 0x0000000082000000| Untracked 
|  33|0x0000000082100000, 0x0000000082200000, 0x0000000082200000|100%| O|  |TAMS 0x0000000082200000, 0x0000000082100000| Untracked 
|  34|0x0000000082200000, 0x0000000082300000, 0x0000000082300000|100%| O|  |TAMS 0x0000000082300000, 0x0000000082200000| Untracked 
|  35|0x0000000082300000, 0x0000000082400000, 0x0000000082400000|100%| O|  |TAMS 0x0000000082400000, 0x0000000082300000| Untracked 
|  36|0x0000000082400000, 0x0000000082500000, 0x0000000082500000|100%| O|  |TAMS 0x0000000082500000, 0x0000000082400000| Untracked 
|  37|0x0000000082500000, 0x0000000082600000, 0x0000000082600000|100%| O|  |TAMS 0x0000000082600000, 0x0000000082500000| Untracked 
|  38|0x0000000082600000, 0x0000000082700000, 0x0000000082700000|100%|HS|  |TAMS 0x0000000082700000, 0x0000000082600000| Complete 
|  39|0x0000000082700000, 0x0000000082800000, 0x0000000082800000|100%|HC|  |TAMS 0x0000000082800000, 0x0000000082700000| Complete 
|  40|0x0000000082800000, 0x0000000082900000, 0x0000000082900000|100%| O|  |TAMS 0x0000000082900000, 0x0000000082800000| Untracked 
|  41|0x0000000082900000, 0x0000000082a00000, 0x0000000082a00000|100%| O|  |TAMS 0x0000000082a00000, 0x0000000082900000| Untracked 
|  42|0x0000000082a00000, 0x0000000082b00000, 0x0000000082b00000|100%| O|  |TAMS 0x0000000082b00000, 0x0000000082a00000| Untracked 
|  43|0x0000000082b00000, 0x0000000082c00000, 0x0000000082c00000|100%| O|  |TAMS 0x0000000082c00000, 0x0000000082b00000| Untracked 
|  44|0x0000000082c00000, 0x0000000082d00000, 0x0000000082d00000|100%| O|  |TAMS 0x0000000082d00000, 0x0000000082c00000| Untracked 
|  45|0x0000000082d00000, 0x0000000082e00000, 0x0000000082e00000|100%| O|  |TAMS 0x0000000082e00000, 0x0000000082d00000| Untracked 
|  46|0x0000000082e00000, 0x0000000082f00000, 0x0000000082f00000|100%| O|  |TAMS 0x0000000082f00000, 0x0000000082e00000| Untracked 
|  47|0x0000000082f00000, 0x0000000083000000, 0x0000000083000000|100%| O|  |TAMS 0x0000000083000000, 0x0000000082f00000| Untracked 
|  48|0x0000000083000000, 0x0000000083100000, 0x0000000083100000|100%| O|  |TAMS 0x0000000083041200, 0x0000000083000000| Untracked 
|  49|0x0000000083100000, 0x0000000083200000, 0x0000000083200000|100%| O|  |TAMS 0x0000000083100000, 0x0000000083100000| Untracked 
|  50|0x0000000083200000, 0x0000000083200000, 0x0000000083300000|  0%| F|  |TAMS 0x0000000083200000, 0x0000000083200000| Untracked 
|  51|0x0000000083300000, 0x0000000083400000, 0x0000000083400000|100%| O|  |TAMS 0x0000000083300000, 0x0000000083300000| Untracked 
|  52|0x0000000083400000, 0x00000000834f4400, 0x0000000083500000| 95%| O|  |TAMS 0x0000000083400000, 0x0000000083400000| Untracked 
|  53|0x0000000083500000, 0x0000000083500000, 0x0000000083600000|  0%| F|  |TAMS 0x0000000083500000, 0x0000000083500000| Untracked 
|  54|0x0000000083600000, 0x0000000083600000, 0x0000000083700000|  0%| F|  |TAMS 0x0000000083600000, 0x0000000083600000| Untracked 
|  55|0x0000000083700000, 0x0000000083700000, 0x0000000083800000|  0%| F|  |TAMS 0x0000000083700000, 0x0000000083700000| Untracked 
|  56|0x0000000083800000, 0x0000000083800000, 0x0000000083900000|  0%| F|  |TAMS 0x0000000083800000, 0x0000000083800000| Untracked 
|  57|0x0000000083900000, 0x0000000083900000, 0x0000000083a00000|  0%| F|  |TAMS 0x0000000083900000, 0x0000000083900000| Untracked 
|  58|0x0000000083a00000, 0x0000000083a00000, 0x0000000083b00000|  0%| F|  |TAMS 0x0000000083a00000, 0x0000000083a00000| Untracked 
|  59|0x0000000083b00000, 0x0000000083b00000, 0x0000000083c00000|  0%| F|  |TAMS 0x0000000083b00000, 0x0000000083b00000| Untracked 
|  60|0x0000000083c00000, 0x0000000083c00000, 0x0000000083d00000|  0%| F|  |TAMS 0x0000000083c00000, 0x0000000083c00000| Untracked 
|  61|0x0000000083d00000, 0x0000000083d00000, 0x0000000083e00000|  0%| F|  |TAMS 0x0000000083d00000, 0x0000000083d00000| Untracked 
|  62|0x0000000083e00000, 0x0000000083e00000, 0x0000000083f00000|  0%| F|  |TAMS 0x0000000083e00000, 0x0000000083e00000| Untracked 
|  63|0x0000000083f00000, 0x0000000083f00000, 0x0000000084000000|  0%| F|  |TAMS 0x0000000083f00000, 0x0000000083f00000| Untracked 
|  64|0x0000000084000000, 0x0000000084000000, 0x0000000084100000|  0%| F|  |TAMS 0x0000000084000000, 0x0000000084000000| Untracked 
|  65|0x0000000084100000, 0x0000000084100000, 0x0000000084200000|  0%| F|  |TAMS 0x0000000084100000, 0x0000000084100000| Untracked 
|  66|0x0000000084200000, 0x0000000084200000, 0x0000000084300000|  0%| F|  |TAMS 0x0000000084200000, 0x0000000084200000| Untracked 
|  67|0x0000000084300000, 0x0000000084300000, 0x0000000084400000|  0%| F|  |TAMS 0x0000000084300000, 0x0000000084300000| Untracked 
|  68|0x0000000084400000, 0x0000000084400000, 0x0000000084500000|  0%| F|  |TAMS 0x0000000084400000, 0x0000000084400000| Untracked 
|  69|0x0000000084500000, 0x0000000084600000, 0x0000000084600000|100%| S|CS|TAMS 0x0000000084500000, 0x0000000084500000| Complete 
|  70|0x0000000084600000, 0x0000000084700000, 0x0000000084700000|100%| S|CS|TAMS 0x0000000084600000, 0x0000000084600000| Complete 
|  71|0x0000000084700000, 0x0000000084800000, 0x0000000084800000|100%| S|CS|TAMS 0x0000000084700000, 0x0000000084700000| Complete 
|  72|0x0000000084800000, 0x0000000084800000, 0x0000000084900000|  0%| F|  |TAMS 0x0000000084800000, 0x0000000084800000| Untracked 
|  73|0x0000000084900000, 0x0000000084900000, 0x0000000084a00000|  0%| F|  |TAMS 0x0000000084900000, 0x0000000084900000| Untracked 
|  74|0x0000000084a00000, 0x0000000084a00000, 0x0000000084b00000|  0%| F|  |TAMS 0x0000000084a00000, 0x0000000084a00000| Untracked 
|  75|0x0000000084b00000, 0x0000000084b00000, 0x0000000084c00000|  0%| F|  |TAMS 0x0000000084b00000, 0x0000000084b00000| Untracked 
|  76|0x0000000084c00000, 0x0000000084c00000, 0x0000000084d00000|  0%| F|  |TAMS 0x0000000084c00000, 0x0000000084c00000| Untracked 
|  77|0x0000000084d00000, 0x0000000084d00000, 0x0000000084e00000|  0%| F|  |TAMS 0x0000000084d00000, 0x0000000084d00000| Untracked 
|  78|0x0000000084e00000, 0x0000000084e00000, 0x0000000084f00000|  0%| F|  |TAMS 0x0000000084e00000, 0x0000000084e00000| Untracked 
|  79|0x0000000084f00000, 0x0000000084f00000, 0x0000000085000000|  0%| F|  |TAMS 0x0000000084f00000, 0x0000000084f00000| Untracked 
|  80|0x0000000085000000, 0x0000000085000000, 0x0000000085100000|  0%| F|  |TAMS 0x0000000085000000, 0x0000000085000000| Untracked 
|  81|0x0000000085100000, 0x0000000085100000, 0x0000000085200000|  0%| F|  |TAMS 0x0000000085100000, 0x0000000085100000| Untracked 
|  82|0x0000000085200000, 0x0000000085200000, 0x0000000085300000|  0%| F|  |TAMS 0x0000000085200000, 0x0000000085200000| Untracked 
|  83|0x0000000085300000, 0x0000000085300000, 0x0000000085400000|  0%| F|  |TAMS 0x0000000085300000, 0x0000000085300000| Untracked 
|  84|0x0000000085400000, 0x0000000085400000, 0x0000000085500000|  0%| F|  |TAMS 0x0000000085400000, 0x0000000085400000| Untracked 
|  85|0x0000000085500000, 0x0000000085500000, 0x0000000085600000|  0%| F|  |TAMS 0x0000000085500000, 0x0000000085500000| Untracked 
|  86|0x0000000085600000, 0x0000000085600000, 0x0000000085700000|  0%| F|  |TAMS 0x0000000085600000, 0x0000000085600000| Untracked 
|  87|0x0000000085700000, 0x0000000085700000, 0x0000000085800000|  0%| F|  |TAMS 0x0000000085700000, 0x0000000085700000| Untracked 
|  88|0x0000000085800000, 0x0000000085800000, 0x0000000085900000|  0%| F|  |TAMS 0x0000000085800000, 0x0000000085800000| Untracked 
|  89|0x0000000085900000, 0x0000000085900000, 0x0000000085a00000|  0%| F|  |TAMS 0x0000000085900000, 0x0000000085900000| Untracked 
|  90|0x0000000085a00000, 0x0000000085a00000, 0x0000000085b00000|  0%| F|  |TAMS 0x0000000085a00000, 0x0000000085a00000| Untracked 
|  91|0x0000000085b00000, 0x0000000085b00000, 0x0000000085c00000|  0%| F|  |TAMS 0x0000000085b00000, 0x0000000085b00000| Untracked 
|  92|0x0000000085c00000, 0x0000000085c00000, 0x0000000085d00000|  0%| F|  |TAMS 0x0000000085c00000, 0x0000000085c00000| Untracked 
|  93|0x0000000085d00000, 0x0000000085d00000, 0x0000000085e00000|  0%| F|  |TAMS 0x0000000085d00000, 0x0000000085d00000| Untracked 
|  94|0x0000000085e00000, 0x0000000085e00000, 0x0000000085f00000|  0%| F|  |TAMS 0x0000000085e00000, 0x0000000085e00000| Untracked 
|  95|0x0000000085f00000, 0x0000000085f00000, 0x0000000086000000|  0%| F|  |TAMS 0x0000000085f00000, 0x0000000085f00000| Untracked 
|  96|0x0000000086000000, 0x0000000086100000, 0x0000000086100000|100%| E|  |TAMS 0x0000000086000000, 0x0000000086000000| Complete 
|  97|0x0000000086100000, 0x0000000086200000, 0x0000000086200000|100%| E|CS|TAMS 0x0000000086100000, 0x0000000086100000| Complete 
|  98|0x0000000086200000, 0x0000000086300000, 0x0000000086300000|100%| E|CS|TAMS 0x0000000086200000, 0x0000000086200000| Complete 
|  99|0x0000000086300000, 0x0000000086400000, 0x0000000086400000|100%| E|CS|TAMS 0x0000000086300000, 0x0000000086300000| Complete 
| 100|0x0000000086400000, 0x0000000086500000, 0x0000000086500000|100%| E|CS|TAMS 0x0000000086400000, 0x0000000086400000| Complete 
| 125|0x0000000087d00000, 0x0000000087e00000, 0x0000000087e00000|100%| E|CS|TAMS 0x0000000087d00000, 0x0000000087d00000| Complete 

Card table byte_map: [0x000002bbfecf0000,0x000002bbff0f0000] _byte_map_base: 0x000002bbfe8f0000

Marking Bits (Prev, Next): (CMBitMap*) 0x000002bbfc5df860, (CMBitMap*) 0x000002bbfc5df820
 Prev Bits: [0x000002bb986a0000, 0x000002bb9a6a0000)
 Next Bits: [0x000002bb966a0000, 0x000002bb986a0000)

Polling page: 0x000002bbfc680000

Metaspace:

Usage:
  Non-class:     47.67 MB used.
      Class:      7.22 MB used.
       Both:     54.89 MB used.

Virtual space:
  Non-class space:       56.00 MB reserved,      47.94 MB ( 86%) committed,  7 nodes.
      Class space:        1.00 GB reserved,       7.44 MB ( <1%) committed,  1 nodes.
              Both:        1.05 GB reserved,      55.38 MB (  5%) committed. 

Chunk freelists:
   Non-Class:  3.47 MB
       Class:  523.00 KB
        Both:  3.98 MB

MaxMetaspaceSize: 17179869184.00 GB
CompressedClassSpaceSize: 1.00 GB
 - commit_granule_bytes: 65536.
 - commit_granule_words: 8192.
 - virtual_space_node_default_size: 1048576.
 - enlarge_chunks_in_place: 1.
 - new_chunks_are_fully_committed: 0.
 - uncommit_free_chunks: 1.
 - use_allocation_guard: 0.
 - handle_deallocations: 1.


Internal statistics:

num_allocs_failed_limit: 6.
num_arena_births: 528.
num_arena_deaths: 0.
num_vsnodes_births: 8.
num_vsnodes_deaths: 0.
num_space_committed: 886.
num_space_uncommitted: 0.
num_chunks_returned_to_freelist: 6.
num_chunks_taken_from_freelist: 2646.
num_chunk_merges: 6.
num_chunk_splits: 1790.
num_chunks_enlarged: 1244.
num_purges: 0.

CodeHeap 'non-profiled nmethods': size=120000Kb used=3368Kb max_used=3467Kb free=116631Kb
 bounds [0x000002bb8f170000, 0x000002bb8f4e0000, 0x000002bb966a0000]
CodeHeap 'profiled nmethods': size=120000Kb used=11598Kb max_used=11598Kb free=108401Kb
 bounds [0x000002bb87c40000, 0x000002bb887a0000, 0x000002bb8f170000]
CodeHeap 'non-nmethods': size=5760Kb used=2374Kb max_used=2417Kb free=3385Kb
 bounds [0x000002bb876a0000, 0x000002bb87910000, 0x000002bb87c40000]
 total_blobs=6880 nmethods=5999 adapters=793
 compilation: enabled
              stopped_count=0, restarted_count=0
 full_count=0

Compilation events (20 events):
Event: 8.440 Thread 0x000002bbfff9f7c0 nmethod 6783 0x000002bb8878ea10 code [0x000002bb8878ebc0, 0x000002bb8878ed48]
Event: 8.440 Thread 0x000002bbfff9f7c0 6784       2       java.util.stream.ReferencePipeline::makeNodeBuilder (6 bytes)
Event: 8.440 Thread 0x000002bbfff9f7c0 nmethod 6784 0x000002bb8878ee10 code [0x000002bb8878efc0, 0x000002bb8878f0e8]
Event: 8.440 Thread 0x000002bbfff9f7c0 6785       2       java.util.stream.Nodes::builder (30 bytes)
Event: 8.440 Thread 0x000002bbfff92950 6777       4       java.lang.AbstractStringBuilder::putStringAt (12 bytes)
Event: 8.440 Thread 0x000002bbfff9f7c0 nmethod 6785 0x000002bb8878f190 code [0x000002bb8878f340, 0x000002bb8878f668]
Event: 8.440 Thread 0x000002bbfff9f7c0 6786       2       java.util.stream.Nodes::builder (8 bytes)
Event: 8.441 Thread 0x000002bbfff9f7c0 nmethod 6786 0x000002bb8878f790 code [0x000002bb8878f940, 0x000002bb8878fb98]
Event: 8.443 Thread 0x000002bbfff92950 nmethod 6777 0x000002bb8f235b90 code [0x000002bb8f235d20, 0x000002bb8f2360e8]
Event: 8.443 Thread 0x000002bbfff92950 6776       4       java.lang.AbstractStringBuilder::append (45 bytes)
Event: 8.450 Thread 0x000002bbfff92950 nmethod 6776 0x000002bb8f2a1410 code [0x000002bb8f2a15c0, 0x000002bb8f2a1da8]
Event: 8.450 Thread 0x000002bbfff92950 6759       4       java.lang.reflect.Modifier::isPrivate (12 bytes)
Event: 8.450 Thread 0x000002bbfff92950 nmethod 6759 0x000002bb8f235890 code [0x000002bb8f235a00, 0x000002bb8f235a58]
Event: 8.450 Thread 0x000002bbfff92950 6723       4       java.lang.invoke.DirectMethodHandle::allocateInstance (16 bytes)
Event: 8.451 Thread 0x000002bbfff92950 nmethod 6723 0x000002bb8f235390 code [0x000002bb8f235520, 0x000002bb8f235678]
Event: 8.451 Thread 0x000002bbfff92950 6724       4       java.lang.invoke.DirectMethodHandle::constructorMethod (10 bytes)
Event: 8.452 Thread 0x000002bbfff92950 nmethod 6724 0x000002bb8f2a1110 code [0x000002bb8f2a12a0, 0x000002bb8f2a1338]
Event: 8.452 Thread 0x000002bbfff92950 6766       4       java.lang.String::getBytes (46 bytes)
Event: 8.453 Thread 0x000002bbfff92950 nmethod 6766 0x000002bb8f2a0b10 code [0x000002bb8f2a0ca0, 0x000002bb8f2a0fd8]
Event: 8.454 Thread 0x000002bbfff92950 6778       4       java.lang.AbstractStringBuilder::putStringAt (34 bytes)

GC Heap History (20 events):
Event: 6.195 GC heap before
{Heap before GC invocations=11 (full 0):
 garbage-first heap   total 78848K, used 63231K [0x0000000080000000, 0x0000000100000000)
  region size 1024K, 31 young (31744K), 4 survivors (4096K)
 Metaspace       used 39253K, committed 39680K, reserved 1089536K
  class space    used 5321K, committed 5504K, reserved 1048576K
}
Event: 6.199 GC heap after
{Heap after GC invocations=12 (full 0):
 garbage-first heap   total 78848K, used 38582K [0x0000000080000000, 0x0000000100000000)
  region size 1024K, 4 young (4096K), 4 survivors (4096K)
 Metaspace       used 39253K, committed 39680K, reserved 1089536K
  class space    used 5321K, committed 5504K, reserved 1048576K
}
Event: 6.287 GC heap before
{Heap before GC invocations=12 (full 0):
 garbage-first heap   total 78848K, used 40630K [0x0000000080000000, 0x0000000100000000)
  region size 1024K, 8 young (8192K), 4 survivors (4096K)
 Metaspace       used 39258K, committed 39680K, reserved 1089536K
  class space    used 5321K, committed 5504K, reserved 1048576K
}
Event: 6.290 GC heap after
{Heap after GC invocations=13 (full 0):
 garbage-first heap   total 78848K, used 41265K [0x0000000080000000, 0x0000000100000000)
  region size 1024K, 3 young (3072K), 3 survivors (3072K)
 Metaspace       used 39258K, committed 39680K, reserved 1089536K
  class space    used 5321K, committed 5504K, reserved 1048576K
}
Event: 6.502 GC heap before
{Heap before GC invocations=14 (full 0):
 garbage-first heap   total 78848K, used 55601K [0x0000000080000000, 0x0000000100000000)
  region size 1024K, 16 young (16384K), 3 survivors (3072K)
 Metaspace       used 40506K, committed 40960K, reserved 1089536K
  class space    used 5494K, committed 5696K, reserved 1048576K
}
Event: 6.504 GC heap after
{Heap after GC invocations=15 (full 0):
 garbage-first heap   total 78848K, used 45844K [0x0000000080000000, 0x0000000100000000)
  region size 1024K, 2 young (2048K), 2 survivors (2048K)
 Metaspace       used 40506K, committed 40960K, reserved 1089536K
  class space    used 5494K, committed 5696K, reserved 1048576K
}
Event: 6.655 GC heap before
{Heap before GC invocations=15 (full 0):
 garbage-first heap   total 78848K, used 56084K [0x0000000080000000, 0x0000000100000000)
  region size 1024K, 13 young (13312K), 2 survivors (2048K)
 Metaspace       used 42150K, committed 42560K, reserved 1089536K
  class space    used 5690K, committed 5888K, reserved 1048576K
}
Event: 6.656 GC heap after
{Heap after GC invocations=16 (full 0):
 garbage-first heap   total 78848K, used 46387K [0x0000000080000000, 0x0000000100000000)
  region size 1024K, 1 young (1024K), 1 survivors (1024K)
 Metaspace       used 42150K, committed 42560K, reserved 1089536K
  class space    used 5690K, committed 5888K, reserved 1048576K
}
Event: 6.832 GC heap before
{Heap before GC invocations=17 (full 0):
 garbage-first heap   total 83968K, used 57651K [0x0000000080000000, 0x0000000100000000)
  region size 1024K, 13 young (13312K), 1 survivors (1024K)
 Metaspace       used 44206K, committed 44672K, reserved 1089536K
  class space    used 5948K, committed 6208K, reserved 1048576K
}
Event: 6.834 GC heap after
{Heap after GC invocations=18 (full 0):
 garbage-first heap   total 83968K, used 46803K [0x0000000080000000, 0x0000000100000000)
  region size 1024K, 1 young (1024K), 1 survivors (1024K)
 Metaspace       used 44206K, committed 44672K, reserved 1089536K
  class space    used 5948K, committed 6208K, reserved 1048576K
}
Event: 7.054 GC heap before
{Heap before GC invocations=18 (full 0):
 garbage-first heap   total 83968K, used 62163K [0x0000000080000000, 0x0000000100000000)
  region size 1024K, 16 young (16384K), 1 survivors (1024K)
 Metaspace       used 47126K, committed 47552K, reserved 1097728K
  class space    used 6281K, committed 6464K, reserved 1048576K
}
Event: 7.056 GC heap after
{Heap after GC invocations=19 (full 0):
 garbage-first heap   total 83968K, used 47407K [0x0000000080000000, 0x0000000100000000)
  region size 1024K, 2 young (2048K), 2 survivors (2048K)
 Metaspace       used 47126K, committed 47552K, reserved 1097728K
  class space    used 6281K, committed 6464K, reserved 1048576K
}
Event: 7.303 GC heap before
{Heap before GC invocations=20 (full 0):
 garbage-first heap   total 87040K, used 63791K [0x0000000080000000, 0x0000000100000000)
  region size 1024K, 18 young (18432K), 2 survivors (2048K)
 Metaspace       used 49288K, committed 49728K, reserved 1097728K
  class space    used 6554K, committed 6784K, reserved 1048576K
}
Event: 7.306 GC heap after
{Heap after GC invocations=21 (full 0):
 garbage-first heap   total 87040K, used 48236K [0x0000000080000000, 0x0000000100000000)
  region size 1024K, 3 young (3072K), 3 survivors (3072K)
 Metaspace       used 49288K, committed 49728K, reserved 1097728K
  class space    used 6554K, committed 6784K, reserved 1048576K
}
Event: 7.600 GC heap before
{Heap before GC invocations=21 (full 0):
 garbage-first heap   total 87040K, used 65644K [0x0000000080000000, 0x0000000100000000)
  region size 1024K, 21 young (21504K), 3 survivors (3072K)
 Metaspace       used 52204K, committed 52672K, reserved 1097728K
  class space    used 6888K, committed 7104K, reserved 1048576K
}
Event: 7.603 GC heap after
{Heap after GC invocations=22 (full 0):
 garbage-first heap   total 104448K, used 50647K [0x0000000080000000, 0x0000000100000000)
  region size 1024K, 3 young (3072K), 3 survivors (3072K)
 Metaspace       used 52204K, committed 52672K, reserved 1097728K
  class space    used 6888K, committed 7104K, reserved 1048576K
}
Event: 8.024 GC heap before
{Heap before GC invocations=23 (full 0):
 garbage-first heap   total 104448K, used 78295K [0x0000000080000000, 0x0000000100000000)
  region size 1024K, 30 young (30720K), 3 survivors (3072K)
 Metaspace       used 54849K, committed 55360K, reserved 1097728K
  class space    used 7217K, committed 7488K, reserved 1048576K
}
Event: 8.027 GC heap after
{Heap after GC invocations=24 (full 0):
 garbage-first heap   total 104448K, used 52890K [0x0000000080000000, 0x0000000100000000)
  region size 1024K, 4 young (4096K), 4 survivors (4096K)
 Metaspace       used 54849K, committed 55360K, reserved 1097728K
  class space    used 7217K, committed 7488K, reserved 1048576K
}
Event: 8.120 GC heap before
{Heap before GC invocations=24 (full 0):
 garbage-first heap   total 104448K, used 58010K [0x0000000080000000, 0x0000000100000000)
  region size 1024K, 10 young (10240K), 4 survivors (4096K)
 Metaspace       used 55371K, committed 55872K, reserved 1097728K
  class space    used 7261K, committed 7488K, reserved 1048576K
}
Event: 8.124 GC heap after
{Heap after GC invocations=25 (full 0):
 garbage-first heap   total 104448K, used 53723K [0x0000000080000000, 0x0000000100000000)
  region size 1024K, 3 young (3072K), 3 survivors (3072K)
 Metaspace       used 55371K, committed 55872K, reserved 1097728K
  class space    used 7261K, committed 7488K, reserved 1048576K
}

Deoptimization events (20 events):
Event: 8.215 Thread 0x000002bb9d0fc920 DEOPT PACKING pc=0x000002bb8f3f5170 sp=0x000000f538bf6760
Event: 8.215 Thread 0x000002bb9d0fc920 DEOPT UNPACKING pc=0x000002bb876ef92e sp=0x000000f538bf6648 mode 2
Event: 8.215 Thread 0x000002bb9d0fc920 Uncommon trap: trap_request=0xffffff45 fr.pc=0x000002bb8f20442c relative=0x000000000000038c
Event: 8.215 Thread 0x000002bb9d0fc920 Uncommon trap: reason=unstable_if action=reinterpret pc=0x000002bb8f20442c method=java.lang.AbstractStringBuilder.isLatin1()Z @ 10 c2
Event: 8.215 Thread 0x000002bb9d0fc920 DEOPT PACKING pc=0x000002bb8f20442c sp=0x000000f538bf6800
Event: 8.215 Thread 0x000002bb9d0fc920 DEOPT UNPACKING pc=0x000002bb876ef92e sp=0x000000f538bf6780 mode 2
Event: 8.216 Thread 0x000002bb9d0fc920 Uncommon trap: trap_request=0xffffff45 fr.pc=0x000002bb8f1aa04c relative=0x000000000000050c
Event: 8.216 Thread 0x000002bb9d0fc920 Uncommon trap: reason=unstable_if action=reinterpret pc=0x000002bb8f1aa04c method=java.lang.AbstractStringBuilder.putStringAt(ILjava/lang/String;II)V @ 8 c2
Event: 8.216 Thread 0x000002bb9d0fc920 DEOPT PACKING pc=0x000002bb8f1aa04c sp=0x000000f538bf6770
Event: 8.216 Thread 0x000002bb9d0fc920 DEOPT UNPACKING pc=0x000002bb876ef92e sp=0x000000f538bf6650 mode 2
Event: 8.216 Thread 0x000002bb9d0fc920 Uncommon trap: trap_request=0xffffff45 fr.pc=0x000002bb8f1aa880 relative=0x0000000000000160
Event: 8.216 Thread 0x000002bb9d0fc920 Uncommon trap: reason=unstable_if action=reinterpret pc=0x000002bb8f1aa880 method=java.lang.AbstractStringBuilder.putStringAt(ILjava/lang/String;II)V @ 8 c2
Event: 8.216 Thread 0x000002bb9d0fc920 DEOPT PACKING pc=0x000002bb8f1aa880 sp=0x000000f538bf66f0
Event: 8.216 Thread 0x000002bb9d0fc920 DEOPT UNPACKING pc=0x000002bb876ef92e sp=0x000000f538bf6638 mode 2
Event: 8.309 Thread 0x000002bb9d0fc920 DEOPT PACKING pc=0x000002bb8803e92b sp=0x000000f538bf71a0
Event: 8.309 Thread 0x000002bb9d0fc920 DEOPT UNPACKING pc=0x000002bb876ee77e sp=0x000000f538bf6610 mode 0
Event: 8.355 Thread 0x000002bb9d0fc920 Uncommon trap: trap_request=0xffffff45 fr.pc=0x000002bb8f4b03fc relative=0x000000000000043c
Event: 8.355 Thread 0x000002bb9d0fc920 Uncommon trap: reason=unstable_if action=reinterpret pc=0x000002bb8f4b03fc method=java.util.StringJoiner.add(Ljava/lang/CharSequence;)Ljava/util/StringJoiner; @ 33 c2
Event: 8.355 Thread 0x000002bb9d0fc920 DEOPT PACKING pc=0x000002bb8f4b03fc sp=0x000000f538bf75e0
Event: 8.355 Thread 0x000002bb9d0fc920 DEOPT UNPACKING pc=0x000002bb876ef92e sp=0x000000f538bf7590 mode 2

Classes unloaded (0 events):
No events

Classes redefined (0 events):
No events

Internal exceptions (20 events):
Event: 8.359 Thread 0x000002bb9d0fc920 Exception <a 'java/lang/ClassNotFoundException'{0x0000000085785798}: com/android/build/gradle/internal/dsl/BaseAppModuleExtensionCustomizer> (0x0000000085785798) 
thrown [t:\workspace\open\src\hotspot\share\classfile\systemDictionary.cpp, line 256]
Event: 8.363 Thread 0x000002bb9d0fc920 Exception <a 'java/lang/ClassNotFoundException'{0x000000008565d0b8}: com/android/build/gradle/internal/dsl/BaseAppModuleExtension_DecoratedCustomizer> (0x000000008565d0b8) 
thrown [t:\workspace\open\src\hotspot\share\classfile\systemDictionary.cpp, line 256]
Event: 8.424 Thread 0x000002bb9d0fc920 Exception <a 'java/lang/ClassNotFoundException'{0x0000000084eae488}: com/android/build/gradle/internal/dsl/DefaultConfig$AgpDecorated_DecoratedBeanInfo> (0x0000000084eae488) 
thrown [t:\workspace\open\src\hotspot\share\classfile\systemDictionary.cpp, line 256]
Event: 8.425 Thread 0x000002bb9d0fc920 Exception <a 'java/lang/ClassNotFoundException'{0x0000000084eb9a68}: com/android/build/gradle/internal/dsl/DefaultConfig$AgpDecoratedBeanInfo> (0x0000000084eb9a68) 
thrown [t:\workspace\open\src\hotspot\share\classfile\systemDictionary.cpp, line 256]
Event: 8.425 Thread 0x000002bb9d0fc920 Exception <a 'java/lang/ClassNotFoundException'{0x0000000084ec5710}: com/android/build/gradle/internal/dsl/DefaultConfigBeanInfo> (0x0000000084ec5710) 
thrown [t:\workspace\open\src\hotspot\share\classfile\systemDictionary.cpp, line 256]
Event: 8.426 Thread 0x000002bb9d0fc920 Exception <a 'java/lang/ClassNotFoundException'{0x0000000084ed1350}: com/android/build/gradle/internal/dsl/BaseFlavorBeanInfo> (0x0000000084ed1350) 
thrown [t:\workspace\open\src\hotspot\share\classfile\systemDictionary.cpp, line 256]
Event: 8.426 Thread 0x000002bb9d0fc920 Exception <a 'java/lang/ClassNotFoundException'{0x0000000084edd0b0}: com/android/builder/core/AbstractProductFlavorBeanInfo> (0x0000000084edd0b0) 
thrown [t:\workspace\open\src\hotspot\share\classfile\systemDictionary.cpp, line 256]
Event: 8.427 Thread 0x000002bb9d0fc920 Exception <a 'java/lang/ClassNotFoundException'{0x0000000084ee8ea0}: com/android/builder/internal/BaseConfigImplBeanInfo> (0x0000000084ee8ea0) 
thrown [t:\workspace\open\src\hotspot\share\classfile\systemDictionary.cpp, line 256]
Event: 8.427 Thread 0x000002bb9d0fc920 Exception <a 'java/lang/ClassNotFoundException'{0x0000000084ef4c60}: com/android/builder/internal/BaseConfigImplCustomizer> (0x0000000084ef4c60) 
thrown [t:\workspace\open\src\hotspot\share\classfile\systemDictionary.cpp, line 256]
Event: 8.428 Thread 0x000002bb9d0fc920 Exception <a 'java/lang/ClassNotFoundException'{0x0000000084d1f838}: com/android/builder/core/AbstractProductFlavorCustomizer> (0x0000000084d1f838) 
thrown [t:\workspace\open\src\hotspot\share\classfile\systemDictionary.cpp, line 256]
Event: 8.429 Thread 0x000002bb9d0fc920 Exception <a 'java/lang/ClassNotFoundException'{0x0000000084d65ce8}: com/android/build/gradle/internal/dsl/BaseFlavorCustomizer> (0x0000000084d65ce8) 
thrown [t:\workspace\open\src\hotspot\share\classfile\systemDictionary.cpp, line 256]
Event: 8.433 Thread 0x000002bb9d0fc920 Exception <a 'java/lang/ClassNotFoundException'{0x0000000084dd0aa0}: com/android/build/gradle/internal/dsl/DefaultConfigCustomizer> (0x0000000084dd0aa0) 
thrown [t:\workspace\open\src\hotspot\share\classfile\systemDictionary.cpp, line 256]
Event: 8.434 Thread 0x000002bb9d0fc920 Exception <a 'java/lang/ClassNotFoundException'{0x0000000084df3770}: com/android/build/gradle/internal/dsl/DefaultConfig$AgpDecoratedCustomizer> (0x0000000084df3770) 
thrown [t:\workspace\open\src\hotspot\share\classfile\systemDictionary.cpp, line 256]
Event: 8.435 Thread 0x000002bb9d0fc920 Exception <a 'java/lang/ClassNotFoundException'{0x0000000084c3d380}: com/android/build/gradle/internal/dsl/DefaultConfig$AgpDecorated_DecoratedCustomizer> (0x0000000084c3d380) 
thrown [t:\workspace\open\src\hotspot\share\classfile\systemDictionary.cpp, line 256]
Event: 8.444 Thread 0x000002bb9d0fc920 Exception <a 'java/lang/ClassNotFoundException'{0x0000000084b58750}: org/gradle/api/internal/NamedDomainObjectContainerConfigureDelegateBeanInfo> (0x0000000084b58750) 
thrown [t:\workspace\open\src\hotspot\share\classfile\systemDictionary.cpp, line 256]
Event: 8.444 Thread 0x000002bb9d0fc920 Exception <a 'java/lang/ClassNotFoundException'{0x0000000084b6c430}: org/gradle/api/internal/NamedDomainObjectContainerConfigureDelegateCustomizer> (0x0000000084b6c430) 
thrown [t:\workspace\open\src\hotspot\share\classfile\systemDictionary.cpp, line 256]
Event: 8.452 Thread 0x000002bb9d0fc920 Exception <a 'java/lang/ClassNotFoundException'{0x00000000849a27c8}: org/gradle/api/internal/FactoryNamedDomainObjectContainer_DecoratedBeanInfo> (0x00000000849a27c8) 
thrown [t:\workspace\open\src\hotspot\share\classfile\systemDictionary.cpp, line 256]
Event: 8.453 Thread 0x000002bb9d0fc920 Exception <a 'java/lang/ClassNotFoundException'{0x00000000849b8080}: org/gradle/api/internal/FactoryNamedDomainObjectContainerBeanInfo> (0x00000000849b8080) 
thrown [t:\workspace\open\src\hotspot\share\classfile\systemDictionary.cpp, line 256]
Event: 8.453 Thread 0x000002bb9d0fc920 Exception <a 'java/lang/ClassNotFoundException'{0x00000000849cd930}: org/gradle/api/internal/AbstractNamedDomainObjectContainerBeanInfo> (0x00000000849cd930) 
thrown [t:\workspace\open\src\hotspot\share\classfile\systemDictionary.cpp, line 256]
Event: 8.454 Thread 0x000002bb9d0fc920 Exception <a 'java/lang/ClassNotFoundException'{0x00000000849e3358}: org/gradle/api/internal/DefaultNamedDomainObjectSetBeanInfo> (0x00000000849e3358) 
thrown [t:\workspace\open\src\hotspot\share\classfile\systemDictionary.cpp, line 256]

Events (20 events):
Event: 8.266 Executing  VM operation: ICBufferFull
Event: 8.266 Executing  VM operation: ICBufferFull done
Event: 8.268 Executing  VM operation: ICBufferFull
Event: 8.268 Executing  VM operation: ICBufferFull done
Event: 8.269 Executing  VM operation: ICBufferFull
Event: 8.269 Executing  VM operation: ICBufferFull done
Event: 8.270 Executing  VM operation: ICBufferFull
Event: 8.270 Executing  VM operation: ICBufferFull done
Event: 8.271 Executing  VM operation: ICBufferFull
Event: 8.271 Executing  VM operation: ICBufferFull done
Event: 8.272 Executing  VM operation: ICBufferFull
Event: 8.272 Executing  VM operation: ICBufferFull done
Event: 8.273 Executing  VM operation: ICBufferFull
Event: 8.274 Executing  VM operation: ICBufferFull done
Event: 8.275 Executing  VM operation: ICBufferFull
Event: 8.275 Executing  VM operation: ICBufferFull done
Event: 8.276 Executing  VM operation: ICBufferFull
Event: 8.276 Executing  VM operation: ICBufferFull done
Event: 8.432 loading class java/beans/IntrospectionException
Event: 8.432 loading class java/beans/IntrospectionException done


Dynamic libraries:
0x00007ff74d8a0000 - 0x00007ff74d8b0000 	C:\Program Files\Java\jdk-16.0.2\bin\java.exe
0x00007ff803810000 - 0x00007ff803a08000 	C:\WINDOWS\SYSTEM32\ntdll.dll
0x00007ff801930000 - 0x00007ff8019ed000 	C:\WINDOWS\System32\KERNEL32.DLL
0x00007ff8015a0000 - 0x00007ff80186e000 	C:\WINDOWS\System32\KERNELBASE.dll
0x00007ff8011d0000 - 0x00007ff8012d0000 	C:\WINDOWS\System32\ucrtbase.dll
0x00007fffeb6c0000 - 0x00007fffeb6d8000 	C:\Program Files\Java\jdk-16.0.2\bin\jli.dll
0x00007fffe8610000 - 0x00007fffe8629000 	C:\Program Files\Java\jdk-16.0.2\bin\VCRUNTIME140.dll
0x00007ff8032b0000 - 0x00007ff80335e000 	C:\WINDOWS\System32\ADVAPI32.dll
0x00007ff802f30000 - 0x00007ff802fce000 	C:\WINDOWS\System32\msvcrt.dll
0x00007ff802000000 - 0x00007ff80209c000 	C:\WINDOWS\System32\sechost.dll
0x00007ff802fd0000 - 0x00007ff8030f5000 	C:\WINDOWS\System32\RPCRT4.dll
0x00007ff8020a0000 - 0x00007ff802240000 	C:\WINDOWS\System32\USER32.dll
0x00007fffead00000 - 0x00007fffeaf9a000 	C:\WINDOWS\WinSxS\amd64_microsoft.windows.common-controls_6595b64144ccf1df_6.0.19041.1110_none_60b5254171f9507e\COMCTL32.dll
0x00007ff800f30000 - 0x00007ff800f52000 	C:\WINDOWS\System32\win32u.dll
0x00007ff803520000 - 0x00007ff80354a000 	C:\WINDOWS\System32\GDI32.dll
0x00007ff801020000 - 0x00007ff80112b000 	C:\WINDOWS\System32\gdi32full.dll
0x00007ff801130000 - 0x00007ff8011cd000 	C:\WINDOWS\System32\msvcp_win.dll
0x00007ffffb480000 - 0x00007ffffb48a000 	C:\WINDOWS\SYSTEM32\VERSION.dll
0x00007ff803360000 - 0x00007ff803390000 	C:\WINDOWS\System32\IMM32.DLL
0x00007ffff4640000 - 0x00007ffff464c000 	C:\Program Files\Java\jdk-16.0.2\bin\vcruntime140_1.dll
0x00007fffc62e0000 - 0x00007fffc6371000 	C:\Program Files\Java\jdk-16.0.2\bin\msvcp140.dll
0x00007fff92830000 - 0x00007fff933db000 	C:\Program Files\Java\jdk-16.0.2\bin\server\jvm.dll
0x00007ff8022a0000 - 0x00007ff8022a8000 	C:\WINDOWS\System32\PSAPI.DLL
0x00007ffffeda0000 - 0x00007ffffedc7000 	C:\WINDOWS\SYSTEM32\WINMM.dll
0x00007ffffc410000 - 0x00007ffffc419000 	C:\WINDOWS\SYSTEM32\WSOCK32.dll
0x00007ff801eb0000 - 0x00007ff801f1b000 	C:\WINDOWS\System32\WS2_32.dll
0x00007fffff7e0000 - 0x00007fffff7f2000 	C:\WINDOWS\SYSTEM32\kernel.appcore.dll
0x00007ffff45f0000 - 0x00007ffff45fa000 	C:\Program Files\Java\jdk-16.0.2\bin\jimage.dll
0x00007ffffebb0000 - 0x00007ffffed94000 	C:\WINDOWS\SYSTEM32\DBGHELP.DLL
0x00007ffffeb80000 - 0x00007ffffebac000 	C:\WINDOWS\SYSTEM32\dbgcore.DLL
0x00007ff800f60000 - 0x00007ff800fe2000 	C:\WINDOWS\System32\bcryptPrimitives.dll
0x00007fffe6320000 - 0x00007fffe6345000 	C:\Program Files\Java\jdk-16.0.2\bin\java.dll
0x00007ff8027e0000 - 0x00007ff802f24000 	C:\WINDOWS\System32\SHELL32.dll
0x00007fffff000000 - 0x00007fffff794000 	C:\WINDOWS\SYSTEM32\windows.storage.dll
0x00007ff8019f0000 - 0x00007ff801d44000 	C:\WINDOWS\System32\combase.dll
0x00007ff800990000 - 0x00007ff8009c0000 	C:\WINDOWS\SYSTEM32\Wldp.dll
0x00007ff8022b0000 - 0x00007ff80235d000 	C:\WINDOWS\System32\SHCORE.dll
0x00007ff801f20000 - 0x00007ff801f75000 	C:\WINDOWS\System32\shlwapi.dll
0x00007ff800e70000 - 0x00007ff800e8f000 	C:\WINDOWS\SYSTEM32\profapi.dll
0x00007fffe6300000 - 0x00007fffe6319000 	C:\Program Files\Java\jdk-16.0.2\bin\net.dll
0x00007fffeb9a0000 - 0x00007fffebaaa000 	C:\WINDOWS\SYSTEM32\WINHTTP.dll
0x00007ff8006f0000 - 0x00007ff80075a000 	C:\WINDOWS\system32\mswsock.dll
0x00007fffe0400000 - 0x00007fffe0413000 	C:\Program Files\Java\jdk-16.0.2\bin\nio.dll
0x00007fffdbce0000 - 0x00007fffdbcf8000 	C:\Program Files\Java\jdk-16.0.2\bin\zip.dll
0x00007fffef410000 - 0x00007fffef420000 	C:\Program Files\Java\jdk-16.0.2\bin\verify.dll
0x00007fffe6350000 - 0x00007fffe6377000 	C:\Users\ITECH\.gradle\native\e1d6ef7f7dcc3fd88c89a11ec53ec762bb8ba0a96d01ffa2cd45eb1d1d8dd5c5\windows-amd64\native-platform.dll
0x00007fffc4e30000 - 0x00007fffc4f74000 	C:\Users\ITECH\.gradle\native\5664cfc778a61ccfe75a443a1ab52a65af34e5dc3c78e0209fed803814484fcb\windows-amd64\native-platform-file-events.dll
0x00007fffeecd0000 - 0x00007fffeecd9000 	C:\Program Files\Java\jdk-16.0.2\bin\management.dll
0x00007fffe9870000 - 0x00007fffe987b000 	C:\Program Files\Java\jdk-16.0.2\bin\management_ext.dll
0x00007ff8008e0000 - 0x00007ff8008f8000 	C:\WINDOWS\SYSTEM32\CRYPTSP.dll
0x00007ff800000000 - 0x00007ff800034000 	C:\WINDOWS\system32\rsaenh.dll
0x00007ff800ff0000 - 0x00007ff801017000 	C:\WINDOWS\System32\bcrypt.dll
0x00007ff800df0000 - 0x00007ff800e1e000 	C:\WINDOWS\SYSTEM32\USERENV.dll
0x00007ff800900000 - 0x00007ff80090c000 	C:\WINDOWS\SYSTEM32\CRYPTBASE.dll
0x00007ff800390000 - 0x00007ff8003cb000 	C:\WINDOWS\SYSTEM32\IPHLPAPI.DLL
0x00007ff801870000 - 0x00007ff801878000 	C:\WINDOWS\System32\NSI.dll
0x00007ffff6270000 - 0x00007ffff6287000 	C:\WINDOWS\SYSTEM32\dhcpcsvc6.DLL
0x00007ffff6740000 - 0x00007ffff675d000 	C:\WINDOWS\SYSTEM32\dhcpcsvc.DLL
0x00007ff8003d0000 - 0x00007ff80049a000 	C:\WINDOWS\SYSTEM32\DNSAPI.dll
0x00007fffe9030000 - 0x00007fffe903e000 	C:\Program Files\Java\jdk-16.0.2\bin\sunmscapi.dll
0x00007ff8013f0000 - 0x00007ff801546000 	C:\WINDOWS\System32\CRYPT32.dll
0x00007ff800a00000 - 0x00007ff800a27000 	C:\WINDOWS\SYSTEM32\ncrypt.dll
0x00007ff8009c0000 - 0x00007ff8009fb000 	C:\WINDOWS\SYSTEM32\NTASN1.dll
0x00007fffd89b0000 - 0x00007fffd89b7000 	C:\WINDOWS\system32\wshunix.dll

dbghelp: loaded successfully - version: 4.0.5 - missing functions: none
symbol engine: initialized successfully - sym options: 0x614 - pdb path: .;C:\Program Files\Java\jdk-16.0.2\bin;C:\WINDOWS\SYSTEM32;C:\WINDOWS\WinSxS\amd64_microsoft.windows.common-controls_6595b64144ccf1df_6.0.19041.1110_none_60b5254171f9507e;C:\Program Files\Java\jdk-16.0.2\bin\server;C:\Users\ITECH\.gradle\native\e1d6ef7f7dcc3fd88c89a11ec53ec762bb8ba0a96d01ffa2cd45eb1d1d8dd5c5\windows-amd64;C:\Users\ITECH\.gradle\native\5664cfc778a61ccfe75a443a1ab52a65af34e5dc3c78e0209fed803814484fcb\windows-amd64

VM Arguments:
jvm_args: --add-opens=java.base/java.util=ALL-UNNAMED --add-opens=java.base/java.lang=ALL-UNNAMED --add-opens=java.base/java.lang.invoke=ALL-UNNAMED --add-opens=java.base/java.util=ALL-UNNAMED --add-opens=java.prefs/java.util.prefs=ALL-UNNAMED --add-opens=java.prefs/java.util.prefs=ALL-UNNAMED --add-opens=java.base/java.nio.charset=ALL-UNNAMED --add-opens=java.base/java.net=ALL-UNNAMED --add-opens=java.base/java.util.concurrent.atomic=ALL-UNNAMED -Xmx2048m -Dfile.encoding=UTF-8 -Duser.country=US -Duser.language=en -Duser.variant 
java_command: org.gradle.launcher.daemon.bootstrap.GradleDaemon 7.3.3
java_class_path (initial): C:\Users\ITECH\.gradle\wrapper\dists\gradle-7.3.3-bin\6a41zxkdtcxs8rphpq6y0069z\gradle-7.3.3\lib\gradle-launcher-7.3.3.jar
Launcher Type: SUN_STANDARD

[Global flags]
     intx CICompilerCount                          = 4                                         {product} {ergonomic}
     uint ConcGCThreads                            = 2                                         {product} {ergonomic}
     uint G1ConcRefinementThreads                  = 8                                         {product} {ergonomic}
   size_t G1HeapRegionSize                         = 1048576                                   {product} {ergonomic}
    uintx GCDrainStackTargetSize                   = 64                                        {product} {ergonomic}
   size_t InitialHeapSize                          = 132120576                                 {product} {ergonomic}
   size_t MarkStackSize                            = 4194304                                   {product} {ergonomic}
   size_t MaxHeapSize                              = 2147483648                                {product} {command line}
   size_t MaxNewSize                               = 1287651328                                {product} {ergonomic}
   size_t MinHeapDeltaBytes                        = 1048576                                   {product} {ergonomic}
   size_t MinHeapSize                              = 8388608                                   {product} {ergonomic}
    uintx NonNMethodCodeHeapSize                   = 5839372                                {pd product} {ergonomic}
    uintx NonProfiledCodeHeapSize                  = 122909434                              {pd product} {ergonomic}
    uintx ProfiledCodeHeapSize                     = 122909434                              {pd product} {ergonomic}
    uintx ReservedCodeCacheSize                    = 251658240                              {pd product} {ergonomic}
     bool SegmentedCodeCache                       = true                                      {product} {ergonomic}
   size_t SoftMaxHeapSize                          = 2147483648                             {manageable} {ergonomic}
     bool UseCompressedClassPointers               = true                           {product lp64_product} {ergonomic}
     bool UseCompressedOops                        = true                           {product lp64_product} {ergonomic}
     bool UseG1GC                                  = true                                      {product} {ergonomic}
     bool UseLargePagesIndividualAllocation        = false                                  {pd product} {ergonomic}

Logging:
Log output configuration:
 #0: stdout all=warning uptime,level,tags
 #1: stderr all=off uptime,level,tags

Environment Variables:
JAVA_HOME=C:\Program Files\Java\jdk-16.0.2
PATH=C:\Program Files\Python37\Scripts\;C:\Program Files\Python37\;C:\ProgramData\Oracle\Java\javapath;C:\app\ITECH\product\11.2.0\dbhome_1\bin;C:\Program Files\Common Files\Oracle\Java\javapath;C:\Program Files (x86)\Common Files\Oracle\Java\javapath;C:\WINDOWS\system32;C:\WINDOWS;C:\WINDOWS\System32\Wbem;C:\WINDOWS\System32\WindowsPowerShell\v1.0\;C:\WINDOWS\System32\OpenSSH\;C:\Program Files\Microsoft SQL Server\130\Tools\Binn\;C:\Program Files\Microsoft SQL Server\Client SDK\ODBC\170\Tools\Binn\;C:\Program Files\dotnet\;C:\Program Files\nodejs\;C:\Program Files\Java\jdk-16.0.2\bin;C:\Program Files\Git\cmd;C:\Program Files\Java\jdk-16.0.2\bin;
USERNAME=ITECH
OS=Windows_NT
PROCESSOR_IDENTIFIER=Intel64 Family 6 Model 126 Stepping 5, GenuineIntel



---------------  S Y S T E M  ---------------

OS:
 Windows 10 , 64 bit Build 19041 (10.0.19041.1889)
OS uptime: 0 days 14:43 hours

CPU: total 8 (initial active 8) (4 cores per cpu, 2 threads per core) family 6 model 126 stepping 5 microcode 0xb0, cx8, cmov, fxsr, ht, mmx, 3dnowpref, sse, sse2, sse3, ssse3, sse4.1, sse4.2, popcnt, lzcnt, tsc, tscinvbit, avx, avx2, aes, erms, clmul, bmi1, bmi2, adx, avx512f, avx512dq, avx512cd, avx512bw, avx512vl, sha, fma, vzeroupper, avx512_vpopcntdq, avx512_vpclmulqdq, avx512_vaes, avx512_vnni, clflush, clflushopt, avx512_vmbi2, avx512_vmbi

Memory: 4k page, system-wide physical 7959M (1143M free)
TotalPageFile size 7959M (AvailPageFile size 7M)
current process WorkingSet (physical memory assigned to process): 316M, peak: 322M
current process commit charge ("private bytes"): 364M, peak: 368M

vm_info: Java HotSpot(TM) 64-Bit Server VM (16.0.2+7-67) for windows-amd64 JRE (16.0.2+7-67), built on Jun  8 2021 23:24:19 by "mach5one" with MS VC++ 16.7 (VS2019)

END.
