#
# There is insufficient memory for the Java Runtime Environment to continue.
# Native memory allocation (malloc) failed to allocate 2112896 bytes for Chunk::new
# Possible reasons:
#   The system is out of physical RAM or swap space
#   The process is running with CompressedOops enabled, and the Java Heap may be blocking the growth of the native heap
# Possible solutions:
#   Reduce memory load on the system
#   Increase physical memory or swap space
#   Check if swap backing store is full
#   Decrease Java heap size (-Xmx/-Xms)
#   Decrease number of Java threads
#   Decrease Java thread stack sizes (-Xss)
#   Set larger code cache with -XX:ReservedCodeCacheSize=
#   JVM is running with Unscaled Compressed Oops mode in which the Java heap is
#     placed in the first 4GB address space. The Java Heap base address is the
#     maximum limit for the native heap growth. Please use -XX:HeapBaseMinAddress
#     to set the Java Heap base and to place the Java Heap above 4GB virtual address.
# This output file may be truncated or incomplete.
#
#  Out of Memory Error (arena.cpp:195), pid=2872, tid=9460
#
# JRE version: Java(TM) SE Runtime Environment (16.0.2+7) (build 16.0.2+7-67)
# Java VM: Java HotSpot(TM) 64-Bit Server VM (16.0.2+7-67, mixed mode, sharing, tiered, compressed oops, compressed class ptrs, g1 gc, windows-amd64)
# No core dump will be written. Minidumps are not enabled by default on client versions of Windows
#

---------------  S U M M A R Y ------------

Command Line: --add-opens=java.base/java.util=ALL-UNNAMED --add-opens=java.base/java.lang=ALL-UNNAMED --add-opens=java.base/java.lang.invoke=ALL-UNNAMED --add-opens=java.base/java.util=ALL-UNNAMED --add-opens=java.prefs/java.util.prefs=ALL-UNNAMED --add-opens=java.prefs/java.util.prefs=ALL-UNNAMED --add-opens=java.base/java.nio.charset=ALL-UNNAMED --add-opens=java.base/java.net=ALL-UNNAMED --add-opens=java.base/java.util.concurrent.atomic=ALL-UNNAMED -Xmx2048m -Dfile.encoding=UTF-8 -Duser.country=US -Duser.language=en -Duser.variant org.gradle.launcher.daemon.bootstrap.GradleDaemon 7.3.3

Host: Intel(R) Core(TM) i7-1065G7 CPU @ 1.30GHz, 8 cores, 7G,  Windows 10 , 64 bit Build 19041 (10.0.19041.1889)
Time: Wed Aug 17 16:33:23 2022 Egypt Standard Time elapsed time: 6.105554 seconds (0d 0h 0m 6s)

---------------  T H R E A D  ---------------

Current thread (0x000002cd249fc2c0):  JavaThread "C2 CompilerThread0" daemon [_thread_in_native, id=9460, stack(0x000000d1d8600000,0x000000d1d8700000)]


Current CompileTask:
C2:   6105 6014       4       org.objectweb.asm.Frame::execute (2318 bytes)

Stack: [0x000000d1d8600000,0x000000d1d8700000]
Native frames: (J=compiled Java code, j=interpreted, Vv=VM code, C=native code)
V  [jvm.dll+0x6681ca]
V  [jvm.dll+0x7c9e69]
V  [jvm.dll+0x7cb61e]
V  [jvm.dll+0x7cbc73]
V  [jvm.dll+0x242c55]
V  [jvm.dll+0xadeba]
V  [jvm.dll+0xae45c]
V  [jvm.dll+0x35a8d7]
V  [jvm.dll+0x324de1]
V  [jvm.dll+0x32428a]
V  [jvm.dll+0x215cec]
V  [jvm.dll+0x215100]
V  [jvm.dll+0x1a1beb]
V  [jvm.dll+0x225158]
V  [jvm.dll+0x22319c]
V  [jvm.dll+0x77fa62]
V  [jvm.dll+0x7795aa]
V  [jvm.dll+0x667066]
C  [ucrtbase.dll+0x21bb2]
C  [KERNEL32.DLL+0x17034]
C  [ntdll.dll+0x52651]


---------------  P R O C E S S  ---------------

Threads class SMR info:
_java_thread_list=0x000002cd2a60d500, length=124, elements={
0x000002cd049bd660, 0x000002cd249e0b40, 0x000002cd249e1650, 0x000002cd249ede80,
0x000002cd249f17b0, 0x000002cd249f6880, 0x000002cd249f7930, 0x000002cd249fc2c0,
0x000002cd24a00080, 0x000002cd24a009d0, 0x000002cd254afa90, 0x000002cd254b47d0,
0x000002cd255b9930, 0x000002cd26c807a0, 0x000002cd27d8b6d0, 0x000002cd2730c030,
0x000002cd26f6f0e0, 0x000002cd284fa090, 0x000002cd27834770, 0x000002cd264aa030,
0x000002cd2642aec0, 0x000002cd2642beb0, 0x000002cd2642c400, 0x000002cd2642b960,
0x000002cd2642a420, 0x000002cd26429ed0, 0x000002cd26428ee0, 0x000002cd26429430,
0x000002cd2642a970, 0x000002cd26429980, 0x000002cd2642b410, 0x000002cd2b2cd040,
0x000002cd2b2cb060, 0x000002cd2b2d1ff0, 0x000002cd2b2d2540, 0x000002cd2b2d0ab0,
0x000002cd2b2cf020, 0x000002cd2b2cc5a0, 0x000002cd2b2ccaf0, 0x000002cd2b2d1550,
0x000002cd2b2d0010, 0x000002cd2b2cb5b0, 0x000002cd2b2d0560, 0x000002cd2b2d1aa0,
0x000002cd2b2ce030, 0x000002cd2b2cbb00, 0x000002cd2b2cc050, 0x000002cd2b2cd590,
0x000002cd2b2cdae0, 0x000002cd2b2ce580, 0x000002cd2b2cead0, 0x000002cd28afdaf0,
0x000002cd28afe590, 0x000002cd28afe040, 0x000002cd28afa5d0, 0x000002cd28afd050,
0x000002cd28afeae0, 0x000002cd28afab20, 0x000002cd28afbb10, 0x000002cd28b00570,
0x000002cd28afcb00, 0x000002cd28afd5a0, 0x000002cd28afc060, 0x000002cd28aff030,
0x000002cd28aff580, 0x000002cd28afc5b0, 0x000002cd28affad0, 0x000002cd28b00020,
0x000002cd28b01ab0, 0x000002cd28b00ac0, 0x000002cd28b01010, 0x000002cd28afa080,
0x000002cd28afb5c0, 0x000002cd28b01560, 0x000002cd28afb070, 0x000002cd2b414550,
0x000002cd2b40faf0, 0x000002cd2b413ab0, 0x000002cd2b40f050, 0x000002cd2b415540,
0x000002cd2b412020, 0x000002cd2b412ac0, 0x000002cd2b415a90, 0x000002cd2b411ad0,
0x000002cd2b40e060, 0x000002cd2b40eb00, 0x000002cd2b40f5a0, 0x000002cd2b414000,
0x000002cd2b414aa0, 0x000002cd2b413010, 0x000002cd2b40e5b0, 0x000002cd2b410040,
0x000002cd2b410590, 0x000002cd2b410ae0, 0x000002cd2b414ff0, 0x000002cd2b411030,
0x000002cd2b411580, 0x000002cd2b412570, 0x000002cd2b413560, 0x000002cd2be22560,
0x000002cd2be20030, 0x000002cd2be21570, 0x000002cd2be24a90, 0x000002cd2be1d5b0,
0x000002cd2be1eaf0, 0x000002cd2be1e5a0, 0x000002cd2be20ad0, 0x000002cd2be24540,
0x000002cd2be1f040, 0x000002cd2be1db00, 0x000002cd2be1f590, 0x000002cd2be1fae0,
0x000002cd2be20580, 0x000002cd2be21020, 0x000002cd2be23550, 0x000002cd2be21ac0,
0x000002cd2be1d060, 0x000002cd2be1e050, 0x000002cd2be22ab0, 0x000002cd2be22010,
0x000002cd2be23000, 0x000002cd2be23aa0, 0x000002cd2be23ff0, 0x000002cd2bbfdb80
}

Java Threads: ( => current thread )
  0x000002cd049bd660 JavaThread "main" [_thread_blocked, id=10424, stack(0x000000d1d7900000,0x000000d1d7a00000)]
  0x000002cd249e0b40 JavaThread "Reference Handler" daemon [_thread_blocked, id=6656, stack(0x000000d1d8000000,0x000000d1d8100000)]
  0x000002cd249e1650 JavaThread "Finalizer" daemon [_thread_blocked, id=11052, stack(0x000000d1d8100000,0x000000d1d8200000)]
  0x000002cd249ede80 JavaThread "Signal Dispatcher" daemon [_thread_blocked, id=4224, stack(0x000000d1d8200000,0x000000d1d8300000)]
  0x000002cd249f17b0 JavaThread "Attach Listener" daemon [_thread_blocked, id=1784, stack(0x000000d1d8300000,0x000000d1d8400000)]
  0x000002cd249f6880 JavaThread "Service Thread" daemon [_thread_blocked, id=4304, stack(0x000000d1d8400000,0x000000d1d8500000)]
  0x000002cd249f7930 JavaThread "Monitor Deflation Thread" daemon [_thread_blocked, id=9032, stack(0x000000d1d8500000,0x000000d1d8600000)]
=>0x000002cd249fc2c0 JavaThread "C2 CompilerThread0" daemon [_thread_in_native, id=9460, stack(0x000000d1d8600000,0x000000d1d8700000)]
  0x000002cd24a00080 JavaThread "C1 CompilerThread0" daemon [_thread_blocked, id=12676, stack(0x000000d1d8700000,0x000000d1d8800000)]
  0x000002cd24a009d0 JavaThread "Sweeper thread" daemon [_thread_blocked, id=12892, stack(0x000000d1d8800000,0x000000d1d8900000)]
  0x000002cd254afa90 JavaThread "Common-Cleaner" daemon [_thread_blocked, id=3588, stack(0x000000d1d8900000,0x000000d1d8a00000)]
  0x000002cd254b47d0 JavaThread "Notification Thread" daemon [_thread_blocked, id=7224, stack(0x000000d1d8a00000,0x000000d1d8b00000)]
  0x000002cd255b9930 JavaThread "C2 CompilerThread1" daemon [_thread_in_native, id=3520, stack(0x000000d1d8c00000,0x000000d1d8d00000)]
  0x000002cd26c807a0 JavaThread "Daemon health stats" [_thread_blocked, id=244, stack(0x000000d1d9200000,0x000000d1d9300000)]
  0x000002cd27d8b6d0 JavaThread "Incoming local TCP Connector on port 56635" [_thread_in_native, id=4576, stack(0x000000d1d9300000,0x000000d1d9400000)]
  0x000002cd2730c030 JavaThread "Daemon periodic checks" [_thread_blocked, id=4440, stack(0x000000d1d9400000,0x000000d1d9500000)]
  0x000002cd26f6f0e0 JavaThread "Daemon" [_thread_blocked, id=900, stack(0x000000d1d9500000,0x000000d1d9600000)]
  0x000002cd284fa090 JavaThread "Handler for socket connection from /127.0.0.1:56635 to /127.0.0.1:56636" [_thread_in_native, id=5600, stack(0x000000d1d9600000,0x000000d1d9700000)]
  0x000002cd27834770 JavaThread "Cancel handler" [_thread_blocked, id=7292, stack(0x000000d1d9700000,0x000000d1d9800000)]
  0x000002cd264aa030 JavaThread "Daemon worker" [_thread_in_Java, id=6816, stack(0x000000d1d9800000,0x000000d1d9900000)]
  0x000002cd2642aec0 JavaThread "Asynchronous log dispatcher for DefaultDaemonConnection: socket connection from /127.0.0.1:56635 to /127.0.0.1:56636" [_thread_blocked, id=10632, stack(0x000000d1d9900000,0x000000d1d9a00000)]
  0x000002cd2642beb0 JavaThread "Stdin handler" [_thread_blocked, id=3300, stack(0x000000d1d9a00000,0x000000d1d9b00000)]
  0x000002cd2642c400 JavaThread "Daemon client event forwarder" [_thread_blocked, id=9944, stack(0x000000d1d9b00000,0x000000d1d9c00000)]
  0x000002cd2642b960 JavaThread "Cache worker for journal cache (C:\Users\ITECH\.gradle\caches\journal-1)" [_thread_blocked, id=3744, stack(0x000000d1d9c00000,0x000000d1d9d00000)]
  0x000002cd2642a420 JavaThread "File lock request listener" [_thread_in_native, id=9796, stack(0x000000d1d9d00000,0x000000d1d9e00000)]
  0x000002cd26429ed0 JavaThread "Cache worker for file hash cache (C:\Users\ITECH\.gradle\caches\7.3.3\fileHashes)" [_thread_blocked, id=13152, stack(0x000000d1d9e00000,0x000000d1d9f00000)]
  0x000002cd26428ee0 JavaThread "Cache worker for file hash cache (C:\Users\ITECH\AndroidStudioProjects\yummy\.gradle\7.3.3\fileHashes)" [_thread_blocked, id=5492, stack(0x000000d1da200000,0x000000d1da300000)]
  0x000002cd26429430 JavaThread "File watcher server" daemon [_thread_in_native, id=12456, stack(0x000000d1da300000,0x000000d1da400000)]
  0x000002cd2642a970 JavaThread "File watcher consumer" daemon [_thread_blocked, id=4144, stack(0x000000d1da400000,0x000000d1da500000)]
  0x000002cd26429980 JavaThread "Cache worker for checksums cache (C:\Users\ITECH\AndroidStudioProjects\yummy\.gradle\7.3.3\checksums)" [_thread_blocked, id=5180, stack(0x000000d1da500000,0x000000d1da600000)]
  0x000002cd2642b410 JavaThread "Cache worker for cache directory md-supplier (C:\Users\ITECH\.gradle\caches\7.3.3\md-supplier)" [_thread_blocked, id=592, stack(0x000000d1da600000,0x000000d1da700000)]
  0x000002cd2b2cd040 JavaThread "Cache worker for cache directory md-rule (C:\Users\ITECH\.gradle\caches\7.3.3\md-rule)" [_thread_blocked, id=8628, stack(0x000000d1da700000,0x000000d1da800000)]
  0x000002cd2b2cb060 JavaThread "Cache worker for execution history cache (C:\Users\ITECH\.gradle\caches\7.3.3\executionHistory)" [_thread_blocked, id=9700, stack(0x000000d1da900000,0x000000d1daa00000)]
  0x000002cd2b2d1ff0 JavaThread "jar transforms" [_thread_blocked, id=10268, stack(0x000000d1daa00000,0x000000d1dab00000)]
  0x000002cd2b2d2540 JavaThread "Cache worker for file content cache (C:\Users\ITECH\.gradle\caches\7.3.3\fileContent)" [_thread_blocked, id=948, stack(0x000000d1dab00000,0x000000d1dac00000)]
  0x000002cd2b2d0ab0 JavaThread "jar transforms Thread 2" [_thread_blocked, id=1604, stack(0x000000d1dac00000,0x000000d1dad00000)]
  0x000002cd2b2cf020 JavaThread "Cache worker for dependencies-accessors (C:\Users\ITECH\AndroidStudioProjects\yummy\.gradle\7.3.3\dependencies-accessors)" [_thread_blocked, id=3928, stack(0x000000d1dad00000,0x000000d1dae00000)]
  0x000002cd2b2cc5a0 JavaThread "jar transforms Thread 3" [_thread_blocked, id=7844, stack(0x000000d1dae00000,0x000000d1daf00000)]
  0x000002cd2b2ccaf0 JavaThread "Cache worker for Build Output Cleanup Cache (C:\Users\ITECH\AndroidStudioProjects\yummy\.gradle\buildOutputCleanup)" [_thread_blocked, id=10872, stack(0x000000d1daf00000,0x000000d1db000000)]
  0x000002cd2b2d1550 JavaThread "Unconstrained build operations" [_thread_blocked, id=5636, stack(0x000000d1db000000,0x000000d1db100000)]
  0x000002cd2b2d0010 JavaThread "Unconstrained build operations Thread 2" [_thread_blocked, id=10788, stack(0x000000d1db100000,0x000000d1db200000)]
  0x000002cd2b2cb5b0 JavaThread "Unconstrained build operations Thread 3" [_thread_blocked, id=3648, stack(0x000000d1db200000,0x000000d1db300000)]
  0x000002cd2b2d0560 JavaThread "Unconstrained build operations Thread 4" [_thread_blocked, id=9060, stack(0x000000d1db300000,0x000000d1db400000)]
  0x000002cd2b2d1aa0 JavaThread "Unconstrained build operations Thread 5" [_thread_blocked, id=9140, stack(0x000000d1db400000,0x000000d1db500000)]
  0x000002cd2b2ce030 JavaThread "Unconstrained build operations Thread 6" [_thread_blocked, id=10088, stack(0x000000d1db500000,0x000000d1db600000)]
  0x000002cd2b2cbb00 JavaThread "Unconstrained build operations Thread 7" [_thread_blocked, id=6696, stack(0x000000d1db600000,0x000000d1db700000)]
  0x000002cd2b2cc050 JavaThread "Unconstrained build operations Thread 8" [_thread_blocked, id=9652, stack(0x000000d1db700000,0x000000d1db800000)]
  0x000002cd2b2cd590 JavaThread "Unconstrained build operations Thread 9" [_thread_blocked, id=3024, stack(0x000000d1db800000,0x000000d1db900000)]
  0x000002cd2b2cdae0 JavaThread "Unconstrained build operations Thread 10" [_thread_blocked, id=3840, stack(0x000000d1db900000,0x000000d1dba00000)]
  0x000002cd2b2ce580 JavaThread "Unconstrained build operations Thread 11" [_thread_blocked, id=10192, stack(0x000000d1dba00000,0x000000d1dbb00000)]
  0x000002cd2b2cead0 JavaThread "Unconstrained build operations Thread 12" [_thread_blocked, id=11392, stack(0x000000d1dbb00000,0x000000d1dbc00000)]
  0x000002cd28afdaf0 JavaThread "Unconstrained build operations Thread 13" [_thread_blocked, id=8344, stack(0x000000d1dbc00000,0x000000d1dbd00000)]
  0x000002cd28afe590 JavaThread "Unconstrained build operations Thread 14" [_thread_blocked, id=6672, stack(0x000000d1dbd00000,0x000000d1dbe00000)]
  0x000002cd28afe040 JavaThread "Unconstrained build operations Thread 15" [_thread_blocked, id=3092, stack(0x000000d1dbe00000,0x000000d1dbf00000)]
  0x000002cd28afa5d0 JavaThread "Unconstrained build operations Thread 16" [_thread_blocked, id=2720, stack(0x000000d1dbf00000,0x000000d1dc000000)]
  0x000002cd28afd050 JavaThread "Unconstrained build operations Thread 17" [_thread_blocked, id=10372, stack(0x000000d1dc000000,0x000000d1dc100000)]
  0x000002cd28afeae0 JavaThread "Unconstrained build operations Thread 18" [_thread_blocked, id=9020, stack(0x000000d1dc100000,0x000000d1dc200000)]
  0x000002cd28afab20 JavaThread "Unconstrained build operations Thread 19" [_thread_blocked, id=1368, stack(0x000000d1dc200000,0x000000d1dc300000)]
  0x000002cd28afbb10 JavaThread "Unconstrained build operations Thread 20" [_thread_blocked, id=456, stack(0x000000d1dc300000,0x000000d1dc400000)]
  0x000002cd28b00570 JavaThread "Unconstrained build operations Thread 21" [_thread_blocked, id=5028, stack(0x000000d1dc400000,0x000000d1dc500000)]
  0x000002cd28afcb00 JavaThread "Unconstrained build operations Thread 22" [_thread_blocked, id=3372, stack(0x000000d1dc500000,0x000000d1dc600000)]
  0x000002cd28afd5a0 JavaThread "Unconstrained build operations Thread 23" [_thread_blocked, id=6004, stack(0x000000d1dc600000,0x000000d1dc700000)]
  0x000002cd28afc060 JavaThread "Unconstrained build operations Thread 24" [_thread_blocked, id=2836, stack(0x000000d1dc700000,0x000000d1dc800000)]
  0x000002cd28aff030 JavaThread "Unconstrained build operations Thread 25" [_thread_blocked, id=6908, stack(0x000000d1dc800000,0x000000d1dc900000)]
  0x000002cd28aff580 JavaThread "Unconstrained build operations Thread 26" [_thread_blocked, id=6648, stack(0x000000d1dc900000,0x000000d1dca00000)]
  0x000002cd28afc5b0 JavaThread "Unconstrained build operations Thread 27" [_thread_blocked, id=9628, stack(0x000000d1dca00000,0x000000d1dcb00000)]
  0x000002cd28affad0 JavaThread "Unconstrained build operations Thread 28" [_thread_blocked, id=10012, stack(0x000000d1dcb00000,0x000000d1dcc00000)]
  0x000002cd28b00020 JavaThread "Unconstrained build operations Thread 29" [_thread_blocked, id=4028, stack(0x000000d1dcc00000,0x000000d1dcd00000)]
  0x000002cd28b01ab0 JavaThread "Unconstrained build operations Thread 30" [_thread_blocked, id=2956, stack(0x000000d1dcd00000,0x000000d1dce00000)]
  0x000002cd28b00ac0 JavaThread "Unconstrained build operations Thread 31" [_thread_blocked, id=1340, stack(0x000000d1dce00000,0x000000d1dcf00000)]
  0x000002cd28b01010 JavaThread "Unconstrained build operations Thread 32" [_thread_blocked, id=9532, stack(0x000000d1dcf00000,0x000000d1dd000000)]
  0x000002cd28afa080 JavaThread "Unconstrained build operations Thread 33" [_thread_blocked, id=1380, stack(0x000000d1dd000000,0x000000d1dd100000)]
  0x000002cd28afb5c0 JavaThread "Unconstrained build operations Thread 34" [_thread_blocked, id=13284, stack(0x000000d1dd100000,0x000000d1dd200000)]
  0x000002cd28b01560 JavaThread "Unconstrained build operations Thread 35" [_thread_blocked, id=4708, stack(0x000000d1dd200000,0x000000d1dd300000)]
  0x000002cd28afb070 JavaThread "Unconstrained build operations Thread 36" [_thread_blocked, id=2636, stack(0x000000d1dd300000,0x000000d1dd400000)]
  0x000002cd2b414550 JavaThread "Unconstrained build operations Thread 37" [_thread_blocked, id=2656, stack(0x000000d1dd400000,0x000000d1dd500000)]
  0x000002cd2b40faf0 JavaThread "Unconstrained build operations Thread 38" [_thread_blocked, id=2808, stack(0x000000d1dd500000,0x000000d1dd600000)]
  0x000002cd2b413ab0 JavaThread "Unconstrained build operations Thread 39" [_thread_blocked, id=2896, stack(0x000000d1dd600000,0x000000d1dd700000)]
  0x000002cd2b40f050 JavaThread "Unconstrained build operations Thread 40" [_thread_blocked, id=6632, stack(0x000000d1dd700000,0x000000d1dd800000)]
  0x000002cd2b415540 JavaThread "Unconstrained build operations Thread 41" [_thread_blocked, id=10636, stack(0x000000d1dd800000,0x000000d1dd900000)]
  0x000002cd2b412020 JavaThread "Unconstrained build operations Thread 42" [_thread_blocked, id=4536, stack(0x000000d1dd900000,0x000000d1dda00000)]
  0x000002cd2b412ac0 JavaThread "Unconstrained build operations Thread 43" [_thread_blocked, id=11276, stack(0x000000d1dda00000,0x000000d1ddb00000)]
  0x000002cd2b415a90 JavaThread "Unconstrained build operations Thread 44" [_thread_blocked, id=2908, stack(0x000000d1ddb00000,0x000000d1ddc00000)]
  0x000002cd2b411ad0 JavaThread "Unconstrained build operations Thread 45" [_thread_blocked, id=12352, stack(0x000000d1ddc00000,0x000000d1ddd00000)]
  0x000002cd2b40e060 JavaThread "Unconstrained build operations Thread 46" [_thread_blocked, id=2884, stack(0x000000d1ddd00000,0x000000d1dde00000)]
  0x000002cd2b40eb00 JavaThread "Unconstrained build operations Thread 47" [_thread_blocked, id=12904, stack(0x000000d1dde00000,0x000000d1ddf00000)]
  0x000002cd2b40f5a0 JavaThread "Unconstrained build operations Thread 48" [_thread_blocked, id=448, stack(0x000000d1ddf00000,0x000000d1de000000)]
  0x000002cd2b414000 JavaThread "Unconstrained build operations Thread 49" [_thread_blocked, id=4944, stack(0x000000d1de000000,0x000000d1de100000)]
  0x000002cd2b414aa0 JavaThread "Unconstrained build operations Thread 50" [_thread_blocked, id=6584, stack(0x000000d1de100000,0x000000d1de200000)]
  0x000002cd2b413010 JavaThread "Unconstrained build operations Thread 51" [_thread_blocked, id=3480, stack(0x000000d1de200000,0x000000d1de300000)]
  0x000002cd2b40e5b0 JavaThread "Unconstrained build operations Thread 52" [_thread_blocked, id=10616, stack(0x000000d1de300000,0x000000d1de400000)]
  0x000002cd2b410040 JavaThread "Unconstrained build operations Thread 53" [_thread_blocked, id=9800, stack(0x000000d1de400000,0x000000d1de500000)]
  0x000002cd2b410590 JavaThread "Unconstrained build operations Thread 54" [_thread_blocked, id=7152, stack(0x000000d1de500000,0x000000d1de600000)]
  0x000002cd2b410ae0 JavaThread "Unconstrained build operations Thread 55" [_thread_blocked, id=7768, stack(0x000000d1de600000,0x000000d1de700000)]
  0x000002cd2b414ff0 JavaThread "Unconstrained build operations Thread 56" [_thread_blocked, id=12532, stack(0x000000d1de700000,0x000000d1de800000)]
  0x000002cd2b411030 JavaThread "Unconstrained build operations Thread 57" [_thread_blocked, id=2320, stack(0x000000d1de800000,0x000000d1de900000)]
  0x000002cd2b411580 JavaThread "Unconstrained build operations Thread 58" [_thread_blocked, id=1176, stack(0x000000d1de900000,0x000000d1dea00000)]
  0x000002cd2b412570 JavaThread "Unconstrained build operations Thread 59" [_thread_blocked, id=7772, stack(0x000000d1dea00000,0x000000d1deb00000)]
  0x000002cd2b413560 JavaThread "Unconstrained build operations Thread 60" [_thread_blocked, id=8712, stack(0x000000d1deb00000,0x000000d1dec00000)]
  0x000002cd2be22560 JavaThread "Unconstrained build operations Thread 61" [_thread_blocked, id=11564, stack(0x000000d1dec00000,0x000000d1ded00000)]
  0x000002cd2be20030 JavaThread "Unconstrained build operations Thread 62" [_thread_blocked, id=11196, stack(0x000000d1ded00000,0x000000d1dee00000)]
  0x000002cd2be21570 JavaThread "Unconstrained build operations Thread 63" [_thread_blocked, id=3856, stack(0x000000d1dee00000,0x000000d1def00000)]
  0x000002cd2be24a90 JavaThread "Unconstrained build operations Thread 64" [_thread_blocked, id=2820, stack(0x000000d1def00000,0x000000d1df000000)]
  0x000002cd2be1d5b0 JavaThread "Unconstrained build operations Thread 65" [_thread_blocked, id=5372, stack(0x000000d1df000000,0x000000d1df100000)]
  0x000002cd2be1eaf0 JavaThread "Unconstrained build operations Thread 66" [_thread_blocked, id=4168, stack(0x000000d1df100000,0x000000d1df200000)]
  0x000002cd2be1e5a0 JavaThread "Unconstrained build operations Thread 67" [_thread_blocked, id=5544, stack(0x000000d1df200000,0x000000d1df300000)]
  0x000002cd2be20ad0 JavaThread "Unconstrained build operations Thread 68" [_thread_blocked, id=1700, stack(0x000000d1df300000,0x000000d1df400000)]
  0x000002cd2be24540 JavaThread "Unconstrained build operations Thread 69" [_thread_blocked, id=12524, stack(0x000000d1df400000,0x000000d1df500000)]
  0x000002cd2be1f040 JavaThread "Unconstrained build operations Thread 70" [_thread_blocked, id=9740, stack(0x000000d1df500000,0x000000d1df600000)]
  0x000002cd2be1db00 JavaThread "Unconstrained build operations Thread 71" [_thread_blocked, id=8136, stack(0x000000d1df600000,0x000000d1df700000)]
  0x000002cd2be1f590 JavaThread "Unconstrained build operations Thread 72" [_thread_blocked, id=9068, stack(0x000000d1df700000,0x000000d1df800000)]
  0x000002cd2be1fae0 JavaThread "Unconstrained build operations Thread 73" [_thread_blocked, id=5884, stack(0x000000d1df800000,0x000000d1df900000)]
  0x000002cd2be20580 JavaThread "Unconstrained build operations Thread 74" [_thread_blocked, id=12276, stack(0x000000d1df900000,0x000000d1dfa00000)]
  0x000002cd2be21020 JavaThread "Unconstrained build operations Thread 75" [_thread_blocked, id=3064, stack(0x000000d1dfa00000,0x000000d1dfb00000)]
  0x000002cd2be23550 JavaThread "Unconstrained build operations Thread 76" [_thread_blocked, id=5896, stack(0x000000d1dfb00000,0x000000d1dfc00000)]
  0x000002cd2be21ac0 JavaThread "Unconstrained build operations Thread 77" [_thread_blocked, id=11956, stack(0x000000d1dfc00000,0x000000d1dfd00000)]
  0x000002cd2be1d060 JavaThread "Unconstrained build operations Thread 78" [_thread_blocked, id=7672, stack(0x000000d1dfd00000,0x000000d1dfe00000)]
  0x000002cd2be1e050 JavaThread "Unconstrained build operations Thread 79" [_thread_blocked, id=11792, stack(0x000000d1dfe00000,0x000000d1dff00000)]
  0x000002cd2be22ab0 JavaThread "Unconstrained build operations Thread 80" [_thread_blocked, id=2404, stack(0x000000d1dff00000,0x000000d1e0000000)]
  0x000002cd2be22010 JavaThread "jar transforms Thread 4" [_thread_blocked, id=6156, stack(0x000000d1e0000000,0x000000d1e0100000)]
  0x000002cd2be23000 JavaThread "jar transforms Thread 5" [_thread_blocked, id=9028, stack(0x000000d1e0100000,0x000000d1e0200000)]
  0x000002cd2be23aa0 JavaThread "jar transforms Thread 6" [_thread_blocked, id=3828, stack(0x000000d1e0200000,0x000000d1e0300000)]
  0x000002cd2be23ff0 JavaThread "jar transforms Thread 7" [_thread_blocked, id=2440, stack(0x000000d1e0300000,0x000000d1e0400000)]
  0x000002cd2bbfdb80 JavaThread "jar transforms Thread 8" [_thread_blocked, id=6712, stack(0x000000d1e0400000,0x000000d1e0500000)]

Other Threads:
  0x000002cd249d8ce0 VMThread "VM Thread" [stack: 0x000000d1d7f00000,0x000000d1d8000000] [id=9988]
  0x000002cd254b4cf0 WatcherThread [stack: 0x000000d1d8b00000,0x000000d1d8c00000] [id=8836]
  0x000002cd049fba30 GCTaskThread "GC Thread#0" [stack: 0x000000d1d7a00000,0x000000d1d7b00000] [id=11284]
  0x000002cd261015c0 GCTaskThread "GC Thread#1" [stack: 0x000000d1d8d00000,0x000000d1d8e00000] [id=1028]
  0x000002cd25c4cf80 GCTaskThread "GC Thread#2" [stack: 0x000000d1d8e00000,0x000000d1d8f00000] [id=13212]
  0x000002cd25fe1910 GCTaskThread "GC Thread#3" [stack: 0x000000d1d8f00000,0x000000d1d9000000] [id=8524]
  0x000002cd25fd1cd0 GCTaskThread "GC Thread#4" [stack: 0x000000d1d9000000,0x000000d1d9100000] [id=10460]
  0x000002cd26ab4ae0 GCTaskThread "GC Thread#5" [stack: 0x000000d1d9f00000,0x000000d1da000000] [id=10108]
  0x000002cd2afb13d0 GCTaskThread "GC Thread#6" [stack: 0x000000d1da000000,0x000000d1da100000] [id=9564]
  0x000002cd2afb16e0 GCTaskThread "GC Thread#7" [stack: 0x000000d1da100000,0x000000d1da200000] [id=7324]
  0x000002cd04a0da90 ConcurrentGCThread "G1 Main Marker" [stack: 0x000000d1d7b00000,0x000000d1d7c00000] [id=7032]
  0x000002cd04a0ec30 ConcurrentGCThread "G1 Conc#0" [stack: 0x000000d1d7c00000,0x000000d1d7d00000] [id=10236]
  0x000002cd276add10 ConcurrentGCThread "G1 Conc#1" [stack: 0x000000d1da800000,0x000000d1da900000] [id=2504]
  0x000002cd04a98df0 ConcurrentGCThread "G1 Refine#0" [stack: 0x000000d1d7d00000,0x000000d1d7e00000] [id=8764]
  0x000002cd04a99780 ConcurrentGCThread "G1 Service" [stack: 0x000000d1d7e00000,0x000000d1d7f00000] [id=2768]

Threads with active compile tasks:
C2 CompilerThread0     6137 6014       4       org.objectweb.asm.Frame::execute (2318 bytes)
C2 CompilerThread1     6137 5916   !   4       com.google.common.reflect.TypeVisitor::visit (244 bytes)
C2 CompilerThread2     6137 6098       4       java.lang.String$CaseInsensitiveComparator::compare (68 bytes)

VM state: not at safepoint (normal execution)

VM Mutex/Monitor currently owned by a thread: None

Heap address: 0x0000000080000000, size: 2048 MB, Compressed Oops mode: 32-bit

CDS archive(s) mapped at: [0x0000000800000000-0x0000000800bb0000-0x0000000800bb0000), size 12255232, SharedBaseAddress: 0x0000000800000000, ArchiveRelocationMode: 0.
Compressed class space mapped at: 0x0000000800c00000-0x0000000840c00000, reserved size: 1073741824
Narrow klass base: 0x0000000800000000, Narrow klass shift: 3, Narrow klass range: 0x100000000

GC Precious Log:
 CPUs: 8 total, 8 available
 Memory: 7959M
 Large Page Support: Disabled
 NUMA Support: Disabled
 Compressed Oops: Enabled (32-bit)
 Heap Region Size: 1M
 Heap Min Capacity: 8M
 Heap Initial Capacity: 126M
 Heap Max Capacity: 2G
 Pre-touch: Disabled
 Parallel Workers: 8
 Concurrent Workers: 2
 Concurrent Refinement Workers: 8
 Periodic GC: Disabled

Heap:
 garbage-first heap   total 95232K, used 63269K [0x0000000080000000, 0x0000000100000000)
  region size 1024K, 19 young (19456K), 2 survivors (2048K)
 Metaspace       used 50017K, committed 50432K, reserved 1097728K
  class space    used 6632K, committed 6848K, reserved 1048576K

Heap Regions: E=young(eden), S=young(survivor), O=old, HS=humongous(starts), HC=humongous(continues), CS=collection set, F=free, OA=open archive, CA=closed archive, TAMS=top-at-mark-start (previous, next)
|   0|0x0000000080000000, 0x0000000080100000, 0x0000000080100000|100%| O|  |TAMS 0x0000000080100000, 0x0000000080000000| Untracked 
|   1|0x0000000080100000, 0x0000000080200000, 0x0000000080200000|100%| O|  |TAMS 0x0000000080200000, 0x0000000080100000| Untracked 
|   2|0x0000000080200000, 0x0000000080300000, 0x0000000080300000|100%| O|  |TAMS 0x0000000080300000, 0x0000000080200000| Untracked 
|   3|0x0000000080300000, 0x0000000080400000, 0x0000000080400000|100%|HS|  |TAMS 0x0000000080400000, 0x0000000080300000| Complete 
|   4|0x0000000080400000, 0x0000000080500000, 0x0000000080500000|100%|HC|  |TAMS 0x0000000080500000, 0x0000000080400000| Complete 
|   5|0x0000000080500000, 0x0000000080600000, 0x0000000080600000|100%|HC|  |TAMS 0x0000000080600000, 0x0000000080500000| Complete 
|   6|0x0000000080600000, 0x0000000080700000, 0x0000000080700000|100%| O|  |TAMS 0x0000000080700000, 0x0000000080600000| Untracked 
|   7|0x0000000080700000, 0x0000000080800000, 0x0000000080800000|100%| O|  |TAMS 0x0000000080800000, 0x0000000080700000| Untracked 
|   8|0x0000000080800000, 0x0000000080900000, 0x0000000080900000|100%| O|  |TAMS 0x0000000080900000, 0x0000000080800000| Untracked 
|   9|0x0000000080900000, 0x0000000080a00000, 0x0000000080a00000|100%| O|  |TAMS 0x0000000080a00000, 0x0000000080900000| Untracked 
|  10|0x0000000080a00000, 0x0000000080b00000, 0x0000000080b00000|100%| O|  |TAMS 0x0000000080b00000, 0x0000000080a00000| Untracked 
|  11|0x0000000080b00000, 0x0000000080c00000, 0x0000000080c00000|100%| O|  |TAMS 0x0000000080c00000, 0x0000000080b00000| Untracked 
|  12|0x0000000080c00000, 0x0000000080d00000, 0x0000000080d00000|100%| O|  |TAMS 0x0000000080d00000, 0x0000000080c00000| Untracked 
|  13|0x0000000080d00000, 0x0000000080e00000, 0x0000000080e00000|100%| O|  |TAMS 0x0000000080e00000, 0x0000000080d00000| Untracked 
|  14|0x0000000080e00000, 0x0000000080f00000, 0x0000000080f00000|100%| O|  |TAMS 0x0000000080f00000, 0x0000000080e00000| Untracked 
|  15|0x0000000080f00000, 0x0000000081000000, 0x0000000081000000|100%| O|  |TAMS 0x0000000081000000, 0x0000000080f00000| Untracked 
|  16|0x0000000081000000, 0x0000000081100000, 0x0000000081100000|100%| O|  |TAMS 0x0000000081100000, 0x0000000081000000| Untracked 
|  17|0x0000000081100000, 0x0000000081200000, 0x0000000081200000|100%| O|  |TAMS 0x0000000081200000, 0x0000000081100000| Untracked 
|  18|0x0000000081200000, 0x0000000081261c00, 0x0000000081300000| 38%| O|  |TAMS 0x0000000081261c00, 0x0000000081200000| Untracked 
|  19|0x0000000081300000, 0x0000000081400000, 0x0000000081400000|100%| O|  |TAMS 0x0000000081400000, 0x0000000081300000| Untracked 
|  20|0x0000000081400000, 0x0000000081500000, 0x0000000081500000|100%| O|  |TAMS 0x0000000081500000, 0x0000000081400000| Untracked 
|  21|0x0000000081500000, 0x0000000081600000, 0x0000000081600000|100%| O|  |TAMS 0x0000000081600000, 0x0000000081500000| Untracked 
|  22|0x0000000081600000, 0x0000000081700000, 0x0000000081700000|100%| O|  |TAMS 0x0000000081700000, 0x0000000081600000| Untracked 
|  23|0x0000000081700000, 0x0000000081800000, 0x0000000081800000|100%| O|  |TAMS 0x0000000081800000, 0x0000000081700000| Untracked 
|  24|0x0000000081800000, 0x0000000081900000, 0x0000000081900000|100%| O|  |TAMS 0x0000000081900000, 0x0000000081800000| Untracked 
|  25|0x0000000081900000, 0x0000000081a00000, 0x0000000081a00000|100%| O|  |TAMS 0x0000000081a00000, 0x0000000081900000| Untracked 
|  26|0x0000000081a00000, 0x0000000081b00000, 0x0000000081b00000|100%| O|  |TAMS 0x0000000081b00000, 0x0000000081a00000| Untracked 
|  27|0x0000000081b00000, 0x0000000081c00000, 0x0000000081c00000|100%|HS|  |TAMS 0x0000000081c00000, 0x0000000081b00000| Complete 
|  28|0x0000000081c00000, 0x0000000081d00000, 0x0000000081d00000|100%|HS|  |TAMS 0x0000000081d00000, 0x0000000081c00000| Complete 
|  29|0x0000000081d00000, 0x0000000081e00000, 0x0000000081e00000|100%| O|  |TAMS 0x0000000081e00000, 0x0000000081d00000| Untracked 
|  30|0x0000000081e00000, 0x0000000081f00000, 0x0000000081f00000|100%| O|  |TAMS 0x0000000081f00000, 0x0000000081e00000| Untracked 
|  31|0x0000000081f00000, 0x0000000082000000, 0x0000000082000000|100%| O|  |TAMS 0x0000000082000000, 0x0000000081f00000| Untracked 
|  32|0x0000000082000000, 0x0000000082100000, 0x0000000082100000|100%| O|  |TAMS 0x0000000082100000, 0x0000000082000000| Untracked 
|  33|0x0000000082100000, 0x0000000082200000, 0x0000000082200000|100%| O|  |TAMS 0x0000000082200000, 0x0000000082100000| Untracked 
|  34|0x0000000082200000, 0x0000000082300000, 0x0000000082300000|100%| O|  |TAMS 0x0000000082300000, 0x0000000082200000| Untracked 
|  35|0x0000000082300000, 0x0000000082400000, 0x0000000082400000|100%| O|  |TAMS 0x0000000082400000, 0x0000000082300000| Untracked 
|  36|0x0000000082400000, 0x0000000082500000, 0x0000000082500000|100%| O|  |TAMS 0x0000000082500000, 0x0000000082400000| Untracked 
|  37|0x0000000082500000, 0x0000000082600000, 0x0000000082600000|100%| O|  |TAMS 0x0000000082600000, 0x0000000082500000| Untracked 
|  38|0x0000000082600000, 0x0000000082700000, 0x0000000082700000|100%|HS|  |TAMS 0x0000000082700000, 0x0000000082600000| Complete 
|  39|0x0000000082700000, 0x0000000082800000, 0x0000000082800000|100%|HC|  |TAMS 0x0000000082800000, 0x0000000082700000| Complete 
|  40|0x0000000082800000, 0x0000000082900000, 0x0000000082900000|100%| O|  |TAMS 0x0000000082900000, 0x0000000082800000| Untracked 
|  41|0x0000000082900000, 0x0000000082a00000, 0x0000000082a00000|100%| O|  |TAMS 0x0000000082a00000, 0x0000000082900000| Untracked 
|  42|0x0000000082a00000, 0x0000000082b00000, 0x0000000082b00000|100%| O|  |TAMS 0x0000000082aaf000, 0x0000000082a00000| Untracked 
|  43|0x0000000082b00000, 0x0000000082c00000, 0x0000000082c00000|100%| O|  |TAMS 0x0000000082b00000, 0x0000000082b00000| Untracked 
|  44|0x0000000082c00000, 0x0000000082cec800, 0x0000000082d00000| 92%| O|  |TAMS 0x0000000082c00000, 0x0000000082c00000| Untracked 
|  45|0x0000000082d00000, 0x0000000082d00000, 0x0000000082e00000|  0%| F|  |TAMS 0x0000000082d00000, 0x0000000082d00000| Untracked 
|  46|0x0000000082e00000, 0x0000000082e00000, 0x0000000082f00000|  0%| F|  |TAMS 0x0000000082e00000, 0x0000000082e00000| Untracked 
|  47|0x0000000082f00000, 0x0000000082f00000, 0x0000000083000000|  0%| F|  |TAMS 0x0000000082f00000, 0x0000000082f00000| Untracked 
|  48|0x0000000083000000, 0x0000000083000000, 0x0000000083100000|  0%| F|  |TAMS 0x0000000083000000, 0x0000000083000000| Untracked 
|  49|0x0000000083100000, 0x0000000083100000, 0x0000000083200000|  0%| F|  |TAMS 0x0000000083100000, 0x0000000083100000| Untracked 
|  50|0x0000000083200000, 0x0000000083200000, 0x0000000083300000|  0%| F|  |TAMS 0x0000000083200000, 0x0000000083200000| Untracked 
|  51|0x0000000083300000, 0x0000000083300000, 0x0000000083400000|  0%| F|  |TAMS 0x0000000083300000, 0x0000000083300000| Untracked 
|  52|0x0000000083400000, 0x0000000083400000, 0x0000000083500000|  0%| F|  |TAMS 0x0000000083400000, 0x0000000083400000| Untracked 
|  53|0x0000000083500000, 0x0000000083500000, 0x0000000083600000|  0%| F|  |TAMS 0x0000000083500000, 0x0000000083500000| Untracked 
|  54|0x0000000083600000, 0x0000000083600000, 0x0000000083700000|  0%| F|  |TAMS 0x0000000083600000, 0x0000000083600000| Untracked 
|  55|0x0000000083700000, 0x0000000083700000, 0x0000000083800000|  0%| F|  |TAMS 0x0000000083700000, 0x0000000083700000| Untracked 
|  56|0x0000000083800000, 0x0000000083800000, 0x0000000083900000|  0%| F|  |TAMS 0x0000000083800000, 0x0000000083800000| Untracked 
|  57|0x0000000083900000, 0x0000000083900000, 0x0000000083a00000|  0%| F|  |TAMS 0x0000000083900000, 0x0000000083900000| Untracked 
|  58|0x0000000083a00000, 0x0000000083a00000, 0x0000000083b00000|  0%| F|  |TAMS 0x0000000083a00000, 0x0000000083a00000| Untracked 
|  59|0x0000000083b00000, 0x0000000083b00000, 0x0000000083c00000|  0%| F|  |TAMS 0x0000000083b00000, 0x0000000083b00000| Untracked 
|  60|0x0000000083c00000, 0x0000000083c00000, 0x0000000083d00000|  0%| F|  |TAMS 0x0000000083c00000, 0x0000000083c00000| Untracked 
|  61|0x0000000083d00000, 0x0000000083d00000, 0x0000000083e00000|  0%| F|  |TAMS 0x0000000083d00000, 0x0000000083d00000| Untracked 
|  62|0x0000000083e00000, 0x0000000083e00000, 0x0000000083f00000|  0%| F|  |TAMS 0x0000000083e00000, 0x0000000083e00000| Untracked 
|  63|0x0000000083f00000, 0x0000000083f00000, 0x0000000084000000|  0%| F|  |TAMS 0x0000000083f00000, 0x0000000083f00000| Untracked 
|  64|0x0000000084000000, 0x0000000084000000, 0x0000000084100000|  0%| F|  |TAMS 0x0000000084000000, 0x0000000084000000| Untracked 
|  65|0x0000000084100000, 0x0000000084100000, 0x0000000084200000|  0%| F|  |TAMS 0x0000000084100000, 0x0000000084100000| Untracked 
|  66|0x0000000084200000, 0x0000000084200000, 0x0000000084300000|  0%| F|  |TAMS 0x0000000084200000, 0x0000000084200000| Untracked 
|  67|0x0000000084300000, 0x0000000084300000, 0x0000000084400000|  0%| F|  |TAMS 0x0000000084300000, 0x0000000084300000| Untracked 
|  68|0x0000000084400000, 0x0000000084400000, 0x0000000084500000|  0%| F|  |TAMS 0x0000000084400000, 0x0000000084400000| Untracked 
|  69|0x0000000084500000, 0x0000000084500000, 0x0000000084600000|  0%| F|  |TAMS 0x0000000084500000, 0x0000000084500000| Untracked 
|  70|0x0000000084600000, 0x000000008467b038, 0x0000000084700000| 48%| S|CS|TAMS 0x0000000084600000, 0x0000000084600000| Complete 
|  71|0x0000000084700000, 0x0000000084800000, 0x0000000084800000|100%| S|CS|TAMS 0x0000000084700000, 0x0000000084700000| Complete 
|  72|0x0000000084800000, 0x0000000084800000, 0x0000000084900000|  0%| F|  |TAMS 0x0000000084800000, 0x0000000084800000| Untracked 
|  73|0x0000000084900000, 0x0000000084900000, 0x0000000084a00000|  0%| F|  |TAMS 0x0000000084900000, 0x0000000084900000| Untracked 
|  74|0x0000000084a00000, 0x0000000084a00000, 0x0000000084b00000|  0%| F|  |TAMS 0x0000000084a00000, 0x0000000084a00000| Untracked 
|  75|0x0000000084b00000, 0x0000000084b00000, 0x0000000084c00000|  0%| F|  |TAMS 0x0000000084b00000, 0x0000000084b00000| Untracked 
|  76|0x0000000084c00000, 0x0000000084cc7f18, 0x0000000084d00000| 78%| E|  |TAMS 0x0000000084c00000, 0x0000000084c00000| Complete 
|  77|0x0000000084d00000, 0x0000000084e00000, 0x0000000084e00000|100%| E|CS|TAMS 0x0000000084d00000, 0x0000000084d00000| Complete 
|  78|0x0000000084e00000, 0x0000000084f00000, 0x0000000084f00000|100%| E|CS|TAMS 0x0000000084e00000, 0x0000000084e00000| Complete 
|  79|0x0000000084f00000, 0x0000000085000000, 0x0000000085000000|100%| E|CS|TAMS 0x0000000084f00000, 0x0000000084f00000| Complete 
|  80|0x0000000085000000, 0x0000000085100000, 0x0000000085100000|100%| E|CS|TAMS 0x0000000085000000, 0x0000000085000000| Complete 
|  81|0x0000000085100000, 0x0000000085200000, 0x0000000085200000|100%| E|CS|TAMS 0x0000000085100000, 0x0000000085100000| Complete 
|  82|0x0000000085200000, 0x0000000085300000, 0x0000000085300000|100%| E|CS|TAMS 0x0000000085200000, 0x0000000085200000| Complete 
|  83|0x0000000085300000, 0x0000000085400000, 0x0000000085400000|100%| E|CS|TAMS 0x0000000085300000, 0x0000000085300000| Complete 
|  84|0x0000000085400000, 0x0000000085500000, 0x0000000085500000|100%| E|CS|TAMS 0x0000000085400000, 0x0000000085400000| Complete 
|  85|0x0000000085500000, 0x0000000085600000, 0x0000000085600000|100%| E|CS|TAMS 0x0000000085500000, 0x0000000085500000| Complete 
|  86|0x0000000085600000, 0x0000000085700000, 0x0000000085700000|100%| E|CS|TAMS 0x0000000085600000, 0x0000000085600000| Complete 
|  87|0x0000000085700000, 0x0000000085800000, 0x0000000085800000|100%| E|CS|TAMS 0x0000000085700000, 0x0000000085700000| Complete 
|  88|0x0000000085800000, 0x0000000085900000, 0x0000000085900000|100%| E|CS|TAMS 0x0000000085800000, 0x0000000085800000| Complete 
|  89|0x0000000085900000, 0x0000000085a00000, 0x0000000085a00000|100%| E|CS|TAMS 0x0000000085900000, 0x0000000085900000| Complete 
|  90|0x0000000085a00000, 0x0000000085b00000, 0x0000000085b00000|100%| E|CS|TAMS 0x0000000085a00000, 0x0000000085a00000| Complete 
|  91|0x0000000085b00000, 0x0000000085c00000, 0x0000000085c00000|100%| E|CS|TAMS 0x0000000085b00000, 0x0000000085b00000| Complete 
| 125|0x0000000087d00000, 0x0000000087e00000, 0x0000000087e00000|100%| E|CS|TAMS 0x0000000087d00000, 0x0000000087d00000| Complete 

Card table byte_map: [0x000002cd1d780000,0x000002cd1db80000] _byte_map_base: 0x000002cd1d380000

Marking Bits (Prev, Next): (CMBitMap*) 0x000002cd049fd040, (CMBitMap*) 0x000002cd049fd080
 Prev Bits: [0x000002cd1df80000, 0x000002cd1ff80000)
 Next Bits: [0x000002cd1ff80000, 0x000002cd21f80000)

Polling page: 0x000002cd04880000

Metaspace:

Usage:
  Non-class:     42.38 MB used.
      Class:      6.48 MB used.
       Both:     48.86 MB used.

Virtual space:
  Non-class space:       48.00 MB reserved,      42.62 MB ( 89%) committed,  6 nodes.
      Class space:        1.00 GB reserved,       6.69 MB ( <1%) committed,  1 nodes.
              Both:        1.05 GB reserved,      49.31 MB (  5%) committed. 

Chunk freelists:
   Non-Class:  1.32 MB
       Class:  1.34 MB
        Both:  2.65 MB

MaxMetaspaceSize: 17179869184.00 GB
CompressedClassSpaceSize: 1.00 GB
 - commit_granule_bytes: 65536.
 - commit_granule_words: 8192.
 - virtual_space_node_default_size: 1048576.
 - enlarge_chunks_in_place: 1.
 - new_chunks_are_fully_committed: 0.
 - uncommit_free_chunks: 1.
 - use_allocation_guard: 0.
 - handle_deallocations: 1.


Internal statistics:

num_allocs_failed_limit: 6.
num_arena_births: 496.
num_arena_deaths: 0.
num_vsnodes_births: 7.
num_vsnodes_deaths: 0.
num_space_committed: 789.
num_space_uncommitted: 0.
num_chunks_returned_to_freelist: 6.
num_chunks_taken_from_freelist: 2352.
num_chunk_merges: 6.
num_chunk_splits: 1617.
num_chunks_enlarged: 1152.
num_purges: 0.

CodeHeap 'non-profiled nmethods': size=120000Kb used=2728Kb max_used=3583Kb free=117272Kb
 bounds [0x000002cd153c0000, 0x000002cd15740000, 0x000002cd1c8f0000]
CodeHeap 'profiled nmethods': size=120000Kb used=10011Kb max_used=11483Kb free=109988Kb
 bounds [0x000002cd0de90000, 0x000002cd0e9d0000, 0x000002cd153c0000]
CodeHeap 'non-nmethods': size=5760Kb used=2357Kb max_used=2389Kb free=3403Kb
 bounds [0x000002cd0d8f0000, 0x000002cd0db60000, 0x000002cd0de90000]
 total_blobs=6138 nmethods=5281 adapters=769
 compilation: enabled
              stopped_count=0, restarted_count=0
 full_count=0

Compilation events (20 events):
Event: 6.070 Thread 0x000002cd24a00080 6082       3       com.google.common.collect.Iterables::castOrCopyToCollection (24 bytes)
Event: 6.071 Thread 0x000002cd24a00080 nmethod 6082 0x000002cd0e205910 code [0x000002cd0e205b20, 0x000002cd0e2062b8]
Event: 6.071 Thread 0x000002cd24a00080 6078       3       org.objectweb.asm.Frame::addInitializedType (77 bytes)
Event: 6.071 Thread 0x000002cd24a00080 nmethod 6078 0x000002cd0dfc7010 code [0x000002cd0dfc71e0, 0x000002cd0dfc7728]
Event: 6.072 Thread 0x000002cd24a00080 6083       3       org.gradle.internal.instantiation.generator.AbstractClassGenerator$GeneratedClassImpl::getGeneratedClass (11 bytes)
Event: 6.073 Thread 0x000002cd24a00080 nmethod 6083 0x000002cd0e6b2990 code [0x000002cd0e6b2b40, 0x000002cd0e6b2c98]
Event: 6.073 Thread 0x000002cd24a00080 6084       3       java.util.TreeMap::values (25 bytes)
Event: 6.074 Thread 0x000002cd24a00080 nmethod 6084 0x000002cd0e142d10 code [0x000002cd0e142ec0, 0x000002cd0e143238]
Event: 6.074 Thread 0x000002cd24a00080 6085       3       java.util.TreeMap$Values::<init> (10 bytes)
Event: 6.074 Thread 0x000002cd24a00080 nmethod 6085 0x000002cd0e142890 code [0x000002cd0e142a40, 0x000002cd0e142c58]
Event: 6.088 Thread 0x000002cd24a00080 6086       3       sun.net.www.protocol.jar.JarURLConnection::getUseCaches (8 bytes)
Event: 6.088 Thread 0x000002cd24a00080 nmethod 6086 0x000002cd0e2f0590 code [0x000002cd0e2f0740, 0x000002cd0e2f0928]
Event: 6.091 Thread 0x000002cd24a00080 6087       3       com.google.common.reflect.TypeToken$4::visitClass (10 bytes)
Event: 6.091 Thread 0x000002cd24a00080 nmethod 6087 0x000002cd0e72ae90 code [0x000002cd0e72b040, 0x000002cd0e72b228]
Event: 6.091 Thread 0x000002cd24a00080 6088       3       org.gradle.cache.Cache::get (14 bytes)
Event: 6.092 Thread 0x000002cd24a00080 nmethod 6088 0x000002cd0e37fa10 code [0x000002cd0e37fc20, 0x000002cd0e380318]
Event: 6.092 Thread 0x000002cd24a00080 6090       3       com.google.common.reflect.TypeResolver::resolveTypes (32 bytes)
Event: 6.092 Thread 0x000002cd24a00080 nmethod 6090 0x000002cd0e6c8b10 code [0x000002cd0e6c8ce0, 0x000002cd0e6c9168]
Event: 6.092 Thread 0x000002cd24a00080 6089       3       org.gradle.cache.Cache$$Lambda$76/0x0000000800ce5cc8::<init> (10 bytes)
Event: 6.092 Thread 0x000002cd24a00080 nmethod 6089 0x000002cd0e6ba090 code [0x000002cd0e6ba240, 0x000002cd0e6ba3f8]

GC Heap History (20 events):
Event: 3.168 GC heap before
{Heap before GC invocations=5 (full 0):
 garbage-first heap   total 78848K, used 64111K [0x0000000080000000, 0x0000000100000000)
  region size 1024K, 46 young (47104K), 3 survivors (3072K)
 Metaspace       used 28167K, committed 28480K, reserved 1081344K
  class space    used 3910K, committed 4032K, reserved 1048576K
}
Event: 3.174 GC heap after
{Heap after GC invocations=6 (full 0):
 garbage-first heap   total 78848K, used 26462K [0x0000000080000000, 0x0000000100000000)
  region size 1024K, 6 young (6144K), 6 survivors (6144K)
 Metaspace       used 28167K, committed 28480K, reserved 1081344K
  class space    used 3910K, committed 4032K, reserved 1048576K
}
Event: 3.596 GC heap before
{Heap before GC invocations=6 (full 0):
 garbage-first heap   total 78848K, used 59230K [0x0000000080000000, 0x0000000100000000)
  region size 1024K, 36 young (36864K), 6 survivors (6144K)
 Metaspace       used 30888K, committed 31168K, reserved 1081344K
  class space    used 4231K, committed 4352K, reserved 1048576K
}
Event: 3.601 GC heap after
{Heap after GC invocations=7 (full 0):
 garbage-first heap   total 78848K, used 29063K [0x0000000080000000, 0x0000000100000000)
  region size 1024K, 4 young (4096K), 4 survivors (4096K)
 Metaspace       used 30888K, committed 31168K, reserved 1081344K
  class space    used 4231K, committed 4352K, reserved 1048576K
}
Event: 4.140 GC heap before
{Heap before GC invocations=7 (full 0):
 garbage-first heap   total 78848K, used 57735K [0x0000000080000000, 0x0000000100000000)
  region size 1024K, 32 young (32768K), 4 survivors (4096K)
 Metaspace       used 35075K, committed 35456K, reserved 1081344K
  class space    used 4765K, committed 4928K, reserved 1048576K
}
Event: 4.144 GC heap after
{Heap after GC invocations=8 (full 0):
 garbage-first heap   total 78848K, used 31210K [0x0000000080000000, 0x0000000100000000)
  region size 1024K, 3 young (3072K), 3 survivors (3072K)
 Metaspace       used 35075K, committed 35456K, reserved 1081344K
  class space    used 4765K, committed 4928K, reserved 1048576K
}
Event: 4.170 GC heap before
{Heap before GC invocations=8 (full 0):
 garbage-first heap   total 78848K, used 32234K [0x0000000080000000, 0x0000000100000000)
  region size 1024K, 5 young (5120K), 3 survivors (3072K)
 Metaspace       used 35237K, committed 35520K, reserved 1081344K
  class space    used 4791K, committed 4928K, reserved 1048576K
}
Event: 4.172 GC heap after
{Heap after GC invocations=9 (full 0):
 garbage-first heap   total 78848K, used 31201K [0x0000000080000000, 0x0000000100000000)
  region size 1024K, 3 young (3072K), 3 survivors (3072K)
 Metaspace       used 35237K, committed 35520K, reserved 1081344K
  class space    used 4791K, committed 4928K, reserved 1048576K
}
Event: 4.650 GC heap before
{Heap before GC invocations=10 (full 0):
 garbage-first heap   total 78848K, used 57825K [0x0000000080000000, 0x0000000100000000)
  region size 1024K, 30 young (30720K), 3 survivors (3072K)
 Metaspace       used 38311K, committed 38720K, reserved 1089536K
  class space    used 5222K, committed 5376K, reserved 1048576K
}
Event: 4.654 GC heap after
{Heap after GC invocations=11 (full 0):
 garbage-first heap   total 78848K, used 32870K [0x0000000080000000, 0x0000000100000000)
  region size 1024K, 2 young (2048K), 2 survivors (2048K)
 Metaspace       used 38311K, committed 38720K, reserved 1089536K
  class space    used 5222K, committed 5376K, reserved 1048576K
}
Event: 5.113 GC heap before
{Heap before GC invocations=11 (full 0):
 garbage-first heap   total 78848K, used 61542K [0x0000000080000000, 0x0000000100000000)
  region size 1024K, 29 young (29696K), 2 survivors (2048K)
 Metaspace       used 39235K, committed 39680K, reserved 1089536K
  class space    used 5316K, committed 5504K, reserved 1048576K
}
Event: 5.115 GC heap after
{Heap after GC invocations=12 (full 0):
 garbage-first heap   total 78848K, used 38007K [0x0000000080000000, 0x0000000100000000)
  region size 1024K, 4 young (4096K), 4 survivors (4096K)
 Metaspace       used 39235K, committed 39680K, reserved 1089536K
  class space    used 5316K, committed 5504K, reserved 1048576K
}
Event: 5.192 GC heap before
{Heap before GC invocations=12 (full 0):
 garbage-first heap   total 78848K, used 40055K [0x0000000080000000, 0x0000000100000000)
  region size 1024K, 8 young (8192K), 4 survivors (4096K)
 Metaspace       used 39245K, committed 39680K, reserved 1089536K
  class space    used 5316K, committed 5504K, reserved 1048576K
}
Event: 5.196 GC heap after
{Heap after GC invocations=13 (full 0):
 garbage-first heap   total 78848K, used 41204K [0x0000000080000000, 0x0000000100000000)
  region size 1024K, 4 young (4096K), 4 survivors (4096K)
 Metaspace       used 39245K, committed 39680K, reserved 1089536K
  class space    used 5316K, committed 5504K, reserved 1048576K
}
Event: 5.388 GC heap before
{Heap before GC invocations=14 (full 0):
 garbage-first heap   total 78848K, used 55540K [0x0000000080000000, 0x0000000100000000)
  region size 1024K, 17 young (17408K), 4 survivors (4096K)
 Metaspace       used 40490K, committed 40896K, reserved 1089536K
  class space    used 5489K, committed 5696K, reserved 1048576K
}
Event: 5.390 GC heap after
{Heap after GC invocations=15 (full 0):
 garbage-first heap   total 95232K, used 45439K [0x0000000080000000, 0x0000000100000000)
  region size 1024K, 3 young (3072K), 3 survivors (3072K)
 Metaspace       used 40490K, committed 40896K, reserved 1089536K
  class space    used 5489K, committed 5696K, reserved 1048576K
}
Event: 5.615 GC heap before
{Heap before GC invocations=15 (full 0):
 garbage-first heap   total 95232K, used 62847K [0x0000000080000000, 0x0000000100000000)
  region size 1024K, 21 young (21504K), 3 survivors (3072K)
 Metaspace       used 43245K, committed 43648K, reserved 1089536K
  class space    used 5828K, committed 6016K, reserved 1048576K
}
Event: 5.617 GC heap after
{Heap after GC invocations=16 (full 0):
 garbage-first heap   total 95232K, used 46189K [0x0000000080000000, 0x0000000100000000)
  region size 1024K, 1 young (1024K), 1 survivors (1024K)
 Metaspace       used 43245K, committed 43648K, reserved 1089536K
  class space    used 5828K, committed 6016K, reserved 1048576K
}
Event: 5.877 GC heap before
{Heap before GC invocations=17 (full 0):
 garbage-first heap   total 95232K, used 66669K [0x0000000080000000, 0x0000000100000000)
  region size 1024K, 21 young (21504K), 1 survivors (1024K)
 Metaspace       used 47093K, committed 47488K, reserved 1097728K
  class space    used 6275K, committed 6464K, reserved 1048576K
}
Event: 5.879 GC heap after
{Heap after GC invocations=18 (full 0):
 garbage-first heap   total 95232K, used 46885K [0x0000000080000000, 0x0000000100000000)
  region size 1024K, 2 young (2048K), 2 survivors (2048K)
 Metaspace       used 47093K, committed 47488K, reserved 1097728K
  class space    used 6275K, committed 6464K, reserved 1048576K
}

Deoptimization events (20 events):
Event: 5.714 Thread 0x000002cd264aa030 DEOPT PACKING pc=0x000002cd0e0c3a0f sp=0x000000d1d98f5df0
Event: 5.714 Thread 0x000002cd264aa030 DEOPT UNPACKING pc=0x000002cd0d93e77e sp=0x000000d1d98f5358 mode 0
Event: 5.716 Thread 0x000002cd264aa030 DEOPT PACKING pc=0x000002cd0e0c3a0f sp=0x000000d1d98f5df0
Event: 5.716 Thread 0x000002cd264aa030 DEOPT UNPACKING pc=0x000002cd0d93e77e sp=0x000000d1d98f5358 mode 0
Event: 5.717 Thread 0x000002cd264aa030 DEOPT PACKING pc=0x000002cd0e0c3a0f sp=0x000000d1d98f5df0
Event: 5.717 Thread 0x000002cd264aa030 DEOPT UNPACKING pc=0x000002cd0d93e77e sp=0x000000d1d98f5358 mode 0
Event: 5.718 Thread 0x000002cd264aa030 DEOPT PACKING pc=0x000002cd0e0c3a0f sp=0x000000d1d98f5dc0
Event: 5.718 Thread 0x000002cd264aa030 DEOPT UNPACKING pc=0x000002cd0d93e77e sp=0x000000d1d98f5328 mode 0
Event: 5.718 Thread 0x000002cd264aa030 DEOPT PACKING pc=0x000002cd0e0c3a0f sp=0x000000d1d98f5dc0
Event: 5.718 Thread 0x000002cd264aa030 DEOPT UNPACKING pc=0x000002cd0d93e77e sp=0x000000d1d98f5328 mode 0
Event: 5.719 Thread 0x000002cd264aa030 DEOPT PACKING pc=0x000002cd0e0c3a0f sp=0x000000d1d98f5f50
Event: 5.719 Thread 0x000002cd264aa030 DEOPT UNPACKING pc=0x000002cd0d93e77e sp=0x000000d1d98f54b8 mode 0
Event: 5.720 Thread 0x000002cd264aa030 DEOPT PACKING pc=0x000002cd0e0c3a0f sp=0x000000d1d98f5dc0
Event: 5.720 Thread 0x000002cd264aa030 DEOPT UNPACKING pc=0x000002cd0d93e77e sp=0x000000d1d98f5328 mode 0
Event: 5.720 Thread 0x000002cd264aa030 DEOPT PACKING pc=0x000002cd0e0c3a0f sp=0x000000d1d98f5ec0
Event: 5.720 Thread 0x000002cd264aa030 DEOPT UNPACKING pc=0x000002cd0d93e77e sp=0x000000d1d98f5428 mode 0
Event: 5.777 Thread 0x000002cd264aa030 Uncommon trap: trap_request=0xffffff45 fr.pc=0x000002cd15724660 relative=0x00000000000002a0
Event: 5.777 Thread 0x000002cd264aa030 Uncommon trap: reason=unstable_if action=reinterpret pc=0x000002cd15724660 method=org.gradle.internal.instantiation.generator.AbstractClassGenerator$InjectionAnnotationValidator.validateMethod(Ljava/lang/reflect/Method;Lorg/gradle/internal/reflect/Propert
Event: 5.777 Thread 0x000002cd264aa030 DEOPT PACKING pc=0x000002cd15724660 sp=0x000000d1d98f7670
Event: 5.777 Thread 0x000002cd264aa030 DEOPT UNPACKING pc=0x000002cd0d93f92e sp=0x000000d1d98f7638 mode 2

Classes unloaded (0 events):
No events

Classes redefined (0 events):
No events

Internal exceptions (20 events):
Event: 5.281 Thread 0x000002cd264aa030 Exception <a 'java/lang/ClassNotFoundException'{0x000000008427b3e0}: org/gradle/api/tasks/DeleteCustomizer> (0x000000008427b3e0) 
thrown [t:\workspace\open\src\hotspot\share\classfile\systemDictionary.cpp, line 256]
Event: 5.282 Thread 0x000002cd264aa030 Exception <a 'java/lang/ClassNotFoundException'{0x00000000842a10f0}: org/gradle/api/tasks/Delete_DecoratedCustomizer> (0x00000000842a10f0) 
thrown [t:\workspace\open\src\hotspot\share\classfile\systemDictionary.cpp, line 256]
Event: 5.296 Thread 0x000002cd264aa030 Exception <a 'java/lang/NoSuchMethodError'{0x0000000084190e60}: 'long java.lang.invoke.DirectMethodHandle$Holder.invokeVirtual(java.lang.Object, java.lang.Object)'> (0x0000000084190e60) 
thrown [t:\workspace\open\src\hotspot\share\interpreter\linkResolver.cpp, line 790]
Event: 5.301 Thread 0x000002cd2642c400 Exception <a 'java/lang/NoSuchMethodError'{0x00000000841d5570}: static Lorg/gradle/internal/build/event/types/DefaultOperationFinishedProgressEvent;.<clinit>()V> (0x00000000841d5570) 
thrown [t:\workspace\open\src\hotspot\share\prims\jni.cpp, line 1210]
Event: 5.303 Thread 0x000002cd2642c400 Exception <a 'java/lang/NoSuchMethodError'{0x00000000841f6fd0}: static Lorg/gradle/internal/build/event/types/DefaultProjectConfigurationSuccessResult;.<clinit>()V> (0x00000000841f6fd0) 
thrown [t:\workspace\open\src\hotspot\share\prims\jni.cpp, line 1210]
Event: 5.303 Thread 0x000002cd2642c400 Exception <a 'java/lang/NoSuchMethodError'{0x00000000841f8380}: static Lorg/gradle/internal/build/event/types/AbstractProjectConfigurationResult;.<clinit>()V> (0x00000000841f8380) 
thrown [t:\workspace\open\src\hotspot\share\prims\jni.cpp, line 1210]
Event: 5.303 Thread 0x000002cd2642c400 Exception <a 'java/lang/NoSuchMethodError'{0x00000000841f9ba8}: static Lorg/gradle/internal/build/event/types/AbstractOperationResult;.<clinit>()V> (0x00000000841f9ba8) 
thrown [t:\workspace\open\src\hotspot\share\prims\jni.cpp, line 1210]
Event: 5.303 Thread 0x000002cd2642c400 Exception <a 'java/lang/NoSuchMethodError'{0x00000000841fae60}: static Lorg/gradle/internal/build/event/types/AbstractResult;.<clinit>()V> (0x00000000841fae60) 
thrown [t:\workspace\open\src\hotspot\share\prims\jni.cpp, line 1210]
Event: 5.305 Thread 0x000002cd2642c400 Exception <a 'java/lang/NoSuchMethodError'{0x000000008400f6f0}: static Lorg/gradle/internal/build/event/types/DefaultPluginApplicationResult;.<clinit>()V> (0x000000008400f6f0) 
thrown [t:\workspace\open\src\hotspot\share\prims\jni.cpp, line 1210]
Event: 5.305 Thread 0x000002cd2642c400 Exception <a 'java/lang/NoSuchMethodError'{0x000000008404da18}: static Lorg/gradle/internal/build/event/types/DefaultBinaryPluginIdentifier;.<clinit>()V> (0x000000008404da18) 
thrown [t:\workspace\open\src\hotspot\share\prims\jni.cpp, line 1210]
Event: 5.307 Thread 0x000002cd2642c400 Exception <a 'java/lang/NoSuchMethodError'{0x0000000084063dd8}: static Lorg/gradle/internal/build/event/types/DefaultScriptPluginIdentifier;.<clinit>()V> (0x0000000084063dd8) 
thrown [t:\workspace\open\src\hotspot\share\prims\jni.cpp, line 1210]
Event: 5.322 Thread 0x000002cd264aa030 Exception <a 'java/lang/ClassNotFoundException'{0x00000000840bcf18}: build_4cvax2bq7na11y02z13xu9n3sBeanInfo> (0x00000000840bcf18) 
thrown [t:\workspace\open\src\hotspot\share\classfile\systemDictionary.cpp, line 256]
Event: 5.322 Thread 0x000002cd264aa030 Exception <a 'java/lang/ClassNotFoundException'{0x00000000840c2a50}: build_4cvax2bq7na11y02z13xu9n3sCustomizer> (0x00000000840c2a50) 
thrown [t:\workspace\open\src\hotspot\share\classfile\systemDictionary.cpp, line 256]
Event: 5.343 Thread 0x000002cd264aa030 Exception <a 'java/lang/ClassNotFoundException'{0x0000000083fee748}: org/gradle/api/internal/plugins/DefaultObjectConfigurationActionBeanInfo> (0x0000000083fee748) 
thrown [t:\workspace\open\src\hotspot\share\classfile\systemDictionary.cpp, line 256]
Event: 5.344 Thread 0x000002cd264aa030 Exception <a 'java/lang/ClassNotFoundException'{0x0000000083e00ed8}: org/gradle/api/internal/plugins/DefaultObjectConfigurationActionCustomizer> (0x0000000083e00ed8) 
thrown [t:\workspace\open\src\hotspot\share\classfile\systemDictionary.cpp, line 256]
Event: 5.464 Thread 0x000002cd264aa030 Exception <a 'java/lang/NoSuchMethodError'{0x0000000085622598}: 'java.lang.Object java.lang.invoke.DirectMethodHandle$Holder.newInvokeSpecial(java.lang.Object, java.lang.Object, java.lang.Object, java.lang.Object, int)'> (0x0000000085622598) 
thrown [t:\workspace\open\src\hotspot\share\interpreter\linkResolver.cpp, line 790]
Event: 5.464 Thread 0x000002cd264aa030 Exception <a 'java/lang/NoSuchMethodError'{0x00000000856279d8}: 'java.lang.Object java.lang.invoke.DirectMethodHandle$Holder.invokeSpecial(java.lang.Object, java.lang.Object, java.lang.Object, java.lang.Object, java.lang.Object, int)'> (0x00000000856279d8) 
thrown [t:\workspace\open\src\hotspot\share\interpreter\linkResolver.cpp, line 790]
Event: 5.465 Thread 0x000002cd264aa030 Exception <a 'java/lang/NoSuchMethodError'{0x000000008562c8b0}: 'java.lang.Object java.lang.invoke.Invokers$Holder.linkToTargetMethod(java.lang.Object, java.lang.Object, java.lang.Object, int, java.lang.Object)'> (0x000000008562c8b0) 
thrown [t:\workspace\open\src\hotspot\share\interpreter\linkResolver.cpp, line 790]
Event: 5.767 Thread 0x000002cd264aa030 Exception <a 'java/lang/NoSuchMethodError'{0x00000000853cf940}: 'int java.lang.invoke.DirectMethodHandle$Holder.invokeInterface(java.lang.Object, java.lang.Object, java.lang.Object, java.lang.Object)'> (0x00000000853cf940) 
thrown [t:\workspace\open\src\hotspot\share\interpreter\linkResolver.cpp, line 790]
Event: 6.002 Thread 0x000002cd264aa030 Exception <a 'java/lang/NoSuchMethodError'{0x0000000085395238}: 'void java.lang.invoke.DirectMethodHandle$Holder.invokeInterface(java.lang.Object, java.lang.Object, java.lang.Object, java.lang.Object)'> (0x0000000085395238) 
thrown [t:\workspace\open\src\hotspot\share\interpreter\linkResolver.cpp, line 790]

Events (20 events):
Event: 6.101 loading class javax/management/JMException
Event: 6.101 loading class javax/management/JMException done
Event: 6.101 loading class javax/management/OperationsException done
Event: 6.101 loading class javax/management/InstanceNotFoundException done
Event: 6.102 loading class javax/management/ReflectionException
Event: 6.102 loading class javax/management/ReflectionException done
Event: 6.102 loading class javax/management/MalformedObjectNameException
Event: 6.102 loading class javax/management/MalformedObjectNameException done
Event: 6.102 loading class javax/management/MBeanException
Event: 6.102 loading class javax/management/MBeanException done
Event: 6.102 loading class javax/management/AttributeNotFoundException
Event: 6.102 loading class javax/management/AttributeNotFoundException done
Event: 6.102 loading class javax/management/MBeanServerFactory
Event: 6.103 loading class javax/management/MBeanServerFactory done
Event: 6.103 loading class javax/management/MBeanServerBuilder
Event: 6.103 loading class javax/management/MBeanServerBuilder done
Event: 6.103 loading class com/sun/jmx/mbeanserver/JmxMBeanServer
Event: 6.104 loading class com/sun/jmx/mbeanserver/SunJmxMBeanServer
Event: 6.104 loading class javax/management/MBeanServer
Event: 6.104 loading class javax/management/MBeanServerConnection


Dynamic libraries:
0x00007ff74f6f0000 - 0x00007ff74f700000 	C:\Program Files\Java\jdk-16.0.2\bin\java.exe
0x00007ffb1c030000 - 0x00007ffb1c228000 	C:\WINDOWS\SYSTEM32\ntdll.dll
0x00007ffb1b070000 - 0x00007ffb1b12d000 	C:\WINDOWS\System32\KERNEL32.DLL
0x00007ffb19780000 - 0x00007ffb19a4e000 	C:\WINDOWS\System32\KERNELBASE.dll
0x00007ffb19a50000 - 0x00007ffb19b50000 	C:\WINDOWS\System32\ucrtbase.dll
0x00007ffaf7ec0000 - 0x00007ffaf7ed8000 	C:\Program Files\Java\jdk-16.0.2\bin\jli.dll
0x00007ffb03da0000 - 0x00007ffb03db9000 	C:\Program Files\Java\jdk-16.0.2\bin\VCRUNTIME140.dll
0x00007ffb1bdf0000 - 0x00007ffb1be9e000 	C:\WINDOWS\System32\ADVAPI32.dll
0x00007ffb1bea0000 - 0x00007ffb1bf3e000 	C:\WINDOWS\System32\msvcrt.dll
0x00007ffb1bd20000 - 0x00007ffb1bdbc000 	C:\WINDOWS\System32\sechost.dll
0x00007ffb1aa70000 - 0x00007ffb1ab95000 	C:\WINDOWS\System32\RPCRT4.dll
0x00007ffb1ada0000 - 0x00007ffb1af40000 	C:\WINDOWS\System32\USER32.dll
0x00007ffb19f00000 - 0x00007ffb19f22000 	C:\WINDOWS\System32\win32u.dll
0x00007ffb01ab0000 - 0x00007ffb01d4a000 	C:\WINDOWS\WinSxS\amd64_microsoft.windows.common-controls_6595b64144ccf1df_6.0.19041.1110_none_60b5254171f9507e\COMCTL32.dll
0x00007ffb1a0f0000 - 0x00007ffb1a11a000 	C:\WINDOWS\System32\GDI32.dll
0x00007ffb19df0000 - 0x00007ffb19efb000 	C:\WINDOWS\System32\gdi32full.dll
0x00007ffb19c10000 - 0x00007ffb19cad000 	C:\WINDOWS\System32\msvcp_win.dll
0x00007ffb115f0000 - 0x00007ffb115fa000 	C:\WINDOWS\SYSTEM32\VERSION.dll
0x00007ffb1bdc0000 - 0x00007ffb1bdf0000 	C:\WINDOWS\System32\IMM32.DLL
0x00007ffb111c0000 - 0x00007ffb111cc000 	C:\Program Files\Java\jdk-16.0.2\bin\vcruntime140_1.dll
0x00007ffae3a60000 - 0x00007ffae3af1000 	C:\Program Files\Java\jdk-16.0.2\bin\msvcp140.dll
0x00007ffab11f0000 - 0x00007ffab1d9b000 	C:\Program Files\Java\jdk-16.0.2\bin\server\jvm.dll
0x00007ffb1af40000 - 0x00007ffb1af48000 	C:\WINDOWS\System32\PSAPI.DLL
0x00007ffafd4b0000 - 0x00007ffafd4b9000 	C:\WINDOWS\SYSTEM32\WSOCK32.dll
0x00007ffb175d0000 - 0x00007ffb175f7000 	C:\WINDOWS\SYSTEM32\WINMM.dll
0x00007ffb1ba80000 - 0x00007ffb1baeb000 	C:\WINDOWS\System32\WS2_32.dll
0x00007ffb17fe0000 - 0x00007ffb17ff2000 	C:\WINDOWS\SYSTEM32\kernel.appcore.dll
0x00007ffaf4f50000 - 0x00007ffaf4f5a000 	C:\Program Files\Java\jdk-16.0.2\bin\jimage.dll
0x00007ffb173e0000 - 0x00007ffb175c4000 	C:\WINDOWS\SYSTEM32\DBGHELP.DLL
0x00007ffb173b0000 - 0x00007ffb173dc000 	C:\WINDOWS\SYSTEM32\dbgcore.DLL
0x00007ffb19cb0000 - 0x00007ffb19d32000 	C:\WINDOWS\System32\bcryptPrimitives.dll
0x00007ffaf0170000 - 0x00007ffaf0195000 	C:\Program Files\Java\jdk-16.0.2\bin\java.dll
0x00007ffb1a1b0000 - 0x00007ffb1a8f4000 	C:\WINDOWS\System32\SHELL32.dll
0x00007ffb17830000 - 0x00007ffb17fc4000 	C:\WINDOWS\SYSTEM32\windows.storage.dll
0x00007ffb1b5a0000 - 0x00007ffb1b8f4000 	C:\WINDOWS\System32\combase.dll
0x00007ffb191b0000 - 0x00007ffb191e0000 	C:\WINDOWS\SYSTEM32\Wldp.dll
0x00007ffb1afc0000 - 0x00007ffb1b06d000 	C:\WINDOWS\System32\SHCORE.dll
0x00007ffb1ba20000 - 0x00007ffb1ba75000 	C:\WINDOWS\System32\shlwapi.dll
0x00007ffb19690000 - 0x00007ffb196af000 	C:\WINDOWS\SYSTEM32\profapi.dll
0x00007ffaf1120000 - 0x00007ffaf1139000 	C:\Program Files\Java\jdk-16.0.2\bin\net.dll
0x00007ffb05630000 - 0x00007ffb0573a000 	C:\WINDOWS\SYSTEM32\WINHTTP.dll
0x00007ffb18f10000 - 0x00007ffb18f7a000 	C:\WINDOWS\system32\mswsock.dll
0x00007ffaf00d0000 - 0x00007ffaf00e3000 	C:\Program Files\Java\jdk-16.0.2\bin\nio.dll
0x00007ffaefdc0000 - 0x00007ffaefdd8000 	C:\Program Files\Java\jdk-16.0.2\bin\zip.dll
0x00007ffaf3b80000 - 0x00007ffaf3b90000 	C:\Program Files\Java\jdk-16.0.2\bin\verify.dll
0x00007ffaf0a50000 - 0x00007ffaf0a77000 	C:\Users\ITECH\.gradle\native\e1d6ef7f7dcc3fd88c89a11ec53ec762bb8ba0a96d01ffa2cd45eb1d1d8dd5c5\windows-amd64\native-platform.dll
0x00007ffae3910000 - 0x00007ffae3a54000 	C:\Users\ITECH\.gradle\native\5664cfc778a61ccfe75a443a1ab52a65af34e5dc3c78e0209fed803814484fcb\windows-amd64\native-platform-file-events.dll
0x00007ffaf2500000 - 0x00007ffaf2509000 	C:\Program Files\Java\jdk-16.0.2\bin\management.dll
0x00007ffaf12b0000 - 0x00007ffaf12bb000 	C:\Program Files\Java\jdk-16.0.2\bin\management_ext.dll
0x00007ffb19100000 - 0x00007ffb19118000 	C:\WINDOWS\SYSTEM32\CRYPTSP.dll
0x00007ffb18820000 - 0x00007ffb18854000 	C:\WINDOWS\system32\rsaenh.dll
0x00007ffb19750000 - 0x00007ffb19777000 	C:\WINDOWS\System32\bcrypt.dll
0x00007ffb19650000 - 0x00007ffb1967e000 	C:\WINDOWS\SYSTEM32\USERENV.dll
0x00007ffb19120000 - 0x00007ffb1912c000 	C:\WINDOWS\SYSTEM32\CRYPTBASE.dll
0x00007ffb18bb0000 - 0x00007ffb18beb000 	C:\WINDOWS\SYSTEM32\IPHLPAPI.DLL
0x00007ffb1a1a0000 - 0x00007ffb1a1a8000 	C:\WINDOWS\System32\NSI.dll
0x00007ffb0e180000 - 0x00007ffb0e197000 	C:\WINDOWS\SYSTEM32\dhcpcsvc6.DLL
0x00007ffb0ed40000 - 0x00007ffb0ed5d000 	C:\WINDOWS\SYSTEM32\dhcpcsvc.DLL
0x00007ffb18c00000 - 0x00007ffb18cca000 	C:\WINDOWS\SYSTEM32\DNSAPI.dll
0x00007ffaf10b0000 - 0x00007ffaf10be000 	C:\Program Files\Java\jdk-16.0.2\bin\sunmscapi.dll
0x00007ffb19f30000 - 0x00007ffb1a086000 	C:\WINDOWS\System32\CRYPT32.dll
0x00007ffb19220000 - 0x00007ffb19247000 	C:\WINDOWS\SYSTEM32\ncrypt.dll
0x00007ffb191e0000 - 0x00007ffb1921b000 	C:\WINDOWS\SYSTEM32\NTASN1.dll
0x00007ffacca80000 - 0x00007ffacca87000 	C:\WINDOWS\system32\wshunix.dll

dbghelp: loaded successfully - version: 4.0.5 - missing functions: none
symbol engine: initialized successfully - sym options: 0x614 - pdb path: .;C:\Program Files\Java\jdk-16.0.2\bin;C:\WINDOWS\SYSTEM32;C:\WINDOWS\WinSxS\amd64_microsoft.windows.common-controls_6595b64144ccf1df_6.0.19041.1110_none_60b5254171f9507e;C:\Program Files\Java\jdk-16.0.2\bin\server;C:\Users\ITECH\.gradle\native\e1d6ef7f7dcc3fd88c89a11ec53ec762bb8ba0a96d01ffa2cd45eb1d1d8dd5c5\windows-amd64;C:\Users\ITECH\.gradle\native\5664cfc778a61ccfe75a443a1ab52a65af34e5dc3c78e0209fed803814484fcb\windows-amd64

VM Arguments:
jvm_args: --add-opens=java.base/java.util=ALL-UNNAMED --add-opens=java.base/java.lang=ALL-UNNAMED --add-opens=java.base/java.lang.invoke=ALL-UNNAMED --add-opens=java.base/java.util=ALL-UNNAMED --add-opens=java.prefs/java.util.prefs=ALL-UNNAMED --add-opens=java.prefs/java.util.prefs=ALL-UNNAMED --add-opens=java.base/java.nio.charset=ALL-UNNAMED --add-opens=java.base/java.net=ALL-UNNAMED --add-opens=java.base/java.util.concurrent.atomic=ALL-UNNAMED -Xmx2048m -Dfile.encoding=UTF-8 -Duser.country=US -Duser.language=en -Duser.variant 
java_command: org.gradle.launcher.daemon.bootstrap.GradleDaemon 7.3.3
java_class_path (initial): C:\Users\ITECH\.gradle\wrapper\dists\gradle-7.3.3-bin\6a41zxkdtcxs8rphpq6y0069z\gradle-7.3.3\lib\gradle-launcher-7.3.3.jar
Launcher Type: SUN_STANDARD

[Global flags]
     intx CICompilerCount                          = 4                                         {product} {ergonomic}
     uint ConcGCThreads                            = 2                                         {product} {ergonomic}
     uint G1ConcRefinementThreads                  = 8                                         {product} {ergonomic}
   size_t G1HeapRegionSize                         = 1048576                                   {product} {ergonomic}
    uintx GCDrainStackTargetSize                   = 64                                        {product} {ergonomic}
   size_t InitialHeapSize                          = 132120576                                 {product} {ergonomic}
   size_t MarkStackSize                            = 4194304                                   {product} {ergonomic}
   size_t MaxHeapSize                              = 2147483648                                {product} {command line}
   size_t MaxNewSize                               = 1287651328                                {product} {ergonomic}
   size_t MinHeapDeltaBytes                        = 1048576                                   {product} {ergonomic}
   size_t MinHeapSize                              = 8388608                                   {product} {ergonomic}
    uintx NonNMethodCodeHeapSize                   = 5839372                                {pd product} {ergonomic}
    uintx NonProfiledCodeHeapSize                  = 122909434                              {pd product} {ergonomic}
    uintx ProfiledCodeHeapSize                     = 122909434                              {pd product} {ergonomic}
    uintx ReservedCodeCacheSize                    = 251658240                              {pd product} {ergonomic}
     bool SegmentedCodeCache                       = true                                      {product} {ergonomic}
   size_t SoftMaxHeapSize                          = 2147483648                             {manageable} {ergonomic}
     bool UseCompressedClassPointers               = true                           {product lp64_product} {ergonomic}
     bool UseCompressedOops                        = true                           {product lp64_product} {ergonomic}
     bool UseG1GC                                  = true                                      {product} {ergonomic}
     bool UseLargePagesIndividualAllocation        = false                                  {pd product} {ergonomic}

Logging:
Log output configuration:
 #0: stdout all=warning uptime,level,tags
 #1: stderr all=off uptime,level,tags

Environment Variables:
JAVA_HOME=C:\Program Files\Java\jdk-16.0.2
PATH=C:\Program Files\Python37\Scripts\;C:\Program Files\Python37\;C:\ProgramData\Oracle\Java\javapath;C:\app\ITECH\product\11.2.0\dbhome_1\bin;C:\Program Files\Common Files\Oracle\Java\javapath;C:\Program Files (x86)\Common Files\Oracle\Java\javapath;C:\WINDOWS\system32;C:\WINDOWS;C:\WINDOWS\System32\Wbem;C:\WINDOWS\System32\WindowsPowerShell\v1.0\;C:\WINDOWS\System32\OpenSSH\;C:\Program Files\Microsoft SQL Server\130\Tools\Binn\;C:\Program Files\Microsoft SQL Server\Client SDK\ODBC\170\Tools\Binn\;C:\Program Files\dotnet\;C:\Program Files\nodejs\;C:\Program Files\Java\jdk-16.0.2\bin;C:\Program Files\Git\cmd;C:\Program Files\Java\jdk-16.0.2\bin;
USERNAME=ITECH
OS=Windows_NT
PROCESSOR_IDENTIFIER=Intel64 Family 6 Model 126 Stepping 5, GenuineIntel



---------------  S Y S T E M  ---------------

OS:
 Windows 10 , 64 bit Build 19041 (10.0.19041.1889)
OS uptime: 0 days 3:48 hours

CPU: total 8 (initial active 8) (4 cores per cpu, 2 threads per core) family 6 model 126 stepping 5 microcode 0xb0, cx8, cmov, fxsr, ht, mmx, 3dnowpref, sse, sse2, sse3, ssse3, sse4.1, sse4.2, popcnt, lzcnt, tsc, tscinvbit, avx, avx2, aes, erms, clmul, bmi1, bmi2, adx, avx512f, avx512dq, avx512cd, avx512bw, avx512vl, sha, fma, vzeroupper, avx512_vpopcntdq, avx512_vpclmulqdq, avx512_vaes, avx512_vnni, clflush, clflushopt, avx512_vmbi2, avx512_vmbi

Memory: 4k page, system-wide physical 7959M (759M free)
TotalPageFile size 7959M (AvailPageFile size 5M)
current process WorkingSet (physical memory assigned to process): 284M, peak: 284M
current process commit charge ("private bytes"): 332M, peak: 333M

vm_info: Java HotSpot(TM) 64-Bit Server VM (16.0.2+7-67) for windows-amd64 JRE (16.0.2+7-67), built on Jun  8 2021 23:24:19 by "mach5one" with MS VC++ 16.7 (VS2019)

END.
