#
# There is insufficient memory for the Java Runtime Environment to continue.
# Native memory allocation (malloc) failed to allocate 1890608 bytes for Chunk::new
# Possible reasons:
#   The system is out of physical RAM or swap space
#   The process is running with CompressedOops enabled, and the Java Heap may be blocking the growth of the native heap
# Possible solutions:
#   Reduce memory load on the system
#   Increase physical memory or swap space
#   Check if swap backing store is full
#   Decrease Java heap size (-Xmx/-Xms)
#   Decrease number of Java threads
#   Decrease Java thread stack sizes (-Xss)
#   Set larger code cache with -XX:ReservedCodeCacheSize=
#   JVM is running with Unscaled Compressed Oops mode in which the Java heap is
#     placed in the first 4GB address space. The Java Heap base address is the
#     maximum limit for the native heap growth. Please use -XX:HeapBaseMinAddress
#     to set the Java Heap base and to place the Java Heap above 4GB virtual address.
# This output file may be truncated or incomplete.
#
#  Out of Memory Error (arena.cpp:195), pid=10484, tid=4144
#
# JRE version: Java(TM) SE Runtime Environment (16.0.2+7) (build 16.0.2+7-67)
# Java VM: Java HotSpot(TM) 64-Bit Server VM (16.0.2+7-67, mixed mode, sharing, tiered, compressed oops, compressed class ptrs, g1 gc, windows-amd64)
# No core dump will be written. Minidumps are not enabled by default on client versions of Windows
#

---------------  S U M M A R Y ------------

Command Line: --add-opens=java.base/java.util=ALL-UNNAMED --add-opens=java.base/java.lang=ALL-UNNAMED --add-opens=java.base/java.lang.invoke=ALL-UNNAMED --add-opens=java.base/java.util=ALL-UNNAMED --add-opens=java.prefs/java.util.prefs=ALL-UNNAMED --add-opens=java.prefs/java.util.prefs=ALL-UNNAMED --add-opens=java.base/java.nio.charset=ALL-UNNAMED --add-opens=java.base/java.net=ALL-UNNAMED --add-opens=java.base/java.util.concurrent.atomic=ALL-UNNAMED -Xmx2048m -Dfile.encoding=UTF-8 -Duser.country=US -Duser.language=en -Duser.variant org.gradle.launcher.daemon.bootstrap.GradleDaemon 7.3.3

Host: Intel(R) Core(TM) i7-1065G7 CPU @ 1.30GHz, 8 cores, 7G,  Windows 10 , 64 bit Build 19041 (10.0.19041.1889)
Time: Wed Aug 17 13:15:03 2022 Egypt Standard Time elapsed time: 3.673549 seconds (0d 0h 0m 3s)

---------------  T H R E A D  ---------------

Current thread (0x000001e4a55bbeb0):  JavaThread "C2 CompilerThread1" daemon [_thread_in_native, id=4144, stack(0x00000020d0700000,0x00000020d0800000)]


Current CompileTask:
C2:   3673 2701       4       jdk.internal.loader.URLClassPath::getResource (74 bytes)

Stack: [0x00000020d0700000,0x00000020d0800000]
Native frames: (J=compiled Java code, j=interpreted, Vv=VM code, C=native code)
V  [jvm.dll+0x6681ca]
V  [jvm.dll+0x7c9e69]
V  [jvm.dll+0x7cb61e]
V  [jvm.dll+0x7cbc73]
V  [jvm.dll+0x242c55]
V  [jvm.dll+0xadeba]
V  [jvm.dll+0xae45c]
V  [jvm.dll+0x35a8d7]
V  [jvm.dll+0x1b9aca]
V  [jvm.dll+0x215e16]
V  [jvm.dll+0x215100]
V  [jvm.dll+0x1a1beb]
V  [jvm.dll+0x225158]
V  [jvm.dll+0x22319c]
V  [jvm.dll+0x77fa62]
V  [jvm.dll+0x7795aa]
V  [jvm.dll+0x667066]
C  [ucrtbase.dll+0x21bb2]
C  [KERNEL32.DLL+0x17034]
C  [ntdll.dll+0x52651]


---------------  P R O C E S S  ---------------

Threads class SMR info:
_java_thread_list=0x000001e4ab5c5db0, length=34, elements={
0x000001e48673d320, 0x000001e4a47c3ca0, 0x000001e4a47c45b0, 0x000001e4a47cffb0,
0x000001e4a47d48e0, 0x000001e4a47d51f0, 0x000001e4a47d5b00, 0x000001e4a47d9c40,
0x000001e4a47e3a60, 0x000001e4a47f03c0, 0x000001e4a54ada10, 0x000001e4a54b2f50,
0x000001e4a55bbeb0, 0x000001e4a6c0da10, 0x000001e4a7f97ab0, 0x000001e4a6e6a030,
0x000001e4a652f060, 0x000001e4a6875ab0, 0x000001e4a71f5ab0, 0x000001e4a7809020,
0x000001e4a8071880, 0x000001e4a784bf70, 0x000001e4a5f00690, 0x000001e4a5effbf0,
0x000001e4a5efe6b0, 0x000001e4a5efd6c0, 0x000001e4a5efec00, 0x000001e4a5efdc10,
0x000001e4a5eff6a0, 0x000001e4a5efe160, 0x000001e4a8c689e0, 0x000001e4a8c664b0,
0x000001e4a8c69480, 0x000001e4a7eb9650
}

Java Threads: ( => current thread )
  0x000001e48673d320 JavaThread "main" [_thread_blocked, id=5736, stack(0x00000020cf400000,0x00000020cf500000)]
  0x000001e4a47c3ca0 JavaThread "Reference Handler" daemon [_thread_blocked, id=11580, stack(0x00000020cfb00000,0x00000020cfc00000)]
  0x000001e4a47c45b0 JavaThread "Finalizer" daemon [_thread_blocked, id=5432, stack(0x00000020cfc00000,0x00000020cfd00000)]
  0x000001e4a47cffb0 JavaThread "Signal Dispatcher" daemon [_thread_blocked, id=8344, stack(0x00000020cfd00000,0x00000020cfe00000)]
  0x000001e4a47d48e0 JavaThread "Attach Listener" daemon [_thread_blocked, id=8500, stack(0x00000020cfe00000,0x00000020cff00000)]
  0x000001e4a47d51f0 JavaThread "Service Thread" daemon [_thread_blocked, id=12760, stack(0x00000020cff00000,0x00000020d0000000)]
  0x000001e4a47d5b00 JavaThread "Monitor Deflation Thread" daemon [_thread_blocked, id=7804, stack(0x00000020d0000000,0x00000020d0100000)]
  0x000001e4a47d9c40 JavaThread "C2 CompilerThread0" daemon [_thread_blocked, id=1176, stack(0x00000020d0100000,0x00000020d0200000)]
  0x000001e4a47e3a60 JavaThread "C1 CompilerThread0" daemon [_thread_blocked, id=6240, stack(0x00000020d0200000,0x00000020d0300000)]
  0x000001e4a47f03c0 JavaThread "Sweeper thread" daemon [_thread_blocked, id=10388, stack(0x00000020d0300000,0x00000020d0400000)]
  0x000001e4a54ada10 JavaThread "Common-Cleaner" daemon [_thread_blocked, id=12864, stack(0x00000020d0400000,0x00000020d0500000)]
  0x000001e4a54b2f50 JavaThread "Notification Thread" daemon [_thread_blocked, id=13268, stack(0x00000020d0500000,0x00000020d0600000)]
=>0x000001e4a55bbeb0 JavaThread "C2 CompilerThread1" daemon [_thread_in_native, id=4144, stack(0x00000020d0700000,0x00000020d0800000)]
  0x000001e4a6c0da10 JavaThread "Daemon health stats" [_thread_blocked, id=5116, stack(0x00000020d0d00000,0x00000020d0e00000)]
  0x000001e4a7f97ab0 JavaThread "Incoming local TCP Connector on port 53008" [_thread_in_native, id=5048, stack(0x00000020d0e00000,0x00000020d0f00000)]
  0x000001e4a6e6a030 JavaThread "Daemon periodic checks" [_thread_blocked, id=988, stack(0x00000020d0f00000,0x00000020d1000000)]
  0x000001e4a652f060 JavaThread "Daemon" [_thread_blocked, id=11160, stack(0x00000020d1000000,0x00000020d1100000)]
  0x000001e4a6875ab0 JavaThread "Handler for socket connection from /127.0.0.1:53008 to /127.0.0.1:53009" [_thread_in_native, id=6292, stack(0x00000020d1100000,0x00000020d1200000)]
  0x000001e4a71f5ab0 JavaThread "Cancel handler" [_thread_blocked, id=4436, stack(0x00000020d1200000,0x00000020d1300000)]
  0x000001e4a7809020 JavaThread "Daemon worker" [_thread_in_Java, id=2288, stack(0x00000020d1300000,0x00000020d1400000)]
  0x000001e4a8071880 JavaThread "Asynchronous log dispatcher for DefaultDaemonConnection: socket connection from /127.0.0.1:53008 to /127.0.0.1:53009" [_thread_blocked, id=9936, stack(0x00000020d1400000,0x00000020d1500000)]
  0x000001e4a784bf70 JavaThread "Stdin handler" [_thread_blocked, id=3836, stack(0x00000020d1500000,0x00000020d1600000)]
  0x000001e4a5f00690 JavaThread "Daemon client event forwarder" [_thread_blocked, id=10164, stack(0x00000020d1600000,0x00000020d1700000)]
  0x000001e4a5effbf0 JavaThread "Cache worker for journal cache (C:\Users\ITECH\.gradle\caches\journal-1)" [_thread_blocked, id=1528, stack(0x00000020d1700000,0x00000020d1800000)]
  0x000001e4a5efe6b0 JavaThread "File lock request listener" [_thread_in_native, id=7948, stack(0x00000020d1800000,0x00000020d1900000)]
  0x000001e4a5efd6c0 JavaThread "Cache worker for file hash cache (C:\Users\ITECH\.gradle\caches\7.3.3\fileHashes)" [_thread_blocked, id=5688, stack(0x00000020d1900000,0x00000020d1a00000)]
  0x000001e4a5efec00 JavaThread "Cache worker for file hash cache (C:\Users\ITECH\AndroidStudioProjects\yummy\.gradle\7.3.3\fileHashes)" [_thread_blocked, id=7744, stack(0x00000020d1d00000,0x00000020d1e00000)]
  0x000001e4a5efdc10 JavaThread "File watcher server" daemon [_thread_in_native, id=1444, stack(0x00000020d1e00000,0x00000020d1f00000)]
  0x000001e4a5eff6a0 JavaThread "File watcher consumer" daemon [_thread_blocked, id=7532, stack(0x00000020d1f00000,0x00000020d2000000)]
  0x000001e4a5efe160 JavaThread "Cache worker for checksums cache (C:\Users\ITECH\AndroidStudioProjects\yummy\.gradle\7.3.3\checksums)" [_thread_blocked, id=12836, stack(0x00000020d0c00000,0x00000020d0d00000)]
  0x000001e4a8c689e0 JavaThread "Cache worker for cache directory md-supplier (C:\Users\ITECH\.gradle\caches\7.3.3\md-supplier)" [_thread_blocked, id=9812, stack(0x00000020d2000000,0x00000020d2100000)]
  0x000001e4a8c664b0 JavaThread "Cache worker for cache directory md-rule (C:\Users\ITECH\.gradle\caches\7.3.3\md-rule)" [_thread_blocked, id=1604, stack(0x00000020d2100000,0x00000020d2200000)]
  0x000001e4a8c69480 JavaThread "Cache worker for execution history cache (C:\Users\ITECH\.gradle\caches\7.3.3\executionHistory)" [_thread_blocked, id=9528, stack(0x00000020d2300000,0x00000020d2400000)]
  0x000001e4a7eb9650 JavaThread "C2 CompilerThread2" daemon [_thread_blocked, id=4036, stack(0x00000020d2400000,0x00000020d2500000)]

Other Threads:
  0x000001e4a47c03a0 VMThread "VM Thread" [stack: 0x00000020cfa00000,0x00000020cfb00000] [id=6900]
  0x000001e4a54cb5a0 WatcherThread [stack: 0x00000020d0600000,0x00000020d0700000] [id=11536]
  0x000001e48677b9d0 GCTaskThread "GC Thread#0" [stack: 0x00000020cf500000,0x00000020cf600000] [id=7196]
  0x000001e4a61285e0 GCTaskThread "GC Thread#1" [stack: 0x00000020d0800000,0x00000020d0900000] [id=10024]
  0x000001e4a62be170 GCTaskThread "GC Thread#2" [stack: 0x00000020d0900000,0x00000020d0a00000] [id=12708]
  0x000001e4a60a63f0 GCTaskThread "GC Thread#3" [stack: 0x00000020d0a00000,0x00000020d0b00000] [id=2416]
  0x000001e4a5fa9bc0 GCTaskThread "GC Thread#4" [stack: 0x00000020d0b00000,0x00000020d0c00000] [id=3288]
  0x000001e4a6c536e0 GCTaskThread "GC Thread#5" [stack: 0x00000020d1a00000,0x00000020d1b00000] [id=11048]
  0x000001e4aaaf5770 GCTaskThread "GC Thread#6" [stack: 0x00000020d1b00000,0x00000020d1c00000] [id=7220]
  0x000001e4a7400ae0 GCTaskThread "GC Thread#7" [stack: 0x00000020d1c00000,0x00000020d1d00000] [id=9260]
  0x000001e48678ea40 ConcurrentGCThread "G1 Main Marker" [stack: 0x00000020cf600000,0x00000020cf700000] [id=3936]
  0x000001e48678f440 ConcurrentGCThread "G1 Conc#0" [stack: 0x00000020cf700000,0x00000020cf800000] [id=3680]
  0x000001e4a73ff880 ConcurrentGCThread "G1 Conc#1" [stack: 0x00000020d2200000,0x00000020d2300000] [id=5372]
  0x000001e486818d40 ConcurrentGCThread "G1 Refine#0" [stack: 0x00000020cf800000,0x00000020cf900000] [id=11924]
  0x000001e48681c5f0 ConcurrentGCThread "G1 Service" [stack: 0x00000020cf900000,0x00000020cfa00000] [id=2236]

Threads with active compile tasks:
C2 CompilerThread1     3711 2701       4       jdk.internal.loader.URLClassPath::getResource (74 bytes)

VM state: not at safepoint (normal execution)

VM Mutex/Monitor currently owned by a thread: None

Heap address: 0x0000000080000000, size: 2048 MB, Compressed Oops mode: 32-bit

CDS archive(s) mapped at: [0x0000000800000000-0x0000000800bb0000-0x0000000800bb0000), size 12255232, SharedBaseAddress: 0x0000000800000000, ArchiveRelocationMode: 0.
Compressed class space mapped at: 0x0000000800c00000-0x0000000840c00000, reserved size: 1073741824
Narrow klass base: 0x0000000800000000, Narrow klass shift: 3, Narrow klass range: 0x100000000

GC Precious Log:
 CPUs: 8 total, 8 available
 Memory: 7959M
 Large Page Support: Disabled
 NUMA Support: Disabled
 Compressed Oops: Enabled (32-bit)
 Heap Region Size: 1M
 Heap Min Capacity: 8M
 Heap Initial Capacity: 126M
 Heap Max Capacity: 2G
 Pre-touch: Disabled
 Parallel Workers: 8
 Concurrent Workers: 2
 Concurrent Refinement Workers: 8
 Periodic GC: Disabled

Heap:
 garbage-first heap   total 78848K, used 48466K [0x0000000080000000, 0x0000000100000000)
  region size 1024K, 31 young (31744K), 3 survivors (3072K)
 Metaspace       used 27695K, committed 28032K, reserved 1073152K
  class space    used 3865K, committed 4032K, reserved 1048576K

Heap Regions: E=young(eden), S=young(survivor), O=old, HS=humongous(starts), HC=humongous(continues), CS=collection set, F=free, OA=open archive, CA=closed archive, TAMS=top-at-mark-start (previous, next)
|   0|0x0000000080000000, 0x0000000080100000, 0x0000000080100000|100%| O|  |TAMS 0x0000000080000000, 0x0000000080000000| Untracked 
|   1|0x0000000080100000, 0x0000000080200000, 0x0000000080200000|100%| O|  |TAMS 0x0000000080200000, 0x0000000080100000| Untracked 
|   2|0x0000000080200000, 0x0000000080300000, 0x0000000080300000|100%| O|  |TAMS 0x0000000080300000, 0x0000000080200000| Untracked 
|   3|0x0000000080300000, 0x0000000080400000, 0x0000000080400000|100%|HS|  |TAMS 0x0000000080400000, 0x0000000080300000| Complete 
|   4|0x0000000080400000, 0x0000000080500000, 0x0000000080500000|100%|HC|  |TAMS 0x0000000080500000, 0x0000000080400000| Complete 
|   5|0x0000000080500000, 0x0000000080600000, 0x0000000080600000|100%|HC|  |TAMS 0x0000000080600000, 0x0000000080500000| Complete 
|   6|0x0000000080600000, 0x0000000080700000, 0x0000000080700000|100%| O|  |TAMS 0x0000000080700000, 0x0000000080600000| Untracked 
|   7|0x0000000080700000, 0x0000000080800000, 0x0000000080800000|100%| O|  |TAMS 0x0000000080800000, 0x0000000080700000| Untracked 
|   8|0x0000000080800000, 0x0000000080900000, 0x0000000080900000|100%| O|  |TAMS 0x0000000080900000, 0x0000000080800000| Untracked 
|   9|0x0000000080900000, 0x0000000080a00000, 0x0000000080a00000|100%| O|  |TAMS 0x00000000809efc00, 0x0000000080900000| Untracked 
|  10|0x0000000080a00000, 0x0000000080b00000, 0x0000000080b00000|100%| O|  |TAMS 0x0000000080a00000, 0x0000000080a00000| Untracked 
|  11|0x0000000080b00000, 0x0000000080c00000, 0x0000000080c00000|100%| O|  |TAMS 0x0000000080b00000, 0x0000000080b00000| Untracked 
|  12|0x0000000080c00000, 0x0000000080d00000, 0x0000000080d00000|100%| O|  |TAMS 0x0000000080c00000, 0x0000000080c00000| Untracked 
|  13|0x0000000080d00000, 0x0000000080e00000, 0x0000000080e00000|100%| O|  |TAMS 0x0000000080d00000, 0x0000000080d00000| Untracked 
|  14|0x0000000080e00000, 0x0000000080f00000, 0x0000000080f00000|100%| O|  |TAMS 0x0000000080e00000, 0x0000000080e00000| Untracked 
|  15|0x0000000080f00000, 0x0000000081000000, 0x0000000081000000|100%| O|  |TAMS 0x0000000080f00000, 0x0000000080f00000| Untracked 
|  16|0x0000000081000000, 0x0000000081100000, 0x0000000081100000|100%| O|  |TAMS 0x0000000081000000, 0x0000000081000000| Untracked 
|  17|0x0000000081100000, 0x0000000081200000, 0x0000000081200000|100%| O|  |TAMS 0x0000000081100000, 0x0000000081100000| Untracked 
|  18|0x0000000081200000, 0x0000000081236e00, 0x0000000081300000| 21%| O|  |TAMS 0x0000000081200000, 0x0000000081200000| Untracked 
|  19|0x0000000081300000, 0x0000000081300000, 0x0000000081400000|  0%| F|  |TAMS 0x0000000081300000, 0x0000000081300000| Untracked 
|  20|0x0000000081400000, 0x0000000081400000, 0x0000000081500000|  0%| F|  |TAMS 0x0000000081400000, 0x0000000081400000| Untracked 
|  21|0x0000000081500000, 0x0000000081500000, 0x0000000081600000|  0%| F|  |TAMS 0x0000000081500000, 0x0000000081500000| Untracked 
|  22|0x0000000081600000, 0x0000000081600000, 0x0000000081700000|  0%| F|  |TAMS 0x0000000081600000, 0x0000000081600000| Untracked 
|  23|0x0000000081700000, 0x0000000081700000, 0x0000000081800000|  0%| F|  |TAMS 0x0000000081700000, 0x0000000081700000| Untracked 
|  24|0x0000000081800000, 0x0000000081800000, 0x0000000081900000|  0%| F|  |TAMS 0x0000000081800000, 0x0000000081800000| Untracked 
|  25|0x0000000081900000, 0x0000000081900000, 0x0000000081a00000|  0%| F|  |TAMS 0x0000000081900000, 0x0000000081900000| Untracked 
|  26|0x0000000081a00000, 0x0000000081a00000, 0x0000000081b00000|  0%| F|  |TAMS 0x0000000081a00000, 0x0000000081a00000| Untracked 
|  27|0x0000000081b00000, 0x0000000081b00000, 0x0000000081c00000|  0%| F|  |TAMS 0x0000000081b00000, 0x0000000081b00000| Untracked 
|  28|0x0000000081c00000, 0x0000000081c00000, 0x0000000081d00000|  0%| F|  |TAMS 0x0000000081c00000, 0x0000000081c00000| Untracked 
|  29|0x0000000081d00000, 0x0000000081d00000, 0x0000000081e00000|  0%| F|  |TAMS 0x0000000081d00000, 0x0000000081d00000| Untracked 
|  30|0x0000000081e00000, 0x0000000081e00000, 0x0000000081f00000|  0%| F|  |TAMS 0x0000000081e00000, 0x0000000081e00000| Untracked 
|  31|0x0000000081f00000, 0x0000000081f00000, 0x0000000082000000|  0%| F|  |TAMS 0x0000000081f00000, 0x0000000081f00000| Untracked 
|  32|0x0000000082000000, 0x0000000082000000, 0x0000000082100000|  0%| F|  |TAMS 0x0000000082000000, 0x0000000082000000| Untracked 
|  33|0x0000000082100000, 0x0000000082100000, 0x0000000082200000|  0%| F|  |TAMS 0x0000000082100000, 0x0000000082100000| Untracked 
|  34|0x0000000082200000, 0x0000000082200000, 0x0000000082300000|  0%| F|  |TAMS 0x0000000082200000, 0x0000000082200000| Untracked 
|  35|0x0000000082300000, 0x0000000082300000, 0x0000000082400000|  0%| F|  |TAMS 0x0000000082300000, 0x0000000082300000| Untracked 
|  36|0x0000000082400000, 0x0000000082400000, 0x0000000082500000|  0%| F|  |TAMS 0x0000000082400000, 0x0000000082400000| Untracked 
|  37|0x0000000082500000, 0x0000000082500000, 0x0000000082600000|  0%| F|  |TAMS 0x0000000082500000, 0x0000000082500000| Untracked 
|  38|0x0000000082600000, 0x0000000082600000, 0x0000000082700000|  0%| F|  |TAMS 0x0000000082600000, 0x0000000082600000| Untracked 
|  39|0x0000000082700000, 0x0000000082700000, 0x0000000082800000|  0%| F|  |TAMS 0x0000000082700000, 0x0000000082700000| Untracked 
|  40|0x0000000082800000, 0x0000000082800000, 0x0000000082900000|  0%| F|  |TAMS 0x0000000082800000, 0x0000000082800000| Untracked 
|  41|0x0000000082900000, 0x0000000082900000, 0x0000000082a00000|  0%| F|  |TAMS 0x0000000082900000, 0x0000000082900000| Untracked 
|  42|0x0000000082a00000, 0x0000000082a00000, 0x0000000082b00000|  0%| F|  |TAMS 0x0000000082a00000, 0x0000000082a00000| Untracked 
|  43|0x0000000082b00000, 0x0000000082b00000, 0x0000000082c00000|  0%| F|  |TAMS 0x0000000082b00000, 0x0000000082b00000| Untracked 
|  44|0x0000000082c00000, 0x0000000082c00000, 0x0000000082d00000|  0%| F|  |TAMS 0x0000000082c00000, 0x0000000082c00000| Untracked 
|  45|0x0000000082d00000, 0x0000000082d00000, 0x0000000082e00000|  0%| F|  |TAMS 0x0000000082d00000, 0x0000000082d00000| Untracked 
|  46|0x0000000082e00000, 0x0000000082ebdf20, 0x0000000082f00000| 74%| E|  |TAMS 0x0000000082e00000, 0x0000000082e00000| Complete 
|  47|0x0000000082f00000, 0x0000000083000000, 0x0000000083000000|100%| E|CS|TAMS 0x0000000082f00000, 0x0000000082f00000| Complete 
|  48|0x0000000083000000, 0x0000000083100000, 0x0000000083100000|100%| E|CS|TAMS 0x0000000083000000, 0x0000000083000000| Complete 
|  49|0x0000000083100000, 0x0000000083200000, 0x0000000083200000|100%| E|CS|TAMS 0x0000000083100000, 0x0000000083100000| Complete 
|  50|0x0000000083200000, 0x0000000083300000, 0x0000000083300000|100%| E|CS|TAMS 0x0000000083200000, 0x0000000083200000| Complete 
|  51|0x0000000083300000, 0x0000000083400000, 0x0000000083400000|100%| E|CS|TAMS 0x0000000083300000, 0x0000000083300000| Complete 
|  52|0x0000000083400000, 0x0000000083500000, 0x0000000083500000|100%| E|CS|TAMS 0x0000000083400000, 0x0000000083400000| Complete 
|  53|0x0000000083500000, 0x0000000083600000, 0x0000000083600000|100%| E|CS|TAMS 0x0000000083500000, 0x0000000083500000| Complete 
|  54|0x0000000083600000, 0x0000000083700000, 0x0000000083700000|100%| E|CS|TAMS 0x0000000083600000, 0x0000000083600000| Complete 
|  55|0x0000000083700000, 0x0000000083800000, 0x0000000083800000|100%| E|CS|TAMS 0x0000000083700000, 0x0000000083700000| Complete 
|  56|0x0000000083800000, 0x0000000083900000, 0x0000000083900000|100%| E|CS|TAMS 0x0000000083800000, 0x0000000083800000| Complete 
|  57|0x0000000083900000, 0x0000000083a00000, 0x0000000083a00000|100%| E|CS|TAMS 0x0000000083900000, 0x0000000083900000| Complete 
|  58|0x0000000083a00000, 0x0000000083b00000, 0x0000000083b00000|100%| E|CS|TAMS 0x0000000083a00000, 0x0000000083a00000| Complete 
|  59|0x0000000083b00000, 0x0000000083c00000, 0x0000000083c00000|100%| E|CS|TAMS 0x0000000083b00000, 0x0000000083b00000| Complete 
|  60|0x0000000083c00000, 0x0000000083d00000, 0x0000000083d00000|100%| E|CS|TAMS 0x0000000083c00000, 0x0000000083c00000| Complete 
|  61|0x0000000083d00000, 0x0000000083e00000, 0x0000000083e00000|100%| E|CS|TAMS 0x0000000083d00000, 0x0000000083d00000| Complete 
|  62|0x0000000083e00000, 0x0000000083f00000, 0x0000000083f00000|100%| E|CS|TAMS 0x0000000083e00000, 0x0000000083e00000| Complete 
|  63|0x0000000083f00000, 0x0000000084000000, 0x0000000084000000|100%| E|CS|TAMS 0x0000000083f00000, 0x0000000083f00000| Complete 
|  64|0x0000000084000000, 0x0000000084100000, 0x0000000084100000|100%| E|CS|TAMS 0x0000000084000000, 0x0000000084000000| Complete 
|  65|0x0000000084100000, 0x0000000084200000, 0x0000000084200000|100%| E|CS|TAMS 0x0000000084100000, 0x0000000084100000| Complete 
|  66|0x0000000084200000, 0x0000000084300000, 0x0000000084300000|100%| E|CS|TAMS 0x0000000084200000, 0x0000000084200000| Complete 
|  67|0x0000000084300000, 0x0000000084400000, 0x0000000084400000|100%| E|CS|TAMS 0x0000000084300000, 0x0000000084300000| Complete 
|  68|0x0000000084400000, 0x0000000084500000, 0x0000000084500000|100%| E|CS|TAMS 0x0000000084400000, 0x0000000084400000| Complete 
|  69|0x0000000084500000, 0x0000000084600000, 0x0000000084600000|100%| E|CS|TAMS 0x0000000084500000, 0x0000000084500000| Complete 
|  70|0x0000000084600000, 0x0000000084700000, 0x0000000084700000|100%| E|CS|TAMS 0x0000000084600000, 0x0000000084600000| Complete 
|  71|0x0000000084700000, 0x0000000084800000, 0x0000000084800000|100%| E|CS|TAMS 0x0000000084700000, 0x0000000084700000| Complete 
|  72|0x0000000084800000, 0x0000000084900000, 0x0000000084900000|100%| E|CS|TAMS 0x0000000084800000, 0x0000000084800000| Complete 
|  91|0x0000000085b00000, 0x0000000085b1dd78, 0x0000000085c00000| 11%| S|CS|TAMS 0x0000000085b00000, 0x0000000085b00000| Complete 
|  92|0x0000000085c00000, 0x0000000085d00000, 0x0000000085d00000|100%| S|CS|TAMS 0x0000000085c00000, 0x0000000085c00000| Complete 
|  93|0x0000000085d00000, 0x0000000085e00000, 0x0000000085e00000|100%| S|CS|TAMS 0x0000000085d00000, 0x0000000085d00000| Complete 
| 125|0x0000000087d00000, 0x0000000087e00000, 0x0000000087e00000|100%| E|CS|TAMS 0x0000000087d00000, 0x0000000087d00000| Complete 

Card table byte_map: [0x000001e49d5f0000,0x000001e49d9f0000] _byte_map_base: 0x000001e49d1f0000

Marking Bits (Prev, Next): (CMBitMap*) 0x000001e48677e030, (CMBitMap*) 0x000001e48677dff0
 Prev Bits: [0x000001e49fdf0000, 0x000001e4a1df0000)
 Next Bits: [0x000001e49ddf0000, 0x000001e49fdf0000)

Polling page: 0x000001e484710000

Metaspace:

Usage:
  Non-class:     23.30 MB used.
      Class:      3.78 MB used.
       Both:     27.08 MB used.

Virtual space:
  Non-class space:       24.00 MB reserved,      23.50 MB ( 98%) committed,  3 nodes.
      Class space:        1.00 GB reserved,       3.94 MB ( <1%) committed,  1 nodes.
              Both:        1.02 GB reserved,      27.44 MB (  3%) committed. 

Chunk freelists:
   Non-Class:  96.00 KB
       Class:  16.00 KB
        Both:  112.00 KB

MaxMetaspaceSize: 17179869184.00 GB
CompressedClassSpaceSize: 1.00 GB
 - commit_granule_bytes: 65536.
 - commit_granule_words: 8192.
 - virtual_space_node_default_size: 1048576.
 - enlarge_chunks_in_place: 1.
 - new_chunks_are_fully_committed: 0.
 - uncommit_free_chunks: 1.
 - use_allocation_guard: 0.
 - handle_deallocations: 1.


Internal statistics:

num_allocs_failed_limit: 3.
num_arena_births: 244.
num_arena_deaths: 0.
num_vsnodes_births: 4.
num_vsnodes_deaths: 0.
num_space_committed: 439.
num_space_uncommitted: 0.
num_chunks_returned_to_freelist: 3.
num_chunks_taken_from_freelist: 1164.
num_chunk_merges: 3.
num_chunk_splits: 793.
num_chunks_enlarged: 600.
num_purges: 0.

CodeHeap 'non-profiled nmethods': size=120000Kb used=1677Kb max_used=1677Kb free=118322Kb
 bounds [0x000001e495990000, 0x000001e495c00000, 0x000001e49cec0000]
CodeHeap 'profiled nmethods': size=120000Kb used=6026Kb max_used=6026Kb free=113973Kb
 bounds [0x000001e48e460000, 0x000001e48ea50000, 0x000001e495990000]
CodeHeap 'non-nmethods': size=5760Kb used=1603Kb max_used=1616Kb free=4156Kb
 bounds [0x000001e48dec0000, 0x000001e48e130000, 0x000001e48e460000]
 total_blobs=3628 nmethods=2977 adapters=563
 compilation: enabled
              stopped_count=0, restarted_count=0
 full_count=0

Compilation events (20 events):
Event: 3.625 Thread 0x000001e4a47e3a60 nmethod 2968 0x000001e48ea3b890 code [0x000001e48ea3ba40, 0x000001e48ea3bdf8]
Event: 3.625 Thread 0x000001e4a7eb9650 nmethod 2960 0x000001e495b29290 code [0x000001e495b29420, 0x000001e495b296f8]
Event: 3.626 Thread 0x000001e4a47e3a60 2970       3       org.codehaus.groovy.reflection.CachedMethod::getReturnType (8 bytes)
Event: 3.627 Thread 0x000001e4a47e3a60 nmethod 2970 0x000001e48ea3bf10 code [0x000001e48ea3c0a0, 0x000001e48ea3c1d8]
Event: 3.627 Thread 0x000001e4a47e3a60 2972       3       java.beans.MethodRef::get (91 bytes)
Event: 3.628 Thread 0x000001e4a47e3a60 nmethod 2972 0x000001e48ea3c290 code [0x000001e48ea3c500, 0x000001e48ea3d1c8]
Event: 3.628 Thread 0x000001e4a47e3a60 2973       3       org.codehaus.groovy.reflection.CachedClass::<init> (247 bytes)
Event: 3.630 Thread 0x000001e4a47e3a60 nmethod 2973 0x000001e48ea3d510 code [0x000001e48ea3d9e0, 0x000001e48ea40838]
Event: 3.630 Thread 0x000001e4a47e3a60 2974       3       org.codehaus.groovy.util.ComplexKeyHashMap::hash (31 bytes)
Event: 3.630 Thread 0x000001e4a47e3a60 nmethod 2974 0x000001e48ea41310 code [0x000001e48ea414a0, 0x000001e48ea415b8]
Event: 3.630 Thread 0x000001e4a47e3a60 2971       1       groovy.lang.MetaProperty::getName (5 bytes)
Event: 3.630 Thread 0x000001e4a47e3a60 nmethod 2971 0x000001e495b29910 code [0x000001e495b29aa0, 0x000001e495b29b78]
Event: 3.632 Thread 0x000001e4a47e3a60 2975       1       java.util.logging.Logger::getName (5 bytes)
Event: 3.632 Thread 0x000001e4a47e3a60 nmethod 2975 0x000001e495b29c10 code [0x000001e495b29da0, 0x000001e495b29e78]
Event: 3.635 Thread 0x000001e4a7eb9650 2976   !   4       java.util.concurrent.ConcurrentHashMap::computeIfAbsent (576 bytes)
Event: 3.636 Thread 0x000001e4a47e3a60 2977       1       org.gradle.launcher.daemon.server.exec.DaemonConnectionBackedEventConsumer::access$000 (5 bytes)
Event: 3.636 Thread 0x000001e4a47e3a60 nmethod 2977 0x000001e495b29f10 code [0x000001e495b2a0a0, 0x000001e495b2a158]
Event: 3.644 Thread 0x000001e4a47d9c40 nmethod 2850 0x000001e495b2a210 code [0x000001e495b2a580, 0x000001e495b2ea88]
Event: 3.650 Thread 0x000001e4a47d9c40 2978       4       java.util.zip.ZipCoder$UTF8ZipCoder::hasTrailingSlash (20 bytes)
Event: 3.651 Thread 0x000001e4a47d9c40 nmethod 2978 0x000001e495b2fb90 code [0x000001e495b2fd20, 0x000001e495b2fdf8]

GC Heap History (8 events):
Event: 0.554 GC heap before
{Heap before GC invocations=0 (full 0):
 garbage-first heap   total 129024K, used 28672K [0x0000000080000000, 0x0000000100000000)
  region size 1024K, 23 young (23552K), 0 survivors (0K)
 Metaspace       used 3120K, committed 3264K, reserved 1056768K
  class space    used 381K, committed 448K, reserved 1048576K
}
Event: 0.560 GC heap after
{Heap after GC invocations=1 (full 0):
 garbage-first heap   total 129024K, used 9211K [0x0000000080000000, 0x0000000100000000)
  region size 1024K, 3 young (3072K), 3 survivors (3072K)
 Metaspace       used 3120K, committed 3264K, reserved 1056768K
  class space    used 381K, committed 448K, reserved 1048576K
}
Event: 0.864 GC heap before
{Heap before GC invocations=1 (full 0):
 garbage-first heap   total 129024K, used 37883K [0x0000000080000000, 0x0000000100000000)
  region size 1024K, 31 young (31744K), 3 survivors (3072K)
 Metaspace       used 4049K, committed 4224K, reserved 1056768K
  class space    used 477K, committed 576K, reserved 1048576K
}
Event: 0.867 GC heap after
{Heap after GC invocations=2 (full 0):
 garbage-first heap   total 129024K, used 11435K [0x0000000080000000, 0x0000000100000000)
  region size 1024K, 2 young (2048K), 2 survivors (2048K)
 Metaspace       used 4049K, committed 4224K, reserved 1056768K
  class space    used 477K, committed 576K, reserved 1048576K
}
Event: 2.573 GC heap before
{Heap before GC invocations=2 (full 0):
 garbage-first heap   total 129024K, used 86187K [0x0000000080000000, 0x0000000100000000)
  region size 1024K, 75 young (76800K), 2 survivors (2048K)
 Metaspace       used 16397K, committed 16704K, reserved 1064960K
  class space    used 2335K, committed 2496K, reserved 1048576K
}
Event: 2.584 GC heap after
{Heap after GC invocations=3 (full 0):
 garbage-first heap   total 129024K, used 18851K [0x0000000080000000, 0x0000000100000000)
  region size 1024K, 10 young (10240K), 10 survivors (10240K)
 Metaspace       used 16397K, committed 16704K, reserved 1064960K
  class space    used 2335K, committed 2496K, reserved 1048576K
}
Event: 3.130 GC heap before
{Heap before GC invocations=3 (full 0):
 garbage-first heap   total 129024K, used 50595K [0x0000000080000000, 0x0000000100000000)
  region size 1024K, 42 young (43008K), 10 survivors (10240K)
 Metaspace       used 20958K, committed 21248K, reserved 1073152K
  class space    used 3057K, committed 3200K, reserved 1048576K
}
Event: 3.137 GC heap after
{Heap after GC invocations=4 (full 0):
 garbage-first heap   total 129024K, used 20818K [0x0000000080000000, 0x0000000100000000)
  region size 1024K, 3 young (3072K), 3 survivors (3072K)
 Metaspace       used 20958K, committed 21248K, reserved 1073152K
  class space    used 3057K, committed 3200K, reserved 1048576K
}

Deoptimization events (20 events):
Event: 2.795 Thread 0x000001e4a7809020 Uncommon trap: trap_request=0xffffff76 fr.pc=0x000001e495ac7498 relative=0x0000000000000158
Event: 2.795 Thread 0x000001e4a7809020 Uncommon trap: reason=predicate action=maybe_recompile pc=0x000001e495ac7498 method=com.google.common.base.CharMatcher.indexIn(Ljava/lang/CharSequence;I)I @ 19 c2
Event: 2.795 Thread 0x000001e4a7809020 DEOPT PACKING pc=0x000001e495ac7498 sp=0x00000020d13fb870
Event: 2.795 Thread 0x000001e4a7809020 DEOPT UNPACKING pc=0x000001e48df0f92e sp=0x00000020d13fb800 mode 2
Event: 2.847 Thread 0x000001e4a7809020 Uncommon trap: trap_request=0xffffff45 fr.pc=0x000001e495a286d0 relative=0x0000000000000630
Event: 2.847 Thread 0x000001e4a7809020 Uncommon trap: reason=unstable_if action=reinterpret pc=0x000001e495a286d0 method=java.util.Properties$LineReader.readLine()I @ 95 c2
Event: 2.847 Thread 0x000001e4a7809020 DEOPT PACKING pc=0x000001e495a286d0 sp=0x00000020d13fb880
Event: 2.847 Thread 0x000001e4a7809020 DEOPT UNPACKING pc=0x000001e48df0f92e sp=0x00000020d13fb820 mode 2
Event: 3.019 Thread 0x000001e4a7809020 Uncommon trap: trap_request=0xffffff45 fr.pc=0x000001e4959e4148 relative=0x0000000000000488
Event: 3.019 Thread 0x000001e4a7809020 Uncommon trap: reason=unstable_if action=reinterpret pc=0x000001e4959e4148 method=java.util.HashMap.hash(Ljava/lang/Object;)I @ 1 c2
Event: 3.019 Thread 0x000001e4a7809020 DEOPT PACKING pc=0x000001e4959e4148 sp=0x00000020d13f8cd0
Event: 3.019 Thread 0x000001e4a7809020 DEOPT UNPACKING pc=0x000001e48df0f92e sp=0x00000020d13f8b78 mode 2
Event: 3.232 Thread 0x000001e4a7809020 Uncommon trap: trap_request=0xffffff45 fr.pc=0x000001e495af82e8 relative=0x00000000000001a8
Event: 3.232 Thread 0x000001e4a7809020 Uncommon trap: reason=unstable_if action=reinterpret pc=0x000001e495af82e8 method=java.util.regex.Pattern$BmpCharProperty.match(Ljava/util/regex/Matcher;ILjava/lang/CharSequence;)Z @ 39 c2
Event: 3.232 Thread 0x000001e4a7809020 DEOPT PACKING pc=0x000001e495af82e8 sp=0x00000020d13f98d0
Event: 3.232 Thread 0x000001e4a7809020 DEOPT UNPACKING pc=0x000001e48df0f92e sp=0x00000020d13f9880 mode 2
Event: 3.603 Thread 0x000001e4a7809020 Uncommon trap: trap_request=0xffffff54 fr.pc=0x000001e495a3462c relative=0x000000000000126c
Event: 3.603 Thread 0x000001e4a7809020 Uncommon trap: reason=speculate_null_assert action=make_not_entrant pc=0x000001e495a3462c method=jdk.internal.loader.URLClassPath$JarLoader.getResource(Ljava/lang/String;ZLjava/util/Set;)Ljdk/internal/loader/Resource; @ 17 c2
Event: 3.603 Thread 0x000001e4a7809020 DEOPT PACKING pc=0x000001e495a3462c sp=0x00000020d13f8140
Event: 3.603 Thread 0x000001e4a7809020 DEOPT UNPACKING pc=0x000001e48df0f92e sp=0x00000020d13f80d8 mode 2

Classes unloaded (0 events):
No events

Classes redefined (0 events):
No events

Internal exceptions (20 events):
Event: 2.939 Thread 0x000001e4a7809020 Exception <a 'java/lang/NoSuchMethodError'{0x000000008692b638}: 'java.lang.Object java.lang.invoke.DirectMethodHandle$Holder.newInvokeSpecial(java.lang.Object, java.lang.Object, java.lang.Object, java.lang.Object, java.lang.Object, java.lang.Object, java.lang.Object, java.lang.Object, java.lang.Object, java.lang.Object, java.lang.Object, java.lang.Object)'> (0x000000008692b638) 
thrown [t:\workspace\open\src\hotspot\share\interpreter\linkResolver.cpp, line 790]
Event: 2.939 Thread 0x000001e4a7809020 Exception <a 'java/lang/NoSuchMethodError'{0x0000000086930e38}: 'java.lang.Object java.lang.invoke.Invokers$Holder.linkToTargetMethod(java.lang.Object, java.lang.Object, java.lang.Object, java.lang.Object, java.lang.Object, java.lang.Object, java.lang.Object, java.lang.Object, java.lang.Object, java.lang.Object, java.lang.Object, java.lang.Object)'> (0x0000000086930e38) 
thrown [t:\workspace\open\src\hotspot\share\interpreter\linkResolver.cpp, line 790]
Event: 2.952 Thread 0x000001e4a7809020 Exception <a 'java/lang/NoSuchMethodError'{0x00000000869cb980}: 'java.lang.Object java.lang.invoke.DirectMethodHandle$Holder.invokeStaticInit(java.lang.Object, java.lang.Object, java.lang.Object, java.lang.Object)'> (0x00000000869cb980) 
thrown [t:\workspace\open\src\hotspot\share\interpreter\linkResolver.cpp, line 790]
Event: 3.019 Thread 0x000001e4a7809020 Implicit null exception at 0x000001e4959e3d13 to 0x000001e4959e412c
Event: 3.156 Thread 0x000001e4a7809020 Exception <a 'java/lang/NoSuchMethodError'{0x0000000084866c90}: 'java.lang.Object java.lang.invoke.DirectMethodHandle$Holder.newInvokeSpecial(java.lang.Object, java.lang.Object, java.lang.Object, java.lang.Object, java.lang.Object, java.lang.Object, java.lang.Object, java.lang.Object)'> (0x0000000084866c90) 
thrown [t:\workspace\open\src\hotspot\share\interpreter\linkResolver.cpp, line 790]
Event: 3.157 Thread 0x000001e4a7809020 Exception <a 'java/lang/NoSuchMethodError'{0x000000008486cb80}: 'java.lang.Object java.lang.invoke.Invokers$Holder.linkToTargetMethod(java.lang.Object, java.lang.Object, java.lang.Object, java.lang.Object, java.lang.Object, java.lang.Object, java.lang.Object, java.lang.Object)'> (0x000000008486cb80) 
thrown [t:\workspace\open\src\hotspot\share\interpreter\linkResolver.cpp, line 790]
Event: 3.159 Thread 0x000001e4a7809020 Exception <a 'java/lang/NoSuchMethodError'{0x000000008489f8a8}: 'java.lang.Object java.lang.invoke.DirectMethodHandle$Holder.newInvokeSpecial(java.lang.Object, java.lang.Object, java.lang.Object, java.lang.Object, java.lang.Object, java.lang.Object, java.lang.Object)'> (0x000000008489f8a8) 
thrown [t:\workspace\open\src\hotspot\share\interpreter\linkResolver.cpp, line 790]
Event: 3.159 Thread 0x000001e4a7809020 Exception <a 'java/lang/NoSuchMethodError'{0x00000000848a4ca0}: 'java.lang.Object java.lang.invoke.Invokers$Holder.linkToTargetMethod(java.lang.Object, java.lang.Object, java.lang.Object, java.lang.Object, java.lang.Object, java.lang.Object, java.lang.Object)'> (0x00000000848a4ca0) 
thrown [t:\workspace\open\src\hotspot\share\interpreter\linkResolver.cpp, line 790]
Event: 3.162 Thread 0x000001e4a7809020 Exception <a 'java/lang/IncompatibleClassChangeError'{0x00000000848d46e8}: Found class java.lang.Object, but interface was expected> (0x00000000848d46e8) 
thrown [t:\workspace\open\src\hotspot\share\interpreter\linkResolver.cpp, line 857]
Event: 3.353 Thread 0x000001e4a7809020 Exception <a 'java/lang/NoSuchMethodError'{0x00000000839f1078}: 'void java.lang.invoke.DirectMethodHandle$Holder.invokeStaticInit(java.lang.Object, java.lang.Object, java.lang.Object)'> (0x00000000839f1078) 
thrown [t:\workspace\open\src\hotspot\share\interpreter\linkResolver.cpp, line 790]
Event: 3.354 Thread 0x000001e4a7809020 Exception <a 'java/lang/NoSuchMethodError'{0x00000000839f88e0}: 'void java.lang.invoke.DirectMethodHandle$Holder.invokeStaticInit(java.lang.Object, java.lang.Object, java.lang.Object, java.lang.Object)'> (0x00000000839f88e0) 
thrown [t:\workspace\open\src\hotspot\share\interpreter\linkResolver.cpp, line 790]
Event: 3.356 Thread 0x000001e4a7809020 Exception <a 'java/lang/NoSuchMethodError'{0x000000008381b628}: 'void java.lang.invoke.DirectMethodHandle$Holder.invokeStaticInit(java.lang.Object, java.lang.Object, java.lang.Object, java.lang.Object, java.lang.Object)'> (0x000000008381b628) 
thrown [t:\workspace\open\src\hotspot\share\interpreter\linkResolver.cpp, line 790]
Event: 3.369 Thread 0x000001e4a7809020 Exception <a 'java/lang/NoSuchMethodError'{0x0000000083877890}: 'int java.lang.invoke.DirectMethodHandle$Holder.invokeStaticInit(java.lang.Object, java.lang.Object, java.lang.Object, java.lang.Object)'> (0x0000000083877890) 
thrown [t:\workspace\open\src\hotspot\share\interpreter\linkResolver.cpp, line 790]
Event: 3.604 Thread 0x000001e4a7809020 Exception <a 'java/lang/ClassNotFoundException'{0x00000000831283e8}: groovy/lang/ExpandoMetaClassBeanInfo> (0x00000000831283e8) 
thrown [t:\workspace\open\src\hotspot\share\classfile\systemDictionary.cpp, line 256]
Event: 3.606 Thread 0x000001e4a7809020 Exception <a 'java/lang/ClassNotFoundException'{0x000000008313e9b8}: groovy/lang/MetaClassImplBeanInfo> (0x000000008313e9b8) 
thrown [t:\workspace\open\src\hotspot\share\classfile\systemDictionary.cpp, line 256]
Event: 3.606 Thread 0x000001e4a7809020 Exception <a 'java/lang/ClassNotFoundException'{0x0000000083143970}: java/lang/ObjectBeanInfo> (0x0000000083143970) 
thrown [t:\workspace\open\src\hotspot\share\classfile\systemDictionary.cpp, line 256]
Event: 3.608 Thread 0x000001e4a7809020 Exception <a 'java/lang/ClassNotFoundException'{0x0000000083148fe0}: java/lang/ObjectCustomizer> (0x0000000083148fe0) 
thrown [t:\workspace\open\src\hotspot\share\classfile\systemDictionary.cpp, line 256]
Event: 3.611 Thread 0x000001e4a7809020 Exception <a 'java/lang/IncompatibleClassChangeError'{0x000000008314d998}: Found class java.lang.Object, but interface was expected> (0x000000008314d998) 
thrown [t:\workspace\open\src\hotspot\share\interpreter\linkResolver.cpp, line 857]
Event: 3.615 Thread 0x000001e4a7809020 Exception <a 'java/lang/ClassNotFoundException'{0x00000000831693f8}: groovy/lang/MetaClassImplCustomizer> (0x00000000831693f8) 
thrown [t:\workspace\open\src\hotspot\share\classfile\systemDictionary.cpp, line 256]
Event: 3.618 Thread 0x000001e4a7809020 Exception <a 'java/lang/ClassNotFoundException'{0x000000008319d3a0}: groovy/lang/ExpandoMetaClassCustomizer> (0x000000008319d3a0) 
thrown [t:\workspace\open\src\hotspot\share\classfile\systemDictionary.cpp, line 256]

Events (20 events):
Event: 3.614 loading class java/beans/GenericBeanInfo
Event: 3.614 loading class java/beans/SimpleBeanInfo
Event: 3.614 loading class java/beans/SimpleBeanInfo done
Event: 3.614 loading class java/beans/GenericBeanInfo done
Event: 3.616 loading class java/util/Hashtable$EntrySet
Event: 3.617 loading class java/util/Hashtable$EntrySet done
Event: 3.624 loading class java/util/concurrent/locks/ReentrantReadWriteLock
Event: 3.624 loading class java/util/concurrent/locks/ReentrantReadWriteLock done
Event: 3.631 loading class java/util/concurrent/locks/ReentrantReadWriteLock$NonfairSync
Event: 3.631 loading class java/util/concurrent/locks/ReentrantReadWriteLock$Sync
Event: 3.632 loading class java/util/concurrent/locks/ReentrantReadWriteLock$Sync done
Event: 3.632 loading class java/util/concurrent/locks/ReentrantReadWriteLock$NonfairSync done
Event: 3.632 loading class java/util/concurrent/locks/ReentrantReadWriteLock$Sync$ThreadLocalHoldCounter
Event: 3.632 loading class java/util/concurrent/locks/ReentrantReadWriteLock$Sync$ThreadLocalHoldCounter done
Event: 3.632 loading class java/util/concurrent/locks/ReentrantReadWriteLock$ReadLock
Event: 3.632 loading class java/util/concurrent/locks/ReentrantReadWriteLock$ReadLock done
Event: 3.632 loading class java/util/concurrent/locks/ReentrantReadWriteLock$WriteLock
Event: 3.632 loading class java/util/concurrent/locks/ReentrantReadWriteLock$WriteLock done
Event: 3.662 loading class java/util/concurrent/locks/StampedLock
Event: 3.662 loading class java/util/concurrent/locks/StampedLock done


Dynamic libraries:
0x00007ff765720000 - 0x00007ff765730000 	C:\Program Files\Java\jdk-16.0.2\bin\java.exe
0x00007ffb1c030000 - 0x00007ffb1c228000 	C:\WINDOWS\SYSTEM32\ntdll.dll
0x00007ffb1b070000 - 0x00007ffb1b12d000 	C:\WINDOWS\System32\KERNEL32.DLL
0x00007ffb19780000 - 0x00007ffb19a4e000 	C:\WINDOWS\System32\KERNELBASE.dll
0x00007ffb19a50000 - 0x00007ffb19b50000 	C:\WINDOWS\System32\ucrtbase.dll
0x00007ffb08f90000 - 0x00007ffb08fa8000 	C:\Program Files\Java\jdk-16.0.2\bin\jli.dll
0x00007ffb03da0000 - 0x00007ffb03db9000 	C:\Program Files\Java\jdk-16.0.2\bin\VCRUNTIME140.dll
0x00007ffb1bdf0000 - 0x00007ffb1be9e000 	C:\WINDOWS\System32\ADVAPI32.dll
0x00007ffb1bea0000 - 0x00007ffb1bf3e000 	C:\WINDOWS\System32\msvcrt.dll
0x00007ffb1bd20000 - 0x00007ffb1bdbc000 	C:\WINDOWS\System32\sechost.dll
0x00007ffb1aa70000 - 0x00007ffb1ab95000 	C:\WINDOWS\System32\RPCRT4.dll
0x00007ffb1ada0000 - 0x00007ffb1af40000 	C:\WINDOWS\System32\USER32.dll
0x00007ffb01ab0000 - 0x00007ffb01d4a000 	C:\WINDOWS\WinSxS\amd64_microsoft.windows.common-controls_6595b64144ccf1df_6.0.19041.1110_none_60b5254171f9507e\COMCTL32.dll
0x00007ffb19f00000 - 0x00007ffb19f22000 	C:\WINDOWS\System32\win32u.dll
0x00007ffb1a0f0000 - 0x00007ffb1a11a000 	C:\WINDOWS\System32\GDI32.dll
0x00007ffb19df0000 - 0x00007ffb19efb000 	C:\WINDOWS\System32\gdi32full.dll
0x00007ffb19c10000 - 0x00007ffb19cad000 	C:\WINDOWS\System32\msvcp_win.dll
0x00007ffb115f0000 - 0x00007ffb115fa000 	C:\WINDOWS\SYSTEM32\VERSION.dll
0x00007ffb1bdc0000 - 0x00007ffb1bdf0000 	C:\WINDOWS\System32\IMM32.DLL
0x00007ffb168a0000 - 0x00007ffb168ac000 	C:\Program Files\Java\jdk-16.0.2\bin\vcruntime140_1.dll
0x00007ffaf25d0000 - 0x00007ffaf2661000 	C:\Program Files\Java\jdk-16.0.2\bin\msvcp140.dll
0x00007ffaa95c0000 - 0x00007ffaaa16b000 	C:\Program Files\Java\jdk-16.0.2\bin\server\jvm.dll
0x00007ffb1af40000 - 0x00007ffb1af48000 	C:\WINDOWS\System32\PSAPI.DLL
0x00007ffb175d0000 - 0x00007ffb175f7000 	C:\WINDOWS\SYSTEM32\WINMM.dll
0x00007ffaff030000 - 0x00007ffaff039000 	C:\WINDOWS\SYSTEM32\WSOCK32.dll
0x00007ffb1ba80000 - 0x00007ffb1baeb000 	C:\WINDOWS\System32\WS2_32.dll
0x00007ffb17fe0000 - 0x00007ffb17ff2000 	C:\WINDOWS\SYSTEM32\kernel.appcore.dll
0x00007ffb13a20000 - 0x00007ffb13a2a000 	C:\Program Files\Java\jdk-16.0.2\bin\jimage.dll
0x00007ffb173e0000 - 0x00007ffb175c4000 	C:\WINDOWS\SYSTEM32\DBGHELP.DLL
0x00007ffb173b0000 - 0x00007ffb173dc000 	C:\WINDOWS\SYSTEM32\dbgcore.DLL
0x00007ffb19cb0000 - 0x00007ffb19d32000 	C:\WINDOWS\System32\bcryptPrimitives.dll
0x00007ffb005c0000 - 0x00007ffb005e5000 	C:\Program Files\Java\jdk-16.0.2\bin\java.dll
0x00007ffb1a1b0000 - 0x00007ffb1a8f4000 	C:\WINDOWS\System32\SHELL32.dll
0x00007ffb17830000 - 0x00007ffb17fc4000 	C:\WINDOWS\SYSTEM32\windows.storage.dll
0x00007ffb1b5a0000 - 0x00007ffb1b8f4000 	C:\WINDOWS\System32\combase.dll
0x00007ffb191b0000 - 0x00007ffb191e0000 	C:\WINDOWS\SYSTEM32\Wldp.dll
0x00007ffb1afc0000 - 0x00007ffb1b06d000 	C:\WINDOWS\System32\SHCORE.dll
0x00007ffb1ba20000 - 0x00007ffb1ba75000 	C:\WINDOWS\System32\shlwapi.dll
0x00007ffb19690000 - 0x00007ffb196af000 	C:\WINDOWS\SYSTEM32\profapi.dll
0x00007ffafd4e0000 - 0x00007ffafd4f9000 	C:\Program Files\Java\jdk-16.0.2\bin\net.dll
0x00007ffb05630000 - 0x00007ffb0573a000 	C:\WINDOWS\SYSTEM32\WINHTTP.dll
0x00007ffb18f10000 - 0x00007ffb18f7a000 	C:\WINDOWS\system32\mswsock.dll
0x00007ffafd4c0000 - 0x00007ffafd4d3000 	C:\Program Files\Java\jdk-16.0.2\bin\nio.dll
0x00007ffaf8b50000 - 0x00007ffaf8b68000 	C:\Program Files\Java\jdk-16.0.2\bin\zip.dll
0x00007ffb12bc0000 - 0x00007ffb12bd0000 	C:\Program Files\Java\jdk-16.0.2\bin\verify.dll
0x00007ffb12bd0000 - 0x00007ffb12bf7000 	C:\Users\ITECH\.gradle\native\e1d6ef7f7dcc3fd88c89a11ec53ec762bb8ba0a96d01ffa2cd45eb1d1d8dd5c5\windows-amd64\native-platform.dll
0x00007ffaef8b0000 - 0x00007ffaef9f4000 	C:\Users\ITECH\.gradle\native\5664cfc778a61ccfe75a443a1ab52a65af34e5dc3c78e0209fed803814484fcb\windows-amd64\native-platform-file-events.dll
0x00007ffaf7df0000 - 0x00007ffaf7df9000 	C:\Program Files\Java\jdk-16.0.2\bin\management.dll
0x00007ffaf4f50000 - 0x00007ffaf4f5b000 	C:\Program Files\Java\jdk-16.0.2\bin\management_ext.dll
0x00007ffb19100000 - 0x00007ffb19118000 	C:\WINDOWS\SYSTEM32\CRYPTSP.dll
0x00007ffb18820000 - 0x00007ffb18854000 	C:\WINDOWS\system32\rsaenh.dll
0x00007ffb19750000 - 0x00007ffb19777000 	C:\WINDOWS\System32\bcrypt.dll
0x00007ffb19650000 - 0x00007ffb1967e000 	C:\WINDOWS\SYSTEM32\USERENV.dll
0x00007ffb19120000 - 0x00007ffb1912c000 	C:\WINDOWS\SYSTEM32\CRYPTBASE.dll
0x00007ffb18bb0000 - 0x00007ffb18beb000 	C:\WINDOWS\SYSTEM32\IPHLPAPI.DLL
0x00007ffb1a1a0000 - 0x00007ffb1a1a8000 	C:\WINDOWS\System32\NSI.dll
0x00007ffb0e180000 - 0x00007ffb0e197000 	C:\WINDOWS\SYSTEM32\dhcpcsvc6.DLL
0x00007ffb0ed40000 - 0x00007ffb0ed5d000 	C:\WINDOWS\SYSTEM32\dhcpcsvc.DLL
0x00007ffb18c00000 - 0x00007ffb18cca000 	C:\WINDOWS\SYSTEM32\DNSAPI.dll
0x00007ffaf3ae0000 - 0x00007ffaf3aee000 	C:\Program Files\Java\jdk-16.0.2\bin\sunmscapi.dll
0x00007ffb19f30000 - 0x00007ffb1a086000 	C:\WINDOWS\System32\CRYPT32.dll
0x00007ffb19220000 - 0x00007ffb19247000 	C:\WINDOWS\SYSTEM32\ncrypt.dll
0x00007ffb191e0000 - 0x00007ffb1921b000 	C:\WINDOWS\SYSTEM32\NTASN1.dll
0x00007ffacca80000 - 0x00007ffacca87000 	C:\WINDOWS\system32\wshunix.dll

dbghelp: loaded successfully - version: 4.0.5 - missing functions: none
symbol engine: initialized successfully - sym options: 0x614 - pdb path: .;C:\Program Files\Java\jdk-16.0.2\bin;C:\WINDOWS\SYSTEM32;C:\WINDOWS\WinSxS\amd64_microsoft.windows.common-controls_6595b64144ccf1df_6.0.19041.1110_none_60b5254171f9507e;C:\Program Files\Java\jdk-16.0.2\bin\server;C:\Users\ITECH\.gradle\native\e1d6ef7f7dcc3fd88c89a11ec53ec762bb8ba0a96d01ffa2cd45eb1d1d8dd5c5\windows-amd64;C:\Users\ITECH\.gradle\native\5664cfc778a61ccfe75a443a1ab52a65af34e5dc3c78e0209fed803814484fcb\windows-amd64

VM Arguments:
jvm_args: --add-opens=java.base/java.util=ALL-UNNAMED --add-opens=java.base/java.lang=ALL-UNNAMED --add-opens=java.base/java.lang.invoke=ALL-UNNAMED --add-opens=java.base/java.util=ALL-UNNAMED --add-opens=java.prefs/java.util.prefs=ALL-UNNAMED --add-opens=java.prefs/java.util.prefs=ALL-UNNAMED --add-opens=java.base/java.nio.charset=ALL-UNNAMED --add-opens=java.base/java.net=ALL-UNNAMED --add-opens=java.base/java.util.concurrent.atomic=ALL-UNNAMED -Xmx2048m -Dfile.encoding=UTF-8 -Duser.country=US -Duser.language=en -Duser.variant 
java_command: org.gradle.launcher.daemon.bootstrap.GradleDaemon 7.3.3
java_class_path (initial): C:\Users\ITECH\.gradle\wrapper\dists\gradle-7.3.3-bin\6a41zxkdtcxs8rphpq6y0069z\gradle-7.3.3\lib\gradle-launcher-7.3.3.jar
Launcher Type: SUN_STANDARD

[Global flags]
     intx CICompilerCount                          = 4                                         {product} {ergonomic}
     uint ConcGCThreads                            = 2                                         {product} {ergonomic}
     uint G1ConcRefinementThreads                  = 8                                         {product} {ergonomic}
   size_t G1HeapRegionSize                         = 1048576                                   {product} {ergonomic}
    uintx GCDrainStackTargetSize                   = 64                                        {product} {ergonomic}
   size_t InitialHeapSize                          = 132120576                                 {product} {ergonomic}
   size_t MarkStackSize                            = 4194304                                   {product} {ergonomic}
   size_t MaxHeapSize                              = 2147483648                                {product} {command line}
   size_t MaxNewSize                               = 1287651328                                {product} {ergonomic}
   size_t MinHeapDeltaBytes                        = 1048576                                   {product} {ergonomic}
   size_t MinHeapSize                              = 8388608                                   {product} {ergonomic}
    uintx NonNMethodCodeHeapSize                   = 5839372                                {pd product} {ergonomic}
    uintx NonProfiledCodeHeapSize                  = 122909434                              {pd product} {ergonomic}
    uintx ProfiledCodeHeapSize                     = 122909434                              {pd product} {ergonomic}
    uintx ReservedCodeCacheSize                    = 251658240                              {pd product} {ergonomic}
     bool SegmentedCodeCache                       = true                                      {product} {ergonomic}
   size_t SoftMaxHeapSize                          = 2147483648                             {manageable} {ergonomic}
     bool UseCompressedClassPointers               = true                           {product lp64_product} {ergonomic}
     bool UseCompressedOops                        = true                           {product lp64_product} {ergonomic}
     bool UseG1GC                                  = true                                      {product} {ergonomic}
     bool UseLargePagesIndividualAllocation        = false                                  {pd product} {ergonomic}

Logging:
Log output configuration:
 #0: stdout all=warning uptime,level,tags
 #1: stderr all=off uptime,level,tags

Environment Variables:
JAVA_HOME=C:\Program Files\Java\jdk-16.0.2
PATH=C:\Program Files\Python37\Scripts\;C:\Program Files\Python37\;C:\ProgramData\Oracle\Java\javapath;C:\app\ITECH\product\11.2.0\dbhome_1\bin;C:\Program Files\Common Files\Oracle\Java\javapath;C:\Program Files (x86)\Common Files\Oracle\Java\javapath;C:\WINDOWS\system32;C:\WINDOWS;C:\WINDOWS\System32\Wbem;C:\WINDOWS\System32\WindowsPowerShell\v1.0\;C:\WINDOWS\System32\OpenSSH\;C:\Program Files\Microsoft SQL Server\130\Tools\Binn\;C:\Program Files\Microsoft SQL Server\Client SDK\ODBC\170\Tools\Binn\;C:\Program Files\dotnet\;C:\Program Files\nodejs\;C:\Program Files\Java\jdk-16.0.2\bin;C:\Program Files\Git\cmd;C:\Program Files\Java\jdk-16.0.2\bin;
USERNAME=ITECH
OS=Windows_NT
PROCESSOR_IDENTIFIER=Intel64 Family 6 Model 126 Stepping 5, GenuineIntel



---------------  S Y S T E M  ---------------

OS:
 Windows 10 , 64 bit Build 19041 (10.0.19041.1889)
OS uptime: 0 days 0:30 hours

CPU: total 8 (initial active 8) (4 cores per cpu, 2 threads per core) family 6 model 126 stepping 5 microcode 0xb0, cx8, cmov, fxsr, ht, mmx, 3dnowpref, sse, sse2, sse3, ssse3, sse4.1, sse4.2, popcnt, lzcnt, tsc, tscinvbit, avx, avx2, aes, erms, clmul, bmi1, bmi2, adx, avx512f, avx512dq, avx512cd, avx512bw, avx512vl, sha, fma, vzeroupper, avx512_vpopcntdq, avx512_vpclmulqdq, avx512_vaes, avx512_vnni, clflush, clflushopt, avx512_vmbi2, avx512_vmbi

Memory: 4k page, system-wide physical 7959M (1091M free)
TotalPageFile size 7959M (AvailPageFile size 312M)
current process WorkingSet (physical memory assigned to process): 204M, peak: 238M
current process commit charge ("private bytes"): 271M, peak: 314M

vm_info: Java HotSpot(TM) 64-Bit Server VM (16.0.2+7-67) for windows-amd64 JRE (16.0.2+7-67), built on Jun  8 2021 23:24:19 by "mach5one" with MS VC++ 16.7 (VS2019)

END.
