#
# There is insufficient memory for the Java Runtime Environment to continue.
# Native memory allocation (mmap) failed to map 76546048 bytes for G1 virtual space
# Possible reasons:
#   The system is out of physical RAM or swap space
#   The process is running with CompressedOops enabled, and the Java Heap may be blocking the growth of the native heap
# Possible solutions:
#   Reduce memory load on the system
#   Increase physical memory or swap space
#   Check if swap backing store is full
#   Decrease Java heap size (-Xmx/-Xms)
#   Decrease number of Java threads
#   Decrease Java thread stack sizes (-Xss)
#   Set larger code cache with -XX:ReservedCodeCacheSize=
#   JVM is running with Unscaled Compressed Oops mode in which the Java heap is
#     placed in the first 4GB address space. The Java Heap base address is the
#     maximum limit for the native heap growth. Please use -XX:HeapBaseMinAddress
#     to set the Java Heap base and to place the Java Heap above 4GB virtual address.
# This output file may be truncated or incomplete.
#
#  Out of Memory Error (os_windows.cpp:3466), pid=7376, tid=2688
#
# JRE version: Java(TM) SE Runtime Environment (16.0.2+7) (build 16.0.2+7-67)
# Java VM: Java HotSpot(TM) 64-Bit Server VM (16.0.2+7-67, mixed mode, sharing, tiered, compressed oops, compressed class ptrs, g1 gc, windows-amd64)
# No core dump will be written. Minidumps are not enabled by default on client versions of Windows
#

---------------  S U M M A R Y ------------

Command Line: --add-opens=java.base/java.util=ALL-UNNAMED --add-opens=java.base/java.lang=ALL-UNNAMED --add-opens=java.base/java.lang.invoke=ALL-UNNAMED --add-opens=java.base/java.util=ALL-UNNAMED --add-opens=java.prefs/java.util.prefs=ALL-UNNAMED --add-opens=java.prefs/java.util.prefs=ALL-UNNAMED --add-opens=java.base/java.nio.charset=ALL-UNNAMED --add-opens=java.base/java.net=ALL-UNNAMED --add-opens=java.base/java.util.concurrent.atomic=ALL-UNNAMED -Xmx2048m -Dfile.encoding=UTF-8 -Duser.country=US -Duser.language=en -Duser.variant org.gradle.launcher.daemon.bootstrap.GradleDaemon 7.3.3

Host: Intel(R) Core(TM) i7-1065G7 CPU @ 1.30GHz, 8 cores, 7G,  Windows 10 , 64 bit Build 19041 (10.0.19041.1889)
Time: Mon Aug 22 19:12:27 2022 Egypt Standard Time elapsed time: 12.294301 seconds (0d 0h 0m 12s)

---------------  T H R E A D  ---------------

Current thread (0x000001ed726c9dc0):  VMThread "VM Thread" [stack: 0x000000cd38600000,0x000000cd38700000] [id=2688]

Stack: [0x000000cd38600000,0x000000cd38700000]
Native frames: (J=compiled Java code, j=interpreted, Vv=VM code, C=native code)
V  [jvm.dll+0x6681ca]
V  [jvm.dll+0x7c9e69]
V  [jvm.dll+0x7cb61e]
V  [jvm.dll+0x7cbc73]
V  [jvm.dll+0x242c55]
V  [jvm.dll+0x664f89]
V  [jvm.dll+0x659b75]
V  [jvm.dll+0x2fbfbb]
V  [jvm.dll+0x3031b6]
V  [jvm.dll+0x35299e]
V  [jvm.dll+0x352bcf]
V  [jvm.dll+0x2d3028]
V  [jvm.dll+0x2d0bb5]
V  [jvm.dll+0x2d01ec]
V  [jvm.dll+0x315693]
V  [jvm.dll+0x7d00ab]
V  [jvm.dll+0x7d0da4]
V  [jvm.dll+0x7d12a9]
V  [jvm.dll+0x7d1564]
V  [jvm.dll+0x7d1630]
V  [jvm.dll+0x7795aa]
V  [jvm.dll+0x667066]
C  [ucrtbase.dll+0x21bb2]
C  [KERNEL32.DLL+0x17034]
C  [ntdll.dll+0x52651]

VM_Operation (0x000000cd412f8b20): G1TryInitiateConcMark, mode: safepoint, requested by thread 0x000001ed792a2f40


---------------  P R O C E S S  ---------------

Threads class SMR info:
_java_thread_list=0x000001ed76186340, length=146, elements={
0x000001ed5268b490, 0x000001ed726cfbd0, 0x000001ed726d06e0, 0x000001ed726dc4c0,
0x000001ed726e0df0, 0x000001ed726e3710, 0x000001ed726e5030, 0x000001ed726e5d20,
0x000001ed726efd50, 0x000001ed726fe180, 0x000001ed731b16d0, 0x000001ed731b70f0,
0x000001ed73240f50, 0x000001ed7365de20, 0x000001ed744aecf0, 0x000001ed744ad7b0,
0x000001ed744add00, 0x000001ed744ae7a0, 0x000001ed744ae250, 0x000001ed74cad340,
0x000001ed74cad890, 0x000001ed74cafdc0, 0x000001ed74cb0310, 0x000001ed74cae330,
0x000001ed74cae880, 0x000001ed74cb32e0, 0x000001ed74cb1300, 0x000001ed74cb1850,
0x000001ed74cadde0, 0x000001ed74caedd0, 0x000001ed74cacdf0, 0x000001ed74cb2840,
0x000001ed74caf320, 0x000001ed74cb1da0, 0x000001ed74cb22f0, 0x000001ed74cb2d90,
0x000001ed74cb0860, 0x000001ed74cb0db0, 0x000001ed74cb3830, 0x000001ed74cac350,
0x000001ed78601190, 0x000001ed786001a0, 0x000001ed786006f0, 0x000001ed78602c20,
0x000001ed786016e0, 0x000001ed785fec60, 0x000001ed785fdc70, 0x000001ed786046b0,
0x000001ed785ff700, 0x000001ed785ff1b0, 0x000001ed785ffc50, 0x000001ed785fd720,
0x000001ed78600c40, 0x000001ed785fe1c0, 0x000001ed786026d0, 0x000001ed785fe710,
0x000001ed78601c30, 0x000001ed78602180, 0x000001ed78603170, 0x000001ed78604160,
0x000001ed786036c0, 0x000001ed78603c10, 0x000001ed785fcc80, 0x000001ed785fd1d0,
0x000001ed79bf3b10, 0x000001ed79bf5050, 0x000001ed79bf6590, 0x000001ed79bf5af0,
0x000001ed79befb50, 0x000001ed79bf3070, 0x000001ed79bf35c0, 0x000001ed79bef0b0,
0x000001ed79bf45b0, 0x000001ed79beeb60, 0x000001ed79bf55a0, 0x000001ed79bf6040,
0x000001ed79bf1090, 0x000001ed79bf00a0, 0x000001ed79bf0b40, 0x000001ed79bf4060,
0x000001ed79bf4b00, 0x000001ed79bef600, 0x000001ed79bf05f0, 0x000001ed79bf15e0,
0x000001ed79bf2080, 0x000001ed79bf1b30, 0x000001ed79bf25d0, 0x000001ed79bf2b20,
0x000001ed784e97d0, 0x000001ed784e7d40, 0x000001ed784e52c0, 0x000001ed784ea270,
0x000001ed784e4d70, 0x000001ed784ea7c0, 0x000001ed784e77f0, 0x000001ed784e5810,
0x000001ed784e5d60, 0x000001ed784e62b0, 0x000001ed784e8290, 0x000001ed784e9280,
0x000001ed784e6800, 0x000001ed784e8d30, 0x000001ed784eb260, 0x000001ed784e42d0,
0x000001ed784ead10, 0x000001ed784e6d50, 0x000001ed784e72a0, 0x000001ed784e9d20,
0x000001ed784e87e0, 0x000001ed784e3830, 0x000001ed784e3d80, 0x000001ed784e4820,
0x000001ed792a6460, 0x000001ed792a4f20, 0x000001ed792a39e0, 0x000001ed792a1f50,
0x000001ed792a6f00, 0x000001ed792a29f0, 0x000001ed792a24a0, 0x000001ed792a5470,
0x000001ed792a59c0, 0x000001ed792a3f30, 0x000001ed792a4480, 0x000001ed792a69b0,
0x000001ed7929ff70, 0x000001ed792a0a10, 0x000001ed792a49d0, 0x000001ed792a1a00,
0x000001ed792a7450, 0x000001ed792a14b0, 0x000001ed792a5f10, 0x000001ed792a2f40,
0x000001ed792a3490, 0x000001ed76f77570, 0x000001ed76f79000, 0x000001ed76f76ad0,
0x000001ed76f77020, 0x000001ed76f7afe0, 0x000001ed76f78010, 0x000001ed76f7cfc0,
0x000001ed76f7da60, 0x000001ed76f78560, 0x000001ed76f79550, 0x000001ed76f78ab0,
0x000001ed76f7ba80, 0x000001ed76f7b530
}

Java Threads: ( => current thread )
  0x000001ed5268b490 JavaThread "main" [_thread_blocked, id=1728, stack(0x000000cd38000000,0x000000cd38100000)]
  0x000001ed726cfbd0 JavaThread "Reference Handler" daemon [_thread_blocked, id=12848, stack(0x000000cd38700000,0x000000cd38800000)]
  0x000001ed726d06e0 JavaThread "Finalizer" daemon [_thread_blocked, id=856, stack(0x000000cd38800000,0x000000cd38900000)]
  0x000001ed726dc4c0 JavaThread "Signal Dispatcher" daemon [_thread_blocked, id=5552, stack(0x000000cd38900000,0x000000cd38a00000)]
  0x000001ed726e0df0 JavaThread "Attach Listener" daemon [_thread_blocked, id=11280, stack(0x000000cd38a00000,0x000000cd38b00000)]
  0x000001ed726e3710 JavaThread "Service Thread" daemon [_thread_blocked, id=3868, stack(0x000000cd38b00000,0x000000cd38c00000)]
  0x000001ed726e5030 JavaThread "Monitor Deflation Thread" daemon [_thread_blocked, id=1928, stack(0x000000cd38c00000,0x000000cd38d00000)]
  0x000001ed726e5d20 JavaThread "C2 CompilerThread0" daemon [_thread_in_native, id=6256, stack(0x000000cd38d00000,0x000000cd38e00000)]
  0x000001ed726efd50 JavaThread "C1 CompilerThread0" daemon [_thread_blocked, id=3696, stack(0x000000cd38e00000,0x000000cd38f00000)]
  0x000001ed726fe180 JavaThread "Sweeper thread" daemon [_thread_blocked, id=12760, stack(0x000000cd38f00000,0x000000cd39000000)]
  0x000001ed731b16d0 JavaThread "Common-Cleaner" daemon [_thread_blocked, id=8756, stack(0x000000cd39000000,0x000000cd39100000)]
  0x000001ed731b70f0 JavaThread "Notification Thread" daemon [_thread_blocked, id=4620, stack(0x000000cd39100000,0x000000cd39200000)]
  0x000001ed73240f50 JavaThread "C2 CompilerThread1" daemon [_thread_in_native, id=11416, stack(0x000000cd39300000,0x000000cd39400000)]
  0x000001ed7365de20 JavaThread "C2 CompilerThread2" daemon [_thread_blocked, id=12748, stack(0x000000cd39700000,0x000000cd39800000)]
  0x000001ed744aecf0 JavaThread "Daemon health stats" [_thread_blocked, id=10324, stack(0x000000cd39900000,0x000000cd39a00000)]
  0x000001ed744ad7b0 JavaThread "Incoming local TCP Connector on port 63837" [_thread_in_native, id=3568, stack(0x000000cd39a00000,0x000000cd39b00000)]
  0x000001ed744add00 JavaThread "Daemon periodic checks" [_thread_blocked, id=6692, stack(0x000000cd39b00000,0x000000cd39c00000)]
  0x000001ed744ae7a0 JavaThread "Daemon" [_thread_blocked, id=4352, stack(0x000000cd39c00000,0x000000cd39d00000)]
  0x000001ed744ae250 JavaThread "Handler for socket connection from /127.0.0.1:63837 to /127.0.0.1:63838" [_thread_in_native, id=9828, stack(0x000000cd39d00000,0x000000cd39e00000)]
  0x000001ed74cad340 JavaThread "Cancel handler" [_thread_blocked, id=12728, stack(0x000000cd39e00000,0x000000cd39f00000)]
  0x000001ed74cad890 JavaThread "Daemon worker" [_thread_blocked, id=1880, stack(0x000000cd39f00000,0x000000cd3a000000)]
  0x000001ed74cafdc0 JavaThread "Asynchronous log dispatcher for DefaultDaemonConnection: socket connection from /127.0.0.1:63837 to /127.0.0.1:63838" [_thread_blocked, id=2832, stack(0x000000cd3a000000,0x000000cd3a100000)]
  0x000001ed74cb0310 JavaThread "Stdin handler" [_thread_blocked, id=10924, stack(0x000000cd3a100000,0x000000cd3a200000)]
  0x000001ed74cae330 JavaThread "Daemon client event forwarder" [_thread_blocked, id=8004, stack(0x000000cd3a200000,0x000000cd3a300000)]
  0x000001ed74cae880 JavaThread "Cache worker for journal cache (C:\Users\ITECH\.gradle\caches\journal-1)" [_thread_blocked, id=10412, stack(0x000000cd3a300000,0x000000cd3a400000)]
  0x000001ed74cb32e0 JavaThread "File lock request listener" [_thread_in_native, id=13300, stack(0x000000cd3a400000,0x000000cd3a500000)]
  0x000001ed74cb1300 JavaThread "Cache worker for file hash cache (C:\Users\ITECH\.gradle\caches\7.3.3\fileHashes)" [_thread_blocked, id=12724, stack(0x000000cd3a500000,0x000000cd3a600000)]
  0x000001ed74cb1850 JavaThread "Cache worker for file hash cache (C:\Users\ITECH\AndroidStudioProjects\yummy\.gradle\7.3.3\fileHashes)" [_thread_blocked, id=3232, stack(0x000000cd3a600000,0x000000cd3a700000)]
  0x000001ed74cadde0 JavaThread "File watcher server" daemon [_thread_blocked, id=7932, stack(0x000000cd3aa00000,0x000000cd3ab00000)]
  0x000001ed74caedd0 JavaThread "File watcher consumer" daemon [_thread_blocked, id=2888, stack(0x000000cd3ab00000,0x000000cd3ac00000)]
  0x000001ed74cacdf0 JavaThread "Cache worker for checksums cache (C:\Users\ITECH\AndroidStudioProjects\yummy\.gradle\7.3.3\checksums)" [_thread_blocked, id=9212, stack(0x000000cd3ac00000,0x000000cd3ad00000)]
  0x000001ed74cb2840 JavaThread "Cache worker for cache directory md-supplier (C:\Users\ITECH\.gradle\caches\7.3.3\md-supplier)" [_thread_blocked, id=10900, stack(0x000000cd3ad00000,0x000000cd3ae00000)]
  0x000001ed74caf320 JavaThread "Cache worker for cache directory md-rule (C:\Users\ITECH\.gradle\caches\7.3.3\md-rule)" [_thread_blocked, id=10164, stack(0x000000cd3ae00000,0x000000cd3af00000)]
  0x000001ed74cb1da0 JavaThread "Cache worker for execution history cache (C:\Users\ITECH\.gradle\caches\7.3.3\executionHistory)" [_thread_blocked, id=12944, stack(0x000000cd3b000000,0x000000cd3b100000)]
  0x000001ed74cb22f0 JavaThread "jar transforms" [_thread_blocked, id=9460, stack(0x000000cd3b100000,0x000000cd3b200000)]
  0x000001ed74cb2d90 JavaThread "Cache worker for file content cache (C:\Users\ITECH\.gradle\caches\7.3.3\fileContent)" [_thread_blocked, id=10376, stack(0x000000cd3b200000,0x000000cd3b300000)]
  0x000001ed74cb0860 JavaThread "jar transforms Thread 2" [_thread_blocked, id=2880, stack(0x000000cd3b300000,0x000000cd3b400000)]
  0x000001ed74cb0db0 JavaThread "Cache worker for dependencies-accessors (C:\Users\ITECH\AndroidStudioProjects\yummy\.gradle\7.3.3\dependencies-accessors)" [_thread_blocked, id=7420, stack(0x000000cd3b400000,0x000000cd3b500000)]
  0x000001ed74cb3830 JavaThread "jar transforms Thread 3" [_thread_blocked, id=6012, stack(0x000000cd3b500000,0x000000cd3b600000)]
  0x000001ed74cac350 JavaThread "Cache worker for Build Output Cleanup Cache (C:\Users\ITECH\AndroidStudioProjects\yummy\.gradle\buildOutputCleanup)" [_thread_blocked, id=9380, stack(0x000000cd3b600000,0x000000cd3b700000)]
  0x000001ed78601190 JavaThread "Unconstrained build operations" [_thread_blocked, id=9904, stack(0x000000cd3b700000,0x000000cd3b800000)]
  0x000001ed786001a0 JavaThread "Unconstrained build operations Thread 2" [_thread_blocked, id=5028, stack(0x000000cd3b800000,0x000000cd3b900000)]
  0x000001ed786006f0 JavaThread "Unconstrained build operations Thread 3" [_thread_blocked, id=2800, stack(0x000000cd3b900000,0x000000cd3ba00000)]
  0x000001ed78602c20 JavaThread "Unconstrained build operations Thread 4" [_thread_blocked, id=9084, stack(0x000000cd3ba00000,0x000000cd3bb00000)]
  0x000001ed786016e0 JavaThread "Unconstrained build operations Thread 5" [_thread_blocked, id=8152, stack(0x000000cd3bb00000,0x000000cd3bc00000)]
  0x000001ed785fec60 JavaThread "Unconstrained build operations Thread 6" [_thread_blocked, id=5656, stack(0x000000cd3bc00000,0x000000cd3bd00000)]
  0x000001ed785fdc70 JavaThread "Unconstrained build operations Thread 7" [_thread_blocked, id=4512, stack(0x000000cd3bd00000,0x000000cd3be00000)]
  0x000001ed786046b0 JavaThread "Unconstrained build operations Thread 8" [_thread_blocked, id=10400, stack(0x000000cd3be00000,0x000000cd3bf00000)]
  0x000001ed785ff700 JavaThread "Unconstrained build operations Thread 9" [_thread_blocked, id=8312, stack(0x000000cd3bf00000,0x000000cd3c000000)]
  0x000001ed785ff1b0 JavaThread "Unconstrained build operations Thread 10" [_thread_blocked, id=4840, stack(0x000000cd3c000000,0x000000cd3c100000)]
  0x000001ed785ffc50 JavaThread "Unconstrained build operations Thread 11" [_thread_blocked, id=12028, stack(0x000000cd3c100000,0x000000cd3c200000)]
  0x000001ed785fd720 JavaThread "Unconstrained build operations Thread 12" [_thread_blocked, id=11968, stack(0x000000cd3c200000,0x000000cd3c300000)]
  0x000001ed78600c40 JavaThread "Unconstrained build operations Thread 13" [_thread_blocked, id=3440, stack(0x000000cd3c300000,0x000000cd3c400000)]
  0x000001ed785fe1c0 JavaThread "Unconstrained build operations Thread 14" [_thread_blocked, id=7052, stack(0x000000cd3c400000,0x000000cd3c500000)]
  0x000001ed786026d0 JavaThread "Unconstrained build operations Thread 15" [_thread_blocked, id=10128, stack(0x000000cd3c500000,0x000000cd3c600000)]
  0x000001ed785fe710 JavaThread "Unconstrained build operations Thread 16" [_thread_blocked, id=2628, stack(0x000000cd3c600000,0x000000cd3c700000)]
  0x000001ed78601c30 JavaThread "Unconstrained build operations Thread 17" [_thread_blocked, id=8956, stack(0x000000cd3c700000,0x000000cd3c800000)]
  0x000001ed78602180 JavaThread "Unconstrained build operations Thread 18" [_thread_blocked, id=3940, stack(0x000000cd3c800000,0x000000cd3c900000)]
  0x000001ed78603170 JavaThread "Unconstrained build operations Thread 19" [_thread_blocked, id=9944, stack(0x000000cd3c900000,0x000000cd3ca00000)]
  0x000001ed78604160 JavaThread "Unconstrained build operations Thread 20" [_thread_blocked, id=10276, stack(0x000000cd3ca00000,0x000000cd3cb00000)]
  0x000001ed786036c0 JavaThread "Unconstrained build operations Thread 21" [_thread_blocked, id=12336, stack(0x000000cd3cb00000,0x000000cd3cc00000)]
  0x000001ed78603c10 JavaThread "Unconstrained build operations Thread 22" [_thread_blocked, id=6972, stack(0x000000cd3cc00000,0x000000cd3cd00000)]
  0x000001ed785fcc80 JavaThread "Unconstrained build operations Thread 23" [_thread_blocked, id=4796, stack(0x000000cd3cd00000,0x000000cd3ce00000)]
  0x000001ed785fd1d0 JavaThread "Unconstrained build operations Thread 24" [_thread_blocked, id=12020, stack(0x000000cd3ce00000,0x000000cd3cf00000)]
  0x000001ed79bf3b10 JavaThread "Unconstrained build operations Thread 25" [_thread_blocked, id=3096, stack(0x000000cd3cf00000,0x000000cd3d000000)]
  0x000001ed79bf5050 JavaThread "Unconstrained build operations Thread 26" [_thread_blocked, id=12172, stack(0x000000cd3d000000,0x000000cd3d100000)]
  0x000001ed79bf6590 JavaThread "Unconstrained build operations Thread 27" [_thread_blocked, id=1428, stack(0x000000cd3d100000,0x000000cd3d200000)]
  0x000001ed79bf5af0 JavaThread "Unconstrained build operations Thread 28" [_thread_blocked, id=7776, stack(0x000000cd3d200000,0x000000cd3d300000)]
  0x000001ed79befb50 JavaThread "Unconstrained build operations Thread 29" [_thread_blocked, id=2680, stack(0x000000cd3d300000,0x000000cd3d400000)]
  0x000001ed79bf3070 JavaThread "Unconstrained build operations Thread 30" [_thread_blocked, id=1496, stack(0x000000cd3d400000,0x000000cd3d500000)]
  0x000001ed79bf35c0 JavaThread "Unconstrained build operations Thread 31" [_thread_blocked, id=8892, stack(0x000000cd3d500000,0x000000cd3d600000)]
  0x000001ed79bef0b0 JavaThread "Unconstrained build operations Thread 32" [_thread_blocked, id=9600, stack(0x000000cd3d600000,0x000000cd3d700000)]
  0x000001ed79bf45b0 JavaThread "Unconstrained build operations Thread 33" [_thread_blocked, id=5420, stack(0x000000cd3d700000,0x000000cd3d800000)]
  0x000001ed79beeb60 JavaThread "Unconstrained build operations Thread 34" [_thread_blocked, id=9572, stack(0x000000cd3d800000,0x000000cd3d900000)]
  0x000001ed79bf55a0 JavaThread "Unconstrained build operations Thread 35" [_thread_blocked, id=10748, stack(0x000000cd3d900000,0x000000cd3da00000)]
  0x000001ed79bf6040 JavaThread "Unconstrained build operations Thread 36" [_thread_blocked, id=2408, stack(0x000000cd3da00000,0x000000cd3db00000)]
  0x000001ed79bf1090 JavaThread "Unconstrained build operations Thread 37" [_thread_blocked, id=12912, stack(0x000000cd3db00000,0x000000cd3dc00000)]
  0x000001ed79bf00a0 JavaThread "Unconstrained build operations Thread 38" [_thread_blocked, id=3184, stack(0x000000cd3dc00000,0x000000cd3dd00000)]
  0x000001ed79bf0b40 JavaThread "Unconstrained build operations Thread 39" [_thread_blocked, id=1924, stack(0x000000cd3dd00000,0x000000cd3de00000)]
  0x000001ed79bf4060 JavaThread "Unconstrained build operations Thread 40" [_thread_blocked, id=2844, stack(0x000000cd3de00000,0x000000cd3df00000)]
  0x000001ed79bf4b00 JavaThread "Unconstrained build operations Thread 41" [_thread_blocked, id=11996, stack(0x000000cd3df00000,0x000000cd3e000000)]
  0x000001ed79bef600 JavaThread "Unconstrained build operations Thread 42" [_thread_blocked, id=4800, stack(0x000000cd3e000000,0x000000cd3e100000)]
  0x000001ed79bf05f0 JavaThread "Unconstrained build operations Thread 43" [_thread_blocked, id=5600, stack(0x000000cd3e100000,0x000000cd3e200000)]
  0x000001ed79bf15e0 JavaThread "Unconstrained build operations Thread 44" [_thread_blocked, id=10872, stack(0x000000cd3e200000,0x000000cd3e300000)]
  0x000001ed79bf2080 JavaThread "Unconstrained build operations Thread 45" [_thread_blocked, id=6800, stack(0x000000cd3e300000,0x000000cd3e400000)]
  0x000001ed79bf1b30 JavaThread "Unconstrained build operations Thread 46" [_thread_blocked, id=6952, stack(0x000000cd3e400000,0x000000cd3e500000)]
  0x000001ed79bf25d0 JavaThread "Unconstrained build operations Thread 47" [_thread_blocked, id=6828, stack(0x000000cd3e500000,0x000000cd3e600000)]
  0x000001ed79bf2b20 JavaThread "Unconstrained build operations Thread 48" [_thread_blocked, id=11456, stack(0x000000cd3e600000,0x000000cd3e700000)]
  0x000001ed784e97d0 JavaThread "Unconstrained build operations Thread 49" [_thread_blocked, id=10940, stack(0x000000cd3e700000,0x000000cd3e800000)]
  0x000001ed784e7d40 JavaThread "Unconstrained build operations Thread 50" [_thread_blocked, id=5304, stack(0x000000cd3e800000,0x000000cd3e900000)]
  0x000001ed784e52c0 JavaThread "Unconstrained build operations Thread 51" [_thread_blocked, id=1868, stack(0x000000cd3e900000,0x000000cd3ea00000)]
  0x000001ed784ea270 JavaThread "Unconstrained build operations Thread 52" [_thread_blocked, id=1568, stack(0x000000cd3ea00000,0x000000cd3eb00000)]
  0x000001ed784e4d70 JavaThread "Unconstrained build operations Thread 53" [_thread_blocked, id=11472, stack(0x000000cd3eb00000,0x000000cd3ec00000)]
  0x000001ed784ea7c0 JavaThread "Unconstrained build operations Thread 54" [_thread_blocked, id=10976, stack(0x000000cd3ec00000,0x000000cd3ed00000)]
  0x000001ed784e77f0 JavaThread "Unconstrained build operations Thread 55" [_thread_blocked, id=2076, stack(0x000000cd3ed00000,0x000000cd3ee00000)]
  0x000001ed784e5810 JavaThread "Unconstrained build operations Thread 56" [_thread_blocked, id=11460, stack(0x000000cd3ee00000,0x000000cd3ef00000)]
  0x000001ed784e5d60 JavaThread "Unconstrained build operations Thread 57" [_thread_blocked, id=10912, stack(0x000000cd3ef00000,0x000000cd3f000000)]
  0x000001ed784e62b0 JavaThread "Unconstrained build operations Thread 58" [_thread_blocked, id=9428, stack(0x000000cd3f000000,0x000000cd3f100000)]
  0x000001ed784e8290 JavaThread "Unconstrained build operations Thread 59" [_thread_blocked, id=12524, stack(0x000000cd3f100000,0x000000cd3f200000)]
  0x000001ed784e9280 JavaThread "Unconstrained build operations Thread 60" [_thread_blocked, id=5960, stack(0x000000cd3f200000,0x000000cd3f300000)]
  0x000001ed784e6800 JavaThread "Unconstrained build operations Thread 61" [_thread_blocked, id=4124, stack(0x000000cd3f300000,0x000000cd3f400000)]
  0x000001ed784e8d30 JavaThread "Unconstrained build operations Thread 62" [_thread_blocked, id=10352, stack(0x000000cd3f400000,0x000000cd3f500000)]
  0x000001ed784eb260 JavaThread "Unconstrained build operations Thread 63" [_thread_blocked, id=7236, stack(0x000000cd3f500000,0x000000cd3f600000)]
  0x000001ed784e42d0 JavaThread "Unconstrained build operations Thread 64" [_thread_blocked, id=10332, stack(0x000000cd3f600000,0x000000cd3f700000)]
  0x000001ed784ead10 JavaThread "Unconstrained build operations Thread 65" [_thread_blocked, id=4520, stack(0x000000cd3f700000,0x000000cd3f800000)]
  0x000001ed784e6d50 JavaThread "Unconstrained build operations Thread 66" [_thread_blocked, id=8948, stack(0x000000cd3f800000,0x000000cd3f900000)]
  0x000001ed784e72a0 JavaThread "Unconstrained build operations Thread 67" [_thread_blocked, id=7340, stack(0x000000cd3f900000,0x000000cd3fa00000)]
  0x000001ed784e9d20 JavaThread "Unconstrained build operations Thread 68" [_thread_blocked, id=11864, stack(0x000000cd3fa00000,0x000000cd3fb00000)]
  0x000001ed784e87e0 JavaThread "Unconstrained build operations Thread 69" [_thread_blocked, id=5504, stack(0x000000cd3fb00000,0x000000cd3fc00000)]
  0x000001ed784e3830 JavaThread "Unconstrained build operations Thread 70" [_thread_blocked, id=496, stack(0x000000cd3fc00000,0x000000cd3fd00000)]
  0x000001ed784e3d80 JavaThread "Unconstrained build operations Thread 71" [_thread_blocked, id=2120, stack(0x000000cd3fd00000,0x000000cd3fe00000)]
  0x000001ed784e4820 JavaThread "Unconstrained build operations Thread 72" [_thread_blocked, id=6388, stack(0x000000cd3fe00000,0x000000cd3ff00000)]
  0x000001ed792a6460 JavaThread "Unconstrained build operations Thread 73" [_thread_blocked, id=10880, stack(0x000000cd3ff00000,0x000000cd40000000)]
  0x000001ed792a4f20 JavaThread "Unconstrained build operations Thread 74" [_thread_blocked, id=11868, stack(0x000000cd40000000,0x000000cd40100000)]
  0x000001ed792a39e0 JavaThread "Unconstrained build operations Thread 75" [_thread_blocked, id=4844, stack(0x000000cd40100000,0x000000cd40200000)]
  0x000001ed792a1f50 JavaThread "Unconstrained build operations Thread 76" [_thread_blocked, id=7476, stack(0x000000cd40200000,0x000000cd40300000)]
  0x000001ed792a6f00 JavaThread "Unconstrained build operations Thread 77" [_thread_blocked, id=10848, stack(0x000000cd40300000,0x000000cd40400000)]
  0x000001ed792a29f0 JavaThread "Unconstrained build operations Thread 78" [_thread_blocked, id=9636, stack(0x000000cd40400000,0x000000cd40500000)]
  0x000001ed792a24a0 JavaThread "Unconstrained build operations Thread 79" [_thread_blocked, id=11260, stack(0x000000cd40500000,0x000000cd40600000)]
  0x000001ed792a5470 JavaThread "Unconstrained build operations Thread 80" [_thread_blocked, id=7648, stack(0x000000cd40600000,0x000000cd40700000)]
  0x000001ed792a59c0 JavaThread "jar transforms Thread 4" [_thread_blocked, id=6032, stack(0x000000cd40700000,0x000000cd40800000)]
  0x000001ed792a3f30 JavaThread "jar transforms Thread 5" [_thread_blocked, id=10864, stack(0x000000cd40800000,0x000000cd40900000)]
  0x000001ed792a4480 JavaThread "jar transforms Thread 6" [_thread_blocked, id=2084, stack(0x000000cd40900000,0x000000cd40a00000)]
  0x000001ed792a69b0 JavaThread "jar transforms Thread 7" [_thread_blocked, id=7276, stack(0x000000cd40a00000,0x000000cd40b00000)]
  0x000001ed7929ff70 JavaThread "jar transforms Thread 8" [_thread_blocked, id=2868, stack(0x000000cd40b00000,0x000000cd40c00000)]
  0x000001ed792a0a10 JavaThread "Memory manager" [_thread_blocked, id=6976, stack(0x000000cd40c00000,0x000000cd40d00000)]
  0x000001ed792a49d0 JavaThread "build event listener" [_thread_blocked, id=4440, stack(0x000000cd40d00000,0x000000cd40e00000)]
  0x000001ed792a1a00 JavaThread "pool-3-thread-1" [_thread_blocked, id=11812, stack(0x000000cd40e00000,0x000000cd40f00000)]
  0x000001ed792a7450 JavaThread "build event listener" [_thread_blocked, id=3688, stack(0x000000cd40f00000,0x000000cd41000000)]
  0x000001ed792a14b0 JavaThread "Execution worker for ':'" [_thread_blocked, id=1256, stack(0x000000cd41000000,0x000000cd41100000)]
  0x000001ed792a5f10 JavaThread "Execution worker for ':' Thread 2" [_thread_blocked, id=9308, stack(0x000000cd41100000,0x000000cd41200000)]
  0x000001ed792a2f40 JavaThread "Execution worker for ':' Thread 3" [_thread_blocked, id=3332, stack(0x000000cd41200000,0x000000cd41300000)]
  0x000001ed792a3490 JavaThread "Execution worker for ':' Thread 4" [_thread_blocked, id=7692, stack(0x000000cd41300000,0x000000cd41400000)]
  0x000001ed76f77570 JavaThread "Execution worker for ':' Thread 5" [_thread_blocked, id=1888, stack(0x000000cd41400000,0x000000cd41500000)]
  0x000001ed76f79000 JavaThread "Execution worker for ':' Thread 6" [_thread_blocked, id=9016, stack(0x000000cd41500000,0x000000cd41600000)]
  0x000001ed76f76ad0 JavaThread "Execution worker for ':' Thread 7" [_thread_blocked, id=5560, stack(0x000000cd41600000,0x000000cd41700000)]
  0x000001ed76f77020 JavaThread "Cache worker for execution history cache (C:\Users\ITECH\AndroidStudioProjects\yummy\.gradle\7.3.3\executionHistory)" [_thread_blocked, id=3388, stack(0x000000cd41700000,0x000000cd41800000)]
  0x000001ed76f7afe0 JavaThread "WorkerExecutor Queue" [_thread_blocked, id=4700, stack(0x000000cd41900000,0x000000cd41a00000)]
  0x000001ed76f78010 JavaThread "WorkerExecutor Queue Thread 2" [_thread_blocked, id=10116, stack(0x000000cd41a00000,0x000000cd41b00000)]
  0x000001ed76f7cfc0 JavaThread "WorkerExecutor Queue Thread 3" [_thread_blocked, id=12780, stack(0x000000cd41b00000,0x000000cd41c00000)]
  0x000001ed76f7da60 JavaThread "WorkerExecutor Queue Thread 4" [_thread_blocked, id=11976, stack(0x000000cd41c00000,0x000000cd41d00000)]
  0x000001ed76f78560 JavaThread "WorkerExecutor Queue Thread 5" [_thread_blocked, id=8620, stack(0x000000cd41d00000,0x000000cd41e00000)]
  0x000001ed76f79550 JavaThread "WorkerExecutor Queue Thread 6" [_thread_blocked, id=9496, stack(0x000000cd41e00000,0x000000cd41f00000)]
  0x000001ed76f78ab0 JavaThread "WorkerExecutor Queue Thread 7" [_thread_blocked, id=592, stack(0x000000cd41f00000,0x000000cd42000000)]
  0x000001ed76f7ba80 JavaThread "WorkerExecutor Queue Thread 8" [_thread_blocked, id=8180, stack(0x000000cd42000000,0x000000cd42100000)]
  0x000001ed76f7b530 JavaThread "Java2D Disposer" daemon [_thread_blocked, id=4100, stack(0x000000cd42100000,0x000000cd42200000)]

Other Threads:
=>0x000001ed726c9dc0 VMThread "VM Thread" [stack: 0x000000cd38600000,0x000000cd38700000] [id=2688]
  0x000001ed731b7610 WatcherThread [stack: 0x000000cd39200000,0x000000cd39300000] [id=3364]
  0x000001ed526caee0 GCTaskThread "GC Thread#0" [stack: 0x000000cd38100000,0x000000cd38200000] [id=9916]
  0x000001ed73dfd340 GCTaskThread "GC Thread#1" [stack: 0x000000cd39400000,0x000000cd39500000] [id=10988]
  0x000001ed741bb7f0 GCTaskThread "GC Thread#2" [stack: 0x000000cd39500000,0x000000cd39600000] [id=3788]
  0x000001ed736a9da0 GCTaskThread "GC Thread#3" [stack: 0x000000cd39600000,0x000000cd39700000] [id=6020]
  0x000001ed73216850 GCTaskThread "GC Thread#4" [stack: 0x000000cd39800000,0x000000cd39900000] [id=3744]
  0x000001ed7541dae0 GCTaskThread "GC Thread#5" [stack: 0x000000cd3a700000,0x000000cd3a800000] [id=3952]
  0x000001ed7541f050 GCTaskThread "GC Thread#6" [stack: 0x000000cd3a800000,0x000000cd3a900000] [id=596]
  0x000001ed7541d4c0 GCTaskThread "GC Thread#7" [stack: 0x000000cd3a900000,0x000000cd3aa00000] [id=8944]
  0x000001ed526dbf30 ConcurrentGCThread "G1 Main Marker" [stack: 0x000000cd38200000,0x000000cd38300000] [id=12104]
  0x000001ed526dc930 ConcurrentGCThread "G1 Conc#0" [stack: 0x000000cd38300000,0x000000cd38400000] [id=7424]
  0x000001ed78c83b90 ConcurrentGCThread "G1 Conc#1" [stack: 0x000000cd3af00000,0x000000cd3b000000] [id=1060]
  0x000001ed52767480 ConcurrentGCThread "G1 Refine#0" [stack: 0x000000cd38400000,0x000000cd38500000] [id=9220]
  0x000001ed7c1346e0 ConcurrentGCThread "G1 Refine#1" [stack: 0x000000cd41800000,0x000000cd41900000] [id=12124]
  0x000001ed52768e20 ConcurrentGCThread "G1 Service" [stack: 0x000000cd38500000,0x000000cd38600000] [id=3796]

Threads with active compile tasks:
C2 CompilerThread0    12334 10797       4       com.android.ide.common.blame.MergingLogPersistUtil$$Lambda$1236/0x00000008016c0410::accept (12 bytes)
C2 CompilerThread1    12334 10828       4       com.android.ide.common.resources.NodeUtils::updateNamespace (161 bytes)
C2 CompilerThread2    12334 10876       4       com.android.utils.XmlUtils::toXmlAttributeValue (89 bytes)

VM state: at safepoint (normal execution)

VM Mutex/Monitor currently owned by a thread:  ([mutex/lock_event])
[0x000001ed526887e0] Threads_lock - owner thread: 0x000001ed726c9dc0
[0x000001ed526886c0] Heap_lock - owner thread: 0x000001ed792a2f40

Heap address: 0x0000000080000000, size: 2048 MB, Compressed Oops mode: 32-bit

CDS archive(s) mapped at: [0x0000000800000000-0x0000000800bb0000-0x0000000800bb0000), size 12255232, SharedBaseAddress: 0x0000000800000000, ArchiveRelocationMode: 0.
Compressed class space mapped at: 0x0000000800c00000-0x0000000840c00000, reserved size: 1073741824
Narrow klass base: 0x0000000800000000, Narrow klass shift: 3, Narrow klass range: 0x100000000

GC Precious Log:
 CPUs: 8 total, 8 available
 Memory: 7959M
 Large Page Support: Disabled
 NUMA Support: Disabled
 Compressed Oops: Enabled (32-bit)
 Heap Region Size: 1M
 Heap Min Capacity: 8M
 Heap Initial Capacity: 126M
 Heap Max Capacity: 2G
 Pre-touch: Disabled
 Parallel Workers: 8
 Concurrent Workers: 2
 Concurrent Refinement Workers: 8
 Periodic GC: Disabled

Heap:
 garbage-first heap   total 196608K, used 107504K [0x0000000080000000, 0x0000000100000000)
  region size 1024K, 5 young (5120K), 5 survivors (5120K)
 Metaspace       used 79748K, committed 80320K, reserved 1122304K
  class space    used 10579K, committed 10880K, reserved 1048576K

Heap Regions: E=young(eden), S=young(survivor), O=old, HS=humongous(starts), HC=humongous(continues), CS=collection set, F=free, OA=open archive, CA=closed archive, TAMS=top-at-mark-start (previous, next)
|   0|0x0000000080000000, 0x0000000080100000, 0x0000000080100000|100%| O|  |TAMS 0x0000000080100000, 0x0000000080100000| Untracked 
|   1|0x0000000080100000, 0x0000000080200000, 0x0000000080200000|100%| O|  |TAMS 0x0000000080200000, 0x0000000080200000| Untracked 
|   2|0x0000000080200000, 0x0000000080300000, 0x0000000080300000|100%| O|  |TAMS 0x0000000080300000, 0x0000000080300000| Untracked 
|   3|0x0000000080300000, 0x0000000080400000, 0x0000000080400000|100%|HS|  |TAMS 0x0000000080400000, 0x0000000080400000| Complete 
|   4|0x0000000080400000, 0x0000000080500000, 0x0000000080500000|100%|HC|  |TAMS 0x0000000080500000, 0x0000000080500000| Complete 
|   5|0x0000000080500000, 0x0000000080600000, 0x0000000080600000|100%|HC|  |TAMS 0x0000000080600000, 0x0000000080600000| Complete 
|   6|0x0000000080600000, 0x0000000080700000, 0x0000000080700000|100%| O|  |TAMS 0x0000000080700000, 0x0000000080700000| Untracked 
|   7|0x0000000080700000, 0x0000000080800000, 0x0000000080800000|100%| O|  |TAMS 0x0000000080800000, 0x0000000080800000| Untracked 
|   8|0x0000000080800000, 0x0000000080900000, 0x0000000080900000|100%| O|  |TAMS 0x0000000080900000, 0x0000000080900000| Untracked 
|   9|0x0000000080900000, 0x0000000080a00000, 0x0000000080a00000|100%| O|  |TAMS 0x0000000080a00000, 0x0000000080a00000| Untracked 
|  10|0x0000000080a00000, 0x0000000080b00000, 0x0000000080b00000|100%| O|  |TAMS 0x0000000080b00000, 0x0000000080b00000| Untracked 
|  11|0x0000000080b00000, 0x0000000080c00000, 0x0000000080c00000|100%| O|  |TAMS 0x0000000080c00000, 0x0000000080c00000| Untracked 
|  12|0x0000000080c00000, 0x0000000080d00000, 0x0000000080d00000|100%| O|  |TAMS 0x0000000080d00000, 0x0000000080d00000| Untracked 
|  13|0x0000000080d00000, 0x0000000080e00000, 0x0000000080e00000|100%| O|  |TAMS 0x0000000080e00000, 0x0000000080e00000| Untracked 
|  14|0x0000000080e00000, 0x0000000080f00000, 0x0000000080f00000|100%| O|  |TAMS 0x0000000080f00000, 0x0000000080f00000| Untracked 
|  15|0x0000000080f00000, 0x0000000081000000, 0x0000000081000000|100%| O|  |TAMS 0x0000000081000000, 0x0000000081000000| Untracked 
|  16|0x0000000081000000, 0x0000000081100000, 0x0000000081100000|100%| O|  |TAMS 0x0000000081100000, 0x0000000081100000| Untracked 
|  17|0x0000000081100000, 0x0000000081200000, 0x0000000081200000|100%| O|  |TAMS 0x0000000081200000, 0x0000000081200000| Untracked 
|  18|0x0000000081200000, 0x0000000081241e00, 0x0000000081300000| 25%| O|  |TAMS 0x0000000081241e00, 0x0000000081241e00| Untracked 
|  19|0x0000000081300000, 0x0000000081400000, 0x0000000081400000|100%| O|  |TAMS 0x0000000081400000, 0x0000000081400000| Untracked 
|  20|0x0000000081400000, 0x0000000081500000, 0x0000000081500000|100%|HS|  |TAMS 0x0000000081500000, 0x0000000081500000| Complete 
|  21|0x0000000081500000, 0x0000000081600000, 0x0000000081600000|100%| O|  |TAMS 0x0000000081600000, 0x0000000081600000| Untracked 
|  22|0x0000000081600000, 0x0000000081700000, 0x0000000081700000|100%| O|  |TAMS 0x0000000081700000, 0x0000000081700000| Untracked 
|  23|0x0000000081700000, 0x0000000081800000, 0x0000000081800000|100%| O|  |TAMS 0x0000000081800000, 0x0000000081800000| Untracked 
|  24|0x0000000081800000, 0x0000000081900000, 0x0000000081900000|100%| O|  |TAMS 0x0000000081900000, 0x0000000081900000| Untracked 
|  25|0x0000000081900000, 0x0000000081a00000, 0x0000000081a00000|100%| O|  |TAMS 0x0000000081a00000, 0x0000000081a00000| Untracked 
|  26|0x0000000081a00000, 0x0000000081b00000, 0x0000000081b00000|100%|HS|  |TAMS 0x0000000081b00000, 0x0000000081b00000| Complete 
|  27|0x0000000081b00000, 0x0000000081c00000, 0x0000000081c00000|100%|HS|  |TAMS 0x0000000081c00000, 0x0000000081c00000| Complete 
|  28|0x0000000081c00000, 0x0000000081d00000, 0x0000000081d00000|100%|HC|  |TAMS 0x0000000081d00000, 0x0000000081d00000| Complete 
|  29|0x0000000081d00000, 0x0000000081e00000, 0x0000000081e00000|100%| O|  |TAMS 0x0000000081e00000, 0x0000000081e00000| Untracked 
|  30|0x0000000081e00000, 0x0000000081f00000, 0x0000000081f00000|100%| O|  |TAMS 0x0000000081f00000, 0x0000000081f00000| Untracked 
|  31|0x0000000081f00000, 0x0000000082000000, 0x0000000082000000|100%| O|  |TAMS 0x0000000082000000, 0x0000000082000000| Untracked 
|  32|0x0000000082000000, 0x0000000082100000, 0x0000000082100000|100%| O|  |TAMS 0x0000000082100000, 0x0000000082100000| Untracked 
|  33|0x0000000082100000, 0x0000000082200000, 0x0000000082200000|100%| O|  |TAMS 0x0000000082200000, 0x0000000082200000| Untracked 
|  34|0x0000000082200000, 0x0000000082300000, 0x0000000082300000|100%| O|  |TAMS 0x0000000082300000, 0x0000000082300000| Untracked 
|  35|0x0000000082300000, 0x0000000082400000, 0x0000000082400000|100%| O|  |TAMS 0x0000000082400000, 0x0000000082400000| Untracked 
|  36|0x0000000082400000, 0x0000000082500000, 0x0000000082500000|100%| O|  |TAMS 0x0000000082500000, 0x0000000082500000| Untracked 
|  37|0x0000000082500000, 0x0000000082600000, 0x0000000082600000|100%| O|  |TAMS 0x0000000082600000, 0x0000000082600000| Untracked 
|  38|0x0000000082600000, 0x0000000082700000, 0x0000000082700000|100%| O|  |TAMS 0x0000000082700000, 0x0000000082700000| Untracked 
|  39|0x0000000082700000, 0x0000000082800000, 0x0000000082800000|100%| O|  |TAMS 0x0000000082800000, 0x0000000082800000| Untracked 
|  40|0x0000000082800000, 0x0000000082900000, 0x0000000082900000|100%| O|  |TAMS 0x0000000082900000, 0x0000000082900000| Untracked 
|  41|0x0000000082900000, 0x0000000082a00000, 0x0000000082a00000|100%| O|  |TAMS 0x0000000082a00000, 0x0000000082a00000| Untracked 
|  42|0x0000000082a00000, 0x0000000082b00000, 0x0000000082b00000|100%| O|  |TAMS 0x0000000082b00000, 0x0000000082b00000| Untracked 
|  43|0x0000000082b00000, 0x0000000082c00000, 0x0000000082c00000|100%| O|  |TAMS 0x0000000082c00000, 0x0000000082c00000| Untracked 
|  44|0x0000000082c00000, 0x0000000082d00000, 0x0000000082d00000|100%| O|  |TAMS 0x0000000082d00000, 0x0000000082d00000| Untracked 
|  45|0x0000000082d00000, 0x0000000082e00000, 0x0000000082e00000|100%| O|  |TAMS 0x0000000082e00000, 0x0000000082e00000| Untracked 
|  46|0x0000000082e00000, 0x0000000082f00000, 0x0000000082f00000|100%| O|  |TAMS 0x0000000082f00000, 0x0000000082f00000| Untracked 
|  47|0x0000000082f00000, 0x0000000083000000, 0x0000000083000000|100%| O|  |TAMS 0x0000000083000000, 0x0000000083000000| Untracked 
|  48|0x0000000083000000, 0x0000000083100000, 0x0000000083100000|100%| O|  |TAMS 0x0000000083100000, 0x0000000083100000| Untracked 
|  49|0x0000000083100000, 0x0000000083200000, 0x0000000083200000|100%| O|  |TAMS 0x0000000083200000, 0x0000000083200000| Untracked 
|  50|0x0000000083200000, 0x0000000083300000, 0x0000000083300000|100%| O|  |TAMS 0x0000000083300000, 0x0000000083300000| Untracked 
|  51|0x0000000083300000, 0x0000000083400000, 0x0000000083400000|100%| O|  |TAMS 0x0000000083400000, 0x0000000083400000| Untracked 
|  52|0x0000000083400000, 0x0000000083500000, 0x0000000083500000|100%| O|  |TAMS 0x0000000083500000, 0x0000000083500000| Untracked 
|  53|0x0000000083500000, 0x0000000083600000, 0x0000000083600000|100%| O|  |TAMS 0x0000000083600000, 0x0000000083600000| Untracked 
|  54|0x0000000083600000, 0x0000000083700000, 0x0000000083700000|100%| O|  |TAMS 0x0000000083700000, 0x0000000083700000| Untracked 
|  55|0x0000000083700000, 0x0000000083800000, 0x0000000083800000|100%| O|  |TAMS 0x0000000083800000, 0x0000000083800000| Untracked 
|  56|0x0000000083800000, 0x0000000083900000, 0x0000000083900000|100%| O|  |TAMS 0x0000000083900000, 0x0000000083900000| Untracked 
|  57|0x0000000083900000, 0x0000000083a00000, 0x0000000083a00000|100%| O|  |TAMS 0x0000000083a00000, 0x0000000083a00000| Untracked 
|  58|0x0000000083a00000, 0x0000000083b00000, 0x0000000083b00000|100%| O|  |TAMS 0x0000000083b00000, 0x0000000083b00000| Untracked 
|  59|0x0000000083b00000, 0x0000000083c00000, 0x0000000083c00000|100%| O|  |TAMS 0x0000000083c00000, 0x0000000083c00000| Untracked 
|  60|0x0000000083c00000, 0x0000000083d00000, 0x0000000083d00000|100%| O|  |TAMS 0x0000000083d00000, 0x0000000083d00000| Untracked 
|  61|0x0000000083d00000, 0x0000000083e00000, 0x0000000083e00000|100%| O|  |TAMS 0x0000000083e00000, 0x0000000083e00000| Untracked 
|  62|0x0000000083e00000, 0x0000000083f00000, 0x0000000083f00000|100%| O|  |TAMS 0x0000000083f00000, 0x0000000083f00000| Untracked 
|  63|0x0000000083f00000, 0x0000000084000000, 0x0000000084000000|100%| O|  |TAMS 0x0000000084000000, 0x0000000084000000| Untracked 
|  64|0x0000000084000000, 0x0000000084100000, 0x0000000084100000|100%| O|  |TAMS 0x0000000084100000, 0x0000000084100000| Untracked 
|  65|0x0000000084100000, 0x0000000084200000, 0x0000000084200000|100%| O|  |TAMS 0x0000000084200000, 0x0000000084200000| Untracked 
|  66|0x0000000084200000, 0x0000000084300000, 0x0000000084300000|100%| O|  |TAMS 0x0000000084300000, 0x0000000084300000| Untracked 
|  67|0x0000000084300000, 0x0000000084400000, 0x0000000084400000|100%| O|  |TAMS 0x0000000084400000, 0x0000000084400000| Untracked 
|  68|0x0000000084400000, 0x0000000084500000, 0x0000000084500000|100%| O|  |TAMS 0x0000000084500000, 0x0000000084500000| Untracked 
|  69|0x0000000084500000, 0x0000000084600000, 0x0000000084600000|100%| O|  |TAMS 0x0000000084600000, 0x0000000084600000| Untracked 
|  70|0x0000000084600000, 0x0000000084700000, 0x0000000084700000|100%| O|  |TAMS 0x0000000084700000, 0x0000000084700000| Untracked 
|  71|0x0000000084700000, 0x0000000084800000, 0x0000000084800000|100%| O|  |TAMS 0x0000000084800000, 0x0000000084800000| Untracked 
|  72|0x0000000084800000, 0x0000000084900000, 0x0000000084900000|100%| O|  |TAMS 0x0000000084900000, 0x0000000084900000| Untracked 
|  73|0x0000000084900000, 0x0000000084a00000, 0x0000000084a00000|100%| O|  |TAMS 0x0000000084a00000, 0x0000000084a00000| Untracked 
|  74|0x0000000084a00000, 0x0000000084b00000, 0x0000000084b00000|100%| O|  |TAMS 0x0000000084b00000, 0x0000000084b00000| Untracked 
|  75|0x0000000084b00000, 0x0000000084c00000, 0x0000000084c00000|100%| O|  |TAMS 0x0000000084c00000, 0x0000000084c00000| Untracked 
|  76|0x0000000084c00000, 0x0000000084d00000, 0x0000000084d00000|100%| O|  |TAMS 0x0000000084d00000, 0x0000000084d00000| Untracked 
|  77|0x0000000084d00000, 0x0000000084e00000, 0x0000000084e00000|100%| O|  |TAMS 0x0000000084e00000, 0x0000000084e00000| Untracked 
|  78|0x0000000084e00000, 0x0000000084f00000, 0x0000000084f00000|100%| O|  |TAMS 0x0000000084f00000, 0x0000000084f00000| Untracked 
|  79|0x0000000084f00000, 0x0000000085000000, 0x0000000085000000|100%| O|  |TAMS 0x0000000085000000, 0x0000000085000000| Untracked 
|  80|0x0000000085000000, 0x0000000085100000, 0x0000000085100000|100%|HS|  |TAMS 0x0000000085100000, 0x0000000085100000| Complete 
|  81|0x0000000085100000, 0x0000000085200000, 0x0000000085200000|100%| O|  |TAMS 0x0000000085200000, 0x0000000085200000| Untracked 
|  82|0x0000000085200000, 0x0000000085300000, 0x0000000085300000|100%| O|  |TAMS 0x0000000085300000, 0x0000000085300000| Untracked 
|  83|0x0000000085300000, 0x0000000085400000, 0x0000000085400000|100%| O|  |TAMS 0x0000000085400000, 0x0000000085400000| Untracked 
|  84|0x0000000085400000, 0x0000000085500000, 0x0000000085500000|100%| O|  |TAMS 0x0000000085500000, 0x0000000085500000| Untracked 
|  85|0x0000000085500000, 0x0000000085600000, 0x0000000085600000|100%| O|  |TAMS 0x0000000085600000, 0x0000000085600000| Untracked 
|  86|0x0000000085600000, 0x0000000085700000, 0x0000000085700000|100%| O|  |TAMS 0x0000000085700000, 0x0000000085700000| Untracked 
|  87|0x0000000085700000, 0x0000000085800000, 0x0000000085800000|100%| O|  |TAMS 0x0000000085800000, 0x0000000085800000| Untracked 
|  88|0x0000000085800000, 0x0000000085900000, 0x0000000085900000|100%| O|  |TAMS 0x00000000858f3400, 0x0000000085900000| Untracked 
|  89|0x0000000085900000, 0x0000000085a00000, 0x0000000085a00000|100%|HS|  |TAMS 0x0000000085a00000, 0x0000000085a00000| Complete 
|  90|0x0000000085a00000, 0x0000000085b00000, 0x0000000085b00000|100%| O|  |TAMS 0x0000000085a00000, 0x0000000085a00000| Untracked 
|  91|0x0000000085b00000, 0x0000000085c00000, 0x0000000085c00000|100%| O|  |TAMS 0x0000000085b00000, 0x0000000085b00000| Untracked 
|  92|0x0000000085c00000, 0x0000000085cbd000, 0x0000000085d00000| 73%| O|  |TAMS 0x0000000085c00000, 0x0000000085c00000| Untracked 
|  93|0x0000000085d00000, 0x0000000085e00000, 0x0000000085e00000|100%| O|  |TAMS 0x0000000085d00000, 0x0000000085e00000| Untracked 
|  94|0x0000000085e00000, 0x0000000085f00000, 0x0000000085f00000|100%| O|  |TAMS 0x0000000085e00000, 0x0000000085f00000| Untracked 
|  95|0x0000000085f00000, 0x0000000086000000, 0x0000000086000000|100%| O|  |TAMS 0x0000000085f00000, 0x0000000086000000| Untracked 
|  96|0x0000000086000000, 0x0000000086100000, 0x0000000086100000|100%| O|  |TAMS 0x0000000086000000, 0x0000000086100000| Untracked 
|  97|0x0000000086100000, 0x0000000086200000, 0x0000000086200000|100%| O|  |TAMS 0x0000000086100000, 0x0000000086200000| Untracked 
|  98|0x0000000086200000, 0x0000000086200000, 0x0000000086300000|  0%| F|  |TAMS 0x0000000086200000, 0x0000000086200000| Untracked 
|  99|0x0000000086300000, 0x0000000086300000, 0x0000000086400000|  0%| F|  |TAMS 0x0000000086300000, 0x0000000086300000| Untracked 
| 100|0x0000000086400000, 0x0000000086400000, 0x0000000086500000|  0%| F|  |TAMS 0x0000000086400000, 0x0000000086400000| Untracked 
| 101|0x0000000086500000, 0x0000000086500000, 0x0000000086600000|  0%| F|  |TAMS 0x0000000086500000, 0x0000000086500000| Untracked 
| 102|0x0000000086600000, 0x0000000086600000, 0x0000000086700000|  0%| F|  |TAMS 0x0000000086600000, 0x0000000086600000| Untracked 
| 103|0x0000000086700000, 0x0000000086700000, 0x0000000086800000|  0%| F|  |TAMS 0x0000000086700000, 0x0000000086700000| Untracked 
| 104|0x0000000086800000, 0x0000000086800000, 0x0000000086900000|  0%| F|  |TAMS 0x0000000086800000, 0x0000000086800000| Untracked 
| 105|0x0000000086900000, 0x0000000086a00000, 0x0000000086a00000|100%| O|  |TAMS 0x0000000086900000, 0x0000000086a00000| Untracked 
| 106|0x0000000086a00000, 0x0000000086b00000, 0x0000000086b00000|100%| O|  |TAMS 0x0000000086a00000, 0x0000000086b00000| Untracked 
| 107|0x0000000086b00000, 0x0000000086c00000, 0x0000000086c00000|100%| O|  |TAMS 0x0000000086b00000, 0x0000000086b9fa00| Untracked 
| 108|0x0000000086c00000, 0x0000000086c00000, 0x0000000086d00000|  0%| F|  |TAMS 0x0000000086c00000, 0x0000000086c00000| Untracked 
| 109|0x0000000086d00000, 0x0000000086d00000, 0x0000000086e00000|  0%| F|  |TAMS 0x0000000086d00000, 0x0000000086d00000| Untracked 
| 110|0x0000000086e00000, 0x0000000086e00000, 0x0000000086f00000|  0%| F|  |TAMS 0x0000000086e00000, 0x0000000086e00000| Untracked 
| 111|0x0000000086f00000, 0x0000000086f00000, 0x0000000087000000|  0%| F|  |TAMS 0x0000000086f00000, 0x0000000086f00000| Untracked 
| 112|0x0000000087000000, 0x0000000087000000, 0x0000000087100000|  0%| F|  |TAMS 0x0000000087000000, 0x0000000087000000| Untracked 
| 113|0x0000000087100000, 0x0000000087100000, 0x0000000087200000|  0%| F|  |TAMS 0x0000000087100000, 0x0000000087100000| Untracked 
| 114|0x0000000087200000, 0x0000000087200000, 0x0000000087300000|  0%| F|  |TAMS 0x0000000087200000, 0x0000000087200000| Untracked 
| 115|0x0000000087300000, 0x0000000087300000, 0x0000000087400000|  0%| F|  |TAMS 0x0000000087300000, 0x0000000087300000| Untracked 
| 116|0x0000000087400000, 0x0000000087400000, 0x0000000087500000|  0%| F|  |TAMS 0x0000000087400000, 0x0000000087400000| Untracked 
| 117|0x0000000087500000, 0x0000000087500000, 0x0000000087600000|  0%| F|  |TAMS 0x0000000087500000, 0x0000000087500000| Untracked 
| 118|0x0000000087600000, 0x0000000087600000, 0x0000000087700000|  0%| F|  |TAMS 0x0000000087600000, 0x0000000087600000| Untracked 
| 119|0x0000000087700000, 0x0000000087700000, 0x0000000087800000|  0%| F|  |TAMS 0x0000000087700000, 0x0000000087700000| Untracked 
| 120|0x0000000087800000, 0x0000000087800000, 0x0000000087900000|  0%| F|  |TAMS 0x0000000087800000, 0x0000000087800000| Untracked 
| 121|0x0000000087900000, 0x0000000087900000, 0x0000000087a00000|  0%| F|  |TAMS 0x0000000087900000, 0x0000000087900000| Untracked 
| 122|0x0000000087a00000, 0x0000000087a00000, 0x0000000087b00000|  0%| F|  |TAMS 0x0000000087a00000, 0x0000000087a00000| Untracked 
| 123|0x0000000087b00000, 0x0000000087b00000, 0x0000000087c00000|  0%| F|  |TAMS 0x0000000087b00000, 0x0000000087b00000| Untracked 
| 124|0x0000000087c00000, 0x0000000087c00000, 0x0000000087d00000|  0%| F|  |TAMS 0x0000000087c00000, 0x0000000087c00000| Untracked 
| 125|0x0000000087d00000, 0x0000000087d00000, 0x0000000087e00000|  0%| F|  |TAMS 0x0000000087d00000, 0x0000000087d00000| Untracked 
| 126|0x0000000087e00000, 0x0000000087e00000, 0x0000000087f00000|  0%| F|  |TAMS 0x0000000087e00000, 0x0000000087e00000| Untracked 
| 127|0x0000000087f00000, 0x0000000087f00000, 0x0000000088000000|  0%| F|  |TAMS 0x0000000087f00000, 0x0000000087f00000| Untracked 
| 128|0x0000000088000000, 0x0000000088000000, 0x0000000088100000|  0%| F|  |TAMS 0x0000000088000000, 0x0000000088000000| Untracked 
| 129|0x0000000088100000, 0x0000000088100000, 0x0000000088200000|  0%| F|  |TAMS 0x0000000088100000, 0x0000000088100000| Untracked 
| 130|0x0000000088200000, 0x0000000088200000, 0x0000000088300000|  0%| F|  |TAMS 0x0000000088200000, 0x0000000088200000| Untracked 
| 131|0x0000000088300000, 0x0000000088300000, 0x0000000088400000|  0%| F|  |TAMS 0x0000000088300000, 0x0000000088300000| Untracked 
| 132|0x0000000088400000, 0x0000000088400000, 0x0000000088500000|  0%| F|  |TAMS 0x0000000088400000, 0x0000000088400000| Untracked 
| 133|0x0000000088500000, 0x0000000088500000, 0x0000000088600000|  0%| F|  |TAMS 0x0000000088500000, 0x0000000088500000| Untracked 
| 134|0x0000000088600000, 0x0000000088600000, 0x0000000088700000|  0%| F|  |TAMS 0x0000000088600000, 0x0000000088600000| Untracked 
| 135|0x0000000088700000, 0x0000000088700000, 0x0000000088800000|  0%| F|  |TAMS 0x0000000088700000, 0x0000000088700000| Untracked 
| 136|0x0000000088800000, 0x0000000088800000, 0x0000000088900000|  0%| F|  |TAMS 0x0000000088800000, 0x0000000088800000| Untracked 
| 137|0x0000000088900000, 0x0000000088900000, 0x0000000088a00000|  0%| F|  |TAMS 0x0000000088900000, 0x0000000088900000| Untracked 
| 138|0x0000000088a00000, 0x0000000088a00000, 0x0000000088b00000|  0%| F|  |TAMS 0x0000000088a00000, 0x0000000088a00000| Untracked 
| 139|0x0000000088b00000, 0x0000000088b00000, 0x0000000088c00000|  0%| F|  |TAMS 0x0000000088b00000, 0x0000000088b00000| Untracked 
| 140|0x0000000088c00000, 0x0000000088c00000, 0x0000000088d00000|  0%| F|  |TAMS 0x0000000088c00000, 0x0000000088c00000| Untracked 
| 141|0x0000000088d00000, 0x0000000088d00000, 0x0000000088e00000|  0%| F|  |TAMS 0x0000000088d00000, 0x0000000088d00000| Untracked 
| 142|0x0000000088e00000, 0x0000000088e00000, 0x0000000088f00000|  0%| F|  |TAMS 0x0000000088e00000, 0x0000000088e00000| Untracked 
| 143|0x0000000088f00000, 0x0000000088f00000, 0x0000000089000000|  0%| F|  |TAMS 0x0000000088f00000, 0x0000000088f00000| Untracked 
| 144|0x0000000089000000, 0x0000000089000000, 0x0000000089100000|  0%| F|  |TAMS 0x0000000089000000, 0x0000000089000000| Untracked 
| 145|0x0000000089100000, 0x0000000089100000, 0x0000000089200000|  0%| F|  |TAMS 0x0000000089100000, 0x0000000089100000| Untracked 
| 146|0x0000000089200000, 0x0000000089200000, 0x0000000089300000|  0%| F|  |TAMS 0x0000000089200000, 0x0000000089200000| Untracked 
| 147|0x0000000089300000, 0x0000000089300000, 0x0000000089400000|  0%| F|  |TAMS 0x0000000089300000, 0x0000000089300000| Untracked 
| 148|0x0000000089400000, 0x0000000089400000, 0x0000000089500000|  0%| F|  |TAMS 0x0000000089400000, 0x0000000089400000| Untracked 
| 149|0x0000000089500000, 0x0000000089500000, 0x0000000089600000|  0%| F|  |TAMS 0x0000000089500000, 0x0000000089500000| Untracked 
| 150|0x0000000089600000, 0x0000000089600000, 0x0000000089700000|  0%| F|  |TAMS 0x0000000089600000, 0x0000000089600000| Untracked 
| 151|0x0000000089700000, 0x0000000089700000, 0x0000000089800000|  0%| F|  |TAMS 0x0000000089700000, 0x0000000089700000| Untracked 
| 152|0x0000000089800000, 0x0000000089800000, 0x0000000089900000|  0%| F|  |TAMS 0x0000000089800000, 0x0000000089800000| Untracked 
| 153|0x0000000089900000, 0x0000000089900000, 0x0000000089a00000|  0%| F|  |TAMS 0x0000000089900000, 0x0000000089900000| Untracked 
| 154|0x0000000089a00000, 0x0000000089a00000, 0x0000000089b00000|  0%| F|  |TAMS 0x0000000089a00000, 0x0000000089a00000| Untracked 
| 155|0x0000000089b00000, 0x0000000089b00000, 0x0000000089c00000|  0%| F|  |TAMS 0x0000000089b00000, 0x0000000089b00000| Untracked 
| 156|0x0000000089c00000, 0x0000000089c00000, 0x0000000089d00000|  0%| F|  |TAMS 0x0000000089c00000, 0x0000000089c00000| Untracked 
| 157|0x0000000089d00000, 0x0000000089d00000, 0x0000000089e00000|  0%| F|  |TAMS 0x0000000089d00000, 0x0000000089d00000| Untracked 
| 158|0x0000000089e00000, 0x0000000089e00000, 0x0000000089f00000|  0%| F|  |TAMS 0x0000000089e00000, 0x0000000089e00000| Untracked 
| 159|0x0000000089f00000, 0x0000000089f00000, 0x000000008a000000|  0%| F|  |TAMS 0x0000000089f00000, 0x0000000089f00000| Untracked 
| 160|0x000000008a000000, 0x000000008a000000, 0x000000008a100000|  0%| F|  |TAMS 0x000000008a000000, 0x000000008a000000| Untracked 
| 161|0x000000008a100000, 0x000000008a100000, 0x000000008a200000|  0%| F|  |TAMS 0x000000008a100000, 0x000000008a100000| Untracked 
| 162|0x000000008a200000, 0x000000008a200000, 0x000000008a300000|  0%| F|  |TAMS 0x000000008a200000, 0x000000008a200000| Untracked 
| 163|0x000000008a300000, 0x000000008a300000, 0x000000008a400000|  0%| F|  |TAMS 0x000000008a300000, 0x000000008a300000| Untracked 
| 164|0x000000008a400000, 0x000000008a400000, 0x000000008a500000|  0%| F|  |TAMS 0x000000008a400000, 0x000000008a400000| Untracked 
| 165|0x000000008a500000, 0x000000008a500000, 0x000000008a600000|  0%| F|  |TAMS 0x000000008a500000, 0x000000008a500000| Untracked 
| 166|0x000000008a600000, 0x000000008a600000, 0x000000008a700000|  0%| F|  |TAMS 0x000000008a600000, 0x000000008a600000| Untracked 
| 167|0x000000008a700000, 0x000000008a700000, 0x000000008a800000|  0%| F|  |TAMS 0x000000008a700000, 0x000000008a700000| Untracked 
| 168|0x000000008a800000, 0x000000008a800000, 0x000000008a900000|  0%| F|  |TAMS 0x000000008a800000, 0x000000008a800000| Untracked 
| 169|0x000000008a900000, 0x000000008a900000, 0x000000008aa00000|  0%| F|  |TAMS 0x000000008a900000, 0x000000008a900000| Untracked 
| 170|0x000000008aa00000, 0x000000008aa00000, 0x000000008ab00000|  0%| F|  |TAMS 0x000000008aa00000, 0x000000008aa00000| Untracked 
| 171|0x000000008ab00000, 0x000000008ab00000, 0x000000008ac00000|  0%| F|  |TAMS 0x000000008ab00000, 0x000000008ab00000| Untracked 
| 172|0x000000008ac00000, 0x000000008ac00000, 0x000000008ad00000|  0%| F|  |TAMS 0x000000008ac00000, 0x000000008ac00000| Untracked 
| 173|0x000000008ad00000, 0x000000008ad00000, 0x000000008ae00000|  0%| F|  |TAMS 0x000000008ad00000, 0x000000008ad00000| Untracked 
| 174|0x000000008ae00000, 0x000000008ae00000, 0x000000008af00000|  0%| F|  |TAMS 0x000000008ae00000, 0x000000008ae00000| Untracked 
| 175|0x000000008af00000, 0x000000008af00000, 0x000000008b000000|  0%| F|  |TAMS 0x000000008af00000, 0x000000008af00000| Untracked 
| 176|0x000000008b000000, 0x000000008b000000, 0x000000008b100000|  0%| F|  |TAMS 0x000000008b000000, 0x000000008b000000| Untracked 
| 177|0x000000008b100000, 0x000000008b100000, 0x000000008b200000|  0%| F|  |TAMS 0x000000008b100000, 0x000000008b100000| Untracked 
| 178|0x000000008b200000, 0x000000008b2fd3b0, 0x000000008b300000| 98%| S|CS|TAMS 0x000000008b200000, 0x000000008b200000| Complete 
| 179|0x000000008b300000, 0x000000008b400000, 0x000000008b400000|100%| S|CS|TAMS 0x000000008b300000, 0x000000008b300000| Complete 
| 180|0x000000008b400000, 0x000000008b500000, 0x000000008b500000|100%| S|CS|TAMS 0x000000008b400000, 0x000000008b400000| Complete 
| 181|0x000000008b500000, 0x000000008b600000, 0x000000008b600000|100%| S|CS|TAMS 0x000000008b500000, 0x000000008b500000| Complete 
| 182|0x000000008b600000, 0x000000008b700000, 0x000000008b700000|100%| S|CS|TAMS 0x000000008b600000, 0x000000008b600000| Complete 
| 183|0x000000008b700000, 0x000000008b700000, 0x000000008b800000|  0%| F|  |TAMS 0x000000008b700000, 0x000000008b700000| Untracked 
| 184|0x000000008b800000, 0x000000008b800000, 0x000000008b900000|  0%| F|  |TAMS 0x000000008b800000, 0x000000008b800000| Untracked 
| 185|0x000000008b900000, 0x000000008b900000, 0x000000008ba00000|  0%| F|  |TAMS 0x000000008b900000, 0x000000008b900000| Untracked 
| 186|0x000000008ba00000, 0x000000008ba00000, 0x000000008bb00000|  0%| F|  |TAMS 0x000000008ba00000, 0x000000008ba00000| Untracked 
| 187|0x000000008bb00000, 0x000000008bb00000, 0x000000008bc00000|  0%| F|  |TAMS 0x000000008bb00000, 0x000000008bb00000| Untracked 
| 188|0x000000008bc00000, 0x000000008bc00000, 0x000000008bd00000|  0%| F|  |TAMS 0x000000008bc00000, 0x000000008bc00000| Untracked 
| 189|0x000000008bd00000, 0x000000008bd00000, 0x000000008be00000|  0%| F|  |TAMS 0x000000008bd00000, 0x000000008bd00000| Untracked 
| 190|0x000000008be00000, 0x000000008be00000, 0x000000008bf00000|  0%| F|  |TAMS 0x000000008be00000, 0x000000008be00000| Untracked 
| 191|0x000000008bf00000, 0x000000008bf00000, 0x000000008c000000|  0%| F|  |TAMS 0x000000008bf00000, 0x000000008bf00000| Untracked 

Card table byte_map: [0x000001ed6b460000,0x000001ed6b860000] _byte_map_base: 0x000001ed6b060000

Marking Bits (Prev, Next): (CMBitMap*) 0x000001ed526cb520, (CMBitMap*) 0x000001ed526cb4e0
 Prev Bits: [0x000001ed6dc60000, 0x000001ed6fc60000)
 Next Bits: [0x000001ed6bc60000, 0x000001ed6dc60000)

Polling page: 0x000001ed52770000

Metaspace:

Usage:
  Non-class:     67.55 MB used.
      Class:     10.33 MB used.
       Both:     77.88 MB used.

Virtual space:
  Non-class space:       72.00 MB reserved,      67.81 MB ( 94%) committed,  9 nodes.
      Class space:        1.00 GB reserved,      10.62 MB (  1%) committed,  1 nodes.
              Both:        1.07 GB reserved,      78.44 MB (  7%) committed. 

Chunk freelists:
   Non-Class:  16.00 KB
       Class:  1.23 MB
        Both:  1.25 MB

MaxMetaspaceSize: 17179869184.00 GB
CompressedClassSpaceSize: 1.00 GB
 - commit_granule_bytes: 65536.
 - commit_granule_words: 8192.
 - virtual_space_node_default_size: 1048576.
 - enlarge_chunks_in_place: 1.
 - new_chunks_are_fully_committed: 0.
 - uncommit_free_chunks: 1.
 - use_allocation_guard: 0.
 - handle_deallocations: 1.


Internal statistics:

num_allocs_failed_limit: 6.
num_arena_births: 760.
num_arena_deaths: 12.
num_vsnodes_births: 10.
num_vsnodes_deaths: 0.
num_space_committed: 1255.
num_space_uncommitted: 0.
num_chunks_returned_to_freelist: 20.
num_chunks_taken_from_freelist: 3878.
num_chunk_merges: 12.
num_chunk_splits: 2571.
num_chunks_enlarged: 1726.
num_purges: 2.

CodeHeap 'non-profiled nmethods': size=120000Kb used=6072Kb max_used=6072Kb free=113927Kb
 bounds [0x000001ed630b0000, 0x000001ed636a0000, 0x000001ed6a5e0000]
CodeHeap 'profiled nmethods': size=120000Kb used=18094Kb max_used=18358Kb free=101905Kb
 bounds [0x000001ed5bb80000, 0x000001ed5cd90000, 0x000001ed630b0000]
CodeHeap 'non-nmethods': size=5760Kb used=2486Kb max_used=2546Kb free=3274Kb
 bounds [0x000001ed5b5e0000, 0x000001ed5b870000, 0x000001ed5bb80000]
 total_blobs=10261 nmethods=9237 adapters=936
 compilation: enabled
              stopped_count=0, restarted_count=0
 full_count=0

Compilation events (20 events):
Event: 12.228 Thread 0x000001ed726efd50 10865       2       com.android.ide.common.resources.DataFile::hasNotRemovedItems (48 bytes)
Event: 12.228 Thread 0x000001ed726efd50 nmethod 10865 0x000001ed5bce6190 code [0x000001ed5bce6380, 0x000001ed5bce6618]
Event: 12.229 Thread 0x000001ed726efd50 10866       2       com.android.ide.common.resources.DataSet::createFileElement (81 bytes)
Event: 12.230 Thread 0x000001ed726efd50 nmethod 10866 0x000001ed5c3f7f10 code [0x000001ed5c3f8140, 0x000001ed5c3f8578]
Event: 12.256 Thread 0x000001ed726efd50 10868       2       java.util.HashMap$Values::iterator (12 bytes)
Event: 12.257 Thread 0x000001ed726efd50 nmethod 10868 0x000001ed5c3f7a90 code [0x000001ed5c3f7c40, 0x000001ed5c3f7e28]
Event: 12.257 Thread 0x000001ed726efd50 10869       2       java.util.HashMap$ValueIterator::<init> (11 bytes)
Event: 12.257 Thread 0x000001ed726efd50 nmethod 10869 0x000001ed5c3f7690 code [0x000001ed5c3f7840, 0x000001ed5c3f79a8]
Event: 12.257 Thread 0x000001ed726efd50 10870       2       com.android.ide.common.resources.ResourceFile::addExtraAttributes (33 bytes)
Event: 12.257 Thread 0x000001ed726efd50 nmethod 10870 0x000001ed5c3f7190 code [0x000001ed5c3f7360, 0x000001ed5c3f7548]
Event: 12.258 Thread 0x000001ed7365de20 nmethod 10798 0x000001ed63694c90 code [0x000001ed63695080, 0x000001ed6369a630]
Event: 12.258 Thread 0x000001ed7365de20 10844       4       org.apache.xerces.dom.NamedNodeMapImpl::findNamePoint (105 bytes)
Event: 12.264 Thread 0x000001ed7365de20 nmethod 10844 0x000001ed6369c690 code [0x000001ed6369c840, 0x000001ed6369cd78]
Event: 12.264 Thread 0x000001ed7365de20 10831       4       org.apache.xerces.dom.ParentNode::internalInsertBefore (651 bytes)
Event: 12.275 Thread 0x000001ed726efd50 10872       3       com.android.utils.XmlUtils::toXmlAttributeValue (89 bytes)
Event: 12.277 Thread 0x000001ed726efd50 nmethod 10872 0x000001ed5bec4b10 code [0x000001ed5bec4de0, 0x000001ed5bec5cd8]
Event: 12.277 Thread 0x000001ed726efd50 10874       3       com.android.utils.XmlUtils::append (645 bytes)
Event: 12.281 Thread 0x000001ed726efd50 nmethod 10874 0x000001ed5cd81990 code [0x000001ed5cd82120, 0x000001ed5cd85e28]
Event: 12.285 Thread 0x000001ed7365de20 nmethod 10831 0x000001ed6369d110 code [0x000001ed6369d300, 0x000001ed6369ddd8]
Event: 12.285 Thread 0x000001ed7365de20 10876       4       com.android.utils.XmlUtils::toXmlAttributeValue (89 bytes)

GC Heap History (20 events):
Event: 8.434 GC heap after
{Heap after GC invocations=24 (full 0):
 garbage-first heap   total 116736K, used 63223K [0x0000000080000000, 0x0000000100000000)
  region size 1024K, 3 young (3072K), 3 survivors (3072K)
 Metaspace       used 69445K, committed 70016K, reserved 1114112K
  class space    used 9372K, committed 9664K, reserved 1048576K
}
Event: 9.042 GC heap before
{Heap before GC invocations=24 (full 0):
 garbage-first heap   total 116736K, used 94967K [0x0000000080000000, 0x0000000100000000)
  region size 1024K, 34 young (34816K), 3 survivors (3072K)
 Metaspace       used 73024K, committed 73600K, reserved 1114112K
  class space    used 9847K, committed 10112K, reserved 1048576K
}
Event: 9.048 GC heap after
{Heap after GC invocations=25 (full 0):
 garbage-first heap   total 116736K, used 67328K [0x0000000080000000, 0x0000000100000000)
  region size 1024K, 5 young (5120K), 5 survivors (5120K)
 Metaspace       used 73024K, committed 73600K, reserved 1114112K
  class space    used 9847K, committed 10112K, reserved 1048576K
}
Event: 9.287 GC heap before
{Heap before GC invocations=26 (full 0):
 garbage-first heap   total 124928K, used 92928K [0x0000000080000000, 0x0000000100000000)
  region size 1024K, 31 young (31744K), 5 survivors (5120K)
 Metaspace       used 73554K, committed 74112K, reserved 1114112K
  class space    used 9959K, committed 10240K, reserved 1048576K
}
Event: 9.293 GC heap after
{Heap after GC invocations=27 (full 0):
 garbage-first heap   total 124928K, used 69396K [0x0000000080000000, 0x0000000100000000)
  region size 1024K, 3 young (3072K), 3 survivors (3072K)
 Metaspace       used 73554K, committed 74112K, reserved 1114112K
  class space    used 9959K, committed 10240K, reserved 1048576K
}
Event: 9.695 GC heap before
{Heap before GC invocations=27 (full 0):
 garbage-first heap   total 124928K, used 99092K [0x0000000080000000, 0x0000000100000000)
  region size 1024K, 33 young (33792K), 3 survivors (3072K)
 Metaspace       used 73853K, committed 74368K, reserved 1114112K
  class space    used 9979K, committed 10240K, reserved 1048576K
}
Event: 9.699 GC heap after
{Heap after GC invocations=28 (full 0):
 garbage-first heap   total 124928K, used 71038K [0x0000000080000000, 0x0000000100000000)
  region size 1024K, 4 young (4096K), 4 survivors (4096K)
 Metaspace       used 73853K, committed 74368K, reserved 1114112K
  class space    used 9979K, committed 10240K, reserved 1048576K
}
Event: 10.523 GC heap before
{Heap before GC invocations=29 (full 0):
 garbage-first heap   total 124928K, used 100734K [0x0000000080000000, 0x0000000100000000)
  region size 1024K, 34 young (34816K), 4 survivors (4096K)
 Metaspace       used 75332K, committed 75904K, reserved 1122304K
  class space    used 10155K, committed 10432K, reserved 1048576K
}
Event: 10.530 GC heap after
{Heap after GC invocations=30 (full 0):
 garbage-first heap   total 124928K, used 78576K [0x0000000080000000, 0x0000000100000000)
  region size 1024K, 5 young (5120K), 5 survivors (5120K)
 Metaspace       used 75332K, committed 75904K, reserved 1122304K
  class space    used 10155K, committed 10432K, reserved 1048576K
}
Event: 10.541 GC heap before
{Heap before GC invocations=30 (full 0):
 garbage-first heap   total 124928K, used 78576K [0x0000000080000000, 0x0000000100000000)
  region size 1024K, 7 young (7168K), 5 survivors (5120K)
 Metaspace       used 75333K, committed 75904K, reserved 1122304K
  class space    used 10155K, committed 10432K, reserved 1048576K
}
Event: 10.545 GC heap after
{Heap after GC invocations=31 (full 0):
 garbage-first heap   total 124928K, used 80242K [0x0000000080000000, 0x0000000100000000)
  region size 1024K, 2 young (2048K), 2 survivors (2048K)
 Metaspace       used 75333K, committed 75904K, reserved 1122304K
  class space    used 10155K, committed 10432K, reserved 1048576K
}
Event: 10.753 GC heap before
{Heap before GC invocations=32 (full 0):
 garbage-first heap   total 157696K, used 96626K [0x0000000080000000, 0x0000000100000000)
  region size 1024K, 16 young (16384K), 2 survivors (2048K)
 Metaspace       used 75421K, committed 75968K, reserved 1122304K
  class space    used 10153K, committed 10432K, reserved 1048576K
}
Event: 10.758 GC heap after
{Heap after GC invocations=33 (full 0):
 garbage-first heap   total 157696K, used 89176K [0x0000000080000000, 0x0000000100000000)
  region size 1024K, 2 young (2048K), 2 survivors (2048K)
 Metaspace       used 75421K, committed 75968K, reserved 1122304K
  class space    used 10153K, committed 10432K, reserved 1048576K
}
Event: 11.143 GC heap before
{Heap before GC invocations=33 (full 0):
 garbage-first heap   total 157696K, used 113752K [0x0000000080000000, 0x0000000100000000)
  region size 1024K, 26 young (26624K), 2 survivors (2048K)
 Metaspace       used 76910K, committed 77440K, reserved 1122304K
  class space    used 10316K, committed 10560K, reserved 1048576K
}
Event: 11.150 GC heap after
{Heap after GC invocations=34 (full 0):
 garbage-first heap   total 157696K, used 94420K [0x0000000080000000, 0x0000000100000000)
  region size 1024K, 4 young (4096K), 4 survivors (4096K)
 Metaspace       used 76910K, committed 77440K, reserved 1122304K
  class space    used 10316K, committed 10560K, reserved 1048576K
}
Event: 11.378 GC heap before
{Heap before GC invocations=35 (full 0):
 garbage-first heap   total 171008K, used 106708K [0x0000000080000000, 0x0000000100000000)
  region size 1024K, 14 young (14336K), 4 survivors (4096K)
 Metaspace       used 79121K, committed 79616K, reserved 1122304K
  class space    used 10522K, committed 10752K, reserved 1048576K
}
Event: 11.385 GC heap after
{Heap after GC invocations=36 (full 0):
 garbage-first heap   total 171008K, used 101960K [0x0000000080000000, 0x0000000100000000)
  region size 1024K, 4 young (4096K), 4 survivors (4096K)
 Metaspace       used 79121K, committed 79616K, reserved 1122304K
  class space    used 10522K, committed 10752K, reserved 1048576K
}
Event: 12.028 GC heap before
{Heap before GC invocations=37 (full 0):
 garbage-first heap   total 196608K, used 136776K [0x0000000080000000, 0x0000000100000000)
  region size 1024K, 30 young (30720K), 4 survivors (4096K)
 Metaspace       used 79724K, committed 80320K, reserved 1122304K
  class space    used 10576K, committed 10880K, reserved 1048576K
}
Event: 12.035 GC heap after
{Heap after GC invocations=38 (full 0):
 garbage-first heap   total 196608K, used 102537K [0x0000000080000000, 0x0000000100000000)
  region size 1024K, 4 young (4096K), 4 survivors (4096K)
 Metaspace       used 79724K, committed 80320K, reserved 1122304K
  class space    used 10576K, committed 10880K, reserved 1048576K
}
Event: 12.287 GC heap before
{Heap before GC invocations=38 (full 0):
 garbage-first heap   total 196608K, used 110729K [0x0000000080000000, 0x0000000100000000)
  region size 1024K, 13 young (13312K), 4 survivors (4096K)
 Metaspace       used 79748K, committed 80320K, reserved 1122304K
  class space    used 10579K, committed 10880K, reserved 1048576K
}

Deoptimization events (20 events):
Event: 12.122 Thread 0x000001ed792a2f40 Uncommon trap: trap_request=0xffffffde fr.pc=0x000001ed6348b68c relative=0x000000000000026c
Event: 12.122 Thread 0x000001ed792a2f40 Uncommon trap: reason=class_check action=maybe_recompile pc=0x000001ed6348b68c method=org.apache.xerces.dom.ElementImpl.getAttributes()Lorg/w3c/dom/NamedNodeMap; @ 8 c2
Event: 12.122 Thread 0x000001ed792a2f40 DEOPT PACKING pc=0x000001ed6348b68c sp=0x000000cd412fa590
Event: 12.122 Thread 0x000001ed792a2f40 DEOPT UNPACKING pc=0x000001ed5b62f92e sp=0x000000cd412fa568 mode 2
Event: 12.122 Thread 0x000001ed792a2f40 Uncommon trap: trap_request=0xffffffde fr.pc=0x000001ed6348b68c relative=0x000000000000026c
Event: 12.122 Thread 0x000001ed792a2f40 Uncommon trap: reason=class_check action=maybe_recompile pc=0x000001ed6348b68c method=org.apache.xerces.dom.ElementImpl.getAttributes()Lorg/w3c/dom/NamedNodeMap; @ 8 c2
Event: 12.122 Thread 0x000001ed792a2f40 DEOPT PACKING pc=0x000001ed6348b68c sp=0x000000cd412fa590
Event: 12.122 Thread 0x000001ed792a2f40 DEOPT UNPACKING pc=0x000001ed5b62f92e sp=0x000000cd412fa568 mode 2
Event: 12.123 Thread 0x000001ed792a2f40 Uncommon trap: trap_request=0xffffffde fr.pc=0x000001ed6348b68c relative=0x000000000000026c
Event: 12.123 Thread 0x000001ed792a2f40 Uncommon trap: reason=class_check action=maybe_recompile pc=0x000001ed6348b68c method=org.apache.xerces.dom.ElementImpl.getAttributes()Lorg/w3c/dom/NamedNodeMap; @ 8 c2
Event: 12.123 Thread 0x000001ed792a2f40 DEOPT PACKING pc=0x000001ed6348b68c sp=0x000000cd412fa590
Event: 12.123 Thread 0x000001ed792a2f40 DEOPT UNPACKING pc=0x000001ed5b62f92e sp=0x000000cd412fa568 mode 2
Event: 12.275 Thread 0x000001ed792a2f40 Uncommon trap: trap_request=0xffffff45 fr.pc=0x000001ed633012ac relative=0x000000000000350c
Event: 12.275 Thread 0x000001ed792a2f40 Uncommon trap: reason=unstable_if action=reinterpret pc=0x000001ed633012ac method=com.android.utils.XmlUtils.toXmlAttributeValue(Ljava/lang/String;)Ljava/lang/String; @ 33 c2
Event: 12.275 Thread 0x000001ed792a2f40 DEOPT PACKING pc=0x000001ed633012ac sp=0x000000cd412fa6a0
Event: 12.275 Thread 0x000001ed792a2f40 DEOPT UNPACKING pc=0x000001ed5b62f92e sp=0x000000cd412fa5e8 mode 2
Event: 12.275 Thread 0x000001ed792a2f40 Uncommon trap: trap_request=0xffffff45 fr.pc=0x000001ed632506a4 relative=0x0000000000000384
Event: 12.275 Thread 0x000001ed792a2f40 Uncommon trap: reason=unstable_if action=reinterpret pc=0x000001ed632506a4 method=com.android.utils.XmlUtils.toXmlAttributeValue(Ljava/lang/String;)Ljava/lang/String; @ 33 c2
Event: 12.275 Thread 0x000001ed792a2f40 DEOPT PACKING pc=0x000001ed632506a4 sp=0x000000cd412fa650
Event: 12.275 Thread 0x000001ed792a2f40 DEOPT UNPACKING pc=0x000001ed5b62f92e sp=0x000000cd412fa5d8 mode 2

Classes unloaded (6 events):
Event: 10.635 Thread 0x000001ed726c9dc0 Unloading class 0x0000000801619800 'java/lang/invoke/LambdaForm$DMH+0x0000000801619800'
Event: 10.635 Thread 0x000001ed726c9dc0 Unloading class 0x0000000801619400 'java/lang/invoke/LambdaForm$DMH+0x0000000801619400'
Event: 10.635 Thread 0x000001ed726c9dc0 Unloading class 0x0000000801619000 'java/lang/invoke/LambdaForm$DMH+0x0000000801619000'
Event: 10.635 Thread 0x000001ed726c9dc0 Unloading class 0x0000000801618c00 'java/lang/invoke/LambdaForm$DMH+0x0000000801618c00'
Event: 10.635 Thread 0x000001ed726c9dc0 Unloading class 0x0000000801618800 'java/lang/invoke/LambdaForm$DMH+0x0000000801618800'
Event: 10.635 Thread 0x000001ed726c9dc0 Unloading class 0x0000000801618400 'java/lang/invoke/LambdaForm$DMH+0x0000000801618400'

Classes redefined (0 events):
No events

Internal exceptions (20 events):
Event: 11.084 Thread 0x000001ed792a2f40 Exception <a 'java/lang/NoSuchMethodError'{0x00000000885ff868}: static Lcom/android/ide/common/resources/SourcelessResourceMergerItem;.<clinit>()V> (0x00000000885ff868) 
thrown [t:\workspace\open\src\hotspot\share\prims\jni.cpp, line 1210]
Event: 11.084 Thread 0x000001ed792a2f40 Exception <a 'java/lang/NoSuchMethodError'{0x0000000088404870}: static Lcom/android/ide/common/resources/DataItem;.<clinit>()V> (0x0000000088404870) 
thrown [t:\workspace\open\src\hotspot\share\prims\jni.cpp, line 1210]
Event: 11.084 Thread 0x000001ed792a2f40 Exception <a 'java/lang/NoSuchMethodError'{0x0000000088410058}: static Lcom/android/ide/common/resources/DataItem;.<clinit>()V> (0x0000000088410058) 
thrown [t:\workspace\open\src\hotspot\share\prims\jni.cpp, line 1210]
Event: 11.086 Thread 0x000001ed792a2f40 Exception <a 'java/lang/NoSuchMethodError'{0x0000000088437850}: static Ljava/lang/Object;.<clinit>()V> (0x0000000088437850) 
thrown [t:\workspace\open\src\hotspot\share\prims\jni.cpp, line 1210]
Event: 11.088 Thread 0x000001ed792a2f40 Exception <a 'java/lang/NoSuchMethodError'{0x000000008845a568}: static Lcom/android/ide/common/rendering/api/ResourceNamespace$ResAutoNamespace;.<clinit>()V> (0x000000008845a568) 
thrown [t:\workspace\open\src\hotspot\share\prims\jni.cpp, line 1210]
Event: 11.089 Thread 0x000001ed792a2f40 Exception <a 'java/lang/NoSuchMethodError'{0x000000008845dfd8}: static Ljava/lang/Object;.<clinit>()V> (0x000000008845dfd8) 
thrown [t:\workspace\open\src\hotspot\share\prims\jni.cpp, line 1210]
Event: 11.090 Thread 0x000001ed792a2f40 Exception <a 'java/lang/NoSuchMethodError'{0x000000008847ba40}: static Ljava/lang/Object;.<clinit>()V> (0x000000008847ba40) 
thrown [t:\workspace\open\src\hotspot\share\prims\jni.cpp, line 1210]
Event: 11.090 Thread 0x000001ed792a2f40 Exception <a 'java/lang/NoSuchMethodError'{0x0000000088491368}: static [Lcom/android/ide/common/resources/configuration/ResourceQualifier;.<clinit>()V> (0x0000000088491368) 
thrown [t:\workspace\open\src\hotspot\share\prims\jni.cpp, line 1210]
Event: 11.092 Thread 0x000001ed792a2f40 Exception <a 'java/lang/NoSuchMethodError'{0x00000000884c1dd8}: static Lcom/android/ide/common/resources/configuration/EnumBasedResourceQualifier;.<clinit>()V> (0x00000000884c1dd8) 
thrown [t:\workspace\open\src\hotspot\share\prims\jni.cpp, line 1210]
Event: 11.092 Thread 0x000001ed792a2f40 Exception <a 'java/lang/NoSuchMethodError'{0x00000000884c5290}: static Lcom/android/ide/common/resources/configuration/EnumBasedResourceQualifier;.<clinit>()V> (0x00000000884c5290) 
thrown [t:\workspace\open\src\hotspot\share\prims\jni.cpp, line 1210]
Event: 11.092 Thread 0x000001ed792a2f40 Exception <a 'java/lang/NoSuchMethodError'{0x00000000884c7f60}: static Lcom/android/ide/common/resources/configuration/ResourceQualifier;.<clinit>()V> (0x00000000884c7f60) 
thrown [t:\workspace\open\src\hotspot\share\prims\jni.cpp, line 1210]
Event: 11.093 Thread 0x000001ed792a2f40 Exception <a 'java/lang/NoSuchMethodError'{0x00000000884df590}: static Lcom/android/ide/common/resources/configuration/EnumBasedResourceQualifier;.<clinit>()V> (0x00000000884df590) 
thrown [t:\workspace\open\src\hotspot\share\prims\jni.cpp, line 1210]
Event: 11.094 Thread 0x000001ed792a2f40 Exception <a 'java/lang/NoSuchMethodError'{0x00000000884f6120}: static Lcom/android/ide/common/resources/configuration/EnumBasedResourceQualifier;.<clinit>()V> (0x00000000884f6120) 
thrown [t:\workspace\open\src\hotspot\share\prims\jni.cpp, line 1210]
Event: 11.096 Thread 0x000001ed792a2f40 Exception <a 'java/lang/NoSuchMethodError'{0x0000000088317580}: static Lcom/android/build/gradle/tasks/MergeResources$MergeResourcesVectorDrawableRenderer;.<clinit>()V> (0x0000000088317580) 
thrown [t:\workspace\open\src\hotspot\share\prims\jni.cpp, line 1210]
Event: 11.096 Thread 0x000001ed792a2f40 Exception <a 'java/lang/NoSuchMethodError'{0x000000008831a078}: static Ljava/lang/Object;.<clinit>()V> (0x000000008831a078) 
thrown [t:\workspace\open\src\hotspot\share\prims\jni.cpp, line 1210]
Event: 11.096 Thread 0x000001ed792a2f40 Exception <a 'java/lang/NoSuchMethodError'{0x000000008832ac48}: static Lcom/android/build/gradle/internal/LoggerWrapper$LoggerSupplier;.<clinit>()V> (0x000000008832ac48) 
thrown [t:\workspace\open\src\hotspot\share\prims\jni.cpp, line 1210]
Event: 11.126 Thread 0x000001ed792a2f40 Exception <a 'java/lang/NoSuchMethodError'{0x00000000881448e0}: static Lcom/android/ide/common/resources/configuration/ResourceQualifier;.<clinit>()V> (0x00000000881448e0) 
thrown [t:\workspace\open\src\hotspot\share\prims\jni.cpp, line 1210]
Event: 11.211 Thread 0x000001ed76f7da60 Exception <a 'java/lang/ClassNotFoundException'{0x00000000897fabd0}: sun/awt/resources/spi/awtProvider> (0x00000000897fabd0) 
thrown [t:\workspace\open\src\hotspot\share\classfile\systemDictionary.cpp, line 256]
Event: 11.216 Thread 0x000001ed76f7da60 Exception <a 'java/io/FileNotFoundException'{0x00000000896bf020}> (0x00000000896bf020) 
thrown [t:\workspace\open\src\hotspot\share\prims\jni.cpp, line 579]
Event: 11.216 Thread 0x000001ed76f7da60 Exception <a 'java/io/FileNotFoundException'{0x00000000896c06f0}> (0x00000000896c06f0) 
thrown [t:\workspace\open\src\hotspot\share\prims\jni.cpp, line 579]

Events (20 events):
Event: 11.424 loading class com/sun/imageio/plugins/png/ChunkStream done
Event: 11.424 loading class com/sun/imageio/plugins/png/CRC
Event: 11.424 loading class com/sun/imageio/plugins/png/CRC done
Event: 11.427 loading class com/sun/imageio/plugins/png/IDATOutputStream
Event: 11.427 loading class com/sun/imageio/plugins/png/IDATOutputStream done
Event: 11.428 loading class java/util/zip/Deflater
Event: 11.428 loading class java/util/zip/Deflater done
Event: 11.429 loading class java/util/zip/Deflater$DeflaterZStreamRef
Event: 11.429 loading class java/util/zip/Deflater$DeflaterZStreamRef done
Event: 11.430 loading class java/awt/image/PixelInterleavedSampleModel
Event: 11.430 loading class java/awt/image/ComponentSampleModel
Event: 11.430 loading class java/awt/image/ComponentSampleModel done
Event: 11.430 loading class java/awt/image/PixelInterleavedSampleModel done
Event: 11.501 Executing  VM operation: G1Concurrent
Event: 11.508 Executing  VM operation: G1Concurrent done
Event: 11.578 Executing  VM operation: G1Concurrent
Event: 11.578 Executing  VM operation: G1Concurrent done
Event: 12.028 Executing  VM operation: G1CollectForAllocation
Event: 12.036 Executing  VM operation: G1CollectForAllocation done
Event: 12.287 Executing  VM operation: G1TryInitiateConcMark


Dynamic libraries:
0x00007ff6acd30000 - 0x00007ff6acd40000 	C:\Program Files\Java\jdk-16.0.2\bin\java.exe
0x00007ff919b30000 - 0x00007ff919d28000 	C:\WINDOWS\SYSTEM32\ntdll.dll
0x00007ff917df0000 - 0x00007ff917ead000 	C:\WINDOWS\System32\KERNEL32.DLL
0x00007ff9175a0000 - 0x00007ff91786e000 	C:\WINDOWS\System32\KERNELBASE.dll
0x00007ff917a60000 - 0x00007ff917b60000 	C:\WINDOWS\System32\ucrtbase.dll
0x00007ff90b270000 - 0x00007ff90b288000 	C:\Program Files\Java\jdk-16.0.2\bin\jli.dll
0x00007ff9111a0000 - 0x00007ff9111b9000 	C:\Program Files\Java\jdk-16.0.2\bin\VCRUNTIME140.dll
0x00007ff9183c0000 - 0x00007ff91846e000 	C:\WINDOWS\System32\ADVAPI32.dll
0x00007ff919a40000 - 0x00007ff919ade000 	C:\WINDOWS\System32\msvcrt.dll
0x00007ff9195d0000 - 0x00007ff91966c000 	C:\WINDOWS\System32\sechost.dll
0x00007ff917b90000 - 0x00007ff917cb5000 	C:\WINDOWS\System32\RPCRT4.dll
0x00007ff918dd0000 - 0x00007ff918f70000 	C:\WINDOWS\System32\USER32.dll
0x00007ff901050000 - 0x00007ff9012ea000 	C:\WINDOWS\WinSxS\amd64_microsoft.windows.common-controls_6595b64144ccf1df_6.0.19041.1110_none_60b5254171f9507e\COMCTL32.dll
0x00007ff917460000 - 0x00007ff917482000 	C:\WINDOWS\System32\win32u.dll
0x00007ff918470000 - 0x00007ff91849a000 	C:\WINDOWS\System32\GDI32.dll
0x00007ff917490000 - 0x00007ff91759b000 	C:\WINDOWS\System32\gdi32full.dll
0x00007ff917250000 - 0x00007ff9172ed000 	C:\WINDOWS\System32\msvcp_win.dll
0x00007ff9112c0000 - 0x00007ff9112ca000 	C:\WINDOWS\SYSTEM32\VERSION.dll
0x00007ff919670000 - 0x00007ff9196a0000 	C:\WINDOWS\System32\IMM32.DLL
0x00007ff911190000 - 0x00007ff91119c000 	C:\Program Files\Java\jdk-16.0.2\bin\vcruntime140_1.dll
0x00007ff8f7380000 - 0x00007ff8f7411000 	C:\Program Files\Java\jdk-16.0.2\bin\msvcp140.dll
0x00007ff8ae800000 - 0x00007ff8af3ab000 	C:\Program Files\Java\jdk-16.0.2\bin\server\jvm.dll
0x00007ff919880000 - 0x00007ff919888000 	C:\WINDOWS\System32\PSAPI.DLL
0x00007ff912680000 - 0x00007ff912689000 	C:\WINDOWS\SYSTEM32\WSOCK32.dll
0x00007ff9150d0000 - 0x00007ff9150f7000 	C:\WINDOWS\SYSTEM32\WINMM.dll
0x00007ff9199d0000 - 0x00007ff919a3b000 	C:\WINDOWS\System32\WS2_32.dll
0x00007ff915b10000 - 0x00007ff915b22000 	C:\WINDOWS\SYSTEM32\kernel.appcore.dll
0x00007ff90b250000 - 0x00007ff90b25a000 	C:\Program Files\Java\jdk-16.0.2\bin\jimage.dll
0x00007ff914ee0000 - 0x00007ff9150c4000 	C:\WINDOWS\SYSTEM32\DBGHELP.DLL
0x00007ff914d60000 - 0x00007ff914d8c000 	C:\WINDOWS\SYSTEM32\dbgcore.DLL
0x00007ff917870000 - 0x00007ff9178f2000 	C:\WINDOWS\System32\bcryptPrimitives.dll
0x00007ff909ca0000 - 0x00007ff909cc5000 	C:\Program Files\Java\jdk-16.0.2\bin\java.dll
0x00007ff9184a0000 - 0x00007ff918be4000 	C:\WINDOWS\System32\SHELL32.dll
0x00007ff915330000 - 0x00007ff915ac4000 	C:\WINDOWS\SYSTEM32\windows.storage.dll
0x00007ff918060000 - 0x00007ff9183b4000 	C:\WINDOWS\System32\combase.dll
0x00007ff916cb0000 - 0x00007ff916ce0000 	C:\WINDOWS\SYSTEM32\Wldp.dll
0x00007ff9197d0000 - 0x00007ff91987d000 	C:\WINDOWS\System32\SHCORE.dll
0x00007ff9196c0000 - 0x00007ff919715000 	C:\WINDOWS\System32\shlwapi.dll
0x00007ff917190000 - 0x00007ff9171af000 	C:\WINDOWS\SYSTEM32\profapi.dll
0x00007ff909c80000 - 0x00007ff909c99000 	C:\Program Files\Java\jdk-16.0.2\bin\net.dll
0x00007ff901ce0000 - 0x00007ff901dea000 	C:\WINDOWS\SYSTEM32\WINHTTP.dll
0x00007ff916a10000 - 0x00007ff916a7a000 	C:\WINDOWS\system32\mswsock.dll
0x00007ff909c60000 - 0x00007ff909c73000 	C:\Program Files\Java\jdk-16.0.2\bin\nio.dll
0x00007ff909c40000 - 0x00007ff909c58000 	C:\Program Files\Java\jdk-16.0.2\bin\zip.dll
0x00007ff8ffaa0000 - 0x00007ff8ffab0000 	C:\Program Files\Java\jdk-16.0.2\bin\verify.dll
0x00007ff912740000 - 0x00007ff912767000 	C:\Users\ITECH\.gradle\native\e1d6ef7f7dcc3fd88c89a11ec53ec762bb8ba0a96d01ffa2cd45eb1d1d8dd5c5\windows-amd64\native-platform.dll
0x00007ff8f1d00000 - 0x00007ff8f1e44000 	C:\Users\ITECH\.gradle\native\5664cfc778a61ccfe75a443a1ab52a65af34e5dc3c78e0209fed803814484fcb\windows-amd64\native-platform-file-events.dll
0x00007ff8ffa90000 - 0x00007ff8ffa99000 	C:\Program Files\Java\jdk-16.0.2\bin\management.dll
0x00007ff8ffa80000 - 0x00007ff8ffa8b000 	C:\Program Files\Java\jdk-16.0.2\bin\management_ext.dll
0x00007ff916c00000 - 0x00007ff916c18000 	C:\WINDOWS\SYSTEM32\CRYPTSP.dll
0x00007ff916320000 - 0x00007ff916354000 	C:\WINDOWS\system32\rsaenh.dll
0x00007ff917b60000 - 0x00007ff917b87000 	C:\WINDOWS\System32\bcrypt.dll
0x00007ff917110000 - 0x00007ff91713e000 	C:\WINDOWS\SYSTEM32\USERENV.dll
0x00007ff916c20000 - 0x00007ff916c2c000 	C:\WINDOWS\SYSTEM32\CRYPTBASE.dll
0x00007ff9166b0000 - 0x00007ff9166eb000 	C:\WINDOWS\SYSTEM32\IPHLPAPI.DLL
0x00007ff919ae0000 - 0x00007ff919ae8000 	C:\WINDOWS\System32\NSI.dll
0x00007ff904f10000 - 0x00007ff904f27000 	C:\WINDOWS\SYSTEM32\dhcpcsvc6.DLL
0x00007ff90b5d0000 - 0x00007ff90b5ed000 	C:\WINDOWS\SYSTEM32\dhcpcsvc.DLL
0x00007ff916700000 - 0x00007ff9167ca000 	C:\WINDOWS\SYSTEM32\DNSAPI.dll
0x00007ff8ffa70000 - 0x00007ff8ffa7e000 	C:\Program Files\Java\jdk-16.0.2\bin\sunmscapi.dll
0x00007ff917900000 - 0x00007ff917a56000 	C:\WINDOWS\System32\CRYPT32.dll
0x00007ff916d20000 - 0x00007ff916d47000 	C:\WINDOWS\SYSTEM32\ncrypt.dll
0x00007ff916ce0000 - 0x00007ff916d1b000 	C:\WINDOWS\SYSTEM32\NTASN1.dll
0x00007ff8c98d0000 - 0x00007ff8c98d7000 	C:\WINDOWS\system32\wshunix.dll
0x00007ff8ee000000 - 0x00007ff8ee180000 	C:\Program Files\Java\jdk-16.0.2\bin\awt.dll
0x00007ff918c80000 - 0x00007ff918d4d000 	C:\WINDOWS\System32\OLEAUT32.dll
0x00007ff914240000 - 0x00007ff9142d0000 	C:\WINDOWS\SYSTEM32\apphelp.dll
0x00007ff914920000 - 0x00007ff91494f000 	C:\WINDOWS\system32\DWMAPI.DLL
0x00007ff914640000 - 0x00007ff9146de000 	C:\WINDOWS\system32\uxtheme.dll

dbghelp: loaded successfully - version: 4.0.5 - missing functions: none
symbol engine: initialized successfully - sym options: 0x614 - pdb path: .;C:\Program Files\Java\jdk-16.0.2\bin;C:\WINDOWS\SYSTEM32;C:\WINDOWS\WinSxS\amd64_microsoft.windows.common-controls_6595b64144ccf1df_6.0.19041.1110_none_60b5254171f9507e;C:\Program Files\Java\jdk-16.0.2\bin\server;C:\Users\ITECH\.gradle\native\e1d6ef7f7dcc3fd88c89a11ec53ec762bb8ba0a96d01ffa2cd45eb1d1d8dd5c5\windows-amd64;C:\Users\ITECH\.gradle\native\5664cfc778a61ccfe75a443a1ab52a65af34e5dc3c78e0209fed803814484fcb\windows-amd64

VM Arguments:
jvm_args: --add-opens=java.base/java.util=ALL-UNNAMED --add-opens=java.base/java.lang=ALL-UNNAMED --add-opens=java.base/java.lang.invoke=ALL-UNNAMED --add-opens=java.base/java.util=ALL-UNNAMED --add-opens=java.prefs/java.util.prefs=ALL-UNNAMED --add-opens=java.prefs/java.util.prefs=ALL-UNNAMED --add-opens=java.base/java.nio.charset=ALL-UNNAMED --add-opens=java.base/java.net=ALL-UNNAMED --add-opens=java.base/java.util.concurrent.atomic=ALL-UNNAMED -Xmx2048m -Dfile.encoding=UTF-8 -Duser.country=US -Duser.language=en -Duser.variant 
java_command: org.gradle.launcher.daemon.bootstrap.GradleDaemon 7.3.3
java_class_path (initial): C:\Users\ITECH\.gradle\wrapper\dists\gradle-7.3.3-bin\6a41zxkdtcxs8rphpq6y0069z\gradle-7.3.3\lib\gradle-launcher-7.3.3.jar
Launcher Type: SUN_STANDARD

[Global flags]
     intx CICompilerCount                          = 4                                         {product} {ergonomic}
     uint ConcGCThreads                            = 2                                         {product} {ergonomic}
     uint G1ConcRefinementThreads                  = 8                                         {product} {ergonomic}
   size_t G1HeapRegionSize                         = 1048576                                   {product} {ergonomic}
    uintx GCDrainStackTargetSize                   = 64                                        {product} {ergonomic}
   size_t InitialHeapSize                          = 132120576                                 {product} {ergonomic}
   size_t MarkStackSize                            = 4194304                                   {product} {ergonomic}
   size_t MaxHeapSize                              = 2147483648                                {product} {command line}
   size_t MaxNewSize                               = 1287651328                                {product} {ergonomic}
   size_t MinHeapDeltaBytes                        = 1048576                                   {product} {ergonomic}
   size_t MinHeapSize                              = 8388608                                   {product} {ergonomic}
    uintx NonNMethodCodeHeapSize                   = 5839372                                {pd product} {ergonomic}
    uintx NonProfiledCodeHeapSize                  = 122909434                              {pd product} {ergonomic}
    uintx ProfiledCodeHeapSize                     = 122909434                              {pd product} {ergonomic}
    uintx ReservedCodeCacheSize                    = 251658240                              {pd product} {ergonomic}
     bool SegmentedCodeCache                       = true                                      {product} {ergonomic}
   size_t SoftMaxHeapSize                          = 2147483648                             {manageable} {ergonomic}
     bool UseCompressedClassPointers               = true                           {product lp64_product} {ergonomic}
     bool UseCompressedOops                        = true                           {product lp64_product} {ergonomic}
     bool UseG1GC                                  = true                                      {product} {ergonomic}
     bool UseLargePagesIndividualAllocation        = false                                  {pd product} {ergonomic}

Logging:
Log output configuration:
 #0: stdout all=warning uptime,level,tags
 #1: stderr all=off uptime,level,tags

Environment Variables:
JAVA_HOME=C:\Program Files\Java\jdk-16.0.2
PATH=C:\Program Files\Python37\Scripts\;C:\Program Files\Python37\;C:\ProgramData\Oracle\Java\javapath;C:\app\ITECH\product\11.2.0\dbhome_1\bin;C:\Program Files\Common Files\Oracle\Java\javapath;C:\Program Files (x86)\Common Files\Oracle\Java\javapath;C:\WINDOWS\system32;C:\WINDOWS;C:\WINDOWS\System32\Wbem;C:\WINDOWS\System32\WindowsPowerShell\v1.0\;C:\WINDOWS\System32\OpenSSH\;C:\Program Files\Microsoft SQL Server\130\Tools\Binn\;C:\Program Files\Microsoft SQL Server\Client SDK\ODBC\170\Tools\Binn\;C:\Program Files\dotnet\;C:\Program Files\nodejs\;C:\Program Files\Java\jdk-16.0.2\bin;C:\Program Files\Git\cmd;C:\Program Files\Java\jdk-16.0.2\bin;
USERNAME=ITECH
OS=Windows_NT
PROCESSOR_IDENTIFIER=Intel64 Family 6 Model 126 Stepping 5, GenuineIntel



---------------  S Y S T E M  ---------------

OS:
 Windows 10 , 64 bit Build 19041 (10.0.19041.1889)
OS uptime: 0 days 0:54 hours

CPU: total 8 (initial active 8) (4 cores per cpu, 2 threads per core) family 6 model 126 stepping 5 microcode 0xb0, cx8, cmov, fxsr, ht, mmx, 3dnowpref, sse, sse2, sse3, ssse3, sse4.1, sse4.2, popcnt, lzcnt, tsc, tscinvbit, avx, avx2, aes, erms, clmul, bmi1, bmi2, adx, avx512f, avx512dq, avx512cd, avx512bw, avx512vl, sha, fma, vzeroupper, avx512_vpopcntdq, avx512_vpclmulqdq, avx512_vaes, avx512_vnni, clflush, clflushopt, avx512_vmbi2, avx512_vmbi

Memory: 4k page, system-wide physical 7959M (941M free)
TotalPageFile size 7959M (AvailPageFile size 42M)
current process WorkingSet (physical memory assigned to process): 443M, peak: 448M
current process commit charge ("private bytes"): 495M, peak: 569M

vm_info: Java HotSpot(TM) 64-Bit Server VM (16.0.2+7-67) for windows-amd64 JRE (16.0.2+7-67), built on Jun  8 2021 23:24:19 by "mach5one" with MS VC++ 16.7 (VS2019)

END.
