#
# There is insufficient memory for the Java Runtime Environment to continue.
# Native memory allocation (mmap) failed to map 24117248 bytes for G1 virtual space
# Possible reasons:
#   The system is out of physical RAM or swap space
#   The process is running with CompressedOops enabled, and the Java Heap may be blocking the growth of the native heap
# Possible solutions:
#   Reduce memory load on the system
#   Increase physical memory or swap space
#   Check if swap backing store is full
#   Decrease Java heap size (-Xmx/-Xms)
#   Decrease number of Java threads
#   Decrease Java thread stack sizes (-Xss)
#   Set larger code cache with -XX:ReservedCodeCacheSize=
#   JVM is running with Unscaled Compressed Oops mode in which the Java heap is
#     placed in the first 4GB address space. The Java Heap base address is the
#     maximum limit for the native heap growth. Please use -XX:HeapBaseMinAddress
#     to set the Java Heap base and to place the Java Heap above 4GB virtual address.
# This output file may be truncated or incomplete.
#
#  Out of Memory Error (os_windows.cpp:3466), pid=8596, tid=11912
#
# JRE version: Java(TM) SE Runtime Environment (16.0.2+7) (build 16.0.2+7-67)
# Java VM: Java HotSpot(TM) 64-Bit Server VM (16.0.2+7-67, mixed mode, sharing, tiered, compressed oops, compressed class ptrs, g1 gc, windows-amd64)
# No core dump will be written. Minidumps are not enabled by default on client versions of Windows
#

---------------  S U M M A R Y ------------

Command Line: --add-opens=java.base/java.util=ALL-UNNAMED --add-opens=java.base/java.lang=ALL-UNNAMED --add-opens=java.base/java.lang.invoke=ALL-UNNAMED --add-opens=java.base/java.util=ALL-UNNAMED --add-opens=java.prefs/java.util.prefs=ALL-UNNAMED --add-opens=java.prefs/java.util.prefs=ALL-UNNAMED --add-opens=java.base/java.nio.charset=ALL-UNNAMED --add-opens=java.base/java.net=ALL-UNNAMED --add-opens=java.base/java.util.concurrent.atomic=ALL-UNNAMED -Xmx2048m -Dfile.encoding=UTF-8 -Duser.country=US -Duser.language=en -Duser.variant org.gradle.launcher.daemon.bootstrap.GradleDaemon 7.3.3

Host: Intel(R) Core(TM) i7-1065G7 CPU @ 1.30GHz, 8 cores, 7G,  Windows 10 , 64 bit Build 19041 (10.0.19041.1889)
Time: Sat Aug 20 19:42:28 2022 Egypt Standard Time elapsed time: 11.525291 seconds (0d 0h 0m 11s)

---------------  T H R E A D  ---------------

Current thread (0x000002e6a27dcdf0):  VMThread "VM Thread" [stack: 0x000000f697100000,0x000000f697200000] [id=11912]

Stack: [0x000000f697100000,0x000000f697200000]
Native frames: (J=compiled Java code, j=interpreted, Vv=VM code, C=native code)
V  [jvm.dll+0x6681ca]
V  [jvm.dll+0x7c9e69]
V  [jvm.dll+0x7cb61e]
V  [jvm.dll+0x7cbc73]
V  [jvm.dll+0x242c55]
V  [jvm.dll+0x664f89]
V  [jvm.dll+0x659b75]
V  [jvm.dll+0x2fbfbb]
V  [jvm.dll+0x3031b6]
V  [jvm.dll+0x35299e]
V  [jvm.dll+0x352bcf]
V  [jvm.dll+0x2d3028]
V  [jvm.dll+0x2d6596]
V  [jvm.dll+0x2e0aa7]
V  [jvm.dll+0x315550]
V  [jvm.dll+0x7d00ab]
V  [jvm.dll+0x7d0da4]
V  [jvm.dll+0x7d12a9]
V  [jvm.dll+0x7d1564]
V  [jvm.dll+0x7d1630]
V  [jvm.dll+0x7795aa]
V  [jvm.dll+0x667066]
C  [ucrtbase.dll+0x21bb2]
C  [KERNEL32.DLL+0x17034]
C  [ntdll.dll+0x52651]

VM_Operation (0x000000f696dff840): G1Concurrent, mode: safepoint, requested by thread 0x000002e68280d790


---------------  P R O C E S S  ---------------

Threads class SMR info:
_java_thread_list=0x000002e6a67b6370, length=137, elements={
0x000002e6827bd480, 0x000002e6a27e2800, 0x000002e6a27e3310, 0x000002e6a27ecf70,
0x000002e6a27f08a0, 0x000002e6a27f31c0, 0x000002e6a27f5ae0, 0x000002e6a27face0,
0x000002e6a27fb6e0, 0x000002e6a2806450, 0x000002e6a34b0960, 0x000002e6a34b16a0,
0x000002e6a3520c70, 0x000002e6a37fe700, 0x000002e6a4cdd2d0, 0x000002e6a51ba260,
0x000002e6a48be460, 0x000002e6a4fc8fe0, 0x000002e6a4dd8420, 0x000002e6a4adf260,
0x000002e6a4dd8940, 0x000002e6a546fef0, 0x000002e6a546e9b0, 0x000002e6a546f9a0,
0x000002e6a5470440, 0x000002e6a546ef00, 0x000002e6a5470ee0, 0x000002e6a546d9c0,
0x000002e6a5470990, 0x000002e6a546df10, 0x000002e6a546e460, 0x000002e6a546f450,
0x000002e6a60c1b10, 0x000002e6a60bcb60, 0x000002e6a60bd600, 0x000002e6a60be0a0,
0x000002e6a60bb0d0, 0x000002e6a60bc0c0, 0x000002e6a60bf5e0, 0x000002e6a60bfb30,
0x000002e6a60c0b20, 0x000002e6a60c25b0, 0x000002e6a60bc610, 0x000002e6a60bbb70,
0x000002e6a60c0080, 0x000002e6a60c2060, 0x000002e6a60beb40, 0x000002e6a60bf090,
0x000002e6a60c05d0, 0x000002e6a60bab80, 0x000002e6a6bba000, 0x000002e6a6bba550,
0x000002e6a6bbaaa0, 0x000002e6a6bb9010, 0x000002e6a6bbaff0, 0x000002e6a6bbb540,
0x000002e6a6bbba90, 0x000002e6a6bb9ab0, 0x000002e6a6bbbfe0, 0x000002e6a6bbc530,
0x000002e6a6bb9560, 0x000002e6aa045dc0, 0x000002e6aa0482f0, 0x000002e6aa043de0,
0x000002e6aa045320, 0x000002e6aa04a820, 0x000002e6aa04ad70, 0x000002e6aa046db0,
0x000002e6aa048840, 0x000002e6aa047850, 0x000002e6aa04a2d0, 0x000002e6aa04b2c0,
0x000002e6aa048d90, 0x000002e6aa047da0, 0x000002e6aa047300, 0x000002e6aa046310,
0x000002e6aa043890, 0x000002e6aa044330, 0x000002e6aa046860, 0x000002e6aa0492e0,
0x000002e6aa049830, 0x000002e6aa049d80, 0x000002e6aa044880, 0x000002e6aa044dd0,
0x000002e6aa045870, 0x000002e6a9dfb140, 0x000002e6a9df76d0, 0x000002e6a9dfabf0,
0x000002e6a9df86c0, 0x000002e6a9df6190, 0x000002e6a9df96b0, 0x000002e6a9df51a0,
0x000002e6a9df3c60, 0x000002e6a9df56f0, 0x000002e6a9df8170, 0x000002e6a9df3710,
0x000002e6a9df41b0, 0x000002e6a9df8c10, 0x000002e6a9df5c40, 0x000002e6a9df6c30,
0x000002e6a9dfa6a0, 0x000002e6a9df7c20, 0x000002e6a9df4700, 0x000002e6a9df66e0,
0x000002e6a9df4c50, 0x000002e6a9df7180, 0x000002e6a9df9160, 0x000002e6a9df9c00,
0x000002e6a9dfa150, 0x000002e6a6373840, 0x000002e6a63752d0, 0x000002e6a6376d60,
0x000002e6a63772b0, 0x000002e6a6377800, 0x000002e6a6375d70, 0x000002e6a6375820,
0x000002e6a6378d40, 0x000002e6a6379290, 0x000002e6a63762c0, 0x000002e6a6376810,
0x000002e6a6373d90, 0x000002e6a6377d50, 0x000002e6a63797e0, 0x000002e6a63742e0,
0x000002e6a6374d80, 0x000002e6a6372300, 0x000002e6a6372da0, 0x000002e6a63732f0,
0x000002e6aadc3a60, 0x000002e6aadbeab0, 0x000002e6aadc1530, 0x000002e6aadc0a90,
0x000002e6aadc4fa0, 0x000002e6aadc3510, 0x000002e6aadbfff0, 0x000002e6aadbf000,
0x000002e6aadc1fd0
}

Java Threads: ( => current thread )
  0x000002e6827bd480 JavaThread "main" [_thread_blocked, id=8252, stack(0x000000f696b00000,0x000000f696c00000)]
  0x000002e6a27e2800 JavaThread "Reference Handler" daemon [_thread_blocked, id=9864, stack(0x000000f697200000,0x000000f697300000)]
  0x000002e6a27e3310 JavaThread "Finalizer" daemon [_thread_blocked, id=2552, stack(0x000000f697300000,0x000000f697400000)]
  0x000002e6a27ecf70 JavaThread "Signal Dispatcher" daemon [_thread_blocked, id=3700, stack(0x000000f697400000,0x000000f697500000)]
  0x000002e6a27f08a0 JavaThread "Attach Listener" daemon [_thread_blocked, id=10940, stack(0x000000f697500000,0x000000f697600000)]
  0x000002e6a27f31c0 JavaThread "Service Thread" daemon [_thread_blocked, id=8488, stack(0x000000f697600000,0x000000f697700000)]
  0x000002e6a27f5ae0 JavaThread "Monitor Deflation Thread" daemon [_thread_blocked, id=4756, stack(0x000000f697700000,0x000000f697800000)]
  0x000002e6a27face0 JavaThread "C2 CompilerThread0" daemon [_thread_in_native, id=9704, stack(0x000000f697800000,0x000000f697900000)]
  0x000002e6a27fb6e0 JavaThread "C1 CompilerThread0" daemon [_thread_blocked, id=5096, stack(0x000000f697900000,0x000000f697a00000)]
  0x000002e6a2806450 JavaThread "Sweeper thread" daemon [_thread_blocked, id=4440, stack(0x000000f697a00000,0x000000f697b00000)]
  0x000002e6a34b0960 JavaThread "Common-Cleaner" daemon [_thread_blocked, id=13040, stack(0x000000f697b00000,0x000000f697c00000)]
  0x000002e6a34b16a0 JavaThread "Notification Thread" daemon [_thread_blocked, id=9032, stack(0x000000f697c00000,0x000000f697d00000)]
  0x000002e6a3520c70 JavaThread "C2 CompilerThread1" daemon [_thread_in_native, id=3820, stack(0x000000f697e00000,0x000000f697f00000)]
  0x000002e6a37fe700 JavaThread "C2 CompilerThread2" daemon [_thread_blocked, id=11808, stack(0x000000f697f00000,0x000000f698000000)]
  0x000002e6a4cdd2d0 JavaThread "Daemon health stats" [_thread_blocked, id=10268, stack(0x000000f698400000,0x000000f698500000)]
  0x000002e6a51ba260 JavaThread "Incoming local TCP Connector on port 64416" [_thread_in_native, id=1768, stack(0x000000f698500000,0x000000f698600000)]
  0x000002e6a48be460 JavaThread "Daemon periodic checks" [_thread_blocked, id=10228, stack(0x000000f698600000,0x000000f698700000)]
  0x000002e6a4fc8fe0 JavaThread "Daemon" [_thread_blocked, id=6900, stack(0x000000f698700000,0x000000f698800000)]
  0x000002e6a4dd8420 JavaThread "Handler for socket connection from /127.0.0.1:64416 to /127.0.0.1:64417" [_thread_in_native, id=7920, stack(0x000000f698800000,0x000000f698900000)]
  0x000002e6a4adf260 JavaThread "Cancel handler" [_thread_blocked, id=11380, stack(0x000000f698900000,0x000000f698a00000)]
  0x000002e6a4dd8940 JavaThread "Daemon worker" [_thread_blocked, id=7116, stack(0x000000f698a00000,0x000000f698b00000)]
  0x000002e6a546fef0 JavaThread "Asynchronous log dispatcher for DefaultDaemonConnection: socket connection from /127.0.0.1:64416 to /127.0.0.1:64417" [_thread_blocked, id=12300, stack(0x000000f698b00000,0x000000f698c00000)]
  0x000002e6a546e9b0 JavaThread "Stdin handler" [_thread_blocked, id=13288, stack(0x000000f698c00000,0x000000f698d00000)]
  0x000002e6a546f9a0 JavaThread "Daemon client event forwarder" [_thread_blocked, id=10780, stack(0x000000f698d00000,0x000000f698e00000)]
  0x000002e6a5470440 JavaThread "Cache worker for journal cache (C:\Users\ITECH\.gradle\caches\journal-1)" [_thread_blocked, id=8520, stack(0x000000f698e00000,0x000000f698f00000)]
  0x000002e6a546ef00 JavaThread "File lock request listener" [_thread_in_native, id=3244, stack(0x000000f698f00000,0x000000f699000000)]
  0x000002e6a5470ee0 JavaThread "Cache worker for file hash cache (C:\Users\ITECH\.gradle\caches\7.3.3\fileHashes)" [_thread_blocked, id=3520, stack(0x000000f699000000,0x000000f699100000)]
  0x000002e6a546d9c0 JavaThread "Cache worker for file hash cache (C:\Users\ITECH\AndroidStudioProjects\yummy\.gradle\7.3.3\fileHashes)" [_thread_blocked, id=4420, stack(0x000000f699400000,0x000000f699500000)]
  0x000002e6a5470990 JavaThread "File watcher server" daemon [_thread_blocked, id=9492, stack(0x000000f699500000,0x000000f699600000)]
  0x000002e6a546df10 JavaThread "File watcher consumer" daemon [_thread_blocked, id=4044, stack(0x000000f699600000,0x000000f699700000)]
  0x000002e6a546e460 JavaThread "Cache worker for checksums cache (C:\Users\ITECH\AndroidStudioProjects\yummy\.gradle\7.3.3\checksums)" [_thread_blocked, id=11768, stack(0x000000f699700000,0x000000f699800000)]
  0x000002e6a546f450 JavaThread "Cache worker for cache directory md-supplier (C:\Users\ITECH\.gradle\caches\7.3.3\md-supplier)" [_thread_blocked, id=2496, stack(0x000000f699800000,0x000000f699900000)]
  0x000002e6a60c1b10 JavaThread "Cache worker for cache directory md-rule (C:\Users\ITECH\.gradle\caches\7.3.3\md-rule)" [_thread_blocked, id=8164, stack(0x000000f699900000,0x000000f699a00000)]
  0x000002e6a60bcb60 JavaThread "Cache worker for execution history cache (C:\Users\ITECH\.gradle\caches\7.3.3\executionHistory)" [_thread_blocked, id=10120, stack(0x000000f699b00000,0x000000f699c00000)]
  0x000002e6a60bd600 JavaThread "jar transforms" [_thread_blocked, id=10016, stack(0x000000f699c00000,0x000000f699d00000)]
  0x000002e6a60be0a0 JavaThread "Cache worker for file content cache (C:\Users\ITECH\.gradle\caches\7.3.3\fileContent)" [_thread_blocked, id=13188, stack(0x000000f699d00000,0x000000f699e00000)]
  0x000002e6a60bb0d0 JavaThread "jar transforms Thread 2" [_thread_blocked, id=12628, stack(0x000000f699e00000,0x000000f699f00000)]
  0x000002e6a60bc0c0 JavaThread "Cache worker for dependencies-accessors (C:\Users\ITECH\AndroidStudioProjects\yummy\.gradle\7.3.3\dependencies-accessors)" [_thread_blocked, id=2088, stack(0x000000f699f00000,0x000000f69a000000)]
  0x000002e6a60bf5e0 JavaThread "jar transforms Thread 3" [_thread_blocked, id=4332, stack(0x000000f69a000000,0x000000f69a100000)]
  0x000002e6a60bfb30 JavaThread "Cache worker for Build Output Cleanup Cache (C:\Users\ITECH\AndroidStudioProjects\yummy\.gradle\buildOutputCleanup)" [_thread_blocked, id=2328, stack(0x000000f69a100000,0x000000f69a200000)]
  0x000002e6a60c0b20 JavaThread "Unconstrained build operations" [_thread_blocked, id=12848, stack(0x000000f69a200000,0x000000f69a300000)]
  0x000002e6a60c25b0 JavaThread "Unconstrained build operations Thread 2" [_thread_blocked, id=12112, stack(0x000000f69a300000,0x000000f69a400000)]
  0x000002e6a60bc610 JavaThread "Unconstrained build operations Thread 3" [_thread_blocked, id=9340, stack(0x000000f69a400000,0x000000f69a500000)]
  0x000002e6a60bbb70 JavaThread "Unconstrained build operations Thread 4" [_thread_blocked, id=9540, stack(0x000000f69a500000,0x000000f69a600000)]
  0x000002e6a60c0080 JavaThread "Unconstrained build operations Thread 5" [_thread_blocked, id=6356, stack(0x000000f69a600000,0x000000f69a700000)]
  0x000002e6a60c2060 JavaThread "Unconstrained build operations Thread 6" [_thread_blocked, id=2828, stack(0x000000f69a700000,0x000000f69a800000)]
  0x000002e6a60beb40 JavaThread "Unconstrained build operations Thread 7" [_thread_blocked, id=12108, stack(0x000000f69a800000,0x000000f69a900000)]
  0x000002e6a60bf090 JavaThread "Unconstrained build operations Thread 8" [_thread_blocked, id=8180, stack(0x000000f69a900000,0x000000f69aa00000)]
  0x000002e6a60c05d0 JavaThread "Unconstrained build operations Thread 9" [_thread_blocked, id=10092, stack(0x000000f69aa00000,0x000000f69ab00000)]
  0x000002e6a60bab80 JavaThread "Unconstrained build operations Thread 10" [_thread_blocked, id=10388, stack(0x000000f69ab00000,0x000000f69ac00000)]
  0x000002e6a6bba000 JavaThread "Unconstrained build operations Thread 11" [_thread_blocked, id=5760, stack(0x000000f69ac00000,0x000000f69ad00000)]
  0x000002e6a6bba550 JavaThread "Unconstrained build operations Thread 12" [_thread_blocked, id=2128, stack(0x000000f69ad00000,0x000000f69ae00000)]
  0x000002e6a6bbaaa0 JavaThread "Unconstrained build operations Thread 13" [_thread_blocked, id=244, stack(0x000000f69ae00000,0x000000f69af00000)]
  0x000002e6a6bb9010 JavaThread "Unconstrained build operations Thread 14" [_thread_blocked, id=10352, stack(0x000000f69af00000,0x000000f69b000000)]
  0x000002e6a6bbaff0 JavaThread "Unconstrained build operations Thread 15" [_thread_blocked, id=12440, stack(0x000000f69b000000,0x000000f69b100000)]
  0x000002e6a6bbb540 JavaThread "Unconstrained build operations Thread 16" [_thread_blocked, id=11120, stack(0x000000f69b100000,0x000000f69b200000)]
  0x000002e6a6bbba90 JavaThread "Unconstrained build operations Thread 17" [_thread_blocked, id=3664, stack(0x000000f69b200000,0x000000f69b300000)]
  0x000002e6a6bb9ab0 JavaThread "Unconstrained build operations Thread 18" [_thread_blocked, id=1464, stack(0x000000f69b300000,0x000000f69b400000)]
  0x000002e6a6bbbfe0 JavaThread "Unconstrained build operations Thread 19" [_thread_blocked, id=1152, stack(0x000000f69b400000,0x000000f69b500000)]
  0x000002e6a6bbc530 JavaThread "Unconstrained build operations Thread 20" [_thread_blocked, id=6868, stack(0x000000f69b500000,0x000000f69b600000)]
  0x000002e6a6bb9560 JavaThread "Unconstrained build operations Thread 21" [_thread_blocked, id=9572, stack(0x000000f69b600000,0x000000f69b700000)]
  0x000002e6aa045dc0 JavaThread "Unconstrained build operations Thread 22" [_thread_blocked, id=5988, stack(0x000000f69b700000,0x000000f69b800000)]
  0x000002e6aa0482f0 JavaThread "Unconstrained build operations Thread 23" [_thread_blocked, id=3784, stack(0x000000f69b800000,0x000000f69b900000)]
  0x000002e6aa043de0 JavaThread "Unconstrained build operations Thread 24" [_thread_blocked, id=5576, stack(0x000000f69b900000,0x000000f69ba00000)]
  0x000002e6aa045320 JavaThread "Unconstrained build operations Thread 25" [_thread_blocked, id=10312, stack(0x000000f69ba00000,0x000000f69bb00000)]
  0x000002e6aa04a820 JavaThread "Unconstrained build operations Thread 26" [_thread_blocked, id=3476, stack(0x000000f69bb00000,0x000000f69bc00000)]
  0x000002e6aa04ad70 JavaThread "Unconstrained build operations Thread 27" [_thread_blocked, id=12664, stack(0x000000f69bc00000,0x000000f69bd00000)]
  0x000002e6aa046db0 JavaThread "Unconstrained build operations Thread 28" [_thread_blocked, id=9144, stack(0x000000f69bd00000,0x000000f69be00000)]
  0x000002e6aa048840 JavaThread "Unconstrained build operations Thread 29" [_thread_blocked, id=1100, stack(0x000000f69be00000,0x000000f69bf00000)]
  0x000002e6aa047850 JavaThread "Unconstrained build operations Thread 30" [_thread_blocked, id=7012, stack(0x000000f69bf00000,0x000000f69c000000)]
  0x000002e6aa04a2d0 JavaThread "Unconstrained build operations Thread 31" [_thread_blocked, id=10260, stack(0x000000f69c000000,0x000000f69c100000)]
  0x000002e6aa04b2c0 JavaThread "Unconstrained build operations Thread 32" [_thread_blocked, id=8748, stack(0x000000f69c100000,0x000000f69c200000)]
  0x000002e6aa048d90 JavaThread "Unconstrained build operations Thread 33" [_thread_blocked, id=5284, stack(0x000000f69c200000,0x000000f69c300000)]
  0x000002e6aa047da0 JavaThread "Unconstrained build operations Thread 34" [_thread_blocked, id=11776, stack(0x000000f69c300000,0x000000f69c400000)]
  0x000002e6aa047300 JavaThread "Unconstrained build operations Thread 35" [_thread_blocked, id=400, stack(0x000000f69c400000,0x000000f69c500000)]
  0x000002e6aa046310 JavaThread "Unconstrained build operations Thread 36" [_thread_blocked, id=1392, stack(0x000000f69c500000,0x000000f69c600000)]
  0x000002e6aa043890 JavaThread "Unconstrained build operations Thread 37" [_thread_blocked, id=1916, stack(0x000000f69c600000,0x000000f69c700000)]
  0x000002e6aa044330 JavaThread "Unconstrained build operations Thread 38" [_thread_blocked, id=12488, stack(0x000000f69c700000,0x000000f69c800000)]
  0x000002e6aa046860 JavaThread "Unconstrained build operations Thread 39" [_thread_blocked, id=1888, stack(0x000000f69c800000,0x000000f69c900000)]
  0x000002e6aa0492e0 JavaThread "Unconstrained build operations Thread 40" [_thread_blocked, id=10556, stack(0x000000f69c900000,0x000000f69ca00000)]
  0x000002e6aa049830 JavaThread "Unconstrained build operations Thread 41" [_thread_blocked, id=528, stack(0x000000f69ca00000,0x000000f69cb00000)]
  0x000002e6aa049d80 JavaThread "Unconstrained build operations Thread 42" [_thread_blocked, id=1356, stack(0x000000f69cb00000,0x000000f69cc00000)]
  0x000002e6aa044880 JavaThread "Unconstrained build operations Thread 43" [_thread_blocked, id=8544, stack(0x000000f69cc00000,0x000000f69cd00000)]
  0x000002e6aa044dd0 JavaThread "Unconstrained build operations Thread 44" [_thread_blocked, id=2688, stack(0x000000f69cd00000,0x000000f69ce00000)]
  0x000002e6aa045870 JavaThread "Unconstrained build operations Thread 45" [_thread_blocked, id=4216, stack(0x000000f69ce00000,0x000000f69cf00000)]
  0x000002e6a9dfb140 JavaThread "Unconstrained build operations Thread 46" [_thread_blocked, id=10308, stack(0x000000f69cf00000,0x000000f69d000000)]
  0x000002e6a9df76d0 JavaThread "Unconstrained build operations Thread 47" [_thread_blocked, id=11772, stack(0x000000f69d000000,0x000000f69d100000)]
  0x000002e6a9dfabf0 JavaThread "Unconstrained build operations Thread 48" [_thread_blocked, id=3808, stack(0x000000f69d100000,0x000000f69d200000)]
  0x000002e6a9df86c0 JavaThread "Unconstrained build operations Thread 49" [_thread_blocked, id=4872, stack(0x000000f69d200000,0x000000f69d300000)]
  0x000002e6a9df6190 JavaThread "Unconstrained build operations Thread 50" [_thread_blocked, id=5132, stack(0x000000f69d300000,0x000000f69d400000)]
  0x000002e6a9df96b0 JavaThread "Unconstrained build operations Thread 51" [_thread_blocked, id=12888, stack(0x000000f69d400000,0x000000f69d500000)]
  0x000002e6a9df51a0 JavaThread "Unconstrained build operations Thread 52" [_thread_blocked, id=8352, stack(0x000000f69d500000,0x000000f69d600000)]
  0x000002e6a9df3c60 JavaThread "Unconstrained build operations Thread 53" [_thread_blocked, id=9660, stack(0x000000f69d600000,0x000000f69d700000)]
  0x000002e6a9df56f0 JavaThread "Unconstrained build operations Thread 54" [_thread_blocked, id=3036, stack(0x000000f69d700000,0x000000f69d800000)]
  0x000002e6a9df8170 JavaThread "Unconstrained build operations Thread 55" [_thread_blocked, id=7192, stack(0x000000f69d800000,0x000000f69d900000)]
  0x000002e6a9df3710 JavaThread "Unconstrained build operations Thread 56" [_thread_blocked, id=11744, stack(0x000000f69d900000,0x000000f69da00000)]
  0x000002e6a9df41b0 JavaThread "Unconstrained build operations Thread 57" [_thread_blocked, id=11184, stack(0x000000f69da00000,0x000000f69db00000)]
  0x000002e6a9df8c10 JavaThread "Unconstrained build operations Thread 58" [_thread_blocked, id=6056, stack(0x000000f69db00000,0x000000f69dc00000)]
  0x000002e6a9df5c40 JavaThread "Unconstrained build operations Thread 59" [_thread_blocked, id=8480, stack(0x000000f69dc00000,0x000000f69dd00000)]
  0x000002e6a9df6c30 JavaThread "Unconstrained build operations Thread 60" [_thread_blocked, id=13096, stack(0x000000f69dd00000,0x000000f69de00000)]
  0x000002e6a9dfa6a0 JavaThread "Unconstrained build operations Thread 61" [_thread_blocked, id=10628, stack(0x000000f69de00000,0x000000f69df00000)]
  0x000002e6a9df7c20 JavaThread "Unconstrained build operations Thread 62" [_thread_blocked, id=10756, stack(0x000000f69df00000,0x000000f69e000000)]
  0x000002e6a9df4700 JavaThread "Unconstrained build operations Thread 63" [_thread_blocked, id=3388, stack(0x000000f69e000000,0x000000f69e100000)]
  0x000002e6a9df66e0 JavaThread "Unconstrained build operations Thread 64" [_thread_blocked, id=9984, stack(0x000000f69e100000,0x000000f69e200000)]
  0x000002e6a9df4c50 JavaThread "Unconstrained build operations Thread 65" [_thread_blocked, id=12964, stack(0x000000f69e200000,0x000000f69e300000)]
  0x000002e6a9df7180 JavaThread "Unconstrained build operations Thread 66" [_thread_blocked, id=10604, stack(0x000000f69e300000,0x000000f69e400000)]
  0x000002e6a9df9160 JavaThread "Unconstrained build operations Thread 67" [_thread_blocked, id=3864, stack(0x000000f69e400000,0x000000f69e500000)]
  0x000002e6a9df9c00 JavaThread "Unconstrained build operations Thread 68" [_thread_blocked, id=8936, stack(0x000000f69e500000,0x000000f69e600000)]
  0x000002e6a9dfa150 JavaThread "Unconstrained build operations Thread 69" [_thread_blocked, id=4960, stack(0x000000f69e600000,0x000000f69e700000)]
  0x000002e6a6373840 JavaThread "Unconstrained build operations Thread 70" [_thread_blocked, id=3840, stack(0x000000f69e700000,0x000000f69e800000)]
  0x000002e6a63752d0 JavaThread "Unconstrained build operations Thread 71" [_thread_blocked, id=4032, stack(0x000000f69e800000,0x000000f69e900000)]
  0x000002e6a6376d60 JavaThread "Unconstrained build operations Thread 72" [_thread_blocked, id=7736, stack(0x000000f69e900000,0x000000f69ea00000)]
  0x000002e6a63772b0 JavaThread "Unconstrained build operations Thread 73" [_thread_blocked, id=3220, stack(0x000000f69ea00000,0x000000f69eb00000)]
  0x000002e6a6377800 JavaThread "Unconstrained build operations Thread 74" [_thread_blocked, id=9680, stack(0x000000f69eb00000,0x000000f69ec00000)]
  0x000002e6a6375d70 JavaThread "Unconstrained build operations Thread 75" [_thread_blocked, id=10012, stack(0x000000f69ec00000,0x000000f69ed00000)]
  0x000002e6a6375820 JavaThread "Unconstrained build operations Thread 76" [_thread_blocked, id=2612, stack(0x000000f69ed00000,0x000000f69ee00000)]
  0x000002e6a6378d40 JavaThread "Unconstrained build operations Thread 77" [_thread_blocked, id=10864, stack(0x000000f69ee00000,0x000000f69ef00000)]
  0x000002e6a6379290 JavaThread "Unconstrained build operations Thread 78" [_thread_blocked, id=11152, stack(0x000000f69ef00000,0x000000f69f000000)]
  0x000002e6a63762c0 JavaThread "Unconstrained build operations Thread 79" [_thread_blocked, id=7808, stack(0x000000f69f000000,0x000000f69f100000)]
  0x000002e6a6376810 JavaThread "Unconstrained build operations Thread 80" [_thread_blocked, id=5336, stack(0x000000f69f100000,0x000000f69f200000)]
  0x000002e6a6373d90 JavaThread "jar transforms Thread 4" [_thread_blocked, id=7584, stack(0x000000f69f200000,0x000000f69f300000)]
  0x000002e6a6377d50 JavaThread "jar transforms Thread 5" [_thread_blocked, id=4060, stack(0x000000f69f300000,0x000000f69f400000)]
  0x000002e6a63797e0 JavaThread "jar transforms Thread 6" [_thread_blocked, id=10148, stack(0x000000f69f400000,0x000000f69f500000)]
  0x000002e6a63742e0 JavaThread "jar transforms Thread 7" [_thread_blocked, id=3028, stack(0x000000f69f500000,0x000000f69f600000)]
  0x000002e6a6374d80 JavaThread "jar transforms Thread 8" [_thread_blocked, id=10544, stack(0x000000f69f600000,0x000000f69f700000)]
  0x000002e6a6372300 JavaThread "Memory manager" [_thread_blocked, id=9276, stack(0x000000f69f700000,0x000000f69f800000)]
  0x000002e6a6372da0 JavaThread "build event listener" [_thread_blocked, id=7636, stack(0x000000f69f800000,0x000000f69f900000)]
  0x000002e6a63732f0 JavaThread "pool-3-thread-1" [_thread_blocked, id=12184, stack(0x000000f69f900000,0x000000f69fa00000)]
  0x000002e6aadc3a60 JavaThread "build event listener" [_thread_blocked, id=13200, stack(0x000000f69fa00000,0x000000f69fb00000)]
  0x000002e6aadbeab0 JavaThread "Execution worker for ':'" [_thread_blocked, id=8124, stack(0x000000f69fb00000,0x000000f69fc00000)]
  0x000002e6aadc1530 JavaThread "Execution worker for ':' Thread 2" [_thread_blocked, id=4672, stack(0x000000f69fc00000,0x000000f69fd00000)]
  0x000002e6aadc0a90 JavaThread "Execution worker for ':' Thread 3" [_thread_blocked, id=5492, stack(0x000000f69fd00000,0x000000f69fe00000)]
  0x000002e6aadc4fa0 JavaThread "Execution worker for ':' Thread 4" [_thread_blocked, id=10436, stack(0x000000f69fe00000,0x000000f69ff00000)]
  0x000002e6aadc3510 JavaThread "Execution worker for ':' Thread 5" [_thread_blocked, id=9128, stack(0x000000f69ff00000,0x000000f6a0000000)]
  0x000002e6aadbfff0 JavaThread "Execution worker for ':' Thread 6" [_thread_blocked, id=11592, stack(0x000000f6a0000000,0x000000f6a0100000)]
  0x000002e6aadbf000 JavaThread "Execution worker for ':' Thread 7" [_thread_blocked, id=11684, stack(0x000000f6a0100000,0x000000f6a0200000)]
  0x000002e6aadc1fd0 JavaThread "Cache worker for execution history cache (C:\Users\ITECH\AndroidStudioProjects\yummy\.gradle\7.3.3\executionHistory)" [_thread_blocked, id=9612, stack(0x000000f6a0200000,0x000000f6a0300000)]

Other Threads:
=>0x000002e6a27dcdf0 VMThread "VM Thread" [stack: 0x000000f697100000,0x000000f697200000] [id=11912]
  0x000002e6a34bc000 WatcherThread [stack: 0x000000f697d00000,0x000000f697e00000] [id=12172]
  0x000002e6827fb730 GCTaskThread "GC Thread#0" [stack: 0x000000f696c00000,0x000000f696d00000] [id=4464]
  0x000002e6a417bcb0 GCTaskThread "GC Thread#1" [stack: 0x000000f698000000,0x000000f698100000] [id=8652]
  0x000002e6a4045b80 GCTaskThread "GC Thread#2" [stack: 0x000000f698100000,0x000000f698200000] [id=5936]
  0x000002e6a3f32940 GCTaskThread "GC Thread#3" [stack: 0x000000f698200000,0x000000f698300000] [id=9408]
  0x000002e6a44d1140 GCTaskThread "GC Thread#4" [stack: 0x000000f698300000,0x000000f698400000] [id=600]
  0x000002e6a8bcc450 GCTaskThread "GC Thread#5" [stack: 0x000000f699100000,0x000000f699200000] [id=12740]
  0x000002e6a8bcc140 GCTaskThread "GC Thread#6" [stack: 0x000000f699200000,0x000000f699300000] [id=8068]
  0x000002e6a8bcd9c0 GCTaskThread "GC Thread#7" [stack: 0x000000f699300000,0x000000f699400000] [id=9320]
  0x000002e68280d790 ConcurrentGCThread "G1 Main Marker" [stack: 0x000000f696d00000,0x000000f696e00000] [id=9688]
  0x000002e68280e930 ConcurrentGCThread "G1 Conc#0" [stack: 0x000000f696e00000,0x000000f696f00000] [id=4504]
  0x000002e6a8bcd6b0 ConcurrentGCThread "G1 Conc#1" [stack: 0x000000f699a00000,0x000000f699b00000] [id=8004]
  0x000002e6828990f0 ConcurrentGCThread "G1 Refine#0" [stack: 0x000000f696f00000,0x000000f697000000] [id=7472]
  0x000002e68289aa90 ConcurrentGCThread "G1 Service" [stack: 0x000000f697000000,0x000000f697100000] [id=4172]

Threads with active compile tasks:
C2 CompilerThread0    11559 9783       4       org.apache.xerces.impl.XMLNSDocumentScannerImpl::scanAttribute (586 bytes)
C2 CompilerThread1    11559 9802       4       org.apache.xerces.impl.XMLNSDocumentScannerImpl::scanStartElement (873 bytes)
C2 CompilerThread2    11559 9774       4       org.apache.xerces.parsers.XML11Configuration::addRecognizedParamsAndSetDefaults (165 bytes)

VM state: at safepoint (normal execution)

VM Mutex/Monitor currently owned by a thread:  ([mutex/lock_event])
[0x000002e6827bb1f0] Threads_lock - owner thread: 0x000002e6a27dcdf0
[0x000002e6827ba620] Heap_lock - owner thread: 0x000002e68280d790

Heap address: 0x0000000080000000, size: 2048 MB, Compressed Oops mode: 32-bit

CDS archive(s) mapped at: [0x0000000800000000-0x0000000800bb0000-0x0000000800bb0000), size 12255232, SharedBaseAddress: 0x0000000800000000, ArchiveRelocationMode: 0.
Compressed class space mapped at: 0x0000000800c00000-0x0000000840c00000, reserved size: 1073741824
Narrow klass base: 0x0000000800000000, Narrow klass shift: 3, Narrow klass range: 0x100000000

GC Precious Log:
 CPUs: 8 total, 8 available
 Memory: 7959M
 Large Page Support: Disabled
 NUMA Support: Disabled
 Compressed Oops: Enabled (32-bit)
 Heap Region Size: 1M
 Heap Min Capacity: 8M
 Heap Initial Capacity: 126M
 Heap Max Capacity: 2G
 Pre-touch: Disabled
 Parallel Workers: 8
 Concurrent Workers: 2
 Concurrent Refinement Workers: 8
 Periodic GC: Disabled

Heap:
 garbage-first heap   total 132096K, used 90287K [0x0000000080000000, 0x0000000100000000)
  region size 1024K, 14 young (14336K), 5 survivors (5120K)
 Metaspace       used 75308K, committed 75840K, reserved 1114112K
  class space    used 10144K, committed 10368K, reserved 1048576K

Heap Regions: E=young(eden), S=young(survivor), O=old, HS=humongous(starts), HC=humongous(continues), CS=collection set, F=free, OA=open archive, CA=closed archive, TAMS=top-at-mark-start (previous, next)
|   0|0x0000000080000000, 0x0000000080100000, 0x0000000080100000|100%| O|  |TAMS 0x0000000080100000, 0x0000000080000000| Updating 
|   1|0x0000000080100000, 0x0000000080200000, 0x0000000080200000|100%| O|  |TAMS 0x0000000080200000, 0x0000000080100000| Updating 
|   2|0x0000000080200000, 0x0000000080300000, 0x0000000080300000|100%| O|  |TAMS 0x0000000080300000, 0x0000000080200000| Updating 
|   3|0x0000000080300000, 0x0000000080400000, 0x0000000080400000|100%|HS|  |TAMS 0x0000000080400000, 0x0000000080300000| Complete 
|   4|0x0000000080400000, 0x0000000080500000, 0x0000000080500000|100%|HC|  |TAMS 0x0000000080500000, 0x0000000080400000| Complete 
|   5|0x0000000080500000, 0x0000000080600000, 0x0000000080600000|100%|HC|  |TAMS 0x0000000080600000, 0x0000000080500000| Complete 
|   6|0x0000000080600000, 0x0000000080700000, 0x0000000080700000|100%| O|  |TAMS 0x0000000080700000, 0x0000000080600000| Updating 
|   7|0x0000000080700000, 0x0000000080800000, 0x0000000080800000|100%| O|  |TAMS 0x0000000080800000, 0x0000000080700000| Updating 
|   8|0x0000000080800000, 0x0000000080900000, 0x0000000080900000|100%| O|  |TAMS 0x0000000080900000, 0x0000000080800000| Updating 
|   9|0x0000000080900000, 0x0000000080a00000, 0x0000000080a00000|100%| O|  |TAMS 0x0000000080a00000, 0x0000000080900000| Updating 
|  10|0x0000000080a00000, 0x0000000080b00000, 0x0000000080b00000|100%| O|  |TAMS 0x0000000080b00000, 0x0000000080a00000| Updating 
|  11|0x0000000080b00000, 0x0000000080c00000, 0x0000000080c00000|100%| O|  |TAMS 0x0000000080c00000, 0x0000000080b00000| Updating 
|  12|0x0000000080c00000, 0x0000000080d00000, 0x0000000080d00000|100%| O|  |TAMS 0x0000000080d00000, 0x0000000080c00000| Updating 
|  13|0x0000000080d00000, 0x0000000080e00000, 0x0000000080e00000|100%| O|  |TAMS 0x0000000080e00000, 0x0000000080d00000| Updating 
|  14|0x0000000080e00000, 0x0000000080f00000, 0x0000000080f00000|100%| O|  |TAMS 0x0000000080f00000, 0x0000000080e00000| Updating 
|  15|0x0000000080f00000, 0x0000000081000000, 0x0000000081000000|100%| O|  |TAMS 0x0000000081000000, 0x0000000080f00000| Updating 
|  16|0x0000000081000000, 0x0000000081100000, 0x0000000081100000|100%| O|  |TAMS 0x0000000081100000, 0x0000000081000000| Updating 
|  17|0x0000000081100000, 0x0000000081200000, 0x0000000081200000|100%| O|  |TAMS 0x0000000081200000, 0x0000000081100000| Updating 
|  18|0x0000000081200000, 0x000000008124b800, 0x0000000081300000| 29%| O|  |TAMS 0x000000008124b800, 0x0000000081200000| Updating 
|  19|0x0000000081300000, 0x0000000081400000, 0x0000000081400000|100%| O|  |TAMS 0x0000000081400000, 0x0000000081300000| Updating 
|  20|0x0000000081400000, 0x0000000081500000, 0x0000000081500000|100%|HS|  |TAMS 0x0000000081500000, 0x0000000081400000| Complete 
|  21|0x0000000081500000, 0x0000000081600000, 0x0000000081600000|100%| O|  |TAMS 0x0000000081600000, 0x0000000081500000| Updating 
|  22|0x0000000081600000, 0x0000000081700000, 0x0000000081700000|100%| O|  |TAMS 0x0000000081700000, 0x0000000081600000| Updating 
|  23|0x0000000081700000, 0x0000000081800000, 0x0000000081800000|100%| O|  |TAMS 0x0000000081800000, 0x0000000081700000| Updating 
|  24|0x0000000081800000, 0x0000000081900000, 0x0000000081900000|100%|HS|  |TAMS 0x0000000081900000, 0x0000000081800000| Complete 
|  25|0x0000000081900000, 0x0000000081a00000, 0x0000000081a00000|100%|HS|  |TAMS 0x0000000081a00000, 0x0000000081900000| Complete 
|  26|0x0000000081a00000, 0x0000000081b00000, 0x0000000081b00000|100%|HC|  |TAMS 0x0000000081b00000, 0x0000000081a00000| Complete 
|  27|0x0000000081b00000, 0x0000000081c00000, 0x0000000081c00000|100%| O|  |TAMS 0x0000000081c00000, 0x0000000081b00000| Updating 
|  28|0x0000000081c00000, 0x0000000081d00000, 0x0000000081d00000|100%| O|  |TAMS 0x0000000081d00000, 0x0000000081c00000| Updating 
|  29|0x0000000081d00000, 0x0000000081e00000, 0x0000000081e00000|100%| O|  |TAMS 0x0000000081e00000, 0x0000000081d00000| Updating 
|  30|0x0000000081e00000, 0x0000000081f00000, 0x0000000081f00000|100%| O|  |TAMS 0x0000000081f00000, 0x0000000081e00000| Updating 
|  31|0x0000000081f00000, 0x0000000082000000, 0x0000000082000000|100%| O|  |TAMS 0x0000000082000000, 0x0000000081f00000| Updating 
|  32|0x0000000082000000, 0x0000000082100000, 0x0000000082100000|100%| O|  |TAMS 0x0000000082100000, 0x0000000082000000| Updating 
|  33|0x0000000082100000, 0x0000000082200000, 0x0000000082200000|100%| O|  |TAMS 0x0000000082200000, 0x0000000082100000| Updating 
|  34|0x0000000082200000, 0x0000000082300000, 0x0000000082300000|100%| O|  |TAMS 0x0000000082300000, 0x0000000082200000| Updating 
|  35|0x0000000082300000, 0x0000000082400000, 0x0000000082400000|100%| O|  |TAMS 0x0000000082400000, 0x0000000082300000| Updating 
|  36|0x0000000082400000, 0x0000000082500000, 0x0000000082500000|100%| O|  |TAMS 0x0000000082500000, 0x0000000082400000| Updating 
|  37|0x0000000082500000, 0x0000000082600000, 0x0000000082600000|100%| O|  |TAMS 0x0000000082600000, 0x0000000082500000| Updating 
|  38|0x0000000082600000, 0x0000000082700000, 0x0000000082700000|100%| O|  |TAMS 0x0000000082700000, 0x0000000082600000| Updating 
|  39|0x0000000082700000, 0x0000000082800000, 0x0000000082800000|100%| O|  |TAMS 0x0000000082800000, 0x0000000082700000| Updating 
|  40|0x0000000082800000, 0x0000000082900000, 0x0000000082900000|100%| O|  |TAMS 0x0000000082900000, 0x0000000082800000| Updating 
|  41|0x0000000082900000, 0x0000000082a00000, 0x0000000082a00000|100%| O|  |TAMS 0x0000000082a00000, 0x0000000082900000| Updating 
|  42|0x0000000082a00000, 0x0000000082b00000, 0x0000000082b00000|100%| O|  |TAMS 0x0000000082b00000, 0x0000000082a00000| Updating 
|  43|0x0000000082b00000, 0x0000000082c00000, 0x0000000082c00000|100%| O|  |TAMS 0x0000000082c00000, 0x0000000082b00000| Updating 
|  44|0x0000000082c00000, 0x0000000082d00000, 0x0000000082d00000|100%| O|  |TAMS 0x0000000082d00000, 0x0000000082c00000| Updating 
|  45|0x0000000082d00000, 0x0000000082e00000, 0x0000000082e00000|100%| O|  |TAMS 0x0000000082e00000, 0x0000000082d00000| Updating 
|  46|0x0000000082e00000, 0x0000000082f00000, 0x0000000082f00000|100%| O|  |TAMS 0x0000000082f00000, 0x0000000082e00000| Updating 
|  47|0x0000000082f00000, 0x0000000083000000, 0x0000000083000000|100%| O|  |TAMS 0x0000000083000000, 0x0000000082f00000| Updating 
|  48|0x0000000083000000, 0x0000000083100000, 0x0000000083100000|100%| O|  |TAMS 0x0000000083100000, 0x0000000083000000| Updating 
|  49|0x0000000083100000, 0x0000000083200000, 0x0000000083200000|100%| O|  |TAMS 0x0000000083200000, 0x0000000083100000| Updating 
|  50|0x0000000083200000, 0x0000000083300000, 0x0000000083300000|100%| O|  |TAMS 0x0000000083300000, 0x0000000083200000| Updating 
|  51|0x0000000083300000, 0x0000000083400000, 0x0000000083400000|100%| O|  |TAMS 0x0000000083400000, 0x0000000083300000| Updating 
|  52|0x0000000083400000, 0x0000000083500000, 0x0000000083500000|100%| O|  |TAMS 0x0000000083500000, 0x0000000083400000| Updating 
|  53|0x0000000083500000, 0x0000000083600000, 0x0000000083600000|100%| O|  |TAMS 0x0000000083600000, 0x0000000083500000| Updating 
|  54|0x0000000083600000, 0x0000000083700000, 0x0000000083700000|100%| O|  |TAMS 0x0000000083700000, 0x0000000083600000| Updating 
|  55|0x0000000083700000, 0x0000000083800000, 0x0000000083800000|100%| O|  |TAMS 0x0000000083800000, 0x0000000083700000| Updating 
|  56|0x0000000083800000, 0x0000000083900000, 0x0000000083900000|100%| O|  |TAMS 0x0000000083900000, 0x0000000083800000| Updating 
|  57|0x0000000083900000, 0x0000000083a00000, 0x0000000083a00000|100%| O|  |TAMS 0x0000000083a00000, 0x0000000083900000| Updating 
|  58|0x0000000083a00000, 0x0000000083b00000, 0x0000000083b00000|100%| O|  |TAMS 0x0000000083b00000, 0x0000000083a00000| Updating 
|  59|0x0000000083b00000, 0x0000000083c00000, 0x0000000083c00000|100%| O|  |TAMS 0x0000000083c00000, 0x0000000083b00000| Updating 
|  60|0x0000000083c00000, 0x0000000083d00000, 0x0000000083d00000|100%| O|  |TAMS 0x0000000083d00000, 0x0000000083c00000| Updating 
|  61|0x0000000083d00000, 0x0000000083e00000, 0x0000000083e00000|100%| O|  |TAMS 0x0000000083e00000, 0x0000000083d00000| Updating 
|  62|0x0000000083e00000, 0x0000000083f00000, 0x0000000083f00000|100%| O|  |TAMS 0x0000000083f00000, 0x0000000083e00000| Updating 
|  63|0x0000000083f00000, 0x0000000084000000, 0x0000000084000000|100%| O|  |TAMS 0x0000000084000000, 0x0000000083f00000| Updating 
|  64|0x0000000084000000, 0x0000000084100000, 0x0000000084100000|100%| O|  |TAMS 0x0000000084100000, 0x0000000084000000| Updating 
|  65|0x0000000084100000, 0x0000000084200000, 0x0000000084200000|100%| O|  |TAMS 0x0000000084200000, 0x0000000084100000| Updating 
|  66|0x0000000084200000, 0x0000000084300000, 0x0000000084300000|100%| O|  |TAMS 0x0000000084300000, 0x0000000084200000| Updating 
|  67|0x0000000084300000, 0x0000000084400000, 0x0000000084400000|100%| O|  |TAMS 0x0000000084400000, 0x0000000084300000| Updating 
|  68|0x0000000084400000, 0x0000000084500000, 0x0000000084500000|100%| O|  |TAMS 0x0000000084500000, 0x0000000084400000| Updating 
|  69|0x0000000084500000, 0x0000000084600000, 0x0000000084600000|100%| O|  |TAMS 0x0000000084600000, 0x0000000084500000| Updating 
|  70|0x0000000084600000, 0x0000000084700000, 0x0000000084700000|100%| O|  |TAMS 0x0000000084700000, 0x0000000084600000| Updating 
|  71|0x0000000084700000, 0x0000000084800000, 0x0000000084800000|100%| O|  |TAMS 0x0000000084780800, 0x0000000084700000| Updating 
|  72|0x0000000084800000, 0x0000000084900000, 0x0000000084900000|100%| O|  |TAMS 0x0000000084800000, 0x0000000084800000| Untracked 
|  73|0x0000000084900000, 0x00000000849e0400, 0x0000000084a00000| 87%| O|  |TAMS 0x0000000084900000, 0x0000000084900000| Untracked 
|  74|0x0000000084a00000, 0x0000000084b00000, 0x0000000084b00000|100%|HS|  |TAMS 0x0000000084a00000, 0x0000000084a00000| Complete 
|  75|0x0000000084b00000, 0x0000000084c00000, 0x0000000084c00000|100%|HS|  |TAMS 0x0000000084b00000, 0x0000000084b00000| Complete 
|  76|0x0000000084c00000, 0x0000000084d00000, 0x0000000084d00000|100%|HS|  |TAMS 0x0000000084c00000, 0x0000000084c00000| Complete 
|  77|0x0000000084d00000, 0x0000000084d00000, 0x0000000084e00000|  0%| F|  |TAMS 0x0000000084d00000, 0x0000000084d00000| Untracked 
|  78|0x0000000084e00000, 0x0000000084e00000, 0x0000000084f00000|  0%| F|  |TAMS 0x0000000084e00000, 0x0000000084e00000| Untracked 
|  79|0x0000000084f00000, 0x0000000084f00000, 0x0000000085000000|  0%| F|  |TAMS 0x0000000084f00000, 0x0000000084f00000| Untracked 
|  80|0x0000000085000000, 0x0000000085000000, 0x0000000085100000|  0%| F|  |TAMS 0x0000000085000000, 0x0000000085000000| Untracked 
|  81|0x0000000085100000, 0x0000000085100000, 0x0000000085200000|  0%| F|  |TAMS 0x0000000085100000, 0x0000000085100000| Untracked 
|  82|0x0000000085200000, 0x0000000085200000, 0x0000000085300000|  0%| F|  |TAMS 0x0000000085200000, 0x0000000085200000| Untracked 
|  83|0x0000000085300000, 0x0000000085300000, 0x0000000085400000|  0%| F|  |TAMS 0x0000000085300000, 0x0000000085300000| Untracked 
|  84|0x0000000085400000, 0x0000000085400000, 0x0000000085500000|  0%| F|  |TAMS 0x0000000085400000, 0x0000000085400000| Untracked 
|  85|0x0000000085500000, 0x0000000085500000, 0x0000000085600000|  0%| F|  |TAMS 0x0000000085500000, 0x0000000085500000| Untracked 
|  86|0x0000000085600000, 0x0000000085600000, 0x0000000085700000|  0%| F|  |TAMS 0x0000000085600000, 0x0000000085600000| Untracked 
|  87|0x0000000085700000, 0x0000000085700000, 0x0000000085800000|  0%| F|  |TAMS 0x0000000085700000, 0x0000000085700000| Untracked 
|  88|0x0000000085800000, 0x0000000085800000, 0x0000000085900000|  0%| F|  |TAMS 0x0000000085800000, 0x0000000085800000| Untracked 
|  89|0x0000000085900000, 0x0000000085900000, 0x0000000085a00000|  0%| F|  |TAMS 0x0000000085900000, 0x0000000085900000| Untracked 
|  90|0x0000000085a00000, 0x0000000085a00000, 0x0000000085b00000|  0%| F|  |TAMS 0x0000000085a00000, 0x0000000085a00000| Untracked 
|  91|0x0000000085b00000, 0x0000000085b00000, 0x0000000085c00000|  0%| F|  |TAMS 0x0000000085b00000, 0x0000000085b00000| Untracked 
|  92|0x0000000085c00000, 0x0000000085c00000, 0x0000000085d00000|  0%| F|  |TAMS 0x0000000085c00000, 0x0000000085c00000| Untracked 
|  93|0x0000000085d00000, 0x0000000085d00000, 0x0000000085e00000|  0%| F|  |TAMS 0x0000000085d00000, 0x0000000085d00000| Untracked 
|  94|0x0000000085e00000, 0x0000000085e00000, 0x0000000085f00000|  0%| F|  |TAMS 0x0000000085e00000, 0x0000000085e00000| Untracked 
|  95|0x0000000085f00000, 0x0000000085f00000, 0x0000000086000000|  0%| F|  |TAMS 0x0000000085f00000, 0x0000000085f00000| Untracked 
|  96|0x0000000086000000, 0x0000000086000000, 0x0000000086100000|  0%| F|  |TAMS 0x0000000086000000, 0x0000000086000000| Untracked 
|  97|0x0000000086100000, 0x0000000086100000, 0x0000000086200000|  0%| F|  |TAMS 0x0000000086100000, 0x0000000086100000| Untracked 
|  98|0x0000000086200000, 0x0000000086200000, 0x0000000086300000|  0%| F|  |TAMS 0x0000000086200000, 0x0000000086200000| Untracked 
|  99|0x0000000086300000, 0x0000000086300000, 0x0000000086400000|  0%| F|  |TAMS 0x0000000086300000, 0x0000000086300000| Untracked 
| 100|0x0000000086400000, 0x0000000086400000, 0x0000000086500000|  0%| F|  |TAMS 0x0000000086400000, 0x0000000086400000| Untracked 
| 101|0x0000000086500000, 0x0000000086500000, 0x0000000086600000|  0%| F|  |TAMS 0x0000000086500000, 0x0000000086500000| Untracked 
| 102|0x0000000086600000, 0x0000000086600000, 0x0000000086700000|  0%| F|  |TAMS 0x0000000086600000, 0x0000000086600000| Untracked 
| 103|0x0000000086700000, 0x0000000086700000, 0x0000000086800000|  0%| F|  |TAMS 0x0000000086700000, 0x0000000086700000| Untracked 
| 104|0x0000000086800000, 0x0000000086800000, 0x0000000086900000|  0%| F|  |TAMS 0x0000000086800000, 0x0000000086800000| Untracked 
| 105|0x0000000086900000, 0x0000000086900000, 0x0000000086a00000|  0%| F|  |TAMS 0x0000000086900000, 0x0000000086900000| Untracked 
| 106|0x0000000086a00000, 0x0000000086a00000, 0x0000000086b00000|  0%| F|  |TAMS 0x0000000086a00000, 0x0000000086a00000| Untracked 
| 107|0x0000000086b00000, 0x0000000086b00000, 0x0000000086c00000|  0%| F|  |TAMS 0x0000000086b00000, 0x0000000086b00000| Untracked 
| 108|0x0000000086c00000, 0x0000000086c00000, 0x0000000086d00000|  0%| F|  |TAMS 0x0000000086c00000, 0x0000000086c00000| Untracked 
| 109|0x0000000086d00000, 0x0000000086d00000, 0x0000000086e00000|  0%| F|  |TAMS 0x0000000086d00000, 0x0000000086d00000| Untracked 
| 110|0x0000000086e00000, 0x0000000086e00000, 0x0000000086f00000|  0%| F|  |TAMS 0x0000000086e00000, 0x0000000086e00000| Untracked 
| 111|0x0000000086f00000, 0x0000000086f00000, 0x0000000087000000|  0%| F|  |TAMS 0x0000000086f00000, 0x0000000086f00000| Untracked 
| 112|0x0000000087000000, 0x0000000087000000, 0x0000000087100000|  0%| F|  |TAMS 0x0000000087000000, 0x0000000087000000| Untracked 
| 113|0x0000000087100000, 0x0000000087100000, 0x0000000087200000|  0%| F|  |TAMS 0x0000000087100000, 0x0000000087100000| Untracked 
| 114|0x0000000087200000, 0x0000000087200000, 0x0000000087300000|  0%| F|  |TAMS 0x0000000087200000, 0x0000000087200000| Untracked 
| 115|0x0000000087300000, 0x0000000087400000, 0x0000000087400000|100%| S|CS|TAMS 0x0000000087300000, 0x0000000087300000| Complete 
| 116|0x0000000087400000, 0x0000000087500000, 0x0000000087500000|100%| S|CS|TAMS 0x0000000087400000, 0x0000000087400000| Complete 
| 117|0x0000000087500000, 0x0000000087600000, 0x0000000087600000|100%| S|CS|TAMS 0x0000000087500000, 0x0000000087500000| Complete 
| 118|0x0000000087600000, 0x0000000087700000, 0x0000000087700000|100%| S|CS|TAMS 0x0000000087600000, 0x0000000087600000| Complete 
| 119|0x0000000087700000, 0x0000000087800000, 0x0000000087800000|100%| S|CS|TAMS 0x0000000087700000, 0x0000000087700000| Complete 
| 120|0x0000000087800000, 0x000000008785dbc0, 0x0000000087900000| 36%| E|  |TAMS 0x0000000087800000, 0x0000000087800000| Complete 
| 121|0x0000000087900000, 0x0000000087a00000, 0x0000000087a00000|100%| E|CS|TAMS 0x0000000087900000, 0x0000000087900000| Complete 
| 122|0x0000000087a00000, 0x0000000087b00000, 0x0000000087b00000|100%| E|CS|TAMS 0x0000000087a00000, 0x0000000087a00000| Complete 
| 123|0x0000000087b00000, 0x0000000087c00000, 0x0000000087c00000|100%| E|CS|TAMS 0x0000000087b00000, 0x0000000087b00000| Complete 
| 124|0x0000000087c00000, 0x0000000087d00000, 0x0000000087d00000|100%| E|CS|TAMS 0x0000000087c00000, 0x0000000087c00000| Complete 
| 125|0x0000000087d00000, 0x0000000087e00000, 0x0000000087e00000|100%| E|CS|TAMS 0x0000000087d00000, 0x0000000087d00000| Complete 
| 126|0x0000000087e00000, 0x0000000087f00000, 0x0000000087f00000|100%| E|CS|TAMS 0x0000000087e00000, 0x0000000087e00000| Complete 
| 127|0x0000000087f00000, 0x0000000088000000, 0x0000000088000000|100%| E|CS|TAMS 0x0000000087f00000, 0x0000000087f00000| Complete 
| 128|0x0000000088000000, 0x0000000088100000, 0x0000000088100000|100%| E|  |TAMS 0x0000000088000000, 0x0000000088000000| Complete 

Card table byte_map: [0x000002e69b580000,0x000002e69b980000] _byte_map_base: 0x000002e69b180000

Marking Bits (Prev, Next): (CMBitMap*) 0x000002e6827fcd40, (CMBitMap*) 0x000002e6827fcd80
 Prev Bits: [0x000002e69bd80000, 0x000002e69dd80000)
 Next Bits: [0x000002e69dd80000, 0x000002e69fd80000)

Polling page: 0x000002e6828a0000

Metaspace:

Usage:
  Non-class:     63.64 MB used.
      Class:      9.91 MB used.
       Both:     73.54 MB used.

Virtual space:
  Non-class space:       64.00 MB reserved,      63.94 MB (>99%) committed,  8 nodes.
      Class space:        1.00 GB reserved,      10.12 MB ( <1%) committed,  1 nodes.
              Both:        1.06 GB reserved,      74.06 MB (  7%) committed. 

Chunk freelists:
   Non-Class:  14.00 KB
       Class:  1.70 MB
        Both:  1.71 MB

MaxMetaspaceSize: 17179869184.00 GB
CompressedClassSpaceSize: 1.00 GB
 - commit_granule_bytes: 65536.
 - commit_granule_words: 8192.
 - virtual_space_node_default_size: 1048576.
 - enlarge_chunks_in_place: 1.
 - new_chunks_are_fully_committed: 0.
 - uncommit_free_chunks: 1.
 - use_allocation_guard: 0.
 - handle_deallocations: 1.


Internal statistics:

num_allocs_failed_limit: 6.
num_arena_births: 720.
num_arena_deaths: 14.
num_vsnodes_births: 9.
num_vsnodes_deaths: 0.
num_space_committed: 1185.
num_space_uncommitted: 0.
num_chunks_returned_to_freelist: 25.
num_chunks_taken_from_freelist: 3686.
num_chunk_merges: 14.
num_chunk_splits: 2468.
num_chunks_enlarged: 1689.
num_purges: 2.

CodeHeap 'non-profiled nmethods': size=120000Kb used=5711Kb max_used=5711Kb free=114288Kb
 bounds [0x000002e6931e0000, 0x000002e693780000, 0x000002e69a710000]
CodeHeap 'profiled nmethods': size=120000Kb used=17879Kb max_used=17879Kb free=102120Kb
 bounds [0x000002e68bcb0000, 0x000002e68ce30000, 0x000002e6931e0000]
CodeHeap 'non-nmethods': size=5760Kb used=2393Kb max_used=2472Kb free=3366Kb
 bounds [0x000002e68b710000, 0x000002e68b990000, 0x000002e68bcb0000]
 total_blobs=9923 nmethods=9017 adapters=818
 compilation: enabled
              stopped_count=0, restarted_count=0
 full_count=0

Compilation events (20 events):
Event: 11.448 Thread 0x000002e6a27fb6e0 9834       3       org.apache.xerces.util.XMLStringBuffer::clear (11 bytes)
Event: 11.448 Thread 0x000002e6a27fb6e0 nmethod 9834 0x000002e68ce22390 code [0x000002e68ce22520, 0x000002e68ce22638]
Event: 11.448 Thread 0x000002e6a27fb6e0 9838       3       org.apache.xerces.util.XMLStringBuffer::append (17 bytes)
Event: 11.448 Thread 0x000002e6a27fb6e0 nmethod 9838 0x000002e68ce22710 code [0x000002e68ce228c0, 0x000002e68ce22a28]
Event: 11.451 Thread 0x000002e6a27face0 nmethod 9833 0x000002e693772310 code [0x000002e6937724c0, 0x000002e6937728d8]
Event: 11.451 Thread 0x000002e6a27face0 9840       4       java.util.ArrayList::fastRemove (44 bytes)
Event: 11.453 Thread 0x000002e6a27face0 nmethod 9840 0x000002e693772c10 code [0x000002e693772da0, 0x000002e693772f78]
Event: 11.453 Thread 0x000002e6a27face0 9841 %     4       org.apache.xerces.impl.XMLEntityScanner::scanLiteral @ 549 (746 bytes)
Event: 11.465 Thread 0x000002e6a27fb6e0 9845       3       org.apache.xerces.dom.CoreDocumentImpl::checkDOMNSErr (135 bytes)
Event: 11.465 Thread 0x000002e6a27fb6e0 nmethod 9845 0x000002e68ce22b10 code [0x000002e68ce22da0, 0x000002e68ce23558]
Event: 11.465 Thread 0x000002e6a27face0 nmethod 9841% 0x000002e693773090 code [0x000002e693773220, 0x000002e693773778]
Event: 11.466 Thread 0x000002e6a27face0 9783       4       org.apache.xerces.impl.XMLNSDocumentScannerImpl::scanAttribute (586 bytes)
Event: 11.476 Thread 0x000002e6a27fb6e0 9849       3       com.android.ide.common.resources.ValueResourceParser2::addStyleableItems (182 bytes)
Event: 11.477 Thread 0x000002e6a27fb6e0 nmethod 9849 0x000002e68ce23890 code [0x000002e68ce23b40, 0x000002e68ce24b78]
Event: 11.488 Thread 0x000002e6a27fb6e0 9850       3       com.google.common.base.Splitter::splittingIterator (12 bytes)
Event: 11.489 Thread 0x000002e6a27fb6e0 nmethod 9850 0x000002e68ce25090 code [0x000002e68ce25240, 0x000002e68ce25448]
Event: 11.489 Thread 0x000002e6a27fb6e0 9851       3       com.google.common.base.Splitter$1::iterator (7 bytes)
Event: 11.489 Thread 0x000002e6a27fb6e0 nmethod 9851 0x000002e68ce25590 code [0x000002e68ce25740, 0x000002e68ce25888]
Event: 11.512 Thread 0x000002e6a27fb6e0 9854       3       java.lang.StringLatin1::inflate (10 bytes)
Event: 11.512 Thread 0x000002e6a27fb6e0 nmethod 9854 0x000002e68ce25990 code [0x000002e68ce25b40, 0x000002e68ce25c48]

GC Heap History (20 events):
Event: 7.530 GC heap before
{Heap before GC invocations=20 (full 0):
 garbage-first heap   total 96256K, used 75907K [0x0000000080000000, 0x0000000100000000)
  region size 1024K, 25 young (25600K), 3 survivors (3072K)
 Metaspace       used 56134K, committed 56576K, reserved 1105920K
  class space    used 7382K, committed 7616K, reserved 1048576K
}
Event: 7.534 GC heap after
{Heap after GC invocations=21 (full 0):
 garbage-first heap   total 96256K, used 53860K [0x0000000080000000, 0x0000000100000000)
  region size 1024K, 3 young (3072K), 3 survivors (3072K)
 Metaspace       used 56134K, committed 56576K, reserved 1105920K
  class space    used 7382K, committed 7616K, reserved 1048576K
}
Event: 7.823 GC heap before
{Heap before GC invocations=21 (full 0):
 garbage-first heap   total 96256K, used 77412K [0x0000000080000000, 0x0000000100000000)
  region size 1024K, 26 young (26624K), 3 survivors (3072K)
 Metaspace       used 57629K, committed 58112K, reserved 1105920K
  class space    used 7575K, committed 7808K, reserved 1048576K
}
Event: 7.827 GC heap after
{Heap after GC invocations=22 (full 0):
 garbage-first heap   total 96256K, used 56142K [0x0000000080000000, 0x0000000100000000)
  region size 1024K, 4 young (4096K), 4 survivors (4096K)
 Metaspace       used 57629K, committed 58112K, reserved 1105920K
  class space    used 7575K, committed 7808K, reserved 1048576K
}
Event: 8.163 GC heap before
{Heap before GC invocations=23 (full 0):
 garbage-first heap   total 101376K, used 77646K [0x0000000080000000, 0x0000000100000000)
  region size 1024K, 25 young (25600K), 4 survivors (4096K)
 Metaspace       used 60483K, committed 61056K, reserved 1105920K
  class space    used 8112K, committed 8384K, reserved 1048576K
}
Event: 8.167 GC heap after
{Heap after GC invocations=24 (full 0):
 garbage-first heap   total 101376K, used 57332K [0x0000000080000000, 0x0000000100000000)
  region size 1024K, 2 young (2048K), 2 survivors (2048K)
 Metaspace       used 60483K, committed 61056K, reserved 1105920K
  class space    used 8112K, committed 8384K, reserved 1048576K
}
Event: 8.511 GC heap before
{Heap before GC invocations=24 (full 0):
 garbage-first heap   total 101376K, used 80884K [0x0000000080000000, 0x0000000100000000)
  region size 1024K, 26 young (26624K), 2 survivors (2048K)
 Metaspace       used 62910K, committed 63424K, reserved 1105920K
  class space    used 8475K, committed 8768K, reserved 1048576K
}
Event: 8.515 GC heap after
{Heap after GC invocations=25 (full 0):
 garbage-first heap   total 121856K, used 59027K [0x0000000080000000, 0x0000000100000000)
  region size 1024K, 4 young (4096K), 4 survivors (4096K)
 Metaspace       used 62910K, committed 63424K, reserved 1105920K
  class space    used 8475K, committed 8768K, reserved 1048576K
}
Event: 9.115 GC heap before
{Heap before GC invocations=26 (full 0):
 garbage-first heap   total 121856K, used 97939K [0x0000000080000000, 0x0000000100000000)
  region size 1024K, 42 young (43008K), 4 survivors (4096K)
 Metaspace       used 67990K, committed 68544K, reserved 1114112K
  class space    used 9193K, committed 9472K, reserved 1048576K
}
Event: 9.120 GC heap after
{Heap after GC invocations=27 (full 0):
 garbage-first heap   total 121856K, used 61513K [0x0000000080000000, 0x0000000100000000)
  region size 1024K, 6 young (6144K), 6 survivors (6144K)
 Metaspace       used 67990K, committed 68544K, reserved 1114112K
  class space    used 9193K, committed 9472K, reserved 1048576K
}
Event: 9.718 GC heap before
{Heap before GC invocations=27 (full 0):
 garbage-first heap   total 121856K, used 98377K [0x0000000080000000, 0x0000000100000000)
  region size 1024K, 42 young (43008K), 6 survivors (6144K)
 Metaspace       used 71326K, committed 71872K, reserved 1114112K
  class space    used 9547K, committed 9792K, reserved 1048576K
}
Event: 9.725 GC heap after
{Heap after GC invocations=28 (full 0):
 garbage-first heap   total 121856K, used 65877K [0x0000000080000000, 0x0000000100000000)
  region size 1024K, 6 young (6144K), 6 survivors (6144K)
 Metaspace       used 71326K, committed 71872K, reserved 1114112K
  class space    used 9547K, committed 9792K, reserved 1048576K
}
Event: 10.311 GC heap before
{Heap before GC invocations=29 (full 0):
 garbage-first heap   total 121856K, used 96597K [0x0000000080000000, 0x0000000100000000)
  region size 1024K, 37 young (37888K), 6 survivors (6144K)
 Metaspace       used 73448K, committed 73984K, reserved 1114112K
  class space    used 9942K, committed 10176K, reserved 1048576K
}
Event: 10.318 GC heap after
{Heap after GC invocations=30 (full 0):
 garbage-first heap   total 121856K, used 69116K [0x0000000080000000, 0x0000000100000000)
  region size 1024K, 4 young (4096K), 4 survivors (4096K)
 Metaspace       used 73448K, committed 73984K, reserved 1114112K
  class space    used 9942K, committed 10176K, reserved 1048576K
}
Event: 10.611 GC heap before
{Heap before GC invocations=30 (full 0):
 garbage-first heap   total 121856K, used 96764K [0x0000000080000000, 0x0000000100000000)
  region size 1024K, 32 young (32768K), 4 survivors (4096K)
 Metaspace       used 73733K, committed 74304K, reserved 1114112K
  class space    used 9963K, committed 10240K, reserved 1048576K
}
Event: 10.617 GC heap after
{Heap after GC invocations=31 (full 0):
 garbage-first heap   total 121856K, used 70731K [0x0000000080000000, 0x0000000100000000)
  region size 1024K, 3 young (3072K), 3 survivors (3072K)
 Metaspace       used 73733K, committed 74304K, reserved 1114112K
  class space    used 9963K, committed 10240K, reserved 1048576K
}
Event: 11.290 GC heap before
{Heap before GC invocations=32 (full 0):
 garbage-first heap   total 132096K, used 98379K [0x0000000080000000, 0x0000000100000000)
  region size 1024K, 31 young (31744K), 3 survivors (3072K)
 Metaspace       used 75261K, committed 75776K, reserved 1114112K
  class space    used 10143K, committed 10368K, reserved 1048576K
}
Event: 11.296 GC heap after
{Heap after GC invocations=33 (full 0):
 garbage-first heap   total 132096K, used 76592K [0x0000000080000000, 0x0000000100000000)
  region size 1024K, 4 young (4096K), 4 survivors (4096K)
 Metaspace       used 75261K, committed 75776K, reserved 1114112K
  class space    used 10143K, committed 10368K, reserved 1048576K
}
Event: 11.425 GC heap before
{Heap before GC invocations=33 (full 0):
 garbage-first heap   total 132096K, used 83760K [0x0000000080000000, 0x0000000100000000)
  region size 1024K, 13 young (13312K), 4 survivors (4096K)
 Metaspace       used 75315K, committed 75840K, reserved 1114112K
  class space    used 10147K, committed 10368K, reserved 1048576K
}
Event: 11.430 GC heap after
{Heap after GC invocations=34 (full 0):
 garbage-first heap   total 132096K, used 80047K [0x0000000080000000, 0x0000000100000000)
  region size 1024K, 5 young (5120K), 5 survivors (5120K)
 Metaspace       used 75315K, committed 75840K, reserved 1114112K
  class space    used 10147K, committed 10368K, reserved 1048576K
}

Deoptimization events (20 events):
Event: 11.439 Thread 0x000002e6aadbfff0 Uncommon trap: trap_request=0xffffff45 fr.pc=0x000002e69376ad00 relative=0x00000000000012c0
Event: 11.439 Thread 0x000002e6aadbfff0 Uncommon trap: reason=unstable_if action=reinterpret pc=0x000002e69376ad00 method=org.apache.xerces.impl.XMLScanner.scanAttributeValue(Lorg/apache/xerces/xni/XMLString;Lorg/apache/xerces/xni/XMLString;Ljava/lang/String;ZLjava/lang/String;)Z @ 642 c2
Event: 11.439 Thread 0x000002e6aadbfff0 DEOPT PACKING pc=0x000002e69376ad00 sp=0x000000f6a00f9830
Event: 11.439 Thread 0x000002e6aadbfff0 DEOPT UNPACKING pc=0x000002e68b75f92e sp=0x000000f6a00f97d0 mode 2
Event: 11.451 Thread 0x000002e6aadbfff0 DEOPT PACKING pc=0x000002e68ce21bbd sp=0x000000f6a00f9750
Event: 11.451 Thread 0x000002e6aadbfff0 DEOPT UNPACKING pc=0x000002e68b75e77e sp=0x000000f6a00f8be0 mode 0
Event: 11.454 Thread 0x000002e6aadbfff0 DEOPT PACKING pc=0x000002e68ce21bbd sp=0x000000f6a00f9750
Event: 11.454 Thread 0x000002e6aadbfff0 DEOPT UNPACKING pc=0x000002e68b75e77e sp=0x000000f6a00f8be0 mode 0
Event: 11.458 Thread 0x000002e6aadbfff0 DEOPT PACKING pc=0x000002e68ce21bbd sp=0x000000f6a00f9750
Event: 11.458 Thread 0x000002e6aadbfff0 DEOPT UNPACKING pc=0x000002e68b75e77e sp=0x000000f6a00f8be0 mode 0
Event: 11.461 Thread 0x000002e6aadbfff0 DEOPT PACKING pc=0x000002e68ce21bbd sp=0x000000f6a00f9750
Event: 11.461 Thread 0x000002e6aadbfff0 DEOPT UNPACKING pc=0x000002e68b75e77e sp=0x000000f6a00f8be0 mode 0
Event: 11.464 Thread 0x000002e6aadbfff0 DEOPT PACKING pc=0x000002e68ce21bbd sp=0x000000f6a00f9750
Event: 11.464 Thread 0x000002e6aadbfff0 DEOPT UNPACKING pc=0x000002e68b75e77e sp=0x000000f6a00f8be0 mode 0
Event: 11.467 Thread 0x000002e6aadbfff0 DEOPT PACKING pc=0x000002e68ce21bbd sp=0x000000f6a00f9750
Event: 11.467 Thread 0x000002e6aadbfff0 DEOPT UNPACKING pc=0x000002e68b75e77e sp=0x000000f6a00f8be0 mode 0
Event: 11.471 Thread 0x000002e6aadbfff0 DEOPT PACKING pc=0x000002e68ce21bbd sp=0x000000f6a00f9750
Event: 11.471 Thread 0x000002e6aadbfff0 DEOPT UNPACKING pc=0x000002e68b75e77e sp=0x000000f6a00f8be0 mode 0
Event: 11.508 Thread 0x000002e6aadbfff0 DEOPT PACKING pc=0x000002e68ce21bbd sp=0x000000f6a00f9750
Event: 11.508 Thread 0x000002e6aadbfff0 DEOPT UNPACKING pc=0x000002e68b75e77e sp=0x000000f6a00f8be0 mode 0

Classes unloaded (7 events):
Event: 11.513 Thread 0x000002e6a27dcdf0 Unloading class 0x0000000801611c00 'java/lang/invoke/LambdaForm$DMH+0x0000000801611c00'
Event: 11.513 Thread 0x000002e6a27dcdf0 Unloading class 0x0000000801611800 'java/lang/invoke/LambdaForm$DMH+0x0000000801611800'
Event: 11.513 Thread 0x000002e6a27dcdf0 Unloading class 0x0000000801611400 'java/lang/invoke/LambdaForm$DMH+0x0000000801611400'
Event: 11.513 Thread 0x000002e6a27dcdf0 Unloading class 0x0000000801610c00 'java/lang/invoke/LambdaForm$DMH+0x0000000801610c00'
Event: 11.513 Thread 0x000002e6a27dcdf0 Unloading class 0x0000000801611000 'java/lang/invoke/LambdaForm$DMH+0x0000000801611000'
Event: 11.513 Thread 0x000002e6a27dcdf0 Unloading class 0x0000000801610800 'java/lang/invoke/LambdaForm$DMH+0x0000000801610800'
Event: 11.513 Thread 0x000002e6a27dcdf0 Unloading class 0x0000000801610000 'java/lang/invoke/LambdaForm$DMH+0x0000000801610000'

Classes redefined (0 events):
No events

Internal exceptions (20 events):
Event: 9.815 Thread 0x000002e6a6372da0 Exception <a 'java/lang/NoSuchMethodError'{0x00000000874dc6d0}: static Lcom/android/ide/common/attribution/AndroidGradlePluginAttributionData$JavaInfo;.<clinit>()V> (0x00000000874dc6d0) 
thrown [t:\workspace\open\src\hotspot\share\prims\jni.cpp, line 1210]
Event: 9.819 Thread 0x000002e6a6372da0 Exception <a 'java/lang/NoSuchMethodError'{0x000000008731b9b0}: static [Ljava/lang/String;.<clinit>()V> (0x000000008731b9b0) 
thrown [t:\workspace\open\src\hotspot\share\prims\jni.cpp, line 1210]
Event: 9.863 Thread 0x000002e6aadc4fa0 Exception <a 'java/lang/IncompatibleClassChangeError'{0x0000000087214868}: Found class java.lang.Object, but interface was expected> (0x0000000087214868) 
thrown [t:\workspace\open\src\hotspot\share\interpreter\linkResolver.cpp, line 857]
Event: 9.885 Thread 0x000002e6a546f9a0 Exception <a 'java/lang/NoSuchMethodError'{0x00000000872e4138}: static Lorg/gradle/internal/build/event/types/DefaultTaskSkippedResult;.<clinit>()V> (0x00000000872e4138) 
thrown [t:\workspace\open\src\hotspot\share\prims\jni.cpp, line 1210]
Event: 9.887 Thread 0x000002e6aadbfff0 Exception <a 'java/lang/NoSuchMethodError'{0x0000000087599690}: 'java.lang.Object java.lang.invoke.DirectMethodHandle$Holder.invokeInterface(java.lang.Object, java.lang.Object, int)'> (0x0000000087599690) 
thrown [t:\workspace\open\src\hotspot\share\interpreter\linkResolver.cpp, line 790]
Event: 9.890 Thread 0x000002e6aadbfff0 Exception <a 'java/lang/NoSuchMethodError'{0x00000000872ed3c8}: 'void java.lang.invoke.DirectMethodHandle$Holder.invokeStatic(java.lang.Object, java.lang.Object, java.lang.Object, int)'> (0x00000000872ed3c8) 
thrown [t:\workspace\open\src\hotspot\share\interpreter\linkResolver.cpp, line 790]
Event: 9.941 Thread 0x000002e6aadbfff0 Implicit null exception at 0x000002e693506ed7 to 0x000002e69350707c
Event: 9.948 Thread 0x000002e6aadbfff0 Exception <a 'java/lang/IncompatibleClassChangeError'{0x00000000870791b0}: Found class java.lang.Object, but interface was expected> (0x00000000870791b0) 
thrown [t:\workspace\open\src\hotspot\share\interpreter\linkResolver.cpp, line 857]
Event: 9.983 Thread 0x000002e6aadbfff0 Exception <a 'java/lang/NoSuchMethodError'{0x0000000086e0eb88}: 'int java.lang.invoke.DirectMethodHandle$Holder.invokeStaticInit(java.lang.Object, java.lang.Object, java.lang.Object, java.lang.Object, java.lang.Object)'> (0x0000000086e0eb88) 
thrown [t:\workspace\open\src\hotspot\share\interpreter\linkResolver.cpp, line 790]
Event: 10.156 Thread 0x000002e6aadbfff0 Exception <a 'java/lang/NoSuchMethodError'{0x000000008693ef20}: 'void java.lang.invoke.DirectMethodHandle$Holder.invokeStatic(java.lang.Object, java.lang.Object, java.lang.Object, java.lang.Object, int, java.lang.Object, java.lang.Object)'> (0x000000008693ef20) 
thrown [t:\workspace\open\src\hotspot\share\interpreter\linkResolver.cpp, line 790]
Event: 10.198 Thread 0x000002e6a9df76d0 Exception <a 'java/lang/NoSuchMethodError'{0x00000000865944c0}: 'java.lang.Object java.lang.invoke.DirectMethodHandle$Holder.invokeSpecialIFC(java.lang.Object, java.lang.Object, java.lang.Object)'> (0x00000000865944c0) 
thrown [t:\workspace\open\src\hotspot\share\interpreter\linkResolver.cpp, line 790]
Event: 10.198 Thread 0x000002e6a9dfabf0 Exception <a 'java/lang/NoSuchMethodError'{0x000000008656c6d8}: 'java.lang.Object java.lang.invoke.DirectMethodHandle$Holder.invokeSpecialIFC(java.lang.Object, java.lang.Object, java.lang.Object)'> (0x000000008656c6d8) 
thrown [t:\workspace\open\src\hotspot\share\interpreter\linkResolver.cpp, line 790]
Event: 10.198 Thread 0x000002e6a9df41b0 Exception <a 'java/lang/NoSuchMethodError'{0x00000000865a5488}: 'java.lang.Object java.lang.invoke.DirectMethodHandle$Holder.invokeSpecialIFC(java.lang.Object, java.lang.Object, java.lang.Object)'> (0x00000000865a5488) 
thrown [t:\workspace\open\src\hotspot\share\interpreter\linkResolver.cpp, line 790]
Event: 10.198 Thread 0x000002e6a60c2060 Exception <a 'java/lang/NoSuchMethodError'{0x000000008659d070}: 'java.lang.Object java.lang.invoke.DirectMethodHandle$Holder.invokeSpecialIFC(java.lang.Object, java.lang.Object, java.lang.Object)'> (0x000000008659d070) 
thrown [t:\workspace\open\src\hotspot\share\interpreter\linkResolver.cpp, line 790]
Event: 10.198 Thread 0x000002e6aadbfff0 Exception <a 'java/lang/NoSuchMethodError'{0x0000000086576398}: 'java.lang.Object java.lang.invoke.DirectMethodHandle$Holder.invokeSpecialIFC(java.lang.Object, java.lang.Object, java.lang.Object)'> (0x0000000086576398) 
thrown [t:\workspace\open\src\hotspot\share\interpreter\linkResolver.cpp, line 790]
Event: 10.198 Thread 0x000002e6a9df3c60 Exception <a 'java/lang/NoSuchMethodError'{0x00000000865a9a68}: 'java.lang.Object java.lang.invoke.DirectMethodHandle$Holder.invokeSpecialIFC(java.lang.Object, java.lang.Object, java.lang.Object)'> (0x00000000865a9a68) 
thrown [t:\workspace\open\src\hotspot\share\interpreter\linkResolver.cpp, line 790]
Event: 10.198 Thread 0x000002e6a60bab80 Exception <a 'java/lang/NoSuchMethodError'{0x00000000865aba48}: 'java.lang.Object java.lang.invoke.DirectMethodHandle$Holder.invokeSpecialIFC(java.lang.Object, java.lang.Object, java.lang.Object)'> (0x00000000865aba48) 
thrown [t:\workspace\open\src\hotspot\share\interpreter\linkResolver.cpp, line 790]
Event: 10.198 Thread 0x000002e6a60c0b20 Exception <a 'java/lang/NoSuchMethodError'{0x00000000865c45f0}: 'java.lang.Object java.lang.invoke.DirectMethodHandle$Holder.invokeSpecialIFC(java.lang.Object, java.lang.Object, java.lang.Object)'> (0x00000000865c45f0) 
thrown [t:\workspace\open\src\hotspot\share\interpreter\linkResolver.cpp, line 790]
Event: 10.454 Thread 0x000002e6a6bbba90 Exception <a 'java/lang/NoSuchMethodError'{0x0000000086f15b08}: 'void java.lang.invoke.DirectMethodHandle$Holder.invokeVirtual(java.lang.Object, java.lang.Object)'> (0x0000000086f15b08) 
thrown [t:\workspace\open\src\hotspot\share\interpreter\linkResolver.cpp, line 790]
Event: 10.660 Thread 0x000002e6a60c0b20 Implicit null exception at 0x000002e6936f4d5b to 0x000002e6936f4df0

Events (20 events):
Event: 10.789 loading class org/xml/sax/ext/LexicalHandler
Event: 10.789 loading class org/xml/sax/ext/LexicalHandler done
Event: 10.789 loading class org/xml/sax/ext/DeclHandler
Event: 10.789 loading class org/xml/sax/ext/DeclHandler done
Event: 10.789 loading class org/xml/sax/ext/DefaultHandler2 done
Event: 10.791 loading class org/xml/sax/DocumentHandler
Event: 10.792 loading class org/xml/sax/DocumentHandler done
Event: 10.829 Executing  VM operation: HandshakeAllThreads
Event: 10.829 Executing  VM operation: HandshakeAllThreads done
Event: 11.282 loading class java/util/concurrent/LinkedBlockingDeque$Itr
Event: 11.282 loading class java/util/concurrent/LinkedBlockingDeque$AbstractItr
Event: 11.282 loading class java/util/concurrent/LinkedBlockingDeque$AbstractItr done
Event: 11.282 loading class java/util/concurrent/LinkedBlockingDeque$Itr done
Event: 11.286 Executing  VM operation: ICBufferFull
Event: 11.287 Executing  VM operation: ICBufferFull done
Event: 11.290 Executing  VM operation: G1CollectForAllocation
Event: 11.296 Executing  VM operation: G1CollectForAllocation done
Event: 11.425 Executing  VM operation: G1TryInitiateConcMark
Event: 11.430 Executing  VM operation: G1TryInitiateConcMark done
Event: 11.512 Executing  VM operation: G1Concurrent


Dynamic libraries:
0x00007ff64e610000 - 0x00007ff64e620000 	C:\Program Files\Java\jdk-16.0.2\bin\java.exe
0x00007ffa7dfd0000 - 0x00007ffa7e1c8000 	C:\WINDOWS\SYSTEM32\ntdll.dll
0x00007ffa7d110000 - 0x00007ffa7d1cd000 	C:\WINDOWS\System32\KERNEL32.DLL
0x00007ffa7bcc0000 - 0x00007ffa7bf8e000 	C:\WINDOWS\System32\KERNELBASE.dll
0x00007ffa7b6f0000 - 0x00007ffa7b7f0000 	C:\WINDOWS\System32\ucrtbase.dll
0x00007ffa66910000 - 0x00007ffa66929000 	C:\Program Files\Java\jdk-16.0.2\bin\VCRUNTIME140.dll
0x00007ffa69510000 - 0x00007ffa69528000 	C:\Program Files\Java\jdk-16.0.2\bin\jli.dll
0x00007ffa7cf10000 - 0x00007ffa7cfbe000 	C:\WINDOWS\System32\ADVAPI32.dll
0x00007ffa7c030000 - 0x00007ffa7c0ce000 	C:\WINDOWS\System32\msvcrt.dll
0x00007ffa7cbc0000 - 0x00007ffa7cc5c000 	C:\WINDOWS\System32\sechost.dll
0x00007ffa7cfc0000 - 0x00007ffa7d0e5000 	C:\WINDOWS\System32\RPCRT4.dll
0x00007ffa7c0d0000 - 0x00007ffa7c270000 	C:\WINDOWS\System32\USER32.dll
0x00007ffa63420000 - 0x00007ffa636ba000 	C:\WINDOWS\WinSxS\amd64_microsoft.windows.common-controls_6595b64144ccf1df_6.0.19041.1110_none_60b5254171f9507e\COMCTL32.dll
0x00007ffa7bbd0000 - 0x00007ffa7bbf2000 	C:\WINDOWS\System32\win32u.dll
0x00007ffa7c7c0000 - 0x00007ffa7c7ea000 	C:\WINDOWS\System32\GDI32.dll
0x00007ffa7b7f0000 - 0x00007ffa7b8fb000 	C:\WINDOWS\System32\gdi32full.dll
0x00007ffa7bf90000 - 0x00007ffa7c02d000 	C:\WINDOWS\System32\msvcp_win.dll
0x00007ffa753b0000 - 0x00007ffa753ba000 	C:\WINDOWS\SYSTEM32\VERSION.dll
0x00007ffa7cac0000 - 0x00007ffa7caf0000 	C:\WINDOWS\System32\IMM32.DLL
0x00007ffa78900000 - 0x00007ffa7890c000 	C:\Program Files\Java\jdk-16.0.2\bin\vcruntime140_1.dll
0x00007ffa66870000 - 0x00007ffa66901000 	C:\Program Files\Java\jdk-16.0.2\bin\msvcp140.dll
0x00007ffa16dd0000 - 0x00007ffa1797b000 	C:\Program Files\Java\jdk-16.0.2\bin\server\jvm.dll
0x00007ffa7df80000 - 0x00007ffa7df88000 	C:\WINDOWS\System32\PSAPI.DLL
0x00007ffa788f0000 - 0x00007ffa788f9000 	C:\WINDOWS\SYSTEM32\WSOCK32.dll
0x00007ffa79d20000 - 0x00007ffa79d47000 	C:\WINDOWS\SYSTEM32\WINMM.dll
0x00007ffa7cd00000 - 0x00007ffa7cd6b000 	C:\WINDOWS\System32\WS2_32.dll
0x00007ffa79fb0000 - 0x00007ffa79fc2000 	C:\WINDOWS\SYSTEM32\kernel.appcore.dll
0x00007ffa6afd0000 - 0x00007ffa6afda000 	C:\Program Files\Java\jdk-16.0.2\bin\jimage.dll
0x00007ffa79b30000 - 0x00007ffa79d14000 	C:\WINDOWS\SYSTEM32\DBGHELP.DLL
0x00007ffa79af0000 - 0x00007ffa79b1c000 	C:\WINDOWS\SYSTEM32\dbgcore.DLL
0x00007ffa7bc00000 - 0x00007ffa7bc82000 	C:\WINDOWS\System32\bcryptPrimitives.dll
0x00007ffa66840000 - 0x00007ffa66865000 	C:\Program Files\Java\jdk-16.0.2\bin\java.dll
0x00007ffa7d830000 - 0x00007ffa7df74000 	C:\WINDOWS\System32\SHELL32.dll
0x00007ffa79350000 - 0x00007ffa79ae4000 	C:\WINDOWS\SYSTEM32\windows.storage.dll
0x00007ffa7c400000 - 0x00007ffa7c754000 	C:\WINDOWS\System32\combase.dll
0x00007ffa7b150000 - 0x00007ffa7b180000 	C:\WINDOWS\SYSTEM32\Wldp.dll
0x00007ffa7c350000 - 0x00007ffa7c3fd000 	C:\WINDOWS\System32\SHCORE.dll
0x00007ffa7c760000 - 0x00007ffa7c7b5000 	C:\WINDOWS\System32\shlwapi.dll
0x00007ffa7b630000 - 0x00007ffa7b64f000 	C:\WINDOWS\SYSTEM32\profapi.dll
0x00007ffa66820000 - 0x00007ffa66839000 	C:\Program Files\Java\jdk-16.0.2\bin\net.dll
0x00007ffa669e0000 - 0x00007ffa66aea000 	C:\WINDOWS\SYSTEM32\WINHTTP.dll
0x00007ffa7aeb0000 - 0x00007ffa7af1a000 	C:\WINDOWS\system32\mswsock.dll
0x00007ffa66800000 - 0x00007ffa66813000 	C:\Program Files\Java\jdk-16.0.2\bin\nio.dll
0x00007ffa667e0000 - 0x00007ffa667f8000 	C:\Program Files\Java\jdk-16.0.2\bin\zip.dll
0x00007ffa6a170000 - 0x00007ffa6a180000 	C:\Program Files\Java\jdk-16.0.2\bin\verify.dll
0x00007ffa66930000 - 0x00007ffa66957000 	C:\Users\ITECH\.gradle\native\e1d6ef7f7dcc3fd88c89a11ec53ec762bb8ba0a96d01ffa2cd45eb1d1d8dd5c5\windows-amd64\native-platform.dll
0x00007ffa537c0000 - 0x00007ffa53904000 	C:\Users\ITECH\.gradle\native\5664cfc778a61ccfe75a443a1ab52a65af34e5dc3c78e0209fed803814484fcb\windows-amd64\native-platform-file-events.dll
0x00007ffa69b60000 - 0x00007ffa69b69000 	C:\Program Files\Java\jdk-16.0.2\bin\management.dll
0x00007ffa69b30000 - 0x00007ffa69b3b000 	C:\Program Files\Java\jdk-16.0.2\bin\management_ext.dll
0x00007ffa7b0a0000 - 0x00007ffa7b0b8000 	C:\WINDOWS\SYSTEM32\CRYPTSP.dll
0x00007ffa7a7c0000 - 0x00007ffa7a7f4000 	C:\WINDOWS\system32\rsaenh.dll
0x00007ffa7bc90000 - 0x00007ffa7bcb7000 	C:\WINDOWS\System32\bcrypt.dll
0x00007ffa7b5f0000 - 0x00007ffa7b61e000 	C:\WINDOWS\SYSTEM32\USERENV.dll
0x00007ffa7b0c0000 - 0x00007ffa7b0cc000 	C:\WINDOWS\SYSTEM32\CRYPTBASE.dll
0x00007ffa7ab50000 - 0x00007ffa7ab8b000 	C:\WINDOWS\SYSTEM32\IPHLPAPI.DLL
0x00007ffa7cc60000 - 0x00007ffa7cc68000 	C:\WINDOWS\System32\NSI.dll
0x00007ffa6fca0000 - 0x00007ffa6fcb7000 	C:\WINDOWS\SYSTEM32\dhcpcsvc6.DLL
0x00007ffa71010000 - 0x00007ffa7102d000 	C:\WINDOWS\SYSTEM32\dhcpcsvc.DLL
0x00007ffa7aba0000 - 0x00007ffa7ac6a000 	C:\WINDOWS\SYSTEM32\DNSAPI.dll
0x00007ffa69a40000 - 0x00007ffa69a4e000 	C:\Program Files\Java\jdk-16.0.2\bin\sunmscapi.dll
0x00007ffa7b970000 - 0x00007ffa7bac6000 	C:\WINDOWS\System32\CRYPT32.dll
0x00007ffa7b1c0000 - 0x00007ffa7b1e7000 	C:\WINDOWS\SYSTEM32\ncrypt.dll
0x00007ffa7b180000 - 0x00007ffa7b1bb000 	C:\WINDOWS\SYSTEM32\NTASN1.dll
0x00007ffa54150000 - 0x00007ffa54157000 	C:\WINDOWS\system32\wshunix.dll

dbghelp: loaded successfully - version: 4.0.5 - missing functions: none
symbol engine: initialized successfully - sym options: 0x614 - pdb path: .;C:\Program Files\Java\jdk-16.0.2\bin;C:\WINDOWS\SYSTEM32;C:\WINDOWS\WinSxS\amd64_microsoft.windows.common-controls_6595b64144ccf1df_6.0.19041.1110_none_60b5254171f9507e;C:\Program Files\Java\jdk-16.0.2\bin\server;C:\Users\ITECH\.gradle\native\e1d6ef7f7dcc3fd88c89a11ec53ec762bb8ba0a96d01ffa2cd45eb1d1d8dd5c5\windows-amd64;C:\Users\ITECH\.gradle\native\5664cfc778a61ccfe75a443a1ab52a65af34e5dc3c78e0209fed803814484fcb\windows-amd64

VM Arguments:
jvm_args: --add-opens=java.base/java.util=ALL-UNNAMED --add-opens=java.base/java.lang=ALL-UNNAMED --add-opens=java.base/java.lang.invoke=ALL-UNNAMED --add-opens=java.base/java.util=ALL-UNNAMED --add-opens=java.prefs/java.util.prefs=ALL-UNNAMED --add-opens=java.prefs/java.util.prefs=ALL-UNNAMED --add-opens=java.base/java.nio.charset=ALL-UNNAMED --add-opens=java.base/java.net=ALL-UNNAMED --add-opens=java.base/java.util.concurrent.atomic=ALL-UNNAMED -Xmx2048m -Dfile.encoding=UTF-8 -Duser.country=US -Duser.language=en -Duser.variant 
java_command: org.gradle.launcher.daemon.bootstrap.GradleDaemon 7.3.3
java_class_path (initial): C:\Users\ITECH\.gradle\wrapper\dists\gradle-7.3.3-bin\6a41zxkdtcxs8rphpq6y0069z\gradle-7.3.3\lib\gradle-launcher-7.3.3.jar
Launcher Type: SUN_STANDARD

[Global flags]
     intx CICompilerCount                          = 4                                         {product} {ergonomic}
     uint ConcGCThreads                            = 2                                         {product} {ergonomic}
     uint G1ConcRefinementThreads                  = 8                                         {product} {ergonomic}
   size_t G1HeapRegionSize                         = 1048576                                   {product} {ergonomic}
    uintx GCDrainStackTargetSize                   = 64                                        {product} {ergonomic}
   size_t InitialHeapSize                          = 132120576                                 {product} {ergonomic}
   size_t MarkStackSize                            = 4194304                                   {product} {ergonomic}
   size_t MaxHeapSize                              = 2147483648                                {product} {command line}
   size_t MaxNewSize                               = 1287651328                                {product} {ergonomic}
   size_t MinHeapDeltaBytes                        = 1048576                                   {product} {ergonomic}
   size_t MinHeapSize                              = 8388608                                   {product} {ergonomic}
    uintx NonNMethodCodeHeapSize                   = 5839372                                {pd product} {ergonomic}
    uintx NonProfiledCodeHeapSize                  = 122909434                              {pd product} {ergonomic}
    uintx ProfiledCodeHeapSize                     = 122909434                              {pd product} {ergonomic}
    uintx ReservedCodeCacheSize                    = 251658240                              {pd product} {ergonomic}
     bool SegmentedCodeCache                       = true                                      {product} {ergonomic}
   size_t SoftMaxHeapSize                          = 2147483648                             {manageable} {ergonomic}
     bool UseCompressedClassPointers               = true                           {product lp64_product} {ergonomic}
     bool UseCompressedOops                        = true                           {product lp64_product} {ergonomic}
     bool UseG1GC                                  = true                                      {product} {ergonomic}
     bool UseLargePagesIndividualAllocation        = false                                  {pd product} {ergonomic}

Logging:
Log output configuration:
 #0: stdout all=warning uptime,level,tags
 #1: stderr all=off uptime,level,tags

Environment Variables:
JAVA_HOME=C:\Program Files\Java\jdk-16.0.2
PATH=C:\Program Files\Python37\Scripts\;C:\Program Files\Python37\;C:\ProgramData\Oracle\Java\javapath;C:\app\ITECH\product\11.2.0\dbhome_1\bin;C:\Program Files\Common Files\Oracle\Java\javapath;C:\Program Files (x86)\Common Files\Oracle\Java\javapath;C:\WINDOWS\system32;C:\WINDOWS;C:\WINDOWS\System32\Wbem;C:\WINDOWS\System32\WindowsPowerShell\v1.0\;C:\WINDOWS\System32\OpenSSH\;C:\Program Files\Microsoft SQL Server\130\Tools\Binn\;C:\Program Files\Microsoft SQL Server\Client SDK\ODBC\170\Tools\Binn\;C:\Program Files\dotnet\;C:\Program Files\nodejs\;C:\Program Files\Java\jdk-16.0.2\bin;C:\Program Files\Git\cmd;C:\Program Files\Java\jdk-16.0.2\bin;
USERNAME=ITECH
OS=Windows_NT
PROCESSOR_IDENTIFIER=Intel64 Family 6 Model 126 Stepping 5, GenuineIntel



---------------  S Y S T E M  ---------------

OS:
 Windows 10 , 64 bit Build 19041 (10.0.19041.1889)
OS uptime: 0 days 20:30 hours

CPU: total 8 (initial active 8) (4 cores per cpu, 2 threads per core) family 6 model 126 stepping 5 microcode 0xb0, cx8, cmov, fxsr, ht, mmx, 3dnowpref, sse, sse2, sse3, ssse3, sse4.1, sse4.2, popcnt, lzcnt, tsc, tscinvbit, avx, avx2, aes, erms, clmul, bmi1, bmi2, adx, avx512f, avx512dq, avx512cd, avx512bw, avx512vl, sha, fma, vzeroupper, avx512_vpopcntdq, avx512_vpclmulqdq, avx512_vaes, avx512_vnni, clflush, clflushopt, avx512_vmbi2, avx512_vmbi

Memory: 4k page, system-wide physical 7959M (950M free)
TotalPageFile size 7959M (AvailPageFile size 25M)
current process WorkingSet (physical memory assigned to process): 367M, peak: 371M
current process commit charge ("private bytes"): 412M, peak: 433M

vm_info: Java HotSpot(TM) 64-Bit Server VM (16.0.2+7-67) for windows-amd64 JRE (16.0.2+7-67), built on Jun  8 2021 23:24:19 by "mach5one" with MS VC++ 16.7 (VS2019)

END.
