#
# There is insufficient memory for the Java Runtime Environment to continue.
# Native memory allocation (malloc) failed to allocate 2359472 bytes for Chunk::new
# Possible reasons:
#   The system is out of physical RAM or swap space
#   The process is running with CompressedOops enabled, and the Java Heap may be blocking the growth of the native heap
# Possible solutions:
#   Reduce memory load on the system
#   Increase physical memory or swap space
#   Check if swap backing store is full
#   Decrease Java heap size (-Xmx/-Xms)
#   Decrease number of Java threads
#   Decrease Java thread stack sizes (-Xss)
#   Set larger code cache with -XX:ReservedCodeCacheSize=
#   JVM is running with Unscaled Compressed Oops mode in which the Java heap is
#     placed in the first 4GB address space. The Java Heap base address is the
#     maximum limit for the native heap growth. Please use -XX:HeapBaseMinAddress
#     to set the Java Heap base and to place the Java Heap above 4GB virtual address.
# This output file may be truncated or incomplete.
#
#  Out of Memory Error (arena.cpp:195), pid=11348, tid=5716
#
# JRE version: Java(TM) SE Runtime Environment (16.0.2+7) (build 16.0.2+7-67)
# Java VM: Java HotSpot(TM) 64-Bit Server VM (16.0.2+7-67, mixed mode, sharing, tiered, compressed oops, compressed class ptrs, g1 gc, windows-amd64)
# No core dump will be written. Minidumps are not enabled by default on client versions of Windows
#

---------------  S U M M A R Y ------------

Command Line: --add-opens=java.base/java.util=ALL-UNNAMED --add-opens=java.base/java.lang=ALL-UNNAMED --add-opens=java.base/java.lang.invoke=ALL-UNNAMED --add-opens=java.base/java.util=ALL-UNNAMED --add-opens=java.prefs/java.util.prefs=ALL-UNNAMED --add-opens=java.prefs/java.util.prefs=ALL-UNNAMED --add-opens=java.base/java.nio.charset=ALL-UNNAMED --add-opens=java.base/java.net=ALL-UNNAMED --add-opens=java.base/java.util.concurrent.atomic=ALL-UNNAMED -Xmx2048m -Dfile.encoding=UTF-8 -Duser.country=US -Duser.language=en -Duser.variant org.gradle.launcher.daemon.bootstrap.GradleDaemon 7.3.3

Host: Intel(R) Core(TM) i7-1065G7 CPU @ 1.30GHz, 8 cores, 7G,  Windows 10 , 64 bit Build 19041 (10.0.19041.1889)
Time: Thu Aug 18 14:28:46 2022 Egypt Standard Time elapsed time: 8.094367 seconds (0d 0h 0m 8s)

---------------  T H R E A D  ---------------

Current thread (0x0000021afa0ebcd0):  JavaThread "C2 CompilerThread0" daemon [_thread_in_native, id=5716, stack(0x000000e472700000,0x000000e472800000)]


Current CompileTask:
C2:   8094 7113       4       groovy.lang.MetaClassImpl::addMetaMethodToIndex (65 bytes)

Stack: [0x000000e472700000,0x000000e472800000]
Native frames: (J=compiled Java code, j=interpreted, Vv=VM code, C=native code)
V  [jvm.dll+0x6681ca]
V  [jvm.dll+0x7c9e69]
V  [jvm.dll+0x7cb61e]
V  [jvm.dll+0x7cbc73]
V  [jvm.dll+0x242c55]
V  [jvm.dll+0xadeba]
V  [jvm.dll+0xae45c]
V  [jvm.dll+0x35a8d7]
V  [jvm.dll+0x324de1]
V  [jvm.dll+0x32428a]
V  [jvm.dll+0x215cec]
V  [jvm.dll+0x215100]
V  [jvm.dll+0x1a1beb]
V  [jvm.dll+0x225158]
V  [jvm.dll+0x22319c]
V  [jvm.dll+0x77fa62]
V  [jvm.dll+0x7795aa]
V  [jvm.dll+0x667066]
C  [ucrtbase.dll+0x21bb2]
C  [KERNEL32.DLL+0x17034]
C  [ntdll.dll+0x52651]


---------------  P R O C E S S  ---------------

Threads class SMR info:
_java_thread_list=0x0000021afbc673a0, length=126, elements={
0x0000021ada0626e0, 0x0000021afa0d2d20, 0x0000021afa0d3830, 0x0000021afa0e0f30,
0x0000021afa0e3950, 0x0000021afa0e6270, 0x0000021afa0e7b90, 0x0000021afa0ebcd0,
0x0000021afa115b00, 0x0000021afa11c480, 0x0000021afaccce90, 0x0000021afacd27d0,
0x0000021afad17370, 0x0000021afbfbec40, 0x0000021afbe40c50, 0x0000021afc0e8060,
0x0000021afd1028f0, 0x0000021afc31ba30, 0x0000021afdc204c0, 0x0000021afdc214b0,
0x0000021afdc1ff70, 0x0000021afdc20a10, 0x0000021afdc20f60, 0x0000021afcbdfb80,
0x0000021afcbe20b0, 0x0000021afcbe2b50, 0x0000021afcbd4ab0, 0x0000021afcbe00d0,
0x0000021afcbe30a0, 0x0000021afcbe0620, 0x0000021afcbe35f0, 0x0000021afcbe0b70,
0x0000021afcbe10c0, 0x0000021afcbe1b60, 0x0000021afcbdf0e0, 0x0000021afcbe5080,
0x0000021afcbe4090, 0x0000021afcbe2600, 0x0000021afcbe4b30, 0x0000021afcbdf630,
0x0000021afcbdeb90, 0x0000021afcbe55d0, 0x0000021afcbddba0, 0x0000021afcbde0f0,
0x0000021afcbde640, 0x0000021a816aa9a0, 0x0000021a816ac980, 0x0000021a816abee0,
0x0000021a816ac430, 0x0000021a816aced0, 0x0000021a816b03f0, 0x0000021a816ad420,
0x0000021a816ab990, 0x0000021a816ad970, 0x0000021a816ab440, 0x0000021a816adec0,
0x0000021a816ae410, 0x0000021a816b0940, 0x0000021a816ae960, 0x0000021a816a8f10,
0x0000021a816aeeb0, 0x0000021a816af400, 0x0000021a816a9f00, 0x0000021a816af950,
0x0000021a816afea0, 0x0000021a816aaef0, 0x0000021a816a9460, 0x0000021a816aa450,
0x0000021a816a99b0, 0x0000021a80b5ec10, 0x0000021a80b5dc20, 0x0000021a80b5cc30,
0x0000021a80b5c6e0, 0x0000021a80b5d180, 0x0000021a80b5d6d0, 0x0000021a80b5e170,
0x0000021a80b5e6c0, 0x0000021a80b5c190, 0x0000021a80b5bc40, 0x0000021a80b5b6f0,
0x0000021a811b81d0, 0x0000021a811b5200, 0x0000021a811b7c80, 0x0000021a811b6740,
0x0000021a811b6c90, 0x0000021a811b4cb0, 0x0000021a811b61f0, 0x0000021a811b4760,
0x0000021a811b2780, 0x0000021a811b2cd0, 0x0000021a811b5750, 0x0000021a811b9710,
0x0000021a811b3770, 0x0000021a811b71e0, 0x0000021a811b3220, 0x0000021a811b8720,
0x0000021a811b7730, 0x0000021a811b8c70, 0x0000021a811b91c0, 0x0000021a811b1ce0,
0x0000021a811b2230, 0x0000021a811b5ca0, 0x0000021a811b3cc0, 0x0000021a811b4210,
0x0000021afd5e9100, 0x0000021afd5e9650, 0x0000021afd5e5be0, 0x0000021afd5eb0e0,
0x0000021afd5e4bf0, 0x0000021afd5e8110, 0x0000021afd5e8660, 0x0000021afd5e5140,
0x0000021afd5e6bd0, 0x0000021afd5ea640, 0x0000021afd5e5690, 0x0000021afd5e8bb0,
0x0000021afd5eab90, 0x0000021afd5e6680, 0x0000021afd5e6130, 0x0000021afd5e46a0,
0x0000021afd5ec0d0, 0x0000021afd5e9ba0, 0x0000021afd5ebb80, 0x0000021afd5e7120,
0x0000021afd5e7670, 0x0000021afd5eb630
}

Java Threads: ( => current thread )
  0x0000021ada0626e0 JavaThread "main" [_thread_blocked, id=14276, stack(0x000000e471a00000,0x000000e471b00000)]
  0x0000021afa0d2d20 JavaThread "Reference Handler" daemon [_thread_blocked, id=14120, stack(0x000000e472100000,0x000000e472200000)]
  0x0000021afa0d3830 JavaThread "Finalizer" daemon [_thread_blocked, id=3456, stack(0x000000e472200000,0x000000e472300000)]
  0x0000021afa0e0f30 JavaThread "Signal Dispatcher" daemon [_thread_blocked, id=8636, stack(0x000000e472300000,0x000000e472400000)]
  0x0000021afa0e3950 JavaThread "Attach Listener" daemon [_thread_blocked, id=13696, stack(0x000000e472400000,0x000000e472500000)]
  0x0000021afa0e6270 JavaThread "Service Thread" daemon [_thread_blocked, id=3468, stack(0x000000e472500000,0x000000e472600000)]
  0x0000021afa0e7b90 JavaThread "Monitor Deflation Thread" daemon [_thread_blocked, id=5160, stack(0x000000e472600000,0x000000e472700000)]
=>0x0000021afa0ebcd0 JavaThread "C2 CompilerThread0" daemon [_thread_in_native, id=5716, stack(0x000000e472700000,0x000000e472800000)]
  0x0000021afa115b00 JavaThread "C1 CompilerThread0" daemon [_thread_in_vm, id=3364, stack(0x000000e472800000,0x000000e472900000)]
  0x0000021afa11c480 JavaThread "Sweeper thread" daemon [_thread_blocked, id=11032, stack(0x000000e472900000,0x000000e472a00000)]
  0x0000021afaccce90 JavaThread "Common-Cleaner" daemon [_thread_blocked, id=4004, stack(0x000000e472a00000,0x000000e472b00000)]
  0x0000021afacd27d0 JavaThread "Notification Thread" daemon [_thread_blocked, id=9868, stack(0x000000e472b00000,0x000000e472c00000)]
  0x0000021afad17370 JavaThread "C2 CompilerThread1" daemon [_thread_in_native, id=8644, stack(0x000000e472d00000,0x000000e472e00000)]
  0x0000021afbfbec40 JavaThread "Daemon health stats" [_thread_blocked, id=8232, stack(0x000000e473300000,0x000000e473400000)]
  0x0000021afbe40c50 JavaThread "Incoming local TCP Connector on port 56966" [_thread_in_native, id=2928, stack(0x000000e473400000,0x000000e473500000)]
  0x0000021afc0e8060 JavaThread "Daemon periodic checks" [_thread_blocked, id=8676, stack(0x000000e473500000,0x000000e473600000)]
  0x0000021afd1028f0 JavaThread "Daemon" [_thread_blocked, id=9600, stack(0x000000e473600000,0x000000e473700000)]
  0x0000021afc31ba30 JavaThread "Handler for socket connection from /127.0.0.1:56966 to /127.0.0.1:56967" [_thread_in_native, id=8540, stack(0x000000e473700000,0x000000e473800000)]
  0x0000021afdc204c0 JavaThread "Cancel handler" [_thread_blocked, id=7308, stack(0x000000e473800000,0x000000e473900000)]
  0x0000021afdc214b0 JavaThread "Daemon worker" [_thread_blocked, id=2368, stack(0x000000e473900000,0x000000e473a00000)]
  0x0000021afdc1ff70 JavaThread "Asynchronous log dispatcher for DefaultDaemonConnection: socket connection from /127.0.0.1:56966 to /127.0.0.1:56967" [_thread_blocked, id=10148, stack(0x000000e473a00000,0x000000e473b00000)]
  0x0000021afdc20a10 JavaThread "Stdin handler" [_thread_blocked, id=3708, stack(0x000000e473b00000,0x000000e473c00000)]
  0x0000021afdc20f60 JavaThread "Daemon client event forwarder" [_thread_blocked, id=13708, stack(0x000000e473c00000,0x000000e473d00000)]
  0x0000021afcbdfb80 JavaThread "Cache worker for journal cache (C:\Users\ITECH\.gradle\caches\journal-1)" [_thread_blocked, id=12824, stack(0x000000e472e00000,0x000000e472f00000)]
  0x0000021afcbe20b0 JavaThread "File lock request listener" [_thread_in_native, id=7908, stack(0x000000e473d00000,0x000000e473e00000)]
  0x0000021afcbe2b50 JavaThread "Cache worker for file hash cache (C:\Users\ITECH\.gradle\caches\7.3.3\fileHashes)" [_thread_blocked, id=10032, stack(0x000000e473e00000,0x000000e473f00000)]
  0x0000021afcbd4ab0 JavaThread "C2 CompilerThread2" daemon [_thread_in_native, id=8880, stack(0x000000e473f00000,0x000000e474000000)]
  0x0000021afcbe00d0 JavaThread "Cache worker for file hash cache (C:\Users\ITECH\AndroidStudioProjects\yummy\.gradle\7.3.3\fileHashes)" [_thread_blocked, id=144, stack(0x000000e474000000,0x000000e474100000)]
  0x0000021afcbe30a0 JavaThread "File watcher server" daemon [_thread_in_native, id=10540, stack(0x000000e474400000,0x000000e474500000)]
  0x0000021afcbe0620 JavaThread "File watcher consumer" daemon [_thread_blocked, id=5572, stack(0x000000e474500000,0x000000e474600000)]
  0x0000021afcbe35f0 JavaThread "Cache worker for checksums cache (C:\Users\ITECH\AndroidStudioProjects\yummy\.gradle\7.3.3\checksums)" [_thread_blocked, id=7284, stack(0x000000e474600000,0x000000e474700000)]
  0x0000021afcbe0b70 JavaThread "Cache worker for cache directory md-supplier (C:\Users\ITECH\.gradle\caches\7.3.3\md-supplier)" [_thread_blocked, id=7936, stack(0x000000e474700000,0x000000e474800000)]
  0x0000021afcbe10c0 JavaThread "Cache worker for cache directory md-rule (C:\Users\ITECH\.gradle\caches\7.3.3\md-rule)" [_thread_blocked, id=12084, stack(0x000000e474800000,0x000000e474900000)]
  0x0000021afcbe1b60 JavaThread "Cache worker for execution history cache (C:\Users\ITECH\.gradle\caches\7.3.3\executionHistory)" [_thread_blocked, id=8200, stack(0x000000e474a00000,0x000000e474b00000)]
  0x0000021afcbdf0e0 JavaThread "jar transforms" [_thread_blocked, id=10636, stack(0x000000e474b00000,0x000000e474c00000)]
  0x0000021afcbe5080 JavaThread "Cache worker for file content cache (C:\Users\ITECH\.gradle\caches\7.3.3\fileContent)" [_thread_blocked, id=14284, stack(0x000000e474c00000,0x000000e474d00000)]
  0x0000021afcbe4090 JavaThread "jar transforms Thread 2" [_thread_blocked, id=7588, stack(0x000000e474d00000,0x000000e474e00000)]
  0x0000021afcbe2600 JavaThread "Cache worker for dependencies-accessors (C:\Users\ITECH\AndroidStudioProjects\yummy\.gradle\7.3.3\dependencies-accessors)" [_thread_blocked, id=596, stack(0x000000e474e00000,0x000000e474f00000)]
  0x0000021afcbe4b30 JavaThread "jar transforms Thread 3" [_thread_blocked, id=4924, stack(0x000000e474f00000,0x000000e475000000)]
  0x0000021afcbdf630 JavaThread "Cache worker for Build Output Cleanup Cache (C:\Users\ITECH\AndroidStudioProjects\yummy\.gradle\buildOutputCleanup)" [_thread_blocked, id=3052, stack(0x000000e475000000,0x000000e475100000)]
  0x0000021afcbdeb90 JavaThread "Unconstrained build operations" [_thread_blocked, id=11220, stack(0x000000e475100000,0x000000e475200000)]
  0x0000021afcbe55d0 JavaThread "Unconstrained build operations Thread 2" [_thread_blocked, id=2692, stack(0x000000e475200000,0x000000e475300000)]
  0x0000021afcbddba0 JavaThread "Unconstrained build operations Thread 3" [_thread_blocked, id=11072, stack(0x000000e475300000,0x000000e475400000)]
  0x0000021afcbde0f0 JavaThread "Unconstrained build operations Thread 4" [_thread_blocked, id=11168, stack(0x000000e475400000,0x000000e475500000)]
  0x0000021afcbde640 JavaThread "Unconstrained build operations Thread 5" [_thread_blocked, id=7020, stack(0x000000e475500000,0x000000e475600000)]
  0x0000021a816aa9a0 JavaThread "Unconstrained build operations Thread 6" [_thread_blocked, id=5748, stack(0x000000e475600000,0x000000e475700000)]
  0x0000021a816ac980 JavaThread "Unconstrained build operations Thread 7" [_thread_blocked, id=10132, stack(0x000000e475700000,0x000000e475800000)]
  0x0000021a816abee0 JavaThread "Unconstrained build operations Thread 8" [_thread_blocked, id=1332, stack(0x000000e475800000,0x000000e475900000)]
  0x0000021a816ac430 JavaThread "Unconstrained build operations Thread 9" [_thread_blocked, id=11080, stack(0x000000e475900000,0x000000e475a00000)]
  0x0000021a816aced0 JavaThread "Unconstrained build operations Thread 10" [_thread_blocked, id=9572, stack(0x000000e475a00000,0x000000e475b00000)]
  0x0000021a816b03f0 JavaThread "Unconstrained build operations Thread 11" [_thread_blocked, id=10000, stack(0x000000e475b00000,0x000000e475c00000)]
  0x0000021a816ad420 JavaThread "Unconstrained build operations Thread 12" [_thread_blocked, id=10860, stack(0x000000e475c00000,0x000000e475d00000)]
  0x0000021a816ab990 JavaThread "Unconstrained build operations Thread 13" [_thread_blocked, id=9752, stack(0x000000e475d00000,0x000000e475e00000)]
  0x0000021a816ad970 JavaThread "Unconstrained build operations Thread 14" [_thread_blocked, id=8112, stack(0x000000e475e00000,0x000000e475f00000)]
  0x0000021a816ab440 JavaThread "Unconstrained build operations Thread 15" [_thread_blocked, id=9308, stack(0x000000e475f00000,0x000000e476000000)]
  0x0000021a816adec0 JavaThread "Unconstrained build operations Thread 16" [_thread_blocked, id=4252, stack(0x000000e476000000,0x000000e476100000)]
  0x0000021a816ae410 JavaThread "Unconstrained build operations Thread 17" [_thread_blocked, id=10852, stack(0x000000e476100000,0x000000e476200000)]
  0x0000021a816b0940 JavaThread "Unconstrained build operations Thread 18" [_thread_blocked, id=12224, stack(0x000000e476200000,0x000000e476300000)]
  0x0000021a816ae960 JavaThread "Unconstrained build operations Thread 19" [_thread_blocked, id=7460, stack(0x000000e476300000,0x000000e476400000)]
  0x0000021a816a8f10 JavaThread "Unconstrained build operations Thread 20" [_thread_blocked, id=9264, stack(0x000000e476400000,0x000000e476500000)]
  0x0000021a816aeeb0 JavaThread "Unconstrained build operations Thread 21" [_thread_blocked, id=6532, stack(0x000000e476500000,0x000000e476600000)]
  0x0000021a816af400 JavaThread "Unconstrained build operations Thread 22" [_thread_blocked, id=14308, stack(0x000000e476600000,0x000000e476700000)]
  0x0000021a816a9f00 JavaThread "Unconstrained build operations Thread 23" [_thread_blocked, id=13456, stack(0x000000e476700000,0x000000e476800000)]
  0x0000021a816af950 JavaThread "Unconstrained build operations Thread 24" [_thread_blocked, id=2004, stack(0x000000e476800000,0x000000e476900000)]
  0x0000021a816afea0 JavaThread "Unconstrained build operations Thread 25" [_thread_blocked, id=7764, stack(0x000000e476900000,0x000000e476a00000)]
  0x0000021a816aaef0 JavaThread "Unconstrained build operations Thread 26" [_thread_blocked, id=8480, stack(0x000000e476a00000,0x000000e476b00000)]
  0x0000021a816a9460 JavaThread "Unconstrained build operations Thread 27" [_thread_blocked, id=7052, stack(0x000000e476b00000,0x000000e476c00000)]
  0x0000021a816aa450 JavaThread "Unconstrained build operations Thread 28" [_thread_blocked, id=12196, stack(0x000000e476c00000,0x000000e476d00000)]
  0x0000021a816a99b0 JavaThread "Unconstrained build operations Thread 29" [_thread_blocked, id=1308, stack(0x000000e476d00000,0x000000e476e00000)]
  0x0000021a80b5ec10 JavaThread "Unconstrained build operations Thread 30" [_thread_blocked, id=8016, stack(0x000000e476e00000,0x000000e476f00000)]
  0x0000021a80b5dc20 JavaThread "Unconstrained build operations Thread 31" [_thread_blocked, id=6608, stack(0x000000e476f00000,0x000000e477000000)]
  0x0000021a80b5cc30 JavaThread "Unconstrained build operations Thread 32" [_thread_blocked, id=13944, stack(0x000000e477000000,0x000000e477100000)]
  0x0000021a80b5c6e0 JavaThread "Unconstrained build operations Thread 33" [_thread_blocked, id=7948, stack(0x000000e477100000,0x000000e477200000)]
  0x0000021a80b5d180 JavaThread "Unconstrained build operations Thread 34" [_thread_blocked, id=11184, stack(0x000000e477200000,0x000000e477300000)]
  0x0000021a80b5d6d0 JavaThread "Unconstrained build operations Thread 35" [_thread_blocked, id=8964, stack(0x000000e477300000,0x000000e477400000)]
  0x0000021a80b5e170 JavaThread "Unconstrained build operations Thread 36" [_thread_blocked, id=3956, stack(0x000000e477400000,0x000000e477500000)]
  0x0000021a80b5e6c0 JavaThread "Unconstrained build operations Thread 37" [_thread_blocked, id=4304, stack(0x000000e477500000,0x000000e477600000)]
  0x0000021a80b5c190 JavaThread "Unconstrained build operations Thread 38" [_thread_blocked, id=13108, stack(0x000000e477600000,0x000000e477700000)]
  0x0000021a80b5bc40 JavaThread "Unconstrained build operations Thread 39" [_thread_blocked, id=1124, stack(0x000000e477700000,0x000000e477800000)]
  0x0000021a80b5b6f0 JavaThread "Unconstrained build operations Thread 40" [_thread_blocked, id=3088, stack(0x000000e477800000,0x000000e477900000)]
  0x0000021a811b81d0 JavaThread "Unconstrained build operations Thread 41" [_thread_blocked, id=9108, stack(0x000000e477900000,0x000000e477a00000)]
  0x0000021a811b5200 JavaThread "Unconstrained build operations Thread 42" [_thread_blocked, id=4296, stack(0x000000e477a00000,0x000000e477b00000)]
  0x0000021a811b7c80 JavaThread "Unconstrained build operations Thread 43" [_thread_blocked, id=12236, stack(0x000000e477b00000,0x000000e477c00000)]
  0x0000021a811b6740 JavaThread "Unconstrained build operations Thread 44" [_thread_blocked, id=12780, stack(0x000000e477c00000,0x000000e477d00000)]
  0x0000021a811b6c90 JavaThread "Unconstrained build operations Thread 45" [_thread_blocked, id=8172, stack(0x000000e477d00000,0x000000e477e00000)]
  0x0000021a811b4cb0 JavaThread "Unconstrained build operations Thread 46" [_thread_blocked, id=9248, stack(0x000000e477e00000,0x000000e477f00000)]
  0x0000021a811b61f0 JavaThread "Unconstrained build operations Thread 47" [_thread_blocked, id=2648, stack(0x000000e477f00000,0x000000e478000000)]
  0x0000021a811b4760 JavaThread "Unconstrained build operations Thread 48" [_thread_blocked, id=3544, stack(0x000000e478000000,0x000000e478100000)]
  0x0000021a811b2780 JavaThread "Unconstrained build operations Thread 49" [_thread_blocked, id=13004, stack(0x000000e478100000,0x000000e478200000)]
  0x0000021a811b2cd0 JavaThread "Unconstrained build operations Thread 50" [_thread_blocked, id=7804, stack(0x000000e478200000,0x000000e478300000)]
  0x0000021a811b5750 JavaThread "Unconstrained build operations Thread 51" [_thread_blocked, id=4188, stack(0x000000e478300000,0x000000e478400000)]
  0x0000021a811b9710 JavaThread "Unconstrained build operations Thread 52" [_thread_blocked, id=5092, stack(0x000000e478400000,0x000000e478500000)]
  0x0000021a811b3770 JavaThread "Unconstrained build operations Thread 53" [_thread_blocked, id=10392, stack(0x000000e478500000,0x000000e478600000)]
  0x0000021a811b71e0 JavaThread "Unconstrained build operations Thread 54" [_thread_blocked, id=11344, stack(0x000000e478600000,0x000000e478700000)]
  0x0000021a811b3220 JavaThread "Unconstrained build operations Thread 55" [_thread_blocked, id=2016, stack(0x000000e478700000,0x000000e478800000)]
  0x0000021a811b8720 JavaThread "Unconstrained build operations Thread 56" [_thread_blocked, id=5508, stack(0x000000e478800000,0x000000e478900000)]
  0x0000021a811b7730 JavaThread "Unconstrained build operations Thread 57" [_thread_blocked, id=5276, stack(0x000000e478900000,0x000000e478a00000)]
  0x0000021a811b8c70 JavaThread "Unconstrained build operations Thread 58" [_thread_blocked, id=11688, stack(0x000000e478a00000,0x000000e478b00000)]
  0x0000021a811b91c0 JavaThread "Unconstrained build operations Thread 59" [_thread_blocked, id=13864, stack(0x000000e478b00000,0x000000e478c00000)]
  0x0000021a811b1ce0 JavaThread "Unconstrained build operations Thread 60" [_thread_blocked, id=5740, stack(0x000000e478c00000,0x000000e478d00000)]
  0x0000021a811b2230 JavaThread "Unconstrained build operations Thread 61" [_thread_blocked, id=5144, stack(0x000000e478d00000,0x000000e478e00000)]
  0x0000021a811b5ca0 JavaThread "Unconstrained build operations Thread 62" [_thread_blocked, id=2096, stack(0x000000e478e00000,0x000000e478f00000)]
  0x0000021a811b3cc0 JavaThread "Unconstrained build operations Thread 63" [_thread_blocked, id=12096, stack(0x000000e478f00000,0x000000e479000000)]
  0x0000021a811b4210 JavaThread "Unconstrained build operations Thread 64" [_thread_blocked, id=10304, stack(0x000000e479000000,0x000000e479100000)]
  0x0000021afd5e9100 JavaThread "Unconstrained build operations Thread 65" [_thread_blocked, id=11844, stack(0x000000e479100000,0x000000e479200000)]
  0x0000021afd5e9650 JavaThread "Unconstrained build operations Thread 66" [_thread_blocked, id=1804, stack(0x000000e479200000,0x000000e479300000)]
  0x0000021afd5e5be0 JavaThread "Unconstrained build operations Thread 67" [_thread_blocked, id=13504, stack(0x000000e479300000,0x000000e479400000)]
  0x0000021afd5eb0e0 JavaThread "Unconstrained build operations Thread 68" [_thread_blocked, id=12916, stack(0x000000e479400000,0x000000e479500000)]
  0x0000021afd5e4bf0 JavaThread "Unconstrained build operations Thread 69" [_thread_blocked, id=6956, stack(0x000000e479500000,0x000000e479600000)]
  0x0000021afd5e8110 JavaThread "Unconstrained build operations Thread 70" [_thread_blocked, id=11876, stack(0x000000e479600000,0x000000e479700000)]
  0x0000021afd5e8660 JavaThread "Unconstrained build operations Thread 71" [_thread_blocked, id=11084, stack(0x000000e479700000,0x000000e479800000)]
  0x0000021afd5e5140 JavaThread "Unconstrained build operations Thread 72" [_thread_blocked, id=14064, stack(0x000000e479800000,0x000000e479900000)]
  0x0000021afd5e6bd0 JavaThread "Unconstrained build operations Thread 73" [_thread_blocked, id=8080, stack(0x000000e479900000,0x000000e479a00000)]
  0x0000021afd5ea640 JavaThread "Unconstrained build operations Thread 74" [_thread_blocked, id=11228, stack(0x000000e479a00000,0x000000e479b00000)]
  0x0000021afd5e5690 JavaThread "Unconstrained build operations Thread 75" [_thread_blocked, id=6308, stack(0x000000e479b00000,0x000000e479c00000)]
  0x0000021afd5e8bb0 JavaThread "Unconstrained build operations Thread 76" [_thread_blocked, id=2784, stack(0x000000e479c00000,0x000000e479d00000)]
  0x0000021afd5eab90 JavaThread "Unconstrained build operations Thread 77" [_thread_blocked, id=3900, stack(0x000000e479d00000,0x000000e479e00000)]
  0x0000021afd5e6680 JavaThread "Unconstrained build operations Thread 78" [_thread_blocked, id=7256, stack(0x000000e479e00000,0x000000e479f00000)]
  0x0000021afd5e6130 JavaThread "Unconstrained build operations Thread 79" [_thread_blocked, id=11808, stack(0x000000e479f00000,0x000000e47a000000)]
  0x0000021afd5e46a0 JavaThread "Unconstrained build operations Thread 80" [_thread_blocked, id=9660, stack(0x000000e47a000000,0x000000e47a100000)]
  0x0000021afd5ec0d0 JavaThread "jar transforms Thread 4" [_thread_blocked, id=11836, stack(0x000000e47a100000,0x000000e47a200000)]
  0x0000021afd5e9ba0 JavaThread "jar transforms Thread 5" [_thread_blocked, id=10484, stack(0x000000e47a200000,0x000000e47a300000)]
  0x0000021afd5ebb80 JavaThread "jar transforms Thread 6" [_thread_blocked, id=13700, stack(0x000000e47a300000,0x000000e47a400000)]
  0x0000021afd5e7120 JavaThread "jar transforms Thread 7" [_thread_blocked, id=10120, stack(0x000000e47a400000,0x000000e47a500000)]
  0x0000021afd5e7670 JavaThread "jar transforms Thread 8" [_thread_blocked, id=8892, stack(0x000000e47a500000,0x000000e47a600000)]
  0x0000021afd5eb630 JavaThread "Memory manager" [_thread_blocked, id=1420, stack(0x000000e47a600000,0x000000e47a700000)]

Other Threads:
  0x0000021afa0ceb10 VMThread "VM Thread" [stack: 0x000000e472000000,0x000000e472100000] [id=13904]
  0x0000021afacd2cf0 WatcherThread [stack: 0x000000e472c00000,0x000000e472d00000] [id=10588]
  0x0000021ada09b7f0 GCTaskThread "GC Thread#0" [stack: 0x000000e471b00000,0x000000e471c00000] [id=12368]
  0x0000021afb6eb9c0 GCTaskThread "GC Thread#1" [stack: 0x000000e472f00000,0x000000e473000000] [id=1888]
  0x0000021afb975090 GCTaskThread "GC Thread#2" [stack: 0x000000e473000000,0x000000e473100000] [id=6912]
  0x0000021afb6e0d50 GCTaskThread "GC Thread#3" [stack: 0x000000e473100000,0x000000e473200000] [id=4500]
  0x0000021afbcf4300 GCTaskThread "GC Thread#4" [stack: 0x000000e473200000,0x000000e473300000] [id=10960]
  0x0000021afbe69780 GCTaskThread "GC Thread#5" [stack: 0x000000e474100000,0x000000e474200000] [id=860]
  0x0000021afe5df010 GCTaskThread "GC Thread#6" [stack: 0x000000e474200000,0x000000e474300000] [id=8680]
  0x0000021afe733f00 GCTaskThread "GC Thread#7" [stack: 0x000000e474300000,0x000000e474400000] [id=12836]
  0x0000021ada0ad6f0 ConcurrentGCThread "G1 Main Marker" [stack: 0x000000e471c00000,0x000000e471d00000] [id=8256]
  0x0000021ada0adf90 ConcurrentGCThread "G1 Conc#0" [stack: 0x000000e471d00000,0x000000e471e00000] [id=12500]
  0x0000021afe732fb0 ConcurrentGCThread "G1 Conc#1" [stack: 0x000000e474900000,0x000000e474a00000] [id=8748]
  0x0000021ada138060 ConcurrentGCThread "G1 Refine#0" [stack: 0x000000e471e00000,0x000000e471f00000] [id=2272]
  0x0000021ada1398a0 ConcurrentGCThread "G1 Service" [stack: 0x000000e471f00000,0x000000e472000000] [id=9964]

Threads with active compile tasks:
C2 CompilerThread0     8126 7113       4       groovy.lang.MetaClassImpl::addMetaMethodToIndex (65 bytes)
C2 CompilerThread1     8126 7270       4       sun.reflect.generics.visitor.Reifier::visitClassTypeSignature (381 bytes)
C2 CompilerThread2     8126 7109 %     4       org.gradle.internal.instantiation.generator.AbstractClassGenerator::inspectType @ 207 (560 bytes)

VM state: not at safepoint (normal execution)

VM Mutex/Monitor currently owned by a thread: None

Heap address: 0x0000000080000000, size: 2048 MB, Compressed Oops mode: 32-bit

CDS archive(s) mapped at: [0x0000000800000000-0x0000000800bb0000-0x0000000800bb0000), size 12255232, SharedBaseAddress: 0x0000000800000000, ArchiveRelocationMode: 0.
Compressed class space mapped at: 0x0000000800c00000-0x0000000840c00000, reserved size: 1073741824
Narrow klass base: 0x0000000800000000, Narrow klass shift: 3, Narrow klass range: 0x100000000

GC Precious Log:
 CPUs: 8 total, 8 available
 Memory: 7959M
 Large Page Support: Disabled
 NUMA Support: Disabled
 Compressed Oops: Enabled (32-bit)
 Heap Region Size: 1M
 Heap Min Capacity: 8M
 Heap Initial Capacity: 126M
 Heap Max Capacity: 2G
 Pre-touch: Disabled
 Parallel Workers: 8
 Concurrent Workers: 2
 Concurrent Refinement Workers: 8
 Periodic GC: Disabled

Heap:
 garbage-first heap   total 106496K, used 73748K [0x0000000080000000, 0x0000000100000000)
  region size 1024K, 18 young (18432K), 3 survivors (3072K)
 Metaspace       used 63409K, committed 63936K, reserved 1105920K
  class space    used 8541K, committed 8832K, reserved 1048576K

Heap Regions: E=young(eden), S=young(survivor), O=old, HS=humongous(starts), HC=humongous(continues), CS=collection set, F=free, OA=open archive, CA=closed archive, TAMS=top-at-mark-start (previous, next)
|   0|0x0000000080000000, 0x0000000080100000, 0x0000000080100000|100%| O|  |TAMS 0x0000000080100000, 0x0000000080000000| Untracked 
|   1|0x0000000080100000, 0x0000000080200000, 0x0000000080200000|100%| O|  |TAMS 0x0000000080200000, 0x0000000080100000| Untracked 
|   2|0x0000000080200000, 0x0000000080300000, 0x0000000080300000|100%| O|  |TAMS 0x0000000080300000, 0x0000000080200000| Untracked 
|   3|0x0000000080300000, 0x0000000080400000, 0x0000000080400000|100%|HS|  |TAMS 0x0000000080400000, 0x0000000080300000| Complete 
|   4|0x0000000080400000, 0x0000000080500000, 0x0000000080500000|100%|HC|  |TAMS 0x0000000080500000, 0x0000000080400000| Complete 
|   5|0x0000000080500000, 0x0000000080600000, 0x0000000080600000|100%|HC|  |TAMS 0x0000000080600000, 0x0000000080500000| Complete 
|   6|0x0000000080600000, 0x0000000080700000, 0x0000000080700000|100%| O|  |TAMS 0x0000000080700000, 0x0000000080600000| Untracked 
|   7|0x0000000080700000, 0x0000000080800000, 0x0000000080800000|100%| O|  |TAMS 0x0000000080800000, 0x0000000080700000| Untracked 
|   8|0x0000000080800000, 0x0000000080900000, 0x0000000080900000|100%| O|  |TAMS 0x0000000080900000, 0x0000000080800000| Untracked 
|   9|0x0000000080900000, 0x0000000080a00000, 0x0000000080a00000|100%| O|  |TAMS 0x0000000080a00000, 0x0000000080900000| Untracked 
|  10|0x0000000080a00000, 0x0000000080b00000, 0x0000000080b00000|100%| O|  |TAMS 0x0000000080b00000, 0x0000000080a00000| Untracked 
|  11|0x0000000080b00000, 0x0000000080c00000, 0x0000000080c00000|100%| O|  |TAMS 0x0000000080c00000, 0x0000000080b00000| Untracked 
|  12|0x0000000080c00000, 0x0000000080d00000, 0x0000000080d00000|100%| O|  |TAMS 0x0000000080d00000, 0x0000000080c00000| Untracked 
|  13|0x0000000080d00000, 0x0000000080e00000, 0x0000000080e00000|100%| O|  |TAMS 0x0000000080e00000, 0x0000000080d00000| Untracked 
|  14|0x0000000080e00000, 0x0000000080f00000, 0x0000000080f00000|100%| O|  |TAMS 0x0000000080f00000, 0x0000000080e00000| Untracked 
|  15|0x0000000080f00000, 0x0000000081000000, 0x0000000081000000|100%| O|  |TAMS 0x0000000081000000, 0x0000000080f00000| Untracked 
|  16|0x0000000081000000, 0x0000000081100000, 0x0000000081100000|100%| O|  |TAMS 0x0000000081100000, 0x0000000081000000| Untracked 
|  17|0x0000000081100000, 0x0000000081200000, 0x0000000081200000|100%| O|  |TAMS 0x0000000081200000, 0x0000000081100000| Untracked 
|  18|0x0000000081200000, 0x000000008127b800, 0x0000000081300000| 48%| O|  |TAMS 0x000000008127b800, 0x0000000081200000| Untracked 
|  19|0x0000000081300000, 0x0000000081400000, 0x0000000081400000|100%| O|  |TAMS 0x0000000081400000, 0x0000000081300000| Untracked 
|  20|0x0000000081400000, 0x0000000081500000, 0x0000000081500000|100%| O|  |TAMS 0x0000000081500000, 0x0000000081400000| Untracked 
|  21|0x0000000081500000, 0x0000000081600000, 0x0000000081600000|100%| O|  |TAMS 0x0000000081600000, 0x0000000081500000| Untracked 
|  22|0x0000000081600000, 0x0000000081700000, 0x0000000081700000|100%| O|  |TAMS 0x0000000081700000, 0x0000000081600000| Untracked 
|  23|0x0000000081700000, 0x0000000081800000, 0x0000000081800000|100%| O|  |TAMS 0x0000000081800000, 0x0000000081700000| Untracked 
|  24|0x0000000081800000, 0x0000000081900000, 0x0000000081900000|100%| O|  |TAMS 0x0000000081900000, 0x0000000081800000| Untracked 
|  25|0x0000000081900000, 0x0000000081a00000, 0x0000000081a00000|100%| O|  |TAMS 0x0000000081a00000, 0x0000000081900000| Untracked 
|  26|0x0000000081a00000, 0x0000000081b00000, 0x0000000081b00000|100%|HS|  |TAMS 0x0000000081b00000, 0x0000000081a00000| Complete 
|  27|0x0000000081b00000, 0x0000000081c00000, 0x0000000081c00000|100%|HS|  |TAMS 0x0000000081c00000, 0x0000000081b00000| Complete 
|  28|0x0000000081c00000, 0x0000000081d00000, 0x0000000081d00000|100%| O|  |TAMS 0x0000000081d00000, 0x0000000081c00000| Untracked 
|  29|0x0000000081d00000, 0x0000000081e00000, 0x0000000081e00000|100%| O|  |TAMS 0x0000000081e00000, 0x0000000081d00000| Untracked 
|  30|0x0000000081e00000, 0x0000000081f00000, 0x0000000081f00000|100%| O|  |TAMS 0x0000000081f00000, 0x0000000081e00000| Untracked 
|  31|0x0000000081f00000, 0x0000000082000000, 0x0000000082000000|100%| O|  |TAMS 0x0000000082000000, 0x0000000081f00000| Untracked 
|  32|0x0000000082000000, 0x0000000082100000, 0x0000000082100000|100%| O|  |TAMS 0x0000000082100000, 0x0000000082000000| Untracked 
|  33|0x0000000082100000, 0x0000000082200000, 0x0000000082200000|100%| O|  |TAMS 0x0000000082200000, 0x0000000082100000| Untracked 
|  34|0x0000000082200000, 0x0000000082300000, 0x0000000082300000|100%| O|  |TAMS 0x0000000082300000, 0x0000000082200000| Untracked 
|  35|0x0000000082300000, 0x0000000082400000, 0x0000000082400000|100%| O|  |TAMS 0x0000000082400000, 0x0000000082300000| Untracked 
|  36|0x0000000082400000, 0x0000000082500000, 0x0000000082500000|100%| O|  |TAMS 0x0000000082500000, 0x0000000082400000| Untracked 
|  37|0x0000000082500000, 0x0000000082600000, 0x0000000082600000|100%|HS|  |TAMS 0x0000000082600000, 0x0000000082500000| Complete 
|  38|0x0000000082600000, 0x0000000082700000, 0x0000000082700000|100%|HC|  |TAMS 0x0000000082700000, 0x0000000082600000| Complete 
|  39|0x0000000082700000, 0x0000000082800000, 0x0000000082800000|100%| O|  |TAMS 0x0000000082800000, 0x0000000082700000| Untracked 
|  40|0x0000000082800000, 0x0000000082900000, 0x0000000082900000|100%| O|  |TAMS 0x0000000082900000, 0x0000000082800000| Untracked 
|  41|0x0000000082900000, 0x0000000082a00000, 0x0000000082a00000|100%| O|  |TAMS 0x0000000082a00000, 0x0000000082900000| Untracked 
|  42|0x0000000082a00000, 0x0000000082b00000, 0x0000000082b00000|100%| O|  |TAMS 0x0000000082b00000, 0x0000000082a00000| Untracked 
|  43|0x0000000082b00000, 0x0000000082c00000, 0x0000000082c00000|100%| O|  |TAMS 0x0000000082c00000, 0x0000000082b00000| Untracked 
|  44|0x0000000082c00000, 0x0000000082d00000, 0x0000000082d00000|100%| O|  |TAMS 0x0000000082d00000, 0x0000000082c00000| Untracked 
|  45|0x0000000082d00000, 0x0000000082e00000, 0x0000000082e00000|100%| O|  |TAMS 0x0000000082e00000, 0x0000000082d00000| Untracked 
|  46|0x0000000082e00000, 0x0000000082f00000, 0x0000000082f00000|100%| O|  |TAMS 0x0000000082f00000, 0x0000000082e00000| Untracked 
|  47|0x0000000082f00000, 0x0000000083000000, 0x0000000083000000|100%| O|  |TAMS 0x0000000083000000, 0x0000000082f00000| Untracked 
|  48|0x0000000083000000, 0x0000000083100000, 0x0000000083100000|100%| O|  |TAMS 0x0000000083100000, 0x0000000083000000| Untracked 
|  49|0x0000000083100000, 0x0000000083200000, 0x0000000083200000|100%| O|  |TAMS 0x0000000083200000, 0x0000000083100000| Untracked 
|  50|0x0000000083200000, 0x0000000083300000, 0x0000000083300000|100%| O|  |TAMS 0x0000000083300000, 0x0000000083200000| Untracked 
|  51|0x0000000083300000, 0x0000000083400000, 0x0000000083400000|100%| O|  |TAMS 0x0000000083400000, 0x0000000083300000| Untracked 
|  52|0x0000000083400000, 0x0000000083500000, 0x0000000083500000|100%| O|  |TAMS 0x0000000083500000, 0x0000000083400000| Untracked 
|  53|0x0000000083500000, 0x0000000083600000, 0x0000000083600000|100%| O|  |TAMS 0x0000000083600000, 0x0000000083500000| Untracked 
|  54|0x0000000083600000, 0x0000000083700000, 0x0000000083700000|100%| O|  |TAMS 0x0000000083700000, 0x0000000083600000| Untracked 
|  55|0x0000000083700000, 0x00000000837aa000, 0x0000000083800000| 66%| O|  |TAMS 0x00000000837aa000, 0x0000000083700000| Untracked 
|  56|0x0000000083800000, 0x0000000083800000, 0x0000000083900000|  0%| F|  |TAMS 0x0000000083800000, 0x0000000083800000| Untracked 
|  57|0x0000000083900000, 0x0000000083900000, 0x0000000083a00000|  0%| F|  |TAMS 0x0000000083900000, 0x0000000083900000| Untracked 
|  58|0x0000000083a00000, 0x0000000083a00000, 0x0000000083b00000|  0%| F|  |TAMS 0x0000000083a00000, 0x0000000083a00000| Untracked 
|  59|0x0000000083b00000, 0x0000000083b00000, 0x0000000083c00000|  0%| F|  |TAMS 0x0000000083b00000, 0x0000000083b00000| Untracked 
|  60|0x0000000083c00000, 0x0000000083c00000, 0x0000000083d00000|  0%| F|  |TAMS 0x0000000083c00000, 0x0000000083c00000| Untracked 
|  61|0x0000000083d00000, 0x0000000083d00000, 0x0000000083e00000|  0%| F|  |TAMS 0x0000000083d00000, 0x0000000083d00000| Untracked 
|  62|0x0000000083e00000, 0x0000000083e00000, 0x0000000083f00000|  0%| F|  |TAMS 0x0000000083e00000, 0x0000000083e00000| Untracked 
|  63|0x0000000083f00000, 0x0000000083f00000, 0x0000000084000000|  0%| F|  |TAMS 0x0000000083f00000, 0x0000000083f00000| Untracked 
|  64|0x0000000084000000, 0x0000000084000000, 0x0000000084100000|  0%| F|  |TAMS 0x0000000084000000, 0x0000000084000000| Untracked 
|  65|0x0000000084100000, 0x0000000084100000, 0x0000000084200000|  0%| F|  |TAMS 0x0000000084100000, 0x0000000084100000| Untracked 
|  66|0x0000000084200000, 0x0000000084200000, 0x0000000084300000|  0%| F|  |TAMS 0x0000000084200000, 0x0000000084200000| Untracked 
|  67|0x0000000084300000, 0x0000000084300000, 0x0000000084400000|  0%| F|  |TAMS 0x0000000084300000, 0x0000000084300000| Untracked 
|  68|0x0000000084400000, 0x0000000084400000, 0x0000000084500000|  0%| F|  |TAMS 0x0000000084400000, 0x0000000084400000| Untracked 
|  69|0x0000000084500000, 0x0000000084500000, 0x0000000084600000|  0%| F|  |TAMS 0x0000000084500000, 0x0000000084500000| Untracked 
|  70|0x0000000084600000, 0x0000000084600000, 0x0000000084700000|  0%| F|  |TAMS 0x0000000084600000, 0x0000000084600000| Untracked 
|  71|0x0000000084700000, 0x00000000847dfb40, 0x0000000084800000| 87%| S|CS|TAMS 0x0000000084700000, 0x0000000084700000| Complete 
|  72|0x0000000084800000, 0x0000000084900000, 0x0000000084900000|100%| S|CS|TAMS 0x0000000084800000, 0x0000000084800000| Complete 
|  73|0x0000000084900000, 0x0000000084a00000, 0x0000000084a00000|100%| S|CS|TAMS 0x0000000084900000, 0x0000000084900000| Complete 
|  74|0x0000000084a00000, 0x0000000084a00000, 0x0000000084b00000|  0%| F|  |TAMS 0x0000000084a00000, 0x0000000084a00000| Untracked 
|  75|0x0000000084b00000, 0x0000000084b00000, 0x0000000084c00000|  0%| F|  |TAMS 0x0000000084b00000, 0x0000000084b00000| Untracked 
|  76|0x0000000084c00000, 0x0000000084c00000, 0x0000000084d00000|  0%| F|  |TAMS 0x0000000084c00000, 0x0000000084c00000| Untracked 
|  77|0x0000000084d00000, 0x0000000084d00000, 0x0000000084e00000|  0%| F|  |TAMS 0x0000000084d00000, 0x0000000084d00000| Untracked 
|  78|0x0000000084e00000, 0x0000000084e00000, 0x0000000084f00000|  0%| F|  |TAMS 0x0000000084e00000, 0x0000000084e00000| Untracked 
|  79|0x0000000084f00000, 0x0000000084f00000, 0x0000000085000000|  0%| F|  |TAMS 0x0000000084f00000, 0x0000000084f00000| Untracked 
|  80|0x0000000085000000, 0x0000000085000000, 0x0000000085100000|  0%| F|  |TAMS 0x0000000085000000, 0x0000000085000000| Untracked 
|  81|0x0000000085100000, 0x0000000085100000, 0x0000000085200000|  0%| F|  |TAMS 0x0000000085100000, 0x0000000085100000| Untracked 
|  82|0x0000000085200000, 0x0000000085200000, 0x0000000085300000|  0%| F|  |TAMS 0x0000000085200000, 0x0000000085200000| Untracked 
|  83|0x0000000085300000, 0x0000000085300000, 0x0000000085400000|  0%| F|  |TAMS 0x0000000085300000, 0x0000000085300000| Untracked 
|  84|0x0000000085400000, 0x0000000085400000, 0x0000000085500000|  0%| F|  |TAMS 0x0000000085400000, 0x0000000085400000| Untracked 
|  85|0x0000000085500000, 0x0000000085500000, 0x0000000085600000|  0%| F|  |TAMS 0x0000000085500000, 0x0000000085500000| Untracked 
|  86|0x0000000085600000, 0x0000000085600000, 0x0000000085700000|  0%| F|  |TAMS 0x0000000085600000, 0x0000000085600000| Untracked 
|  87|0x0000000085700000, 0x0000000085700000, 0x0000000085800000|  0%| F|  |TAMS 0x0000000085700000, 0x0000000085700000| Untracked 
|  88|0x0000000085800000, 0x0000000085800000, 0x0000000085900000|  0%| F|  |TAMS 0x0000000085800000, 0x0000000085800000| Untracked 
|  89|0x0000000085900000, 0x00000000859ea480, 0x0000000085a00000| 91%| E|  |TAMS 0x0000000085900000, 0x0000000085900000| Complete 
|  90|0x0000000085a00000, 0x0000000085b00000, 0x0000000085b00000|100%| E|CS|TAMS 0x0000000085a00000, 0x0000000085a00000| Complete 
|  91|0x0000000085b00000, 0x0000000085c00000, 0x0000000085c00000|100%| E|CS|TAMS 0x0000000085b00000, 0x0000000085b00000| Complete 
|  92|0x0000000085c00000, 0x0000000085d00000, 0x0000000085d00000|100%| E|CS|TAMS 0x0000000085c00000, 0x0000000085c00000| Complete 
|  93|0x0000000085d00000, 0x0000000085e00000, 0x0000000085e00000|100%| E|CS|TAMS 0x0000000085d00000, 0x0000000085d00000| Complete 
|  94|0x0000000085e00000, 0x0000000085f00000, 0x0000000085f00000|100%| E|CS|TAMS 0x0000000085e00000, 0x0000000085e00000| Complete 
|  95|0x0000000085f00000, 0x0000000086000000, 0x0000000086000000|100%| E|CS|TAMS 0x0000000085f00000, 0x0000000085f00000| Complete 
|  96|0x0000000086000000, 0x0000000086100000, 0x0000000086100000|100%| E|CS|TAMS 0x0000000086000000, 0x0000000086000000| Complete 
|  97|0x0000000086100000, 0x0000000086200000, 0x0000000086200000|100%| E|CS|TAMS 0x0000000086100000, 0x0000000086100000| Complete 
|  98|0x0000000086200000, 0x0000000086300000, 0x0000000086300000|100%| E|CS|TAMS 0x0000000086200000, 0x0000000086200000| Complete 
|  99|0x0000000086300000, 0x0000000086400000, 0x0000000086400000|100%| E|CS|TAMS 0x0000000086300000, 0x0000000086300000| Complete 
| 100|0x0000000086400000, 0x0000000086500000, 0x0000000086500000|100%| E|CS|TAMS 0x0000000086400000, 0x0000000086400000| Complete 
| 101|0x0000000086500000, 0x0000000086600000, 0x0000000086600000|100%| E|CS|TAMS 0x0000000086500000, 0x0000000086500000| Complete 
| 102|0x0000000086600000, 0x0000000086700000, 0x0000000086700000|100%| E|CS|TAMS 0x0000000086600000, 0x0000000086600000| Complete 
| 125|0x0000000087d00000, 0x0000000087e00000, 0x0000000087e00000|100%| E|CS|TAMS 0x0000000087d00000, 0x0000000087d00000| Complete 

Card table byte_map: [0x0000021af2e70000,0x0000021af3270000] _byte_map_base: 0x0000021af2a70000

Marking Bits (Prev, Next): (CMBitMap*) 0x0000021ada09cca0, (CMBitMap*) 0x0000021ada09cce0
 Prev Bits: [0x0000021af3670000, 0x0000021af5670000)
 Next Bits: [0x0000021af5670000, 0x0000021af7670000)

Polling page: 0x0000021ad9f30000

Metaspace:

Usage:
  Non-class:     53.59 MB used.
      Class:      8.34 MB used.
       Both:     61.94 MB used.

Virtual space:
  Non-class space:       56.00 MB reserved,      53.81 MB ( 96%) committed,  7 nodes.
      Class space:        1.00 GB reserved,       8.62 MB ( <1%) committed,  1 nodes.
              Both:        1.05 GB reserved,      62.44 MB (  6%) committed. 

Chunk freelists:
   Non-Class:  1.64 MB
       Class:  3.36 MB
        Both:  5.00 MB

MaxMetaspaceSize: 17179869184.00 GB
CompressedClassSpaceSize: 1.00 GB
 - commit_granule_bytes: 65536.
 - commit_granule_words: 8192.
 - virtual_space_node_default_size: 1048576.
 - enlarge_chunks_in_place: 1.
 - new_chunks_are_fully_committed: 0.
 - uncommit_free_chunks: 1.
 - use_allocation_guard: 0.
 - handle_deallocations: 1.


Internal statistics:

num_allocs_failed_limit: 6.
num_arena_births: 558.
num_arena_deaths: 0.
num_vsnodes_births: 8.
num_vsnodes_deaths: 0.
num_space_committed: 999.
num_space_uncommitted: 0.
num_chunks_returned_to_freelist: 6.
num_chunks_taken_from_freelist: 3002.
num_chunk_merges: 6.
num_chunk_splits: 2038.
num_chunks_enlarged: 1418.
num_purges: 0.

CodeHeap 'non-profiled nmethods': size=120000Kb used=3874Kb max_used=3874Kb free=116125Kb
 bounds [0x0000021aeaad0000, 0x0000021aeaea0000, 0x0000021af2000000]
CodeHeap 'profiled nmethods': size=120000Kb used=12542Kb max_used=12542Kb free=107457Kb
 bounds [0x0000021ae35a0000, 0x0000021ae41f0000, 0x0000021aeaad0000]
CodeHeap 'non-nmethods': size=5760Kb used=2383Kb max_used=2434Kb free=3376Kb
 bounds [0x0000021ae3000000, 0x0000021ae3270000, 0x0000021ae35a0000]
 total_blobs=7340 nmethods=6448 adapters=804
 compilation: enabled
              stopped_count=0, restarted_count=0
 full_count=0

Compilation events (20 events):
Event: 8.079 Thread 0x0000021afa115b00 nmethod 7275 0x0000021ae41bd090 code [0x0000021ae41bd2c0, 0x0000021ae41bdbb8]
Event: 8.079 Thread 0x0000021afa115b00 7283       3       java.lang.invoke.MethodHandleImpl::computeValueConversions (121 bytes)
Event: 8.080 Thread 0x0000021afa115b00 nmethod 7283 0x0000021ae41bde90 code [0x0000021ae41be0a0, 0x0000021ae41be8d8]
Event: 8.080 Thread 0x0000021afa115b00 7282       3       java.lang.invoke.MethodHandleImpl::makePairwiseConvertByEditor (627 bytes)
Event: 8.081 Thread 0x0000021afad17370 nmethod 7263 0x0000021aeae94d10 code [0x0000021aeae94ec0, 0x0000021aeae95bf8]
Event: 8.081 Thread 0x0000021afad17370 7273       4       org.gradle.internal.reflect.MutableClassDetails::property (41 bytes)
Event: 8.085 Thread 0x0000021afa115b00 nmethod 7282 0x0000021ae41bec90 code [0x0000021ae41bf4a0, 0x0000021ae41c49b8]
Event: 8.085 Thread 0x0000021afa115b00 7278       3       java.lang.invoke.MethodHandle::asTypeUncached (59 bytes)
Event: 8.085 Thread 0x0000021afa115b00 nmethod 7278 0x0000021ae41c6910 code [0x0000021ae41c6be0, 0x0000021ae41c7778]
Event: 8.086 Thread 0x0000021afa115b00 7279       3       java.lang.invoke.MethodType::isConvertibleTo (164 bytes)
Event: 8.086 Thread 0x0000021afa115b00 nmethod 7279 0x0000021ae41c7c10 code [0x0000021ae41c7e60, 0x0000021ae41c87e8]
Event: 8.086 Thread 0x0000021afa115b00 7280       3       java.lang.invoke.MethodHandleImpl::makePairwiseConvert (8 bytes)
Event: 8.086 Thread 0x0000021afa115b00 nmethod 7280 0x0000021ae41c8a90 code [0x0000021ae41c8c40, 0x0000021ae41c8d68]
Event: 8.086 Thread 0x0000021afa115b00 7281       3       java.lang.invoke.MethodHandleImpl::makePairwiseConvert (22 bytes)
Event: 8.087 Thread 0x0000021afa115b00 nmethod 7281 0x0000021ae41c8e10 code [0x0000021ae41c8fc0, 0x0000021ae41c91e8]
Event: 8.087 Thread 0x0000021afa115b00 7284       3       org.gradle.internal.reflect.MutableClassDetails::<init> (65 bytes)
Event: 8.088 Thread 0x0000021afa115b00 nmethod 7284 0x0000021ae41c9310 code [0x0000021ae41c95c0, 0x0000021ae41ca468]
Event: 8.088 Thread 0x0000021afa115b00 7285       3       java.io.WinNTFileSystem::isSlash (18 bytes)
Event: 8.088 Thread 0x0000021afa115b00 nmethod 7285 0x0000021ae41ca890 code [0x0000021ae41caa20, 0x0000021ae41cabb8]
Event: 8.093 Thread 0x0000021afa115b00 7286       3       com.google.common.collect.Iterables::toArray (10 bytes)

GC Heap History (20 events):
Event: 5.582 GC heap before
{Heap before GC invocations=14 (full 0):
 garbage-first heap   total 75776K, used 58269K [0x0000000080000000, 0x0000000100000000)
  region size 1024K, 20 young (20480K), 4 survivors (4096K)
 Metaspace       used 40938K, committed 41344K, reserved 1089536K
  class space    used 5538K, committed 5696K, reserved 1048576K
}
Event: 5.585 GC heap after
{Heap after GC invocations=15 (full 0):
 garbage-first heap   total 75776K, used 45904K [0x0000000080000000, 0x0000000100000000)
  region size 1024K, 3 young (3072K), 3 survivors (3072K)
 Metaspace       used 40938K, committed 41344K, reserved 1089536K
  class space    used 5538K, committed 5696K, reserved 1048576K
}
Event: 5.730 GC heap before
{Heap before GC invocations=15 (full 0):
 garbage-first heap   total 75776K, used 59216K [0x0000000080000000, 0x0000000100000000)
  region size 1024K, 16 young (16384K), 3 survivors (3072K)
 Metaspace       used 42970K, committed 43392K, reserved 1089536K
  class space    used 5795K, committed 5952K, reserved 1048576K
}
Event: 5.732 GC heap after
{Heap after GC invocations=16 (full 0):
 garbage-first heap   total 91136K, used 46472K [0x0000000080000000, 0x0000000100000000)
  region size 1024K, 1 young (1024K), 1 survivors (1024K)
 Metaspace       used 42970K, committed 43392K, reserved 1089536K
  class space    used 5795K, committed 5952K, reserved 1048576K
}
Event: 6.033 GC heap before
{Heap before GC invocations=17 (full 0):
 garbage-first heap   total 91136K, used 67976K [0x0000000080000000, 0x0000000100000000)
  region size 1024K, 22 young (22528K), 1 survivors (1024K)
 Metaspace       used 46890K, committed 47296K, reserved 1089536K
  class space    used 6263K, committed 6464K, reserved 1048576K
}
Event: 6.035 GC heap after
{Heap after GC invocations=18 (full 0):
 garbage-first heap   total 91136K, used 47193K [0x0000000080000000, 0x0000000100000000)
  region size 1024K, 2 young (2048K), 2 survivors (2048K)
 Metaspace       used 46890K, committed 47296K, reserved 1089536K
  class space    used 6263K, committed 6464K, reserved 1048576K
}
Event: 6.389 GC heap before
{Heap before GC invocations=18 (full 0):
 garbage-first heap   total 91136K, used 69721K [0x0000000080000000, 0x0000000100000000)
  region size 1024K, 24 young (24576K), 2 survivors (2048K)
 Metaspace       used 50722K, committed 51200K, reserved 1097728K
  class space    used 6738K, committed 6976K, reserved 1048576K
}
Event: 6.392 GC heap after
{Heap after GC invocations=19 (full 0):
 garbage-first heap   total 91136K, used 48549K [0x0000000080000000, 0x0000000100000000)
  region size 1024K, 3 young (3072K), 3 survivors (3072K)
 Metaspace       used 50722K, committed 51200K, reserved 1097728K
  class space    used 6738K, committed 6976K, reserved 1048576K
}
Event: 6.642 GC heap before
{Heap before GC invocations=20 (full 0):
 garbage-first heap   total 91136K, used 70053K [0x0000000080000000, 0x0000000100000000)
  region size 1024K, 25 young (25600K), 3 survivors (3072K)
 Metaspace       used 53313K, committed 53824K, reserved 1097728K
  class space    used 7028K, committed 7296K, reserved 1048576K
}
Event: 6.646 GC heap after
{Heap after GC invocations=21 (full 0):
 garbage-first heap   total 91136K, used 51150K [0x0000000080000000, 0x0000000100000000)
  region size 1024K, 4 young (4096K), 4 survivors (4096K)
 Metaspace       used 53313K, committed 53824K, reserved 1097728K
  class space    used 7028K, committed 7296K, reserved 1048576K
}
Event: 6.904 GC heap before
{Heap before GC invocations=21 (full 0):
 garbage-first heap   total 91136K, used 72654K [0x0000000080000000, 0x0000000100000000)
  region size 1024K, 25 young (25600K), 4 survivors (4096K)
 Metaspace       used 55175K, committed 55680K, reserved 1097728K
  class space    used 7248K, committed 7488K, reserved 1048576K
}
Event: 6.908 GC heap after
{Heap after GC invocations=22 (full 0):
 garbage-first heap   total 91136K, used 52872K [0x0000000080000000, 0x0000000100000000)
  region size 1024K, 2 young (2048K), 2 survivors (2048K)
 Metaspace       used 55175K, committed 55680K, reserved 1097728K
  class space    used 7248K, committed 7488K, reserved 1048576K
}
Event: 7.204 GC heap before
{Heap before GC invocations=23 (full 0):
 garbage-first heap   total 94208K, used 73352K [0x0000000080000000, 0x0000000100000000)
  region size 1024K, 22 young (22528K), 2 survivors (2048K)
 Metaspace       used 56143K, committed 56640K, reserved 1105920K
  class space    used 7384K, committed 7616K, reserved 1048576K
}
Event: 7.207 GC heap after
{Heap after GC invocations=24 (full 0):
 garbage-first heap   total 94208K, used 54226K [0x0000000080000000, 0x0000000100000000)
  region size 1024K, 3 young (3072K), 3 survivors (3072K)
 Metaspace       used 56143K, committed 56640K, reserved 1105920K
  class space    used 7384K, committed 7616K, reserved 1048576K
}
Event: 7.386 GC heap before
{Heap before GC invocations=24 (full 0):
 garbage-first heap   total 94208K, used 75730K [0x0000000080000000, 0x0000000100000000)
  region size 1024K, 24 young (24576K), 3 survivors (3072K)
 Metaspace       used 56895K, committed 57344K, reserved 1105920K
  class space    used 7463K, committed 7680K, reserved 1048576K
}
Event: 7.390 GC heap after
{Heap after GC invocations=25 (full 0):
 garbage-first heap   total 94208K, used 56308K [0x0000000080000000, 0x0000000100000000)
  region size 1024K, 3 young (3072K), 3 survivors (3072K)
 Metaspace       used 56895K, committed 57344K, reserved 1105920K
  class space    used 7463K, committed 7680K, reserved 1048576K
}
Event: 7.639 GC heap before
{Heap before GC invocations=26 (full 0):
 garbage-first heap   total 101376K, used 75764K [0x0000000080000000, 0x0000000100000000)
  region size 1024K, 22 young (22528K), 3 survivors (3072K)
 Metaspace       used 59289K, committed 59776K, reserved 1105920K
  class space    used 7867K, committed 8128K, reserved 1048576K
}
Event: 7.642 GC heap after
{Heap after GC invocations=27 (full 0):
 garbage-first heap   total 101376K, used 57866K [0x0000000080000000, 0x0000000100000000)
  region size 1024K, 2 young (2048K), 2 survivors (2048K)
 Metaspace       used 59289K, committed 59776K, reserved 1105920K
  class space    used 7867K, committed 8128K, reserved 1048576K
}
Event: 7.904 GC heap before
{Heap before GC invocations=27 (full 0):
 garbage-first heap   total 101376K, used 81418K [0x0000000080000000, 0x0000000100000000)
  region size 1024K, 25 young (25600K), 2 survivors (2048K)
 Metaspace       used 62009K, committed 62528K, reserved 1105920K
  class space    used 8331K, committed 8576K, reserved 1048576K
}
Event: 7.907 GC heap after
{Heap after GC invocations=28 (full 0):
 garbage-first heap   total 101376K, used 59412K [0x0000000080000000, 0x0000000100000000)
  region size 1024K, 3 young (3072K), 3 survivors (3072K)
 Metaspace       used 62009K, committed 62528K, reserved 1105920K
  class space    used 8331K, committed 8576K, reserved 1048576K
}

Deoptimization events (20 events):
Event: 8.076 Thread 0x0000021afdc214b0 Uncommon trap: trap_request=0xffffff45 fr.pc=0x0000021aeab3f9f4 relative=0x0000000000000914
Event: 8.076 Thread 0x0000021afdc214b0 Uncommon trap: reason=unstable_if action=reinterpret pc=0x0000021aeab3f9f4 method=java.util.HashMap.resize()[Ljava/util/HashMap$Node; @ 203 c2
Event: 8.076 Thread 0x0000021afdc214b0 DEOPT PACKING pc=0x0000021aeab3f9f4 sp=0x000000e4739f8fa0
Event: 8.076 Thread 0x0000021afdc214b0 DEOPT UNPACKING pc=0x0000021ae304f92e sp=0x000000e4739f8f30 mode 2
Event: 8.076 Thread 0x0000021afdc214b0 Uncommon trap: trap_request=0xffffff45 fr.pc=0x0000021aeae0d5f4 relative=0x0000000000002534
Event: 8.076 Thread 0x0000021afdc214b0 Uncommon trap: reason=unstable_if action=reinterpret pc=0x0000021aeae0d5f4 method=java.util.HashMap.getNode(Ljava/lang/Object;)Ljava/util/HashMap$Node; @ 85 c2
Event: 8.076 Thread 0x0000021afdc214b0 DEOPT PACKING pc=0x0000021aeae0d5f4 sp=0x000000e4739f9030
Event: 8.076 Thread 0x0000021afdc214b0 DEOPT UNPACKING pc=0x0000021ae304f92e sp=0x000000e4739f8f18 mode 2
Event: 8.076 Thread 0x0000021afdc214b0 Uncommon trap: trap_request=0xffffff45 fr.pc=0x0000021aeab187a4 relative=0x00000000000002e4
Event: 8.076 Thread 0x0000021afdc214b0 Uncommon trap: reason=unstable_if action=reinterpret pc=0x0000021aeab187a4 method=java.util.HashMap.getNode(Ljava/lang/Object;)Ljava/util/HashMap$Node; @ 85 c2
Event: 8.076 Thread 0x0000021afdc214b0 DEOPT PACKING pc=0x0000021aeab187a4 sp=0x000000e4739f8fe0
Event: 8.076 Thread 0x0000021afdc214b0 DEOPT UNPACKING pc=0x0000021ae304f92e sp=0x000000e4739f8f00 mode 2
Event: 8.076 Thread 0x0000021afdc214b0 Uncommon trap: trap_request=0xffffff45 fr.pc=0x0000021aeac4e3dc relative=0x000000000000023c
Event: 8.076 Thread 0x0000021afdc214b0 Uncommon trap: reason=unstable_if action=reinterpret pc=0x0000021aeac4e3dc method=java.util.HashMap.getNode(Ljava/lang/Object;)Ljava/util/HashMap$Node; @ 85 c2
Event: 8.076 Thread 0x0000021afdc214b0 DEOPT PACKING pc=0x0000021aeac4e3dc sp=0x000000e4739f8f80
Event: 8.076 Thread 0x0000021afdc214b0 DEOPT UNPACKING pc=0x0000021ae304f92e sp=0x000000e4739f8f00 mode 2
Event: 8.085 Thread 0x0000021afdc214b0 Uncommon trap: trap_request=0xffffff45 fr.pc=0x0000021aeaaf9b84 relative=0x0000000000000064
Event: 8.085 Thread 0x0000021afdc214b0 Uncommon trap: reason=unstable_if action=reinterpret pc=0x0000021aeaaf9b84 method=java.io.WinNTFileSystem.isSlash(C)Z @ 9 c2
Event: 8.085 Thread 0x0000021afdc214b0 DEOPT PACKING pc=0x0000021aeaaf9b84 sp=0x000000e4739f88e0
Event: 8.085 Thread 0x0000021afdc214b0 DEOPT UNPACKING pc=0x0000021ae304f92e sp=0x000000e4739f8868 mode 2

Classes unloaded (0 events):
No events

Classes redefined (0 events):
No events

Internal exceptions (20 events):
Event: 7.304 Thread 0x0000021afdc214b0 Exception <a 'java/lang/ClassNotFoundException'{0x0000000084c19168}: org/gradle/api/JavaVersionBeanInfo> (0x0000000084c19168) 
thrown [t:\workspace\open\src\hotspot\share\classfile\systemDictionary.cpp, line 256]
Event: 7.304 Thread 0x0000021afdc214b0 Exception <a 'java/lang/ClassNotFoundException'{0x0000000084c2c520}: org/gradle/api/JavaVersionCustomizer> (0x0000000084c2c520) 
thrown [t:\workspace\open\src\hotspot\share\classfile\systemDictionary.cpp, line 256]
Event: 7.306 Thread 0x0000021afdc214b0 Exception <a 'java/lang/ClassNotFoundException'{0x0000000084c78d48}: com/android/build/gradle/internal/CompileOptions$AgpDecorated_DecoratedBeanInfo> (0x0000000084c78d48) 
thrown [t:\workspace\open\src\hotspot\share\classfile\systemDictionary.cpp, line 256]
Event: 7.306 Thread 0x0000021afdc214b0 Exception <a 'java/lang/ClassNotFoundException'{0x0000000084c842c8}: com/android/build/gradle/internal/CompileOptions$AgpDecoratedBeanInfo> (0x0000000084c842c8) 
thrown [t:\workspace\open\src\hotspot\share\classfile\systemDictionary.cpp, line 256]
Event: 7.307 Thread 0x0000021afdc214b0 Exception <a 'java/lang/ClassNotFoundException'{0x0000000084c8ff18}: com/android/build/gradle/internal/CompileOptionsBeanInfo> (0x0000000084c8ff18) 
thrown [t:\workspace\open\src\hotspot\share\classfile\systemDictionary.cpp, line 256]
Event: 7.307 Thread 0x0000021afdc214b0 Exception <a 'java/lang/ClassNotFoundException'{0x0000000084c9b8c8}: com/android/build/gradle/internal/CompileOptionsCustomizer> (0x0000000084c9b8c8) 
thrown [t:\workspace\open\src\hotspot\share\classfile\systemDictionary.cpp, line 256]
Event: 7.307 Thread 0x0000021afdc214b0 Exception <a 'java/lang/ClassNotFoundException'{0x0000000084cb2900}: com/android/build/gradle/internal/CompileOptions$AgpDecoratedCustomizer> (0x0000000084cb2900) 
thrown [t:\workspace\open\src\hotspot\share\classfile\systemDictionary.cpp, line 256]
Event: 7.308 Thread 0x0000021afdc214b0 Exception <a 'java/lang/ClassNotFoundException'{0x0000000084ccbae8}: com/android/build/gradle/internal/CompileOptions$AgpDecorated_DecoratedCustomizer> (0x0000000084ccbae8) 
thrown [t:\workspace\open\src\hotspot\share\classfile\systemDictionary.cpp, line 256]
Event: 7.314 Thread 0x0000021afdc214b0 Exception <a 'java/lang/ClassNotFoundException'{0x0000000084b42168}: org/gradle/api/internal/artifacts/dsl/dependencies/DefaultDependencyHandler_DecoratedBeanInfo> (0x0000000084b42168) 
thrown [t:\workspace\open\src\hotspot\share\classfile\systemDictionary.cpp, line 256]
Event: 7.315 Thread 0x0000021afdc214b0 Exception <a 'java/lang/ClassNotFoundException'{0x0000000084b58440}: org/gradle/api/internal/artifacts/dsl/dependencies/DefaultDependencyHandlerBeanInfo> (0x0000000084b58440) 
thrown [t:\workspace\open\src\hotspot\share\classfile\systemDictionary.cpp, line 256]
Event: 7.316 Thread 0x0000021afdc214b0 Exception <a 'java/lang/ClassNotFoundException'{0x0000000084b6e208}: org/gradle/api/internal/artifacts/dsl/dependencies/DefaultDependencyHandlerCustomizer> (0x0000000084b6e208) 
thrown [t:\workspace\open\src\hotspot\share\classfile\systemDictionary.cpp, line 256]
Event: 7.318 Thread 0x0000021afdc214b0 Exception <a 'java/lang/ClassNotFoundException'{0x0000000084ba83e8}: org/gradle/api/internal/artifacts/dsl/dependencies/DefaultDependencyHandler_DecoratedCustomizer> (0x0000000084ba83e8) 
thrown [t:\workspace\open\src\hotspot\share\classfile\systemDictionary.cpp, line 256]
Event: 7.899 Thread 0x0000021afdc214b0 Exception <a 'java/lang/ClassNotFoundException'{0x0000000084bff378}: com/android/build/gradle/internal/api/ApkVariantOutputImpl_DecoratedBeanInfo> (0x0000000084bff378) 
thrown [t:\workspace\open\src\hotspot\share\classfile\systemDictionary.cpp, line 256]
Event: 7.899 Thread 0x0000021afdc214b0 Exception <a 'java/lang/ClassNotFoundException'{0x0000000084a0aef8}: com/android/build/gradle/internal/api/ApkVariantOutputImplBeanInfo> (0x0000000084a0aef8) 
thrown [t:\workspace\open\src\hotspot\share\classfile\systemDictionary.cpp, line 256]
Event: 7.899 Thread 0x0000021afdc214b0 Exception <a 'java/lang/ClassNotFoundException'{0x0000000084a16508}: com/android/build/gradle/internal/api/BaseVariantOutputImplBeanInfo> (0x0000000084a16508) 
thrown [t:\workspace\open\src\hotspot\share\classfile\systemDictionary.cpp, line 256]
Event: 7.900 Thread 0x0000021afdc214b0 Exception <a 'java/lang/ClassNotFoundException'{0x0000000084a21af0}: com/android/build/gradle/internal/api/BaseVariantOutputImplCustomizer> (0x0000000084a21af0) 
thrown [t:\workspace\open\src\hotspot\share\classfile\systemDictionary.cpp, line 256]
Event: 7.900 Thread 0x0000021afdc214b0 Exception <a 'java/lang/ClassNotFoundException'{0x0000000084a3f7c8}: com/android/build/gradle/internal/api/ApkVariantOutputImplCustomizer> (0x0000000084a3f7c8) 
thrown [t:\workspace\open\src\hotspot\share\classfile\systemDictionary.cpp, line 256]
Event: 7.901 Thread 0x0000021afdc214b0 Exception <a 'java/lang/ClassNotFoundException'{0x0000000084a58500}: com/android/build/gradle/internal/api/ApkVariantOutputImpl_DecoratedCustomizer> (0x0000000084a58500) 
thrown [t:\workspace\open\src\hotspot\share\classfile\systemDictionary.cpp, line 256]
Event: 7.915 Thread 0x0000021afdc214b0 Exception <a 'java/lang/NoClassDefFoundError'{0x0000000087d4e560}: org/jetbrains/kotlin/gradle/plugin/KotlinBasePluginWrapper> (0x0000000087d4e560) 
thrown [t:\workspace\open\src\hotspot\share\classfile\systemDictionary.cpp, line 245]
Event: 7.966 Thread 0x0000021afdc214b0 Implicit null exception at 0x0000021aead80092 to 0x0000021aead80788

Events (20 events):
Event: 7.420 Executing  VM operation: G1Concurrent
Event: 7.422 Executing  VM operation: G1Concurrent done
Event: 7.441 Executing  VM operation: G1Concurrent
Event: 7.441 Executing  VM operation: G1Concurrent done
Event: 7.530 Executing  VM operation: ICBufferFull
Event: 7.530 Executing  VM operation: ICBufferFull done
Event: 7.604 Executing  VM operation: HandshakeAllThreads
Event: 7.604 Executing  VM operation: HandshakeAllThreads done
Event: 7.639 Executing  VM operation: G1CollectForAllocation
Event: 7.642 Executing  VM operation: G1CollectForAllocation done
Event: 7.764 Executing  VM operation: HandshakeAllThreads
Event: 7.765 Executing  VM operation: HandshakeAllThreads done
Event: 7.904 Executing  VM operation: G1CollectForAllocation
Event: 7.907 Executing  VM operation: G1CollectForAllocation done
Event: 7.950 Executing  VM operation: G1Concurrent
Event: 7.953 Executing  VM operation: G1Concurrent done
Event: 7.979 Executing  VM operation: G1Concurrent
Event: 7.979 Executing  VM operation: G1Concurrent done
Event: 7.990 loading class java/util/zip/ZipOutputStream
Event: 7.991 loading class java/util/zip/ZipOutputStream done


Dynamic libraries:
0x00007ff6f7c30000 - 0x00007ff6f7c40000 	C:\Program Files\Java\jdk-16.0.2\bin\java.exe
0x00007ffb63a10000 - 0x00007ffb63c08000 	C:\WINDOWS\SYSTEM32\ntdll.dll
0x00007ffb61b40000 - 0x00007ffb61bfd000 	C:\WINDOWS\System32\KERNEL32.DLL
0x00007ffb611a0000 - 0x00007ffb6146e000 	C:\WINDOWS\System32\KERNELBASE.dll
0x00007ffb618d0000 - 0x00007ffb619d0000 	C:\WINDOWS\System32\ucrtbase.dll
0x00007ffb486b0000 - 0x00007ffb486c9000 	C:\Program Files\Java\jdk-16.0.2\bin\VCRUNTIME140.dll
0x00007ffb435a0000 - 0x00007ffb435b8000 	C:\Program Files\Java\jdk-16.0.2\bin\jli.dll
0x00007ffb62d30000 - 0x00007ffb62dde000 	C:\WINDOWS\System32\ADVAPI32.dll
0x00007ffb62480000 - 0x00007ffb6251e000 	C:\WINDOWS\System32\msvcrt.dll
0x00007ffb63260000 - 0x00007ffb632fc000 	C:\WINDOWS\System32\sechost.dll
0x00007ffb62600000 - 0x00007ffb62725000 	C:\WINDOWS\System32\RPCRT4.dll
0x00007ffb63770000 - 0x00007ffb63910000 	C:\WINDOWS\System32\USER32.dll
0x00007ffb49af0000 - 0x00007ffb49d8a000 	C:\WINDOWS\WinSxS\amd64_microsoft.windows.common-controls_6595b64144ccf1df_6.0.19041.1110_none_60b5254171f9507e\COMCTL32.dll
0x00007ffb61870000 - 0x00007ffb61892000 	C:\WINDOWS\System32\win32u.dll
0x00007ffb63910000 - 0x00007ffb6393a000 	C:\WINDOWS\System32\GDI32.dll
0x00007ffb61470000 - 0x00007ffb6157b000 	C:\WINDOWS\System32\gdi32full.dll
0x00007ffb619d0000 - 0x00007ffb61a6d000 	C:\WINDOWS\System32\msvcp_win.dll
0x00007ffb5b580000 - 0x00007ffb5b58a000 	C:\WINDOWS\SYSTEM32\VERSION.dll
0x00007ffb62a20000 - 0x00007ffb62a50000 	C:\WINDOWS\System32\IMM32.DLL
0x00007ffb466e0000 - 0x00007ffb466ec000 	C:\Program Files\Java\jdk-16.0.2\bin\vcruntime140_1.dll
0x00007ffb32ae0000 - 0x00007ffb32b71000 	C:\Program Files\Java\jdk-16.0.2\bin\msvcp140.dll
0x00007ffaeeac0000 - 0x00007ffaef66b000 	C:\Program Files\Java\jdk-16.0.2\bin\server\jvm.dll
0x00007ffb62820000 - 0x00007ffb62828000 	C:\WINDOWS\System32\PSAPI.DLL
0x00007ffb5c360000 - 0x00007ffb5c369000 	C:\WINDOWS\SYSTEM32\WSOCK32.dll
0x00007ffb5f760000 - 0x00007ffb5f787000 	C:\WINDOWS\SYSTEM32\WINMM.dll
0x00007ffb62de0000 - 0x00007ffb62e4b000 	C:\WINDOWS\System32\WS2_32.dll
0x00007ffb5f9f0000 - 0x00007ffb5fa02000 	C:\WINDOWS\SYSTEM32\kernel.appcore.dll
0x00007ffb46670000 - 0x00007ffb4667a000 	C:\Program Files\Java\jdk-16.0.2\bin\jimage.dll
0x00007ffb5f570000 - 0x00007ffb5f754000 	C:\WINDOWS\SYSTEM32\DBGHELP.DLL
0x00007ffb5f540000 - 0x00007ffb5f56c000 	C:\WINDOWS\SYSTEM32\dbgcore.DLL
0x00007ffb61730000 - 0x00007ffb617b2000 	C:\WINDOWS\System32\bcryptPrimitives.dll
0x00007ffb3b8e0000 - 0x00007ffb3b905000 	C:\Program Files\Java\jdk-16.0.2\bin\java.dll
0x00007ffb61c80000 - 0x00007ffb623c4000 	C:\WINDOWS\System32\SHELL32.dll
0x00007ffb5ed90000 - 0x00007ffb5f524000 	C:\WINDOWS\SYSTEM32\windows.storage.dll
0x00007ffb62e50000 - 0x00007ffb631a4000 	C:\WINDOWS\System32\combase.dll
0x00007ffb60b90000 - 0x00007ffb60bc0000 	C:\WINDOWS\SYSTEM32\Wldp.dll
0x00007ffb631b0000 - 0x00007ffb6325d000 	C:\WINDOWS\System32\SHCORE.dll
0x00007ffb629c0000 - 0x00007ffb62a15000 	C:\WINDOWS\System32\shlwapi.dll
0x00007ffb61070000 - 0x00007ffb6108f000 	C:\WINDOWS\SYSTEM32\profapi.dll
0x00007ffb390d0000 - 0x00007ffb390e9000 	C:\Program Files\Java\jdk-16.0.2\bin\net.dll
0x00007ffb4bce0000 - 0x00007ffb4bdea000 	C:\WINDOWS\SYSTEM32\WINHTTP.dll
0x00007ffb608f0000 - 0x00007ffb6095a000 	C:\WINDOWS\system32\mswsock.dll
0x00007ffb390b0000 - 0x00007ffb390c3000 	C:\Program Files\Java\jdk-16.0.2\bin\nio.dll
0x00007ffb39090000 - 0x00007ffb390a8000 	C:\Program Files\Java\jdk-16.0.2\bin\zip.dll
0x00007ffb42b30000 - 0x00007ffb42b40000 	C:\Program Files\Java\jdk-16.0.2\bin\verify.dll
0x00007ffb46990000 - 0x00007ffb469b7000 	C:\Users\ITECH\.gradle\native\e1d6ef7f7dcc3fd88c89a11ec53ec762bb8ba0a96d01ffa2cd45eb1d1d8dd5c5\windows-amd64\native-platform.dll
0x00007ffaf6d40000 - 0x00007ffaf6e84000 	C:\Users\ITECH\.gradle\native\5664cfc778a61ccfe75a443a1ab52a65af34e5dc3c78e0209fed803814484fcb\windows-amd64\native-platform-file-events.dll
0x00007ffb3e310000 - 0x00007ffb3e319000 	C:\Program Files\Java\jdk-16.0.2\bin\management.dll
0x00007ffb39080000 - 0x00007ffb3908b000 	C:\Program Files\Java\jdk-16.0.2\bin\management_ext.dll
0x00007ffb60ae0000 - 0x00007ffb60af8000 	C:\WINDOWS\SYSTEM32\CRYPTSP.dll
0x00007ffb60200000 - 0x00007ffb60234000 	C:\WINDOWS\system32\rsaenh.dll
0x00007ffb618a0000 - 0x00007ffb618c7000 	C:\WINDOWS\System32\bcrypt.dll
0x00007ffb61030000 - 0x00007ffb6105e000 	C:\WINDOWS\SYSTEM32\USERENV.dll
0x00007ffb60b00000 - 0x00007ffb60b0c000 	C:\WINDOWS\SYSTEM32\CRYPTBASE.dll
0x00007ffb60590000 - 0x00007ffb605cb000 	C:\WINDOWS\SYSTEM32\IPHLPAPI.DLL
0x00007ffb639c0000 - 0x00007ffb639c8000 	C:\WINDOWS\System32\NSI.dll
0x00007ffb50ec0000 - 0x00007ffb50ed7000 	C:\WINDOWS\SYSTEM32\dhcpcsvc6.DLL
0x00007ffb53de0000 - 0x00007ffb53dfd000 	C:\WINDOWS\SYSTEM32\dhcpcsvc.DLL
0x00007ffb605e0000 - 0x00007ffb606aa000 	C:\WINDOWS\SYSTEM32\DNSAPI.dll
0x00007ffb39070000 - 0x00007ffb3907e000 	C:\Program Files\Java\jdk-16.0.2\bin\sunmscapi.dll
0x00007ffb615d0000 - 0x00007ffb61726000 	C:\WINDOWS\System32\CRYPT32.dll
0x00007ffb60c00000 - 0x00007ffb60c27000 	C:\WINDOWS\SYSTEM32\ncrypt.dll
0x00007ffb60bc0000 - 0x00007ffb60bfb000 	C:\WINDOWS\SYSTEM32\NTASN1.dll
0x00007ffb344b0000 - 0x00007ffb344b7000 	C:\WINDOWS\system32\wshunix.dll

dbghelp: loaded successfully - version: 4.0.5 - missing functions: none
symbol engine: initialized successfully - sym options: 0x614 - pdb path: .;C:\Program Files\Java\jdk-16.0.2\bin;C:\WINDOWS\SYSTEM32;C:\WINDOWS\WinSxS\amd64_microsoft.windows.common-controls_6595b64144ccf1df_6.0.19041.1110_none_60b5254171f9507e;C:\Program Files\Java\jdk-16.0.2\bin\server;C:\Users\ITECH\.gradle\native\e1d6ef7f7dcc3fd88c89a11ec53ec762bb8ba0a96d01ffa2cd45eb1d1d8dd5c5\windows-amd64;C:\Users\ITECH\.gradle\native\5664cfc778a61ccfe75a443a1ab52a65af34e5dc3c78e0209fed803814484fcb\windows-amd64

VM Arguments:
jvm_args: --add-opens=java.base/java.util=ALL-UNNAMED --add-opens=java.base/java.lang=ALL-UNNAMED --add-opens=java.base/java.lang.invoke=ALL-UNNAMED --add-opens=java.base/java.util=ALL-UNNAMED --add-opens=java.prefs/java.util.prefs=ALL-UNNAMED --add-opens=java.prefs/java.util.prefs=ALL-UNNAMED --add-opens=java.base/java.nio.charset=ALL-UNNAMED --add-opens=java.base/java.net=ALL-UNNAMED --add-opens=java.base/java.util.concurrent.atomic=ALL-UNNAMED -Xmx2048m -Dfile.encoding=UTF-8 -Duser.country=US -Duser.language=en -Duser.variant 
java_command: org.gradle.launcher.daemon.bootstrap.GradleDaemon 7.3.3
java_class_path (initial): C:\Users\ITECH\.gradle\wrapper\dists\gradle-7.3.3-bin\6a41zxkdtcxs8rphpq6y0069z\gradle-7.3.3\lib\gradle-launcher-7.3.3.jar
Launcher Type: SUN_STANDARD

[Global flags]
     intx CICompilerCount                          = 4                                         {product} {ergonomic}
     uint ConcGCThreads                            = 2                                         {product} {ergonomic}
     uint G1ConcRefinementThreads                  = 8                                         {product} {ergonomic}
   size_t G1HeapRegionSize                         = 1048576                                   {product} {ergonomic}
    uintx GCDrainStackTargetSize                   = 64                                        {product} {ergonomic}
   size_t InitialHeapSize                          = 132120576                                 {product} {ergonomic}
   size_t MarkStackSize                            = 4194304                                   {product} {ergonomic}
   size_t MaxHeapSize                              = 2147483648                                {product} {command line}
   size_t MaxNewSize                               = 1287651328                                {product} {ergonomic}
   size_t MinHeapDeltaBytes                        = 1048576                                   {product} {ergonomic}
   size_t MinHeapSize                              = 8388608                                   {product} {ergonomic}
    uintx NonNMethodCodeHeapSize                   = 5839372                                {pd product} {ergonomic}
    uintx NonProfiledCodeHeapSize                  = 122909434                              {pd product} {ergonomic}
    uintx ProfiledCodeHeapSize                     = 122909434                              {pd product} {ergonomic}
    uintx ReservedCodeCacheSize                    = 251658240                              {pd product} {ergonomic}
     bool SegmentedCodeCache                       = true                                      {product} {ergonomic}
   size_t SoftMaxHeapSize                          = 2147483648                             {manageable} {ergonomic}
     bool UseCompressedClassPointers               = true                           {product lp64_product} {ergonomic}
     bool UseCompressedOops                        = true                           {product lp64_product} {ergonomic}
     bool UseG1GC                                  = true                                      {product} {ergonomic}
     bool UseLargePagesIndividualAllocation        = false                                  {pd product} {ergonomic}

Logging:
Log output configuration:
 #0: stdout all=warning uptime,level,tags
 #1: stderr all=off uptime,level,tags

Environment Variables:
JAVA_HOME=C:\Program Files\Java\jdk-16.0.2
PATH=C:\Program Files\Python37\Scripts\;C:\Program Files\Python37\;C:\ProgramData\Oracle\Java\javapath;C:\app\ITECH\product\11.2.0\dbhome_1\bin;C:\Program Files\Common Files\Oracle\Java\javapath;C:\Program Files (x86)\Common Files\Oracle\Java\javapath;C:\WINDOWS\system32;C:\WINDOWS;C:\WINDOWS\System32\Wbem;C:\WINDOWS\System32\WindowsPowerShell\v1.0\;C:\WINDOWS\System32\OpenSSH\;C:\Program Files\Microsoft SQL Server\130\Tools\Binn\;C:\Program Files\Microsoft SQL Server\Client SDK\ODBC\170\Tools\Binn\;C:\Program Files\dotnet\;C:\Program Files\nodejs\;C:\Program Files\Java\jdk-16.0.2\bin;C:\Program Files\Git\cmd;C:\Program Files\Java\jdk-16.0.2\bin;
USERNAME=ITECH
OS=Windows_NT
PROCESSOR_IDENTIFIER=Intel64 Family 6 Model 126 Stepping 5, GenuineIntel



---------------  S Y S T E M  ---------------

OS:
 Windows 10 , 64 bit Build 19041 (10.0.19041.1889)
OS uptime: 0 days 13:53 hours

CPU: total 8 (initial active 8) (4 cores per cpu, 2 threads per core) family 6 model 126 stepping 5 microcode 0xb0, cx8, cmov, fxsr, ht, mmx, 3dnowpref, sse, sse2, sse3, ssse3, sse4.1, sse4.2, popcnt, lzcnt, tsc, tscinvbit, avx, avx2, aes, erms, clmul, bmi1, bmi2, adx, avx512f, avx512dq, avx512cd, avx512bw, avx512vl, sha, fma, vzeroupper, avx512_vpopcntdq, avx512_vpclmulqdq, avx512_vaes, avx512_vnni, clflush, clflushopt, avx512_vmbi2, avx512_vmbi

Memory: 4k page, system-wide physical 7959M (875M free)
TotalPageFile size 7959M (AvailPageFile size 5M)
current process WorkingSet (physical memory assigned to process): 345M, peak: 347M
current process commit charge ("private bytes"): 392M, peak: 394M

vm_info: Java HotSpot(TM) 64-Bit Server VM (16.0.2+7-67) for windows-amd64 JRE (16.0.2+7-67), built on Jun  8 2021 23:24:19 by "mach5one" with MS VC++ 16.7 (VS2019)

END.
