#
# There is insufficient memory for the Java Runtime Environment to continue.
# Native memory allocation (mmap) failed to map 53477376 bytes for G1 virtual space
# Possible reasons:
#   The system is out of physical RAM or swap space
#   The process is running with CompressedOops enabled, and the Java Heap may be blocking the growth of the native heap
# Possible solutions:
#   Reduce memory load on the system
#   Increase physical memory or swap space
#   Check if swap backing store is full
#   Decrease Java heap size (-Xmx/-Xms)
#   Decrease number of Java threads
#   Decrease Java thread stack sizes (-Xss)
#   Set larger code cache with -XX:ReservedCodeCacheSize=
#   JVM is running with Unscaled Compressed Oops mode in which the Java heap is
#     placed in the first 4GB address space. The Java Heap base address is the
#     maximum limit for the native heap growth. Please use -XX:HeapBaseMinAddress
#     to set the Java Heap base and to place the Java Heap above 4GB virtual address.
# This output file may be truncated or incomplete.
#
#  Out of Memory Error (os_windows.cpp:3466), pid=9668, tid=4924
#
# JRE version: Java(TM) SE Runtime Environment (16.0.2+7) (build 16.0.2+7-67)
# Java VM: Java HotSpot(TM) 64-Bit Server VM (16.0.2+7-67, mixed mode, sharing, tiered, compressed oops, compressed class ptrs, g1 gc, windows-amd64)
# No core dump will be written. Minidumps are not enabled by default on client versions of Windows
#

---------------  S U M M A R Y ------------

Command Line: --add-opens=java.base/java.util=ALL-UNNAMED --add-opens=java.base/java.lang=ALL-UNNAMED --add-opens=java.base/java.lang.invoke=ALL-UNNAMED --add-opens=java.base/java.util=ALL-UNNAMED --add-opens=java.prefs/java.util.prefs=ALL-UNNAMED --add-opens=java.prefs/java.util.prefs=ALL-UNNAMED --add-opens=java.base/java.nio.charset=ALL-UNNAMED --add-opens=java.base/java.net=ALL-UNNAMED --add-opens=java.base/java.util.concurrent.atomic=ALL-UNNAMED -Xmx2048m -Dfile.encoding=UTF-8 -Duser.country=US -Duser.language=en -Duser.variant org.gradle.launcher.daemon.bootstrap.GradleDaemon 7.3.3

Host: Intel(R) Core(TM) i7-1065G7 CPU @ 1.30GHz, 8 cores, 7G,  Windows 10 , 64 bit Build 19041 (10.0.19041.1889)
Time: Mon Aug 22 19:12:49 2022 Egypt Standard Time elapsed time: 14.863141 seconds (0d 0h 0m 14s)

---------------  T H R E A D  ---------------

Current thread (0x000001e221c2e1c0):  VMThread "VM Thread" [stack: 0x0000001e69300000,0x0000001e69400000] [id=4924]

Stack: [0x0000001e69300000,0x0000001e69400000]
Native frames: (J=compiled Java code, j=interpreted, Vv=VM code, C=native code)
V  [jvm.dll+0x6681ca]
V  [jvm.dll+0x7c9e69]
V  [jvm.dll+0x7cb61e]
V  [jvm.dll+0x7cbc73]
V  [jvm.dll+0x242c55]
V  [jvm.dll+0x664f89]
V  [jvm.dll+0x659b75]
V  [jvm.dll+0x2fbfbb]
V  [jvm.dll+0x3031b6]
V  [jvm.dll+0x35299e]
V  [jvm.dll+0x352bcf]
V  [jvm.dll+0x2d3028]
V  [jvm.dll+0x2d0bb5]
V  [jvm.dll+0x2d01ec]
V  [jvm.dll+0x3152d2]
V  [jvm.dll+0x7d00ab]
V  [jvm.dll+0x7d0da4]
V  [jvm.dll+0x7d12a9]
V  [jvm.dll+0x7d1564]
V  [jvm.dll+0x7d1630]
V  [jvm.dll+0x7795aa]
V  [jvm.dll+0x667066]
C  [ucrtbase.dll+0x21bb2]
C  [KERNEL32.DLL+0x17034]
C  [ntdll.dll+0x52651]

VM_Operation (0x0000001e722f7c10): G1CollectForAllocation, mode: safepoint, requested by thread 0x000001e22700f5c0


---------------  P R O C E S S  ---------------

Threads class SMR info:
_java_thread_list=0x000001e2244fe230, length=144, elements={
0x000001e203bac7c0, 0x000001e221c31bc0, 0x000001e221c326d0, 0x000001e221c3e4c0,
0x000001e221c40ee0, 0x000001e221c45810, 0x000001e221c46120, 0x000001e221c49e40,
0x000001e221c4ed50, 0x000001e221c51ab0, 0x000001e2228b8650, 0x000001e2228b9d30,
0x000001e223ce53a0, 0x000001e224fbac60, 0x000001e224eff720, 0x000001e2242590d0,
0x000001e223732670, 0x000001e223b33850, 0x000001e223cff930, 0x000001e223cfe940,
0x000001e223cff3e0, 0x000001e223d013c0, 0x000001e223cfdea0, 0x000001e223d003d0,
0x000001e223d00920, 0x000001e223d00e70, 0x000001e223cfe3f0, 0x000001e223cfee90,
0x000001e223cffe80, 0x000001e225355b80, 0x000001e2253560d0, 0x000001e2253550e0,
0x000001e225356b70, 0x000001e2253580b0, 0x000001e2253570c0, 0x000001e225357610,
0x000001e225355630, 0x000001e225358600, 0x000001e22614c3f0, 0x000001e22614d930,
0x000001e226148980, 0x000001e22614d3e0, 0x000001e226148430, 0x000001e22614ce90,
0x000001e22614f3c0, 0x000001e22614e3d0, 0x000001e22614b950, 0x000001e226148ed0,
0x000001e226149420, 0x000001e22614ee70, 0x000001e22614de80, 0x000001e22614f910,
0x000001e226149970, 0x000001e22614bea0, 0x000001e22614fe60, 0x000001e226149ec0,
0x000001e22614a410, 0x000001e22614e920, 0x000001e22614a960, 0x000001e22614aeb0,
0x000001e22614b400, 0x000001e22614c940, 0x000001e22594a4b0, 0x000001e22594e9c0,
0x000001e225947f80, 0x000001e225947a30, 0x000001e22594b4a0, 0x000001e22594c9e0,
0x000001e22594d480, 0x000001e22594ef10, 0x000001e22594bf40, 0x000001e22594e470,
0x000001e22594af50, 0x000001e22594b9f0, 0x000001e22594aa00, 0x000001e22594f460,
0x000001e22594c490, 0x000001e2259484d0, 0x000001e22594cf30, 0x000001e225948a20,
0x000001e22594d9d0, 0x000001e225948f70, 0x000001e22594df20, 0x000001e2259494c0,
0x000001e225949a10, 0x000001e225949f60, 0x000001e22896c170, 0x000001e22896fbe0,
0x000001e22896e150, 0x000001e228970bd0, 0x000001e22896dc00, 0x000001e228972660,
0x000001e228972110, 0x000001e228971120, 0x000001e22896c6c0, 0x000001e22896cc10,
0x000001e22896e6a0, 0x000001e228970130, 0x000001e228970680, 0x000001e22896ebf0,
0x000001e22896f690, 0x000001e22896f140, 0x000001e228971670, 0x000001e228972bb0,
0x000001e228973100, 0x000001e228971bc0, 0x000001e22896d160, 0x000001e22896d6b0,
0x000001e228973650, 0x000001e22896bc20, 0x000001e22a399140, 0x000001e22a39a130,
0x000001e22a398bf0, 0x000001e22a399690, 0x000001e22a39f0e0, 0x000001e22a39bbc0,
0x000001e22a39eb90, 0x000001e22a39c110, 0x000001e22a399be0, 0x000001e22a39f630,
0x000001e22a398150, 0x000001e22a39c660, 0x000001e22a39cbb0, 0x000001e22a39d100,
0x000001e22a3986a0, 0x000001e22a39abd0, 0x000001e22a39b120, 0x000001e22a39dba0,
0x000001e22a39b670, 0x000001e22a39e640, 0x000001e227008b80, 0x000001e22700cb40,
0x000001e22700f5c0, 0x000001e227009b70, 0x000001e22700fb10, 0x000001e22700a0c0,
0x000001e22700a610, 0x000001e2270090d0, 0x000001e22700d090, 0x000001e22700b0b0,
0x000001e22700ab60, 0x000001e22700c5f0, 0x000001e22700e080, 0x000001e22700bb50
}

Java Threads: ( => current thread )
  0x000001e203bac7c0 JavaThread "main" [_thread_blocked, id=1284, stack(0x0000001e68d00000,0x0000001e68e00000)]
  0x000001e221c31bc0 JavaThread "Reference Handler" daemon [_thread_blocked, id=8288, stack(0x0000001e69400000,0x0000001e69500000)]
  0x000001e221c326d0 JavaThread "Finalizer" daemon [_thread_blocked, id=11644, stack(0x0000001e69500000,0x0000001e69600000)]
  0x000001e221c3e4c0 JavaThread "Signal Dispatcher" daemon [_thread_blocked, id=1944, stack(0x0000001e69600000,0x0000001e69700000)]
  0x000001e221c40ee0 JavaThread "Attach Listener" daemon [_thread_blocked, id=8456, stack(0x0000001e69700000,0x0000001e69800000)]
  0x000001e221c45810 JavaThread "Service Thread" daemon [_thread_blocked, id=5868, stack(0x0000001e69800000,0x0000001e69900000)]
  0x000001e221c46120 JavaThread "Monitor Deflation Thread" daemon [_thread_blocked, id=9856, stack(0x0000001e69900000,0x0000001e69a00000)]
  0x000001e221c49e40 JavaThread "C2 CompilerThread0" daemon [_thread_blocked, id=5124, stack(0x0000001e69a00000,0x0000001e69b00000)]
  0x000001e221c4ed50 JavaThread "C1 CompilerThread0" daemon [_thread_blocked, id=10044, stack(0x0000001e69b00000,0x0000001e69c00000)]
  0x000001e221c51ab0 JavaThread "Sweeper thread" daemon [_thread_blocked, id=4240, stack(0x0000001e69c00000,0x0000001e69d00000)]
  0x000001e2228b8650 JavaThread "Common-Cleaner" daemon [_thread_blocked, id=3316, stack(0x0000001e69d00000,0x0000001e69e00000)]
  0x000001e2228b9d30 JavaThread "Notification Thread" daemon [_thread_blocked, id=11972, stack(0x0000001e69e00000,0x0000001e69f00000)]
  0x000001e223ce53a0 JavaThread "Daemon health stats" [_thread_blocked, id=8212, stack(0x0000001e6a600000,0x0000001e6a700000)]
  0x000001e224fbac60 JavaThread "Incoming local TCP Connector on port 63841" [_thread_in_native, id=1468, stack(0x0000001e6a700000,0x0000001e6a800000)]
  0x000001e224eff720 JavaThread "Daemon periodic checks" [_thread_blocked, id=4008, stack(0x0000001e6a800000,0x0000001e6a900000)]
  0x000001e2242590d0 JavaThread "Daemon" [_thread_blocked, id=3200, stack(0x0000001e6a900000,0x0000001e6aa00000)]
  0x000001e223732670 JavaThread "Handler for socket connection from /127.0.0.1:63841 to /127.0.0.1:63842" [_thread_in_native, id=13272, stack(0x0000001e6aa00000,0x0000001e6ab00000)]
  0x000001e223b33850 JavaThread "Cancel handler" [_thread_blocked, id=8460, stack(0x0000001e6ab00000,0x0000001e6ac00000)]
  0x000001e223cff930 JavaThread "Daemon worker" [_thread_blocked, id=12052, stack(0x0000001e6ac00000,0x0000001e6ad00000)]
  0x000001e223cfe940 JavaThread "Asynchronous log dispatcher for DefaultDaemonConnection: socket connection from /127.0.0.1:63841 to /127.0.0.1:63842" [_thread_blocked, id=6768, stack(0x0000001e6ad00000,0x0000001e6ae00000)]
  0x000001e223cff3e0 JavaThread "Stdin handler" [_thread_blocked, id=13140, stack(0x0000001e6ae00000,0x0000001e6af00000)]
  0x000001e223d013c0 JavaThread "Daemon client event forwarder" [_thread_blocked, id=9536, stack(0x0000001e6af00000,0x0000001e6b000000)]
  0x000001e223cfdea0 JavaThread "Cache worker for journal cache (C:\Users\ITECH\.gradle\caches\journal-1)" [_thread_blocked, id=12440, stack(0x0000001e6b000000,0x0000001e6b100000)]
  0x000001e223d003d0 JavaThread "File lock request listener" [_thread_in_native, id=2380, stack(0x0000001e6b100000,0x0000001e6b200000)]
  0x000001e223d00920 JavaThread "Cache worker for file hash cache (C:\Users\ITECH\.gradle\caches\7.3.3\fileHashes)" [_thread_blocked, id=8896, stack(0x0000001e6b200000,0x0000001e6b300000)]
  0x000001e223d00e70 JavaThread "Cache worker for file hash cache (C:\Users\ITECH\AndroidStudioProjects\yummy\.gradle\7.3.3\fileHashes)" [_thread_blocked, id=10264, stack(0x0000001e6b300000,0x0000001e6b400000)]
  0x000001e223cfe3f0 JavaThread "File watcher server" daemon [_thread_blocked, id=8608, stack(0x0000001e6b700000,0x0000001e6b800000)]
  0x000001e223cfee90 JavaThread "File watcher consumer" daemon [_thread_blocked, id=11492, stack(0x0000001e6b800000,0x0000001e6b900000)]
  0x000001e223cffe80 JavaThread "Cache worker for checksums cache (C:\Users\ITECH\AndroidStudioProjects\yummy\.gradle\7.3.3\checksums)" [_thread_blocked, id=456, stack(0x0000001e6b900000,0x0000001e6ba00000)]
  0x000001e225355b80 JavaThread "Cache worker for cache directory md-supplier (C:\Users\ITECH\.gradle\caches\7.3.3\md-supplier)" [_thread_blocked, id=6024, stack(0x0000001e6ba00000,0x0000001e6bb00000)]
  0x000001e2253560d0 JavaThread "Cache worker for cache directory md-rule (C:\Users\ITECH\.gradle\caches\7.3.3\md-rule)" [_thread_blocked, id=9140, stack(0x0000001e6bb00000,0x0000001e6bc00000)]
  0x000001e2253550e0 JavaThread "Cache worker for execution history cache (C:\Users\ITECH\.gradle\caches\7.3.3\executionHistory)" [_thread_blocked, id=10672, stack(0x0000001e6bd00000,0x0000001e6be00000)]
  0x000001e225356b70 JavaThread "jar transforms" [_thread_blocked, id=12068, stack(0x0000001e6be00000,0x0000001e6bf00000)]
  0x000001e2253580b0 JavaThread "Cache worker for file content cache (C:\Users\ITECH\.gradle\caches\7.3.3\fileContent)" [_thread_blocked, id=1500, stack(0x0000001e6bf00000,0x0000001e6c000000)]
  0x000001e2253570c0 JavaThread "jar transforms Thread 2" [_thread_blocked, id=7500, stack(0x0000001e6c000000,0x0000001e6c100000)]
  0x000001e225357610 JavaThread "Cache worker for dependencies-accessors (C:\Users\ITECH\AndroidStudioProjects\yummy\.gradle\7.3.3\dependencies-accessors)" [_thread_blocked, id=12176, stack(0x0000001e6c100000,0x0000001e6c200000)]
  0x000001e225355630 JavaThread "jar transforms Thread 3" [_thread_blocked, id=8560, stack(0x0000001e6c200000,0x0000001e6c300000)]
  0x000001e225358600 JavaThread "Cache worker for Build Output Cleanup Cache (C:\Users\ITECH\AndroidStudioProjects\yummy\.gradle\buildOutputCleanup)" [_thread_blocked, id=600, stack(0x0000001e6c300000,0x0000001e6c400000)]
  0x000001e22614c3f0 JavaThread "Unconstrained build operations" [_thread_blocked, id=11528, stack(0x0000001e6c400000,0x0000001e6c500000)]
  0x000001e22614d930 JavaThread "Unconstrained build operations Thread 2" [_thread_blocked, id=10656, stack(0x0000001e6c500000,0x0000001e6c600000)]
  0x000001e226148980 JavaThread "Unconstrained build operations Thread 3" [_thread_blocked, id=6504, stack(0x0000001e6c600000,0x0000001e6c700000)]
  0x000001e22614d3e0 JavaThread "Unconstrained build operations Thread 4" [_thread_blocked, id=2820, stack(0x0000001e6c700000,0x0000001e6c800000)]
  0x000001e226148430 JavaThread "Unconstrained build operations Thread 5" [_thread_blocked, id=9852, stack(0x0000001e6c800000,0x0000001e6c900000)]
  0x000001e22614ce90 JavaThread "Unconstrained build operations Thread 6" [_thread_blocked, id=9836, stack(0x0000001e6c900000,0x0000001e6ca00000)]
  0x000001e22614f3c0 JavaThread "Unconstrained build operations Thread 7" [_thread_blocked, id=2504, stack(0x0000001e6ca00000,0x0000001e6cb00000)]
  0x000001e22614e3d0 JavaThread "Unconstrained build operations Thread 8" [_thread_blocked, id=12308, stack(0x0000001e6cb00000,0x0000001e6cc00000)]
  0x000001e22614b950 JavaThread "Unconstrained build operations Thread 9" [_thread_blocked, id=10916, stack(0x0000001e6cc00000,0x0000001e6cd00000)]
  0x000001e226148ed0 JavaThread "Unconstrained build operations Thread 10" [_thread_blocked, id=9368, stack(0x0000001e6cd00000,0x0000001e6ce00000)]
  0x000001e226149420 JavaThread "Unconstrained build operations Thread 11" [_thread_blocked, id=1348, stack(0x0000001e6ce00000,0x0000001e6cf00000)]
  0x000001e22614ee70 JavaThread "Unconstrained build operations Thread 12" [_thread_blocked, id=11012, stack(0x0000001e6cf00000,0x0000001e6d000000)]
  0x000001e22614de80 JavaThread "Unconstrained build operations Thread 13" [_thread_blocked, id=10500, stack(0x0000001e6d000000,0x0000001e6d100000)]
  0x000001e22614f910 JavaThread "Unconstrained build operations Thread 14" [_thread_blocked, id=3852, stack(0x0000001e6d100000,0x0000001e6d200000)]
  0x000001e226149970 JavaThread "Unconstrained build operations Thread 15" [_thread_blocked, id=6732, stack(0x0000001e6d200000,0x0000001e6d300000)]
  0x000001e22614bea0 JavaThread "Unconstrained build operations Thread 16" [_thread_blocked, id=3392, stack(0x0000001e6d300000,0x0000001e6d400000)]
  0x000001e22614fe60 JavaThread "Unconstrained build operations Thread 17" [_thread_blocked, id=1472, stack(0x0000001e6d400000,0x0000001e6d500000)]
  0x000001e226149ec0 JavaThread "Unconstrained build operations Thread 18" [_thread_blocked, id=12800, stack(0x0000001e6d500000,0x0000001e6d600000)]
  0x000001e22614a410 JavaThread "Unconstrained build operations Thread 19" [_thread_blocked, id=9164, stack(0x0000001e6d600000,0x0000001e6d700000)]
  0x000001e22614e920 JavaThread "Unconstrained build operations Thread 20" [_thread_blocked, id=8036, stack(0x0000001e6d700000,0x0000001e6d800000)]
  0x000001e22614a960 JavaThread "Unconstrained build operations Thread 21" [_thread_blocked, id=1588, stack(0x0000001e6d800000,0x0000001e6d900000)]
  0x000001e22614aeb0 JavaThread "Unconstrained build operations Thread 22" [_thread_blocked, id=13072, stack(0x0000001e6d900000,0x0000001e6da00000)]
  0x000001e22614b400 JavaThread "Unconstrained build operations Thread 23" [_thread_blocked, id=12416, stack(0x0000001e6da00000,0x0000001e6db00000)]
  0x000001e22614c940 JavaThread "Unconstrained build operations Thread 24" [_thread_blocked, id=3224, stack(0x0000001e6db00000,0x0000001e6dc00000)]
  0x000001e22594a4b0 JavaThread "Unconstrained build operations Thread 25" [_thread_blocked, id=9188, stack(0x0000001e6dc00000,0x0000001e6dd00000)]
  0x000001e22594e9c0 JavaThread "Unconstrained build operations Thread 26" [_thread_blocked, id=5116, stack(0x0000001e6dd00000,0x0000001e6de00000)]
  0x000001e225947f80 JavaThread "Unconstrained build operations Thread 27" [_thread_blocked, id=9132, stack(0x0000001e6de00000,0x0000001e6df00000)]
  0x000001e225947a30 JavaThread "Unconstrained build operations Thread 28" [_thread_blocked, id=6808, stack(0x0000001e6df00000,0x0000001e6e000000)]
  0x000001e22594b4a0 JavaThread "Unconstrained build operations Thread 29" [_thread_blocked, id=8856, stack(0x0000001e6e000000,0x0000001e6e100000)]
  0x000001e22594c9e0 JavaThread "Unconstrained build operations Thread 30" [_thread_blocked, id=8468, stack(0x0000001e6e100000,0x0000001e6e200000)]
  0x000001e22594d480 JavaThread "Unconstrained build operations Thread 31" [_thread_blocked, id=5392, stack(0x0000001e6e200000,0x0000001e6e300000)]
  0x000001e22594ef10 JavaThread "Unconstrained build operations Thread 32" [_thread_blocked, id=8960, stack(0x0000001e6e300000,0x0000001e6e400000)]
  0x000001e22594bf40 JavaThread "Unconstrained build operations Thread 33" [_thread_blocked, id=11268, stack(0x0000001e6e400000,0x0000001e6e500000)]
  0x000001e22594e470 JavaThread "Unconstrained build operations Thread 34" [_thread_blocked, id=6592, stack(0x0000001e6e500000,0x0000001e6e600000)]
  0x000001e22594af50 JavaThread "Unconstrained build operations Thread 35" [_thread_blocked, id=11484, stack(0x0000001e6e600000,0x0000001e6e700000)]
  0x000001e22594b9f0 JavaThread "Unconstrained build operations Thread 36" [_thread_blocked, id=1584, stack(0x0000001e6e700000,0x0000001e6e800000)]
  0x000001e22594aa00 JavaThread "Unconstrained build operations Thread 37" [_thread_blocked, id=2604, stack(0x0000001e6e800000,0x0000001e6e900000)]
  0x000001e22594f460 JavaThread "Unconstrained build operations Thread 38" [_thread_blocked, id=6264, stack(0x0000001e6e900000,0x0000001e6ea00000)]
  0x000001e22594c490 JavaThread "Unconstrained build operations Thread 39" [_thread_blocked, id=10888, stack(0x0000001e6ea00000,0x0000001e6eb00000)]
  0x000001e2259484d0 JavaThread "Unconstrained build operations Thread 40" [_thread_blocked, id=12300, stack(0x0000001e6eb00000,0x0000001e6ec00000)]
  0x000001e22594cf30 JavaThread "Unconstrained build operations Thread 41" [_thread_blocked, id=9408, stack(0x0000001e6ec00000,0x0000001e6ed00000)]
  0x000001e225948a20 JavaThread "Unconstrained build operations Thread 42" [_thread_blocked, id=6992, stack(0x0000001e6ed00000,0x0000001e6ee00000)]
  0x000001e22594d9d0 JavaThread "Unconstrained build operations Thread 43" [_thread_blocked, id=6836, stack(0x0000001e6ee00000,0x0000001e6ef00000)]
  0x000001e225948f70 JavaThread "Unconstrained build operations Thread 44" [_thread_blocked, id=11816, stack(0x0000001e6ef00000,0x0000001e6f000000)]
  0x000001e22594df20 JavaThread "Unconstrained build operations Thread 45" [_thread_blocked, id=10168, stack(0x0000001e6f000000,0x0000001e6f100000)]
  0x000001e2259494c0 JavaThread "Unconstrained build operations Thread 46" [_thread_blocked, id=8376, stack(0x0000001e6f100000,0x0000001e6f200000)]
  0x000001e225949a10 JavaThread "Unconstrained build operations Thread 47" [_thread_blocked, id=5412, stack(0x0000001e6f200000,0x0000001e6f300000)]
  0x000001e225949f60 JavaThread "Unconstrained build operations Thread 48" [_thread_blocked, id=5432, stack(0x0000001e6f300000,0x0000001e6f400000)]
  0x000001e22896c170 JavaThread "Unconstrained build operations Thread 49" [_thread_blocked, id=3092, stack(0x0000001e6f400000,0x0000001e6f500000)]
  0x000001e22896fbe0 JavaThread "Unconstrained build operations Thread 50" [_thread_blocked, id=8156, stack(0x0000001e6f500000,0x0000001e6f600000)]
  0x000001e22896e150 JavaThread "Unconstrained build operations Thread 51" [_thread_blocked, id=2984, stack(0x0000001e6f600000,0x0000001e6f700000)]
  0x000001e228970bd0 JavaThread "Unconstrained build operations Thread 52" [_thread_blocked, id=2384, stack(0x0000001e6f700000,0x0000001e6f800000)]
  0x000001e22896dc00 JavaThread "Unconstrained build operations Thread 53" [_thread_blocked, id=5584, stack(0x0000001e6f800000,0x0000001e6f900000)]
  0x000001e228972660 JavaThread "Unconstrained build operations Thread 54" [_thread_blocked, id=4776, stack(0x0000001e6f900000,0x0000001e6fa00000)]
  0x000001e228972110 JavaThread "Unconstrained build operations Thread 55" [_thread_blocked, id=10560, stack(0x0000001e6fa00000,0x0000001e6fb00000)]
  0x000001e228971120 JavaThread "Unconstrained build operations Thread 56" [_thread_blocked, id=8852, stack(0x0000001e6fb00000,0x0000001e6fc00000)]
  0x000001e22896c6c0 JavaThread "Unconstrained build operations Thread 57" [_thread_blocked, id=6404, stack(0x0000001e6fc00000,0x0000001e6fd00000)]
  0x000001e22896cc10 JavaThread "Unconstrained build operations Thread 58" [_thread_blocked, id=11548, stack(0x0000001e6fd00000,0x0000001e6fe00000)]
  0x000001e22896e6a0 JavaThread "Unconstrained build operations Thread 59" [_thread_blocked, id=12264, stack(0x0000001e6fe00000,0x0000001e6ff00000)]
  0x000001e228970130 JavaThread "Unconstrained build operations Thread 60" [_thread_blocked, id=10660, stack(0x0000001e6ff00000,0x0000001e70000000)]
  0x000001e228970680 JavaThread "Unconstrained build operations Thread 61" [_thread_blocked, id=8308, stack(0x0000001e70000000,0x0000001e70100000)]
  0x000001e22896ebf0 JavaThread "Unconstrained build operations Thread 62" [_thread_blocked, id=5068, stack(0x0000001e70100000,0x0000001e70200000)]
  0x000001e22896f690 JavaThread "Unconstrained build operations Thread 63" [_thread_blocked, id=5372, stack(0x0000001e70200000,0x0000001e70300000)]
  0x000001e22896f140 JavaThread "Unconstrained build operations Thread 64" [_thread_blocked, id=9556, stack(0x0000001e70300000,0x0000001e70400000)]
  0x000001e228971670 JavaThread "Unconstrained build operations Thread 65" [_thread_blocked, id=9616, stack(0x0000001e70400000,0x0000001e70500000)]
  0x000001e228972bb0 JavaThread "Unconstrained build operations Thread 66" [_thread_blocked, id=11064, stack(0x0000001e70500000,0x0000001e70600000)]
  0x000001e228973100 JavaThread "Unconstrained build operations Thread 67" [_thread_blocked, id=6160, stack(0x0000001e70600000,0x0000001e70700000)]
  0x000001e228971bc0 JavaThread "Unconstrained build operations Thread 68" [_thread_blocked, id=2108, stack(0x0000001e70700000,0x0000001e70800000)]
  0x000001e22896d160 JavaThread "Unconstrained build operations Thread 69" [_thread_blocked, id=8416, stack(0x0000001e70800000,0x0000001e70900000)]
  0x000001e22896d6b0 JavaThread "Unconstrained build operations Thread 70" [_thread_blocked, id=5756, stack(0x0000001e70900000,0x0000001e70a00000)]
  0x000001e228973650 JavaThread "Unconstrained build operations Thread 71" [_thread_blocked, id=5112, stack(0x0000001e70a00000,0x0000001e70b00000)]
  0x000001e22896bc20 JavaThread "Unconstrained build operations Thread 72" [_thread_blocked, id=12592, stack(0x0000001e70b00000,0x0000001e70c00000)]
  0x000001e22a399140 JavaThread "Unconstrained build operations Thread 73" [_thread_blocked, id=10192, stack(0x0000001e70c00000,0x0000001e70d00000)]
  0x000001e22a39a130 JavaThread "Unconstrained build operations Thread 74" [_thread_blocked, id=11240, stack(0x0000001e70d00000,0x0000001e70e00000)]
  0x000001e22a398bf0 JavaThread "Unconstrained build operations Thread 75" [_thread_blocked, id=2168, stack(0x0000001e70e00000,0x0000001e70f00000)]
  0x000001e22a399690 JavaThread "Unconstrained build operations Thread 76" [_thread_blocked, id=4884, stack(0x0000001e70f00000,0x0000001e71000000)]
  0x000001e22a39f0e0 JavaThread "Unconstrained build operations Thread 77" [_thread_blocked, id=11488, stack(0x0000001e71000000,0x0000001e71100000)]
  0x000001e22a39bbc0 JavaThread "Unconstrained build operations Thread 78" [_thread_blocked, id=10684, stack(0x0000001e71100000,0x0000001e71200000)]
  0x000001e22a39eb90 JavaThread "Unconstrained build operations Thread 79" [_thread_blocked, id=12060, stack(0x0000001e71200000,0x0000001e71300000)]
  0x000001e22a39c110 JavaThread "Unconstrained build operations Thread 80" [_thread_blocked, id=4752, stack(0x0000001e71300000,0x0000001e71400000)]
  0x000001e22a399be0 JavaThread "jar transforms Thread 4" [_thread_blocked, id=6272, stack(0x0000001e71400000,0x0000001e71500000)]
  0x000001e22a39f630 JavaThread "jar transforms Thread 5" [_thread_blocked, id=6068, stack(0x0000001e71500000,0x0000001e71600000)]
  0x000001e22a398150 JavaThread "jar transforms Thread 6" [_thread_blocked, id=268, stack(0x0000001e71600000,0x0000001e71700000)]
  0x000001e22a39c660 JavaThread "jar transforms Thread 7" [_thread_blocked, id=3024, stack(0x0000001e71700000,0x0000001e71800000)]
  0x000001e22a39cbb0 JavaThread "jar transforms Thread 8" [_thread_blocked, id=9816, stack(0x0000001e71800000,0x0000001e71900000)]
  0x000001e22a39d100 JavaThread "Memory manager" [_thread_blocked, id=12280, stack(0x0000001e71900000,0x0000001e71a00000)]
  0x000001e22a3986a0 JavaThread "build event listener" [_thread_blocked, id=3712, stack(0x0000001e71a00000,0x0000001e71b00000)]
  0x000001e22a39abd0 JavaThread "pool-3-thread-1" [_thread_blocked, id=7044, stack(0x0000001e71b00000,0x0000001e71c00000)]
  0x000001e22a39b120 JavaThread "build event listener" [_thread_blocked, id=7636, stack(0x0000001e71c00000,0x0000001e71d00000)]
  0x000001e22a39dba0 JavaThread "Execution worker for ':'" [_thread_blocked, id=3356, stack(0x0000001e71d00000,0x0000001e71e00000)]
  0x000001e22a39b670 JavaThread "Execution worker for ':' Thread 2" [_thread_blocked, id=7128, stack(0x0000001e71e00000,0x0000001e71f00000)]
  0x000001e22a39e640 JavaThread "Execution worker for ':' Thread 3" [_thread_blocked, id=7892, stack(0x0000001e71f00000,0x0000001e72000000)]
  0x000001e227008b80 JavaThread "Execution worker for ':' Thread 4" [_thread_blocked, id=6588, stack(0x0000001e72000000,0x0000001e72100000)]
  0x000001e22700cb40 JavaThread "Execution worker for ':' Thread 5" [_thread_blocked, id=6512, stack(0x0000001e72100000,0x0000001e72200000)]
  0x000001e22700f5c0 JavaThread "Execution worker for ':' Thread 6" [_thread_blocked, id=11924, stack(0x0000001e72200000,0x0000001e72300000)]
  0x000001e227009b70 JavaThread "Execution worker for ':' Thread 7" [_thread_blocked, id=2100, stack(0x0000001e72300000,0x0000001e72400000)]
  0x000001e22700fb10 JavaThread "Cache worker for execution history cache (C:\Users\ITECH\AndroidStudioProjects\yummy\.gradle\7.3.3\executionHistory)" [_thread_blocked, id=6424, stack(0x0000001e72400000,0x0000001e72500000)]
  0x000001e22700a0c0 JavaThread "WorkerExecutor Queue" [_thread_blocked, id=5796, stack(0x0000001e72600000,0x0000001e72700000)]
  0x000001e22700a610 JavaThread "WorkerExecutor Queue Thread 2" [_thread_blocked, id=5384, stack(0x0000001e72700000,0x0000001e72800000)]
  0x000001e2270090d0 JavaThread "WorkerExecutor Queue Thread 3" [_thread_blocked, id=4012, stack(0x0000001e72800000,0x0000001e72900000)]
  0x000001e22700d090 JavaThread "WorkerExecutor Queue Thread 4" [_thread_blocked, id=9440, stack(0x0000001e72900000,0x0000001e72a00000)]
  0x000001e22700b0b0 JavaThread "WorkerExecutor Queue Thread 5" [_thread_blocked, id=8764, stack(0x0000001e72a00000,0x0000001e72b00000)]
  0x000001e22700ab60 JavaThread "WorkerExecutor Queue Thread 6" [_thread_blocked, id=10536, stack(0x0000001e72b00000,0x0000001e72c00000)]
  0x000001e22700c5f0 JavaThread "Java2D Disposer" daemon [_thread_blocked, id=2632, stack(0x0000001e72c00000,0x0000001e72d00000)]
  0x000001e22700e080 JavaThread "WorkerExecutor Queue Thread 7" [_thread_blocked, id=544, stack(0x0000001e72d00000,0x0000001e72e00000)]
  0x000001e22700bb50 JavaThread "WorkerExecutor Queue Thread 8" [_thread_blocked, id=10640, stack(0x0000001e72e00000,0x0000001e72f00000)]

Other Threads:
=>0x000001e221c2e1c0 VMThread "VM Thread" [stack: 0x0000001e69300000,0x0000001e69400000] [id=4924]
  0x000001e2228bb080 WatcherThread [stack: 0x0000001e69f00000,0x0000001e6a000000] [id=9512]
  0x000001e203bea0c0 GCTaskThread "GC Thread#0" [stack: 0x0000001e68e00000,0x0000001e68f00000] [id=2788]
  0x000001e2236d99c0 GCTaskThread "GC Thread#1" [stack: 0x0000001e6a200000,0x0000001e6a300000] [id=3108]
  0x000001e22395d010 GCTaskThread "GC Thread#2" [stack: 0x0000001e6a300000,0x0000001e6a400000] [id=10956]
  0x000001e223524c10 GCTaskThread "GC Thread#3" [stack: 0x0000001e6a400000,0x0000001e6a500000] [id=5724]
  0x000001e2235a6d50 GCTaskThread "GC Thread#4" [stack: 0x0000001e6a500000,0x0000001e6a600000] [id=6460]
  0x000001e2286e7be0 GCTaskThread "GC Thread#5" [stack: 0x0000001e6b400000,0x0000001e6b500000] [id=13048]
  0x000001e224c1e660 GCTaskThread "GC Thread#6" [stack: 0x0000001e6b500000,0x0000001e6b600000] [id=8704]
  0x000001e227b21550 GCTaskThread "GC Thread#7" [stack: 0x0000001e6b600000,0x0000001e6b700000] [id=2624]
  0x000001e203bfc120 ConcurrentGCThread "G1 Main Marker" [stack: 0x0000001e68f00000,0x0000001e69000000] [id=1996]
  0x000001e203bfdb30 ConcurrentGCThread "G1 Conc#0" [stack: 0x0000001e69000000,0x0000001e69100000] [id=6524]
  0x000001e227b1ffe0 ConcurrentGCThread "G1 Conc#1" [stack: 0x0000001e6bc00000,0x0000001e6bd00000] [id=12900]
  0x000001e221af0090 ConcurrentGCThread "G1 Refine#0" [stack: 0x0000001e69100000,0x0000001e69200000] [id=4628]
  0x000001e22ab4dd10 ConcurrentGCThread "G1 Refine#1" [stack: 0x0000001e72500000,0x0000001e72600000] [id=3028]
  0x000001e221af0aa0 ConcurrentGCThread "G1 Service" [stack: 0x0000001e69200000,0x0000001e69300000] [id=7416]

Threads with active compile tasks:

VM state: at safepoint (normal execution)

VM Mutex/Monitor currently owned by a thread:  ([mutex/lock_event])
[0x000001e203ba8910] Threads_lock - owner thread: 0x000001e221c2e1c0
[0x000001e203ba8f40] Heap_lock - owner thread: 0x000001e22700f5c0

Heap address: 0x0000000080000000, size: 2048 MB, Compressed Oops mode: 32-bit

CDS archive(s) mapped at: [0x0000000800000000-0x0000000800bb0000-0x0000000800bb0000), size 12255232, SharedBaseAddress: 0x0000000800000000, ArchiveRelocationMode: 0.
Compressed class space mapped at: 0x0000000800c00000-0x0000000840c00000, reserved size: 1073741824
Narrow klass base: 0x0000000800000000, Narrow klass shift: 3, Narrow klass range: 0x100000000

GC Precious Log:
 CPUs: 8 total, 8 available
 Memory: 7959M
 Large Page Support: Disabled
 NUMA Support: Disabled
 Compressed Oops: Enabled (32-bit)
 Heap Region Size: 1M
 Heap Min Capacity: 8M
 Heap Initial Capacity: 126M
 Heap Max Capacity: 2G
 Pre-touch: Disabled
 Parallel Workers: 8
 Concurrent Workers: 2
 Concurrent Refinement Workers: 8
 Periodic GC: Disabled

Heap:
 garbage-first heap   total 215040K, used 89938K [0x0000000080000000, 0x0000000100000000)
  region size 1024K, 2 young (2048K), 2 survivors (2048K)
 Metaspace       used 89554K, committed 90176K, reserved 1130496K
  class space    used 11563K, committed 11840K, reserved 1048576K

Heap Regions: E=young(eden), S=young(survivor), O=old, HS=humongous(starts), HC=humongous(continues), CS=collection set, F=free, OA=open archive, CA=closed archive, TAMS=top-at-mark-start (previous, next)
|   0|0x0000000080000000, 0x0000000080100000, 0x0000000080100000|100%| O|  |TAMS 0x0000000080100000, 0x0000000080100000| Untracked 
|   1|0x0000000080100000, 0x0000000080200000, 0x0000000080200000|100%| O|  |TAMS 0x0000000080200000, 0x0000000080200000| Untracked 
|   2|0x0000000080200000, 0x0000000080300000, 0x0000000080300000|100%| O|  |TAMS 0x0000000080300000, 0x0000000080300000| Untracked 
|   3|0x0000000080300000, 0x0000000080400000, 0x0000000080400000|100%|HS|  |TAMS 0x0000000080400000, 0x0000000080400000| Complete 
|   4|0x0000000080400000, 0x0000000080500000, 0x0000000080500000|100%|HC|  |TAMS 0x0000000080500000, 0x0000000080500000| Complete 
|   5|0x0000000080500000, 0x0000000080600000, 0x0000000080600000|100%|HC|  |TAMS 0x0000000080600000, 0x0000000080600000| Complete 
|   6|0x0000000080600000, 0x0000000080700000, 0x0000000080700000|100%| O|  |TAMS 0x0000000080700000, 0x0000000080700000| Untracked 
|   7|0x0000000080700000, 0x0000000080800000, 0x0000000080800000|100%| O|  |TAMS 0x0000000080800000, 0x0000000080800000| Untracked 
|   8|0x0000000080800000, 0x0000000080900000, 0x0000000080900000|100%| O|  |TAMS 0x0000000080900000, 0x0000000080900000| Untracked 
|   9|0x0000000080900000, 0x0000000080a00000, 0x0000000080a00000|100%| O|  |TAMS 0x0000000080a00000, 0x0000000080a00000| Untracked 
|  10|0x0000000080a00000, 0x0000000080b00000, 0x0000000080b00000|100%| O|  |TAMS 0x0000000080b00000, 0x0000000080b00000| Untracked 
|  11|0x0000000080b00000, 0x0000000080c00000, 0x0000000080c00000|100%| O|  |TAMS 0x0000000080c00000, 0x0000000080c00000| Untracked 
|  12|0x0000000080c00000, 0x0000000080d00000, 0x0000000080d00000|100%| O|  |TAMS 0x0000000080d00000, 0x0000000080d00000| Untracked 
|  13|0x0000000080d00000, 0x0000000080e00000, 0x0000000080e00000|100%| O|  |TAMS 0x0000000080e00000, 0x0000000080e00000| Untracked 
|  14|0x0000000080e00000, 0x0000000080f00000, 0x0000000080f00000|100%| O|  |TAMS 0x0000000080f00000, 0x0000000080f00000| Untracked 
|  15|0x0000000080f00000, 0x0000000081000000, 0x0000000081000000|100%| O|  |TAMS 0x0000000081000000, 0x0000000081000000| Untracked 
|  16|0x0000000081000000, 0x0000000081100000, 0x0000000081100000|100%| O|  |TAMS 0x0000000081100000, 0x0000000081100000| Untracked 
|  17|0x0000000081100000, 0x0000000081200000, 0x0000000081200000|100%| O|  |TAMS 0x0000000081200000, 0x0000000081200000| Untracked 
|  18|0x0000000081200000, 0x00000000812b3800, 0x0000000081300000| 70%| O|  |TAMS 0x00000000812b3800, 0x00000000812b3800| Untracked 
|  19|0x0000000081300000, 0x0000000081400000, 0x0000000081400000|100%| O|  |TAMS 0x0000000081400000, 0x0000000081400000| Untracked 
|  20|0x0000000081400000, 0x0000000081500000, 0x0000000081500000|100%|HS|  |TAMS 0x0000000081500000, 0x0000000081500000| Complete 
|  21|0x0000000081500000, 0x0000000081600000, 0x0000000081600000|100%| O|  |TAMS 0x0000000081600000, 0x0000000081600000| Untracked 
|  22|0x0000000081600000, 0x0000000081700000, 0x0000000081700000|100%| O|  |TAMS 0x0000000081700000, 0x0000000081700000| Untracked 
|  23|0x0000000081700000, 0x0000000081800000, 0x0000000081800000|100%| O|  |TAMS 0x0000000081800000, 0x0000000081800000| Untracked 
|  24|0x0000000081800000, 0x0000000081900000, 0x0000000081900000|100%| O|  |TAMS 0x0000000081900000, 0x0000000081900000| Untracked 
|  25|0x0000000081900000, 0x0000000081a00000, 0x0000000081a00000|100%|HS|  |TAMS 0x0000000081a00000, 0x0000000081a00000| Complete 
|  26|0x0000000081a00000, 0x0000000081b00000, 0x0000000081b00000|100%|HS|  |TAMS 0x0000000081b00000, 0x0000000081b00000| Complete 
|  27|0x0000000081b00000, 0x0000000081c00000, 0x0000000081c00000|100%|HC|  |TAMS 0x0000000081c00000, 0x0000000081c00000| Complete 
|  28|0x0000000081c00000, 0x0000000081d00000, 0x0000000081d00000|100%| O|  |TAMS 0x0000000081d00000, 0x0000000081d00000| Untracked 
|  29|0x0000000081d00000, 0x0000000081e00000, 0x0000000081e00000|100%| O|  |TAMS 0x0000000081e00000, 0x0000000081e00000| Untracked 
|  30|0x0000000081e00000, 0x0000000081f00000, 0x0000000081f00000|100%| O|  |TAMS 0x0000000081f00000, 0x0000000081f00000| Untracked 
|  31|0x0000000081f00000, 0x0000000082000000, 0x0000000082000000|100%| O|  |TAMS 0x0000000082000000, 0x0000000082000000| Untracked 
|  32|0x0000000082000000, 0x0000000082100000, 0x0000000082100000|100%| O|  |TAMS 0x0000000082100000, 0x0000000082100000| Untracked 
|  33|0x0000000082100000, 0x0000000082200000, 0x0000000082200000|100%| O|  |TAMS 0x0000000082200000, 0x0000000082200000| Untracked 
|  34|0x0000000082200000, 0x0000000082300000, 0x0000000082300000|100%| O|  |TAMS 0x0000000082300000, 0x0000000082300000| Untracked 
|  35|0x0000000082300000, 0x0000000082400000, 0x0000000082400000|100%| O|  |TAMS 0x0000000082400000, 0x0000000082400000| Untracked 
|  36|0x0000000082400000, 0x0000000082500000, 0x0000000082500000|100%| O|  |TAMS 0x0000000082500000, 0x0000000082500000| Untracked 
|  37|0x0000000082500000, 0x0000000082600000, 0x0000000082600000|100%| O|  |TAMS 0x0000000082600000, 0x0000000082600000| Untracked 
|  38|0x0000000082600000, 0x0000000082700000, 0x0000000082700000|100%| O|  |TAMS 0x0000000082700000, 0x0000000082700000| Untracked 
|  39|0x0000000082700000, 0x0000000082800000, 0x0000000082800000|100%| O|  |TAMS 0x0000000082800000, 0x0000000082800000| Untracked 
|  40|0x0000000082800000, 0x0000000082900000, 0x0000000082900000|100%| O|  |TAMS 0x0000000082900000, 0x0000000082900000| Untracked 
|  41|0x0000000082900000, 0x0000000082a00000, 0x0000000082a00000|100%| O|  |TAMS 0x0000000082a00000, 0x0000000082a00000| Untracked 
|  42|0x0000000082a00000, 0x0000000082a00000, 0x0000000082b00000|  0%| F|  |TAMS 0x0000000082a00000, 0x0000000082a00000| Untracked 
|  43|0x0000000082b00000, 0x0000000082b00000, 0x0000000082c00000|  0%| F|  |TAMS 0x0000000082b00000, 0x0000000082b00000| Untracked 
|  44|0x0000000082c00000, 0x0000000082d00000, 0x0000000082d00000|100%| O|  |TAMS 0x0000000082d00000, 0x0000000082d00000| Untracked 
|  45|0x0000000082d00000, 0x0000000082e00000, 0x0000000082e00000|100%| O|  |TAMS 0x0000000082e00000, 0x0000000082e00000| Untracked 
|  46|0x0000000082e00000, 0x0000000082f00000, 0x0000000082f00000|100%| O|  |TAMS 0x0000000082f00000, 0x0000000082f00000| Untracked 
|  47|0x0000000082f00000, 0x0000000083000000, 0x0000000083000000|100%| O|  |TAMS 0x0000000083000000, 0x0000000083000000| Untracked 
|  48|0x0000000083000000, 0x0000000083100000, 0x0000000083100000|100%| O|  |TAMS 0x0000000083100000, 0x0000000083100000| Untracked 
|  49|0x0000000083100000, 0x0000000083200000, 0x0000000083200000|100%| O|  |TAMS 0x0000000083200000, 0x0000000083200000| Untracked 
|  50|0x0000000083200000, 0x0000000083300000, 0x0000000083300000|100%| O|  |TAMS 0x0000000083300000, 0x0000000083300000| Untracked 
|  51|0x0000000083300000, 0x0000000083400000, 0x0000000083400000|100%| O|  |TAMS 0x0000000083400000, 0x0000000083400000| Untracked 
|  52|0x0000000083400000, 0x0000000083500000, 0x0000000083500000|100%| O|  |TAMS 0x0000000083500000, 0x0000000083500000| Untracked 
|  53|0x0000000083500000, 0x0000000083600000, 0x0000000083600000|100%| O|  |TAMS 0x0000000083600000, 0x0000000083600000| Untracked 
|  54|0x0000000083600000, 0x0000000083700000, 0x0000000083700000|100%| O|  |TAMS 0x0000000083700000, 0x0000000083700000| Untracked 
|  55|0x0000000083700000, 0x0000000083800000, 0x0000000083800000|100%| O|  |TAMS 0x0000000083800000, 0x0000000083800000| Untracked 
|  56|0x0000000083800000, 0x0000000083900000, 0x0000000083900000|100%| O|  |TAMS 0x0000000083900000, 0x0000000083900000| Untracked 
|  57|0x0000000083900000, 0x0000000083a00000, 0x0000000083a00000|100%| O|  |TAMS 0x0000000083a00000, 0x0000000083a00000| Untracked 
|  58|0x0000000083a00000, 0x0000000083b00000, 0x0000000083b00000|100%| O|  |TAMS 0x0000000083b00000, 0x0000000083b00000| Untracked 
|  59|0x0000000083b00000, 0x0000000083c00000, 0x0000000083c00000|100%| O|  |TAMS 0x0000000083c00000, 0x0000000083c00000| Untracked 
|  60|0x0000000083c00000, 0x0000000083d00000, 0x0000000083d00000|100%| O|  |TAMS 0x0000000083d00000, 0x0000000083d00000| Untracked 
|  61|0x0000000083d00000, 0x0000000083e00000, 0x0000000083e00000|100%| O|  |TAMS 0x0000000083e00000, 0x0000000083e00000| Untracked 
|  62|0x0000000083e00000, 0x0000000083f00000, 0x0000000083f00000|100%| O|  |TAMS 0x0000000083f00000, 0x0000000083f00000| Untracked 
|  63|0x0000000083f00000, 0x0000000084000000, 0x0000000084000000|100%| O|  |TAMS 0x0000000084000000, 0x0000000084000000| Untracked 
|  64|0x0000000084000000, 0x0000000084100000, 0x0000000084100000|100%| O|  |TAMS 0x0000000084100000, 0x0000000084100000| Untracked 
|  65|0x0000000084100000, 0x0000000084200000, 0x0000000084200000|100%| O|  |TAMS 0x0000000084200000, 0x0000000084200000| Untracked 
|  66|0x0000000084200000, 0x0000000084300000, 0x0000000084300000|100%| O|  |TAMS 0x0000000084300000, 0x0000000084300000| Untracked 
|  67|0x0000000084300000, 0x0000000084400000, 0x0000000084400000|100%| O|  |TAMS 0x0000000084400000, 0x0000000084400000| Untracked 
|  68|0x0000000084400000, 0x0000000084500000, 0x0000000084500000|100%| O|  |TAMS 0x0000000084500000, 0x0000000084500000| Untracked 
|  69|0x0000000084500000, 0x0000000084600000, 0x0000000084600000|100%| O|  |TAMS 0x0000000084600000, 0x0000000084600000| Untracked 
|  70|0x0000000084600000, 0x0000000084700000, 0x0000000084700000|100%| O|  |TAMS 0x0000000084700000, 0x0000000084700000| Untracked 
|  71|0x0000000084700000, 0x0000000084700000, 0x0000000084800000|  0%| F|  |TAMS 0x0000000084700000, 0x0000000084700000| Untracked 
|  72|0x0000000084800000, 0x0000000084800000, 0x0000000084900000|  0%| F|  |TAMS 0x0000000084800000, 0x0000000084800000| Untracked 
|  73|0x0000000084900000, 0x0000000084900000, 0x0000000084a00000|  0%| F|  |TAMS 0x0000000084900000, 0x0000000084900000| Untracked 
|  74|0x0000000084a00000, 0x0000000084a00000, 0x0000000084b00000|  0%| F|  |TAMS 0x0000000084a00000, 0x0000000084a00000| Untracked 
|  75|0x0000000084b00000, 0x0000000084b00000, 0x0000000084c00000|  0%| F|  |TAMS 0x0000000084b00000, 0x0000000084b00000| Untracked 
|  76|0x0000000084c00000, 0x0000000084c00000, 0x0000000084d00000|  0%| F|  |TAMS 0x0000000084c00000, 0x0000000084c00000| Untracked 
|  77|0x0000000084d00000, 0x0000000084d00000, 0x0000000084e00000|  0%| F|  |TAMS 0x0000000084d00000, 0x0000000084d00000| Untracked 
|  78|0x0000000084e00000, 0x0000000084e00000, 0x0000000084f00000|  0%| F|  |TAMS 0x0000000084e00000, 0x0000000084e00000| Untracked 
|  79|0x0000000084f00000, 0x0000000085000000, 0x0000000085000000|100%| O|  |TAMS 0x0000000084f00000, 0x0000000085000000| Untracked 
|  80|0x0000000085000000, 0x0000000085100000, 0x0000000085100000|100%| O|  |TAMS 0x0000000085100000, 0x0000000085100000| Untracked 
|  81|0x0000000085100000, 0x0000000085100000, 0x0000000085200000|  0%| F|  |TAMS 0x0000000085100000, 0x0000000085100000| Untracked 
|  82|0x0000000085200000, 0x0000000085200000, 0x0000000085300000|  0%| F|  |TAMS 0x0000000085200000, 0x0000000085200000| Untracked 
|  83|0x0000000085300000, 0x0000000085300000, 0x0000000085400000|  0%| F|  |TAMS 0x0000000085300000, 0x0000000085300000| Untracked 
|  84|0x0000000085400000, 0x0000000085400000, 0x0000000085500000|  0%| F|  |TAMS 0x0000000085400000, 0x0000000085400000| Untracked 
|  85|0x0000000085500000, 0x0000000085500000, 0x0000000085600000|  0%| F|  |TAMS 0x0000000085500000, 0x0000000085500000| Untracked 
|  86|0x0000000085600000, 0x0000000085600000, 0x0000000085700000|  0%| F|  |TAMS 0x0000000085600000, 0x0000000085600000| Untracked 
|  87|0x0000000085700000, 0x0000000085700000, 0x0000000085800000|  0%| F|  |TAMS 0x0000000085700000, 0x0000000085700000| Untracked 
|  88|0x0000000085800000, 0x0000000085800000, 0x0000000085900000|  0%| F|  |TAMS 0x0000000085800000, 0x0000000085800000| Untracked 
|  89|0x0000000085900000, 0x0000000085900000, 0x0000000085a00000|  0%| F|  |TAMS 0x0000000085900000, 0x0000000085900000| Untracked 
|  90|0x0000000085a00000, 0x0000000085b00000, 0x0000000085b00000|100%| O|  |TAMS 0x0000000085a00000, 0x0000000085b00000| Untracked 
|  91|0x0000000085b00000, 0x0000000085c00000, 0x0000000085c00000|100%| O|  |TAMS 0x0000000085b00000, 0x0000000085c00000| Untracked 
|  92|0x0000000085c00000, 0x0000000085c00000, 0x0000000085d00000|  0%| F|  |TAMS 0x0000000085c00000, 0x0000000085c00000| Untracked 
|  93|0x0000000085d00000, 0x0000000085d00000, 0x0000000085e00000|  0%| F|  |TAMS 0x0000000085d00000, 0x0000000085d00000| Untracked 
|  94|0x0000000085e00000, 0x0000000085f00000, 0x0000000085f00000|100%| O|  |TAMS 0x0000000085ef7c00, 0x0000000085f00000| Untracked 
|  95|0x0000000085f00000, 0x0000000085f00000, 0x0000000086000000|  0%| F|  |TAMS 0x0000000085f00000, 0x0000000085f00000| Untracked 
|  96|0x0000000086000000, 0x0000000086000000, 0x0000000086100000|  0%| F|  |TAMS 0x0000000086000000, 0x0000000086000000| Untracked 
|  97|0x0000000086100000, 0x0000000086100000, 0x0000000086200000|  0%| F|  |TAMS 0x0000000086100000, 0x0000000086100000| Untracked 
|  98|0x0000000086200000, 0x0000000086300000, 0x0000000086300000|100%| O|  |TAMS 0x0000000086200000, 0x0000000086300000| Untracked 
|  99|0x0000000086300000, 0x0000000086400000, 0x0000000086400000|100%| O|  |TAMS 0x0000000086300000, 0x0000000086400000| Untracked 
| 100|0x0000000086400000, 0x0000000086500000, 0x0000000086500000|100%| O|  |TAMS 0x0000000086400000, 0x0000000086500000| Untracked 
| 101|0x0000000086500000, 0x0000000086600000, 0x0000000086600000|100%| O|  |TAMS 0x0000000086500000, 0x0000000086600000| Untracked 
| 102|0x0000000086600000, 0x0000000086700000, 0x0000000086700000|100%| O|  |TAMS 0x0000000086600000, 0x0000000086700000| Untracked 
| 103|0x0000000086700000, 0x0000000086800000, 0x0000000086800000|100%| O|  |TAMS 0x0000000086700000, 0x0000000086800000| Untracked 
| 104|0x0000000086800000, 0x0000000086900000, 0x0000000086900000|100%| O|  |TAMS 0x0000000086800000, 0x0000000086900000| Untracked 
| 105|0x0000000086900000, 0x0000000086a00000, 0x0000000086a00000|100%| O|  |TAMS 0x0000000086900000, 0x0000000086a00000| Untracked 
| 106|0x0000000086a00000, 0x0000000086a00000, 0x0000000086b00000|  0%| F|  |TAMS 0x0000000086a00000, 0x0000000086a00000| Untracked 
| 107|0x0000000086b00000, 0x0000000086b00000, 0x0000000086c00000|  0%| F|  |TAMS 0x0000000086b00000, 0x0000000086b00000| Untracked 
| 108|0x0000000086c00000, 0x0000000086d00000, 0x0000000086d00000|100%| O|  |TAMS 0x0000000086d00000, 0x0000000086d00000| Untracked 
| 109|0x0000000086d00000, 0x0000000086e00000, 0x0000000086e00000|100%| O|  |TAMS 0x0000000086e00000, 0x0000000086e00000| Untracked 
| 110|0x0000000086e00000, 0x0000000086e00000, 0x0000000086f00000|  0%| F|  |TAMS 0x0000000086e00000, 0x0000000086e00000| Untracked 
| 111|0x0000000086f00000, 0x0000000087000000, 0x0000000087000000|100%| O|  |TAMS 0x0000000086f00000, 0x0000000087000000| Untracked 
| 112|0x0000000087000000, 0x0000000087100000, 0x0000000087100000|100%| O|  |TAMS 0x0000000087000000, 0x0000000087100000| Untracked 
| 113|0x0000000087100000, 0x0000000087138c00, 0x0000000087200000| 22%| O|  |TAMS 0x0000000087100000, 0x0000000087138c00| Untracked 
| 114|0x0000000087200000, 0x0000000087200000, 0x0000000087300000|  0%| F|  |TAMS 0x0000000087200000, 0x0000000087200000| Untracked 
| 115|0x0000000087300000, 0x0000000087300000, 0x0000000087400000|  0%| F|  |TAMS 0x0000000087300000, 0x0000000087300000| Untracked 
| 116|0x0000000087400000, 0x0000000087400000, 0x0000000087500000|  0%| F|  |TAMS 0x0000000087400000, 0x0000000087400000| Untracked 
| 117|0x0000000087500000, 0x0000000087500000, 0x0000000087600000|  0%| F|  |TAMS 0x0000000087500000, 0x0000000087500000| Untracked 
| 118|0x0000000087600000, 0x0000000087600000, 0x0000000087700000|  0%| F|  |TAMS 0x0000000087600000, 0x0000000087600000| Untracked 
| 119|0x0000000087700000, 0x0000000087700000, 0x0000000087800000|  0%| F|  |TAMS 0x0000000087700000, 0x0000000087700000| Untracked 
| 120|0x0000000087800000, 0x0000000087800000, 0x0000000087900000|  0%| F|  |TAMS 0x0000000087800000, 0x0000000087800000| Untracked 
| 121|0x0000000087900000, 0x0000000087900000, 0x0000000087a00000|  0%| F|  |TAMS 0x0000000087900000, 0x0000000087900000| Untracked 
| 122|0x0000000087a00000, 0x0000000087a00000, 0x0000000087b00000|  0%| F|  |TAMS 0x0000000087a00000, 0x0000000087a00000| Untracked 
| 123|0x0000000087b00000, 0x0000000087b00000, 0x0000000087c00000|  0%| F|  |TAMS 0x0000000087b00000, 0x0000000087b00000| Untracked 
| 124|0x0000000087c00000, 0x0000000087c00000, 0x0000000087d00000|  0%| F|  |TAMS 0x0000000087c00000, 0x0000000087c00000| Untracked 
| 125|0x0000000087d00000, 0x0000000087d00000, 0x0000000087e00000|  0%| F|  |TAMS 0x0000000087d00000, 0x0000000087d00000| Untracked 
| 126|0x0000000087e00000, 0x0000000087e00000, 0x0000000087f00000|  0%| F|  |TAMS 0x0000000087e00000, 0x0000000087e00000| Untracked 
| 127|0x0000000087f00000, 0x0000000087f00000, 0x0000000088000000|  0%| F|  |TAMS 0x0000000087f00000, 0x0000000087f00000| Untracked 
| 128|0x0000000088000000, 0x0000000088000000, 0x0000000088100000|  0%| F|  |TAMS 0x0000000088000000, 0x0000000088000000| Untracked 
| 129|0x0000000088100000, 0x0000000088100000, 0x0000000088200000|  0%| F|  |TAMS 0x0000000088100000, 0x0000000088100000| Untracked 
| 130|0x0000000088200000, 0x0000000088200000, 0x0000000088300000|  0%| F|  |TAMS 0x0000000088200000, 0x0000000088200000| Untracked 
| 131|0x0000000088300000, 0x0000000088300000, 0x0000000088400000|  0%| F|  |TAMS 0x0000000088300000, 0x0000000088300000| Untracked 
| 132|0x0000000088400000, 0x0000000088400000, 0x0000000088500000|  0%| F|  |TAMS 0x0000000088400000, 0x0000000088400000| Untracked 
| 133|0x0000000088500000, 0x0000000088500000, 0x0000000088600000|  0%| F|  |TAMS 0x0000000088500000, 0x0000000088500000| Untracked 
| 134|0x0000000088600000, 0x0000000088600000, 0x0000000088700000|  0%| F|  |TAMS 0x0000000088600000, 0x0000000088600000| Untracked 
| 135|0x0000000088700000, 0x0000000088700000, 0x0000000088800000|  0%| F|  |TAMS 0x0000000088700000, 0x0000000088700000| Untracked 
| 136|0x0000000088800000, 0x0000000088800000, 0x0000000088900000|  0%| F|  |TAMS 0x0000000088800000, 0x0000000088800000| Untracked 
| 137|0x0000000088900000, 0x0000000088900000, 0x0000000088a00000|  0%| F|  |TAMS 0x0000000088900000, 0x0000000088900000| Untracked 
| 138|0x0000000088a00000, 0x0000000088a00000, 0x0000000088b00000|  0%| F|  |TAMS 0x0000000088a00000, 0x0000000088a00000| Untracked 
| 139|0x0000000088b00000, 0x0000000088b00000, 0x0000000088c00000|  0%| F|  |TAMS 0x0000000088b00000, 0x0000000088b00000| Untracked 
| 140|0x0000000088c00000, 0x0000000088c00000, 0x0000000088d00000|  0%| F|  |TAMS 0x0000000088c00000, 0x0000000088c00000| Untracked 
| 141|0x0000000088d00000, 0x0000000088d00000, 0x0000000088e00000|  0%| F|  |TAMS 0x0000000088d00000, 0x0000000088d00000| Untracked 
| 142|0x0000000088e00000, 0x0000000088ee86e8, 0x0000000088f00000| 90%| S|CS|TAMS 0x0000000088e00000, 0x0000000088e00000| Complete 
| 143|0x0000000088f00000, 0x0000000089000000, 0x0000000089000000|100%| S|CS|TAMS 0x0000000088f00000, 0x0000000088f00000| Complete 
| 144|0x0000000089000000, 0x0000000089000000, 0x0000000089100000|  0%| F|  |TAMS 0x0000000089000000, 0x0000000089000000| Untracked 
| 145|0x0000000089100000, 0x0000000089100000, 0x0000000089200000|  0%| F|  |TAMS 0x0000000089100000, 0x0000000089100000| Untracked 
| 146|0x0000000089200000, 0x0000000089200000, 0x0000000089300000|  0%| F|  |TAMS 0x0000000089200000, 0x0000000089200000| Untracked 
| 147|0x0000000089300000, 0x0000000089300000, 0x0000000089400000|  0%| F|  |TAMS 0x0000000089300000, 0x0000000089300000| Untracked 
| 148|0x0000000089400000, 0x0000000089400000, 0x0000000089500000|  0%| F|  |TAMS 0x0000000089400000, 0x0000000089400000| Untracked 
| 149|0x0000000089500000, 0x0000000089500000, 0x0000000089600000|  0%| F|  |TAMS 0x0000000089500000, 0x0000000089500000| Untracked 
| 150|0x0000000089600000, 0x0000000089600000, 0x0000000089700000|  0%| F|  |TAMS 0x0000000089600000, 0x0000000089600000| Untracked 
| 151|0x0000000089700000, 0x0000000089700000, 0x0000000089800000|  0%| F|  |TAMS 0x0000000089700000, 0x0000000089700000| Untracked 
| 152|0x0000000089800000, 0x0000000089800000, 0x0000000089900000|  0%| F|  |TAMS 0x0000000089800000, 0x0000000089800000| Untracked 
| 153|0x0000000089900000, 0x0000000089900000, 0x0000000089a00000|  0%| F|  |TAMS 0x0000000089900000, 0x0000000089900000| Untracked 
| 154|0x0000000089a00000, 0x0000000089a00000, 0x0000000089b00000|  0%| F|  |TAMS 0x0000000089a00000, 0x0000000089a00000| Untracked 
| 155|0x0000000089b00000, 0x0000000089b00000, 0x0000000089c00000|  0%| F|  |TAMS 0x0000000089b00000, 0x0000000089b00000| Untracked 
| 156|0x0000000089c00000, 0x0000000089c00000, 0x0000000089d00000|  0%| F|  |TAMS 0x0000000089c00000, 0x0000000089c00000| Untracked 
| 157|0x0000000089d00000, 0x0000000089d00000, 0x0000000089e00000|  0%| F|  |TAMS 0x0000000089d00000, 0x0000000089d00000| Untracked 
| 158|0x0000000089e00000, 0x0000000089e00000, 0x0000000089f00000|  0%| F|  |TAMS 0x0000000089e00000, 0x0000000089e00000| Untracked 
| 159|0x0000000089f00000, 0x0000000089f00000, 0x000000008a000000|  0%| F|  |TAMS 0x0000000089f00000, 0x0000000089f00000| Untracked 
| 160|0x000000008a000000, 0x000000008a000000, 0x000000008a100000|  0%| F|  |TAMS 0x000000008a000000, 0x000000008a000000| Untracked 
| 161|0x000000008a100000, 0x000000008a100000, 0x000000008a200000|  0%| F|  |TAMS 0x000000008a100000, 0x000000008a100000| Untracked 
| 162|0x000000008a200000, 0x000000008a200000, 0x000000008a300000|  0%| F|  |TAMS 0x000000008a200000, 0x000000008a200000| Untracked 
| 163|0x000000008a300000, 0x000000008a300000, 0x000000008a400000|  0%| F|  |TAMS 0x000000008a300000, 0x000000008a300000| Untracked 
| 164|0x000000008a400000, 0x000000008a400000, 0x000000008a500000|  0%| F|  |TAMS 0x000000008a400000, 0x000000008a400000| Untracked 
| 165|0x000000008a500000, 0x000000008a500000, 0x000000008a600000|  0%| F|  |TAMS 0x000000008a500000, 0x000000008a500000| Untracked 
| 166|0x000000008a600000, 0x000000008a600000, 0x000000008a700000|  0%| F|  |TAMS 0x000000008a600000, 0x000000008a600000| Untracked 
| 167|0x000000008a700000, 0x000000008a700000, 0x000000008a800000|  0%| F|  |TAMS 0x000000008a700000, 0x000000008a700000| Untracked 
| 168|0x000000008a800000, 0x000000008a800000, 0x000000008a900000|  0%| F|  |TAMS 0x000000008a800000, 0x000000008a800000| Untracked 
| 169|0x000000008a900000, 0x000000008a900000, 0x000000008aa00000|  0%| F|  |TAMS 0x000000008a900000, 0x000000008a900000| Untracked 
| 170|0x000000008aa00000, 0x000000008aa00000, 0x000000008ab00000|  0%| F|  |TAMS 0x000000008aa00000, 0x000000008aa00000| Untracked 
| 171|0x000000008ab00000, 0x000000008ab00000, 0x000000008ac00000|  0%| F|  |TAMS 0x000000008ab00000, 0x000000008ab00000| Untracked 
| 172|0x000000008ac00000, 0x000000008ac00000, 0x000000008ad00000|  0%| F|  |TAMS 0x000000008ac00000, 0x000000008ac00000| Untracked 
| 173|0x000000008ad00000, 0x000000008ad00000, 0x000000008ae00000|  0%| F|  |TAMS 0x000000008ad00000, 0x000000008ad00000| Untracked 
| 174|0x000000008ae00000, 0x000000008ae00000, 0x000000008af00000|  0%| F|  |TAMS 0x000000008ae00000, 0x000000008ae00000| Untracked 
| 175|0x000000008af00000, 0x000000008af00000, 0x000000008b000000|  0%| F|  |TAMS 0x000000008af00000, 0x000000008af00000| Untracked 
| 176|0x000000008b000000, 0x000000008b000000, 0x000000008b100000|  0%| F|  |TAMS 0x000000008b000000, 0x000000008b000000| Untracked 
| 177|0x000000008b100000, 0x000000008b100000, 0x000000008b200000|  0%| F|  |TAMS 0x000000008b100000, 0x000000008b100000| Untracked 
| 178|0x000000008b200000, 0x000000008b200000, 0x000000008b300000|  0%| F|  |TAMS 0x000000008b200000, 0x000000008b200000| Untracked 
| 179|0x000000008b300000, 0x000000008b300000, 0x000000008b400000|  0%| F|  |TAMS 0x000000008b300000, 0x000000008b300000| Untracked 
| 180|0x000000008b400000, 0x000000008b400000, 0x000000008b500000|  0%| F|  |TAMS 0x000000008b400000, 0x000000008b400000| Untracked 
| 181|0x000000008b500000, 0x000000008b500000, 0x000000008b600000|  0%| F|  |TAMS 0x000000008b500000, 0x000000008b500000| Untracked 
| 182|0x000000008b600000, 0x000000008b600000, 0x000000008b700000|  0%| F|  |TAMS 0x000000008b600000, 0x000000008b600000| Untracked 
| 183|0x000000008b700000, 0x000000008b700000, 0x000000008b800000|  0%| F|  |TAMS 0x000000008b700000, 0x000000008b700000| Untracked 
| 184|0x000000008b800000, 0x000000008b800000, 0x000000008b900000|  0%| F|  |TAMS 0x000000008b800000, 0x000000008b800000| Untracked 
| 185|0x000000008b900000, 0x000000008b900000, 0x000000008ba00000|  0%| F|  |TAMS 0x000000008b900000, 0x000000008b900000| Untracked 
| 186|0x000000008ba00000, 0x000000008ba00000, 0x000000008bb00000|  0%| F|  |TAMS 0x000000008ba00000, 0x000000008ba00000| Untracked 
| 187|0x000000008bb00000, 0x000000008bb00000, 0x000000008bc00000|  0%| F|  |TAMS 0x000000008bb00000, 0x000000008bb00000| Untracked 
| 188|0x000000008bc00000, 0x000000008bc00000, 0x000000008bd00000|  0%| F|  |TAMS 0x000000008bc00000, 0x000000008bc00000| Untracked 
| 189|0x000000008bd00000, 0x000000008bd00000, 0x000000008be00000|  0%| F|  |TAMS 0x000000008bd00000, 0x000000008bd00000| Untracked 
| 190|0x000000008be00000, 0x000000008be00000, 0x000000008bf00000|  0%| F|  |TAMS 0x000000008be00000, 0x000000008be00000| Untracked 
| 191|0x000000008bf00000, 0x000000008bf00000, 0x000000008c000000|  0%| F|  |TAMS 0x000000008bf00000, 0x000000008bf00000| Untracked 
| 192|0x000000008c000000, 0x000000008c000000, 0x000000008c100000|  0%| F|  |TAMS 0x000000008c000000, 0x000000008c000000| Untracked 
| 193|0x000000008c100000, 0x000000008c100000, 0x000000008c200000|  0%| F|  |TAMS 0x000000008c100000, 0x000000008c100000| Untracked 
| 194|0x000000008c200000, 0x000000008c200000, 0x000000008c300000|  0%| F|  |TAMS 0x000000008c200000, 0x000000008c200000| Untracked 
| 195|0x000000008c300000, 0x000000008c300000, 0x000000008c400000|  0%| F|  |TAMS 0x000000008c300000, 0x000000008c300000| Untracked 
| 196|0x000000008c400000, 0x000000008c400000, 0x000000008c500000|  0%| F|  |TAMS 0x000000008c400000, 0x000000008c400000| Untracked 
| 197|0x000000008c500000, 0x000000008c500000, 0x000000008c600000|  0%| F|  |TAMS 0x000000008c500000, 0x000000008c500000| Untracked 
| 198|0x000000008c600000, 0x000000008c600000, 0x000000008c700000|  0%| F|  |TAMS 0x000000008c600000, 0x000000008c600000| Untracked 
| 199|0x000000008c700000, 0x000000008c700000, 0x000000008c800000|  0%| F|  |TAMS 0x000000008c700000, 0x000000008c700000| Untracked 
| 200|0x000000008c800000, 0x000000008c800000, 0x000000008c900000|  0%| F|  |TAMS 0x000000008c800000, 0x000000008c800000| Untracked 
| 201|0x000000008c900000, 0x000000008c900000, 0x000000008ca00000|  0%| F|  |TAMS 0x000000008c900000, 0x000000008c900000| Untracked 
| 202|0x000000008ca00000, 0x000000008ca00000, 0x000000008cb00000|  0%| F|  |TAMS 0x000000008ca00000, 0x000000008ca00000| Untracked 
| 203|0x000000008cb00000, 0x000000008cb00000, 0x000000008cc00000|  0%| F|  |TAMS 0x000000008cb00000, 0x000000008cb00000| Untracked 
| 204|0x000000008cc00000, 0x000000008cc00000, 0x000000008cd00000|  0%| F|  |TAMS 0x000000008cc00000, 0x000000008cc00000| Untracked 
| 205|0x000000008cd00000, 0x000000008cd00000, 0x000000008ce00000|  0%| F|  |TAMS 0x000000008cd00000, 0x000000008cd00000| Untracked 
| 206|0x000000008ce00000, 0x000000008ce00000, 0x000000008cf00000|  0%| F|  |TAMS 0x000000008ce00000, 0x000000008ce00000| Untracked 
| 207|0x000000008cf00000, 0x000000008cf00000, 0x000000008d000000|  0%| F|  |TAMS 0x000000008cf00000, 0x000000008cf00000| Untracked 
| 208|0x000000008d000000, 0x000000008d000000, 0x000000008d100000|  0%| F|  |TAMS 0x000000008d000000, 0x000000008d000000| Untracked 
| 209|0x000000008d100000, 0x000000008d100000, 0x000000008d200000|  0%| F|  |TAMS 0x000000008d100000, 0x000000008d100000| Untracked 

Card table byte_map: [0x000001e21aa60000,0x000001e21ae60000] _byte_map_base: 0x000001e21a660000

Marking Bits (Prev, Next): (CMBitMap*) 0x000001e203beb6d0, (CMBitMap*) 0x000001e203beb710
 Prev Bits: [0x000001e21b260000, 0x000001e21d260000)
 Next Bits: [0x000001e21d260000, 0x000001e21f260000)

Polling page: 0x000001e203390000

Metaspace:

Usage:
  Non-class:     76.16 MB used.
      Class:     11.29 MB used.
       Both:     87.46 MB used.

Virtual space:
  Non-class space:       80.00 MB reserved,      76.50 MB ( 96%) committed,  10 nodes.
      Class space:        1.00 GB reserved,      11.56 MB (  1%) committed,  1 nodes.
              Both:        1.08 GB reserved,      88.06 MB (  8%) committed. 

Chunk freelists:
   Non-Class:  3.36 MB
       Class:  272.00 KB
        Both:  3.62 MB

MaxMetaspaceSize: 17179869184.00 GB
CompressedClassSpaceSize: 1.00 GB
 - commit_granule_bytes: 65536.
 - commit_granule_words: 8192.
 - virtual_space_node_default_size: 1048576.
 - enlarge_chunks_in_place: 1.
 - new_chunks_are_fully_committed: 0.
 - uncommit_free_chunks: 1.
 - use_allocation_guard: 0.
 - handle_deallocations: 1.


Internal statistics:

num_allocs_failed_limit: 6.
num_arena_births: 816.
num_arena_deaths: 14.
num_vsnodes_births: 11.
num_vsnodes_deaths: 0.
num_space_committed: 1408.
num_space_uncommitted: 0.
num_chunks_returned_to_freelist: 24.
num_chunks_taken_from_freelist: 4300.
num_chunk_merges: 13.
num_chunk_splits: 2899.
num_chunks_enlarged: 1979.
num_purges: 2.

CodeHeap 'non-profiled nmethods': size=120000Kb used=6466Kb max_used=7085Kb free=113533Kb
 bounds [0x000001e212e00000, 0x000001e2134f0000, 0x000001e21a330000]
CodeHeap 'profiled nmethods': size=120000Kb used=22138Kb max_used=22575Kb free=97861Kb
 bounds [0x000001e20b8d0000, 0x000001e20cee0000, 0x000001e212e00000]
CodeHeap 'non-nmethods': size=5760Kb used=2510Kb max_used=2572Kb free=3249Kb
 bounds [0x000001e20b330000, 0x000001e20b5c0000, 0x000001e20b8d0000]
 total_blobs=12264 nmethods=11212 adapters=964
 compilation: enabled
              stopped_count=0, restarted_count=0
 full_count=0

Compilation events (20 events):
Event: 14.722 Thread 0x000001e221c4ed50 13135       3       kotlin.reflect.jvm.internal.impl.renderer.DescriptorRendererOptionsImpl::property (21 bytes)
Event: 14.723 Thread 0x000001e221c4ed50 nmethod 13135 0x000001e20c4ee290 code [0x000001e20c4ee460, 0x000001e20c4ee7f8]
Event: 14.723 Thread 0x000001e221c4ed50 13136       3       kotlin.reflect.jvm.internal.impl.renderer.DescriptorRendererOptionsImpl$property$$inlined$vetoable$1::<init> (16 bytes)
Event: 14.723 Thread 0x000001e221c4ed50 nmethod 13136 0x000001e20c0af890 code [0x000001e20c0afa40, 0x000001e20c0afd18]
Event: 14.746 Thread 0x000001e221c4ed50 13137   !   3       jdk.internal.loader.AbstractClassLoaderValue::get (21 bytes)
Event: 14.746 Thread 0x000001e221c4ed50 nmethod 13137 0x000001e20c3bd210 code [0x000001e20c3bd420, 0x000001e20c3bdae8]
Event: 14.746 Thread 0x000001e221c4ed50 13138       3       java.lang.CompoundEnumeration::next (58 bytes)
Event: 14.747 Thread 0x000001e221c4ed50 nmethod 13138 0x000001e20c95bf90 code [0x000001e20c95c160, 0x000001e20c95c4c8]
Event: 14.747 Thread 0x000001e221c4ed50 13139       3       java.net.URLClassLoader$3::next (66 bytes)
Event: 14.747 Thread 0x000001e221c49e40 13140   !   4       java.net.URLClassLoader::findClass (47 bytes)
Event: 14.747 Thread 0x000001e221c4ed50 nmethod 13139 0x000001e20bcc1910 code [0x000001e20bcc1b60, 0x000001e20bcc2448]
Event: 14.749 Thread 0x000001e221c49e40 nmethod 13140 0x000001e2130bc090 code [0x000001e2130bc260, 0x000001e2130bc488]
Event: 14.798 Thread 0x000001e221c4ed50 13141       3       kotlin.reflect.jvm.internal.impl.name.FqNameUnsafe::<init> (28 bytes)
Event: 14.798 Thread 0x000001e221c4ed50 nmethod 13141 0x000001e20c14cf10 code [0x000001e20c14d0c0, 0x000001e20c14d3c8]
Event: 14.812 Thread 0x000001e221c4ed50 13142       3       kotlin.reflect.jvm.internal.pcollections.HashPMap::get (54 bytes)
Event: 14.812 Thread 0x000001e221c4ed50 nmethod 13142 0x000001e20b923790 code [0x000001e20b9239a0, 0x000001e20b9241a8]
Event: 14.820 Thread 0x000001e221c4ed50 13143       3       kotlin.reflect.jvm.internal.impl.name.FqName::isRoot (8 bytes)
Event: 14.821 Thread 0x000001e221c4ed50 nmethod 13143 0x000001e20c1f0410 code [0x000001e20c1f05c0, 0x000001e20c1f0818]
Event: 14.827 Thread 0x000001e221c49e40 13144       4       java.security.SecureClassLoader$CodeSourceKey::hashCode (21 bytes)
Event: 14.832 Thread 0x000001e221c49e40 nmethod 13144 0x000001e212e6eb10 code [0x000001e212e6eca0, 0x000001e212e6f058]

GC Heap History (20 events):
Event: 10.705 GC heap after
{Heap after GC invocations=35 (full 0):
 garbage-first heap   total 158720K, used 94926K [0x0000000080000000, 0x0000000100000000)
  region size 1024K, 4 young (4096K), 4 survivors (4096K)
 Metaspace       used 75412K, committed 75904K, reserved 1122304K
  class space    used 10136K, committed 10368K, reserved 1048576K
}
Event: 11.002 GC heap before
{Heap before GC invocations=35 (full 0):
 garbage-first heap   total 158720K, used 113358K [0x0000000080000000, 0x0000000100000000)
  region size 1024K, 24 young (24576K), 4 survivors (4096K)
 Metaspace       used 77229K, committed 77824K, reserved 1122304K
  class space    used 10325K, committed 10624K, reserved 1048576K
}
Event: 11.008 GC heap after
{Heap after GC invocations=36 (full 0):
 garbage-first heap   total 191488K, used 98339K [0x0000000080000000, 0x0000000100000000)
  region size 1024K, 3 young (3072K), 3 survivors (3072K)
 Metaspace       used 77229K, committed 77824K, reserved 1122304K
  class space    used 10325K, committed 10624K, reserved 1048576K
}
Event: 11.210 GC heap before
{Heap before GC invocations=37 (full 0):
 garbage-first heap   total 191488K, used 105507K [0x0000000080000000, 0x0000000100000000)
  region size 1024K, 10 young (10240K), 3 survivors (3072K)
 Metaspace       used 78964K, committed 79488K, reserved 1122304K
  class space    used 10488K, committed 10752K, reserved 1048576K
}
Event: 11.217 GC heap after
{Heap after GC invocations=38 (full 0):
 garbage-first heap   total 191488K, used 103850K [0x0000000080000000, 0x0000000100000000)
  region size 1024K, 6 young (6144K), 6 survivors (6144K)
 Metaspace       used 78964K, committed 79488K, reserved 1122304K
  class space    used 10488K, committed 10752K, reserved 1048576K
}
Event: 12.030 GC heap before
{Heap before GC invocations=39 (full 0):
 garbage-first heap   total 198656K, used 142762K [0x0000000080000000, 0x0000000100000000)
  region size 1024K, 35 young (35840K), 6 survivors (6144K)
 Metaspace       used 79691K, committed 80192K, reserved 1122304K
  class space    used 10558K, committed 10816K, reserved 1048576K
}
Event: 12.038 GC heap after
{Heap after GC invocations=40 (full 0):
 garbage-first heap   total 198656K, used 104939K [0x0000000080000000, 0x0000000100000000)
  region size 1024K, 4 young (4096K), 4 survivors (4096K)
 Metaspace       used 79691K, committed 80192K, reserved 1122304K
  class space    used 10558K, committed 10816K, reserved 1048576K
}
Event: 12.149 GC heap before
{Heap before GC invocations=40 (full 0):
 garbage-first heap   total 198656K, used 111083K [0x0000000080000000, 0x0000000100000000)
  region size 1024K, 12 young (12288K), 4 survivors (4096K)
 Metaspace       used 79714K, committed 80256K, reserved 1122304K
  class space    used 10560K, committed 10816K, reserved 1048576K
}
Event: 12.156 GC heap after
{Heap after GC invocations=41 (full 0):
 garbage-first heap   total 198656K, used 109867K [0x0000000080000000, 0x0000000100000000)
  region size 1024K, 5 young (5120K), 5 survivors (5120K)
 Metaspace       used 79714K, committed 80256K, reserved 1122304K
  class space    used 10560K, committed 10816K, reserved 1048576K
}
Event: 12.521 GC heap before
{Heap before GC invocations=42 (full 0):
 garbage-first heap   total 215040K, used 157995K [0x0000000080000000, 0x0000000100000000)
  region size 1024K, 39 young (39936K), 5 survivors (5120K)
 Metaspace       used 80998K, committed 81536K, reserved 1122304K
  class space    used 10663K, committed 10944K, reserved 1048576K
}
Event: 12.526 GC heap after
{Heap after GC invocations=43 (full 0):
 garbage-first heap   total 215040K, used 110253K [0x0000000080000000, 0x0000000100000000)
  region size 1024K, 5 young (5120K), 5 survivors (5120K)
 Metaspace       used 80998K, committed 81536K, reserved 1122304K
  class space    used 10663K, committed 10944K, reserved 1048576K
}
Event: 12.902 GC heap before
{Heap before GC invocations=43 (full 0):
 garbage-first heap   total 215040K, used 147117K [0x0000000080000000, 0x0000000100000000)
  region size 1024K, 43 young (44032K), 5 survivors (5120K)
 Metaspace       used 83352K, committed 83968K, reserved 1122304K
  class space    used 10840K, committed 11136K, reserved 1048576K
}
Event: 12.907 GC heap after
{Heap after GC invocations=44 (full 0):
 garbage-first heap   total 215040K, used 112849K [0x0000000080000000, 0x0000000100000000)
  region size 1024K, 3 young (3072K), 3 survivors (3072K)
 Metaspace       used 83352K, committed 83968K, reserved 1122304K
  class space    used 10840K, committed 11136K, reserved 1048576K
}
Event: 13.343 GC heap before
{Heap before GC invocations=45 (full 0):
 garbage-first heap   total 215040K, used 191697K [0x0000000080000000, 0x0000000100000000)
  region size 1024K, 50 young (51200K), 3 survivors (3072K)
 Metaspace       used 84421K, committed 84992K, reserved 1130496K
  class space    used 10914K, committed 11200K, reserved 1048576K
}
Event: 13.348 GC heap after
{Heap after GC invocations=46 (full 0):
 garbage-first heap   total 215040K, used 105979K [0x0000000080000000, 0x0000000100000000)
  region size 1024K, 5 young (5120K), 5 survivors (5120K)
 Metaspace       used 84421K, committed 84992K, reserved 1130496K
  class space    used 10914K, committed 11200K, reserved 1048576K
}
Event: 13.510 GC heap before
{Heap before GC invocations=46 (full 0):
 garbage-first heap   total 215040K, used 117243K [0x0000000080000000, 0x0000000100000000)
  region size 1024K, 10 young (10240K), 5 survivors (5120K)
 Metaspace       used 84451K, committed 85056K, reserved 1130496K
  class space    used 10914K, committed 11200K, reserved 1048576K
}
Event: 13.516 GC heap after
{Heap after GC invocations=47 (full 0):
 garbage-first heap   total 215040K, used 88668K [0x0000000080000000, 0x0000000100000000)
  region size 1024K, 1 young (1024K), 1 survivors (1024K)
 Metaspace       used 84451K, committed 85056K, reserved 1130496K
  class space    used 10914K, committed 11200K, reserved 1048576K
}
Event: 13.559 GC heap before
{Heap before GC invocations=47 (full 0):
 garbage-first heap   total 215040K, used 97884K [0x0000000080000000, 0x0000000100000000)
  region size 1024K, 3 young (3072K), 1 survivors (1024K)
 Metaspace       used 84465K, committed 85056K, reserved 1130496K
  class space    used 10914K, committed 11200K, reserved 1048576K
}
Event: 13.561 GC heap after
{Heap after GC invocations=48 (full 0):
 garbage-first heap   total 215040K, used 94326K [0x0000000080000000, 0x0000000100000000)
  region size 1024K, 1 young (1024K), 1 survivors (1024K)
 Metaspace       used 84465K, committed 85056K, reserved 1130496K
  class space    used 10914K, committed 11200K, reserved 1048576K
}
Event: 14.859 GC heap before
{Heap before GC invocations=48 (full 0):
 garbage-first heap   total 215040K, used 166006K [0x0000000080000000, 0x0000000100000000)
  region size 1024K, 66 young (67584K), 1 survivors (1024K)
 Metaspace       used 89554K, committed 90176K, reserved 1130496K
  class space    used 11563K, committed 11840K, reserved 1048576K
}

Deoptimization events (20 events):
Event: 14.546 Thread 0x000001e22700f5c0 Uncommon trap: trap_request=0xffffff45 fr.pc=0x000001e2132fad90 relative=0x00000000000011d0
Event: 14.546 Thread 0x000001e22700f5c0 Uncommon trap: reason=unstable_if action=reinterpret pc=0x000001e2132fad90 method=org.gradle.internal.snapshot.VfsRelativePath.compareToFirstSegment(Ljava/lang/String;Lorg/gradle/internal/snapshot/CaseSensitivity;)I @ 134 c2
Event: 14.546 Thread 0x000001e22700f5c0 DEOPT PACKING pc=0x000001e2132fad90 sp=0x0000001e722fc7b0
Event: 14.546 Thread 0x000001e22700f5c0 DEOPT UNPACKING pc=0x000001e20b37f92e sp=0x0000001e722fc730 mode 2
Event: 14.550 Thread 0x000001e225358600 Uncommon trap: trap_request=0xffffffbe fr.pc=0x000001e21300ac58 relative=0x0000000000000578
Event: 14.550 Thread 0x000001e225358600 Uncommon trap: reason=profile_predicate action=maybe_recompile pc=0x000001e21300ac58 method=com.esotericsoftware.kryo.io.Output.writeString(Ljava/lang/CharSequence;)V @ 67 c2
Event: 14.550 Thread 0x000001e225358600 DEOPT PACKING pc=0x000001e21300ac58 sp=0x0000001e6c3fe520
Event: 14.550 Thread 0x000001e225358600 DEOPT UNPACKING pc=0x000001e20b37f92e sp=0x0000001e6c3fe4a0 mode 2
Event: 14.550 Thread 0x000001e22700fb10 Uncommon trap: trap_request=0xffffffbe fr.pc=0x000001e21300ac58 relative=0x0000000000000578
Event: 14.551 Thread 0x000001e22700fb10 Uncommon trap: reason=profile_predicate action=maybe_recompile pc=0x000001e21300ac58 method=com.esotericsoftware.kryo.io.Output.writeString(Ljava/lang/CharSequence;)V @ 67 c2
Event: 14.551 Thread 0x000001e22700fb10 DEOPT PACKING pc=0x000001e21300ac58 sp=0x0000001e724fe560
Event: 14.551 Thread 0x000001e22700fb10 DEOPT UNPACKING pc=0x000001e20b37f92e sp=0x0000001e724fe4e0 mode 2
Event: 14.553 Thread 0x000001e223d00e70 Uncommon trap: trap_request=0xffffffbe fr.pc=0x000001e21300ac58 relative=0x0000000000000578
Event: 14.553 Thread 0x000001e223d00e70 Uncommon trap: reason=profile_predicate action=maybe_recompile pc=0x000001e21300ac58 method=com.esotericsoftware.kryo.io.Output.writeString(Ljava/lang/CharSequence;)V @ 67 c2
Event: 14.553 Thread 0x000001e223d00e70 DEOPT PACKING pc=0x000001e21300ac58 sp=0x0000001e6b3fe510
Event: 14.553 Thread 0x000001e223d00e70 DEOPT UNPACKING pc=0x000001e20b37f92e sp=0x0000001e6b3fe490 mode 2
Event: 14.553 Thread 0x000001e223d00e70 Uncommon trap: trap_request=0xffffffbe fr.pc=0x000001e21300ac58 relative=0x0000000000000578
Event: 14.553 Thread 0x000001e223d00e70 Uncommon trap: reason=profile_predicate action=maybe_recompile pc=0x000001e21300ac58 method=com.esotericsoftware.kryo.io.Output.writeString(Ljava/lang/CharSequence;)V @ 67 c2
Event: 14.553 Thread 0x000001e223d00e70 DEOPT PACKING pc=0x000001e21300ac58 sp=0x0000001e6b3fe510
Event: 14.553 Thread 0x000001e223d00e70 DEOPT UNPACKING pc=0x000001e20b37f92e sp=0x0000001e6b3fe490 mode 2

Classes unloaded (7 events):
Event: 9.808 Thread 0x000001e221c2e1c0 Unloading class 0x0000000801615c00 'java/lang/invoke/LambdaForm$DMH+0x0000000801615c00'
Event: 9.808 Thread 0x000001e221c2e1c0 Unloading class 0x0000000801615800 'java/lang/invoke/LambdaForm$DMH+0x0000000801615800'
Event: 9.808 Thread 0x000001e221c2e1c0 Unloading class 0x0000000801615400 'java/lang/invoke/LambdaForm$DMH+0x0000000801615400'
Event: 9.808 Thread 0x000001e221c2e1c0 Unloading class 0x0000000801615000 'java/lang/invoke/LambdaForm$DMH+0x0000000801615000'
Event: 9.808 Thread 0x000001e221c2e1c0 Unloading class 0x0000000801614c00 'java/lang/invoke/LambdaForm$DMH+0x0000000801614c00'
Event: 9.808 Thread 0x000001e221c2e1c0 Unloading class 0x0000000801614400 'java/lang/invoke/LambdaForm$DMH+0x0000000801614400'
Event: 9.808 Thread 0x000001e221c2e1c0 Unloading class 0x0000000801614000 'java/lang/invoke/LambdaForm$DMH+0x0000000801614000'

Classes redefined (0 events):
No events

Internal exceptions (20 events):
Event: 13.772 Thread 0x000001e227009b70 Exception <a 'sun/nio/fs/WindowsException'{0x000000008cc20358}> (0x000000008cc20358) 
thrown [t:\workspace\open\src\hotspot\share\prims\jni.cpp, line 579]
Event: 13.775 Thread 0x000001e227009b70 Exception <a 'sun/nio/fs/WindowsException'{0x000000008ccc0b78}> (0x000000008ccc0b78) 
thrown [t:\workspace\open\src\hotspot\share\prims\jni.cpp, line 579]
Event: 13.777 Thread 0x000001e227009b70 Exception <a 'sun/nio/fs/WindowsException'{0x000000008ccc1dd0}> (0x000000008ccc1dd0) 
thrown [t:\workspace\open\src\hotspot\share\prims\jni.cpp, line 579]
Event: 13.782 Thread 0x000001e227009b70 Exception <a 'sun/nio/fs/WindowsException'{0x000000008ccc3048}> (0x000000008ccc3048) 
thrown [t:\workspace\open\src\hotspot\share\prims\jni.cpp, line 579]
Event: 13.785 Thread 0x000001e227009b70 Exception <a 'sun/nio/fs/WindowsException'{0x000000008cce28c8}> (0x000000008cce28c8) 
thrown [t:\workspace\open\src\hotspot\share\prims\jni.cpp, line 579]
Event: 13.788 Thread 0x000001e227009b70 Exception <a 'sun/nio/fs/WindowsException'{0x000000008cce3b00}> (0x000000008cce3b00) 
thrown [t:\workspace\open\src\hotspot\share\prims\jni.cpp, line 579]
Event: 13.790 Thread 0x000001e227009b70 Exception <a 'sun/nio/fs/WindowsException'{0x000000008cce4d30}> (0x000000008cce4d30) 
thrown [t:\workspace\open\src\hotspot\share\prims\jni.cpp, line 579]
Event: 13.793 Thread 0x000001e227009b70 Exception <a 'sun/nio/fs/WindowsException'{0x000000008cce5f70}> (0x000000008cce5f70) 
thrown [t:\workspace\open\src\hotspot\share\prims\jni.cpp, line 579]
Event: 13.794 Thread 0x000001e227009b70 Exception <a 'sun/nio/fs/WindowsException'{0x000000008cb1a098}> (0x000000008cb1a098) 
thrown [t:\workspace\open\src\hotspot\share\prims\jni.cpp, line 579]
Event: 13.796 Thread 0x000001e227009b70 Exception <a 'sun/nio/fs/WindowsException'{0x000000008cb1b290}> (0x000000008cb1b290) 
thrown [t:\workspace\open\src\hotspot\share\prims\jni.cpp, line 579]
Event: 13.798 Thread 0x000001e227009b70 Exception <a 'sun/nio/fs/WindowsException'{0x000000008cb1c430}> (0x000000008cb1c430) 
thrown [t:\workspace\open\src\hotspot\share\prims\jni.cpp, line 579]
Event: 13.800 Thread 0x000001e227009b70 Exception <a 'sun/nio/fs/WindowsException'{0x000000008cb22960}> (0x000000008cb22960) 
thrown [t:\workspace\open\src\hotspot\share\prims\jni.cpp, line 579]
Event: 13.802 Thread 0x000001e227009b70 Exception <a 'sun/nio/fs/WindowsException'{0x000000008cb23c50}> (0x000000008cb23c50) 
thrown [t:\workspace\open\src\hotspot\share\prims\jni.cpp, line 579]
Event: 13.804 Thread 0x000001e227009b70 Exception <a 'sun/nio/fs/WindowsException'{0x000000008cb24f88}> (0x000000008cb24f88) 
thrown [t:\workspace\open\src\hotspot\share\prims\jni.cpp, line 579]
Event: 13.806 Thread 0x000001e227009b70 Exception <a 'sun/nio/fs/WindowsException'{0x000000008cb3f838}> (0x000000008cb3f838) 
thrown [t:\workspace\open\src\hotspot\share\prims\jni.cpp, line 579]
Event: 13.808 Thread 0x000001e227009b70 Exception <a 'sun/nio/fs/WindowsException'{0x000000008cb40aa8}> (0x000000008cb40aa8) 
thrown [t:\workspace\open\src\hotspot\share\prims\jni.cpp, line 579]
Event: 13.810 Thread 0x000001e227009b70 Exception <a 'sun/nio/fs/WindowsException'{0x000000008cb41cc0}> (0x000000008cb41cc0) 
thrown [t:\workspace\open\src\hotspot\share\prims\jni.cpp, line 579]
Event: 13.813 Thread 0x000001e227009b70 Exception <a 'sun/nio/fs/WindowsException'{0x000000008cb657a0}> (0x000000008cb657a0) 
thrown [t:\workspace\open\src\hotspot\share\prims\jni.cpp, line 579]
Event: 13.816 Thread 0x000001e227009b70 Exception <a 'sun/nio/fs/WindowsException'{0x000000008cb66a48}> (0x000000008cb66a48) 
thrown [t:\workspace\open\src\hotspot\share\prims\jni.cpp, line 579]
Event: 14.443 Thread 0x000001e22700f5c0 Implicit null exception at 0x000001e212f42672 to 0x000001e212f42dc0

Events (20 events):
Event: 14.497 Thread 0x000001e221c51ab0 flushing nmethod 0x000001e20c9fb590
Event: 14.497 Thread 0x000001e221c51ab0 flushing nmethod 0x000001e20c9fe010
Event: 14.497 Thread 0x000001e221c51ab0 flushing nmethod 0x000001e20ca0e410
Event: 14.497 Thread 0x000001e221c51ab0 flushing nmethod 0x000001e20ca10210
Event: 14.497 Thread 0x000001e221c51ab0 flushing nmethod 0x000001e20ca1d210
Event: 14.497 Thread 0x000001e221c51ab0 flushing nmethod 0x000001e20ca20810
Event: 14.497 Thread 0x000001e221c51ab0 flushing nmethod 0x000001e20ca33e10
Event: 14.497 Thread 0x000001e221c51ab0 flushing nmethod 0x000001e20ca38610
Event: 14.497 Thread 0x000001e221c51ab0 flushing nmethod 0x000001e20ca51a10
Event: 14.497 Thread 0x000001e221c51ab0 flushing nmethod 0x000001e20ca51e90
Event: 14.497 Thread 0x000001e221c51ab0 flushing nmethod 0x000001e20ca52490
Event: 14.497 Thread 0x000001e221c51ab0 flushing nmethod 0x000001e20ca52a10
Event: 14.497 Thread 0x000001e221c51ab0 flushing nmethod 0x000001e20ca53890
Event: 14.497 Thread 0x000001e221c51ab0 flushing nmethod 0x000001e20ca90290
Event: 14.497 Thread 0x000001e221c51ab0 flushing nmethod 0x000001e20ca94f90
Event: 14.569 loading class jdk/internal/reflect/UnsafeQualifiedIntegerFieldAccessorImpl
Event: 14.570 loading class jdk/internal/reflect/UnsafeQualifiedIntegerFieldAccessorImpl done
Event: 14.722 Thread 0x000001e222a43c50 Thread exited: 0x000001e222a43c50
Event: 14.746 Thread 0x000001e2228db710 Thread exited: 0x000001e2228db710
Event: 14.859 Executing  VM operation: G1CollectForAllocation


Dynamic libraries:
0x00007ff6acd30000 - 0x00007ff6acd40000 	C:\Program Files\Java\jdk-16.0.2\bin\java.exe
0x00007ff919b30000 - 0x00007ff919d28000 	C:\WINDOWS\SYSTEM32\ntdll.dll
0x00007ff917df0000 - 0x00007ff917ead000 	C:\WINDOWS\System32\KERNEL32.DLL
0x00007ff9175a0000 - 0x00007ff91786e000 	C:\WINDOWS\System32\KERNELBASE.dll
0x00007ff917a60000 - 0x00007ff917b60000 	C:\WINDOWS\System32\ucrtbase.dll
0x00007ff9111a0000 - 0x00007ff9111b8000 	C:\Program Files\Java\jdk-16.0.2\bin\jli.dll
0x00007ff90b270000 - 0x00007ff90b289000 	C:\Program Files\Java\jdk-16.0.2\bin\VCRUNTIME140.dll
0x00007ff9183c0000 - 0x00007ff91846e000 	C:\WINDOWS\System32\ADVAPI32.dll
0x00007ff919a40000 - 0x00007ff919ade000 	C:\WINDOWS\System32\msvcrt.dll
0x00007ff9195d0000 - 0x00007ff91966c000 	C:\WINDOWS\System32\sechost.dll
0x00007ff917b90000 - 0x00007ff917cb5000 	C:\WINDOWS\System32\RPCRT4.dll
0x00007ff918dd0000 - 0x00007ff918f70000 	C:\WINDOWS\System32\USER32.dll
0x00007ff917460000 - 0x00007ff917482000 	C:\WINDOWS\System32\win32u.dll
0x00007ff901050000 - 0x00007ff9012ea000 	C:\WINDOWS\WinSxS\amd64_microsoft.windows.common-controls_6595b64144ccf1df_6.0.19041.1110_none_60b5254171f9507e\COMCTL32.dll
0x00007ff918470000 - 0x00007ff91849a000 	C:\WINDOWS\System32\GDI32.dll
0x00007ff917490000 - 0x00007ff91759b000 	C:\WINDOWS\System32\gdi32full.dll
0x00007ff917250000 - 0x00007ff9172ed000 	C:\WINDOWS\System32\msvcp_win.dll
0x00007ff9112c0000 - 0x00007ff9112ca000 	C:\WINDOWS\SYSTEM32\VERSION.dll
0x00007ff919670000 - 0x00007ff9196a0000 	C:\WINDOWS\System32\IMM32.DLL
0x00007ff911190000 - 0x00007ff91119c000 	C:\Program Files\Java\jdk-16.0.2\bin\vcruntime140_1.dll
0x00007ff8f7380000 - 0x00007ff8f7411000 	C:\Program Files\Java\jdk-16.0.2\bin\msvcp140.dll
0x00007ff8ae800000 - 0x00007ff8af3ab000 	C:\Program Files\Java\jdk-16.0.2\bin\server\jvm.dll
0x00007ff919880000 - 0x00007ff919888000 	C:\WINDOWS\System32\PSAPI.DLL
0x00007ff912680000 - 0x00007ff912689000 	C:\WINDOWS\SYSTEM32\WSOCK32.dll
0x00007ff9150d0000 - 0x00007ff9150f7000 	C:\WINDOWS\SYSTEM32\WINMM.dll
0x00007ff9199d0000 - 0x00007ff919a3b000 	C:\WINDOWS\System32\WS2_32.dll
0x00007ff915b10000 - 0x00007ff915b22000 	C:\WINDOWS\SYSTEM32\kernel.appcore.dll
0x00007ff90b250000 - 0x00007ff90b25a000 	C:\Program Files\Java\jdk-16.0.2\bin\jimage.dll
0x00007ff914ee0000 - 0x00007ff9150c4000 	C:\WINDOWS\SYSTEM32\DBGHELP.DLL
0x00007ff914d60000 - 0x00007ff914d8c000 	C:\WINDOWS\SYSTEM32\dbgcore.DLL
0x00007ff917870000 - 0x00007ff9178f2000 	C:\WINDOWS\System32\bcryptPrimitives.dll
0x00007ff909ca0000 - 0x00007ff909cc5000 	C:\Program Files\Java\jdk-16.0.2\bin\java.dll
0x00007ff9184a0000 - 0x00007ff918be4000 	C:\WINDOWS\System32\SHELL32.dll
0x00007ff915330000 - 0x00007ff915ac4000 	C:\WINDOWS\SYSTEM32\windows.storage.dll
0x00007ff918060000 - 0x00007ff9183b4000 	C:\WINDOWS\System32\combase.dll
0x00007ff916cb0000 - 0x00007ff916ce0000 	C:\WINDOWS\SYSTEM32\Wldp.dll
0x00007ff9197d0000 - 0x00007ff91987d000 	C:\WINDOWS\System32\SHCORE.dll
0x00007ff9196c0000 - 0x00007ff919715000 	C:\WINDOWS\System32\shlwapi.dll
0x00007ff917190000 - 0x00007ff9171af000 	C:\WINDOWS\SYSTEM32\profapi.dll
0x00007ff909c80000 - 0x00007ff909c99000 	C:\Program Files\Java\jdk-16.0.2\bin\net.dll
0x00007ff901ce0000 - 0x00007ff901dea000 	C:\WINDOWS\SYSTEM32\WINHTTP.dll
0x00007ff916a10000 - 0x00007ff916a7a000 	C:\WINDOWS\system32\mswsock.dll
0x00007ff909c60000 - 0x00007ff909c73000 	C:\Program Files\Java\jdk-16.0.2\bin\nio.dll
0x00007ff909c40000 - 0x00007ff909c58000 	C:\Program Files\Java\jdk-16.0.2\bin\zip.dll
0x00007ff8ffaa0000 - 0x00007ff8ffab0000 	C:\Program Files\Java\jdk-16.0.2\bin\verify.dll
0x00007ff912740000 - 0x00007ff912767000 	C:\Users\ITECH\.gradle\native\e1d6ef7f7dcc3fd88c89a11ec53ec762bb8ba0a96d01ffa2cd45eb1d1d8dd5c5\windows-amd64\native-platform.dll
0x00007ff8f1d00000 - 0x00007ff8f1e44000 	C:\Users\ITECH\.gradle\native\5664cfc778a61ccfe75a443a1ab52a65af34e5dc3c78e0209fed803814484fcb\windows-amd64\native-platform-file-events.dll
0x00007ff8ffa90000 - 0x00007ff8ffa99000 	C:\Program Files\Java\jdk-16.0.2\bin\management.dll
0x00007ff8ffa80000 - 0x00007ff8ffa8b000 	C:\Program Files\Java\jdk-16.0.2\bin\management_ext.dll
0x00007ff916c00000 - 0x00007ff916c18000 	C:\WINDOWS\SYSTEM32\CRYPTSP.dll
0x00007ff916320000 - 0x00007ff916354000 	C:\WINDOWS\system32\rsaenh.dll
0x00007ff917b60000 - 0x00007ff917b87000 	C:\WINDOWS\System32\bcrypt.dll
0x00007ff917110000 - 0x00007ff91713e000 	C:\WINDOWS\SYSTEM32\USERENV.dll
0x00007ff916c20000 - 0x00007ff916c2c000 	C:\WINDOWS\SYSTEM32\CRYPTBASE.dll
0x00007ff9166b0000 - 0x00007ff9166eb000 	C:\WINDOWS\SYSTEM32\IPHLPAPI.DLL
0x00007ff919ae0000 - 0x00007ff919ae8000 	C:\WINDOWS\System32\NSI.dll
0x00007ff904f10000 - 0x00007ff904f27000 	C:\WINDOWS\SYSTEM32\dhcpcsvc6.DLL
0x00007ff90b5d0000 - 0x00007ff90b5ed000 	C:\WINDOWS\SYSTEM32\dhcpcsvc.DLL
0x00007ff916700000 - 0x00007ff9167ca000 	C:\WINDOWS\SYSTEM32\DNSAPI.dll
0x00007ff8ffa70000 - 0x00007ff8ffa7e000 	C:\Program Files\Java\jdk-16.0.2\bin\sunmscapi.dll
0x00007ff917900000 - 0x00007ff917a56000 	C:\WINDOWS\System32\CRYPT32.dll
0x00007ff916d20000 - 0x00007ff916d47000 	C:\WINDOWS\SYSTEM32\ncrypt.dll
0x00007ff916ce0000 - 0x00007ff916d1b000 	C:\WINDOWS\SYSTEM32\NTASN1.dll
0x00007ff8c98d0000 - 0x00007ff8c98d7000 	C:\WINDOWS\system32\wshunix.dll
0x00007ff8ee000000 - 0x00007ff8ee180000 	C:\Program Files\Java\jdk-16.0.2\bin\awt.dll
0x00007ff918c80000 - 0x00007ff918d4d000 	C:\WINDOWS\System32\OLEAUT32.dll
0x00007ff914240000 - 0x00007ff9142d0000 	C:\WINDOWS\SYSTEM32\apphelp.dll
0x00007ff914920000 - 0x00007ff91494f000 	C:\WINDOWS\system32\DWMAPI.DLL
0x00007ff914640000 - 0x00007ff9146de000 	C:\WINDOWS\system32\uxtheme.dll
0x00007ff915f50000 - 0x00007ff915f83000 	C:\WINDOWS\SYSTEM32\ntmarta.dll

dbghelp: loaded successfully - version: 4.0.5 - missing functions: none
symbol engine: initialized successfully - sym options: 0x614 - pdb path: .;C:\Program Files\Java\jdk-16.0.2\bin;C:\WINDOWS\SYSTEM32;C:\WINDOWS\WinSxS\amd64_microsoft.windows.common-controls_6595b64144ccf1df_6.0.19041.1110_none_60b5254171f9507e;C:\Program Files\Java\jdk-16.0.2\bin\server;C:\Users\ITECH\.gradle\native\e1d6ef7f7dcc3fd88c89a11ec53ec762bb8ba0a96d01ffa2cd45eb1d1d8dd5c5\windows-amd64;C:\Users\ITECH\.gradle\native\5664cfc778a61ccfe75a443a1ab52a65af34e5dc3c78e0209fed803814484fcb\windows-amd64

VM Arguments:
jvm_args: --add-opens=java.base/java.util=ALL-UNNAMED --add-opens=java.base/java.lang=ALL-UNNAMED --add-opens=java.base/java.lang.invoke=ALL-UNNAMED --add-opens=java.base/java.util=ALL-UNNAMED --add-opens=java.prefs/java.util.prefs=ALL-UNNAMED --add-opens=java.prefs/java.util.prefs=ALL-UNNAMED --add-opens=java.base/java.nio.charset=ALL-UNNAMED --add-opens=java.base/java.net=ALL-UNNAMED --add-opens=java.base/java.util.concurrent.atomic=ALL-UNNAMED -Xmx2048m -Dfile.encoding=UTF-8 -Duser.country=US -Duser.language=en -Duser.variant 
java_command: org.gradle.launcher.daemon.bootstrap.GradleDaemon 7.3.3
java_class_path (initial): C:\Users\ITECH\.gradle\wrapper\dists\gradle-7.3.3-bin\6a41zxkdtcxs8rphpq6y0069z\gradle-7.3.3\lib\gradle-launcher-7.3.3.jar
Launcher Type: SUN_STANDARD

[Global flags]
     intx CICompilerCount                          = 4                                         {product} {ergonomic}
     uint ConcGCThreads                            = 2                                         {product} {ergonomic}
     uint G1ConcRefinementThreads                  = 8                                         {product} {ergonomic}
   size_t G1HeapRegionSize                         = 1048576                                   {product} {ergonomic}
    uintx GCDrainStackTargetSize                   = 64                                        {product} {ergonomic}
   size_t InitialHeapSize                          = 132120576                                 {product} {ergonomic}
   size_t MarkStackSize                            = 4194304                                   {product} {ergonomic}
   size_t MaxHeapSize                              = 2147483648                                {product} {command line}
   size_t MaxNewSize                               = 1287651328                                {product} {ergonomic}
   size_t MinHeapDeltaBytes                        = 1048576                                   {product} {ergonomic}
   size_t MinHeapSize                              = 8388608                                   {product} {ergonomic}
    uintx NonNMethodCodeHeapSize                   = 5839372                                {pd product} {ergonomic}
    uintx NonProfiledCodeHeapSize                  = 122909434                              {pd product} {ergonomic}
    uintx ProfiledCodeHeapSize                     = 122909434                              {pd product} {ergonomic}
    uintx ReservedCodeCacheSize                    = 251658240                              {pd product} {ergonomic}
     bool SegmentedCodeCache                       = true                                      {product} {ergonomic}
   size_t SoftMaxHeapSize                          = 2147483648                             {manageable} {ergonomic}
     bool UseCompressedClassPointers               = true                           {product lp64_product} {ergonomic}
     bool UseCompressedOops                        = true                           {product lp64_product} {ergonomic}
     bool UseG1GC                                  = true                                      {product} {ergonomic}
     bool UseLargePagesIndividualAllocation        = false                                  {pd product} {ergonomic}

Logging:
Log output configuration:
 #0: stdout all=warning uptime,level,tags
 #1: stderr all=off uptime,level,tags

Environment Variables:
JAVA_HOME=C:\Program Files\Java\jdk-16.0.2
PATH=C:\Program Files\Python37\Scripts\;C:\Program Files\Python37\;C:\ProgramData\Oracle\Java\javapath;C:\app\ITECH\product\11.2.0\dbhome_1\bin;C:\Program Files\Common Files\Oracle\Java\javapath;C:\Program Files (x86)\Common Files\Oracle\Java\javapath;C:\WINDOWS\system32;C:\WINDOWS;C:\WINDOWS\System32\Wbem;C:\WINDOWS\System32\WindowsPowerShell\v1.0\;C:\WINDOWS\System32\OpenSSH\;C:\Program Files\Microsoft SQL Server\130\Tools\Binn\;C:\Program Files\Microsoft SQL Server\Client SDK\ODBC\170\Tools\Binn\;C:\Program Files\dotnet\;C:\Program Files\nodejs\;C:\Program Files\Java\jdk-16.0.2\bin;C:\Program Files\Git\cmd;C:\Program Files\Java\jdk-16.0.2\bin;
USERNAME=ITECH
OS=Windows_NT
PROCESSOR_IDENTIFIER=Intel64 Family 6 Model 126 Stepping 5, GenuineIntel



---------------  S Y S T E M  ---------------

OS:
 Windows 10 , 64 bit Build 19041 (10.0.19041.1889)
OS uptime: 0 days 0:54 hours

CPU: total 8 (initial active 8) (4 cores per cpu, 2 threads per core) family 6 model 126 stepping 5 microcode 0xb0, cx8, cmov, fxsr, ht, mmx, 3dnowpref, sse, sse2, sse3, ssse3, sse4.1, sse4.2, popcnt, lzcnt, tsc, tscinvbit, avx, avx2, aes, erms, clmul, bmi1, bmi2, adx, avx512f, avx512dq, avx512cd, avx512bw, avx512vl, sha, fma, vzeroupper, avx512_vpopcntdq, avx512_vpclmulqdq, avx512_vaes, avx512_vnni, clflush, clflushopt, avx512_vmbi2, avx512_vmbi

Memory: 4k page, system-wide physical 7959M (863M free)
TotalPageFile size 7959M (AvailPageFile size 13M)
current process WorkingSet (physical memory assigned to process): 490M, peak: 491M
current process commit charge ("private bytes"): 531M, peak: 582M

vm_info: Java HotSpot(TM) 64-Bit Server VM (16.0.2+7-67) for windows-amd64 JRE (16.0.2+7-67), built on Jun  8 2021 23:24:19 by "mach5one" with MS VC++ 16.7 (VS2019)

END.
