#
# There is insufficient memory for the Java Runtime Environment to continue.
# Native memory allocation (mmap) failed to map 57671680 bytes for G1 virtual space
# Possible reasons:
#   The system is out of physical RAM or swap space
#   The process is running with CompressedOops enabled, and the Java Heap may be blocking the growth of the native heap
# Possible solutions:
#   Reduce memory load on the system
#   Increase physical memory or swap space
#   Check if swap backing store is full
#   Decrease Java heap size (-Xmx/-Xms)
#   Decrease number of Java threads
#   Decrease Java thread stack sizes (-Xss)
#   Set larger code cache with -XX:ReservedCodeCacheSize=
#   JVM is running with Unscaled Compressed Oops mode in which the Java heap is
#     placed in the first 4GB address space. The Java Heap base address is the
#     maximum limit for the native heap growth. Please use -XX:HeapBaseMinAddress
#     to set the Java Heap base and to place the Java Heap above 4GB virtual address.
# This output file may be truncated or incomplete.
#
#  Out of Memory Error (os_windows.cpp:3466), pid=1236, tid=8548
#
# JRE version: Java(TM) SE Runtime Environment (16.0.2+7) (build 16.0.2+7-67)
# Java VM: Java HotSpot(TM) 64-Bit Server VM (16.0.2+7-67, mixed mode, sharing, tiered, compressed oops, compressed class ptrs, g1 gc, windows-amd64)
# No core dump will be written. Minidumps are not enabled by default on client versions of Windows
#

---------------  S U M M A R Y ------------

Command Line: --add-opens=java.base/java.util=ALL-UNNAMED --add-opens=java.base/java.lang=ALL-UNNAMED --add-opens=java.base/java.lang.invoke=ALL-UNNAMED --add-opens=java.base/java.util=ALL-UNNAMED --add-opens=java.prefs/java.util.prefs=ALL-UNNAMED --add-opens=java.prefs/java.util.prefs=ALL-UNNAMED --add-opens=java.base/java.nio.charset=ALL-UNNAMED --add-opens=java.base/java.net=ALL-UNNAMED --add-opens=java.base/java.util.concurrent.atomic=ALL-UNNAMED -Xmx2048m -Dfile.encoding=UTF-8 -Duser.country=US -Duser.language=en -Duser.variant org.gradle.launcher.daemon.bootstrap.GradleDaemon 7.3.3

Host: Intel(R) Core(TM) i7-1065G7 CPU @ 1.30GHz, 8 cores, 7G,  Windows 10 , 64 bit Build 19041 (10.0.19041.1889)
Time: Mon Aug 22 17:52:37 2022 Egypt Standard Time elapsed time: 9.754997 seconds (0d 0h 0m 9s)

---------------  T H R E A D  ---------------

Current thread (0x000001f2ce6cd300):  VMThread "VM Thread" [stack: 0x000000bddeb00000,0x000000bddec00000] [id=8548]

Stack: [0x000000bddeb00000,0x000000bddec00000]
Native frames: (J=compiled Java code, j=interpreted, Vv=VM code, C=native code)
V  [jvm.dll+0x6681ca]
V  [jvm.dll+0x7c9e69]
V  [jvm.dll+0x7cb61e]
V  [jvm.dll+0x7cbc73]
V  [jvm.dll+0x242c55]
V  [jvm.dll+0x664f89]
V  [jvm.dll+0x659b75]
V  [jvm.dll+0x2fbfbb]
V  [jvm.dll+0x3031b6]
V  [jvm.dll+0x35299e]
V  [jvm.dll+0x352bcf]
V  [jvm.dll+0x2d3028]
V  [jvm.dll+0x2d6596]
V  [jvm.dll+0x2e0aa7]
V  [jvm.dll+0x315550]
V  [jvm.dll+0x7d00ab]
V  [jvm.dll+0x7d0da4]
V  [jvm.dll+0x7d12a9]
V  [jvm.dll+0x7d1564]
V  [jvm.dll+0x7d1630]
V  [jvm.dll+0x7795aa]
V  [jvm.dll+0x667066]
C  [ucrtbase.dll+0x21bb2]
C  [KERNEL32.DLL+0x17034]
C  [ntdll.dll+0x52651]

VM_Operation (0x000000bdde7ff0f0): G1Concurrent, mode: safepoint, requested by thread 0x000001f2b069df10


---------------  P R O C E S S  ---------------

Threads class SMR info:
_java_thread_list=0x000001f2d1369220, length=137, elements={
0x000001f2b064d550, 0x000001f2ce6d0d00, 0x000001f2ce6d1810, 0x000001f2ce6df070,
0x000001f2ce6e59b0, 0x000001f2ce6e62c0, 0x000001f2ce6e77e0, 0x000001f2ce6f2050,
0x000001f2ce6f72d0, 0x000001f2ce6f9840, 0x000001f2cf1b0b80, 0x000001f2cf1b20c0,
0x000001f2cf2c9d40, 0x000001f2cf2cadf0, 0x000001f2cf1aeba0, 0x000001f2cf1b1620,
0x000001f2cf1afb90, 0x000001f2cf1af640, 0x000001f2cf1b00e0, 0x000001f2cf1b1b70,
0x000001f2d2272e70, 0x000001f2d226b440, 0x000001f2d226eeb0, 0x000001f2d226f950,
0x000001f2d2270e90, 0x000001f2d226f400, 0x000001f2d226fea0, 0x000001f2d226e960,
0x000001f2d226b990, 0x000001f2d226c430, 0x000001f2d2270940, 0x000001f2d22703f0,
0x000001f2d2272920, 0x000001f2d22713e0, 0x000001f2d2271e80, 0x000001f2d22723d0,
0x000001f2d226bee0, 0x000001f2d226c980, 0x000001f2d226ced0, 0x000001f2d226d420,
0x000001f2d226d970, 0x000001f2d226dec0, 0x000001f2d226e410, 0x000001f2d40a7750,
0x000001f2d40a7ca0, 0x000001f2d40a81f0, 0x000001f2d40a8740, 0x000001f2d40a7200,
0x000001f2d40a8c90, 0x000001f2d40a2250, 0x000001f2d40a5cc0, 0x000001f2d40a9730,
0x000001f2d40a91e0, 0x000001f2d40a3240, 0x000001f2d40a27a0, 0x000001f2d40a1d00,
0x000001f2d40a2cf0, 0x000001f2d40a3790, 0x000001f2d40a4780, 0x000001f2d40a3ce0,
0x000001f2d40a4230, 0x000001f2d40a6210, 0x000001f2d40a4cd0, 0x000001f2d40a6760,
0x000001f2d40a5220, 0x000001f2d40a5770, 0x000001f2d40a6cb0, 0x000001f2d413f710,
0x000001f2d413ec70, 0x000001f2d41456b0, 0x000001f2d41416f0, 0x000001f2d4142c30,
0x000001f2d4143c20, 0x000001f2d413e720, 0x000001f2d4145160, 0x000001f2d4145c00,
0x000001f2d4143180, 0x000001f2d4144170, 0x000001f2d413f1c0, 0x000001f2d41436d0,
0x000001f2d413fc60, 0x000001f2d41446c0, 0x000001f2d41401b0, 0x000001f2d4141c40,
0x000001f2d4140700, 0x000001f2d4140c50, 0x000001f2d41426e0, 0x000001f2d41411a0,
0x000001f2d4142190, 0x000001f2d4146150, 0x000001f2d4144c10, 0x000001f2d5de0490,
0x000001f2d5ddbf80, 0x000001f2d5ddea00, 0x000001f2d5de2470, 0x000001f2d5ddd4c0,
0x000001f2d5de19d0, 0x000001f2d5de09e0, 0x000001f2d5ddf4a0, 0x000001f2d5ddca20,
0x000001f2d5ddda10, 0x000001f2d5ddf9f0, 0x000001f2d5ddcf70, 0x000001f2d5ddff40,
0x000001f2d5de0f30, 0x000001f2d5de1480, 0x000001f2d5dde4b0, 0x000001f2d5de1f20,
0x000001f2d5de29c0, 0x000001f2d5dddf60, 0x000001f2d5de2f10, 0x000001f2d5de3460,
0x000001f2d5ddba30, 0x000001f2d5ddc4d0, 0x000001f2d5ddef50, 0x000001f2d417a820,
0x000001f2d417c800, 0x000001f2d4178d90, 0x000001f2d417ad70, 0x000001f2d417d7f0,
0x000001f2d417b2c0, 0x000001f2d417b810, 0x000001f2d4179d80, 0x000001f2d417e7e0,
0x000001f2d4178840, 0x000001f2d417cd50, 0x000001f2d41792e0, 0x000001f2d4179830,
0x000001f2d417a2d0, 0x000001f2d41782f0, 0x000001f2d4177da0, 0x000001f2d417f7d0,
0x000001f2d417c2b0, 0x000001f2d417d2a0, 0x000001f2d417dd40, 0x000001f2d417e290,
0x000001f2cf1b0630
}

Java Threads: ( => current thread )
  0x000001f2b064d550 JavaThread "main" [_thread_blocked, id=1384, stack(0x000000bdde500000,0x000000bdde600000)]
  0x000001f2ce6d0d00 JavaThread "Reference Handler" daemon [_thread_blocked, id=9492, stack(0x000000bddec00000,0x000000bdded00000)]
  0x000001f2ce6d1810 JavaThread "Finalizer" daemon [_thread_blocked, id=6636, stack(0x000000bdded00000,0x000000bddee00000)]
  0x000001f2ce6df070 JavaThread "Signal Dispatcher" daemon [_thread_blocked, id=7084, stack(0x000000bddee00000,0x000000bddef00000)]
  0x000001f2ce6e59b0 JavaThread "Attach Listener" daemon [_thread_blocked, id=12660, stack(0x000000bddef00000,0x000000bddf000000)]
  0x000001f2ce6e62c0 JavaThread "Service Thread" daemon [_thread_blocked, id=12080, stack(0x000000bddf000000,0x000000bddf100000)]
  0x000001f2ce6e77e0 JavaThread "Monitor Deflation Thread" daemon [_thread_blocked, id=13140, stack(0x000000bddf100000,0x000000bddf200000)]
  0x000001f2ce6f2050 JavaThread "C2 CompilerThread0" daemon [_thread_in_native, id=8916, stack(0x000000bddf200000,0x000000bddf300000)]
  0x000001f2ce6f72d0 JavaThread "C1 CompilerThread0" daemon [_thread_blocked, id=13084, stack(0x000000bddf300000,0x000000bddf400000)]
  0x000001f2ce6f9840 JavaThread "Sweeper thread" daemon [_thread_blocked, id=11688, stack(0x000000bddf400000,0x000000bddf500000)]
  0x000001f2cf1b0b80 JavaThread "Common-Cleaner" daemon [_thread_blocked, id=7120, stack(0x000000bddf500000,0x000000bddf600000)]
  0x000001f2cf1b20c0 JavaThread "Notification Thread" daemon [_thread_blocked, id=11124, stack(0x000000bddf600000,0x000000bddf700000)]
  0x000001f2cf2c9d40 JavaThread "C2 CompilerThread1" daemon [_thread_blocked, id=13336, stack(0x000000bddf800000,0x000000bddf900000)]
  0x000001f2cf2cadf0 JavaThread "C2 CompilerThread2" daemon [_thread_blocked, id=1264, stack(0x000000bddfc00000,0x000000bddfd00000)]
  0x000001f2cf1aeba0 JavaThread "Daemon health stats" [_thread_blocked, id=13200, stack(0x000000bddfe00000,0x000000bddff00000)]
  0x000001f2cf1b1620 JavaThread "Incoming local TCP Connector on port 60555" [_thread_in_native, id=10604, stack(0x000000bddff00000,0x000000bde0000000)]
  0x000001f2cf1afb90 JavaThread "Daemon periodic checks" [_thread_blocked, id=13228, stack(0x000000bde0000000,0x000000bde0100000)]
  0x000001f2cf1af640 JavaThread "Daemon" [_thread_blocked, id=1364, stack(0x000000bde0100000,0x000000bde0200000)]
  0x000001f2cf1b00e0 JavaThread "Handler for socket connection from /127.0.0.1:60555 to /127.0.0.1:60556" [_thread_in_native, id=1916, stack(0x000000bde0200000,0x000000bde0300000)]
  0x000001f2cf1b1b70 JavaThread "Cancel handler" [_thread_blocked, id=3752, stack(0x000000bde0300000,0x000000bde0400000)]
  0x000001f2d2272e70 JavaThread "Daemon worker" [_thread_blocked, id=13388, stack(0x000000bde0400000,0x000000bde0500000)]
  0x000001f2d226b440 JavaThread "Asynchronous log dispatcher for DefaultDaemonConnection: socket connection from /127.0.0.1:60555 to /127.0.0.1:60556" [_thread_blocked, id=6880, stack(0x000000bde0500000,0x000000bde0600000)]
  0x000001f2d226eeb0 JavaThread "Stdin handler" [_thread_blocked, id=6084, stack(0x000000bde0600000,0x000000bde0700000)]
  0x000001f2d226f950 JavaThread "Daemon client event forwarder" [_thread_blocked, id=6176, stack(0x000000bde0700000,0x000000bde0800000)]
  0x000001f2d2270e90 JavaThread "Cache worker for journal cache (C:\Users\ITECH\.gradle\caches\journal-1)" [_thread_blocked, id=4232, stack(0x000000bde0800000,0x000000bde0900000)]
  0x000001f2d226f400 JavaThread "File lock request listener" [_thread_in_native, id=5064, stack(0x000000bde0900000,0x000000bde0a00000)]
  0x000001f2d226fea0 JavaThread "Cache worker for file hash cache (C:\Users\ITECH\.gradle\caches\7.3.3\fileHashes)" [_thread_blocked, id=10512, stack(0x000000bde0a00000,0x000000bde0b00000)]
  0x000001f2d226e960 JavaThread "Cache worker for file hash cache (C:\Users\ITECH\AndroidStudioProjects\yummy\.gradle\7.3.3\fileHashes)" [_thread_blocked, id=14088, stack(0x000000bde0b00000,0x000000bde0c00000)]
  0x000001f2d226b990 JavaThread "File watcher server" daemon [_thread_blocked, id=11728, stack(0x000000bde0f00000,0x000000bde1000000)]
  0x000001f2d226c430 JavaThread "File watcher consumer" daemon [_thread_blocked, id=8344, stack(0x000000bde1000000,0x000000bde1100000)]
  0x000001f2d2270940 JavaThread "Cache worker for checksums cache (C:\Users\ITECH\AndroidStudioProjects\yummy\.gradle\7.3.3\checksums)" [_thread_blocked, id=13240, stack(0x000000bde1100000,0x000000bde1200000)]
  0x000001f2d22703f0 JavaThread "Cache worker for cache directory md-supplier (C:\Users\ITECH\.gradle\caches\7.3.3\md-supplier)" [_thread_blocked, id=6304, stack(0x000000bde1200000,0x000000bde1300000)]
  0x000001f2d2272920 JavaThread "Cache worker for cache directory md-rule (C:\Users\ITECH\.gradle\caches\7.3.3\md-rule)" [_thread_blocked, id=3436, stack(0x000000bde1300000,0x000000bde1400000)]
  0x000001f2d22713e0 JavaThread "Cache worker for execution history cache (C:\Users\ITECH\.gradle\caches\7.3.3\executionHistory)" [_thread_blocked, id=9936, stack(0x000000bde1500000,0x000000bde1600000)]
  0x000001f2d2271e80 JavaThread "jar transforms" [_thread_blocked, id=7708, stack(0x000000bde1600000,0x000000bde1700000)]
  0x000001f2d22723d0 JavaThread "Cache worker for file content cache (C:\Users\ITECH\.gradle\caches\7.3.3\fileContent)" [_thread_blocked, id=8472, stack(0x000000bde1700000,0x000000bde1800000)]
  0x000001f2d226bee0 JavaThread "jar transforms Thread 2" [_thread_blocked, id=400, stack(0x000000bde1800000,0x000000bde1900000)]
  0x000001f2d226c980 JavaThread "Cache worker for dependencies-accessors (C:\Users\ITECH\AndroidStudioProjects\yummy\.gradle\7.3.3\dependencies-accessors)" [_thread_blocked, id=13224, stack(0x000000bde1900000,0x000000bde1a00000)]
  0x000001f2d226ced0 JavaThread "jar transforms Thread 3" [_thread_blocked, id=7492, stack(0x000000bde1a00000,0x000000bde1b00000)]
  0x000001f2d226d420 JavaThread "Cache worker for Build Output Cleanup Cache (C:\Users\ITECH\AndroidStudioProjects\yummy\.gradle\buildOutputCleanup)" [_thread_blocked, id=13512, stack(0x000000bde1b00000,0x000000bde1c00000)]
  0x000001f2d226d970 JavaThread "Unconstrained build operations" [_thread_blocked, id=7344, stack(0x000000bde1c00000,0x000000bde1d00000)]
  0x000001f2d226dec0 JavaThread "Unconstrained build operations Thread 2" [_thread_blocked, id=6296, stack(0x000000bde1d00000,0x000000bde1e00000)]
  0x000001f2d226e410 JavaThread "Unconstrained build operations Thread 3" [_thread_blocked, id=5700, stack(0x000000bde1e00000,0x000000bde1f00000)]
  0x000001f2d40a7750 JavaThread "Unconstrained build operations Thread 4" [_thread_blocked, id=11672, stack(0x000000bde1f00000,0x000000bde2000000)]
  0x000001f2d40a7ca0 JavaThread "Unconstrained build operations Thread 5" [_thread_blocked, id=12844, stack(0x000000bde2000000,0x000000bde2100000)]
  0x000001f2d40a81f0 JavaThread "Unconstrained build operations Thread 6" [_thread_blocked, id=3064, stack(0x000000bde2100000,0x000000bde2200000)]
  0x000001f2d40a8740 JavaThread "Unconstrained build operations Thread 7" [_thread_blocked, id=8524, stack(0x000000bde2200000,0x000000bde2300000)]
  0x000001f2d40a7200 JavaThread "Unconstrained build operations Thread 8" [_thread_blocked, id=2116, stack(0x000000bde2300000,0x000000bde2400000)]
  0x000001f2d40a8c90 JavaThread "Unconstrained build operations Thread 9" [_thread_blocked, id=13180, stack(0x000000bde2400000,0x000000bde2500000)]
  0x000001f2d40a2250 JavaThread "Unconstrained build operations Thread 10" [_thread_blocked, id=2732, stack(0x000000bde2500000,0x000000bde2600000)]
  0x000001f2d40a5cc0 JavaThread "Unconstrained build operations Thread 11" [_thread_blocked, id=14140, stack(0x000000bde2600000,0x000000bde2700000)]
  0x000001f2d40a9730 JavaThread "Unconstrained build operations Thread 12" [_thread_blocked, id=8388, stack(0x000000bde2700000,0x000000bde2800000)]
  0x000001f2d40a91e0 JavaThread "Unconstrained build operations Thread 13" [_thread_blocked, id=11232, stack(0x000000bde2800000,0x000000bde2900000)]
  0x000001f2d40a3240 JavaThread "Unconstrained build operations Thread 14" [_thread_blocked, id=5736, stack(0x000000bde2900000,0x000000bde2a00000)]
  0x000001f2d40a27a0 JavaThread "Unconstrained build operations Thread 15" [_thread_blocked, id=1008, stack(0x000000bde2a00000,0x000000bde2b00000)]
  0x000001f2d40a1d00 JavaThread "Unconstrained build operations Thread 16" [_thread_blocked, id=2076, stack(0x000000bde2b00000,0x000000bde2c00000)]
  0x000001f2d40a2cf0 JavaThread "Unconstrained build operations Thread 17" [_thread_blocked, id=9824, stack(0x000000bde2c00000,0x000000bde2d00000)]
  0x000001f2d40a3790 JavaThread "Unconstrained build operations Thread 18" [_thread_blocked, id=8612, stack(0x000000bde2d00000,0x000000bde2e00000)]
  0x000001f2d40a4780 JavaThread "Unconstrained build operations Thread 19" [_thread_blocked, id=12964, stack(0x000000bde2e00000,0x000000bde2f00000)]
  0x000001f2d40a3ce0 JavaThread "Unconstrained build operations Thread 20" [_thread_blocked, id=14312, stack(0x000000bde2f00000,0x000000bde3000000)]
  0x000001f2d40a4230 JavaThread "Unconstrained build operations Thread 21" [_thread_blocked, id=12240, stack(0x000000bde3000000,0x000000bde3100000)]
  0x000001f2d40a6210 JavaThread "Unconstrained build operations Thread 22" [_thread_blocked, id=8200, stack(0x000000bde3100000,0x000000bde3200000)]
  0x000001f2d40a4cd0 JavaThread "Unconstrained build operations Thread 23" [_thread_blocked, id=10820, stack(0x000000bde3200000,0x000000bde3300000)]
  0x000001f2d40a6760 JavaThread "Unconstrained build operations Thread 24" [_thread_blocked, id=12928, stack(0x000000bde3300000,0x000000bde3400000)]
  0x000001f2d40a5220 JavaThread "Unconstrained build operations Thread 25" [_thread_blocked, id=4564, stack(0x000000bde3400000,0x000000bde3500000)]
  0x000001f2d40a5770 JavaThread "Unconstrained build operations Thread 26" [_thread_blocked, id=13456, stack(0x000000bde3500000,0x000000bde3600000)]
  0x000001f2d40a6cb0 JavaThread "Unconstrained build operations Thread 27" [_thread_blocked, id=12508, stack(0x000000bde3600000,0x000000bde3700000)]
  0x000001f2d413f710 JavaThread "Unconstrained build operations Thread 28" [_thread_blocked, id=12384, stack(0x000000bde3700000,0x000000bde3800000)]
  0x000001f2d413ec70 JavaThread "Unconstrained build operations Thread 29" [_thread_blocked, id=13012, stack(0x000000bde3800000,0x000000bde3900000)]
  0x000001f2d41456b0 JavaThread "Unconstrained build operations Thread 30" [_thread_blocked, id=2828, stack(0x000000bde3900000,0x000000bde3a00000)]
  0x000001f2d41416f0 JavaThread "Unconstrained build operations Thread 31" [_thread_blocked, id=8752, stack(0x000000bde3a00000,0x000000bde3b00000)]
  0x000001f2d4142c30 JavaThread "Unconstrained build operations Thread 32" [_thread_blocked, id=13680, stack(0x000000bde3b00000,0x000000bde3c00000)]
  0x000001f2d4143c20 JavaThread "Unconstrained build operations Thread 33" [_thread_blocked, id=8992, stack(0x000000bde3c00000,0x000000bde3d00000)]
  0x000001f2d413e720 JavaThread "Unconstrained build operations Thread 34" [_thread_blocked, id=13568, stack(0x000000bde3d00000,0x000000bde3e00000)]
  0x000001f2d4145160 JavaThread "Unconstrained build operations Thread 35" [_thread_blocked, id=6884, stack(0x000000bde3e00000,0x000000bde3f00000)]
  0x000001f2d4145c00 JavaThread "Unconstrained build operations Thread 36" [_thread_blocked, id=13500, stack(0x000000bde3f00000,0x000000bde4000000)]
  0x000001f2d4143180 JavaThread "Unconstrained build operations Thread 37" [_thread_blocked, id=13088, stack(0x000000bde4000000,0x000000bde4100000)]
  0x000001f2d4144170 JavaThread "Unconstrained build operations Thread 38" [_thread_blocked, id=6200, stack(0x000000bde4100000,0x000000bde4200000)]
  0x000001f2d413f1c0 JavaThread "Unconstrained build operations Thread 39" [_thread_blocked, id=13676, stack(0x000000bde4200000,0x000000bde4300000)]
  0x000001f2d41436d0 JavaThread "Unconstrained build operations Thread 40" [_thread_blocked, id=13144, stack(0x000000bde4300000,0x000000bde4400000)]
  0x000001f2d413fc60 JavaThread "Unconstrained build operations Thread 41" [_thread_blocked, id=8148, stack(0x000000bde4400000,0x000000bde4500000)]
  0x000001f2d41446c0 JavaThread "Unconstrained build operations Thread 42" [_thread_blocked, id=1144, stack(0x000000bde4500000,0x000000bde4600000)]
  0x000001f2d41401b0 JavaThread "Unconstrained build operations Thread 43" [_thread_blocked, id=7408, stack(0x000000bde4600000,0x000000bde4700000)]
  0x000001f2d4141c40 JavaThread "Unconstrained build operations Thread 44" [_thread_blocked, id=2336, stack(0x000000bde4700000,0x000000bde4800000)]
  0x000001f2d4140700 JavaThread "Unconstrained build operations Thread 45" [_thread_blocked, id=13960, stack(0x000000bde4800000,0x000000bde4900000)]
  0x000001f2d4140c50 JavaThread "Unconstrained build operations Thread 46" [_thread_blocked, id=6192, stack(0x000000bde4900000,0x000000bde4a00000)]
  0x000001f2d41426e0 JavaThread "Unconstrained build operations Thread 47" [_thread_blocked, id=13428, stack(0x000000bde4a00000,0x000000bde4b00000)]
  0x000001f2d41411a0 JavaThread "Unconstrained build operations Thread 48" [_thread_blocked, id=12800, stack(0x000000bde4b00000,0x000000bde4c00000)]
  0x000001f2d4142190 JavaThread "Unconstrained build operations Thread 49" [_thread_blocked, id=6764, stack(0x000000bde4c00000,0x000000bde4d00000)]
  0x000001f2d4146150 JavaThread "Unconstrained build operations Thread 50" [_thread_blocked, id=11184, stack(0x000000bde4d00000,0x000000bde4e00000)]
  0x000001f2d4144c10 JavaThread "Unconstrained build operations Thread 51" [_thread_blocked, id=8164, stack(0x000000bde4e00000,0x000000bde4f00000)]
  0x000001f2d5de0490 JavaThread "Unconstrained build operations Thread 52" [_thread_blocked, id=8080, stack(0x000000bde4f00000,0x000000bde5000000)]
  0x000001f2d5ddbf80 JavaThread "Unconstrained build operations Thread 53" [_thread_blocked, id=7760, stack(0x000000bde5000000,0x000000bde5100000)]
  0x000001f2d5ddea00 JavaThread "Unconstrained build operations Thread 54" [_thread_blocked, id=4976, stack(0x000000bde5100000,0x000000bde5200000)]
  0x000001f2d5de2470 JavaThread "Unconstrained build operations Thread 55" [_thread_blocked, id=13220, stack(0x000000bde5200000,0x000000bde5300000)]
  0x000001f2d5ddd4c0 JavaThread "Unconstrained build operations Thread 56" [_thread_blocked, id=10248, stack(0x000000bde5300000,0x000000bde5400000)]
  0x000001f2d5de19d0 JavaThread "Unconstrained build operations Thread 57" [_thread_blocked, id=10720, stack(0x000000bde5400000,0x000000bde5500000)]
  0x000001f2d5de09e0 JavaThread "Unconstrained build operations Thread 58" [_thread_blocked, id=5616, stack(0x000000bde5500000,0x000000bde5600000)]
  0x000001f2d5ddf4a0 JavaThread "Unconstrained build operations Thread 59" [_thread_blocked, id=12600, stack(0x000000bde5600000,0x000000bde5700000)]
  0x000001f2d5ddca20 JavaThread "Unconstrained build operations Thread 60" [_thread_blocked, id=9180, stack(0x000000bde5700000,0x000000bde5800000)]
  0x000001f2d5ddda10 JavaThread "Unconstrained build operations Thread 61" [_thread_blocked, id=11832, stack(0x000000bde5800000,0x000000bde5900000)]
  0x000001f2d5ddf9f0 JavaThread "Unconstrained build operations Thread 62" [_thread_blocked, id=14224, stack(0x000000bde5900000,0x000000bde5a00000)]
  0x000001f2d5ddcf70 JavaThread "Unconstrained build operations Thread 63" [_thread_blocked, id=2820, stack(0x000000bde5a00000,0x000000bde5b00000)]
  0x000001f2d5ddff40 JavaThread "Unconstrained build operations Thread 64" [_thread_blocked, id=3996, stack(0x000000bde5b00000,0x000000bde5c00000)]
  0x000001f2d5de0f30 JavaThread "Unconstrained build operations Thread 65" [_thread_blocked, id=3824, stack(0x000000bde5c00000,0x000000bde5d00000)]
  0x000001f2d5de1480 JavaThread "Unconstrained build operations Thread 66" [_thread_blocked, id=8216, stack(0x000000bde5d00000,0x000000bde5e00000)]
  0x000001f2d5dde4b0 JavaThread "Unconstrained build operations Thread 67" [_thread_blocked, id=12700, stack(0x000000bde5e00000,0x000000bde5f00000)]
  0x000001f2d5de1f20 JavaThread "Unconstrained build operations Thread 68" [_thread_blocked, id=14296, stack(0x000000bde5f00000,0x000000bde6000000)]
  0x000001f2d5de29c0 JavaThread "Unconstrained build operations Thread 69" [_thread_blocked, id=1820, stack(0x000000bde6000000,0x000000bde6100000)]
  0x000001f2d5dddf60 JavaThread "Unconstrained build operations Thread 70" [_thread_blocked, id=10972, stack(0x000000bde6100000,0x000000bde6200000)]
  0x000001f2d5de2f10 JavaThread "Unconstrained build operations Thread 71" [_thread_blocked, id=7728, stack(0x000000bde6200000,0x000000bde6300000)]
  0x000001f2d5de3460 JavaThread "Unconstrained build operations Thread 72" [_thread_blocked, id=3016, stack(0x000000bde6300000,0x000000bde6400000)]
  0x000001f2d5ddba30 JavaThread "Unconstrained build operations Thread 73" [_thread_blocked, id=13656, stack(0x000000bde6400000,0x000000bde6500000)]
  0x000001f2d5ddc4d0 JavaThread "Unconstrained build operations Thread 74" [_thread_blocked, id=10664, stack(0x000000bde6500000,0x000000bde6600000)]
  0x000001f2d5ddef50 JavaThread "Unconstrained build operations Thread 75" [_thread_blocked, id=13952, stack(0x000000bde6600000,0x000000bde6700000)]
  0x000001f2d417a820 JavaThread "Unconstrained build operations Thread 76" [_thread_blocked, id=10468, stack(0x000000bde6700000,0x000000bde6800000)]
  0x000001f2d417c800 JavaThread "Unconstrained build operations Thread 77" [_thread_blocked, id=9376, stack(0x000000bde6800000,0x000000bde6900000)]
  0x000001f2d4178d90 JavaThread "Unconstrained build operations Thread 78" [_thread_blocked, id=10132, stack(0x000000bde6900000,0x000000bde6a00000)]
  0x000001f2d417ad70 JavaThread "Unconstrained build operations Thread 79" [_thread_blocked, id=12568, stack(0x000000bde6a00000,0x000000bde6b00000)]
  0x000001f2d417d7f0 JavaThread "Unconstrained build operations Thread 80" [_thread_blocked, id=3888, stack(0x000000bde6b00000,0x000000bde6c00000)]
  0x000001f2d417b2c0 JavaThread "jar transforms Thread 4" [_thread_blocked, id=11220, stack(0x000000bde6c00000,0x000000bde6d00000)]
  0x000001f2d417b810 JavaThread "jar transforms Thread 5" [_thread_blocked, id=14200, stack(0x000000bde6d00000,0x000000bde6e00000)]
  0x000001f2d4179d80 JavaThread "jar transforms Thread 6" [_thread_blocked, id=9572, stack(0x000000bde6e00000,0x000000bde6f00000)]
  0x000001f2d417e7e0 JavaThread "jar transforms Thread 7" [_thread_blocked, id=3272, stack(0x000000bde6f00000,0x000000bde7000000)]
  0x000001f2d4178840 JavaThread "jar transforms Thread 8" [_thread_blocked, id=3484, stack(0x000000bde7000000,0x000000bde7100000)]
  0x000001f2d417cd50 JavaThread "Memory manager" [_thread_blocked, id=7332, stack(0x000000bde7100000,0x000000bde7200000)]
  0x000001f2d41792e0 JavaThread "build event listener" [_thread_blocked, id=11128, stack(0x000000bde7200000,0x000000bde7300000)]
  0x000001f2d4179830 JavaThread "pool-3-thread-1" [_thread_blocked, id=6724, stack(0x000000bde7300000,0x000000bde7400000)]
  0x000001f2d417a2d0 JavaThread "build event listener" [_thread_blocked, id=13664, stack(0x000000bde7400000,0x000000bde7500000)]
  0x000001f2d41782f0 JavaThread "Execution worker for ':'" [_thread_blocked, id=8168, stack(0x000000bde7500000,0x000000bde7600000)]
  0x000001f2d4177da0 JavaThread "Execution worker for ':' Thread 2" [_thread_blocked, id=752, stack(0x000000bde7600000,0x000000bde7700000)]
  0x000001f2d417f7d0 JavaThread "Execution worker for ':' Thread 3" [_thread_blocked, id=4760, stack(0x000000bde7700000,0x000000bde7800000)]
  0x000001f2d417c2b0 JavaThread "Execution worker for ':' Thread 4" [_thread_blocked, id=1448, stack(0x000000bde7800000,0x000000bde7900000)]
  0x000001f2d417d2a0 JavaThread "Execution worker for ':' Thread 5" [_thread_blocked, id=13592, stack(0x000000bde7900000,0x000000bde7a00000)]
  0x000001f2d417dd40 JavaThread "Execution worker for ':' Thread 6" [_thread_blocked, id=9892, stack(0x000000bde7a00000,0x000000bde7b00000)]
  0x000001f2d417e290 JavaThread "Execution worker for ':' Thread 7" [_thread_blocked, id=5664, stack(0x000000bde7b00000,0x000000bde7c00000)]
  0x000001f2cf1b0630 JavaThread "Cache worker for execution history cache (C:\Users\ITECH\AndroidStudioProjects\yummy\.gradle\7.3.3\executionHistory)" [_thread_blocked, id=12712, stack(0x000000bde7c00000,0x000000bde7d00000)]

Other Threads:
=>0x000001f2ce6cd300 VMThread "VM Thread" [stack: 0x000000bddeb00000,0x000000bddec00000] [id=8548]
  0x000001f2cf1baf50 WatcherThread [stack: 0x000000bddf700000,0x000000bddf800000] [id=9744]
  0x000001f2b068cec0 GCTaskThread "GC Thread#0" [stack: 0x000000bdde600000,0x000000bdde700000] [id=3916]
  0x000001f2cfcc9720 GCTaskThread "GC Thread#1" [stack: 0x000000bddf900000,0x000000bddfa00000] [id=3712]
  0x000001f2cfef2060 GCTaskThread "GC Thread#2" [stack: 0x000000bddfa00000,0x000000bddfb00000] [id=3976]
  0x000001f2cfced840 GCTaskThread "GC Thread#3" [stack: 0x000000bddfb00000,0x000000bddfc00000] [id=12264]
  0x000001f2d0513ff0 GCTaskThread "GC Thread#4" [stack: 0x000000bddfd00000,0x000000bddfe00000] [id=7196]
  0x000001f2d08b29f0 GCTaskThread "GC Thread#5" [stack: 0x000000bde0c00000,0x000000bde0d00000] [id=6864]
  0x000001f2d30be8d0 GCTaskThread "GC Thread#6" [stack: 0x000000bde0d00000,0x000000bde0e00000] [id=10420]
  0x000001f2d30bebe0 GCTaskThread "GC Thread#7" [stack: 0x000000bde0e00000,0x000000bde0f00000] [id=9780]
  0x000001f2b069df10 ConcurrentGCThread "G1 Main Marker" [stack: 0x000000bdde700000,0x000000bdde800000] [id=8900]
  0x000001f2b069e910 ConcurrentGCThread "G1 Conc#0" [stack: 0x000000bdde800000,0x000000bdde900000] [id=8940]
  0x000001f2d4843ca0 ConcurrentGCThread "G1 Conc#1" [stack: 0x000000bde1400000,0x000000bde1500000] [id=10584]
  0x000001f2b072a970 ConcurrentGCThread "G1 Refine#0" [stack: 0x000000bdde900000,0x000000bddea00000] [id=12688]
  0x000001f2d4951160 ConcurrentGCThread "G1 Refine#1" [stack: 0x000000bde7d00000,0x000000bde7e00000] [id=320]
  0x000001f2d49521a0 ConcurrentGCThread "G1 Refine#2" [stack: 0x000000bde7e00000,0x000000bde7f00000] [id=3844]
  0x000001f2d4950e20 ConcurrentGCThread "G1 Refine#3" [stack: 0x000000bde7f00000,0x000000bde8000000] [id=14204]
  0x000001f2d494faa0 ConcurrentGCThread "G1 Refine#4" [stack: 0x000000bde8000000,0x000000bde8100000] [id=12092]
  0x000001f2d49514a0 ConcurrentGCThread "G1 Refine#5" [stack: 0x000000bde8100000,0x000000bde8200000] [id=13340]
  0x000001f2b072c310 ConcurrentGCThread "G1 Service" [stack: 0x000000bddea00000,0x000000bddeb00000] [id=8360]

Threads with active compile tasks:
C2 CompilerThread0     9776 9857       4       com.android.ide.common.resources.NodeUtils::updateNamespace (161 bytes)
C2 CompilerThread1     9776 9892 %     4       java.lang.StringUTF16::getChars @ 16 (42 bytes)
C2 CompilerThread2     9776 9888       4       com.android.utils.XmlUtils::append (645 bytes)

VM state: at safepoint (normal execution)

VM Mutex/Monitor currently owned by a thread:  ([mutex/lock_event])
[0x000001f2b064b2c0] Threads_lock - owner thread: 0x000001f2ce6cd300
[0x000001f2b064adb0] Heap_lock - owner thread: 0x000001f2b069df10

Heap address: 0x0000000080000000, size: 2048 MB, Compressed Oops mode: 32-bit

CDS archive(s) mapped at: [0x0000000800000000-0x0000000800bb0000-0x0000000800bb0000), size 12255232, SharedBaseAddress: 0x0000000800000000, ArchiveRelocationMode: 0.
Compressed class space mapped at: 0x0000000800c00000-0x0000000840c00000, reserved size: 1073741824
Narrow klass base: 0x0000000800000000, Narrow klass shift: 3, Narrow klass range: 0x100000000

GC Precious Log:
 CPUs: 8 total, 8 available
 Memory: 7959M
 Large Page Support: Disabled
 NUMA Support: Disabled
 Compressed Oops: Enabled (32-bit)
 Heap Region Size: 1M
 Heap Min Capacity: 8M
 Heap Initial Capacity: 126M
 Heap Max Capacity: 2G
 Pre-touch: Disabled
 Parallel Workers: 8
 Concurrent Workers: 2
 Concurrent Refinement Workers: 8
 Periodic GC: Disabled

Heap:
 garbage-first heap   total 133120K, used 111452K [0x0000000080000000, 0x0000000100000000)
  region size 1024K, 6 young (6144K), 3 survivors (3072K)
 Metaspace       used 75611K, committed 76160K, reserved 1122304K
  class space    used 10182K, committed 10432K, reserved 1048576K

Heap Regions: E=young(eden), S=young(survivor), O=old, HS=humongous(starts), HC=humongous(continues), CS=collection set, F=free, OA=open archive, CA=closed archive, TAMS=top-at-mark-start (previous, next)
|   0|0x0000000080000000, 0x0000000080100000, 0x0000000080100000|100%| O|  |TAMS 0x0000000080100000, 0x0000000080000000| Updating 
|   1|0x0000000080100000, 0x0000000080200000, 0x0000000080200000|100%| O|  |TAMS 0x0000000080200000, 0x0000000080100000| Updating 
|   2|0x0000000080200000, 0x0000000080300000, 0x0000000080300000|100%| O|  |TAMS 0x0000000080300000, 0x0000000080200000| Updating 
|   3|0x0000000080300000, 0x0000000080400000, 0x0000000080400000|100%|HS|  |TAMS 0x0000000080400000, 0x0000000080300000| Complete 
|   4|0x0000000080400000, 0x0000000080500000, 0x0000000080500000|100%|HC|  |TAMS 0x0000000080500000, 0x0000000080400000| Complete 
|   5|0x0000000080500000, 0x0000000080600000, 0x0000000080600000|100%|HC|  |TAMS 0x0000000080600000, 0x0000000080500000| Complete 
|   6|0x0000000080600000, 0x0000000080700000, 0x0000000080700000|100%| O|  |TAMS 0x0000000080700000, 0x0000000080600000| Updating 
|   7|0x0000000080700000, 0x0000000080800000, 0x0000000080800000|100%| O|  |TAMS 0x0000000080800000, 0x0000000080700000| Updating 
|   8|0x0000000080800000, 0x0000000080900000, 0x0000000080900000|100%| O|  |TAMS 0x0000000080900000, 0x0000000080800000| Updating 
|   9|0x0000000080900000, 0x0000000080a00000, 0x0000000080a00000|100%| O|  |TAMS 0x0000000080a00000, 0x0000000080900000| Updating 
|  10|0x0000000080a00000, 0x0000000080b00000, 0x0000000080b00000|100%| O|  |TAMS 0x0000000080b00000, 0x0000000080a00000| Updating 
|  11|0x0000000080b00000, 0x0000000080c00000, 0x0000000080c00000|100%| O|  |TAMS 0x0000000080c00000, 0x0000000080b00000| Updating 
|  12|0x0000000080c00000, 0x0000000080d00000, 0x0000000080d00000|100%| O|  |TAMS 0x0000000080d00000, 0x0000000080c00000| Updating 
|  13|0x0000000080d00000, 0x0000000080e00000, 0x0000000080e00000|100%| O|  |TAMS 0x0000000080e00000, 0x0000000080d00000| Updating 
|  14|0x0000000080e00000, 0x0000000080f00000, 0x0000000080f00000|100%| O|  |TAMS 0x0000000080f00000, 0x0000000080e00000| Updating 
|  15|0x0000000080f00000, 0x0000000081000000, 0x0000000081000000|100%| O|  |TAMS 0x0000000081000000, 0x0000000080f00000| Updating 
|  16|0x0000000081000000, 0x0000000081100000, 0x0000000081100000|100%| O|  |TAMS 0x0000000081100000, 0x0000000081000000| Updating 
|  17|0x0000000081100000, 0x0000000081200000, 0x0000000081200000|100%| O|  |TAMS 0x0000000081200000, 0x0000000081100000| Updating 
|  18|0x0000000081200000, 0x0000000081263c00, 0x0000000081300000| 38%| O|  |TAMS 0x0000000081263c00, 0x0000000081200000| Updating 
|  19|0x0000000081300000, 0x0000000081400000, 0x0000000081400000|100%| O|  |TAMS 0x0000000081400000, 0x0000000081300000| Updating 
|  20|0x0000000081400000, 0x0000000081500000, 0x0000000081500000|100%| O|  |TAMS 0x0000000081500000, 0x0000000081400000| Updating 
|  21|0x0000000081500000, 0x0000000081600000, 0x0000000081600000|100%| O|  |TAMS 0x0000000081600000, 0x0000000081500000| Updating 
|  22|0x0000000081600000, 0x0000000081700000, 0x0000000081700000|100%| O|  |TAMS 0x0000000081700000, 0x0000000081600000| Updating 
|  23|0x0000000081700000, 0x0000000081800000, 0x0000000081800000|100%| O|  |TAMS 0x0000000081800000, 0x0000000081700000| Updating 
|  24|0x0000000081800000, 0x0000000081900000, 0x0000000081900000|100%| O|  |TAMS 0x0000000081900000, 0x0000000081800000| Updating 
|  25|0x0000000081900000, 0x0000000081a00000, 0x0000000081a00000|100%| O|  |TAMS 0x0000000081a00000, 0x0000000081900000| Updating 
|  26|0x0000000081a00000, 0x0000000081b00000, 0x0000000081b00000|100%|HS|  |TAMS 0x0000000081b00000, 0x0000000081a00000| Complete 
|  27|0x0000000081b00000, 0x0000000081c00000, 0x0000000081c00000|100%|HS|  |TAMS 0x0000000081c00000, 0x0000000081b00000| Complete 
|  28|0x0000000081c00000, 0x0000000081d00000, 0x0000000081d00000|100%|HS|  |TAMS 0x0000000081d00000, 0x0000000081c00000| Complete 
|  29|0x0000000081d00000, 0x0000000081e00000, 0x0000000081e00000|100%|HC|  |TAMS 0x0000000081e00000, 0x0000000081d00000| Complete 
|  30|0x0000000081e00000, 0x0000000081f00000, 0x0000000081f00000|100%| O|  |TAMS 0x0000000081f00000, 0x0000000081e00000| Updating 
|  31|0x0000000081f00000, 0x0000000082000000, 0x0000000082000000|100%| O|  |TAMS 0x0000000082000000, 0x0000000081f00000| Updating 
|  32|0x0000000082000000, 0x0000000082100000, 0x0000000082100000|100%| O|  |TAMS 0x0000000082100000, 0x0000000082000000| Updating 
|  33|0x0000000082100000, 0x0000000082200000, 0x0000000082200000|100%| O|  |TAMS 0x0000000082200000, 0x0000000082100000| Updating 
|  34|0x0000000082200000, 0x0000000082300000, 0x0000000082300000|100%| O|  |TAMS 0x0000000082300000, 0x0000000082200000| Updating 
|  35|0x0000000082300000, 0x0000000082400000, 0x0000000082400000|100%| O|  |TAMS 0x0000000082400000, 0x0000000082300000| Updating 
|  36|0x0000000082400000, 0x0000000082500000, 0x0000000082500000|100%| O|  |TAMS 0x0000000082500000, 0x0000000082400000| Updating 
|  37|0x0000000082500000, 0x0000000082600000, 0x0000000082600000|100%| O|  |TAMS 0x0000000082600000, 0x0000000082500000| Updating 
|  38|0x0000000082600000, 0x0000000082700000, 0x0000000082700000|100%| O|  |TAMS 0x0000000082700000, 0x0000000082600000| Updating 
|  39|0x0000000082700000, 0x0000000082800000, 0x0000000082800000|100%| O|  |TAMS 0x0000000082800000, 0x0000000082700000| Updating 
|  40|0x0000000082800000, 0x0000000082900000, 0x0000000082900000|100%| O|  |TAMS 0x0000000082900000, 0x0000000082800000| Updating 
|  41|0x0000000082900000, 0x0000000082a00000, 0x0000000082a00000|100%| O|  |TAMS 0x0000000082a00000, 0x0000000082900000| Updating 
|  42|0x0000000082a00000, 0x0000000082b00000, 0x0000000082b00000|100%| O|  |TAMS 0x0000000082b00000, 0x0000000082a00000| Updating 
|  43|0x0000000082b00000, 0x0000000082c00000, 0x0000000082c00000|100%| O|  |TAMS 0x0000000082c00000, 0x0000000082b00000| Updating 
|  44|0x0000000082c00000, 0x0000000082d00000, 0x0000000082d00000|100%| O|  |TAMS 0x0000000082d00000, 0x0000000082c00000| Updating 
|  45|0x0000000082d00000, 0x0000000082e00000, 0x0000000082e00000|100%| O|  |TAMS 0x0000000082e00000, 0x0000000082d00000| Updating 
|  46|0x0000000082e00000, 0x0000000082f00000, 0x0000000082f00000|100%| O|  |TAMS 0x0000000082f00000, 0x0000000082e00000| Updating 
|  47|0x0000000082f00000, 0x0000000083000000, 0x0000000083000000|100%| O|  |TAMS 0x0000000083000000, 0x0000000082f00000| Updating 
|  48|0x0000000083000000, 0x0000000083100000, 0x0000000083100000|100%| O|  |TAMS 0x0000000083100000, 0x0000000083000000| Updating 
|  49|0x0000000083100000, 0x0000000083200000, 0x0000000083200000|100%| O|  |TAMS 0x0000000083200000, 0x0000000083100000| Updating 
|  50|0x0000000083200000, 0x0000000083300000, 0x0000000083300000|100%| O|  |TAMS 0x0000000083300000, 0x0000000083200000| Updating 
|  51|0x0000000083300000, 0x0000000083400000, 0x0000000083400000|100%| O|  |TAMS 0x0000000083400000, 0x0000000083300000| Updating 
|  52|0x0000000083400000, 0x0000000083500000, 0x0000000083500000|100%| O|  |TAMS 0x0000000083500000, 0x0000000083400000| Updating 
|  53|0x0000000083500000, 0x0000000083600000, 0x0000000083600000|100%| O|  |TAMS 0x0000000083600000, 0x0000000083500000| Updating 
|  54|0x0000000083600000, 0x0000000083700000, 0x0000000083700000|100%| O|  |TAMS 0x0000000083700000, 0x0000000083600000| Updating 
|  55|0x0000000083700000, 0x0000000083800000, 0x0000000083800000|100%| O|  |TAMS 0x0000000083800000, 0x0000000083700000| Updating 
|  56|0x0000000083800000, 0x0000000083900000, 0x0000000083900000|100%| O|  |TAMS 0x0000000083900000, 0x0000000083800000| Updating 
|  57|0x0000000083900000, 0x0000000083a00000, 0x0000000083a00000|100%| O|  |TAMS 0x0000000083a00000, 0x0000000083900000| Updating 
|  58|0x0000000083a00000, 0x0000000083b00000, 0x0000000083b00000|100%| O|  |TAMS 0x0000000083b00000, 0x0000000083a00000| Updating 
|  59|0x0000000083b00000, 0x0000000083c00000, 0x0000000083c00000|100%| O|  |TAMS 0x0000000083c00000, 0x0000000083b00000| Updating 
|  60|0x0000000083c00000, 0x0000000083d00000, 0x0000000083d00000|100%| O|  |TAMS 0x0000000083d00000, 0x0000000083c00000| Updating 
|  61|0x0000000083d00000, 0x0000000083e00000, 0x0000000083e00000|100%| O|  |TAMS 0x0000000083e00000, 0x0000000083d00000| Updating 
|  62|0x0000000083e00000, 0x0000000083f00000, 0x0000000083f00000|100%| O|  |TAMS 0x0000000083f00000, 0x0000000083e00000| Updating 
|  63|0x0000000083f00000, 0x0000000084000000, 0x0000000084000000|100%| O|  |TAMS 0x0000000084000000, 0x0000000083f00000| Updating 
|  64|0x0000000084000000, 0x0000000084100000, 0x0000000084100000|100%| O|  |TAMS 0x0000000084100000, 0x0000000084000000| Updating 
|  65|0x0000000084100000, 0x0000000084200000, 0x0000000084200000|100%| O|  |TAMS 0x0000000084200000, 0x0000000084100000| Updating 
|  66|0x0000000084200000, 0x0000000084300000, 0x0000000084300000|100%| O|  |TAMS 0x0000000084300000, 0x0000000084200000| Updating 
|  67|0x0000000084300000, 0x0000000084400000, 0x0000000084400000|100%| O|  |TAMS 0x0000000084400000, 0x0000000084300000| Updating 
|  68|0x0000000084400000, 0x0000000084500000, 0x0000000084500000|100%| O|  |TAMS 0x0000000084400000, 0x0000000084400000| Untracked 
|  69|0x0000000084500000, 0x0000000084600000, 0x0000000084600000|100%| O|  |TAMS 0x0000000084500000, 0x0000000084500000| Untracked 
|  70|0x0000000084600000, 0x0000000084700000, 0x0000000084700000|100%| O|  |TAMS 0x0000000084700000, 0x0000000084600000| Updating 
|  71|0x0000000084700000, 0x0000000084800000, 0x0000000084800000|100%| O|  |TAMS 0x0000000084800000, 0x0000000084700000| Updating 
|  72|0x0000000084800000, 0x0000000084900000, 0x0000000084900000|100%| O|  |TAMS 0x0000000084900000, 0x0000000084800000| Updating 
|  73|0x0000000084900000, 0x0000000084a00000, 0x0000000084a00000|100%| O|  |TAMS 0x0000000084a00000, 0x0000000084900000| Updating 
|  74|0x0000000084a00000, 0x0000000084b00000, 0x0000000084b00000|100%| O|  |TAMS 0x0000000084b00000, 0x0000000084a00000| Updating 
|  75|0x0000000084b00000, 0x0000000084c00000, 0x0000000084c00000|100%| O|  |TAMS 0x0000000084c00000, 0x0000000084b00000| Updating 
|  76|0x0000000084c00000, 0x0000000084d00000, 0x0000000084d00000|100%| O|  |TAMS 0x0000000084d00000, 0x0000000084c00000| Updating 
|  77|0x0000000084d00000, 0x0000000084e00000, 0x0000000084e00000|100%| O|  |TAMS 0x0000000084e00000, 0x0000000084d00000| Updating 
|  78|0x0000000084e00000, 0x0000000084f00000, 0x0000000084f00000|100%| O|  |TAMS 0x0000000084f00000, 0x0000000084e00000| Updating 
|  79|0x0000000084f00000, 0x0000000085000000, 0x0000000085000000|100%| O|  |TAMS 0x0000000085000000, 0x0000000084f00000| Updating 
|  80|0x0000000085000000, 0x0000000085100000, 0x0000000085100000|100%| O|  |TAMS 0x0000000085100000, 0x0000000085000000| Updating 
|  81|0x0000000085100000, 0x0000000085200000, 0x0000000085200000|100%| O|  |TAMS 0x0000000085200000, 0x0000000085100000| Updating 
|  82|0x0000000085200000, 0x0000000085300000, 0x0000000085300000|100%| O|  |TAMS 0x0000000085300000, 0x0000000085200000| Updating 
|  83|0x0000000085300000, 0x0000000085400000, 0x0000000085400000|100%| O|  |TAMS 0x0000000085354e00, 0x0000000085300000| Updating 
|  84|0x0000000085400000, 0x0000000085500000, 0x0000000085500000|100%| O|  |TAMS 0x0000000085400000, 0x0000000085400000| Untracked 
|  85|0x0000000085500000, 0x0000000085600000, 0x0000000085600000|100%| O|  |TAMS 0x0000000085500000, 0x0000000085500000| Untracked 
|  86|0x0000000085600000, 0x0000000085700000, 0x0000000085700000|100%|HS|  |TAMS 0x0000000085600000, 0x0000000085600000| Complete 
|  87|0x0000000085700000, 0x0000000085800000, 0x0000000085800000|100%|HS|  |TAMS 0x0000000085700000, 0x0000000085700000| Complete 
|  88|0x0000000085800000, 0x0000000085900000, 0x0000000085900000|100%|HC|  |TAMS 0x0000000085800000, 0x0000000085800000| Complete 
|  89|0x0000000085900000, 0x0000000085a00000, 0x0000000085a00000|100%|HS|  |TAMS 0x0000000085900000, 0x0000000085900000| Complete 
|  90|0x0000000085a00000, 0x0000000085b00000, 0x0000000085b00000|100%|HC|  |TAMS 0x0000000085a00000, 0x0000000085a00000| Complete 
|  91|0x0000000085b00000, 0x0000000085c00000, 0x0000000085c00000|100%| O|  |TAMS 0x0000000085b00000, 0x0000000085b00000| Untracked 
|  92|0x0000000085c00000, 0x0000000085d00000, 0x0000000085d00000|100%| O|  |TAMS 0x0000000085c00000, 0x0000000085c00000| Untracked 
|  93|0x0000000085d00000, 0x0000000085e00000, 0x0000000085e00000|100%| O|  |TAMS 0x0000000085d00000, 0x0000000085d00000| Untracked 
|  94|0x0000000085e00000, 0x0000000085e73600, 0x0000000085f00000| 45%| O|  |TAMS 0x0000000085e00000, 0x0000000085e00000| Updating 
|  95|0x0000000085f00000, 0x0000000086000000, 0x0000000086000000|100%|HS|  |TAMS 0x0000000085f00000, 0x0000000085f00000| Complete 
|  96|0x0000000086000000, 0x0000000086100000, 0x0000000086100000|100%|HC|  |TAMS 0x0000000086000000, 0x0000000086000000| Complete 
|  97|0x0000000086100000, 0x0000000086200000, 0x0000000086200000|100%|HC|  |TAMS 0x0000000086100000, 0x0000000086100000| Complete 
|  98|0x0000000086200000, 0x0000000086300000, 0x0000000086300000|100%|HC|  |TAMS 0x0000000086200000, 0x0000000086200000| Complete 
|  99|0x0000000086300000, 0x0000000086400000, 0x0000000086400000|100%|HS|  |TAMS 0x0000000086300000, 0x0000000086300000| Complete 
| 100|0x0000000086400000, 0x0000000086500000, 0x0000000086500000|100%|HC|  |TAMS 0x0000000086400000, 0x0000000086400000| Complete 
| 101|0x0000000086500000, 0x0000000086600000, 0x0000000086600000|100%|HC|  |TAMS 0x0000000086500000, 0x0000000086500000| Complete 
| 102|0x0000000086600000, 0x0000000086700000, 0x0000000086700000|100%|HS|  |TAMS 0x0000000086600000, 0x0000000086600000| Complete 
| 103|0x0000000086700000, 0x0000000086800000, 0x0000000086800000|100%|HC|  |TAMS 0x0000000086700000, 0x0000000086700000| Complete 
| 104|0x0000000086800000, 0x0000000086900000, 0x0000000086900000|100%|HC|  |TAMS 0x0000000086800000, 0x0000000086800000| Complete 
| 105|0x0000000086900000, 0x0000000086900000, 0x0000000086a00000|  0%| F|  |TAMS 0x0000000086900000, 0x0000000086900000| Untracked 
| 106|0x0000000086a00000, 0x0000000086a00000, 0x0000000086b00000|  0%| F|  |TAMS 0x0000000086a00000, 0x0000000086a00000| Untracked 
| 107|0x0000000086b00000, 0x0000000086b00000, 0x0000000086c00000|  0%| F|  |TAMS 0x0000000086b00000, 0x0000000086b00000| Untracked 
| 108|0x0000000086c00000, 0x0000000086c00000, 0x0000000086d00000|  0%| F|  |TAMS 0x0000000086c00000, 0x0000000086c00000| Untracked 
| 109|0x0000000086d00000, 0x0000000086d00000, 0x0000000086e00000|  0%| F|  |TAMS 0x0000000086d00000, 0x0000000086d00000| Untracked 
| 110|0x0000000086e00000, 0x0000000086e00000, 0x0000000086f00000|  0%| F|  |TAMS 0x0000000086e00000, 0x0000000086e00000| Untracked 
| 111|0x0000000086f00000, 0x0000000086f00000, 0x0000000087000000|  0%| F|  |TAMS 0x0000000086f00000, 0x0000000086f00000| Untracked 
| 112|0x0000000087000000, 0x0000000087000000, 0x0000000087100000|  0%| F|  |TAMS 0x0000000087000000, 0x0000000087000000| Untracked 
| 113|0x0000000087100000, 0x0000000087100000, 0x0000000087200000|  0%| F|  |TAMS 0x0000000087100000, 0x0000000087100000| Untracked 
| 114|0x0000000087200000, 0x0000000087200000, 0x0000000087300000|  0%| F|  |TAMS 0x0000000087200000, 0x0000000087200000| Untracked 
| 115|0x0000000087300000, 0x0000000087300000, 0x0000000087400000|  0%| F|  |TAMS 0x0000000087300000, 0x0000000087300000| Untracked 
| 116|0x0000000087400000, 0x0000000087400000, 0x0000000087500000|  0%| F|  |TAMS 0x0000000087400000, 0x0000000087400000| Untracked 
| 117|0x0000000087500000, 0x0000000087500000, 0x0000000087600000|  0%| F|  |TAMS 0x0000000087500000, 0x0000000087500000| Untracked 
| 118|0x0000000087600000, 0x0000000087600000, 0x0000000087700000|  0%| F|  |TAMS 0x0000000087600000, 0x0000000087600000| Untracked 
| 119|0x0000000087700000, 0x0000000087700000, 0x0000000087800000|  0%| F|  |TAMS 0x0000000087700000, 0x0000000087700000| Untracked 
| 120|0x0000000087800000, 0x0000000087900000, 0x0000000087900000|100%| S|CS|TAMS 0x0000000087800000, 0x0000000087800000| Complete 
| 121|0x0000000087900000, 0x0000000087a00000, 0x0000000087a00000|100%| S|CS|TAMS 0x0000000087900000, 0x0000000087900000| Complete 
| 122|0x0000000087a00000, 0x0000000087b00000, 0x0000000087b00000|100%| S|CS|TAMS 0x0000000087a00000, 0x0000000087a00000| Complete 
| 123|0x0000000087b00000, 0x0000000087b00000, 0x0000000087c00000|  0%| F|  |TAMS 0x0000000087b00000, 0x0000000087b00000| Untracked 
| 124|0x0000000087c00000, 0x0000000087c00000, 0x0000000087d00000|  0%| F|  |TAMS 0x0000000087c00000, 0x0000000087c00000| Untracked 
| 125|0x0000000087d00000, 0x0000000087d00000, 0x0000000087e00000|  0%| F|  |TAMS 0x0000000087d00000, 0x0000000087d00000| Untracked 
| 126|0x0000000087e00000, 0x0000000087e00000, 0x0000000087f00000|  0%| F|  |TAMS 0x0000000087e00000, 0x0000000087e00000| Untracked 
| 127|0x0000000087f00000, 0x0000000087f4d6d8, 0x0000000088000000| 30%| E|  |TAMS 0x0000000087f00000, 0x0000000087f00000| Complete 
| 128|0x0000000088000000, 0x0000000088100000, 0x0000000088100000|100%| E|CS|TAMS 0x0000000088000000, 0x0000000088000000| Complete 
| 129|0x0000000088100000, 0x0000000088200000, 0x0000000088200000|100%| E|CS|TAMS 0x0000000088100000, 0x0000000088100000| Complete 

Card table byte_map: [0x000001f2c7500000,0x000001f2c7900000] _byte_map_base: 0x000001f2c7100000

Marking Bits (Prev, Next): (CMBitMap*) 0x000001f2b068d500, (CMBitMap*) 0x000001f2b068d4c0
 Prev Bits: [0x000001f2c9d00000, 0x000001f2cbd00000)
 Next Bits: [0x000001f2c7d00000, 0x000001f2c9d00000)

Polling page: 0x000001f2ae5c0000

Metaspace:

Usage:
  Non-class:     63.89 MB used.
      Class:      9.94 MB used.
       Both:     73.84 MB used.

Virtual space:
  Non-class space:       72.00 MB reserved,      64.19 MB ( 89%) committed,  9 nodes.
      Class space:        1.00 GB reserved,      10.19 MB ( <1%) committed,  1 nodes.
              Both:        1.07 GB reserved,      74.38 MB (  7%) committed. 

Chunk freelists:
   Non-Class:  3.76 MB
       Class:  1.65 MB
        Both:  5.41 MB

MaxMetaspaceSize: 17179869184.00 GB
CompressedClassSpaceSize: 1.00 GB
 - commit_granule_bytes: 65536.
 - commit_granule_words: 8192.
 - virtual_space_node_default_size: 1048576.
 - enlarge_chunks_in_place: 1.
 - new_chunks_are_fully_committed: 0.
 - uncommit_free_chunks: 1.
 - use_allocation_guard: 0.
 - handle_deallocations: 1.


Internal statistics:

num_allocs_failed_limit: 6.
num_arena_births: 706.
num_arena_deaths: 14.
num_vsnodes_births: 10.
num_vsnodes_deaths: 0.
num_space_committed: 1190.
num_space_uncommitted: 0.
num_chunks_returned_to_freelist: 27.
num_chunks_taken_from_freelist: 3683.
num_chunk_merges: 15.
num_chunk_splits: 2471.
num_chunks_enlarged: 1693.
num_purges: 2.

CodeHeap 'non-profiled nmethods': size=120000Kb used=5044Kb max_used=5603Kb free=114956Kb
 bounds [0x000001f2bf8a0000, 0x000001f2bfe20000, 0x000001f2c6dd0000]
CodeHeap 'profiled nmethods': size=120000Kb used=15713Kb max_used=17879Kb free=104286Kb
 bounds [0x000001f2b8370000, 0x000001f2b94f0000, 0x000001f2bf8a0000]
CodeHeap 'non-nmethods': size=5760Kb used=2402Kb max_used=2485Kb free=3357Kb
 bounds [0x000001f2b7dd0000, 0x000001f2b8050000, 0x000001f2b8370000]
 total_blobs=9198 nmethods=8286 adapters=824
 compilation: enabled
              stopped_count=0, restarted_count=0
 full_count=0

Compilation events (20 events):
Event: 9.718 Thread 0x000001f2ce6f72d0 nmethod 9893 0x000001f2b88ec010 code [0x000001f2b88ec480, 0x000001f2b88ed8e8]
Event: 9.718 Thread 0x000001f2ce6f72d0 9894 %     3       sun.nio.cs.UTF_8$Encoder::encodeArrayLoop @ 109 (489 bytes)
Event: 9.718 Thread 0x000001f2cf2c9d40 9889       4       com.google.common.base.CharMatcher::countIn (39 bytes)
Event: 9.721 Thread 0x000001f2ce6f72d0 nmethod 9894% 0x000001f2b8733a10 code [0x000001f2b8734000, 0x000001f2b87375c8]
Event: 9.721 Thread 0x000001f2ce6f72d0 9895 %     3       sun.nio.cs.UTF_8$Encoder::encodeArrayLoop @ 73 (489 bytes)
Event: 9.723 Thread 0x000001f2ce6f72d0 nmethod 9895% 0x000001f2b8f60690 code [0x000001f2b8f60c80, 0x000001f2b8f64268]
Event: 9.723 Thread 0x000001f2ce6f72d0 9896       3       sun.nio.cs.UTF_8$Encoder::encodeArrayLoop (489 bytes)
Event: 9.724 Thread 0x000001f2cf2c9d40 nmethod 9889 0x000001f2bfb32790 code [0x000001f2bfb32920, 0x000001f2bfb32c18]
Event: 9.724 Thread 0x000001f2cf2c9d40 9884       4       java.util.HashSet::size (8 bytes)
Event: 9.724 Thread 0x000001f2cf2c9d40 nmethod 9884 0x000001f2bfc77090 code [0x000001f2bfc77220, 0x000001f2bfc772b8]
Event: 9.725 Thread 0x000001f2cf2c9d40 9885       4       java.util.HashSet::remove (20 bytes)
Event: 9.725 Thread 0x000001f2ce6f72d0 nmethod 9896 0x000001f2b8ba8a90 code [0x000001f2b8ba90a0, 0x000001f2b8bac648]
Event: 9.725 Thread 0x000001f2cf2c9d40 nmethod 9885 0x000001f2bf98ce90 code [0x000001f2bf98d020, 0x000001f2bf98d108]
Event: 9.725 Thread 0x000001f2cf2c9d40 9897 %     4       sun.nio.cs.UTF_8$Encoder::encodeArrayLoop @ 109 (489 bytes)
Event: 9.741 Thread 0x000001f2ce6f72d0 9899       2       org.gradle.model.internal.asm.AsmClassGeneratorUtils::visitParameters (47 bytes)
Event: 9.742 Thread 0x000001f2ce6f72d0 nmethod 9899 0x000001f2b83b7090 code [0x000001f2b83b7260, 0x000001f2b83b7468]
Event: 9.742 Thread 0x000001f2ce6f72d0 9898       2       org.gradle.model.internal.asm.AsmClassGeneratorUtils::visitFormalTypeParameters (108 bytes)
Event: 9.742 Thread 0x000001f2ce6f72d0 nmethod 9898 0x000001f2b84d3690 code [0x000001f2b84d3880, 0x000001f2b84d3ba8]
Event: 9.743 Thread 0x000001f2cf2c9d40 nmethod 9897% 0x000001f2bfa00410 code [0x000001f2bfa005e0, 0x000001f2bfa01118]
Event: 9.743 Thread 0x000001f2cf2c9d40 9892 %     4       java.lang.StringUTF16::getChars @ 16 (42 bytes)

GC Heap History (20 events):
Event: 6.495 GC heap before
{Heap before GC invocations=22 (full 0):
 garbage-first heap   total 99328K, used 77752K [0x0000000080000000, 0x0000000100000000)
  region size 1024K, 25 young (25600K), 3 survivors (3072K)
 Metaspace       used 57301K, committed 57792K, reserved 1105920K
  class space    used 7530K, committed 7744K, reserved 1048576K
}
Event: 6.499 GC heap after
{Heap after GC invocations=23 (full 0):
 garbage-first heap   total 99328K, used 57527K [0x0000000080000000, 0x0000000100000000)
  region size 1024K, 4 young (4096K), 4 survivors (4096K)
 Metaspace       used 57301K, committed 57792K, reserved 1105920K
  class space    used 7530K, committed 7744K, reserved 1048576K
}
Event: 6.804 GC heap before
{Heap before GC invocations=24 (full 0):
 garbage-first heap   total 104448K, used 79031K [0x0000000080000000, 0x0000000100000000)
  region size 1024K, 25 young (25600K), 4 survivors (4096K)
 Metaspace       used 60029K, committed 60544K, reserved 1105920K
  class space    used 8045K, committed 8320K, reserved 1048576K
}
Event: 6.807 GC heap after
{Heap after GC invocations=25 (full 0):
 garbage-first heap   total 104448K, used 58818K [0x0000000080000000, 0x0000000100000000)
  region size 1024K, 2 young (2048K), 2 survivors (2048K)
 Metaspace       used 60029K, committed 60544K, reserved 1105920K
  class space    used 8045K, committed 8320K, reserved 1048576K
}
Event: 7.184 GC heap before
{Heap before GC invocations=25 (full 0):
 garbage-first heap   total 104448K, used 83394K [0x0000000080000000, 0x0000000100000000)
  region size 1024K, 26 young (26624K), 2 survivors (2048K)
 Metaspace       used 62627K, committed 63168K, reserved 1105920K
  class space    used 8440K, committed 8704K, reserved 1048576K
}
Event: 7.188 GC heap after
{Heap after GC invocations=26 (full 0):
 garbage-first heap   total 104448K, used 60468K [0x0000000080000000, 0x0000000100000000)
  region size 1024K, 3 young (3072K), 3 survivors (3072K)
 Metaspace       used 62627K, committed 63168K, reserved 1105920K
  class space    used 8440K, committed 8704K, reserved 1048576K
}
Event: 7.532 GC heap before
{Heap before GC invocations=27 (full 0):
 garbage-first heap   total 107520K, used 84020K [0x0000000080000000, 0x0000000100000000)
  region size 1024K, 26 young (26624K), 3 survivors (3072K)
 Metaspace       used 65158K, committed 65664K, reserved 1105920K
  class space    used 8817K, committed 9024K, reserved 1048576K
}
Event: 7.536 GC heap after
{Heap after GC invocations=28 (full 0):
 garbage-first heap   total 107520K, used 61778K [0x0000000080000000, 0x0000000100000000)
  region size 1024K, 4 young (4096K), 4 survivors (4096K)
 Metaspace       used 65158K, committed 65664K, reserved 1105920K
  class space    used 8817K, committed 9024K, reserved 1048576K
}
Event: 7.936 GC heap before
{Heap before GC invocations=28 (full 0):
 garbage-first heap   total 107520K, used 86354K [0x0000000080000000, 0x0000000100000000)
  region size 1024K, 29 young (29696K), 4 survivors (4096K)
 Metaspace       used 68518K, committed 68992K, reserved 1114112K
  class space    used 9272K, committed 9536K, reserved 1048576K
}
Event: 7.941 GC heap after
{Heap after GC invocations=29 (full 0):
 garbage-first heap   total 129024K, used 63733K [0x0000000080000000, 0x0000000100000000)
  region size 1024K, 4 young (4096K), 4 survivors (4096K)
 Metaspace       used 68518K, committed 68992K, reserved 1114112K
  class space    used 9272K, committed 9536K, reserved 1048576K
}
Event: 8.534 GC heap before
{Heap before GC invocations=30 (full 0):
 garbage-first heap   total 129024K, used 101621K [0x0000000080000000, 0x0000000100000000)
  region size 1024K, 42 young (43008K), 4 survivors (4096K)
 Metaspace       used 72667K, committed 73216K, reserved 1114112K
  class space    used 9810K, committed 10048K, reserved 1048576K
}
Event: 8.540 GC heap after
{Heap after GC invocations=31 (full 0):
 garbage-first heap   total 129024K, used 68489K [0x0000000080000000, 0x0000000100000000)
  region size 1024K, 6 young (6144K), 6 survivors (6144K)
 Metaspace       used 72667K, committed 73216K, reserved 1114112K
  class space    used 9810K, committed 10048K, reserved 1048576K
}
Event: 8.871 GC heap before
{Heap before GC invocations=31 (full 0):
 garbage-first heap   total 129024K, used 102281K [0x0000000080000000, 0x0000000100000000)
  region size 1024K, 40 young (40960K), 6 survivors (6144K)
 Metaspace       used 73493K, committed 73984K, reserved 1114112K
  class space    used 9950K, committed 10176K, reserved 1048576K
}
Event: 8.878 GC heap after
{Heap after GC invocations=32 (full 0):
 garbage-first heap   total 129024K, used 72008K [0x0000000080000000, 0x0000000100000000)
  region size 1024K, 4 young (4096K), 4 survivors (4096K)
 Metaspace       used 73493K, committed 73984K, reserved 1114112K
  class space    used 9950K, committed 10176K, reserved 1048576K
}
Event: 9.214 GC heap before
{Heap before GC invocations=33 (full 0):
 garbage-first heap   total 133120K, used 100680K [0x0000000080000000, 0x0000000100000000)
  region size 1024K, 34 young (34816K), 4 survivors (4096K)
 Metaspace       used 74197K, committed 74752K, reserved 1114112K
  class space    used 10041K, committed 10304K, reserved 1048576K
}
Event: 9.217 GC heap after
{Heap after GC invocations=34 (full 0):
 garbage-first heap   total 133120K, used 73037K [0x0000000080000000, 0x0000000100000000)
  region size 1024K, 5 young (5120K), 5 survivors (5120K)
 Metaspace       used 74197K, committed 74752K, reserved 1114112K
  class space    used 10041K, committed 10304K, reserved 1048576K
}
Event: 9.602 GC heap before
{Heap before GC invocations=35 (full 0):
 garbage-first heap   total 133120K, used 109901K [0x0000000080000000, 0x0000000100000000)
  region size 1024K, 39 young (39936K), 5 survivors (5120K)
 Metaspace       used 75420K, committed 75968K, reserved 1122304K
  class space    used 10171K, committed 10432K, reserved 1048576K
}
Event: 9.611 GC heap after
{Heap after GC invocations=36 (full 0):
 garbage-first heap   total 133120K, used 87778K [0x0000000080000000, 0x0000000100000000)
  region size 1024K, 5 young (5120K), 5 survivors (5120K)
 Metaspace       used 75420K, committed 75968K, reserved 1122304K
  class space    used 10171K, committed 10432K, reserved 1048576K
}
Event: 9.663 GC heap before
{Heap before GC invocations=36 (full 0):
 garbage-first heap   total 133120K, used 92898K [0x0000000080000000, 0x0000000100000000)
  region size 1024K, 12 young (12288K), 5 survivors (5120K)
 Metaspace       used 75446K, committed 76032K, reserved 1122304K
  class space    used 10171K, committed 10432K, reserved 1048576K
}
Event: 9.669 GC heap after
{Heap after GC invocations=37 (full 0):
 garbage-first heap   total 133120K, used 94044K [0x0000000080000000, 0x0000000100000000)
  region size 1024K, 3 young (3072K), 3 survivors (3072K)
 Metaspace       used 75446K, committed 76032K, reserved 1122304K
  class space    used 10171K, committed 10432K, reserved 1048576K
}

Deoptimization events (20 events):
Event: 9.723 Thread 0x000001f2d41782f0 DEOPT PACKING pc=0x000001f2b88ed39f sp=0x000000bde75fa410
Event: 9.723 Thread 0x000001f2d41782f0 DEOPT UNPACKING pc=0x000001f2b7e1e77e sp=0x000000bde75f9988 mode 0
Event: 9.723 Thread 0x000001f2d41782f0 DEOPT PACKING pc=0x000001f2b88ed39f sp=0x000000bde75fa410
Event: 9.723 Thread 0x000001f2d41782f0 DEOPT UNPACKING pc=0x000001f2b7e1e77e sp=0x000000bde75f9988 mode 0
Event: 9.723 Thread 0x000001f2d41782f0 DEOPT PACKING pc=0x000001f2b88ed39f sp=0x000000bde75fa410
Event: 9.723 Thread 0x000001f2d41782f0 DEOPT UNPACKING pc=0x000001f2b7e1e77e sp=0x000000bde75f9988 mode 0
Event: 9.724 Thread 0x000001f2d41782f0 DEOPT PACKING pc=0x000001f2b88ed39f sp=0x000000bde75fa410
Event: 9.724 Thread 0x000001f2d41782f0 DEOPT UNPACKING pc=0x000001f2b7e1e77e sp=0x000000bde75f9988 mode 0
Event: 9.724 Thread 0x000001f2d41782f0 DEOPT PACKING pc=0x000001f2b88ed39f sp=0x000000bde75fa410
Event: 9.724 Thread 0x000001f2d41782f0 DEOPT UNPACKING pc=0x000001f2b7e1e77e sp=0x000000bde75f9988 mode 0
Event: 9.724 Thread 0x000001f2d41782f0 DEOPT PACKING pc=0x000001f2b88ed258 sp=0x000000bde75fa410
Event: 9.724 Thread 0x000001f2d41782f0 DEOPT UNPACKING pc=0x000001f2b7e1e77e sp=0x000000bde75f9988 mode 0
Event: 9.724 Thread 0x000001f2d41782f0 DEOPT PACKING pc=0x000001f2b88ed39f sp=0x000000bde75fa410
Event: 9.724 Thread 0x000001f2d41782f0 DEOPT UNPACKING pc=0x000001f2b7e1e77e sp=0x000000bde75f9988 mode 0
Event: 9.725 Thread 0x000001f2d41782f0 DEOPT PACKING pc=0x000001f2b88ed39f sp=0x000000bde75fa410
Event: 9.725 Thread 0x000001f2d41782f0 DEOPT UNPACKING pc=0x000001f2b7e1e77e sp=0x000000bde75f9988 mode 0
Event: 9.725 Thread 0x000001f2d41782f0 DEOPT PACKING pc=0x000001f2b88ed39f sp=0x000000bde75fa410
Event: 9.725 Thread 0x000001f2d41782f0 DEOPT UNPACKING pc=0x000001f2b7e1e77e sp=0x000000bde75f9988 mode 0
Event: 9.725 Thread 0x000001f2d41782f0 DEOPT PACKING pc=0x000001f2b88ed39f sp=0x000000bde75fa410
Event: 9.725 Thread 0x000001f2d41782f0 DEOPT UNPACKING pc=0x000001f2b7e1e77e sp=0x000000bde75f9988 mode 0

Classes unloaded (7 events):
Event: 9.746 Thread 0x000001f2ce6cd300 Unloading class 0x0000000801615c00 'java/lang/invoke/LambdaForm$DMH+0x0000000801615c00'
Event: 9.746 Thread 0x000001f2ce6cd300 Unloading class 0x0000000801615800 'java/lang/invoke/LambdaForm$DMH+0x0000000801615800'
Event: 9.746 Thread 0x000001f2ce6cd300 Unloading class 0x0000000801615000 'java/lang/invoke/LambdaForm$DMH+0x0000000801615000'
Event: 9.746 Thread 0x000001f2ce6cd300 Unloading class 0x0000000801615400 'java/lang/invoke/LambdaForm$DMH+0x0000000801615400'
Event: 9.746 Thread 0x000001f2ce6cd300 Unloading class 0x0000000801614400 'java/lang/invoke/LambdaForm$DMH+0x0000000801614400'
Event: 9.746 Thread 0x000001f2ce6cd300 Unloading class 0x0000000801614800 'java/lang/invoke/LambdaForm$DMH+0x0000000801614800'
Event: 9.746 Thread 0x000001f2ce6cd300 Unloading class 0x0000000801614c00 'java/lang/invoke/LambdaForm$DMH+0x0000000801614c00'

Classes redefined (0 events):
No events

Internal exceptions (20 events):
Event: 8.437 Thread 0x000001f2d417dd40 Exception <a 'java/lang/IncompatibleClassChangeError'{0x0000000085c083f8}: Found class java.lang.Object, but interface was expected> (0x0000000085c083f8) 
thrown [t:\workspace\open\src\hotspot\share\interpreter\linkResolver.cpp, line 857]
Event: 8.454 Thread 0x000001f2d226f950 Exception <a 'java/lang/NoSuchMethodError'{0x0000000085b6d610}: static Lorg/gradle/internal/build/event/types/DefaultTaskSkippedResult;.<clinit>()V> (0x0000000085b6d610) 
thrown [t:\workspace\open\src\hotspot\share\prims\jni.cpp, line 1210]
Event: 8.454 Thread 0x000001f2d41782f0 Exception <a 'java/lang/NoSuchMethodError'{0x000000008614c448}: 'java.lang.Object java.lang.invoke.DirectMethodHandle$Holder.invokeInterface(java.lang.Object, java.lang.Object, int)'> (0x000000008614c448) 
thrown [t:\workspace\open\src\hotspot\share\interpreter\linkResolver.cpp, line 790]
Event: 8.456 Thread 0x000001f2d41782f0 Exception <a 'java/lang/NoSuchMethodError'{0x000000008615d628}: 'void java.lang.invoke.DirectMethodHandle$Holder.invokeStatic(java.lang.Object, java.lang.Object, java.lang.Object, int)'> (0x000000008615d628) 
thrown [t:\workspace\open\src\hotspot\share\interpreter\linkResolver.cpp, line 790]
Event: 8.489 Thread 0x000001f2d41782f0 Implicit null exception at 0x000001f2bfbac457 to 0x000001f2bfbac5f0
Event: 8.494 Thread 0x000001f2d41782f0 Exception <a 'java/lang/IncompatibleClassChangeError'{0x0000000085a752a8}: Found class java.lang.Object, but interface was expected> (0x0000000085a752a8) 
thrown [t:\workspace\open\src\hotspot\share\interpreter\linkResolver.cpp, line 857]
Event: 8.518 Thread 0x000001f2d41782f0 Exception <a 'java/lang/NoSuchMethodError'{0x0000000085841228}: 'int java.lang.invoke.DirectMethodHandle$Holder.invokeStaticInit(java.lang.Object, java.lang.Object, java.lang.Object, java.lang.Object, java.lang.Object)'> (0x0000000085841228) 
thrown [t:\workspace\open\src\hotspot\share\interpreter\linkResolver.cpp, line 790]
Event: 8.669 Thread 0x000001f2d41782f0 Exception <a 'java/lang/NoSuchMethodError'{0x0000000087983590}: 'void java.lang.invoke.DirectMethodHandle$Holder.invokeStatic(java.lang.Object, java.lang.Object, java.lang.Object, java.lang.Object, int, java.lang.Object, java.lang.Object)'> (0x0000000087983590) 
thrown [t:\workspace\open\src\hotspot\share\interpreter\linkResolver.cpp, line 790]
Event: 8.700 Thread 0x000001f2d40a3ce0 Exception <a 'java/lang/NoSuchMethodError'{0x0000000087377358}: 'java.lang.Object java.lang.invoke.DirectMethodHandle$Holder.invokeSpecialIFC(java.lang.Object, java.lang.Object, java.lang.Object)'> (0x0000000087377358) 
thrown [t:\workspace\open\src\hotspot\share\interpreter\linkResolver.cpp, line 790]
Event: 8.700 Thread 0x000001f2d40a3240 Exception <a 'java/lang/NoSuchMethodError'{0x0000000087384cf8}: 'java.lang.Object java.lang.invoke.DirectMethodHandle$Holder.invokeSpecialIFC(java.lang.Object, java.lang.Object, java.lang.Object)'> (0x0000000087384cf8) 
thrown [t:\workspace\open\src\hotspot\share\interpreter\linkResolver.cpp, line 790]
Event: 8.700 Thread 0x000001f2d5de29c0 Exception <a 'java/lang/NoSuchMethodError'{0x0000000087395978}: 'java.lang.Object java.lang.invoke.DirectMethodHandle$Holder.invokeSpecialIFC(java.lang.Object, java.lang.Object, java.lang.Object)'> (0x0000000087395978) 
thrown [t:\workspace\open\src\hotspot\share\interpreter\linkResolver.cpp, line 790]
Event: 8.700 Thread 0x000001f2d5de2f10 Exception <a 'java/lang/NoSuchMethodError'{0x000000008738f118}: 'java.lang.Object java.lang.invoke.DirectMethodHandle$Holder.invokeSpecialIFC(java.lang.Object, java.lang.Object, java.lang.Object)'> (0x000000008738f118) 
thrown [t:\workspace\open\src\hotspot\share\interpreter\linkResolver.cpp, line 790]
Event: 8.700 Thread 0x000001f2d5dde4b0 Exception <a 'java/lang/NoSuchMethodError'{0x00000000873af478}: 'java.lang.Object java.lang.invoke.DirectMethodHandle$Holder.invokeSpecialIFC(java.lang.Object, java.lang.Object, java.lang.Object)'> (0x00000000873af478) 
thrown [t:\workspace\open\src\hotspot\share\interpreter\linkResolver.cpp, line 790]
Event: 8.700 Thread 0x000001f2d41782f0 Exception <a 'java/lang/NoSuchMethodError'{0x000000008731c198}: 'java.lang.Object java.lang.invoke.DirectMethodHandle$Holder.invokeSpecialIFC(java.lang.Object, java.lang.Object, java.lang.Object)'> (0x000000008731c198) 
thrown [t:\workspace\open\src\hotspot\share\interpreter\linkResolver.cpp, line 790]
Event: 8.700 Thread 0x000001f2d40a91e0 Exception <a 'java/lang/NoSuchMethodError'{0x00000000873a10f8}: 'java.lang.Object java.lang.invoke.DirectMethodHandle$Holder.invokeSpecialIFC(java.lang.Object, java.lang.Object, java.lang.Object)'> (0x00000000873a10f8) 
thrown [t:\workspace\open\src\hotspot\share\interpreter\linkResolver.cpp, line 790]
Event: 8.700 Thread 0x000001f2d40a5cc0 Exception <a 'java/lang/NoSuchMethodError'{0x00000000873b9dd8}: 'java.lang.Object java.lang.invoke.DirectMethodHandle$Holder.invokeSpecialIFC(java.lang.Object, java.lang.Object, java.lang.Object)'> (0x00000000873b9dd8) 
thrown [t:\workspace\open\src\hotspot\share\interpreter\linkResolver.cpp, line 790]
Event: 8.896 Thread 0x000001f2d4143c20 Exception <a 'java/lang/NoSuchMethodError'{0x0000000087c6db30}: 'void java.lang.invoke.DirectMethodHandle$Holder.invokeVirtual(java.lang.Object, java.lang.Object)'> (0x0000000087c6db30) 
thrown [t:\workspace\open\src\hotspot\share\interpreter\linkResolver.cpp, line 790]
Event: 8.990 Thread 0x000001f2d41416f0 Implicit null exception at 0x000001f2bfd836db to 0x000001f2bfd83770
Event: 9.129 Thread 0x000001f2d41436d0 Implicit null exception at 0x000001f2bfd8a443 to 0x000001f2bfd8ac6c
Event: 9.327 Thread 0x000001f2d41782f0 Implicit null exception at 0x000001f2bf94ede4 to 0x000001f2bf94efb0

Events (20 events):
Event: 9.637 Thread 0x000001f2ce6f9840 flushing nmethod 0x000001f2b9491c10
Event: 9.637 Thread 0x000001f2ce6f9840 flushing nmethod 0x000001f2b9492790
Event: 9.637 Thread 0x000001f2ce6f9840 flushing nmethod 0x000001f2b9492c10
Event: 9.637 Thread 0x000001f2ce6f9840 flushing nmethod 0x000001f2b9493390
Event: 9.637 Thread 0x000001f2ce6f9840 flushing nmethod 0x000001f2b9495e10
Event: 9.637 Thread 0x000001f2ce6f9840 flushing nmethod 0x000001f2b949e190
Event: 9.637 Thread 0x000001f2ce6f9840 flushing nmethod 0x000001f2b949fe10
Event: 9.637 Thread 0x000001f2ce6f9840 flushing nmethod 0x000001f2b94a0410
Event: 9.637 Thread 0x000001f2ce6f9840 flushing nmethod 0x000001f2b94a0790
Event: 9.637 Thread 0x000001f2ce6f9840 flushing nmethod 0x000001f2b94a1590
Event: 9.637 Thread 0x000001f2ce6f9840 flushing nmethod 0x000001f2b94a2490
Event: 9.637 Thread 0x000001f2ce6f9840 flushing nmethod 0x000001f2b94a2910
Event: 9.637 Thread 0x000001f2ce6f9840 flushing nmethod 0x000001f2b94a3710
Event: 9.637 Thread 0x000001f2ce6f9840 flushing nmethod 0x000001f2b94a4210
Event: 9.637 Thread 0x000001f2ce6f9840 flushing nmethod 0x000001f2b94a4f90
Event: 9.637 Thread 0x000001f2ce6f9840 flushing nmethod 0x000001f2b94a5990
Event: 9.637 Thread 0x000001f2ce6f9840 flushing nmethod 0x000001f2b94b4110
Event: 9.663 Executing  VM operation: G1TryInitiateConcMark
Event: 9.669 Executing  VM operation: G1TryInitiateConcMark done
Event: 9.745 Executing  VM operation: G1Concurrent


Dynamic libraries:
0x00007ff6660f0000 - 0x00007ff666100000 	C:\Program Files\Java\jdk-16.0.2\bin\java.exe
0x00007ffef1ab0000 - 0x00007ffef1ca8000 	C:\WINDOWS\SYSTEM32\ntdll.dll
0x00007ffef0990000 - 0x00007ffef0a4d000 	C:\WINDOWS\System32\KERNEL32.DLL
0x00007ffeef410000 - 0x00007ffeef6de000 	C:\WINDOWS\System32\KERNELBASE.dll
0x00007ffeef9c0000 - 0x00007ffeefac0000 	C:\WINDOWS\System32\ucrtbase.dll
0x00007ffee8dd0000 - 0x00007ffee8de8000 	C:\Program Files\Java\jdk-16.0.2\bin\jli.dll
0x00007ffee8700000 - 0x00007ffee8719000 	C:\Program Files\Java\jdk-16.0.2\bin\VCRUNTIME140.dll
0x00007ffef0630000 - 0x00007ffef06de000 	C:\WINDOWS\System32\ADVAPI32.dll
0x00007ffef08f0000 - 0x00007ffef098e000 	C:\WINDOWS\System32\msvcrt.dll
0x00007ffef0c00000 - 0x00007ffef0c9c000 	C:\WINDOWS\System32\sechost.dll
0x00007ffef0ca0000 - 0x00007ffef0dc5000 	C:\WINDOWS\System32\RPCRT4.dll
0x00007ffef0dd0000 - 0x00007ffef0f70000 	C:\WINDOWS\System32\USER32.dll
0x00007ffeef280000 - 0x00007ffeef2a2000 	C:\WINDOWS\System32\win32u.dll
0x00007ffed7360000 - 0x00007ffed75fa000 	C:\WINDOWS\WinSxS\amd64_microsoft.windows.common-controls_6595b64144ccf1df_6.0.19041.1110_none_60b5254171f9507e\COMCTL32.dll
0x00007ffef13b0000 - 0x00007ffef13da000 	C:\WINDOWS\System32\GDI32.dll
0x00007ffeef770000 - 0x00007ffeef87b000 	C:\WINDOWS\System32\gdi32full.dll
0x00007ffeef8b0000 - 0x00007ffeef94d000 	C:\WINDOWS\System32\msvcp_win.dll
0x00007ffee8d00000 - 0x00007ffee8d0a000 	C:\WINDOWS\SYSTEM32\VERSION.dll
0x00007ffeefb10000 - 0x00007ffeefb40000 	C:\WINDOWS\System32\IMM32.DLL
0x00007ffee86f0000 - 0x00007ffee86fc000 	C:\Program Files\Java\jdk-16.0.2\bin\vcruntime140_1.dll
0x00007ffee8650000 - 0x00007ffee86e1000 	C:\Program Files\Java\jdk-16.0.2\bin\msvcp140.dll
0x00007ffe842e0000 - 0x00007ffe84e8b000 	C:\Program Files\Java\jdk-16.0.2\bin\server\jvm.dll
0x00007ffef08e0000 - 0x00007ffef08e8000 	C:\WINDOWS\System32\PSAPI.DLL
0x00007ffeec360000 - 0x00007ffeec369000 	C:\WINDOWS\SYSTEM32\WSOCK32.dll
0x00007ffeed050000 - 0x00007ffeed077000 	C:\WINDOWS\SYSTEM32\WINMM.dll
0x00007ffef1330000 - 0x00007ffef139b000 	C:\WINDOWS\System32\WS2_32.dll
0x00007ffeeda90000 - 0x00007ffeedaa2000 	C:\WINDOWS\SYSTEM32\kernel.appcore.dll
0x00007ffee6bf0000 - 0x00007ffee6bfa000 	C:\Program Files\Java\jdk-16.0.2\bin\jimage.dll
0x00007ffeece60000 - 0x00007ffeed044000 	C:\WINDOWS\SYSTEM32\DBGHELP.DLL
0x00007ffeece30000 - 0x00007ffeece5c000 	C:\WINDOWS\SYSTEM32\dbgcore.DLL
0x00007ffeef6e0000 - 0x00007ffeef762000 	C:\WINDOWS\System32\bcryptPrimitives.dll
0x00007ffee6bc0000 - 0x00007ffee6be5000 	C:\Program Files\Java\jdk-16.0.2\bin\java.dll
0x00007ffeefee0000 - 0x00007ffef0624000 	C:\WINDOWS\System32\SHELL32.dll
0x00007ffeed2b0000 - 0x00007ffeeda44000 	C:\WINDOWS\SYSTEM32\windows.storage.dll
0x00007ffef0f70000 - 0x00007ffef12c4000 	C:\WINDOWS\System32\combase.dll
0x00007ffeeec30000 - 0x00007ffeeec60000 	C:\WINDOWS\SYSTEM32\Wldp.dll
0x00007ffef07d0000 - 0x00007ffef087d000 	C:\WINDOWS\System32\SHCORE.dll
0x00007ffef06e0000 - 0x00007ffef0735000 	C:\WINDOWS\System32\shlwapi.dll
0x00007ffeef110000 - 0x00007ffeef12f000 	C:\WINDOWS\SYSTEM32\profapi.dll
0x00007ffed7d10000 - 0x00007ffed7d29000 	C:\Program Files\Java\jdk-16.0.2\bin\net.dll
0x00007ffeda9b0000 - 0x00007ffedaaba000 	C:\WINDOWS\SYSTEM32\WINHTTP.dll
0x00007ffeee990000 - 0x00007ffeee9fa000 	C:\WINDOWS\system32\mswsock.dll
0x00007ffed7cf0000 - 0x00007ffed7d03000 	C:\Program Files\Java\jdk-16.0.2\bin\nio.dll
0x00007ffed5520000 - 0x00007ffed5538000 	C:\Program Files\Java\jdk-16.0.2\bin\zip.dll
0x00007ffed5510000 - 0x00007ffed5520000 	C:\Program Files\Java\jdk-16.0.2\bin\verify.dll
0x00007ffee8d50000 - 0x00007ffee8d77000 	C:\Users\ITECH\.gradle\native\e1d6ef7f7dcc3fd88c89a11ec53ec762bb8ba0a96d01ffa2cd45eb1d1d8dd5c5\windows-amd64\native-platform.dll
0x00007ffec50a0000 - 0x00007ffec51e4000 	C:\Users\ITECH\.gradle\native\5664cfc778a61ccfe75a443a1ab52a65af34e5dc3c78e0209fed803814484fcb\windows-amd64\native-platform-file-events.dll
0x00007ffed5500000 - 0x00007ffed5509000 	C:\Program Files\Java\jdk-16.0.2\bin\management.dll
0x00007ffed54f0000 - 0x00007ffed54fb000 	C:\Program Files\Java\jdk-16.0.2\bin\management_ext.dll
0x00007ffeeeb80000 - 0x00007ffeeeb98000 	C:\WINDOWS\SYSTEM32\CRYPTSP.dll
0x00007ffeee2a0000 - 0x00007ffeee2d4000 	C:\WINDOWS\system32\rsaenh.dll
0x00007ffeef880000 - 0x00007ffeef8a7000 	C:\WINDOWS\System32\bcrypt.dll
0x00007ffeef0d0000 - 0x00007ffeef0fe000 	C:\WINDOWS\SYSTEM32\USERENV.dll
0x00007ffeeeba0000 - 0x00007ffeeebac000 	C:\WINDOWS\SYSTEM32\CRYPTBASE.dll
0x00007ffeee630000 - 0x00007ffeee66b000 	C:\WINDOWS\SYSTEM32\IPHLPAPI.DLL
0x00007ffef13a0000 - 0x00007ffef13a8000 	C:\WINDOWS\System32\NSI.dll
0x00007ffee34c0000 - 0x00007ffee34d7000 	C:\WINDOWS\SYSTEM32\dhcpcsvc6.DLL
0x00007ffee37f0000 - 0x00007ffee380d000 	C:\WINDOWS\SYSTEM32\dhcpcsvc.DLL
0x00007ffeee680000 - 0x00007ffeee74a000 	C:\WINDOWS\SYSTEM32\DNSAPI.dll
0x00007ffed54e0000 - 0x00007ffed54ee000 	C:\Program Files\Java\jdk-16.0.2\bin\sunmscapi.dll
0x00007ffeef2b0000 - 0x00007ffeef406000 	C:\WINDOWS\System32\CRYPT32.dll
0x00007ffeeeca0000 - 0x00007ffeeecc7000 	C:\WINDOWS\SYSTEM32\ncrypt.dll
0x00007ffeeec60000 - 0x00007ffeeec9b000 	C:\WINDOWS\SYSTEM32\NTASN1.dll
0x00007ffea0400000 - 0x00007ffea0407000 	C:\WINDOWS\system32\wshunix.dll

dbghelp: loaded successfully - version: 4.0.5 - missing functions: none
symbol engine: initialized successfully - sym options: 0x614 - pdb path: .;C:\Program Files\Java\jdk-16.0.2\bin;C:\WINDOWS\SYSTEM32;C:\WINDOWS\WinSxS\amd64_microsoft.windows.common-controls_6595b64144ccf1df_6.0.19041.1110_none_60b5254171f9507e;C:\Program Files\Java\jdk-16.0.2\bin\server;C:\Users\ITECH\.gradle\native\e1d6ef7f7dcc3fd88c89a11ec53ec762bb8ba0a96d01ffa2cd45eb1d1d8dd5c5\windows-amd64;C:\Users\ITECH\.gradle\native\5664cfc778a61ccfe75a443a1ab52a65af34e5dc3c78e0209fed803814484fcb\windows-amd64

VM Arguments:
jvm_args: --add-opens=java.base/java.util=ALL-UNNAMED --add-opens=java.base/java.lang=ALL-UNNAMED --add-opens=java.base/java.lang.invoke=ALL-UNNAMED --add-opens=java.base/java.util=ALL-UNNAMED --add-opens=java.prefs/java.util.prefs=ALL-UNNAMED --add-opens=java.prefs/java.util.prefs=ALL-UNNAMED --add-opens=java.base/java.nio.charset=ALL-UNNAMED --add-opens=java.base/java.net=ALL-UNNAMED --add-opens=java.base/java.util.concurrent.atomic=ALL-UNNAMED -Xmx2048m -Dfile.encoding=UTF-8 -Duser.country=US -Duser.language=en -Duser.variant 
java_command: org.gradle.launcher.daemon.bootstrap.GradleDaemon 7.3.3
java_class_path (initial): C:\Users\ITECH\.gradle\wrapper\dists\gradle-7.3.3-bin\6a41zxkdtcxs8rphpq6y0069z\gradle-7.3.3\lib\gradle-launcher-7.3.3.jar
Launcher Type: SUN_STANDARD

[Global flags]
     intx CICompilerCount                          = 4                                         {product} {ergonomic}
     uint ConcGCThreads                            = 2                                         {product} {ergonomic}
     uint G1ConcRefinementThreads                  = 8                                         {product} {ergonomic}
   size_t G1HeapRegionSize                         = 1048576                                   {product} {ergonomic}
    uintx GCDrainStackTargetSize                   = 64                                        {product} {ergonomic}
   size_t InitialHeapSize                          = 132120576                                 {product} {ergonomic}
   size_t MarkStackSize                            = 4194304                                   {product} {ergonomic}
   size_t MaxHeapSize                              = 2147483648                                {product} {command line}
   size_t MaxNewSize                               = 1287651328                                {product} {ergonomic}
   size_t MinHeapDeltaBytes                        = 1048576                                   {product} {ergonomic}
   size_t MinHeapSize                              = 8388608                                   {product} {ergonomic}
    uintx NonNMethodCodeHeapSize                   = 5839372                                {pd product} {ergonomic}
    uintx NonProfiledCodeHeapSize                  = 122909434                              {pd product} {ergonomic}
    uintx ProfiledCodeHeapSize                     = 122909434                              {pd product} {ergonomic}
    uintx ReservedCodeCacheSize                    = 251658240                              {pd product} {ergonomic}
     bool SegmentedCodeCache                       = true                                      {product} {ergonomic}
   size_t SoftMaxHeapSize                          = 2147483648                             {manageable} {ergonomic}
     bool UseCompressedClassPointers               = true                           {product lp64_product} {ergonomic}
     bool UseCompressedOops                        = true                           {product lp64_product} {ergonomic}
     bool UseG1GC                                  = true                                      {product} {ergonomic}
     bool UseLargePagesIndividualAllocation        = false                                  {pd product} {ergonomic}

Logging:
Log output configuration:
 #0: stdout all=warning uptime,level,tags
 #1: stderr all=off uptime,level,tags

Environment Variables:
JAVA_HOME=C:\Program Files\Java\jdk-16.0.2
PATH=C:\Program Files\Python37\Scripts\;C:\Program Files\Python37\;C:\ProgramData\Oracle\Java\javapath;C:\app\ITECH\product\11.2.0\dbhome_1\bin;C:\Program Files\Common Files\Oracle\Java\javapath;C:\Program Files (x86)\Common Files\Oracle\Java\javapath;C:\WINDOWS\system32;C:\WINDOWS;C:\WINDOWS\System32\Wbem;C:\WINDOWS\System32\WindowsPowerShell\v1.0\;C:\WINDOWS\System32\OpenSSH\;C:\Program Files\Microsoft SQL Server\130\Tools\Binn\;C:\Program Files\Microsoft SQL Server\Client SDK\ODBC\170\Tools\Binn\;C:\Program Files\dotnet\;C:\Program Files\nodejs\;C:\Program Files\Java\jdk-16.0.2\bin;C:\Program Files\Git\cmd;C:\Program Files\Java\jdk-16.0.2\bin;
USERNAME=ITECH
OS=Windows_NT
PROCESSOR_IDENTIFIER=Intel64 Family 6 Model 126 Stepping 5, GenuineIntel



---------------  S Y S T E M  ---------------

OS:
 Windows 10 , 64 bit Build 19041 (10.0.19041.1889)
OS uptime: 0 days 0:35 hours

CPU: total 8 (initial active 8) (4 cores per cpu, 2 threads per core) family 6 model 126 stepping 5 microcode 0xb0, cx8, cmov, fxsr, ht, mmx, 3dnowpref, sse, sse2, sse3, ssse3, sse4.1, sse4.2, popcnt, lzcnt, tsc, tscinvbit, avx, avx2, aes, erms, clmul, bmi1, bmi2, adx, avx512f, avx512dq, avx512cd, avx512bw, avx512vl, sha, fma, vzeroupper, avx512_vpopcntdq, avx512_vpclmulqdq, avx512_vaes, avx512_vnni, clflush, clflushopt, avx512_vmbi2, avx512_vmbi

Memory: 4k page, system-wide physical 7959M (942M free)
TotalPageFile size 7959M (AvailPageFile size 23M)
current process WorkingSet (physical memory assigned to process): 383M, peak: 383M
current process commit charge ("private bytes"): 425M, peak: 479M

vm_info: Java HotSpot(TM) 64-Bit Server VM (16.0.2+7-67) for windows-amd64 JRE (16.0.2+7-67), built on Jun  8 2021 23:24:19 by "mach5one" with MS VC++ 16.7 (VS2019)

END.
