#
# There is insufficient memory for the Java Runtime Environment to continue.
# Native memory allocation (mmap) failed to map 163577856 bytes for G1 virtual space
# Possible reasons:
#   The system is out of physical RAM or swap space
#   The process is running with CompressedOops enabled, and the Java Heap may be blocking the growth of the native heap
# Possible solutions:
#   Reduce memory load on the system
#   Increase physical memory or swap space
#   Check if swap backing store is full
#   Decrease Java heap size (-Xmx/-Xms)
#   Decrease number of Java threads
#   Decrease Java thread stack sizes (-Xss)
#   Set larger code cache with -XX:ReservedCodeCacheSize=
#   JVM is running with Unscaled Compressed Oops mode in which the Java heap is
#     placed in the first 4GB address space. The Java Heap base address is the
#     maximum limit for the native heap growth. Please use -XX:HeapBaseMinAddress
#     to set the Java Heap base and to place the Java Heap above 4GB virtual address.
# This output file may be truncated or incomplete.
#
#  Out of Memory Error (os_windows.cpp:3466), pid=4400, tid=13132
#
# JRE version: Java(TM) SE Runtime Environment (16.0.2+7) (build 16.0.2+7-67)
# Java VM: Java HotSpot(TM) 64-Bit Server VM (16.0.2+7-67, mixed mode, sharing, tiered, compressed oops, compressed class ptrs, g1 gc, windows-amd64)
# No core dump will be written. Minidumps are not enabled by default on client versions of Windows
#

---------------  S U M M A R Y ------------

Command Line: --add-opens=java.base/java.util=ALL-UNNAMED --add-opens=java.base/java.lang=ALL-UNNAMED --add-opens=java.base/java.lang.invoke=ALL-UNNAMED --add-opens=java.base/java.util=ALL-UNNAMED --add-opens=java.prefs/java.util.prefs=ALL-UNNAMED --add-opens=java.prefs/java.util.prefs=ALL-UNNAMED --add-opens=java.base/java.nio.charset=ALL-UNNAMED --add-opens=java.base/java.net=ALL-UNNAMED --add-opens=java.base/java.util.concurrent.atomic=ALL-UNNAMED -Xmx2048m -Dfile.encoding=UTF-8 -Duser.country=US -Duser.language=en -Duser.variant org.gradle.launcher.daemon.bootstrap.GradleDaemon 7.3.3

Host: Intel(R) Core(TM) i7-1065G7 CPU @ 1.30GHz, 8 cores, 7G,  Windows 10 , 64 bit Build 19041 (10.0.19041.1889)
Time: Mon Aug 22 18:15:15 2022 Egypt Standard Time elapsed time: 14.458043 seconds (0d 0h 0m 14s)

---------------  T H R E A D  ---------------

Current thread (0x0000021ed6b2d1c0):  VMThread "VM Thread" [stack: 0x0000005b0a900000,0x0000005b0aa00000] [id=13132]

Stack: [0x0000005b0a900000,0x0000005b0aa00000]
Native frames: (J=compiled Java code, j=interpreted, Vv=VM code, C=native code)
V  [jvm.dll+0x6681ca]
V  [jvm.dll+0x7c9e69]
V  [jvm.dll+0x7cb61e]
V  [jvm.dll+0x7cbc73]
V  [jvm.dll+0x242c55]
V  [jvm.dll+0x664f89]
V  [jvm.dll+0x659b75]
V  [jvm.dll+0x2fbfbb]
V  [jvm.dll+0x3031b6]
V  [jvm.dll+0x35299e]
V  [jvm.dll+0x352bcf]
V  [jvm.dll+0x2d3028]
V  [jvm.dll+0x2d0bb5]
V  [jvm.dll+0x2d01ec]
V  [jvm.dll+0x3152d2]
V  [jvm.dll+0x7d00ab]
V  [jvm.dll+0x7d0da4]
V  [jvm.dll+0x7d12a9]
V  [jvm.dll+0x7d1564]
V  [jvm.dll+0x7d1630]
V  [jvm.dll+0x7795aa]
V  [jvm.dll+0x667066]
C  [ucrtbase.dll+0x21bb2]
C  [KERNEL32.DLL+0x17034]
C  [ntdll.dll+0x52651]

VM_Operation (0x0000005b136fa3a0): G1CollectForAllocation, mode: safepoint, requested by thread 0x0000021edae75aa0


---------------  P R O C E S S  ---------------

Threads class SMR info:
_java_thread_list=0x0000021ed7b72df0, length=146, elements={
0x0000021eb6afc7c0, 0x0000021ed6b30bc0, 0x0000021ed6b316d0, 0x0000021ed6b3f4d0,
0x0000021ed6b43f00, 0x0000021ed6b46820, 0x0000021ed6b48140, 0x0000021ed6b4c330,
0x0000021ed6b4dd40, 0x0000021ed6b58ab0, 0x0000021ed75b44c0, 0x0000021ed75b5a00,
0x0000021ed7618e80, 0x0000021ed80a0150, 0x0000021ed75b6f40, 0x0000021ed75b64a0,
0x0000021ed75b69f0, 0x0000021ed75b3a20, 0x0000021ed75b3f70, 0x0000021ed75b4a10,
0x0000021ed75b4f60, 0x0000021ed75b54b0, 0x0000021ed90e5030, 0x0000021ed90e3050,
0x0000021ed90e25b0, 0x0000021ed90e3af0, 0x0000021ed90e6020, 0x0000021ed90e8000,
0x0000021ed90e8ff0, 0x0000021ed90e7010, 0x0000021ed90e7ab0, 0x0000021ed90e6570,
0x0000021ed90e8550, 0x0000021ed90e8aa0, 0x0000021ed90e9540, 0x0000021ed90e4040,
0x0000021ed90e9a90, 0x0000021ed90e5ad0, 0x0000021ed90e6ac0, 0x0000021ed90e4590,
0x0000021ed90e2060, 0x0000021ed90e4ae0, 0x0000021ed90e2b00, 0x0000021ed90e5580,
0x0000021edd188cf0, 0x0000021edd18fc80, 0x0000021edd18acd0, 0x0000021edd18a230,
0x0000021edd1887a0, 0x0000021edd188250, 0x0000021edd189240, 0x0000021edd189790,
0x0000021edd18c760, 0x0000021edd189ce0, 0x0000021edd18a780, 0x0000021edd18e1f0,
0x0000021edd18b220, 0x0000021edd18b770, 0x0000021edd18bcc0, 0x0000021edd18c210,
0x0000021edd18dca0, 0x0000021edd18ccb0, 0x0000021edd18d200, 0x0000021edd18d750,
0x0000021edd18e740, 0x0000021edd18ec90, 0x0000021edd18f1e0, 0x0000021edd18f730,
0x0000021ed9c68520, 0x0000021ed9c65000, 0x0000021ed9c65550, 0x0000021ed9c66fe0,
0x0000021ed9c66a90, 0x0000021ed9c66540, 0x0000021ed9c67530, 0x0000021ed9c65ff0,
0x0000021ed9c67a80, 0x0000021ed9c65aa0, 0x0000021ed9c67fd0, 0x0000021eddfa85d0,
0x0000021eddfa95c0, 0x0000021eddfaa060, 0x0000021eddfa8b20, 0x0000021eddfa9b10,
0x0000021eddfa9070, 0x0000021eddfaa5b0, 0x0000021eddfaab00, 0x0000021eddfab050,
0x0000021eddfab5a0, 0x0000021eddfa8080, 0x0000021edad9e350, 0x0000021edada2310,
0x0000021edada1870, 0x0000021edada3850, 0x0000021edada5d80, 0x0000021edada1dc0,
0x0000021edada0880, 0x0000021edada2860, 0x0000021edada3300, 0x0000021edada0dd0,
0x0000021edada42f0, 0x0000021edad9fde0, 0x0000021edada2db0, 0x0000021edada1320,
0x0000021edada3da0, 0x0000021edada4840, 0x0000021edada4d90, 0x0000021edada52e0,
0x0000021edada5830, 0x0000021edad9edf0, 0x0000021edad9f890, 0x0000021edad9e8a0,
0x0000021edad9f340, 0x0000021edada0330, 0x0000021edae71040, 0x0000021edae72030,
0x0000021edae72580, 0x0000021edae705a0, 0x0000021edae70050, 0x0000021edae6f060,
0x0000021edae73ac0, 0x0000021edae72ad0, 0x0000021edae70af0, 0x0000021edae6f5b0,
0x0000021edae74ab0, 0x0000021edae71590, 0x0000021edae76540, 0x0000021edae74010,
0x0000021edae73570, 0x0000021edae73020, 0x0000021edae76a90, 0x0000021edae74560,
0x0000021edae75aa0, 0x0000021edae75ff0, 0x0000021ed75b5f50, 0x0000021ee2cfe4b0,
0x0000021ee2cfea00, 0x0000021ee2cfcf70, 0x0000021ee2cfca20, 0x0000021ee2cfda10,
0x0000021ee2cfdf60, 0x0000021ee2cff9f0, 0x0000021ee2cfd4c0, 0x0000021ee2cfbf80,
0x0000021ee2cff4a0, 0x0000021ee2cf7fc0
}

Java Threads: ( => current thread )
  0x0000021eb6afc7c0 JavaThread "main" [_thread_blocked, id=13688, stack(0x0000005b0a300000,0x0000005b0a400000)]
  0x0000021ed6b30bc0 JavaThread "Reference Handler" daemon [_thread_blocked, id=11592, stack(0x0000005b0aa00000,0x0000005b0ab00000)]
  0x0000021ed6b316d0 JavaThread "Finalizer" daemon [_thread_blocked, id=10028, stack(0x0000005b0ab00000,0x0000005b0ac00000)]
  0x0000021ed6b3f4d0 JavaThread "Signal Dispatcher" daemon [_thread_blocked, id=4716, stack(0x0000005b0ac00000,0x0000005b0ad00000)]
  0x0000021ed6b43f00 JavaThread "Attach Listener" daemon [_thread_blocked, id=3652, stack(0x0000005b0ad00000,0x0000005b0ae00000)]
  0x0000021ed6b46820 JavaThread "Service Thread" daemon [_thread_blocked, id=13992, stack(0x0000005b0ae00000,0x0000005b0af00000)]
  0x0000021ed6b48140 JavaThread "Monitor Deflation Thread" daemon [_thread_blocked, id=13528, stack(0x0000005b0af00000,0x0000005b0b000000)]
  0x0000021ed6b4c330 JavaThread "C2 CompilerThread0" daemon [_thread_blocked, id=10740, stack(0x0000005b0b000000,0x0000005b0b100000)]
  0x0000021ed6b4dd40 JavaThread "C1 CompilerThread0" daemon [_thread_blocked, id=12588, stack(0x0000005b0b100000,0x0000005b0b200000)]
  0x0000021ed6b58ab0 JavaThread "Sweeper thread" daemon [_thread_blocked, id=1964, stack(0x0000005b0b200000,0x0000005b0b300000)]
  0x0000021ed75b44c0 JavaThread "Common-Cleaner" daemon [_thread_blocked, id=7736, stack(0x0000005b0b300000,0x0000005b0b400000)]
  0x0000021ed75b5a00 JavaThread "Notification Thread" daemon [_thread_blocked, id=1960, stack(0x0000005b0b400000,0x0000005b0b500000)]
  0x0000021ed7618e80 JavaThread "C2 CompilerThread1" daemon [_thread_blocked, id=6372, stack(0x0000005b0b600000,0x0000005b0b700000)]
  0x0000021ed80a0150 JavaThread "C2 CompilerThread2" daemon [_thread_blocked, id=13508, stack(0x0000005b0bb00000,0x0000005b0bc00000)]
  0x0000021ed75b6f40 JavaThread "Daemon health stats" [_thread_blocked, id=12028, stack(0x0000005b0bc00000,0x0000005b0bd00000)]
  0x0000021ed75b64a0 JavaThread "Incoming local TCP Connector on port 60583" [_thread_in_native, id=2480, stack(0x0000005b0bd00000,0x0000005b0be00000)]
  0x0000021ed75b69f0 JavaThread "Daemon periodic checks" [_thread_blocked, id=1644, stack(0x0000005b0be00000,0x0000005b0bf00000)]
  0x0000021ed75b3a20 JavaThread "Daemon" [_thread_blocked, id=892, stack(0x0000005b0bf00000,0x0000005b0c000000)]
  0x0000021ed75b3f70 JavaThread "Handler for socket connection from /127.0.0.1:60583 to /127.0.0.1:60584" [_thread_in_native, id=8668, stack(0x0000005b0c000000,0x0000005b0c100000)]
  0x0000021ed75b4a10 JavaThread "Cancel handler" [_thread_blocked, id=612, stack(0x0000005b0c100000,0x0000005b0c200000)]
  0x0000021ed75b4f60 JavaThread "Daemon worker" [_thread_blocked, id=4440, stack(0x0000005b0c200000,0x0000005b0c300000)]
  0x0000021ed75b54b0 JavaThread "Asynchronous log dispatcher for DefaultDaemonConnection: socket connection from /127.0.0.1:60583 to /127.0.0.1:60584" [_thread_blocked, id=4672, stack(0x0000005b0c300000,0x0000005b0c400000)]
  0x0000021ed90e5030 JavaThread "Stdin handler" [_thread_blocked, id=1012, stack(0x0000005b0c400000,0x0000005b0c500000)]
  0x0000021ed90e3050 JavaThread "Daemon client event forwarder" [_thread_blocked, id=4252, stack(0x0000005b0c500000,0x0000005b0c600000)]
  0x0000021ed90e25b0 JavaThread "Cache worker for journal cache (C:\Users\ITECH\.gradle\caches\journal-1)" [_thread_blocked, id=11996, stack(0x0000005b0c600000,0x0000005b0c700000)]
  0x0000021ed90e3af0 JavaThread "File lock request listener" [_thread_in_native, id=1972, stack(0x0000005b0c700000,0x0000005b0c800000)]
  0x0000021ed90e6020 JavaThread "Cache worker for file hash cache (C:\Users\ITECH\.gradle\caches\7.3.3\fileHashes)" [_thread_blocked, id=11756, stack(0x0000005b0c800000,0x0000005b0c900000)]
  0x0000021ed90e8000 JavaThread "Cache worker for file hash cache (C:\Users\ITECH\AndroidStudioProjects\yummy\.gradle\7.3.3\fileHashes)" [_thread_blocked, id=13840, stack(0x0000005b0c900000,0x0000005b0ca00000)]
  0x0000021ed90e8ff0 JavaThread "File watcher server" daemon [_thread_blocked, id=9516, stack(0x0000005b0cd00000,0x0000005b0ce00000)]
  0x0000021ed90e7010 JavaThread "File watcher consumer" daemon [_thread_blocked, id=968, stack(0x0000005b0ce00000,0x0000005b0cf00000)]
  0x0000021ed90e7ab0 JavaThread "Cache worker for checksums cache (C:\Users\ITECH\AndroidStudioProjects\yummy\.gradle\7.3.3\checksums)" [_thread_blocked, id=14004, stack(0x0000005b0cf00000,0x0000005b0d000000)]
  0x0000021ed90e6570 JavaThread "Cache worker for cache directory md-supplier (C:\Users\ITECH\.gradle\caches\7.3.3\md-supplier)" [_thread_blocked, id=1044, stack(0x0000005b0d000000,0x0000005b0d100000)]
  0x0000021ed90e8550 JavaThread "Cache worker for cache directory md-rule (C:\Users\ITECH\.gradle\caches\7.3.3\md-rule)" [_thread_blocked, id=13936, stack(0x0000005b0d100000,0x0000005b0d200000)]
  0x0000021ed90e8aa0 JavaThread "Cache worker for execution history cache (C:\Users\ITECH\.gradle\caches\7.3.3\executionHistory)" [_thread_blocked, id=3216, stack(0x0000005b0d300000,0x0000005b0d400000)]
  0x0000021ed90e9540 JavaThread "jar transforms" [_thread_blocked, id=2140, stack(0x0000005b0d400000,0x0000005b0d500000)]
  0x0000021ed90e4040 JavaThread "Cache worker for file content cache (C:\Users\ITECH\.gradle\caches\7.3.3\fileContent)" [_thread_blocked, id=9776, stack(0x0000005b0d500000,0x0000005b0d600000)]
  0x0000021ed90e9a90 JavaThread "jar transforms Thread 2" [_thread_blocked, id=7848, stack(0x0000005b0d600000,0x0000005b0d700000)]
  0x0000021ed90e5ad0 JavaThread "Cache worker for dependencies-accessors (C:\Users\ITECH\AndroidStudioProjects\yummy\.gradle\7.3.3\dependencies-accessors)" [_thread_blocked, id=8868, stack(0x0000005b0d700000,0x0000005b0d800000)]
  0x0000021ed90e6ac0 JavaThread "jar transforms Thread 3" [_thread_blocked, id=3812, stack(0x0000005b0d800000,0x0000005b0d900000)]
  0x0000021ed90e4590 JavaThread "Cache worker for Build Output Cleanup Cache (C:\Users\ITECH\AndroidStudioProjects\yummy\.gradle\buildOutputCleanup)" [_thread_blocked, id=5760, stack(0x0000005b0d900000,0x0000005b0da00000)]
  0x0000021ed90e2060 JavaThread "Unconstrained build operations" [_thread_blocked, id=8976, stack(0x0000005b0da00000,0x0000005b0db00000)]
  0x0000021ed90e4ae0 JavaThread "Unconstrained build operations Thread 2" [_thread_blocked, id=7268, stack(0x0000005b0db00000,0x0000005b0dc00000)]
  0x0000021ed90e2b00 JavaThread "Unconstrained build operations Thread 3" [_thread_blocked, id=7364, stack(0x0000005b0dc00000,0x0000005b0dd00000)]
  0x0000021ed90e5580 JavaThread "Unconstrained build operations Thread 4" [_thread_blocked, id=8296, stack(0x0000005b0dd00000,0x0000005b0de00000)]
  0x0000021edd188cf0 JavaThread "Unconstrained build operations Thread 5" [_thread_blocked, id=7384, stack(0x0000005b0de00000,0x0000005b0df00000)]
  0x0000021edd18fc80 JavaThread "Unconstrained build operations Thread 6" [_thread_blocked, id=8340, stack(0x0000005b0df00000,0x0000005b0e000000)]
  0x0000021edd18acd0 JavaThread "Unconstrained build operations Thread 7" [_thread_blocked, id=2956, stack(0x0000005b0e000000,0x0000005b0e100000)]
  0x0000021edd18a230 JavaThread "Unconstrained build operations Thread 8" [_thread_blocked, id=10680, stack(0x0000005b0e100000,0x0000005b0e200000)]
  0x0000021edd1887a0 JavaThread "Unconstrained build operations Thread 9" [_thread_blocked, id=6180, stack(0x0000005b0e200000,0x0000005b0e300000)]
  0x0000021edd188250 JavaThread "Unconstrained build operations Thread 10" [_thread_blocked, id=2612, stack(0x0000005b0e300000,0x0000005b0e400000)]
  0x0000021edd189240 JavaThread "Unconstrained build operations Thread 11" [_thread_blocked, id=1992, stack(0x0000005b0e400000,0x0000005b0e500000)]
  0x0000021edd189790 JavaThread "Unconstrained build operations Thread 12" [_thread_blocked, id=10156, stack(0x0000005b0e500000,0x0000005b0e600000)]
  0x0000021edd18c760 JavaThread "Unconstrained build operations Thread 13" [_thread_blocked, id=8644, stack(0x0000005b0e600000,0x0000005b0e700000)]
  0x0000021edd189ce0 JavaThread "Unconstrained build operations Thread 14" [_thread_blocked, id=13360, stack(0x0000005b0e700000,0x0000005b0e800000)]
  0x0000021edd18a780 JavaThread "Unconstrained build operations Thread 15" [_thread_blocked, id=2740, stack(0x0000005b0e800000,0x0000005b0e900000)]
  0x0000021edd18e1f0 JavaThread "Unconstrained build operations Thread 16" [_thread_blocked, id=2616, stack(0x0000005b0e900000,0x0000005b0ea00000)]
  0x0000021edd18b220 JavaThread "Unconstrained build operations Thread 17" [_thread_blocked, id=10572, stack(0x0000005b0ea00000,0x0000005b0eb00000)]
  0x0000021edd18b770 JavaThread "Unconstrained build operations Thread 18" [_thread_blocked, id=12640, stack(0x0000005b0eb00000,0x0000005b0ec00000)]
  0x0000021edd18bcc0 JavaThread "Unconstrained build operations Thread 19" [_thread_blocked, id=13956, stack(0x0000005b0ec00000,0x0000005b0ed00000)]
  0x0000021edd18c210 JavaThread "Unconstrained build operations Thread 20" [_thread_blocked, id=11420, stack(0x0000005b0ed00000,0x0000005b0ee00000)]
  0x0000021edd18dca0 JavaThread "Unconstrained build operations Thread 21" [_thread_blocked, id=11216, stack(0x0000005b0ee00000,0x0000005b0ef00000)]
  0x0000021edd18ccb0 JavaThread "Unconstrained build operations Thread 22" [_thread_blocked, id=1728, stack(0x0000005b0ef00000,0x0000005b0f000000)]
  0x0000021edd18d200 JavaThread "Unconstrained build operations Thread 23" [_thread_blocked, id=13844, stack(0x0000005b0f000000,0x0000005b0f100000)]
  0x0000021edd18d750 JavaThread "Unconstrained build operations Thread 24" [_thread_blocked, id=6996, stack(0x0000005b0f100000,0x0000005b0f200000)]
  0x0000021edd18e740 JavaThread "Unconstrained build operations Thread 25" [_thread_blocked, id=3420, stack(0x0000005b0f200000,0x0000005b0f300000)]
  0x0000021edd18ec90 JavaThread "Unconstrained build operations Thread 26" [_thread_blocked, id=1076, stack(0x0000005b0f300000,0x0000005b0f400000)]
  0x0000021edd18f1e0 JavaThread "Unconstrained build operations Thread 27" [_thread_blocked, id=8416, stack(0x0000005b0f400000,0x0000005b0f500000)]
  0x0000021edd18f730 JavaThread "Unconstrained build operations Thread 28" [_thread_blocked, id=9700, stack(0x0000005b0f500000,0x0000005b0f600000)]
  0x0000021ed9c68520 JavaThread "Unconstrained build operations Thread 29" [_thread_blocked, id=7928, stack(0x0000005b0f600000,0x0000005b0f700000)]
  0x0000021ed9c65000 JavaThread "Unconstrained build operations Thread 30" [_thread_blocked, id=1820, stack(0x0000005b0f700000,0x0000005b0f800000)]
  0x0000021ed9c65550 JavaThread "Unconstrained build operations Thread 31" [_thread_blocked, id=5072, stack(0x0000005b0f800000,0x0000005b0f900000)]
  0x0000021ed9c66fe0 JavaThread "Unconstrained build operations Thread 32" [_thread_blocked, id=3412, stack(0x0000005b0f900000,0x0000005b0fa00000)]
  0x0000021ed9c66a90 JavaThread "Unconstrained build operations Thread 33" [_thread_blocked, id=9840, stack(0x0000005b0fa00000,0x0000005b0fb00000)]
  0x0000021ed9c66540 JavaThread "Unconstrained build operations Thread 34" [_thread_blocked, id=5648, stack(0x0000005b0fb00000,0x0000005b0fc00000)]
  0x0000021ed9c67530 JavaThread "Unconstrained build operations Thread 35" [_thread_blocked, id=9132, stack(0x0000005b0fc00000,0x0000005b0fd00000)]
  0x0000021ed9c65ff0 JavaThread "Unconstrained build operations Thread 36" [_thread_blocked, id=13388, stack(0x0000005b0fd00000,0x0000005b0fe00000)]
  0x0000021ed9c67a80 JavaThread "Unconstrained build operations Thread 37" [_thread_blocked, id=13724, stack(0x0000005b0fe00000,0x0000005b0ff00000)]
  0x0000021ed9c65aa0 JavaThread "Unconstrained build operations Thread 38" [_thread_blocked, id=2148, stack(0x0000005b0ff00000,0x0000005b10000000)]
  0x0000021ed9c67fd0 JavaThread "Unconstrained build operations Thread 39" [_thread_blocked, id=11080, stack(0x0000005b10000000,0x0000005b10100000)]
  0x0000021eddfa85d0 JavaThread "Unconstrained build operations Thread 40" [_thread_blocked, id=4992, stack(0x0000005b10100000,0x0000005b10200000)]
  0x0000021eddfa95c0 JavaThread "Unconstrained build operations Thread 41" [_thread_blocked, id=14108, stack(0x0000005b10200000,0x0000005b10300000)]
  0x0000021eddfaa060 JavaThread "Unconstrained build operations Thread 42" [_thread_blocked, id=2192, stack(0x0000005b10300000,0x0000005b10400000)]
  0x0000021eddfa8b20 JavaThread "Unconstrained build operations Thread 43" [_thread_blocked, id=9836, stack(0x0000005b10400000,0x0000005b10500000)]
  0x0000021eddfa9b10 JavaThread "Unconstrained build operations Thread 44" [_thread_blocked, id=12236, stack(0x0000005b10500000,0x0000005b10600000)]
  0x0000021eddfa9070 JavaThread "Unconstrained build operations Thread 45" [_thread_blocked, id=12804, stack(0x0000005b10600000,0x0000005b10700000)]
  0x0000021eddfaa5b0 JavaThread "Unconstrained build operations Thread 46" [_thread_blocked, id=13948, stack(0x0000005b10700000,0x0000005b10800000)]
  0x0000021eddfaab00 JavaThread "Unconstrained build operations Thread 47" [_thread_blocked, id=7140, stack(0x0000005b10800000,0x0000005b10900000)]
  0x0000021eddfab050 JavaThread "Unconstrained build operations Thread 48" [_thread_blocked, id=6792, stack(0x0000005b10900000,0x0000005b10a00000)]
  0x0000021eddfab5a0 JavaThread "Unconstrained build operations Thread 49" [_thread_blocked, id=9524, stack(0x0000005b10a00000,0x0000005b10b00000)]
  0x0000021eddfa8080 JavaThread "Unconstrained build operations Thread 50" [_thread_blocked, id=8748, stack(0x0000005b10b00000,0x0000005b10c00000)]
  0x0000021edad9e350 JavaThread "Unconstrained build operations Thread 51" [_thread_blocked, id=6028, stack(0x0000005b10c00000,0x0000005b10d00000)]
  0x0000021edada2310 JavaThread "Unconstrained build operations Thread 52" [_thread_blocked, id=11892, stack(0x0000005b10d00000,0x0000005b10e00000)]
  0x0000021edada1870 JavaThread "Unconstrained build operations Thread 53" [_thread_blocked, id=764, stack(0x0000005b10e00000,0x0000005b10f00000)]
  0x0000021edada3850 JavaThread "Unconstrained build operations Thread 54" [_thread_blocked, id=11928, stack(0x0000005b10f00000,0x0000005b11000000)]
  0x0000021edada5d80 JavaThread "Unconstrained build operations Thread 55" [_thread_blocked, id=1552, stack(0x0000005b11000000,0x0000005b11100000)]
  0x0000021edada1dc0 JavaThread "Unconstrained build operations Thread 56" [_thread_blocked, id=6304, stack(0x0000005b11100000,0x0000005b11200000)]
  0x0000021edada0880 JavaThread "Unconstrained build operations Thread 57" [_thread_blocked, id=1160, stack(0x0000005b11200000,0x0000005b11300000)]
  0x0000021edada2860 JavaThread "Unconstrained build operations Thread 58" [_thread_blocked, id=1232, stack(0x0000005b11300000,0x0000005b11400000)]
  0x0000021edada3300 JavaThread "Unconstrained build operations Thread 59" [_thread_blocked, id=8624, stack(0x0000005b11400000,0x0000005b11500000)]
  0x0000021edada0dd0 JavaThread "Unconstrained build operations Thread 60" [_thread_blocked, id=7900, stack(0x0000005b11500000,0x0000005b11600000)]
  0x0000021edada42f0 JavaThread "Unconstrained build operations Thread 61" [_thread_blocked, id=6784, stack(0x0000005b11600000,0x0000005b11700000)]
  0x0000021edad9fde0 JavaThread "Unconstrained build operations Thread 62" [_thread_blocked, id=9336, stack(0x0000005b11700000,0x0000005b11800000)]
  0x0000021edada2db0 JavaThread "Unconstrained build operations Thread 63" [_thread_blocked, id=14296, stack(0x0000005b11800000,0x0000005b11900000)]
  0x0000021edada1320 JavaThread "Unconstrained build operations Thread 64" [_thread_blocked, id=12652, stack(0x0000005b11900000,0x0000005b11a00000)]
  0x0000021edada3da0 JavaThread "Unconstrained build operations Thread 65" [_thread_blocked, id=2884, stack(0x0000005b11a00000,0x0000005b11b00000)]
  0x0000021edada4840 JavaThread "Unconstrained build operations Thread 66" [_thread_blocked, id=6292, stack(0x0000005b11b00000,0x0000005b11c00000)]
  0x0000021edada4d90 JavaThread "Unconstrained build operations Thread 67" [_thread_blocked, id=1168, stack(0x0000005b11c00000,0x0000005b11d00000)]
  0x0000021edada52e0 JavaThread "Unconstrained build operations Thread 68" [_thread_blocked, id=14172, stack(0x0000005b11d00000,0x0000005b11e00000)]
  0x0000021edada5830 JavaThread "Unconstrained build operations Thread 69" [_thread_blocked, id=8092, stack(0x0000005b11e00000,0x0000005b11f00000)]
  0x0000021edad9edf0 JavaThread "Unconstrained build operations Thread 70" [_thread_blocked, id=7500, stack(0x0000005b11f00000,0x0000005b12000000)]
  0x0000021edad9f890 JavaThread "Unconstrained build operations Thread 71" [_thread_blocked, id=7288, stack(0x0000005b12000000,0x0000005b12100000)]
  0x0000021edad9e8a0 JavaThread "Unconstrained build operations Thread 72" [_thread_blocked, id=8556, stack(0x0000005b12100000,0x0000005b12200000)]
  0x0000021edad9f340 JavaThread "Unconstrained build operations Thread 73" [_thread_blocked, id=13600, stack(0x0000005b12200000,0x0000005b12300000)]
  0x0000021edada0330 JavaThread "Unconstrained build operations Thread 74" [_thread_blocked, id=7748, stack(0x0000005b12300000,0x0000005b12400000)]
  0x0000021edae71040 JavaThread "Unconstrained build operations Thread 75" [_thread_blocked, id=6276, stack(0x0000005b12400000,0x0000005b12500000)]
  0x0000021edae72030 JavaThread "Unconstrained build operations Thread 76" [_thread_blocked, id=9504, stack(0x0000005b12500000,0x0000005b12600000)]
  0x0000021edae72580 JavaThread "Unconstrained build operations Thread 77" [_thread_blocked, id=4684, stack(0x0000005b12600000,0x0000005b12700000)]
  0x0000021edae705a0 JavaThread "Unconstrained build operations Thread 78" [_thread_blocked, id=1344, stack(0x0000005b12700000,0x0000005b12800000)]
  0x0000021edae70050 JavaThread "Unconstrained build operations Thread 79" [_thread_blocked, id=4944, stack(0x0000005b12800000,0x0000005b12900000)]
  0x0000021edae6f060 JavaThread "Unconstrained build operations Thread 80" [_thread_blocked, id=6840, stack(0x0000005b12900000,0x0000005b12a00000)]
  0x0000021edae73ac0 JavaThread "jar transforms Thread 4" [_thread_blocked, id=11292, stack(0x0000005b12a00000,0x0000005b12b00000)]
  0x0000021edae72ad0 JavaThread "jar transforms Thread 5" [_thread_blocked, id=8936, stack(0x0000005b12b00000,0x0000005b12c00000)]
  0x0000021edae70af0 JavaThread "jar transforms Thread 6" [_thread_blocked, id=13484, stack(0x0000005b12c00000,0x0000005b12d00000)]
  0x0000021edae6f5b0 JavaThread "jar transforms Thread 7" [_thread_blocked, id=11896, stack(0x0000005b12d00000,0x0000005b12e00000)]
  0x0000021edae74ab0 JavaThread "jar transforms Thread 8" [_thread_blocked, id=8200, stack(0x0000005b12e00000,0x0000005b12f00000)]
  0x0000021edae71590 JavaThread "Memory manager" [_thread_blocked, id=12464, stack(0x0000005b12f00000,0x0000005b13000000)]
  0x0000021edae76540 JavaThread "build event listener" [_thread_blocked, id=1688, stack(0x0000005b13000000,0x0000005b13100000)]
  0x0000021edae74010 JavaThread "pool-3-thread-1" [_thread_blocked, id=3524, stack(0x0000005b13100000,0x0000005b13200000)]
  0x0000021edae73570 JavaThread "build event listener" [_thread_blocked, id=14220, stack(0x0000005b13200000,0x0000005b13300000)]
  0x0000021edae73020 JavaThread "Execution worker for ':'" [_thread_blocked, id=5916, stack(0x0000005b13300000,0x0000005b13400000)]
  0x0000021edae76a90 JavaThread "Execution worker for ':' Thread 2" [_thread_blocked, id=13004, stack(0x0000005b13400000,0x0000005b13500000)]
  0x0000021edae74560 JavaThread "Execution worker for ':' Thread 3" [_thread_blocked, id=3212, stack(0x0000005b13500000,0x0000005b13600000)]
  0x0000021edae75aa0 JavaThread "Execution worker for ':' Thread 4" [_thread_blocked, id=7796, stack(0x0000005b13600000,0x0000005b13700000)]
  0x0000021edae75ff0 JavaThread "Execution worker for ':' Thread 5" [_thread_blocked, id=1636, stack(0x0000005b13700000,0x0000005b13800000)]
  0x0000021ed75b5f50 JavaThread "Execution worker for ':' Thread 6" [_thread_blocked, id=12688, stack(0x0000005b13800000,0x0000005b13900000)]
  0x0000021ee2cfe4b0 JavaThread "Execution worker for ':' Thread 7" [_thread_blocked, id=10652, stack(0x0000005b13900000,0x0000005b13a00000)]
  0x0000021ee2cfea00 JavaThread "Cache worker for execution history cache (C:\Users\ITECH\AndroidStudioProjects\yummy\.gradle\7.3.3\executionHistory)" [_thread_blocked, id=9488, stack(0x0000005b13a00000,0x0000005b13b00000)]
  0x0000021ee2cfcf70 JavaThread "WorkerExecutor Queue" [_thread_blocked, id=12600, stack(0x0000005b13c00000,0x0000005b13d00000)]
  0x0000021ee2cfca20 JavaThread "WorkerExecutor Queue Thread 2" [_thread_blocked, id=8788, stack(0x0000005b13d00000,0x0000005b13e00000)]
  0x0000021ee2cfda10 JavaThread "WorkerExecutor Queue Thread 3" [_thread_blocked, id=14100, stack(0x0000005b13e00000,0x0000005b13f00000)]
  0x0000021ee2cfdf60 JavaThread "WorkerExecutor Queue Thread 4" [_thread_blocked, id=8648, stack(0x0000005b13f00000,0x0000005b14000000)]
  0x0000021ee2cff9f0 JavaThread "WorkerExecutor Queue Thread 5" [_thread_blocked, id=3720, stack(0x0000005b14000000,0x0000005b14100000)]
  0x0000021ee2cfd4c0 JavaThread "WorkerExecutor Queue Thread 6" [_thread_blocked, id=8168, stack(0x0000005b14100000,0x0000005b14200000)]
  0x0000021ee2cfbf80 JavaThread "WorkerExecutor Queue Thread 7" [_thread_blocked, id=13968, stack(0x0000005b14200000,0x0000005b14300000)]
  0x0000021ee2cff4a0 JavaThread "WorkerExecutor Queue Thread 8" [_thread_blocked, id=3344, stack(0x0000005b14300000,0x0000005b14400000)]
  0x0000021ee2cf7fc0 JavaThread "Java2D Disposer" daemon [_thread_blocked, id=6816, stack(0x0000005b14400000,0x0000005b14500000)]

Other Threads:
=>0x0000021ed6b2d1c0 VMThread "VM Thread" [stack: 0x0000005b0a900000,0x0000005b0aa00000] [id=13132]
  0x0000021ed75bb9f0 WatcherThread [stack: 0x0000005b0b500000,0x0000005b0b600000] [id=8232]
  0x0000021eb6b3af70 GCTaskThread "GC Thread#0" [stack: 0x0000005b0a400000,0x0000005b0a500000] [id=3248]
  0x0000021ed81ad730 GCTaskThread "GC Thread#1" [stack: 0x0000005b0b700000,0x0000005b0b800000] [id=4240]
  0x0000021ed78f7630 GCTaskThread "GC Thread#2" [stack: 0x0000005b0b800000,0x0000005b0b900000] [id=5868]
  0x0000021ed78e0a50 GCTaskThread "GC Thread#3" [stack: 0x0000005b0b900000,0x0000005b0ba00000] [id=1108]
  0x0000021ed761f470 GCTaskThread "GC Thread#4" [stack: 0x0000005b0ba00000,0x0000005b0bb00000] [id=10924]
  0x0000021eda7b3c70 GCTaskThread "GC Thread#5" [stack: 0x0000005b0ca00000,0x0000005b0cb00000] [id=7724]
  0x0000021eda7b2a10 GCTaskThread "GC Thread#6" [stack: 0x0000005b0cb00000,0x0000005b0cc00000] [id=13732]
  0x0000021eda7b2d20 GCTaskThread "GC Thread#7" [stack: 0x0000005b0cc00000,0x0000005b0cd00000] [id=9916]
  0x0000021eb6b4cfd0 ConcurrentGCThread "G1 Main Marker" [stack: 0x0000005b0a500000,0x0000005b0a600000] [id=11796]
  0x0000021eb6b4e9e0 ConcurrentGCThread "G1 Conc#0" [stack: 0x0000005b0a600000,0x0000005b0a700000] [id=6620]
  0x0000021eda7b3960 ConcurrentGCThread "G1 Conc#1" [stack: 0x0000005b0d200000,0x0000005b0d300000] [id=10484]
  0x0000021eb6bd7970 ConcurrentGCThread "G1 Refine#0" [stack: 0x0000005b0a700000,0x0000005b0a800000] [id=4960]
  0x0000021ed9e3cb50 ConcurrentGCThread "G1 Refine#1" [stack: 0x0000005b13b00000,0x0000005b13c00000] [id=9192]
  0x0000021ed9e3ef10 ConcurrentGCThread "G1 Refine#2" [stack: 0x0000005b14500000,0x0000005b14600000] [id=13696]
  0x0000021ed9e3ded0 ConcurrentGCThread "G1 Refine#3" [stack: 0x0000005b14600000,0x0000005b14700000] [id=7560]
  0x0000021eb6bd9310 ConcurrentGCThread "G1 Service" [stack: 0x0000005b0a800000,0x0000005b0a900000] [id=3200]

Threads with active compile tasks:
C1 CompilerThread0    14488 13868       3       org.gradle.internal.component.model.ComponentAttributeMatcher$CachedQuery::computeHashCode (65 bytes)
C2 CompilerThread2    14488 13731       4       com.google.common.collect.ImmutableSortedMap$Builder::build (87 bytes)

VM state: at safepoint (normal execution)

VM Mutex/Monitor currently owned by a thread:  ([mutex/lock_event])
[0x0000021eb6afa380] Threads_lock - owner thread: 0x0000021ed6b2d1c0
[0x0000021eb6af9570] Heap_lock - owner thread: 0x0000021edae75aa0

Heap address: 0x0000000080000000, size: 2048 MB, Compressed Oops mode: 32-bit

CDS archive(s) mapped at: [0x0000000800000000-0x0000000800bb0000-0x0000000800bb0000), size 12255232, SharedBaseAddress: 0x0000000800000000, ArchiveRelocationMode: 0.
Compressed class space mapped at: 0x0000000800c00000-0x0000000840c00000, reserved size: 1073741824
Narrow klass base: 0x0000000800000000, Narrow klass shift: 3, Narrow klass range: 0x100000000

GC Precious Log:
 CPUs: 8 total, 8 available
 Memory: 7959M
 Large Page Support: Disabled
 NUMA Support: Disabled
 Compressed Oops: Enabled (32-bit)
 Heap Region Size: 1M
 Heap Min Capacity: 8M
 Heap Initial Capacity: 126M
 Heap Max Capacity: 2G
 Pre-touch: Disabled
 Parallel Workers: 8
 Concurrent Workers: 2
 Concurrent Refinement Workers: 8
 Periodic GC: Disabled

Heap:
 garbage-first heap   total 225280K, used 87200K [0x0000000080000000, 0x0000000100000000)
  region size 1024K, 8 young (8192K), 8 survivors (8192K)
 Metaspace       used 90674K, committed 91264K, reserved 1130496K
  class space    used 11687K, committed 11968K, reserved 1048576K

Heap Regions: E=young(eden), S=young(survivor), O=old, HS=humongous(starts), HC=humongous(continues), CS=collection set, F=free, OA=open archive, CA=closed archive, TAMS=top-at-mark-start (previous, next)
|   0|0x0000000080000000, 0x0000000080100000, 0x0000000080100000|100%| O|  |TAMS 0x0000000080100000, 0x0000000080000000| Untracked 
|   1|0x0000000080100000, 0x0000000080200000, 0x0000000080200000|100%| O|  |TAMS 0x0000000080200000, 0x0000000080100000| Untracked 
|   2|0x0000000080200000, 0x0000000080300000, 0x0000000080300000|100%| O|  |TAMS 0x0000000080300000, 0x0000000080200000| Untracked 
|   3|0x0000000080300000, 0x0000000080400000, 0x0000000080400000|100%|HS|  |TAMS 0x0000000080400000, 0x0000000080300000| Complete 
|   4|0x0000000080400000, 0x0000000080500000, 0x0000000080500000|100%|HC|  |TAMS 0x0000000080500000, 0x0000000080400000| Complete 
|   5|0x0000000080500000, 0x0000000080600000, 0x0000000080600000|100%|HC|  |TAMS 0x0000000080600000, 0x0000000080500000| Complete 
|   6|0x0000000080600000, 0x0000000080700000, 0x0000000080700000|100%| O|  |TAMS 0x0000000080700000, 0x0000000080600000| Untracked 
|   7|0x0000000080700000, 0x0000000080800000, 0x0000000080800000|100%| O|  |TAMS 0x0000000080800000, 0x0000000080700000| Untracked 
|   8|0x0000000080800000, 0x0000000080900000, 0x0000000080900000|100%| O|  |TAMS 0x0000000080900000, 0x0000000080800000| Untracked 
|   9|0x0000000080900000, 0x0000000080a00000, 0x0000000080a00000|100%| O|  |TAMS 0x0000000080a00000, 0x0000000080900000| Untracked 
|  10|0x0000000080a00000, 0x0000000080b00000, 0x0000000080b00000|100%| O|  |TAMS 0x0000000080b00000, 0x0000000080a00000| Untracked 
|  11|0x0000000080b00000, 0x0000000080c00000, 0x0000000080c00000|100%| O|  |TAMS 0x0000000080c00000, 0x0000000080b00000| Untracked 
|  12|0x0000000080c00000, 0x0000000080d00000, 0x0000000080d00000|100%| O|  |TAMS 0x0000000080d00000, 0x0000000080c00000| Untracked 
|  13|0x0000000080d00000, 0x0000000080e00000, 0x0000000080e00000|100%| O|  |TAMS 0x0000000080e00000, 0x0000000080d00000| Untracked 
|  14|0x0000000080e00000, 0x0000000080f00000, 0x0000000080f00000|100%| O|  |TAMS 0x0000000080f00000, 0x0000000080e00000| Untracked 
|  15|0x0000000080f00000, 0x0000000081000000, 0x0000000081000000|100%| O|  |TAMS 0x0000000081000000, 0x0000000080f00000| Untracked 
|  16|0x0000000081000000, 0x0000000081100000, 0x0000000081100000|100%| O|  |TAMS 0x0000000081100000, 0x0000000081000000| Untracked 
|  17|0x0000000081100000, 0x0000000081200000, 0x0000000081200000|100%| O|  |TAMS 0x0000000081200000, 0x0000000081100000| Untracked 
|  18|0x0000000081200000, 0x0000000081300000, 0x0000000081300000|100%| O|  |TAMS 0x0000000081200000, 0x0000000081200000| Untracked 
|  19|0x0000000081300000, 0x0000000081400000, 0x0000000081400000|100%| O|  |TAMS 0x0000000081400000, 0x0000000081300000| Untracked 
|  20|0x0000000081400000, 0x0000000081500000, 0x0000000081500000|100%|HS|  |TAMS 0x0000000081500000, 0x0000000081400000| Complete 
|  21|0x0000000081500000, 0x0000000081600000, 0x0000000081600000|100%| O|  |TAMS 0x0000000081600000, 0x0000000081500000| Untracked 
|  22|0x0000000081600000, 0x0000000081700000, 0x0000000081700000|100%| O|  |TAMS 0x0000000081700000, 0x0000000081600000| Untracked 
|  23|0x0000000081700000, 0x0000000081800000, 0x0000000081800000|100%| O|  |TAMS 0x0000000081800000, 0x0000000081700000| Untracked 
|  24|0x0000000081800000, 0x0000000081900000, 0x0000000081900000|100%| O|  |TAMS 0x0000000081900000, 0x0000000081800000| Untracked 
|  25|0x0000000081900000, 0x0000000081a00000, 0x0000000081a00000|100%|HS|  |TAMS 0x0000000081a00000, 0x0000000081900000| Complete 
|  26|0x0000000081a00000, 0x0000000081b00000, 0x0000000081b00000|100%|HS|  |TAMS 0x0000000081b00000, 0x0000000081a00000| Complete 
|  27|0x0000000081b00000, 0x0000000081c00000, 0x0000000081c00000|100%|HC|  |TAMS 0x0000000081c00000, 0x0000000081b00000| Complete 
|  28|0x0000000081c00000, 0x0000000081d00000, 0x0000000081d00000|100%| O|  |TAMS 0x0000000081d00000, 0x0000000081c00000| Untracked 
|  29|0x0000000081d00000, 0x0000000081e00000, 0x0000000081e00000|100%| O|  |TAMS 0x0000000081e00000, 0x0000000081d00000| Untracked 
|  30|0x0000000081e00000, 0x0000000081f00000, 0x0000000081f00000|100%| O|  |TAMS 0x0000000081f00000, 0x0000000081e00000| Untracked 
|  31|0x0000000081f00000, 0x0000000082000000, 0x0000000082000000|100%| O|  |TAMS 0x0000000082000000, 0x0000000081f00000| Untracked 
|  32|0x0000000082000000, 0x0000000082100000, 0x0000000082100000|100%| O|  |TAMS 0x0000000082100000, 0x0000000082000000| Untracked 
|  33|0x0000000082100000, 0x0000000082200000, 0x0000000082200000|100%| O|  |TAMS 0x0000000082200000, 0x0000000082100000| Untracked 
|  34|0x0000000082200000, 0x0000000082300000, 0x0000000082300000|100%| O|  |TAMS 0x0000000082300000, 0x0000000082200000| Untracked 
|  35|0x0000000082300000, 0x0000000082400000, 0x0000000082400000|100%| O|  |TAMS 0x0000000082400000, 0x0000000082300000| Untracked 
|  36|0x0000000082400000, 0x0000000082500000, 0x0000000082500000|100%| O|  |TAMS 0x0000000082500000, 0x0000000082400000| Untracked 
|  37|0x0000000082500000, 0x0000000082600000, 0x0000000082600000|100%| O|  |TAMS 0x0000000082600000, 0x0000000082500000| Untracked 
|  38|0x0000000082600000, 0x0000000082700000, 0x0000000082700000|100%| O|  |TAMS 0x0000000082700000, 0x0000000082600000| Untracked 
|  39|0x0000000082700000, 0x0000000082800000, 0x0000000082800000|100%| O|  |TAMS 0x0000000082800000, 0x0000000082700000| Untracked 
|  40|0x0000000082800000, 0x0000000082900000, 0x0000000082900000|100%| O|  |TAMS 0x0000000082900000, 0x0000000082800000| Untracked 
|  41|0x0000000082900000, 0x0000000082a00000, 0x0000000082a00000|100%| O|  |TAMS 0x0000000082a00000, 0x0000000082900000| Untracked 
|  42|0x0000000082a00000, 0x0000000082b00000, 0x0000000082b00000|100%| O|  |TAMS 0x0000000082b00000, 0x0000000082a00000| Untracked 
|  43|0x0000000082b00000, 0x0000000082c00000, 0x0000000082c00000|100%| O|  |TAMS 0x0000000082c00000, 0x0000000082b00000| Untracked 
|  44|0x0000000082c00000, 0x0000000082d00000, 0x0000000082d00000|100%| O|  |TAMS 0x0000000082d00000, 0x0000000082c00000| Untracked 
|  45|0x0000000082d00000, 0x0000000082e00000, 0x0000000082e00000|100%| O|  |TAMS 0x0000000082e00000, 0x0000000082d00000| Untracked 
|  46|0x0000000082e00000, 0x0000000082f00000, 0x0000000082f00000|100%| O|  |TAMS 0x0000000082f00000, 0x0000000082e00000| Untracked 
|  47|0x0000000082f00000, 0x0000000083000000, 0x0000000083000000|100%| O|  |TAMS 0x0000000083000000, 0x0000000082f00000| Untracked 
|  48|0x0000000083000000, 0x0000000083100000, 0x0000000083100000|100%| O|  |TAMS 0x0000000083100000, 0x0000000083000000| Untracked 
|  49|0x0000000083100000, 0x0000000083200000, 0x0000000083200000|100%| O|  |TAMS 0x0000000083200000, 0x0000000083100000| Untracked 
|  50|0x0000000083200000, 0x0000000083300000, 0x0000000083300000|100%| O|  |TAMS 0x0000000083300000, 0x0000000083200000| Untracked 
|  51|0x0000000083300000, 0x0000000083400000, 0x0000000083400000|100%| O|  |TAMS 0x0000000083400000, 0x0000000083300000| Untracked 
|  52|0x0000000083400000, 0x0000000083500000, 0x0000000083500000|100%| O|  |TAMS 0x0000000083500000, 0x0000000083400000| Untracked 
|  53|0x0000000083500000, 0x0000000083600000, 0x0000000083600000|100%| O|  |TAMS 0x0000000083600000, 0x0000000083500000| Untracked 
|  54|0x0000000083600000, 0x0000000083700000, 0x0000000083700000|100%| O|  |TAMS 0x0000000083700000, 0x0000000083600000| Untracked 
|  55|0x0000000083700000, 0x0000000083800000, 0x0000000083800000|100%| O|  |TAMS 0x0000000083800000, 0x0000000083700000| Untracked 
|  56|0x0000000083800000, 0x0000000083900000, 0x0000000083900000|100%| O|  |TAMS 0x0000000083900000, 0x0000000083800000| Untracked 
|  57|0x0000000083900000, 0x0000000083a00000, 0x0000000083a00000|100%| O|  |TAMS 0x0000000083a00000, 0x0000000083900000| Untracked 
|  58|0x0000000083a00000, 0x0000000083b00000, 0x0000000083b00000|100%| O|  |TAMS 0x0000000083b00000, 0x0000000083a00000| Untracked 
|  59|0x0000000083b00000, 0x0000000083c00000, 0x0000000083c00000|100%| O|  |TAMS 0x0000000083c00000, 0x0000000083b00000| Untracked 
|  60|0x0000000083c00000, 0x0000000083d00000, 0x0000000083d00000|100%| O|  |TAMS 0x0000000083d00000, 0x0000000083c00000| Untracked 
|  61|0x0000000083d00000, 0x0000000083e00000, 0x0000000083e00000|100%| O|  |TAMS 0x0000000083e00000, 0x0000000083d00000| Untracked 
|  62|0x0000000083e00000, 0x0000000083f00000, 0x0000000083f00000|100%| O|  |TAMS 0x0000000083f00000, 0x0000000083e00000| Untracked 
|  63|0x0000000083f00000, 0x0000000084000000, 0x0000000084000000|100%| O|  |TAMS 0x0000000084000000, 0x0000000083f00000| Untracked 
|  64|0x0000000084000000, 0x0000000084100000, 0x0000000084100000|100%| O|  |TAMS 0x0000000084100000, 0x0000000084000000| Untracked 
|  65|0x0000000084100000, 0x0000000084200000, 0x0000000084200000|100%| O|  |TAMS 0x0000000084200000, 0x0000000084100000| Untracked 
|  66|0x0000000084200000, 0x0000000084200000, 0x0000000084300000|  0%| F|  |TAMS 0x0000000084200000, 0x0000000084200000| Untracked 
|  67|0x0000000084300000, 0x0000000084300000, 0x0000000084400000|  0%| F|  |TAMS 0x0000000084300000, 0x0000000084300000| Untracked 
|  68|0x0000000084400000, 0x0000000084500000, 0x0000000084500000|100%| O|  |TAMS 0x0000000084400000, 0x0000000084400000| Untracked 
|  69|0x0000000084500000, 0x0000000084600000, 0x0000000084600000|100%| O|  |TAMS 0x0000000084600000, 0x0000000084500000| Untracked 
|  70|0x0000000084600000, 0x0000000084700000, 0x0000000084700000|100%| O|  |TAMS 0x0000000084700000, 0x0000000084600000| Untracked 
|  71|0x0000000084700000, 0x0000000084800000, 0x0000000084800000|100%| O|  |TAMS 0x0000000084800000, 0x0000000084700000| Untracked 
|  72|0x0000000084800000, 0x0000000084900000, 0x0000000084900000|100%| O|  |TAMS 0x0000000084900000, 0x0000000084800000| Untracked 
|  73|0x0000000084900000, 0x0000000084a00000, 0x0000000084a00000|100%| O|  |TAMS 0x0000000084900000, 0x0000000084900000| Untracked 
|  74|0x0000000084a00000, 0x0000000084b00000, 0x0000000084b00000|100%| O|  |TAMS 0x0000000084a00000, 0x0000000084a00000| Untracked 
|  75|0x0000000084b00000, 0x0000000084b6ea00, 0x0000000084c00000| 43%| O|  |TAMS 0x0000000084b00000, 0x0000000084b00000| Untracked 
|  76|0x0000000084c00000, 0x0000000084c00000, 0x0000000084d00000|  0%| F|  |TAMS 0x0000000084c00000, 0x0000000084c00000| Untracked 
|  77|0x0000000084d00000, 0x0000000084e00000, 0x0000000084e00000|100%| O|  |TAMS 0x0000000084e00000, 0x0000000084d00000| Untracked 
|  78|0x0000000084e00000, 0x0000000084e00000, 0x0000000084f00000|  0%| F|  |TAMS 0x0000000084e00000, 0x0000000084e00000| Untracked 
|  79|0x0000000084f00000, 0x0000000084f00000, 0x0000000085000000|  0%| F|  |TAMS 0x0000000084f00000, 0x0000000084f00000| Untracked 
|  80|0x0000000085000000, 0x0000000085000000, 0x0000000085100000|  0%| F|  |TAMS 0x0000000085000000, 0x0000000085000000| Untracked 
|  81|0x0000000085100000, 0x0000000085100000, 0x0000000085200000|  0%| F|  |TAMS 0x0000000085100000, 0x0000000085100000| Untracked 
|  82|0x0000000085200000, 0x0000000085200000, 0x0000000085300000|  0%| F|  |TAMS 0x0000000085200000, 0x0000000085200000| Untracked 
|  83|0x0000000085300000, 0x0000000085300000, 0x0000000085400000|  0%| F|  |TAMS 0x0000000085300000, 0x0000000085300000| Untracked 
|  84|0x0000000085400000, 0x0000000085400000, 0x0000000085500000|  0%| F|  |TAMS 0x0000000085400000, 0x0000000085400000| Untracked 
|  85|0x0000000085500000, 0x0000000085500000, 0x0000000085600000|  0%| F|  |TAMS 0x0000000085500000, 0x0000000085500000| Untracked 
|  86|0x0000000085600000, 0x0000000085600000, 0x0000000085700000|  0%| F|  |TAMS 0x0000000085600000, 0x0000000085600000| Untracked 
|  87|0x0000000085700000, 0x0000000085700000, 0x0000000085800000|  0%| F|  |TAMS 0x0000000085700000, 0x0000000085700000| Untracked 
|  88|0x0000000085800000, 0x0000000085800000, 0x0000000085900000|  0%| F|  |TAMS 0x0000000085800000, 0x0000000085800000| Untracked 
|  89|0x0000000085900000, 0x0000000085900000, 0x0000000085a00000|  0%| F|  |TAMS 0x0000000085900000, 0x0000000085900000| Untracked 
|  90|0x0000000085a00000, 0x0000000085a00000, 0x0000000085b00000|  0%| F|  |TAMS 0x0000000085a00000, 0x0000000085a00000| Untracked 
|  91|0x0000000085b00000, 0x0000000085b00000, 0x0000000085c00000|  0%| F|  |TAMS 0x0000000085b00000, 0x0000000085b00000| Untracked 
|  92|0x0000000085c00000, 0x0000000085c00000, 0x0000000085d00000|  0%| F|  |TAMS 0x0000000085c00000, 0x0000000085c00000| Untracked 
|  93|0x0000000085d00000, 0x0000000085d00000, 0x0000000085e00000|  0%| F|  |TAMS 0x0000000085d00000, 0x0000000085d00000| Untracked 
|  94|0x0000000085e00000, 0x0000000085e00000, 0x0000000085f00000|  0%| F|  |TAMS 0x0000000085e00000, 0x0000000085e00000| Untracked 
|  95|0x0000000085f00000, 0x0000000085f00000, 0x0000000086000000|  0%| F|  |TAMS 0x0000000085f00000, 0x0000000085f00000| Untracked 
|  96|0x0000000086000000, 0x0000000086000000, 0x0000000086100000|  0%| F|  |TAMS 0x0000000086000000, 0x0000000086000000| Untracked 
|  97|0x0000000086100000, 0x0000000086100000, 0x0000000086200000|  0%| F|  |TAMS 0x0000000086100000, 0x0000000086100000| Untracked 
|  98|0x0000000086200000, 0x0000000086200000, 0x0000000086300000|  0%| F|  |TAMS 0x0000000086200000, 0x0000000086200000| Untracked 
|  99|0x0000000086300000, 0x0000000086300000, 0x0000000086400000|  0%| F|  |TAMS 0x0000000086300000, 0x0000000086300000| Untracked 
| 100|0x0000000086400000, 0x0000000086400000, 0x0000000086500000|  0%| F|  |TAMS 0x0000000086400000, 0x0000000086400000| Untracked 
| 101|0x0000000086500000, 0x0000000086500000, 0x0000000086600000|  0%| F|  |TAMS 0x0000000086500000, 0x0000000086500000| Untracked 
| 102|0x0000000086600000, 0x0000000086700000, 0x0000000086700000|100%| O|  |TAMS 0x0000000086700000, 0x0000000086600000| Untracked 
| 103|0x0000000086700000, 0x0000000086700000, 0x0000000086800000|  0%| F|  |TAMS 0x0000000086700000, 0x0000000086700000| Untracked 
| 104|0x0000000086800000, 0x0000000086800000, 0x0000000086900000|  0%| F|  |TAMS 0x0000000086800000, 0x0000000086800000| Untracked 
| 105|0x0000000086900000, 0x0000000086a00000, 0x0000000086a00000|100%| O|  |TAMS 0x0000000086a00000, 0x0000000086900000| Untracked 
| 106|0x0000000086a00000, 0x0000000086b00000, 0x0000000086b00000|100%| O|  |TAMS 0x0000000086b00000, 0x0000000086a00000| Untracked 
| 107|0x0000000086b00000, 0x0000000086b00000, 0x0000000086c00000|  0%| F|  |TAMS 0x0000000086b00000, 0x0000000086b00000| Untracked 
| 108|0x0000000086c00000, 0x0000000086c00000, 0x0000000086d00000|  0%| F|  |TAMS 0x0000000086c00000, 0x0000000086c00000| Untracked 
| 109|0x0000000086d00000, 0x0000000086d00000, 0x0000000086e00000|  0%| F|  |TAMS 0x0000000086d00000, 0x0000000086d00000| Untracked 
| 110|0x0000000086e00000, 0x0000000086e00000, 0x0000000086f00000|  0%| F|  |TAMS 0x0000000086e00000, 0x0000000086e00000| Untracked 
| 111|0x0000000086f00000, 0x0000000086f00000, 0x0000000087000000|  0%| F|  |TAMS 0x0000000086f00000, 0x0000000086f00000| Untracked 
| 112|0x0000000087000000, 0x0000000087000000, 0x0000000087100000|  0%| F|  |TAMS 0x0000000087000000, 0x0000000087000000| Untracked 
| 113|0x0000000087100000, 0x0000000087100000, 0x0000000087200000|  0%| F|  |TAMS 0x0000000087100000, 0x0000000087100000| Untracked 
| 114|0x0000000087200000, 0x0000000087200000, 0x0000000087300000|  0%| F|  |TAMS 0x0000000087200000, 0x0000000087200000| Untracked 
| 115|0x0000000087300000, 0x0000000087300000, 0x0000000087400000|  0%| F|  |TAMS 0x0000000087300000, 0x0000000087300000| Untracked 
| 116|0x0000000087400000, 0x0000000087400000, 0x0000000087500000|  0%| F|  |TAMS 0x0000000087400000, 0x0000000087400000| Untracked 
| 117|0x0000000087500000, 0x0000000087500000, 0x0000000087600000|  0%| F|  |TAMS 0x0000000087500000, 0x0000000087500000| Untracked 
| 118|0x0000000087600000, 0x0000000087600000, 0x0000000087700000|  0%| F|  |TAMS 0x0000000087600000, 0x0000000087600000| Untracked 
| 119|0x0000000087700000, 0x0000000087700000, 0x0000000087800000|  0%| F|  |TAMS 0x0000000087700000, 0x0000000087700000| Untracked 
| 120|0x0000000087800000, 0x0000000087800000, 0x0000000087900000|  0%| F|  |TAMS 0x0000000087800000, 0x0000000087800000| Untracked 
| 121|0x0000000087900000, 0x0000000087900000, 0x0000000087a00000|  0%| F|  |TAMS 0x0000000087900000, 0x0000000087900000| Untracked 
| 122|0x0000000087a00000, 0x0000000087a00000, 0x0000000087b00000|  0%| F|  |TAMS 0x0000000087a00000, 0x0000000087a00000| Untracked 
| 123|0x0000000087b00000, 0x0000000087b00000, 0x0000000087c00000|  0%| F|  |TAMS 0x0000000087b00000, 0x0000000087b00000| Untracked 
| 124|0x0000000087c00000, 0x0000000087c00000, 0x0000000087d00000|  0%| F|  |TAMS 0x0000000087c00000, 0x0000000087c00000| Untracked 
| 125|0x0000000087d00000, 0x0000000087d00000, 0x0000000087e00000|  0%| F|  |TAMS 0x0000000087d00000, 0x0000000087d00000| Untracked 
| 126|0x0000000087e00000, 0x0000000087e00000, 0x0000000087f00000|  0%| F|  |TAMS 0x0000000087e00000, 0x0000000087e00000| Untracked 
| 127|0x0000000087f00000, 0x0000000087f00000, 0x0000000088000000|  0%| F|  |TAMS 0x0000000087f00000, 0x0000000087f00000| Untracked 
| 128|0x0000000088000000, 0x00000000880b9630, 0x0000000088100000| 72%| S|CS|TAMS 0x0000000088000000, 0x0000000088000000| Complete 
| 129|0x0000000088100000, 0x0000000088200000, 0x0000000088200000|100%| S|CS|TAMS 0x0000000088100000, 0x0000000088100000| Complete 
| 130|0x0000000088200000, 0x0000000088300000, 0x0000000088300000|100%| S|CS|TAMS 0x0000000088200000, 0x0000000088200000| Complete 
| 131|0x0000000088300000, 0x0000000088400000, 0x0000000088400000|100%| S|CS|TAMS 0x0000000088300000, 0x0000000088300000| Complete 
| 132|0x0000000088400000, 0x0000000088500000, 0x0000000088500000|100%| S|CS|TAMS 0x0000000088400000, 0x0000000088400000| Complete 
| 133|0x0000000088500000, 0x0000000088600000, 0x0000000088600000|100%| S|CS|TAMS 0x0000000088500000, 0x0000000088500000| Complete 
| 134|0x0000000088600000, 0x0000000088700000, 0x0000000088700000|100%| S|CS|TAMS 0x0000000088600000, 0x0000000088600000| Complete 
| 135|0x0000000088700000, 0x0000000088800000, 0x0000000088800000|100%| S|CS|TAMS 0x0000000088700000, 0x0000000088700000| Complete 
| 136|0x0000000088800000, 0x0000000088800000, 0x0000000088900000|  0%| F|  |TAMS 0x0000000088800000, 0x0000000088800000| Untracked 
| 137|0x0000000088900000, 0x0000000088900000, 0x0000000088a00000|  0%| F|  |TAMS 0x0000000088900000, 0x0000000088900000| Untracked 
| 138|0x0000000088a00000, 0x0000000088a00000, 0x0000000088b00000|  0%| F|  |TAMS 0x0000000088a00000, 0x0000000088a00000| Untracked 
| 139|0x0000000088b00000, 0x0000000088b00000, 0x0000000088c00000|  0%| F|  |TAMS 0x0000000088b00000, 0x0000000088b00000| Untracked 
| 140|0x0000000088c00000, 0x0000000088c00000, 0x0000000088d00000|  0%| F|  |TAMS 0x0000000088c00000, 0x0000000088c00000| Untracked 
| 141|0x0000000088d00000, 0x0000000088d00000, 0x0000000088e00000|  0%| F|  |TAMS 0x0000000088d00000, 0x0000000088d00000| Untracked 
| 142|0x0000000088e00000, 0x0000000088e00000, 0x0000000088f00000|  0%| F|  |TAMS 0x0000000088e00000, 0x0000000088e00000| Untracked 
| 143|0x0000000088f00000, 0x0000000088f00000, 0x0000000089000000|  0%| F|  |TAMS 0x0000000088f00000, 0x0000000088f00000| Untracked 
| 144|0x0000000089000000, 0x0000000089000000, 0x0000000089100000|  0%| F|  |TAMS 0x0000000089000000, 0x0000000089000000| Untracked 
| 145|0x0000000089100000, 0x0000000089100000, 0x0000000089200000|  0%| F|  |TAMS 0x0000000089100000, 0x0000000089100000| Untracked 
| 146|0x0000000089200000, 0x0000000089200000, 0x0000000089300000|  0%| F|  |TAMS 0x0000000089200000, 0x0000000089200000| Untracked 
| 147|0x0000000089300000, 0x0000000089300000, 0x0000000089400000|  0%| F|  |TAMS 0x0000000089300000, 0x0000000089300000| Untracked 
| 148|0x0000000089400000, 0x0000000089400000, 0x0000000089500000|  0%| F|  |TAMS 0x0000000089400000, 0x0000000089400000| Untracked 
| 149|0x0000000089500000, 0x0000000089500000, 0x0000000089600000|  0%| F|  |TAMS 0x0000000089500000, 0x0000000089500000| Untracked 
| 150|0x0000000089600000, 0x0000000089600000, 0x0000000089700000|  0%| F|  |TAMS 0x0000000089600000, 0x0000000089600000| Untracked 
| 151|0x0000000089700000, 0x0000000089700000, 0x0000000089800000|  0%| F|  |TAMS 0x0000000089700000, 0x0000000089700000| Untracked 
| 152|0x0000000089800000, 0x0000000089800000, 0x0000000089900000|  0%| F|  |TAMS 0x0000000089800000, 0x0000000089800000| Untracked 
| 153|0x0000000089900000, 0x0000000089900000, 0x0000000089a00000|  0%| F|  |TAMS 0x0000000089900000, 0x0000000089900000| Untracked 
| 154|0x0000000089a00000, 0x0000000089a00000, 0x0000000089b00000|  0%| F|  |TAMS 0x0000000089a00000, 0x0000000089a00000| Untracked 
| 155|0x0000000089b00000, 0x0000000089b00000, 0x0000000089c00000|  0%| F|  |TAMS 0x0000000089b00000, 0x0000000089b00000| Untracked 
| 156|0x0000000089c00000, 0x0000000089c00000, 0x0000000089d00000|  0%| F|  |TAMS 0x0000000089c00000, 0x0000000089c00000| Untracked 
| 157|0x0000000089d00000, 0x0000000089d00000, 0x0000000089e00000|  0%| F|  |TAMS 0x0000000089d00000, 0x0000000089d00000| Untracked 
| 158|0x0000000089e00000, 0x0000000089e00000, 0x0000000089f00000|  0%| F|  |TAMS 0x0000000089e00000, 0x0000000089e00000| Untracked 
| 159|0x0000000089f00000, 0x0000000089f00000, 0x000000008a000000|  0%| F|  |TAMS 0x0000000089f00000, 0x0000000089f00000| Untracked 
| 160|0x000000008a000000, 0x000000008a000000, 0x000000008a100000|  0%| F|  |TAMS 0x000000008a000000, 0x000000008a000000| Untracked 
| 161|0x000000008a100000, 0x000000008a100000, 0x000000008a200000|  0%| F|  |TAMS 0x000000008a100000, 0x000000008a100000| Untracked 
| 162|0x000000008a200000, 0x000000008a200000, 0x000000008a300000|  0%| F|  |TAMS 0x000000008a200000, 0x000000008a200000| Untracked 
| 163|0x000000008a300000, 0x000000008a300000, 0x000000008a400000|  0%| F|  |TAMS 0x000000008a300000, 0x000000008a300000| Untracked 
| 164|0x000000008a400000, 0x000000008a400000, 0x000000008a500000|  0%| F|  |TAMS 0x000000008a400000, 0x000000008a400000| Untracked 
| 165|0x000000008a500000, 0x000000008a500000, 0x000000008a600000|  0%| F|  |TAMS 0x000000008a500000, 0x000000008a500000| Untracked 
| 166|0x000000008a600000, 0x000000008a600000, 0x000000008a700000|  0%| F|  |TAMS 0x000000008a600000, 0x000000008a600000| Untracked 
| 167|0x000000008a700000, 0x000000008a700000, 0x000000008a800000|  0%| F|  |TAMS 0x000000008a700000, 0x000000008a700000| Untracked 
| 168|0x000000008a800000, 0x000000008a800000, 0x000000008a900000|  0%| F|  |TAMS 0x000000008a800000, 0x000000008a800000| Untracked 
| 169|0x000000008a900000, 0x000000008a900000, 0x000000008aa00000|  0%| F|  |TAMS 0x000000008a900000, 0x000000008a900000| Untracked 
| 170|0x000000008aa00000, 0x000000008aa00000, 0x000000008ab00000|  0%| F|  |TAMS 0x000000008aa00000, 0x000000008aa00000| Untracked 
| 171|0x000000008ab00000, 0x000000008ab00000, 0x000000008ac00000|  0%| F|  |TAMS 0x000000008ab00000, 0x000000008ab00000| Untracked 
| 172|0x000000008ac00000, 0x000000008ac00000, 0x000000008ad00000|  0%| F|  |TAMS 0x000000008ac00000, 0x000000008ac00000| Untracked 
| 173|0x000000008ad00000, 0x000000008ad00000, 0x000000008ae00000|  0%| F|  |TAMS 0x000000008ad00000, 0x000000008ad00000| Untracked 
| 174|0x000000008ae00000, 0x000000008ae00000, 0x000000008af00000|  0%| F|  |TAMS 0x000000008ae00000, 0x000000008ae00000| Untracked 
| 175|0x000000008af00000, 0x000000008af00000, 0x000000008b000000|  0%| F|  |TAMS 0x000000008af00000, 0x000000008af00000| Untracked 
| 176|0x000000008b000000, 0x000000008b000000, 0x000000008b100000|  0%| F|  |TAMS 0x000000008b000000, 0x000000008b000000| Untracked 
| 177|0x000000008b100000, 0x000000008b100000, 0x000000008b200000|  0%| F|  |TAMS 0x000000008b100000, 0x000000008b100000| Untracked 
| 178|0x000000008b200000, 0x000000008b200000, 0x000000008b300000|  0%| F|  |TAMS 0x000000008b200000, 0x000000008b200000| Untracked 
| 179|0x000000008b300000, 0x000000008b300000, 0x000000008b400000|  0%| F|  |TAMS 0x000000008b300000, 0x000000008b300000| Untracked 
| 180|0x000000008b400000, 0x000000008b400000, 0x000000008b500000|  0%| F|  |TAMS 0x000000008b400000, 0x000000008b400000| Untracked 
| 181|0x000000008b500000, 0x000000008b500000, 0x000000008b600000|  0%| F|  |TAMS 0x000000008b500000, 0x000000008b500000| Untracked 
| 182|0x000000008b600000, 0x000000008b600000, 0x000000008b700000|  0%| F|  |TAMS 0x000000008b600000, 0x000000008b600000| Untracked 
| 183|0x000000008b700000, 0x000000008b700000, 0x000000008b800000|  0%| F|  |TAMS 0x000000008b700000, 0x000000008b700000| Untracked 
| 184|0x000000008b800000, 0x000000008b800000, 0x000000008b900000|  0%| F|  |TAMS 0x000000008b800000, 0x000000008b800000| Untracked 
| 185|0x000000008b900000, 0x000000008b900000, 0x000000008ba00000|  0%| F|  |TAMS 0x000000008b900000, 0x000000008b900000| Untracked 
| 186|0x000000008ba00000, 0x000000008ba00000, 0x000000008bb00000|  0%| F|  |TAMS 0x000000008ba00000, 0x000000008ba00000| Untracked 
| 187|0x000000008bb00000, 0x000000008bb00000, 0x000000008bc00000|  0%| F|  |TAMS 0x000000008bb00000, 0x000000008bb00000| Untracked 
| 188|0x000000008bc00000, 0x000000008bc00000, 0x000000008bd00000|  0%| F|  |TAMS 0x000000008bc00000, 0x000000008bc00000| Untracked 
| 189|0x000000008bd00000, 0x000000008bd00000, 0x000000008be00000|  0%| F|  |TAMS 0x000000008bd00000, 0x000000008bd00000| Untracked 
| 190|0x000000008be00000, 0x000000008be00000, 0x000000008bf00000|  0%| F|  |TAMS 0x000000008be00000, 0x000000008be00000| Untracked 
| 191|0x000000008bf00000, 0x000000008bf00000, 0x000000008c000000|  0%| F|  |TAMS 0x000000008bf00000, 0x000000008bf00000| Untracked 
| 192|0x000000008c000000, 0x000000008c000000, 0x000000008c100000|  0%| F|  |TAMS 0x000000008c000000, 0x000000008c000000| Untracked 
| 193|0x000000008c100000, 0x000000008c100000, 0x000000008c200000|  0%| F|  |TAMS 0x000000008c100000, 0x000000008c100000| Untracked 
| 194|0x000000008c200000, 0x000000008c200000, 0x000000008c300000|  0%| F|  |TAMS 0x000000008c200000, 0x000000008c200000| Untracked 
| 195|0x000000008c300000, 0x000000008c300000, 0x000000008c400000|  0%| F|  |TAMS 0x000000008c300000, 0x000000008c300000| Untracked 
| 196|0x000000008c400000, 0x000000008c400000, 0x000000008c500000|  0%| F|  |TAMS 0x000000008c400000, 0x000000008c400000| Untracked 
| 197|0x000000008c500000, 0x000000008c500000, 0x000000008c600000|  0%| F|  |TAMS 0x000000008c500000, 0x000000008c500000| Untracked 
| 198|0x000000008c600000, 0x000000008c600000, 0x000000008c700000|  0%| F|  |TAMS 0x000000008c600000, 0x000000008c600000| Untracked 
| 199|0x000000008c700000, 0x000000008c700000, 0x000000008c800000|  0%| F|  |TAMS 0x000000008c700000, 0x000000008c700000| Untracked 
| 200|0x000000008c800000, 0x000000008c800000, 0x000000008c900000|  0%| F|  |TAMS 0x000000008c800000, 0x000000008c800000| Untracked 
| 201|0x000000008c900000, 0x000000008c900000, 0x000000008ca00000|  0%| F|  |TAMS 0x000000008c900000, 0x000000008c900000| Untracked 
| 202|0x000000008ca00000, 0x000000008ca00000, 0x000000008cb00000|  0%| F|  |TAMS 0x000000008ca00000, 0x000000008ca00000| Untracked 
| 203|0x000000008cb00000, 0x000000008cb00000, 0x000000008cc00000|  0%| F|  |TAMS 0x000000008cb00000, 0x000000008cb00000| Untracked 
| 204|0x000000008cc00000, 0x000000008cc00000, 0x000000008cd00000|  0%| F|  |TAMS 0x000000008cc00000, 0x000000008cc00000| Untracked 
| 205|0x000000008cd00000, 0x000000008cd00000, 0x000000008ce00000|  0%| F|  |TAMS 0x000000008cd00000, 0x000000008cd00000| Untracked 
| 206|0x000000008ce00000, 0x000000008ce00000, 0x000000008cf00000|  0%| F|  |TAMS 0x000000008ce00000, 0x000000008ce00000| Untracked 
| 207|0x000000008cf00000, 0x000000008cf00000, 0x000000008d000000|  0%| F|  |TAMS 0x000000008cf00000, 0x000000008cf00000| Untracked 
| 208|0x000000008d000000, 0x000000008d000000, 0x000000008d100000|  0%| F|  |TAMS 0x000000008d000000, 0x000000008d000000| Untracked 
| 209|0x000000008d100000, 0x000000008d100000, 0x000000008d200000|  0%| F|  |TAMS 0x000000008d100000, 0x000000008d100000| Untracked 
| 210|0x000000008d200000, 0x000000008d200000, 0x000000008d300000|  0%| F|  |TAMS 0x000000008d200000, 0x000000008d200000| Untracked 
| 211|0x000000008d300000, 0x000000008d300000, 0x000000008d400000|  0%| F|  |TAMS 0x000000008d300000, 0x000000008d300000| Untracked 
| 212|0x000000008d400000, 0x000000008d400000, 0x000000008d500000|  0%| F|  |TAMS 0x000000008d400000, 0x000000008d400000| Untracked 
| 213|0x000000008d500000, 0x000000008d500000, 0x000000008d600000|  0%| F|  |TAMS 0x000000008d500000, 0x000000008d500000| Untracked 
| 214|0x000000008d600000, 0x000000008d600000, 0x000000008d700000|  0%| F|  |TAMS 0x000000008d600000, 0x000000008d600000| Untracked 
| 215|0x000000008d700000, 0x000000008d700000, 0x000000008d800000|  0%| F|  |TAMS 0x000000008d700000, 0x000000008d700000| Untracked 
| 216|0x000000008d800000, 0x000000008d800000, 0x000000008d900000|  0%| F|  |TAMS 0x000000008d800000, 0x000000008d800000| Untracked 
| 217|0x000000008d900000, 0x000000008d900000, 0x000000008da00000|  0%| F|  |TAMS 0x000000008d900000, 0x000000008d900000| Untracked 
| 218|0x000000008da00000, 0x000000008da00000, 0x000000008db00000|  0%| F|  |TAMS 0x000000008da00000, 0x000000008da00000| Untracked 
| 219|0x000000008db00000, 0x000000008db00000, 0x000000008dc00000|  0%| F|  |TAMS 0x000000008db00000, 0x000000008db00000| Untracked 

Card table byte_map: [0x0000021ecf8d0000,0x0000021ecfcd0000] _byte_map_base: 0x0000021ecf4d0000

Marking Bits (Prev, Next): (CMBitMap*) 0x0000021eb6b3c580, (CMBitMap*) 0x0000021eb6b3c5c0
 Prev Bits: [0x0000021ed00d0000, 0x0000021ed20d0000)
 Next Bits: [0x0000021ed20d0000, 0x0000021ed40d0000)

Polling page: 0x0000021eb6be0000

Metaspace:

Usage:
  Non-class:     77.14 MB used.
      Class:     11.41 MB used.
       Both:     88.55 MB used.

Virtual space:
  Non-class space:       80.00 MB reserved,      77.44 MB ( 97%) committed,  10 nodes.
      Class space:        1.00 GB reserved,      11.69 MB (  1%) committed,  1 nodes.
              Both:        1.08 GB reserved,      89.12 MB (  8%) committed. 

Chunk freelists:
   Non-Class:  2.14 MB
       Class:  142.00 KB
        Both:  2.28 MB

MaxMetaspaceSize: 17179869184.00 GB
CompressedClassSpaceSize: 1.00 GB
 - commit_granule_bytes: 65536.
 - commit_granule_words: 8192.
 - virtual_space_node_default_size: 1048576.
 - enlarge_chunks_in_place: 1.
 - new_chunks_are_fully_committed: 0.
 - uncommit_free_chunks: 1.
 - use_allocation_guard: 0.
 - handle_deallocations: 1.


Internal statistics:

num_allocs_failed_limit: 6.
num_arena_births: 834.
num_arena_deaths: 16.
num_vsnodes_births: 11.
num_vsnodes_deaths: 0.
num_space_committed: 1425.
num_space_uncommitted: 0.
num_chunks_returned_to_freelist: 27.
num_chunks_taken_from_freelist: 4414.
num_chunk_merges: 14.
num_chunk_splits: 2941.
num_chunks_enlarged: 2001.
num_purges: 2.

CodeHeap 'non-profiled nmethods': size=120000Kb used=7118Kb max_used=7620Kb free=112881Kb
 bounds [0x0000021ec7520000, 0x0000021ec7ca0000, 0x0000021ecea50000]
CodeHeap 'profiled nmethods': size=120000Kb used=23355Kb max_used=24094Kb free=96644Kb
 bounds [0x0000021ebfff0000, 0x0000021ec1780000, 0x0000021ec7520000]
CodeHeap 'non-nmethods': size=5760Kb used=2509Kb max_used=2585Kb free=3250Kb
 bounds [0x0000021ebfa50000, 0x0000021ebfce0000, 0x0000021ebfff0000]
 total_blobs=12972 nmethods=11920 adapters=964
 compilation: enabled
              stopped_count=0, restarted_count=0
 full_count=0

Compilation events (20 events):
Event: 14.442 Thread 0x0000021ed6b4dd40 13858       3       org.gradle.api.internal.artifacts.ivyservice.resolveengine.graph.builder.NodeState::maybeCollectStrictVersions (68 bytes)
Event: 14.442 Thread 0x0000021ed7618e80 nmethod 13852 0x0000021ec75d9790 code [0x0000021ec75d9940, 0x0000021ec75d9c98]
Event: 14.443 Thread 0x0000021ed6b4dd40 nmethod 13858 0x0000021ec00f5b10 code [0x0000021ec00f5da0, 0x0000021ec00f6c18]
Event: 14.443 Thread 0x0000021ed6b4dd40 13859       3       java.util.Collections$ReverseComparator2::compare (12 bytes)
Event: 14.443 Thread 0x0000021ed6b4dd40 nmethod 13859 0x0000021ec06f0810 code [0x0000021ec06f09c0, 0x0000021ec06f0ba8]
Event: 14.443 Thread 0x0000021ed6b4dd40 13857       3       org.gradle.api.internal.artifacts.ivyservice.ivyresolve.strategy.AbstractStringVersionSelector::getSelector (5 bytes)
Event: 14.444 Thread 0x0000021ed6b4dd40 nmethod 13857 0x0000021ec02d1d10 code [0x0000021ec02d1ea0, 0x0000021ec02d1fb8]
Event: 14.444 Thread 0x0000021ed6b4dd40 13856       3       org.gradle.api.internal.artifacts.ivyservice.resolveengine.graph.builder.ModuleResolveState::getVersion (59 bytes)
Event: 14.444 Thread 0x0000021ed6b4dd40 nmethod 13856 0x0000021ec065b590 code [0x0000021ec065b780, 0x0000021ec065be18]
Event: 14.444 Thread 0x0000021ed6b4dd40 13862       3       org.gradle.api.internal.artifacts.ivyservice.resolveengine.graph.builder.DependencyState::addSelectionReasons (50 bytes)
Event: 14.445 Thread 0x0000021ed6b4dd40 nmethod 13862 0x0000021ec0a7d490 code [0x0000021ec0a7d6a0, 0x0000021ec0a7de08]
Event: 14.445 Thread 0x0000021ed6b4dd40 13860       3       org.gradle.api.internal.artifacts.ivyservice.ivyresolve.strategy.StaticVersionComparator::compare (13 bytes)
Event: 14.445 Thread 0x0000021ed6b4dd40 nmethod 13860 0x0000021ec10c8710 code [0x0000021ec10c88e0, 0x0000021ec10c8c68]
Event: 14.445 Thread 0x0000021ed6b4dd40 13863       3       org.gradle.api.internal.artifacts.ivyservice.resolveengine.graph.builder.SelectorState::trackDetailsForOverrideMetadata (107 bytes)
Event: 14.446 Thread 0x0000021ed6b4dd40 nmethod 13863 0x0000021ec03ee890 code [0x0000021ec03eeb60, 0x0000021ec03efcd8]
Event: 14.446 Thread 0x0000021ed6b4dd40 13861       3       org.gradle.internal.component.external.model.GradleDependencyMetadata::isTransitive (13 bytes)
Event: 14.446 Thread 0x0000021ed6b4dd40 nmethod 13861 0x0000021ec04fdc10 code [0x0000021ec04fddc0, 0x0000021ec04fdf58]
Event: 14.446 Thread 0x0000021ed6b4dd40 13865       3       org.gradle.api.internal.artifacts.ivyservice.resolveengine.graph.selectors.SelectorStateResolverResults::componentForIdResolveResult (42 bytes)
Event: 14.447 Thread 0x0000021ed6b4dd40 nmethod 13865 0x0000021ec11f3a10 code [0x0000021ec11f3c80, 0x0000021ec11f4718]
Event: 14.447 Thread 0x0000021ed6b4dd40 13868       3       org.gradle.internal.component.model.ComponentAttributeMatcher$CachedQuery::computeHashCode (65 bytes)

GC Heap History (20 events):
Event: 10.471 GC heap after
{Heap after GC invocations=37 (full 0):
 garbage-first heap   total 153600K, used 95608K [0x0000000080000000, 0x0000000100000000)
  region size 1024K, 3 young (3072K), 3 survivors (3072K)
 Metaspace       used 77207K, committed 77760K, reserved 1122304K
  class space    used 10347K, committed 10624K, reserved 1048576K
}
Event: 10.949 GC heap before
{Heap before GC invocations=38 (full 0):
 garbage-first heap   total 176128K, used 127352K [0x0000000080000000, 0x0000000100000000)
  region size 1024K, 23 young (23552K), 3 survivors (3072K)
 Metaspace       used 79506K, committed 80000K, reserved 1122304K
  class space    used 10558K, committed 10816K, reserved 1048576K
}
Event: 10.955 GC heap after
{Heap after GC invocations=39 (full 0):
 garbage-first heap   total 176128K, used 100648K [0x0000000080000000, 0x0000000100000000)
  region size 1024K, 3 young (3072K), 3 survivors (3072K)
 Metaspace       used 79506K, committed 80000K, reserved 1122304K
  class space    used 10558K, committed 10816K, reserved 1048576K
}
Event: 11.396 GC heap before
{Heap before GC invocations=39 (full 0):
 garbage-first heap   total 176128K, used 120104K [0x0000000080000000, 0x0000000100000000)
  region size 1024K, 24 young (24576K), 3 survivors (3072K)
 Metaspace       used 79652K, committed 80256K, reserved 1122304K
  class space    used 10572K, committed 10880K, reserved 1048576K
}
Event: 11.403 GC heap after
{Heap after GC invocations=40 (full 0):
 garbage-first heap   total 211968K, used 106739K [0x0000000080000000, 0x0000000100000000)
  region size 1024K, 4 young (4096K), 4 survivors (4096K)
 Metaspace       used 79652K, committed 80256K, reserved 1122304K
  class space    used 10572K, committed 10880K, reserved 1048576K
}
Event: 11.819 GC heap before
{Heap before GC invocations=41 (full 0):
 garbage-first heap   total 211968K, used 164083K [0x0000000080000000, 0x0000000100000000)
  region size 1024K, 47 young (48128K), 4 survivors (4096K)
 Metaspace       used 82903K, committed 83520K, reserved 1122304K
  class space    used 10842K, committed 11136K, reserved 1048576K
}
Event: 11.826 GC heap after
{Heap after GC invocations=42 (full 0):
 garbage-first heap   total 211968K, used 113018K [0x0000000080000000, 0x0000000100000000)
  region size 1024K, 6 young (6144K), 6 survivors (6144K)
 Metaspace       used 82903K, committed 83520K, reserved 1122304K
  class space    used 10842K, committed 11136K, reserved 1048576K
}
Event: 11.997 GC heap before
{Heap before GC invocations=42 (full 0):
 garbage-first heap   total 211968K, used 139642K [0x0000000080000000, 0x0000000100000000)
  region size 1024K, 33 young (33792K), 6 survivors (6144K)
 Metaspace       used 83270K, committed 83840K, reserved 1122304K
  class space    used 10852K, committed 11136K, reserved 1048576K
}
Event: 12.002 GC heap after
{Heap after GC invocations=43 (full 0):
 garbage-first heap   total 211968K, used 114889K [0x0000000080000000, 0x0000000100000000)
  region size 1024K, 2 young (2048K), 2 survivors (2048K)
 Metaspace       used 83270K, committed 83840K, reserved 1122304K
  class space    used 10852K, committed 11136K, reserved 1048576K
}
Event: 12.305 GC heap before
{Heap before GC invocations=44 (full 0):
 garbage-first heap   total 225280K, used 200905K [0x0000000080000000, 0x0000000100000000)
  region size 1024K, 46 young (47104K), 2 survivors (2048K)
 Metaspace       used 84294K, committed 84864K, reserved 1130496K
  class space    used 10925K, committed 11200K, reserved 1048576K
}
Event: 12.309 GC heap after
{Heap after GC invocations=45 (full 0):
 garbage-first heap   total 225280K, used 136303K [0x0000000080000000, 0x0000000100000000)
  region size 1024K, 6 young (6144K), 6 survivors (6144K)
 Metaspace       used 84294K, committed 84864K, reserved 1130496K
  class space    used 10925K, committed 11200K, reserved 1048576K
}
Event: 12.337 GC heap before
{Heap before GC invocations=45 (full 0):
 garbage-first heap   total 225280K, used 151663K [0x0000000080000000, 0x0000000100000000)
  region size 1024K, 11 young (11264K), 6 survivors (6144K)
 Metaspace       used 84392K, committed 84928K, reserved 1130496K
  class space    used 10942K, committed 11200K, reserved 1048576K
}
Event: 12.344 GC heap after
{Heap after GC invocations=46 (full 0):
 garbage-first heap   total 225280K, used 109671K [0x0000000080000000, 0x0000000100000000)
  region size 1024K, 2 young (2048K), 2 survivors (2048K)
 Metaspace       used 84392K, committed 84928K, reserved 1130496K
  class space    used 10942K, committed 11200K, reserved 1048576K
}
Event: 12.491 GC heap before
{Heap before GC invocations=46 (full 0):
 garbage-first heap   total 225280K, used 117863K [0x0000000080000000, 0x0000000100000000)
  region size 1024K, 11 young (11264K), 2 survivors (2048K)
 Metaspace       used 84650K, committed 85248K, reserved 1130496K
  class space    used 10978K, committed 11264K, reserved 1048576K
}
Event: 12.495 GC heap after
{Heap after GC invocations=47 (full 0):
 garbage-first heap   total 225280K, used 103944K [0x0000000080000000, 0x0000000100000000)
  region size 1024K, 3 young (3072K), 3 survivors (3072K)
 Metaspace       used 84650K, committed 85248K, reserved 1130496K
  class space    used 10978K, committed 11264K, reserved 1048576K
}
Event: 13.429 GC heap before
{Heap before GC invocations=48 (full 0):
 garbage-first heap   total 225280K, used 169377K [0x0000000080000000, 0x0000000100000000)
  region size 1024K, 64 young (65536K), 3 survivors (3072K)
 Metaspace       used 89404K, committed 89984K, reserved 1130496K
  class space    used 11570K, committed 11840K, reserved 1048576K
}
Event: 13.431 GC heap after
{Heap after GC invocations=49 (full 0):
 garbage-first heap   total 225280K, used 99326K [0x0000000080000000, 0x0000000100000000)
  region size 1024K, 2 young (2048K), 2 survivors (2048K)
 Metaspace       used 89404K, committed 89984K, reserved 1130496K
  class space    used 11570K, committed 11840K, reserved 1048576K
}
Event: 13.542 GC heap before
{Heap before GC invocations=49 (full 0):
 garbage-first heap   total 225280K, used 108542K [0x0000000080000000, 0x0000000100000000)
  region size 1024K, 11 young (11264K), 2 survivors (2048K)
 Metaspace       used 89927K, committed 90496K, reserved 1130496K
  class space    used 11636K, committed 11904K, reserved 1048576K
}
Event: 13.547 GC heap after
{Heap after GC invocations=50 (full 0):
 garbage-first heap   total 225280K, used 81186K [0x0000000080000000, 0x0000000100000000)
  region size 1024K, 2 young (2048K), 2 survivors (2048K)
 Metaspace       used 89927K, committed 90496K, reserved 1130496K
  class space    used 11636K, committed 11904K, reserved 1048576K
}
Event: 14.447 GC heap before
{Heap before GC invocations=50 (full 0):
 garbage-first heap   total 225280K, used 164130K [0x0000000080000000, 0x0000000100000000)
  region size 1024K, 84 young (86016K), 2 survivors (2048K)
 Metaspace       used 90674K, committed 91264K, reserved 1130496K
  class space    used 11687K, committed 11968K, reserved 1048576K
}

Deoptimization events (20 events):
Event: 14.438 Thread 0x0000021edae75aa0 Uncommon trap: trap_request=0xffffffc6 fr.pc=0x0000021ec7ba9e90 relative=0x0000000000000430
Event: 14.438 Thread 0x0000021edae75aa0 Uncommon trap: reason=bimorphic_or_optimized_type_check action=maybe_recompile pc=0x0000021ec7ba9e90 method=java.util.Collections.indexedBinarySearch(Ljava/util/List;Ljava/lang/Object;Ljava/util/Comparator;)I @ 3 c2
Event: 14.438 Thread 0x0000021edae75aa0 DEOPT PACKING pc=0x0000021ec7ba9e90 sp=0x0000005b136fb200
Event: 14.438 Thread 0x0000021edae75aa0 DEOPT UNPACKING pc=0x0000021ebfa9f92e sp=0x0000005b136fb148 mode 2
Event: 14.439 Thread 0x0000021edae75aa0 Uncommon trap: trap_request=0xffffffc6 fr.pc=0x0000021ec7ba9e90 relative=0x0000000000000430
Event: 14.439 Thread 0x0000021edae75aa0 Uncommon trap: reason=bimorphic_or_optimized_type_check action=maybe_recompile pc=0x0000021ec7ba9e90 method=java.util.Collections.indexedBinarySearch(Ljava/util/List;Ljava/lang/Object;Ljava/util/Comparator;)I @ 3 c2
Event: 14.439 Thread 0x0000021edae75aa0 DEOPT PACKING pc=0x0000021ec7ba9e90 sp=0x0000005b136fb200
Event: 14.439 Thread 0x0000021edae75aa0 DEOPT UNPACKING pc=0x0000021ebfa9f92e sp=0x0000005b136fb148 mode 2
Event: 14.439 Thread 0x0000021edae75aa0 Uncommon trap: trap_request=0xffffffc6 fr.pc=0x0000021ec7ba9e90 relative=0x0000000000000430
Event: 14.439 Thread 0x0000021edae75aa0 Uncommon trap: reason=bimorphic_or_optimized_type_check action=maybe_recompile pc=0x0000021ec7ba9e90 method=java.util.Collections.indexedBinarySearch(Ljava/util/List;Ljava/lang/Object;Ljava/util/Comparator;)I @ 3 c2
Event: 14.439 Thread 0x0000021edae75aa0 DEOPT PACKING pc=0x0000021ec7ba9e90 sp=0x0000005b136fb200
Event: 14.439 Thread 0x0000021edae75aa0 DEOPT UNPACKING pc=0x0000021ebfa9f92e sp=0x0000005b136fb148 mode 2
Event: 14.439 Thread 0x0000021edae75aa0 Uncommon trap: trap_request=0xffffffc6 fr.pc=0x0000021ec7ba9e90 relative=0x0000000000000430
Event: 14.439 Thread 0x0000021edae75aa0 Uncommon trap: reason=bimorphic_or_optimized_type_check action=maybe_recompile pc=0x0000021ec7ba9e90 method=java.util.Collections.indexedBinarySearch(Ljava/util/List;Ljava/lang/Object;Ljava/util/Comparator;)I @ 3 c2
Event: 14.439 Thread 0x0000021edae75aa0 DEOPT PACKING pc=0x0000021ec7ba9e90 sp=0x0000005b136fb200
Event: 14.439 Thread 0x0000021edae75aa0 DEOPT UNPACKING pc=0x0000021ebfa9f92e sp=0x0000005b136fb148 mode 2
Event: 14.439 Thread 0x0000021edae75aa0 Uncommon trap: trap_request=0xffffffc6 fr.pc=0x0000021ec7ba0e00 relative=0x00000000000003c0
Event: 14.439 Thread 0x0000021edae75aa0 Uncommon trap: reason=bimorphic_or_optimized_type_check action=maybe_recompile pc=0x0000021ec7ba0e00 method=java.util.Collections.indexedBinarySearch(Ljava/util/List;Ljava/lang/Object;Ljava/util/Comparator;)I @ 3 c2
Event: 14.439 Thread 0x0000021edae75aa0 DEOPT PACKING pc=0x0000021ec7ba0e00 sp=0x0000005b136fb190
Event: 14.439 Thread 0x0000021edae75aa0 DEOPT UNPACKING pc=0x0000021ebfa9f92e sp=0x0000005b136fb148 mode 2

Classes unloaded (8 events):
Event: 10.572 Thread 0x0000021ed6b2d1c0 Unloading class 0x0000000801624400 'java/lang/invoke/LambdaForm$DMH+0x0000000801624400'
Event: 10.572 Thread 0x0000021ed6b2d1c0 Unloading class 0x0000000801615c00 'java/lang/invoke/LambdaForm$DMH+0x0000000801615c00'
Event: 10.572 Thread 0x0000021ed6b2d1c0 Unloading class 0x0000000801615800 'java/lang/invoke/LambdaForm$DMH+0x0000000801615800'
Event: 10.572 Thread 0x0000021ed6b2d1c0 Unloading class 0x0000000801615400 'java/lang/invoke/LambdaForm$DMH+0x0000000801615400'
Event: 10.572 Thread 0x0000021ed6b2d1c0 Unloading class 0x0000000801615000 'java/lang/invoke/LambdaForm$DMH+0x0000000801615000'
Event: 10.572 Thread 0x0000021ed6b2d1c0 Unloading class 0x0000000801614c00 'java/lang/invoke/LambdaForm$DMH+0x0000000801614c00'
Event: 10.572 Thread 0x0000021ed6b2d1c0 Unloading class 0x0000000801614800 'java/lang/invoke/LambdaForm$DMH+0x0000000801614800'
Event: 10.572 Thread 0x0000021ed6b2d1c0 Unloading class 0x0000000801614000 'java/lang/invoke/LambdaForm$DMH+0x0000000801614000'

Classes redefined (0 events):
No events

Internal exceptions (20 events):
Event: 11.495 Thread 0x0000021ee2cfe4b0 Exception <a 'java/lang/NoSuchMethodError'{0x000000008cc6a1e8}: static Lcom/android/ide/common/resources/CompileResourceRequest;.<clinit>()V> (0x000000008cc6a1e8) 
thrown [t:\workspace\open\src\hotspot\share\prims\jni.cpp, line 1210]
Event: 11.496 Thread 0x0000021ee2cfe4b0 Exception <a 'java/lang/NoSuchMethodError'{0x000000008cc80e08}: static Ljava/lang/Object;.<clinit>()V> (0x000000008cc80e08) 
thrown [t:\workspace\open\src\hotspot\share\prims\jni.cpp, line 1210]
Event: 11.497 Thread 0x0000021ee2cfe4b0 Exception <a 'java/lang/NoSuchMethodError'{0x000000008cc929b8}: static Ljava/lang/Object;.<clinit>()V> (0x000000008cc929b8) 
thrown [t:\workspace\open\src\hotspot\share\prims\jni.cpp, line 1210]
Event: 11.498 Thread 0x0000021ee2cfe4b0 Exception <a 'java/lang/NoSuchMethodError'{0x000000008cca4000}: static Ljava/lang/Object;.<clinit>()V> (0x000000008cca4000) 
thrown [t:\workspace\open\src\hotspot\share\prims\jni.cpp, line 1210]
Event: 11.521 Thread 0x0000021ee2cfe4b0 Exception <a 'java/lang/NoSuchMethodError'{0x000000008cbe0c48}: static Lkotlin/InitializedLazyImpl;.<clinit>()V> (0x000000008cbe0c48) 
thrown [t:\workspace\open\src\hotspot\share\prims\jni.cpp, line 1210]
Event: 11.537 Thread 0x0000021ee2cfe4b0 Exception <a 'java/lang/NoSuchMethodError'{0x000000008c9a8470}: static [Ljava/lang/Object;.<clinit>()V> (0x000000008c9a8470) 
thrown [t:\workspace\open\src\hotspot\share\prims\jni.cpp, line 1210]
Event: 12.380 Thread 0x0000021edae75ff0 Exception <a 'sun/nio/fs/WindowsException'{0x000000008dabafd8}> (0x000000008dabafd8) 
thrown [t:\workspace\open\src\hotspot\share\prims\jni.cpp, line 579]
Event: 12.385 Thread 0x0000021edae75ff0 Exception <a 'sun/nio/fs/WindowsException'{0x000000008dabc318}> (0x000000008dabc318) 
thrown [t:\workspace\open\src\hotspot\share\prims\jni.cpp, line 579]
Event: 12.820 Thread 0x0000021edae75aa0 Implicit null exception at 0x0000021ec7ba78da to 0x0000021ec7ba7a5c
Event: 12.983 Thread 0x0000021edae75aa0 Implicit null exception at 0x0000021ec7717df2 to 0x0000021ec7718540
Event: 13.837 Thread 0x0000021ee2cfe4b0 Exception <a 'java/lang/NoSuchMethodError'{0x000000008c9ad8e0}: 'int java.lang.invoke.DirectMethodHandle$Holder.invokeSpecial(java.lang.Object, java.lang.Object, java.lang.Object, java.lang.Object, java.lang.Object)'> (0x000000008c9ad8e0) 
thrown [t:\workspace\open\src\hotspot\share\interpreter\linkResolver.cpp, line 790]
Event: 13.851 Thread 0x0000021edad9edf0 Implicit null exception at 0x0000021ec7c4cd84 to 0x0000021ec7c4cf10
Event: 13.851 Thread 0x0000021edd18ccb0 Implicit null exception at 0x0000021ec7c4cd84 to 0x0000021ec7c4cf10
Event: 13.851 Thread 0x0000021eddfaa060 Implicit null exception at 0x0000021ec7c4cd84 to 0x0000021ec7c4cf10
Event: 14.220 Thread 0x0000021edae75aa0 Exception <a 'java/lang/NoSuchMethodError'{0x0000000089fac168}: static Lcom/android/build/gradle/internal/scope/InternalArtifactType;.<clinit>()V> (0x0000000089fac168) 
thrown [t:\workspace\open\src\hotspot\share\prims\jni.cpp, line 1210]
Event: 14.221 Thread 0x0000021edae75aa0 Exception <a 'java/lang/NoSuchMethodError'{0x0000000089fad7b0}: static Lcom/android/build/gradle/internal/scope/InternalArtifactType;.<clinit>()V> (0x0000000089fad7b0) 
thrown [t:\workspace\open\src\hotspot\share\prims\jni.cpp, line 1210]
Event: 14.221 Thread 0x0000021edae75aa0 Exception <a 'java/lang/NoSuchMethodError'{0x0000000089fb03f0}: static Lcom/android/build/api/artifact/Artifact$Single;.<clinit>()V> (0x0000000089fb03f0) 
thrown [t:\workspace\open\src\hotspot\share\prims\jni.cpp, line 1210]
Event: 14.221 Thread 0x0000021edae75aa0 Exception <a 'java/lang/NoSuchMethodError'{0x0000000089fb2a18}: static Ljava/lang/Object;.<clinit>()V> (0x0000000089fb2a18) 
thrown [t:\workspace\open\src\hotspot\share\prims\jni.cpp, line 1210]
Event: 14.222 Thread 0x0000021edae75aa0 Exception <a 'java/lang/NoSuchMethodError'{0x0000000089fc6f98}: static Lcom/android/build/api/artifact/ArtifactKind;.<clinit>()V> (0x0000000089fc6f98) 
thrown [t:\workspace\open\src\hotspot\share\prims\jni.cpp, line 1210]
Event: 14.222 Thread 0x0000021edae75aa0 Exception <a 'java/lang/NoSuchMethodError'{0x0000000089fc8210}: static Lcom/android/build/api/artifact/ArtifactKind;.<clinit>()V> (0x0000000089fc8210) 
thrown [t:\workspace\open\src\hotspot\share\prims\jni.cpp, line 1210]

Events (20 events):
Event: 14.363 Thread 0x0000021ed6b58ab0 flushing nmethod 0x0000021ec11ca410
Event: 14.363 Thread 0x0000021ed6b58ab0 flushing nmethod 0x0000021ec11ccf10
Event: 14.363 Thread 0x0000021ed6b58ab0 flushing nmethod 0x0000021ec11d4e90
Event: 14.363 Thread 0x0000021ed6b58ab0 flushing nmethod 0x0000021ec11d6d10
Event: 14.363 Thread 0x0000021ed6b58ab0 flushing nmethod 0x0000021ec11d8a10
Event: 14.363 Thread 0x0000021ed6b58ab0 flushing nmethod 0x0000021ec11e7510
Event: 14.363 Thread 0x0000021ed6b58ab0 flushing nmethod 0x0000021ec11e8010
Event: 14.363 Thread 0x0000021ed6b58ab0 flushing nmethod 0x0000021ec11f0310
Event: 14.363 Thread 0x0000021ed6b58ab0 flushing nmethod 0x0000021ec11f3a10
Event: 14.363 Thread 0x0000021ed6b58ab0 flushing nmethod 0x0000021ec120cf90
Event: 14.363 Thread 0x0000021ed6b58ab0 flushing nmethod 0x0000021ec120e510
Event: 14.363 Thread 0x0000021ed6b58ab0 flushing nmethod 0x0000021ec1228210
Event: 14.363 Thread 0x0000021ed6b58ab0 flushing nmethod 0x0000021ec1229f90
Event: 14.363 Thread 0x0000021ed6b58ab0 flushing nmethod 0x0000021ec1252210
Event: 14.363 Thread 0x0000021ed6b58ab0 flushing nmethod 0x0000021ec1255f10
Event: 14.363 Thread 0x0000021ed6b58ab0 flushing nmethod 0x0000021ec127a790
Event: 14.363 Thread 0x0000021ed6b58ab0 flushing nmethod 0x0000021ec1282890
Event: 14.439 Executing  VM operation: ICBufferFull
Event: 14.439 Executing  VM operation: ICBufferFull done
Event: 14.447 Executing  VM operation: G1CollectForAllocation


Dynamic libraries:
0x00007ff6660f0000 - 0x00007ff666100000 	C:\Program Files\Java\jdk-16.0.2\bin\java.exe
0x00007ffef1ab0000 - 0x00007ffef1ca8000 	C:\WINDOWS\SYSTEM32\ntdll.dll
0x00007ffef0990000 - 0x00007ffef0a4d000 	C:\WINDOWS\System32\KERNEL32.DLL
0x00007ffeef410000 - 0x00007ffeef6de000 	C:\WINDOWS\System32\KERNELBASE.dll
0x00007ffeef9c0000 - 0x00007ffeefac0000 	C:\WINDOWS\System32\ucrtbase.dll
0x00007ffed54d0000 - 0x00007ffed54e9000 	C:\Program Files\Java\jdk-16.0.2\bin\VCRUNTIME140.dll
0x00007ffed7cf0000 - 0x00007ffed7d08000 	C:\Program Files\Java\jdk-16.0.2\bin\jli.dll
0x00007ffef0630000 - 0x00007ffef06de000 	C:\WINDOWS\System32\ADVAPI32.dll
0x00007ffef08f0000 - 0x00007ffef098e000 	C:\WINDOWS\System32\msvcrt.dll
0x00007ffef0c00000 - 0x00007ffef0c9c000 	C:\WINDOWS\System32\sechost.dll
0x00007ffef0ca0000 - 0x00007ffef0dc5000 	C:\WINDOWS\System32\RPCRT4.dll
0x00007ffef0dd0000 - 0x00007ffef0f70000 	C:\WINDOWS\System32\USER32.dll
0x00007ffeef280000 - 0x00007ffeef2a2000 	C:\WINDOWS\System32\win32u.dll
0x00007ffed7360000 - 0x00007ffed75fa000 	C:\WINDOWS\WinSxS\amd64_microsoft.windows.common-controls_6595b64144ccf1df_6.0.19041.1110_none_60b5254171f9507e\COMCTL32.dll
0x00007ffef13b0000 - 0x00007ffef13da000 	C:\WINDOWS\System32\GDI32.dll
0x00007ffeef770000 - 0x00007ffeef87b000 	C:\WINDOWS\System32\gdi32full.dll
0x00007ffeef8b0000 - 0x00007ffeef94d000 	C:\WINDOWS\System32\msvcp_win.dll
0x00007ffee8d00000 - 0x00007ffee8d0a000 	C:\WINDOWS\SYSTEM32\VERSION.dll
0x00007ffeefb10000 - 0x00007ffeefb40000 	C:\WINDOWS\System32\IMM32.DLL
0x00007ffeea720000 - 0x00007ffeea72c000 	C:\Program Files\Java\jdk-16.0.2\bin\vcruntime140_1.dll
0x00007ffecf690000 - 0x00007ffecf721000 	C:\Program Files\Java\jdk-16.0.2\bin\msvcp140.dll
0x00007ffe842e0000 - 0x00007ffe84e8b000 	C:\Program Files\Java\jdk-16.0.2\bin\server\jvm.dll
0x00007ffef08e0000 - 0x00007ffef08e8000 	C:\WINDOWS\System32\PSAPI.DLL
0x00007ffeed050000 - 0x00007ffeed077000 	C:\WINDOWS\SYSTEM32\WINMM.dll
0x00007ffeec360000 - 0x00007ffeec369000 	C:\WINDOWS\SYSTEM32\WSOCK32.dll
0x00007ffef1330000 - 0x00007ffef139b000 	C:\WINDOWS\System32\WS2_32.dll
0x00007ffeeda90000 - 0x00007ffeedaa2000 	C:\WINDOWS\SYSTEM32\kernel.appcore.dll
0x00007ffee8660000 - 0x00007ffee866a000 	C:\Program Files\Java\jdk-16.0.2\bin\jimage.dll
0x00007ffeece60000 - 0x00007ffeed044000 	C:\WINDOWS\SYSTEM32\DBGHELP.DLL
0x00007ffeece30000 - 0x00007ffeece5c000 	C:\WINDOWS\SYSTEM32\dbgcore.DLL
0x00007ffeef6e0000 - 0x00007ffeef762000 	C:\WINDOWS\System32\bcryptPrimitives.dll
0x00007ffed4d00000 - 0x00007ffed4d25000 	C:\Program Files\Java\jdk-16.0.2\bin\java.dll
0x00007ffeefee0000 - 0x00007ffef0624000 	C:\WINDOWS\System32\SHELL32.dll
0x00007ffeed2b0000 - 0x00007ffeeda44000 	C:\WINDOWS\SYSTEM32\windows.storage.dll
0x00007ffef0f70000 - 0x00007ffef12c4000 	C:\WINDOWS\System32\combase.dll
0x00007ffeeec30000 - 0x00007ffeeec60000 	C:\WINDOWS\SYSTEM32\Wldp.dll
0x00007ffef07d0000 - 0x00007ffef087d000 	C:\WINDOWS\System32\SHCORE.dll
0x00007ffef06e0000 - 0x00007ffef0735000 	C:\WINDOWS\System32\shlwapi.dll
0x00007ffeef110000 - 0x00007ffeef12f000 	C:\WINDOWS\SYSTEM32\profapi.dll
0x00007ffed4650000 - 0x00007ffed4669000 	C:\Program Files\Java\jdk-16.0.2\bin\net.dll
0x00007ffeda9b0000 - 0x00007ffedaaba000 	C:\WINDOWS\SYSTEM32\WINHTTP.dll
0x00007ffeee990000 - 0x00007ffeee9fa000 	C:\WINDOWS\system32\mswsock.dll
0x00007ffed4630000 - 0x00007ffed4643000 	C:\Program Files\Java\jdk-16.0.2\bin\nio.dll
0x00007ffed4610000 - 0x00007ffed4628000 	C:\Program Files\Java\jdk-16.0.2\bin\zip.dll
0x00007ffee6bc0000 - 0x00007ffee6bd0000 	C:\Program Files\Java\jdk-16.0.2\bin\verify.dll
0x00007ffee8d50000 - 0x00007ffee8d77000 	C:\Users\ITECH\.gradle\native\e1d6ef7f7dcc3fd88c89a11ec53ec762bb8ba0a96d01ffa2cd45eb1d1d8dd5c5\windows-amd64\native-platform.dll
0x00007ffec50a0000 - 0x00007ffec51e4000 	C:\Users\ITECH\.gradle\native\5664cfc778a61ccfe75a443a1ab52a65af34e5dc3c78e0209fed803814484fcb\windows-amd64\native-platform-file-events.dll
0x00007ffed4600000 - 0x00007ffed4609000 	C:\Program Files\Java\jdk-16.0.2\bin\management.dll
0x00007ffed45f0000 - 0x00007ffed45fb000 	C:\Program Files\Java\jdk-16.0.2\bin\management_ext.dll
0x00007ffeeeb80000 - 0x00007ffeeeb98000 	C:\WINDOWS\SYSTEM32\CRYPTSP.dll
0x00007ffeee2a0000 - 0x00007ffeee2d4000 	C:\WINDOWS\system32\rsaenh.dll
0x00007ffeef880000 - 0x00007ffeef8a7000 	C:\WINDOWS\System32\bcrypt.dll
0x00007ffeef0d0000 - 0x00007ffeef0fe000 	C:\WINDOWS\SYSTEM32\USERENV.dll
0x00007ffeeeba0000 - 0x00007ffeeebac000 	C:\WINDOWS\SYSTEM32\CRYPTBASE.dll
0x00007ffeee630000 - 0x00007ffeee66b000 	C:\WINDOWS\SYSTEM32\IPHLPAPI.DLL
0x00007ffef13a0000 - 0x00007ffef13a8000 	C:\WINDOWS\System32\NSI.dll
0x00007ffee34c0000 - 0x00007ffee34d7000 	C:\WINDOWS\SYSTEM32\dhcpcsvc6.DLL
0x00007ffee37f0000 - 0x00007ffee380d000 	C:\WINDOWS\SYSTEM32\dhcpcsvc.DLL
0x00007ffeee680000 - 0x00007ffeee74a000 	C:\WINDOWS\SYSTEM32\DNSAPI.dll
0x00007ffed45e0000 - 0x00007ffed45ee000 	C:\Program Files\Java\jdk-16.0.2\bin\sunmscapi.dll
0x00007ffeef2b0000 - 0x00007ffeef406000 	C:\WINDOWS\System32\CRYPT32.dll
0x00007ffeeeca0000 - 0x00007ffeeecc7000 	C:\WINDOWS\SYSTEM32\ncrypt.dll
0x00007ffeeec60000 - 0x00007ffeeec9b000 	C:\WINDOWS\SYSTEM32\NTASN1.dll
0x00007ffea0400000 - 0x00007ffea0407000 	C:\WINDOWS\system32\wshunix.dll
0x00007ffec46d0000 - 0x00007ffec4850000 	C:\Program Files\Java\jdk-16.0.2\bin\awt.dll
0x00007ffeefbc0000 - 0x00007ffeefc8d000 	C:\WINDOWS\System32\OLEAUT32.dll
0x00007ffeec3e0000 - 0x00007ffeec470000 	C:\WINDOWS\SYSTEM32\apphelp.dll
0x00007ffeec8a0000 - 0x00007ffeec8cf000 	C:\WINDOWS\system32\DWMAPI.DLL
0x00007ffeec5c0000 - 0x00007ffeec65e000 	C:\WINDOWS\system32\uxtheme.dll
0x00007ffeeded0000 - 0x00007ffeedf03000 	C:\WINDOWS\SYSTEM32\ntmarta.dll

dbghelp: loaded successfully - version: 4.0.5 - missing functions: none
symbol engine: initialized successfully - sym options: 0x614 - pdb path: .;C:\Program Files\Java\jdk-16.0.2\bin;C:\WINDOWS\SYSTEM32;C:\WINDOWS\WinSxS\amd64_microsoft.windows.common-controls_6595b64144ccf1df_6.0.19041.1110_none_60b5254171f9507e;C:\Program Files\Java\jdk-16.0.2\bin\server;C:\Users\ITECH\.gradle\native\e1d6ef7f7dcc3fd88c89a11ec53ec762bb8ba0a96d01ffa2cd45eb1d1d8dd5c5\windows-amd64;C:\Users\ITECH\.gradle\native\5664cfc778a61ccfe75a443a1ab52a65af34e5dc3c78e0209fed803814484fcb\windows-amd64

VM Arguments:
jvm_args: --add-opens=java.base/java.util=ALL-UNNAMED --add-opens=java.base/java.lang=ALL-UNNAMED --add-opens=java.base/java.lang.invoke=ALL-UNNAMED --add-opens=java.base/java.util=ALL-UNNAMED --add-opens=java.prefs/java.util.prefs=ALL-UNNAMED --add-opens=java.prefs/java.util.prefs=ALL-UNNAMED --add-opens=java.base/java.nio.charset=ALL-UNNAMED --add-opens=java.base/java.net=ALL-UNNAMED --add-opens=java.base/java.util.concurrent.atomic=ALL-UNNAMED -Xmx2048m -Dfile.encoding=UTF-8 -Duser.country=US -Duser.language=en -Duser.variant 
java_command: org.gradle.launcher.daemon.bootstrap.GradleDaemon 7.3.3
java_class_path (initial): C:\Users\ITECH\.gradle\wrapper\dists\gradle-7.3.3-bin\6a41zxkdtcxs8rphpq6y0069z\gradle-7.3.3\lib\gradle-launcher-7.3.3.jar
Launcher Type: SUN_STANDARD

[Global flags]
     intx CICompilerCount                          = 4                                         {product} {ergonomic}
     uint ConcGCThreads                            = 2                                         {product} {ergonomic}
     uint G1ConcRefinementThreads                  = 8                                         {product} {ergonomic}
   size_t G1HeapRegionSize                         = 1048576                                   {product} {ergonomic}
    uintx GCDrainStackTargetSize                   = 64                                        {product} {ergonomic}
   size_t InitialHeapSize                          = 132120576                                 {product} {ergonomic}
   size_t MarkStackSize                            = 4194304                                   {product} {ergonomic}
   size_t MaxHeapSize                              = 2147483648                                {product} {command line}
   size_t MaxNewSize                               = 1287651328                                {product} {ergonomic}
   size_t MinHeapDeltaBytes                        = 1048576                                   {product} {ergonomic}
   size_t MinHeapSize                              = 8388608                                   {product} {ergonomic}
    uintx NonNMethodCodeHeapSize                   = 5839372                                {pd product} {ergonomic}
    uintx NonProfiledCodeHeapSize                  = 122909434                              {pd product} {ergonomic}
    uintx ProfiledCodeHeapSize                     = 122909434                              {pd product} {ergonomic}
    uintx ReservedCodeCacheSize                    = 251658240                              {pd product} {ergonomic}
     bool SegmentedCodeCache                       = true                                      {product} {ergonomic}
   size_t SoftMaxHeapSize                          = 2147483648                             {manageable} {ergonomic}
     bool UseCompressedClassPointers               = true                           {product lp64_product} {ergonomic}
     bool UseCompressedOops                        = true                           {product lp64_product} {ergonomic}
     bool UseG1GC                                  = true                                      {product} {ergonomic}
     bool UseLargePagesIndividualAllocation        = false                                  {pd product} {ergonomic}

Logging:
Log output configuration:
 #0: stdout all=warning uptime,level,tags
 #1: stderr all=off uptime,level,tags

Environment Variables:
JAVA_HOME=C:\Program Files\Java\jdk-16.0.2
PATH=C:\Program Files\Python37\Scripts\;C:\Program Files\Python37\;C:\ProgramData\Oracle\Java\javapath;C:\app\ITECH\product\11.2.0\dbhome_1\bin;C:\Program Files\Common Files\Oracle\Java\javapath;C:\Program Files (x86)\Common Files\Oracle\Java\javapath;C:\WINDOWS\system32;C:\WINDOWS;C:\WINDOWS\System32\Wbem;C:\WINDOWS\System32\WindowsPowerShell\v1.0\;C:\WINDOWS\System32\OpenSSH\;C:\Program Files\Microsoft SQL Server\130\Tools\Binn\;C:\Program Files\Microsoft SQL Server\Client SDK\ODBC\170\Tools\Binn\;C:\Program Files\dotnet\;C:\Program Files\nodejs\;C:\Program Files\Java\jdk-16.0.2\bin;C:\Program Files\Git\cmd;C:\Program Files\Java\jdk-16.0.2\bin;
USERNAME=ITECH
OS=Windows_NT
PROCESSOR_IDENTIFIER=Intel64 Family 6 Model 126 Stepping 5, GenuineIntel



---------------  S Y S T E M  ---------------

OS:
 Windows 10 , 64 bit Build 19041 (10.0.19041.1889)
OS uptime: 0 days 0:58 hours

CPU: total 8 (initial active 8) (4 cores per cpu, 2 threads per core) family 6 model 126 stepping 5 microcode 0xb0, cx8, cmov, fxsr, ht, mmx, 3dnowpref, sse, sse2, sse3, ssse3, sse4.1, sse4.2, popcnt, lzcnt, tsc, tscinvbit, avx, avx2, aes, erms, clmul, bmi1, bmi2, adx, avx512f, avx512dq, avx512cd, avx512bw, avx512vl, sha, fma, vzeroupper, avx512_vpopcntdq, avx512_vpclmulqdq, avx512_vaes, avx512_vnni, clflush, clflushopt, avx512_vmbi2, avx512_vmbi

Memory: 4k page, system-wide physical 7959M (1723M free)
TotalPageFile size 7959M (AvailPageFile size 17M)
current process WorkingSet (physical memory assigned to process): 517M, peak: 518M
current process commit charge ("private bytes"): 558M, peak: 714M

vm_info: Java HotSpot(TM) 64-Bit Server VM (16.0.2+7-67) for windows-amd64 JRE (16.0.2+7-67), built on Jun  8 2021 23:24:19 by "mach5one" with MS VC++ 16.7 (VS2019)

END.
