#
# There is insufficient memory for the Java Runtime Environment to continue.
# Native memory allocation (malloc) failed to allocate 32744 bytes for ChunkPool::allocate
# Possible reasons:
#   The system is out of physical RAM or swap space
#   The process is running with CompressedOops enabled, and the Java Heap may be blocking the growth of the native heap
# Possible solutions:
#   Reduce memory load on the system
#   Increase physical memory or swap space
#   Check if swap backing store is full
#   Decrease Java heap size (-Xmx/-Xms)
#   Decrease number of Java threads
#   Decrease Java thread stack sizes (-Xss)
#   Set larger code cache with -XX:ReservedCodeCacheSize=
#   JVM is running with Unscaled Compressed Oops mode in which the Java heap is
#     placed in the first 4GB address space. The Java Heap base address is the
#     maximum limit for the native heap growth. Please use -XX:HeapBaseMinAddress
#     to set the Java Heap base and to place the Java Heap above 4GB virtual address.
# This output file may be truncated or incomplete.
#
#  Out of Memory Error (arena.cpp:79), pid=1740, tid=12552
#
# JRE version: Java(TM) SE Runtime Environment (16.0.2+7) (build 16.0.2+7-67)
# Java VM: Java HotSpot(TM) 64-Bit Server VM (16.0.2+7-67, mixed mode, sharing, tiered, compressed oops, compressed class ptrs, g1 gc, windows-amd64)
# No core dump will be written. Minidumps are not enabled by default on client versions of Windows
#

---------------  S U M M A R Y ------------

Command Line: --add-opens=java.base/java.util=ALL-UNNAMED --add-opens=java.base/java.lang=ALL-UNNAMED --add-opens=java.base/java.lang.invoke=ALL-UNNAMED --add-opens=java.base/java.util=ALL-UNNAMED --add-opens=java.prefs/java.util.prefs=ALL-UNNAMED --add-opens=java.prefs/java.util.prefs=ALL-UNNAMED --add-opens=java.base/java.nio.charset=ALL-UNNAMED --add-opens=java.base/java.net=ALL-UNNAMED --add-opens=java.base/java.util.concurrent.atomic=ALL-UNNAMED -Xmx2048m -Dfile.encoding=UTF-8 -Duser.country=US -Duser.language=en -Duser.variant org.gradle.launcher.daemon.bootstrap.GradleDaemon 7.3.3

Host: Intel(R) Core(TM) i7-1065G7 CPU @ 1.30GHz, 8 cores, 7G,  Windows 10 , 64 bit Build 19041 (10.0.19041.1889)
Time: Sun Aug 21 23:09:21 2022 Egypt Standard Time elapsed time: 73.402884 seconds (0d 0h 1m 13s)

---------------  T H R E A D  ---------------

Current thread (0x000002c18df57150):  JavaThread "C2 CompilerThread1" daemon [_thread_in_native, id=12552, stack(0x000000c667700000,0x000000c667800000)]


Current CompileTask:
C2:  73402 14741       4       org.gradle.internal.service.DefaultServiceRegistry$SingletonService::get (5 bytes)

Stack: [0x000000c667700000,0x000000c667800000]
Native frames: (J=compiled Java code, j=interpreted, Vv=VM code, C=native code)
V  [jvm.dll+0x6681ca]
V  [jvm.dll+0x7c9e69]
V  [jvm.dll+0x7cb61e]
V  [jvm.dll+0x7cbc73]
V  [jvm.dll+0x242c55]
V  [jvm.dll+0xae10f]
V  [jvm.dll+0xae45c]
V  [jvm.dll+0x35fbc2]
V  [jvm.dll+0x557506]
V  [jvm.dll+0x324e10]
V  [jvm.dll+0x32428a]
V  [jvm.dll+0x215cec]
V  [jvm.dll+0x215100]
V  [jvm.dll+0x1a1beb]
V  [jvm.dll+0x225158]
V  [jvm.dll+0x22319c]
V  [jvm.dll+0x77fa62]
V  [jvm.dll+0x7795aa]
V  [jvm.dll+0x667066]
C  [ucrtbase.dll+0x21bb2]
C  [KERNEL32.DLL+0x17034]
C  [ntdll.dll+0x52651]


---------------  P R O C E S S  ---------------

Threads class SMR info:
_java_thread_list=0x000002c189212ae0, length=136, elements={
0x000002c1e844d930, 0x000002c18659fb30, 0x000002c1865a0640, 0x000002c1865ab2a0,
0x000002c1865adbc0, 0x000002c1865ae4d0, 0x000002c1865afdf0, 0x000002c1865b56a0,
0x000002c1865bb510, 0x000002c1865bfe80, 0x000002c1870aad90, 0x000002c1870b32d0,
0x000002c189515850, 0x000002c188751760, 0x000002c187e3f200, 0x000002c18845aba0,
0x000002c18857f010, 0x000002c1893fd5b0, 0x000002c189400580, 0x000002c1893ff590,
0x000002c1893fdb00, 0x000002c1893ffae0, 0x000002c18cdedbe0, 0x000002c18cdef120,
0x000002c18cdee130, 0x000002c18cdf1100, 0x000002c18cdf0660, 0x000002c18abb80d0,
0x000002c18abb8620, 0x000002c18abb60f0, 0x000002c18abb6640, 0x000002c18abb90c0,
0x000002c18abb2680, 0x000002c189a005e0, 0x000002c189a05040, 0x000002c189a07ac0,
0x000002c189a01080, 0x000002c189a02070, 0x000002c189a025c0, 0x000002c18abb9610,
0x000002c18d09a490, 0x000002c18d4d5fd0, 0x000002c1893fe050, 0x000002c1883ba1a0,
0x000002c1883b8c60, 0x000002c1883b61e0, 0x000002c1883b6c80, 0x000002c1883b6730,
0x000002c1883b91b0, 0x000002c1883b71d0, 0x000002c1883b81c0, 0x000002c1883b9c50,
0x000002c1883bc180, 0x000002c18df57150, 0x000002c18df5bf30, 0x000002c1883bac40,
0x000002c1883bb6e0, 0x000002c1883bd6c0, 0x000002c1883bbc30, 0x000002c1883ba6f0,
0x000002c1883bc6d0, 0x000002c1883bcc20, 0x000002c1883b5c90, 0x000002c1883b7720,
0x000002c1883b7c70, 0x000002c18d4d94f0, 0x000002c18d4d2ab0, 0x000002c18d4d9a40,
0x000002c18d4d6fc0, 0x000002c18d4d3550, 0x000002c18d4d3aa0, 0x000002c18d4d5530,
0x000002c18d4d7fb0, 0x000002c18d4d5a80, 0x000002c18d4d6520, 0x000002c18d4d4a90,
0x000002c18d4d8a50, 0x000002c18d4d6a70, 0x000002c18d4d4540, 0x000002c18d4d9f90,
0x000002c18d4d8fa0, 0x000002c18d4d3ff0, 0x000002c18d4da4e0, 0x000002c18d4d7510,
0x000002c18d4d7a60, 0x000002c18d4d4fe0, 0x000002c18d4d8500, 0x000002c18d4d3000,
0x000002c18cd3f6a0, 0x000002c18cd3d6c0, 0x000002c18cd41bd0, 0x000002c18cd40690,
0x000002c18cd3bc30, 0x000002c18cd42120, 0x000002c18cd3fbf0, 0x000002c18cd3ac40,
0x000002c18cd3b190, 0x000002c18cd3c180, 0x000002c18cd3dc10, 0x000002c18cd3cc20,
0x000002c18cd3e160, 0x000002c18cd3b6e0, 0x000002c18cd3c6d0, 0x000002c18cd3ec00,
0x000002c18cd3f150, 0x000002c18cd40140, 0x000002c18cd40be0, 0x000002c18cd41130,
0x000002c18cd41680, 0x000002c18cd42670, 0x000002c18abb5650, 0x000002c18abb2bd0,
0x000002c18abb70e0, 0x000002c18abb5ba0, 0x000002c18abb6b90, 0x000002c18abb3120,
0x000002c18abb7630, 0x000002c18abb1be0, 0x000002c18abb3670, 0x000002c18abb7b80,
0x000002c18abb8b70, 0x000002c18abb3bc0, 0x000002c18abb4110, 0x000002c18abb4660,
0x000002c18abb4bb0, 0x000002c189a02b10, 0x000002c189a06030, 0x000002c189a04af0,
0x000002c189a035b0, 0x000002c189a03060, 0x000002c189a00090, 0x000002c189a04050,
0x000002c189a05ae0, 0x000002c189a07020, 0x000002c189a07570, 0x000002c189a03b00
}

Java Threads: ( => current thread )
  0x000002c1e844d930 JavaThread "main" [_thread_blocked, id=1152, stack(0x000000c664900000,0x000000c664a00000)]
  0x000002c18659fb30 JavaThread "Reference Handler" daemon [_thread_blocked, id=8416, stack(0x000000c665000000,0x000000c665100000)]
  0x000002c1865a0640 JavaThread "Finalizer" daemon [_thread_blocked, id=7216, stack(0x000000c665100000,0x000000c665200000)]
  0x000002c1865ab2a0 JavaThread "Signal Dispatcher" daemon [_thread_blocked, id=11388, stack(0x000000c665200000,0x000000c665300000)]
  0x000002c1865adbc0 JavaThread "Attach Listener" daemon [_thread_blocked, id=10100, stack(0x000000c665300000,0x000000c665400000)]
  0x000002c1865ae4d0 JavaThread "Service Thread" daemon [_thread_blocked, id=736, stack(0x000000c665400000,0x000000c665500000)]
  0x000002c1865afdf0 JavaThread "Monitor Deflation Thread" daemon [_thread_blocked, id=8084, stack(0x000000c665500000,0x000000c665600000)]
  0x000002c1865b56a0 JavaThread "C2 CompilerThread0" daemon [_thread_in_native, id=3592, stack(0x000000c665600000,0x000000c665700000)]
  0x000002c1865bb510 JavaThread "C1 CompilerThread0" daemon [_thread_blocked, id=7968, stack(0x000000c665700000,0x000000c665800000)]
  0x000002c1865bfe80 JavaThread "Sweeper thread" daemon [_thread_blocked, id=12488, stack(0x000000c665800000,0x000000c665900000)]
  0x000002c1870aad90 JavaThread "Common-Cleaner" daemon [_thread_blocked, id=13024, stack(0x000000c665900000,0x000000c665a00000)]
  0x000002c1870b32d0 JavaThread "Notification Thread" daemon [_thread_blocked, id=3952, stack(0x000000c665a00000,0x000000c665b00000)]
  0x000002c189515850 JavaThread "Daemon health stats" [_thread_blocked, id=13040, stack(0x000000c666200000,0x000000c666300000)]
  0x000002c188751760 JavaThread "Incoming local TCP Connector on port 61787" [_thread_in_native, id=3224, stack(0x000000c666300000,0x000000c666400000)]
  0x000002c187e3f200 JavaThread "Daemon periodic checks" [_thread_blocked, id=2764, stack(0x000000c666400000,0x000000c666500000)]
  0x000002c18845aba0 JavaThread "Daemon" [_thread_blocked, id=2876, stack(0x000000c666500000,0x000000c666600000)]
  0x000002c18857f010 JavaThread "Daemon worker" [_thread_in_Java, id=9292, stack(0x000000c666800000,0x000000c666900000)]
  0x000002c1893fd5b0 JavaThread "Cache worker for journal cache (C:\Users\ITECH\.gradle\caches\journal-1)" [_thread_blocked, id=11232, stack(0x000000c666c00000,0x000000c666d00000)]
  0x000002c189400580 JavaThread "File lock request listener" [_thread_in_native, id=7736, stack(0x000000c666d00000,0x000000c666e00000)]
  0x000002c1893ff590 JavaThread "Cache worker for file hash cache (C:\Users\ITECH\.gradle\caches\7.3.3\fileHashes)" [_thread_blocked, id=5264, stack(0x000000c666e00000,0x000000c666f00000)]
  0x000002c1893fdb00 JavaThread "File watcher server" daemon [_thread_in_native, id=2788, stack(0x000000c667300000,0x000000c667400000)]
  0x000002c1893ffae0 JavaThread "File watcher consumer" daemon [_thread_blocked, id=7340, stack(0x000000c667400000,0x000000c667500000)]
  0x000002c18cdedbe0 JavaThread "Cache worker for execution history cache (C:\Users\ITECH\.gradle\caches\7.3.3\executionHistory)" [_thread_blocked, id=752, stack(0x000000c667900000,0x000000c667a00000)]
  0x000002c18cdef120 JavaThread "jar transforms" [_thread_blocked, id=10308, stack(0x000000c667a00000,0x000000c667b00000)]
  0x000002c18cdee130 JavaThread "Cache worker for file content cache (C:\Users\ITECH\.gradle\caches\7.3.3\fileContent)" [_thread_blocked, id=3580, stack(0x000000c667b00000,0x000000c667c00000)]
  0x000002c18cdf1100 JavaThread "jar transforms Thread 2" [_thread_blocked, id=12988, stack(0x000000c667c00000,0x000000c667d00000)]
  0x000002c18cdf0660 JavaThread "jar transforms Thread 3" [_thread_blocked, id=12940, stack(0x000000c667e00000,0x000000c667f00000)]
  0x000002c18abb80d0 JavaThread "jar transforms Thread 4" [_thread_blocked, id=8664, stack(0x000000c66d000000,0x000000c66d100000)]
  0x000002c18abb8620 JavaThread "jar transforms Thread 5" [_thread_blocked, id=12196, stack(0x000000c66d100000,0x000000c66d200000)]
  0x000002c18abb60f0 JavaThread "jar transforms Thread 6" [_thread_blocked, id=772, stack(0x000000c66d200000,0x000000c66d300000)]
  0x000002c18abb6640 JavaThread "jar transforms Thread 7" [_thread_blocked, id=9088, stack(0x000000c66d300000,0x000000c66d400000)]
  0x000002c18abb90c0 JavaThread "jar transforms Thread 8" [_thread_blocked, id=3868, stack(0x000000c66d400000,0x000000c66d500000)]
  0x000002c18abb2680 JavaThread "Memory manager" [_thread_blocked, id=10664, stack(0x000000c66d500000,0x000000c66d600000)]
  0x000002c189a005e0 JavaThread "pool-3-thread-1" [_thread_blocked, id=10660, stack(0x000000c66d700000,0x000000c66d800000)]
  0x000002c189a05040 JavaThread "ForkJoinPool.commonPool-worker-3" daemon [_thread_blocked, id=6524, stack(0x000000c66e300000,0x000000c66e400000)]
  0x000002c189a07ac0 JavaThread "ForkJoinPool.commonPool-worker-5" daemon [_thread_blocked, id=10280, stack(0x000000c665d00000,0x000000c665e00000)]
  0x000002c189a01080 JavaThread "ForkJoinPool.commonPool-worker-7" daemon [_thread_blocked, id=3160, stack(0x000000c66e400000,0x000000c66e500000)]
  0x000002c189a02070 JavaThread "ForkJoinPool.commonPool-worker-9" daemon [_thread_blocked, id=144, stack(0x000000c66e500000,0x000000c66e600000)]
  0x000002c189a025c0 JavaThread "ForkJoinPool.commonPool-worker-11" daemon [_thread_blocked, id=5140, stack(0x000000c66e600000,0x000000c66e700000)]
  0x000002c18abb9610 JavaThread "ForkJoinPool.commonPool-worker-13" daemon [_thread_blocked, id=10192, stack(0x000000c66e700000,0x000000c66e800000)]
  0x000002c18d09a490 JavaThread "ForkJoinPool.commonPool-worker-15" daemon [_thread_blocked, id=9544, stack(0x000000c66e800000,0x000000c66e900000)]
  0x000002c18d4d5fd0 JavaThread "pool-7-thread-1" [_thread_blocked, id=3300, stack(0x000000c66d900000,0x000000c66da00000)]
  0x000002c1893fe050 JavaThread "pool-10-thread-1" [_thread_blocked, id=9260, stack(0x000000c66d800000,0x000000c66d900000)]
  0x000002c1883ba1a0 JavaThread "Handler for socket connection from /127.0.0.1:61787 to /127.0.0.1:61824" [_thread_in_native, id=7728, stack(0x000000c664600000,0x000000c664700000)]
  0x000002c1883b8c60 JavaThread "Cancel handler" [_thread_blocked, id=10484, stack(0x000000c664700000,0x000000c664800000)]
  0x000002c1883b61e0 JavaThread "Asynchronous log dispatcher for DefaultDaemonConnection: socket connection from /127.0.0.1:61787 to /127.0.0.1:61824" [_thread_blocked, id=11056, stack(0x000000c664800000,0x000000c664900000)]
  0x000002c1883b6c80 JavaThread "Stdin handler" [_thread_blocked, id=9268, stack(0x000000c666700000,0x000000c666800000)]
  0x000002c1883b6730 JavaThread "Daemon client event forwarder" [_thread_blocked, id=11780, stack(0x000000c666900000,0x000000c666a00000)]
  0x000002c1883b91b0 JavaThread "Cache worker for file hash cache (C:\Users\ITECH\AndroidStudioProjects\yummy\.gradle\7.3.3\fileHashes)" [_thread_blocked, id=2044, stack(0x000000c666a00000,0x000000c666b00000)]
  0x000002c1883b71d0 JavaThread "Cache worker for checksums cache (C:\Users\ITECH\AndroidStudioProjects\yummy\.gradle\7.3.3\checksums)" [_thread_blocked, id=10796, stack(0x000000c666b00000,0x000000c666c00000)]
  0x000002c1883b81c0 JavaThread "Cache worker for cache directory md-supplier (C:\Users\ITECH\.gradle\caches\7.3.3\md-supplier)" [_thread_blocked, id=12528, stack(0x000000c666f00000,0x000000c667000000)]
  0x000002c1883b9c50 JavaThread "Cache worker for cache directory md-rule (C:\Users\ITECH\.gradle\caches\7.3.3\md-rule)" [_thread_blocked, id=7732, stack(0x000000c667500000,0x000000c667600000)]
  0x000002c1883bc180 JavaThread "Cache worker for dependencies-accessors (C:\Users\ITECH\AndroidStudioProjects\yummy\.gradle\7.3.3\dependencies-accessors)" [_thread_blocked, id=13096, stack(0x000000c667600000,0x000000c667700000)]
=>0x000002c18df57150 JavaThread "C2 CompilerThread1" daemon [_thread_in_native, id=12552, stack(0x000000c667700000,0x000000c667800000)]
  0x000002c18df5bf30 JavaThread "C2 CompilerThread2" daemon [_thread_in_native, id=8968, stack(0x000000c667d00000,0x000000c667e00000)]
  0x000002c1883bac40 JavaThread "Cache worker for Build Output Cleanup Cache (C:\Users\ITECH\AndroidStudioProjects\yummy\.gradle\buildOutputCleanup)" [_thread_blocked, id=5468, stack(0x000000c667f00000,0x000000c668000000)]
  0x000002c1883bb6e0 JavaThread "Unconstrained build operations" [_thread_blocked, id=11500, stack(0x000000c668000000,0x000000c668100000)]
  0x000002c1883bd6c0 JavaThread "Unconstrained build operations Thread 2" [_thread_blocked, id=7052, stack(0x000000c668100000,0x000000c668200000)]
  0x000002c1883bbc30 JavaThread "Unconstrained build operations Thread 3" [_thread_blocked, id=10772, stack(0x000000c668200000,0x000000c668300000)]
  0x000002c1883ba6f0 JavaThread "Unconstrained build operations Thread 4" [_thread_blocked, id=10804, stack(0x000000c668300000,0x000000c668400000)]
  0x000002c1883bc6d0 JavaThread "Unconstrained build operations Thread 5" [_thread_blocked, id=13256, stack(0x000000c668400000,0x000000c668500000)]
  0x000002c1883bcc20 JavaThread "Unconstrained build operations Thread 6" [_thread_blocked, id=6328, stack(0x000000c668500000,0x000000c668600000)]
  0x000002c1883b5c90 JavaThread "Unconstrained build operations Thread 7" [_thread_blocked, id=12948, stack(0x000000c668600000,0x000000c668700000)]
  0x000002c1883b7720 JavaThread "Unconstrained build operations Thread 8" [_thread_blocked, id=8068, stack(0x000000c668700000,0x000000c668800000)]
  0x000002c1883b7c70 JavaThread "Unconstrained build operations Thread 9" [_thread_blocked, id=5956, stack(0x000000c668800000,0x000000c668900000)]
  0x000002c18d4d94f0 JavaThread "Unconstrained build operations Thread 10" [_thread_blocked, id=9044, stack(0x000000c668900000,0x000000c668a00000)]
  0x000002c18d4d2ab0 JavaThread "Unconstrained build operations Thread 11" [_thread_blocked, id=10888, stack(0x000000c668a00000,0x000000c668b00000)]
  0x000002c18d4d9a40 JavaThread "Unconstrained build operations Thread 12" [_thread_blocked, id=13232, stack(0x000000c668b00000,0x000000c668c00000)]
  0x000002c18d4d6fc0 JavaThread "Unconstrained build operations Thread 13" [_thread_blocked, id=6336, stack(0x000000c668c00000,0x000000c668d00000)]
  0x000002c18d4d3550 JavaThread "Unconstrained build operations Thread 14" [_thread_blocked, id=9760, stack(0x000000c668d00000,0x000000c668e00000)]
  0x000002c18d4d3aa0 JavaThread "Unconstrained build operations Thread 15" [_thread_blocked, id=10320, stack(0x000000c668e00000,0x000000c668f00000)]
  0x000002c18d4d5530 JavaThread "Unconstrained build operations Thread 16" [_thread_blocked, id=10076, stack(0x000000c668f00000,0x000000c669000000)]
  0x000002c18d4d7fb0 JavaThread "Unconstrained build operations Thread 17" [_thread_blocked, id=12932, stack(0x000000c669000000,0x000000c669100000)]
  0x000002c18d4d5a80 JavaThread "Unconstrained build operations Thread 18" [_thread_blocked, id=9524, stack(0x000000c669100000,0x000000c669200000)]
  0x000002c18d4d6520 JavaThread "Unconstrained build operations Thread 19" [_thread_blocked, id=10968, stack(0x000000c669200000,0x000000c669300000)]
  0x000002c18d4d4a90 JavaThread "Unconstrained build operations Thread 20" [_thread_blocked, id=4592, stack(0x000000c669300000,0x000000c669400000)]
  0x000002c18d4d8a50 JavaThread "Unconstrained build operations Thread 21" [_thread_blocked, id=11240, stack(0x000000c669400000,0x000000c669500000)]
  0x000002c18d4d6a70 JavaThread "Unconstrained build operations Thread 22" [_thread_blocked, id=4160, stack(0x000000c669500000,0x000000c669600000)]
  0x000002c18d4d4540 JavaThread "Unconstrained build operations Thread 23" [_thread_blocked, id=2160, stack(0x000000c669600000,0x000000c669700000)]
  0x000002c18d4d9f90 JavaThread "Unconstrained build operations Thread 24" [_thread_blocked, id=3164, stack(0x000000c669700000,0x000000c669800000)]
  0x000002c18d4d8fa0 JavaThread "Unconstrained build operations Thread 25" [_thread_blocked, id=7452, stack(0x000000c669800000,0x000000c669900000)]
  0x000002c18d4d3ff0 JavaThread "Unconstrained build operations Thread 26" [_thread_blocked, id=1752, stack(0x000000c669900000,0x000000c669a00000)]
  0x000002c18d4da4e0 JavaThread "Unconstrained build operations Thread 27" [_thread_blocked, id=11480, stack(0x000000c669a00000,0x000000c669b00000)]
  0x000002c18d4d7510 JavaThread "Unconstrained build operations Thread 28" [_thread_blocked, id=6080, stack(0x000000c669b00000,0x000000c669c00000)]
  0x000002c18d4d7a60 JavaThread "Unconstrained build operations Thread 29" [_thread_blocked, id=11660, stack(0x000000c669c00000,0x000000c669d00000)]
  0x000002c18d4d4fe0 JavaThread "Unconstrained build operations Thread 30" [_thread_blocked, id=3536, stack(0x000000c669d00000,0x000000c669e00000)]
  0x000002c18d4d8500 JavaThread "Unconstrained build operations Thread 31" [_thread_blocked, id=7392, stack(0x000000c669e00000,0x000000c669f00000)]
  0x000002c18d4d3000 JavaThread "Unconstrained build operations Thread 32" [_thread_blocked, id=1144, stack(0x000000c669f00000,0x000000c66a000000)]
  0x000002c18cd3f6a0 JavaThread "Unconstrained build operations Thread 33" [_thread_blocked, id=12844, stack(0x000000c66a000000,0x000000c66a100000)]
  0x000002c18cd3d6c0 JavaThread "Unconstrained build operations Thread 34" [_thread_blocked, id=1372, stack(0x000000c66a100000,0x000000c66a200000)]
  0x000002c18cd41bd0 JavaThread "Unconstrained build operations Thread 35" [_thread_blocked, id=8404, stack(0x000000c66a200000,0x000000c66a300000)]
  0x000002c18cd40690 JavaThread "Unconstrained build operations Thread 36" [_thread_blocked, id=3040, stack(0x000000c66a300000,0x000000c66a400000)]
  0x000002c18cd3bc30 JavaThread "Unconstrained build operations Thread 37" [_thread_blocked, id=10272, stack(0x000000c66a400000,0x000000c66a500000)]
  0x000002c18cd42120 JavaThread "Unconstrained build operations Thread 38" [_thread_blocked, id=12336, stack(0x000000c66a500000,0x000000c66a600000)]
  0x000002c18cd3fbf0 JavaThread "Unconstrained build operations Thread 39" [_thread_blocked, id=2684, stack(0x000000c66a600000,0x000000c66a700000)]
  0x000002c18cd3ac40 JavaThread "Unconstrained build operations Thread 40" [_thread_blocked, id=1204, stack(0x000000c66a700000,0x000000c66a800000)]
  0x000002c18cd3b190 JavaThread "Unconstrained build operations Thread 41" [_thread_blocked, id=9908, stack(0x000000c66a800000,0x000000c66a900000)]
  0x000002c18cd3c180 JavaThread "Unconstrained build operations Thread 42" [_thread_blocked, id=4616, stack(0x000000c66a900000,0x000000c66aa00000)]
  0x000002c18cd3dc10 JavaThread "Unconstrained build operations Thread 43" [_thread_blocked, id=8688, stack(0x000000c66aa00000,0x000000c66ab00000)]
  0x000002c18cd3cc20 JavaThread "Unconstrained build operations Thread 44" [_thread_blocked, id=11236, stack(0x000000c66ab00000,0x000000c66ac00000)]
  0x000002c18cd3e160 JavaThread "Unconstrained build operations Thread 45" [_thread_blocked, id=3256, stack(0x000000c66ac00000,0x000000c66ad00000)]
  0x000002c18cd3b6e0 JavaThread "Unconstrained build operations Thread 46" [_thread_blocked, id=10144, stack(0x000000c66ad00000,0x000000c66ae00000)]
  0x000002c18cd3c6d0 JavaThread "Unconstrained build operations Thread 47" [_thread_blocked, id=10404, stack(0x000000c66ae00000,0x000000c66af00000)]
  0x000002c18cd3ec00 JavaThread "Unconstrained build operations Thread 48" [_thread_blocked, id=3728, stack(0x000000c66af00000,0x000000c66b000000)]
  0x000002c18cd3f150 JavaThread "Unconstrained build operations Thread 49" [_thread_blocked, id=12364, stack(0x000000c66b000000,0x000000c66b100000)]
  0x000002c18cd40140 JavaThread "Unconstrained build operations Thread 50" [_thread_blocked, id=8676, stack(0x000000c66b100000,0x000000c66b200000)]
  0x000002c18cd40be0 JavaThread "Unconstrained build operations Thread 51" [_thread_blocked, id=6508, stack(0x000000c66b200000,0x000000c66b300000)]
  0x000002c18cd41130 JavaThread "Unconstrained build operations Thread 52" [_thread_blocked, id=4548, stack(0x000000c66b300000,0x000000c66b400000)]
  0x000002c18cd41680 JavaThread "Unconstrained build operations Thread 53" [_thread_blocked, id=6708, stack(0x000000c66b400000,0x000000c66b500000)]
  0x000002c18cd42670 JavaThread "Unconstrained build operations Thread 54" [_thread_blocked, id=8316, stack(0x000000c66b500000,0x000000c66b600000)]
  0x000002c18abb5650 JavaThread "Unconstrained build operations Thread 55" [_thread_blocked, id=5088, stack(0x000000c66b600000,0x000000c66b700000)]
  0x000002c18abb2bd0 JavaThread "Unconstrained build operations Thread 56" [_thread_blocked, id=968, stack(0x000000c66b700000,0x000000c66b800000)]
  0x000002c18abb70e0 JavaThread "Unconstrained build operations Thread 57" [_thread_blocked, id=8256, stack(0x000000c66b800000,0x000000c66b900000)]
  0x000002c18abb5ba0 JavaThread "Unconstrained build operations Thread 58" [_thread_blocked, id=8628, stack(0x000000c66b900000,0x000000c66ba00000)]
  0x000002c18abb6b90 JavaThread "Unconstrained build operations Thread 59" [_thread_blocked, id=240, stack(0x000000c66ba00000,0x000000c66bb00000)]
  0x000002c18abb3120 JavaThread "Unconstrained build operations Thread 60" [_thread_blocked, id=2756, stack(0x000000c66bb00000,0x000000c66bc00000)]
  0x000002c18abb7630 JavaThread "Unconstrained build operations Thread 61" [_thread_blocked, id=11288, stack(0x000000c66bc00000,0x000000c66bd00000)]
  0x000002c18abb1be0 JavaThread "Unconstrained build operations Thread 62" [_thread_blocked, id=12144, stack(0x000000c66bd00000,0x000000c66be00000)]
  0x000002c18abb3670 JavaThread "Unconstrained build operations Thread 63" [_thread_blocked, id=2356, stack(0x000000c66be00000,0x000000c66bf00000)]
  0x000002c18abb7b80 JavaThread "Unconstrained build operations Thread 64" [_thread_blocked, id=7560, stack(0x000000c66bf00000,0x000000c66c000000)]
  0x000002c18abb8b70 JavaThread "Unconstrained build operations Thread 65" [_thread_blocked, id=11536, stack(0x000000c66c000000,0x000000c66c100000)]
  0x000002c18abb3bc0 JavaThread "Unconstrained build operations Thread 66" [_thread_blocked, id=12712, stack(0x000000c66c100000,0x000000c66c200000)]
  0x000002c18abb4110 JavaThread "Unconstrained build operations Thread 67" [_thread_blocked, id=10700, stack(0x000000c66c200000,0x000000c66c300000)]
  0x000002c18abb4660 JavaThread "Unconstrained build operations Thread 68" [_thread_blocked, id=12980, stack(0x000000c66c300000,0x000000c66c400000)]
  0x000002c18abb4bb0 JavaThread "Unconstrained build operations Thread 69" [_thread_blocked, id=4776, stack(0x000000c66c400000,0x000000c66c500000)]
  0x000002c189a02b10 JavaThread "Unconstrained build operations Thread 70" [_thread_blocked, id=7840, stack(0x000000c66c500000,0x000000c66c600000)]
  0x000002c189a06030 JavaThread "Unconstrained build operations Thread 71" [_thread_blocked, id=9660, stack(0x000000c66c600000,0x000000c66c700000)]
  0x000002c189a04af0 JavaThread "Unconstrained build operations Thread 72" [_thread_blocked, id=9552, stack(0x000000c66c700000,0x000000c66c800000)]
  0x000002c189a035b0 JavaThread "Unconstrained build operations Thread 73" [_thread_blocked, id=3132, stack(0x000000c66c800000,0x000000c66c900000)]
  0x000002c189a03060 JavaThread "Unconstrained build operations Thread 74" [_thread_blocked, id=12040, stack(0x000000c66c900000,0x000000c66ca00000)]
  0x000002c189a00090 JavaThread "Unconstrained build operations Thread 75" [_thread_blocked, id=6120, stack(0x000000c66ca00000,0x000000c66cb00000)]
  0x000002c189a04050 JavaThread "Unconstrained build operations Thread 76" [_thread_blocked, id=7368, stack(0x000000c66cb00000,0x000000c66cc00000)]
  0x000002c189a05ae0 JavaThread "Unconstrained build operations Thread 77" [_thread_blocked, id=8396, stack(0x000000c66cc00000,0x000000c66cd00000)]
  0x000002c189a07020 JavaThread "Unconstrained build operations Thread 78" [_thread_blocked, id=11484, stack(0x000000c66cd00000,0x000000c66ce00000)]
  0x000002c189a07570 JavaThread "Unconstrained build operations Thread 79" [_thread_blocked, id=3092, stack(0x000000c66ce00000,0x000000c66cf00000)]
  0x000002c189a03b00 JavaThread "Unconstrained build operations Thread 80" [_thread_blocked, id=880, stack(0x000000c66cf00000,0x000000c66d000000)]

Other Threads:
  0x000002c18659b990 VMThread "VM Thread" [stack: 0x000000c664f00000,0x000000c665000000] [id=10760]
  0x000002c1870b4800 WatcherThread [stack: 0x000000c665b00000,0x000000c665c00000] [id=3288]
  0x000002c1e8493400 GCTaskThread "GC Thread#0" [stack: 0x000000c664a00000,0x000000c664b00000] [id=8680]
  0x000002c187c2e820 GCTaskThread "GC Thread#1" [stack: 0x000000c665e00000,0x000000c665f00000] [id=320]
  0x000002c187cbd2e0 GCTaskThread "GC Thread#2" [stack: 0x000000c665f00000,0x000000c666000000] [id=10152]
  0x000002c187c2b920 GCTaskThread "GC Thread#3" [stack: 0x000000c666000000,0x000000c666100000] [id=8924]
  0x000002c187d44b70 GCTaskThread "GC Thread#4" [stack: 0x000000c666100000,0x000000c666200000] [id=2004]
  0x000002c18960a960 GCTaskThread "GC Thread#5" [stack: 0x000000c667000000,0x000000c667100000] [id=2988]
  0x000002c18960a340 GCTaskThread "GC Thread#6" [stack: 0x000000c667100000,0x000000c667200000] [id=11020]
  0x000002c18960a650 GCTaskThread "GC Thread#7" [stack: 0x000000c667200000,0x000000c667300000] [id=2428]
  0x000002c1e84a5280 ConcurrentGCThread "G1 Main Marker" [stack: 0x000000c664b00000,0x000000c664c00000] [id=10592]
  0x000002c1e84a5aa0 ConcurrentGCThread "G1 Conc#0" [stack: 0x000000c664c00000,0x000000c664d00000] [id=11820]
  0x000002c18960af80 ConcurrentGCThread "G1 Conc#1" [stack: 0x000000c667800000,0x000000c667900000] [id=8836]
  0x000002c1e851ea60 ConcurrentGCThread "G1 Refine#0" [stack: 0x000000c664d00000,0x000000c664e00000] [id=8344]
  0x000002c18d63cce0 ConcurrentGCThread "G1 Refine#1" [stack: 0x000000c66e100000,0x000000c66e200000] [id=5384]
  0x000002c18fbda260 ConcurrentGCThread "G1 Refine#2" [stack: 0x000000c66ea00000,0x000000c66eb00000] [id=12096]
  0x000002c186460480 ConcurrentGCThread "G1 Service" [stack: 0x000000c664e00000,0x000000c664f00000] [id=6400]

Threads with active compile tasks:
C2 CompilerThread0    73435 14711       4       org.gradle.internal.service.DefaultServiceRegistry$ClassInspector::getDetailsForClass (50 bytes)
C2 CompilerThread1    73435 14741       4       org.gradle.internal.service.DefaultServiceRegistry$SingletonService::get (5 bytes)
C2 CompilerThread2    73435 14742   !   4       org.gradle.internal.service.DefaultServiceRegistry$ManagedObjectServiceProvider::getInstance (47 bytes)

VM state: not at safepoint (normal execution)

VM Mutex/Monitor currently owned by a thread: None

Heap address: 0x0000000080000000, size: 2048 MB, Compressed Oops mode: 32-bit

CDS archive(s) mapped at: [0x0000000800000000-0x0000000800bb0000-0x0000000800bb0000), size 12255232, SharedBaseAddress: 0x0000000800000000, ArchiveRelocationMode: 0.
Compressed class space mapped at: 0x0000000800c00000-0x0000000840c00000, reserved size: 1073741824
Narrow klass base: 0x0000000800000000, Narrow klass shift: 3, Narrow klass range: 0x100000000

GC Precious Log:
 CPUs: 8 total, 8 available
 Memory: 7959M
 Large Page Support: Disabled
 NUMA Support: Disabled
 Compressed Oops: Enabled (32-bit)
 Heap Region Size: 1M
 Heap Min Capacity: 8M
 Heap Initial Capacity: 126M
 Heap Max Capacity: 2G
 Pre-touch: Disabled
 Parallel Workers: 8
 Concurrent Workers: 2
 Concurrent Refinement Workers: 8
 Periodic GC: Disabled

Heap:
 garbage-first heap   total 240640K, used 169438K [0x0000000080000000, 0x0000000100000000)
  region size 1024K, 33 young (33792K), 5 survivors (5120K)
 Metaspace       used 91019K, committed 91776K, reserved 1130496K
  class space    used 11730K, committed 12096K, reserved 1048576K

Heap Regions: E=young(eden), S=young(survivor), O=old, HS=humongous(starts), HC=humongous(continues), CS=collection set, F=free, OA=open archive, CA=closed archive, TAMS=top-at-mark-start (previous, next)
|   0|0x0000000080000000, 0x0000000080100000, 0x0000000080100000|100%| O|  |TAMS 0x0000000080100000, 0x0000000080000000| Untracked 
|   1|0x0000000080100000, 0x0000000080200000, 0x0000000080200000|100%| O|  |TAMS 0x0000000080200000, 0x0000000080100000| Untracked 
|   2|0x0000000080200000, 0x0000000080300000, 0x0000000080300000|100%| O|  |TAMS 0x0000000080300000, 0x0000000080200000| Untracked 
|   3|0x0000000080300000, 0x0000000080400000, 0x0000000080400000|100%|HS|  |TAMS 0x0000000080400000, 0x0000000080300000| Complete 
|   4|0x0000000080400000, 0x0000000080500000, 0x0000000080500000|100%|HC|  |TAMS 0x0000000080500000, 0x0000000080400000| Complete 
|   5|0x0000000080500000, 0x0000000080600000, 0x0000000080600000|100%|HC|  |TAMS 0x0000000080600000, 0x0000000080500000| Complete 
|   6|0x0000000080600000, 0x0000000080700000, 0x0000000080700000|100%| O|  |TAMS 0x0000000080700000, 0x0000000080600000| Untracked 
|   7|0x0000000080700000, 0x0000000080800000, 0x0000000080800000|100%| O|  |TAMS 0x0000000080800000, 0x0000000080700000| Untracked 
|   8|0x0000000080800000, 0x0000000080900000, 0x0000000080900000|100%| O|  |TAMS 0x0000000080900000, 0x0000000080800000| Untracked 
|   9|0x0000000080900000, 0x0000000080a00000, 0x0000000080a00000|100%| O|  |TAMS 0x0000000080a00000, 0x0000000080900000| Untracked 
|  10|0x0000000080a00000, 0x0000000080b00000, 0x0000000080b00000|100%| O|  |TAMS 0x0000000080b00000, 0x0000000080a00000| Untracked 
|  11|0x0000000080b00000, 0x0000000080c00000, 0x0000000080c00000|100%| O|  |TAMS 0x0000000080c00000, 0x0000000080b00000| Untracked 
|  12|0x0000000080c00000, 0x0000000080d00000, 0x0000000080d00000|100%| O|  |TAMS 0x0000000080d00000, 0x0000000080c00000| Complete 
|  13|0x0000000080d00000, 0x0000000080e00000, 0x0000000080e00000|100%| O|  |TAMS 0x0000000080e00000, 0x0000000080d00000| Complete 
|  14|0x0000000080e00000, 0x0000000080f00000, 0x0000000080f00000|100%| O|  |TAMS 0x0000000080f00000, 0x0000000080e00000| Untracked 
|  15|0x0000000080f00000, 0x0000000081000000, 0x0000000081000000|100%| O|  |TAMS 0x0000000081000000, 0x0000000080f00000| Complete 
|  16|0x0000000081000000, 0x0000000081100000, 0x0000000081100000|100%| O|  |TAMS 0x0000000081100000, 0x0000000081000000| Untracked 
|  17|0x0000000081100000, 0x0000000081200000, 0x0000000081200000|100%| O|  |TAMS 0x0000000081200000, 0x0000000081100000| Untracked 
|  18|0x0000000081200000, 0x00000000812b7600, 0x0000000081300000| 71%| O|  |TAMS 0x00000000812b7600, 0x0000000081200000| Complete 
|  19|0x0000000081300000, 0x0000000081400000, 0x0000000081400000|100%| O|  |TAMS 0x0000000081400000, 0x0000000081300000| Complete 
|  20|0x0000000081400000, 0x0000000081500000, 0x0000000081500000|100%| O|  |TAMS 0x0000000081500000, 0x0000000081400000| Complete 
|  21|0x0000000081500000, 0x0000000081600000, 0x0000000081600000|100%| O|  |TAMS 0x0000000081600000, 0x0000000081500000| Untracked 
|  22|0x0000000081600000, 0x0000000081700000, 0x0000000081700000|100%| O|  |TAMS 0x0000000081700000, 0x0000000081600000| Untracked 
|  23|0x0000000081700000, 0x0000000081800000, 0x0000000081800000|100%| O|  |TAMS 0x0000000081800000, 0x0000000081700000| Untracked 
|  24|0x0000000081800000, 0x0000000081900000, 0x0000000081900000|100%| O|  |TAMS 0x0000000081900000, 0x0000000081800000| Complete 
|  25|0x0000000081900000, 0x0000000081a00000, 0x0000000081a00000|100%| O|  |TAMS 0x0000000081a00000, 0x0000000081900000| Complete 
|  26|0x0000000081a00000, 0x0000000081b00000, 0x0000000081b00000|100%|HS|  |TAMS 0x0000000081b00000, 0x0000000081a00000| Complete 
|  27|0x0000000081b00000, 0x0000000081c00000, 0x0000000081c00000|100%|HS|  |TAMS 0x0000000081c00000, 0x0000000081b00000| Complete 
|  28|0x0000000081c00000, 0x0000000081d00000, 0x0000000081d00000|100%|HS|  |TAMS 0x0000000081d00000, 0x0000000081c00000| Complete 
|  29|0x0000000081d00000, 0x0000000081e00000, 0x0000000081e00000|100%|HC|  |TAMS 0x0000000081e00000, 0x0000000081d00000| Complete 
|  30|0x0000000081e00000, 0x0000000081f00000, 0x0000000081f00000|100%| O|  |TAMS 0x0000000081f00000, 0x0000000081e00000| Untracked 
|  31|0x0000000081f00000, 0x0000000082000000, 0x0000000082000000|100%| O|  |TAMS 0x0000000082000000, 0x0000000081f00000| Untracked 
|  32|0x0000000082000000, 0x0000000082100000, 0x0000000082100000|100%| O|  |TAMS 0x0000000082100000, 0x0000000082000000| Untracked 
|  33|0x0000000082100000, 0x0000000082200000, 0x0000000082200000|100%| O|  |TAMS 0x0000000082200000, 0x0000000082100000| Complete 
|  34|0x0000000082200000, 0x0000000082300000, 0x0000000082300000|100%| O|  |TAMS 0x0000000082300000, 0x0000000082200000| Untracked 
|  35|0x0000000082300000, 0x0000000082400000, 0x0000000082400000|100%| O|  |TAMS 0x0000000082400000, 0x0000000082300000| Untracked 
|  36|0x0000000082400000, 0x0000000082500000, 0x0000000082500000|100%| O|  |TAMS 0x0000000082500000, 0x0000000082400000| Untracked 
|  37|0x0000000082500000, 0x0000000082600000, 0x0000000082600000|100%| O|  |TAMS 0x0000000082600000, 0x0000000082500000| Complete 
|  38|0x0000000082600000, 0x0000000082700000, 0x0000000082700000|100%| O|  |TAMS 0x0000000082700000, 0x0000000082600000| Complete 
|  39|0x0000000082700000, 0x0000000082800000, 0x0000000082800000|100%| O|  |TAMS 0x0000000082800000, 0x0000000082700000| Complete 
|  40|0x0000000082800000, 0x0000000082900000, 0x0000000082900000|100%| O|  |TAMS 0x0000000082900000, 0x0000000082800000| Untracked 
|  41|0x0000000082900000, 0x0000000082a00000, 0x0000000082a00000|100%| O|  |TAMS 0x0000000082a00000, 0x0000000082900000| Untracked 
|  42|0x0000000082a00000, 0x0000000082b00000, 0x0000000082b00000|100%| O|  |TAMS 0x0000000082b00000, 0x0000000082a00000| Untracked 
|  43|0x0000000082b00000, 0x0000000082c00000, 0x0000000082c00000|100%| O|  |TAMS 0x0000000082c00000, 0x0000000082b00000| Untracked 
|  44|0x0000000082c00000, 0x0000000082d00000, 0x0000000082d00000|100%| O|  |TAMS 0x0000000082d00000, 0x0000000082c00000| Untracked 
|  45|0x0000000082d00000, 0x0000000082e00000, 0x0000000082e00000|100%| O|  |TAMS 0x0000000082e00000, 0x0000000082d00000| Complete 
|  46|0x0000000082e00000, 0x0000000082f00000, 0x0000000082f00000|100%| O|  |TAMS 0x0000000082f00000, 0x0000000082e00000| Complete 
|  47|0x0000000082f00000, 0x0000000083000000, 0x0000000083000000|100%| O|  |TAMS 0x0000000083000000, 0x0000000082f00000| Untracked 
|  48|0x0000000083000000, 0x0000000083100000, 0x0000000083100000|100%| O|  |TAMS 0x0000000083100000, 0x0000000083000000| Untracked 
|  49|0x0000000083100000, 0x0000000083200000, 0x0000000083200000|100%| O|  |TAMS 0x0000000083200000, 0x0000000083100000| Untracked 
|  50|0x0000000083200000, 0x0000000083300000, 0x0000000083300000|100%| O|  |TAMS 0x0000000083300000, 0x0000000083200000| Untracked 
|  51|0x0000000083300000, 0x0000000083400000, 0x0000000083400000|100%| O|  |TAMS 0x0000000083400000, 0x0000000083300000| Untracked 
|  52|0x0000000083400000, 0x0000000083500000, 0x0000000083500000|100%| O|  |TAMS 0x0000000083500000, 0x0000000083400000| Complete 
|  53|0x0000000083500000, 0x0000000083600000, 0x0000000083600000|100%| O|  |TAMS 0x0000000083600000, 0x0000000083500000| Untracked 
|  54|0x0000000083600000, 0x0000000083700000, 0x0000000083700000|100%| O|  |TAMS 0x0000000083700000, 0x0000000083600000| Complete 
|  55|0x0000000083700000, 0x0000000083800000, 0x0000000083800000|100%| O|  |TAMS 0x0000000083800000, 0x0000000083700000| Complete 
|  56|0x0000000083800000, 0x0000000083900000, 0x0000000083900000|100%| O|  |TAMS 0x0000000083900000, 0x0000000083800000| Complete 
|  57|0x0000000083900000, 0x0000000083a00000, 0x0000000083a00000|100%| O|  |TAMS 0x0000000083a00000, 0x0000000083900000| Complete 
|  58|0x0000000083a00000, 0x0000000083b00000, 0x0000000083b00000|100%| O|  |TAMS 0x0000000083b00000, 0x0000000083a00000| Untracked 
|  59|0x0000000083b00000, 0x0000000083c00000, 0x0000000083c00000|100%| O|  |TAMS 0x0000000083c00000, 0x0000000083b00000| Complete 
|  60|0x0000000083c00000, 0x0000000083d00000, 0x0000000083d00000|100%| O|  |TAMS 0x0000000083d00000, 0x0000000083c00000| Untracked 
|  61|0x0000000083d00000, 0x0000000083e00000, 0x0000000083e00000|100%| O|  |TAMS 0x0000000083e00000, 0x0000000083d00000| Complete 
|  62|0x0000000083e00000, 0x0000000083f00000, 0x0000000083f00000|100%| O|  |TAMS 0x0000000083f00000, 0x0000000083e00000| Complete 
|  63|0x0000000083f00000, 0x0000000084000000, 0x0000000084000000|100%| O|  |TAMS 0x0000000084000000, 0x0000000083f00000| Complete 
|  64|0x0000000084000000, 0x0000000084100000, 0x0000000084100000|100%| O|  |TAMS 0x0000000084100000, 0x0000000084000000| Complete 
|  65|0x0000000084100000, 0x0000000084200000, 0x0000000084200000|100%| O|  |TAMS 0x0000000084200000, 0x0000000084100000| Complete 
|  66|0x0000000084200000, 0x0000000084300000, 0x0000000084300000|100%| O|  |TAMS 0x0000000084300000, 0x0000000084200000| Complete 
|  67|0x0000000084300000, 0x0000000084400000, 0x0000000084400000|100%| O|  |TAMS 0x0000000084400000, 0x0000000084300000| Complete 
|  68|0x0000000084400000, 0x0000000084500000, 0x0000000084500000|100%| O|  |TAMS 0x0000000084500000, 0x0000000084400000| Untracked 
|  69|0x0000000084500000, 0x0000000084600000, 0x0000000084600000|100%| O|  |TAMS 0x0000000084600000, 0x0000000084500000| Complete 
|  70|0x0000000084600000, 0x0000000084700000, 0x0000000084700000|100%| O|  |TAMS 0x0000000084700000, 0x0000000084600000| Complete 
|  71|0x0000000084700000, 0x0000000084800000, 0x0000000084800000|100%| O|  |TAMS 0x0000000084800000, 0x0000000084700000| Complete 
|  72|0x0000000084800000, 0x0000000084900000, 0x0000000084900000|100%| O|  |TAMS 0x0000000084900000, 0x0000000084800000| Complete 
|  73|0x0000000084900000, 0x0000000084a00000, 0x0000000084a00000|100%| O|  |TAMS 0x0000000084a00000, 0x0000000084900000| Complete 
|  74|0x0000000084a00000, 0x0000000084b00000, 0x0000000084b00000|100%|HS|  |TAMS 0x0000000084a00000, 0x0000000084a00000| Complete 
|  75|0x0000000084b00000, 0x0000000084c00000, 0x0000000084c00000|100%|HC|  |TAMS 0x0000000084b00000, 0x0000000084b00000| Complete 
|  76|0x0000000084c00000, 0x0000000084d00000, 0x0000000084d00000|100%| O|  |TAMS 0x0000000084d00000, 0x0000000084c00000| Untracked 
|  77|0x0000000084d00000, 0x0000000084e00000, 0x0000000084e00000|100%| O|  |TAMS 0x0000000084e00000, 0x0000000084d00000| Untracked 
|  78|0x0000000084e00000, 0x0000000084f00000, 0x0000000084f00000|100%| O|  |TAMS 0x0000000084f00000, 0x0000000084e00000| Complete 
|  79|0x0000000084f00000, 0x0000000085000000, 0x0000000085000000|100%| O|  |TAMS 0x0000000085000000, 0x0000000084f00000| Complete 
|  80|0x0000000085000000, 0x0000000085100000, 0x0000000085100000|100%| O|  |TAMS 0x0000000085100000, 0x0000000085000000| Untracked 
|  81|0x0000000085100000, 0x0000000085200000, 0x0000000085200000|100%| O|  |TAMS 0x0000000085200000, 0x0000000085100000| Complete 
|  82|0x0000000085200000, 0x0000000085300000, 0x0000000085300000|100%| O|  |TAMS 0x0000000085300000, 0x0000000085200000| Complete 
|  83|0x0000000085300000, 0x0000000085400000, 0x0000000085400000|100%|HS|  |TAMS 0x0000000085300000, 0x0000000085300000| Complete 
|  84|0x0000000085400000, 0x0000000085500000, 0x0000000085500000|100%| O|  |TAMS 0x0000000085500000, 0x0000000085400000| Untracked 
|  85|0x0000000085500000, 0x0000000085600000, 0x0000000085600000|100%| O|  |TAMS 0x0000000085600000, 0x0000000085500000| Untracked 
|  86|0x0000000085600000, 0x0000000085700000, 0x0000000085700000|100%| O|  |TAMS 0x0000000085700000, 0x0000000085600000| Untracked 
|  87|0x0000000085700000, 0x0000000085800000, 0x0000000085800000|100%| O|  |TAMS 0x0000000085800000, 0x0000000085700000| Untracked 
|  88|0x0000000085800000, 0x0000000085900000, 0x0000000085900000|100%| O|  |TAMS 0x0000000085900000, 0x0000000085800000| Complete 
|  89|0x0000000085900000, 0x0000000085a00000, 0x0000000085a00000|100%| O|  |TAMS 0x0000000085a00000, 0x0000000085900000| Complete 
|  90|0x0000000085a00000, 0x0000000085b00000, 0x0000000085b00000|100%| O|  |TAMS 0x0000000085b00000, 0x0000000085a00000| Untracked 
|  91|0x0000000085b00000, 0x0000000085c00000, 0x0000000085c00000|100%| O|  |TAMS 0x0000000085c00000, 0x0000000085b00000| Complete 
|  92|0x0000000085c00000, 0x0000000085d00000, 0x0000000085d00000|100%| O|  |TAMS 0x0000000085d00000, 0x0000000085c00000| Complete 
|  93|0x0000000085d00000, 0x0000000085e00000, 0x0000000085e00000|100%| O|  |TAMS 0x0000000085e00000, 0x0000000085d00000| Complete 
|  94|0x0000000085e00000, 0x0000000085f00000, 0x0000000085f00000|100%| O|  |TAMS 0x0000000085f00000, 0x0000000085e00000| Complete 
|  95|0x0000000085f00000, 0x0000000086000000, 0x0000000086000000|100%| O|  |TAMS 0x0000000086000000, 0x0000000085f00000| Complete 
|  96|0x0000000086000000, 0x0000000086100000, 0x0000000086100000|100%| O|  |TAMS 0x0000000086100000, 0x0000000086000000| Complete 
|  97|0x0000000086100000, 0x0000000086200000, 0x0000000086200000|100%| O|  |TAMS 0x0000000086200000, 0x0000000086100000| Untracked 
|  98|0x0000000086200000, 0x0000000086300000, 0x0000000086300000|100%| O|  |TAMS 0x0000000086300000, 0x0000000086200000| Complete 
|  99|0x0000000086300000, 0x0000000086400000, 0x0000000086400000|100%|HS|  |TAMS 0x0000000086300000, 0x0000000086300000| Complete 
| 100|0x0000000086400000, 0x0000000086500000, 0x0000000086500000|100%|HC|  |TAMS 0x0000000086400000, 0x0000000086400000| Complete 
| 101|0x0000000086500000, 0x0000000086600000, 0x0000000086600000|100%|HS|  |TAMS 0x0000000086500000, 0x0000000086500000| Complete 
| 102|0x0000000086600000, 0x0000000086700000, 0x0000000086700000|100%|HC|  |TAMS 0x0000000086600000, 0x0000000086600000| Complete 
| 103|0x0000000086700000, 0x0000000086800000, 0x0000000086800000|100%|HS|  |TAMS 0x0000000086700000, 0x0000000086700000| Complete 
| 104|0x0000000086800000, 0x0000000086900000, 0x0000000086900000|100%|HC|  |TAMS 0x0000000086800000, 0x0000000086800000| Complete 
| 105|0x0000000086900000, 0x0000000086a00000, 0x0000000086a00000|100%|HS|  |TAMS 0x0000000086900000, 0x0000000086900000| Complete 
| 106|0x0000000086a00000, 0x0000000086b00000, 0x0000000086b00000|100%|HC|  |TAMS 0x0000000086a00000, 0x0000000086a00000| Complete 
| 107|0x0000000086b00000, 0x0000000086c00000, 0x0000000086c00000|100%|HS|  |TAMS 0x0000000086b00000, 0x0000000086b00000| Complete 
| 108|0x0000000086c00000, 0x0000000086d00000, 0x0000000086d00000|100%|HC|  |TAMS 0x0000000086c00000, 0x0000000086c00000| Complete 
| 109|0x0000000086d00000, 0x0000000086e00000, 0x0000000086e00000|100%|HS|  |TAMS 0x0000000086d00000, 0x0000000086d00000| Complete 
| 110|0x0000000086e00000, 0x0000000086f00000, 0x0000000086f00000|100%|HC|  |TAMS 0x0000000086e00000, 0x0000000086e00000| Complete 
| 111|0x0000000086f00000, 0x0000000087000000, 0x0000000087000000|100%| O|  |TAMS 0x0000000087000000, 0x0000000086f00000| Complete 
| 112|0x0000000087000000, 0x0000000087100000, 0x0000000087100000|100%| O|  |TAMS 0x0000000087100000, 0x0000000087000000| Complete 
| 113|0x0000000087100000, 0x0000000087200000, 0x0000000087200000|100%| O|  |TAMS 0x0000000087200000, 0x0000000087100000| Complete 
| 114|0x0000000087200000, 0x0000000087300000, 0x0000000087300000|100%| O|  |TAMS 0x0000000087300000, 0x0000000087200000| Complete 
| 115|0x0000000087300000, 0x0000000087400000, 0x0000000087400000|100%| O|  |TAMS 0x0000000087400000, 0x0000000087300000| Complete 
| 116|0x0000000087400000, 0x0000000087500000, 0x0000000087500000|100%| O|  |TAMS 0x0000000087500000, 0x0000000087400000| Complete 
| 117|0x0000000087500000, 0x0000000087600000, 0x0000000087600000|100%| O|  |TAMS 0x0000000087600000, 0x0000000087500000| Complete 
| 118|0x0000000087600000, 0x0000000087700000, 0x0000000087700000|100%| O|  |TAMS 0x0000000087700000, 0x0000000087600000| Complete 
| 119|0x0000000087700000, 0x0000000087800000, 0x0000000087800000|100%| O|  |TAMS 0x0000000087800000, 0x0000000087700000| Complete 
| 120|0x0000000087800000, 0x0000000087800000, 0x0000000087900000|  0%| F|  |TAMS 0x0000000087800000, 0x0000000087800000| Untracked 
| 121|0x0000000087900000, 0x0000000087a00000, 0x0000000087a00000|100%|HS|  |TAMS 0x0000000087900000, 0x0000000087900000| Complete 
| 122|0x0000000087a00000, 0x0000000087b00000, 0x0000000087b00000|100%|HC|  |TAMS 0x0000000087a00000, 0x0000000087a00000| Complete 
| 123|0x0000000087b00000, 0x0000000087c00000, 0x0000000087c00000|100%|HS|  |TAMS 0x0000000087b00000, 0x0000000087b00000| Complete 
| 124|0x0000000087c00000, 0x0000000087d00000, 0x0000000087d00000|100%|HC|  |TAMS 0x0000000087c00000, 0x0000000087c00000| Complete 
| 125|0x0000000087d00000, 0x0000000087e00000, 0x0000000087e00000|100%|HS|  |TAMS 0x0000000087d00000, 0x0000000087d00000| Complete 
| 126|0x0000000087e00000, 0x0000000087f00000, 0x0000000087f00000|100%|HC|  |TAMS 0x0000000087e00000, 0x0000000087e00000| Complete 
| 127|0x0000000087f00000, 0x0000000088000000, 0x0000000088000000|100%|HS|  |TAMS 0x0000000087f00000, 0x0000000087f00000| Complete 
| 128|0x0000000088000000, 0x0000000088100000, 0x0000000088100000|100%|HC|  |TAMS 0x0000000088000000, 0x0000000088000000| Complete 
| 129|0x0000000088100000, 0x0000000088200000, 0x0000000088200000|100%|HS|  |TAMS 0x0000000088100000, 0x0000000088100000| Complete 
| 130|0x0000000088200000, 0x0000000088300000, 0x0000000088300000|100%|HC|  |TAMS 0x0000000088200000, 0x0000000088200000| Complete 
| 131|0x0000000088300000, 0x0000000088400000, 0x0000000088400000|100%|HS|  |TAMS 0x0000000088300000, 0x0000000088300000| Complete 
| 132|0x0000000088400000, 0x0000000088500000, 0x0000000088500000|100%|HC|  |TAMS 0x0000000088400000, 0x0000000088400000| Complete 
| 133|0x0000000088500000, 0x0000000088600000, 0x0000000088600000|100%|HS|  |TAMS 0x0000000088500000, 0x0000000088500000| Complete 
| 134|0x0000000088600000, 0x0000000088700000, 0x0000000088700000|100%|HC|  |TAMS 0x0000000088600000, 0x0000000088600000| Complete 
| 135|0x0000000088700000, 0x0000000088700000, 0x0000000088800000|  0%| F|  |TAMS 0x0000000088700000, 0x0000000088700000| Untracked 
| 136|0x0000000088800000, 0x0000000088800000, 0x0000000088900000|  0%| F|  |TAMS 0x0000000088800000, 0x0000000088800000| Untracked 
| 137|0x0000000088900000, 0x0000000088900000, 0x0000000088a00000|  0%| F|  |TAMS 0x0000000088900000, 0x0000000088900000| Untracked 
| 138|0x0000000088a00000, 0x0000000088a00000, 0x0000000088b00000|  0%| F|  |TAMS 0x0000000088a00000, 0x0000000088a00000| Untracked 
| 139|0x0000000088b00000, 0x0000000088b00000, 0x0000000088c00000|  0%| F|  |TAMS 0x0000000088b00000, 0x0000000088b00000| Untracked 
| 140|0x0000000088c00000, 0x0000000088c00000, 0x0000000088d00000|  0%| F|  |TAMS 0x0000000088c00000, 0x0000000088c00000| Untracked 
| 141|0x0000000088d00000, 0x0000000088d00000, 0x0000000088e00000|  0%| F|  |TAMS 0x0000000088d00000, 0x0000000088d00000| Untracked 
| 142|0x0000000088e00000, 0x0000000088e00000, 0x0000000088f00000|  0%| F|  |TAMS 0x0000000088e00000, 0x0000000088e00000| Untracked 
| 143|0x0000000088f00000, 0x0000000088f00000, 0x0000000089000000|  0%| F|  |TAMS 0x0000000088f00000, 0x0000000088f00000| Untracked 
| 144|0x0000000089000000, 0x0000000089000000, 0x0000000089100000|  0%| F|  |TAMS 0x0000000089000000, 0x0000000089000000| Untracked 
| 145|0x0000000089100000, 0x0000000089100000, 0x0000000089200000|  0%| F|  |TAMS 0x0000000089100000, 0x0000000089100000| Untracked 
| 146|0x0000000089200000, 0x0000000089200000, 0x0000000089300000|  0%| F|  |TAMS 0x0000000089200000, 0x0000000089200000| Untracked 
| 147|0x0000000089300000, 0x0000000089300000, 0x0000000089400000|  0%| F|  |TAMS 0x0000000089300000, 0x0000000089300000| Untracked 
| 148|0x0000000089400000, 0x0000000089400000, 0x0000000089500000|  0%| F|  |TAMS 0x0000000089400000, 0x0000000089400000| Untracked 
| 149|0x0000000089500000, 0x0000000089500000, 0x0000000089600000|  0%| F|  |TAMS 0x0000000089500000, 0x0000000089500000| Untracked 
| 150|0x0000000089600000, 0x0000000089600000, 0x0000000089700000|  0%| F|  |TAMS 0x0000000089600000, 0x0000000089600000| Untracked 
| 151|0x0000000089700000, 0x00000000897c0280, 0x0000000089800000| 75%| S|CS|TAMS 0x0000000089700000, 0x0000000089700000| Complete 
| 152|0x0000000089800000, 0x0000000089900000, 0x0000000089900000|100%| S|CS|TAMS 0x0000000089800000, 0x0000000089800000| Complete 
| 153|0x0000000089900000, 0x0000000089a00000, 0x0000000089a00000|100%| S|CS|TAMS 0x0000000089900000, 0x0000000089900000| Complete 
| 154|0x0000000089a00000, 0x0000000089b00000, 0x0000000089b00000|100%| S|CS|TAMS 0x0000000089a00000, 0x0000000089a00000| Complete 
| 155|0x0000000089b00000, 0x0000000089c00000, 0x0000000089c00000|100%| S|CS|TAMS 0x0000000089b00000, 0x0000000089b00000| Complete 
| 156|0x0000000089c00000, 0x0000000089c00000, 0x0000000089d00000|  0%| F|  |TAMS 0x0000000089c00000, 0x0000000089c00000| Untracked 
| 157|0x0000000089d00000, 0x0000000089d00000, 0x0000000089e00000|  0%| F|  |TAMS 0x0000000089d00000, 0x0000000089d00000| Untracked 
| 158|0x0000000089e00000, 0x0000000089e00000, 0x0000000089f00000|  0%| F|  |TAMS 0x0000000089e00000, 0x0000000089e00000| Untracked 
| 159|0x0000000089f00000, 0x0000000089f00000, 0x000000008a000000|  0%| F|  |TAMS 0x0000000089f00000, 0x0000000089f00000| Untracked 
| 160|0x000000008a000000, 0x000000008a000000, 0x000000008a100000|  0%| F|  |TAMS 0x000000008a000000, 0x000000008a000000| Untracked 
| 161|0x000000008a100000, 0x000000008a100000, 0x000000008a200000|  0%| F|  |TAMS 0x000000008a100000, 0x000000008a100000| Untracked 
| 162|0x000000008a200000, 0x000000008a200000, 0x000000008a300000|  0%| F|  |TAMS 0x000000008a200000, 0x000000008a200000| Untracked 
| 163|0x000000008a300000, 0x000000008a300000, 0x000000008a400000|  0%| F|  |TAMS 0x000000008a300000, 0x000000008a300000| Untracked 
| 164|0x000000008a400000, 0x000000008a400000, 0x000000008a500000|  0%| F|  |TAMS 0x000000008a400000, 0x000000008a400000| Untracked 
| 165|0x000000008a500000, 0x000000008a500000, 0x000000008a600000|  0%| F|  |TAMS 0x000000008a500000, 0x000000008a500000| Untracked 
| 166|0x000000008a600000, 0x000000008a600000, 0x000000008a700000|  0%| F|  |TAMS 0x000000008a600000, 0x000000008a600000| Untracked 
| 167|0x000000008a700000, 0x000000008a700000, 0x000000008a800000|  0%| F|  |TAMS 0x000000008a700000, 0x000000008a700000| Untracked 
| 168|0x000000008a800000, 0x000000008a800000, 0x000000008a900000|  0%| F|  |TAMS 0x000000008a800000, 0x000000008a800000| Untracked 
| 169|0x000000008a900000, 0x000000008a900000, 0x000000008aa00000|  0%| F|  |TAMS 0x000000008a900000, 0x000000008a900000| Untracked 
| 170|0x000000008aa00000, 0x000000008aa00000, 0x000000008ab00000|  0%| F|  |TAMS 0x000000008aa00000, 0x000000008aa00000| Untracked 
| 171|0x000000008ab00000, 0x000000008ab00000, 0x000000008ac00000|  0%| F|  |TAMS 0x000000008ab00000, 0x000000008ab00000| Untracked 
| 172|0x000000008ac00000, 0x000000008ac00000, 0x000000008ad00000|  0%| F|  |TAMS 0x000000008ac00000, 0x000000008ac00000| Untracked 
| 173|0x000000008ad00000, 0x000000008ad00000, 0x000000008ae00000|  0%| F|  |TAMS 0x000000008ad00000, 0x000000008ad00000| Untracked 
| 174|0x000000008ae00000, 0x000000008ae00000, 0x000000008af00000|  0%| F|  |TAMS 0x000000008ae00000, 0x000000008ae00000| Untracked 
| 175|0x000000008af00000, 0x000000008af00000, 0x000000008b000000|  0%| F|  |TAMS 0x000000008af00000, 0x000000008af00000| Untracked 
| 176|0x000000008b000000, 0x000000008b000000, 0x000000008b100000|  0%| F|  |TAMS 0x000000008b000000, 0x000000008b000000| Untracked 
| 177|0x000000008b100000, 0x000000008b100000, 0x000000008b200000|  0%| F|  |TAMS 0x000000008b100000, 0x000000008b100000| Untracked 
| 178|0x000000008b200000, 0x000000008b200000, 0x000000008b300000|  0%| F|  |TAMS 0x000000008b200000, 0x000000008b200000| Untracked 
| 179|0x000000008b300000, 0x000000008b300000, 0x000000008b400000|  0%| F|  |TAMS 0x000000008b300000, 0x000000008b300000| Untracked 
| 180|0x000000008b400000, 0x000000008b400000, 0x000000008b500000|  0%| F|  |TAMS 0x000000008b400000, 0x000000008b400000| Untracked 
| 181|0x000000008b500000, 0x000000008b500000, 0x000000008b600000|  0%| F|  |TAMS 0x000000008b500000, 0x000000008b500000| Untracked 
| 182|0x000000008b600000, 0x000000008b600000, 0x000000008b700000|  0%| F|  |TAMS 0x000000008b600000, 0x000000008b600000| Untracked 
| 183|0x000000008b700000, 0x000000008b700000, 0x000000008b800000|  0%| F|  |TAMS 0x000000008b700000, 0x000000008b700000| Untracked 
| 184|0x000000008b800000, 0x000000008b800000, 0x000000008b900000|  0%| F|  |TAMS 0x000000008b800000, 0x000000008b800000| Untracked 
| 185|0x000000008b900000, 0x000000008b900000, 0x000000008ba00000|  0%| F|  |TAMS 0x000000008b900000, 0x000000008b900000| Untracked 
| 186|0x000000008ba00000, 0x000000008ba00000, 0x000000008bb00000|  0%| F|  |TAMS 0x000000008ba00000, 0x000000008ba00000| Untracked 
| 187|0x000000008bb00000, 0x000000008bb00000, 0x000000008bc00000|  0%| F|  |TAMS 0x000000008bb00000, 0x000000008bb00000| Untracked 
| 188|0x000000008bc00000, 0x000000008bc00000, 0x000000008bd00000|  0%| F|  |TAMS 0x000000008bc00000, 0x000000008bc00000| Untracked 
| 189|0x000000008bd00000, 0x000000008bd00000, 0x000000008be00000|  0%| F|  |TAMS 0x000000008bd00000, 0x000000008bd00000| Untracked 
| 190|0x000000008be00000, 0x000000008be00000, 0x000000008bf00000|  0%| F|  |TAMS 0x000000008be00000, 0x000000008be00000| Untracked 
| 191|0x000000008bf00000, 0x000000008bf00000, 0x000000008c000000|  0%| F|  |TAMS 0x000000008bf00000, 0x000000008bf00000| Untracked 
| 192|0x000000008c000000, 0x000000008c000000, 0x000000008c100000|  0%| F|  |TAMS 0x000000008c000000, 0x000000008c000000| Untracked 
| 193|0x000000008c100000, 0x000000008c100000, 0x000000008c200000|  0%| F|  |TAMS 0x000000008c100000, 0x000000008c100000| Untracked 
| 194|0x000000008c200000, 0x000000008c200000, 0x000000008c300000|  0%| F|  |TAMS 0x000000008c200000, 0x000000008c200000| Untracked 
| 195|0x000000008c300000, 0x000000008c300000, 0x000000008c400000|  0%| F|  |TAMS 0x000000008c300000, 0x000000008c300000| Untracked 
| 196|0x000000008c400000, 0x000000008c400000, 0x000000008c500000|  0%| F|  |TAMS 0x000000008c400000, 0x000000008c400000| Untracked 
| 197|0x000000008c500000, 0x000000008c500000, 0x000000008c600000|  0%| F|  |TAMS 0x000000008c500000, 0x000000008c500000| Untracked 
| 198|0x000000008c600000, 0x000000008c600000, 0x000000008c700000|  0%| F|  |TAMS 0x000000008c600000, 0x000000008c600000| Untracked 
| 199|0x000000008c700000, 0x000000008c700000, 0x000000008c800000|  0%| F|  |TAMS 0x000000008c700000, 0x000000008c700000| Untracked 
| 200|0x000000008c800000, 0x000000008c800000, 0x000000008c900000|  0%| F|  |TAMS 0x000000008c800000, 0x000000008c800000| Untracked 
| 201|0x000000008c900000, 0x000000008c900000, 0x000000008ca00000|  0%| F|  |TAMS 0x000000008c900000, 0x000000008c900000| Untracked 
| 202|0x000000008ca00000, 0x000000008ca00000, 0x000000008cb00000|  0%| F|  |TAMS 0x000000008ca00000, 0x000000008ca00000| Untracked 
| 203|0x000000008cb00000, 0x000000008cc00000, 0x000000008cc00000|100%| E|CS|TAMS 0x000000008cb00000, 0x000000008cb00000| Complete 
| 204|0x000000008cc00000, 0x000000008cd00000, 0x000000008cd00000|100%| E|CS|TAMS 0x000000008cc00000, 0x000000008cc00000| Complete 
| 205|0x000000008cd00000, 0x000000008cd00000, 0x000000008ce00000|  0%| F|  |TAMS 0x000000008cd00000, 0x000000008cd00000| Untracked 
| 206|0x000000008ce00000, 0x000000008ce00000, 0x000000008cf00000|  0%| F|  |TAMS 0x000000008ce00000, 0x000000008ce00000| Untracked 
| 207|0x000000008cf00000, 0x000000008cf00000, 0x000000008d000000|  0%| F|  |TAMS 0x000000008cf00000, 0x000000008cf00000| Untracked 
| 208|0x000000008d000000, 0x000000008d000000, 0x000000008d100000|  0%| F|  |TAMS 0x000000008d000000, 0x000000008d000000| Untracked 
| 209|0x000000008d100000, 0x000000008d1f31c0, 0x000000008d200000| 94%| E|  |TAMS 0x000000008d100000, 0x000000008d100000| Complete 
| 210|0x000000008d200000, 0x000000008d300000, 0x000000008d300000|100%| E|CS|TAMS 0x000000008d200000, 0x000000008d200000| Complete 
| 211|0x000000008d300000, 0x000000008d400000, 0x000000008d400000|100%| E|CS|TAMS 0x000000008d300000, 0x000000008d300000| Complete 
| 212|0x000000008d400000, 0x000000008d500000, 0x000000008d500000|100%| E|CS|TAMS 0x000000008d400000, 0x000000008d400000| Complete 
| 213|0x000000008d500000, 0x000000008d600000, 0x000000008d600000|100%| E|CS|TAMS 0x000000008d500000, 0x000000008d500000| Complete 
| 214|0x000000008d600000, 0x000000008d700000, 0x000000008d700000|100%| E|CS|TAMS 0x000000008d600000, 0x000000008d600000| Complete 
| 215|0x000000008d700000, 0x000000008d800000, 0x000000008d800000|100%| E|CS|TAMS 0x000000008d700000, 0x000000008d700000| Complete 
| 216|0x000000008d800000, 0x000000008d900000, 0x000000008d900000|100%| E|CS|TAMS 0x000000008d800000, 0x000000008d800000| Complete 
| 217|0x000000008d900000, 0x000000008da00000, 0x000000008da00000|100%| E|CS|TAMS 0x000000008d900000, 0x000000008d900000| Complete 
| 218|0x000000008da00000, 0x000000008db00000, 0x000000008db00000|100%| E|CS|TAMS 0x000000008da00000, 0x000000008da00000| Complete 
| 219|0x000000008db00000, 0x000000008dc00000, 0x000000008dc00000|100%| E|CS|TAMS 0x000000008db00000, 0x000000008db00000| Complete 
| 220|0x000000008dc00000, 0x000000008dd00000, 0x000000008dd00000|100%| E|CS|TAMS 0x000000008dc00000, 0x000000008dc00000| Complete 
| 221|0x000000008dd00000, 0x000000008de00000, 0x000000008de00000|100%| E|CS|TAMS 0x000000008dd00000, 0x000000008dd00000| Complete 
| 222|0x000000008de00000, 0x000000008df00000, 0x000000008df00000|100%| E|CS|TAMS 0x000000008de00000, 0x000000008de00000| Complete 
| 223|0x000000008df00000, 0x000000008e000000, 0x000000008e000000|100%| E|CS|TAMS 0x000000008df00000, 0x000000008df00000| Complete 
| 224|0x000000008e000000, 0x000000008e100000, 0x000000008e100000|100%| E|CS|TAMS 0x000000008e000000, 0x000000008e000000| Complete 
| 225|0x000000008e100000, 0x000000008e200000, 0x000000008e200000|100%| E|CS|TAMS 0x000000008e100000, 0x000000008e100000| Complete 
| 226|0x000000008e200000, 0x000000008e300000, 0x000000008e300000|100%| E|CS|TAMS 0x000000008e200000, 0x000000008e200000| Complete 
| 227|0x000000008e300000, 0x000000008e400000, 0x000000008e400000|100%| E|CS|TAMS 0x000000008e300000, 0x000000008e300000| Complete 
| 228|0x000000008e400000, 0x000000008e500000, 0x000000008e500000|100%| E|CS|TAMS 0x000000008e400000, 0x000000008e400000| Complete 
| 229|0x000000008e500000, 0x000000008e600000, 0x000000008e600000|100%| E|CS|TAMS 0x000000008e500000, 0x000000008e500000| Complete 
| 230|0x000000008e600000, 0x000000008e700000, 0x000000008e700000|100%| E|CS|TAMS 0x000000008e600000, 0x000000008e600000| Complete 
| 231|0x000000008e700000, 0x000000008e800000, 0x000000008e800000|100%| E|CS|TAMS 0x000000008e700000, 0x000000008e700000| Complete 
| 232|0x000000008e800000, 0x000000008e900000, 0x000000008e900000|100%| E|CS|TAMS 0x000000008e800000, 0x000000008e800000| Complete 
| 233|0x000000008e900000, 0x000000008ea00000, 0x000000008ea00000|100%| E|CS|TAMS 0x000000008e900000, 0x000000008e900000| Complete 
| 234|0x000000008ea00000, 0x000000008eb00000, 0x000000008eb00000|100%| E|CS|TAMS 0x000000008ea00000, 0x000000008ea00000| Complete 

Card table byte_map: [0x000002c1ff300000,0x000002c1ff700000] _byte_map_base: 0x000002c1fef00000

Marking Bits (Prev, Next): (CMBitMap*) 0x000002c1e84938e0, (CMBitMap*) 0x000002c1e84938a0
 Prev Bits: [0x000002c182000000, 0x000002c184000000)
 Next Bits: [0x000002c180000000, 0x000002c182000000)

Polling page: 0x000002c1e6260000

Metaspace:

Usage:
  Non-class:     77.44 MB used.
      Class:     11.46 MB used.
       Both:     88.89 MB used.

Virtual space:
  Non-class space:       80.00 MB reserved,      77.81 MB ( 97%) committed,  10 nodes.
      Class space:        1.00 GB reserved,      11.81 MB (  1%) committed,  1 nodes.
              Both:        1.08 GB reserved,      89.62 MB (  8%) committed. 

Chunk freelists:
   Non-Class:  1.98 MB
       Class:  187.00 KB
        Both:  2.17 MB

MaxMetaspaceSize: 17179869184.00 GB
CompressedClassSpaceSize: 1.00 GB
 - commit_granule_bytes: 65536.
 - commit_granule_words: 8192.
 - virtual_space_node_default_size: 1048576.
 - enlarge_chunks_in_place: 1.
 - new_chunks_are_fully_committed: 0.
 - uncommit_free_chunks: 1.
 - use_allocation_guard: 0.
 - handle_deallocations: 1.


Internal statistics:

num_allocs_failed_limit: 6.
num_arena_births: 990.
num_arena_deaths: 14.
num_vsnodes_births: 11.
num_vsnodes_deaths: 0.
num_space_committed: 1434.
num_space_uncommitted: 0.
num_chunks_returned_to_freelist: 24.
num_chunks_taken_from_freelist: 4706.
num_chunk_merges: 13.
num_chunk_splits: 3086.
num_chunks_enlarged: 2051.
num_purges: 2.

CodeHeap 'non-profiled nmethods': size=120000Kb used=7193Kb max_used=7657Kb free=112806Kb
 bounds [0x000002c1f76a0000, 0x000002c1f7e20000, 0x000002c1febd0000]
CodeHeap 'profiled nmethods': size=120000Kb used=24939Kb max_used=24939Kb free=95061Kb
 bounds [0x000002c1f0170000, 0x000002c1f19d0000, 0x000002c1f76a0000]
CodeHeap 'non-nmethods': size=5760Kb used=2438Kb max_used=2509Kb free=3321Kb
 bounds [0x000002c1efbd0000, 0x000002c1efe50000, 0x000002c1f0170000]
 total_blobs=13489 nmethods=12530 adapters=871
 compilation: enabled
              stopped_count=0, restarted_count=0
 full_count=0

Compilation events (20 events):
Event: 73.391 Thread 0x000002c1865bb510 nmethod 14810 0x000002c1f19abd90 code [0x000002c1f19ac400, 0x000002c1f19b0028]
Event: 73.391 Thread 0x000002c1865bb510 14801       3       org.gradle.internal.classpath.DefaultCachedClasspathTransformer$$Lambda$375/0x0000000801015000::accept (16 bytes)
Event: 73.393 Thread 0x000002c1865bb510 nmethod 14801 0x000002c1f19b1010 code [0x000002c1f19b1280, 0x000002c1f19b2028]
Event: 73.393 Thread 0x000002c1865bb510 14802       3       org.gradle.internal.classpath.DefaultCachedClasspathTransformer::lambda$transformAll$11 (18 bytes)
Event: 73.396 Thread 0x000002c1865bb510 nmethod 14802 0x000002c1f19b2490 code [0x000002c1f19b2700, 0x000002c1f19b3308]
Event: 73.396 Thread 0x000002c1865bb510 14803       3       org.gradle.internal.classpath.DefaultCachedClasspathTransformer$$Lambda$376/0x0000000801015230::<init> (10 bytes)
Event: 73.396 Thread 0x000002c1865bb510 nmethod 14803 0x000002c1f19b3710 code [0x000002c1f19b38c0, 0x000002c1f19b3a78]
Event: 73.396 Thread 0x000002c1865bb510 14813       3       org.gradle.internal.service.DefaultServiceRegistry$SingletonService::isFactory (146 bytes)
Event: 73.398 Thread 0x000002c1865bb510 nmethod 14813 0x000002c1f19b3b10 code [0x000002c1f19b3e20, 0x000002c1f19b50d8]
Event: 73.399 Thread 0x000002c1865bb510 14804       3       org.gradle.internal.classpath.DefaultCachedClasspathTransformer$$Lambda$377/0x0000000801015460::<init> (15 bytes)
Event: 73.399 Thread 0x000002c1865bb510 nmethod 14804 0x000002c1f19b5590 code [0x000002c1f19b5740, 0x000002c1f19b5958]
Event: 73.399 Thread 0x000002c1865bb510 14805       3       org.gradle.internal.classpath.DefaultCachedClasspathTransformer$$Lambda$377/0x0000000801015460::accept (16 bytes)
Event: 73.399 Thread 0x000002c1865bb510 nmethod 14805 0x000002c1f19b5a10 code [0x000002c1f19b5bc0, 0x000002c1f19b5e28]
Event: 73.399 Thread 0x000002c1865bb510 14806       3       org.gradle.internal.classpath.DefaultCachedClasspathTransformer::lambda$transformAll$10 (31 bytes)
Event: 73.400 Thread 0x000002c1865bb510 nmethod 14806 0x000002c1f19b5f10 code [0x000002c1f19b6140, 0x000002c1f19b6a18]
Event: 73.400 Thread 0x000002c1865bb510 14807       3       org.gradle.internal.classpath.DefaultCachedClasspathTransformer$$Lambda$378/0x0000000801015690::<init> (20 bytes)
Event: 73.400 Thread 0x000002c1865bb510 nmethod 14807 0x000002c1f19b6d10 code [0x000002c1f19b6ec0, 0x000002c1f19b70f8]
Event: 73.400 Thread 0x000002c1865bb510 14808       3       java.util.concurrent.AbstractExecutorService::newTaskFor (9 bytes)
Event: 73.400 Thread 0x000002c1865bb510 nmethod 14808 0x000002c1f19b7190 code [0x000002c1f19b7360, 0x000002c1f19b7708]
Event: 73.400 Thread 0x000002c1865bb510 14811       3       org.gradle.internal.classpath.InstrumentingClasspathFileTransformer::hashOf (41 bytes)

GC Heap History (20 events):
Event: 10.645 GC heap before
{Heap before GC invocations=36 (full 0):
 garbage-first heap   total 140288K, used 106170K [0x0000000080000000, 0x0000000100000000)
  region size 1024K, 36 young (36864K), 5 survivors (5120K)
 Metaspace       used 74778K, committed 75328K, reserved 1114112K
  class space    used 10026K, committed 10304K, reserved 1048576K
}
Event: 10.651 GC heap after
{Heap after GC invocations=37 (full 0):
 garbage-first heap   total 140288K, used 77311K [0x0000000080000000, 0x0000000100000000)
  region size 1024K, 5 young (5120K), 5 survivors (5120K)
 Metaspace       used 74778K, committed 75328K, reserved 1114112K
  class space    used 10026K, committed 10304K, reserved 1048576K
}
Event: 11.119 GC heap before
{Heap before GC invocations=37 (full 0):
 garbage-first heap   total 140288K, used 115199K [0x0000000080000000, 0x0000000100000000)
  region size 1024K, 43 young (44032K), 5 survivors (5120K)
 Metaspace       used 78377K, committed 78976K, reserved 1122304K
  class space    used 10526K, committed 10816K, reserved 1048576K
}
Event: 11.126 GC heap after
{Heap after GC invocations=38 (full 0):
 garbage-first heap   total 168960K, used 79063K [0x0000000080000000, 0x0000000100000000)
  region size 1024K, 4 young (4096K), 4 survivors (4096K)
 Metaspace       used 78377K, committed 78976K, reserved 1122304K
  class space    used 10526K, committed 10816K, reserved 1048576K
}
Event: 11.522 GC heap before
{Heap before GC invocations=39 (full 0):
 garbage-first heap   total 168960K, used 101591K [0x0000000080000000, 0x0000000100000000)
  region size 1024K, 28 young (28672K), 4 survivors (4096K)
 Metaspace       used 80384K, committed 80960K, reserved 1122304K
  class space    used 10787K, committed 11072K, reserved 1048576K
}
Event: 11.528 GC heap after
{Heap after GC invocations=40 (full 0):
 garbage-first heap   total 168960K, used 81760K [0x0000000080000000, 0x0000000100000000)
  region size 1024K, 7 young (7168K), 7 survivors (7168K)
 Metaspace       used 80384K, committed 80960K, reserved 1122304K
  class space    used 10787K, committed 11072K, reserved 1048576K
}
Event: 11.539 GC heap before
{Heap before GC invocations=40 (full 0):
 garbage-first heap   total 168960K, used 87904K [0x0000000080000000, 0x0000000100000000)
  region size 1024K, 8 young (8192K), 7 survivors (7168K)
 Metaspace       used 80415K, committed 80960K, reserved 1122304K
  class space    used 10793K, committed 11072K, reserved 1048576K
}
Event: 11.544 GC heap after
{Heap after GC invocations=41 (full 0):
 garbage-first heap   total 168960K, used 88158K [0x0000000080000000, 0x0000000100000000)
  region size 1024K, 4 young (4096K), 4 survivors (4096K)
 Metaspace       used 80415K, committed 80960K, reserved 1122304K
  class space    used 10793K, committed 11072K, reserved 1048576K
}
Event: 11.735 GC heap before
{Heap before GC invocations=42 (full 0):
 garbage-first heap   total 168960K, used 94302K [0x0000000080000000, 0x0000000100000000)
  region size 1024K, 6 young (6144K), 4 survivors (4096K)
 Metaspace       used 80639K, committed 81152K, reserved 1122304K
  class space    used 10823K, committed 11072K, reserved 1048576K
}
Event: 11.738 GC heap after
{Heap after GC invocations=43 (full 0):
 garbage-first heap   total 168960K, used 81713K [0x0000000080000000, 0x0000000100000000)
  region size 1024K, 4 young (4096K), 4 survivors (4096K)
 Metaspace       used 80639K, committed 81152K, reserved 1122304K
  class space    used 10823K, committed 11072K, reserved 1048576K
}
Event: 16.686 GC heap before
{Heap before GC invocations=44 (full 0):
 garbage-first heap   total 193536K, used 167729K [0x0000000080000000, 0x0000000100000000)
  region size 1024K, 60 young (61440K), 4 survivors (4096K)
 Metaspace       used 85210K, committed 85824K, reserved 1130496K
  class space    used 11193K, committed 11456K, reserved 1048576K
}
Event: 16.693 GC heap after
{Heap after GC invocations=45 (full 0):
 garbage-first heap   total 193536K, used 86749K [0x0000000080000000, 0x0000000100000000)
  region size 1024K, 8 young (8192K), 8 survivors (8192K)
 Metaspace       used 85210K, committed 85824K, reserved 1130496K
  class space    used 11193K, committed 11456K, reserved 1048576K
}
Event: 65.172 GC heap before
{Heap before GC invocations=45 (full 0):
 garbage-first heap   total 193536K, used 157405K [0x0000000080000000, 0x0000000100000000)
  region size 1024K, 76 young (77824K), 8 survivors (8192K)
 Metaspace       used 86058K, committed 86720K, reserved 1130496K
  class space    used 11230K, committed 11520K, reserved 1048576K
}
Event: 65.181 GC heap after
{Heap after GC invocations=46 (full 0):
 garbage-first heap   total 193536K, used 93774K [0x0000000080000000, 0x0000000100000000)
  region size 1024K, 10 young (10240K), 10 survivors (10240K)
 Metaspace       used 86058K, committed 86720K, reserved 1130496K
  class space    used 11230K, committed 11520K, reserved 1048576K
}
Event: 65.587 GC heap before
{Heap before GC invocations=46 (full 0):
 garbage-first heap   total 193536K, used 132686K [0x0000000080000000, 0x0000000100000000)
  region size 1024K, 49 young (50176K), 10 survivors (10240K)
 Metaspace       used 87250K, committed 87936K, reserved 1130496K
  class space    used 11358K, committed 11712K, reserved 1048576K
}
Event: 65.599 GC heap after
{Heap after GC invocations=47 (full 0):
 garbage-first heap   total 193536K, used 107705K [0x0000000080000000, 0x0000000100000000)
  region size 1024K, 9 young (9216K), 9 survivors (9216K)
 Metaspace       used 87250K, committed 87936K, reserved 1130496K
  class space    used 11358K, committed 11712K, reserved 1048576K
}
Event: 66.415 GC heap before
{Heap before GC invocations=48 (full 0):
 garbage-first heap   total 209920K, used 157880K [0x0000000080000000, 0x0000000100000000)
  region size 1024K, 45 young (46080K), 9 survivors (9216K)
 Metaspace       used 90574K, committed 91264K, reserved 1130496K
  class space    used 11706K, committed 12032K, reserved 1048576K
}
Event: 66.422 GC heap after
{Heap after GC invocations=49 (full 0):
 garbage-first heap   total 209920K, used 110230K [0x0000000080000000, 0x0000000100000000)
  region size 1024K, 3 young (3072K), 3 survivors (3072K)
 Metaspace       used 90574K, committed 91264K, reserved 1130496K
  class space    used 11706K, committed 12032K, reserved 1048576K
}
Event: 67.747 GC heap before
{Heap before GC invocations=49 (full 0):
 garbage-first heap   total 209920K, used 156310K [0x0000000080000000, 0x0000000100000000)
  region size 1024K, 49 young (50176K), 3 survivors (3072K)
 Metaspace       used 90887K, committed 91520K, reserved 1130496K
  class space    used 11722K, committed 12032K, reserved 1048576K
}
Event: 67.751 GC heap after
{Heap after GC invocations=50 (full 0):
 garbage-first heap   total 209920K, used 112375K [0x0000000080000000, 0x0000000100000000)
  region size 1024K, 5 young (5120K), 5 survivors (5120K)
 Metaspace       used 90887K, committed 91520K, reserved 1130496K
  class space    used 11722K, committed 12032K, reserved 1048576K
}

Deoptimization events (20 events):
Event: 67.918 Thread 0x000002c18857f010 DEOPT PACKING pc=0x000002c1f7d13aec sp=0x000000c6668fbe20
Event: 67.918 Thread 0x000002c18857f010 DEOPT UNPACKING pc=0x000002c1efc1f92e sp=0x000000c6668fbdc8 mode 2
Event: 67.971 Thread 0x000002c1e844d930 DEOPT PACKING pc=0x000002c1f0aa7251 sp=0x000000c6649fde60
Event: 67.971 Thread 0x000002c1e844d930 DEOPT UNPACKING pc=0x000002c1efc1e77e sp=0x000000c6649fd330 mode 0
Event: 73.119 Thread 0x000002c18857f010 Uncommon trap: trap_request=0xffffff45 fr.pc=0x000002c1f7a3698c relative=0x000000000000064c
Event: 73.119 Thread 0x000002c18857f010 Uncommon trap: reason=unstable_if action=reinterpret pc=0x000002c1f7a3698c method=java.lang.ThreadLocal$ThreadLocalMap.set(Ljava/lang/ThreadLocal;Ljava/lang/Object;)V @ 53 c2
Event: 73.119 Thread 0x000002c18857f010 DEOPT PACKING pc=0x000002c1f7a3698c sp=0x000000c6668fef30
Event: 73.119 Thread 0x000002c18857f010 DEOPT UNPACKING pc=0x000002c1efc1f92e sp=0x000000c6668fee70 mode 2
Event: 73.181 Thread 0x000002c18857f010 Uncommon trap: trap_request=0xffffff76 fr.pc=0x000002c1f7bae13c relative=0x000000000000019c
Event: 73.181 Thread 0x000002c18857f010 Uncommon trap: reason=predicate action=maybe_recompile pc=0x000002c1f7bae13c method=java.util.LinkedHashMap.keysToArray([Ljava/lang/Object;)[Ljava/lang/Object; @ 12 c2
Event: 73.181 Thread 0x000002c18857f010 DEOPT PACKING pc=0x000002c1f7bae13c sp=0x000000c6668f85f0
Event: 73.181 Thread 0x000002c18857f010 DEOPT UNPACKING pc=0x000002c1efc1f92e sp=0x000000c6668f85b8 mode 2
Event: 73.384 Thread 0x000002c18abb80d0 Uncommon trap: trap_request=0xffffff45 fr.pc=0x000002c1f7be0a54 relative=0x0000000000000af4
Event: 73.384 Thread 0x000002c18abb80d0 Uncommon trap: reason=unstable_if action=reinterpret pc=0x000002c1f7be0a54 method=java.util.concurrent.ConcurrentLinkedQueue.updateHead(Ljava/util/concurrent/ConcurrentLinkedQueue$Node;Ljava/util/concurrent/ConcurrentLinkedQueue$Node;)V @ 14 c2
Event: 73.384 Thread 0x000002c18abb80d0 DEOPT PACKING pc=0x000002c1f7be0a54 sp=0x000000c66d0fe760
Event: 73.384 Thread 0x000002c18abb80d0 DEOPT UNPACKING pc=0x000002c1efc1f92e sp=0x000000c66d0fe638 mode 2
Event: 73.384 Thread 0x000002c18abb90c0 Uncommon trap: trap_request=0xffffff45 fr.pc=0x000002c1f79b0828 relative=0x0000000000000488
Event: 73.384 Thread 0x000002c18abb90c0 Uncommon trap: reason=unstable_if action=reinterpret pc=0x000002c1f79b0828 method=java.util.concurrent.ConcurrentLinkedQueue.poll()Ljava/lang/Object; @ 24 c2
Event: 73.384 Thread 0x000002c18abb90c0 DEOPT PACKING pc=0x000002c1f79b0828 sp=0x000000c66d4fe360
Event: 73.384 Thread 0x000002c18abb90c0 DEOPT UNPACKING pc=0x000002c1efc1f92e sp=0x000000c66d4fe310 mode 2

Classes unloaded (7 events):
Event: 10.398 Thread 0x000002c18659b990 Unloading class 0x0000000801611800 'java/lang/invoke/LambdaForm$DMH+0x0000000801611800'
Event: 10.398 Thread 0x000002c18659b990 Unloading class 0x0000000801611c00 'java/lang/invoke/LambdaForm$DMH+0x0000000801611c00'
Event: 10.398 Thread 0x000002c18659b990 Unloading class 0x0000000801611400 'java/lang/invoke/LambdaForm$DMH+0x0000000801611400'
Event: 10.398 Thread 0x000002c18659b990 Unloading class 0x0000000801611000 'java/lang/invoke/LambdaForm$DMH+0x0000000801611000'
Event: 10.398 Thread 0x000002c18659b990 Unloading class 0x0000000801610c00 'java/lang/invoke/LambdaForm$DMH+0x0000000801610c00'
Event: 10.398 Thread 0x000002c18659b990 Unloading class 0x0000000801610800 'java/lang/invoke/LambdaForm$DMH+0x0000000801610800'
Event: 10.398 Thread 0x000002c18659b990 Unloading class 0x0000000801610000 'java/lang/invoke/LambdaForm$DMH+0x0000000801610000'

Classes redefined (0 events):
No events

Internal exceptions (20 events):
Event: 65.674 Thread 0x000002c1883bb6e0 Exception <a 'java/lang/NoSuchMethodError'{0x000000008ba065f8}: static Lcom/android/ide/common/resources/CompileResourceRequest;.<clinit>()V> (0x000000008ba065f8) 
thrown [t:\workspace\open\src\hotspot\share\prims\jni.cpp, line 1210]
Event: 65.687 Thread 0x000002c1883bb6e0 Exception <a 'java/lang/NoSuchMethodError'{0x000000008ba80a58}: static Lkotlin/InitializedLazyImpl;.<clinit>()V> (0x000000008ba80a58) 
thrown [t:\workspace\open\src\hotspot\share\prims\jni.cpp, line 1210]
Event: 66.196 Thread 0x000002c1883bb6e0 Exception <a 'java/lang/NoSuchMethodError'{0x000000008ac40460}: static Lcom/android/builder/internal/aapt/AaptOptions;.<clinit>()V> (0x000000008ac40460) 
thrown [t:\workspace\open\src\hotspot\share\prims\jni.cpp, line 1210]
Event: 66.198 Thread 0x000002c1883bb6e0 Exception <a 'java/lang/NoSuchMethodError'{0x000000008ac53998}: static Ljava/lang/Object;.<clinit>()V> (0x000000008ac53998) 
thrown [t:\workspace\open\src\hotspot\share\prims\jni.cpp, line 1210]
Event: 66.270 Thread 0x000002c1883b6730 Exception <a 'java/lang/NoSuchMethodError'{0x000000008aaf5af8}: 'void java.lang.invoke.DirectMethodHandle$Holder.invokeStatic(java.lang.Object, long)'> (0x000000008aaf5af8) 
thrown [t:\workspace\open\src\hotspot\share\interpreter\linkResolver.cpp, line 790]
Event: 66.271 Thread 0x000002c1883b6730 Exception <a 'java/lang/NoSuchMethodError'{0x000000008aafb818}: 'java.lang.Object java.lang.invoke.DirectMethodHandle$Holder.newInvokeSpecial(java.lang.Object, long)'> (0x000000008aafb818) 
thrown [t:\workspace\open\src\hotspot\share\interpreter\linkResolver.cpp, line 790]
Event: 66.274 Thread 0x000002c1883b6730 Exception <a 'java/lang/NoSuchMethodError'{0x000000008a902f70}: 'java.lang.Object java.lang.invoke.DirectMethodHandle$Holder.invokeStatic(java.lang.Object, java.lang.Object, long, java.lang.Object)'> (0x000000008a902f70) 
thrown [t:\workspace\open\src\hotspot\share\interpreter\linkResolver.cpp, line 790]
Event: 66.275 Thread 0x000002c1883b6730 Exception <a 'java/lang/NoSuchMethodError'{0x000000008a9073f8}: 'java.lang.Object java.lang.invoke.DirectMethodHandle$Holder.invokeStaticInit(java.lang.Object, java.lang.Object, long, java.lang.Object)'> (0x000000008a9073f8) 
thrown [t:\workspace\open\src\hotspot\share\interpreter\linkResolver.cpp, line 790]
Event: 66.276 Thread 0x000002c1883b6730 Exception <a 'java/lang/NoSuchMethodError'{0x000000008a90e4c0}: 'java.lang.Object java.lang.invoke.DirectMethodHandle$Holder.newInvokeSpecial(java.lang.Object, java.lang.Object, long)'> (0x000000008a90e4c0) 
thrown [t:\workspace\open\src\hotspot\share\interpreter\linkResolver.cpp, line 790]
Event: 66.277 Thread 0x000002c1883b6730 Exception <a 'java/lang/NoSuchMethodError'{0x000000008a912730}: 'java.lang.Object java.lang.invoke.Invokers$Holder.linkToTargetMethod(java.lang.Object, long, java.lang.Object)'> (0x000000008a912730) 
thrown [t:\workspace\open\src\hotspot\share\interpreter\linkResolver.cpp, line 790]
Event: 66.428 Thread 0x000002c1883b6730 Exception <a 'java/lang/NoSuchMethodError'{0x000000008cc138a0}: 'int java.lang.invoke.DirectMethodHandle$Holder.invokeSpecialIFC(java.lang.Object, java.lang.Object, java.lang.Object)'> (0x000000008cc138a0) 
thrown [t:\workspace\open\src\hotspot\share\interpreter\linkResolver.cpp, line 790]
Event: 67.543 Thread 0x000002c1883b6730 Exception <a 'sun/nio/fs/WindowsException'{0x000000008b6e7a50}> (0x000000008b6e7a50) 
thrown [t:\workspace\open\src\hotspot\share\prims\jni.cpp, line 579]
Event: 67.543 Thread 0x000002c1883b6730 Exception <a 'sun/nio/fs/WindowsException'{0x000000008b6e7e70}> (0x000000008b6e7e70) 
thrown [t:\workspace\open\src\hotspot\share\prims\jni.cpp, line 579]
Event: 67.580 Thread 0x000002c1883b6730 Implicit null exception at 0x000002c1f7882fda to 0x000002c1f7883160
Event: 67.580 Thread 0x000002c1883b6730 Implicit null exception at 0x000002c1f77660bf to 0x000002c1f7766218
Event: 67.893 Thread 0x000002c18857f010 Implicit null exception at 0x000002c1f7c8d85e to 0x000002c1f7c8dc8c
Event: 67.896 Thread 0x000002c1883b81c0 Exception <a 'sun/nio/fs/WindowsException'{0x000000008eac9340}> (0x000000008eac9340) 
thrown [t:\workspace\open\src\hotspot\share\prims\jni.cpp, line 579]
Event: 67.898 Thread 0x000002c18857f010 Exception <a 'sun/nio/fs/WindowsException'{0x000000008ea5d0e8}> (0x000000008ea5d0e8) 
thrown [t:\workspace\open\src\hotspot\share\prims\jni.cpp, line 579]
Event: 67.898 Thread 0x000002c18857f010 Exception <a 'sun/nio/fs/WindowsException'{0x000000008ea5d4a8}> (0x000000008ea5d4a8) 
thrown [t:\workspace\open\src\hotspot\share\prims\jni.cpp, line 579]
Event: 67.898 Thread 0x000002c18857f010 Exception <a 'sun/nio/fs/WindowsException'{0x000000008ea5ee08}> (0x000000008ea5ee08) 
thrown [t:\workspace\open\src\hotspot\share\prims\jni.cpp, line 579]

Events (20 events):
Event: 73.361 Thread 0x000002c18abb7630 Thread added: 0x000002c18abb7630
Event: 73.361 Thread 0x000002c18abb1be0 Thread added: 0x000002c18abb1be0
Event: 73.362 Thread 0x000002c18abb3670 Thread added: 0x000002c18abb3670
Event: 73.362 Thread 0x000002c18abb7b80 Thread added: 0x000002c18abb7b80
Event: 73.362 Thread 0x000002c18abb8b70 Thread added: 0x000002c18abb8b70
Event: 73.363 Thread 0x000002c18abb3bc0 Thread added: 0x000002c18abb3bc0
Event: 73.363 Thread 0x000002c18abb4110 Thread added: 0x000002c18abb4110
Event: 73.363 Thread 0x000002c18abb4660 Thread added: 0x000002c18abb4660
Event: 73.363 Thread 0x000002c18abb4bb0 Thread added: 0x000002c18abb4bb0
Event: 73.363 Thread 0x000002c189a02b10 Thread added: 0x000002c189a02b10
Event: 73.363 Thread 0x000002c189a06030 Thread added: 0x000002c189a06030
Event: 73.363 Thread 0x000002c189a04af0 Thread added: 0x000002c189a04af0
Event: 73.364 Thread 0x000002c189a035b0 Thread added: 0x000002c189a035b0
Event: 73.364 Thread 0x000002c189a03060 Thread added: 0x000002c189a03060
Event: 73.364 Thread 0x000002c189a00090 Thread added: 0x000002c189a00090
Event: 73.364 Thread 0x000002c189a04050 Thread added: 0x000002c189a04050
Event: 73.365 Thread 0x000002c189a05ae0 Thread added: 0x000002c189a05ae0
Event: 73.365 Thread 0x000002c189a07020 Thread added: 0x000002c189a07020
Event: 73.365 Thread 0x000002c189a07570 Thread added: 0x000002c189a07570
Event: 73.365 Thread 0x000002c189a03b00 Thread added: 0x000002c189a03b00


Dynamic libraries:
0x00007ff7f63b0000 - 0x00007ff7f63c0000 	C:\Program Files\Java\jdk-16.0.2\bin\java.exe
0x00007ff803810000 - 0x00007ff803a08000 	C:\WINDOWS\SYSTEM32\ntdll.dll
0x00007ff801930000 - 0x00007ff8019ed000 	C:\WINDOWS\System32\KERNEL32.DLL
0x00007ff8015a0000 - 0x00007ff80186e000 	C:\WINDOWS\System32\KERNELBASE.dll
0x00007ff8011d0000 - 0x00007ff8012d0000 	C:\WINDOWS\System32\ucrtbase.dll
0x00007ffffadb0000 - 0x00007ffffadc8000 	C:\Program Files\Java\jdk-16.0.2\bin\jli.dll
0x00007ffff9f50000 - 0x00007ffff9f69000 	C:\Program Files\Java\jdk-16.0.2\bin\VCRUNTIME140.dll
0x00007ff8032b0000 - 0x00007ff80335e000 	C:\WINDOWS\System32\ADVAPI32.dll
0x00007ff802f30000 - 0x00007ff802fce000 	C:\WINDOWS\System32\msvcrt.dll
0x00007ff802000000 - 0x00007ff80209c000 	C:\WINDOWS\System32\sechost.dll
0x00007ff802fd0000 - 0x00007ff8030f5000 	C:\WINDOWS\System32\RPCRT4.dll
0x00007ff8020a0000 - 0x00007ff802240000 	C:\WINDOWS\System32\USER32.dll
0x00007fffead00000 - 0x00007fffeaf9a000 	C:\WINDOWS\WinSxS\amd64_microsoft.windows.common-controls_6595b64144ccf1df_6.0.19041.1110_none_60b5254171f9507e\COMCTL32.dll
0x00007ff800f30000 - 0x00007ff800f52000 	C:\WINDOWS\System32\win32u.dll
0x00007ff803520000 - 0x00007ff80354a000 	C:\WINDOWS\System32\GDI32.dll
0x00007ff801020000 - 0x00007ff80112b000 	C:\WINDOWS\System32\gdi32full.dll
0x00007ff801130000 - 0x00007ff8011cd000 	C:\WINDOWS\System32\msvcp_win.dll
0x00007ffffb480000 - 0x00007ffffb48a000 	C:\WINDOWS\SYSTEM32\VERSION.dll
0x00007ff803360000 - 0x00007ff803390000 	C:\WINDOWS\System32\IMM32.DLL
0x00007ffffe100000 - 0x00007ffffe10c000 	C:\Program Files\Java\jdk-16.0.2\bin\vcruntime140_1.dll
0x00007fffee560000 - 0x00007fffee5f1000 	C:\Program Files\Java\jdk-16.0.2\bin\msvcp140.dll
0x00007fff9ca20000 - 0x00007fff9d5cb000 	C:\Program Files\Java\jdk-16.0.2\bin\server\jvm.dll
0x00007ff8022a0000 - 0x00007ff8022a8000 	C:\WINDOWS\System32\PSAPI.DLL
0x00007ffffe070000 - 0x00007ffffe079000 	C:\WINDOWS\SYSTEM32\WSOCK32.dll
0x00007ffffeda0000 - 0x00007ffffedc7000 	C:\WINDOWS\SYSTEM32\WINMM.dll
0x00007ff801eb0000 - 0x00007ff801f1b000 	C:\WINDOWS\System32\WS2_32.dll
0x00007fffff7e0000 - 0x00007fffff7f2000 	C:\WINDOWS\SYSTEM32\kernel.appcore.dll
0x00007fffee8f0000 - 0x00007fffee8fa000 	C:\Program Files\Java\jdk-16.0.2\bin\jimage.dll
0x00007ffffebb0000 - 0x00007ffffed94000 	C:\WINDOWS\SYSTEM32\DBGHELP.DLL
0x00007ffffeb80000 - 0x00007ffffebac000 	C:\WINDOWS\SYSTEM32\dbgcore.DLL
0x00007ff800f60000 - 0x00007ff800fe2000 	C:\WINDOWS\System32\bcryptPrimitives.dll
0x00007fffee530000 - 0x00007fffee555000 	C:\Program Files\Java\jdk-16.0.2\bin\java.dll
0x00007ff8027e0000 - 0x00007ff802f24000 	C:\WINDOWS\System32\SHELL32.dll
0x00007fffff000000 - 0x00007fffff794000 	C:\WINDOWS\SYSTEM32\windows.storage.dll
0x00007ff8019f0000 - 0x00007ff801d44000 	C:\WINDOWS\System32\combase.dll
0x00007ff800990000 - 0x00007ff8009c0000 	C:\WINDOWS\SYSTEM32\Wldp.dll
0x00007ff8022b0000 - 0x00007ff80235d000 	C:\WINDOWS\System32\SHCORE.dll
0x00007ff801f20000 - 0x00007ff801f75000 	C:\WINDOWS\System32\shlwapi.dll
0x00007ff800e70000 - 0x00007ff800e8f000 	C:\WINDOWS\SYSTEM32\profapi.dll
0x00007fffee510000 - 0x00007fffee529000 	C:\Program Files\Java\jdk-16.0.2\bin\net.dll
0x00007fffeb9a0000 - 0x00007fffebaaa000 	C:\WINDOWS\SYSTEM32\WINHTTP.dll
0x00007ff8006f0000 - 0x00007ff80075a000 	C:\WINDOWS\system32\mswsock.dll
0x00007fffee4f0000 - 0x00007fffee503000 	C:\Program Files\Java\jdk-16.0.2\bin\nio.dll
0x00007fffee4d0000 - 0x00007fffee4e8000 	C:\Program Files\Java\jdk-16.0.2\bin\zip.dll
0x00007fffee4c0000 - 0x00007fffee4d0000 	C:\Program Files\Java\jdk-16.0.2\bin\verify.dll
0x00007ffffae70000 - 0x00007ffffae97000 	C:\Users\ITECH\.gradle\native\e1d6ef7f7dcc3fd88c89a11ec53ec762bb8ba0a96d01ffa2cd45eb1d1d8dd5c5\windows-amd64\native-platform.dll
0x00007fffd3cb0000 - 0x00007fffd3df4000 	C:\Users\ITECH\.gradle\native\5664cfc778a61ccfe75a443a1ab52a65af34e5dc3c78e0209fed803814484fcb\windows-amd64\native-platform-file-events.dll
0x00007fffee4b0000 - 0x00007fffee4b9000 	C:\Program Files\Java\jdk-16.0.2\bin\management.dll
0x00007fffee480000 - 0x00007fffee48b000 	C:\Program Files\Java\jdk-16.0.2\bin\management_ext.dll
0x00007ff8008e0000 - 0x00007ff8008f8000 	C:\WINDOWS\SYSTEM32\CRYPTSP.dll
0x00007ff800000000 - 0x00007ff800034000 	C:\WINDOWS\system32\rsaenh.dll
0x00007ff800ff0000 - 0x00007ff801017000 	C:\WINDOWS\System32\bcrypt.dll
0x00007ff800df0000 - 0x00007ff800e1e000 	C:\WINDOWS\SYSTEM32\USERENV.dll
0x00007ff800900000 - 0x00007ff80090c000 	C:\WINDOWS\SYSTEM32\CRYPTBASE.dll
0x00007ff800390000 - 0x00007ff8003cb000 	C:\WINDOWS\SYSTEM32\IPHLPAPI.DLL
0x00007ff801870000 - 0x00007ff801878000 	C:\WINDOWS\System32\NSI.dll
0x00007ffff6270000 - 0x00007ffff6287000 	C:\WINDOWS\SYSTEM32\dhcpcsvc6.DLL
0x00007ffff6740000 - 0x00007ffff675d000 	C:\WINDOWS\SYSTEM32\dhcpcsvc.DLL
0x00007ff8003d0000 - 0x00007ff80049a000 	C:\WINDOWS\SYSTEM32\DNSAPI.dll
0x00007fffee470000 - 0x00007fffee47e000 	C:\Program Files\Java\jdk-16.0.2\bin\sunmscapi.dll
0x00007ff8013f0000 - 0x00007ff801546000 	C:\WINDOWS\System32\CRYPT32.dll
0x00007ff800a00000 - 0x00007ff800a27000 	C:\WINDOWS\SYSTEM32\ncrypt.dll
0x00007ff8009c0000 - 0x00007ff8009fb000 	C:\WINDOWS\SYSTEM32\NTASN1.dll
0x00007fffdae80000 - 0x00007fffdae87000 	C:\WINDOWS\system32\wshunix.dll
0x00007fffffc20000 - 0x00007fffffc53000 	C:\WINDOWS\SYSTEM32\ntmarta.dll

dbghelp: loaded successfully - version: 4.0.5 - missing functions: none
symbol engine: initialized successfully - sym options: 0x614 - pdb path: .;C:\Program Files\Java\jdk-16.0.2\bin;C:\WINDOWS\SYSTEM32;C:\WINDOWS\WinSxS\amd64_microsoft.windows.common-controls_6595b64144ccf1df_6.0.19041.1110_none_60b5254171f9507e;C:\Program Files\Java\jdk-16.0.2\bin\server;C:\Users\ITECH\.gradle\native\e1d6ef7f7dcc3fd88c89a11ec53ec762bb8ba0a96d01ffa2cd45eb1d1d8dd5c5\windows-amd64;C:\Users\ITECH\.gradle\native\5664cfc778a61ccfe75a443a1ab52a65af34e5dc3c78e0209fed803814484fcb\windows-amd64

VM Arguments:
jvm_args: --add-opens=java.base/java.util=ALL-UNNAMED --add-opens=java.base/java.lang=ALL-UNNAMED --add-opens=java.base/java.lang.invoke=ALL-UNNAMED --add-opens=java.base/java.util=ALL-UNNAMED --add-opens=java.prefs/java.util.prefs=ALL-UNNAMED --add-opens=java.prefs/java.util.prefs=ALL-UNNAMED --add-opens=java.base/java.nio.charset=ALL-UNNAMED --add-opens=java.base/java.net=ALL-UNNAMED --add-opens=java.base/java.util.concurrent.atomic=ALL-UNNAMED -Xmx2048m -Dfile.encoding=UTF-8 -Duser.country=US -Duser.language=en -Duser.variant 
java_command: org.gradle.launcher.daemon.bootstrap.GradleDaemon 7.3.3
java_class_path (initial): C:\Users\ITECH\.gradle\wrapper\dists\gradle-7.3.3-bin\6a41zxkdtcxs8rphpq6y0069z\gradle-7.3.3\lib\gradle-launcher-7.3.3.jar
Launcher Type: SUN_STANDARD

[Global flags]
     intx CICompilerCount                          = 4                                         {product} {ergonomic}
     uint ConcGCThreads                            = 2                                         {product} {ergonomic}
     uint G1ConcRefinementThreads                  = 8                                         {product} {ergonomic}
   size_t G1HeapRegionSize                         = 1048576                                   {product} {ergonomic}
    uintx GCDrainStackTargetSize                   = 64                                        {product} {ergonomic}
   size_t InitialHeapSize                          = 132120576                                 {product} {ergonomic}
   size_t MarkStackSize                            = 4194304                                   {product} {ergonomic}
   size_t MaxHeapSize                              = 2147483648                                {product} {command line}
   size_t MaxNewSize                               = 1287651328                                {product} {ergonomic}
   size_t MinHeapDeltaBytes                        = 1048576                                   {product} {ergonomic}
   size_t MinHeapSize                              = 8388608                                   {product} {ergonomic}
    uintx NonNMethodCodeHeapSize                   = 5839372                                {pd product} {ergonomic}
    uintx NonProfiledCodeHeapSize                  = 122909434                              {pd product} {ergonomic}
    uintx ProfiledCodeHeapSize                     = 122909434                              {pd product} {ergonomic}
    uintx ReservedCodeCacheSize                    = 251658240                              {pd product} {ergonomic}
     bool SegmentedCodeCache                       = true                                      {product} {ergonomic}
   size_t SoftMaxHeapSize                          = 2147483648                             {manageable} {ergonomic}
     bool UseCompressedClassPointers               = true                           {product lp64_product} {ergonomic}
     bool UseCompressedOops                        = true                           {product lp64_product} {ergonomic}
     bool UseG1GC                                  = true                                      {product} {ergonomic}
     bool UseLargePagesIndividualAllocation        = false                                  {pd product} {ergonomic}

Logging:
Log output configuration:
 #0: stdout all=warning uptime,level,tags
 #1: stderr all=off uptime,level,tags

Environment Variables:
JAVA_HOME=C:\Program Files\Java\jdk-16.0.2
PATH=C:\Program Files\Python37\Scripts\;C:\Program Files\Python37\;C:\ProgramData\Oracle\Java\javapath;C:\app\ITECH\product\11.2.0\dbhome_1\bin;C:\Program Files\Common Files\Oracle\Java\javapath;C:\Program Files (x86)\Common Files\Oracle\Java\javapath;C:\WINDOWS\system32;C:\WINDOWS;C:\WINDOWS\System32\Wbem;C:\WINDOWS\System32\WindowsPowerShell\v1.0\;C:\WINDOWS\System32\OpenSSH\;C:\Program Files\Microsoft SQL Server\130\Tools\Binn\;C:\Program Files\Microsoft SQL Server\Client SDK\ODBC\170\Tools\Binn\;C:\Program Files\dotnet\;C:\Program Files\nodejs\;C:\Program Files\Java\jdk-16.0.2\bin;C:\Program Files\Git\cmd;C:\Program Files\Java\jdk-16.0.2\bin;
USERNAME=ITECH
OS=Windows_NT
PROCESSOR_IDENTIFIER=Intel64 Family 6 Model 126 Stepping 5, GenuineIntel



---------------  S Y S T E M  ---------------

OS:
 Windows 10 , 64 bit Build 19041 (10.0.19041.1889)
OS uptime: 0 days 2:03 hours

CPU: total 8 (initial active 8) (4 cores per cpu, 2 threads per core) family 6 model 126 stepping 5 microcode 0xb0, cx8, cmov, fxsr, ht, mmx, 3dnowpref, sse, sse2, sse3, ssse3, sse4.1, sse4.2, popcnt, lzcnt, tsc, tscinvbit, avx, avx2, aes, erms, clmul, bmi1, bmi2, adx, avx512f, avx512dq, avx512cd, avx512bw, avx512vl, sha, fma, vzeroupper, avx512_vpopcntdq, avx512_vpclmulqdq, avx512_vaes, avx512_vnni, clflush, clflushopt, avx512_vmbi2, avx512_vmbi

Memory: 4k page, system-wide physical 7959M (832M free)
TotalPageFile size 7959M (AvailPageFile size 3M)
current process WorkingSet (physical memory assigned to process): 535M, peak: 538M
current process commit charge ("private bytes"): 587M, peak: 591M

vm_info: Java HotSpot(TM) 64-Bit Server VM (16.0.2+7-67) for windows-amd64 JRE (16.0.2+7-67), built on Jun  8 2021 23:24:19 by "mach5one" with MS VC++ 16.7 (VS2019)

END.
