#
# There is insufficient memory for the Java Runtime Environment to continue.
# Native memory allocation (malloc) failed to allocate 341616 bytes for Chunk::new
# Possible reasons:
#   The system is out of physical RAM or swap space
#   The process is running with CompressedOops enabled, and the Java Heap may be blocking the growth of the native heap
# Possible solutions:
#   Reduce memory load on the system
#   Increase physical memory or swap space
#   Check if swap backing store is full
#   Decrease Java heap size (-Xmx/-Xms)
#   Decrease number of Java threads
#   Decrease Java thread stack sizes (-Xss)
#   Set larger code cache with -XX:ReservedCodeCacheSize=
#   JVM is running with Unscaled Compressed Oops mode in which the Java heap is
#     placed in the first 4GB address space. The Java Heap base address is the
#     maximum limit for the native heap growth. Please use -XX:HeapBaseMinAddress
#     to set the Java Heap base and to place the Java Heap above 4GB virtual address.
# This output file may be truncated or incomplete.
#
#  Out of Memory Error (arena.cpp:195), pid=4600, tid=10536
#
# JRE version: Java(TM) SE Runtime Environment (16.0.2+7) (build 16.0.2+7-67)
# Java VM: Java HotSpot(TM) 64-Bit Server VM (16.0.2+7-67, mixed mode, sharing, tiered, compressed oops, compressed class ptrs, g1 gc, windows-amd64)
# No core dump will be written. Minidumps are not enabled by default on client versions of Windows
#

---------------  S U M M A R Y ------------

Command Line: --add-opens=java.base/java.util=ALL-UNNAMED --add-opens=java.base/java.lang=ALL-UNNAMED --add-opens=java.base/java.lang.invoke=ALL-UNNAMED --add-opens=java.base/java.util=ALL-UNNAMED --add-opens=java.prefs/java.util.prefs=ALL-UNNAMED --add-opens=java.prefs/java.util.prefs=ALL-UNNAMED --add-opens=java.base/java.nio.charset=ALL-UNNAMED --add-opens=java.base/java.net=ALL-UNNAMED --add-opens=java.base/java.util.concurrent.atomic=ALL-UNNAMED -Xmx2048m -Dfile.encoding=UTF-8 -Duser.country=US -Duser.language=en -Duser.variant org.gradle.launcher.daemon.bootstrap.GradleDaemon 7.3.3

Host: Intel(R) Core(TM) i7-1065G7 CPU @ 1.30GHz, 8 cores, 7G,  Windows 10 , 64 bit Build 19041 (10.0.19041.1889)
Time: Mon Aug 22 14:57:26 2022 Egypt Standard Time elapsed time: 1633.025979 seconds (0d 0h 27m 13s)

---------------  T H R E A D  ---------------

Current thread (0x0000023528f272a0):  JavaThread "C2 CompilerThread2" daemon [_thread_in_native, id=10536, stack(0x000000c200f00000,0x000000c201000000)]


Current CompileTask:
C2:1633026 16710   !   4       org.gradle.internal.service.DefaultServiceRegistry$ManagedObjectServiceProvider::getInstance (47 bytes)

Stack: [0x000000c200f00000,0x000000c201000000]
Native frames: (J=compiled Java code, j=interpreted, Vv=VM code, C=native code)
V  [jvm.dll+0x6681ca]
V  [jvm.dll+0x7c9e69]
V  [jvm.dll+0x7cb61e]
V  [jvm.dll+0x7cbc73]
V  [jvm.dll+0x242c55]
V  [jvm.dll+0xadeba]
V  [jvm.dll+0xae45c]
V  [jvm.dll+0x5574d3]
V  [jvm.dll+0x324e10]
V  [jvm.dll+0x32428a]
V  [jvm.dll+0x215cec]
V  [jvm.dll+0x215100]
V  [jvm.dll+0x1a1beb]
V  [jvm.dll+0x225158]
V  [jvm.dll+0x22319c]
V  [jvm.dll+0x77fa62]
V  [jvm.dll+0x7795aa]
V  [jvm.dll+0x667066]
C  [ucrtbase.dll+0x21bb2]
C  [KERNEL32.DLL+0x17034]
C  [ntdll.dll+0x52651]


---------------  P R O C E S S  ---------------

Threads class SMR info:
_java_thread_list=0x000002352570d980, length=130, elements={
0x00000235020929b0, 0x00000235220b0fd0, 0x00000235220b1ae0, 0x00000235220be880,
0x00000235220c12a0, 0x00000235220c1bb0, 0x00000235220c54e0, 0x00000235220c96d0,
0x00000235220d30f0, 0x00000235220e1e60, 0x0000023522cceeb0, 0x0000023522ccdec0,
0x0000023522ccfea0, 0x0000023522cd03f0, 0x0000023522cce960, 0x000002352464b1e0,
0x000002352464bc80, 0x000002352464a740, 0x00000235246506e0, 0x000002352464f1a0,
0x0000023524650190, 0x0000023524650c30, 0x0000023524649200, 0x000002352464cc70,
0x0000023524649750, 0x000002352464c1d0, 0x000002352464e1b0, 0x000002352464d1c0,
0x000002352464b730, 0x00000235251a41d0, 0x0000023529747b90, 0x00000235297480e0,
0x000002352861b6f0, 0x0000023528605690, 0x0000023527b25e40, 0x0000023527b28370,
0x000002352974b0b0, 0x00000235244f6920, 0x00000235244f6e70, 0x00000235244f73c0,
0x00000235244fa8e0, 0x00000235244f5930, 0x00000235244f7910, 0x0000023528f29990,
0x0000023528f272a0, 0x00000235244f9e40, 0x00000235244f83b0, 0x00000235244f7e60,
0x00000235244f3ea0, 0x00000235244f5e80, 0x00000235244f3400, 0x00000235244f63d0,
0x00000235244f3950, 0x00000235244f4940, 0x00000235244f8900, 0x00000235244f8e50,
0x00000235244f2eb0, 0x00000235244f43f0, 0x00000235244f4e90, 0x00000235244f93a0,
0x00000235244f98f0, 0x0000023528606bd0, 0x0000023528609100, 0x0000023528604bf0,
0x0000023528609650, 0x0000023528605be0, 0x0000023528606130, 0x0000023528602c10,
0x0000023528605140, 0x0000023528606680, 0x0000023528607120, 0x0000023528608bb0,
0x0000023528607670, 0x0000023528607bc0, 0x0000023528601c20, 0x0000023528603160,
0x0000023528608110, 0x0000023528603c00, 0x0000023528602170, 0x0000023528608660,
0x00000235286026c0, 0x00000235286036b0, 0x0000023528604150, 0x00000235286046a0,
0x000002352861b1a0, 0x00000235286206a0, 0x000002352861d6d0, 0x0000023528621140,
0x000002352861c190, 0x000002352861f160, 0x0000023528620150, 0x000002352861bc40,
0x000002352861cc30, 0x0000023528620bf0, 0x000002352861dc20, 0x000002352861c6e0,
0x000002352861f6b0, 0x0000023528621690, 0x000002352861d180, 0x000002352861e170,
0x000002352861e6c0, 0x0000023528619c60, 0x000002352861ec10, 0x000002352861a1b0,
0x000002352861fc00, 0x000002352861a700, 0x0000023527b26390, 0x0000023527b24900,
0x0000023527b233c0, 0x0000023527b278d0, 0x0000023527b24e50, 0x0000023527b26e30,
0x0000023527b268e0, 0x0000023527b243b0, 0x0000023527b27380, 0x0000023527b27e20,
0x0000023527b288c0, 0x0000023527b28e10, 0x0000023527b29360, 0x0000023527b29e00,
0x0000023527b2a8a0, 0x0000023527b253a0, 0x0000023527b258f0, 0x0000023527b22e70,
0x0000023527b23910, 0x0000023527b23e60, 0x00000235251a5710, 0x00000235251a0210,
0x00000235251a6c50, 0x00000235251a0760
}

Java Threads: ( => current thread )
  0x00000235020929b0 JavaThread "main" [_thread_blocked, id=10132, stack(0x000000c276e00000,0x000000c276f00000)]
  0x00000235220b0fd0 JavaThread "Reference Handler" daemon [_thread_blocked, id=11988, stack(0x000000c277500000,0x000000c277600000)]
  0x00000235220b1ae0 JavaThread "Finalizer" daemon [_thread_blocked, id=10780, stack(0x000000c277600000,0x000000c277700000)]
  0x00000235220be880 JavaThread "Signal Dispatcher" daemon [_thread_blocked, id=8832, stack(0x000000c277700000,0x000000c277800000)]
  0x00000235220c12a0 JavaThread "Attach Listener" daemon [_thread_blocked, id=6836, stack(0x000000c277800000,0x000000c277900000)]
  0x00000235220c1bb0 JavaThread "Service Thread" daemon [_thread_blocked, id=6596, stack(0x000000c277900000,0x000000c277a00000)]
  0x00000235220c54e0 JavaThread "Monitor Deflation Thread" daemon [_thread_blocked, id=8220, stack(0x000000c277a00000,0x000000c277b00000)]
  0x00000235220c96d0 JavaThread "C2 CompilerThread0" daemon [_thread_in_native, id=8216, stack(0x000000c277b00000,0x000000c277c00000)]
  0x00000235220d30f0 JavaThread "C1 CompilerThread0" daemon [_thread_in_native, id=8444, stack(0x000000c277c00000,0x000000c277d00000)]
  0x00000235220e1e60 JavaThread "Sweeper thread" daemon [_thread_blocked, id=10480, stack(0x000000c277d00000,0x000000c277e00000)]
  0x0000023522cceeb0 JavaThread "Common-Cleaner" daemon [_thread_blocked, id=5452, stack(0x000000c277e00000,0x000000c277f00000)]
  0x0000023522ccdec0 JavaThread "Notification Thread" daemon [_thread_blocked, id=2968, stack(0x000000c277f00000,0x000000c278000000)]
  0x0000023522ccfea0 JavaThread "Daemon health stats" [_thread_blocked, id=7600, stack(0x000000c278700000,0x000000c278800000)]
  0x0000023522cd03f0 JavaThread "Incoming local TCP Connector on port 49703" [_thread_in_native, id=13056, stack(0x000000c278800000,0x000000c278900000)]
  0x0000023522cce960 JavaThread "Daemon periodic checks" [_thread_blocked, id=11404, stack(0x000000c278900000,0x000000c278a00000)]
  0x000002352464b1e0 JavaThread "Cache worker for journal cache (C:\Users\ITECH\.gradle\caches\journal-1)" [_thread_blocked, id=8096, stack(0x000000c279100000,0x000000c279200000)]
  0x000002352464bc80 JavaThread "File lock request listener" [_thread_in_native, id=7300, stack(0x000000c279200000,0x000000c279300000)]
  0x000002352464a740 JavaThread "Cache worker for file hash cache (C:\Users\ITECH\.gradle\caches\7.3.3\fileHashes)" [_thread_blocked, id=11188, stack(0x000000c279300000,0x000000c279400000)]
  0x00000235246506e0 JavaThread "File watcher server" daemon [_thread_in_native, id=12136, stack(0x000000c279800000,0x000000c279900000)]
  0x000002352464f1a0 JavaThread "File watcher consumer" daemon [_thread_blocked, id=9996, stack(0x000000c279900000,0x000000c279a00000)]
  0x0000023524650190 JavaThread "jar transforms" [_thread_blocked, id=9040, stack(0x000000c279a00000,0x000000c279b00000)]
  0x0000023524650c30 JavaThread "jar transforms Thread 2" [_thread_blocked, id=3496, stack(0x000000c279b00000,0x000000c279c00000)]
  0x0000023524649200 JavaThread "jar transforms Thread 3" [_thread_blocked, id=8080, stack(0x000000c279c00000,0x000000c279d00000)]
  0x000002352464cc70 JavaThread "jar transforms Thread 4" [_thread_blocked, id=2452, stack(0x000000c279d00000,0x000000c279e00000)]
  0x0000023524649750 JavaThread "jar transforms Thread 5" [_thread_blocked, id=8872, stack(0x000000c279e00000,0x000000c279f00000)]
  0x000002352464c1d0 JavaThread "jar transforms Thread 6" [_thread_blocked, id=3900, stack(0x000000c279f00000,0x000000c27a000000)]
  0x000002352464e1b0 JavaThread "jar transforms Thread 7" [_thread_blocked, id=972, stack(0x000000c27a000000,0x000000c27a100000)]
  0x000002352464d1c0 JavaThread "jar transforms Thread 8" [_thread_blocked, id=7856, stack(0x000000c27a100000,0x000000c27a200000)]
  0x000002352464b730 JavaThread "Cache worker for execution history cache (C:\Users\ITECH\.gradle\caches\7.3.3\executionHistory)" [_thread_blocked, id=1076, stack(0x000000c27a600000,0x000000c27a700000)]
  0x00000235251a41d0 JavaThread "Cache worker for file content cache (C:\Users\ITECH\.gradle\caches\7.3.3\fileContent)" [_thread_blocked, id=2528, stack(0x000000c27a700000,0x000000c27a800000)]
  0x0000023529747b90 JavaThread "Memory manager" [_thread_blocked, id=8396, stack(0x000000c27fa00000,0x000000c27fb00000)]
  0x00000235297480e0 JavaThread "pool-3-thread-1" [_thread_blocked, id=12484, stack(0x000000c27fb00000,0x000000c27fc00000)]
  0x000002352861b6f0 JavaThread "pool-6-thread-1" [_thread_blocked, id=4032, stack(0x000000c206100000,0x000000c206200000)]
  0x0000023528605690 JavaThread "pool-9-thread-1" [_thread_blocked, id=2756, stack(0x000000c205f00000,0x000000c206000000)]
  0x0000023527b25e40 JavaThread "Daemon Thread 4" [_thread_blocked, id=7644, stack(0x000000c200600000,0x000000c200700000)]
  0x0000023527b28370 JavaThread "Daemon worker Thread 4" [_thread_in_vm, id=6380, stack(0x000000c200900000,0x000000c200a00000)]
  0x000002352974b0b0 JavaThread "pool-12-thread-1" [_thread_blocked, id=7408, stack(0x000000c206800000,0x000000c206900000)]
  0x00000235244f6920 JavaThread "Handler for socket connection from /127.0.0.1:49703 to /127.0.0.1:49774" [_thread_in_native, id=9408, stack(0x000000c200700000,0x000000c200800000)]
  0x00000235244f6e70 JavaThread "Cancel handler" [_thread_blocked, id=1496, stack(0x000000c200800000,0x000000c200900000)]
  0x00000235244f73c0 JavaThread "Asynchronous log dispatcher for DefaultDaemonConnection: socket connection from /127.0.0.1:49703 to /127.0.0.1:49774" [_thread_blocked, id=11680, stack(0x000000c200a00000,0x000000c200b00000)]
  0x00000235244fa8e0 JavaThread "Stdin handler" [_thread_blocked, id=10432, stack(0x000000c200b00000,0x000000c200c00000)]
  0x00000235244f5930 JavaThread "Daemon client event forwarder" [_thread_blocked, id=11672, stack(0x000000c200c00000,0x000000c200d00000)]
  0x00000235244f7910 JavaThread "Cache worker for file hash cache (C:\Users\ITECH\AndroidStudioProjects\yummy\.gradle\7.3.3\fileHashes)" [_thread_blocked, id=8596, stack(0x000000c200d00000,0x000000c200e00000)]
  0x0000023528f29990 JavaThread "C2 CompilerThread1" daemon [_thread_in_native, id=3924, stack(0x000000c200e00000,0x000000c200f00000)]
=>0x0000023528f272a0 JavaThread "C2 CompilerThread2" daemon [_thread_in_native, id=10536, stack(0x000000c200f00000,0x000000c201000000)]
  0x00000235244f9e40 JavaThread "Cache worker for checksums cache (C:\Users\ITECH\AndroidStudioProjects\yummy\.gradle\7.3.3\checksums)" [_thread_blocked, id=9100, stack(0x000000c201000000,0x000000c201100000)]
  0x00000235244f83b0 JavaThread "Cache worker for cache directory md-supplier (C:\Users\ITECH\.gradle\caches\7.3.3\md-supplier)" [_thread_blocked, id=11160, stack(0x000000c201100000,0x000000c201200000)]
  0x00000235244f7e60 JavaThread "Cache worker for cache directory md-rule (C:\Users\ITECH\.gradle\caches\7.3.3\md-rule)" [_thread_blocked, id=10576, stack(0x000000c201200000,0x000000c201300000)]
  0x00000235244f3ea0 JavaThread "Cache worker for dependencies-accessors (C:\Users\ITECH\AndroidStudioProjects\yummy\.gradle\7.3.3\dependencies-accessors)" [_thread_blocked, id=12212, stack(0x000000c201300000,0x000000c201400000)]
  0x00000235244f5e80 JavaThread "Cache worker for Build Output Cleanup Cache (C:\Users\ITECH\AndroidStudioProjects\yummy\.gradle\buildOutputCleanup)" [_thread_blocked, id=12768, stack(0x000000c201400000,0x000000c201500000)]
  0x00000235244f3400 JavaThread "Unconstrained build operations" [_thread_blocked, id=2900, stack(0x000000c201500000,0x000000c201600000)]
  0x00000235244f63d0 JavaThread "Unconstrained build operations Thread 2" [_thread_blocked, id=8812, stack(0x000000c201600000,0x000000c201700000)]
  0x00000235244f3950 JavaThread "Unconstrained build operations Thread 3" [_thread_blocked, id=8900, stack(0x000000c201700000,0x000000c201800000)]
  0x00000235244f4940 JavaThread "Unconstrained build operations Thread 4" [_thread_blocked, id=3152, stack(0x000000c201800000,0x000000c201900000)]
  0x00000235244f8900 JavaThread "Unconstrained build operations Thread 5" [_thread_blocked, id=8420, stack(0x000000c201900000,0x000000c201a00000)]
  0x00000235244f8e50 JavaThread "Unconstrained build operations Thread 6" [_thread_blocked, id=12356, stack(0x000000c201a00000,0x000000c201b00000)]
  0x00000235244f2eb0 JavaThread "Unconstrained build operations Thread 7" [_thread_blocked, id=8680, stack(0x000000c201b00000,0x000000c201c00000)]
  0x00000235244f43f0 JavaThread "Unconstrained build operations Thread 8" [_thread_blocked, id=13308, stack(0x000000c201c00000,0x000000c201d00000)]
  0x00000235244f4e90 JavaThread "Unconstrained build operations Thread 9" [_thread_blocked, id=11812, stack(0x000000c201d00000,0x000000c201e00000)]
  0x00000235244f93a0 JavaThread "Unconstrained build operations Thread 10" [_thread_blocked, id=10212, stack(0x000000c201e00000,0x000000c201f00000)]
  0x00000235244f98f0 JavaThread "Unconstrained build operations Thread 11" [_thread_blocked, id=8028, stack(0x000000c201f00000,0x000000c202000000)]
  0x0000023528606bd0 JavaThread "Unconstrained build operations Thread 12" [_thread_blocked, id=9264, stack(0x000000c202000000,0x000000c202100000)]
  0x0000023528609100 JavaThread "Unconstrained build operations Thread 13" [_thread_blocked, id=6680, stack(0x000000c202100000,0x000000c202200000)]
  0x0000023528604bf0 JavaThread "Unconstrained build operations Thread 14" [_thread_blocked, id=9148, stack(0x000000c202200000,0x000000c202300000)]
  0x0000023528609650 JavaThread "Unconstrained build operations Thread 15" [_thread_blocked, id=5540, stack(0x000000c202300000,0x000000c202400000)]
  0x0000023528605be0 JavaThread "Unconstrained build operations Thread 16" [_thread_blocked, id=9740, stack(0x000000c202400000,0x000000c202500000)]
  0x0000023528606130 JavaThread "Unconstrained build operations Thread 17" [_thread_blocked, id=8, stack(0x000000c202500000,0x000000c202600000)]
  0x0000023528602c10 JavaThread "Unconstrained build operations Thread 18" [_thread_blocked, id=11716, stack(0x000000c202600000,0x000000c202700000)]
  0x0000023528605140 JavaThread "Unconstrained build operations Thread 19" [_thread_blocked, id=12824, stack(0x000000c202700000,0x000000c202800000)]
  0x0000023528606680 JavaThread "Unconstrained build operations Thread 20" [_thread_blocked, id=4636, stack(0x000000c202800000,0x000000c202900000)]
  0x0000023528607120 JavaThread "Unconstrained build operations Thread 21" [_thread_blocked, id=12852, stack(0x000000c202900000,0x000000c202a00000)]
  0x0000023528608bb0 JavaThread "Unconstrained build operations Thread 22" [_thread_blocked, id=12996, stack(0x000000c202a00000,0x000000c202b00000)]
  0x0000023528607670 JavaThread "Unconstrained build operations Thread 23" [_thread_blocked, id=7700, stack(0x000000c202b00000,0x000000c202c00000)]
  0x0000023528607bc0 JavaThread "Unconstrained build operations Thread 24" [_thread_blocked, id=9008, stack(0x000000c202c00000,0x000000c202d00000)]
  0x0000023528601c20 JavaThread "Unconstrained build operations Thread 25" [_thread_blocked, id=7084, stack(0x000000c202d00000,0x000000c202e00000)]
  0x0000023528603160 JavaThread "Unconstrained build operations Thread 26" [_thread_blocked, id=12320, stack(0x000000c202e00000,0x000000c202f00000)]
  0x0000023528608110 JavaThread "Unconstrained build operations Thread 27" [_thread_blocked, id=9544, stack(0x000000c202f00000,0x000000c203000000)]
  0x0000023528603c00 JavaThread "Unconstrained build operations Thread 28" [_thread_blocked, id=4648, stack(0x000000c203000000,0x000000c203100000)]
  0x0000023528602170 JavaThread "Unconstrained build operations Thread 29" [_thread_blocked, id=8376, stack(0x000000c203100000,0x000000c203200000)]
  0x0000023528608660 JavaThread "Unconstrained build operations Thread 30" [_thread_blocked, id=4872, stack(0x000000c203200000,0x000000c203300000)]
  0x00000235286026c0 JavaThread "Unconstrained build operations Thread 31" [_thread_blocked, id=9936, stack(0x000000c203300000,0x000000c203400000)]
  0x00000235286036b0 JavaThread "Unconstrained build operations Thread 32" [_thread_blocked, id=11804, stack(0x000000c203400000,0x000000c203500000)]
  0x0000023528604150 JavaThread "Unconstrained build operations Thread 33" [_thread_blocked, id=7800, stack(0x000000c203500000,0x000000c203600000)]
  0x00000235286046a0 JavaThread "Unconstrained build operations Thread 34" [_thread_blocked, id=12608, stack(0x000000c203600000,0x000000c203700000)]
  0x000002352861b1a0 JavaThread "Unconstrained build operations Thread 35" [_thread_blocked, id=10720, stack(0x000000c203700000,0x000000c203800000)]
  0x00000235286206a0 JavaThread "Unconstrained build operations Thread 36" [_thread_blocked, id=9876, stack(0x000000c203800000,0x000000c203900000)]
  0x000002352861d6d0 JavaThread "Unconstrained build operations Thread 37" [_thread_blocked, id=9092, stack(0x000000c203900000,0x000000c203a00000)]
  0x0000023528621140 JavaThread "Unconstrained build operations Thread 38" [_thread_blocked, id=2948, stack(0x000000c203a00000,0x000000c203b00000)]
  0x000002352861c190 JavaThread "Unconstrained build operations Thread 39" [_thread_blocked, id=1164, stack(0x000000c203b00000,0x000000c203c00000)]
  0x000002352861f160 JavaThread "Unconstrained build operations Thread 40" [_thread_blocked, id=7928, stack(0x000000c203c00000,0x000000c203d00000)]
  0x0000023528620150 JavaThread "Unconstrained build operations Thread 41" [_thread_blocked, id=8056, stack(0x000000c203d00000,0x000000c203e00000)]
  0x000002352861bc40 JavaThread "Unconstrained build operations Thread 42" [_thread_blocked, id=11288, stack(0x000000c203e00000,0x000000c203f00000)]
  0x000002352861cc30 JavaThread "Unconstrained build operations Thread 43" [_thread_blocked, id=4196, stack(0x000000c203f00000,0x000000c204000000)]
  0x0000023528620bf0 JavaThread "Unconstrained build operations Thread 44" [_thread_blocked, id=1748, stack(0x000000c204000000,0x000000c204100000)]
  0x000002352861dc20 JavaThread "Unconstrained build operations Thread 45" [_thread_blocked, id=4328, stack(0x000000c204100000,0x000000c204200000)]
  0x000002352861c6e0 JavaThread "Unconstrained build operations Thread 46" [_thread_blocked, id=3200, stack(0x000000c204200000,0x000000c204300000)]
  0x000002352861f6b0 JavaThread "Unconstrained build operations Thread 47" [_thread_blocked, id=5696, stack(0x000000c204300000,0x000000c204400000)]
  0x0000023528621690 JavaThread "Unconstrained build operations Thread 48" [_thread_blocked, id=4524, stack(0x000000c204400000,0x000000c204500000)]
  0x000002352861d180 JavaThread "Unconstrained build operations Thread 49" [_thread_blocked, id=7548, stack(0x000000c204500000,0x000000c204600000)]
  0x000002352861e170 JavaThread "Unconstrained build operations Thread 50" [_thread_blocked, id=11340, stack(0x000000c204600000,0x000000c204700000)]
  0x000002352861e6c0 JavaThread "Unconstrained build operations Thread 51" [_thread_blocked, id=13188, stack(0x000000c204700000,0x000000c204800000)]
  0x0000023528619c60 JavaThread "Unconstrained build operations Thread 52" [_thread_blocked, id=12388, stack(0x000000c204800000,0x000000c204900000)]
  0x000002352861ec10 JavaThread "Unconstrained build operations Thread 53" [_thread_blocked, id=8500, stack(0x000000c204900000,0x000000c204a00000)]
  0x000002352861a1b0 JavaThread "Unconstrained build operations Thread 54" [_thread_blocked, id=8280, stack(0x000000c204a00000,0x000000c204b00000)]
  0x000002352861fc00 JavaThread "Unconstrained build operations Thread 55" [_thread_blocked, id=5760, stack(0x000000c204b00000,0x000000c204c00000)]
  0x000002352861a700 JavaThread "Unconstrained build operations Thread 56" [_thread_blocked, id=3828, stack(0x000000c204c00000,0x000000c204d00000)]
  0x0000023527b26390 JavaThread "Unconstrained build operations Thread 57" [_thread_blocked, id=4276, stack(0x000000c204d00000,0x000000c204e00000)]
  0x0000023527b24900 JavaThread "Unconstrained build operations Thread 58" [_thread_blocked, id=12520, stack(0x000000c204e00000,0x000000c204f00000)]
  0x0000023527b233c0 JavaThread "Unconstrained build operations Thread 59" [_thread_blocked, id=4576, stack(0x000000c204f00000,0x000000c205000000)]
  0x0000023527b278d0 JavaThread "Unconstrained build operations Thread 60" [_thread_blocked, id=8652, stack(0x000000c205000000,0x000000c205100000)]
  0x0000023527b24e50 JavaThread "Unconstrained build operations Thread 61" [_thread_blocked, id=8044, stack(0x000000c205100000,0x000000c205200000)]
  0x0000023527b26e30 JavaThread "Unconstrained build operations Thread 62" [_thread_blocked, id=9928, stack(0x000000c205200000,0x000000c205300000)]
  0x0000023527b268e0 JavaThread "Unconstrained build operations Thread 63" [_thread_blocked, id=7056, stack(0x000000c205300000,0x000000c205400000)]
  0x0000023527b243b0 JavaThread "Unconstrained build operations Thread 64" [_thread_blocked, id=8600, stack(0x000000c205400000,0x000000c205500000)]
  0x0000023527b27380 JavaThread "Unconstrained build operations Thread 65" [_thread_blocked, id=11848, stack(0x000000c205500000,0x000000c205600000)]
  0x0000023527b27e20 JavaThread "Unconstrained build operations Thread 66" [_thread_blocked, id=8780, stack(0x000000c205600000,0x000000c205700000)]
  0x0000023527b288c0 JavaThread "Unconstrained build operations Thread 67" [_thread_blocked, id=2812, stack(0x000000c205700000,0x000000c205800000)]
  0x0000023527b28e10 JavaThread "Unconstrained build operations Thread 68" [_thread_blocked, id=13036, stack(0x000000c205800000,0x000000c205900000)]
  0x0000023527b29360 JavaThread "Unconstrained build operations Thread 69" [_thread_blocked, id=9028, stack(0x000000c205900000,0x000000c205a00000)]
  0x0000023527b29e00 JavaThread "Unconstrained build operations Thread 70" [_thread_blocked, id=11044, stack(0x000000c205a00000,0x000000c205b00000)]
  0x0000023527b2a8a0 JavaThread "Unconstrained build operations Thread 71" [_thread_blocked, id=2444, stack(0x000000c205b00000,0x000000c205c00000)]
  0x0000023527b253a0 JavaThread "Unconstrained build operations Thread 72" [_thread_blocked, id=7648, stack(0x000000c205c00000,0x000000c205d00000)]
  0x0000023527b258f0 JavaThread "Unconstrained build operations Thread 73" [_thread_blocked, id=5580, stack(0x000000c205d00000,0x000000c205e00000)]
  0x0000023527b22e70 JavaThread "Unconstrained build operations Thread 74" [_thread_blocked, id=9192, stack(0x000000c205e00000,0x000000c205f00000)]
  0x0000023527b23910 JavaThread "Unconstrained build operations Thread 75" [_thread_blocked, id=8364, stack(0x000000c206000000,0x000000c206100000)]
  0x0000023527b23e60 JavaThread "Unconstrained build operations Thread 76" [_thread_blocked, id=2484, stack(0x000000c206200000,0x000000c206300000)]
  0x00000235251a5710 JavaThread "Unconstrained build operations Thread 77" [_thread_blocked, id=9476, stack(0x000000c206300000,0x000000c206400000)]
  0x00000235251a0210 JavaThread "Unconstrained build operations Thread 78" [_thread_blocked, id=3088, stack(0x000000c206400000,0x000000c206500000)]
  0x00000235251a6c50 JavaThread "Unconstrained build operations Thread 79" [_thread_blocked, id=11828, stack(0x000000c206500000,0x000000c206600000)]
  0x00000235251a0760 JavaThread "Unconstrained build operations Thread 80" [_thread_blocked, id=10560, stack(0x000000c206600000,0x000000c206700000)]

Other Threads:
  0x00000235220ad5d0 VMThread "VM Thread" [stack: 0x000000c277400000,0x000000c277500000] [id=5104]
  0x0000023522cd7400 WatcherThread [stack: 0x000000c278000000,0x000000c278100000] [id=4628]
  0x00000235020cb9c0 GCTaskThread "GC Thread#0" [stack: 0x000000c276f00000,0x000000c277000000] [id=1288]
  0x0000023523a8d240 GCTaskThread "GC Thread#1" [stack: 0x000000c278300000,0x000000c278400000] [id=7692]
  0x00000235238fff40 GCTaskThread "GC Thread#2" [stack: 0x000000c278400000,0x000000c278500000] [id=7804]
  0x0000023523982880 GCTaskThread "GC Thread#3" [stack: 0x000000c278500000,0x000000c278600000] [id=9980]
  0x000002352306ff60 GCTaskThread "GC Thread#4" [stack: 0x000000c278600000,0x000000c278700000] [id=8748]
  0x000002352624c710 GCTaskThread "GC Thread#5" [stack: 0x000000c279500000,0x000000c279600000] [id=11416]
  0x000002352624bde0 GCTaskThread "GC Thread#6" [stack: 0x000000c279600000,0x000000c279700000] [id=2420]
  0x000002352624b7c0 GCTaskThread "GC Thread#7" [stack: 0x000000c279700000,0x000000c279800000] [id=3732]
  0x00000235020dd8c0 ConcurrentGCThread "G1 Main Marker" [stack: 0x000000c277000000,0x000000c277100000] [id=4704]
  0x00000235020de900 ConcurrentGCThread "G1 Conc#0" [stack: 0x000000c277100000,0x000000c277200000] [id=9804]
  0x000002352624d040 ConcurrentGCThread "G1 Conc#1" [stack: 0x000000c27a200000,0x000000c27a300000] [id=9180]
  0x0000023502167100 ConcurrentGCThread "G1 Refine#0" [stack: 0x000000c277200000,0x000000c277300000] [id=12600]
  0x0000023524e65270 ConcurrentGCThread "G1 Refine#1" [stack: 0x000000c200000000,0x000000c200100000] [id=13116]
  0x0000023524e64bf0 ConcurrentGCThread "G1 Refine#2" [stack: 0x000000c200100000,0x000000c200200000] [id=9988]
  0x0000023524e655b0 ConcurrentGCThread "G1 Refine#3" [stack: 0x000000c200200000,0x000000c200300000] [id=7864]
  0x0000023524e662b0 ConcurrentGCThread "G1 Refine#4" [stack: 0x000000c200300000,0x000000c200400000] [id=9512]
  0x0000023524e658f0 ConcurrentGCThread "G1 Refine#5" [stack: 0x000000c200400000,0x000000c200500000] [id=1112]
  0x0000023524e65c30 ConcurrentGCThread "G1 Refine#6" [stack: 0x000000c200500000,0x000000c200600000] [id=11904]
  0x0000023502168940 ConcurrentGCThread "G1 Service" [stack: 0x000000c277300000,0x000000c277400000] [id=1268]

Threads with active compile tasks:
C2 CompilerThread0  1633056 16709       4       org.gradle.internal.service.DefaultServiceRegistry$SingletonService::get (5 bytes)
C1 CompilerThread0  1633056 16776       2       org.gradle.api.internal.DefaultNamedDomainObjectCollection::<init> (77 bytes)
C2 CompilerThread1  1633056 16727   !   4       org.gradle.cache.internal.DefaultMultiProcessSafePersistentIndexedCache::getIfPresent (25 bytes)
C2 CompilerThread2  1633056 16710   !   4       org.gradle.internal.service.DefaultServiceRegistry$ManagedObjectServiceProvider::getInstance (47 bytes)

VM state: not at safepoint (normal execution)

VM Mutex/Monitor currently owned by a thread:  ([mutex/lock_event])
[0x000002350208e870] MetaspaceExpand_lock - owner thread: 0x0000023527b28370

Heap address: 0x0000000080000000, size: 2048 MB, Compressed Oops mode: 32-bit

CDS archive(s) mapped at: [0x0000000800000000-0x0000000800bb0000-0x0000000800bb0000), size 12255232, SharedBaseAddress: 0x0000000800000000, ArchiveRelocationMode: 0.
Compressed class space mapped at: 0x0000000800c00000-0x0000000840c00000, reserved size: 1073741824
Narrow klass base: 0x0000000800000000, Narrow klass shift: 3, Narrow klass range: 0x100000000

GC Precious Log:
 CPUs: 8 total, 8 available
 Memory: 7959M
 Large Page Support: Disabled
 NUMA Support: Disabled
 Compressed Oops: Enabled (32-bit)
 Heap Region Size: 1M
 Heap Min Capacity: 8M
 Heap Initial Capacity: 126M
 Heap Max Capacity: 2G
 Pre-touch: Disabled
 Parallel Workers: 8
 Concurrent Workers: 2
 Concurrent Refinement Workers: 8
 Periodic GC: Disabled

Heap:
 garbage-first heap   total 263168K, used 183937K [0x0000000080000000, 0x0000000100000000)
  region size 1024K, 48 young (49152K), 9 survivors (9216K)
 Metaspace       used 103580K, committed 104512K, reserved 1146880K
  class space    used 13174K, committed 13632K, reserved 1048576K

Heap Regions: E=young(eden), S=young(survivor), O=old, HS=humongous(starts), HC=humongous(continues), CS=collection set, F=free, OA=open archive, CA=closed archive, TAMS=top-at-mark-start (previous, next)
|   0|0x0000000080000000, 0x0000000080100000, 0x0000000080100000|100%|HS|  |TAMS 0x0000000080100000, 0x0000000080000000| Complete 
|   1|0x0000000080100000, 0x0000000080200000, 0x0000000080200000|100%| O|  |TAMS 0x0000000080200000, 0x0000000080100000| Untracked 
|   2|0x0000000080200000, 0x0000000080300000, 0x0000000080300000|100%| O|  |TAMS 0x0000000080300000, 0x0000000080200000| Untracked 
|   3|0x0000000080300000, 0x0000000080400000, 0x0000000080400000|100%|HS|  |TAMS 0x0000000080400000, 0x0000000080300000| Complete 
|   4|0x0000000080400000, 0x0000000080500000, 0x0000000080500000|100%|HC|  |TAMS 0x0000000080500000, 0x0000000080400000| Complete 
|   5|0x0000000080500000, 0x0000000080600000, 0x0000000080600000|100%|HC|  |TAMS 0x0000000080600000, 0x0000000080500000| Complete 
|   6|0x0000000080600000, 0x0000000080700000, 0x0000000080700000|100%| O|  |TAMS 0x0000000080700000, 0x0000000080600000| Untracked 
|   7|0x0000000080700000, 0x0000000080800000, 0x0000000080800000|100%| O|  |TAMS 0x0000000080800000, 0x0000000080700000| Untracked 
|   8|0x0000000080800000, 0x0000000080900000, 0x0000000080900000|100%| O|  |TAMS 0x0000000080900000, 0x0000000080800000| Untracked 
|   9|0x0000000080900000, 0x0000000080a00000, 0x0000000080a00000|100%| O|  |TAMS 0x0000000080a00000, 0x0000000080900000| Untracked 
|  10|0x0000000080a00000, 0x0000000080b00000, 0x0000000080b00000|100%|HS|  |TAMS 0x0000000080b00000, 0x0000000080a00000| Complete 
|  11|0x0000000080b00000, 0x0000000080c00000, 0x0000000080c00000|100%|HC|  |TAMS 0x0000000080c00000, 0x0000000080b00000| Complete 
|  12|0x0000000080c00000, 0x0000000080d00000, 0x0000000080d00000|100%|HS|  |TAMS 0x0000000080d00000, 0x0000000080c00000| Complete 
|  13|0x0000000080d00000, 0x0000000080e00000, 0x0000000080e00000|100%|HC|  |TAMS 0x0000000080e00000, 0x0000000080d00000| Complete 
|  14|0x0000000080e00000, 0x0000000080f00000, 0x0000000080f00000|100%|HC|  |TAMS 0x0000000080f00000, 0x0000000080e00000| Complete 
|  15|0x0000000080f00000, 0x0000000081000000, 0x0000000081000000|100%|HS|  |TAMS 0x0000000081000000, 0x0000000080f00000| Complete 
|  16|0x0000000081000000, 0x0000000081100000, 0x0000000081100000|100%|HC|  |TAMS 0x0000000081100000, 0x0000000081000000| Complete 
|  17|0x0000000081100000, 0x0000000081200000, 0x0000000081200000|100%|HC|  |TAMS 0x0000000081200000, 0x0000000081100000| Complete 
|  18|0x0000000081200000, 0x0000000081300000, 0x0000000081300000|100%|HC|  |TAMS 0x0000000081300000, 0x0000000081200000| Complete 
|  19|0x0000000081300000, 0x0000000081400000, 0x0000000081400000|100%| O|  |TAMS 0x0000000081400000, 0x0000000081300000| Untracked 
|  20|0x0000000081400000, 0x0000000081500000, 0x0000000081500000|100%| O|  |TAMS 0x0000000081500000, 0x0000000081400000| Untracked 
|  21|0x0000000081500000, 0x0000000081600000, 0x0000000081600000|100%| O|  |TAMS 0x0000000081600000, 0x0000000081500000| Untracked 
|  22|0x0000000081600000, 0x0000000081700000, 0x0000000081700000|100%| O|  |TAMS 0x0000000081700000, 0x0000000081600000| Untracked 
|  23|0x0000000081700000, 0x0000000081800000, 0x0000000081800000|100%| O|  |TAMS 0x0000000081800000, 0x0000000081700000| Untracked 
|  24|0x0000000081800000, 0x0000000081900000, 0x0000000081900000|100%| O|  |TAMS 0x0000000081900000, 0x0000000081800000| Untracked 
|  25|0x0000000081900000, 0x0000000081a00000, 0x0000000081a00000|100%| O|  |TAMS 0x0000000081a00000, 0x0000000081900000| Untracked 
|  26|0x0000000081a00000, 0x0000000081b00000, 0x0000000081b00000|100%| O|  |TAMS 0x0000000081b00000, 0x0000000081a00000| Untracked 
|  27|0x0000000081b00000, 0x0000000081c00000, 0x0000000081c00000|100%| O|  |TAMS 0x0000000081c00000, 0x0000000081b00000| Untracked 
|  28|0x0000000081c00000, 0x0000000081d00000, 0x0000000081d00000|100%| O|  |TAMS 0x0000000081d00000, 0x0000000081c00000| Untracked 
|  29|0x0000000081d00000, 0x0000000081e00000, 0x0000000081e00000|100%| O|  |TAMS 0x0000000081e00000, 0x0000000081d00000| Untracked 
|  30|0x0000000081e00000, 0x0000000081f00000, 0x0000000081f00000|100%| O|  |TAMS 0x0000000081f00000, 0x0000000081e00000| Untracked 
|  31|0x0000000081f00000, 0x0000000082000000, 0x0000000082000000|100%| O|  |TAMS 0x0000000082000000, 0x0000000081f00000| Untracked 
|  32|0x0000000082000000, 0x0000000082100000, 0x0000000082100000|100%| O|  |TAMS 0x0000000082100000, 0x0000000082000000| Untracked 
|  33|0x0000000082100000, 0x0000000082200000, 0x0000000082200000|100%| O|  |TAMS 0x0000000082200000, 0x0000000082100000| Untracked 
|  34|0x0000000082200000, 0x0000000082300000, 0x0000000082300000|100%| O|  |TAMS 0x0000000082300000, 0x0000000082200000| Untracked 
|  35|0x0000000082300000, 0x0000000082400000, 0x0000000082400000|100%| O|  |TAMS 0x0000000082400000, 0x0000000082300000| Untracked 
|  36|0x0000000082400000, 0x0000000082500000, 0x0000000082500000|100%| O|  |TAMS 0x0000000082500000, 0x0000000082400000| Untracked 
|  37|0x0000000082500000, 0x0000000082600000, 0x0000000082600000|100%|HS|  |TAMS 0x0000000082600000, 0x0000000082500000| Complete 
|  38|0x0000000082600000, 0x0000000082700000, 0x0000000082700000|100%|HS|  |TAMS 0x0000000082700000, 0x0000000082600000| Complete 
|  39|0x0000000082700000, 0x0000000082800000, 0x0000000082800000|100%|HC|  |TAMS 0x0000000082800000, 0x0000000082700000| Complete 
|  40|0x0000000082800000, 0x0000000082900000, 0x0000000082900000|100%|HC|  |TAMS 0x0000000082900000, 0x0000000082800000| Complete 
|  41|0x0000000082900000, 0x0000000082a00000, 0x0000000082a00000|100%| O|  |TAMS 0x0000000082a00000, 0x0000000082900000| Untracked 
|  42|0x0000000082a00000, 0x0000000082b00000, 0x0000000082b00000|100%| O|  |TAMS 0x0000000082b00000, 0x0000000082a00000| Untracked 
|  43|0x0000000082b00000, 0x0000000082c00000, 0x0000000082c00000|100%| O|  |TAMS 0x0000000082c00000, 0x0000000082b00000| Untracked 
|  44|0x0000000082c00000, 0x0000000082d00000, 0x0000000082d00000|100%| O|  |TAMS 0x0000000082d00000, 0x0000000082c00000| Untracked 
|  45|0x0000000082d00000, 0x0000000082e00000, 0x0000000082e00000|100%| O|  |TAMS 0x0000000082e00000, 0x0000000082d00000| Untracked 
|  46|0x0000000082e00000, 0x0000000082f00000, 0x0000000082f00000|100%| O|  |TAMS 0x0000000082f00000, 0x0000000082e00000| Untracked 
|  47|0x0000000082f00000, 0x0000000083000000, 0x0000000083000000|100%| O|  |TAMS 0x0000000083000000, 0x0000000082f00000| Untracked 
|  48|0x0000000083000000, 0x0000000083100000, 0x0000000083100000|100%|HS|  |TAMS 0x0000000083100000, 0x0000000083000000| Complete 
|  49|0x0000000083100000, 0x0000000083200000, 0x0000000083200000|100%|HC|  |TAMS 0x0000000083200000, 0x0000000083100000| Complete 
|  50|0x0000000083200000, 0x0000000083300000, 0x0000000083300000|100%|HC|  |TAMS 0x0000000083300000, 0x0000000083200000| Complete 
|  51|0x0000000083300000, 0x0000000083400000, 0x0000000083400000|100%|HC|  |TAMS 0x0000000083400000, 0x0000000083300000| Complete 
|  52|0x0000000083400000, 0x0000000083500000, 0x0000000083500000|100%| O|  |TAMS 0x0000000083500000, 0x0000000083400000| Untracked 
|  53|0x0000000083500000, 0x0000000083600000, 0x0000000083600000|100%| O|  |TAMS 0x0000000083600000, 0x0000000083500000| Untracked 
|  54|0x0000000083600000, 0x0000000083700000, 0x0000000083700000|100%| O|  |TAMS 0x0000000083700000, 0x0000000083600000| Untracked 
|  55|0x0000000083700000, 0x0000000083800000, 0x0000000083800000|100%| O|  |TAMS 0x0000000083800000, 0x0000000083700000| Untracked 
|  56|0x0000000083800000, 0x0000000083900000, 0x0000000083900000|100%| O|  |TAMS 0x0000000083900000, 0x0000000083800000| Untracked 
|  57|0x0000000083900000, 0x0000000083a00000, 0x0000000083a00000|100%| O|  |TAMS 0x0000000083a00000, 0x0000000083900000| Untracked 
|  58|0x0000000083a00000, 0x0000000083b00000, 0x0000000083b00000|100%|HS|  |TAMS 0x0000000083b00000, 0x0000000083a00000| Complete 
|  59|0x0000000083b00000, 0x0000000083c00000, 0x0000000083c00000|100%|HS|  |TAMS 0x0000000083c00000, 0x0000000083b00000| Complete 
|  60|0x0000000083c00000, 0x0000000083d00000, 0x0000000083d00000|100%| O|  |TAMS 0x0000000083d00000, 0x0000000083c00000| Untracked 
|  61|0x0000000083d00000, 0x0000000083e00000, 0x0000000083e00000|100%|HS|  |TAMS 0x0000000083e00000, 0x0000000083d00000| Complete 
|  62|0x0000000083e00000, 0x0000000083f00000, 0x0000000083f00000|100%|HC|  |TAMS 0x0000000083f00000, 0x0000000083e00000| Complete 
|  63|0x0000000083f00000, 0x0000000084000000, 0x0000000084000000|100%| O|  |TAMS 0x0000000084000000, 0x0000000083f00000| Untracked 
|  64|0x0000000084000000, 0x0000000084100000, 0x0000000084100000|100%| O|  |TAMS 0x0000000084100000, 0x0000000084000000| Untracked 
|  65|0x0000000084100000, 0x0000000084200000, 0x0000000084200000|100%| O|  |TAMS 0x0000000084200000, 0x0000000084100000| Untracked 
|  66|0x0000000084200000, 0x0000000084300000, 0x0000000084300000|100%| O|  |TAMS 0x0000000084300000, 0x0000000084200000| Untracked 
|  67|0x0000000084300000, 0x0000000084400000, 0x0000000084400000|100%| O|  |TAMS 0x0000000084400000, 0x0000000084300000| Untracked 
|  68|0x0000000084400000, 0x0000000084500000, 0x0000000084500000|100%| O|  |TAMS 0x0000000084500000, 0x0000000084400000| Untracked 
|  69|0x0000000084500000, 0x0000000084600000, 0x0000000084600000|100%| O|  |TAMS 0x0000000084600000, 0x0000000084500000| Untracked 
|  70|0x0000000084600000, 0x0000000084700000, 0x0000000084700000|100%| O|  |TAMS 0x0000000084700000, 0x0000000084600000| Untracked 
|  71|0x0000000084700000, 0x0000000084800000, 0x0000000084800000|100%| O|  |TAMS 0x0000000084800000, 0x0000000084700000| Untracked 
|  72|0x0000000084800000, 0x0000000084900000, 0x0000000084900000|100%| O|  |TAMS 0x0000000084900000, 0x0000000084800000| Untracked 
|  73|0x0000000084900000, 0x0000000084a00000, 0x0000000084a00000|100%| O|  |TAMS 0x0000000084a00000, 0x0000000084900000| Untracked 
|  74|0x0000000084a00000, 0x0000000084b00000, 0x0000000084b00000|100%| O|  |TAMS 0x0000000084b00000, 0x0000000084a00000| Untracked 
|  75|0x0000000084b00000, 0x0000000084c00000, 0x0000000084c00000|100%| O|  |TAMS 0x0000000084c00000, 0x0000000084b00000| Untracked 
|  76|0x0000000084c00000, 0x0000000084d00000, 0x0000000084d00000|100%| O|  |TAMS 0x0000000084d00000, 0x0000000084c00000| Untracked 
|  77|0x0000000084d00000, 0x0000000084e00000, 0x0000000084e00000|100%| O|  |TAMS 0x0000000084e00000, 0x0000000084d00000| Untracked 
|  78|0x0000000084e00000, 0x0000000084f00000, 0x0000000084f00000|100%| O|  |TAMS 0x0000000084f00000, 0x0000000084e00000| Untracked 
|  79|0x0000000084f00000, 0x0000000085000000, 0x0000000085000000|100%| O|  |TAMS 0x0000000085000000, 0x0000000084f00000| Untracked 
|  80|0x0000000085000000, 0x0000000085100000, 0x0000000085100000|100%| O|  |TAMS 0x0000000085100000, 0x0000000085000000| Untracked 
|  81|0x0000000085100000, 0x0000000085200000, 0x0000000085200000|100%| O|  |TAMS 0x0000000085200000, 0x0000000085100000| Untracked 
|  82|0x0000000085200000, 0x0000000085300000, 0x0000000085300000|100%| O|  |TAMS 0x0000000085300000, 0x0000000085200000| Untracked 
|  83|0x0000000085300000, 0x0000000085400000, 0x0000000085400000|100%| O|  |TAMS 0x0000000085400000, 0x0000000085300000| Untracked 
|  84|0x0000000085400000, 0x0000000085500000, 0x0000000085500000|100%| O|  |TAMS 0x0000000085500000, 0x0000000085400000| Untracked 
|  85|0x0000000085500000, 0x0000000085600000, 0x0000000085600000|100%|HS|  |TAMS 0x0000000085600000, 0x0000000085500000| Complete 
|  86|0x0000000085600000, 0x0000000085700000, 0x0000000085700000|100%|HC|  |TAMS 0x0000000085700000, 0x0000000085600000| Complete 
|  87|0x0000000085700000, 0x0000000085800000, 0x0000000085800000|100%|HS|  |TAMS 0x0000000085800000, 0x0000000085700000| Complete 
|  88|0x0000000085800000, 0x0000000085900000, 0x0000000085900000|100%|HC|  |TAMS 0x0000000085900000, 0x0000000085800000| Complete 
|  89|0x0000000085900000, 0x0000000085a00000, 0x0000000085a00000|100%|HC|  |TAMS 0x0000000085a00000, 0x0000000085900000| Complete 
|  90|0x0000000085a00000, 0x0000000085b00000, 0x0000000085b00000|100%|HS|  |TAMS 0x0000000085b00000, 0x0000000085a00000| Complete 
|  91|0x0000000085b00000, 0x0000000085c00000, 0x0000000085c00000|100%|HS|  |TAMS 0x0000000085c00000, 0x0000000085b00000| Complete 
|  92|0x0000000085c00000, 0x0000000085d00000, 0x0000000085d00000|100%|HC|  |TAMS 0x0000000085d00000, 0x0000000085c00000| Complete 
|  93|0x0000000085d00000, 0x0000000085e00000, 0x0000000085e00000|100%|HC|  |TAMS 0x0000000085e00000, 0x0000000085d00000| Complete 
|  94|0x0000000085e00000, 0x0000000085f00000, 0x0000000085f00000|100%|HC|  |TAMS 0x0000000085f00000, 0x0000000085e00000| Complete 
|  95|0x0000000085f00000, 0x0000000086000000, 0x0000000086000000|100%| O|  |TAMS 0x0000000085f00000, 0x0000000085f00000| Untracked 
|  96|0x0000000086000000, 0x0000000086100000, 0x0000000086100000|100%| O|  |TAMS 0x0000000086100000, 0x0000000086000000| Untracked 
|  97|0x0000000086100000, 0x0000000086200000, 0x0000000086200000|100%| O|  |TAMS 0x0000000086200000, 0x0000000086100000| Untracked 
|  98|0x0000000086200000, 0x0000000086300000, 0x0000000086300000|100%| O|  |TAMS 0x0000000086300000, 0x0000000086200000| Untracked 
|  99|0x0000000086300000, 0x0000000086400000, 0x0000000086400000|100%| O|  |TAMS 0x0000000086400000, 0x0000000086300000| Untracked 
| 100|0x0000000086400000, 0x0000000086500000, 0x0000000086500000|100%| O|  |TAMS 0x0000000086500000, 0x0000000086400000| Untracked 
| 101|0x0000000086500000, 0x0000000086600000, 0x0000000086600000|100%| O|  |TAMS 0x0000000086600000, 0x0000000086500000| Untracked 
| 102|0x0000000086600000, 0x0000000086700000, 0x0000000086700000|100%| O|  |TAMS 0x0000000086700000, 0x0000000086600000| Untracked 
| 103|0x0000000086700000, 0x0000000086800000, 0x0000000086800000|100%| O|  |TAMS 0x0000000086800000, 0x0000000086700000| Untracked 
| 104|0x0000000086800000, 0x0000000086900000, 0x0000000086900000|100%| O|  |TAMS 0x0000000086900000, 0x0000000086800000| Untracked 
| 105|0x0000000086900000, 0x0000000086a00000, 0x0000000086a00000|100%| O|  |TAMS 0x0000000086a00000, 0x0000000086900000| Untracked 
| 106|0x0000000086a00000, 0x0000000086b00000, 0x0000000086b00000|100%| O|  |TAMS 0x0000000086b00000, 0x0000000086a00000| Untracked 
| 107|0x0000000086b00000, 0x0000000086c00000, 0x0000000086c00000|100%| O|  |TAMS 0x0000000086c00000, 0x0000000086b00000| Untracked 
| 108|0x0000000086c00000, 0x0000000086d00000, 0x0000000086d00000|100%| O|  |TAMS 0x0000000086d00000, 0x0000000086c00000| Untracked 
| 109|0x0000000086d00000, 0x0000000086e00000, 0x0000000086e00000|100%| O|  |TAMS 0x0000000086e00000, 0x0000000086d00000| Untracked 
| 110|0x0000000086e00000, 0x0000000086f00000, 0x0000000086f00000|100%| O|  |TAMS 0x0000000086f00000, 0x0000000086e00000| Untracked 
| 111|0x0000000086f00000, 0x0000000086f2a600, 0x0000000087000000| 16%| O|  |TAMS 0x0000000086f00000, 0x0000000086f00000| Untracked 
| 112|0x0000000087000000, 0x0000000087000000, 0x0000000087100000|  0%| F|  |TAMS 0x0000000087000000, 0x0000000087000000| Untracked 
| 113|0x0000000087100000, 0x0000000087100000, 0x0000000087200000|  0%| F|  |TAMS 0x0000000087100000, 0x0000000087100000| Untracked 
| 114|0x0000000087200000, 0x0000000087200000, 0x0000000087300000|  0%| F|  |TAMS 0x0000000087200000, 0x0000000087200000| Untracked 
| 115|0x0000000087300000, 0x0000000087400000, 0x0000000087400000|100%| O|  |TAMS 0x0000000087400000, 0x0000000087300000| Untracked 
| 116|0x0000000087400000, 0x0000000087500000, 0x0000000087500000|100%| O|  |TAMS 0x0000000087500000, 0x0000000087400000| Untracked 
| 117|0x0000000087500000, 0x0000000087600000, 0x0000000087600000|100%| O|  |TAMS 0x0000000087600000, 0x0000000087500000| Untracked 
| 118|0x0000000087600000, 0x0000000087700000, 0x0000000087700000|100%| O|  |TAMS 0x0000000087700000, 0x0000000087600000| Untracked 
| 119|0x0000000087700000, 0x0000000087800000, 0x0000000087800000|100%| O|  |TAMS 0x0000000087800000, 0x0000000087700000| Untracked 
| 120|0x0000000087800000, 0x0000000087900000, 0x0000000087900000|100%| O|  |TAMS 0x0000000087900000, 0x0000000087800000| Untracked 
| 121|0x0000000087900000, 0x0000000087a00000, 0x0000000087a00000|100%| O|  |TAMS 0x0000000087a00000, 0x0000000087900000| Untracked 
| 122|0x0000000087a00000, 0x0000000087b00000, 0x0000000087b00000|100%| O|  |TAMS 0x0000000087b00000, 0x0000000087a00000| Untracked 
| 123|0x0000000087b00000, 0x0000000087c00000, 0x0000000087c00000|100%| O|  |TAMS 0x0000000087c00000, 0x0000000087b00000| Untracked 
| 124|0x0000000087c00000, 0x0000000087d00000, 0x0000000087d00000|100%| O|  |TAMS 0x0000000087d00000, 0x0000000087c00000| Untracked 
| 125|0x0000000087d00000, 0x0000000087e00000, 0x0000000087e00000|100%| O|  |TAMS 0x0000000087e00000, 0x0000000087d00000| Untracked 
| 126|0x0000000087e00000, 0x0000000087f00000, 0x0000000087f00000|100%| O|  |TAMS 0x0000000087f00000, 0x0000000087e00000| Untracked 
| 127|0x0000000087f00000, 0x0000000088000000, 0x0000000088000000|100%| O|  |TAMS 0x0000000088000000, 0x0000000087f00000| Untracked 
| 128|0x0000000088000000, 0x0000000088100000, 0x0000000088100000|100%| O|  |TAMS 0x0000000088100000, 0x0000000088000000| Untracked 
| 129|0x0000000088100000, 0x0000000088200000, 0x0000000088200000|100%| O|  |TAMS 0x0000000088200000, 0x0000000088100000| Untracked 
| 130|0x0000000088200000, 0x0000000088200000, 0x0000000088300000|  0%| F|  |TAMS 0x0000000088200000, 0x0000000088200000| Untracked 
| 131|0x0000000088300000, 0x0000000088300000, 0x0000000088400000|  0%| F|  |TAMS 0x0000000088300000, 0x0000000088300000| Untracked 
| 132|0x0000000088400000, 0x0000000088400000, 0x0000000088500000|  0%| F|  |TAMS 0x0000000088400000, 0x0000000088400000| Untracked 
| 133|0x0000000088500000, 0x0000000088500000, 0x0000000088600000|  0%| F|  |TAMS 0x0000000088500000, 0x0000000088500000| Untracked 
| 134|0x0000000088600000, 0x0000000088600000, 0x0000000088700000|  0%| F|  |TAMS 0x0000000088600000, 0x0000000088600000| Untracked 
| 135|0x0000000088700000, 0x0000000088700000, 0x0000000088800000|  0%| F|  |TAMS 0x0000000088700000, 0x0000000088700000| Untracked 
| 136|0x0000000088800000, 0x0000000088800000, 0x0000000088900000|  0%| F|  |TAMS 0x0000000088800000, 0x0000000088800000| Untracked 
| 137|0x0000000088900000, 0x0000000088900000, 0x0000000088a00000|  0%| F|  |TAMS 0x0000000088900000, 0x0000000088900000| Untracked 
| 138|0x0000000088a00000, 0x0000000088a00000, 0x0000000088b00000|  0%| F|  |TAMS 0x0000000088a00000, 0x0000000088a00000| Untracked 
| 139|0x0000000088b00000, 0x0000000088b00000, 0x0000000088c00000|  0%| F|  |TAMS 0x0000000088b00000, 0x0000000088b00000| Untracked 
| 140|0x0000000088c00000, 0x0000000088c00000, 0x0000000088d00000|  0%| F|  |TAMS 0x0000000088c00000, 0x0000000088c00000| Untracked 
| 141|0x0000000088d00000, 0x0000000088d00000, 0x0000000088e00000|  0%| F|  |TAMS 0x0000000088d00000, 0x0000000088d00000| Untracked 
| 142|0x0000000088e00000, 0x0000000088e00000, 0x0000000088f00000|  0%| F|  |TAMS 0x0000000088e00000, 0x0000000088e00000| Untracked 
| 143|0x0000000088f00000, 0x0000000088f00000, 0x0000000089000000|  0%| F|  |TAMS 0x0000000088f00000, 0x0000000088f00000| Untracked 
| 144|0x0000000089000000, 0x0000000089100000, 0x0000000089100000|100%| O|  |TAMS 0x0000000089100000, 0x0000000089000000| Untracked 
| 145|0x0000000089100000, 0x0000000089200000, 0x0000000089200000|100%| O|  |TAMS 0x0000000089200000, 0x0000000089100000| Untracked 
| 146|0x0000000089200000, 0x0000000089300000, 0x0000000089300000|100%| O|  |TAMS 0x0000000089300000, 0x0000000089200000| Untracked 
| 147|0x0000000089300000, 0x0000000089400000, 0x0000000089400000|100%| O|  |TAMS 0x0000000089400000, 0x0000000089300000| Untracked 
| 148|0x0000000089400000, 0x0000000089500000, 0x0000000089500000|100%| O|  |TAMS 0x0000000089500000, 0x0000000089400000| Untracked 
| 149|0x0000000089500000, 0x0000000089600000, 0x0000000089600000|100%| O|  |TAMS 0x0000000089600000, 0x0000000089500000| Untracked 
| 150|0x0000000089600000, 0x0000000089700000, 0x0000000089700000|100%| O|  |TAMS 0x00000000896cd800, 0x0000000089600000| Untracked 
| 151|0x0000000089700000, 0x0000000089700000, 0x0000000089800000|  0%| F|  |TAMS 0x0000000089700000, 0x0000000089700000| Untracked 
| 152|0x0000000089800000, 0x0000000089800000, 0x0000000089900000|  0%| F|  |TAMS 0x0000000089800000, 0x0000000089800000| Untracked 
| 153|0x0000000089900000, 0x0000000089900000, 0x0000000089a00000|  0%| F|  |TAMS 0x0000000089900000, 0x0000000089900000| Untracked 
| 154|0x0000000089a00000, 0x0000000089a00000, 0x0000000089b00000|  0%| F|  |TAMS 0x0000000089a00000, 0x0000000089a00000| Untracked 
| 155|0x0000000089b00000, 0x0000000089b00000, 0x0000000089c00000|  0%| F|  |TAMS 0x0000000089b00000, 0x0000000089b00000| Untracked 
| 156|0x0000000089c00000, 0x0000000089c00000, 0x0000000089d00000|  0%| F|  |TAMS 0x0000000089c00000, 0x0000000089c00000| Untracked 
| 157|0x0000000089d00000, 0x0000000089d00000, 0x0000000089e00000|  0%| F|  |TAMS 0x0000000089d00000, 0x0000000089d00000| Untracked 
| 158|0x0000000089e00000, 0x0000000089e00000, 0x0000000089f00000|  0%| F|  |TAMS 0x0000000089e00000, 0x0000000089e00000| Untracked 
| 159|0x0000000089f00000, 0x0000000089f00000, 0x000000008a000000|  0%| F|  |TAMS 0x0000000089f00000, 0x0000000089f00000| Untracked 
| 160|0x000000008a000000, 0x000000008a000000, 0x000000008a100000|  0%| F|  |TAMS 0x000000008a000000, 0x000000008a000000| Untracked 
| 161|0x000000008a100000, 0x000000008a100000, 0x000000008a200000|  0%| F|  |TAMS 0x000000008a100000, 0x000000008a100000| Untracked 
| 162|0x000000008a200000, 0x000000008a200000, 0x000000008a300000|  0%| F|  |TAMS 0x000000008a200000, 0x000000008a200000| Untracked 
| 163|0x000000008a300000, 0x000000008a300000, 0x000000008a400000|  0%| F|  |TAMS 0x000000008a300000, 0x000000008a300000| Untracked 
| 164|0x000000008a400000, 0x000000008a400000, 0x000000008a500000|  0%| F|  |TAMS 0x000000008a400000, 0x000000008a400000| Untracked 
| 165|0x000000008a500000, 0x000000008a500000, 0x000000008a600000|  0%| F|  |TAMS 0x000000008a500000, 0x000000008a500000| Untracked 
| 166|0x000000008a600000, 0x000000008a600000, 0x000000008a700000|  0%| F|  |TAMS 0x000000008a600000, 0x000000008a600000| Untracked 
| 167|0x000000008a700000, 0x000000008a700000, 0x000000008a800000|  0%| F|  |TAMS 0x000000008a700000, 0x000000008a700000| Untracked 
| 168|0x000000008a800000, 0x000000008a800000, 0x000000008a900000|  0%| F|  |TAMS 0x000000008a800000, 0x000000008a800000| Untracked 
| 169|0x000000008a900000, 0x000000008a900000, 0x000000008aa00000|  0%| F|  |TAMS 0x000000008a900000, 0x000000008a900000| Untracked 
| 170|0x000000008aa00000, 0x000000008aa00000, 0x000000008ab00000|  0%| F|  |TAMS 0x000000008aa00000, 0x000000008aa00000| Untracked 
| 171|0x000000008ab00000, 0x000000008ab00000, 0x000000008ac00000|  0%| F|  |TAMS 0x000000008ab00000, 0x000000008ab00000| Untracked 
| 172|0x000000008ac00000, 0x000000008ac00000, 0x000000008ad00000|  0%| F|  |TAMS 0x000000008ac00000, 0x000000008ac00000| Untracked 
| 173|0x000000008ad00000, 0x000000008ad00000, 0x000000008ae00000|  0%| F|  |TAMS 0x000000008ad00000, 0x000000008ad00000| Untracked 
| 174|0x000000008ae00000, 0x000000008ae00000, 0x000000008af00000|  0%| F|  |TAMS 0x000000008ae00000, 0x000000008ae00000| Untracked 
| 175|0x000000008af00000, 0x000000008af00000, 0x000000008b000000|  0%| F|  |TAMS 0x000000008af00000, 0x000000008af00000| Untracked 
| 176|0x000000008b000000, 0x000000008b000000, 0x000000008b100000|  0%| F|  |TAMS 0x000000008b000000, 0x000000008b000000| Untracked 
| 177|0x000000008b100000, 0x000000008b100000, 0x000000008b200000|  0%| F|  |TAMS 0x000000008b100000, 0x000000008b100000| Untracked 
| 178|0x000000008b200000, 0x000000008b200000, 0x000000008b300000|  0%| F|  |TAMS 0x000000008b200000, 0x000000008b200000| Untracked 
| 179|0x000000008b300000, 0x000000008b300000, 0x000000008b400000|  0%| F|  |TAMS 0x000000008b300000, 0x000000008b300000| Untracked 
| 180|0x000000008b400000, 0x000000008b400000, 0x000000008b500000|  0%| F|  |TAMS 0x000000008b400000, 0x000000008b400000| Untracked 
| 181|0x000000008b500000, 0x000000008b500000, 0x000000008b600000|  0%| F|  |TAMS 0x000000008b500000, 0x000000008b500000| Untracked 
| 182|0x000000008b600000, 0x000000008b675ff0, 0x000000008b700000| 46%| S|CS|TAMS 0x000000008b600000, 0x000000008b600000| Complete 
| 183|0x000000008b700000, 0x000000008b800000, 0x000000008b800000|100%| S|CS|TAMS 0x000000008b700000, 0x000000008b700000| Complete 
| 184|0x000000008b800000, 0x000000008b900000, 0x000000008b900000|100%| S|CS|TAMS 0x000000008b800000, 0x000000008b800000| Complete 
| 185|0x000000008b900000, 0x000000008ba00000, 0x000000008ba00000|100%| S|CS|TAMS 0x000000008b900000, 0x000000008b900000| Complete 
| 186|0x000000008ba00000, 0x000000008bb00000, 0x000000008bb00000|100%| S|CS|TAMS 0x000000008ba00000, 0x000000008ba00000| Complete 
| 187|0x000000008bb00000, 0x000000008bc00000, 0x000000008bc00000|100%| S|CS|TAMS 0x000000008bb00000, 0x000000008bb00000| Complete 
| 188|0x000000008bc00000, 0x000000008bd00000, 0x000000008bd00000|100%| S|CS|TAMS 0x000000008bc00000, 0x000000008bc00000| Complete 
| 189|0x000000008bd00000, 0x000000008be00000, 0x000000008be00000|100%| S|CS|TAMS 0x000000008bd00000, 0x000000008bd00000| Complete 
| 190|0x000000008be00000, 0x000000008be00000, 0x000000008bf00000|  0%| F|  |TAMS 0x000000008be00000, 0x000000008be00000| Untracked 
| 191|0x000000008bf00000, 0x000000008bf00000, 0x000000008c000000|  0%| F|  |TAMS 0x000000008bf00000, 0x000000008bf00000| Untracked 
| 192|0x000000008c000000, 0x000000008c000000, 0x000000008c100000|  0%| F|  |TAMS 0x000000008c000000, 0x000000008c000000| Untracked 
| 193|0x000000008c100000, 0x000000008c100000, 0x000000008c200000|  0%| F|  |TAMS 0x000000008c100000, 0x000000008c100000| Untracked 
| 194|0x000000008c200000, 0x000000008c200000, 0x000000008c300000|  0%| F|  |TAMS 0x000000008c200000, 0x000000008c200000| Untracked 
| 195|0x000000008c300000, 0x000000008c300000, 0x000000008c400000|  0%| F|  |TAMS 0x000000008c300000, 0x000000008c300000| Untracked 
| 196|0x000000008c400000, 0x000000008c500000, 0x000000008c500000|100%| S|CS|TAMS 0x000000008c400000, 0x000000008c400000| Complete 
| 197|0x000000008c500000, 0x000000008c500000, 0x000000008c600000|  0%| F|  |TAMS 0x000000008c500000, 0x000000008c500000| Untracked 
| 198|0x000000008c600000, 0x000000008c600000, 0x000000008c700000|  0%| F|  |TAMS 0x000000008c600000, 0x000000008c600000| Untracked 
| 199|0x000000008c700000, 0x000000008c700000, 0x000000008c800000|  0%| F|  |TAMS 0x000000008c700000, 0x000000008c700000| Untracked 
| 200|0x000000008c800000, 0x000000008c800000, 0x000000008c900000|  0%| F|  |TAMS 0x000000008c800000, 0x000000008c800000| Untracked 
| 201|0x000000008c900000, 0x000000008c900000, 0x000000008ca00000|  0%| F|  |TAMS 0x000000008c900000, 0x000000008c900000| Untracked 
| 202|0x000000008ca00000, 0x000000008ca00000, 0x000000008cb00000|  0%| F|  |TAMS 0x000000008ca00000, 0x000000008ca00000| Untracked 
| 203|0x000000008cb00000, 0x000000008cb00000, 0x000000008cc00000|  0%| F|  |TAMS 0x000000008cb00000, 0x000000008cb00000| Untracked 
| 204|0x000000008cc00000, 0x000000008cc00000, 0x000000008cd00000|  0%| F|  |TAMS 0x000000008cc00000, 0x000000008cc00000| Untracked 
| 205|0x000000008cd00000, 0x000000008cd00000, 0x000000008ce00000|  0%| F|  |TAMS 0x000000008cd00000, 0x000000008cd00000| Untracked 
| 206|0x000000008ce00000, 0x000000008ce00000, 0x000000008cf00000|  0%| F|  |TAMS 0x000000008ce00000, 0x000000008ce00000| Untracked 
| 207|0x000000008cf00000, 0x000000008cf00000, 0x000000008d000000|  0%| F|  |TAMS 0x000000008cf00000, 0x000000008cf00000| Untracked 
| 208|0x000000008d000000, 0x000000008d000000, 0x000000008d100000|  0%| F|  |TAMS 0x000000008d000000, 0x000000008d000000| Untracked 
| 209|0x000000008d100000, 0x000000008d100000, 0x000000008d200000|  0%| F|  |TAMS 0x000000008d100000, 0x000000008d100000| Untracked 
| 210|0x000000008d200000, 0x000000008d200000, 0x000000008d300000|  0%| F|  |TAMS 0x000000008d200000, 0x000000008d200000| Untracked 
| 211|0x000000008d300000, 0x000000008d300000, 0x000000008d400000|  0%| F|  |TAMS 0x000000008d300000, 0x000000008d300000| Untracked 
| 212|0x000000008d400000, 0x000000008d400000, 0x000000008d500000|  0%| F|  |TAMS 0x000000008d400000, 0x000000008d400000| Untracked 
| 213|0x000000008d500000, 0x000000008d500000, 0x000000008d600000|  0%| F|  |TAMS 0x000000008d500000, 0x000000008d500000| Untracked 
| 214|0x000000008d600000, 0x000000008d600000, 0x000000008d700000|  0%| F|  |TAMS 0x000000008d600000, 0x000000008d600000| Untracked 
| 215|0x000000008d700000, 0x000000008d700000, 0x000000008d800000|  0%| F|  |TAMS 0x000000008d700000, 0x000000008d700000| Untracked 
| 216|0x000000008d800000, 0x000000008d800000, 0x000000008d900000|  0%| F|  |TAMS 0x000000008d800000, 0x000000008d800000| Untracked 
| 217|0x000000008d900000, 0x000000008d900000, 0x000000008da00000|  0%| F|  |TAMS 0x000000008d900000, 0x000000008d900000| Untracked 
| 218|0x000000008da00000, 0x000000008da378f8, 0x000000008db00000| 21%| E|  |TAMS 0x000000008da00000, 0x000000008da00000| Complete 
| 219|0x000000008db00000, 0x000000008dc00000, 0x000000008dc00000|100%| E|CS|TAMS 0x000000008db00000, 0x000000008db00000| Complete 
| 220|0x000000008dc00000, 0x000000008dd00000, 0x000000008dd00000|100%| E|CS|TAMS 0x000000008dc00000, 0x000000008dc00000| Complete 
| 221|0x000000008dd00000, 0x000000008de00000, 0x000000008de00000|100%| E|CS|TAMS 0x000000008dd00000, 0x000000008dd00000| Complete 
| 222|0x000000008de00000, 0x000000008df00000, 0x000000008df00000|100%| E|CS|TAMS 0x000000008de00000, 0x000000008de00000| Complete 
| 223|0x000000008df00000, 0x000000008e000000, 0x000000008e000000|100%| E|CS|TAMS 0x000000008df00000, 0x000000008df00000| Complete 
| 224|0x000000008e000000, 0x000000008e100000, 0x000000008e100000|100%| E|CS|TAMS 0x000000008e000000, 0x000000008e000000| Complete 
| 225|0x000000008e100000, 0x000000008e200000, 0x000000008e200000|100%| E|CS|TAMS 0x000000008e100000, 0x000000008e100000| Complete 
| 226|0x000000008e200000, 0x000000008e300000, 0x000000008e300000|100%| E|CS|TAMS 0x000000008e200000, 0x000000008e200000| Complete 
| 227|0x000000008e300000, 0x000000008e400000, 0x000000008e400000|100%| E|CS|TAMS 0x000000008e300000, 0x000000008e300000| Complete 
| 228|0x000000008e400000, 0x000000008e500000, 0x000000008e500000|100%| E|CS|TAMS 0x000000008e400000, 0x000000008e400000| Complete 
| 229|0x000000008e500000, 0x000000008e600000, 0x000000008e600000|100%| E|CS|TAMS 0x000000008e500000, 0x000000008e500000| Complete 
| 230|0x000000008e600000, 0x000000008e700000, 0x000000008e700000|100%| E|CS|TAMS 0x000000008e600000, 0x000000008e600000| Complete 
| 231|0x000000008e700000, 0x000000008e800000, 0x000000008e800000|100%| E|CS|TAMS 0x000000008e700000, 0x000000008e700000| Complete 
| 232|0x000000008e800000, 0x000000008e900000, 0x000000008e900000|100%| E|CS|TAMS 0x000000008e800000, 0x000000008e800000| Complete 
| 233|0x000000008e900000, 0x000000008ea00000, 0x000000008ea00000|100%| E|CS|TAMS 0x000000008e900000, 0x000000008e900000| Complete 
| 234|0x000000008ea00000, 0x000000008eb00000, 0x000000008eb00000|100%| E|CS|TAMS 0x000000008ea00000, 0x000000008ea00000| Complete 
| 235|0x000000008eb00000, 0x000000008ec00000, 0x000000008ec00000|100%| E|CS|TAMS 0x000000008eb00000, 0x000000008eb00000| Complete 
| 236|0x000000008ec00000, 0x000000008ed00000, 0x000000008ed00000|100%| E|CS|TAMS 0x000000008ec00000, 0x000000008ec00000| Complete 
| 237|0x000000008ed00000, 0x000000008ee00000, 0x000000008ee00000|100%| E|CS|TAMS 0x000000008ed00000, 0x000000008ed00000| Complete 
| 238|0x000000008ee00000, 0x000000008ef00000, 0x000000008ef00000|100%| E|CS|TAMS 0x000000008ee00000, 0x000000008ee00000| Complete 
| 239|0x000000008ef00000, 0x000000008f000000, 0x000000008f000000|100%| E|CS|TAMS 0x000000008ef00000, 0x000000008ef00000| Complete 
| 240|0x000000008f000000, 0x000000008f100000, 0x000000008f100000|100%| E|CS|TAMS 0x000000008f000000, 0x000000008f000000| Complete 
| 241|0x000000008f100000, 0x000000008f200000, 0x000000008f200000|100%| E|CS|TAMS 0x000000008f100000, 0x000000008f100000| Complete 
| 242|0x000000008f200000, 0x000000008f300000, 0x000000008f300000|100%| E|CS|TAMS 0x000000008f200000, 0x000000008f200000| Complete 
| 243|0x000000008f300000, 0x000000008f400000, 0x000000008f400000|100%| E|CS|TAMS 0x000000008f300000, 0x000000008f300000| Complete 
| 244|0x000000008f400000, 0x000000008f500000, 0x000000008f500000|100%| E|CS|TAMS 0x000000008f400000, 0x000000008f400000| Complete 
| 245|0x000000008f500000, 0x000000008f600000, 0x000000008f600000|100%| E|CS|TAMS 0x000000008f500000, 0x000000008f500000| Complete 
| 246|0x000000008f600000, 0x000000008f700000, 0x000000008f700000|100%| E|CS|TAMS 0x000000008f600000, 0x000000008f600000| Complete 
| 247|0x000000008f700000, 0x000000008f800000, 0x000000008f800000|100%| E|CS|TAMS 0x000000008f700000, 0x000000008f700000| Complete 
| 248|0x000000008f800000, 0x000000008f900000, 0x000000008f900000|100%| E|CS|TAMS 0x000000008f800000, 0x000000008f800000| Complete 
| 249|0x000000008f900000, 0x000000008fa00000, 0x000000008fa00000|100%| E|CS|TAMS 0x000000008f900000, 0x000000008f900000| Complete 
| 250|0x000000008fa00000, 0x000000008fb00000, 0x000000008fb00000|100%| E|CS|TAMS 0x000000008fa00000, 0x000000008fa00000| Complete 
| 251|0x000000008fb00000, 0x000000008fc00000, 0x000000008fc00000|100%| E|CS|TAMS 0x000000008fb00000, 0x000000008fb00000| Complete 
| 252|0x000000008fc00000, 0x000000008fd00000, 0x000000008fd00000|100%| E|CS|TAMS 0x000000008fc00000, 0x000000008fc00000| Complete 
| 253|0x000000008fd00000, 0x000000008fe00000, 0x000000008fe00000|100%| E|CS|TAMS 0x000000008fd00000, 0x000000008fd00000| Complete 
| 254|0x000000008fe00000, 0x000000008ff00000, 0x000000008ff00000|100%| E|CS|TAMS 0x000000008fe00000, 0x000000008fe00000| Complete 
| 255|0x000000008ff00000, 0x0000000090000000, 0x0000000090000000|100%| E|CS|TAMS 0x000000008ff00000, 0x000000008ff00000| Complete 
| 256|0x0000000090000000, 0x0000000090100000, 0x0000000090100000|100%| E|CS|TAMS 0x0000000090000000, 0x0000000090000000| Complete 

Card table byte_map: [0x000002351ae50000,0x000002351b250000] _byte_map_base: 0x000002351aa50000

Marking Bits (Prev, Next): (CMBitMap*) 0x00000235020cceb0, (CMBitMap*) 0x00000235020cce70
 Prev Bits: [0x000002351d650000, 0x000002351f650000)
 Next Bits: [0x000002351b650000, 0x000002351d650000)

Polling page: 0x0000023502170000

Metaspace:

Usage:
  Non-class:     88.29 MB used.
      Class:     12.87 MB used.
       Both:    101.15 MB used.

Virtual space:
  Non-class space:       96.00 MB reserved,      88.75 MB ( 92%) committed,  12 nodes.
      Class space:        1.00 GB reserved,      13.31 MB (  1%) committed,  1 nodes.
              Both:        1.09 GB reserved,     102.06 MB (  9%) committed. 

Chunk freelists:
   Non-Class:  2.94 MB
       Class:  2.70 MB
        Both:  5.63 MB

MaxMetaspaceSize: 17179869184.00 GB
CompressedClassSpaceSize: 1.00 GB
 - commit_granule_bytes: 65536.
 - commit_granule_words: 8192.
 - virtual_space_node_default_size: 1048576.
 - enlarge_chunks_in_place: 1.
 - new_chunks_are_fully_committed: 0.
 - uncommit_free_chunks: 1.
 - use_allocation_guard: 0.
 - handle_deallocations: 1.


Internal statistics:

num_allocs_failed_limit: 6.
num_arena_births: 1426.
num_arena_deaths: 2.
num_vsnodes_births: 13.
num_vsnodes_deaths: 0.
num_space_committed: 1633.
num_space_uncommitted: 0.
num_chunks_returned_to_freelist: 8.
num_chunks_taken_from_freelist: 5931.
num_chunk_merges: 6.
num_chunk_splits: 3783.
num_chunks_enlarged: 2352.
num_purges: 2.

CodeHeap 'non-profiled nmethods': size=120000Kb used=10206Kb max_used=10206Kb free=109793Kb
 bounds [0x0000023512ab0000, 0x00000235134b0000, 0x0000023519fe0000]
CodeHeap 'profiled nmethods': size=120000Kb used=29242Kb max_used=29242Kb free=90757Kb
 bounds [0x000002350b580000, 0x000002350d210000, 0x0000023512ab0000]
CodeHeap 'non-nmethods': size=5760Kb used=2477Kb max_used=2585Kb free=3282Kb
 bounds [0x000002350afe0000, 0x000002350b270000, 0x000002350b580000]
 total_blobs=15249 nmethods=14259 adapters=901
 compilation: enabled
              stopped_count=0, restarted_count=0
 full_count=0

Compilation events (20 events):
Event: 1632.981 Thread 0x00000235220d30f0 16745       2       org.gradle.internal.component.external.model.DefaultConfigurationMetadata::getAttributes (28 bytes)
Event: 1632.981 Thread 0x00000235220d30f0 nmethod 16745 0x000002350d203010 code [0x000002350d2031c0, 0x000002350d2033b8]
Event: 1632.982 Thread 0x00000235220d30f0 16748       3       org.gradle.api.internal.artifacts.ivyservice.resolveengine.artifact.DefaultArtifactSet::createFromVariantMetadata (144 bytes)
Event: 1632.983 Thread 0x00000235220d30f0 nmethod 16748 0x000002350d203490 code [0x000002350d2037e0, 0x000002350d205038]
Event: 1632.987 Thread 0x00000235220d30f0 16752   !   3       java.lang.ThreadGroup::add (110 bytes)
Event: 1632.988 Thread 0x00000235220d30f0 nmethod 16752 0x000002350d205810 code [0x000002350d205a20, 0x000002350d206298]
Event: 1632.995 Thread 0x00000235220d30f0 16753   !   2       com.google.common.cache.LocalCache$Segment::get (210 bytes)
Event: 1632.996 Thread 0x00000235220d30f0 nmethod 16753 0x000002350d206690 code [0x000002350d2069c0, 0x000002350d207498]
Event: 1633.001 Thread 0x00000235220d30f0 16754       3       java.util.concurrent.locks.AbstractQueuedSynchronizer$ConditionObject::awaitNanos (200 bytes)
Event: 1633.002 Thread 0x00000235220d30f0 nmethod 16754 0x000002350d207e90 code [0x000002350d208160, 0x000002350d2091a8]
Event: 1633.006 Thread 0x00000235220d30f0 16756       2       org.gradle.internal.snapshot.LargeChildMap::withNode (45 bytes)
Event: 1633.007 Thread 0x00000235220d30f0 nmethod 16756 0x000002350d209790 code [0x000002350d2099c0, 0x000002350d209ed8]
Event: 1633.012 Thread 0x00000235220d30f0 16759       3       org.codehaus.groovy.reflection.ParameterTypes::isValidMethod (77 bytes)
Event: 1633.013 Thread 0x00000235220d30f0 nmethod 16759 0x000002350d20a290 code [0x000002350d20a4a0, 0x000002350d20aa08]
Event: 1633.013 Thread 0x00000235220d30f0 16760   !   3       org.gradle.internal.logging.services.DefaultLoggingManager$StartableLoggingSystem::stop (47 bytes)
Event: 1633.013 Thread 0x00000235220d30f0 nmethod 16760 0x000002350d20ab90 code [0x000002350d20ad40, 0x000002350d20b008]
Event: 1633.013 Thread 0x00000235220d30f0 16761       3       org.gradle.api.internal.project.ProjectStateInternal::isUnconfigured (16 bytes)
Event: 1633.013 Thread 0x00000235220d30f0 nmethod 16761 0x000002350d20b110 code [0x000002350d20b2a0, 0x000002350d20b418]
Event: 1633.016 Thread 0x00000235220d30f0 16762       3       org.gradle.api.internal.DefaultActionConfiguration::params (10 bytes)
Event: 1633.017 Thread 0x00000235220d30f0 nmethod 16762 0x000002350d20b490 code [0x000002350d20b640, 0x000002350d20b788]

GC Heap History (20 events):
Event: 691.461 GC heap before
{Heap before GC invocations=43 (full 0):
 garbage-first heap   total 211968K, used 164406K [0x0000000080000000, 0x0000000100000000)
  region size 1024K, 48 young (49152K), 6 survivors (6144K)
 Metaspace       used 90069K, committed 90944K, reserved 1130496K
  class space    used 11560K, committed 11968K, reserved 1048576K
}
Event: 691.464 GC heap after
{Heap after GC invocations=44 (full 0):
 garbage-first heap   total 211968K, used 118501K [0x0000000080000000, 0x0000000100000000)
  region size 1024K, 2 young (2048K), 2 survivors (2048K)
 Metaspace       used 90069K, committed 90944K, reserved 1130496K
  class space    used 11560K, committed 11968K, reserved 1048576K
}
Event: 998.775 GC heap before
{Heap before GC invocations=44 (full 0):
 garbage-first heap   total 211968K, used 174821K [0x0000000080000000, 0x0000000100000000)
  region size 1024K, 58 young (59392K), 2 survivors (2048K)
 Metaspace       used 90405K, committed 91264K, reserved 1130496K
  class space    used 11571K, committed 11968K, reserved 1048576K
}
Event: 998.781 GC heap after
{Heap after GC invocations=45 (full 0):
 garbage-first heap   total 211968K, used 122766K [0x0000000080000000, 0x0000000100000000)
  region size 1024K, 6 young (6144K), 6 survivors (6144K)
 Metaspace       used 90405K, committed 91264K, reserved 1130496K
  class space    used 11571K, committed 11968K, reserved 1048576K
}
Event: 1311.471 GC heap before
{Heap before GC invocations=46 (full 0):
 garbage-first heap   total 211968K, used 176014K [0x0000000080000000, 0x0000000100000000)
  region size 1024K, 58 young (59392K), 6 survivors (6144K)
 Metaspace       used 90737K, committed 91648K, reserved 1130496K
  class space    used 11576K, committed 12032K, reserved 1048576K
}
Event: 1311.473 GC heap after
{Heap after GC invocations=47 (full 0):
 garbage-first heap   total 211968K, used 119243K [0x0000000080000000, 0x0000000100000000)
  region size 1024K, 1 young (1024K), 1 survivors (1024K)
 Metaspace       used 90737K, committed 91648K, reserved 1130496K
  class space    used 11576K, committed 12032K, reserved 1048576K
}
Event: 1491.467 GC heap before
{Heap before GC invocations=47 (full 0):
 garbage-first heap   total 211968K, used 128459K [0x0000000080000000, 0x0000000100000000)
  region size 1024K, 10 young (10240K), 1 survivors (1024K)
 Metaspace       used 90742K, committed 91648K, reserved 1130496K
  class space    used 11576K, committed 12032K, reserved 1048576K
}
Event: 1491.480 GC heap after
{Heap after GC invocations=48 (full 0):
 garbage-first heap   total 211968K, used 110994K [0x0000000080000000, 0x0000000100000000)
  region size 1024K, 1 young (1024K), 1 survivors (1024K)
 Metaspace       used 90742K, committed 91648K, reserved 1130496K
  class space    used 11576K, committed 12032K, reserved 1048576K
}
Event: 1625.259 GC heap before
{Heap before GC invocations=48 (full 0):
 garbage-first heap   total 211968K, used 177554K [0x0000000080000000, 0x0000000100000000)
  region size 1024K, 66 young (67584K), 1 survivors (1024K)
 Metaspace       used 92834K, committed 93760K, reserved 1138688K
  class space    used 11863K, committed 12288K, reserved 1048576K
}
Event: 1625.266 GC heap after
{Heap after GC invocations=49 (full 0):
 garbage-first heap   total 211968K, used 117328K [0x0000000080000000, 0x0000000100000000)
  region size 1024K, 7 young (7168K), 7 survivors (7168K)
 Metaspace       used 92834K, committed 93760K, reserved 1138688K
  class space    used 11863K, committed 12288K, reserved 1048576K
}
Event: 1625.617 GC heap before
{Heap before GC invocations=50 (full 0):
 garbage-first heap   total 211968K, used 139856K [0x0000000080000000, 0x0000000100000000)
  region size 1024K, 31 young (31744K), 7 survivors (7168K)
 Metaspace       used 93369K, committed 94272K, reserved 1138688K
  class space    used 11947K, committed 12416K, reserved 1048576K
}
Event: 1625.626 GC heap after
{Heap after GC invocations=51 (full 0):
 garbage-first heap   total 211968K, used 119140K [0x0000000080000000, 0x0000000100000000)
  region size 1024K, 2 young (2048K), 2 survivors (2048K)
 Metaspace       used 93369K, committed 94272K, reserved 1138688K
  class space    used 11947K, committed 12416K, reserved 1048576K
}
Event: 1626.169 GC heap before
{Heap before GC invocations=52 (full 0):
 garbage-first heap   total 211968K, used 164196K [0x0000000080000000, 0x0000000100000000)
  region size 1024K, 46 young (47104K), 2 survivors (2048K)
 Metaspace       used 94581K, committed 95488K, reserved 1138688K
  class space    used 12074K, committed 12544K, reserved 1048576K
}
Event: 1626.180 GC heap after
{Heap after GC invocations=53 (full 0):
 garbage-first heap   total 211968K, used 138634K [0x0000000080000000, 0x0000000100000000)
  region size 1024K, 8 young (8192K), 8 survivors (8192K)
 Metaspace       used 94581K, committed 95488K, reserved 1138688K
  class space    used 12074K, committed 12544K, reserved 1048576K
}
Event: 1626.771 GC heap before
{Heap before GC invocations=54 (full 0):
 garbage-first heap   total 263168K, used 181641K [0x0000000080000000, 0x0000000100000000)
  region size 1024K, 36 young (36864K), 8 survivors (8192K)
 Metaspace       used 98026K, committed 99008K, reserved 1138688K
  class space    used 12479K, committed 12928K, reserved 1048576K
}
Event: 1626.780 GC heap after
{Heap after GC invocations=55 (full 0):
 garbage-first heap   total 263168K, used 141110K [0x0000000080000000, 0x0000000100000000)
  region size 1024K, 2 young (2048K), 2 survivors (2048K)
 Metaspace       used 98026K, committed 99008K, reserved 1138688K
  class space    used 12479K, committed 12928K, reserved 1048576K
}
Event: 1627.532 GC heap before
{Heap before GC invocations=55 (full 0):
 garbage-first heap   total 263168K, used 200502K [0x0000000080000000, 0x0000000100000000)
  region size 1024K, 61 young (62464K), 2 survivors (2048K)
 Metaspace       used 102245K, committed 103232K, reserved 1146880K
  class space    used 13008K, committed 13504K, reserved 1048576K
}
Event: 1627.538 GC heap after
{Heap after GC invocations=56 (full 0):
 garbage-first heap   total 263168K, used 144634K [0x0000000080000000, 0x0000000100000000)
  region size 1024K, 6 young (6144K), 6 survivors (6144K)
 Metaspace       used 102245K, committed 103232K, reserved 1146880K
  class space    used 13008K, committed 13504K, reserved 1048576K
}
Event: 1627.994 GC heap before
{Heap before GC invocations=57 (full 0):
 garbage-first heap   total 263168K, used 200954K [0x0000000080000000, 0x0000000100000000)
  region size 1024K, 66 young (67584K), 6 survivors (6144K)
 Metaspace       used 102395K, committed 103360K, reserved 1146880K
  class space    used 13019K, committed 13504K, reserved 1048576K
}
Event: 1628.000 GC heap after
{Heap after GC invocations=58 (full 0):
 garbage-first heap   total 263168K, used 145025K [0x0000000080000000, 0x0000000100000000)
  region size 1024K, 9 young (9216K), 9 survivors (9216K)
 Metaspace       used 102395K, committed 103360K, reserved 1146880K
  class space    used 13019K, committed 13504K, reserved 1048576K
}

Deoptimization events (20 events):
Event: 1629.406 Thread 0x0000023527b28370 Uncommon trap: trap_request=0xffffffde fr.pc=0x0000023512ada538 relative=0x0000000000000198
Event: 1629.406 Thread 0x0000023527b28370 Uncommon trap: reason=class_check action=maybe_recompile pc=0x0000023512ada538 method=java.lang.String.equals(Ljava/lang/Object;)Z @ 8 c2
Event: 1629.406 Thread 0x0000023527b28370 DEOPT PACKING pc=0x0000023512ada538 sp=0x000000c2009fc4e0
Event: 1629.406 Thread 0x0000023527b28370 DEOPT UNPACKING pc=0x000002350b02f92e sp=0x000000c2009fc488 mode 2
Event: 1632.801 Thread 0x0000023527b28370 Uncommon trap: trap_request=0xffffffc6 fr.pc=0x0000023513420d2c relative=0x000000000000056c
Event: 1632.801 Thread 0x0000023527b28370 Uncommon trap: reason=bimorphic_or_optimized_type_check action=maybe_recompile pc=0x0000023513420d2c method=java.util.stream.MatchOps$MatchOp.evaluateSequential(Ljava/util/stream/PipelineHelper;Ljava/util/Spliterator;)Ljava/lang/Boolean; @ 14 c2
Event: 1632.801 Thread 0x0000023527b28370 DEOPT PACKING pc=0x0000023513420d2c sp=0x000000c2009fbbd0
Event: 1632.801 Thread 0x0000023527b28370 DEOPT UNPACKING pc=0x000002350b02f92e sp=0x000000c2009fbaf8 mode 2
Event: 1632.831 Thread 0x0000023527b28370 Uncommon trap: trap_request=0xffffffde fr.pc=0x000002351315d2c4 relative=0x00000000000009e4
Event: 1632.831 Thread 0x0000023527b28370 Uncommon trap: reason=class_check action=maybe_recompile pc=0x000002351315d2c4 method=org.gradle.tooling.internal.provider.runner.ClientBuildEventGenerator$Enabled.accept(Lorg/gradle/internal/operations/BuildOperationDescriptor;)Lorg/gradle/tooling/intern
Event: 1632.831 Thread 0x0000023527b28370 DEOPT PACKING pc=0x000002351315d2c4 sp=0x000000c2009fb4d0
Event: 1632.831 Thread 0x0000023527b28370 DEOPT UNPACKING pc=0x000002350b02f92e sp=0x000000c2009fb3f8 mode 2
Event: 1632.995 Thread 0x000002352861e170 Uncommon trap: trap_request=0xffffffde fr.pc=0x0000023512b1315c relative=0x000000000000029c
Event: 1632.995 Thread 0x000002352861e170 Uncommon trap: reason=class_check action=maybe_recompile pc=0x0000023512b1315c method=java.util.concurrent.ConcurrentHashMap.get(Ljava/lang/Object;)Ljava/lang/Object; @ 93 c2
Event: 1632.995 Thread 0x000002352861e170 DEOPT PACKING pc=0x0000023512b1315c sp=0x000000c2046fe720
Event: 1632.995 Thread 0x000002352861e170 DEOPT UNPACKING pc=0x000002350b02f92e sp=0x000000c2046fe678 mode 2
Event: 1633.013 Thread 0x0000023527b28370 Uncommon trap: trap_request=0xffffffde fr.pc=0x000002351315d2c4 relative=0x00000000000009e4
Event: 1633.013 Thread 0x0000023527b28370 Uncommon trap: reason=class_check action=maybe_recompile pc=0x000002351315d2c4 method=org.gradle.tooling.internal.provider.runner.ClientBuildEventGenerator$Enabled.accept(Lorg/gradle/internal/operations/BuildOperationDescriptor;)Lorg/gradle/tooling/intern
Event: 1633.013 Thread 0x0000023527b28370 DEOPT PACKING pc=0x000002351315d2c4 sp=0x000000c2009fb4d0
Event: 1633.013 Thread 0x0000023527b28370 DEOPT UNPACKING pc=0x000002350b02f92e sp=0x000000c2009fb3f8 mode 2

Classes unloaded (1 events):
Event: 632.783 Thread 0x00000235220ad5d0 Unloading class 0x000000080171c800 'java/lang/invoke/LambdaForm$DMH+0x000000080171c800'

Classes redefined (0 events):
No events

Internal exceptions (20 events):
Event: 1627.829 Thread 0x000002352974cb40 Exception <a 'java/lang/NoSuchMethodError'{0x000000008fce5510}: static Ljava/lang/Object;.<clinit>()V> (0x000000008fce5510) 
thrown [t:\workspace\open\src\hotspot\share\prims\jni.cpp, line 1210]
Event: 1627.831 Thread 0x000002352974cb40 Exception <a 'java/lang/NoSuchMethodError'{0x000000008dd6c7c8}: static Lcom/android/build/api/artifact/ArtifactKind;.<clinit>()V> (0x000000008dd6c7c8) 
thrown [t:\workspace\open\src\hotspot\share\prims\jni.cpp, line 1210]
Event: 1627.831 Thread 0x000002352974cb40 Exception <a 'java/lang/NoSuchMethodError'{0x000000008dd6da40}: static Lcom/android/build/api/artifact/ArtifactKind;.<clinit>()V> (0x000000008dd6da40) 
thrown [t:\workspace\open\src\hotspot\share\prims\jni.cpp, line 1210]
Event: 1628.026 Thread 0x000002352974cb40 Exception <a 'java/lang/NoSuchMethodError'{0x000000008ff78a90}: static Lcom/android/builder/internal/aapt/AaptOptions;.<clinit>()V> (0x000000008ff78a90) 
thrown [t:\workspace\open\src\hotspot\share\prims\jni.cpp, line 1210]
Event: 1628.027 Thread 0x000002352974cb40 Exception <a 'java/lang/NoSuchMethodError'{0x000000008ff94a28}: static Ljava/lang/Object;.<clinit>()V> (0x000000008ff94a28) 
thrown [t:\workspace\open\src\hotspot\share\prims\jni.cpp, line 1210]
Event: 1628.028 Thread 0x000002352974cb40 Exception <a 'java/lang/NoSuchMethodError'{0x000000008ffb3ce8}: static Lcom/android/build/api/variant/impl/VariantOutputImpl$SerializedForm;.<clinit>()V> (0x000000008ffb3ce8) 
thrown [t:\workspace\open\src\hotspot\share\prims\jni.cpp, line 1210]
Event: 1628.029 Thread 0x000002352974cb40 Exception <a 'java/lang/NoSuchMethodError'{0x000000008ffc6030}: static Lcom/android/build/api/variant/impl/VariantOutputConfigurationImpl;.<clinit>()V> (0x000000008ffc6030) 
thrown [t:\workspace\open\src\hotspot\share\prims\jni.cpp, line 1210]
Event: 1628.143 Thread 0x000002352464ac90 Exception <a 'java/lang/NoSuchMethodError'{0x000000008fc8dd80}: 'void java.lang.invoke.DirectMethodHandle$Holder.invokeStatic(java.lang.Object, long)'> (0x000000008fc8dd80) 
thrown [t:\workspace\open\src\hotspot\share\interpreter\linkResolver.cpp, line 790]
Event: 1628.144 Thread 0x000002352464ac90 Exception <a 'java/lang/NoSuchMethodError'{0x000000008fc9d220}: 'java.lang.Object java.lang.invoke.DirectMethodHandle$Holder.newInvokeSpecial(java.lang.Object, long)'> (0x000000008fc9d220) 
thrown [t:\workspace\open\src\hotspot\share\interpreter\linkResolver.cpp, line 790]
Event: 1628.147 Thread 0x000002352464ac90 Exception <a 'java/lang/NoSuchMethodError'{0x000000008fca42e0}: 'java.lang.Object java.lang.invoke.DirectMethodHandle$Holder.invokeStatic(java.lang.Object, java.lang.Object, long, java.lang.Object)'> (0x000000008fca42e0) 
thrown [t:\workspace\open\src\hotspot\share\interpreter\linkResolver.cpp, line 790]
Event: 1628.147 Thread 0x000002352464ac90 Exception <a 'java/lang/NoSuchMethodError'{0x000000008fca8228}: 'java.lang.Object java.lang.invoke.DirectMethodHandle$Holder.invokeStaticInit(java.lang.Object, java.lang.Object, long, java.lang.Object)'> (0x000000008fca8228) 
thrown [t:\workspace\open\src\hotspot\share\interpreter\linkResolver.cpp, line 790]
Event: 1628.148 Thread 0x000002352464ac90 Exception <a 'java/lang/NoSuchMethodError'{0x000000008fcaf0a8}: 'java.lang.Object java.lang.invoke.DirectMethodHandle$Holder.newInvokeSpecial(java.lang.Object, java.lang.Object, long)'> (0x000000008fcaf0a8) 
thrown [t:\workspace\open\src\hotspot\share\interpreter\linkResolver.cpp, line 790]
Event: 1628.148 Thread 0x000002352464ac90 Exception <a 'java/lang/NoSuchMethodError'{0x000000008fcb30c0}: 'java.lang.Object java.lang.invoke.Invokers$Holder.linkToTargetMethod(java.lang.Object, long, java.lang.Object)'> (0x000000008fcb30c0) 
thrown [t:\workspace\open\src\hotspot\share\interpreter\linkResolver.cpp, line 790]
Event: 1629.306 Thread 0x000002352464ac90 Exception <a 'java/io/IOException'{0x000000008fa10108}> (0x000000008fa10108) 
thrown [t:\workspace\open\src\hotspot\share\prims\jni.cpp, line 579]
Event: 1629.317 Thread 0x0000023527b28e10 Exception <a 'java/lang/NoSuchMethodError'{0x000000008f70a200}: static Lorg/gradle/internal/build/event/types/DefaultTaskFailureResult;.<clinit>()V> (0x000000008f70a200) 
thrown [t:\workspace\open\src\hotspot\share\prims\jni.cpp, line 1210]
Event: 1629.318 Thread 0x0000023527b28e10 Exception <a 'java/lang/NoSuchMethodError'{0x000000008f712a18}: static Lorg/gradle/internal/build/event/types/DefaultFailure;.<clinit>()V> (0x000000008f712a18) 
thrown [t:\workspace\open\src\hotspot\share\prims\jni.cpp, line 1210]
Event: 1629.328 Thread 0x00000235244f8900 Exception <a 'sun/nio/fs/WindowsException'{0x000000008f73fdf0}> (0x000000008f73fdf0) 
thrown [t:\workspace\open\src\hotspot\share\prims\jni.cpp, line 579]
Event: 1629.340 Thread 0x0000023527b28370 Exception <a 'sun/nio/fs/WindowsException'{0x000000008f795120}> (0x000000008f795120) 
thrown [t:\workspace\open\src\hotspot\share\prims\jni.cpp, line 579]
Event: 1629.340 Thread 0x0000023527b28370 Exception <a 'sun/nio/fs/WindowsException'{0x000000008f7954e0}> (0x000000008f7954e0) 
thrown [t:\workspace\open\src\hotspot\share\prims\jni.cpp, line 579]
Event: 1629.340 Thread 0x0000023527b28370 Exception <a 'sun/nio/fs/WindowsException'{0x000000008f796e40}> (0x000000008f796e40) 
thrown [t:\workspace\open\src\hotspot\share\prims\jni.cpp, line 579]

Events (20 events):
Event: 1632.992 Thread 0x0000023527b24e50 Thread added: 0x0000023527b24e50
Event: 1632.992 Thread 0x0000023527b26e30 Thread added: 0x0000023527b26e30
Event: 1632.992 Thread 0x0000023527b268e0 Thread added: 0x0000023527b268e0
Event: 1632.993 Thread 0x0000023527b243b0 Thread added: 0x0000023527b243b0
Event: 1632.993 Thread 0x0000023527b27380 Thread added: 0x0000023527b27380
Event: 1632.993 Thread 0x0000023527b27e20 Thread added: 0x0000023527b27e20
Event: 1632.993 Thread 0x0000023527b288c0 Thread added: 0x0000023527b288c0
Event: 1632.994 Thread 0x0000023527b28e10 Thread added: 0x0000023527b28e10
Event: 1632.994 Thread 0x0000023527b29360 Thread added: 0x0000023527b29360
Event: 1632.994 Thread 0x0000023527b29e00 Thread added: 0x0000023527b29e00
Event: 1632.994 Thread 0x0000023527b2a8a0 Thread added: 0x0000023527b2a8a0
Event: 1632.994 Thread 0x0000023527b253a0 Thread added: 0x0000023527b253a0
Event: 1632.994 Thread 0x0000023527b258f0 Thread added: 0x0000023527b258f0
Event: 1632.994 Thread 0x0000023527b22e70 Thread added: 0x0000023527b22e70
Event: 1632.994 Thread 0x0000023527b23910 Thread added: 0x0000023527b23910
Event: 1632.994 Thread 0x0000023527b23e60 Thread added: 0x0000023527b23e60
Event: 1632.995 Thread 0x00000235251a5710 Thread added: 0x00000235251a5710
Event: 1632.995 Thread 0x00000235251a0210 Thread added: 0x00000235251a0210
Event: 1632.995 Thread 0x00000235251a6c50 Thread added: 0x00000235251a6c50
Event: 1632.995 Thread 0x00000235251a0760 Thread added: 0x00000235251a0760


Dynamic libraries:
0x00007ff634a40000 - 0x00007ff634a50000 	C:\Program Files\Java\jdk-16.0.2\bin\java.exe
0x00007ff82ff50000 - 0x00007ff830148000 	C:\WINDOWS\SYSTEM32\ntdll.dll
0x00007ff82fdf0000 - 0x00007ff82fead000 	C:\WINDOWS\System32\KERNEL32.DLL
0x00007ff82d7d0000 - 0x00007ff82da9e000 	C:\WINDOWS\System32\KERNELBASE.dll
0x00007ff82daa0000 - 0x00007ff82dba0000 	C:\WINDOWS\System32\ucrtbase.dll
0x00007ff824ff0000 - 0x00007ff825009000 	C:\Program Files\Java\jdk-16.0.2\bin\VCRUNTIME140.dll
0x00007ff825130000 - 0x00007ff825148000 	C:\Program Files\Java\jdk-16.0.2\bin\jli.dll
0x00007ff82e8b0000 - 0x00007ff82e95e000 	C:\WINDOWS\System32\ADVAPI32.dll
0x00007ff82f6d0000 - 0x00007ff82f76e000 	C:\WINDOWS\System32\msvcrt.dll
0x00007ff82eff0000 - 0x00007ff82f08c000 	C:\WINDOWS\System32\sechost.dll
0x00007ff82f800000 - 0x00007ff82f925000 	C:\WINDOWS\System32\RPCRT4.dll
0x00007ff82f0b0000 - 0x00007ff82f250000 	C:\WINDOWS\System32\USER32.dll
0x00007ff815aa0000 - 0x00007ff815d3a000 	C:\WINDOWS\WinSxS\amd64_microsoft.windows.common-controls_6595b64144ccf1df_6.0.19041.1110_none_60b5254171f9507e\COMCTL32.dll
0x00007ff82dca0000 - 0x00007ff82dcc2000 	C:\WINDOWS\System32\win32u.dll
0x00007ff82f930000 - 0x00007ff82f95a000 	C:\WINDOWS\System32\GDI32.dll
0x00007ff82d670000 - 0x00007ff82d77b000 	C:\WINDOWS\System32\gdi32full.dll
0x00007ff82dd00000 - 0x00007ff82dd9d000 	C:\WINDOWS\System32\msvcp_win.dll
0x00007ff8275b0000 - 0x00007ff8275ba000 	C:\WINDOWS\SYSTEM32\VERSION.dll
0x00007ff82f250000 - 0x00007ff82f280000 	C:\WINDOWS\System32\IMM32.DLL
0x00007ff82a810000 - 0x00007ff82a81c000 	C:\Program Files\Java\jdk-16.0.2\bin\vcruntime140_1.dll
0x00007ff80e0d0000 - 0x00007ff80e161000 	C:\Program Files\Java\jdk-16.0.2\bin\msvcp140.dll
0x00007fffc4d60000 - 0x00007fffc590b000 	C:\Program Files\Java\jdk-16.0.2\bin\server\jvm.dll
0x00007ff82f360000 - 0x00007ff82f368000 	C:\WINDOWS\System32\PSAPI.DLL
0x00007ff8278c0000 - 0x00007ff8278c9000 	C:\WINDOWS\SYSTEM32\WSOCK32.dll
0x00007ff82bca0000 - 0x00007ff82bcc7000 	C:\WINDOWS\SYSTEM32\WINMM.dll
0x00007ff82fcc0000 - 0x00007ff82fd2b000 	C:\WINDOWS\System32\WS2_32.dll
0x00007ff82bf30000 - 0x00007ff82bf42000 	C:\WINDOWS\SYSTEM32\kernel.appcore.dll
0x00007ff828d20000 - 0x00007ff828d2a000 	C:\Program Files\Java\jdk-16.0.2\bin\jimage.dll
0x00007ff82bab0000 - 0x00007ff82bc94000 	C:\WINDOWS\SYSTEM32\DBGHELP.DLL
0x00007ff82ba70000 - 0x00007ff82ba9c000 	C:\WINDOWS\SYSTEM32\dbgcore.DLL
0x00007ff82dc10000 - 0x00007ff82dc92000 	C:\WINDOWS\System32\bcryptPrimitives.dll
0x00007ff824fc0000 - 0x00007ff824fe5000 	C:\Program Files\Java\jdk-16.0.2\bin\java.dll
0x00007ff82e160000 - 0x00007ff82e8a4000 	C:\WINDOWS\System32\SHELL32.dll
0x00007ff82b2d0000 - 0x00007ff82ba64000 	C:\WINDOWS\SYSTEM32\windows.storage.dll
0x00007ff82f960000 - 0x00007ff82fcb4000 	C:\WINDOWS\System32\combase.dll
0x00007ff82d0d0000 - 0x00007ff82d100000 	C:\WINDOWS\SYSTEM32\Wldp.dll
0x00007ff82f540000 - 0x00007ff82f5ed000 	C:\WINDOWS\System32\SHCORE.dll
0x00007ff82fd30000 - 0x00007ff82fd85000 	C:\WINDOWS\System32\shlwapi.dll
0x00007ff82d5b0000 - 0x00007ff82d5cf000 	C:\WINDOWS\SYSTEM32\profapi.dll
0x00007ff824fa0000 - 0x00007ff824fb9000 	C:\Program Files\Java\jdk-16.0.2\bin\net.dll
0x00007ff8189b0000 - 0x00007ff818aba000 	C:\WINDOWS\SYSTEM32\WINHTTP.dll
0x00007ff82ce30000 - 0x00007ff82ce9a000 	C:\WINDOWS\system32\mswsock.dll
0x00007ff824f80000 - 0x00007ff824f93000 	C:\Program Files\Java\jdk-16.0.2\bin\nio.dll
0x00007ff81b150000 - 0x00007ff81b168000 	C:\Program Files\Java\jdk-16.0.2\bin\zip.dll
0x00007ff828bd0000 - 0x00007ff828be0000 	C:\Program Files\Java\jdk-16.0.2\bin\verify.dll
0x00007ff828af0000 - 0x00007ff828b17000 	C:\Users\ITECH\.gradle\native\e1d6ef7f7dcc3fd88c89a11ec53ec762bb8ba0a96d01ffa2cd45eb1d1d8dd5c5\windows-amd64\native-platform.dll
0x00007ff8040c0000 - 0x00007ff804204000 	C:\Users\ITECH\.gradle\native\5664cfc778a61ccfe75a443a1ab52a65af34e5dc3c78e0209fed803814484fcb\windows-amd64\native-platform-file-events.dll
0x00007ff828aa0000 - 0x00007ff828aa9000 	C:\Program Files\Java\jdk-16.0.2\bin\management.dll
0x00007ff825120000 - 0x00007ff82512b000 	C:\Program Files\Java\jdk-16.0.2\bin\management_ext.dll
0x00007ff82d020000 - 0x00007ff82d038000 	C:\WINDOWS\SYSTEM32\CRYPTSP.dll
0x00007ff82c740000 - 0x00007ff82c774000 	C:\WINDOWS\system32\rsaenh.dll
0x00007ff82dcd0000 - 0x00007ff82dcf7000 	C:\WINDOWS\System32\bcrypt.dll
0x00007ff82d570000 - 0x00007ff82d59e000 	C:\WINDOWS\SYSTEM32\USERENV.dll
0x00007ff82d040000 - 0x00007ff82d04c000 	C:\WINDOWS\SYSTEM32\CRYPTBASE.dll
0x00007ff82cad0000 - 0x00007ff82cb0b000 	C:\WINDOWS\SYSTEM32\IPHLPAPI.DLL
0x00007ff82ef80000 - 0x00007ff82ef88000 	C:\WINDOWS\System32\NSI.dll
0x00007ff821920000 - 0x00007ff821937000 	C:\WINDOWS\SYSTEM32\dhcpcsvc6.DLL
0x00007ff822720000 - 0x00007ff82273d000 	C:\WINDOWS\SYSTEM32\dhcpcsvc.DLL
0x00007ff82cb20000 - 0x00007ff82cbea000 	C:\WINDOWS\SYSTEM32\DNSAPI.dll
0x00007ff824f70000 - 0x00007ff824f7e000 	C:\Program Files\Java\jdk-16.0.2\bin\sunmscapi.dll
0x00007ff82dda0000 - 0x00007ff82def6000 	C:\WINDOWS\System32\CRYPT32.dll
0x00007ff82d140000 - 0x00007ff82d167000 	C:\WINDOWS\SYSTEM32\ncrypt.dll
0x00007ff82d100000 - 0x00007ff82d13b000 	C:\WINDOWS\SYSTEM32\NTASN1.dll
0x00007ff805800000 - 0x00007ff805807000 	C:\WINDOWS\system32\wshunix.dll
0x00007ff82c370000 - 0x00007ff82c3a3000 	C:\WINDOWS\SYSTEM32\ntmarta.dll

dbghelp: loaded successfully - version: 4.0.5 - missing functions: none
symbol engine: initialized successfully - sym options: 0x614 - pdb path: .;C:\Program Files\Java\jdk-16.0.2\bin;C:\WINDOWS\SYSTEM32;C:\WINDOWS\WinSxS\amd64_microsoft.windows.common-controls_6595b64144ccf1df_6.0.19041.1110_none_60b5254171f9507e;C:\Program Files\Java\jdk-16.0.2\bin\server;C:\Users\ITECH\.gradle\native\e1d6ef7f7dcc3fd88c89a11ec53ec762bb8ba0a96d01ffa2cd45eb1d1d8dd5c5\windows-amd64;C:\Users\ITECH\.gradle\native\5664cfc778a61ccfe75a443a1ab52a65af34e5dc3c78e0209fed803814484fcb\windows-amd64

VM Arguments:
jvm_args: --add-opens=java.base/java.util=ALL-UNNAMED --add-opens=java.base/java.lang=ALL-UNNAMED --add-opens=java.base/java.lang.invoke=ALL-UNNAMED --add-opens=java.base/java.util=ALL-UNNAMED --add-opens=java.prefs/java.util.prefs=ALL-UNNAMED --add-opens=java.prefs/java.util.prefs=ALL-UNNAMED --add-opens=java.base/java.nio.charset=ALL-UNNAMED --add-opens=java.base/java.net=ALL-UNNAMED --add-opens=java.base/java.util.concurrent.atomic=ALL-UNNAMED -Xmx2048m -Dfile.encoding=UTF-8 -Duser.country=US -Duser.language=en -Duser.variant 
java_command: org.gradle.launcher.daemon.bootstrap.GradleDaemon 7.3.3
java_class_path (initial): C:\Users\ITECH\.gradle\wrapper\dists\gradle-7.3.3-bin\6a41zxkdtcxs8rphpq6y0069z\gradle-7.3.3\lib\gradle-launcher-7.3.3.jar
Launcher Type: SUN_STANDARD

[Global flags]
     intx CICompilerCount                          = 4                                         {product} {ergonomic}
     uint ConcGCThreads                            = 2                                         {product} {ergonomic}
     uint G1ConcRefinementThreads                  = 8                                         {product} {ergonomic}
   size_t G1HeapRegionSize                         = 1048576                                   {product} {ergonomic}
    uintx GCDrainStackTargetSize                   = 64                                        {product} {ergonomic}
   size_t InitialHeapSize                          = 132120576                                 {product} {ergonomic}
   size_t MarkStackSize                            = 4194304                                   {product} {ergonomic}
   size_t MaxHeapSize                              = 2147483648                                {product} {command line}
   size_t MaxNewSize                               = 1287651328                                {product} {ergonomic}
   size_t MinHeapDeltaBytes                        = 1048576                                   {product} {ergonomic}
   size_t MinHeapSize                              = 8388608                                   {product} {ergonomic}
    uintx NonNMethodCodeHeapSize                   = 5839372                                {pd product} {ergonomic}
    uintx NonProfiledCodeHeapSize                  = 122909434                              {pd product} {ergonomic}
    uintx ProfiledCodeHeapSize                     = 122909434                              {pd product} {ergonomic}
    uintx ReservedCodeCacheSize                    = 251658240                              {pd product} {ergonomic}
     bool SegmentedCodeCache                       = true                                      {product} {ergonomic}
   size_t SoftMaxHeapSize                          = 2147483648                             {manageable} {ergonomic}
     bool UseCompressedClassPointers               = true                           {product lp64_product} {ergonomic}
     bool UseCompressedOops                        = true                           {product lp64_product} {ergonomic}
     bool UseG1GC                                  = true                                      {product} {ergonomic}
     bool UseLargePagesIndividualAllocation        = false                                  {pd product} {ergonomic}

Logging:
Log output configuration:
 #0: stdout all=warning uptime,level,tags
 #1: stderr all=off uptime,level,tags

Environment Variables:
JAVA_HOME=C:\Program Files\Java\jdk-16.0.2
PATH=C:\Program Files\Python37\Scripts\;C:\Program Files\Python37\;C:\ProgramData\Oracle\Java\javapath;C:\app\ITECH\product\11.2.0\dbhome_1\bin;C:\Program Files\Common Files\Oracle\Java\javapath;C:\Program Files (x86)\Common Files\Oracle\Java\javapath;C:\WINDOWS\system32;C:\WINDOWS;C:\WINDOWS\System32\Wbem;C:\WINDOWS\System32\WindowsPowerShell\v1.0\;C:\WINDOWS\System32\OpenSSH\;C:\Program Files\Microsoft SQL Server\130\Tools\Binn\;C:\Program Files\Microsoft SQL Server\Client SDK\ODBC\170\Tools\Binn\;C:\Program Files\dotnet\;C:\Program Files\nodejs\;C:\Program Files\Java\jdk-16.0.2\bin;C:\Program Files\Git\cmd;C:\Program Files\Java\jdk-16.0.2\bin;
USERNAME=ITECH
OS=Windows_NT
PROCESSOR_IDENTIFIER=Intel64 Family 6 Model 126 Stepping 5, GenuineIntel



---------------  S Y S T E M  ---------------

OS:
 Windows 10 , 64 bit Build 19041 (10.0.19041.1889)
OS uptime: 0 days 1:47 hours

CPU: total 8 (initial active 8) (4 cores per cpu, 2 threads per core) family 6 model 126 stepping 5 microcode 0xb0, cx8, cmov, fxsr, ht, mmx, 3dnowpref, sse, sse2, sse3, ssse3, sse4.1, sse4.2, popcnt, lzcnt, tsc, tscinvbit, avx, avx2, aes, erms, clmul, bmi1, bmi2, adx, avx512f, avx512dq, avx512cd, avx512bw, avx512vl, sha, fma, vzeroupper, avx512_vpopcntdq, avx512_vpclmulqdq, avx512_vaes, avx512_vnni, clflush, clflushopt, avx512_vmbi2, avx512_vmbi

Memory: 4k page, system-wide physical 7959M (793M free)
TotalPageFile size 7959M (AvailPageFile size 4M)
current process WorkingSet (physical memory assigned to process): 576M, peak: 576M
current process commit charge ("private bytes"): 622M, peak: 622M

vm_info: Java HotSpot(TM) 64-Bit Server VM (16.0.2+7-67) for windows-amd64 JRE (16.0.2+7-67), built on Jun  8 2021 23:24:19 by "mach5one" with MS VC++ 16.7 (VS2019)

END.
